[2024-05-24T17:01:09.547+0700] {processor.py:161} INFO - Started process (PID=1664) to work on /mnt/d/Programming/Vietnamese-Text-Generator/airflow_env/lib/python3.10/site-packages/airflow/example_dags/plugins/decreasing_priority_weight_strategy.py
[2024-05-24T17:01:09.553+0700] {processor.py:830} INFO - Processing file /mnt/d/Programming/Vietnamese-Text-Generator/airflow_env/lib/python3.10/site-packages/airflow/example_dags/plugins/decreasing_priority_weight_strategy.py for tasks to queue
[2024-05-24T17:01:09.564+0700] {logging_mixin.py:188} INFO - [2024-05-24T17:01:09.561+0700] {dagbag.py:540} INFO - Filling up the DagBag from /mnt/d/Programming/Vietnamese-Text-Generator/airflow_env/lib/python3.10/site-packages/airflow/example_dags/plugins/decreasing_priority_weight_strategy.py
[2024-05-24T17:01:09.629+0700] {processor.py:842} WARNING - No viable dags retrieved from /mnt/d/Programming/Vietnamese-Text-Generator/airflow_env/lib/python3.10/site-packages/airflow/example_dags/plugins/decreasing_priority_weight_strategy.py
[2024-05-24T17:01:09.686+0700] {processor.py:183} INFO - Processing /mnt/d/Programming/Vietnamese-Text-Generator/airflow_env/lib/python3.10/site-packages/airflow/example_dags/plugins/decreasing_priority_weight_strategy.py took 0.176 seconds
[2024-05-24T17:03:14.422+0700] {processor.py:161} INFO - Started process (PID=2200) to work on /mnt/d/Programming/Vietnamese-Text-Generator/airflow_env/lib/python3.10/site-packages/airflow/example_dags/plugins/decreasing_priority_weight_strategy.py
[2024-05-24T17:03:14.429+0700] {processor.py:830} INFO - Processing file /mnt/d/Programming/Vietnamese-Text-Generator/airflow_env/lib/python3.10/site-packages/airflow/example_dags/plugins/decreasing_priority_weight_strategy.py for tasks to queue
[2024-05-24T17:03:14.445+0700] {logging_mixin.py:188} INFO - [2024-05-24T17:03:14.440+0700] {dagbag.py:540} INFO - Filling up the DagBag from /mnt/d/Programming/Vietnamese-Text-Generator/airflow_env/lib/python3.10/site-packages/airflow/example_dags/plugins/decreasing_priority_weight_strategy.py
[2024-05-24T17:03:14.559+0700] {processor.py:842} WARNING - No viable dags retrieved from /mnt/d/Programming/Vietnamese-Text-Generator/airflow_env/lib/python3.10/site-packages/airflow/example_dags/plugins/decreasing_priority_weight_strategy.py
[2024-05-24T17:03:14.685+0700] {processor.py:183} INFO - Processing /mnt/d/Programming/Vietnamese-Text-Generator/airflow_env/lib/python3.10/site-packages/airflow/example_dags/plugins/decreasing_priority_weight_strategy.py took 0.317 seconds
[2024-05-24T17:04:30.839+0700] {processor.py:161} INFO - Started process (PID=2533) to work on /mnt/d/Programming/Vietnamese-Text-Generator/airflow_env/lib/python3.10/site-packages/airflow/example_dags/plugins/decreasing_priority_weight_strategy.py
[2024-05-24T17:04:30.845+0700] {processor.py:830} INFO - Processing file /mnt/d/Programming/Vietnamese-Text-Generator/airflow_env/lib/python3.10/site-packages/airflow/example_dags/plugins/decreasing_priority_weight_strategy.py for tasks to queue
[2024-05-24T17:04:30.857+0700] {logging_mixin.py:188} INFO - [2024-05-24T17:04:30.853+0700] {dagbag.py:540} INFO - Filling up the DagBag from /mnt/d/Programming/Vietnamese-Text-Generator/airflow_env/lib/python3.10/site-packages/airflow/example_dags/plugins/decreasing_priority_weight_strategy.py
[2024-05-24T17:04:30.948+0700] {processor.py:842} WARNING - No viable dags retrieved from /mnt/d/Programming/Vietnamese-Text-Generator/airflow_env/lib/python3.10/site-packages/airflow/example_dags/plugins/decreasing_priority_weight_strategy.py
[2024-05-24T17:04:31.017+0700] {processor.py:183} INFO - Processing /mnt/d/Programming/Vietnamese-Text-Generator/airflow_env/lib/python3.10/site-packages/airflow/example_dags/plugins/decreasing_priority_weight_strategy.py took 0.225 seconds
[2024-05-24T17:05:37.801+0700] {processor.py:161} INFO - Started process (PID=2826) to work on /mnt/d/Programming/Vietnamese-Text-Generator/airflow_env/lib/python3.10/site-packages/airflow/example_dags/plugins/decreasing_priority_weight_strategy.py
[2024-05-24T17:05:37.808+0700] {processor.py:830} INFO - Processing file /mnt/d/Programming/Vietnamese-Text-Generator/airflow_env/lib/python3.10/site-packages/airflow/example_dags/plugins/decreasing_priority_weight_strategy.py for tasks to queue
[2024-05-24T17:05:37.826+0700] {logging_mixin.py:188} INFO - [2024-05-24T17:05:37.822+0700] {dagbag.py:540} INFO - Filling up the DagBag from /mnt/d/Programming/Vietnamese-Text-Generator/airflow_env/lib/python3.10/site-packages/airflow/example_dags/plugins/decreasing_priority_weight_strategy.py
[2024-05-24T17:05:37.923+0700] {processor.py:842} WARNING - No viable dags retrieved from /mnt/d/Programming/Vietnamese-Text-Generator/airflow_env/lib/python3.10/site-packages/airflow/example_dags/plugins/decreasing_priority_weight_strategy.py
[2024-05-24T17:05:37.993+0700] {processor.py:183} INFO - Processing /mnt/d/Programming/Vietnamese-Text-Generator/airflow_env/lib/python3.10/site-packages/airflow/example_dags/plugins/decreasing_priority_weight_strategy.py took 0.246 seconds
[2024-05-24T17:06:47.191+0700] {processor.py:161} INFO - Started process (PID=3208) to work on /mnt/d/Programming/Vietnamese-Text-Generator/airflow_env/lib/python3.10/site-packages/airflow/example_dags/plugins/decreasing_priority_weight_strategy.py
[2024-05-24T17:06:47.200+0700] {processor.py:830} INFO - Processing file /mnt/d/Programming/Vietnamese-Text-Generator/airflow_env/lib/python3.10/site-packages/airflow/example_dags/plugins/decreasing_priority_weight_strategy.py for tasks to queue
[2024-05-24T17:06:47.218+0700] {logging_mixin.py:188} INFO - [2024-05-24T17:06:47.214+0700] {dagbag.py:540} INFO - Filling up the DagBag from /mnt/d/Programming/Vietnamese-Text-Generator/airflow_env/lib/python3.10/site-packages/airflow/example_dags/plugins/decreasing_priority_weight_strategy.py
[2024-05-24T17:06:47.276+0700] {processor.py:842} WARNING - No viable dags retrieved from /mnt/d/Programming/Vietnamese-Text-Generator/airflow_env/lib/python3.10/site-packages/airflow/example_dags/plugins/decreasing_priority_weight_strategy.py
[2024-05-24T17:06:47.319+0700] {processor.py:183} INFO - Processing /mnt/d/Programming/Vietnamese-Text-Generator/airflow_env/lib/python3.10/site-packages/airflow/example_dags/plugins/decreasing_priority_weight_strategy.py took 0.190 seconds
[2024-05-24T17:07:50.838+0700] {processor.py:161} INFO - Started process (PID=3485) to work on /mnt/d/Programming/Vietnamese-Text-Generator/airflow_env/lib/python3.10/site-packages/airflow/example_dags/plugins/decreasing_priority_weight_strategy.py
[2024-05-24T17:07:50.846+0700] {processor.py:830} INFO - Processing file /mnt/d/Programming/Vietnamese-Text-Generator/airflow_env/lib/python3.10/site-packages/airflow/example_dags/plugins/decreasing_priority_weight_strategy.py for tasks to queue
[2024-05-24T17:07:50.860+0700] {logging_mixin.py:188} INFO - [2024-05-24T17:07:50.856+0700] {dagbag.py:540} INFO - Filling up the DagBag from /mnt/d/Programming/Vietnamese-Text-Generator/airflow_env/lib/python3.10/site-packages/airflow/example_dags/plugins/decreasing_priority_weight_strategy.py
[2024-05-24T17:07:50.944+0700] {processor.py:842} WARNING - No viable dags retrieved from /mnt/d/Programming/Vietnamese-Text-Generator/airflow_env/lib/python3.10/site-packages/airflow/example_dags/plugins/decreasing_priority_weight_strategy.py
[2024-05-24T17:07:50.997+0700] {processor.py:183} INFO - Processing /mnt/d/Programming/Vietnamese-Text-Generator/airflow_env/lib/python3.10/site-packages/airflow/example_dags/plugins/decreasing_priority_weight_strategy.py took 0.210 seconds
[2024-05-24T17:08:56.207+0700] {processor.py:161} INFO - Started process (PID=3774) to work on /mnt/d/Programming/Vietnamese-Text-Generator/airflow_env/lib/python3.10/site-packages/airflow/example_dags/plugins/decreasing_priority_weight_strategy.py
[2024-05-24T17:08:56.213+0700] {processor.py:830} INFO - Processing file /mnt/d/Programming/Vietnamese-Text-Generator/airflow_env/lib/python3.10/site-packages/airflow/example_dags/plugins/decreasing_priority_weight_strategy.py for tasks to queue
[2024-05-24T17:08:56.223+0700] {logging_mixin.py:188} INFO - [2024-05-24T17:08:56.220+0700] {dagbag.py:540} INFO - Filling up the DagBag from /mnt/d/Programming/Vietnamese-Text-Generator/airflow_env/lib/python3.10/site-packages/airflow/example_dags/plugins/decreasing_priority_weight_strategy.py
[2024-05-24T17:08:56.305+0700] {processor.py:842} WARNING - No viable dags retrieved from /mnt/d/Programming/Vietnamese-Text-Generator/airflow_env/lib/python3.10/site-packages/airflow/example_dags/plugins/decreasing_priority_weight_strategy.py
[2024-05-24T17:08:56.378+0700] {processor.py:183} INFO - Processing /mnt/d/Programming/Vietnamese-Text-Generator/airflow_env/lib/python3.10/site-packages/airflow/example_dags/plugins/decreasing_priority_weight_strategy.py took 0.210 seconds
[2024-05-24T17:10:04.786+0700] {processor.py:161} INFO - Started process (PID=4073) to work on /mnt/d/Programming/Vietnamese-Text-Generator/airflow_env/lib/python3.10/site-packages/airflow/example_dags/plugins/decreasing_priority_weight_strategy.py
[2024-05-24T17:10:04.790+0700] {processor.py:830} INFO - Processing file /mnt/d/Programming/Vietnamese-Text-Generator/airflow_env/lib/python3.10/site-packages/airflow/example_dags/plugins/decreasing_priority_weight_strategy.py for tasks to queue
[2024-05-24T17:10:04.798+0700] {logging_mixin.py:188} INFO - [2024-05-24T17:10:04.796+0700] {dagbag.py:540} INFO - Filling up the DagBag from /mnt/d/Programming/Vietnamese-Text-Generator/airflow_env/lib/python3.10/site-packages/airflow/example_dags/plugins/decreasing_priority_weight_strategy.py
[2024-05-24T17:10:04.836+0700] {processor.py:842} WARNING - No viable dags retrieved from /mnt/d/Programming/Vietnamese-Text-Generator/airflow_env/lib/python3.10/site-packages/airflow/example_dags/plugins/decreasing_priority_weight_strategy.py
[2024-05-24T17:10:04.870+0700] {processor.py:183} INFO - Processing /mnt/d/Programming/Vietnamese-Text-Generator/airflow_env/lib/python3.10/site-packages/airflow/example_dags/plugins/decreasing_priority_weight_strategy.py took 0.110 seconds
[2024-05-24T17:11:14.600+0700] {processor.py:161} INFO - Started process (PID=4381) to work on /mnt/d/Programming/Vietnamese-Text-Generator/airflow_env/lib/python3.10/site-packages/airflow/example_dags/plugins/decreasing_priority_weight_strategy.py
[2024-05-24T17:11:14.602+0700] {processor.py:830} INFO - Processing file /mnt/d/Programming/Vietnamese-Text-Generator/airflow_env/lib/python3.10/site-packages/airflow/example_dags/plugins/decreasing_priority_weight_strategy.py for tasks to queue
[2024-05-24T17:11:14.607+0700] {logging_mixin.py:188} INFO - [2024-05-24T17:11:14.606+0700] {dagbag.py:540} INFO - Filling up the DagBag from /mnt/d/Programming/Vietnamese-Text-Generator/airflow_env/lib/python3.10/site-packages/airflow/example_dags/plugins/decreasing_priority_weight_strategy.py
[2024-05-24T17:11:14.633+0700] {processor.py:842} WARNING - No viable dags retrieved from /mnt/d/Programming/Vietnamese-Text-Generator/airflow_env/lib/python3.10/site-packages/airflow/example_dags/plugins/decreasing_priority_weight_strategy.py
[2024-05-24T17:11:14.658+0700] {processor.py:183} INFO - Processing /mnt/d/Programming/Vietnamese-Text-Generator/airflow_env/lib/python3.10/site-packages/airflow/example_dags/plugins/decreasing_priority_weight_strategy.py took 0.077 seconds
[2024-05-24T17:12:27.456+0700] {processor.py:161} INFO - Started process (PID=4696) to work on /mnt/d/Programming/Vietnamese-Text-Generator/airflow_env/lib/python3.10/site-packages/airflow/example_dags/plugins/decreasing_priority_weight_strategy.py
[2024-05-24T17:12:27.461+0700] {processor.py:830} INFO - Processing file /mnt/d/Programming/Vietnamese-Text-Generator/airflow_env/lib/python3.10/site-packages/airflow/example_dags/plugins/decreasing_priority_weight_strategy.py for tasks to queue
[2024-05-24T17:12:27.472+0700] {logging_mixin.py:188} INFO - [2024-05-24T17:12:27.469+0700] {dagbag.py:540} INFO - Filling up the DagBag from /mnt/d/Programming/Vietnamese-Text-Generator/airflow_env/lib/python3.10/site-packages/airflow/example_dags/plugins/decreasing_priority_weight_strategy.py
[2024-05-24T17:12:27.547+0700] {processor.py:842} WARNING - No viable dags retrieved from /mnt/d/Programming/Vietnamese-Text-Generator/airflow_env/lib/python3.10/site-packages/airflow/example_dags/plugins/decreasing_priority_weight_strategy.py
[2024-05-24T17:12:27.619+0700] {processor.py:183} INFO - Processing /mnt/d/Programming/Vietnamese-Text-Generator/airflow_env/lib/python3.10/site-packages/airflow/example_dags/plugins/decreasing_priority_weight_strategy.py took 0.202 seconds
[2024-05-24T17:13:36.187+0700] {processor.py:161} INFO - Started process (PID=4998) to work on /mnt/d/Programming/Vietnamese-Text-Generator/airflow_env/lib/python3.10/site-packages/airflow/example_dags/plugins/decreasing_priority_weight_strategy.py
[2024-05-24T17:13:36.193+0700] {processor.py:830} INFO - Processing file /mnt/d/Programming/Vietnamese-Text-Generator/airflow_env/lib/python3.10/site-packages/airflow/example_dags/plugins/decreasing_priority_weight_strategy.py for tasks to queue
[2024-05-24T17:13:36.203+0700] {logging_mixin.py:188} INFO - [2024-05-24T17:13:36.200+0700] {dagbag.py:540} INFO - Filling up the DagBag from /mnt/d/Programming/Vietnamese-Text-Generator/airflow_env/lib/python3.10/site-packages/airflow/example_dags/plugins/decreasing_priority_weight_strategy.py
[2024-05-24T17:13:36.274+0700] {processor.py:842} WARNING - No viable dags retrieved from /mnt/d/Programming/Vietnamese-Text-Generator/airflow_env/lib/python3.10/site-packages/airflow/example_dags/plugins/decreasing_priority_weight_strategy.py
[2024-05-24T17:13:36.335+0700] {processor.py:183} INFO - Processing /mnt/d/Programming/Vietnamese-Text-Generator/airflow_env/lib/python3.10/site-packages/airflow/example_dags/plugins/decreasing_priority_weight_strategy.py took 0.197 seconds
[2024-05-24T17:14:42.217+0700] {processor.py:161} INFO - Started process (PID=5285) to work on /mnt/d/Programming/Vietnamese-Text-Generator/airflow_env/lib/python3.10/site-packages/airflow/example_dags/plugins/decreasing_priority_weight_strategy.py
[2024-05-24T17:14:42.223+0700] {processor.py:830} INFO - Processing file /mnt/d/Programming/Vietnamese-Text-Generator/airflow_env/lib/python3.10/site-packages/airflow/example_dags/plugins/decreasing_priority_weight_strategy.py for tasks to queue
[2024-05-24T17:14:42.233+0700] {logging_mixin.py:188} INFO - [2024-05-24T17:14:42.230+0700] {dagbag.py:540} INFO - Filling up the DagBag from /mnt/d/Programming/Vietnamese-Text-Generator/airflow_env/lib/python3.10/site-packages/airflow/example_dags/plugins/decreasing_priority_weight_strategy.py
[2024-05-24T17:14:42.305+0700] {processor.py:842} WARNING - No viable dags retrieved from /mnt/d/Programming/Vietnamese-Text-Generator/airflow_env/lib/python3.10/site-packages/airflow/example_dags/plugins/decreasing_priority_weight_strategy.py
[2024-05-24T17:14:42.365+0700] {processor.py:183} INFO - Processing /mnt/d/Programming/Vietnamese-Text-Generator/airflow_env/lib/python3.10/site-packages/airflow/example_dags/plugins/decreasing_priority_weight_strategy.py took 0.192 seconds
[2024-05-24T17:15:50.281+0700] {processor.py:161} INFO - Started process (PID=5586) to work on /mnt/d/Programming/Vietnamese-Text-Generator/airflow_env/lib/python3.10/site-packages/airflow/example_dags/plugins/decreasing_priority_weight_strategy.py
[2024-05-24T17:15:50.287+0700] {processor.py:830} INFO - Processing file /mnt/d/Programming/Vietnamese-Text-Generator/airflow_env/lib/python3.10/site-packages/airflow/example_dags/plugins/decreasing_priority_weight_strategy.py for tasks to queue
[2024-05-24T17:15:50.297+0700] {logging_mixin.py:188} INFO - [2024-05-24T17:15:50.294+0700] {dagbag.py:540} INFO - Filling up the DagBag from /mnt/d/Programming/Vietnamese-Text-Generator/airflow_env/lib/python3.10/site-packages/airflow/example_dags/plugins/decreasing_priority_weight_strategy.py
[2024-05-24T17:15:50.370+0700] {processor.py:842} WARNING - No viable dags retrieved from /mnt/d/Programming/Vietnamese-Text-Generator/airflow_env/lib/python3.10/site-packages/airflow/example_dags/plugins/decreasing_priority_weight_strategy.py
[2024-05-24T17:15:50.432+0700] {processor.py:183} INFO - Processing /mnt/d/Programming/Vietnamese-Text-Generator/airflow_env/lib/python3.10/site-packages/airflow/example_dags/plugins/decreasing_priority_weight_strategy.py took 0.195 seconds
[2024-05-24T17:17:05.663+0700] {processor.py:161} INFO - Started process (PID=5911) to work on /mnt/d/Programming/Vietnamese-Text-Generator/airflow_env/lib/python3.10/site-packages/airflow/example_dags/plugins/decreasing_priority_weight_strategy.py
[2024-05-24T17:17:05.675+0700] {processor.py:830} INFO - Processing file /mnt/d/Programming/Vietnamese-Text-Generator/airflow_env/lib/python3.10/site-packages/airflow/example_dags/plugins/decreasing_priority_weight_strategy.py for tasks to queue
[2024-05-24T17:17:05.686+0700] {logging_mixin.py:188} INFO - [2024-05-24T17:17:05.682+0700] {dagbag.py:540} INFO - Filling up the DagBag from /mnt/d/Programming/Vietnamese-Text-Generator/airflow_env/lib/python3.10/site-packages/airflow/example_dags/plugins/decreasing_priority_weight_strategy.py
[2024-05-24T17:17:05.777+0700] {processor.py:842} WARNING - No viable dags retrieved from /mnt/d/Programming/Vietnamese-Text-Generator/airflow_env/lib/python3.10/site-packages/airflow/example_dags/plugins/decreasing_priority_weight_strategy.py
[2024-05-24T17:17:05.846+0700] {processor.py:183} INFO - Processing /mnt/d/Programming/Vietnamese-Text-Generator/airflow_env/lib/python3.10/site-packages/airflow/example_dags/plugins/decreasing_priority_weight_strategy.py took 0.227 seconds
[2024-05-24T17:18:18.557+0700] {processor.py:161} INFO - Started process (PID=6232) to work on /mnt/d/Programming/Vietnamese-Text-Generator/airflow_env/lib/python3.10/site-packages/airflow/example_dags/plugins/decreasing_priority_weight_strategy.py
[2024-05-24T17:18:18.564+0700] {processor.py:830} INFO - Processing file /mnt/d/Programming/Vietnamese-Text-Generator/airflow_env/lib/python3.10/site-packages/airflow/example_dags/plugins/decreasing_priority_weight_strategy.py for tasks to queue
[2024-05-24T17:18:18.578+0700] {logging_mixin.py:188} INFO - [2024-05-24T17:18:18.574+0700] {dagbag.py:540} INFO - Filling up the DagBag from /mnt/d/Programming/Vietnamese-Text-Generator/airflow_env/lib/python3.10/site-packages/airflow/example_dags/plugins/decreasing_priority_weight_strategy.py
[2024-05-24T17:18:18.671+0700] {processor.py:842} WARNING - No viable dags retrieved from /mnt/d/Programming/Vietnamese-Text-Generator/airflow_env/lib/python3.10/site-packages/airflow/example_dags/plugins/decreasing_priority_weight_strategy.py
[2024-05-24T17:18:18.758+0700] {processor.py:183} INFO - Processing /mnt/d/Programming/Vietnamese-Text-Generator/airflow_env/lib/python3.10/site-packages/airflow/example_dags/plugins/decreasing_priority_weight_strategy.py took 0.259 seconds
[2024-05-24T17:19:26.802+0700] {processor.py:161} INFO - Started process (PID=6533) to work on /mnt/d/Programming/Vietnamese-Text-Generator/airflow_env/lib/python3.10/site-packages/airflow/example_dags/plugins/decreasing_priority_weight_strategy.py
[2024-05-24T17:19:26.809+0700] {processor.py:830} INFO - Processing file /mnt/d/Programming/Vietnamese-Text-Generator/airflow_env/lib/python3.10/site-packages/airflow/example_dags/plugins/decreasing_priority_weight_strategy.py for tasks to queue
[2024-05-24T17:19:26.820+0700] {logging_mixin.py:188} INFO - [2024-05-24T17:19:26.816+0700] {dagbag.py:540} INFO - Filling up the DagBag from /mnt/d/Programming/Vietnamese-Text-Generator/airflow_env/lib/python3.10/site-packages/airflow/example_dags/plugins/decreasing_priority_weight_strategy.py
[2024-05-24T17:19:26.911+0700] {processor.py:842} WARNING - No viable dags retrieved from /mnt/d/Programming/Vietnamese-Text-Generator/airflow_env/lib/python3.10/site-packages/airflow/example_dags/plugins/decreasing_priority_weight_strategy.py
[2024-05-24T17:19:26.966+0700] {processor.py:183} INFO - Processing /mnt/d/Programming/Vietnamese-Text-Generator/airflow_env/lib/python3.10/site-packages/airflow/example_dags/plugins/decreasing_priority_weight_strategy.py took 0.209 seconds
[2024-05-24T17:20:32.944+0700] {processor.py:161} INFO - Started process (PID=6824) to work on /mnt/d/Programming/Vietnamese-Text-Generator/airflow_env/lib/python3.10/site-packages/airflow/example_dags/plugins/decreasing_priority_weight_strategy.py
[2024-05-24T17:20:32.952+0700] {processor.py:830} INFO - Processing file /mnt/d/Programming/Vietnamese-Text-Generator/airflow_env/lib/python3.10/site-packages/airflow/example_dags/plugins/decreasing_priority_weight_strategy.py for tasks to queue
[2024-05-24T17:20:32.963+0700] {logging_mixin.py:188} INFO - [2024-05-24T17:20:32.959+0700] {dagbag.py:540} INFO - Filling up the DagBag from /mnt/d/Programming/Vietnamese-Text-Generator/airflow_env/lib/python3.10/site-packages/airflow/example_dags/plugins/decreasing_priority_weight_strategy.py
[2024-05-24T17:20:33.053+0700] {processor.py:842} WARNING - No viable dags retrieved from /mnt/d/Programming/Vietnamese-Text-Generator/airflow_env/lib/python3.10/site-packages/airflow/example_dags/plugins/decreasing_priority_weight_strategy.py
[2024-05-24T17:20:33.123+0700] {processor.py:183} INFO - Processing /mnt/d/Programming/Vietnamese-Text-Generator/airflow_env/lib/python3.10/site-packages/airflow/example_dags/plugins/decreasing_priority_weight_strategy.py took 0.226 seconds
[2024-05-24T17:21:40.778+0700] {processor.py:161} INFO - Started process (PID=7118) to work on /mnt/d/Programming/Vietnamese-Text-Generator/airflow_env/lib/python3.10/site-packages/airflow/example_dags/plugins/decreasing_priority_weight_strategy.py
[2024-05-24T17:21:40.784+0700] {processor.py:830} INFO - Processing file /mnt/d/Programming/Vietnamese-Text-Generator/airflow_env/lib/python3.10/site-packages/airflow/example_dags/plugins/decreasing_priority_weight_strategy.py for tasks to queue
[2024-05-24T17:21:40.796+0700] {logging_mixin.py:188} INFO - [2024-05-24T17:21:40.791+0700] {dagbag.py:540} INFO - Filling up the DagBag from /mnt/d/Programming/Vietnamese-Text-Generator/airflow_env/lib/python3.10/site-packages/airflow/example_dags/plugins/decreasing_priority_weight_strategy.py
[2024-05-24T17:21:40.826+0700] {processor.py:842} WARNING - No viable dags retrieved from /mnt/d/Programming/Vietnamese-Text-Generator/airflow_env/lib/python3.10/site-packages/airflow/example_dags/plugins/decreasing_priority_weight_strategy.py
[2024-05-24T17:21:40.858+0700] {processor.py:183} INFO - Processing /mnt/d/Programming/Vietnamese-Text-Generator/airflow_env/lib/python3.10/site-packages/airflow/example_dags/plugins/decreasing_priority_weight_strategy.py took 0.122 seconds
[2024-05-24T17:22:47.642+0700] {processor.py:161} INFO - Started process (PID=7409) to work on /mnt/d/Programming/Vietnamese-Text-Generator/airflow_env/lib/python3.10/site-packages/airflow/example_dags/plugins/decreasing_priority_weight_strategy.py
[2024-05-24T17:22:47.650+0700] {processor.py:830} INFO - Processing file /mnt/d/Programming/Vietnamese-Text-Generator/airflow_env/lib/python3.10/site-packages/airflow/example_dags/plugins/decreasing_priority_weight_strategy.py for tasks to queue
[2024-05-24T17:22:47.665+0700] {logging_mixin.py:188} INFO - [2024-05-24T17:22:47.660+0700] {dagbag.py:540} INFO - Filling up the DagBag from /mnt/d/Programming/Vietnamese-Text-Generator/airflow_env/lib/python3.10/site-packages/airflow/example_dags/plugins/decreasing_priority_weight_strategy.py
[2024-05-24T17:22:47.763+0700] {processor.py:842} WARNING - No viable dags retrieved from /mnt/d/Programming/Vietnamese-Text-Generator/airflow_env/lib/python3.10/site-packages/airflow/example_dags/plugins/decreasing_priority_weight_strategy.py
[2024-05-24T17:22:47.844+0700] {processor.py:183} INFO - Processing /mnt/d/Programming/Vietnamese-Text-Generator/airflow_env/lib/python3.10/site-packages/airflow/example_dags/plugins/decreasing_priority_weight_strategy.py took 0.259 seconds
[2024-05-24T17:23:53.196+0700] {processor.py:161} INFO - Started process (PID=7696) to work on /mnt/d/Programming/Vietnamese-Text-Generator/airflow_env/lib/python3.10/site-packages/airflow/example_dags/plugins/decreasing_priority_weight_strategy.py
[2024-05-24T17:23:53.202+0700] {processor.py:830} INFO - Processing file /mnt/d/Programming/Vietnamese-Text-Generator/airflow_env/lib/python3.10/site-packages/airflow/example_dags/plugins/decreasing_priority_weight_strategy.py for tasks to queue
[2024-05-24T17:23:53.214+0700] {logging_mixin.py:188} INFO - [2024-05-24T17:23:53.210+0700] {dagbag.py:540} INFO - Filling up the DagBag from /mnt/d/Programming/Vietnamese-Text-Generator/airflow_env/lib/python3.10/site-packages/airflow/example_dags/plugins/decreasing_priority_weight_strategy.py
[2024-05-24T17:23:53.306+0700] {processor.py:842} WARNING - No viable dags retrieved from /mnt/d/Programming/Vietnamese-Text-Generator/airflow_env/lib/python3.10/site-packages/airflow/example_dags/plugins/decreasing_priority_weight_strategy.py
[2024-05-24T17:23:53.376+0700] {processor.py:183} INFO - Processing /mnt/d/Programming/Vietnamese-Text-Generator/airflow_env/lib/python3.10/site-packages/airflow/example_dags/plugins/decreasing_priority_weight_strategy.py took 0.225 seconds
[2024-05-24T17:46:42.454+0700] {processor.py:161} INFO - Started process (PID=8006) to work on /mnt/d/Programming/Vietnamese-Text-Generator/airflow_env/lib/python3.10/site-packages/airflow/example_dags/plugins/decreasing_priority_weight_strategy.py
[2024-05-24T17:46:42.456+0700] {processor.py:830} INFO - Processing file /mnt/d/Programming/Vietnamese-Text-Generator/airflow_env/lib/python3.10/site-packages/airflow/example_dags/plugins/decreasing_priority_weight_strategy.py for tasks to queue
[2024-05-24T17:46:42.459+0700] {logging_mixin.py:188} INFO - [2024-05-24T17:46:42.459+0700] {dagbag.py:540} INFO - Filling up the DagBag from /mnt/d/Programming/Vietnamese-Text-Generator/airflow_env/lib/python3.10/site-packages/airflow/example_dags/plugins/decreasing_priority_weight_strategy.py
[2024-05-24T17:46:42.493+0700] {processor.py:842} WARNING - No viable dags retrieved from /mnt/d/Programming/Vietnamese-Text-Generator/airflow_env/lib/python3.10/site-packages/airflow/example_dags/plugins/decreasing_priority_weight_strategy.py
[2024-05-24T17:46:42.522+0700] {processor.py:183} INFO - Processing /mnt/d/Programming/Vietnamese-Text-Generator/airflow_env/lib/python3.10/site-packages/airflow/example_dags/plugins/decreasing_priority_weight_strategy.py took 0.086 seconds
[2024-05-24T17:47:28.364+0700] {processor.py:161} INFO - Started process (PID=8230) to work on /mnt/d/Programming/Vietnamese-Text-Generator/airflow_env/lib/python3.10/site-packages/airflow/example_dags/plugins/decreasing_priority_weight_strategy.py
[2024-05-24T17:47:28.367+0700] {processor.py:830} INFO - Processing file /mnt/d/Programming/Vietnamese-Text-Generator/airflow_env/lib/python3.10/site-packages/airflow/example_dags/plugins/decreasing_priority_weight_strategy.py for tasks to queue
[2024-05-24T17:47:28.371+0700] {logging_mixin.py:188} INFO - [2024-05-24T17:47:28.370+0700] {dagbag.py:540} INFO - Filling up the DagBag from /mnt/d/Programming/Vietnamese-Text-Generator/airflow_env/lib/python3.10/site-packages/airflow/example_dags/plugins/decreasing_priority_weight_strategy.py
[2024-05-24T17:47:28.389+0700] {processor.py:842} WARNING - No viable dags retrieved from /mnt/d/Programming/Vietnamese-Text-Generator/airflow_env/lib/python3.10/site-packages/airflow/example_dags/plugins/decreasing_priority_weight_strategy.py
[2024-05-24T17:47:28.412+0700] {processor.py:183} INFO - Processing /mnt/d/Programming/Vietnamese-Text-Generator/airflow_env/lib/python3.10/site-packages/airflow/example_dags/plugins/decreasing_priority_weight_strategy.py took 0.062 seconds
[2024-05-24T17:48:52.513+0700] {processor.py:161} INFO - Started process (PID=8614) to work on /mnt/d/Programming/Vietnamese-Text-Generator/airflow_env/lib/python3.10/site-packages/airflow/example_dags/plugins/decreasing_priority_weight_strategy.py
[2024-05-24T17:48:52.519+0700] {processor.py:830} INFO - Processing file /mnt/d/Programming/Vietnamese-Text-Generator/airflow_env/lib/python3.10/site-packages/airflow/example_dags/plugins/decreasing_priority_weight_strategy.py for tasks to queue
[2024-05-24T17:48:52.531+0700] {logging_mixin.py:188} INFO - [2024-05-24T17:48:52.528+0700] {dagbag.py:540} INFO - Filling up the DagBag from /mnt/d/Programming/Vietnamese-Text-Generator/airflow_env/lib/python3.10/site-packages/airflow/example_dags/plugins/decreasing_priority_weight_strategy.py
[2024-05-24T17:48:52.604+0700] {processor.py:842} WARNING - No viable dags retrieved from /mnt/d/Programming/Vietnamese-Text-Generator/airflow_env/lib/python3.10/site-packages/airflow/example_dags/plugins/decreasing_priority_weight_strategy.py
[2024-05-24T17:48:52.665+0700] {processor.py:183} INFO - Processing /mnt/d/Programming/Vietnamese-Text-Generator/airflow_env/lib/python3.10/site-packages/airflow/example_dags/plugins/decreasing_priority_weight_strategy.py took 0.193 seconds
[2024-05-24T17:49:55.335+0700] {processor.py:161} INFO - Started process (PID=8891) to work on /mnt/d/Programming/Vietnamese-Text-Generator/airflow_env/lib/python3.10/site-packages/airflow/example_dags/plugins/decreasing_priority_weight_strategy.py
[2024-05-24T17:49:55.342+0700] {processor.py:830} INFO - Processing file /mnt/d/Programming/Vietnamese-Text-Generator/airflow_env/lib/python3.10/site-packages/airflow/example_dags/plugins/decreasing_priority_weight_strategy.py for tasks to queue
[2024-05-24T17:49:55.353+0700] {logging_mixin.py:188} INFO - [2024-05-24T17:49:55.349+0700] {dagbag.py:540} INFO - Filling up the DagBag from /mnt/d/Programming/Vietnamese-Text-Generator/airflow_env/lib/python3.10/site-packages/airflow/example_dags/plugins/decreasing_priority_weight_strategy.py
[2024-05-24T17:49:55.441+0700] {processor.py:842} WARNING - No viable dags retrieved from /mnt/d/Programming/Vietnamese-Text-Generator/airflow_env/lib/python3.10/site-packages/airflow/example_dags/plugins/decreasing_priority_weight_strategy.py
[2024-05-24T17:49:55.513+0700] {processor.py:183} INFO - Processing /mnt/d/Programming/Vietnamese-Text-Generator/airflow_env/lib/python3.10/site-packages/airflow/example_dags/plugins/decreasing_priority_weight_strategy.py took 0.222 seconds
[2024-05-24T17:51:02.288+0700] {processor.py:161} INFO - Started process (PID=9180) to work on /mnt/d/Programming/Vietnamese-Text-Generator/airflow_env/lib/python3.10/site-packages/airflow/example_dags/plugins/decreasing_priority_weight_strategy.py
[2024-05-24T17:51:02.294+0700] {processor.py:830} INFO - Processing file /mnt/d/Programming/Vietnamese-Text-Generator/airflow_env/lib/python3.10/site-packages/airflow/example_dags/plugins/decreasing_priority_weight_strategy.py for tasks to queue
[2024-05-24T17:51:02.306+0700] {logging_mixin.py:188} INFO - [2024-05-24T17:51:02.302+0700] {dagbag.py:540} INFO - Filling up the DagBag from /mnt/d/Programming/Vietnamese-Text-Generator/airflow_env/lib/python3.10/site-packages/airflow/example_dags/plugins/decreasing_priority_weight_strategy.py
[2024-05-24T17:51:02.383+0700] {processor.py:842} WARNING - No viable dags retrieved from /mnt/d/Programming/Vietnamese-Text-Generator/airflow_env/lib/python3.10/site-packages/airflow/example_dags/plugins/decreasing_priority_weight_strategy.py
[2024-05-24T17:51:02.445+0700] {processor.py:183} INFO - Processing /mnt/d/Programming/Vietnamese-Text-Generator/airflow_env/lib/python3.10/site-packages/airflow/example_dags/plugins/decreasing_priority_weight_strategy.py took 0.203 seconds
[2024-05-24T17:52:14.939+0700] {processor.py:161} INFO - Started process (PID=9501) to work on /mnt/d/Programming/Vietnamese-Text-Generator/airflow_env/lib/python3.10/site-packages/airflow/example_dags/plugins/decreasing_priority_weight_strategy.py
[2024-05-24T17:52:14.943+0700] {processor.py:830} INFO - Processing file /mnt/d/Programming/Vietnamese-Text-Generator/airflow_env/lib/python3.10/site-packages/airflow/example_dags/plugins/decreasing_priority_weight_strategy.py for tasks to queue
[2024-05-24T17:52:14.951+0700] {logging_mixin.py:188} INFO - [2024-05-24T17:52:14.949+0700] {dagbag.py:540} INFO - Filling up the DagBag from /mnt/d/Programming/Vietnamese-Text-Generator/airflow_env/lib/python3.10/site-packages/airflow/example_dags/plugins/decreasing_priority_weight_strategy.py
[2024-05-24T17:52:15.014+0700] {processor.py:842} WARNING - No viable dags retrieved from /mnt/d/Programming/Vietnamese-Text-Generator/airflow_env/lib/python3.10/site-packages/airflow/example_dags/plugins/decreasing_priority_weight_strategy.py
[2024-05-24T17:52:15.076+0700] {processor.py:183} INFO - Processing /mnt/d/Programming/Vietnamese-Text-Generator/airflow_env/lib/python3.10/site-packages/airflow/example_dags/plugins/decreasing_priority_weight_strategy.py took 0.166 seconds
[2024-05-24T17:53:20.800+0700] {processor.py:161} INFO - Started process (PID=9787) to work on /mnt/d/Programming/Vietnamese-Text-Generator/airflow_env/lib/python3.10/site-packages/airflow/example_dags/plugins/decreasing_priority_weight_strategy.py
[2024-05-24T17:53:20.806+0700] {processor.py:830} INFO - Processing file /mnt/d/Programming/Vietnamese-Text-Generator/airflow_env/lib/python3.10/site-packages/airflow/example_dags/plugins/decreasing_priority_weight_strategy.py for tasks to queue
[2024-05-24T17:53:20.817+0700] {logging_mixin.py:188} INFO - [2024-05-24T17:53:20.813+0700] {dagbag.py:540} INFO - Filling up the DagBag from /mnt/d/Programming/Vietnamese-Text-Generator/airflow_env/lib/python3.10/site-packages/airflow/example_dags/plugins/decreasing_priority_weight_strategy.py
[2024-05-24T17:53:20.896+0700] {processor.py:842} WARNING - No viable dags retrieved from /mnt/d/Programming/Vietnamese-Text-Generator/airflow_env/lib/python3.10/site-packages/airflow/example_dags/plugins/decreasing_priority_weight_strategy.py
[2024-05-24T17:53:20.962+0700] {processor.py:183} INFO - Processing /mnt/d/Programming/Vietnamese-Text-Generator/airflow_env/lib/python3.10/site-packages/airflow/example_dags/plugins/decreasing_priority_weight_strategy.py took 0.201 seconds
[2024-05-24T17:54:31.357+0700] {processor.py:161} INFO - Started process (PID=10095) to work on /mnt/d/Programming/Vietnamese-Text-Generator/airflow_env/lib/python3.10/site-packages/airflow/example_dags/plugins/decreasing_priority_weight_strategy.py
[2024-05-24T17:54:31.364+0700] {processor.py:830} INFO - Processing file /mnt/d/Programming/Vietnamese-Text-Generator/airflow_env/lib/python3.10/site-packages/airflow/example_dags/plugins/decreasing_priority_weight_strategy.py for tasks to queue
[2024-05-24T17:54:31.375+0700] {logging_mixin.py:188} INFO - [2024-05-24T17:54:31.372+0700] {dagbag.py:540} INFO - Filling up the DagBag from /mnt/d/Programming/Vietnamese-Text-Generator/airflow_env/lib/python3.10/site-packages/airflow/example_dags/plugins/decreasing_priority_weight_strategy.py
[2024-05-24T17:54:31.466+0700] {processor.py:842} WARNING - No viable dags retrieved from /mnt/d/Programming/Vietnamese-Text-Generator/airflow_env/lib/python3.10/site-packages/airflow/example_dags/plugins/decreasing_priority_weight_strategy.py
[2024-05-24T17:54:31.535+0700] {processor.py:183} INFO - Processing /mnt/d/Programming/Vietnamese-Text-Generator/airflow_env/lib/python3.10/site-packages/airflow/example_dags/plugins/decreasing_priority_weight_strategy.py took 0.224 seconds
[2024-05-24T17:55:41.743+0700] {processor.py:161} INFO - Started process (PID=10402) to work on /mnt/d/Programming/Vietnamese-Text-Generator/airflow_env/lib/python3.10/site-packages/airflow/example_dags/plugins/decreasing_priority_weight_strategy.py
[2024-05-24T17:55:41.749+0700] {processor.py:830} INFO - Processing file /mnt/d/Programming/Vietnamese-Text-Generator/airflow_env/lib/python3.10/site-packages/airflow/example_dags/plugins/decreasing_priority_weight_strategy.py for tasks to queue
[2024-05-24T17:55:41.761+0700] {logging_mixin.py:188} INFO - [2024-05-24T17:55:41.757+0700] {dagbag.py:540} INFO - Filling up the DagBag from /mnt/d/Programming/Vietnamese-Text-Generator/airflow_env/lib/python3.10/site-packages/airflow/example_dags/plugins/decreasing_priority_weight_strategy.py
[2024-05-24T17:55:41.847+0700] {processor.py:842} WARNING - No viable dags retrieved from /mnt/d/Programming/Vietnamese-Text-Generator/airflow_env/lib/python3.10/site-packages/airflow/example_dags/plugins/decreasing_priority_weight_strategy.py
[2024-05-24T17:55:41.917+0700] {processor.py:183} INFO - Processing /mnt/d/Programming/Vietnamese-Text-Generator/airflow_env/lib/python3.10/site-packages/airflow/example_dags/plugins/decreasing_priority_weight_strategy.py took 0.218 seconds
[2024-05-24T17:56:51.344+0700] {processor.py:161} INFO - Started process (PID=10707) to work on /mnt/d/Programming/Vietnamese-Text-Generator/airflow_env/lib/python3.10/site-packages/airflow/example_dags/plugins/decreasing_priority_weight_strategy.py
[2024-05-24T17:56:51.347+0700] {processor.py:830} INFO - Processing file /mnt/d/Programming/Vietnamese-Text-Generator/airflow_env/lib/python3.10/site-packages/airflow/example_dags/plugins/decreasing_priority_weight_strategy.py for tasks to queue
[2024-05-24T17:56:51.353+0700] {logging_mixin.py:188} INFO - [2024-05-24T17:56:51.351+0700] {dagbag.py:540} INFO - Filling up the DagBag from /mnt/d/Programming/Vietnamese-Text-Generator/airflow_env/lib/python3.10/site-packages/airflow/example_dags/plugins/decreasing_priority_weight_strategy.py
[2024-05-24T17:56:51.402+0700] {processor.py:842} WARNING - No viable dags retrieved from /mnt/d/Programming/Vietnamese-Text-Generator/airflow_env/lib/python3.10/site-packages/airflow/example_dags/plugins/decreasing_priority_weight_strategy.py
[2024-05-24T17:56:51.447+0700] {processor.py:183} INFO - Processing /mnt/d/Programming/Vietnamese-Text-Generator/airflow_env/lib/python3.10/site-packages/airflow/example_dags/plugins/decreasing_priority_weight_strategy.py took 0.137 seconds
[2024-05-24T17:57:59.706+0700] {processor.py:161} INFO - Started process (PID=11004) to work on /mnt/d/Programming/Vietnamese-Text-Generator/airflow_env/lib/python3.10/site-packages/airflow/example_dags/plugins/decreasing_priority_weight_strategy.py
[2024-05-24T17:57:59.713+0700] {processor.py:830} INFO - Processing file /mnt/d/Programming/Vietnamese-Text-Generator/airflow_env/lib/python3.10/site-packages/airflow/example_dags/plugins/decreasing_priority_weight_strategy.py for tasks to queue
[2024-05-24T17:57:59.726+0700] {logging_mixin.py:188} INFO - [2024-05-24T17:57:59.722+0700] {dagbag.py:540} INFO - Filling up the DagBag from /mnt/d/Programming/Vietnamese-Text-Generator/airflow_env/lib/python3.10/site-packages/airflow/example_dags/plugins/decreasing_priority_weight_strategy.py
[2024-05-24T17:57:59.813+0700] {processor.py:842} WARNING - No viable dags retrieved from /mnt/d/Programming/Vietnamese-Text-Generator/airflow_env/lib/python3.10/site-packages/airflow/example_dags/plugins/decreasing_priority_weight_strategy.py
[2024-05-24T17:57:59.882+0700] {processor.py:183} INFO - Processing /mnt/d/Programming/Vietnamese-Text-Generator/airflow_env/lib/python3.10/site-packages/airflow/example_dags/plugins/decreasing_priority_weight_strategy.py took 0.221 seconds
[2024-05-24T17:59:06.208+0700] {processor.py:161} INFO - Started process (PID=11294) to work on /mnt/d/Programming/Vietnamese-Text-Generator/airflow_env/lib/python3.10/site-packages/airflow/example_dags/plugins/decreasing_priority_weight_strategy.py
[2024-05-24T17:59:06.214+0700] {processor.py:830} INFO - Processing file /mnt/d/Programming/Vietnamese-Text-Generator/airflow_env/lib/python3.10/site-packages/airflow/example_dags/plugins/decreasing_priority_weight_strategy.py for tasks to queue
[2024-05-24T17:59:06.226+0700] {logging_mixin.py:188} INFO - [2024-05-24T17:59:06.222+0700] {dagbag.py:540} INFO - Filling up the DagBag from /mnt/d/Programming/Vietnamese-Text-Generator/airflow_env/lib/python3.10/site-packages/airflow/example_dags/plugins/decreasing_priority_weight_strategy.py
[2024-05-24T17:59:06.303+0700] {processor.py:842} WARNING - No viable dags retrieved from /mnt/d/Programming/Vietnamese-Text-Generator/airflow_env/lib/python3.10/site-packages/airflow/example_dags/plugins/decreasing_priority_weight_strategy.py
[2024-05-24T17:59:06.369+0700] {processor.py:183} INFO - Processing /mnt/d/Programming/Vietnamese-Text-Generator/airflow_env/lib/python3.10/site-packages/airflow/example_dags/plugins/decreasing_priority_weight_strategy.py took 0.207 seconds
[2024-05-24T18:00:14.947+0700] {processor.py:161} INFO - Started process (PID=11592) to work on /mnt/d/Programming/Vietnamese-Text-Generator/airflow_env/lib/python3.10/site-packages/airflow/example_dags/plugins/decreasing_priority_weight_strategy.py
[2024-05-24T18:00:14.954+0700] {processor.py:830} INFO - Processing file /mnt/d/Programming/Vietnamese-Text-Generator/airflow_env/lib/python3.10/site-packages/airflow/example_dags/plugins/decreasing_priority_weight_strategy.py for tasks to queue
[2024-05-24T18:00:14.967+0700] {logging_mixin.py:188} INFO - [2024-05-24T18:00:14.964+0700] {dagbag.py:540} INFO - Filling up the DagBag from /mnt/d/Programming/Vietnamese-Text-Generator/airflow_env/lib/python3.10/site-packages/airflow/example_dags/plugins/decreasing_priority_weight_strategy.py
[2024-05-24T18:00:15.057+0700] {processor.py:842} WARNING - No viable dags retrieved from /mnt/d/Programming/Vietnamese-Text-Generator/airflow_env/lib/python3.10/site-packages/airflow/example_dags/plugins/decreasing_priority_weight_strategy.py
[2024-05-24T18:00:15.131+0700] {processor.py:183} INFO - Processing /mnt/d/Programming/Vietnamese-Text-Generator/airflow_env/lib/python3.10/site-packages/airflow/example_dags/plugins/decreasing_priority_weight_strategy.py took 0.233 seconds
[2024-05-24T18:01:21.807+0700] {processor.py:161} INFO - Started process (PID=11885) to work on /mnt/d/Programming/Vietnamese-Text-Generator/airflow_env/lib/python3.10/site-packages/airflow/example_dags/plugins/decreasing_priority_weight_strategy.py
[2024-05-24T18:01:21.813+0700] {processor.py:830} INFO - Processing file /mnt/d/Programming/Vietnamese-Text-Generator/airflow_env/lib/python3.10/site-packages/airflow/example_dags/plugins/decreasing_priority_weight_strategy.py for tasks to queue
[2024-05-24T18:01:21.825+0700] {logging_mixin.py:188} INFO - [2024-05-24T18:01:21.821+0700] {dagbag.py:540} INFO - Filling up the DagBag from /mnt/d/Programming/Vietnamese-Text-Generator/airflow_env/lib/python3.10/site-packages/airflow/example_dags/plugins/decreasing_priority_weight_strategy.py
[2024-05-24T18:01:21.895+0700] {processor.py:842} WARNING - No viable dags retrieved from /mnt/d/Programming/Vietnamese-Text-Generator/airflow_env/lib/python3.10/site-packages/airflow/example_dags/plugins/decreasing_priority_weight_strategy.py
[2024-05-24T18:01:21.956+0700] {processor.py:183} INFO - Processing /mnt/d/Programming/Vietnamese-Text-Generator/airflow_env/lib/python3.10/site-packages/airflow/example_dags/plugins/decreasing_priority_weight_strategy.py took 0.192 seconds
[2024-05-24T18:02:33.907+0700] {processor.py:161} INFO - Started process (PID=12198) to work on /mnt/d/Programming/Vietnamese-Text-Generator/airflow_env/lib/python3.10/site-packages/airflow/example_dags/plugins/decreasing_priority_weight_strategy.py
[2024-05-24T18:02:33.913+0700] {processor.py:830} INFO - Processing file /mnt/d/Programming/Vietnamese-Text-Generator/airflow_env/lib/python3.10/site-packages/airflow/example_dags/plugins/decreasing_priority_weight_strategy.py for tasks to queue
[2024-05-24T18:02:33.925+0700] {logging_mixin.py:188} INFO - [2024-05-24T18:02:33.921+0700] {dagbag.py:540} INFO - Filling up the DagBag from /mnt/d/Programming/Vietnamese-Text-Generator/airflow_env/lib/python3.10/site-packages/airflow/example_dags/plugins/decreasing_priority_weight_strategy.py
[2024-05-24T18:02:34.009+0700] {processor.py:842} WARNING - No viable dags retrieved from /mnt/d/Programming/Vietnamese-Text-Generator/airflow_env/lib/python3.10/site-packages/airflow/example_dags/plugins/decreasing_priority_weight_strategy.py
[2024-05-24T18:02:34.077+0700] {processor.py:183} INFO - Processing /mnt/d/Programming/Vietnamese-Text-Generator/airflow_env/lib/python3.10/site-packages/airflow/example_dags/plugins/decreasing_priority_weight_strategy.py took 0.214 seconds
[2024-05-24T18:03:46.543+0700] {processor.py:161} INFO - Started process (PID=12515) to work on /mnt/d/Programming/Vietnamese-Text-Generator/airflow_env/lib/python3.10/site-packages/airflow/example_dags/plugins/decreasing_priority_weight_strategy.py
[2024-05-24T18:03:46.550+0700] {processor.py:830} INFO - Processing file /mnt/d/Programming/Vietnamese-Text-Generator/airflow_env/lib/python3.10/site-packages/airflow/example_dags/plugins/decreasing_priority_weight_strategy.py for tasks to queue
[2024-05-24T18:03:46.564+0700] {logging_mixin.py:188} INFO - [2024-05-24T18:03:46.560+0700] {dagbag.py:540} INFO - Filling up the DagBag from /mnt/d/Programming/Vietnamese-Text-Generator/airflow_env/lib/python3.10/site-packages/airflow/example_dags/plugins/decreasing_priority_weight_strategy.py
[2024-05-24T18:03:46.655+0700] {processor.py:842} WARNING - No viable dags retrieved from /mnt/d/Programming/Vietnamese-Text-Generator/airflow_env/lib/python3.10/site-packages/airflow/example_dags/plugins/decreasing_priority_weight_strategy.py
[2024-05-24T18:03:46.734+0700] {processor.py:183} INFO - Processing /mnt/d/Programming/Vietnamese-Text-Generator/airflow_env/lib/python3.10/site-packages/airflow/example_dags/plugins/decreasing_priority_weight_strategy.py took 0.241 seconds
[2024-05-24T18:04:56.605+0700] {processor.py:161} INFO - Started process (PID=12820) to work on /mnt/d/Programming/Vietnamese-Text-Generator/airflow_env/lib/python3.10/site-packages/airflow/example_dags/plugins/decreasing_priority_weight_strategy.py
[2024-05-24T18:04:56.612+0700] {processor.py:830} INFO - Processing file /mnt/d/Programming/Vietnamese-Text-Generator/airflow_env/lib/python3.10/site-packages/airflow/example_dags/plugins/decreasing_priority_weight_strategy.py for tasks to queue
[2024-05-24T18:04:56.623+0700] {logging_mixin.py:188} INFO - [2024-05-24T18:04:56.620+0700] {dagbag.py:540} INFO - Filling up the DagBag from /mnt/d/Programming/Vietnamese-Text-Generator/airflow_env/lib/python3.10/site-packages/airflow/example_dags/plugins/decreasing_priority_weight_strategy.py
[2024-05-24T18:04:56.702+0700] {processor.py:842} WARNING - No viable dags retrieved from /mnt/d/Programming/Vietnamese-Text-Generator/airflow_env/lib/python3.10/site-packages/airflow/example_dags/plugins/decreasing_priority_weight_strategy.py
[2024-05-24T18:04:56.775+0700] {processor.py:183} INFO - Processing /mnt/d/Programming/Vietnamese-Text-Generator/airflow_env/lib/python3.10/site-packages/airflow/example_dags/plugins/decreasing_priority_weight_strategy.py took 0.213 seconds
