[2024-05-24T17:01:04.344+0700] {processor.py:161} INFO - Started process (PID=1641) to work on /mnt/d/Programming/Vietnamese-Text-Generator/airflow_env/lib/python3.10/site-packages/airflow/example_dags/plugins/workday.py
[2024-05-24T17:01:04.350+0700] {processor.py:830} INFO - Processing file /mnt/d/Programming/Vietnamese-Text-Generator/airflow_env/lib/python3.10/site-packages/airflow/example_dags/plugins/workday.py for tasks to queue
[2024-05-24T17:01:04.361+0700] {logging_mixin.py:188} INFO - [2024-05-24T17:01:04.358+0700] {dagbag.py:540} INFO - Filling up the DagBag from /mnt/d/Programming/Vietnamese-Text-Generator/airflow_env/lib/python3.10/site-packages/airflow/example_dags/plugins/workday.py
[2024-05-24T17:01:04.575+0700] {processor.py:842} WARNING - No viable dags retrieved from /mnt/d/Programming/Vietnamese-Text-Generator/airflow_env/lib/python3.10/site-packages/airflow/example_dags/plugins/workday.py
[2024-05-24T17:01:04.650+0700] {processor.py:183} INFO - Processing /mnt/d/Programming/Vietnamese-Text-Generator/airflow_env/lib/python3.10/site-packages/airflow/example_dags/plugins/workday.py took 0.349 seconds
[2024-05-24T17:03:09.867+0700] {processor.py:161} INFO - Started process (PID=2179) to work on /mnt/d/Programming/Vietnamese-Text-Generator/airflow_env/lib/python3.10/site-packages/airflow/example_dags/plugins/workday.py
[2024-05-24T17:03:09.870+0700] {processor.py:830} INFO - Processing file /mnt/d/Programming/Vietnamese-Text-Generator/airflow_env/lib/python3.10/site-packages/airflow/example_dags/plugins/workday.py for tasks to queue
[2024-05-24T17:03:09.877+0700] {logging_mixin.py:188} INFO - [2024-05-24T17:03:09.875+0700] {dagbag.py:540} INFO - Filling up the DagBag from /mnt/d/Programming/Vietnamese-Text-Generator/airflow_env/lib/python3.10/site-packages/airflow/example_dags/plugins/workday.py
[2024-05-24T17:03:09.938+0700] {processor.py:842} WARNING - No viable dags retrieved from /mnt/d/Programming/Vietnamese-Text-Generator/airflow_env/lib/python3.10/site-packages/airflow/example_dags/plugins/workday.py
[2024-05-24T17:03:09.986+0700] {processor.py:183} INFO - Processing /mnt/d/Programming/Vietnamese-Text-Generator/airflow_env/lib/python3.10/site-packages/airflow/example_dags/plugins/workday.py took 0.141 seconds
[2024-05-24T17:04:25.676+0700] {processor.py:161} INFO - Started process (PID=2511) to work on /mnt/d/Programming/Vietnamese-Text-Generator/airflow_env/lib/python3.10/site-packages/airflow/example_dags/plugins/workday.py
[2024-05-24T17:04:25.683+0700] {processor.py:830} INFO - Processing file /mnt/d/Programming/Vietnamese-Text-Generator/airflow_env/lib/python3.10/site-packages/airflow/example_dags/plugins/workday.py for tasks to queue
[2024-05-24T17:04:25.695+0700] {logging_mixin.py:188} INFO - [2024-05-24T17:04:25.691+0700] {dagbag.py:540} INFO - Filling up the DagBag from /mnt/d/Programming/Vietnamese-Text-Generator/airflow_env/lib/python3.10/site-packages/airflow/example_dags/plugins/workday.py
[2024-05-24T17:04:25.800+0700] {processor.py:842} WARNING - No viable dags retrieved from /mnt/d/Programming/Vietnamese-Text-Generator/airflow_env/lib/python3.10/site-packages/airflow/example_dags/plugins/workday.py
[2024-05-24T17:04:25.869+0700] {processor.py:183} INFO - Processing /mnt/d/Programming/Vietnamese-Text-Generator/airflow_env/lib/python3.10/site-packages/airflow/example_dags/plugins/workday.py took 0.238 seconds
[2024-05-24T17:05:32.745+0700] {processor.py:161} INFO - Started process (PID=2804) to work on /mnt/d/Programming/Vietnamese-Text-Generator/airflow_env/lib/python3.10/site-packages/airflow/example_dags/plugins/workday.py
[2024-05-24T17:05:32.753+0700] {processor.py:830} INFO - Processing file /mnt/d/Programming/Vietnamese-Text-Generator/airflow_env/lib/python3.10/site-packages/airflow/example_dags/plugins/workday.py for tasks to queue
[2024-05-24T17:05:32.766+0700] {logging_mixin.py:188} INFO - [2024-05-24T17:05:32.762+0700] {dagbag.py:540} INFO - Filling up the DagBag from /mnt/d/Programming/Vietnamese-Text-Generator/airflow_env/lib/python3.10/site-packages/airflow/example_dags/plugins/workday.py
[2024-05-24T17:05:32.895+0700] {processor.py:842} WARNING - No viable dags retrieved from /mnt/d/Programming/Vietnamese-Text-Generator/airflow_env/lib/python3.10/site-packages/airflow/example_dags/plugins/workday.py
[2024-05-24T17:05:32.972+0700] {processor.py:183} INFO - Processing /mnt/d/Programming/Vietnamese-Text-Generator/airflow_env/lib/python3.10/site-packages/airflow/example_dags/plugins/workday.py took 0.275 seconds
[2024-05-24T17:06:43.174+0700] {processor.py:161} INFO - Started process (PID=3190) to work on /mnt/d/Programming/Vietnamese-Text-Generator/airflow_env/lib/python3.10/site-packages/airflow/example_dags/plugins/workday.py
[2024-05-24T17:06:43.181+0700] {processor.py:830} INFO - Processing file /mnt/d/Programming/Vietnamese-Text-Generator/airflow_env/lib/python3.10/site-packages/airflow/example_dags/plugins/workday.py for tasks to queue
[2024-05-24T17:06:43.193+0700] {logging_mixin.py:188} INFO - [2024-05-24T17:06:43.189+0700] {dagbag.py:540} INFO - Filling up the DagBag from /mnt/d/Programming/Vietnamese-Text-Generator/airflow_env/lib/python3.10/site-packages/airflow/example_dags/plugins/workday.py
[2024-05-24T17:06:43.308+0700] {processor.py:842} WARNING - No viable dags retrieved from /mnt/d/Programming/Vietnamese-Text-Generator/airflow_env/lib/python3.10/site-packages/airflow/example_dags/plugins/workday.py
[2024-05-24T17:06:43.367+0700] {processor.py:183} INFO - Processing /mnt/d/Programming/Vietnamese-Text-Generator/airflow_env/lib/python3.10/site-packages/airflow/example_dags/plugins/workday.py took 0.236 seconds
[2024-05-24T17:07:46.195+0700] {processor.py:161} INFO - Started process (PID=3465) to work on /mnt/d/Programming/Vietnamese-Text-Generator/airflow_env/lib/python3.10/site-packages/airflow/example_dags/plugins/workday.py
[2024-05-24T17:07:46.202+0700] {processor.py:830} INFO - Processing file /mnt/d/Programming/Vietnamese-Text-Generator/airflow_env/lib/python3.10/site-packages/airflow/example_dags/plugins/workday.py for tasks to queue
[2024-05-24T17:07:46.213+0700] {logging_mixin.py:188} INFO - [2024-05-24T17:07:46.210+0700] {dagbag.py:540} INFO - Filling up the DagBag from /mnt/d/Programming/Vietnamese-Text-Generator/airflow_env/lib/python3.10/site-packages/airflow/example_dags/plugins/workday.py
[2024-05-24T17:07:46.326+0700] {processor.py:842} WARNING - No viable dags retrieved from /mnt/d/Programming/Vietnamese-Text-Generator/airflow_env/lib/python3.10/site-packages/airflow/example_dags/plugins/workday.py
[2024-05-24T17:07:46.397+0700] {processor.py:183} INFO - Processing /mnt/d/Programming/Vietnamese-Text-Generator/airflow_env/lib/python3.10/site-packages/airflow/example_dags/plugins/workday.py took 0.246 seconds
[2024-05-24T17:08:51.688+0700] {processor.py:161} INFO - Started process (PID=3754) to work on /mnt/d/Programming/Vietnamese-Text-Generator/airflow_env/lib/python3.10/site-packages/airflow/example_dags/plugins/workday.py
[2024-05-24T17:08:51.694+0700] {processor.py:830} INFO - Processing file /mnt/d/Programming/Vietnamese-Text-Generator/airflow_env/lib/python3.10/site-packages/airflow/example_dags/plugins/workday.py for tasks to queue
[2024-05-24T17:08:51.705+0700] {logging_mixin.py:188} INFO - [2024-05-24T17:08:51.701+0700] {dagbag.py:540} INFO - Filling up the DagBag from /mnt/d/Programming/Vietnamese-Text-Generator/airflow_env/lib/python3.10/site-packages/airflow/example_dags/plugins/workday.py
[2024-05-24T17:08:51.829+0700] {processor.py:842} WARNING - No viable dags retrieved from /mnt/d/Programming/Vietnamese-Text-Generator/airflow_env/lib/python3.10/site-packages/airflow/example_dags/plugins/workday.py
[2024-05-24T17:08:51.904+0700] {processor.py:183} INFO - Processing /mnt/d/Programming/Vietnamese-Text-Generator/airflow_env/lib/python3.10/site-packages/airflow/example_dags/plugins/workday.py took 0.260 seconds
[2024-05-24T17:09:59.555+0700] {processor.py:161} INFO - Started process (PID=4048) to work on /mnt/d/Programming/Vietnamese-Text-Generator/airflow_env/lib/python3.10/site-packages/airflow/example_dags/plugins/workday.py
[2024-05-24T17:09:59.559+0700] {processor.py:830} INFO - Processing file /mnt/d/Programming/Vietnamese-Text-Generator/airflow_env/lib/python3.10/site-packages/airflow/example_dags/plugins/workday.py for tasks to queue
[2024-05-24T17:09:59.566+0700] {logging_mixin.py:188} INFO - [2024-05-24T17:09:59.564+0700] {dagbag.py:540} INFO - Filling up the DagBag from /mnt/d/Programming/Vietnamese-Text-Generator/airflow_env/lib/python3.10/site-packages/airflow/example_dags/plugins/workday.py
[2024-05-24T17:09:59.621+0700] {processor.py:842} WARNING - No viable dags retrieved from /mnt/d/Programming/Vietnamese-Text-Generator/airflow_env/lib/python3.10/site-packages/airflow/example_dags/plugins/workday.py
[2024-05-24T17:09:59.662+0700] {processor.py:183} INFO - Processing /mnt/d/Programming/Vietnamese-Text-Generator/airflow_env/lib/python3.10/site-packages/airflow/example_dags/plugins/workday.py took 0.136 seconds
[2024-05-24T17:11:10.375+0700] {processor.py:161} INFO - Started process (PID=4361) to work on /mnt/d/Programming/Vietnamese-Text-Generator/airflow_env/lib/python3.10/site-packages/airflow/example_dags/plugins/workday.py
[2024-05-24T17:11:10.386+0700] {processor.py:830} INFO - Processing file /mnt/d/Programming/Vietnamese-Text-Generator/airflow_env/lib/python3.10/site-packages/airflow/example_dags/plugins/workday.py for tasks to queue
[2024-05-24T17:11:10.397+0700] {logging_mixin.py:188} INFO - [2024-05-24T17:11:10.395+0700] {dagbag.py:540} INFO - Filling up the DagBag from /mnt/d/Programming/Vietnamese-Text-Generator/airflow_env/lib/python3.10/site-packages/airflow/example_dags/plugins/workday.py
[2024-05-24T17:11:10.442+0700] {processor.py:842} WARNING - No viable dags retrieved from /mnt/d/Programming/Vietnamese-Text-Generator/airflow_env/lib/python3.10/site-packages/airflow/example_dags/plugins/workday.py
[2024-05-24T17:11:10.478+0700] {processor.py:183} INFO - Processing /mnt/d/Programming/Vietnamese-Text-Generator/airflow_env/lib/python3.10/site-packages/airflow/example_dags/plugins/workday.py took 0.138 seconds
[2024-05-24T17:12:22.410+0700] {processor.py:161} INFO - Started process (PID=4674) to work on /mnt/d/Programming/Vietnamese-Text-Generator/airflow_env/lib/python3.10/site-packages/airflow/example_dags/plugins/workday.py
[2024-05-24T17:12:22.415+0700] {processor.py:830} INFO - Processing file /mnt/d/Programming/Vietnamese-Text-Generator/airflow_env/lib/python3.10/site-packages/airflow/example_dags/plugins/workday.py for tasks to queue
[2024-05-24T17:12:22.425+0700] {logging_mixin.py:188} INFO - [2024-05-24T17:12:22.422+0700] {dagbag.py:540} INFO - Filling up the DagBag from /mnt/d/Programming/Vietnamese-Text-Generator/airflow_env/lib/python3.10/site-packages/airflow/example_dags/plugins/workday.py
[2024-05-24T17:12:22.523+0700] {processor.py:842} WARNING - No viable dags retrieved from /mnt/d/Programming/Vietnamese-Text-Generator/airflow_env/lib/python3.10/site-packages/airflow/example_dags/plugins/workday.py
[2024-05-24T17:12:22.593+0700] {processor.py:183} INFO - Processing /mnt/d/Programming/Vietnamese-Text-Generator/airflow_env/lib/python3.10/site-packages/airflow/example_dags/plugins/workday.py took 0.222 seconds
[2024-05-24T17:13:31.690+0700] {processor.py:161} INFO - Started process (PID=4978) to work on /mnt/d/Programming/Vietnamese-Text-Generator/airflow_env/lib/python3.10/site-packages/airflow/example_dags/plugins/workday.py
[2024-05-24T17:13:31.697+0700] {processor.py:830} INFO - Processing file /mnt/d/Programming/Vietnamese-Text-Generator/airflow_env/lib/python3.10/site-packages/airflow/example_dags/plugins/workday.py for tasks to queue
[2024-05-24T17:13:31.709+0700] {logging_mixin.py:188} INFO - [2024-05-24T17:13:31.705+0700] {dagbag.py:540} INFO - Filling up the DagBag from /mnt/d/Programming/Vietnamese-Text-Generator/airflow_env/lib/python3.10/site-packages/airflow/example_dags/plugins/workday.py
[2024-05-24T17:13:31.826+0700] {processor.py:842} WARNING - No viable dags retrieved from /mnt/d/Programming/Vietnamese-Text-Generator/airflow_env/lib/python3.10/site-packages/airflow/example_dags/plugins/workday.py
[2024-05-24T17:13:31.896+0700] {processor.py:183} INFO - Processing /mnt/d/Programming/Vietnamese-Text-Generator/airflow_env/lib/python3.10/site-packages/airflow/example_dags/plugins/workday.py took 0.254 seconds
[2024-05-24T17:14:37.134+0700] {processor.py:161} INFO - Started process (PID=5262) to work on /mnt/d/Programming/Vietnamese-Text-Generator/airflow_env/lib/python3.10/site-packages/airflow/example_dags/plugins/workday.py
[2024-05-24T17:14:37.140+0700] {processor.py:830} INFO - Processing file /mnt/d/Programming/Vietnamese-Text-Generator/airflow_env/lib/python3.10/site-packages/airflow/example_dags/plugins/workday.py for tasks to queue
[2024-05-24T17:14:37.152+0700] {logging_mixin.py:188} INFO - [2024-05-24T17:14:37.148+0700] {dagbag.py:540} INFO - Filling up the DagBag from /mnt/d/Programming/Vietnamese-Text-Generator/airflow_env/lib/python3.10/site-packages/airflow/example_dags/plugins/workday.py
[2024-05-24T17:14:37.271+0700] {processor.py:842} WARNING - No viable dags retrieved from /mnt/d/Programming/Vietnamese-Text-Generator/airflow_env/lib/python3.10/site-packages/airflow/example_dags/plugins/workday.py
[2024-05-24T17:14:37.341+0700] {processor.py:183} INFO - Processing /mnt/d/Programming/Vietnamese-Text-Generator/airflow_env/lib/python3.10/site-packages/airflow/example_dags/plugins/workday.py took 0.251 seconds
[2024-05-24T17:15:46.158+0700] {processor.py:161} INFO - Started process (PID=5568) to work on /mnt/d/Programming/Vietnamese-Text-Generator/airflow_env/lib/python3.10/site-packages/airflow/example_dags/plugins/workday.py
[2024-05-24T17:15:46.164+0700] {processor.py:830} INFO - Processing file /mnt/d/Programming/Vietnamese-Text-Generator/airflow_env/lib/python3.10/site-packages/airflow/example_dags/plugins/workday.py for tasks to queue
[2024-05-24T17:15:46.176+0700] {logging_mixin.py:188} INFO - [2024-05-24T17:15:46.172+0700] {dagbag.py:540} INFO - Filling up the DagBag from /mnt/d/Programming/Vietnamese-Text-Generator/airflow_env/lib/python3.10/site-packages/airflow/example_dags/plugins/workday.py
[2024-05-24T17:15:46.281+0700] {processor.py:842} WARNING - No viable dags retrieved from /mnt/d/Programming/Vietnamese-Text-Generator/airflow_env/lib/python3.10/site-packages/airflow/example_dags/plugins/workday.py
[2024-05-24T17:15:46.345+0700] {processor.py:183} INFO - Processing /mnt/d/Programming/Vietnamese-Text-Generator/airflow_env/lib/python3.10/site-packages/airflow/example_dags/plugins/workday.py took 0.231 seconds
[2024-05-24T17:17:00.417+0700] {processor.py:161} INFO - Started process (PID=5885) to work on /mnt/d/Programming/Vietnamese-Text-Generator/airflow_env/lib/python3.10/site-packages/airflow/example_dags/plugins/workday.py
[2024-05-24T17:17:00.425+0700] {processor.py:830} INFO - Processing file /mnt/d/Programming/Vietnamese-Text-Generator/airflow_env/lib/python3.10/site-packages/airflow/example_dags/plugins/workday.py for tasks to queue
[2024-05-24T17:17:00.438+0700] {logging_mixin.py:188} INFO - [2024-05-24T17:17:00.434+0700] {dagbag.py:540} INFO - Filling up the DagBag from /mnt/d/Programming/Vietnamese-Text-Generator/airflow_env/lib/python3.10/site-packages/airflow/example_dags/plugins/workday.py
[2024-05-24T17:17:00.559+0700] {processor.py:842} WARNING - No viable dags retrieved from /mnt/d/Programming/Vietnamese-Text-Generator/airflow_env/lib/python3.10/site-packages/airflow/example_dags/plugins/workday.py
[2024-05-24T17:17:00.640+0700] {processor.py:183} INFO - Processing /mnt/d/Programming/Vietnamese-Text-Generator/airflow_env/lib/python3.10/site-packages/airflow/example_dags/plugins/workday.py took 0.272 seconds
[2024-05-24T17:18:13.036+0700] {processor.py:161} INFO - Started process (PID=6208) to work on /mnt/d/Programming/Vietnamese-Text-Generator/airflow_env/lib/python3.10/site-packages/airflow/example_dags/plugins/workday.py
[2024-05-24T17:18:13.044+0700] {processor.py:830} INFO - Processing file /mnt/d/Programming/Vietnamese-Text-Generator/airflow_env/lib/python3.10/site-packages/airflow/example_dags/plugins/workday.py for tasks to queue
[2024-05-24T17:18:13.058+0700] {logging_mixin.py:188} INFO - [2024-05-24T17:18:13.054+0700] {dagbag.py:540} INFO - Filling up the DagBag from /mnt/d/Programming/Vietnamese-Text-Generator/airflow_env/lib/python3.10/site-packages/airflow/example_dags/plugins/workday.py
[2024-05-24T17:18:13.194+0700] {processor.py:842} WARNING - No viable dags retrieved from /mnt/d/Programming/Vietnamese-Text-Generator/airflow_env/lib/python3.10/site-packages/airflow/example_dags/plugins/workday.py
[2024-05-24T17:18:13.278+0700] {processor.py:183} INFO - Processing /mnt/d/Programming/Vietnamese-Text-Generator/airflow_env/lib/python3.10/site-packages/airflow/example_dags/plugins/workday.py took 0.305 seconds
[2024-05-24T17:19:21.877+0700] {processor.py:161} INFO - Started process (PID=6511) to work on /mnt/d/Programming/Vietnamese-Text-Generator/airflow_env/lib/python3.10/site-packages/airflow/example_dags/plugins/workday.py
[2024-05-24T17:19:21.880+0700] {processor.py:830} INFO - Processing file /mnt/d/Programming/Vietnamese-Text-Generator/airflow_env/lib/python3.10/site-packages/airflow/example_dags/plugins/workday.py for tasks to queue
[2024-05-24T17:19:21.886+0700] {logging_mixin.py:188} INFO - [2024-05-24T17:19:21.884+0700] {dagbag.py:540} INFO - Filling up the DagBag from /mnt/d/Programming/Vietnamese-Text-Generator/airflow_env/lib/python3.10/site-packages/airflow/example_dags/plugins/workday.py
[2024-05-24T17:19:21.925+0700] {processor.py:842} WARNING - No viable dags retrieved from /mnt/d/Programming/Vietnamese-Text-Generator/airflow_env/lib/python3.10/site-packages/airflow/example_dags/plugins/workday.py
[2024-05-24T17:19:21.954+0700] {processor.py:183} INFO - Processing /mnt/d/Programming/Vietnamese-Text-Generator/airflow_env/lib/python3.10/site-packages/airflow/example_dags/plugins/workday.py took 0.134 seconds
[2024-05-24T17:20:28.418+0700] {processor.py:161} INFO - Started process (PID=6804) to work on /mnt/d/Programming/Vietnamese-Text-Generator/airflow_env/lib/python3.10/site-packages/airflow/example_dags/plugins/workday.py
[2024-05-24T17:20:28.424+0700] {processor.py:830} INFO - Processing file /mnt/d/Programming/Vietnamese-Text-Generator/airflow_env/lib/python3.10/site-packages/airflow/example_dags/plugins/workday.py for tasks to queue
[2024-05-24T17:20:28.435+0700] {logging_mixin.py:188} INFO - [2024-05-24T17:20:28.431+0700] {dagbag.py:540} INFO - Filling up the DagBag from /mnt/d/Programming/Vietnamese-Text-Generator/airflow_env/lib/python3.10/site-packages/airflow/example_dags/plugins/workday.py
[2024-05-24T17:20:28.547+0700] {processor.py:842} WARNING - No viable dags retrieved from /mnt/d/Programming/Vietnamese-Text-Generator/airflow_env/lib/python3.10/site-packages/airflow/example_dags/plugins/workday.py
[2024-05-24T17:20:28.620+0700] {processor.py:183} INFO - Processing /mnt/d/Programming/Vietnamese-Text-Generator/airflow_env/lib/python3.10/site-packages/airflow/example_dags/plugins/workday.py took 0.243 seconds
[2024-05-24T17:21:35.606+0700] {processor.py:161} INFO - Started process (PID=7096) to work on /mnt/d/Programming/Vietnamese-Text-Generator/airflow_env/lib/python3.10/site-packages/airflow/example_dags/plugins/workday.py
[2024-05-24T17:21:35.608+0700] {processor.py:830} INFO - Processing file /mnt/d/Programming/Vietnamese-Text-Generator/airflow_env/lib/python3.10/site-packages/airflow/example_dags/plugins/workday.py for tasks to queue
[2024-05-24T17:21:35.612+0700] {logging_mixin.py:188} INFO - [2024-05-24T17:21:35.611+0700] {dagbag.py:540} INFO - Filling up the DagBag from /mnt/d/Programming/Vietnamese-Text-Generator/airflow_env/lib/python3.10/site-packages/airflow/example_dags/plugins/workday.py
[2024-05-24T17:21:35.648+0700] {processor.py:842} WARNING - No viable dags retrieved from /mnt/d/Programming/Vietnamese-Text-Generator/airflow_env/lib/python3.10/site-packages/airflow/example_dags/plugins/workday.py
[2024-05-24T17:21:35.669+0700] {processor.py:183} INFO - Processing /mnt/d/Programming/Vietnamese-Text-Generator/airflow_env/lib/python3.10/site-packages/airflow/example_dags/plugins/workday.py took 0.089 seconds
[2024-05-24T17:22:43.384+0700] {processor.py:161} INFO - Started process (PID=7390) to work on /mnt/d/Programming/Vietnamese-Text-Generator/airflow_env/lib/python3.10/site-packages/airflow/example_dags/plugins/workday.py
[2024-05-24T17:22:43.391+0700] {processor.py:830} INFO - Processing file /mnt/d/Programming/Vietnamese-Text-Generator/airflow_env/lib/python3.10/site-packages/airflow/example_dags/plugins/workday.py for tasks to queue
[2024-05-24T17:22:43.402+0700] {logging_mixin.py:188} INFO - [2024-05-24T17:22:43.398+0700] {dagbag.py:540} INFO - Filling up the DagBag from /mnt/d/Programming/Vietnamese-Text-Generator/airflow_env/lib/python3.10/site-packages/airflow/example_dags/plugins/workday.py
[2024-05-24T17:22:43.506+0700] {processor.py:842} WARNING - No viable dags retrieved from /mnt/d/Programming/Vietnamese-Text-Generator/airflow_env/lib/python3.10/site-packages/airflow/example_dags/plugins/workday.py
[2024-05-24T17:22:43.577+0700] {processor.py:183} INFO - Processing /mnt/d/Programming/Vietnamese-Text-Generator/airflow_env/lib/python3.10/site-packages/airflow/example_dags/plugins/workday.py took 0.236 seconds
[2024-05-24T17:23:48.478+0700] {processor.py:161} INFO - Started process (PID=7675) to work on /mnt/d/Programming/Vietnamese-Text-Generator/airflow_env/lib/python3.10/site-packages/airflow/example_dags/plugins/workday.py
[2024-05-24T17:23:48.486+0700] {processor.py:830} INFO - Processing file /mnt/d/Programming/Vietnamese-Text-Generator/airflow_env/lib/python3.10/site-packages/airflow/example_dags/plugins/workday.py for tasks to queue
[2024-05-24T17:23:48.498+0700] {logging_mixin.py:188} INFO - [2024-05-24T17:23:48.494+0700] {dagbag.py:540} INFO - Filling up the DagBag from /mnt/d/Programming/Vietnamese-Text-Generator/airflow_env/lib/python3.10/site-packages/airflow/example_dags/plugins/workday.py
[2024-05-24T17:23:48.606+0700] {processor.py:842} WARNING - No viable dags retrieved from /mnt/d/Programming/Vietnamese-Text-Generator/airflow_env/lib/python3.10/site-packages/airflow/example_dags/plugins/workday.py
[2024-05-24T17:23:48.685+0700] {processor.py:183} INFO - Processing /mnt/d/Programming/Vietnamese-Text-Generator/airflow_env/lib/python3.10/site-packages/airflow/example_dags/plugins/workday.py took 0.256 seconds
[2024-05-24T17:46:38.349+0700] {processor.py:161} INFO - Started process (PID=7987) to work on /mnt/d/Programming/Vietnamese-Text-Generator/airflow_env/lib/python3.10/site-packages/airflow/example_dags/plugins/workday.py
[2024-05-24T17:46:38.352+0700] {processor.py:830} INFO - Processing file /mnt/d/Programming/Vietnamese-Text-Generator/airflow_env/lib/python3.10/site-packages/airflow/example_dags/plugins/workday.py for tasks to queue
[2024-05-24T17:46:38.362+0700] {logging_mixin.py:188} INFO - [2024-05-24T17:46:38.355+0700] {dagbag.py:540} INFO - Filling up the DagBag from /mnt/d/Programming/Vietnamese-Text-Generator/airflow_env/lib/python3.10/site-packages/airflow/example_dags/plugins/workday.py
[2024-05-24T17:46:38.401+0700] {processor.py:842} WARNING - No viable dags retrieved from /mnt/d/Programming/Vietnamese-Text-Generator/airflow_env/lib/python3.10/site-packages/airflow/example_dags/plugins/workday.py
[2024-05-24T17:46:38.450+0700] {processor.py:183} INFO - Processing /mnt/d/Programming/Vietnamese-Text-Generator/airflow_env/lib/python3.10/site-packages/airflow/example_dags/plugins/workday.py took 0.127 seconds
[2024-05-24T17:47:25.896+0700] {processor.py:161} INFO - Started process (PID=8217) to work on /mnt/d/Programming/Vietnamese-Text-Generator/airflow_env/lib/python3.10/site-packages/airflow/example_dags/plugins/workday.py
[2024-05-24T17:47:25.897+0700] {processor.py:830} INFO - Processing file /mnt/d/Programming/Vietnamese-Text-Generator/airflow_env/lib/python3.10/site-packages/airflow/example_dags/plugins/workday.py for tasks to queue
[2024-05-24T17:47:25.902+0700] {logging_mixin.py:188} INFO - [2024-05-24T17:47:25.900+0700] {dagbag.py:540} INFO - Filling up the DagBag from /mnt/d/Programming/Vietnamese-Text-Generator/airflow_env/lib/python3.10/site-packages/airflow/example_dags/plugins/workday.py
[2024-05-24T17:47:25.926+0700] {processor.py:842} WARNING - No viable dags retrieved from /mnt/d/Programming/Vietnamese-Text-Generator/airflow_env/lib/python3.10/site-packages/airflow/example_dags/plugins/workday.py
[2024-05-24T17:47:25.950+0700] {processor.py:183} INFO - Processing /mnt/d/Programming/Vietnamese-Text-Generator/airflow_env/lib/python3.10/site-packages/airflow/example_dags/plugins/workday.py took 0.067 seconds
[2024-05-24T17:47:59.300+0700] {processor.py:161} INFO - Started process (PID=8382) to work on /mnt/d/Programming/Vietnamese-Text-Generator/airflow_env/lib/python3.10/site-packages/airflow/example_dags/plugins/workday.py
[2024-05-24T17:47:59.307+0700] {processor.py:830} INFO - Processing file /mnt/d/Programming/Vietnamese-Text-Generator/airflow_env/lib/python3.10/site-packages/airflow/example_dags/plugins/workday.py for tasks to queue
[2024-05-24T17:47:59.324+0700] {logging_mixin.py:188} INFO - [2024-05-24T17:47:59.320+0700] {dagbag.py:540} INFO - Filling up the DagBag from /mnt/d/Programming/Vietnamese-Text-Generator/airflow_env/lib/python3.10/site-packages/airflow/example_dags/plugins/workday.py
[2024-05-24T17:47:59.471+0700] {processor.py:842} WARNING - No viable dags retrieved from /mnt/d/Programming/Vietnamese-Text-Generator/airflow_env/lib/python3.10/site-packages/airflow/example_dags/plugins/workday.py
[2024-05-24T17:47:59.563+0700] {processor.py:183} INFO - Processing /mnt/d/Programming/Vietnamese-Text-Generator/airflow_env/lib/python3.10/site-packages/airflow/example_dags/plugins/workday.py took 0.324 seconds
[2024-05-24T17:48:47.307+0700] {processor.py:161} INFO - Started process (PID=8590) to work on /mnt/d/Programming/Vietnamese-Text-Generator/airflow_env/lib/python3.10/site-packages/airflow/example_dags/plugins/workday.py
[2024-05-24T17:48:47.313+0700] {processor.py:830} INFO - Processing file /mnt/d/Programming/Vietnamese-Text-Generator/airflow_env/lib/python3.10/site-packages/airflow/example_dags/plugins/workday.py for tasks to queue
[2024-05-24T17:48:47.325+0700] {logging_mixin.py:188} INFO - [2024-05-24T17:48:47.321+0700] {dagbag.py:540} INFO - Filling up the DagBag from /mnt/d/Programming/Vietnamese-Text-Generator/airflow_env/lib/python3.10/site-packages/airflow/example_dags/plugins/workday.py
[2024-05-24T17:48:47.440+0700] {processor.py:842} WARNING - No viable dags retrieved from /mnt/d/Programming/Vietnamese-Text-Generator/airflow_env/lib/python3.10/site-packages/airflow/example_dags/plugins/workday.py
[2024-05-24T17:48:47.509+0700] {processor.py:183} INFO - Processing /mnt/d/Programming/Vietnamese-Text-Generator/airflow_env/lib/python3.10/site-packages/airflow/example_dags/plugins/workday.py took 0.246 seconds
[2024-05-24T17:49:50.072+0700] {processor.py:161} INFO - Started process (PID=8868) to work on /mnt/d/Programming/Vietnamese-Text-Generator/airflow_env/lib/python3.10/site-packages/airflow/example_dags/plugins/workday.py
[2024-05-24T17:49:50.078+0700] {processor.py:830} INFO - Processing file /mnt/d/Programming/Vietnamese-Text-Generator/airflow_env/lib/python3.10/site-packages/airflow/example_dags/plugins/workday.py for tasks to queue
[2024-05-24T17:49:50.090+0700] {logging_mixin.py:188} INFO - [2024-05-24T17:49:50.086+0700] {dagbag.py:540} INFO - Filling up the DagBag from /mnt/d/Programming/Vietnamese-Text-Generator/airflow_env/lib/python3.10/site-packages/airflow/example_dags/plugins/workday.py
[2024-05-24T17:49:50.196+0700] {processor.py:842} WARNING - No viable dags retrieved from /mnt/d/Programming/Vietnamese-Text-Generator/airflow_env/lib/python3.10/site-packages/airflow/example_dags/plugins/workday.py
[2024-05-24T17:49:50.266+0700] {processor.py:183} INFO - Processing /mnt/d/Programming/Vietnamese-Text-Generator/airflow_env/lib/python3.10/site-packages/airflow/example_dags/plugins/workday.py took 0.245 seconds
[2024-05-24T17:50:58.155+0700] {processor.py:161} INFO - Started process (PID=9161) to work on /mnt/d/Programming/Vietnamese-Text-Generator/airflow_env/lib/python3.10/site-packages/airflow/example_dags/plugins/workday.py
[2024-05-24T17:50:58.161+0700] {processor.py:830} INFO - Processing file /mnt/d/Programming/Vietnamese-Text-Generator/airflow_env/lib/python3.10/site-packages/airflow/example_dags/plugins/workday.py for tasks to queue
[2024-05-24T17:50:58.172+0700] {logging_mixin.py:188} INFO - [2024-05-24T17:50:58.169+0700] {dagbag.py:540} INFO - Filling up the DagBag from /mnt/d/Programming/Vietnamese-Text-Generator/airflow_env/lib/python3.10/site-packages/airflow/example_dags/plugins/workday.py
[2024-05-24T17:50:58.247+0700] {processor.py:842} WARNING - No viable dags retrieved from /mnt/d/Programming/Vietnamese-Text-Generator/airflow_env/lib/python3.10/site-packages/airflow/example_dags/plugins/workday.py
[2024-05-24T17:50:58.289+0700] {processor.py:183} INFO - Processing /mnt/d/Programming/Vietnamese-Text-Generator/airflow_env/lib/python3.10/site-packages/airflow/example_dags/plugins/workday.py took 0.194 seconds
[2024-05-24T17:52:10.191+0700] {processor.py:161} INFO - Started process (PID=9480) to work on /mnt/d/Programming/Vietnamese-Text-Generator/airflow_env/lib/python3.10/site-packages/airflow/example_dags/plugins/workday.py
[2024-05-24T17:52:10.197+0700] {processor.py:830} INFO - Processing file /mnt/d/Programming/Vietnamese-Text-Generator/airflow_env/lib/python3.10/site-packages/airflow/example_dags/plugins/workday.py for tasks to queue
[2024-05-24T17:52:10.209+0700] {logging_mixin.py:188} INFO - [2024-05-24T17:52:10.205+0700] {dagbag.py:540} INFO - Filling up the DagBag from /mnt/d/Programming/Vietnamese-Text-Generator/airflow_env/lib/python3.10/site-packages/airflow/example_dags/plugins/workday.py
[2024-05-24T17:52:10.283+0700] {processor.py:842} WARNING - No viable dags retrieved from /mnt/d/Programming/Vietnamese-Text-Generator/airflow_env/lib/python3.10/site-packages/airflow/example_dags/plugins/workday.py
[2024-05-24T17:52:10.317+0700] {processor.py:183} INFO - Processing /mnt/d/Programming/Vietnamese-Text-Generator/airflow_env/lib/python3.10/site-packages/airflow/example_dags/plugins/workday.py took 0.164 seconds
[2024-05-24T17:53:16.267+0700] {processor.py:161} INFO - Started process (PID=9767) to work on /mnt/d/Programming/Vietnamese-Text-Generator/airflow_env/lib/python3.10/site-packages/airflow/example_dags/plugins/workday.py
[2024-05-24T17:53:16.273+0700] {processor.py:830} INFO - Processing file /mnt/d/Programming/Vietnamese-Text-Generator/airflow_env/lib/python3.10/site-packages/airflow/example_dags/plugins/workday.py for tasks to queue
[2024-05-24T17:53:16.285+0700] {logging_mixin.py:188} INFO - [2024-05-24T17:53:16.281+0700] {dagbag.py:540} INFO - Filling up the DagBag from /mnt/d/Programming/Vietnamese-Text-Generator/airflow_env/lib/python3.10/site-packages/airflow/example_dags/plugins/workday.py
[2024-05-24T17:53:16.405+0700] {processor.py:842} WARNING - No viable dags retrieved from /mnt/d/Programming/Vietnamese-Text-Generator/airflow_env/lib/python3.10/site-packages/airflow/example_dags/plugins/workday.py
[2024-05-24T17:53:16.474+0700] {processor.py:183} INFO - Processing /mnt/d/Programming/Vietnamese-Text-Generator/airflow_env/lib/python3.10/site-packages/airflow/example_dags/plugins/workday.py took 0.251 seconds
[2024-05-24T17:54:26.268+0700] {processor.py:161} INFO - Started process (PID=10071) to work on /mnt/d/Programming/Vietnamese-Text-Generator/airflow_env/lib/python3.10/site-packages/airflow/example_dags/plugins/workday.py
[2024-05-24T17:54:26.274+0700] {processor.py:830} INFO - Processing file /mnt/d/Programming/Vietnamese-Text-Generator/airflow_env/lib/python3.10/site-packages/airflow/example_dags/plugins/workday.py for tasks to queue
[2024-05-24T17:54:26.285+0700] {logging_mixin.py:188} INFO - [2024-05-24T17:54:26.281+0700] {dagbag.py:540} INFO - Filling up the DagBag from /mnt/d/Programming/Vietnamese-Text-Generator/airflow_env/lib/python3.10/site-packages/airflow/example_dags/plugins/workday.py
[2024-05-24T17:54:26.404+0700] {processor.py:842} WARNING - No viable dags retrieved from /mnt/d/Programming/Vietnamese-Text-Generator/airflow_env/lib/python3.10/site-packages/airflow/example_dags/plugins/workday.py
[2024-05-24T17:54:26.473+0700] {processor.py:183} INFO - Processing /mnt/d/Programming/Vietnamese-Text-Generator/airflow_env/lib/python3.10/site-packages/airflow/example_dags/plugins/workday.py took 0.245 seconds
[2024-05-24T17:55:36.502+0700] {processor.py:161} INFO - Started process (PID=10380) to work on /mnt/d/Programming/Vietnamese-Text-Generator/airflow_env/lib/python3.10/site-packages/airflow/example_dags/plugins/workday.py
[2024-05-24T17:55:36.509+0700] {processor.py:830} INFO - Processing file /mnt/d/Programming/Vietnamese-Text-Generator/airflow_env/lib/python3.10/site-packages/airflow/example_dags/plugins/workday.py for tasks to queue
[2024-05-24T17:55:36.521+0700] {logging_mixin.py:188} INFO - [2024-05-24T17:55:36.517+0700] {dagbag.py:540} INFO - Filling up the DagBag from /mnt/d/Programming/Vietnamese-Text-Generator/airflow_env/lib/python3.10/site-packages/airflow/example_dags/plugins/workday.py
[2024-05-24T17:55:36.616+0700] {processor.py:842} WARNING - No viable dags retrieved from /mnt/d/Programming/Vietnamese-Text-Generator/airflow_env/lib/python3.10/site-packages/airflow/example_dags/plugins/workday.py
[2024-05-24T17:55:36.678+0700] {processor.py:183} INFO - Processing /mnt/d/Programming/Vietnamese-Text-Generator/airflow_env/lib/python3.10/site-packages/airflow/example_dags/plugins/workday.py took 0.218 seconds
[2024-05-24T17:56:46.859+0700] {processor.py:161} INFO - Started process (PID=10686) to work on /mnt/d/Programming/Vietnamese-Text-Generator/airflow_env/lib/python3.10/site-packages/airflow/example_dags/plugins/workday.py
[2024-05-24T17:56:46.865+0700] {processor.py:830} INFO - Processing file /mnt/d/Programming/Vietnamese-Text-Generator/airflow_env/lib/python3.10/site-packages/airflow/example_dags/plugins/workday.py for tasks to queue
[2024-05-24T17:56:46.877+0700] {logging_mixin.py:188} INFO - [2024-05-24T17:56:46.874+0700] {dagbag.py:540} INFO - Filling up the DagBag from /mnt/d/Programming/Vietnamese-Text-Generator/airflow_env/lib/python3.10/site-packages/airflow/example_dags/plugins/workday.py
[2024-05-24T17:56:46.989+0700] {processor.py:842} WARNING - No viable dags retrieved from /mnt/d/Programming/Vietnamese-Text-Generator/airflow_env/lib/python3.10/site-packages/airflow/example_dags/plugins/workday.py
[2024-05-24T17:56:47.055+0700] {processor.py:183} INFO - Processing /mnt/d/Programming/Vietnamese-Text-Generator/airflow_env/lib/python3.10/site-packages/airflow/example_dags/plugins/workday.py took 0.240 seconds
[2024-05-24T17:57:54.934+0700] {processor.py:161} INFO - Started process (PID=10983) to work on /mnt/d/Programming/Vietnamese-Text-Generator/airflow_env/lib/python3.10/site-packages/airflow/example_dags/plugins/workday.py
[2024-05-24T17:57:54.940+0700] {processor.py:830} INFO - Processing file /mnt/d/Programming/Vietnamese-Text-Generator/airflow_env/lib/python3.10/site-packages/airflow/example_dags/plugins/workday.py for tasks to queue
[2024-05-24T17:57:54.952+0700] {logging_mixin.py:188} INFO - [2024-05-24T17:57:54.948+0700] {dagbag.py:540} INFO - Filling up the DagBag from /mnt/d/Programming/Vietnamese-Text-Generator/airflow_env/lib/python3.10/site-packages/airflow/example_dags/plugins/workday.py
[2024-05-24T17:57:55.046+0700] {processor.py:842} WARNING - No viable dags retrieved from /mnt/d/Programming/Vietnamese-Text-Generator/airflow_env/lib/python3.10/site-packages/airflow/example_dags/plugins/workday.py
[2024-05-24T17:57:55.100+0700] {processor.py:183} INFO - Processing /mnt/d/Programming/Vietnamese-Text-Generator/airflow_env/lib/python3.10/site-packages/airflow/example_dags/plugins/workday.py took 0.208 seconds
[2024-05-24T17:59:00.984+0700] {processor.py:161} INFO - Started process (PID=11272) to work on /mnt/d/Programming/Vietnamese-Text-Generator/airflow_env/lib/python3.10/site-packages/airflow/example_dags/plugins/workday.py
[2024-05-24T17:59:00.991+0700] {processor.py:830} INFO - Processing file /mnt/d/Programming/Vietnamese-Text-Generator/airflow_env/lib/python3.10/site-packages/airflow/example_dags/plugins/workday.py for tasks to queue
[2024-05-24T17:59:01.004+0700] {logging_mixin.py:188} INFO - [2024-05-24T17:59:01.000+0700] {dagbag.py:540} INFO - Filling up the DagBag from /mnt/d/Programming/Vietnamese-Text-Generator/airflow_env/lib/python3.10/site-packages/airflow/example_dags/plugins/workday.py
[2024-05-24T17:59:01.128+0700] {processor.py:842} WARNING - No viable dags retrieved from /mnt/d/Programming/Vietnamese-Text-Generator/airflow_env/lib/python3.10/site-packages/airflow/example_dags/plugins/workday.py
[2024-05-24T17:59:01.199+0700] {processor.py:183} INFO - Processing /mnt/d/Programming/Vietnamese-Text-Generator/airflow_env/lib/python3.10/site-packages/airflow/example_dags/plugins/workday.py took 0.264 seconds
[2024-05-24T18:00:10.468+0700] {processor.py:161} INFO - Started process (PID=11572) to work on /mnt/d/Programming/Vietnamese-Text-Generator/airflow_env/lib/python3.10/site-packages/airflow/example_dags/plugins/workday.py
[2024-05-24T18:00:10.470+0700] {processor.py:830} INFO - Processing file /mnt/d/Programming/Vietnamese-Text-Generator/airflow_env/lib/python3.10/site-packages/airflow/example_dags/plugins/workday.py for tasks to queue
[2024-05-24T18:00:10.473+0700] {logging_mixin.py:188} INFO - [2024-05-24T18:00:10.472+0700] {dagbag.py:540} INFO - Filling up the DagBag from /mnt/d/Programming/Vietnamese-Text-Generator/airflow_env/lib/python3.10/site-packages/airflow/example_dags/plugins/workday.py
[2024-05-24T18:00:10.500+0700] {processor.py:842} WARNING - No viable dags retrieved from /mnt/d/Programming/Vietnamese-Text-Generator/airflow_env/lib/python3.10/site-packages/airflow/example_dags/plugins/workday.py
[2024-05-24T18:00:10.538+0700] {processor.py:183} INFO - Processing /mnt/d/Programming/Vietnamese-Text-Generator/airflow_env/lib/python3.10/site-packages/airflow/example_dags/plugins/workday.py took 0.082 seconds
[2024-05-24T18:01:16.959+0700] {processor.py:161} INFO - Started process (PID=11864) to work on /mnt/d/Programming/Vietnamese-Text-Generator/airflow_env/lib/python3.10/site-packages/airflow/example_dags/plugins/workday.py
[2024-05-24T18:01:16.966+0700] {processor.py:830} INFO - Processing file /mnt/d/Programming/Vietnamese-Text-Generator/airflow_env/lib/python3.10/site-packages/airflow/example_dags/plugins/workday.py for tasks to queue
[2024-05-24T18:01:16.979+0700] {logging_mixin.py:188} INFO - [2024-05-24T18:01:16.975+0700] {dagbag.py:540} INFO - Filling up the DagBag from /mnt/d/Programming/Vietnamese-Text-Generator/airflow_env/lib/python3.10/site-packages/airflow/example_dags/plugins/workday.py
[2024-05-24T18:01:17.090+0700] {processor.py:842} WARNING - No viable dags retrieved from /mnt/d/Programming/Vietnamese-Text-Generator/airflow_env/lib/python3.10/site-packages/airflow/example_dags/plugins/workday.py
[2024-05-24T18:01:17.152+0700] {processor.py:183} INFO - Processing /mnt/d/Programming/Vietnamese-Text-Generator/airflow_env/lib/python3.10/site-packages/airflow/example_dags/plugins/workday.py took 0.240 seconds
[2024-05-24T18:02:30.437+0700] {processor.py:161} INFO - Started process (PID=12182) to work on /mnt/d/Programming/Vietnamese-Text-Generator/airflow_env/lib/python3.10/site-packages/airflow/example_dags/plugins/workday.py
[2024-05-24T18:02:30.446+0700] {processor.py:830} INFO - Processing file /mnt/d/Programming/Vietnamese-Text-Generator/airflow_env/lib/python3.10/site-packages/airflow/example_dags/plugins/workday.py for tasks to queue
[2024-05-24T18:02:30.458+0700] {logging_mixin.py:188} INFO - [2024-05-24T18:02:30.454+0700] {dagbag.py:540} INFO - Filling up the DagBag from /mnt/d/Programming/Vietnamese-Text-Generator/airflow_env/lib/python3.10/site-packages/airflow/example_dags/plugins/workday.py
[2024-05-24T18:02:30.573+0700] {processor.py:842} WARNING - No viable dags retrieved from /mnt/d/Programming/Vietnamese-Text-Generator/airflow_env/lib/python3.10/site-packages/airflow/example_dags/plugins/workday.py
[2024-05-24T18:02:30.641+0700] {processor.py:183} INFO - Processing /mnt/d/Programming/Vietnamese-Text-Generator/airflow_env/lib/python3.10/site-packages/airflow/example_dags/plugins/workday.py took 0.253 seconds
[2024-05-24T18:03:41.254+0700] {processor.py:161} INFO - Started process (PID=12492) to work on /mnt/d/Programming/Vietnamese-Text-Generator/airflow_env/lib/python3.10/site-packages/airflow/example_dags/plugins/workday.py
[2024-05-24T18:03:41.261+0700] {processor.py:830} INFO - Processing file /mnt/d/Programming/Vietnamese-Text-Generator/airflow_env/lib/python3.10/site-packages/airflow/example_dags/plugins/workday.py for tasks to queue
[2024-05-24T18:03:41.274+0700] {logging_mixin.py:188} INFO - [2024-05-24T18:03:41.270+0700] {dagbag.py:540} INFO - Filling up the DagBag from /mnt/d/Programming/Vietnamese-Text-Generator/airflow_env/lib/python3.10/site-packages/airflow/example_dags/plugins/workday.py
[2024-05-24T18:03:41.391+0700] {processor.py:842} WARNING - No viable dags retrieved from /mnt/d/Programming/Vietnamese-Text-Generator/airflow_env/lib/python3.10/site-packages/airflow/example_dags/plugins/workday.py
[2024-05-24T18:03:41.460+0700] {processor.py:183} INFO - Processing /mnt/d/Programming/Vietnamese-Text-Generator/airflow_env/lib/python3.10/site-packages/airflow/example_dags/plugins/workday.py took 0.259 seconds
[2024-05-24T18:04:51.935+0700] {processor.py:161} INFO - Started process (PID=12798) to work on /mnt/d/Programming/Vietnamese-Text-Generator/airflow_env/lib/python3.10/site-packages/airflow/example_dags/plugins/workday.py
[2024-05-24T18:04:51.940+0700] {processor.py:830} INFO - Processing file /mnt/d/Programming/Vietnamese-Text-Generator/airflow_env/lib/python3.10/site-packages/airflow/example_dags/plugins/workday.py for tasks to queue
[2024-05-24T18:04:51.951+0700] {logging_mixin.py:188} INFO - [2024-05-24T18:04:51.947+0700] {dagbag.py:540} INFO - Filling up the DagBag from /mnt/d/Programming/Vietnamese-Text-Generator/airflow_env/lib/python3.10/site-packages/airflow/example_dags/plugins/workday.py
[2024-05-24T18:04:52.054+0700] {processor.py:842} WARNING - No viable dags retrieved from /mnt/d/Programming/Vietnamese-Text-Generator/airflow_env/lib/python3.10/site-packages/airflow/example_dags/plugins/workday.py
[2024-05-24T18:04:52.123+0700] {processor.py:183} INFO - Processing /mnt/d/Programming/Vietnamese-Text-Generator/airflow_env/lib/python3.10/site-packages/airflow/example_dags/plugins/workday.py took 0.233 seconds
