[2024-05-23T15:42:57.314+0700] {processor.py:161} INFO - Started process (PID=1156) to work on /mnt/d/Programming/Vietnamese-Text-Generator/airflow_env/lib/python3.10/site-packages/airflow/example_dags/example_python_operator.py
[2024-05-23T15:42:57.317+0700] {processor.py:830} INFO - Processing file /mnt/d/Programming/Vietnamese-Text-Generator/airflow_env/lib/python3.10/site-packages/airflow/example_dags/example_python_operator.py for tasks to queue
[2024-05-23T15:42:57.320+0700] {logging_mixin.py:188} INFO - [2024-05-23T15:42:57.319+0700] {dagbag.py:540} INFO - Filling up the DagBag from /mnt/d/Programming/Vietnamese-Text-Generator/airflow_env/lib/python3.10/site-packages/airflow/example_dags/example_python_operator.py
[2024-05-23T15:42:57.354+0700] {processor.py:840} INFO - DAG(s) 'example_python_operator' retrieved from /mnt/d/Programming/Vietnamese-Text-Generator/airflow_env/lib/python3.10/site-packages/airflow/example_dags/example_python_operator.py
[2024-05-23T15:42:58.206+0700] {logging_mixin.py:188} INFO - [2024-05-23T15:42:58.206+0700] {dag.py:3096} INFO - Sync 1 DAGs
[2024-05-23T15:42:58.220+0700] {logging_mixin.py:188} INFO - [2024-05-23T15:42:58.219+0700] {dag.py:3954} INFO - Setting next_dagrun for example_python_operator to None, run_after=None
[2024-05-23T15:42:58.281+0700] {processor.py:183} INFO - Processing /mnt/d/Programming/Vietnamese-Text-Generator/airflow_env/lib/python3.10/site-packages/airflow/example_dags/example_python_operator.py took 0.980 seconds
[2024-05-23T15:44:12.589+0700] {processor.py:161} INFO - Started process (PID=1517) to work on /mnt/d/Programming/Vietnamese-Text-Generator/airflow_env/lib/python3.10/site-packages/airflow/example_dags/example_python_operator.py
[2024-05-23T15:44:12.592+0700] {processor.py:830} INFO - Processing file /mnt/d/Programming/Vietnamese-Text-Generator/airflow_env/lib/python3.10/site-packages/airflow/example_dags/example_python_operator.py for tasks to queue
[2024-05-23T15:44:12.599+0700] {logging_mixin.py:188} INFO - [2024-05-23T15:44:12.598+0700] {dagbag.py:540} INFO - Filling up the DagBag from /mnt/d/Programming/Vietnamese-Text-Generator/airflow_env/lib/python3.10/site-packages/airflow/example_dags/example_python_operator.py
[2024-05-23T15:44:12.743+0700] {processor.py:840} INFO - DAG(s) 'example_python_operator' retrieved from /mnt/d/Programming/Vietnamese-Text-Generator/airflow_env/lib/python3.10/site-packages/airflow/example_dags/example_python_operator.py
[2024-05-23T15:44:12.913+0700] {logging_mixin.py:188} INFO - [2024-05-23T15:44:12.909+0700] {dag.py:3096} INFO - Sync 1 DAGs
[2024-05-23T15:44:12.959+0700] {logging_mixin.py:188} INFO - [2024-05-23T15:44:12.957+0700] {dag.py:3954} INFO - Setting next_dagrun for example_python_operator to None, run_after=None
[2024-05-23T15:44:13.124+0700] {processor.py:183} INFO - Processing /mnt/d/Programming/Vietnamese-Text-Generator/airflow_env/lib/python3.10/site-packages/airflow/example_dags/example_python_operator.py took 0.576 seconds
[2024-05-23T15:45:24.663+0700] {processor.py:161} INFO - Started process (PID=1868) to work on /mnt/d/Programming/Vietnamese-Text-Generator/airflow_env/lib/python3.10/site-packages/airflow/example_dags/example_python_operator.py
[2024-05-23T15:45:24.665+0700] {processor.py:830} INFO - Processing file /mnt/d/Programming/Vietnamese-Text-Generator/airflow_env/lib/python3.10/site-packages/airflow/example_dags/example_python_operator.py for tasks to queue
[2024-05-23T15:45:24.669+0700] {logging_mixin.py:188} INFO - [2024-05-23T15:45:24.667+0700] {dagbag.py:540} INFO - Filling up the DagBag from /mnt/d/Programming/Vietnamese-Text-Generator/airflow_env/lib/python3.10/site-packages/airflow/example_dags/example_python_operator.py
[2024-05-23T15:45:24.702+0700] {processor.py:840} INFO - DAG(s) 'example_python_operator' retrieved from /mnt/d/Programming/Vietnamese-Text-Generator/airflow_env/lib/python3.10/site-packages/airflow/example_dags/example_python_operator.py
[2024-05-23T15:45:24.737+0700] {logging_mixin.py:188} INFO - [2024-05-23T15:45:24.736+0700] {dag.py:3096} INFO - Sync 1 DAGs
[2024-05-23T15:45:24.754+0700] {logging_mixin.py:188} INFO - [2024-05-23T15:45:24.753+0700] {dag.py:3954} INFO - Setting next_dagrun for example_python_operator to None, run_after=None
[2024-05-23T15:45:24.824+0700] {processor.py:183} INFO - Processing /mnt/d/Programming/Vietnamese-Text-Generator/airflow_env/lib/python3.10/site-packages/airflow/example_dags/example_python_operator.py took 0.173 seconds
[2024-05-23T15:46:37.552+0700] {processor.py:161} INFO - Started process (PID=2569) to work on /mnt/d/Programming/Vietnamese-Text-Generator/airflow_env/lib/python3.10/site-packages/airflow/example_dags/example_python_operator.py
[2024-05-23T15:46:37.554+0700] {processor.py:830} INFO - Processing file /mnt/d/Programming/Vietnamese-Text-Generator/airflow_env/lib/python3.10/site-packages/airflow/example_dags/example_python_operator.py for tasks to queue
[2024-05-23T15:46:37.562+0700] {logging_mixin.py:188} INFO - [2024-05-23T15:46:37.559+0700] {dagbag.py:540} INFO - Filling up the DagBag from /mnt/d/Programming/Vietnamese-Text-Generator/airflow_env/lib/python3.10/site-packages/airflow/example_dags/example_python_operator.py
[2024-05-23T15:46:37.609+0700] {processor.py:840} INFO - DAG(s) 'example_python_operator' retrieved from /mnt/d/Programming/Vietnamese-Text-Generator/airflow_env/lib/python3.10/site-packages/airflow/example_dags/example_python_operator.py
[2024-05-23T15:46:37.650+0700] {logging_mixin.py:188} INFO - [2024-05-23T15:46:37.649+0700] {dag.py:3096} INFO - Sync 1 DAGs
[2024-05-23T15:46:37.676+0700] {logging_mixin.py:188} INFO - [2024-05-23T15:46:37.675+0700] {dag.py:3954} INFO - Setting next_dagrun for example_python_operator to None, run_after=None
[2024-05-23T15:46:37.780+0700] {processor.py:183} INFO - Processing /mnt/d/Programming/Vietnamese-Text-Generator/airflow_env/lib/python3.10/site-packages/airflow/example_dags/example_python_operator.py took 0.248 seconds
[2024-05-23T15:47:42.775+0700] {processor.py:161} INFO - Started process (PID=2881) to work on /mnt/d/Programming/Vietnamese-Text-Generator/airflow_env/lib/python3.10/site-packages/airflow/example_dags/example_python_operator.py
[2024-05-23T15:47:42.776+0700] {processor.py:830} INFO - Processing file /mnt/d/Programming/Vietnamese-Text-Generator/airflow_env/lib/python3.10/site-packages/airflow/example_dags/example_python_operator.py for tasks to queue
[2024-05-23T15:47:42.779+0700] {logging_mixin.py:188} INFO - [2024-05-23T15:47:42.778+0700] {dagbag.py:540} INFO - Filling up the DagBag from /mnt/d/Programming/Vietnamese-Text-Generator/airflow_env/lib/python3.10/site-packages/airflow/example_dags/example_python_operator.py
[2024-05-23T15:47:42.808+0700] {processor.py:840} INFO - DAG(s) 'example_python_operator' retrieved from /mnt/d/Programming/Vietnamese-Text-Generator/airflow_env/lib/python3.10/site-packages/airflow/example_dags/example_python_operator.py
[2024-05-23T15:47:42.841+0700] {logging_mixin.py:188} INFO - [2024-05-23T15:47:42.840+0700] {dag.py:3096} INFO - Sync 1 DAGs
[2024-05-23T15:47:42.854+0700] {logging_mixin.py:188} INFO - [2024-05-23T15:47:42.853+0700] {dag.py:3954} INFO - Setting next_dagrun for example_python_operator to None, run_after=None
[2024-05-23T15:47:42.904+0700] {processor.py:183} INFO - Processing /mnt/d/Programming/Vietnamese-Text-Generator/airflow_env/lib/python3.10/site-packages/airflow/example_dags/example_python_operator.py took 0.141 seconds
[2024-05-23T15:54:58.319+0700] {processor.py:161} INFO - Started process (PID=4731) to work on /mnt/d/Programming/Vietnamese-Text-Generator/airflow_env/lib/python3.10/site-packages/airflow/example_dags/example_python_operator.py
[2024-05-23T15:54:58.321+0700] {processor.py:830} INFO - Processing file /mnt/d/Programming/Vietnamese-Text-Generator/airflow_env/lib/python3.10/site-packages/airflow/example_dags/example_python_operator.py for tasks to queue
[2024-05-23T15:54:58.324+0700] {logging_mixin.py:188} INFO - [2024-05-23T15:54:58.322+0700] {dagbag.py:540} INFO - Filling up the DagBag from /mnt/d/Programming/Vietnamese-Text-Generator/airflow_env/lib/python3.10/site-packages/airflow/example_dags/example_python_operator.py
[2024-05-23T15:54:58.354+0700] {processor.py:840} INFO - DAG(s) 'example_python_operator' retrieved from /mnt/d/Programming/Vietnamese-Text-Generator/airflow_env/lib/python3.10/site-packages/airflow/example_dags/example_python_operator.py
[2024-05-23T15:54:58.392+0700] {logging_mixin.py:188} INFO - [2024-05-23T15:54:58.391+0700] {dag.py:3096} INFO - Sync 1 DAGs
[2024-05-23T15:54:58.407+0700] {logging_mixin.py:188} INFO - [2024-05-23T15:54:58.406+0700] {dag.py:3954} INFO - Setting next_dagrun for example_python_operator to None, run_after=None
[2024-05-23T15:54:58.470+0700] {processor.py:183} INFO - Processing /mnt/d/Programming/Vietnamese-Text-Generator/airflow_env/lib/python3.10/site-packages/airflow/example_dags/example_python_operator.py took 0.163 seconds
[2024-05-23T15:56:04.552+0700] {processor.py:161} INFO - Started process (PID=5047) to work on /mnt/d/Programming/Vietnamese-Text-Generator/airflow_env/lib/python3.10/site-packages/airflow/example_dags/example_python_operator.py
[2024-05-23T15:56:04.553+0700] {processor.py:830} INFO - Processing file /mnt/d/Programming/Vietnamese-Text-Generator/airflow_env/lib/python3.10/site-packages/airflow/example_dags/example_python_operator.py for tasks to queue
[2024-05-23T15:56:04.556+0700] {logging_mixin.py:188} INFO - [2024-05-23T15:56:04.555+0700] {dagbag.py:540} INFO - Filling up the DagBag from /mnt/d/Programming/Vietnamese-Text-Generator/airflow_env/lib/python3.10/site-packages/airflow/example_dags/example_python_operator.py
[2024-05-23T15:56:04.587+0700] {processor.py:840} INFO - DAG(s) 'example_python_operator' retrieved from /mnt/d/Programming/Vietnamese-Text-Generator/airflow_env/lib/python3.10/site-packages/airflow/example_dags/example_python_operator.py
[2024-05-23T15:56:04.619+0700] {logging_mixin.py:188} INFO - [2024-05-23T15:56:04.617+0700] {dag.py:3096} INFO - Sync 1 DAGs
[2024-05-23T15:56:04.636+0700] {logging_mixin.py:188} INFO - [2024-05-23T15:56:04.635+0700] {dag.py:3954} INFO - Setting next_dagrun for example_python_operator to None, run_after=None
[2024-05-23T15:56:04.690+0700] {processor.py:183} INFO - Processing /mnt/d/Programming/Vietnamese-Text-Generator/airflow_env/lib/python3.10/site-packages/airflow/example_dags/example_python_operator.py took 0.150 seconds
[2024-05-23T15:57:12.965+0700] {processor.py:161} INFO - Started process (PID=5370) to work on /mnt/d/Programming/Vietnamese-Text-Generator/airflow_env/lib/python3.10/site-packages/airflow/example_dags/example_python_operator.py
[2024-05-23T15:57:12.968+0700] {processor.py:830} INFO - Processing file /mnt/d/Programming/Vietnamese-Text-Generator/airflow_env/lib/python3.10/site-packages/airflow/example_dags/example_python_operator.py for tasks to queue
[2024-05-23T15:57:12.971+0700] {logging_mixin.py:188} INFO - [2024-05-23T15:57:12.969+0700] {dagbag.py:540} INFO - Filling up the DagBag from /mnt/d/Programming/Vietnamese-Text-Generator/airflow_env/lib/python3.10/site-packages/airflow/example_dags/example_python_operator.py
[2024-05-23T15:57:13.018+0700] {processor.py:840} INFO - DAG(s) 'example_python_operator' retrieved from /mnt/d/Programming/Vietnamese-Text-Generator/airflow_env/lib/python3.10/site-packages/airflow/example_dags/example_python_operator.py
[2024-05-23T15:57:13.052+0700] {logging_mixin.py:188} INFO - [2024-05-23T15:57:13.051+0700] {dag.py:3096} INFO - Sync 1 DAGs
[2024-05-23T15:57:13.068+0700] {logging_mixin.py:188} INFO - [2024-05-23T15:57:13.067+0700] {dag.py:3954} INFO - Setting next_dagrun for example_python_operator to None, run_after=None
[2024-05-23T15:57:13.151+0700] {processor.py:183} INFO - Processing /mnt/d/Programming/Vietnamese-Text-Generator/airflow_env/lib/python3.10/site-packages/airflow/example_dags/example_python_operator.py took 0.204 seconds
[2024-05-23T15:58:22.573+0700] {processor.py:161} INFO - Started process (PID=5696) to work on /mnt/d/Programming/Vietnamese-Text-Generator/airflow_env/lib/python3.10/site-packages/airflow/example_dags/example_python_operator.py
[2024-05-23T15:58:22.575+0700] {processor.py:830} INFO - Processing file /mnt/d/Programming/Vietnamese-Text-Generator/airflow_env/lib/python3.10/site-packages/airflow/example_dags/example_python_operator.py for tasks to queue
[2024-05-23T15:58:22.578+0700] {logging_mixin.py:188} INFO - [2024-05-23T15:58:22.577+0700] {dagbag.py:540} INFO - Filling up the DagBag from /mnt/d/Programming/Vietnamese-Text-Generator/airflow_env/lib/python3.10/site-packages/airflow/example_dags/example_python_operator.py
[2024-05-23T15:58:22.611+0700] {processor.py:840} INFO - DAG(s) 'example_python_operator' retrieved from /mnt/d/Programming/Vietnamese-Text-Generator/airflow_env/lib/python3.10/site-packages/airflow/example_dags/example_python_operator.py
[2024-05-23T15:58:22.644+0700] {logging_mixin.py:188} INFO - [2024-05-23T15:58:22.643+0700] {dag.py:3096} INFO - Sync 1 DAGs
[2024-05-23T15:58:22.660+0700] {logging_mixin.py:188} INFO - [2024-05-23T15:58:22.658+0700] {dag.py:3954} INFO - Setting next_dagrun for example_python_operator to None, run_after=None
[2024-05-23T15:58:22.716+0700] {processor.py:183} INFO - Processing /mnt/d/Programming/Vietnamese-Text-Generator/airflow_env/lib/python3.10/site-packages/airflow/example_dags/example_python_operator.py took 0.159 seconds
[2024-05-23T15:59:34.648+0700] {processor.py:161} INFO - Started process (PID=6034) to work on /mnt/d/Programming/Vietnamese-Text-Generator/airflow_env/lib/python3.10/site-packages/airflow/example_dags/example_python_operator.py
[2024-05-23T15:59:34.650+0700] {processor.py:830} INFO - Processing file /mnt/d/Programming/Vietnamese-Text-Generator/airflow_env/lib/python3.10/site-packages/airflow/example_dags/example_python_operator.py for tasks to queue
[2024-05-23T15:59:34.653+0700] {logging_mixin.py:188} INFO - [2024-05-23T15:59:34.652+0700] {dagbag.py:540} INFO - Filling up the DagBag from /mnt/d/Programming/Vietnamese-Text-Generator/airflow_env/lib/python3.10/site-packages/airflow/example_dags/example_python_operator.py
[2024-05-23T15:59:34.686+0700] {processor.py:840} INFO - DAG(s) 'example_python_operator' retrieved from /mnt/d/Programming/Vietnamese-Text-Generator/airflow_env/lib/python3.10/site-packages/airflow/example_dags/example_python_operator.py
[2024-05-23T15:59:34.718+0700] {logging_mixin.py:188} INFO - [2024-05-23T15:59:34.717+0700] {dag.py:3096} INFO - Sync 1 DAGs
[2024-05-23T15:59:34.734+0700] {logging_mixin.py:188} INFO - [2024-05-23T15:59:34.733+0700] {dag.py:3954} INFO - Setting next_dagrun for example_python_operator to None, run_after=None
[2024-05-23T15:59:34.798+0700] {processor.py:183} INFO - Processing /mnt/d/Programming/Vietnamese-Text-Generator/airflow_env/lib/python3.10/site-packages/airflow/example_dags/example_python_operator.py took 0.163 seconds
[2024-05-23T16:00:41.558+0700] {processor.py:161} INFO - Started process (PID=6355) to work on /mnt/d/Programming/Vietnamese-Text-Generator/airflow_env/lib/python3.10/site-packages/airflow/example_dags/example_python_operator.py
[2024-05-23T16:00:41.560+0700] {processor.py:830} INFO - Processing file /mnt/d/Programming/Vietnamese-Text-Generator/airflow_env/lib/python3.10/site-packages/airflow/example_dags/example_python_operator.py for tasks to queue
[2024-05-23T16:00:41.564+0700] {logging_mixin.py:188} INFO - [2024-05-23T16:00:41.562+0700] {dagbag.py:540} INFO - Filling up the DagBag from /mnt/d/Programming/Vietnamese-Text-Generator/airflow_env/lib/python3.10/site-packages/airflow/example_dags/example_python_operator.py
[2024-05-23T16:00:41.598+0700] {processor.py:840} INFO - DAG(s) 'example_python_operator' retrieved from /mnt/d/Programming/Vietnamese-Text-Generator/airflow_env/lib/python3.10/site-packages/airflow/example_dags/example_python_operator.py
[2024-05-23T16:00:41.635+0700] {logging_mixin.py:188} INFO - [2024-05-23T16:00:41.634+0700] {dag.py:3096} INFO - Sync 1 DAGs
[2024-05-23T16:00:41.649+0700] {logging_mixin.py:188} INFO - [2024-05-23T16:00:41.648+0700] {dag.py:3954} INFO - Setting next_dagrun for example_python_operator to None, run_after=None
[2024-05-23T16:00:41.702+0700] {processor.py:183} INFO - Processing /mnt/d/Programming/Vietnamese-Text-Generator/airflow_env/lib/python3.10/site-packages/airflow/example_dags/example_python_operator.py took 0.156 seconds
[2024-05-23T16:01:48.468+0700] {processor.py:161} INFO - Started process (PID=6668) to work on /mnt/d/Programming/Vietnamese-Text-Generator/airflow_env/lib/python3.10/site-packages/airflow/example_dags/example_python_operator.py
[2024-05-23T16:01:48.470+0700] {processor.py:830} INFO - Processing file /mnt/d/Programming/Vietnamese-Text-Generator/airflow_env/lib/python3.10/site-packages/airflow/example_dags/example_python_operator.py for tasks to queue
[2024-05-23T16:01:48.473+0700] {logging_mixin.py:188} INFO - [2024-05-23T16:01:48.472+0700] {dagbag.py:540} INFO - Filling up the DagBag from /mnt/d/Programming/Vietnamese-Text-Generator/airflow_env/lib/python3.10/site-packages/airflow/example_dags/example_python_operator.py
[2024-05-23T16:01:48.502+0700] {processor.py:840} INFO - DAG(s) 'example_python_operator' retrieved from /mnt/d/Programming/Vietnamese-Text-Generator/airflow_env/lib/python3.10/site-packages/airflow/example_dags/example_python_operator.py
[2024-05-23T16:01:48.531+0700] {logging_mixin.py:188} INFO - [2024-05-23T16:01:48.530+0700] {dag.py:3096} INFO - Sync 1 DAGs
[2024-05-23T16:01:48.546+0700] {logging_mixin.py:188} INFO - [2024-05-23T16:01:48.545+0700] {dag.py:3954} INFO - Setting next_dagrun for example_python_operator to None, run_after=None
[2024-05-23T16:01:48.600+0700] {processor.py:183} INFO - Processing /mnt/d/Programming/Vietnamese-Text-Generator/airflow_env/lib/python3.10/site-packages/airflow/example_dags/example_python_operator.py took 0.143 seconds
[2024-05-23T16:02:56.363+0700] {processor.py:161} INFO - Started process (PID=6990) to work on /mnt/d/Programming/Vietnamese-Text-Generator/airflow_env/lib/python3.10/site-packages/airflow/example_dags/example_python_operator.py
[2024-05-23T16:02:56.365+0700] {processor.py:830} INFO - Processing file /mnt/d/Programming/Vietnamese-Text-Generator/airflow_env/lib/python3.10/site-packages/airflow/example_dags/example_python_operator.py for tasks to queue
[2024-05-23T16:02:56.368+0700] {logging_mixin.py:188} INFO - [2024-05-23T16:02:56.367+0700] {dagbag.py:540} INFO - Filling up the DagBag from /mnt/d/Programming/Vietnamese-Text-Generator/airflow_env/lib/python3.10/site-packages/airflow/example_dags/example_python_operator.py
[2024-05-23T16:02:56.398+0700] {processor.py:840} INFO - DAG(s) 'example_python_operator' retrieved from /mnt/d/Programming/Vietnamese-Text-Generator/airflow_env/lib/python3.10/site-packages/airflow/example_dags/example_python_operator.py
[2024-05-23T16:02:56.432+0700] {logging_mixin.py:188} INFO - [2024-05-23T16:02:56.430+0700] {dag.py:3096} INFO - Sync 1 DAGs
[2024-05-23T16:02:56.447+0700] {logging_mixin.py:188} INFO - [2024-05-23T16:02:56.446+0700] {dag.py:3954} INFO - Setting next_dagrun for example_python_operator to None, run_after=None
[2024-05-23T16:02:56.504+0700] {processor.py:183} INFO - Processing /mnt/d/Programming/Vietnamese-Text-Generator/airflow_env/lib/python3.10/site-packages/airflow/example_dags/example_python_operator.py took 0.152 seconds
[2024-05-23T16:04:11.943+0700] {processor.py:161} INFO - Started process (PID=7346) to work on /mnt/d/Programming/Vietnamese-Text-Generator/airflow_env/lib/python3.10/site-packages/airflow/example_dags/example_python_operator.py
[2024-05-23T16:04:11.945+0700] {processor.py:830} INFO - Processing file /mnt/d/Programming/Vietnamese-Text-Generator/airflow_env/lib/python3.10/site-packages/airflow/example_dags/example_python_operator.py for tasks to queue
[2024-05-23T16:04:11.949+0700] {logging_mixin.py:188} INFO - [2024-05-23T16:04:11.948+0700] {dagbag.py:540} INFO - Filling up the DagBag from /mnt/d/Programming/Vietnamese-Text-Generator/airflow_env/lib/python3.10/site-packages/airflow/example_dags/example_python_operator.py
[2024-05-23T16:04:11.995+0700] {processor.py:840} INFO - DAG(s) 'example_python_operator' retrieved from /mnt/d/Programming/Vietnamese-Text-Generator/airflow_env/lib/python3.10/site-packages/airflow/example_dags/example_python_operator.py
[2024-05-23T16:04:12.025+0700] {logging_mixin.py:188} INFO - [2024-05-23T16:04:12.024+0700] {dag.py:3096} INFO - Sync 1 DAGs
[2024-05-23T16:04:12.040+0700] {logging_mixin.py:188} INFO - [2024-05-23T16:04:12.039+0700] {dag.py:3954} INFO - Setting next_dagrun for example_python_operator to None, run_after=None
[2024-05-23T16:04:12.092+0700] {processor.py:183} INFO - Processing /mnt/d/Programming/Vietnamese-Text-Generator/airflow_env/lib/python3.10/site-packages/airflow/example_dags/example_python_operator.py took 0.170 seconds
[2024-05-23T16:35:16.625+0700] {processor.py:161} INFO - Started process (PID=17118) to work on /mnt/d/Programming/Vietnamese-Text-Generator/airflow_env/lib/python3.10/site-packages/airflow/example_dags/example_python_operator.py
[2024-05-23T16:35:16.627+0700] {processor.py:830} INFO - Processing file /mnt/d/Programming/Vietnamese-Text-Generator/airflow_env/lib/python3.10/site-packages/airflow/example_dags/example_python_operator.py for tasks to queue
[2024-05-23T16:35:16.629+0700] {logging_mixin.py:188} INFO - [2024-05-23T16:35:16.628+0700] {dagbag.py:540} INFO - Filling up the DagBag from /mnt/d/Programming/Vietnamese-Text-Generator/airflow_env/lib/python3.10/site-packages/airflow/example_dags/example_python_operator.py
[2024-05-23T16:35:16.659+0700] {processor.py:840} INFO - DAG(s) 'example_python_operator' retrieved from /mnt/d/Programming/Vietnamese-Text-Generator/airflow_env/lib/python3.10/site-packages/airflow/example_dags/example_python_operator.py
[2024-05-23T16:35:16.700+0700] {logging_mixin.py:188} INFO - [2024-05-23T16:35:16.699+0700] {dag.py:3096} INFO - Sync 1 DAGs
[2024-05-23T16:35:16.718+0700] {logging_mixin.py:188} INFO - [2024-05-23T16:35:16.717+0700] {dag.py:3954} INFO - Setting next_dagrun for example_python_operator to None, run_after=None
[2024-05-23T16:35:16.778+0700] {processor.py:183} INFO - Processing /mnt/d/Programming/Vietnamese-Text-Generator/airflow_env/lib/python3.10/site-packages/airflow/example_dags/example_python_operator.py took 0.164 seconds
[2024-05-23T16:36:24.402+0700] {processor.py:161} INFO - Started process (PID=17432) to work on /mnt/d/Programming/Vietnamese-Text-Generator/airflow_env/lib/python3.10/site-packages/airflow/example_dags/example_python_operator.py
[2024-05-23T16:36:24.404+0700] {processor.py:830} INFO - Processing file /mnt/d/Programming/Vietnamese-Text-Generator/airflow_env/lib/python3.10/site-packages/airflow/example_dags/example_python_operator.py for tasks to queue
[2024-05-23T16:36:24.407+0700] {logging_mixin.py:188} INFO - [2024-05-23T16:36:24.405+0700] {dagbag.py:540} INFO - Filling up the DagBag from /mnt/d/Programming/Vietnamese-Text-Generator/airflow_env/lib/python3.10/site-packages/airflow/example_dags/example_python_operator.py
[2024-05-23T16:36:24.444+0700] {processor.py:840} INFO - DAG(s) 'example_python_operator' retrieved from /mnt/d/Programming/Vietnamese-Text-Generator/airflow_env/lib/python3.10/site-packages/airflow/example_dags/example_python_operator.py
[2024-05-23T16:36:24.479+0700] {logging_mixin.py:188} INFO - [2024-05-23T16:36:24.478+0700] {dag.py:3096} INFO - Sync 1 DAGs
[2024-05-23T16:36:24.495+0700] {logging_mixin.py:188} INFO - [2024-05-23T16:36:24.494+0700] {dag.py:3954} INFO - Setting next_dagrun for example_python_operator to None, run_after=None
[2024-05-23T16:36:24.554+0700] {processor.py:183} INFO - Processing /mnt/d/Programming/Vietnamese-Text-Generator/airflow_env/lib/python3.10/site-packages/airflow/example_dags/example_python_operator.py took 0.165 seconds
[2024-05-23T16:37:39.839+0700] {processor.py:161} INFO - Started process (PID=17783) to work on /mnt/d/Programming/Vietnamese-Text-Generator/airflow_env/lib/python3.10/site-packages/airflow/example_dags/example_python_operator.py
[2024-05-23T16:37:39.841+0700] {processor.py:830} INFO - Processing file /mnt/d/Programming/Vietnamese-Text-Generator/airflow_env/lib/python3.10/site-packages/airflow/example_dags/example_python_operator.py for tasks to queue
[2024-05-23T16:37:39.843+0700] {logging_mixin.py:188} INFO - [2024-05-23T16:37:39.843+0700] {dagbag.py:540} INFO - Filling up the DagBag from /mnt/d/Programming/Vietnamese-Text-Generator/airflow_env/lib/python3.10/site-packages/airflow/example_dags/example_python_operator.py
[2024-05-23T16:37:39.875+0700] {processor.py:840} INFO - DAG(s) 'example_python_operator' retrieved from /mnt/d/Programming/Vietnamese-Text-Generator/airflow_env/lib/python3.10/site-packages/airflow/example_dags/example_python_operator.py
[2024-05-23T16:37:39.908+0700] {logging_mixin.py:188} INFO - [2024-05-23T16:37:39.906+0700] {dag.py:3096} INFO - Sync 1 DAGs
[2024-05-23T16:37:39.924+0700] {logging_mixin.py:188} INFO - [2024-05-23T16:37:39.922+0700] {dag.py:3954} INFO - Setting next_dagrun for example_python_operator to None, run_after=None
[2024-05-23T16:37:39.983+0700] {processor.py:183} INFO - Processing /mnt/d/Programming/Vietnamese-Text-Generator/airflow_env/lib/python3.10/site-packages/airflow/example_dags/example_python_operator.py took 0.155 seconds
[2024-05-23T16:50:04.370+0700] {processor.py:161} INFO - Started process (PID=20939) to work on /mnt/d/Programming/Vietnamese-Text-Generator/airflow_env/lib/python3.10/site-packages/airflow/example_dags/example_python_operator.py
[2024-05-23T16:50:04.373+0700] {processor.py:830} INFO - Processing file /mnt/d/Programming/Vietnamese-Text-Generator/airflow_env/lib/python3.10/site-packages/airflow/example_dags/example_python_operator.py for tasks to queue
[2024-05-23T16:50:04.376+0700] {logging_mixin.py:188} INFO - [2024-05-23T16:50:04.375+0700] {dagbag.py:540} INFO - Filling up the DagBag from /mnt/d/Programming/Vietnamese-Text-Generator/airflow_env/lib/python3.10/site-packages/airflow/example_dags/example_python_operator.py
[2024-05-23T16:50:04.412+0700] {processor.py:840} INFO - DAG(s) 'example_python_operator' retrieved from /mnt/d/Programming/Vietnamese-Text-Generator/airflow_env/lib/python3.10/site-packages/airflow/example_dags/example_python_operator.py
[2024-05-23T16:50:05.413+0700] {logging_mixin.py:188} INFO - [2024-05-23T16:50:05.412+0700] {dag.py:3096} INFO - Sync 1 DAGs
[2024-05-23T16:50:05.426+0700] {logging_mixin.py:188} INFO - [2024-05-23T16:50:05.425+0700] {dag.py:3954} INFO - Setting next_dagrun for example_python_operator to None, run_after=None
[2024-05-23T16:50:05.511+0700] {processor.py:183} INFO - Processing /mnt/d/Programming/Vietnamese-Text-Generator/airflow_env/lib/python3.10/site-packages/airflow/example_dags/example_python_operator.py took 1.155 seconds
[2024-05-23T16:51:19.726+0700] {processor.py:161} INFO - Started process (PID=21287) to work on /mnt/d/Programming/Vietnamese-Text-Generator/airflow_env/lib/python3.10/site-packages/airflow/example_dags/example_python_operator.py
[2024-05-23T16:51:19.727+0700] {processor.py:830} INFO - Processing file /mnt/d/Programming/Vietnamese-Text-Generator/airflow_env/lib/python3.10/site-packages/airflow/example_dags/example_python_operator.py for tasks to queue
[2024-05-23T16:51:19.729+0700] {logging_mixin.py:188} INFO - [2024-05-23T16:51:19.728+0700] {dagbag.py:540} INFO - Filling up the DagBag from /mnt/d/Programming/Vietnamese-Text-Generator/airflow_env/lib/python3.10/site-packages/airflow/example_dags/example_python_operator.py
[2024-05-23T16:51:19.762+0700] {processor.py:840} INFO - DAG(s) 'example_python_operator' retrieved from /mnt/d/Programming/Vietnamese-Text-Generator/airflow_env/lib/python3.10/site-packages/airflow/example_dags/example_python_operator.py
[2024-05-23T16:51:19.793+0700] {logging_mixin.py:188} INFO - [2024-05-23T16:51:19.792+0700] {dag.py:3096} INFO - Sync 1 DAGs
[2024-05-23T16:51:19.810+0700] {logging_mixin.py:188} INFO - [2024-05-23T16:51:19.809+0700] {dag.py:3954} INFO - Setting next_dagrun for example_python_operator to None, run_after=None
[2024-05-23T16:51:19.872+0700] {processor.py:183} INFO - Processing /mnt/d/Programming/Vietnamese-Text-Generator/airflow_env/lib/python3.10/site-packages/airflow/example_dags/example_python_operator.py took 0.158 seconds
[2024-05-23T16:52:33.587+0700] {processor.py:161} INFO - Started process (PID=21631) to work on /mnt/d/Programming/Vietnamese-Text-Generator/airflow_env/lib/python3.10/site-packages/airflow/example_dags/example_python_operator.py
[2024-05-23T16:52:33.590+0700] {processor.py:830} INFO - Processing file /mnt/d/Programming/Vietnamese-Text-Generator/airflow_env/lib/python3.10/site-packages/airflow/example_dags/example_python_operator.py for tasks to queue
[2024-05-23T16:52:33.594+0700] {logging_mixin.py:188} INFO - [2024-05-23T16:52:33.593+0700] {dagbag.py:540} INFO - Filling up the DagBag from /mnt/d/Programming/Vietnamese-Text-Generator/airflow_env/lib/python3.10/site-packages/airflow/example_dags/example_python_operator.py
[2024-05-23T16:52:33.643+0700] {processor.py:840} INFO - DAG(s) 'example_python_operator' retrieved from /mnt/d/Programming/Vietnamese-Text-Generator/airflow_env/lib/python3.10/site-packages/airflow/example_dags/example_python_operator.py
[2024-05-23T16:52:33.690+0700] {logging_mixin.py:188} INFO - [2024-05-23T16:52:33.688+0700] {dag.py:3096} INFO - Sync 1 DAGs
[2024-05-23T16:52:33.712+0700] {logging_mixin.py:188} INFO - [2024-05-23T16:52:33.711+0700] {dag.py:3954} INFO - Setting next_dagrun for example_python_operator to None, run_after=None
[2024-05-23T16:52:33.776+0700] {processor.py:183} INFO - Processing /mnt/d/Programming/Vietnamese-Text-Generator/airflow_env/lib/python3.10/site-packages/airflow/example_dags/example_python_operator.py took 0.205 seconds
[2024-05-23T16:53:46.484+0700] {processor.py:161} INFO - Started process (PID=21970) to work on /mnt/d/Programming/Vietnamese-Text-Generator/airflow_env/lib/python3.10/site-packages/airflow/example_dags/example_python_operator.py
[2024-05-23T16:53:46.487+0700] {processor.py:830} INFO - Processing file /mnt/d/Programming/Vietnamese-Text-Generator/airflow_env/lib/python3.10/site-packages/airflow/example_dags/example_python_operator.py for tasks to queue
[2024-05-23T16:53:46.490+0700] {logging_mixin.py:188} INFO - [2024-05-23T16:53:46.488+0700] {dagbag.py:540} INFO - Filling up the DagBag from /mnt/d/Programming/Vietnamese-Text-Generator/airflow_env/lib/python3.10/site-packages/airflow/example_dags/example_python_operator.py
[2024-05-23T16:53:46.521+0700] {processor.py:840} INFO - DAG(s) 'example_python_operator' retrieved from /mnt/d/Programming/Vietnamese-Text-Generator/airflow_env/lib/python3.10/site-packages/airflow/example_dags/example_python_operator.py
[2024-05-23T16:53:46.553+0700] {logging_mixin.py:188} INFO - [2024-05-23T16:53:46.551+0700] {dag.py:3096} INFO - Sync 1 DAGs
[2024-05-23T16:53:46.568+0700] {logging_mixin.py:188} INFO - [2024-05-23T16:53:46.567+0700] {dag.py:3954} INFO - Setting next_dagrun for example_python_operator to None, run_after=None
[2024-05-23T16:53:46.632+0700] {processor.py:183} INFO - Processing /mnt/d/Programming/Vietnamese-Text-Generator/airflow_env/lib/python3.10/site-packages/airflow/example_dags/example_python_operator.py took 0.161 seconds
[2024-05-23T16:54:56.030+0700] {processor.py:161} INFO - Started process (PID=22294) to work on /mnt/d/Programming/Vietnamese-Text-Generator/airflow_env/lib/python3.10/site-packages/airflow/example_dags/example_python_operator.py
[2024-05-23T16:54:56.031+0700] {processor.py:830} INFO - Processing file /mnt/d/Programming/Vietnamese-Text-Generator/airflow_env/lib/python3.10/site-packages/airflow/example_dags/example_python_operator.py for tasks to queue
[2024-05-23T16:54:56.034+0700] {logging_mixin.py:188} INFO - [2024-05-23T16:54:56.033+0700] {dagbag.py:540} INFO - Filling up the DagBag from /mnt/d/Programming/Vietnamese-Text-Generator/airflow_env/lib/python3.10/site-packages/airflow/example_dags/example_python_operator.py
[2024-05-23T16:54:56.062+0700] {processor.py:840} INFO - DAG(s) 'example_python_operator' retrieved from /mnt/d/Programming/Vietnamese-Text-Generator/airflow_env/lib/python3.10/site-packages/airflow/example_dags/example_python_operator.py
[2024-05-23T16:54:56.089+0700] {logging_mixin.py:188} INFO - [2024-05-23T16:54:56.088+0700] {dag.py:3096} INFO - Sync 1 DAGs
[2024-05-23T16:54:56.103+0700] {logging_mixin.py:188} INFO - [2024-05-23T16:54:56.103+0700] {dag.py:3954} INFO - Setting next_dagrun for example_python_operator to None, run_after=None
[2024-05-23T16:54:56.160+0700] {processor.py:183} INFO - Processing /mnt/d/Programming/Vietnamese-Text-Generator/airflow_env/lib/python3.10/site-packages/airflow/example_dags/example_python_operator.py took 0.142 seconds
[2024-05-23T16:56:02.936+0700] {processor.py:161} INFO - Started process (PID=22610) to work on /mnt/d/Programming/Vietnamese-Text-Generator/airflow_env/lib/python3.10/site-packages/airflow/example_dags/example_python_operator.py
[2024-05-23T16:56:02.938+0700] {processor.py:830} INFO - Processing file /mnt/d/Programming/Vietnamese-Text-Generator/airflow_env/lib/python3.10/site-packages/airflow/example_dags/example_python_operator.py for tasks to queue
[2024-05-23T16:56:02.940+0700] {logging_mixin.py:188} INFO - [2024-05-23T16:56:02.939+0700] {dagbag.py:540} INFO - Filling up the DagBag from /mnt/d/Programming/Vietnamese-Text-Generator/airflow_env/lib/python3.10/site-packages/airflow/example_dags/example_python_operator.py
[2024-05-23T16:56:02.974+0700] {processor.py:840} INFO - DAG(s) 'example_python_operator' retrieved from /mnt/d/Programming/Vietnamese-Text-Generator/airflow_env/lib/python3.10/site-packages/airflow/example_dags/example_python_operator.py
[2024-05-23T16:56:03.006+0700] {logging_mixin.py:188} INFO - [2024-05-23T16:56:03.005+0700] {dag.py:3096} INFO - Sync 1 DAGs
[2024-05-23T16:56:03.022+0700] {logging_mixin.py:188} INFO - [2024-05-23T16:56:03.022+0700] {dag.py:3954} INFO - Setting next_dagrun for example_python_operator to None, run_after=None
[2024-05-23T16:56:03.087+0700] {processor.py:183} INFO - Processing /mnt/d/Programming/Vietnamese-Text-Generator/airflow_env/lib/python3.10/site-packages/airflow/example_dags/example_python_operator.py took 0.163 seconds
[2024-05-23T16:57:12.502+0700] {processor.py:161} INFO - Started process (PID=22935) to work on /mnt/d/Programming/Vietnamese-Text-Generator/airflow_env/lib/python3.10/site-packages/airflow/example_dags/example_python_operator.py
[2024-05-23T16:57:12.504+0700] {processor.py:830} INFO - Processing file /mnt/d/Programming/Vietnamese-Text-Generator/airflow_env/lib/python3.10/site-packages/airflow/example_dags/example_python_operator.py for tasks to queue
[2024-05-23T16:57:12.506+0700] {logging_mixin.py:188} INFO - [2024-05-23T16:57:12.505+0700] {dagbag.py:540} INFO - Filling up the DagBag from /mnt/d/Programming/Vietnamese-Text-Generator/airflow_env/lib/python3.10/site-packages/airflow/example_dags/example_python_operator.py
[2024-05-23T16:57:12.539+0700] {processor.py:840} INFO - DAG(s) 'example_python_operator' retrieved from /mnt/d/Programming/Vietnamese-Text-Generator/airflow_env/lib/python3.10/site-packages/airflow/example_dags/example_python_operator.py
[2024-05-23T16:57:12.574+0700] {logging_mixin.py:188} INFO - [2024-05-23T16:57:12.573+0700] {dag.py:3096} INFO - Sync 1 DAGs
[2024-05-23T16:57:12.590+0700] {logging_mixin.py:188} INFO - [2024-05-23T16:57:12.590+0700] {dag.py:3954} INFO - Setting next_dagrun for example_python_operator to None, run_after=None
[2024-05-23T16:57:12.654+0700] {processor.py:183} INFO - Processing /mnt/d/Programming/Vietnamese-Text-Generator/airflow_env/lib/python3.10/site-packages/airflow/example_dags/example_python_operator.py took 0.164 seconds
[2024-05-23T16:58:21.158+0700] {processor.py:161} INFO - Started process (PID=23255) to work on /mnt/d/Programming/Vietnamese-Text-Generator/airflow_env/lib/python3.10/site-packages/airflow/example_dags/example_python_operator.py
[2024-05-23T16:58:21.159+0700] {processor.py:830} INFO - Processing file /mnt/d/Programming/Vietnamese-Text-Generator/airflow_env/lib/python3.10/site-packages/airflow/example_dags/example_python_operator.py for tasks to queue
[2024-05-23T16:58:21.162+0700] {logging_mixin.py:188} INFO - [2024-05-23T16:58:21.161+0700] {dagbag.py:540} INFO - Filling up the DagBag from /mnt/d/Programming/Vietnamese-Text-Generator/airflow_env/lib/python3.10/site-packages/airflow/example_dags/example_python_operator.py
[2024-05-23T16:58:21.195+0700] {processor.py:840} INFO - DAG(s) 'example_python_operator' retrieved from /mnt/d/Programming/Vietnamese-Text-Generator/airflow_env/lib/python3.10/site-packages/airflow/example_dags/example_python_operator.py
[2024-05-23T16:58:21.225+0700] {logging_mixin.py:188} INFO - [2024-05-23T16:58:21.224+0700] {dag.py:3096} INFO - Sync 1 DAGs
[2024-05-23T16:58:21.241+0700] {logging_mixin.py:188} INFO - [2024-05-23T16:58:21.240+0700] {dag.py:3954} INFO - Setting next_dagrun for example_python_operator to None, run_after=None
[2024-05-23T16:58:21.294+0700] {processor.py:183} INFO - Processing /mnt/d/Programming/Vietnamese-Text-Generator/airflow_env/lib/python3.10/site-packages/airflow/example_dags/example_python_operator.py took 0.150 seconds
[2024-05-23T16:59:32.062+0700] {processor.py:161} INFO - Started process (PID=23586) to work on /mnt/d/Programming/Vietnamese-Text-Generator/airflow_env/lib/python3.10/site-packages/airflow/example_dags/example_python_operator.py
[2024-05-23T16:59:32.064+0700] {processor.py:830} INFO - Processing file /mnt/d/Programming/Vietnamese-Text-Generator/airflow_env/lib/python3.10/site-packages/airflow/example_dags/example_python_operator.py for tasks to queue
[2024-05-23T16:59:32.067+0700] {logging_mixin.py:188} INFO - [2024-05-23T16:59:32.066+0700] {dagbag.py:540} INFO - Filling up the DagBag from /mnt/d/Programming/Vietnamese-Text-Generator/airflow_env/lib/python3.10/site-packages/airflow/example_dags/example_python_operator.py
[2024-05-23T16:59:32.103+0700] {processor.py:840} INFO - DAG(s) 'example_python_operator' retrieved from /mnt/d/Programming/Vietnamese-Text-Generator/airflow_env/lib/python3.10/site-packages/airflow/example_dags/example_python_operator.py
[2024-05-23T16:59:32.136+0700] {logging_mixin.py:188} INFO - [2024-05-23T16:59:32.134+0700] {dag.py:3096} INFO - Sync 1 DAGs
[2024-05-23T16:59:32.152+0700] {logging_mixin.py:188} INFO - [2024-05-23T16:59:32.151+0700] {dag.py:3954} INFO - Setting next_dagrun for example_python_operator to None, run_after=None
[2024-05-23T16:59:32.206+0700] {processor.py:183} INFO - Processing /mnt/d/Programming/Vietnamese-Text-Generator/airflow_env/lib/python3.10/site-packages/airflow/example_dags/example_python_operator.py took 0.155 seconds
[2024-05-23T17:00:40.080+0700] {processor.py:161} INFO - Started process (PID=23906) to work on /mnt/d/Programming/Vietnamese-Text-Generator/airflow_env/lib/python3.10/site-packages/airflow/example_dags/example_python_operator.py
[2024-05-23T17:00:40.083+0700] {processor.py:830} INFO - Processing file /mnt/d/Programming/Vietnamese-Text-Generator/airflow_env/lib/python3.10/site-packages/airflow/example_dags/example_python_operator.py for tasks to queue
[2024-05-23T17:00:40.087+0700] {logging_mixin.py:188} INFO - [2024-05-23T17:00:40.085+0700] {dagbag.py:540} INFO - Filling up the DagBag from /mnt/d/Programming/Vietnamese-Text-Generator/airflow_env/lib/python3.10/site-packages/airflow/example_dags/example_python_operator.py
[2024-05-23T17:00:40.124+0700] {processor.py:840} INFO - DAG(s) 'example_python_operator' retrieved from /mnt/d/Programming/Vietnamese-Text-Generator/airflow_env/lib/python3.10/site-packages/airflow/example_dags/example_python_operator.py
[2024-05-23T17:00:40.159+0700] {logging_mixin.py:188} INFO - [2024-05-23T17:00:40.158+0700] {dag.py:3096} INFO - Sync 1 DAGs
[2024-05-23T17:00:40.175+0700] {logging_mixin.py:188} INFO - [2024-05-23T17:00:40.174+0700] {dag.py:3954} INFO - Setting next_dagrun for example_python_operator to None, run_after=None
[2024-05-23T17:00:40.239+0700] {processor.py:183} INFO - Processing /mnt/d/Programming/Vietnamese-Text-Generator/airflow_env/lib/python3.10/site-packages/airflow/example_dags/example_python_operator.py took 0.179 seconds
[2024-05-23T17:01:48.087+0700] {processor.py:161} INFO - Started process (PID=24222) to work on /mnt/d/Programming/Vietnamese-Text-Generator/airflow_env/lib/python3.10/site-packages/airflow/example_dags/example_python_operator.py
[2024-05-23T17:01:48.089+0700] {processor.py:830} INFO - Processing file /mnt/d/Programming/Vietnamese-Text-Generator/airflow_env/lib/python3.10/site-packages/airflow/example_dags/example_python_operator.py for tasks to queue
[2024-05-23T17:01:48.091+0700] {logging_mixin.py:188} INFO - [2024-05-23T17:01:48.090+0700] {dagbag.py:540} INFO - Filling up the DagBag from /mnt/d/Programming/Vietnamese-Text-Generator/airflow_env/lib/python3.10/site-packages/airflow/example_dags/example_python_operator.py
[2024-05-23T17:01:48.120+0700] {processor.py:840} INFO - DAG(s) 'example_python_operator' retrieved from /mnt/d/Programming/Vietnamese-Text-Generator/airflow_env/lib/python3.10/site-packages/airflow/example_dags/example_python_operator.py
[2024-05-23T17:01:48.158+0700] {logging_mixin.py:188} INFO - [2024-05-23T17:01:48.156+0700] {dag.py:3096} INFO - Sync 1 DAGs
[2024-05-23T17:01:48.175+0700] {logging_mixin.py:188} INFO - [2024-05-23T17:01:48.174+0700] {dag.py:3954} INFO - Setting next_dagrun for example_python_operator to None, run_after=None
[2024-05-23T17:01:48.240+0700] {processor.py:183} INFO - Processing /mnt/d/Programming/Vietnamese-Text-Generator/airflow_env/lib/python3.10/site-packages/airflow/example_dags/example_python_operator.py took 0.164 seconds
[2024-05-23T17:03:01.473+0700] {processor.py:161} INFO - Started process (PID=24560) to work on /mnt/d/Programming/Vietnamese-Text-Generator/airflow_env/lib/python3.10/site-packages/airflow/example_dags/example_python_operator.py
[2024-05-23T17:03:01.475+0700] {processor.py:830} INFO - Processing file /mnt/d/Programming/Vietnamese-Text-Generator/airflow_env/lib/python3.10/site-packages/airflow/example_dags/example_python_operator.py for tasks to queue
[2024-05-23T17:03:01.477+0700] {logging_mixin.py:188} INFO - [2024-05-23T17:03:01.476+0700] {dagbag.py:540} INFO - Filling up the DagBag from /mnt/d/Programming/Vietnamese-Text-Generator/airflow_env/lib/python3.10/site-packages/airflow/example_dags/example_python_operator.py
[2024-05-23T17:03:01.507+0700] {processor.py:840} INFO - DAG(s) 'example_python_operator' retrieved from /mnt/d/Programming/Vietnamese-Text-Generator/airflow_env/lib/python3.10/site-packages/airflow/example_dags/example_python_operator.py
[2024-05-23T17:03:01.538+0700] {logging_mixin.py:188} INFO - [2024-05-23T17:03:01.537+0700] {dag.py:3096} INFO - Sync 1 DAGs
[2024-05-23T17:03:01.553+0700] {logging_mixin.py:188} INFO - [2024-05-23T17:03:01.552+0700] {dag.py:3954} INFO - Setting next_dagrun for example_python_operator to None, run_after=None
[2024-05-23T17:03:01.605+0700] {processor.py:183} INFO - Processing /mnt/d/Programming/Vietnamese-Text-Generator/airflow_env/lib/python3.10/site-packages/airflow/example_dags/example_python_operator.py took 0.145 seconds
[2024-05-23T17:04:07.925+0700] {processor.py:161} INFO - Started process (PID=24870) to work on /mnt/d/Programming/Vietnamese-Text-Generator/airflow_env/lib/python3.10/site-packages/airflow/example_dags/example_python_operator.py
[2024-05-23T17:04:07.926+0700] {processor.py:830} INFO - Processing file /mnt/d/Programming/Vietnamese-Text-Generator/airflow_env/lib/python3.10/site-packages/airflow/example_dags/example_python_operator.py for tasks to queue
[2024-05-23T17:04:07.928+0700] {logging_mixin.py:188} INFO - [2024-05-23T17:04:07.927+0700] {dagbag.py:540} INFO - Filling up the DagBag from /mnt/d/Programming/Vietnamese-Text-Generator/airflow_env/lib/python3.10/site-packages/airflow/example_dags/example_python_operator.py
[2024-05-23T17:04:07.960+0700] {processor.py:840} INFO - DAG(s) 'example_python_operator' retrieved from /mnt/d/Programming/Vietnamese-Text-Generator/airflow_env/lib/python3.10/site-packages/airflow/example_dags/example_python_operator.py
[2024-05-23T17:04:07.988+0700] {logging_mixin.py:188} INFO - [2024-05-23T17:04:07.987+0700] {dag.py:3096} INFO - Sync 1 DAGs
[2024-05-23T17:04:08.004+0700] {logging_mixin.py:188} INFO - [2024-05-23T17:04:08.003+0700] {dag.py:3954} INFO - Setting next_dagrun for example_python_operator to None, run_after=None
[2024-05-23T17:04:08.070+0700] {processor.py:183} INFO - Processing /mnt/d/Programming/Vietnamese-Text-Generator/airflow_env/lib/python3.10/site-packages/airflow/example_dags/example_python_operator.py took 0.156 seconds
