[2024-05-23T15:42:36.853+0700] {processor.py:161} INFO - Started process (PID=1055) to work on /mnt/d/Programming/Vietnamese-Text-Generator/airflow_env/lib/python3.10/site-packages/airflow/example_dags/example_xcomargs.py
[2024-05-23T15:42:36.855+0700] {processor.py:830} INFO - Processing file /mnt/d/Programming/Vietnamese-Text-Generator/airflow_env/lib/python3.10/site-packages/airflow/example_dags/example_xcomargs.py for tasks to queue
[2024-05-23T15:42:36.858+0700] {logging_mixin.py:188} INFO - [2024-05-23T15:42:36.857+0700] {dagbag.py:540} INFO - Filling up the DagBag from /mnt/d/Programming/Vietnamese-Text-Generator/airflow_env/lib/python3.10/site-packages/airflow/example_dags/example_xcomargs.py
[2024-05-23T15:42:36.924+0700] {processor.py:840} INFO - DAG(s) 'example_xcom_args_with_operators', 'example_xcom_args' retrieved from /mnt/d/Programming/Vietnamese-Text-Generator/airflow_env/lib/python3.10/site-packages/airflow/example_dags/example_xcomargs.py
[2024-05-23T15:42:37.019+0700] {logging_mixin.py:188} INFO - [2024-05-23T15:42:37.018+0700] {dag.py:3096} INFO - Sync 2 DAGs
[2024-05-23T15:42:37.033+0700] {logging_mixin.py:188} INFO - [2024-05-23T15:42:37.032+0700] {dag.py:3954} INFO - Setting next_dagrun for example_xcom_args to None, run_after=None
[2024-05-23T15:42:37.040+0700] {logging_mixin.py:188} INFO - [2024-05-23T15:42:37.039+0700] {dag.py:3954} INFO - Setting next_dagrun for example_xcom_args_with_operators to None, run_after=None
[2024-05-23T15:42:37.083+0700] {processor.py:183} INFO - Processing /mnt/d/Programming/Vietnamese-Text-Generator/airflow_env/lib/python3.10/site-packages/airflow/example_dags/example_xcomargs.py took 0.240 seconds
[2024-05-23T15:43:52.536+0700] {processor.py:161} INFO - Started process (PID=1421) to work on /mnt/d/Programming/Vietnamese-Text-Generator/airflow_env/lib/python3.10/site-packages/airflow/example_dags/example_xcomargs.py
[2024-05-23T15:43:52.537+0700] {processor.py:830} INFO - Processing file /mnt/d/Programming/Vietnamese-Text-Generator/airflow_env/lib/python3.10/site-packages/airflow/example_dags/example_xcomargs.py for tasks to queue
[2024-05-23T15:43:52.540+0700] {logging_mixin.py:188} INFO - [2024-05-23T15:43:52.539+0700] {dagbag.py:540} INFO - Filling up the DagBag from /mnt/d/Programming/Vietnamese-Text-Generator/airflow_env/lib/python3.10/site-packages/airflow/example_dags/example_xcomargs.py
[2024-05-23T15:43:52.558+0700] {processor.py:840} INFO - DAG(s) 'example_xcom_args', 'example_xcom_args_with_operators' retrieved from /mnt/d/Programming/Vietnamese-Text-Generator/airflow_env/lib/python3.10/site-packages/airflow/example_dags/example_xcomargs.py
[2024-05-23T15:43:52.595+0700] {logging_mixin.py:188} INFO - [2024-05-23T15:43:52.594+0700] {dag.py:3096} INFO - Sync 2 DAGs
[2024-05-23T15:43:52.611+0700] {logging_mixin.py:188} INFO - [2024-05-23T15:43:52.610+0700] {dag.py:3954} INFO - Setting next_dagrun for example_xcom_args to None, run_after=None
[2024-05-23T15:43:52.617+0700] {logging_mixin.py:188} INFO - [2024-05-23T15:43:52.616+0700] {dag.py:3954} INFO - Setting next_dagrun for example_xcom_args_with_operators to None, run_after=None
[2024-05-23T15:43:52.672+0700] {processor.py:183} INFO - Processing /mnt/d/Programming/Vietnamese-Text-Generator/airflow_env/lib/python3.10/site-packages/airflow/example_dags/example_xcomargs.py took 0.147 seconds
[2024-05-23T15:44:37.435+0700] {processor.py:161} INFO - Started process (PID=1638) to work on /mnt/d/Programming/Vietnamese-Text-Generator/airflow_env/lib/python3.10/site-packages/airflow/example_dags/example_xcomargs.py
[2024-05-23T15:44:37.437+0700] {processor.py:830} INFO - Processing file /mnt/d/Programming/Vietnamese-Text-Generator/airflow_env/lib/python3.10/site-packages/airflow/example_dags/example_xcomargs.py for tasks to queue
[2024-05-23T15:44:37.440+0700] {logging_mixin.py:188} INFO - [2024-05-23T15:44:37.439+0700] {dagbag.py:540} INFO - Filling up the DagBag from /mnt/d/Programming/Vietnamese-Text-Generator/airflow_env/lib/python3.10/site-packages/airflow/example_dags/example_xcomargs.py
[2024-05-23T15:44:37.467+0700] {processor.py:840} INFO - DAG(s) 'example_xcom_args', 'example_xcom_args_with_operators' retrieved from /mnt/d/Programming/Vietnamese-Text-Generator/airflow_env/lib/python3.10/site-packages/airflow/example_dags/example_xcomargs.py
[2024-05-23T15:44:37.504+0700] {logging_mixin.py:188} INFO - [2024-05-23T15:44:37.503+0700] {dag.py:3096} INFO - Sync 2 DAGs
[2024-05-23T15:44:37.522+0700] {logging_mixin.py:188} INFO - [2024-05-23T15:44:37.521+0700] {dag.py:3954} INFO - Setting next_dagrun for example_xcom_args to None, run_after=None
[2024-05-23T15:44:37.529+0700] {logging_mixin.py:188} INFO - [2024-05-23T15:44:37.529+0700] {dag.py:3954} INFO - Setting next_dagrun for example_xcom_args_with_operators to None, run_after=None
[2024-05-23T15:44:37.585+0700] {processor.py:183} INFO - Processing /mnt/d/Programming/Vietnamese-Text-Generator/airflow_env/lib/python3.10/site-packages/airflow/example_dags/example_xcomargs.py took 0.163 seconds
[2024-05-23T15:45:46.483+0700] {processor.py:161} INFO - Started process (PID=1972) to work on /mnt/d/Programming/Vietnamese-Text-Generator/airflow_env/lib/python3.10/site-packages/airflow/example_dags/example_xcomargs.py
[2024-05-23T15:45:46.485+0700] {processor.py:830} INFO - Processing file /mnt/d/Programming/Vietnamese-Text-Generator/airflow_env/lib/python3.10/site-packages/airflow/example_dags/example_xcomargs.py for tasks to queue
[2024-05-23T15:45:46.489+0700] {logging_mixin.py:188} INFO - [2024-05-23T15:45:46.488+0700] {dagbag.py:540} INFO - Filling up the DagBag from /mnt/d/Programming/Vietnamese-Text-Generator/airflow_env/lib/python3.10/site-packages/airflow/example_dags/example_xcomargs.py
[2024-05-23T15:45:46.509+0700] {processor.py:840} INFO - DAG(s) 'example_xcom_args_with_operators', 'example_xcom_args' retrieved from /mnt/d/Programming/Vietnamese-Text-Generator/airflow_env/lib/python3.10/site-packages/airflow/example_dags/example_xcomargs.py
[2024-05-23T15:45:46.544+0700] {logging_mixin.py:188} INFO - [2024-05-23T15:45:46.543+0700] {dag.py:3096} INFO - Sync 2 DAGs
[2024-05-23T15:45:46.560+0700] {logging_mixin.py:188} INFO - [2024-05-23T15:45:46.559+0700] {dag.py:3954} INFO - Setting next_dagrun for example_xcom_args to None, run_after=None
[2024-05-23T15:45:46.567+0700] {logging_mixin.py:188} INFO - [2024-05-23T15:45:46.566+0700] {dag.py:3954} INFO - Setting next_dagrun for example_xcom_args_with_operators to None, run_after=None
[2024-05-23T15:45:46.634+0700] {processor.py:183} INFO - Processing /mnt/d/Programming/Vietnamese-Text-Generator/airflow_env/lib/python3.10/site-packages/airflow/example_dags/example_xcomargs.py took 0.162 seconds
[2024-05-23T15:46:58.254+0700] {processor.py:161} INFO - Started process (PID=2670) to work on /mnt/d/Programming/Vietnamese-Text-Generator/airflow_env/lib/python3.10/site-packages/airflow/example_dags/example_xcomargs.py
[2024-05-23T15:46:58.256+0700] {processor.py:830} INFO - Processing file /mnt/d/Programming/Vietnamese-Text-Generator/airflow_env/lib/python3.10/site-packages/airflow/example_dags/example_xcomargs.py for tasks to queue
[2024-05-23T15:46:58.259+0700] {logging_mixin.py:188} INFO - [2024-05-23T15:46:58.258+0700] {dagbag.py:540} INFO - Filling up the DagBag from /mnt/d/Programming/Vietnamese-Text-Generator/airflow_env/lib/python3.10/site-packages/airflow/example_dags/example_xcomargs.py
[2024-05-23T15:46:58.281+0700] {processor.py:840} INFO - DAG(s) 'example_xcom_args', 'example_xcom_args_with_operators' retrieved from /mnt/d/Programming/Vietnamese-Text-Generator/airflow_env/lib/python3.10/site-packages/airflow/example_dags/example_xcomargs.py
[2024-05-23T15:46:58.322+0700] {logging_mixin.py:188} INFO - [2024-05-23T15:46:58.320+0700] {dag.py:3096} INFO - Sync 2 DAGs
[2024-05-23T15:46:58.341+0700] {logging_mixin.py:188} INFO - [2024-05-23T15:46:58.339+0700] {dag.py:3954} INFO - Setting next_dagrun for example_xcom_args to None, run_after=None
[2024-05-23T15:46:58.350+0700] {logging_mixin.py:188} INFO - [2024-05-23T15:46:58.348+0700] {dag.py:3954} INFO - Setting next_dagrun for example_xcom_args_with_operators to None, run_after=None
[2024-05-23T15:46:58.415+0700] {processor.py:183} INFO - Processing /mnt/d/Programming/Vietnamese-Text-Generator/airflow_env/lib/python3.10/site-packages/airflow/example_dags/example_xcomargs.py took 0.173 seconds
[2024-05-23T15:48:03.088+0700] {processor.py:161} INFO - Started process (PID=2976) to work on /mnt/d/Programming/Vietnamese-Text-Generator/airflow_env/lib/python3.10/site-packages/airflow/example_dags/example_xcomargs.py
[2024-05-23T15:48:03.090+0700] {processor.py:830} INFO - Processing file /mnt/d/Programming/Vietnamese-Text-Generator/airflow_env/lib/python3.10/site-packages/airflow/example_dags/example_xcomargs.py for tasks to queue
[2024-05-23T15:48:03.093+0700] {logging_mixin.py:188} INFO - [2024-05-23T15:48:03.093+0700] {dagbag.py:540} INFO - Filling up the DagBag from /mnt/d/Programming/Vietnamese-Text-Generator/airflow_env/lib/python3.10/site-packages/airflow/example_dags/example_xcomargs.py
[2024-05-23T15:48:03.115+0700] {processor.py:840} INFO - DAG(s) 'example_xcom_args', 'example_xcom_args_with_operators' retrieved from /mnt/d/Programming/Vietnamese-Text-Generator/airflow_env/lib/python3.10/site-packages/airflow/example_dags/example_xcomargs.py
[2024-05-23T15:48:03.147+0700] {logging_mixin.py:188} INFO - [2024-05-23T15:48:03.146+0700] {dag.py:3096} INFO - Sync 2 DAGs
[2024-05-23T15:48:03.161+0700] {logging_mixin.py:188} INFO - [2024-05-23T15:48:03.160+0700] {dag.py:3954} INFO - Setting next_dagrun for example_xcom_args to None, run_after=None
[2024-05-23T15:48:03.167+0700] {logging_mixin.py:188} INFO - [2024-05-23T15:48:03.166+0700] {dag.py:3954} INFO - Setting next_dagrun for example_xcom_args_with_operators to None, run_after=None
[2024-05-23T15:48:03.221+0700] {processor.py:183} INFO - Processing /mnt/d/Programming/Vietnamese-Text-Generator/airflow_env/lib/python3.10/site-packages/airflow/example_dags/example_xcomargs.py took 0.144 seconds
[2024-05-23T15:54:38.024+0700] {processor.py:161} INFO - Started process (PID=4637) to work on /mnt/d/Programming/Vietnamese-Text-Generator/airflow_env/lib/python3.10/site-packages/airflow/example_dags/example_xcomargs.py
[2024-05-23T15:54:38.026+0700] {processor.py:830} INFO - Processing file /mnt/d/Programming/Vietnamese-Text-Generator/airflow_env/lib/python3.10/site-packages/airflow/example_dags/example_xcomargs.py for tasks to queue
[2024-05-23T15:54:38.028+0700] {logging_mixin.py:188} INFO - [2024-05-23T15:54:38.027+0700] {dagbag.py:540} INFO - Filling up the DagBag from /mnt/d/Programming/Vietnamese-Text-Generator/airflow_env/lib/python3.10/site-packages/airflow/example_dags/example_xcomargs.py
[2024-05-23T15:54:38.046+0700] {processor.py:840} INFO - DAG(s) 'example_xcom_args', 'example_xcom_args_with_operators' retrieved from /mnt/d/Programming/Vietnamese-Text-Generator/airflow_env/lib/python3.10/site-packages/airflow/example_dags/example_xcomargs.py
[2024-05-23T15:54:38.140+0700] {logging_mixin.py:188} INFO - [2024-05-23T15:54:38.139+0700] {dag.py:3096} INFO - Sync 2 DAGs
[2024-05-23T15:54:38.154+0700] {logging_mixin.py:188} INFO - [2024-05-23T15:54:38.153+0700] {dag.py:3954} INFO - Setting next_dagrun for example_xcom_args to None, run_after=None
[2024-05-23T15:54:38.161+0700] {logging_mixin.py:188} INFO - [2024-05-23T15:54:38.160+0700] {dag.py:3954} INFO - Setting next_dagrun for example_xcom_args_with_operators to None, run_after=None
[2024-05-23T15:54:38.209+0700] {processor.py:183} INFO - Processing /mnt/d/Programming/Vietnamese-Text-Generator/airflow_env/lib/python3.10/site-packages/airflow/example_dags/example_xcomargs.py took 0.196 seconds
[2024-05-23T15:55:45.919+0700] {processor.py:161} INFO - Started process (PID=4960) to work on /mnt/d/Programming/Vietnamese-Text-Generator/airflow_env/lib/python3.10/site-packages/airflow/example_dags/example_xcomargs.py
[2024-05-23T15:55:45.920+0700] {processor.py:830} INFO - Processing file /mnt/d/Programming/Vietnamese-Text-Generator/airflow_env/lib/python3.10/site-packages/airflow/example_dags/example_xcomargs.py for tasks to queue
[2024-05-23T15:55:45.922+0700] {logging_mixin.py:188} INFO - [2024-05-23T15:55:45.921+0700] {dagbag.py:540} INFO - Filling up the DagBag from /mnt/d/Programming/Vietnamese-Text-Generator/airflow_env/lib/python3.10/site-packages/airflow/example_dags/example_xcomargs.py
[2024-05-23T15:55:45.940+0700] {processor.py:840} INFO - DAG(s) 'example_xcom_args', 'example_xcom_args_with_operators' retrieved from /mnt/d/Programming/Vietnamese-Text-Generator/airflow_env/lib/python3.10/site-packages/airflow/example_dags/example_xcomargs.py
[2024-05-23T15:55:45.973+0700] {logging_mixin.py:188} INFO - [2024-05-23T15:55:45.972+0700] {dag.py:3096} INFO - Sync 2 DAGs
[2024-05-23T15:55:45.988+0700] {logging_mixin.py:188} INFO - [2024-05-23T15:55:45.987+0700] {dag.py:3954} INFO - Setting next_dagrun for example_xcom_args to None, run_after=None
[2024-05-23T15:55:45.994+0700] {logging_mixin.py:188} INFO - [2024-05-23T15:55:45.993+0700] {dag.py:3954} INFO - Setting next_dagrun for example_xcom_args_with_operators to None, run_after=None
[2024-05-23T15:55:46.043+0700] {processor.py:183} INFO - Processing /mnt/d/Programming/Vietnamese-Text-Generator/airflow_env/lib/python3.10/site-packages/airflow/example_dags/example_xcomargs.py took 0.135 seconds
[2024-05-23T15:56:53.664+0700] {processor.py:161} INFO - Started process (PID=5278) to work on /mnt/d/Programming/Vietnamese-Text-Generator/airflow_env/lib/python3.10/site-packages/airflow/example_dags/example_xcomargs.py
[2024-05-23T15:56:53.670+0700] {processor.py:830} INFO - Processing file /mnt/d/Programming/Vietnamese-Text-Generator/airflow_env/lib/python3.10/site-packages/airflow/example_dags/example_xcomargs.py for tasks to queue
[2024-05-23T15:56:53.674+0700] {logging_mixin.py:188} INFO - [2024-05-23T15:56:53.672+0700] {dagbag.py:540} INFO - Filling up the DagBag from /mnt/d/Programming/Vietnamese-Text-Generator/airflow_env/lib/python3.10/site-packages/airflow/example_dags/example_xcomargs.py
[2024-05-23T15:56:53.716+0700] {processor.py:840} INFO - DAG(s) 'example_xcom_args_with_operators', 'example_xcom_args' retrieved from /mnt/d/Programming/Vietnamese-Text-Generator/airflow_env/lib/python3.10/site-packages/airflow/example_dags/example_xcomargs.py
[2024-05-23T15:56:53.765+0700] {logging_mixin.py:188} INFO - [2024-05-23T15:56:53.764+0700] {dag.py:3096} INFO - Sync 2 DAGs
[2024-05-23T15:56:53.792+0700] {logging_mixin.py:188} INFO - [2024-05-23T15:56:53.790+0700] {dag.py:3954} INFO - Setting next_dagrun for example_xcom_args to None, run_after=None
[2024-05-23T15:56:53.804+0700] {logging_mixin.py:188} INFO - [2024-05-23T15:56:53.803+0700] {dag.py:3954} INFO - Setting next_dagrun for example_xcom_args_with_operators to None, run_after=None
[2024-05-23T15:56:53.883+0700] {processor.py:183} INFO - Processing /mnt/d/Programming/Vietnamese-Text-Generator/airflow_env/lib/python3.10/site-packages/airflow/example_dags/example_xcomargs.py took 0.235 seconds
[2024-05-23T15:58:02.459+0700] {processor.py:161} INFO - Started process (PID=5603) to work on /mnt/d/Programming/Vietnamese-Text-Generator/airflow_env/lib/python3.10/site-packages/airflow/example_dags/example_xcomargs.py
[2024-05-23T15:58:02.460+0700] {processor.py:830} INFO - Processing file /mnt/d/Programming/Vietnamese-Text-Generator/airflow_env/lib/python3.10/site-packages/airflow/example_dags/example_xcomargs.py for tasks to queue
[2024-05-23T15:58:02.462+0700] {logging_mixin.py:188} INFO - [2024-05-23T15:58:02.462+0700] {dagbag.py:540} INFO - Filling up the DagBag from /mnt/d/Programming/Vietnamese-Text-Generator/airflow_env/lib/python3.10/site-packages/airflow/example_dags/example_xcomargs.py
[2024-05-23T15:58:02.482+0700] {processor.py:840} INFO - DAG(s) 'example_xcom_args', 'example_xcom_args_with_operators' retrieved from /mnt/d/Programming/Vietnamese-Text-Generator/airflow_env/lib/python3.10/site-packages/airflow/example_dags/example_xcomargs.py
[2024-05-23T15:58:02.516+0700] {logging_mixin.py:188} INFO - [2024-05-23T15:58:02.516+0700] {dag.py:3096} INFO - Sync 2 DAGs
[2024-05-23T15:58:02.530+0700] {logging_mixin.py:188} INFO - [2024-05-23T15:58:02.529+0700] {dag.py:3954} INFO - Setting next_dagrun for example_xcom_args to None, run_after=None
[2024-05-23T15:58:02.535+0700] {logging_mixin.py:188} INFO - [2024-05-23T15:58:02.534+0700] {dag.py:3954} INFO - Setting next_dagrun for example_xcom_args_with_operators to None, run_after=None
[2024-05-23T15:58:02.591+0700] {processor.py:183} INFO - Processing /mnt/d/Programming/Vietnamese-Text-Generator/airflow_env/lib/python3.10/site-packages/airflow/example_dags/example_xcomargs.py took 0.146 seconds
[2024-05-23T15:59:14.659+0700] {processor.py:161} INFO - Started process (PID=5941) to work on /mnt/d/Programming/Vietnamese-Text-Generator/airflow_env/lib/python3.10/site-packages/airflow/example_dags/example_xcomargs.py
[2024-05-23T15:59:14.661+0700] {processor.py:830} INFO - Processing file /mnt/d/Programming/Vietnamese-Text-Generator/airflow_env/lib/python3.10/site-packages/airflow/example_dags/example_xcomargs.py for tasks to queue
[2024-05-23T15:59:14.663+0700] {logging_mixin.py:188} INFO - [2024-05-23T15:59:14.662+0700] {dagbag.py:540} INFO - Filling up the DagBag from /mnt/d/Programming/Vietnamese-Text-Generator/airflow_env/lib/python3.10/site-packages/airflow/example_dags/example_xcomargs.py
[2024-05-23T15:59:14.690+0700] {processor.py:840} INFO - DAG(s) 'example_xcom_args_with_operators', 'example_xcom_args' retrieved from /mnt/d/Programming/Vietnamese-Text-Generator/airflow_env/lib/python3.10/site-packages/airflow/example_dags/example_xcomargs.py
[2024-05-23T15:59:14.730+0700] {logging_mixin.py:188} INFO - [2024-05-23T15:59:14.729+0700] {dag.py:3096} INFO - Sync 2 DAGs
[2024-05-23T15:59:14.747+0700] {logging_mixin.py:188} INFO - [2024-05-23T15:59:14.746+0700] {dag.py:3954} INFO - Setting next_dagrun for example_xcom_args to None, run_after=None
[2024-05-23T15:59:14.755+0700] {logging_mixin.py:188} INFO - [2024-05-23T15:59:14.754+0700] {dag.py:3954} INFO - Setting next_dagrun for example_xcom_args_with_operators to None, run_after=None
[2024-05-23T15:59:14.811+0700] {processor.py:183} INFO - Processing /mnt/d/Programming/Vietnamese-Text-Generator/airflow_env/lib/python3.10/site-packages/airflow/example_dags/example_xcomargs.py took 0.165 seconds
[2024-05-23T16:00:22.863+0700] {processor.py:161} INFO - Started process (PID=6264) to work on /mnt/d/Programming/Vietnamese-Text-Generator/airflow_env/lib/python3.10/site-packages/airflow/example_dags/example_xcomargs.py
[2024-05-23T16:00:22.864+0700] {processor.py:830} INFO - Processing file /mnt/d/Programming/Vietnamese-Text-Generator/airflow_env/lib/python3.10/site-packages/airflow/example_dags/example_xcomargs.py for tasks to queue
[2024-05-23T16:00:22.866+0700] {logging_mixin.py:188} INFO - [2024-05-23T16:00:22.865+0700] {dagbag.py:540} INFO - Filling up the DagBag from /mnt/d/Programming/Vietnamese-Text-Generator/airflow_env/lib/python3.10/site-packages/airflow/example_dags/example_xcomargs.py
[2024-05-23T16:00:22.887+0700] {processor.py:840} INFO - DAG(s) 'example_xcom_args_with_operators', 'example_xcom_args' retrieved from /mnt/d/Programming/Vietnamese-Text-Generator/airflow_env/lib/python3.10/site-packages/airflow/example_dags/example_xcomargs.py
[2024-05-23T16:00:22.924+0700] {logging_mixin.py:188} INFO - [2024-05-23T16:00:22.923+0700] {dag.py:3096} INFO - Sync 2 DAGs
[2024-05-23T16:00:22.940+0700] {logging_mixin.py:188} INFO - [2024-05-23T16:00:22.939+0700] {dag.py:3954} INFO - Setting next_dagrun for example_xcom_args to None, run_after=None
[2024-05-23T16:00:22.947+0700] {logging_mixin.py:188} INFO - [2024-05-23T16:00:22.945+0700] {dag.py:3954} INFO - Setting next_dagrun for example_xcom_args_with_operators to None, run_after=None
[2024-05-23T16:00:23.002+0700] {processor.py:183} INFO - Processing /mnt/d/Programming/Vietnamese-Text-Generator/airflow_env/lib/python3.10/site-packages/airflow/example_dags/example_xcomargs.py took 0.152 seconds
[2024-05-23T16:01:29.481+0700] {processor.py:161} INFO - Started process (PID=6579) to work on /mnt/d/Programming/Vietnamese-Text-Generator/airflow_env/lib/python3.10/site-packages/airflow/example_dags/example_xcomargs.py
[2024-05-23T16:01:29.483+0700] {processor.py:830} INFO - Processing file /mnt/d/Programming/Vietnamese-Text-Generator/airflow_env/lib/python3.10/site-packages/airflow/example_dags/example_xcomargs.py for tasks to queue
[2024-05-23T16:01:29.485+0700] {logging_mixin.py:188} INFO - [2024-05-23T16:01:29.484+0700] {dagbag.py:540} INFO - Filling up the DagBag from /mnt/d/Programming/Vietnamese-Text-Generator/airflow_env/lib/python3.10/site-packages/airflow/example_dags/example_xcomargs.py
[2024-05-23T16:01:29.505+0700] {processor.py:840} INFO - DAG(s) 'example_xcom_args', 'example_xcom_args_with_operators' retrieved from /mnt/d/Programming/Vietnamese-Text-Generator/airflow_env/lib/python3.10/site-packages/airflow/example_dags/example_xcomargs.py
[2024-05-23T16:01:29.541+0700] {logging_mixin.py:188} INFO - [2024-05-23T16:01:29.540+0700] {dag.py:3096} INFO - Sync 2 DAGs
[2024-05-23T16:01:29.558+0700] {logging_mixin.py:188} INFO - [2024-05-23T16:01:29.557+0700] {dag.py:3954} INFO - Setting next_dagrun for example_xcom_args to None, run_after=None
[2024-05-23T16:01:29.564+0700] {logging_mixin.py:188} INFO - [2024-05-23T16:01:29.563+0700] {dag.py:3954} INFO - Setting next_dagrun for example_xcom_args_with_operators to None, run_after=None
[2024-05-23T16:01:29.613+0700] {processor.py:183} INFO - Processing /mnt/d/Programming/Vietnamese-Text-Generator/airflow_env/lib/python3.10/site-packages/airflow/example_dags/example_xcomargs.py took 0.144 seconds
[2024-05-23T16:02:36.293+0700] {processor.py:161} INFO - Started process (PID=6895) to work on /mnt/d/Programming/Vietnamese-Text-Generator/airflow_env/lib/python3.10/site-packages/airflow/example_dags/example_xcomargs.py
[2024-05-23T16:02:36.295+0700] {processor.py:830} INFO - Processing file /mnt/d/Programming/Vietnamese-Text-Generator/airflow_env/lib/python3.10/site-packages/airflow/example_dags/example_xcomargs.py for tasks to queue
[2024-05-23T16:02:36.300+0700] {logging_mixin.py:188} INFO - [2024-05-23T16:02:36.299+0700] {dagbag.py:540} INFO - Filling up the DagBag from /mnt/d/Programming/Vietnamese-Text-Generator/airflow_env/lib/python3.10/site-packages/airflow/example_dags/example_xcomargs.py
[2024-05-23T16:02:36.322+0700] {processor.py:840} INFO - DAG(s) 'example_xcom_args_with_operators', 'example_xcom_args' retrieved from /mnt/d/Programming/Vietnamese-Text-Generator/airflow_env/lib/python3.10/site-packages/airflow/example_dags/example_xcomargs.py
[2024-05-23T16:02:36.360+0700] {logging_mixin.py:188} INFO - [2024-05-23T16:02:36.359+0700] {dag.py:3096} INFO - Sync 2 DAGs
[2024-05-23T16:02:36.375+0700] {logging_mixin.py:188} INFO - [2024-05-23T16:02:36.374+0700] {dag.py:3954} INFO - Setting next_dagrun for example_xcom_args to None, run_after=None
[2024-05-23T16:02:36.381+0700] {logging_mixin.py:188} INFO - [2024-05-23T16:02:36.380+0700] {dag.py:3954} INFO - Setting next_dagrun for example_xcom_args_with_operators to None, run_after=None
[2024-05-23T16:02:36.446+0700] {processor.py:183} INFO - Processing /mnt/d/Programming/Vietnamese-Text-Generator/airflow_env/lib/python3.10/site-packages/airflow/example_dags/example_xcomargs.py took 0.165 seconds
[2024-05-23T16:03:49.238+0700] {processor.py:161} INFO - Started process (PID=7235) to work on /mnt/d/Programming/Vietnamese-Text-Generator/airflow_env/lib/python3.10/site-packages/airflow/example_dags/example_xcomargs.py
[2024-05-23T16:03:49.240+0700] {processor.py:830} INFO - Processing file /mnt/d/Programming/Vietnamese-Text-Generator/airflow_env/lib/python3.10/site-packages/airflow/example_dags/example_xcomargs.py for tasks to queue
[2024-05-23T16:03:49.242+0700] {logging_mixin.py:188} INFO - [2024-05-23T16:03:49.241+0700] {dagbag.py:540} INFO - Filling up the DagBag from /mnt/d/Programming/Vietnamese-Text-Generator/airflow_env/lib/python3.10/site-packages/airflow/example_dags/example_xcomargs.py
[2024-05-23T16:03:49.263+0700] {processor.py:840} INFO - DAG(s) 'example_xcom_args', 'example_xcom_args_with_operators' retrieved from /mnt/d/Programming/Vietnamese-Text-Generator/airflow_env/lib/python3.10/site-packages/airflow/example_dags/example_xcomargs.py
[2024-05-23T16:03:49.299+0700] {logging_mixin.py:188} INFO - [2024-05-23T16:03:49.298+0700] {dag.py:3096} INFO - Sync 2 DAGs
[2024-05-23T16:03:49.315+0700] {logging_mixin.py:188} INFO - [2024-05-23T16:03:49.313+0700] {dag.py:3954} INFO - Setting next_dagrun for example_xcom_args to None, run_after=None
[2024-05-23T16:03:49.321+0700] {logging_mixin.py:188} INFO - [2024-05-23T16:03:49.320+0700] {dag.py:3954} INFO - Setting next_dagrun for example_xcom_args_with_operators to None, run_after=None
[2024-05-23T16:03:49.382+0700] {processor.py:183} INFO - Processing /mnt/d/Programming/Vietnamese-Text-Generator/airflow_env/lib/python3.10/site-packages/airflow/example_dags/example_xcomargs.py took 0.160 seconds
[2024-05-23T16:34:56.489+0700] {processor.py:161} INFO - Started process (PID=17022) to work on /mnt/d/Programming/Vietnamese-Text-Generator/airflow_env/lib/python3.10/site-packages/airflow/example_dags/example_xcomargs.py
[2024-05-23T16:34:56.491+0700] {processor.py:830} INFO - Processing file /mnt/d/Programming/Vietnamese-Text-Generator/airflow_env/lib/python3.10/site-packages/airflow/example_dags/example_xcomargs.py for tasks to queue
[2024-05-23T16:34:56.494+0700] {logging_mixin.py:188} INFO - [2024-05-23T16:34:56.493+0700] {dagbag.py:540} INFO - Filling up the DagBag from /mnt/d/Programming/Vietnamese-Text-Generator/airflow_env/lib/python3.10/site-packages/airflow/example_dags/example_xcomargs.py
[2024-05-23T16:34:56.529+0700] {processor.py:840} INFO - DAG(s) 'example_xcom_args', 'example_xcom_args_with_operators' retrieved from /mnt/d/Programming/Vietnamese-Text-Generator/airflow_env/lib/python3.10/site-packages/airflow/example_dags/example_xcomargs.py
[2024-05-23T16:34:56.666+0700] {logging_mixin.py:188} INFO - [2024-05-23T16:34:56.664+0700] {dag.py:3096} INFO - Sync 2 DAGs
[2024-05-23T16:34:56.690+0700] {logging_mixin.py:188} INFO - [2024-05-23T16:34:56.689+0700] {dag.py:3954} INFO - Setting next_dagrun for example_xcom_args to None, run_after=None
[2024-05-23T16:34:56.698+0700] {logging_mixin.py:188} INFO - [2024-05-23T16:34:56.697+0700] {dag.py:3954} INFO - Setting next_dagrun for example_xcom_args_with_operators to None, run_after=None
[2024-05-23T16:34:56.773+0700] {processor.py:183} INFO - Processing /mnt/d/Programming/Vietnamese-Text-Generator/airflow_env/lib/python3.10/site-packages/airflow/example_dags/example_xcomargs.py took 0.307 seconds
[2024-05-23T16:36:03.627+0700] {processor.py:161} INFO - Started process (PID=17336) to work on /mnt/d/Programming/Vietnamese-Text-Generator/airflow_env/lib/python3.10/site-packages/airflow/example_dags/example_xcomargs.py
[2024-05-23T16:36:03.629+0700] {processor.py:830} INFO - Processing file /mnt/d/Programming/Vietnamese-Text-Generator/airflow_env/lib/python3.10/site-packages/airflow/example_dags/example_xcomargs.py for tasks to queue
[2024-05-23T16:36:03.631+0700] {logging_mixin.py:188} INFO - [2024-05-23T16:36:03.630+0700] {dagbag.py:540} INFO - Filling up the DagBag from /mnt/d/Programming/Vietnamese-Text-Generator/airflow_env/lib/python3.10/site-packages/airflow/example_dags/example_xcomargs.py
[2024-05-23T16:36:03.653+0700] {processor.py:840} INFO - DAG(s) 'example_xcom_args', 'example_xcom_args_with_operators' retrieved from /mnt/d/Programming/Vietnamese-Text-Generator/airflow_env/lib/python3.10/site-packages/airflow/example_dags/example_xcomargs.py
[2024-05-23T16:36:03.691+0700] {logging_mixin.py:188} INFO - [2024-05-23T16:36:03.690+0700] {dag.py:3096} INFO - Sync 2 DAGs
[2024-05-23T16:36:03.706+0700] {logging_mixin.py:188} INFO - [2024-05-23T16:36:03.705+0700] {dag.py:3954} INFO - Setting next_dagrun for example_xcom_args to None, run_after=None
[2024-05-23T16:36:03.714+0700] {logging_mixin.py:188} INFO - [2024-05-23T16:36:03.713+0700] {dag.py:3954} INFO - Setting next_dagrun for example_xcom_args_with_operators to None, run_after=None
[2024-05-23T16:36:03.772+0700] {processor.py:183} INFO - Processing /mnt/d/Programming/Vietnamese-Text-Generator/airflow_env/lib/python3.10/site-packages/airflow/example_dags/example_xcomargs.py took 0.158 seconds
[2024-05-23T16:37:18.637+0700] {processor.py:161} INFO - Started process (PID=17685) to work on /mnt/d/Programming/Vietnamese-Text-Generator/airflow_env/lib/python3.10/site-packages/airflow/example_dags/example_xcomargs.py
[2024-05-23T16:37:18.639+0700] {processor.py:830} INFO - Processing file /mnt/d/Programming/Vietnamese-Text-Generator/airflow_env/lib/python3.10/site-packages/airflow/example_dags/example_xcomargs.py for tasks to queue
[2024-05-23T16:37:18.641+0700] {logging_mixin.py:188} INFO - [2024-05-23T16:37:18.640+0700] {dagbag.py:540} INFO - Filling up the DagBag from /mnt/d/Programming/Vietnamese-Text-Generator/airflow_env/lib/python3.10/site-packages/airflow/example_dags/example_xcomargs.py
[2024-05-23T16:37:18.661+0700] {processor.py:840} INFO - DAG(s) 'example_xcom_args_with_operators', 'example_xcom_args' retrieved from /mnt/d/Programming/Vietnamese-Text-Generator/airflow_env/lib/python3.10/site-packages/airflow/example_dags/example_xcomargs.py
[2024-05-23T16:37:18.692+0700] {logging_mixin.py:188} INFO - [2024-05-23T16:37:18.692+0700] {dag.py:3096} INFO - Sync 2 DAGs
[2024-05-23T16:37:18.706+0700] {logging_mixin.py:188} INFO - [2024-05-23T16:37:18.705+0700] {dag.py:3954} INFO - Setting next_dagrun for example_xcom_args to None, run_after=None
[2024-05-23T16:37:18.711+0700] {logging_mixin.py:188} INFO - [2024-05-23T16:37:18.710+0700] {dag.py:3954} INFO - Setting next_dagrun for example_xcom_args_with_operators to None, run_after=None
[2024-05-23T16:37:18.760+0700] {processor.py:183} INFO - Processing /mnt/d/Programming/Vietnamese-Text-Generator/airflow_env/lib/python3.10/site-packages/airflow/example_dags/example_xcomargs.py took 0.134 seconds
[2024-05-23T16:49:45.141+0700] {processor.py:161} INFO - Started process (PID=20845) to work on /mnt/d/Programming/Vietnamese-Text-Generator/airflow_env/lib/python3.10/site-packages/airflow/example_dags/example_xcomargs.py
[2024-05-23T16:49:45.143+0700] {processor.py:830} INFO - Processing file /mnt/d/Programming/Vietnamese-Text-Generator/airflow_env/lib/python3.10/site-packages/airflow/example_dags/example_xcomargs.py for tasks to queue
[2024-05-23T16:49:45.146+0700] {logging_mixin.py:188} INFO - [2024-05-23T16:49:45.144+0700] {dagbag.py:540} INFO - Filling up the DagBag from /mnt/d/Programming/Vietnamese-Text-Generator/airflow_env/lib/python3.10/site-packages/airflow/example_dags/example_xcomargs.py
[2024-05-23T16:49:45.166+0700] {processor.py:840} INFO - DAG(s) 'example_xcom_args_with_operators', 'example_xcom_args' retrieved from /mnt/d/Programming/Vietnamese-Text-Generator/airflow_env/lib/python3.10/site-packages/airflow/example_dags/example_xcomargs.py
[2024-05-23T16:49:45.284+0700] {logging_mixin.py:188} INFO - [2024-05-23T16:49:45.284+0700] {dag.py:3096} INFO - Sync 2 DAGs
[2024-05-23T16:49:45.302+0700] {logging_mixin.py:188} INFO - [2024-05-23T16:49:45.300+0700] {dag.py:3954} INFO - Setting next_dagrun for example_xcom_args to None, run_after=None
[2024-05-23T16:49:45.310+0700] {logging_mixin.py:188} INFO - [2024-05-23T16:49:45.309+0700] {dag.py:3954} INFO - Setting next_dagrun for example_xcom_args_with_operators to None, run_after=None
[2024-05-23T16:49:45.374+0700] {processor.py:183} INFO - Processing /mnt/d/Programming/Vietnamese-Text-Generator/airflow_env/lib/python3.10/site-packages/airflow/example_dags/example_xcomargs.py took 0.244 seconds
[2024-05-23T16:51:01.052+0700] {processor.py:161} INFO - Started process (PID=21199) to work on /mnt/d/Programming/Vietnamese-Text-Generator/airflow_env/lib/python3.10/site-packages/airflow/example_dags/example_xcomargs.py
[2024-05-23T16:51:01.054+0700] {processor.py:830} INFO - Processing file /mnt/d/Programming/Vietnamese-Text-Generator/airflow_env/lib/python3.10/site-packages/airflow/example_dags/example_xcomargs.py for tasks to queue
[2024-05-23T16:51:01.056+0700] {logging_mixin.py:188} INFO - [2024-05-23T16:51:01.055+0700] {dagbag.py:540} INFO - Filling up the DagBag from /mnt/d/Programming/Vietnamese-Text-Generator/airflow_env/lib/python3.10/site-packages/airflow/example_dags/example_xcomargs.py
[2024-05-23T16:51:01.083+0700] {processor.py:840} INFO - DAG(s) 'example_xcom_args', 'example_xcom_args_with_operators' retrieved from /mnt/d/Programming/Vietnamese-Text-Generator/airflow_env/lib/python3.10/site-packages/airflow/example_dags/example_xcomargs.py
[2024-05-23T16:51:01.121+0700] {logging_mixin.py:188} INFO - [2024-05-23T16:51:01.120+0700] {dag.py:3096} INFO - Sync 2 DAGs
[2024-05-23T16:51:01.138+0700] {logging_mixin.py:188} INFO - [2024-05-23T16:51:01.137+0700] {dag.py:3954} INFO - Setting next_dagrun for example_xcom_args to None, run_after=None
[2024-05-23T16:51:01.145+0700] {logging_mixin.py:188} INFO - [2024-05-23T16:51:01.144+0700] {dag.py:3954} INFO - Setting next_dagrun for example_xcom_args_with_operators to None, run_after=None
[2024-05-23T16:51:01.211+0700] {processor.py:183} INFO - Processing /mnt/d/Programming/Vietnamese-Text-Generator/airflow_env/lib/python3.10/site-packages/airflow/example_dags/example_xcomargs.py took 0.171 seconds
[2024-05-23T16:52:12.843+0700] {processor.py:161} INFO - Started process (PID=21534) to work on /mnt/d/Programming/Vietnamese-Text-Generator/airflow_env/lib/python3.10/site-packages/airflow/example_dags/example_xcomargs.py
[2024-05-23T16:52:12.847+0700] {processor.py:830} INFO - Processing file /mnt/d/Programming/Vietnamese-Text-Generator/airflow_env/lib/python3.10/site-packages/airflow/example_dags/example_xcomargs.py for tasks to queue
[2024-05-23T16:52:12.850+0700] {logging_mixin.py:188} INFO - [2024-05-23T16:52:12.848+0700] {dagbag.py:540} INFO - Filling up the DagBag from /mnt/d/Programming/Vietnamese-Text-Generator/airflow_env/lib/python3.10/site-packages/airflow/example_dags/example_xcomargs.py
[2024-05-23T16:52:12.881+0700] {processor.py:840} INFO - DAG(s) 'example_xcom_args_with_operators', 'example_xcom_args' retrieved from /mnt/d/Programming/Vietnamese-Text-Generator/airflow_env/lib/python3.10/site-packages/airflow/example_dags/example_xcomargs.py
[2024-05-23T16:52:12.923+0700] {logging_mixin.py:188} INFO - [2024-05-23T16:52:12.922+0700] {dag.py:3096} INFO - Sync 2 DAGs
[2024-05-23T16:52:12.942+0700] {logging_mixin.py:188} INFO - [2024-05-23T16:52:12.941+0700] {dag.py:3954} INFO - Setting next_dagrun for example_xcom_args to None, run_after=None
[2024-05-23T16:52:12.949+0700] {logging_mixin.py:188} INFO - [2024-05-23T16:52:12.948+0700] {dag.py:3954} INFO - Setting next_dagrun for example_xcom_args_with_operators to None, run_after=None
[2024-05-23T16:52:13.034+0700] {processor.py:183} INFO - Processing /mnt/d/Programming/Vietnamese-Text-Generator/airflow_env/lib/python3.10/site-packages/airflow/example_dags/example_xcomargs.py took 0.210 seconds
[2024-05-23T16:53:26.102+0700] {processor.py:161} INFO - Started process (PID=21875) to work on /mnt/d/Programming/Vietnamese-Text-Generator/airflow_env/lib/python3.10/site-packages/airflow/example_dags/example_xcomargs.py
[2024-05-23T16:53:26.104+0700] {processor.py:830} INFO - Processing file /mnt/d/Programming/Vietnamese-Text-Generator/airflow_env/lib/python3.10/site-packages/airflow/example_dags/example_xcomargs.py for tasks to queue
[2024-05-23T16:53:26.106+0700] {logging_mixin.py:188} INFO - [2024-05-23T16:53:26.105+0700] {dagbag.py:540} INFO - Filling up the DagBag from /mnt/d/Programming/Vietnamese-Text-Generator/airflow_env/lib/python3.10/site-packages/airflow/example_dags/example_xcomargs.py
[2024-05-23T16:53:26.127+0700] {processor.py:840} INFO - DAG(s) 'example_xcom_args_with_operators', 'example_xcom_args' retrieved from /mnt/d/Programming/Vietnamese-Text-Generator/airflow_env/lib/python3.10/site-packages/airflow/example_dags/example_xcomargs.py
[2024-05-23T16:53:26.169+0700] {logging_mixin.py:188} INFO - [2024-05-23T16:53:26.168+0700] {dag.py:3096} INFO - Sync 2 DAGs
[2024-05-23T16:53:26.188+0700] {logging_mixin.py:188} INFO - [2024-05-23T16:53:26.187+0700] {dag.py:3954} INFO - Setting next_dagrun for example_xcom_args to None, run_after=None
[2024-05-23T16:53:26.194+0700] {logging_mixin.py:188} INFO - [2024-05-23T16:53:26.193+0700] {dag.py:3954} INFO - Setting next_dagrun for example_xcom_args_with_operators to None, run_after=None
[2024-05-23T16:53:26.252+0700] {processor.py:183} INFO - Processing /mnt/d/Programming/Vietnamese-Text-Generator/airflow_env/lib/python3.10/site-packages/airflow/example_dags/example_xcomargs.py took 0.163 seconds
[2024-05-23T16:54:37.276+0700] {processor.py:161} INFO - Started process (PID=22206) to work on /mnt/d/Programming/Vietnamese-Text-Generator/airflow_env/lib/python3.10/site-packages/airflow/example_dags/example_xcomargs.py
[2024-05-23T16:54:37.278+0700] {processor.py:830} INFO - Processing file /mnt/d/Programming/Vietnamese-Text-Generator/airflow_env/lib/python3.10/site-packages/airflow/example_dags/example_xcomargs.py for tasks to queue
[2024-05-23T16:54:37.282+0700] {logging_mixin.py:188} INFO - [2024-05-23T16:54:37.281+0700] {dagbag.py:540} INFO - Filling up the DagBag from /mnt/d/Programming/Vietnamese-Text-Generator/airflow_env/lib/python3.10/site-packages/airflow/example_dags/example_xcomargs.py
[2024-05-23T16:54:37.316+0700] {processor.py:840} INFO - DAG(s) 'example_xcom_args', 'example_xcom_args_with_operators' retrieved from /mnt/d/Programming/Vietnamese-Text-Generator/airflow_env/lib/python3.10/site-packages/airflow/example_dags/example_xcomargs.py
[2024-05-23T16:54:37.363+0700] {logging_mixin.py:188} INFO - [2024-05-23T16:54:37.361+0700] {dag.py:3096} INFO - Sync 2 DAGs
[2024-05-23T16:54:37.386+0700] {logging_mixin.py:188} INFO - [2024-05-23T16:54:37.385+0700] {dag.py:3954} INFO - Setting next_dagrun for example_xcom_args to None, run_after=None
[2024-05-23T16:54:37.394+0700] {logging_mixin.py:188} INFO - [2024-05-23T16:54:37.392+0700] {dag.py:3954} INFO - Setting next_dagrun for example_xcom_args_with_operators to None, run_after=None
[2024-05-23T16:54:37.453+0700] {processor.py:183} INFO - Processing /mnt/d/Programming/Vietnamese-Text-Generator/airflow_env/lib/python3.10/site-packages/airflow/example_dags/example_xcomargs.py took 0.195 seconds
[2024-05-23T16:55:44.107+0700] {processor.py:161} INFO - Started process (PID=22522) to work on /mnt/d/Programming/Vietnamese-Text-Generator/airflow_env/lib/python3.10/site-packages/airflow/example_dags/example_xcomargs.py
[2024-05-23T16:55:44.109+0700] {processor.py:830} INFO - Processing file /mnt/d/Programming/Vietnamese-Text-Generator/airflow_env/lib/python3.10/site-packages/airflow/example_dags/example_xcomargs.py for tasks to queue
[2024-05-23T16:55:44.112+0700] {logging_mixin.py:188} INFO - [2024-05-23T16:55:44.111+0700] {dagbag.py:540} INFO - Filling up the DagBag from /mnt/d/Programming/Vietnamese-Text-Generator/airflow_env/lib/python3.10/site-packages/airflow/example_dags/example_xcomargs.py
[2024-05-23T16:55:44.146+0700] {processor.py:840} INFO - DAG(s) 'example_xcom_args_with_operators', 'example_xcom_args' retrieved from /mnt/d/Programming/Vietnamese-Text-Generator/airflow_env/lib/python3.10/site-packages/airflow/example_dags/example_xcomargs.py
[2024-05-23T16:55:44.188+0700] {logging_mixin.py:188} INFO - [2024-05-23T16:55:44.187+0700] {dag.py:3096} INFO - Sync 2 DAGs
[2024-05-23T16:55:44.207+0700] {logging_mixin.py:188} INFO - [2024-05-23T16:55:44.206+0700] {dag.py:3954} INFO - Setting next_dagrun for example_xcom_args to None, run_after=None
[2024-05-23T16:55:44.214+0700] {logging_mixin.py:188} INFO - [2024-05-23T16:55:44.213+0700] {dag.py:3954} INFO - Setting next_dagrun for example_xcom_args_with_operators to None, run_after=None
[2024-05-23T16:55:44.276+0700] {processor.py:183} INFO - Processing /mnt/d/Programming/Vietnamese-Text-Generator/airflow_env/lib/python3.10/site-packages/airflow/example_dags/example_xcomargs.py took 0.185 seconds
[2024-05-23T16:56:53.723+0700] {processor.py:161} INFO - Started process (PID=22846) to work on /mnt/d/Programming/Vietnamese-Text-Generator/airflow_env/lib/python3.10/site-packages/airflow/example_dags/example_xcomargs.py
[2024-05-23T16:56:53.726+0700] {processor.py:830} INFO - Processing file /mnt/d/Programming/Vietnamese-Text-Generator/airflow_env/lib/python3.10/site-packages/airflow/example_dags/example_xcomargs.py for tasks to queue
[2024-05-23T16:56:53.732+0700] {logging_mixin.py:188} INFO - [2024-05-23T16:56:53.731+0700] {dagbag.py:540} INFO - Filling up the DagBag from /mnt/d/Programming/Vietnamese-Text-Generator/airflow_env/lib/python3.10/site-packages/airflow/example_dags/example_xcomargs.py
[2024-05-23T16:56:53.759+0700] {processor.py:840} INFO - DAG(s) 'example_xcom_args', 'example_xcom_args_with_operators' retrieved from /mnt/d/Programming/Vietnamese-Text-Generator/airflow_env/lib/python3.10/site-packages/airflow/example_dags/example_xcomargs.py
[2024-05-23T16:56:53.792+0700] {logging_mixin.py:188} INFO - [2024-05-23T16:56:53.791+0700] {dag.py:3096} INFO - Sync 2 DAGs
[2024-05-23T16:56:53.808+0700] {logging_mixin.py:188} INFO - [2024-05-23T16:56:53.807+0700] {dag.py:3954} INFO - Setting next_dagrun for example_xcom_args to None, run_after=None
[2024-05-23T16:56:53.813+0700] {logging_mixin.py:188} INFO - [2024-05-23T16:56:53.812+0700] {dag.py:3954} INFO - Setting next_dagrun for example_xcom_args_with_operators to None, run_after=None
[2024-05-23T16:56:53.865+0700] {processor.py:183} INFO - Processing /mnt/d/Programming/Vietnamese-Text-Generator/airflow_env/lib/python3.10/site-packages/airflow/example_dags/example_xcomargs.py took 0.156 seconds
[2024-05-23T16:58:01.622+0700] {processor.py:161} INFO - Started process (PID=23164) to work on /mnt/d/Programming/Vietnamese-Text-Generator/airflow_env/lib/python3.10/site-packages/airflow/example_dags/example_xcomargs.py
[2024-05-23T16:58:01.624+0700] {processor.py:830} INFO - Processing file /mnt/d/Programming/Vietnamese-Text-Generator/airflow_env/lib/python3.10/site-packages/airflow/example_dags/example_xcomargs.py for tasks to queue
[2024-05-23T16:58:01.627+0700] {logging_mixin.py:188} INFO - [2024-05-23T16:58:01.626+0700] {dagbag.py:540} INFO - Filling up the DagBag from /mnt/d/Programming/Vietnamese-Text-Generator/airflow_env/lib/python3.10/site-packages/airflow/example_dags/example_xcomargs.py
[2024-05-23T16:58:01.660+0700] {processor.py:840} INFO - DAG(s) 'example_xcom_args_with_operators', 'example_xcom_args' retrieved from /mnt/d/Programming/Vietnamese-Text-Generator/airflow_env/lib/python3.10/site-packages/airflow/example_dags/example_xcomargs.py
[2024-05-23T16:58:01.695+0700] {logging_mixin.py:188} INFO - [2024-05-23T16:58:01.695+0700] {dag.py:3096} INFO - Sync 2 DAGs
[2024-05-23T16:58:01.708+0700] {logging_mixin.py:188} INFO - [2024-05-23T16:58:01.708+0700] {dag.py:3954} INFO - Setting next_dagrun for example_xcom_args to None, run_after=None
[2024-05-23T16:58:01.714+0700] {logging_mixin.py:188} INFO - [2024-05-23T16:58:01.713+0700] {dag.py:3954} INFO - Setting next_dagrun for example_xcom_args_with_operators to None, run_after=None
[2024-05-23T16:58:01.767+0700] {processor.py:183} INFO - Processing /mnt/d/Programming/Vietnamese-Text-Generator/airflow_env/lib/python3.10/site-packages/airflow/example_dags/example_xcomargs.py took 0.164 seconds
[2024-05-23T16:59:11.160+0700] {processor.py:161} INFO - Started process (PID=23490) to work on /mnt/d/Programming/Vietnamese-Text-Generator/airflow_env/lib/python3.10/site-packages/airflow/example_dags/example_xcomargs.py
[2024-05-23T16:59:11.163+0700] {processor.py:830} INFO - Processing file /mnt/d/Programming/Vietnamese-Text-Generator/airflow_env/lib/python3.10/site-packages/airflow/example_dags/example_xcomargs.py for tasks to queue
[2024-05-23T16:59:11.166+0700] {logging_mixin.py:188} INFO - [2024-05-23T16:59:11.164+0700] {dagbag.py:540} INFO - Filling up the DagBag from /mnt/d/Programming/Vietnamese-Text-Generator/airflow_env/lib/python3.10/site-packages/airflow/example_dags/example_xcomargs.py
[2024-05-23T16:59:11.197+0700] {processor.py:840} INFO - DAG(s) 'example_xcom_args', 'example_xcom_args_with_operators' retrieved from /mnt/d/Programming/Vietnamese-Text-Generator/airflow_env/lib/python3.10/site-packages/airflow/example_dags/example_xcomargs.py
[2024-05-23T16:59:11.239+0700] {logging_mixin.py:188} INFO - [2024-05-23T16:59:11.237+0700] {dag.py:3096} INFO - Sync 2 DAGs
[2024-05-23T16:59:11.258+0700] {logging_mixin.py:188} INFO - [2024-05-23T16:59:11.257+0700] {dag.py:3954} INFO - Setting next_dagrun for example_xcom_args to None, run_after=None
[2024-05-23T16:59:11.265+0700] {logging_mixin.py:188} INFO - [2024-05-23T16:59:11.264+0700] {dag.py:3954} INFO - Setting next_dagrun for example_xcom_args_with_operators to None, run_after=None
[2024-05-23T16:59:11.320+0700] {processor.py:183} INFO - Processing /mnt/d/Programming/Vietnamese-Text-Generator/airflow_env/lib/python3.10/site-packages/airflow/example_dags/example_xcomargs.py took 0.177 seconds
[2024-05-23T17:00:21.479+0700] {processor.py:161} INFO - Started process (PID=23818) to work on /mnt/d/Programming/Vietnamese-Text-Generator/airflow_env/lib/python3.10/site-packages/airflow/example_dags/example_xcomargs.py
[2024-05-23T17:00:21.481+0700] {processor.py:830} INFO - Processing file /mnt/d/Programming/Vietnamese-Text-Generator/airflow_env/lib/python3.10/site-packages/airflow/example_dags/example_xcomargs.py for tasks to queue
[2024-05-23T17:00:21.483+0700] {logging_mixin.py:188} INFO - [2024-05-23T17:00:21.482+0700] {dagbag.py:540} INFO - Filling up the DagBag from /mnt/d/Programming/Vietnamese-Text-Generator/airflow_env/lib/python3.10/site-packages/airflow/example_dags/example_xcomargs.py
[2024-05-23T17:00:21.503+0700] {processor.py:840} INFO - DAG(s) 'example_xcom_args', 'example_xcom_args_with_operators' retrieved from /mnt/d/Programming/Vietnamese-Text-Generator/airflow_env/lib/python3.10/site-packages/airflow/example_dags/example_xcomargs.py
[2024-05-23T17:00:21.534+0700] {logging_mixin.py:188} INFO - [2024-05-23T17:00:21.533+0700] {dag.py:3096} INFO - Sync 2 DAGs
[2024-05-23T17:00:21.547+0700] {logging_mixin.py:188} INFO - [2024-05-23T17:00:21.547+0700] {dag.py:3954} INFO - Setting next_dagrun for example_xcom_args to None, run_after=None
[2024-05-23T17:00:21.552+0700] {logging_mixin.py:188} INFO - [2024-05-23T17:00:21.552+0700] {dag.py:3954} INFO - Setting next_dagrun for example_xcom_args_with_operators to None, run_after=None
[2024-05-23T17:00:21.605+0700] {processor.py:183} INFO - Processing /mnt/d/Programming/Vietnamese-Text-Generator/airflow_env/lib/python3.10/site-packages/airflow/example_dags/example_xcomargs.py took 0.138 seconds
[2024-05-23T17:01:29.253+0700] {processor.py:161} INFO - Started process (PID=24133) to work on /mnt/d/Programming/Vietnamese-Text-Generator/airflow_env/lib/python3.10/site-packages/airflow/example_dags/example_xcomargs.py
[2024-05-23T17:01:29.255+0700] {processor.py:830} INFO - Processing file /mnt/d/Programming/Vietnamese-Text-Generator/airflow_env/lib/python3.10/site-packages/airflow/example_dags/example_xcomargs.py for tasks to queue
[2024-05-23T17:01:29.257+0700] {logging_mixin.py:188} INFO - [2024-05-23T17:01:29.256+0700] {dagbag.py:540} INFO - Filling up the DagBag from /mnt/d/Programming/Vietnamese-Text-Generator/airflow_env/lib/python3.10/site-packages/airflow/example_dags/example_xcomargs.py
[2024-05-23T17:01:29.277+0700] {processor.py:840} INFO - DAG(s) 'example_xcom_args_with_operators', 'example_xcom_args' retrieved from /mnt/d/Programming/Vietnamese-Text-Generator/airflow_env/lib/python3.10/site-packages/airflow/example_dags/example_xcomargs.py
[2024-05-23T17:01:29.314+0700] {logging_mixin.py:188} INFO - [2024-05-23T17:01:29.313+0700] {dag.py:3096} INFO - Sync 2 DAGs
[2024-05-23T17:01:29.330+0700] {logging_mixin.py:188} INFO - [2024-05-23T17:01:29.329+0700] {dag.py:3954} INFO - Setting next_dagrun for example_xcom_args to None, run_after=None
[2024-05-23T17:01:29.336+0700] {logging_mixin.py:188} INFO - [2024-05-23T17:01:29.335+0700] {dag.py:3954} INFO - Setting next_dagrun for example_xcom_args_with_operators to None, run_after=None
[2024-05-23T17:01:29.396+0700] {processor.py:183} INFO - Processing /mnt/d/Programming/Vietnamese-Text-Generator/airflow_env/lib/python3.10/site-packages/airflow/example_dags/example_xcomargs.py took 0.155 seconds
[2024-05-23T17:02:40.794+0700] {processor.py:161} INFO - Started process (PID=24465) to work on /mnt/d/Programming/Vietnamese-Text-Generator/airflow_env/lib/python3.10/site-packages/airflow/example_dags/example_xcomargs.py
[2024-05-23T17:02:40.796+0700] {processor.py:830} INFO - Processing file /mnt/d/Programming/Vietnamese-Text-Generator/airflow_env/lib/python3.10/site-packages/airflow/example_dags/example_xcomargs.py for tasks to queue
[2024-05-23T17:02:40.798+0700] {logging_mixin.py:188} INFO - [2024-05-23T17:02:40.797+0700] {dagbag.py:540} INFO - Filling up the DagBag from /mnt/d/Programming/Vietnamese-Text-Generator/airflow_env/lib/python3.10/site-packages/airflow/example_dags/example_xcomargs.py
[2024-05-23T17:02:40.818+0700] {processor.py:840} INFO - DAG(s) 'example_xcom_args', 'example_xcom_args_with_operators' retrieved from /mnt/d/Programming/Vietnamese-Text-Generator/airflow_env/lib/python3.10/site-packages/airflow/example_dags/example_xcomargs.py
[2024-05-23T17:02:40.856+0700] {logging_mixin.py:188} INFO - [2024-05-23T17:02:40.855+0700] {dag.py:3096} INFO - Sync 2 DAGs
[2024-05-23T17:02:40.874+0700] {logging_mixin.py:188} INFO - [2024-05-23T17:02:40.873+0700] {dag.py:3954} INFO - Setting next_dagrun for example_xcom_args to None, run_after=None
[2024-05-23T17:02:40.882+0700] {logging_mixin.py:188} INFO - [2024-05-23T17:02:40.881+0700] {dag.py:3954} INFO - Setting next_dagrun for example_xcom_args_with_operators to None, run_after=None
[2024-05-23T17:02:40.936+0700] {processor.py:183} INFO - Processing /mnt/d/Programming/Vietnamese-Text-Generator/airflow_env/lib/python3.10/site-packages/airflow/example_dags/example_xcomargs.py took 0.154 seconds
[2024-05-23T17:03:48.373+0700] {processor.py:161} INFO - Started process (PID=24780) to work on /mnt/d/Programming/Vietnamese-Text-Generator/airflow_env/lib/python3.10/site-packages/airflow/example_dags/example_xcomargs.py
[2024-05-23T17:03:48.375+0700] {processor.py:830} INFO - Processing file /mnt/d/Programming/Vietnamese-Text-Generator/airflow_env/lib/python3.10/site-packages/airflow/example_dags/example_xcomargs.py for tasks to queue
[2024-05-23T17:03:48.377+0700] {logging_mixin.py:188} INFO - [2024-05-23T17:03:48.376+0700] {dagbag.py:540} INFO - Filling up the DagBag from /mnt/d/Programming/Vietnamese-Text-Generator/airflow_env/lib/python3.10/site-packages/airflow/example_dags/example_xcomargs.py
[2024-05-23T17:03:48.397+0700] {processor.py:840} INFO - DAG(s) 'example_xcom_args_with_operators', 'example_xcom_args' retrieved from /mnt/d/Programming/Vietnamese-Text-Generator/airflow_env/lib/python3.10/site-packages/airflow/example_dags/example_xcomargs.py
[2024-05-23T17:03:48.438+0700] {logging_mixin.py:188} INFO - [2024-05-23T17:03:48.437+0700] {dag.py:3096} INFO - Sync 2 DAGs
[2024-05-23T17:03:48.455+0700] {logging_mixin.py:188} INFO - [2024-05-23T17:03:48.454+0700] {dag.py:3954} INFO - Setting next_dagrun for example_xcom_args to None, run_after=None
[2024-05-23T17:03:48.461+0700] {logging_mixin.py:188} INFO - [2024-05-23T17:03:48.460+0700] {dag.py:3954} INFO - Setting next_dagrun for example_xcom_args_with_operators to None, run_after=None
[2024-05-23T17:03:48.515+0700] {processor.py:183} INFO - Processing /mnt/d/Programming/Vietnamese-Text-Generator/airflow_env/lib/python3.10/site-packages/airflow/example_dags/example_xcomargs.py took 0.153 seconds
