[2024-05-23T15:43:18.605+0700] {processor.py:161} INFO - Started process (PID=1254) to work on /mnt/d/Programming/Vietnamese-Text-Generator/airflow_env/lib/python3.10/site-packages/airflow/example_dags/example_dag_decorator.py
[2024-05-23T15:43:18.607+0700] {processor.py:830} INFO - Processing file /mnt/d/Programming/Vietnamese-Text-Generator/airflow_env/lib/python3.10/site-packages/airflow/example_dags/example_dag_decorator.py for tasks to queue
[2024-05-23T15:43:18.611+0700] {logging_mixin.py:188} INFO - [2024-05-23T15:43:18.610+0700] {dagbag.py:540} INFO - Filling up the DagBag from /mnt/d/Programming/Vietnamese-Text-Generator/airflow_env/lib/python3.10/site-packages/airflow/example_dags/example_dag_decorator.py
[2024-05-23T15:43:20.700+0700] {processor.py:840} INFO - DAG(s) 'example_dag_decorator' retrieved from /mnt/d/Programming/Vietnamese-Text-Generator/airflow_env/lib/python3.10/site-packages/airflow/example_dags/example_dag_decorator.py
[2024-05-23T15:43:22.032+0700] {logging_mixin.py:188} INFO - [2024-05-23T15:43:22.031+0700] {dag.py:3096} INFO - Sync 1 DAGs
[2024-05-23T15:43:22.060+0700] {logging_mixin.py:188} INFO - [2024-05-23T15:43:22.059+0700] {dag.py:3954} INFO - Setting next_dagrun for example_dag_decorator to None, run_after=None
[2024-05-23T15:43:22.148+0700] {processor.py:183} INFO - Processing /mnt/d/Programming/Vietnamese-Text-Generator/airflow_env/lib/python3.10/site-packages/airflow/example_dags/example_dag_decorator.py took 3.559 seconds
[2024-05-23T15:44:47.701+0700] {processor.py:161} INFO - Started process (PID=1689) to work on /mnt/d/Programming/Vietnamese-Text-Generator/airflow_env/lib/python3.10/site-packages/airflow/example_dags/example_dag_decorator.py
[2024-05-23T15:44:47.703+0700] {processor.py:830} INFO - Processing file /mnt/d/Programming/Vietnamese-Text-Generator/airflow_env/lib/python3.10/site-packages/airflow/example_dags/example_dag_decorator.py for tasks to queue
[2024-05-23T15:44:47.708+0700] {logging_mixin.py:188} INFO - [2024-05-23T15:44:47.707+0700] {dagbag.py:540} INFO - Filling up the DagBag from /mnt/d/Programming/Vietnamese-Text-Generator/airflow_env/lib/python3.10/site-packages/airflow/example_dags/example_dag_decorator.py
[2024-05-23T15:44:48.455+0700] {processor.py:840} INFO - DAG(s) 'example_dag_decorator' retrieved from /mnt/d/Programming/Vietnamese-Text-Generator/airflow_env/lib/python3.10/site-packages/airflow/example_dags/example_dag_decorator.py
[2024-05-23T15:44:49.336+0700] {logging_mixin.py:188} INFO - [2024-05-23T15:44:49.335+0700] {dag.py:3096} INFO - Sync 1 DAGs
[2024-05-23T15:44:49.349+0700] {logging_mixin.py:188} INFO - [2024-05-23T15:44:49.349+0700] {dag.py:3954} INFO - Setting next_dagrun for example_dag_decorator to None, run_after=None
[2024-05-23T15:44:49.408+0700] {processor.py:183} INFO - Processing /mnt/d/Programming/Vietnamese-Text-Generator/airflow_env/lib/python3.10/site-packages/airflow/example_dags/example_dag_decorator.py took 1.721 seconds
[2024-05-23T15:45:58.202+0700] {processor.py:161} INFO - Started process (PID=2123) to work on /mnt/d/Programming/Vietnamese-Text-Generator/airflow_env/lib/python3.10/site-packages/airflow/example_dags/example_dag_decorator.py
[2024-05-23T15:45:58.203+0700] {processor.py:830} INFO - Processing file /mnt/d/Programming/Vietnamese-Text-Generator/airflow_env/lib/python3.10/site-packages/airflow/example_dags/example_dag_decorator.py for tasks to queue
[2024-05-23T15:45:58.206+0700] {logging_mixin.py:188} INFO - [2024-05-23T15:45:58.205+0700] {dagbag.py:540} INFO - Filling up the DagBag from /mnt/d/Programming/Vietnamese-Text-Generator/airflow_env/lib/python3.10/site-packages/airflow/example_dags/example_dag_decorator.py
[2024-05-23T15:45:59.044+0700] {processor.py:840} INFO - DAG(s) 'example_dag_decorator' retrieved from /mnt/d/Programming/Vietnamese-Text-Generator/airflow_env/lib/python3.10/site-packages/airflow/example_dags/example_dag_decorator.py
[2024-05-23T15:46:00.300+0700] {logging_mixin.py:188} INFO - [2024-05-23T15:46:00.299+0700] {dag.py:3096} INFO - Sync 1 DAGs
[2024-05-23T15:46:00.316+0700] {logging_mixin.py:188} INFO - [2024-05-23T15:46:00.315+0700] {dag.py:3954} INFO - Setting next_dagrun for example_dag_decorator to None, run_after=None
[2024-05-23T15:46:00.399+0700] {processor.py:183} INFO - Processing /mnt/d/Programming/Vietnamese-Text-Generator/airflow_env/lib/python3.10/site-packages/airflow/example_dags/example_dag_decorator.py took 2.208 seconds
[2024-05-23T15:47:08.587+0700] {processor.py:161} INFO - Started process (PID=2718) to work on /mnt/d/Programming/Vietnamese-Text-Generator/airflow_env/lib/python3.10/site-packages/airflow/example_dags/example_dag_decorator.py
[2024-05-23T15:47:08.588+0700] {processor.py:830} INFO - Processing file /mnt/d/Programming/Vietnamese-Text-Generator/airflow_env/lib/python3.10/site-packages/airflow/example_dags/example_dag_decorator.py for tasks to queue
[2024-05-23T15:47:08.592+0700] {logging_mixin.py:188} INFO - [2024-05-23T15:47:08.591+0700] {dagbag.py:540} INFO - Filling up the DagBag from /mnt/d/Programming/Vietnamese-Text-Generator/airflow_env/lib/python3.10/site-packages/airflow/example_dags/example_dag_decorator.py
[2024-05-23T15:47:09.401+0700] {processor.py:840} INFO - DAG(s) 'example_dag_decorator' retrieved from /mnt/d/Programming/Vietnamese-Text-Generator/airflow_env/lib/python3.10/site-packages/airflow/example_dags/example_dag_decorator.py
[2024-05-23T15:47:10.261+0700] {logging_mixin.py:188} INFO - [2024-05-23T15:47:10.261+0700] {dag.py:3096} INFO - Sync 1 DAGs
[2024-05-23T15:47:10.276+0700] {logging_mixin.py:188} INFO - [2024-05-23T15:47:10.275+0700] {dag.py:3954} INFO - Setting next_dagrun for example_dag_decorator to None, run_after=None
[2024-05-23T15:47:10.329+0700] {processor.py:183} INFO - Processing /mnt/d/Programming/Vietnamese-Text-Generator/airflow_env/lib/python3.10/site-packages/airflow/example_dags/example_dag_decorator.py took 1.754 seconds
[2024-05-23T15:55:18.307+0700] {processor.py:161} INFO - Started process (PID=4826) to work on /mnt/d/Programming/Vietnamese-Text-Generator/airflow_env/lib/python3.10/site-packages/airflow/example_dags/example_dag_decorator.py
[2024-05-23T15:55:18.309+0700] {processor.py:830} INFO - Processing file /mnt/d/Programming/Vietnamese-Text-Generator/airflow_env/lib/python3.10/site-packages/airflow/example_dags/example_dag_decorator.py for tasks to queue
[2024-05-23T15:55:18.312+0700] {logging_mixin.py:188} INFO - [2024-05-23T15:55:18.310+0700] {dagbag.py:540} INFO - Filling up the DagBag from /mnt/d/Programming/Vietnamese-Text-Generator/airflow_env/lib/python3.10/site-packages/airflow/example_dags/example_dag_decorator.py
[2024-05-23T15:55:19.228+0700] {processor.py:840} INFO - DAG(s) 'example_dag_decorator' retrieved from /mnt/d/Programming/Vietnamese-Text-Generator/airflow_env/lib/python3.10/site-packages/airflow/example_dags/example_dag_decorator.py
[2024-05-23T15:55:20.538+0700] {logging_mixin.py:188} INFO - [2024-05-23T15:55:20.537+0700] {dag.py:3096} INFO - Sync 1 DAGs
[2024-05-23T15:55:20.555+0700] {logging_mixin.py:188} INFO - [2024-05-23T15:55:20.554+0700] {dag.py:3954} INFO - Setting next_dagrun for example_dag_decorator to None, run_after=None
[2024-05-23T15:55:20.620+0700] {processor.py:183} INFO - Processing /mnt/d/Programming/Vietnamese-Text-Generator/airflow_env/lib/python3.10/site-packages/airflow/example_dags/example_dag_decorator.py took 2.324 seconds
[2024-05-23T15:56:30.382+0700] {processor.py:161} INFO - Started process (PID=5169) to work on /mnt/d/Programming/Vietnamese-Text-Generator/airflow_env/lib/python3.10/site-packages/airflow/example_dags/example_dag_decorator.py
[2024-05-23T15:56:30.385+0700] {processor.py:830} INFO - Processing file /mnt/d/Programming/Vietnamese-Text-Generator/airflow_env/lib/python3.10/site-packages/airflow/example_dags/example_dag_decorator.py for tasks to queue
[2024-05-23T15:56:30.388+0700] {logging_mixin.py:188} INFO - [2024-05-23T15:56:30.387+0700] {dagbag.py:540} INFO - Filling up the DagBag from /mnt/d/Programming/Vietnamese-Text-Generator/airflow_env/lib/python3.10/site-packages/airflow/example_dags/example_dag_decorator.py
[2024-05-23T15:56:31.207+0700] {processor.py:840} INFO - DAG(s) 'example_dag_decorator' retrieved from /mnt/d/Programming/Vietnamese-Text-Generator/airflow_env/lib/python3.10/site-packages/airflow/example_dags/example_dag_decorator.py
[2024-05-23T15:56:32.170+0700] {logging_mixin.py:188} INFO - [2024-05-23T15:56:32.169+0700] {dag.py:3096} INFO - Sync 1 DAGs
[2024-05-23T15:56:32.181+0700] {logging_mixin.py:188} INFO - [2024-05-23T15:56:32.180+0700] {dag.py:3954} INFO - Setting next_dagrun for example_dag_decorator to None, run_after=None
[2024-05-23T15:56:32.242+0700] {processor.py:183} INFO - Processing /mnt/d/Programming/Vietnamese-Text-Generator/airflow_env/lib/python3.10/site-packages/airflow/example_dags/example_dag_decorator.py took 1.876 seconds
[2024-05-23T15:57:39.815+0700] {processor.py:161} INFO - Started process (PID=5498) to work on /mnt/d/Programming/Vietnamese-Text-Generator/airflow_env/lib/python3.10/site-packages/airflow/example_dags/example_dag_decorator.py
[2024-05-23T15:57:39.818+0700] {processor.py:830} INFO - Processing file /mnt/d/Programming/Vietnamese-Text-Generator/airflow_env/lib/python3.10/site-packages/airflow/example_dags/example_dag_decorator.py for tasks to queue
[2024-05-23T15:57:39.821+0700] {logging_mixin.py:188} INFO - [2024-05-23T15:57:39.820+0700] {dagbag.py:540} INFO - Filling up the DagBag from /mnt/d/Programming/Vietnamese-Text-Generator/airflow_env/lib/python3.10/site-packages/airflow/example_dags/example_dag_decorator.py
[2024-05-23T15:57:40.636+0700] {processor.py:840} INFO - DAG(s) 'example_dag_decorator' retrieved from /mnt/d/Programming/Vietnamese-Text-Generator/airflow_env/lib/python3.10/site-packages/airflow/example_dags/example_dag_decorator.py
[2024-05-23T15:57:42.214+0700] {logging_mixin.py:188} INFO - [2024-05-23T15:57:42.213+0700] {dag.py:3096} INFO - Sync 1 DAGs
[2024-05-23T15:57:42.236+0700] {logging_mixin.py:188} INFO - [2024-05-23T15:57:42.233+0700] {dag.py:3954} INFO - Setting next_dagrun for example_dag_decorator to None, run_after=None
[2024-05-23T15:57:42.389+0700] {processor.py:183} INFO - Processing /mnt/d/Programming/Vietnamese-Text-Generator/airflow_env/lib/python3.10/site-packages/airflow/example_dags/example_dag_decorator.py took 2.588 seconds
[2024-05-23T15:58:47.877+0700] {processor.py:161} INFO - Started process (PID=5819) to work on /mnt/d/Programming/Vietnamese-Text-Generator/airflow_env/lib/python3.10/site-packages/airflow/example_dags/example_dag_decorator.py
[2024-05-23T15:58:47.879+0700] {processor.py:830} INFO - Processing file /mnt/d/Programming/Vietnamese-Text-Generator/airflow_env/lib/python3.10/site-packages/airflow/example_dags/example_dag_decorator.py for tasks to queue
[2024-05-23T15:58:47.883+0700] {logging_mixin.py:188} INFO - [2024-05-23T15:58:47.881+0700] {dagbag.py:540} INFO - Filling up the DagBag from /mnt/d/Programming/Vietnamese-Text-Generator/airflow_env/lib/python3.10/site-packages/airflow/example_dags/example_dag_decorator.py
[2024-05-23T15:58:48.718+0700] {processor.py:840} INFO - DAG(s) 'example_dag_decorator' retrieved from /mnt/d/Programming/Vietnamese-Text-Generator/airflow_env/lib/python3.10/site-packages/airflow/example_dags/example_dag_decorator.py
[2024-05-23T15:58:49.800+0700] {logging_mixin.py:188} INFO - [2024-05-23T15:58:49.799+0700] {dag.py:3096} INFO - Sync 1 DAGs
[2024-05-23T15:58:49.939+0700] {logging_mixin.py:188} INFO - [2024-05-23T15:58:49.938+0700] {dag.py:3954} INFO - Setting next_dagrun for example_dag_decorator to None, run_after=None
[2024-05-23T15:58:49.992+0700] {processor.py:183} INFO - Processing /mnt/d/Programming/Vietnamese-Text-Generator/airflow_env/lib/python3.10/site-packages/airflow/example_dags/example_dag_decorator.py took 2.130 seconds
[2024-05-23T16:00:01.625+0700] {processor.py:161} INFO - Started process (PID=6166) to work on /mnt/d/Programming/Vietnamese-Text-Generator/airflow_env/lib/python3.10/site-packages/airflow/example_dags/example_dag_decorator.py
[2024-05-23T16:00:01.627+0700] {processor.py:830} INFO - Processing file /mnt/d/Programming/Vietnamese-Text-Generator/airflow_env/lib/python3.10/site-packages/airflow/example_dags/example_dag_decorator.py for tasks to queue
[2024-05-23T16:00:01.631+0700] {logging_mixin.py:188} INFO - [2024-05-23T16:00:01.629+0700] {dagbag.py:540} INFO - Filling up the DagBag from /mnt/d/Programming/Vietnamese-Text-Generator/airflow_env/lib/python3.10/site-packages/airflow/example_dags/example_dag_decorator.py
[2024-05-23T16:00:02.457+0700] {processor.py:840} INFO - DAG(s) 'example_dag_decorator' retrieved from /mnt/d/Programming/Vietnamese-Text-Generator/airflow_env/lib/python3.10/site-packages/airflow/example_dags/example_dag_decorator.py
[2024-05-23T16:00:03.467+0700] {logging_mixin.py:188} INFO - [2024-05-23T16:00:03.466+0700] {dag.py:3096} INFO - Sync 1 DAGs
[2024-05-23T16:00:03.481+0700] {logging_mixin.py:188} INFO - [2024-05-23T16:00:03.480+0700] {dag.py:3954} INFO - Setting next_dagrun for example_dag_decorator to None, run_after=None
[2024-05-23T16:00:03.656+0700] {processor.py:183} INFO - Processing /mnt/d/Programming/Vietnamese-Text-Generator/airflow_env/lib/python3.10/site-packages/airflow/example_dags/example_dag_decorator.py took 2.045 seconds
[2024-05-23T16:01:08.054+0700] {processor.py:161} INFO - Started process (PID=6480) to work on /mnt/d/Programming/Vietnamese-Text-Generator/airflow_env/lib/python3.10/site-packages/airflow/example_dags/example_dag_decorator.py
[2024-05-23T16:01:08.056+0700] {processor.py:830} INFO - Processing file /mnt/d/Programming/Vietnamese-Text-Generator/airflow_env/lib/python3.10/site-packages/airflow/example_dags/example_dag_decorator.py for tasks to queue
[2024-05-23T16:01:08.062+0700] {logging_mixin.py:188} INFO - [2024-05-23T16:01:08.061+0700] {dagbag.py:540} INFO - Filling up the DagBag from /mnt/d/Programming/Vietnamese-Text-Generator/airflow_env/lib/python3.10/site-packages/airflow/example_dags/example_dag_decorator.py
[2024-05-23T16:01:08.813+0700] {processor.py:840} INFO - DAG(s) 'example_dag_decorator' retrieved from /mnt/d/Programming/Vietnamese-Text-Generator/airflow_env/lib/python3.10/site-packages/airflow/example_dags/example_dag_decorator.py
[2024-05-23T16:01:09.591+0700] {logging_mixin.py:188} INFO - [2024-05-23T16:01:09.590+0700] {dag.py:3096} INFO - Sync 1 DAGs
[2024-05-23T16:01:09.602+0700] {logging_mixin.py:188} INFO - [2024-05-23T16:01:09.601+0700] {dag.py:3954} INFO - Setting next_dagrun for example_dag_decorator to None, run_after=None
[2024-05-23T16:01:09.649+0700] {processor.py:183} INFO - Processing /mnt/d/Programming/Vietnamese-Text-Generator/airflow_env/lib/python3.10/site-packages/airflow/example_dags/example_dag_decorator.py took 1.608 seconds
[2024-05-23T16:02:13.857+0700] {processor.py:161} INFO - Started process (PID=6790) to work on /mnt/d/Programming/Vietnamese-Text-Generator/airflow_env/lib/python3.10/site-packages/airflow/example_dags/example_dag_decorator.py
[2024-05-23T16:02:13.859+0700] {processor.py:830} INFO - Processing file /mnt/d/Programming/Vietnamese-Text-Generator/airflow_env/lib/python3.10/site-packages/airflow/example_dags/example_dag_decorator.py for tasks to queue
[2024-05-23T16:02:13.863+0700] {logging_mixin.py:188} INFO - [2024-05-23T16:02:13.861+0700] {dagbag.py:540} INFO - Filling up the DagBag from /mnt/d/Programming/Vietnamese-Text-Generator/airflow_env/lib/python3.10/site-packages/airflow/example_dags/example_dag_decorator.py
[2024-05-23T16:02:14.605+0700] {processor.py:840} INFO - DAG(s) 'example_dag_decorator' retrieved from /mnt/d/Programming/Vietnamese-Text-Generator/airflow_env/lib/python3.10/site-packages/airflow/example_dags/example_dag_decorator.py
[2024-05-23T16:02:15.612+0700] {logging_mixin.py:188} INFO - [2024-05-23T16:02:15.611+0700] {dag.py:3096} INFO - Sync 1 DAGs
[2024-05-23T16:02:15.623+0700] {logging_mixin.py:188} INFO - [2024-05-23T16:02:15.622+0700] {dag.py:3954} INFO - Setting next_dagrun for example_dag_decorator to None, run_after=None
[2024-05-23T16:02:15.686+0700] {processor.py:183} INFO - Processing /mnt/d/Programming/Vietnamese-Text-Generator/airflow_env/lib/python3.10/site-packages/airflow/example_dags/example_dag_decorator.py took 1.843 seconds
[2024-05-23T16:03:25.313+0700] {processor.py:161} INFO - Started process (PID=7125) to work on /mnt/d/Programming/Vietnamese-Text-Generator/airflow_env/lib/python3.10/site-packages/airflow/example_dags/example_dag_decorator.py
[2024-05-23T16:03:25.316+0700] {processor.py:830} INFO - Processing file /mnt/d/Programming/Vietnamese-Text-Generator/airflow_env/lib/python3.10/site-packages/airflow/example_dags/example_dag_decorator.py for tasks to queue
[2024-05-23T16:03:25.319+0700] {logging_mixin.py:188} INFO - [2024-05-23T16:03:25.318+0700] {dagbag.py:540} INFO - Filling up the DagBag from /mnt/d/Programming/Vietnamese-Text-Generator/airflow_env/lib/python3.10/site-packages/airflow/example_dags/example_dag_decorator.py
[2024-05-23T16:03:26.067+0700] {processor.py:840} INFO - DAG(s) 'example_dag_decorator' retrieved from /mnt/d/Programming/Vietnamese-Text-Generator/airflow_env/lib/python3.10/site-packages/airflow/example_dags/example_dag_decorator.py
[2024-05-23T16:03:27.000+0700] {logging_mixin.py:188} INFO - [2024-05-23T16:03:26.999+0700] {dag.py:3096} INFO - Sync 1 DAGs
[2024-05-23T16:03:27.012+0700] {logging_mixin.py:188} INFO - [2024-05-23T16:03:27.011+0700] {dag.py:3954} INFO - Setting next_dagrun for example_dag_decorator to None, run_after=None
[2024-05-23T16:03:27.059+0700] {processor.py:183} INFO - Processing /mnt/d/Programming/Vietnamese-Text-Generator/airflow_env/lib/python3.10/site-packages/airflow/example_dags/example_dag_decorator.py took 1.763 seconds
[2024-05-23T16:35:36.785+0700] {processor.py:161} INFO - Started process (PID=17211) to work on /mnt/d/Programming/Vietnamese-Text-Generator/airflow_env/lib/python3.10/site-packages/airflow/example_dags/example_dag_decorator.py
[2024-05-23T16:35:36.787+0700] {processor.py:830} INFO - Processing file /mnt/d/Programming/Vietnamese-Text-Generator/airflow_env/lib/python3.10/site-packages/airflow/example_dags/example_dag_decorator.py for tasks to queue
[2024-05-23T16:35:36.791+0700] {logging_mixin.py:188} INFO - [2024-05-23T16:35:36.789+0700] {dagbag.py:540} INFO - Filling up the DagBag from /mnt/d/Programming/Vietnamese-Text-Generator/airflow_env/lib/python3.10/site-packages/airflow/example_dags/example_dag_decorator.py
[2024-05-23T16:35:37.893+0700] {processor.py:840} INFO - DAG(s) 'example_dag_decorator' retrieved from /mnt/d/Programming/Vietnamese-Text-Generator/airflow_env/lib/python3.10/site-packages/airflow/example_dags/example_dag_decorator.py
[2024-05-23T16:35:39.443+0700] {logging_mixin.py:188} INFO - [2024-05-23T16:35:39.442+0700] {dag.py:3096} INFO - Sync 1 DAGs
[2024-05-23T16:35:39.460+0700] {logging_mixin.py:188} INFO - [2024-05-23T16:35:39.459+0700] {dag.py:3954} INFO - Setting next_dagrun for example_dag_decorator to None, run_after=None
[2024-05-23T16:35:39.575+0700] {processor.py:183} INFO - Processing /mnt/d/Programming/Vietnamese-Text-Generator/airflow_env/lib/python3.10/site-packages/airflow/example_dags/example_dag_decorator.py took 2.803 seconds
[2024-05-23T16:36:52.838+0700] {processor.py:161} INFO - Started process (PID=17565) to work on /mnt/d/Programming/Vietnamese-Text-Generator/airflow_env/lib/python3.10/site-packages/airflow/example_dags/example_dag_decorator.py
[2024-05-23T16:36:52.840+0700] {processor.py:830} INFO - Processing file /mnt/d/Programming/Vietnamese-Text-Generator/airflow_env/lib/python3.10/site-packages/airflow/example_dags/example_dag_decorator.py for tasks to queue
[2024-05-23T16:36:52.843+0700] {logging_mixin.py:188} INFO - [2024-05-23T16:36:52.842+0700] {dagbag.py:540} INFO - Filling up the DagBag from /mnt/d/Programming/Vietnamese-Text-Generator/airflow_env/lib/python3.10/site-packages/airflow/example_dags/example_dag_decorator.py
[2024-05-23T16:36:53.571+0700] {processor.py:840} INFO - DAG(s) 'example_dag_decorator' retrieved from /mnt/d/Programming/Vietnamese-Text-Generator/airflow_env/lib/python3.10/site-packages/airflow/example_dags/example_dag_decorator.py
[2024-05-23T16:36:54.572+0700] {logging_mixin.py:188} INFO - [2024-05-23T16:36:54.571+0700] {dag.py:3096} INFO - Sync 1 DAGs
[2024-05-23T16:36:54.584+0700] {logging_mixin.py:188} INFO - [2024-05-23T16:36:54.583+0700] {dag.py:3954} INFO - Setting next_dagrun for example_dag_decorator to None, run_after=None
[2024-05-23T16:36:54.640+0700] {processor.py:183} INFO - Processing /mnt/d/Programming/Vietnamese-Text-Generator/airflow_env/lib/python3.10/site-packages/airflow/example_dags/example_dag_decorator.py took 1.814 seconds
[2024-05-23T16:38:11.882+0700] {processor.py:161} INFO - Started process (PID=17936) to work on /mnt/d/Programming/Vietnamese-Text-Generator/airflow_env/lib/python3.10/site-packages/airflow/example_dags/example_dag_decorator.py
[2024-05-23T16:38:11.885+0700] {processor.py:830} INFO - Processing file /mnt/d/Programming/Vietnamese-Text-Generator/airflow_env/lib/python3.10/site-packages/airflow/example_dags/example_dag_decorator.py for tasks to queue
[2024-05-23T16:38:11.889+0700] {logging_mixin.py:188} INFO - [2024-05-23T16:38:11.887+0700] {dagbag.py:540} INFO - Filling up the DagBag from /mnt/d/Programming/Vietnamese-Text-Generator/airflow_env/lib/python3.10/site-packages/airflow/example_dags/example_dag_decorator.py
[2024-05-23T16:38:13.655+0700] {processor.py:840} INFO - DAG(s) 'example_dag_decorator' retrieved from /mnt/d/Programming/Vietnamese-Text-Generator/airflow_env/lib/python3.10/site-packages/airflow/example_dags/example_dag_decorator.py
[2024-05-23T16:38:15.413+0700] {logging_mixin.py:188} INFO - [2024-05-23T16:38:15.412+0700] {dag.py:3096} INFO - Sync 1 DAGs
[2024-05-23T16:38:15.426+0700] {logging_mixin.py:188} INFO - [2024-05-23T16:38:15.424+0700] {dag.py:3954} INFO - Setting next_dagrun for example_dag_decorator to None, run_after=None
[2024-05-23T16:38:15.496+0700] {processor.py:183} INFO - Processing /mnt/d/Programming/Vietnamese-Text-Generator/airflow_env/lib/python3.10/site-packages/airflow/example_dags/example_dag_decorator.py took 3.633 seconds
[2024-05-23T16:50:24.706+0700] {processor.py:161} INFO - Started process (PID=21034) to work on /mnt/d/Programming/Vietnamese-Text-Generator/airflow_env/lib/python3.10/site-packages/airflow/example_dags/example_dag_decorator.py
[2024-05-23T16:50:24.708+0700] {processor.py:830} INFO - Processing file /mnt/d/Programming/Vietnamese-Text-Generator/airflow_env/lib/python3.10/site-packages/airflow/example_dags/example_dag_decorator.py for tasks to queue
[2024-05-23T16:50:24.710+0700] {logging_mixin.py:188} INFO - [2024-05-23T16:50:24.709+0700] {dagbag.py:540} INFO - Filling up the DagBag from /mnt/d/Programming/Vietnamese-Text-Generator/airflow_env/lib/python3.10/site-packages/airflow/example_dags/example_dag_decorator.py
[2024-05-23T16:50:25.575+0700] {processor.py:840} INFO - DAG(s) 'example_dag_decorator' retrieved from /mnt/d/Programming/Vietnamese-Text-Generator/airflow_env/lib/python3.10/site-packages/airflow/example_dags/example_dag_decorator.py
[2024-05-23T16:50:26.571+0700] {logging_mixin.py:188} INFO - [2024-05-23T16:50:26.570+0700] {dag.py:3096} INFO - Sync 1 DAGs
[2024-05-23T16:50:26.594+0700] {logging_mixin.py:188} INFO - [2024-05-23T16:50:26.592+0700] {dag.py:3954} INFO - Setting next_dagrun for example_dag_decorator to None, run_after=None
[2024-05-23T16:50:26.688+0700] {processor.py:183} INFO - Processing /mnt/d/Programming/Vietnamese-Text-Generator/airflow_env/lib/python3.10/site-packages/airflow/example_dags/example_dag_decorator.py took 1.991 seconds
[2024-05-23T16:51:49.232+0700] {processor.py:161} INFO - Started process (PID=21426) to work on /mnt/d/Programming/Vietnamese-Text-Generator/airflow_env/lib/python3.10/site-packages/airflow/example_dags/example_dag_decorator.py
[2024-05-23T16:51:49.234+0700] {processor.py:830} INFO - Processing file /mnt/d/Programming/Vietnamese-Text-Generator/airflow_env/lib/python3.10/site-packages/airflow/example_dags/example_dag_decorator.py for tasks to queue
[2024-05-23T16:51:49.236+0700] {logging_mixin.py:188} INFO - [2024-05-23T16:51:49.235+0700] {dagbag.py:540} INFO - Filling up the DagBag from /mnt/d/Programming/Vietnamese-Text-Generator/airflow_env/lib/python3.10/site-packages/airflow/example_dags/example_dag_decorator.py
[2024-05-23T16:51:50.317+0700] {processor.py:840} INFO - DAG(s) 'example_dag_decorator' retrieved from /mnt/d/Programming/Vietnamese-Text-Generator/airflow_env/lib/python3.10/site-packages/airflow/example_dags/example_dag_decorator.py
[2024-05-23T16:51:51.476+0700] {logging_mixin.py:188} INFO - [2024-05-23T16:51:51.475+0700] {dag.py:3096} INFO - Sync 1 DAGs
[2024-05-23T16:51:51.495+0700] {logging_mixin.py:188} INFO - [2024-05-23T16:51:51.494+0700] {dag.py:3954} INFO - Setting next_dagrun for example_dag_decorator to None, run_after=None
[2024-05-23T16:51:51.593+0700] {processor.py:183} INFO - Processing /mnt/d/Programming/Vietnamese-Text-Generator/airflow_env/lib/python3.10/site-packages/airflow/example_dags/example_dag_decorator.py took 2.376 seconds
[2024-05-23T16:53:04.388+0700] {processor.py:161} INFO - Started process (PID=21775) to work on /mnt/d/Programming/Vietnamese-Text-Generator/airflow_env/lib/python3.10/site-packages/airflow/example_dags/example_dag_decorator.py
[2024-05-23T16:53:04.391+0700] {processor.py:830} INFO - Processing file /mnt/d/Programming/Vietnamese-Text-Generator/airflow_env/lib/python3.10/site-packages/airflow/example_dags/example_dag_decorator.py for tasks to queue
[2024-05-23T16:53:04.395+0700] {logging_mixin.py:188} INFO - [2024-05-23T16:53:04.393+0700] {dagbag.py:540} INFO - Filling up the DagBag from /mnt/d/Programming/Vietnamese-Text-Generator/airflow_env/lib/python3.10/site-packages/airflow/example_dags/example_dag_decorator.py
[2024-05-23T16:53:05.494+0700] {processor.py:840} INFO - DAG(s) 'example_dag_decorator' retrieved from /mnt/d/Programming/Vietnamese-Text-Generator/airflow_env/lib/python3.10/site-packages/airflow/example_dags/example_dag_decorator.py
[2024-05-23T16:53:06.513+0700] {logging_mixin.py:188} INFO - [2024-05-23T16:53:06.512+0700] {dag.py:3096} INFO - Sync 1 DAGs
[2024-05-23T16:53:06.529+0700] {logging_mixin.py:188} INFO - [2024-05-23T16:53:06.528+0700] {dag.py:3954} INFO - Setting next_dagrun for example_dag_decorator to None, run_after=None
[2024-05-23T16:53:06.605+0700] {processor.py:183} INFO - Processing /mnt/d/Programming/Vietnamese-Text-Generator/airflow_env/lib/python3.10/site-packages/airflow/example_dags/example_dag_decorator.py took 2.235 seconds
[2024-05-23T16:54:15.848+0700] {processor.py:161} INFO - Started process (PID=22107) to work on /mnt/d/Programming/Vietnamese-Text-Generator/airflow_env/lib/python3.10/site-packages/airflow/example_dags/example_dag_decorator.py
[2024-05-23T16:54:15.850+0700] {processor.py:830} INFO - Processing file /mnt/d/Programming/Vietnamese-Text-Generator/airflow_env/lib/python3.10/site-packages/airflow/example_dags/example_dag_decorator.py for tasks to queue
[2024-05-23T16:54:15.852+0700] {logging_mixin.py:188} INFO - [2024-05-23T16:54:15.851+0700] {dagbag.py:540} INFO - Filling up the DagBag from /mnt/d/Programming/Vietnamese-Text-Generator/airflow_env/lib/python3.10/site-packages/airflow/example_dags/example_dag_decorator.py
[2024-05-23T16:54:16.641+0700] {processor.py:840} INFO - DAG(s) 'example_dag_decorator' retrieved from /mnt/d/Programming/Vietnamese-Text-Generator/airflow_env/lib/python3.10/site-packages/airflow/example_dags/example_dag_decorator.py
[2024-05-23T16:54:17.565+0700] {logging_mixin.py:188} INFO - [2024-05-23T16:54:17.564+0700] {dag.py:3096} INFO - Sync 1 DAGs
[2024-05-23T16:54:17.579+0700] {logging_mixin.py:188} INFO - [2024-05-23T16:54:17.578+0700] {dag.py:3954} INFO - Setting next_dagrun for example_dag_decorator to None, run_after=None
[2024-05-23T16:54:17.641+0700] {processor.py:183} INFO - Processing /mnt/d/Programming/Vietnamese-Text-Generator/airflow_env/lib/python3.10/site-packages/airflow/example_dags/example_dag_decorator.py took 1.806 seconds
[2024-05-23T16:55:25.714+0700] {processor.py:161} INFO - Started process (PID=22435) to work on /mnt/d/Programming/Vietnamese-Text-Generator/airflow_env/lib/python3.10/site-packages/airflow/example_dags/example_dag_decorator.py
[2024-05-23T16:55:25.715+0700] {processor.py:830} INFO - Processing file /mnt/d/Programming/Vietnamese-Text-Generator/airflow_env/lib/python3.10/site-packages/airflow/example_dags/example_dag_decorator.py for tasks to queue
[2024-05-23T16:55:25.717+0700] {logging_mixin.py:188} INFO - [2024-05-23T16:55:25.717+0700] {dagbag.py:540} INFO - Filling up the DagBag from /mnt/d/Programming/Vietnamese-Text-Generator/airflow_env/lib/python3.10/site-packages/airflow/example_dags/example_dag_decorator.py
[2024-05-23T16:55:26.479+0700] {processor.py:840} INFO - DAG(s) 'example_dag_decorator' retrieved from /mnt/d/Programming/Vietnamese-Text-Generator/airflow_env/lib/python3.10/site-packages/airflow/example_dags/example_dag_decorator.py
[2024-05-23T16:55:27.365+0700] {logging_mixin.py:188} INFO - [2024-05-23T16:55:27.364+0700] {dag.py:3096} INFO - Sync 1 DAGs
[2024-05-23T16:55:27.379+0700] {logging_mixin.py:188} INFO - [2024-05-23T16:55:27.378+0700] {dag.py:3954} INFO - Setting next_dagrun for example_dag_decorator to None, run_after=None
[2024-05-23T16:55:27.448+0700] {processor.py:183} INFO - Processing /mnt/d/Programming/Vietnamese-Text-Generator/airflow_env/lib/python3.10/site-packages/airflow/example_dags/example_dag_decorator.py took 1.746 seconds
[2024-05-23T16:56:30.771+0700] {processor.py:161} INFO - Started process (PID=22741) to work on /mnt/d/Programming/Vietnamese-Text-Generator/airflow_env/lib/python3.10/site-packages/airflow/example_dags/example_dag_decorator.py
[2024-05-23T16:56:30.772+0700] {processor.py:830} INFO - Processing file /mnt/d/Programming/Vietnamese-Text-Generator/airflow_env/lib/python3.10/site-packages/airflow/example_dags/example_dag_decorator.py for tasks to queue
[2024-05-23T16:56:30.774+0700] {logging_mixin.py:188} INFO - [2024-05-23T16:56:30.773+0700] {dagbag.py:540} INFO - Filling up the DagBag from /mnt/d/Programming/Vietnamese-Text-Generator/airflow_env/lib/python3.10/site-packages/airflow/example_dags/example_dag_decorator.py
[2024-05-23T16:56:31.618+0700] {processor.py:840} INFO - DAG(s) 'example_dag_decorator' retrieved from /mnt/d/Programming/Vietnamese-Text-Generator/airflow_env/lib/python3.10/site-packages/airflow/example_dags/example_dag_decorator.py
[2024-05-23T16:56:32.592+0700] {logging_mixin.py:188} INFO - [2024-05-23T16:56:32.591+0700] {dag.py:3096} INFO - Sync 1 DAGs
[2024-05-23T16:56:32.606+0700] {logging_mixin.py:188} INFO - [2024-05-23T16:56:32.605+0700] {dag.py:3954} INFO - Setting next_dagrun for example_dag_decorator to None, run_after=None
[2024-05-23T16:56:32.676+0700] {processor.py:183} INFO - Processing /mnt/d/Programming/Vietnamese-Text-Generator/airflow_env/lib/python3.10/site-packages/airflow/example_dags/example_dag_decorator.py took 1.917 seconds
[2024-05-23T16:57:41.685+0700] {processor.py:161} INFO - Started process (PID=23073) to work on /mnt/d/Programming/Vietnamese-Text-Generator/airflow_env/lib/python3.10/site-packages/airflow/example_dags/example_dag_decorator.py
[2024-05-23T16:57:41.687+0700] {processor.py:830} INFO - Processing file /mnt/d/Programming/Vietnamese-Text-Generator/airflow_env/lib/python3.10/site-packages/airflow/example_dags/example_dag_decorator.py for tasks to queue
[2024-05-23T16:57:41.689+0700] {logging_mixin.py:188} INFO - [2024-05-23T16:57:41.688+0700] {dagbag.py:540} INFO - Filling up the DagBag from /mnt/d/Programming/Vietnamese-Text-Generator/airflow_env/lib/python3.10/site-packages/airflow/example_dags/example_dag_decorator.py
[2024-05-23T16:57:42.618+0700] {processor.py:840} INFO - DAG(s) 'example_dag_decorator' retrieved from /mnt/d/Programming/Vietnamese-Text-Generator/airflow_env/lib/python3.10/site-packages/airflow/example_dags/example_dag_decorator.py
[2024-05-23T16:57:43.583+0700] {logging_mixin.py:188} INFO - [2024-05-23T16:57:43.583+0700] {dag.py:3096} INFO - Sync 1 DAGs
[2024-05-23T16:57:43.598+0700] {logging_mixin.py:188} INFO - [2024-05-23T16:57:43.596+0700] {dag.py:3954} INFO - Setting next_dagrun for example_dag_decorator to None, run_after=None
[2024-05-23T16:57:43.664+0700] {processor.py:183} INFO - Processing /mnt/d/Programming/Vietnamese-Text-Generator/airflow_env/lib/python3.10/site-packages/airflow/example_dags/example_dag_decorator.py took 1.992 seconds
[2024-05-23T16:58:49.390+0700] {processor.py:161} INFO - Started process (PID=23390) to work on /mnt/d/Programming/Vietnamese-Text-Generator/airflow_env/lib/python3.10/site-packages/airflow/example_dags/example_dag_decorator.py
[2024-05-23T16:58:49.392+0700] {processor.py:830} INFO - Processing file /mnt/d/Programming/Vietnamese-Text-Generator/airflow_env/lib/python3.10/site-packages/airflow/example_dags/example_dag_decorator.py for tasks to queue
[2024-05-23T16:58:49.394+0700] {logging_mixin.py:188} INFO - [2024-05-23T16:58:49.393+0700] {dagbag.py:540} INFO - Filling up the DagBag from /mnt/d/Programming/Vietnamese-Text-Generator/airflow_env/lib/python3.10/site-packages/airflow/example_dags/example_dag_decorator.py
[2024-05-23T16:58:50.182+0700] {processor.py:840} INFO - DAG(s) 'example_dag_decorator' retrieved from /mnt/d/Programming/Vietnamese-Text-Generator/airflow_env/lib/python3.10/site-packages/airflow/example_dags/example_dag_decorator.py
[2024-05-23T16:58:51.130+0700] {logging_mixin.py:188} INFO - [2024-05-23T16:58:51.130+0700] {dag.py:3096} INFO - Sync 1 DAGs
[2024-05-23T16:58:51.146+0700] {logging_mixin.py:188} INFO - [2024-05-23T16:58:51.145+0700] {dag.py:3954} INFO - Setting next_dagrun for example_dag_decorator to None, run_after=None
[2024-05-23T16:58:51.201+0700] {processor.py:183} INFO - Processing /mnt/d/Programming/Vietnamese-Text-Generator/airflow_env/lib/python3.10/site-packages/airflow/example_dags/example_dag_decorator.py took 1.823 seconds
[2024-05-23T17:00:02.759+0700] {processor.py:161} INFO - Started process (PID=23731) to work on /mnt/d/Programming/Vietnamese-Text-Generator/airflow_env/lib/python3.10/site-packages/airflow/example_dags/example_dag_decorator.py
[2024-05-23T17:00:02.761+0700] {processor.py:830} INFO - Processing file /mnt/d/Programming/Vietnamese-Text-Generator/airflow_env/lib/python3.10/site-packages/airflow/example_dags/example_dag_decorator.py for tasks to queue
[2024-05-23T17:00:02.764+0700] {logging_mixin.py:188} INFO - [2024-05-23T17:00:02.763+0700] {dagbag.py:540} INFO - Filling up the DagBag from /mnt/d/Programming/Vietnamese-Text-Generator/airflow_env/lib/python3.10/site-packages/airflow/example_dags/example_dag_decorator.py
[2024-05-23T17:00:03.424+0700] {processor.py:840} INFO - DAG(s) 'example_dag_decorator' retrieved from /mnt/d/Programming/Vietnamese-Text-Generator/airflow_env/lib/python3.10/site-packages/airflow/example_dags/example_dag_decorator.py
[2024-05-23T17:00:03.452+0700] {logging_mixin.py:188} INFO - [2024-05-23T17:00:03.451+0700] {dag.py:3096} INFO - Sync 1 DAGs
[2024-05-23T17:00:03.465+0700] {logging_mixin.py:188} INFO - [2024-05-23T17:00:03.463+0700] {dag.py:3954} INFO - Setting next_dagrun for example_dag_decorator to None, run_after=None
[2024-05-23T17:00:03.517+0700] {processor.py:183} INFO - Processing /mnt/d/Programming/Vietnamese-Text-Generator/airflow_env/lib/python3.10/site-packages/airflow/example_dags/example_dag_decorator.py took 0.771 seconds
[2024-05-23T17:01:08.924+0700] {processor.py:161} INFO - Started process (PID=24039) to work on /mnt/d/Programming/Vietnamese-Text-Generator/airflow_env/lib/python3.10/site-packages/airflow/example_dags/example_dag_decorator.py
[2024-05-23T17:01:08.926+0700] {processor.py:830} INFO - Processing file /mnt/d/Programming/Vietnamese-Text-Generator/airflow_env/lib/python3.10/site-packages/airflow/example_dags/example_dag_decorator.py for tasks to queue
[2024-05-23T17:01:08.928+0700] {logging_mixin.py:188} INFO - [2024-05-23T17:01:08.927+0700] {dagbag.py:540} INFO - Filling up the DagBag from /mnt/d/Programming/Vietnamese-Text-Generator/airflow_env/lib/python3.10/site-packages/airflow/example_dags/example_dag_decorator.py
[2024-05-23T17:01:09.664+0700] {processor.py:840} INFO - DAG(s) 'example_dag_decorator' retrieved from /mnt/d/Programming/Vietnamese-Text-Generator/airflow_env/lib/python3.10/site-packages/airflow/example_dags/example_dag_decorator.py
[2024-05-23T17:01:10.713+0700] {logging_mixin.py:188} INFO - [2024-05-23T17:01:10.713+0700] {dag.py:3096} INFO - Sync 1 DAGs
[2024-05-23T17:01:10.725+0700] {logging_mixin.py:188} INFO - [2024-05-23T17:01:10.724+0700] {dag.py:3954} INFO - Setting next_dagrun for example_dag_decorator to None, run_after=None
[2024-05-23T17:01:10.777+0700] {processor.py:183} INFO - Processing /mnt/d/Programming/Vietnamese-Text-Generator/airflow_env/lib/python3.10/site-packages/airflow/example_dags/example_dag_decorator.py took 1.865 seconds
[2024-05-23T17:02:18.402+0700] {processor.py:161} INFO - Started process (PID=24362) to work on /mnt/d/Programming/Vietnamese-Text-Generator/airflow_env/lib/python3.10/site-packages/airflow/example_dags/example_dag_decorator.py
[2024-05-23T17:02:18.406+0700] {processor.py:830} INFO - Processing file /mnt/d/Programming/Vietnamese-Text-Generator/airflow_env/lib/python3.10/site-packages/airflow/example_dags/example_dag_decorator.py for tasks to queue
[2024-05-23T17:02:18.410+0700] {logging_mixin.py:188} INFO - [2024-05-23T17:02:18.409+0700] {dagbag.py:540} INFO - Filling up the DagBag from /mnt/d/Programming/Vietnamese-Text-Generator/airflow_env/lib/python3.10/site-packages/airflow/example_dags/example_dag_decorator.py
[2024-05-23T17:02:19.243+0700] {processor.py:840} INFO - DAG(s) 'example_dag_decorator' retrieved from /mnt/d/Programming/Vietnamese-Text-Generator/airflow_env/lib/python3.10/site-packages/airflow/example_dags/example_dag_decorator.py
[2024-05-23T17:02:19.285+0700] {logging_mixin.py:188} INFO - [2024-05-23T17:02:19.284+0700] {dag.py:3096} INFO - Sync 1 DAGs
[2024-05-23T17:02:19.298+0700] {logging_mixin.py:188} INFO - [2024-05-23T17:02:19.298+0700] {dag.py:3954} INFO - Setting next_dagrun for example_dag_decorator to None, run_after=None
[2024-05-23T17:02:19.371+0700] {processor.py:183} INFO - Processing /mnt/d/Programming/Vietnamese-Text-Generator/airflow_env/lib/python3.10/site-packages/airflow/example_dags/example_dag_decorator.py took 0.984 seconds
[2024-05-23T17:03:30.901+0700] {processor.py:161} INFO - Started process (PID=24698) to work on /mnt/d/Programming/Vietnamese-Text-Generator/airflow_env/lib/python3.10/site-packages/airflow/example_dags/example_dag_decorator.py
[2024-05-23T17:03:30.903+0700] {processor.py:830} INFO - Processing file /mnt/d/Programming/Vietnamese-Text-Generator/airflow_env/lib/python3.10/site-packages/airflow/example_dags/example_dag_decorator.py for tasks to queue
[2024-05-23T17:03:30.906+0700] {logging_mixin.py:188} INFO - [2024-05-23T17:03:30.905+0700] {dagbag.py:540} INFO - Filling up the DagBag from /mnt/d/Programming/Vietnamese-Text-Generator/airflow_env/lib/python3.10/site-packages/airflow/example_dags/example_dag_decorator.py
[2024-05-23T17:03:31.678+0700] {processor.py:840} INFO - DAG(s) 'example_dag_decorator' retrieved from /mnt/d/Programming/Vietnamese-Text-Generator/airflow_env/lib/python3.10/site-packages/airflow/example_dags/example_dag_decorator.py
[2024-05-23T17:03:31.707+0700] {logging_mixin.py:188} INFO - [2024-05-23T17:03:31.706+0700] {dag.py:3096} INFO - Sync 1 DAGs
[2024-05-23T17:03:31.719+0700] {logging_mixin.py:188} INFO - [2024-05-23T17:03:31.719+0700] {dag.py:3954} INFO - Setting next_dagrun for example_dag_decorator to None, run_after=None
[2024-05-23T17:03:31.774+0700] {processor.py:183} INFO - Processing /mnt/d/Programming/Vietnamese-Text-Generator/airflow_env/lib/python3.10/site-packages/airflow/example_dags/example_dag_decorator.py took 0.889 seconds
[2024-05-23T17:04:37.177+0700] {processor.py:161} INFO - Started process (PID=25008) to work on /mnt/d/Programming/Vietnamese-Text-Generator/airflow_env/lib/python3.10/site-packages/airflow/example_dags/example_dag_decorator.py
[2024-05-23T17:04:37.179+0700] {processor.py:830} INFO - Processing file /mnt/d/Programming/Vietnamese-Text-Generator/airflow_env/lib/python3.10/site-packages/airflow/example_dags/example_dag_decorator.py for tasks to queue
[2024-05-23T17:04:37.183+0700] {logging_mixin.py:188} INFO - [2024-05-23T17:04:37.181+0700] {dagbag.py:540} INFO - Filling up the DagBag from /mnt/d/Programming/Vietnamese-Text-Generator/airflow_env/lib/python3.10/site-packages/airflow/example_dags/example_dag_decorator.py
[2024-05-23T17:04:38.003+0700] {processor.py:840} INFO - DAG(s) 'example_dag_decorator' retrieved from /mnt/d/Programming/Vietnamese-Text-Generator/airflow_env/lib/python3.10/site-packages/airflow/example_dags/example_dag_decorator.py
[2024-05-23T17:04:39.057+0700] {logging_mixin.py:188} INFO - [2024-05-23T17:04:39.056+0700] {dag.py:3096} INFO - Sync 1 DAGs
[2024-05-23T17:04:39.068+0700] {logging_mixin.py:188} INFO - [2024-05-23T17:04:39.067+0700] {dag.py:3954} INFO - Setting next_dagrun for example_dag_decorator to None, run_after=None
[2024-05-23T17:04:39.142+0700] {processor.py:183} INFO - Processing /mnt/d/Programming/Vietnamese-Text-Generator/airflow_env/lib/python3.10/site-packages/airflow/example_dags/example_dag_decorator.py took 1.982 seconds
