[2024-05-23T15:43:16.355+0700] {processor.py:161} INFO - Started process (PID=1243) to work on /mnt/d/Programming/Vietnamese-Text-Generator/airflow_env/lib/python3.10/site-packages/airflow/example_dags/example_display_name.py
[2024-05-23T15:43:16.358+0700] {processor.py:830} INFO - Processing file /mnt/d/Programming/Vietnamese-Text-Generator/airflow_env/lib/python3.10/site-packages/airflow/example_dags/example_display_name.py for tasks to queue
[2024-05-23T15:43:16.363+0700] {logging_mixin.py:188} INFO - [2024-05-23T15:43:16.362+0700] {dagbag.py:540} INFO - Filling up the DagBag from /mnt/d/Programming/Vietnamese-Text-Generator/airflow_env/lib/python3.10/site-packages/airflow/example_dags/example_display_name.py
[2024-05-23T15:43:16.390+0700] {processor.py:840} INFO - DAG(s) 'example_display_name' retrieved from /mnt/d/Programming/Vietnamese-Text-Generator/airflow_env/lib/python3.10/site-packages/airflow/example_dags/example_display_name.py
[2024-05-23T15:43:16.429+0700] {logging_mixin.py:188} INFO - [2024-05-23T15:43:16.428+0700] {dag.py:3096} INFO - Sync 1 DAGs
[2024-05-23T15:43:16.461+0700] {logging_mixin.py:188} INFO - [2024-05-23T15:43:16.460+0700] {dag.py:3954} INFO - Setting next_dagrun for example_display_name to None, run_after=None
[2024-05-23T15:43:16.535+0700] {processor.py:183} INFO - Processing /mnt/d/Programming/Vietnamese-Text-Generator/airflow_env/lib/python3.10/site-packages/airflow/example_dags/example_display_name.py took 0.198 seconds
[2024-05-23T15:44:44.974+0700] {processor.py:161} INFO - Started process (PID=1676) to work on /mnt/d/Programming/Vietnamese-Text-Generator/airflow_env/lib/python3.10/site-packages/airflow/example_dags/example_display_name.py
[2024-05-23T15:44:44.976+0700] {processor.py:830} INFO - Processing file /mnt/d/Programming/Vietnamese-Text-Generator/airflow_env/lib/python3.10/site-packages/airflow/example_dags/example_display_name.py for tasks to queue
[2024-05-23T15:44:44.979+0700] {logging_mixin.py:188} INFO - [2024-05-23T15:44:44.978+0700] {dagbag.py:540} INFO - Filling up the DagBag from /mnt/d/Programming/Vietnamese-Text-Generator/airflow_env/lib/python3.10/site-packages/airflow/example_dags/example_display_name.py
[2024-05-23T15:44:44.998+0700] {processor.py:840} INFO - DAG(s) 'example_display_name' retrieved from /mnt/d/Programming/Vietnamese-Text-Generator/airflow_env/lib/python3.10/site-packages/airflow/example_dags/example_display_name.py
[2024-05-23T15:44:45.029+0700] {logging_mixin.py:188} INFO - [2024-05-23T15:44:45.028+0700] {dag.py:3096} INFO - Sync 1 DAGs
[2024-05-23T15:44:45.047+0700] {logging_mixin.py:188} INFO - [2024-05-23T15:44:45.046+0700] {dag.py:3954} INFO - Setting next_dagrun for example_display_name to None, run_after=None
[2024-05-23T15:44:45.106+0700] {processor.py:183} INFO - Processing /mnt/d/Programming/Vietnamese-Text-Generator/airflow_env/lib/python3.10/site-packages/airflow/example_dags/example_display_name.py took 0.143 seconds
[2024-05-23T15:45:55.193+0700] {processor.py:161} INFO - Started process (PID=2016) to work on /mnt/d/Programming/Vietnamese-Text-Generator/airflow_env/lib/python3.10/site-packages/airflow/example_dags/example_display_name.py
[2024-05-23T15:45:55.194+0700] {processor.py:830} INFO - Processing file /mnt/d/Programming/Vietnamese-Text-Generator/airflow_env/lib/python3.10/site-packages/airflow/example_dags/example_display_name.py for tasks to queue
[2024-05-23T15:45:55.197+0700] {logging_mixin.py:188} INFO - [2024-05-23T15:45:55.196+0700] {dagbag.py:540} INFO - Filling up the DagBag from /mnt/d/Programming/Vietnamese-Text-Generator/airflow_env/lib/python3.10/site-packages/airflow/example_dags/example_display_name.py
[2024-05-23T15:45:55.215+0700] {processor.py:840} INFO - DAG(s) 'example_display_name' retrieved from /mnt/d/Programming/Vietnamese-Text-Generator/airflow_env/lib/python3.10/site-packages/airflow/example_dags/example_display_name.py
[2024-05-23T15:45:55.251+0700] {logging_mixin.py:188} INFO - [2024-05-23T15:45:55.249+0700] {dag.py:3096} INFO - Sync 1 DAGs
[2024-05-23T15:45:55.269+0700] {logging_mixin.py:188} INFO - [2024-05-23T15:45:55.268+0700] {dag.py:3954} INFO - Setting next_dagrun for example_display_name to None, run_after=None
[2024-05-23T15:45:55.334+0700] {processor.py:183} INFO - Processing /mnt/d/Programming/Vietnamese-Text-Generator/airflow_env/lib/python3.10/site-packages/airflow/example_dags/example_display_name.py took 0.155 seconds
[2024-05-23T15:47:06.622+0700] {processor.py:161} INFO - Started process (PID=2708) to work on /mnt/d/Programming/Vietnamese-Text-Generator/airflow_env/lib/python3.10/site-packages/airflow/example_dags/example_display_name.py
[2024-05-23T15:47:06.624+0700] {processor.py:830} INFO - Processing file /mnt/d/Programming/Vietnamese-Text-Generator/airflow_env/lib/python3.10/site-packages/airflow/example_dags/example_display_name.py for tasks to queue
[2024-05-23T15:47:06.627+0700] {logging_mixin.py:188} INFO - [2024-05-23T15:47:06.626+0700] {dagbag.py:540} INFO - Filling up the DagBag from /mnt/d/Programming/Vietnamese-Text-Generator/airflow_env/lib/python3.10/site-packages/airflow/example_dags/example_display_name.py
[2024-05-23T15:47:06.646+0700] {processor.py:840} INFO - DAG(s) 'example_display_name' retrieved from /mnt/d/Programming/Vietnamese-Text-Generator/airflow_env/lib/python3.10/site-packages/airflow/example_dags/example_display_name.py
[2024-05-23T15:47:06.676+0700] {logging_mixin.py:188} INFO - [2024-05-23T15:47:06.674+0700] {dag.py:3096} INFO - Sync 1 DAGs
[2024-05-23T15:47:06.692+0700] {logging_mixin.py:188} INFO - [2024-05-23T15:47:06.690+0700] {dag.py:3954} INFO - Setting next_dagrun for example_display_name to None, run_after=None
[2024-05-23T15:47:06.777+0700] {processor.py:183} INFO - Processing /mnt/d/Programming/Vietnamese-Text-Generator/airflow_env/lib/python3.10/site-packages/airflow/example_dags/example_display_name.py took 0.170 seconds
[2024-05-23T15:55:15.417+0700] {processor.py:161} INFO - Started process (PID=4813) to work on /mnt/d/Programming/Vietnamese-Text-Generator/airflow_env/lib/python3.10/site-packages/airflow/example_dags/example_display_name.py
[2024-05-23T15:55:15.420+0700] {processor.py:830} INFO - Processing file /mnt/d/Programming/Vietnamese-Text-Generator/airflow_env/lib/python3.10/site-packages/airflow/example_dags/example_display_name.py for tasks to queue
[2024-05-23T15:55:15.423+0700] {logging_mixin.py:188} INFO - [2024-05-23T15:55:15.421+0700] {dagbag.py:540} INFO - Filling up the DagBag from /mnt/d/Programming/Vietnamese-Text-Generator/airflow_env/lib/python3.10/site-packages/airflow/example_dags/example_display_name.py
[2024-05-23T15:55:15.446+0700] {processor.py:840} INFO - DAG(s) 'example_display_name' retrieved from /mnt/d/Programming/Vietnamese-Text-Generator/airflow_env/lib/python3.10/site-packages/airflow/example_dags/example_display_name.py
[2024-05-23T15:55:15.478+0700] {logging_mixin.py:188} INFO - [2024-05-23T15:55:15.477+0700] {dag.py:3096} INFO - Sync 1 DAGs
[2024-05-23T15:55:15.495+0700] {logging_mixin.py:188} INFO - [2024-05-23T15:55:15.494+0700] {dag.py:3954} INFO - Setting next_dagrun for example_display_name to None, run_after=None
[2024-05-23T15:55:15.572+0700] {processor.py:183} INFO - Processing /mnt/d/Programming/Vietnamese-Text-Generator/airflow_env/lib/python3.10/site-packages/airflow/example_dags/example_display_name.py took 0.167 seconds
[2024-05-23T15:56:27.576+0700] {processor.py:161} INFO - Started process (PID=5157) to work on /mnt/d/Programming/Vietnamese-Text-Generator/airflow_env/lib/python3.10/site-packages/airflow/example_dags/example_display_name.py
[2024-05-23T15:56:27.578+0700] {processor.py:830} INFO - Processing file /mnt/d/Programming/Vietnamese-Text-Generator/airflow_env/lib/python3.10/site-packages/airflow/example_dags/example_display_name.py for tasks to queue
[2024-05-23T15:56:27.581+0700] {logging_mixin.py:188} INFO - [2024-05-23T15:56:27.580+0700] {dagbag.py:540} INFO - Filling up the DagBag from /mnt/d/Programming/Vietnamese-Text-Generator/airflow_env/lib/python3.10/site-packages/airflow/example_dags/example_display_name.py
[2024-05-23T15:56:27.602+0700] {processor.py:840} INFO - DAG(s) 'example_display_name' retrieved from /mnt/d/Programming/Vietnamese-Text-Generator/airflow_env/lib/python3.10/site-packages/airflow/example_dags/example_display_name.py
[2024-05-23T15:56:27.635+0700] {logging_mixin.py:188} INFO - [2024-05-23T15:56:27.634+0700] {dag.py:3096} INFO - Sync 1 DAGs
[2024-05-23T15:56:27.652+0700] {logging_mixin.py:188} INFO - [2024-05-23T15:56:27.651+0700] {dag.py:3954} INFO - Setting next_dagrun for example_display_name to None, run_after=None
[2024-05-23T15:56:27.712+0700] {processor.py:183} INFO - Processing /mnt/d/Programming/Vietnamese-Text-Generator/airflow_env/lib/python3.10/site-packages/airflow/example_dags/example_display_name.py took 0.147 seconds
[2024-05-23T15:57:36.822+0700] {processor.py:161} INFO - Started process (PID=5484) to work on /mnt/d/Programming/Vietnamese-Text-Generator/airflow_env/lib/python3.10/site-packages/airflow/example_dags/example_display_name.py
[2024-05-23T15:57:36.823+0700] {processor.py:830} INFO - Processing file /mnt/d/Programming/Vietnamese-Text-Generator/airflow_env/lib/python3.10/site-packages/airflow/example_dags/example_display_name.py for tasks to queue
[2024-05-23T15:57:36.825+0700] {logging_mixin.py:188} INFO - [2024-05-23T15:57:36.824+0700] {dagbag.py:540} INFO - Filling up the DagBag from /mnt/d/Programming/Vietnamese-Text-Generator/airflow_env/lib/python3.10/site-packages/airflow/example_dags/example_display_name.py
[2024-05-23T15:57:36.842+0700] {processor.py:840} INFO - DAG(s) 'example_display_name' retrieved from /mnt/d/Programming/Vietnamese-Text-Generator/airflow_env/lib/python3.10/site-packages/airflow/example_dags/example_display_name.py
[2024-05-23T15:57:36.871+0700] {logging_mixin.py:188} INFO - [2024-05-23T15:57:36.870+0700] {dag.py:3096} INFO - Sync 1 DAGs
[2024-05-23T15:57:36.888+0700] {logging_mixin.py:188} INFO - [2024-05-23T15:57:36.887+0700] {dag.py:3954} INFO - Setting next_dagrun for example_display_name to None, run_after=None
[2024-05-23T15:57:36.965+0700] {processor.py:183} INFO - Processing /mnt/d/Programming/Vietnamese-Text-Generator/airflow_env/lib/python3.10/site-packages/airflow/example_dags/example_display_name.py took 0.156 seconds
[2024-05-23T15:58:45.104+0700] {processor.py:161} INFO - Started process (PID=5806) to work on /mnt/d/Programming/Vietnamese-Text-Generator/airflow_env/lib/python3.10/site-packages/airflow/example_dags/example_display_name.py
[2024-05-23T15:58:45.105+0700] {processor.py:830} INFO - Processing file /mnt/d/Programming/Vietnamese-Text-Generator/airflow_env/lib/python3.10/site-packages/airflow/example_dags/example_display_name.py for tasks to queue
[2024-05-23T15:58:45.107+0700] {logging_mixin.py:188} INFO - [2024-05-23T15:58:45.107+0700] {dagbag.py:540} INFO - Filling up the DagBag from /mnt/d/Programming/Vietnamese-Text-Generator/airflow_env/lib/python3.10/site-packages/airflow/example_dags/example_display_name.py
[2024-05-23T15:58:45.124+0700] {processor.py:840} INFO - DAG(s) 'example_display_name' retrieved from /mnt/d/Programming/Vietnamese-Text-Generator/airflow_env/lib/python3.10/site-packages/airflow/example_dags/example_display_name.py
[2024-05-23T15:58:45.151+0700] {logging_mixin.py:188} INFO - [2024-05-23T15:58:45.150+0700] {dag.py:3096} INFO - Sync 1 DAGs
[2024-05-23T15:58:45.166+0700] {logging_mixin.py:188} INFO - [2024-05-23T15:58:45.165+0700] {dag.py:3954} INFO - Setting next_dagrun for example_display_name to None, run_after=None
[2024-05-23T15:58:45.225+0700] {processor.py:183} INFO - Processing /mnt/d/Programming/Vietnamese-Text-Generator/airflow_env/lib/python3.10/site-packages/airflow/example_dags/example_display_name.py took 0.134 seconds
[2024-05-23T15:59:58.738+0700] {processor.py:161} INFO - Started process (PID=6151) to work on /mnt/d/Programming/Vietnamese-Text-Generator/airflow_env/lib/python3.10/site-packages/airflow/example_dags/example_display_name.py
[2024-05-23T15:59:58.739+0700] {processor.py:830} INFO - Processing file /mnt/d/Programming/Vietnamese-Text-Generator/airflow_env/lib/python3.10/site-packages/airflow/example_dags/example_display_name.py for tasks to queue
[2024-05-23T15:59:58.741+0700] {logging_mixin.py:188} INFO - [2024-05-23T15:59:58.741+0700] {dagbag.py:540} INFO - Filling up the DagBag from /mnt/d/Programming/Vietnamese-Text-Generator/airflow_env/lib/python3.10/site-packages/airflow/example_dags/example_display_name.py
[2024-05-23T15:59:58.760+0700] {processor.py:840} INFO - DAG(s) 'example_display_name' retrieved from /mnt/d/Programming/Vietnamese-Text-Generator/airflow_env/lib/python3.10/site-packages/airflow/example_dags/example_display_name.py
[2024-05-23T15:59:58.787+0700] {logging_mixin.py:188} INFO - [2024-05-23T15:59:58.787+0700] {dag.py:3096} INFO - Sync 1 DAGs
[2024-05-23T15:59:58.803+0700] {logging_mixin.py:188} INFO - [2024-05-23T15:59:58.802+0700] {dag.py:3954} INFO - Setting next_dagrun for example_display_name to None, run_after=None
[2024-05-23T15:59:58.870+0700] {processor.py:183} INFO - Processing /mnt/d/Programming/Vietnamese-Text-Generator/airflow_env/lib/python3.10/site-packages/airflow/example_dags/example_display_name.py took 0.145 seconds
[2024-05-23T16:01:06.068+0700] {processor.py:161} INFO - Started process (PID=6470) to work on /mnt/d/Programming/Vietnamese-Text-Generator/airflow_env/lib/python3.10/site-packages/airflow/example_dags/example_display_name.py
[2024-05-23T16:01:06.069+0700] {processor.py:830} INFO - Processing file /mnt/d/Programming/Vietnamese-Text-Generator/airflow_env/lib/python3.10/site-packages/airflow/example_dags/example_display_name.py for tasks to queue
[2024-05-23T16:01:06.072+0700] {logging_mixin.py:188} INFO - [2024-05-23T16:01:06.071+0700] {dagbag.py:540} INFO - Filling up the DagBag from /mnt/d/Programming/Vietnamese-Text-Generator/airflow_env/lib/python3.10/site-packages/airflow/example_dags/example_display_name.py
[2024-05-23T16:01:06.099+0700] {processor.py:840} INFO - DAG(s) 'example_display_name' retrieved from /mnt/d/Programming/Vietnamese-Text-Generator/airflow_env/lib/python3.10/site-packages/airflow/example_dags/example_display_name.py
[2024-05-23T16:01:06.130+0700] {logging_mixin.py:188} INFO - [2024-05-23T16:01:06.129+0700] {dag.py:3096} INFO - Sync 1 DAGs
[2024-05-23T16:01:06.146+0700] {logging_mixin.py:188} INFO - [2024-05-23T16:01:06.145+0700] {dag.py:3954} INFO - Setting next_dagrun for example_display_name to None, run_after=None
[2024-05-23T16:01:06.199+0700] {processor.py:183} INFO - Processing /mnt/d/Programming/Vietnamese-Text-Generator/airflow_env/lib/python3.10/site-packages/airflow/example_dags/example_display_name.py took 0.145 seconds
[2024-05-23T16:02:11.153+0700] {processor.py:161} INFO - Started process (PID=6778) to work on /mnt/d/Programming/Vietnamese-Text-Generator/airflow_env/lib/python3.10/site-packages/airflow/example_dags/example_display_name.py
[2024-05-23T16:02:11.155+0700] {processor.py:830} INFO - Processing file /mnt/d/Programming/Vietnamese-Text-Generator/airflow_env/lib/python3.10/site-packages/airflow/example_dags/example_display_name.py for tasks to queue
[2024-05-23T16:02:11.157+0700] {logging_mixin.py:188} INFO - [2024-05-23T16:02:11.156+0700] {dagbag.py:540} INFO - Filling up the DagBag from /mnt/d/Programming/Vietnamese-Text-Generator/airflow_env/lib/python3.10/site-packages/airflow/example_dags/example_display_name.py
[2024-05-23T16:02:11.173+0700] {processor.py:840} INFO - DAG(s) 'example_display_name' retrieved from /mnt/d/Programming/Vietnamese-Text-Generator/airflow_env/lib/python3.10/site-packages/airflow/example_dags/example_display_name.py
[2024-05-23T16:02:11.206+0700] {logging_mixin.py:188} INFO - [2024-05-23T16:02:11.205+0700] {dag.py:3096} INFO - Sync 1 DAGs
[2024-05-23T16:02:11.225+0700] {logging_mixin.py:188} INFO - [2024-05-23T16:02:11.223+0700] {dag.py:3954} INFO - Setting next_dagrun for example_display_name to None, run_after=None
[2024-05-23T16:02:11.289+0700] {processor.py:183} INFO - Processing /mnt/d/Programming/Vietnamese-Text-Generator/airflow_env/lib/python3.10/site-packages/airflow/example_dags/example_display_name.py took 0.147 seconds
[2024-05-23T16:03:23.341+0700] {processor.py:161} INFO - Started process (PID=7115) to work on /mnt/d/Programming/Vietnamese-Text-Generator/airflow_env/lib/python3.10/site-packages/airflow/example_dags/example_display_name.py
[2024-05-23T16:03:23.343+0700] {processor.py:830} INFO - Processing file /mnt/d/Programming/Vietnamese-Text-Generator/airflow_env/lib/python3.10/site-packages/airflow/example_dags/example_display_name.py for tasks to queue
[2024-05-23T16:03:23.345+0700] {logging_mixin.py:188} INFO - [2024-05-23T16:03:23.344+0700] {dagbag.py:540} INFO - Filling up the DagBag from /mnt/d/Programming/Vietnamese-Text-Generator/airflow_env/lib/python3.10/site-packages/airflow/example_dags/example_display_name.py
[2024-05-23T16:03:23.361+0700] {processor.py:840} INFO - DAG(s) 'example_display_name' retrieved from /mnt/d/Programming/Vietnamese-Text-Generator/airflow_env/lib/python3.10/site-packages/airflow/example_dags/example_display_name.py
[2024-05-23T16:03:23.389+0700] {logging_mixin.py:188} INFO - [2024-05-23T16:03:23.388+0700] {dag.py:3096} INFO - Sync 1 DAGs
[2024-05-23T16:03:23.404+0700] {logging_mixin.py:188} INFO - [2024-05-23T16:03:23.403+0700] {dag.py:3954} INFO - Setting next_dagrun for example_display_name to None, run_after=None
[2024-05-23T16:03:23.459+0700] {processor.py:183} INFO - Processing /mnt/d/Programming/Vietnamese-Text-Generator/airflow_env/lib/python3.10/site-packages/airflow/example_dags/example_display_name.py took 0.130 seconds
[2024-05-23T16:35:33.960+0700] {processor.py:161} INFO - Started process (PID=17198) to work on /mnt/d/Programming/Vietnamese-Text-Generator/airflow_env/lib/python3.10/site-packages/airflow/example_dags/example_display_name.py
[2024-05-23T16:35:33.963+0700] {processor.py:830} INFO - Processing file /mnt/d/Programming/Vietnamese-Text-Generator/airflow_env/lib/python3.10/site-packages/airflow/example_dags/example_display_name.py for tasks to queue
[2024-05-23T16:35:33.966+0700] {logging_mixin.py:188} INFO - [2024-05-23T16:35:33.965+0700] {dagbag.py:540} INFO - Filling up the DagBag from /mnt/d/Programming/Vietnamese-Text-Generator/airflow_env/lib/python3.10/site-packages/airflow/example_dags/example_display_name.py
[2024-05-23T16:35:33.987+0700] {processor.py:840} INFO - DAG(s) 'example_display_name' retrieved from /mnt/d/Programming/Vietnamese-Text-Generator/airflow_env/lib/python3.10/site-packages/airflow/example_dags/example_display_name.py
[2024-05-23T16:35:34.021+0700] {logging_mixin.py:188} INFO - [2024-05-23T16:35:34.020+0700] {dag.py:3096} INFO - Sync 1 DAGs
[2024-05-23T16:35:34.038+0700] {logging_mixin.py:188} INFO - [2024-05-23T16:35:34.037+0700] {dag.py:3954} INFO - Setting next_dagrun for example_display_name to None, run_after=None
[2024-05-23T16:35:34.099+0700] {processor.py:183} INFO - Processing /mnt/d/Programming/Vietnamese-Text-Generator/airflow_env/lib/python3.10/site-packages/airflow/example_dags/example_display_name.py took 0.153 seconds
[2024-05-23T16:36:49.994+0700] {processor.py:161} INFO - Started process (PID=17552) to work on /mnt/d/Programming/Vietnamese-Text-Generator/airflow_env/lib/python3.10/site-packages/airflow/example_dags/example_display_name.py
[2024-05-23T16:36:49.997+0700] {processor.py:830} INFO - Processing file /mnt/d/Programming/Vietnamese-Text-Generator/airflow_env/lib/python3.10/site-packages/airflow/example_dags/example_display_name.py for tasks to queue
[2024-05-23T16:36:50.000+0700] {logging_mixin.py:188} INFO - [2024-05-23T16:36:49.999+0700] {dagbag.py:540} INFO - Filling up the DagBag from /mnt/d/Programming/Vietnamese-Text-Generator/airflow_env/lib/python3.10/site-packages/airflow/example_dags/example_display_name.py
[2024-05-23T16:36:50.023+0700] {processor.py:840} INFO - DAG(s) 'example_display_name' retrieved from /mnt/d/Programming/Vietnamese-Text-Generator/airflow_env/lib/python3.10/site-packages/airflow/example_dags/example_display_name.py
[2024-05-23T16:36:50.056+0700] {logging_mixin.py:188} INFO - [2024-05-23T16:36:50.055+0700] {dag.py:3096} INFO - Sync 1 DAGs
[2024-05-23T16:36:50.073+0700] {logging_mixin.py:188} INFO - [2024-05-23T16:36:50.072+0700] {dag.py:3954} INFO - Setting next_dagrun for example_display_name to None, run_after=None
[2024-05-23T16:36:50.133+0700] {processor.py:183} INFO - Processing /mnt/d/Programming/Vietnamese-Text-Generator/airflow_env/lib/python3.10/site-packages/airflow/example_dags/example_display_name.py took 0.151 seconds
[2024-05-23T16:38:08.941+0700] {processor.py:161} INFO - Started process (PID=17923) to work on /mnt/d/Programming/Vietnamese-Text-Generator/airflow_env/lib/python3.10/site-packages/airflow/example_dags/example_display_name.py
[2024-05-23T16:38:08.943+0700] {processor.py:830} INFO - Processing file /mnt/d/Programming/Vietnamese-Text-Generator/airflow_env/lib/python3.10/site-packages/airflow/example_dags/example_display_name.py for tasks to queue
[2024-05-23T16:38:08.946+0700] {logging_mixin.py:188} INFO - [2024-05-23T16:38:08.944+0700] {dagbag.py:540} INFO - Filling up the DagBag from /mnt/d/Programming/Vietnamese-Text-Generator/airflow_env/lib/python3.10/site-packages/airflow/example_dags/example_display_name.py
[2024-05-23T16:38:08.969+0700] {processor.py:840} INFO - DAG(s) 'example_display_name' retrieved from /mnt/d/Programming/Vietnamese-Text-Generator/airflow_env/lib/python3.10/site-packages/airflow/example_dags/example_display_name.py
[2024-05-23T16:38:09.003+0700] {logging_mixin.py:188} INFO - [2024-05-23T16:38:09.002+0700] {dag.py:3096} INFO - Sync 1 DAGs
[2024-05-23T16:38:09.022+0700] {logging_mixin.py:188} INFO - [2024-05-23T16:38:09.020+0700] {dag.py:3954} INFO - Setting next_dagrun for example_display_name to None, run_after=None
[2024-05-23T16:38:09.101+0700] {processor.py:183} INFO - Processing /mnt/d/Programming/Vietnamese-Text-Generator/airflow_env/lib/python3.10/site-packages/airflow/example_dags/example_display_name.py took 0.175 seconds
[2024-05-23T16:50:21.559+0700] {processor.py:161} INFO - Started process (PID=21020) to work on /mnt/d/Programming/Vietnamese-Text-Generator/airflow_env/lib/python3.10/site-packages/airflow/example_dags/example_display_name.py
[2024-05-23T16:50:21.560+0700] {processor.py:830} INFO - Processing file /mnt/d/Programming/Vietnamese-Text-Generator/airflow_env/lib/python3.10/site-packages/airflow/example_dags/example_display_name.py for tasks to queue
[2024-05-23T16:50:21.564+0700] {logging_mixin.py:188} INFO - [2024-05-23T16:50:21.563+0700] {dagbag.py:540} INFO - Filling up the DagBag from /mnt/d/Programming/Vietnamese-Text-Generator/airflow_env/lib/python3.10/site-packages/airflow/example_dags/example_display_name.py
[2024-05-23T16:50:21.581+0700] {processor.py:840} INFO - DAG(s) 'example_display_name' retrieved from /mnt/d/Programming/Vietnamese-Text-Generator/airflow_env/lib/python3.10/site-packages/airflow/example_dags/example_display_name.py
[2024-05-23T16:50:21.621+0700] {logging_mixin.py:188} INFO - [2024-05-23T16:50:21.620+0700] {dag.py:3096} INFO - Sync 1 DAGs
[2024-05-23T16:50:21.643+0700] {logging_mixin.py:188} INFO - [2024-05-23T16:50:21.642+0700] {dag.py:3954} INFO - Setting next_dagrun for example_display_name to None, run_after=None
[2024-05-23T16:50:21.720+0700] {processor.py:183} INFO - Processing /mnt/d/Programming/Vietnamese-Text-Generator/airflow_env/lib/python3.10/site-packages/airflow/example_dags/example_display_name.py took 0.175 seconds
[2024-05-23T16:51:45.832+0700] {processor.py:161} INFO - Started process (PID=21411) to work on /mnt/d/Programming/Vietnamese-Text-Generator/airflow_env/lib/python3.10/site-packages/airflow/example_dags/example_display_name.py
[2024-05-23T16:51:45.835+0700] {processor.py:830} INFO - Processing file /mnt/d/Programming/Vietnamese-Text-Generator/airflow_env/lib/python3.10/site-packages/airflow/example_dags/example_display_name.py for tasks to queue
[2024-05-23T16:51:45.837+0700] {logging_mixin.py:188} INFO - [2024-05-23T16:51:45.836+0700] {dagbag.py:540} INFO - Filling up the DagBag from /mnt/d/Programming/Vietnamese-Text-Generator/airflow_env/lib/python3.10/site-packages/airflow/example_dags/example_display_name.py
[2024-05-23T16:51:45.858+0700] {processor.py:840} INFO - DAG(s) 'example_display_name' retrieved from /mnt/d/Programming/Vietnamese-Text-Generator/airflow_env/lib/python3.10/site-packages/airflow/example_dags/example_display_name.py
[2024-05-23T16:51:45.888+0700] {logging_mixin.py:188} INFO - [2024-05-23T16:51:45.887+0700] {dag.py:3096} INFO - Sync 1 DAGs
[2024-05-23T16:51:45.920+0700] {logging_mixin.py:188} INFO - [2024-05-23T16:51:45.918+0700] {dag.py:3954} INFO - Setting next_dagrun for example_display_name to None, run_after=None
[2024-05-23T16:51:46.014+0700] {processor.py:183} INFO - Processing /mnt/d/Programming/Vietnamese-Text-Generator/airflow_env/lib/python3.10/site-packages/airflow/example_dags/example_display_name.py took 0.199 seconds
[2024-05-23T16:53:01.928+0700] {processor.py:161} INFO - Started process (PID=21764) to work on /mnt/d/Programming/Vietnamese-Text-Generator/airflow_env/lib/python3.10/site-packages/airflow/example_dags/example_display_name.py
[2024-05-23T16:53:01.930+0700] {processor.py:830} INFO - Processing file /mnt/d/Programming/Vietnamese-Text-Generator/airflow_env/lib/python3.10/site-packages/airflow/example_dags/example_display_name.py for tasks to queue
[2024-05-23T16:53:01.933+0700] {logging_mixin.py:188} INFO - [2024-05-23T16:53:01.932+0700] {dagbag.py:540} INFO - Filling up the DagBag from /mnt/d/Programming/Vietnamese-Text-Generator/airflow_env/lib/python3.10/site-packages/airflow/example_dags/example_display_name.py
[2024-05-23T16:53:01.954+0700] {processor.py:840} INFO - DAG(s) 'example_display_name' retrieved from /mnt/d/Programming/Vietnamese-Text-Generator/airflow_env/lib/python3.10/site-packages/airflow/example_dags/example_display_name.py
[2024-05-23T16:53:01.982+0700] {logging_mixin.py:188} INFO - [2024-05-23T16:53:01.981+0700] {dag.py:3096} INFO - Sync 1 DAGs
[2024-05-23T16:53:01.998+0700] {logging_mixin.py:188} INFO - [2024-05-23T16:53:01.997+0700] {dag.py:3954} INFO - Setting next_dagrun for example_display_name to None, run_after=None
[2024-05-23T16:53:02.050+0700] {processor.py:183} INFO - Processing /mnt/d/Programming/Vietnamese-Text-Generator/airflow_env/lib/python3.10/site-packages/airflow/example_dags/example_display_name.py took 0.137 seconds
[2024-05-23T16:54:13.658+0700] {processor.py:161} INFO - Started process (PID=22096) to work on /mnt/d/Programming/Vietnamese-Text-Generator/airflow_env/lib/python3.10/site-packages/airflow/example_dags/example_display_name.py
[2024-05-23T16:54:13.660+0700] {processor.py:830} INFO - Processing file /mnt/d/Programming/Vietnamese-Text-Generator/airflow_env/lib/python3.10/site-packages/airflow/example_dags/example_display_name.py for tasks to queue
[2024-05-23T16:54:13.663+0700] {logging_mixin.py:188} INFO - [2024-05-23T16:54:13.662+0700] {dagbag.py:540} INFO - Filling up the DagBag from /mnt/d/Programming/Vietnamese-Text-Generator/airflow_env/lib/python3.10/site-packages/airflow/example_dags/example_display_name.py
[2024-05-23T16:54:13.680+0700] {processor.py:840} INFO - DAG(s) 'example_display_name' retrieved from /mnt/d/Programming/Vietnamese-Text-Generator/airflow_env/lib/python3.10/site-packages/airflow/example_dags/example_display_name.py
[2024-05-23T16:54:13.712+0700] {logging_mixin.py:188} INFO - [2024-05-23T16:54:13.711+0700] {dag.py:3096} INFO - Sync 1 DAGs
[2024-05-23T16:54:13.728+0700] {logging_mixin.py:188} INFO - [2024-05-23T16:54:13.727+0700] {dag.py:3954} INFO - Setting next_dagrun for example_display_name to None, run_after=None
[2024-05-23T16:54:13.781+0700] {processor.py:183} INFO - Processing /mnt/d/Programming/Vietnamese-Text-Generator/airflow_env/lib/python3.10/site-packages/airflow/example_dags/example_display_name.py took 0.138 seconds
[2024-05-23T16:55:23.440+0700] {processor.py:161} INFO - Started process (PID=22424) to work on /mnt/d/Programming/Vietnamese-Text-Generator/airflow_env/lib/python3.10/site-packages/airflow/example_dags/example_display_name.py
[2024-05-23T16:55:23.443+0700] {processor.py:830} INFO - Processing file /mnt/d/Programming/Vietnamese-Text-Generator/airflow_env/lib/python3.10/site-packages/airflow/example_dags/example_display_name.py for tasks to queue
[2024-05-23T16:55:23.445+0700] {logging_mixin.py:188} INFO - [2024-05-23T16:55:23.444+0700] {dagbag.py:540} INFO - Filling up the DagBag from /mnt/d/Programming/Vietnamese-Text-Generator/airflow_env/lib/python3.10/site-packages/airflow/example_dags/example_display_name.py
[2024-05-23T16:55:23.464+0700] {processor.py:840} INFO - DAG(s) 'example_display_name' retrieved from /mnt/d/Programming/Vietnamese-Text-Generator/airflow_env/lib/python3.10/site-packages/airflow/example_dags/example_display_name.py
[2024-05-23T16:55:23.498+0700] {logging_mixin.py:188} INFO - [2024-05-23T16:55:23.497+0700] {dag.py:3096} INFO - Sync 1 DAGs
[2024-05-23T16:55:23.516+0700] {logging_mixin.py:188} INFO - [2024-05-23T16:55:23.515+0700] {dag.py:3954} INFO - Setting next_dagrun for example_display_name to None, run_after=None
[2024-05-23T16:55:23.574+0700] {processor.py:183} INFO - Processing /mnt/d/Programming/Vietnamese-Text-Generator/airflow_env/lib/python3.10/site-packages/airflow/example_dags/example_display_name.py took 0.145 seconds
[2024-05-23T16:56:28.075+0700] {processor.py:161} INFO - Started process (PID=22728) to work on /mnt/d/Programming/Vietnamese-Text-Generator/airflow_env/lib/python3.10/site-packages/airflow/example_dags/example_display_name.py
[2024-05-23T16:56:28.078+0700] {processor.py:830} INFO - Processing file /mnt/d/Programming/Vietnamese-Text-Generator/airflow_env/lib/python3.10/site-packages/airflow/example_dags/example_display_name.py for tasks to queue
[2024-05-23T16:56:28.081+0700] {logging_mixin.py:188} INFO - [2024-05-23T16:56:28.080+0700] {dagbag.py:540} INFO - Filling up the DagBag from /mnt/d/Programming/Vietnamese-Text-Generator/airflow_env/lib/python3.10/site-packages/airflow/example_dags/example_display_name.py
[2024-05-23T16:56:28.102+0700] {processor.py:840} INFO - DAG(s) 'example_display_name' retrieved from /mnt/d/Programming/Vietnamese-Text-Generator/airflow_env/lib/python3.10/site-packages/airflow/example_dags/example_display_name.py
[2024-05-23T16:56:28.130+0700] {logging_mixin.py:188} INFO - [2024-05-23T16:56:28.129+0700] {dag.py:3096} INFO - Sync 1 DAGs
[2024-05-23T16:56:28.144+0700] {logging_mixin.py:188} INFO - [2024-05-23T16:56:28.143+0700] {dag.py:3954} INFO - Setting next_dagrun for example_display_name to None, run_after=None
[2024-05-23T16:56:28.201+0700] {processor.py:183} INFO - Processing /mnt/d/Programming/Vietnamese-Text-Generator/airflow_env/lib/python3.10/site-packages/airflow/example_dags/example_display_name.py took 0.140 seconds
[2024-05-23T16:57:39.802+0700] {processor.py:161} INFO - Started process (PID=23063) to work on /mnt/d/Programming/Vietnamese-Text-Generator/airflow_env/lib/python3.10/site-packages/airflow/example_dags/example_display_name.py
[2024-05-23T16:57:39.804+0700] {processor.py:830} INFO - Processing file /mnt/d/Programming/Vietnamese-Text-Generator/airflow_env/lib/python3.10/site-packages/airflow/example_dags/example_display_name.py for tasks to queue
[2024-05-23T16:57:39.807+0700] {logging_mixin.py:188} INFO - [2024-05-23T16:57:39.806+0700] {dagbag.py:540} INFO - Filling up the DagBag from /mnt/d/Programming/Vietnamese-Text-Generator/airflow_env/lib/python3.10/site-packages/airflow/example_dags/example_display_name.py
[2024-05-23T16:57:39.832+0700] {processor.py:840} INFO - DAG(s) 'example_display_name' retrieved from /mnt/d/Programming/Vietnamese-Text-Generator/airflow_env/lib/python3.10/site-packages/airflow/example_dags/example_display_name.py
[2024-05-23T16:57:39.864+0700] {logging_mixin.py:188} INFO - [2024-05-23T16:57:39.863+0700] {dag.py:3096} INFO - Sync 1 DAGs
[2024-05-23T16:57:39.881+0700] {logging_mixin.py:188} INFO - [2024-05-23T16:57:39.879+0700] {dag.py:3954} INFO - Setting next_dagrun for example_display_name to None, run_after=None
[2024-05-23T16:57:39.945+0700] {processor.py:183} INFO - Processing /mnt/d/Programming/Vietnamese-Text-Generator/airflow_env/lib/python3.10/site-packages/airflow/example_dags/example_display_name.py took 0.161 seconds
[2024-05-23T16:58:46.662+0700] {processor.py:161} INFO - Started process (PID=23377) to work on /mnt/d/Programming/Vietnamese-Text-Generator/airflow_env/lib/python3.10/site-packages/airflow/example_dags/example_display_name.py
[2024-05-23T16:58:46.664+0700] {processor.py:830} INFO - Processing file /mnt/d/Programming/Vietnamese-Text-Generator/airflow_env/lib/python3.10/site-packages/airflow/example_dags/example_display_name.py for tasks to queue
[2024-05-23T16:58:46.666+0700] {logging_mixin.py:188} INFO - [2024-05-23T16:58:46.665+0700] {dagbag.py:540} INFO - Filling up the DagBag from /mnt/d/Programming/Vietnamese-Text-Generator/airflow_env/lib/python3.10/site-packages/airflow/example_dags/example_display_name.py
[2024-05-23T16:58:46.687+0700] {processor.py:840} INFO - DAG(s) 'example_display_name' retrieved from /mnt/d/Programming/Vietnamese-Text-Generator/airflow_env/lib/python3.10/site-packages/airflow/example_dags/example_display_name.py
[2024-05-23T16:58:46.721+0700] {logging_mixin.py:188} INFO - [2024-05-23T16:58:46.719+0700] {dag.py:3096} INFO - Sync 1 DAGs
[2024-05-23T16:58:46.738+0700] {logging_mixin.py:188} INFO - [2024-05-23T16:58:46.737+0700] {dag.py:3954} INFO - Setting next_dagrun for example_display_name to None, run_after=None
[2024-05-23T16:58:46.806+0700] {processor.py:183} INFO - Processing /mnt/d/Programming/Vietnamese-Text-Generator/airflow_env/lib/python3.10/site-packages/airflow/example_dags/example_display_name.py took 0.161 seconds
[2024-05-23T16:59:59.932+0700] {processor.py:161} INFO - Started process (PID=23717) to work on /mnt/d/Programming/Vietnamese-Text-Generator/airflow_env/lib/python3.10/site-packages/airflow/example_dags/example_display_name.py
[2024-05-23T16:59:59.934+0700] {processor.py:830} INFO - Processing file /mnt/d/Programming/Vietnamese-Text-Generator/airflow_env/lib/python3.10/site-packages/airflow/example_dags/example_display_name.py for tasks to queue
[2024-05-23T16:59:59.937+0700] {logging_mixin.py:188} INFO - [2024-05-23T16:59:59.936+0700] {dagbag.py:540} INFO - Filling up the DagBag from /mnt/d/Programming/Vietnamese-Text-Generator/airflow_env/lib/python3.10/site-packages/airflow/example_dags/example_display_name.py
[2024-05-23T16:59:59.960+0700] {processor.py:840} INFO - DAG(s) 'example_display_name' retrieved from /mnt/d/Programming/Vietnamese-Text-Generator/airflow_env/lib/python3.10/site-packages/airflow/example_dags/example_display_name.py
[2024-05-23T16:59:59.991+0700] {logging_mixin.py:188} INFO - [2024-05-23T16:59:59.989+0700] {dag.py:3096} INFO - Sync 1 DAGs
[2024-05-23T17:00:00.006+0700] {logging_mixin.py:188} INFO - [2024-05-23T17:00:00.004+0700] {dag.py:3954} INFO - Setting next_dagrun for example_display_name to None, run_after=None
[2024-05-23T17:00:00.073+0700] {processor.py:183} INFO - Processing /mnt/d/Programming/Vietnamese-Text-Generator/airflow_env/lib/python3.10/site-packages/airflow/example_dags/example_display_name.py took 0.153 seconds
[2024-05-23T17:01:06.168+0700] {processor.py:161} INFO - Started process (PID=24026) to work on /mnt/d/Programming/Vietnamese-Text-Generator/airflow_env/lib/python3.10/site-packages/airflow/example_dags/example_display_name.py
[2024-05-23T17:01:06.170+0700] {processor.py:830} INFO - Processing file /mnt/d/Programming/Vietnamese-Text-Generator/airflow_env/lib/python3.10/site-packages/airflow/example_dags/example_display_name.py for tasks to queue
[2024-05-23T17:01:06.174+0700] {logging_mixin.py:188} INFO - [2024-05-23T17:01:06.172+0700] {dagbag.py:540} INFO - Filling up the DagBag from /mnt/d/Programming/Vietnamese-Text-Generator/airflow_env/lib/python3.10/site-packages/airflow/example_dags/example_display_name.py
[2024-05-23T17:01:06.197+0700] {processor.py:840} INFO - DAG(s) 'example_display_name' retrieved from /mnt/d/Programming/Vietnamese-Text-Generator/airflow_env/lib/python3.10/site-packages/airflow/example_dags/example_display_name.py
[2024-05-23T17:01:06.229+0700] {logging_mixin.py:188} INFO - [2024-05-23T17:01:06.228+0700] {dag.py:3096} INFO - Sync 1 DAGs
[2024-05-23T17:01:06.245+0700] {logging_mixin.py:188} INFO - [2024-05-23T17:01:06.244+0700] {dag.py:3954} INFO - Setting next_dagrun for example_display_name to None, run_after=None
[2024-05-23T17:01:06.299+0700] {processor.py:183} INFO - Processing /mnt/d/Programming/Vietnamese-Text-Generator/airflow_env/lib/python3.10/site-packages/airflow/example_dags/example_display_name.py took 0.142 seconds
[2024-05-23T17:02:15.800+0700] {processor.py:161} INFO - Started process (PID=24350) to work on /mnt/d/Programming/Vietnamese-Text-Generator/airflow_env/lib/python3.10/site-packages/airflow/example_dags/example_display_name.py
[2024-05-23T17:02:15.802+0700] {processor.py:830} INFO - Processing file /mnt/d/Programming/Vietnamese-Text-Generator/airflow_env/lib/python3.10/site-packages/airflow/example_dags/example_display_name.py for tasks to queue
[2024-05-23T17:02:15.804+0700] {logging_mixin.py:188} INFO - [2024-05-23T17:02:15.803+0700] {dagbag.py:540} INFO - Filling up the DagBag from /mnt/d/Programming/Vietnamese-Text-Generator/airflow_env/lib/python3.10/site-packages/airflow/example_dags/example_display_name.py
[2024-05-23T17:02:15.825+0700] {processor.py:840} INFO - DAG(s) 'example_display_name' retrieved from /mnt/d/Programming/Vietnamese-Text-Generator/airflow_env/lib/python3.10/site-packages/airflow/example_dags/example_display_name.py
[2024-05-23T17:02:15.861+0700] {logging_mixin.py:188} INFO - [2024-05-23T17:02:15.859+0700] {dag.py:3096} INFO - Sync 1 DAGs
[2024-05-23T17:02:15.878+0700] {logging_mixin.py:188} INFO - [2024-05-23T17:02:15.877+0700] {dag.py:3954} INFO - Setting next_dagrun for example_display_name to None, run_after=None
[2024-05-23T17:02:15.950+0700] {processor.py:183} INFO - Processing /mnt/d/Programming/Vietnamese-Text-Generator/airflow_env/lib/python3.10/site-packages/airflow/example_dags/example_display_name.py took 0.163 seconds
[2024-05-23T17:03:28.378+0700] {processor.py:161} INFO - Started process (PID=24686) to work on /mnt/d/Programming/Vietnamese-Text-Generator/airflow_env/lib/python3.10/site-packages/airflow/example_dags/example_display_name.py
[2024-05-23T17:03:28.380+0700] {processor.py:830} INFO - Processing file /mnt/d/Programming/Vietnamese-Text-Generator/airflow_env/lib/python3.10/site-packages/airflow/example_dags/example_display_name.py for tasks to queue
[2024-05-23T17:03:28.383+0700] {logging_mixin.py:188} INFO - [2024-05-23T17:03:28.382+0700] {dagbag.py:540} INFO - Filling up the DagBag from /mnt/d/Programming/Vietnamese-Text-Generator/airflow_env/lib/python3.10/site-packages/airflow/example_dags/example_display_name.py
[2024-05-23T17:03:28.401+0700] {processor.py:840} INFO - DAG(s) 'example_display_name' retrieved from /mnt/d/Programming/Vietnamese-Text-Generator/airflow_env/lib/python3.10/site-packages/airflow/example_dags/example_display_name.py
[2024-05-23T17:03:28.426+0700] {logging_mixin.py:188} INFO - [2024-05-23T17:03:28.426+0700] {dag.py:3096} INFO - Sync 1 DAGs
[2024-05-23T17:03:28.440+0700] {logging_mixin.py:188} INFO - [2024-05-23T17:03:28.439+0700] {dag.py:3954} INFO - Setting next_dagrun for example_display_name to None, run_after=None
[2024-05-23T17:03:28.487+0700] {processor.py:183} INFO - Processing /mnt/d/Programming/Vietnamese-Text-Generator/airflow_env/lib/python3.10/site-packages/airflow/example_dags/example_display_name.py took 0.121 seconds
[2024-05-23T17:04:35.281+0700] {processor.py:161} INFO - Started process (PID=24999) to work on /mnt/d/Programming/Vietnamese-Text-Generator/airflow_env/lib/python3.10/site-packages/airflow/example_dags/example_display_name.py
[2024-05-23T17:04:35.283+0700] {processor.py:830} INFO - Processing file /mnt/d/Programming/Vietnamese-Text-Generator/airflow_env/lib/python3.10/site-packages/airflow/example_dags/example_display_name.py for tasks to queue
[2024-05-23T17:04:35.285+0700] {logging_mixin.py:188} INFO - [2024-05-23T17:04:35.284+0700] {dagbag.py:540} INFO - Filling up the DagBag from /mnt/d/Programming/Vietnamese-Text-Generator/airflow_env/lib/python3.10/site-packages/airflow/example_dags/example_display_name.py
[2024-05-23T17:04:35.302+0700] {processor.py:840} INFO - DAG(s) 'example_display_name' retrieved from /mnt/d/Programming/Vietnamese-Text-Generator/airflow_env/lib/python3.10/site-packages/airflow/example_dags/example_display_name.py
[2024-05-23T17:04:35.332+0700] {logging_mixin.py:188} INFO - [2024-05-23T17:04:35.331+0700] {dag.py:3096} INFO - Sync 1 DAGs
[2024-05-23T17:04:35.346+0700] {logging_mixin.py:188} INFO - [2024-05-23T17:04:35.345+0700] {dag.py:3954} INFO - Setting next_dagrun for example_display_name to None, run_after=None
[2024-05-23T17:04:35.395+0700] {processor.py:183} INFO - Processing /mnt/d/Programming/Vietnamese-Text-Generator/airflow_env/lib/python3.10/site-packages/airflow/example_dags/example_display_name.py took 0.125 seconds
