[2024-05-23T15:42:41.116+0700] {processor.py:161} INFO - Started process (PID=1076) to work on /mnt/d/Programming/Vietnamese-Text-Generator/airflow_env/lib/python3.10/site-packages/airflow/example_dags/example_trigger_controller_dag.py
[2024-05-23T15:42:41.118+0700] {processor.py:830} INFO - Processing file /mnt/d/Programming/Vietnamese-Text-Generator/airflow_env/lib/python3.10/site-packages/airflow/example_dags/example_trigger_controller_dag.py for tasks to queue
[2024-05-23T15:42:41.122+0700] {logging_mixin.py:188} INFO - [2024-05-23T15:42:41.121+0700] {dagbag.py:540} INFO - Filling up the DagBag from /mnt/d/Programming/Vietnamese-Text-Generator/airflow_env/lib/python3.10/site-packages/airflow/example_dags/example_trigger_controller_dag.py
[2024-05-23T15:42:41.167+0700] {processor.py:840} INFO - DAG(s) 'example_trigger_controller_dag' retrieved from /mnt/d/Programming/Vietnamese-Text-Generator/airflow_env/lib/python3.10/site-packages/airflow/example_dags/example_trigger_controller_dag.py
[2024-05-23T15:42:41.202+0700] {logging_mixin.py:188} INFO - [2024-05-23T15:42:41.201+0700] {dag.py:3096} INFO - Sync 1 DAGs
[2024-05-23T15:42:41.228+0700] {logging_mixin.py:188} INFO - [2024-05-23T15:42:41.227+0700] {dag.py:3954} INFO - Setting next_dagrun for example_trigger_controller_dag to 2021-01-01 00:00:00+00:00, run_after=2021-01-01 00:00:00+00:00
[2024-05-23T15:42:41.303+0700] {processor.py:183} INFO - Processing /mnt/d/Programming/Vietnamese-Text-Generator/airflow_env/lib/python3.10/site-packages/airflow/example_dags/example_trigger_controller_dag.py took 0.198 seconds
[2024-05-23T15:43:55.762+0700] {processor.py:161} INFO - Started process (PID=1437) to work on /mnt/d/Programming/Vietnamese-Text-Generator/airflow_env/lib/python3.10/site-packages/airflow/example_dags/example_trigger_controller_dag.py
[2024-05-23T15:43:55.764+0700] {processor.py:830} INFO - Processing file /mnt/d/Programming/Vietnamese-Text-Generator/airflow_env/lib/python3.10/site-packages/airflow/example_dags/example_trigger_controller_dag.py for tasks to queue
[2024-05-23T15:43:55.767+0700] {logging_mixin.py:188} INFO - [2024-05-23T15:43:55.766+0700] {dagbag.py:540} INFO - Filling up the DagBag from /mnt/d/Programming/Vietnamese-Text-Generator/airflow_env/lib/python3.10/site-packages/airflow/example_dags/example_trigger_controller_dag.py
[2024-05-23T15:43:55.788+0700] {processor.py:840} INFO - DAG(s) 'example_trigger_controller_dag' retrieved from /mnt/d/Programming/Vietnamese-Text-Generator/airflow_env/lib/python3.10/site-packages/airflow/example_dags/example_trigger_controller_dag.py
[2024-05-23T15:43:55.819+0700] {logging_mixin.py:188} INFO - [2024-05-23T15:43:55.818+0700] {dag.py:3096} INFO - Sync 1 DAGs
[2024-05-23T15:43:55.847+0700] {logging_mixin.py:188} INFO - [2024-05-23T15:43:55.846+0700] {dag.py:3954} INFO - Setting next_dagrun for example_trigger_controller_dag to 2021-01-01 00:00:00+00:00, run_after=2021-01-01 00:00:00+00:00
[2024-05-23T15:43:55.907+0700] {processor.py:183} INFO - Processing /mnt/d/Programming/Vietnamese-Text-Generator/airflow_env/lib/python3.10/site-packages/airflow/example_dags/example_trigger_controller_dag.py took 0.158 seconds
[2024-05-23T15:45:08.141+0700] {processor.py:161} INFO - Started process (PID=1789) to work on /mnt/d/Programming/Vietnamese-Text-Generator/airflow_env/lib/python3.10/site-packages/airflow/example_dags/example_trigger_controller_dag.py
[2024-05-23T15:45:08.143+0700] {processor.py:830} INFO - Processing file /mnt/d/Programming/Vietnamese-Text-Generator/airflow_env/lib/python3.10/site-packages/airflow/example_dags/example_trigger_controller_dag.py for tasks to queue
[2024-05-23T15:45:08.147+0700] {logging_mixin.py:188} INFO - [2024-05-23T15:45:08.146+0700] {dagbag.py:540} INFO - Filling up the DagBag from /mnt/d/Programming/Vietnamese-Text-Generator/airflow_env/lib/python3.10/site-packages/airflow/example_dags/example_trigger_controller_dag.py
[2024-05-23T15:45:08.165+0700] {processor.py:840} INFO - DAG(s) 'example_trigger_controller_dag' retrieved from /mnt/d/Programming/Vietnamese-Text-Generator/airflow_env/lib/python3.10/site-packages/airflow/example_dags/example_trigger_controller_dag.py
[2024-05-23T15:45:08.198+0700] {logging_mixin.py:188} INFO - [2024-05-23T15:45:08.196+0700] {dag.py:3096} INFO - Sync 1 DAGs
[2024-05-23T15:45:08.227+0700] {logging_mixin.py:188} INFO - [2024-05-23T15:45:08.226+0700] {dag.py:3954} INFO - Setting next_dagrun for example_trigger_controller_dag to 2021-01-01 00:00:00+00:00, run_after=2021-01-01 00:00:00+00:00
[2024-05-23T15:45:08.282+0700] {processor.py:183} INFO - Processing /mnt/d/Programming/Vietnamese-Text-Generator/airflow_env/lib/python3.10/site-packages/airflow/example_dags/example_trigger_controller_dag.py took 0.154 seconds
[2024-05-23T15:46:22.739+0700] {processor.py:161} INFO - Started process (PID=2494) to work on /mnt/d/Programming/Vietnamese-Text-Generator/airflow_env/lib/python3.10/site-packages/airflow/example_dags/example_trigger_controller_dag.py
[2024-05-23T15:46:22.741+0700] {processor.py:830} INFO - Processing file /mnt/d/Programming/Vietnamese-Text-Generator/airflow_env/lib/python3.10/site-packages/airflow/example_dags/example_trigger_controller_dag.py for tasks to queue
[2024-05-23T15:46:22.746+0700] {logging_mixin.py:188} INFO - [2024-05-23T15:46:22.744+0700] {dagbag.py:540} INFO - Filling up the DagBag from /mnt/d/Programming/Vietnamese-Text-Generator/airflow_env/lib/python3.10/site-packages/airflow/example_dags/example_trigger_controller_dag.py
[2024-05-23T15:46:22.768+0700] {processor.py:840} INFO - DAG(s) 'example_trigger_controller_dag' retrieved from /mnt/d/Programming/Vietnamese-Text-Generator/airflow_env/lib/python3.10/site-packages/airflow/example_dags/example_trigger_controller_dag.py
[2024-05-23T15:46:22.798+0700] {logging_mixin.py:188} INFO - [2024-05-23T15:46:22.797+0700] {dag.py:3096} INFO - Sync 1 DAGs
[2024-05-23T15:46:22.824+0700] {logging_mixin.py:188} INFO - [2024-05-23T15:46:22.823+0700] {dag.py:3954} INFO - Setting next_dagrun for example_trigger_controller_dag to 2021-01-01 00:00:00+00:00, run_after=2021-01-01 00:00:00+00:00
[2024-05-23T15:46:22.879+0700] {processor.py:183} INFO - Processing /mnt/d/Programming/Vietnamese-Text-Generator/airflow_env/lib/python3.10/site-packages/airflow/example_dags/example_trigger_controller_dag.py took 0.157 seconds
[2024-05-23T15:47:28.695+0700] {processor.py:161} INFO - Started process (PID=2814) to work on /mnt/d/Programming/Vietnamese-Text-Generator/airflow_env/lib/python3.10/site-packages/airflow/example_dags/example_trigger_controller_dag.py
[2024-05-23T15:47:28.697+0700] {processor.py:830} INFO - Processing file /mnt/d/Programming/Vietnamese-Text-Generator/airflow_env/lib/python3.10/site-packages/airflow/example_dags/example_trigger_controller_dag.py for tasks to queue
[2024-05-23T15:47:28.700+0700] {logging_mixin.py:188} INFO - [2024-05-23T15:47:28.699+0700] {dagbag.py:540} INFO - Filling up the DagBag from /mnt/d/Programming/Vietnamese-Text-Generator/airflow_env/lib/python3.10/site-packages/airflow/example_dags/example_trigger_controller_dag.py
[2024-05-23T15:47:28.719+0700] {processor.py:840} INFO - DAG(s) 'example_trigger_controller_dag' retrieved from /mnt/d/Programming/Vietnamese-Text-Generator/airflow_env/lib/python3.10/site-packages/airflow/example_dags/example_trigger_controller_dag.py
[2024-05-23T15:47:28.752+0700] {logging_mixin.py:188} INFO - [2024-05-23T15:47:28.751+0700] {dag.py:3096} INFO - Sync 1 DAGs
[2024-05-23T15:47:28.782+0700] {logging_mixin.py:188} INFO - [2024-05-23T15:47:28.781+0700] {dag.py:3954} INFO - Setting next_dagrun for example_trigger_controller_dag to 2021-01-01 00:00:00+00:00, run_after=2021-01-01 00:00:00+00:00
[2024-05-23T15:47:28.840+0700] {processor.py:183} INFO - Processing /mnt/d/Programming/Vietnamese-Text-Generator/airflow_env/lib/python3.10/site-packages/airflow/example_dags/example_trigger_controller_dag.py took 0.157 seconds
[2024-05-23T15:54:42.250+0700] {processor.py:161} INFO - Started process (PID=4656) to work on /mnt/d/Programming/Vietnamese-Text-Generator/airflow_env/lib/python3.10/site-packages/airflow/example_dags/example_trigger_controller_dag.py
[2024-05-23T15:54:42.251+0700] {processor.py:830} INFO - Processing file /mnt/d/Programming/Vietnamese-Text-Generator/airflow_env/lib/python3.10/site-packages/airflow/example_dags/example_trigger_controller_dag.py for tasks to queue
[2024-05-23T15:54:42.253+0700] {logging_mixin.py:188} INFO - [2024-05-23T15:54:42.253+0700] {dagbag.py:540} INFO - Filling up the DagBag from /mnt/d/Programming/Vietnamese-Text-Generator/airflow_env/lib/python3.10/site-packages/airflow/example_dags/example_trigger_controller_dag.py
[2024-05-23T15:54:42.271+0700] {processor.py:840} INFO - DAG(s) 'example_trigger_controller_dag' retrieved from /mnt/d/Programming/Vietnamese-Text-Generator/airflow_env/lib/python3.10/site-packages/airflow/example_dags/example_trigger_controller_dag.py
[2024-05-23T15:54:42.312+0700] {logging_mixin.py:188} INFO - [2024-05-23T15:54:42.311+0700] {dag.py:3096} INFO - Sync 1 DAGs
[2024-05-23T15:54:42.338+0700] {logging_mixin.py:188} INFO - [2024-05-23T15:54:42.337+0700] {dag.py:3954} INFO - Setting next_dagrun for example_trigger_controller_dag to 2021-01-01 00:00:00+00:00, run_after=2021-01-01 00:00:00+00:00
[2024-05-23T15:54:42.418+0700] {processor.py:183} INFO - Processing /mnt/d/Programming/Vietnamese-Text-Generator/airflow_env/lib/python3.10/site-packages/airflow/example_dags/example_trigger_controller_dag.py took 0.180 seconds
[2024-05-23T15:55:48.702+0700] {processor.py:161} INFO - Started process (PID=4974) to work on /mnt/d/Programming/Vietnamese-Text-Generator/airflow_env/lib/python3.10/site-packages/airflow/example_dags/example_trigger_controller_dag.py
[2024-05-23T15:55:48.703+0700] {processor.py:830} INFO - Processing file /mnt/d/Programming/Vietnamese-Text-Generator/airflow_env/lib/python3.10/site-packages/airflow/example_dags/example_trigger_controller_dag.py for tasks to queue
[2024-05-23T15:55:48.705+0700] {logging_mixin.py:188} INFO - [2024-05-23T15:55:48.704+0700] {dagbag.py:540} INFO - Filling up the DagBag from /mnt/d/Programming/Vietnamese-Text-Generator/airflow_env/lib/python3.10/site-packages/airflow/example_dags/example_trigger_controller_dag.py
[2024-05-23T15:55:48.719+0700] {processor.py:840} INFO - DAG(s) 'example_trigger_controller_dag' retrieved from /mnt/d/Programming/Vietnamese-Text-Generator/airflow_env/lib/python3.10/site-packages/airflow/example_dags/example_trigger_controller_dag.py
[2024-05-23T15:55:48.748+0700] {logging_mixin.py:188} INFO - [2024-05-23T15:55:48.747+0700] {dag.py:3096} INFO - Sync 1 DAGs
[2024-05-23T15:55:48.771+0700] {logging_mixin.py:188} INFO - [2024-05-23T15:55:48.770+0700] {dag.py:3954} INFO - Setting next_dagrun for example_trigger_controller_dag to 2021-01-01 00:00:00+00:00, run_after=2021-01-01 00:00:00+00:00
[2024-05-23T15:55:48.822+0700] {processor.py:183} INFO - Processing /mnt/d/Programming/Vietnamese-Text-Generator/airflow_env/lib/python3.10/site-packages/airflow/example_dags/example_trigger_controller_dag.py took 0.133 seconds
[2024-05-23T15:56:57.026+0700] {processor.py:161} INFO - Started process (PID=5293) to work on /mnt/d/Programming/Vietnamese-Text-Generator/airflow_env/lib/python3.10/site-packages/airflow/example_dags/example_trigger_controller_dag.py
[2024-05-23T15:56:57.029+0700] {processor.py:830} INFO - Processing file /mnt/d/Programming/Vietnamese-Text-Generator/airflow_env/lib/python3.10/site-packages/airflow/example_dags/example_trigger_controller_dag.py for tasks to queue
[2024-05-23T15:56:57.033+0700] {logging_mixin.py:188} INFO - [2024-05-23T15:56:57.032+0700] {dagbag.py:540} INFO - Filling up the DagBag from /mnt/d/Programming/Vietnamese-Text-Generator/airflow_env/lib/python3.10/site-packages/airflow/example_dags/example_trigger_controller_dag.py
[2024-05-23T15:56:57.060+0700] {processor.py:840} INFO - DAG(s) 'example_trigger_controller_dag' retrieved from /mnt/d/Programming/Vietnamese-Text-Generator/airflow_env/lib/python3.10/site-packages/airflow/example_dags/example_trigger_controller_dag.py
[2024-05-23T15:56:57.099+0700] {logging_mixin.py:188} INFO - [2024-05-23T15:56:57.096+0700] {dag.py:3096} INFO - Sync 1 DAGs
[2024-05-23T15:56:57.135+0700] {logging_mixin.py:188} INFO - [2024-05-23T15:56:57.134+0700] {dag.py:3954} INFO - Setting next_dagrun for example_trigger_controller_dag to 2021-01-01 00:00:00+00:00, run_after=2021-01-01 00:00:00+00:00
[2024-05-23T15:56:57.219+0700] {processor.py:183} INFO - Processing /mnt/d/Programming/Vietnamese-Text-Generator/airflow_env/lib/python3.10/site-packages/airflow/example_dags/example_trigger_controller_dag.py took 0.223 seconds
[2024-05-23T15:58:05.085+0700] {processor.py:161} INFO - Started process (PID=5616) to work on /mnt/d/Programming/Vietnamese-Text-Generator/airflow_env/lib/python3.10/site-packages/airflow/example_dags/example_trigger_controller_dag.py
[2024-05-23T15:58:05.087+0700] {processor.py:830} INFO - Processing file /mnt/d/Programming/Vietnamese-Text-Generator/airflow_env/lib/python3.10/site-packages/airflow/example_dags/example_trigger_controller_dag.py for tasks to queue
[2024-05-23T15:58:05.089+0700] {logging_mixin.py:188} INFO - [2024-05-23T15:58:05.088+0700] {dagbag.py:540} INFO - Filling up the DagBag from /mnt/d/Programming/Vietnamese-Text-Generator/airflow_env/lib/python3.10/site-packages/airflow/example_dags/example_trigger_controller_dag.py
[2024-05-23T15:58:05.110+0700] {processor.py:840} INFO - DAG(s) 'example_trigger_controller_dag' retrieved from /mnt/d/Programming/Vietnamese-Text-Generator/airflow_env/lib/python3.10/site-packages/airflow/example_dags/example_trigger_controller_dag.py
[2024-05-23T15:58:05.139+0700] {logging_mixin.py:188} INFO - [2024-05-23T15:58:05.138+0700] {dag.py:3096} INFO - Sync 1 DAGs
[2024-05-23T15:58:05.162+0700] {logging_mixin.py:188} INFO - [2024-05-23T15:58:05.161+0700] {dag.py:3954} INFO - Setting next_dagrun for example_trigger_controller_dag to 2021-01-01 00:00:00+00:00, run_after=2021-01-01 00:00:00+00:00
[2024-05-23T15:58:05.224+0700] {processor.py:183} INFO - Processing /mnt/d/Programming/Vietnamese-Text-Generator/airflow_env/lib/python3.10/site-packages/airflow/example_dags/example_trigger_controller_dag.py took 0.151 seconds
[2024-05-23T15:59:18.761+0700] {processor.py:161} INFO - Started process (PID=5958) to work on /mnt/d/Programming/Vietnamese-Text-Generator/airflow_env/lib/python3.10/site-packages/airflow/example_dags/example_trigger_controller_dag.py
[2024-05-23T15:59:18.763+0700] {processor.py:830} INFO - Processing file /mnt/d/Programming/Vietnamese-Text-Generator/airflow_env/lib/python3.10/site-packages/airflow/example_dags/example_trigger_controller_dag.py for tasks to queue
[2024-05-23T15:59:18.770+0700] {logging_mixin.py:188} INFO - [2024-05-23T15:59:18.767+0700] {dagbag.py:540} INFO - Filling up the DagBag from /mnt/d/Programming/Vietnamese-Text-Generator/airflow_env/lib/python3.10/site-packages/airflow/example_dags/example_trigger_controller_dag.py
[2024-05-23T15:59:18.806+0700] {processor.py:840} INFO - DAG(s) 'example_trigger_controller_dag' retrieved from /mnt/d/Programming/Vietnamese-Text-Generator/airflow_env/lib/python3.10/site-packages/airflow/example_dags/example_trigger_controller_dag.py
[2024-05-23T15:59:18.887+0700] {logging_mixin.py:188} INFO - [2024-05-23T15:59:18.885+0700] {dag.py:3096} INFO - Sync 1 DAGs
[2024-05-23T15:59:18.973+0700] {logging_mixin.py:188} INFO - [2024-05-23T15:59:18.971+0700] {dag.py:3954} INFO - Setting next_dagrun for example_trigger_controller_dag to 2021-01-01 00:00:00+00:00, run_after=2021-01-01 00:00:00+00:00
[2024-05-23T15:59:19.083+0700] {processor.py:183} INFO - Processing /mnt/d/Programming/Vietnamese-Text-Generator/airflow_env/lib/python3.10/site-packages/airflow/example_dags/example_trigger_controller_dag.py took 0.347 seconds
[2024-05-23T16:00:26.888+0700] {processor.py:161} INFO - Started process (PID=6284) to work on /mnt/d/Programming/Vietnamese-Text-Generator/airflow_env/lib/python3.10/site-packages/airflow/example_dags/example_trigger_controller_dag.py
[2024-05-23T16:00:26.891+0700] {processor.py:830} INFO - Processing file /mnt/d/Programming/Vietnamese-Text-Generator/airflow_env/lib/python3.10/site-packages/airflow/example_dags/example_trigger_controller_dag.py for tasks to queue
[2024-05-23T16:00:26.893+0700] {logging_mixin.py:188} INFO - [2024-05-23T16:00:26.892+0700] {dagbag.py:540} INFO - Filling up the DagBag from /mnt/d/Programming/Vietnamese-Text-Generator/airflow_env/lib/python3.10/site-packages/airflow/example_dags/example_trigger_controller_dag.py
[2024-05-23T16:00:26.909+0700] {processor.py:840} INFO - DAG(s) 'example_trigger_controller_dag' retrieved from /mnt/d/Programming/Vietnamese-Text-Generator/airflow_env/lib/python3.10/site-packages/airflow/example_dags/example_trigger_controller_dag.py
[2024-05-23T16:00:26.939+0700] {logging_mixin.py:188} INFO - [2024-05-23T16:00:26.938+0700] {dag.py:3096} INFO - Sync 1 DAGs
[2024-05-23T16:00:26.964+0700] {logging_mixin.py:188} INFO - [2024-05-23T16:00:26.963+0700] {dag.py:3954} INFO - Setting next_dagrun for example_trigger_controller_dag to 2021-01-01 00:00:00+00:00, run_after=2021-01-01 00:00:00+00:00
[2024-05-23T16:00:27.020+0700] {processor.py:183} INFO - Processing /mnt/d/Programming/Vietnamese-Text-Generator/airflow_env/lib/python3.10/site-packages/airflow/example_dags/example_trigger_controller_dag.py took 0.143 seconds
[2024-05-23T16:01:32.217+0700] {processor.py:161} INFO - Started process (PID=6593) to work on /mnt/d/Programming/Vietnamese-Text-Generator/airflow_env/lib/python3.10/site-packages/airflow/example_dags/example_trigger_controller_dag.py
[2024-05-23T16:01:32.219+0700] {processor.py:830} INFO - Processing file /mnt/d/Programming/Vietnamese-Text-Generator/airflow_env/lib/python3.10/site-packages/airflow/example_dags/example_trigger_controller_dag.py for tasks to queue
[2024-05-23T16:01:32.221+0700] {logging_mixin.py:188} INFO - [2024-05-23T16:01:32.220+0700] {dagbag.py:540} INFO - Filling up the DagBag from /mnt/d/Programming/Vietnamese-Text-Generator/airflow_env/lib/python3.10/site-packages/airflow/example_dags/example_trigger_controller_dag.py
[2024-05-23T16:01:32.238+0700] {processor.py:840} INFO - DAG(s) 'example_trigger_controller_dag' retrieved from /mnt/d/Programming/Vietnamese-Text-Generator/airflow_env/lib/python3.10/site-packages/airflow/example_dags/example_trigger_controller_dag.py
[2024-05-23T16:01:32.266+0700] {logging_mixin.py:188} INFO - [2024-05-23T16:01:32.265+0700] {dag.py:3096} INFO - Sync 1 DAGs
[2024-05-23T16:01:32.290+0700] {logging_mixin.py:188} INFO - [2024-05-23T16:01:32.288+0700] {dag.py:3954} INFO - Setting next_dagrun for example_trigger_controller_dag to 2021-01-01 00:00:00+00:00, run_after=2021-01-01 00:00:00+00:00
[2024-05-23T16:01:32.339+0700] {processor.py:183} INFO - Processing /mnt/d/Programming/Vietnamese-Text-Generator/airflow_env/lib/python3.10/site-packages/airflow/example_dags/example_trigger_controller_dag.py took 0.134 seconds
[2024-05-23T16:02:39.317+0700] {processor.py:161} INFO - Started process (PID=6910) to work on /mnt/d/Programming/Vietnamese-Text-Generator/airflow_env/lib/python3.10/site-packages/airflow/example_dags/example_trigger_controller_dag.py
[2024-05-23T16:02:39.319+0700] {processor.py:830} INFO - Processing file /mnt/d/Programming/Vietnamese-Text-Generator/airflow_env/lib/python3.10/site-packages/airflow/example_dags/example_trigger_controller_dag.py for tasks to queue
[2024-05-23T16:02:39.321+0700] {logging_mixin.py:188} INFO - [2024-05-23T16:02:39.320+0700] {dagbag.py:540} INFO - Filling up the DagBag from /mnt/d/Programming/Vietnamese-Text-Generator/airflow_env/lib/python3.10/site-packages/airflow/example_dags/example_trigger_controller_dag.py
[2024-05-23T16:02:39.337+0700] {processor.py:840} INFO - DAG(s) 'example_trigger_controller_dag' retrieved from /mnt/d/Programming/Vietnamese-Text-Generator/airflow_env/lib/python3.10/site-packages/airflow/example_dags/example_trigger_controller_dag.py
[2024-05-23T16:02:39.368+0700] {logging_mixin.py:188} INFO - [2024-05-23T16:02:39.367+0700] {dag.py:3096} INFO - Sync 1 DAGs
[2024-05-23T16:02:39.398+0700] {logging_mixin.py:188} INFO - [2024-05-23T16:02:39.396+0700] {dag.py:3954} INFO - Setting next_dagrun for example_trigger_controller_dag to 2021-01-01 00:00:00+00:00, run_after=2021-01-01 00:00:00+00:00
[2024-05-23T16:02:39.478+0700] {processor.py:183} INFO - Processing /mnt/d/Programming/Vietnamese-Text-Generator/airflow_env/lib/python3.10/site-packages/airflow/example_dags/example_trigger_controller_dag.py took 0.174 seconds
[2024-05-23T16:03:54.991+0700] {processor.py:161} INFO - Started process (PID=7262) to work on /mnt/d/Programming/Vietnamese-Text-Generator/airflow_env/lib/python3.10/site-packages/airflow/example_dags/example_trigger_controller_dag.py
[2024-05-23T16:03:54.994+0700] {processor.py:830} INFO - Processing file /mnt/d/Programming/Vietnamese-Text-Generator/airflow_env/lib/python3.10/site-packages/airflow/example_dags/example_trigger_controller_dag.py for tasks to queue
[2024-05-23T16:03:54.996+0700] {logging_mixin.py:188} INFO - [2024-05-23T16:03:54.995+0700] {dagbag.py:540} INFO - Filling up the DagBag from /mnt/d/Programming/Vietnamese-Text-Generator/airflow_env/lib/python3.10/site-packages/airflow/example_dags/example_trigger_controller_dag.py
[2024-05-23T16:03:55.012+0700] {processor.py:840} INFO - DAG(s) 'example_trigger_controller_dag' retrieved from /mnt/d/Programming/Vietnamese-Text-Generator/airflow_env/lib/python3.10/site-packages/airflow/example_dags/example_trigger_controller_dag.py
[2024-05-23T16:03:55.039+0700] {logging_mixin.py:188} INFO - [2024-05-23T16:03:55.038+0700] {dag.py:3096} INFO - Sync 1 DAGs
[2024-05-23T16:03:55.081+0700] {logging_mixin.py:188} INFO - [2024-05-23T16:03:55.079+0700] {dag.py:3954} INFO - Setting next_dagrun for example_trigger_controller_dag to 2021-01-01 00:00:00+00:00, run_after=2021-01-01 00:00:00+00:00
[2024-05-23T16:03:55.356+0700] {processor.py:183} INFO - Processing /mnt/d/Programming/Vietnamese-Text-Generator/airflow_env/lib/python3.10/site-packages/airflow/example_dags/example_trigger_controller_dag.py took 0.378 seconds
[2024-05-23T16:35:00.344+0700] {processor.py:161} INFO - Started process (PID=17039) to work on /mnt/d/Programming/Vietnamese-Text-Generator/airflow_env/lib/python3.10/site-packages/airflow/example_dags/example_trigger_controller_dag.py
[2024-05-23T16:35:00.346+0700] {processor.py:830} INFO - Processing file /mnt/d/Programming/Vietnamese-Text-Generator/airflow_env/lib/python3.10/site-packages/airflow/example_dags/example_trigger_controller_dag.py for tasks to queue
[2024-05-23T16:35:00.349+0700] {logging_mixin.py:188} INFO - [2024-05-23T16:35:00.348+0700] {dagbag.py:540} INFO - Filling up the DagBag from /mnt/d/Programming/Vietnamese-Text-Generator/airflow_env/lib/python3.10/site-packages/airflow/example_dags/example_trigger_controller_dag.py
[2024-05-23T16:35:00.365+0700] {processor.py:840} INFO - DAG(s) 'example_trigger_controller_dag' retrieved from /mnt/d/Programming/Vietnamese-Text-Generator/airflow_env/lib/python3.10/site-packages/airflow/example_dags/example_trigger_controller_dag.py
[2024-05-23T16:35:00.413+0700] {logging_mixin.py:188} INFO - [2024-05-23T16:35:00.412+0700] {dag.py:3096} INFO - Sync 1 DAGs
[2024-05-23T16:35:00.450+0700] {logging_mixin.py:188} INFO - [2024-05-23T16:35:00.449+0700] {dag.py:3954} INFO - Setting next_dagrun for example_trigger_controller_dag to 2021-01-01 00:00:00+00:00, run_after=2021-01-01 00:00:00+00:00
[2024-05-23T16:35:00.518+0700] {processor.py:183} INFO - Processing /mnt/d/Programming/Vietnamese-Text-Generator/airflow_env/lib/python3.10/site-packages/airflow/example_dags/example_trigger_controller_dag.py took 0.185 seconds
[2024-05-23T16:36:07.526+0700] {processor.py:161} INFO - Started process (PID=17354) to work on /mnt/d/Programming/Vietnamese-Text-Generator/airflow_env/lib/python3.10/site-packages/airflow/example_dags/example_trigger_controller_dag.py
[2024-05-23T16:36:07.528+0700] {processor.py:830} INFO - Processing file /mnt/d/Programming/Vietnamese-Text-Generator/airflow_env/lib/python3.10/site-packages/airflow/example_dags/example_trigger_controller_dag.py for tasks to queue
[2024-05-23T16:36:07.530+0700] {logging_mixin.py:188} INFO - [2024-05-23T16:36:07.529+0700] {dagbag.py:540} INFO - Filling up the DagBag from /mnt/d/Programming/Vietnamese-Text-Generator/airflow_env/lib/python3.10/site-packages/airflow/example_dags/example_trigger_controller_dag.py
[2024-05-23T16:36:07.551+0700] {processor.py:840} INFO - DAG(s) 'example_trigger_controller_dag' retrieved from /mnt/d/Programming/Vietnamese-Text-Generator/airflow_env/lib/python3.10/site-packages/airflow/example_dags/example_trigger_controller_dag.py
[2024-05-23T16:36:07.580+0700] {logging_mixin.py:188} INFO - [2024-05-23T16:36:07.579+0700] {dag.py:3096} INFO - Sync 1 DAGs
[2024-05-23T16:36:07.610+0700] {logging_mixin.py:188} INFO - [2024-05-23T16:36:07.609+0700] {dag.py:3954} INFO - Setting next_dagrun for example_trigger_controller_dag to 2021-01-01 00:00:00+00:00, run_after=2021-01-01 00:00:00+00:00
[2024-05-23T16:36:07.691+0700] {processor.py:183} INFO - Processing /mnt/d/Programming/Vietnamese-Text-Generator/airflow_env/lib/python3.10/site-packages/airflow/example_dags/example_trigger_controller_dag.py took 0.177 seconds
[2024-05-23T16:37:22.604+0700] {processor.py:161} INFO - Started process (PID=17703) to work on /mnt/d/Programming/Vietnamese-Text-Generator/airflow_env/lib/python3.10/site-packages/airflow/example_dags/example_trigger_controller_dag.py
[2024-05-23T16:37:22.607+0700] {processor.py:830} INFO - Processing file /mnt/d/Programming/Vietnamese-Text-Generator/airflow_env/lib/python3.10/site-packages/airflow/example_dags/example_trigger_controller_dag.py for tasks to queue
[2024-05-23T16:37:22.611+0700] {logging_mixin.py:188} INFO - [2024-05-23T16:37:22.609+0700] {dagbag.py:540} INFO - Filling up the DagBag from /mnt/d/Programming/Vietnamese-Text-Generator/airflow_env/lib/python3.10/site-packages/airflow/example_dags/example_trigger_controller_dag.py
[2024-05-23T16:37:22.626+0700] {processor.py:840} INFO - DAG(s) 'example_trigger_controller_dag' retrieved from /mnt/d/Programming/Vietnamese-Text-Generator/airflow_env/lib/python3.10/site-packages/airflow/example_dags/example_trigger_controller_dag.py
[2024-05-23T16:37:22.656+0700] {logging_mixin.py:188} INFO - [2024-05-23T16:37:22.654+0700] {dag.py:3096} INFO - Sync 1 DAGs
[2024-05-23T16:37:22.678+0700] {logging_mixin.py:188} INFO - [2024-05-23T16:37:22.677+0700] {dag.py:3954} INFO - Setting next_dagrun for example_trigger_controller_dag to 2021-01-01 00:00:00+00:00, run_after=2021-01-01 00:00:00+00:00
[2024-05-23T16:37:22.731+0700] {processor.py:183} INFO - Processing /mnt/d/Programming/Vietnamese-Text-Generator/airflow_env/lib/python3.10/site-packages/airflow/example_dags/example_trigger_controller_dag.py took 0.139 seconds
[2024-05-23T16:49:48.741+0700] {processor.py:161} INFO - Started process (PID=20862) to work on /mnt/d/Programming/Vietnamese-Text-Generator/airflow_env/lib/python3.10/site-packages/airflow/example_dags/example_trigger_controller_dag.py
[2024-05-23T16:49:48.744+0700] {processor.py:830} INFO - Processing file /mnt/d/Programming/Vietnamese-Text-Generator/airflow_env/lib/python3.10/site-packages/airflow/example_dags/example_trigger_controller_dag.py for tasks to queue
[2024-05-23T16:49:48.746+0700] {logging_mixin.py:188} INFO - [2024-05-23T16:49:48.745+0700] {dagbag.py:540} INFO - Filling up the DagBag from /mnt/d/Programming/Vietnamese-Text-Generator/airflow_env/lib/python3.10/site-packages/airflow/example_dags/example_trigger_controller_dag.py
[2024-05-23T16:49:48.763+0700] {processor.py:840} INFO - DAG(s) 'example_trigger_controller_dag' retrieved from /mnt/d/Programming/Vietnamese-Text-Generator/airflow_env/lib/python3.10/site-packages/airflow/example_dags/example_trigger_controller_dag.py
[2024-05-23T16:49:48.801+0700] {logging_mixin.py:188} INFO - [2024-05-23T16:49:48.800+0700] {dag.py:3096} INFO - Sync 1 DAGs
[2024-05-23T16:49:48.833+0700] {logging_mixin.py:188} INFO - [2024-05-23T16:49:48.832+0700] {dag.py:3954} INFO - Setting next_dagrun for example_trigger_controller_dag to 2021-01-01 00:00:00+00:00, run_after=2021-01-01 00:00:00+00:00
[2024-05-23T16:49:48.889+0700] {processor.py:183} INFO - Processing /mnt/d/Programming/Vietnamese-Text-Generator/airflow_env/lib/python3.10/site-packages/airflow/example_dags/example_trigger_controller_dag.py took 0.159 seconds
[2024-05-23T16:51:03.899+0700] {processor.py:161} INFO - Started process (PID=21213) to work on /mnt/d/Programming/Vietnamese-Text-Generator/airflow_env/lib/python3.10/site-packages/airflow/example_dags/example_trigger_controller_dag.py
[2024-05-23T16:51:03.901+0700] {processor.py:830} INFO - Processing file /mnt/d/Programming/Vietnamese-Text-Generator/airflow_env/lib/python3.10/site-packages/airflow/example_dags/example_trigger_controller_dag.py for tasks to queue
[2024-05-23T16:51:03.905+0700] {logging_mixin.py:188} INFO - [2024-05-23T16:51:03.904+0700] {dagbag.py:540} INFO - Filling up the DagBag from /mnt/d/Programming/Vietnamese-Text-Generator/airflow_env/lib/python3.10/site-packages/airflow/example_dags/example_trigger_controller_dag.py
[2024-05-23T16:51:03.949+0700] {processor.py:840} INFO - DAG(s) 'example_trigger_controller_dag' retrieved from /mnt/d/Programming/Vietnamese-Text-Generator/airflow_env/lib/python3.10/site-packages/airflow/example_dags/example_trigger_controller_dag.py
[2024-05-23T16:51:03.981+0700] {logging_mixin.py:188} INFO - [2024-05-23T16:51:03.979+0700] {dag.py:3096} INFO - Sync 1 DAGs
[2024-05-23T16:51:04.014+0700] {logging_mixin.py:188} INFO - [2024-05-23T16:51:04.013+0700] {dag.py:3954} INFO - Setting next_dagrun for example_trigger_controller_dag to 2021-01-01 00:00:00+00:00, run_after=2021-01-01 00:00:00+00:00
[2024-05-23T16:51:04.089+0700] {processor.py:183} INFO - Processing /mnt/d/Programming/Vietnamese-Text-Generator/airflow_env/lib/python3.10/site-packages/airflow/example_dags/example_trigger_controller_dag.py took 0.207 seconds
[2024-05-23T16:52:17.019+0700] {processor.py:161} INFO - Started process (PID=21553) to work on /mnt/d/Programming/Vietnamese-Text-Generator/airflow_env/lib/python3.10/site-packages/airflow/example_dags/example_trigger_controller_dag.py
[2024-05-23T16:52:17.021+0700] {processor.py:830} INFO - Processing file /mnt/d/Programming/Vietnamese-Text-Generator/airflow_env/lib/python3.10/site-packages/airflow/example_dags/example_trigger_controller_dag.py for tasks to queue
[2024-05-23T16:52:17.023+0700] {logging_mixin.py:188} INFO - [2024-05-23T16:52:17.022+0700] {dagbag.py:540} INFO - Filling up the DagBag from /mnt/d/Programming/Vietnamese-Text-Generator/airflow_env/lib/python3.10/site-packages/airflow/example_dags/example_trigger_controller_dag.py
[2024-05-23T16:52:17.040+0700] {processor.py:840} INFO - DAG(s) 'example_trigger_controller_dag' retrieved from /mnt/d/Programming/Vietnamese-Text-Generator/airflow_env/lib/python3.10/site-packages/airflow/example_dags/example_trigger_controller_dag.py
[2024-05-23T16:52:17.067+0700] {logging_mixin.py:188} INFO - [2024-05-23T16:52:17.066+0700] {dag.py:3096} INFO - Sync 1 DAGs
[2024-05-23T16:52:17.089+0700] {logging_mixin.py:188} INFO - [2024-05-23T16:52:17.088+0700] {dag.py:3954} INFO - Setting next_dagrun for example_trigger_controller_dag to 2021-01-01 00:00:00+00:00, run_after=2021-01-01 00:00:00+00:00
[2024-05-23T16:52:17.141+0700] {processor.py:183} INFO - Processing /mnt/d/Programming/Vietnamese-Text-Generator/airflow_env/lib/python3.10/site-packages/airflow/example_dags/example_trigger_controller_dag.py took 0.137 seconds
[2024-05-23T16:53:29.386+0700] {processor.py:161} INFO - Started process (PID=21891) to work on /mnt/d/Programming/Vietnamese-Text-Generator/airflow_env/lib/python3.10/site-packages/airflow/example_dags/example_trigger_controller_dag.py
[2024-05-23T16:53:29.388+0700] {processor.py:830} INFO - Processing file /mnt/d/Programming/Vietnamese-Text-Generator/airflow_env/lib/python3.10/site-packages/airflow/example_dags/example_trigger_controller_dag.py for tasks to queue
[2024-05-23T16:53:29.390+0700] {logging_mixin.py:188} INFO - [2024-05-23T16:53:29.389+0700] {dagbag.py:540} INFO - Filling up the DagBag from /mnt/d/Programming/Vietnamese-Text-Generator/airflow_env/lib/python3.10/site-packages/airflow/example_dags/example_trigger_controller_dag.py
[2024-05-23T16:53:29.409+0700] {processor.py:840} INFO - DAG(s) 'example_trigger_controller_dag' retrieved from /mnt/d/Programming/Vietnamese-Text-Generator/airflow_env/lib/python3.10/site-packages/airflow/example_dags/example_trigger_controller_dag.py
[2024-05-23T16:53:29.574+0700] {logging_mixin.py:188} INFO - [2024-05-23T16:53:29.573+0700] {dag.py:3096} INFO - Sync 1 DAGs
[2024-05-23T16:53:29.611+0700] {logging_mixin.py:188} INFO - [2024-05-23T16:53:29.609+0700] {dag.py:3954} INFO - Setting next_dagrun for example_trigger_controller_dag to 2021-01-01 00:00:00+00:00, run_after=2021-01-01 00:00:00+00:00
[2024-05-23T16:53:29.719+0700] {processor.py:183} INFO - Processing /mnt/d/Programming/Vietnamese-Text-Generator/airflow_env/lib/python3.10/site-packages/airflow/example_dags/example_trigger_controller_dag.py took 0.346 seconds
[2024-05-23T16:54:41.301+0700] {processor.py:161} INFO - Started process (PID=22224) to work on /mnt/d/Programming/Vietnamese-Text-Generator/airflow_env/lib/python3.10/site-packages/airflow/example_dags/example_trigger_controller_dag.py
[2024-05-23T16:54:41.303+0700] {processor.py:830} INFO - Processing file /mnt/d/Programming/Vietnamese-Text-Generator/airflow_env/lib/python3.10/site-packages/airflow/example_dags/example_trigger_controller_dag.py for tasks to queue
[2024-05-23T16:54:41.304+0700] {logging_mixin.py:188} INFO - [2024-05-23T16:54:41.304+0700] {dagbag.py:540} INFO - Filling up the DagBag from /mnt/d/Programming/Vietnamese-Text-Generator/airflow_env/lib/python3.10/site-packages/airflow/example_dags/example_trigger_controller_dag.py
[2024-05-23T16:54:41.322+0700] {processor.py:840} INFO - DAG(s) 'example_trigger_controller_dag' retrieved from /mnt/d/Programming/Vietnamese-Text-Generator/airflow_env/lib/python3.10/site-packages/airflow/example_dags/example_trigger_controller_dag.py
[2024-05-23T16:54:41.356+0700] {logging_mixin.py:188} INFO - [2024-05-23T16:54:41.355+0700] {dag.py:3096} INFO - Sync 1 DAGs
[2024-05-23T16:54:41.382+0700] {logging_mixin.py:188} INFO - [2024-05-23T16:54:41.381+0700] {dag.py:3954} INFO - Setting next_dagrun for example_trigger_controller_dag to 2021-01-01 00:00:00+00:00, run_after=2021-01-01 00:00:00+00:00
[2024-05-23T16:54:41.445+0700] {processor.py:183} INFO - Processing /mnt/d/Programming/Vietnamese-Text-Generator/airflow_env/lib/python3.10/site-packages/airflow/example_dags/example_trigger_controller_dag.py took 0.159 seconds
[2024-05-23T16:55:48.079+0700] {processor.py:161} INFO - Started process (PID=22540) to work on /mnt/d/Programming/Vietnamese-Text-Generator/airflow_env/lib/python3.10/site-packages/airflow/example_dags/example_trigger_controller_dag.py
[2024-05-23T16:55:48.082+0700] {processor.py:830} INFO - Processing file /mnt/d/Programming/Vietnamese-Text-Generator/airflow_env/lib/python3.10/site-packages/airflow/example_dags/example_trigger_controller_dag.py for tasks to queue
[2024-05-23T16:55:48.084+0700] {logging_mixin.py:188} INFO - [2024-05-23T16:55:48.083+0700] {dagbag.py:540} INFO - Filling up the DagBag from /mnt/d/Programming/Vietnamese-Text-Generator/airflow_env/lib/python3.10/site-packages/airflow/example_dags/example_trigger_controller_dag.py
[2024-05-23T16:55:48.103+0700] {processor.py:840} INFO - DAG(s) 'example_trigger_controller_dag' retrieved from /mnt/d/Programming/Vietnamese-Text-Generator/airflow_env/lib/python3.10/site-packages/airflow/example_dags/example_trigger_controller_dag.py
[2024-05-23T16:55:48.134+0700] {logging_mixin.py:188} INFO - [2024-05-23T16:55:48.132+0700] {dag.py:3096} INFO - Sync 1 DAGs
[2024-05-23T16:55:48.159+0700] {logging_mixin.py:188} INFO - [2024-05-23T16:55:48.158+0700] {dag.py:3954} INFO - Setting next_dagrun for example_trigger_controller_dag to 2021-01-01 00:00:00+00:00, run_after=2021-01-01 00:00:00+00:00
[2024-05-23T16:55:48.217+0700] {processor.py:183} INFO - Processing /mnt/d/Programming/Vietnamese-Text-Generator/airflow_env/lib/python3.10/site-packages/airflow/example_dags/example_trigger_controller_dag.py took 0.149 seconds
[2024-05-23T16:56:57.434+0700] {processor.py:161} INFO - Started process (PID=22864) to work on /mnt/d/Programming/Vietnamese-Text-Generator/airflow_env/lib/python3.10/site-packages/airflow/example_dags/example_trigger_controller_dag.py
[2024-05-23T16:56:57.436+0700] {processor.py:830} INFO - Processing file /mnt/d/Programming/Vietnamese-Text-Generator/airflow_env/lib/python3.10/site-packages/airflow/example_dags/example_trigger_controller_dag.py for tasks to queue
[2024-05-23T16:56:57.440+0700] {logging_mixin.py:188} INFO - [2024-05-23T16:56:57.438+0700] {dagbag.py:540} INFO - Filling up the DagBag from /mnt/d/Programming/Vietnamese-Text-Generator/airflow_env/lib/python3.10/site-packages/airflow/example_dags/example_trigger_controller_dag.py
[2024-05-23T16:56:57.461+0700] {processor.py:840} INFO - DAG(s) 'example_trigger_controller_dag' retrieved from /mnt/d/Programming/Vietnamese-Text-Generator/airflow_env/lib/python3.10/site-packages/airflow/example_dags/example_trigger_controller_dag.py
[2024-05-23T16:56:57.494+0700] {logging_mixin.py:188} INFO - [2024-05-23T16:56:57.493+0700] {dag.py:3096} INFO - Sync 1 DAGs
[2024-05-23T16:56:57.518+0700] {logging_mixin.py:188} INFO - [2024-05-23T16:56:57.517+0700] {dag.py:3954} INFO - Setting next_dagrun for example_trigger_controller_dag to 2021-01-01 00:00:00+00:00, run_after=2021-01-01 00:00:00+00:00
[2024-05-23T16:56:57.576+0700] {processor.py:183} INFO - Processing /mnt/d/Programming/Vietnamese-Text-Generator/airflow_env/lib/python3.10/site-packages/airflow/example_dags/example_trigger_controller_dag.py took 0.154 seconds
[2024-05-23T16:58:04.951+0700] {processor.py:161} INFO - Started process (PID=23180) to work on /mnt/d/Programming/Vietnamese-Text-Generator/airflow_env/lib/python3.10/site-packages/airflow/example_dags/example_trigger_controller_dag.py
[2024-05-23T16:58:04.954+0700] {processor.py:830} INFO - Processing file /mnt/d/Programming/Vietnamese-Text-Generator/airflow_env/lib/python3.10/site-packages/airflow/example_dags/example_trigger_controller_dag.py for tasks to queue
[2024-05-23T16:58:04.959+0700] {logging_mixin.py:188} INFO - [2024-05-23T16:58:04.957+0700] {dagbag.py:540} INFO - Filling up the DagBag from /mnt/d/Programming/Vietnamese-Text-Generator/airflow_env/lib/python3.10/site-packages/airflow/example_dags/example_trigger_controller_dag.py
[2024-05-23T16:58:04.980+0700] {processor.py:840} INFO - DAG(s) 'example_trigger_controller_dag' retrieved from /mnt/d/Programming/Vietnamese-Text-Generator/airflow_env/lib/python3.10/site-packages/airflow/example_dags/example_trigger_controller_dag.py
[2024-05-23T16:58:05.011+0700] {logging_mixin.py:188} INFO - [2024-05-23T16:58:05.010+0700] {dag.py:3096} INFO - Sync 1 DAGs
[2024-05-23T16:58:05.034+0700] {logging_mixin.py:188} INFO - [2024-05-23T16:58:05.033+0700] {dag.py:3954} INFO - Setting next_dagrun for example_trigger_controller_dag to 2021-01-01 00:00:00+00:00, run_after=2021-01-01 00:00:00+00:00
[2024-05-23T16:58:05.103+0700] {processor.py:183} INFO - Processing /mnt/d/Programming/Vietnamese-Text-Generator/airflow_env/lib/python3.10/site-packages/airflow/example_dags/example_trigger_controller_dag.py took 0.170 seconds
[2024-05-23T16:59:14.036+0700] {processor.py:161} INFO - Started process (PID=23504) to work on /mnt/d/Programming/Vietnamese-Text-Generator/airflow_env/lib/python3.10/site-packages/airflow/example_dags/example_trigger_controller_dag.py
[2024-05-23T16:59:14.039+0700] {processor.py:830} INFO - Processing file /mnt/d/Programming/Vietnamese-Text-Generator/airflow_env/lib/python3.10/site-packages/airflow/example_dags/example_trigger_controller_dag.py for tasks to queue
[2024-05-23T16:59:14.042+0700] {logging_mixin.py:188} INFO - [2024-05-23T16:59:14.041+0700] {dagbag.py:540} INFO - Filling up the DagBag from /mnt/d/Programming/Vietnamese-Text-Generator/airflow_env/lib/python3.10/site-packages/airflow/example_dags/example_trigger_controller_dag.py
[2024-05-23T16:59:14.059+0700] {processor.py:840} INFO - DAG(s) 'example_trigger_controller_dag' retrieved from /mnt/d/Programming/Vietnamese-Text-Generator/airflow_env/lib/python3.10/site-packages/airflow/example_dags/example_trigger_controller_dag.py
[2024-05-23T16:59:14.087+0700] {logging_mixin.py:188} INFO - [2024-05-23T16:59:14.086+0700] {dag.py:3096} INFO - Sync 1 DAGs
[2024-05-23T16:59:14.112+0700] {logging_mixin.py:188} INFO - [2024-05-23T16:59:14.111+0700] {dag.py:3954} INFO - Setting next_dagrun for example_trigger_controller_dag to 2021-01-01 00:00:00+00:00, run_after=2021-01-01 00:00:00+00:00
[2024-05-23T16:59:14.161+0700] {processor.py:183} INFO - Processing /mnt/d/Programming/Vietnamese-Text-Generator/airflow_env/lib/python3.10/site-packages/airflow/example_dags/example_trigger_controller_dag.py took 0.135 seconds
[2024-05-23T17:00:24.928+0700] {processor.py:161} INFO - Started process (PID=23834) to work on /mnt/d/Programming/Vietnamese-Text-Generator/airflow_env/lib/python3.10/site-packages/airflow/example_dags/example_trigger_controller_dag.py
[2024-05-23T17:00:24.930+0700] {processor.py:830} INFO - Processing file /mnt/d/Programming/Vietnamese-Text-Generator/airflow_env/lib/python3.10/site-packages/airflow/example_dags/example_trigger_controller_dag.py for tasks to queue
[2024-05-23T17:00:24.932+0700] {logging_mixin.py:188} INFO - [2024-05-23T17:00:24.931+0700] {dagbag.py:540} INFO - Filling up the DagBag from /mnt/d/Programming/Vietnamese-Text-Generator/airflow_env/lib/python3.10/site-packages/airflow/example_dags/example_trigger_controller_dag.py
[2024-05-23T17:00:24.951+0700] {processor.py:840} INFO - DAG(s) 'example_trigger_controller_dag' retrieved from /mnt/d/Programming/Vietnamese-Text-Generator/airflow_env/lib/python3.10/site-packages/airflow/example_dags/example_trigger_controller_dag.py
[2024-05-23T17:00:24.984+0700] {logging_mixin.py:188} INFO - [2024-05-23T17:00:24.982+0700] {dag.py:3096} INFO - Sync 1 DAGs
[2024-05-23T17:00:25.012+0700] {logging_mixin.py:188} INFO - [2024-05-23T17:00:25.010+0700] {dag.py:3954} INFO - Setting next_dagrun for example_trigger_controller_dag to 2021-01-01 00:00:00+00:00, run_after=2021-01-01 00:00:00+00:00
[2024-05-23T17:00:25.081+0700] {processor.py:183} INFO - Processing /mnt/d/Programming/Vietnamese-Text-Generator/airflow_env/lib/python3.10/site-packages/airflow/example_dags/example_trigger_controller_dag.py took 0.166 seconds
[2024-05-23T17:01:33.153+0700] {processor.py:161} INFO - Started process (PID=24151) to work on /mnt/d/Programming/Vietnamese-Text-Generator/airflow_env/lib/python3.10/site-packages/airflow/example_dags/example_trigger_controller_dag.py
[2024-05-23T17:01:33.154+0700] {processor.py:830} INFO - Processing file /mnt/d/Programming/Vietnamese-Text-Generator/airflow_env/lib/python3.10/site-packages/airflow/example_dags/example_trigger_controller_dag.py for tasks to queue
[2024-05-23T17:01:33.156+0700] {logging_mixin.py:188} INFO - [2024-05-23T17:01:33.155+0700] {dagbag.py:540} INFO - Filling up the DagBag from /mnt/d/Programming/Vietnamese-Text-Generator/airflow_env/lib/python3.10/site-packages/airflow/example_dags/example_trigger_controller_dag.py
[2024-05-23T17:01:33.177+0700] {processor.py:840} INFO - DAG(s) 'example_trigger_controller_dag' retrieved from /mnt/d/Programming/Vietnamese-Text-Generator/airflow_env/lib/python3.10/site-packages/airflow/example_dags/example_trigger_controller_dag.py
[2024-05-23T17:01:33.208+0700] {logging_mixin.py:188} INFO - [2024-05-23T17:01:33.206+0700] {dag.py:3096} INFO - Sync 1 DAGs
[2024-05-23T17:01:33.235+0700] {logging_mixin.py:188} INFO - [2024-05-23T17:01:33.234+0700] {dag.py:3954} INFO - Setting next_dagrun for example_trigger_controller_dag to 2021-01-01 00:00:00+00:00, run_after=2021-01-01 00:00:00+00:00
[2024-05-23T17:01:33.289+0700] {processor.py:183} INFO - Processing /mnt/d/Programming/Vietnamese-Text-Generator/airflow_env/lib/python3.10/site-packages/airflow/example_dags/example_trigger_controller_dag.py took 0.147 seconds
[2024-05-23T17:02:44.844+0700] {processor.py:161} INFO - Started process (PID=24484) to work on /mnt/d/Programming/Vietnamese-Text-Generator/airflow_env/lib/python3.10/site-packages/airflow/example_dags/example_trigger_controller_dag.py
[2024-05-23T17:02:44.846+0700] {processor.py:830} INFO - Processing file /mnt/d/Programming/Vietnamese-Text-Generator/airflow_env/lib/python3.10/site-packages/airflow/example_dags/example_trigger_controller_dag.py for tasks to queue
[2024-05-23T17:02:44.849+0700] {logging_mixin.py:188} INFO - [2024-05-23T17:02:44.848+0700] {dagbag.py:540} INFO - Filling up the DagBag from /mnt/d/Programming/Vietnamese-Text-Generator/airflow_env/lib/python3.10/site-packages/airflow/example_dags/example_trigger_controller_dag.py
[2024-05-23T17:02:44.866+0700] {processor.py:840} INFO - DAG(s) 'example_trigger_controller_dag' retrieved from /mnt/d/Programming/Vietnamese-Text-Generator/airflow_env/lib/python3.10/site-packages/airflow/example_dags/example_trigger_controller_dag.py
[2024-05-23T17:02:44.897+0700] {logging_mixin.py:188} INFO - [2024-05-23T17:02:44.896+0700] {dag.py:3096} INFO - Sync 1 DAGs
[2024-05-23T17:02:44.924+0700] {logging_mixin.py:188} INFO - [2024-05-23T17:02:44.923+0700] {dag.py:3954} INFO - Setting next_dagrun for example_trigger_controller_dag to 2021-01-01 00:00:00+00:00, run_after=2021-01-01 00:00:00+00:00
[2024-05-23T17:02:44.978+0700] {processor.py:183} INFO - Processing /mnt/d/Programming/Vietnamese-Text-Generator/airflow_env/lib/python3.10/site-packages/airflow/example_dags/example_trigger_controller_dag.py took 0.146 seconds
[2024-05-23T17:03:51.238+0700] {processor.py:161} INFO - Started process (PID=24794) to work on /mnt/d/Programming/Vietnamese-Text-Generator/airflow_env/lib/python3.10/site-packages/airflow/example_dags/example_trigger_controller_dag.py
[2024-05-23T17:03:51.240+0700] {processor.py:830} INFO - Processing file /mnt/d/Programming/Vietnamese-Text-Generator/airflow_env/lib/python3.10/site-packages/airflow/example_dags/example_trigger_controller_dag.py for tasks to queue
[2024-05-23T17:03:51.242+0700] {logging_mixin.py:188} INFO - [2024-05-23T17:03:51.241+0700] {dagbag.py:540} INFO - Filling up the DagBag from /mnt/d/Programming/Vietnamese-Text-Generator/airflow_env/lib/python3.10/site-packages/airflow/example_dags/example_trigger_controller_dag.py
[2024-05-23T17:03:51.257+0700] {processor.py:840} INFO - DAG(s) 'example_trigger_controller_dag' retrieved from /mnt/d/Programming/Vietnamese-Text-Generator/airflow_env/lib/python3.10/site-packages/airflow/example_dags/example_trigger_controller_dag.py
[2024-05-23T17:03:51.285+0700] {logging_mixin.py:188} INFO - [2024-05-23T17:03:51.284+0700] {dag.py:3096} INFO - Sync 1 DAGs
[2024-05-23T17:03:51.310+0700] {logging_mixin.py:188} INFO - [2024-05-23T17:03:51.309+0700] {dag.py:3954} INFO - Setting next_dagrun for example_trigger_controller_dag to 2021-01-01 00:00:00+00:00, run_after=2021-01-01 00:00:00+00:00
[2024-05-23T17:03:51.370+0700] {processor.py:183} INFO - Processing /mnt/d/Programming/Vietnamese-Text-Generator/airflow_env/lib/python3.10/site-packages/airflow/example_dags/example_trigger_controller_dag.py took 0.143 seconds
