[2024-05-23T15:43:05.715+0700] {processor.py:161} INFO - Started process (PID=1193) to work on /mnt/d/Programming/Vietnamese-Text-Generator/airflow_env/lib/python3.10/site-packages/airflow/example_dags/example_nested_branch_dag.py
[2024-05-23T15:43:05.716+0700] {processor.py:830} INFO - Processing file /mnt/d/Programming/Vietnamese-Text-Generator/airflow_env/lib/python3.10/site-packages/airflow/example_dags/example_nested_branch_dag.py for tasks to queue
[2024-05-23T15:43:05.719+0700] {logging_mixin.py:188} INFO - [2024-05-23T15:43:05.718+0700] {dagbag.py:540} INFO - Filling up the DagBag from /mnt/d/Programming/Vietnamese-Text-Generator/airflow_env/lib/python3.10/site-packages/airflow/example_dags/example_nested_branch_dag.py
[2024-05-23T15:43:05.747+0700] {processor.py:840} INFO - DAG(s) 'example_nested_branch_dag' retrieved from /mnt/d/Programming/Vietnamese-Text-Generator/airflow_env/lib/python3.10/site-packages/airflow/example_dags/example_nested_branch_dag.py
[2024-05-23T15:43:05.785+0700] {logging_mixin.py:188} INFO - [2024-05-23T15:43:05.784+0700] {dag.py:3096} INFO - Sync 1 DAGs
[2024-05-23T15:43:05.814+0700] {logging_mixin.py:188} INFO - [2024-05-23T15:43:05.813+0700] {dag.py:3954} INFO - Setting next_dagrun for example_nested_branch_dag to 2024-05-22 00:00:00+00:00, run_after=2024-05-23 00:00:00+00:00
[2024-05-23T15:43:05.876+0700] {processor.py:183} INFO - Processing /mnt/d/Programming/Vietnamese-Text-Generator/airflow_env/lib/python3.10/site-packages/airflow/example_dags/example_nested_branch_dag.py took 0.172 seconds
[2024-05-23T15:44:19.695+0700] {processor.py:161} INFO - Started process (PID=1551) to work on /mnt/d/Programming/Vietnamese-Text-Generator/airflow_env/lib/python3.10/site-packages/airflow/example_dags/example_nested_branch_dag.py
[2024-05-23T15:44:19.704+0700] {processor.py:830} INFO - Processing file /mnt/d/Programming/Vietnamese-Text-Generator/airflow_env/lib/python3.10/site-packages/airflow/example_dags/example_nested_branch_dag.py for tasks to queue
[2024-05-23T15:44:19.714+0700] {logging_mixin.py:188} INFO - [2024-05-23T15:44:19.713+0700] {dagbag.py:540} INFO - Filling up the DagBag from /mnt/d/Programming/Vietnamese-Text-Generator/airflow_env/lib/python3.10/site-packages/airflow/example_dags/example_nested_branch_dag.py
[2024-05-23T15:44:19.814+0700] {processor.py:840} INFO - DAG(s) 'example_nested_branch_dag' retrieved from /mnt/d/Programming/Vietnamese-Text-Generator/airflow_env/lib/python3.10/site-packages/airflow/example_dags/example_nested_branch_dag.py
[2024-05-23T15:44:19.927+0700] {logging_mixin.py:188} INFO - [2024-05-23T15:44:19.914+0700] {dag.py:3096} INFO - Sync 1 DAGs
[2024-05-23T15:44:20.018+0700] {logging_mixin.py:188} INFO - [2024-05-23T15:44:20.014+0700] {dag.py:3954} INFO - Setting next_dagrun for example_nested_branch_dag to 2024-05-22 00:00:00+00:00, run_after=2024-05-23 00:00:00+00:00
[2024-05-23T15:44:20.382+0700] {processor.py:183} INFO - Processing /mnt/d/Programming/Vietnamese-Text-Generator/airflow_env/lib/python3.10/site-packages/airflow/example_dags/example_nested_branch_dag.py took 0.757 seconds
[2024-05-23T15:45:30.720+0700] {processor.py:161} INFO - Started process (PID=1899) to work on /mnt/d/Programming/Vietnamese-Text-Generator/airflow_env/lib/python3.10/site-packages/airflow/example_dags/example_nested_branch_dag.py
[2024-05-23T15:45:30.721+0700] {processor.py:830} INFO - Processing file /mnt/d/Programming/Vietnamese-Text-Generator/airflow_env/lib/python3.10/site-packages/airflow/example_dags/example_nested_branch_dag.py for tasks to queue
[2024-05-23T15:45:30.724+0700] {logging_mixin.py:188} INFO - [2024-05-23T15:45:30.723+0700] {dagbag.py:540} INFO - Filling up the DagBag from /mnt/d/Programming/Vietnamese-Text-Generator/airflow_env/lib/python3.10/site-packages/airflow/example_dags/example_nested_branch_dag.py
[2024-05-23T15:45:30.763+0700] {processor.py:840} INFO - DAG(s) 'example_nested_branch_dag' retrieved from /mnt/d/Programming/Vietnamese-Text-Generator/airflow_env/lib/python3.10/site-packages/airflow/example_dags/example_nested_branch_dag.py
[2024-05-23T15:45:30.792+0700] {logging_mixin.py:188} INFO - [2024-05-23T15:45:30.791+0700] {dag.py:3096} INFO - Sync 1 DAGs
[2024-05-23T15:45:30.823+0700] {logging_mixin.py:188} INFO - [2024-05-23T15:45:30.822+0700] {dag.py:3954} INFO - Setting next_dagrun for example_nested_branch_dag to 2024-05-22 00:00:00+00:00, run_after=2024-05-23 00:00:00+00:00
[2024-05-23T15:45:30.880+0700] {processor.py:183} INFO - Processing /mnt/d/Programming/Vietnamese-Text-Generator/airflow_env/lib/python3.10/site-packages/airflow/example_dags/example_nested_branch_dag.py took 0.172 seconds
[2024-05-23T15:46:44.254+0700] {processor.py:161} INFO - Started process (PID=2602) to work on /mnt/d/Programming/Vietnamese-Text-Generator/airflow_env/lib/python3.10/site-packages/airflow/example_dags/example_nested_branch_dag.py
[2024-05-23T15:46:44.257+0700] {processor.py:830} INFO - Processing file /mnt/d/Programming/Vietnamese-Text-Generator/airflow_env/lib/python3.10/site-packages/airflow/example_dags/example_nested_branch_dag.py for tasks to queue
[2024-05-23T15:46:44.263+0700] {logging_mixin.py:188} INFO - [2024-05-23T15:46:44.261+0700] {dagbag.py:540} INFO - Filling up the DagBag from /mnt/d/Programming/Vietnamese-Text-Generator/airflow_env/lib/python3.10/site-packages/airflow/example_dags/example_nested_branch_dag.py
[2024-05-23T15:46:44.302+0700] {processor.py:840} INFO - DAG(s) 'example_nested_branch_dag' retrieved from /mnt/d/Programming/Vietnamese-Text-Generator/airflow_env/lib/python3.10/site-packages/airflow/example_dags/example_nested_branch_dag.py
[2024-05-23T15:46:44.335+0700] {logging_mixin.py:188} INFO - [2024-05-23T15:46:44.334+0700] {dag.py:3096} INFO - Sync 1 DAGs
[2024-05-23T15:46:44.368+0700] {logging_mixin.py:188} INFO - [2024-05-23T15:46:44.367+0700] {dag.py:3954} INFO - Setting next_dagrun for example_nested_branch_dag to 2024-05-22 00:00:00+00:00, run_after=2024-05-23 00:00:00+00:00
[2024-05-23T15:46:44.448+0700] {processor.py:183} INFO - Processing /mnt/d/Programming/Vietnamese-Text-Generator/airflow_env/lib/python3.10/site-packages/airflow/example_dags/example_nested_branch_dag.py took 0.209 seconds
[2024-05-23T15:47:48.727+0700] {processor.py:161} INFO - Started process (PID=2909) to work on /mnt/d/Programming/Vietnamese-Text-Generator/airflow_env/lib/python3.10/site-packages/airflow/example_dags/example_nested_branch_dag.py
[2024-05-23T15:47:48.728+0700] {processor.py:830} INFO - Processing file /mnt/d/Programming/Vietnamese-Text-Generator/airflow_env/lib/python3.10/site-packages/airflow/example_dags/example_nested_branch_dag.py for tasks to queue
[2024-05-23T15:47:48.732+0700] {logging_mixin.py:188} INFO - [2024-05-23T15:47:48.731+0700] {dagbag.py:540} INFO - Filling up the DagBag from /mnt/d/Programming/Vietnamese-Text-Generator/airflow_env/lib/python3.10/site-packages/airflow/example_dags/example_nested_branch_dag.py
[2024-05-23T15:47:48.763+0700] {processor.py:840} INFO - DAG(s) 'example_nested_branch_dag' retrieved from /mnt/d/Programming/Vietnamese-Text-Generator/airflow_env/lib/python3.10/site-packages/airflow/example_dags/example_nested_branch_dag.py
[2024-05-23T15:47:48.800+0700] {logging_mixin.py:188} INFO - [2024-05-23T15:47:48.799+0700] {dag.py:3096} INFO - Sync 1 DAGs
[2024-05-23T15:47:48.834+0700] {logging_mixin.py:188} INFO - [2024-05-23T15:47:48.832+0700] {dag.py:3954} INFO - Setting next_dagrun for example_nested_branch_dag to 2024-05-22 00:00:00+00:00, run_after=2024-05-23 00:00:00+00:00
[2024-05-23T15:47:48.912+0700] {processor.py:183} INFO - Processing /mnt/d/Programming/Vietnamese-Text-Generator/airflow_env/lib/python3.10/site-packages/airflow/example_dags/example_nested_branch_dag.py took 0.196 seconds
[2024-05-23T15:55:05.105+0700] {processor.py:161} INFO - Started process (PID=4765) to work on /mnt/d/Programming/Vietnamese-Text-Generator/airflow_env/lib/python3.10/site-packages/airflow/example_dags/example_nested_branch_dag.py
[2024-05-23T15:55:05.106+0700] {processor.py:830} INFO - Processing file /mnt/d/Programming/Vietnamese-Text-Generator/airflow_env/lib/python3.10/site-packages/airflow/example_dags/example_nested_branch_dag.py for tasks to queue
[2024-05-23T15:55:05.108+0700] {logging_mixin.py:188} INFO - [2024-05-23T15:55:05.107+0700] {dagbag.py:540} INFO - Filling up the DagBag from /mnt/d/Programming/Vietnamese-Text-Generator/airflow_env/lib/python3.10/site-packages/airflow/example_dags/example_nested_branch_dag.py
[2024-05-23T15:55:05.131+0700] {processor.py:840} INFO - DAG(s) 'example_nested_branch_dag' retrieved from /mnt/d/Programming/Vietnamese-Text-Generator/airflow_env/lib/python3.10/site-packages/airflow/example_dags/example_nested_branch_dag.py
[2024-05-23T15:55:05.169+0700] {logging_mixin.py:188} INFO - [2024-05-23T15:55:05.168+0700] {dag.py:3096} INFO - Sync 1 DAGs
[2024-05-23T15:55:05.196+0700] {logging_mixin.py:188} INFO - [2024-05-23T15:55:05.195+0700] {dag.py:3954} INFO - Setting next_dagrun for example_nested_branch_dag to 2024-05-22 00:00:00+00:00, run_after=2024-05-23 00:00:00+00:00
[2024-05-23T15:55:05.264+0700] {processor.py:183} INFO - Processing /mnt/d/Programming/Vietnamese-Text-Generator/airflow_env/lib/python3.10/site-packages/airflow/example_dags/example_nested_branch_dag.py took 0.171 seconds
[2024-05-23T15:56:18.586+0700] {processor.py:161} INFO - Started process (PID=5113) to work on /mnt/d/Programming/Vietnamese-Text-Generator/airflow_env/lib/python3.10/site-packages/airflow/example_dags/example_nested_branch_dag.py
[2024-05-23T15:56:18.589+0700] {processor.py:830} INFO - Processing file /mnt/d/Programming/Vietnamese-Text-Generator/airflow_env/lib/python3.10/site-packages/airflow/example_dags/example_nested_branch_dag.py for tasks to queue
[2024-05-23T15:56:18.592+0700] {logging_mixin.py:188} INFO - [2024-05-23T15:56:18.590+0700] {dagbag.py:540} INFO - Filling up the DagBag from /mnt/d/Programming/Vietnamese-Text-Generator/airflow_env/lib/python3.10/site-packages/airflow/example_dags/example_nested_branch_dag.py
[2024-05-23T15:56:18.636+0700] {processor.py:840} INFO - DAG(s) 'example_nested_branch_dag' retrieved from /mnt/d/Programming/Vietnamese-Text-Generator/airflow_env/lib/python3.10/site-packages/airflow/example_dags/example_nested_branch_dag.py
[2024-05-23T15:56:18.668+0700] {logging_mixin.py:188} INFO - [2024-05-23T15:56:18.667+0700] {dag.py:3096} INFO - Sync 1 DAGs
[2024-05-23T15:56:18.693+0700] {logging_mixin.py:188} INFO - [2024-05-23T15:56:18.692+0700] {dag.py:3954} INFO - Setting next_dagrun for example_nested_branch_dag to 2024-05-22 00:00:00+00:00, run_after=2024-05-23 00:00:00+00:00
[2024-05-23T15:56:18.758+0700] {processor.py:183} INFO - Processing /mnt/d/Programming/Vietnamese-Text-Generator/airflow_env/lib/python3.10/site-packages/airflow/example_dags/example_nested_branch_dag.py took 0.197 seconds
[2024-05-23T15:57:27.520+0700] {processor.py:161} INFO - Started process (PID=5440) to work on /mnt/d/Programming/Vietnamese-Text-Generator/airflow_env/lib/python3.10/site-packages/airflow/example_dags/example_nested_branch_dag.py
[2024-05-23T15:57:27.522+0700] {processor.py:830} INFO - Processing file /mnt/d/Programming/Vietnamese-Text-Generator/airflow_env/lib/python3.10/site-packages/airflow/example_dags/example_nested_branch_dag.py for tasks to queue
[2024-05-23T15:57:27.525+0700] {logging_mixin.py:188} INFO - [2024-05-23T15:57:27.523+0700] {dagbag.py:540} INFO - Filling up the DagBag from /mnt/d/Programming/Vietnamese-Text-Generator/airflow_env/lib/python3.10/site-packages/airflow/example_dags/example_nested_branch_dag.py
[2024-05-23T15:57:27.551+0700] {processor.py:840} INFO - DAG(s) 'example_nested_branch_dag' retrieved from /mnt/d/Programming/Vietnamese-Text-Generator/airflow_env/lib/python3.10/site-packages/airflow/example_dags/example_nested_branch_dag.py
[2024-05-23T15:57:27.579+0700] {logging_mixin.py:188} INFO - [2024-05-23T15:57:27.578+0700] {dag.py:3096} INFO - Sync 1 DAGs
[2024-05-23T15:57:27.610+0700] {logging_mixin.py:188} INFO - [2024-05-23T15:57:27.609+0700] {dag.py:3954} INFO - Setting next_dagrun for example_nested_branch_dag to 2024-05-22 00:00:00+00:00, run_after=2024-05-23 00:00:00+00:00
[2024-05-23T15:57:27.666+0700] {processor.py:183} INFO - Processing /mnt/d/Programming/Vietnamese-Text-Generator/airflow_env/lib/python3.10/site-packages/airflow/example_dags/example_nested_branch_dag.py took 0.162 seconds
[2024-05-23T15:58:35.207+0700] {processor.py:161} INFO - Started process (PID=5758) to work on /mnt/d/Programming/Vietnamese-Text-Generator/airflow_env/lib/python3.10/site-packages/airflow/example_dags/example_nested_branch_dag.py
[2024-05-23T15:58:35.209+0700] {processor.py:830} INFO - Processing file /mnt/d/Programming/Vietnamese-Text-Generator/airflow_env/lib/python3.10/site-packages/airflow/example_dags/example_nested_branch_dag.py for tasks to queue
[2024-05-23T15:58:35.211+0700] {logging_mixin.py:188} INFO - [2024-05-23T15:58:35.210+0700] {dagbag.py:540} INFO - Filling up the DagBag from /mnt/d/Programming/Vietnamese-Text-Generator/airflow_env/lib/python3.10/site-packages/airflow/example_dags/example_nested_branch_dag.py
[2024-05-23T15:58:35.239+0700] {processor.py:840} INFO - DAG(s) 'example_nested_branch_dag' retrieved from /mnt/d/Programming/Vietnamese-Text-Generator/airflow_env/lib/python3.10/site-packages/airflow/example_dags/example_nested_branch_dag.py
[2024-05-23T15:58:35.269+0700] {logging_mixin.py:188} INFO - [2024-05-23T15:58:35.268+0700] {dag.py:3096} INFO - Sync 1 DAGs
[2024-05-23T15:58:35.294+0700] {logging_mixin.py:188} INFO - [2024-05-23T15:58:35.293+0700] {dag.py:3954} INFO - Setting next_dagrun for example_nested_branch_dag to 2024-05-22 00:00:00+00:00, run_after=2024-05-23 00:00:00+00:00
[2024-05-23T15:58:35.350+0700] {processor.py:183} INFO - Processing /mnt/d/Programming/Vietnamese-Text-Generator/airflow_env/lib/python3.10/site-packages/airflow/example_dags/example_nested_branch_dag.py took 0.156 seconds
[2024-05-23T15:59:49.516+0700] {processor.py:161} INFO - Started process (PID=6104) to work on /mnt/d/Programming/Vietnamese-Text-Generator/airflow_env/lib/python3.10/site-packages/airflow/example_dags/example_nested_branch_dag.py
[2024-05-23T15:59:49.519+0700] {processor.py:830} INFO - Processing file /mnt/d/Programming/Vietnamese-Text-Generator/airflow_env/lib/python3.10/site-packages/airflow/example_dags/example_nested_branch_dag.py for tasks to queue
[2024-05-23T15:59:49.526+0700] {logging_mixin.py:188} INFO - [2024-05-23T15:59:49.523+0700] {dagbag.py:540} INFO - Filling up the DagBag from /mnt/d/Programming/Vietnamese-Text-Generator/airflow_env/lib/python3.10/site-packages/airflow/example_dags/example_nested_branch_dag.py
[2024-05-23T15:59:49.580+0700] {processor.py:840} INFO - DAG(s) 'example_nested_branch_dag' retrieved from /mnt/d/Programming/Vietnamese-Text-Generator/airflow_env/lib/python3.10/site-packages/airflow/example_dags/example_nested_branch_dag.py
[2024-05-23T15:59:49.623+0700] {logging_mixin.py:188} INFO - [2024-05-23T15:59:49.622+0700] {dag.py:3096} INFO - Sync 1 DAGs
[2024-05-23T15:59:49.653+0700] {logging_mixin.py:188} INFO - [2024-05-23T15:59:49.651+0700] {dag.py:3954} INFO - Setting next_dagrun for example_nested_branch_dag to 2024-05-22 00:00:00+00:00, run_after=2024-05-23 00:00:00+00:00
[2024-05-23T15:59:49.709+0700] {processor.py:183} INFO - Processing /mnt/d/Programming/Vietnamese-Text-Generator/airflow_env/lib/python3.10/site-packages/airflow/example_dags/example_nested_branch_dag.py took 0.216 seconds
[2024-05-23T16:00:57.166+0700] {processor.py:161} INFO - Started process (PID=6428) to work on /mnt/d/Programming/Vietnamese-Text-Generator/airflow_env/lib/python3.10/site-packages/airflow/example_dags/example_nested_branch_dag.py
[2024-05-23T16:00:57.167+0700] {processor.py:830} INFO - Processing file /mnt/d/Programming/Vietnamese-Text-Generator/airflow_env/lib/python3.10/site-packages/airflow/example_dags/example_nested_branch_dag.py for tasks to queue
[2024-05-23T16:00:57.170+0700] {logging_mixin.py:188} INFO - [2024-05-23T16:00:57.169+0700] {dagbag.py:540} INFO - Filling up the DagBag from /mnt/d/Programming/Vietnamese-Text-Generator/airflow_env/lib/python3.10/site-packages/airflow/example_dags/example_nested_branch_dag.py
[2024-05-23T16:00:57.198+0700] {processor.py:840} INFO - DAG(s) 'example_nested_branch_dag' retrieved from /mnt/d/Programming/Vietnamese-Text-Generator/airflow_env/lib/python3.10/site-packages/airflow/example_dags/example_nested_branch_dag.py
[2024-05-23T16:00:57.229+0700] {logging_mixin.py:188} INFO - [2024-05-23T16:00:57.228+0700] {dag.py:3096} INFO - Sync 1 DAGs
[2024-05-23T16:00:57.252+0700] {logging_mixin.py:188} INFO - [2024-05-23T16:00:57.251+0700] {dag.py:3954} INFO - Setting next_dagrun for example_nested_branch_dag to 2024-05-22 00:00:00+00:00, run_after=2024-05-23 00:00:00+00:00
[2024-05-23T16:00:57.341+0700] {processor.py:183} INFO - Processing /mnt/d/Programming/Vietnamese-Text-Generator/airflow_env/lib/python3.10/site-packages/airflow/example_dags/example_nested_branch_dag.py took 0.190 seconds
[2024-05-23T16:02:00.943+0700] {processor.py:161} INFO - Started process (PID=6728) to work on /mnt/d/Programming/Vietnamese-Text-Generator/airflow_env/lib/python3.10/site-packages/airflow/example_dags/example_nested_branch_dag.py
[2024-05-23T16:02:00.946+0700] {processor.py:830} INFO - Processing file /mnt/d/Programming/Vietnamese-Text-Generator/airflow_env/lib/python3.10/site-packages/airflow/example_dags/example_nested_branch_dag.py for tasks to queue
[2024-05-23T16:02:00.949+0700] {logging_mixin.py:188} INFO - [2024-05-23T16:02:00.948+0700] {dagbag.py:540} INFO - Filling up the DagBag from /mnt/d/Programming/Vietnamese-Text-Generator/airflow_env/lib/python3.10/site-packages/airflow/example_dags/example_nested_branch_dag.py
[2024-05-23T16:02:00.982+0700] {processor.py:840} INFO - DAG(s) 'example_nested_branch_dag' retrieved from /mnt/d/Programming/Vietnamese-Text-Generator/airflow_env/lib/python3.10/site-packages/airflow/example_dags/example_nested_branch_dag.py
[2024-05-23T16:02:01.005+0700] {logging_mixin.py:188} INFO - [2024-05-23T16:02:01.005+0700] {dag.py:3096} INFO - Sync 1 DAGs
[2024-05-23T16:02:01.027+0700] {logging_mixin.py:188} INFO - [2024-05-23T16:02:01.027+0700] {dag.py:3954} INFO - Setting next_dagrun for example_nested_branch_dag to 2024-05-22 00:00:00+00:00, run_after=2024-05-23 00:00:00+00:00
[2024-05-23T16:02:01.076+0700] {processor.py:183} INFO - Processing /mnt/d/Programming/Vietnamese-Text-Generator/airflow_env/lib/python3.10/site-packages/airflow/example_dags/example_nested_branch_dag.py took 0.149 seconds
[2024-05-23T16:03:13.146+0700] {processor.py:161} INFO - Started process (PID=7068) to work on /mnt/d/Programming/Vietnamese-Text-Generator/airflow_env/lib/python3.10/site-packages/airflow/example_dags/example_nested_branch_dag.py
[2024-05-23T16:03:13.148+0700] {processor.py:830} INFO - Processing file /mnt/d/Programming/Vietnamese-Text-Generator/airflow_env/lib/python3.10/site-packages/airflow/example_dags/example_nested_branch_dag.py for tasks to queue
[2024-05-23T16:03:13.152+0700] {logging_mixin.py:188} INFO - [2024-05-23T16:03:13.150+0700] {dagbag.py:540} INFO - Filling up the DagBag from /mnt/d/Programming/Vietnamese-Text-Generator/airflow_env/lib/python3.10/site-packages/airflow/example_dags/example_nested_branch_dag.py
[2024-05-23T16:03:13.185+0700] {processor.py:840} INFO - DAG(s) 'example_nested_branch_dag' retrieved from /mnt/d/Programming/Vietnamese-Text-Generator/airflow_env/lib/python3.10/site-packages/airflow/example_dags/example_nested_branch_dag.py
[2024-05-23T16:03:13.212+0700] {logging_mixin.py:188} INFO - [2024-05-23T16:03:13.211+0700] {dag.py:3096} INFO - Sync 1 DAGs
[2024-05-23T16:03:13.235+0700] {logging_mixin.py:188} INFO - [2024-05-23T16:03:13.234+0700] {dag.py:3954} INFO - Setting next_dagrun for example_nested_branch_dag to 2024-05-22 00:00:00+00:00, run_after=2024-05-23 00:00:00+00:00
[2024-05-23T16:03:13.287+0700] {processor.py:183} INFO - Processing /mnt/d/Programming/Vietnamese-Text-Generator/airflow_env/lib/python3.10/site-packages/airflow/example_dags/example_nested_branch_dag.py took 0.157 seconds
[2024-05-23T16:35:23.440+0700] {processor.py:161} INFO - Started process (PID=17149) to work on /mnt/d/Programming/Vietnamese-Text-Generator/airflow_env/lib/python3.10/site-packages/airflow/example_dags/example_nested_branch_dag.py
[2024-05-23T16:35:23.442+0700] {processor.py:830} INFO - Processing file /mnt/d/Programming/Vietnamese-Text-Generator/airflow_env/lib/python3.10/site-packages/airflow/example_dags/example_nested_branch_dag.py for tasks to queue
[2024-05-23T16:35:23.444+0700] {logging_mixin.py:188} INFO - [2024-05-23T16:35:23.443+0700] {dagbag.py:540} INFO - Filling up the DagBag from /mnt/d/Programming/Vietnamese-Text-Generator/airflow_env/lib/python3.10/site-packages/airflow/example_dags/example_nested_branch_dag.py
[2024-05-23T16:35:23.476+0700] {processor.py:840} INFO - DAG(s) 'example_nested_branch_dag' retrieved from /mnt/d/Programming/Vietnamese-Text-Generator/airflow_env/lib/python3.10/site-packages/airflow/example_dags/example_nested_branch_dag.py
[2024-05-23T16:35:23.521+0700] {logging_mixin.py:188} INFO - [2024-05-23T16:35:23.520+0700] {dag.py:3096} INFO - Sync 1 DAGs
[2024-05-23T16:35:23.549+0700] {logging_mixin.py:188} INFO - [2024-05-23T16:35:23.548+0700] {dag.py:3954} INFO - Setting next_dagrun for example_nested_branch_dag to 2024-05-22 00:00:00+00:00, run_after=2024-05-23 00:00:00+00:00
[2024-05-23T16:35:23.631+0700] {processor.py:183} INFO - Processing /mnt/d/Programming/Vietnamese-Text-Generator/airflow_env/lib/python3.10/site-packages/airflow/example_dags/example_nested_branch_dag.py took 0.205 seconds
[2024-05-23T16:36:39.722+0700] {processor.py:161} INFO - Started process (PID=17505) to work on /mnt/d/Programming/Vietnamese-Text-Generator/airflow_env/lib/python3.10/site-packages/airflow/example_dags/example_nested_branch_dag.py
[2024-05-23T16:36:39.723+0700] {processor.py:830} INFO - Processing file /mnt/d/Programming/Vietnamese-Text-Generator/airflow_env/lib/python3.10/site-packages/airflow/example_dags/example_nested_branch_dag.py for tasks to queue
[2024-05-23T16:36:39.725+0700] {logging_mixin.py:188} INFO - [2024-05-23T16:36:39.725+0700] {dagbag.py:540} INFO - Filling up the DagBag from /mnt/d/Programming/Vietnamese-Text-Generator/airflow_env/lib/python3.10/site-packages/airflow/example_dags/example_nested_branch_dag.py
[2024-05-23T16:36:39.750+0700] {processor.py:840} INFO - DAG(s) 'example_nested_branch_dag' retrieved from /mnt/d/Programming/Vietnamese-Text-Generator/airflow_env/lib/python3.10/site-packages/airflow/example_dags/example_nested_branch_dag.py
[2024-05-23T16:36:39.779+0700] {logging_mixin.py:188} INFO - [2024-05-23T16:36:39.778+0700] {dag.py:3096} INFO - Sync 1 DAGs
[2024-05-23T16:36:39.804+0700] {logging_mixin.py:188} INFO - [2024-05-23T16:36:39.803+0700] {dag.py:3954} INFO - Setting next_dagrun for example_nested_branch_dag to 2024-05-22 00:00:00+00:00, run_after=2024-05-23 00:00:00+00:00
[2024-05-23T16:36:39.866+0700] {processor.py:183} INFO - Processing /mnt/d/Programming/Vietnamese-Text-Generator/airflow_env/lib/python3.10/site-packages/airflow/example_dags/example_nested_branch_dag.py took 0.155 seconds
[2024-05-23T16:37:58.215+0700] {processor.py:161} INFO - Started process (PID=17871) to work on /mnt/d/Programming/Vietnamese-Text-Generator/airflow_env/lib/python3.10/site-packages/airflow/example_dags/example_nested_branch_dag.py
[2024-05-23T16:37:58.217+0700] {processor.py:830} INFO - Processing file /mnt/d/Programming/Vietnamese-Text-Generator/airflow_env/lib/python3.10/site-packages/airflow/example_dags/example_nested_branch_dag.py for tasks to queue
[2024-05-23T16:37:58.221+0700] {logging_mixin.py:188} INFO - [2024-05-23T16:37:58.219+0700] {dagbag.py:540} INFO - Filling up the DagBag from /mnt/d/Programming/Vietnamese-Text-Generator/airflow_env/lib/python3.10/site-packages/airflow/example_dags/example_nested_branch_dag.py
[2024-05-23T16:37:58.248+0700] {processor.py:840} INFO - DAG(s) 'example_nested_branch_dag' retrieved from /mnt/d/Programming/Vietnamese-Text-Generator/airflow_env/lib/python3.10/site-packages/airflow/example_dags/example_nested_branch_dag.py
[2024-05-23T16:37:58.280+0700] {logging_mixin.py:188} INFO - [2024-05-23T16:37:58.279+0700] {dag.py:3096} INFO - Sync 1 DAGs
[2024-05-23T16:37:58.307+0700] {logging_mixin.py:188} INFO - [2024-05-23T16:37:58.306+0700] {dag.py:3954} INFO - Setting next_dagrun for example_nested_branch_dag to 2024-05-22 00:00:00+00:00, run_after=2024-05-23 00:00:00+00:00
[2024-05-23T16:37:58.369+0700] {processor.py:183} INFO - Processing /mnt/d/Programming/Vietnamese-Text-Generator/airflow_env/lib/python3.10/site-packages/airflow/example_dags/example_nested_branch_dag.py took 0.168 seconds
[2024-05-23T16:50:13.476+0700] {processor.py:161} INFO - Started process (PID=20981) to work on /mnt/d/Programming/Vietnamese-Text-Generator/airflow_env/lib/python3.10/site-packages/airflow/example_dags/example_nested_branch_dag.py
[2024-05-23T16:50:13.478+0700] {processor.py:830} INFO - Processing file /mnt/d/Programming/Vietnamese-Text-Generator/airflow_env/lib/python3.10/site-packages/airflow/example_dags/example_nested_branch_dag.py for tasks to queue
[2024-05-23T16:50:13.482+0700] {logging_mixin.py:188} INFO - [2024-05-23T16:50:13.480+0700] {dagbag.py:540} INFO - Filling up the DagBag from /mnt/d/Programming/Vietnamese-Text-Generator/airflow_env/lib/python3.10/site-packages/airflow/example_dags/example_nested_branch_dag.py
[2024-05-23T16:50:13.523+0700] {processor.py:840} INFO - DAG(s) 'example_nested_branch_dag' retrieved from /mnt/d/Programming/Vietnamese-Text-Generator/airflow_env/lib/python3.10/site-packages/airflow/example_dags/example_nested_branch_dag.py
[2024-05-23T16:50:13.560+0700] {logging_mixin.py:188} INFO - [2024-05-23T16:50:13.560+0700] {dag.py:3096} INFO - Sync 1 DAGs
[2024-05-23T16:50:13.585+0700] {logging_mixin.py:188} INFO - [2024-05-23T16:50:13.584+0700] {dag.py:3954} INFO - Setting next_dagrun for example_nested_branch_dag to 2024-05-22 00:00:00+00:00, run_after=2024-05-23 00:00:00+00:00
[2024-05-23T16:50:13.657+0700] {processor.py:183} INFO - Processing /mnt/d/Programming/Vietnamese-Text-Generator/airflow_env/lib/python3.10/site-packages/airflow/example_dags/example_nested_branch_dag.py took 0.200 seconds
[2024-05-23T16:51:26.465+0700] {processor.py:161} INFO - Started process (PID=21319) to work on /mnt/d/Programming/Vietnamese-Text-Generator/airflow_env/lib/python3.10/site-packages/airflow/example_dags/example_nested_branch_dag.py
[2024-05-23T16:51:26.467+0700] {processor.py:830} INFO - Processing file /mnt/d/Programming/Vietnamese-Text-Generator/airflow_env/lib/python3.10/site-packages/airflow/example_dags/example_nested_branch_dag.py for tasks to queue
[2024-05-23T16:51:26.469+0700] {logging_mixin.py:188} INFO - [2024-05-23T16:51:26.468+0700] {dagbag.py:540} INFO - Filling up the DagBag from /mnt/d/Programming/Vietnamese-Text-Generator/airflow_env/lib/python3.10/site-packages/airflow/example_dags/example_nested_branch_dag.py
[2024-05-23T16:51:26.496+0700] {processor.py:840} INFO - DAG(s) 'example_nested_branch_dag' retrieved from /mnt/d/Programming/Vietnamese-Text-Generator/airflow_env/lib/python3.10/site-packages/airflow/example_dags/example_nested_branch_dag.py
[2024-05-23T16:51:26.528+0700] {logging_mixin.py:188} INFO - [2024-05-23T16:51:26.527+0700] {dag.py:3096} INFO - Sync 1 DAGs
[2024-05-23T16:51:26.556+0700] {logging_mixin.py:188} INFO - [2024-05-23T16:51:26.555+0700] {dag.py:3954} INFO - Setting next_dagrun for example_nested_branch_dag to 2024-05-22 00:00:00+00:00, run_after=2024-05-23 00:00:00+00:00
[2024-05-23T16:51:26.628+0700] {processor.py:183} INFO - Processing /mnt/d/Programming/Vietnamese-Text-Generator/airflow_env/lib/python3.10/site-packages/airflow/example_dags/example_nested_branch_dag.py took 0.174 seconds
[2024-05-23T16:52:39.154+0700] {processor.py:161} INFO - Started process (PID=21657) to work on /mnt/d/Programming/Vietnamese-Text-Generator/airflow_env/lib/python3.10/site-packages/airflow/example_dags/example_nested_branch_dag.py
[2024-05-23T16:52:39.157+0700] {processor.py:830} INFO - Processing file /mnt/d/Programming/Vietnamese-Text-Generator/airflow_env/lib/python3.10/site-packages/airflow/example_dags/example_nested_branch_dag.py for tasks to queue
[2024-05-23T16:52:39.161+0700] {logging_mixin.py:188} INFO - [2024-05-23T16:52:39.159+0700] {dagbag.py:540} INFO - Filling up the DagBag from /mnt/d/Programming/Vietnamese-Text-Generator/airflow_env/lib/python3.10/site-packages/airflow/example_dags/example_nested_branch_dag.py
[2024-05-23T16:52:39.195+0700] {processor.py:840} INFO - DAG(s) 'example_nested_branch_dag' retrieved from /mnt/d/Programming/Vietnamese-Text-Generator/airflow_env/lib/python3.10/site-packages/airflow/example_dags/example_nested_branch_dag.py
[2024-05-23T16:52:39.230+0700] {logging_mixin.py:188} INFO - [2024-05-23T16:52:39.229+0700] {dag.py:3096} INFO - Sync 1 DAGs
[2024-05-23T16:52:39.261+0700] {logging_mixin.py:188} INFO - [2024-05-23T16:52:39.259+0700] {dag.py:3954} INFO - Setting next_dagrun for example_nested_branch_dag to 2024-05-22 00:00:00+00:00, run_after=2024-05-23 00:00:00+00:00
[2024-05-23T16:52:39.327+0700] {processor.py:183} INFO - Processing /mnt/d/Programming/Vietnamese-Text-Generator/airflow_env/lib/python3.10/site-packages/airflow/example_dags/example_nested_branch_dag.py took 0.187 seconds
[2024-05-23T16:53:52.425+0700] {processor.py:161} INFO - Started process (PID=21997) to work on /mnt/d/Programming/Vietnamese-Text-Generator/airflow_env/lib/python3.10/site-packages/airflow/example_dags/example_nested_branch_dag.py
[2024-05-23T16:53:52.427+0700] {processor.py:830} INFO - Processing file /mnt/d/Programming/Vietnamese-Text-Generator/airflow_env/lib/python3.10/site-packages/airflow/example_dags/example_nested_branch_dag.py for tasks to queue
[2024-05-23T16:53:52.429+0700] {logging_mixin.py:188} INFO - [2024-05-23T16:53:52.428+0700] {dagbag.py:540} INFO - Filling up the DagBag from /mnt/d/Programming/Vietnamese-Text-Generator/airflow_env/lib/python3.10/site-packages/airflow/example_dags/example_nested_branch_dag.py
[2024-05-23T16:53:52.461+0700] {processor.py:840} INFO - DAG(s) 'example_nested_branch_dag' retrieved from /mnt/d/Programming/Vietnamese-Text-Generator/airflow_env/lib/python3.10/site-packages/airflow/example_dags/example_nested_branch_dag.py
[2024-05-23T16:53:52.497+0700] {logging_mixin.py:188} INFO - [2024-05-23T16:53:52.496+0700] {dag.py:3096} INFO - Sync 1 DAGs
[2024-05-23T16:53:52.527+0700] {logging_mixin.py:188} INFO - [2024-05-23T16:53:52.526+0700] {dag.py:3954} INFO - Setting next_dagrun for example_nested_branch_dag to 2024-05-22 00:00:00+00:00, run_after=2024-05-23 00:00:00+00:00
[2024-05-23T16:53:52.596+0700] {processor.py:183} INFO - Processing /mnt/d/Programming/Vietnamese-Text-Generator/airflow_env/lib/python3.10/site-packages/airflow/example_dags/example_nested_branch_dag.py took 0.187 seconds
[2024-05-23T16:55:02.659+0700] {processor.py:161} INFO - Started process (PID=22327) to work on /mnt/d/Programming/Vietnamese-Text-Generator/airflow_env/lib/python3.10/site-packages/airflow/example_dags/example_nested_branch_dag.py
[2024-05-23T16:55:02.661+0700] {processor.py:830} INFO - Processing file /mnt/d/Programming/Vietnamese-Text-Generator/airflow_env/lib/python3.10/site-packages/airflow/example_dags/example_nested_branch_dag.py for tasks to queue
[2024-05-23T16:55:02.663+0700] {logging_mixin.py:188} INFO - [2024-05-23T16:55:02.662+0700] {dagbag.py:540} INFO - Filling up the DagBag from /mnt/d/Programming/Vietnamese-Text-Generator/airflow_env/lib/python3.10/site-packages/airflow/example_dags/example_nested_branch_dag.py
[2024-05-23T16:55:02.694+0700] {processor.py:840} INFO - DAG(s) 'example_nested_branch_dag' retrieved from /mnt/d/Programming/Vietnamese-Text-Generator/airflow_env/lib/python3.10/site-packages/airflow/example_dags/example_nested_branch_dag.py
[2024-05-23T16:55:02.726+0700] {logging_mixin.py:188} INFO - [2024-05-23T16:55:02.725+0700] {dag.py:3096} INFO - Sync 1 DAGs
[2024-05-23T16:55:02.757+0700] {logging_mixin.py:188} INFO - [2024-05-23T16:55:02.756+0700] {dag.py:3954} INFO - Setting next_dagrun for example_nested_branch_dag to 2024-05-22 00:00:00+00:00, run_after=2024-05-23 00:00:00+00:00
[2024-05-23T16:55:02.830+0700] {processor.py:183} INFO - Processing /mnt/d/Programming/Vietnamese-Text-Generator/airflow_env/lib/python3.10/site-packages/airflow/example_dags/example_nested_branch_dag.py took 0.185 seconds
[2024-05-23T16:56:08.964+0700] {processor.py:161} INFO - Started process (PID=22638) to work on /mnt/d/Programming/Vietnamese-Text-Generator/airflow_env/lib/python3.10/site-packages/airflow/example_dags/example_nested_branch_dag.py
[2024-05-23T16:56:08.965+0700] {processor.py:830} INFO - Processing file /mnt/d/Programming/Vietnamese-Text-Generator/airflow_env/lib/python3.10/site-packages/airflow/example_dags/example_nested_branch_dag.py for tasks to queue
[2024-05-23T16:56:08.967+0700] {logging_mixin.py:188} INFO - [2024-05-23T16:56:08.967+0700] {dagbag.py:540} INFO - Filling up the DagBag from /mnt/d/Programming/Vietnamese-Text-Generator/airflow_env/lib/python3.10/site-packages/airflow/example_dags/example_nested_branch_dag.py
[2024-05-23T16:56:09.000+0700] {processor.py:840} INFO - DAG(s) 'example_nested_branch_dag' retrieved from /mnt/d/Programming/Vietnamese-Text-Generator/airflow_env/lib/python3.10/site-packages/airflow/example_dags/example_nested_branch_dag.py
[2024-05-23T16:56:09.033+0700] {logging_mixin.py:188} INFO - [2024-05-23T16:56:09.032+0700] {dag.py:3096} INFO - Sync 1 DAGs
[2024-05-23T16:56:09.059+0700] {logging_mixin.py:188} INFO - [2024-05-23T16:56:09.058+0700] {dag.py:3954} INFO - Setting next_dagrun for example_nested_branch_dag to 2024-05-22 00:00:00+00:00, run_after=2024-05-23 00:00:00+00:00
[2024-05-23T16:56:09.135+0700] {processor.py:183} INFO - Processing /mnt/d/Programming/Vietnamese-Text-Generator/airflow_env/lib/python3.10/site-packages/airflow/example_dags/example_nested_branch_dag.py took 0.187 seconds
[2024-05-23T16:57:19.196+0700] {processor.py:161} INFO - Started process (PID=22965) to work on /mnt/d/Programming/Vietnamese-Text-Generator/airflow_env/lib/python3.10/site-packages/airflow/example_dags/example_nested_branch_dag.py
[2024-05-23T16:57:19.198+0700] {processor.py:830} INFO - Processing file /mnt/d/Programming/Vietnamese-Text-Generator/airflow_env/lib/python3.10/site-packages/airflow/example_dags/example_nested_branch_dag.py for tasks to queue
[2024-05-23T16:57:19.200+0700] {logging_mixin.py:188} INFO - [2024-05-23T16:57:19.199+0700] {dagbag.py:540} INFO - Filling up the DagBag from /mnt/d/Programming/Vietnamese-Text-Generator/airflow_env/lib/python3.10/site-packages/airflow/example_dags/example_nested_branch_dag.py
[2024-05-23T16:57:19.224+0700] {processor.py:840} INFO - DAG(s) 'example_nested_branch_dag' retrieved from /mnt/d/Programming/Vietnamese-Text-Generator/airflow_env/lib/python3.10/site-packages/airflow/example_dags/example_nested_branch_dag.py
[2024-05-23T16:57:19.252+0700] {logging_mixin.py:188} INFO - [2024-05-23T16:57:19.251+0700] {dag.py:3096} INFO - Sync 1 DAGs
[2024-05-23T16:57:19.277+0700] {logging_mixin.py:188} INFO - [2024-05-23T16:57:19.276+0700] {dag.py:3954} INFO - Setting next_dagrun for example_nested_branch_dag to 2024-05-22 00:00:00+00:00, run_after=2024-05-23 00:00:00+00:00
[2024-05-23T16:57:19.330+0700] {processor.py:183} INFO - Processing /mnt/d/Programming/Vietnamese-Text-Generator/airflow_env/lib/python3.10/site-packages/airflow/example_dags/example_nested_branch_dag.py took 0.145 seconds
[2024-05-23T16:58:27.389+0700] {processor.py:161} INFO - Started process (PID=23285) to work on /mnt/d/Programming/Vietnamese-Text-Generator/airflow_env/lib/python3.10/site-packages/airflow/example_dags/example_nested_branch_dag.py
[2024-05-23T16:58:27.391+0700] {processor.py:830} INFO - Processing file /mnt/d/Programming/Vietnamese-Text-Generator/airflow_env/lib/python3.10/site-packages/airflow/example_dags/example_nested_branch_dag.py for tasks to queue
[2024-05-23T16:58:27.395+0700] {logging_mixin.py:188} INFO - [2024-05-23T16:58:27.393+0700] {dagbag.py:540} INFO - Filling up the DagBag from /mnt/d/Programming/Vietnamese-Text-Generator/airflow_env/lib/python3.10/site-packages/airflow/example_dags/example_nested_branch_dag.py
[2024-05-23T16:58:27.424+0700] {processor.py:840} INFO - DAG(s) 'example_nested_branch_dag' retrieved from /mnt/d/Programming/Vietnamese-Text-Generator/airflow_env/lib/python3.10/site-packages/airflow/example_dags/example_nested_branch_dag.py
[2024-05-23T16:58:27.452+0700] {logging_mixin.py:188} INFO - [2024-05-23T16:58:27.452+0700] {dag.py:3096} INFO - Sync 1 DAGs
[2024-05-23T16:58:27.476+0700] {logging_mixin.py:188} INFO - [2024-05-23T16:58:27.475+0700] {dag.py:3954} INFO - Setting next_dagrun for example_nested_branch_dag to 2024-05-22 00:00:00+00:00, run_after=2024-05-23 00:00:00+00:00
[2024-05-23T16:58:27.544+0700] {processor.py:183} INFO - Processing /mnt/d/Programming/Vietnamese-Text-Generator/airflow_env/lib/python3.10/site-packages/airflow/example_dags/example_nested_branch_dag.py took 0.167 seconds
[2024-05-23T16:59:37.705+0700] {processor.py:161} INFO - Started process (PID=23613) to work on /mnt/d/Programming/Vietnamese-Text-Generator/airflow_env/lib/python3.10/site-packages/airflow/example_dags/example_nested_branch_dag.py
[2024-05-23T16:59:37.707+0700] {processor.py:830} INFO - Processing file /mnt/d/Programming/Vietnamese-Text-Generator/airflow_env/lib/python3.10/site-packages/airflow/example_dags/example_nested_branch_dag.py for tasks to queue
[2024-05-23T16:59:37.709+0700] {logging_mixin.py:188} INFO - [2024-05-23T16:59:37.708+0700] {dagbag.py:540} INFO - Filling up the DagBag from /mnt/d/Programming/Vietnamese-Text-Generator/airflow_env/lib/python3.10/site-packages/airflow/example_dags/example_nested_branch_dag.py
[2024-05-23T16:59:37.737+0700] {processor.py:840} INFO - DAG(s) 'example_nested_branch_dag' retrieved from /mnt/d/Programming/Vietnamese-Text-Generator/airflow_env/lib/python3.10/site-packages/airflow/example_dags/example_nested_branch_dag.py
[2024-05-23T16:59:37.766+0700] {logging_mixin.py:188} INFO - [2024-05-23T16:59:37.765+0700] {dag.py:3096} INFO - Sync 1 DAGs
[2024-05-23T16:59:37.794+0700] {logging_mixin.py:188} INFO - [2024-05-23T16:59:37.792+0700] {dag.py:3954} INFO - Setting next_dagrun for example_nested_branch_dag to 2024-05-22 00:00:00+00:00, run_after=2024-05-23 00:00:00+00:00
[2024-05-23T16:59:37.866+0700] {processor.py:183} INFO - Processing /mnt/d/Programming/Vietnamese-Text-Generator/airflow_env/lib/python3.10/site-packages/airflow/example_dags/example_nested_branch_dag.py took 0.173 seconds
[2024-05-23T17:00:46.829+0700] {processor.py:161} INFO - Started process (PID=23937) to work on /mnt/d/Programming/Vietnamese-Text-Generator/airflow_env/lib/python3.10/site-packages/airflow/example_dags/example_nested_branch_dag.py
[2024-05-23T17:00:46.831+0700] {processor.py:830} INFO - Processing file /mnt/d/Programming/Vietnamese-Text-Generator/airflow_env/lib/python3.10/site-packages/airflow/example_dags/example_nested_branch_dag.py for tasks to queue
[2024-05-23T17:00:46.833+0700] {logging_mixin.py:188} INFO - [2024-05-23T17:00:46.832+0700] {dagbag.py:540} INFO - Filling up the DagBag from /mnt/d/Programming/Vietnamese-Text-Generator/airflow_env/lib/python3.10/site-packages/airflow/example_dags/example_nested_branch_dag.py
[2024-05-23T17:00:46.860+0700] {processor.py:840} INFO - DAG(s) 'example_nested_branch_dag' retrieved from /mnt/d/Programming/Vietnamese-Text-Generator/airflow_env/lib/python3.10/site-packages/airflow/example_dags/example_nested_branch_dag.py
[2024-05-23T17:00:46.893+0700] {logging_mixin.py:188} INFO - [2024-05-23T17:00:46.892+0700] {dag.py:3096} INFO - Sync 1 DAGs
[2024-05-23T17:00:46.919+0700] {logging_mixin.py:188} INFO - [2024-05-23T17:00:46.918+0700] {dag.py:3954} INFO - Setting next_dagrun for example_nested_branch_dag to 2024-05-22 00:00:00+00:00, run_after=2024-05-23 00:00:00+00:00
[2024-05-23T17:00:46.979+0700] {processor.py:183} INFO - Processing /mnt/d/Programming/Vietnamese-Text-Generator/airflow_env/lib/python3.10/site-packages/airflow/example_dags/example_nested_branch_dag.py took 0.161 seconds
[2024-05-23T17:01:53.480+0700] {processor.py:161} INFO - Started process (PID=24247) to work on /mnt/d/Programming/Vietnamese-Text-Generator/airflow_env/lib/python3.10/site-packages/airflow/example_dags/example_nested_branch_dag.py
[2024-05-23T17:01:53.483+0700] {processor.py:830} INFO - Processing file /mnt/d/Programming/Vietnamese-Text-Generator/airflow_env/lib/python3.10/site-packages/airflow/example_dags/example_nested_branch_dag.py for tasks to queue
[2024-05-23T17:01:53.486+0700] {logging_mixin.py:188} INFO - [2024-05-23T17:01:53.485+0700] {dagbag.py:540} INFO - Filling up the DagBag from /mnt/d/Programming/Vietnamese-Text-Generator/airflow_env/lib/python3.10/site-packages/airflow/example_dags/example_nested_branch_dag.py
[2024-05-23T17:01:53.514+0700] {processor.py:840} INFO - DAG(s) 'example_nested_branch_dag' retrieved from /mnt/d/Programming/Vietnamese-Text-Generator/airflow_env/lib/python3.10/site-packages/airflow/example_dags/example_nested_branch_dag.py
[2024-05-23T17:01:53.544+0700] {logging_mixin.py:188} INFO - [2024-05-23T17:01:53.543+0700] {dag.py:3096} INFO - Sync 1 DAGs
[2024-05-23T17:01:53.574+0700] {logging_mixin.py:188} INFO - [2024-05-23T17:01:53.573+0700] {dag.py:3954} INFO - Setting next_dagrun for example_nested_branch_dag to 2024-05-22 00:00:00+00:00, run_after=2024-05-23 00:00:00+00:00
[2024-05-23T17:01:53.636+0700] {processor.py:183} INFO - Processing /mnt/d/Programming/Vietnamese-Text-Generator/airflow_env/lib/python3.10/site-packages/airflow/example_dags/example_nested_branch_dag.py took 0.166 seconds
[2024-05-23T17:03:06.517+0700] {processor.py:161} INFO - Started process (PID=24584) to work on /mnt/d/Programming/Vietnamese-Text-Generator/airflow_env/lib/python3.10/site-packages/airflow/example_dags/example_nested_branch_dag.py
[2024-05-23T17:03:06.519+0700] {processor.py:830} INFO - Processing file /mnt/d/Programming/Vietnamese-Text-Generator/airflow_env/lib/python3.10/site-packages/airflow/example_dags/example_nested_branch_dag.py for tasks to queue
[2024-05-23T17:03:06.521+0700] {logging_mixin.py:188} INFO - [2024-05-23T17:03:06.520+0700] {dagbag.py:540} INFO - Filling up the DagBag from /mnt/d/Programming/Vietnamese-Text-Generator/airflow_env/lib/python3.10/site-packages/airflow/example_dags/example_nested_branch_dag.py
[2024-05-23T17:03:06.548+0700] {processor.py:840} INFO - DAG(s) 'example_nested_branch_dag' retrieved from /mnt/d/Programming/Vietnamese-Text-Generator/airflow_env/lib/python3.10/site-packages/airflow/example_dags/example_nested_branch_dag.py
[2024-05-23T17:03:06.577+0700] {logging_mixin.py:188} INFO - [2024-05-23T17:03:06.577+0700] {dag.py:3096} INFO - Sync 1 DAGs
[2024-05-23T17:03:06.604+0700] {logging_mixin.py:188} INFO - [2024-05-23T17:03:06.603+0700] {dag.py:3954} INFO - Setting next_dagrun for example_nested_branch_dag to 2024-05-22 00:00:00+00:00, run_after=2024-05-23 00:00:00+00:00
[2024-05-23T17:03:06.666+0700] {processor.py:183} INFO - Processing /mnt/d/Programming/Vietnamese-Text-Generator/airflow_env/lib/python3.10/site-packages/airflow/example_dags/example_nested_branch_dag.py took 0.161 seconds
[2024-05-23T17:04:13.970+0700] {processor.py:161} INFO - Started process (PID=24898) to work on /mnt/d/Programming/Vietnamese-Text-Generator/airflow_env/lib/python3.10/site-packages/airflow/example_dags/example_nested_branch_dag.py
[2024-05-23T17:04:13.971+0700] {processor.py:830} INFO - Processing file /mnt/d/Programming/Vietnamese-Text-Generator/airflow_env/lib/python3.10/site-packages/airflow/example_dags/example_nested_branch_dag.py for tasks to queue
[2024-05-23T17:04:13.973+0700] {logging_mixin.py:188} INFO - [2024-05-23T17:04:13.972+0700] {dagbag.py:540} INFO - Filling up the DagBag from /mnt/d/Programming/Vietnamese-Text-Generator/airflow_env/lib/python3.10/site-packages/airflow/example_dags/example_nested_branch_dag.py
[2024-05-23T17:04:14.000+0700] {processor.py:840} INFO - DAG(s) 'example_nested_branch_dag' retrieved from /mnt/d/Programming/Vietnamese-Text-Generator/airflow_env/lib/python3.10/site-packages/airflow/example_dags/example_nested_branch_dag.py
[2024-05-23T17:04:14.030+0700] {logging_mixin.py:188} INFO - [2024-05-23T17:04:14.029+0700] {dag.py:3096} INFO - Sync 1 DAGs
[2024-05-23T17:04:14.056+0700] {logging_mixin.py:188} INFO - [2024-05-23T17:04:14.055+0700] {dag.py:3954} INFO - Setting next_dagrun for example_nested_branch_dag to 2024-05-22 00:00:00+00:00, run_after=2024-05-23 00:00:00+00:00
[2024-05-23T17:04:14.116+0700] {processor.py:183} INFO - Processing /mnt/d/Programming/Vietnamese-Text-Generator/airflow_env/lib/python3.10/site-packages/airflow/example_dags/example_nested_branch_dag.py took 0.160 seconds
