[2024-05-23T15:43:34.605+0700] {processor.py:161} INFO - Started process (PID=1326) to work on /mnt/d/Programming/Vietnamese-Text-Generator/airflow_env/lib/python3.10/site-packages/airflow/example_dags/example_bash_operator.py
[2024-05-23T15:43:34.608+0700] {processor.py:830} INFO - Processing file /mnt/d/Programming/Vietnamese-Text-Generator/airflow_env/lib/python3.10/site-packages/airflow/example_dags/example_bash_operator.py for tasks to queue
[2024-05-23T15:43:34.612+0700] {logging_mixin.py:188} INFO - [2024-05-23T15:43:34.611+0700] {dagbag.py:540} INFO - Filling up the DagBag from /mnt/d/Programming/Vietnamese-Text-Generator/airflow_env/lib/python3.10/site-packages/airflow/example_dags/example_bash_operator.py
[2024-05-23T15:43:34.659+0700] {processor.py:840} INFO - DAG(s) 'example_bash_operator' retrieved from /mnt/d/Programming/Vietnamese-Text-Generator/airflow_env/lib/python3.10/site-packages/airflow/example_dags/example_bash_operator.py
[2024-05-23T15:43:34.713+0700] {logging_mixin.py:188} INFO - [2024-05-23T15:43:34.712+0700] {dag.py:3096} INFO - Sync 1 DAGs
[2024-05-23T15:43:34.751+0700] {logging_mixin.py:188} INFO - [2024-05-23T15:43:34.750+0700] {dag.py:3954} INFO - Setting next_dagrun for example_bash_operator to 2024-05-22 00:00:00+00:00, run_after=2024-05-23 00:00:00+00:00
[2024-05-23T15:43:34.826+0700] {processor.py:183} INFO - Processing /mnt/d/Programming/Vietnamese-Text-Generator/airflow_env/lib/python3.10/site-packages/airflow/example_dags/example_bash_operator.py took 0.237 seconds
[2024-05-23T15:44:57.894+0700] {processor.py:161} INFO - Started process (PID=1738) to work on /mnt/d/Programming/Vietnamese-Text-Generator/airflow_env/lib/python3.10/site-packages/airflow/example_dags/example_bash_operator.py
[2024-05-23T15:44:57.895+0700] {processor.py:830} INFO - Processing file /mnt/d/Programming/Vietnamese-Text-Generator/airflow_env/lib/python3.10/site-packages/airflow/example_dags/example_bash_operator.py for tasks to queue
[2024-05-23T15:44:57.899+0700] {logging_mixin.py:188} INFO - [2024-05-23T15:44:57.897+0700] {dagbag.py:540} INFO - Filling up the DagBag from /mnt/d/Programming/Vietnamese-Text-Generator/airflow_env/lib/python3.10/site-packages/airflow/example_dags/example_bash_operator.py
[2024-05-23T15:44:57.923+0700] {processor.py:840} INFO - DAG(s) 'example_bash_operator' retrieved from /mnt/d/Programming/Vietnamese-Text-Generator/airflow_env/lib/python3.10/site-packages/airflow/example_dags/example_bash_operator.py
[2024-05-23T15:44:57.958+0700] {logging_mixin.py:188} INFO - [2024-05-23T15:44:57.957+0700] {dag.py:3096} INFO - Sync 1 DAGs
[2024-05-23T15:44:57.984+0700] {logging_mixin.py:188} INFO - [2024-05-23T15:44:57.983+0700] {dag.py:3954} INFO - Setting next_dagrun for example_bash_operator to 2024-05-22 00:00:00+00:00, run_after=2024-05-23 00:00:00+00:00
[2024-05-23T15:44:58.038+0700] {processor.py:183} INFO - Processing /mnt/d/Programming/Vietnamese-Text-Generator/airflow_env/lib/python3.10/site-packages/airflow/example_dags/example_bash_operator.py took 0.155 seconds
[2024-05-23T15:46:10.519+0700] {processor.py:161} INFO - Started process (PID=2434) to work on /mnt/d/Programming/Vietnamese-Text-Generator/airflow_env/lib/python3.10/site-packages/airflow/example_dags/example_bash_operator.py
[2024-05-23T15:46:10.521+0700] {processor.py:830} INFO - Processing file /mnt/d/Programming/Vietnamese-Text-Generator/airflow_env/lib/python3.10/site-packages/airflow/example_dags/example_bash_operator.py for tasks to queue
[2024-05-23T15:46:10.527+0700] {logging_mixin.py:188} INFO - [2024-05-23T15:46:10.525+0700] {dagbag.py:540} INFO - Filling up the DagBag from /mnt/d/Programming/Vietnamese-Text-Generator/airflow_env/lib/python3.10/site-packages/airflow/example_dags/example_bash_operator.py
[2024-05-23T15:46:10.567+0700] {processor.py:840} INFO - DAG(s) 'example_bash_operator' retrieved from /mnt/d/Programming/Vietnamese-Text-Generator/airflow_env/lib/python3.10/site-packages/airflow/example_dags/example_bash_operator.py
[2024-05-23T15:46:10.610+0700] {logging_mixin.py:188} INFO - [2024-05-23T15:46:10.608+0700] {dag.py:3096} INFO - Sync 1 DAGs
[2024-05-23T15:46:10.640+0700] {logging_mixin.py:188} INFO - [2024-05-23T15:46:10.638+0700] {dag.py:3954} INFO - Setting next_dagrun for example_bash_operator to 2024-05-22 00:00:00+00:00, run_after=2024-05-23 00:00:00+00:00
[2024-05-23T15:46:10.699+0700] {processor.py:183} INFO - Processing /mnt/d/Programming/Vietnamese-Text-Generator/airflow_env/lib/python3.10/site-packages/airflow/example_dags/example_bash_operator.py took 0.197 seconds
[2024-05-23T15:47:19.758+0700] {processor.py:161} INFO - Started process (PID=2771) to work on /mnt/d/Programming/Vietnamese-Text-Generator/airflow_env/lib/python3.10/site-packages/airflow/example_dags/example_bash_operator.py
[2024-05-23T15:47:19.761+0700] {processor.py:830} INFO - Processing file /mnt/d/Programming/Vietnamese-Text-Generator/airflow_env/lib/python3.10/site-packages/airflow/example_dags/example_bash_operator.py for tasks to queue
[2024-05-23T15:47:19.765+0700] {logging_mixin.py:188} INFO - [2024-05-23T15:47:19.764+0700] {dagbag.py:540} INFO - Filling up the DagBag from /mnt/d/Programming/Vietnamese-Text-Generator/airflow_env/lib/python3.10/site-packages/airflow/example_dags/example_bash_operator.py
[2024-05-23T15:47:19.795+0700] {processor.py:840} INFO - DAG(s) 'example_bash_operator' retrieved from /mnt/d/Programming/Vietnamese-Text-Generator/airflow_env/lib/python3.10/site-packages/airflow/example_dags/example_bash_operator.py
[2024-05-23T15:47:19.834+0700] {logging_mixin.py:188} INFO - [2024-05-23T15:47:19.833+0700] {dag.py:3096} INFO - Sync 1 DAGs
[2024-05-23T15:47:19.865+0700] {logging_mixin.py:188} INFO - [2024-05-23T15:47:19.864+0700] {dag.py:3954} INFO - Setting next_dagrun for example_bash_operator to 2024-05-22 00:00:00+00:00, run_after=2024-05-23 00:00:00+00:00
[2024-05-23T15:47:19.938+0700] {processor.py:183} INFO - Processing /mnt/d/Programming/Vietnamese-Text-Generator/airflow_env/lib/python3.10/site-packages/airflow/example_dags/example_bash_operator.py took 0.193 seconds
[2024-05-23T15:55:31.244+0700] {processor.py:161} INFO - Started process (PID=4889) to work on /mnt/d/Programming/Vietnamese-Text-Generator/airflow_env/lib/python3.10/site-packages/airflow/example_dags/example_bash_operator.py
[2024-05-23T15:55:31.246+0700] {processor.py:830} INFO - Processing file /mnt/d/Programming/Vietnamese-Text-Generator/airflow_env/lib/python3.10/site-packages/airflow/example_dags/example_bash_operator.py for tasks to queue
[2024-05-23T15:55:31.250+0700] {logging_mixin.py:188} INFO - [2024-05-23T15:55:31.248+0700] {dagbag.py:540} INFO - Filling up the DagBag from /mnt/d/Programming/Vietnamese-Text-Generator/airflow_env/lib/python3.10/site-packages/airflow/example_dags/example_bash_operator.py
[2024-05-23T15:55:31.286+0700] {processor.py:840} INFO - DAG(s) 'example_bash_operator' retrieved from /mnt/d/Programming/Vietnamese-Text-Generator/airflow_env/lib/python3.10/site-packages/airflow/example_dags/example_bash_operator.py
[2024-05-23T15:55:31.328+0700] {logging_mixin.py:188} INFO - [2024-05-23T15:55:31.328+0700] {dag.py:3096} INFO - Sync 1 DAGs
[2024-05-23T15:55:31.353+0700] {logging_mixin.py:188} INFO - [2024-05-23T15:55:31.352+0700] {dag.py:3954} INFO - Setting next_dagrun for example_bash_operator to 2024-05-22 00:00:00+00:00, run_after=2024-05-23 00:00:00+00:00
[2024-05-23T15:55:31.408+0700] {processor.py:183} INFO - Processing /mnt/d/Programming/Vietnamese-Text-Generator/airflow_env/lib/python3.10/site-packages/airflow/example_dags/example_bash_operator.py took 0.180 seconds
[2024-05-23T15:56:42.196+0700] {processor.py:161} INFO - Started process (PID=5223) to work on /mnt/d/Programming/Vietnamese-Text-Generator/airflow_env/lib/python3.10/site-packages/airflow/example_dags/example_bash_operator.py
[2024-05-23T15:56:42.198+0700] {processor.py:830} INFO - Processing file /mnt/d/Programming/Vietnamese-Text-Generator/airflow_env/lib/python3.10/site-packages/airflow/example_dags/example_bash_operator.py for tasks to queue
[2024-05-23T15:56:42.201+0700] {logging_mixin.py:188} INFO - [2024-05-23T15:56:42.200+0700] {dagbag.py:540} INFO - Filling up the DagBag from /mnt/d/Programming/Vietnamese-Text-Generator/airflow_env/lib/python3.10/site-packages/airflow/example_dags/example_bash_operator.py
[2024-05-23T15:56:42.229+0700] {processor.py:840} INFO - DAG(s) 'example_bash_operator' retrieved from /mnt/d/Programming/Vietnamese-Text-Generator/airflow_env/lib/python3.10/site-packages/airflow/example_dags/example_bash_operator.py
[2024-05-23T15:56:42.263+0700] {logging_mixin.py:188} INFO - [2024-05-23T15:56:42.262+0700] {dag.py:3096} INFO - Sync 1 DAGs
[2024-05-23T15:56:42.289+0700] {logging_mixin.py:188} INFO - [2024-05-23T15:56:42.288+0700] {dag.py:3954} INFO - Setting next_dagrun for example_bash_operator to 2024-05-22 00:00:00+00:00, run_after=2024-05-23 00:00:00+00:00
[2024-05-23T15:56:42.352+0700] {processor.py:183} INFO - Processing /mnt/d/Programming/Vietnamese-Text-Generator/airflow_env/lib/python3.10/site-packages/airflow/example_dags/example_bash_operator.py took 0.182 seconds
[2024-05-23T15:57:51.341+0700] {processor.py:161} INFO - Started process (PID=5550) to work on /mnt/d/Programming/Vietnamese-Text-Generator/airflow_env/lib/python3.10/site-packages/airflow/example_dags/example_bash_operator.py
[2024-05-23T15:57:51.344+0700] {processor.py:830} INFO - Processing file /mnt/d/Programming/Vietnamese-Text-Generator/airflow_env/lib/python3.10/site-packages/airflow/example_dags/example_bash_operator.py for tasks to queue
[2024-05-23T15:57:51.347+0700] {logging_mixin.py:188} INFO - [2024-05-23T15:57:51.346+0700] {dagbag.py:540} INFO - Filling up the DagBag from /mnt/d/Programming/Vietnamese-Text-Generator/airflow_env/lib/python3.10/site-packages/airflow/example_dags/example_bash_operator.py
[2024-05-23T15:57:51.392+0700] {processor.py:840} INFO - DAG(s) 'example_bash_operator' retrieved from /mnt/d/Programming/Vietnamese-Text-Generator/airflow_env/lib/python3.10/site-packages/airflow/example_dags/example_bash_operator.py
[2024-05-23T15:57:51.445+0700] {logging_mixin.py:188} INFO - [2024-05-23T15:57:51.444+0700] {dag.py:3096} INFO - Sync 1 DAGs
[2024-05-23T15:57:51.480+0700] {logging_mixin.py:188} INFO - [2024-05-23T15:57:51.479+0700] {dag.py:3954} INFO - Setting next_dagrun for example_bash_operator to 2024-05-22 00:00:00+00:00, run_after=2024-05-23 00:00:00+00:00
[2024-05-23T15:57:51.564+0700] {processor.py:183} INFO - Processing /mnt/d/Programming/Vietnamese-Text-Generator/airflow_env/lib/python3.10/site-packages/airflow/example_dags/example_bash_operator.py took 0.241 seconds
[2024-05-23T15:59:00.416+0700] {processor.py:161} INFO - Started process (PID=5875) to work on /mnt/d/Programming/Vietnamese-Text-Generator/airflow_env/lib/python3.10/site-packages/airflow/example_dags/example_bash_operator.py
[2024-05-23T15:59:00.418+0700] {processor.py:830} INFO - Processing file /mnt/d/Programming/Vietnamese-Text-Generator/airflow_env/lib/python3.10/site-packages/airflow/example_dags/example_bash_operator.py for tasks to queue
[2024-05-23T15:59:00.421+0700] {logging_mixin.py:188} INFO - [2024-05-23T15:59:00.420+0700] {dagbag.py:540} INFO - Filling up the DagBag from /mnt/d/Programming/Vietnamese-Text-Generator/airflow_env/lib/python3.10/site-packages/airflow/example_dags/example_bash_operator.py
[2024-05-23T15:59:00.454+0700] {processor.py:840} INFO - DAG(s) 'example_bash_operator' retrieved from /mnt/d/Programming/Vietnamese-Text-Generator/airflow_env/lib/python3.10/site-packages/airflow/example_dags/example_bash_operator.py
[2024-05-23T15:59:00.494+0700] {logging_mixin.py:188} INFO - [2024-05-23T15:59:00.493+0700] {dag.py:3096} INFO - Sync 1 DAGs
[2024-05-23T15:59:00.523+0700] {logging_mixin.py:188} INFO - [2024-05-23T15:59:00.521+0700] {dag.py:3954} INFO - Setting next_dagrun for example_bash_operator to 2024-05-22 00:00:00+00:00, run_after=2024-05-23 00:00:00+00:00
[2024-05-23T15:59:00.587+0700] {processor.py:183} INFO - Processing /mnt/d/Programming/Vietnamese-Text-Generator/airflow_env/lib/python3.10/site-packages/airflow/example_dags/example_bash_operator.py took 0.184 seconds
[2024-05-23T16:00:12.217+0700] {processor.py:161} INFO - Started process (PID=6215) to work on /mnt/d/Programming/Vietnamese-Text-Generator/airflow_env/lib/python3.10/site-packages/airflow/example_dags/example_bash_operator.py
[2024-05-23T16:00:12.219+0700] {processor.py:830} INFO - Processing file /mnt/d/Programming/Vietnamese-Text-Generator/airflow_env/lib/python3.10/site-packages/airflow/example_dags/example_bash_operator.py for tasks to queue
[2024-05-23T16:00:12.221+0700] {logging_mixin.py:188} INFO - [2024-05-23T16:00:12.220+0700] {dagbag.py:540} INFO - Filling up the DagBag from /mnt/d/Programming/Vietnamese-Text-Generator/airflow_env/lib/python3.10/site-packages/airflow/example_dags/example_bash_operator.py
[2024-05-23T16:00:12.248+0700] {processor.py:840} INFO - DAG(s) 'example_bash_operator' retrieved from /mnt/d/Programming/Vietnamese-Text-Generator/airflow_env/lib/python3.10/site-packages/airflow/example_dags/example_bash_operator.py
[2024-05-23T16:00:12.286+0700] {logging_mixin.py:188} INFO - [2024-05-23T16:00:12.285+0700] {dag.py:3096} INFO - Sync 1 DAGs
[2024-05-23T16:00:12.312+0700] {logging_mixin.py:188} INFO - [2024-05-23T16:00:12.311+0700] {dag.py:3954} INFO - Setting next_dagrun for example_bash_operator to 2024-05-22 00:00:00+00:00, run_after=2024-05-23 00:00:00+00:00
[2024-05-23T16:00:12.369+0700] {processor.py:183} INFO - Processing /mnt/d/Programming/Vietnamese-Text-Generator/airflow_env/lib/python3.10/site-packages/airflow/example_dags/example_bash_operator.py took 0.163 seconds
[2024-05-23T16:01:19.916+0700] {processor.py:161} INFO - Started process (PID=6534) to work on /mnt/d/Programming/Vietnamese-Text-Generator/airflow_env/lib/python3.10/site-packages/airflow/example_dags/example_bash_operator.py
[2024-05-23T16:01:19.919+0700] {processor.py:830} INFO - Processing file /mnt/d/Programming/Vietnamese-Text-Generator/airflow_env/lib/python3.10/site-packages/airflow/example_dags/example_bash_operator.py for tasks to queue
[2024-05-23T16:01:19.921+0700] {logging_mixin.py:188} INFO - [2024-05-23T16:01:19.920+0700] {dagbag.py:540} INFO - Filling up the DagBag from /mnt/d/Programming/Vietnamese-Text-Generator/airflow_env/lib/python3.10/site-packages/airflow/example_dags/example_bash_operator.py
[2024-05-23T16:01:19.957+0700] {processor.py:840} INFO - DAG(s) 'example_bash_operator' retrieved from /mnt/d/Programming/Vietnamese-Text-Generator/airflow_env/lib/python3.10/site-packages/airflow/example_dags/example_bash_operator.py
[2024-05-23T16:01:19.995+0700] {logging_mixin.py:188} INFO - [2024-05-23T16:01:19.994+0700] {dag.py:3096} INFO - Sync 1 DAGs
[2024-05-23T16:01:20.022+0700] {logging_mixin.py:188} INFO - [2024-05-23T16:01:20.021+0700] {dag.py:3954} INFO - Setting next_dagrun for example_bash_operator to 2024-05-22 00:00:00+00:00, run_after=2024-05-23 00:00:00+00:00
[2024-05-23T16:01:20.080+0700] {processor.py:183} INFO - Processing /mnt/d/Programming/Vietnamese-Text-Generator/airflow_env/lib/python3.10/site-packages/airflow/example_dags/example_bash_operator.py took 0.178 seconds
[2024-05-23T16:02:25.572+0700] {processor.py:161} INFO - Started process (PID=6844) to work on /mnt/d/Programming/Vietnamese-Text-Generator/airflow_env/lib/python3.10/site-packages/airflow/example_dags/example_bash_operator.py
[2024-05-23T16:02:25.574+0700] {processor.py:830} INFO - Processing file /mnt/d/Programming/Vietnamese-Text-Generator/airflow_env/lib/python3.10/site-packages/airflow/example_dags/example_bash_operator.py for tasks to queue
[2024-05-23T16:02:25.577+0700] {logging_mixin.py:188} INFO - [2024-05-23T16:02:25.576+0700] {dagbag.py:540} INFO - Filling up the DagBag from /mnt/d/Programming/Vietnamese-Text-Generator/airflow_env/lib/python3.10/site-packages/airflow/example_dags/example_bash_operator.py
[2024-05-23T16:02:25.608+0700] {processor.py:840} INFO - DAG(s) 'example_bash_operator' retrieved from /mnt/d/Programming/Vietnamese-Text-Generator/airflow_env/lib/python3.10/site-packages/airflow/example_dags/example_bash_operator.py
[2024-05-23T16:02:25.648+0700] {logging_mixin.py:188} INFO - [2024-05-23T16:02:25.647+0700] {dag.py:3096} INFO - Sync 1 DAGs
[2024-05-23T16:02:25.677+0700] {logging_mixin.py:188} INFO - [2024-05-23T16:02:25.675+0700] {dag.py:3954} INFO - Setting next_dagrun for example_bash_operator to 2024-05-22 00:00:00+00:00, run_after=2024-05-23 00:00:00+00:00
[2024-05-23T16:02:25.728+0700] {processor.py:183} INFO - Processing /mnt/d/Programming/Vietnamese-Text-Generator/airflow_env/lib/python3.10/site-packages/airflow/example_dags/example_bash_operator.py took 0.170 seconds
[2024-05-23T16:03:36.014+0700] {processor.py:161} INFO - Started process (PID=7175) to work on /mnt/d/Programming/Vietnamese-Text-Generator/airflow_env/lib/python3.10/site-packages/airflow/example_dags/example_bash_operator.py
[2024-05-23T16:03:36.016+0700] {processor.py:830} INFO - Processing file /mnt/d/Programming/Vietnamese-Text-Generator/airflow_env/lib/python3.10/site-packages/airflow/example_dags/example_bash_operator.py for tasks to queue
[2024-05-23T16:03:36.019+0700] {logging_mixin.py:188} INFO - [2024-05-23T16:03:36.018+0700] {dagbag.py:540} INFO - Filling up the DagBag from /mnt/d/Programming/Vietnamese-Text-Generator/airflow_env/lib/python3.10/site-packages/airflow/example_dags/example_bash_operator.py
[2024-05-23T16:03:36.046+0700] {processor.py:840} INFO - DAG(s) 'example_bash_operator' retrieved from /mnt/d/Programming/Vietnamese-Text-Generator/airflow_env/lib/python3.10/site-packages/airflow/example_dags/example_bash_operator.py
[2024-05-23T16:03:36.088+0700] {logging_mixin.py:188} INFO - [2024-05-23T16:03:36.087+0700] {dag.py:3096} INFO - Sync 1 DAGs
[2024-05-23T16:03:36.115+0700] {logging_mixin.py:188} INFO - [2024-05-23T16:03:36.114+0700] {dag.py:3954} INFO - Setting next_dagrun for example_bash_operator to 2024-05-22 00:00:00+00:00, run_after=2024-05-23 00:00:00+00:00
[2024-05-23T16:03:36.175+0700] {processor.py:183} INFO - Processing /mnt/d/Programming/Vietnamese-Text-Generator/airflow_env/lib/python3.10/site-packages/airflow/example_dags/example_bash_operator.py took 0.175 seconds
[2024-05-23T16:35:49.083+0700] {processor.py:161} INFO - Started process (PID=17267) to work on /mnt/d/Programming/Vietnamese-Text-Generator/airflow_env/lib/python3.10/site-packages/airflow/example_dags/example_bash_operator.py
[2024-05-23T16:35:49.085+0700] {processor.py:830} INFO - Processing file /mnt/d/Programming/Vietnamese-Text-Generator/airflow_env/lib/python3.10/site-packages/airflow/example_dags/example_bash_operator.py for tasks to queue
[2024-05-23T16:35:49.087+0700] {logging_mixin.py:188} INFO - [2024-05-23T16:35:49.086+0700] {dagbag.py:540} INFO - Filling up the DagBag from /mnt/d/Programming/Vietnamese-Text-Generator/airflow_env/lib/python3.10/site-packages/airflow/example_dags/example_bash_operator.py
[2024-05-23T16:35:49.114+0700] {processor.py:840} INFO - DAG(s) 'example_bash_operator' retrieved from /mnt/d/Programming/Vietnamese-Text-Generator/airflow_env/lib/python3.10/site-packages/airflow/example_dags/example_bash_operator.py
[2024-05-23T16:35:49.154+0700] {logging_mixin.py:188} INFO - [2024-05-23T16:35:49.153+0700] {dag.py:3096} INFO - Sync 1 DAGs
[2024-05-23T16:35:49.181+0700] {logging_mixin.py:188} INFO - [2024-05-23T16:35:49.180+0700] {dag.py:3954} INFO - Setting next_dagrun for example_bash_operator to 2024-05-22 00:00:00+00:00, run_after=2024-05-23 00:00:00+00:00
[2024-05-23T16:35:49.253+0700] {processor.py:183} INFO - Processing /mnt/d/Programming/Vietnamese-Text-Generator/airflow_env/lib/python3.10/site-packages/airflow/example_dags/example_bash_operator.py took 0.182 seconds
[2024-05-23T16:37:04.891+0700] {processor.py:161} INFO - Started process (PID=17620) to work on /mnt/d/Programming/Vietnamese-Text-Generator/airflow_env/lib/python3.10/site-packages/airflow/example_dags/example_bash_operator.py
[2024-05-23T16:37:04.894+0700] {processor.py:830} INFO - Processing file /mnt/d/Programming/Vietnamese-Text-Generator/airflow_env/lib/python3.10/site-packages/airflow/example_dags/example_bash_operator.py for tasks to queue
[2024-05-23T16:37:04.897+0700] {logging_mixin.py:188} INFO - [2024-05-23T16:37:04.895+0700] {dagbag.py:540} INFO - Filling up the DagBag from /mnt/d/Programming/Vietnamese-Text-Generator/airflow_env/lib/python3.10/site-packages/airflow/example_dags/example_bash_operator.py
[2024-05-23T16:37:04.929+0700] {processor.py:840} INFO - DAG(s) 'example_bash_operator' retrieved from /mnt/d/Programming/Vietnamese-Text-Generator/airflow_env/lib/python3.10/site-packages/airflow/example_dags/example_bash_operator.py
[2024-05-23T16:37:04.961+0700] {logging_mixin.py:188} INFO - [2024-05-23T16:37:04.960+0700] {dag.py:3096} INFO - Sync 1 DAGs
[2024-05-23T16:37:04.983+0700] {logging_mixin.py:188} INFO - [2024-05-23T16:37:04.983+0700] {dag.py:3954} INFO - Setting next_dagrun for example_bash_operator to 2024-05-22 00:00:00+00:00, run_after=2024-05-23 00:00:00+00:00
[2024-05-23T16:37:05.036+0700] {processor.py:183} INFO - Processing /mnt/d/Programming/Vietnamese-Text-Generator/airflow_env/lib/python3.10/site-packages/airflow/example_dags/example_bash_operator.py took 0.160 seconds
[2024-05-23T16:50:38.772+0700] {processor.py:161} INFO - Started process (PID=21098) to work on /mnt/d/Programming/Vietnamese-Text-Generator/airflow_env/lib/python3.10/site-packages/airflow/example_dags/example_bash_operator.py
[2024-05-23T16:50:38.773+0700] {processor.py:830} INFO - Processing file /mnt/d/Programming/Vietnamese-Text-Generator/airflow_env/lib/python3.10/site-packages/airflow/example_dags/example_bash_operator.py for tasks to queue
[2024-05-23T16:50:38.776+0700] {logging_mixin.py:188} INFO - [2024-05-23T16:50:38.775+0700] {dagbag.py:540} INFO - Filling up the DagBag from /mnt/d/Programming/Vietnamese-Text-Generator/airflow_env/lib/python3.10/site-packages/airflow/example_dags/example_bash_operator.py
[2024-05-23T16:50:38.805+0700] {processor.py:840} INFO - DAG(s) 'example_bash_operator' retrieved from /mnt/d/Programming/Vietnamese-Text-Generator/airflow_env/lib/python3.10/site-packages/airflow/example_dags/example_bash_operator.py
[2024-05-23T16:50:38.848+0700] {logging_mixin.py:188} INFO - [2024-05-23T16:50:38.848+0700] {dag.py:3096} INFO - Sync 1 DAGs
[2024-05-23T16:50:38.877+0700] {logging_mixin.py:188} INFO - [2024-05-23T16:50:38.876+0700] {dag.py:3954} INFO - Setting next_dagrun for example_bash_operator to 2024-05-22 00:00:00+00:00, run_after=2024-05-23 00:00:00+00:00
[2024-05-23T16:50:39.059+0700] {processor.py:183} INFO - Processing /mnt/d/Programming/Vietnamese-Text-Generator/airflow_env/lib/python3.10/site-packages/airflow/example_dags/example_bash_operator.py took 0.299 seconds
[2024-05-23T16:52:01.989+0700] {processor.py:161} INFO - Started process (PID=21483) to work on /mnt/d/Programming/Vietnamese-Text-Generator/airflow_env/lib/python3.10/site-packages/airflow/example_dags/example_bash_operator.py
[2024-05-23T16:52:01.993+0700] {processor.py:830} INFO - Processing file /mnt/d/Programming/Vietnamese-Text-Generator/airflow_env/lib/python3.10/site-packages/airflow/example_dags/example_bash_operator.py for tasks to queue
[2024-05-23T16:52:01.999+0700] {logging_mixin.py:188} INFO - [2024-05-23T16:52:01.997+0700] {dagbag.py:540} INFO - Filling up the DagBag from /mnt/d/Programming/Vietnamese-Text-Generator/airflow_env/lib/python3.10/site-packages/airflow/example_dags/example_bash_operator.py
[2024-05-23T16:52:02.043+0700] {processor.py:840} INFO - DAG(s) 'example_bash_operator' retrieved from /mnt/d/Programming/Vietnamese-Text-Generator/airflow_env/lib/python3.10/site-packages/airflow/example_dags/example_bash_operator.py
[2024-05-23T16:52:02.107+0700] {logging_mixin.py:188} INFO - [2024-05-23T16:52:02.105+0700] {dag.py:3096} INFO - Sync 1 DAGs
[2024-05-23T16:52:02.168+0700] {logging_mixin.py:188} INFO - [2024-05-23T16:52:02.165+0700] {dag.py:3954} INFO - Setting next_dagrun for example_bash_operator to 2024-05-22 00:00:00+00:00, run_after=2024-05-23 00:00:00+00:00
[2024-05-23T16:52:02.306+0700] {processor.py:183} INFO - Processing /mnt/d/Programming/Vietnamese-Text-Generator/airflow_env/lib/python3.10/site-packages/airflow/example_dags/example_bash_operator.py took 0.342 seconds
[2024-05-23T16:53:17.086+0700] {processor.py:161} INFO - Started process (PID=21832) to work on /mnt/d/Programming/Vietnamese-Text-Generator/airflow_env/lib/python3.10/site-packages/airflow/example_dags/example_bash_operator.py
[2024-05-23T16:53:17.088+0700] {processor.py:830} INFO - Processing file /mnt/d/Programming/Vietnamese-Text-Generator/airflow_env/lib/python3.10/site-packages/airflow/example_dags/example_bash_operator.py for tasks to queue
[2024-05-23T16:53:17.091+0700] {logging_mixin.py:188} INFO - [2024-05-23T16:53:17.090+0700] {dagbag.py:540} INFO - Filling up the DagBag from /mnt/d/Programming/Vietnamese-Text-Generator/airflow_env/lib/python3.10/site-packages/airflow/example_dags/example_bash_operator.py
[2024-05-23T16:53:17.118+0700] {processor.py:840} INFO - DAG(s) 'example_bash_operator' retrieved from /mnt/d/Programming/Vietnamese-Text-Generator/airflow_env/lib/python3.10/site-packages/airflow/example_dags/example_bash_operator.py
[2024-05-23T16:53:17.154+0700] {logging_mixin.py:188} INFO - [2024-05-23T16:53:17.153+0700] {dag.py:3096} INFO - Sync 1 DAGs
[2024-05-23T16:53:17.180+0700] {logging_mixin.py:188} INFO - [2024-05-23T16:53:17.179+0700] {dag.py:3954} INFO - Setting next_dagrun for example_bash_operator to 2024-05-22 00:00:00+00:00, run_after=2024-05-23 00:00:00+00:00
[2024-05-23T16:53:17.244+0700] {processor.py:183} INFO - Processing /mnt/d/Programming/Vietnamese-Text-Generator/airflow_env/lib/python3.10/site-packages/airflow/example_dags/example_bash_operator.py took 0.172 seconds
[2024-05-23T16:54:26.870+0700] {processor.py:161} INFO - Started process (PID=22158) to work on /mnt/d/Programming/Vietnamese-Text-Generator/airflow_env/lib/python3.10/site-packages/airflow/example_dags/example_bash_operator.py
[2024-05-23T16:54:26.871+0700] {processor.py:830} INFO - Processing file /mnt/d/Programming/Vietnamese-Text-Generator/airflow_env/lib/python3.10/site-packages/airflow/example_dags/example_bash_operator.py for tasks to queue
[2024-05-23T16:54:26.873+0700] {logging_mixin.py:188} INFO - [2024-05-23T16:54:26.872+0700] {dagbag.py:540} INFO - Filling up the DagBag from /mnt/d/Programming/Vietnamese-Text-Generator/airflow_env/lib/python3.10/site-packages/airflow/example_dags/example_bash_operator.py
[2024-05-23T16:54:26.898+0700] {processor.py:840} INFO - DAG(s) 'example_bash_operator' retrieved from /mnt/d/Programming/Vietnamese-Text-Generator/airflow_env/lib/python3.10/site-packages/airflow/example_dags/example_bash_operator.py
[2024-05-23T16:54:26.937+0700] {logging_mixin.py:188} INFO - [2024-05-23T16:54:26.936+0700] {dag.py:3096} INFO - Sync 1 DAGs
[2024-05-23T16:54:26.963+0700] {logging_mixin.py:188} INFO - [2024-05-23T16:54:26.962+0700] {dag.py:3954} INFO - Setting next_dagrun for example_bash_operator to 2024-05-22 00:00:00+00:00, run_after=2024-05-23 00:00:00+00:00
[2024-05-23T16:54:27.029+0700] {processor.py:183} INFO - Processing /mnt/d/Programming/Vietnamese-Text-Generator/airflow_env/lib/python3.10/site-packages/airflow/example_dags/example_bash_operator.py took 0.171 seconds
[2024-05-23T16:55:36.507+0700] {processor.py:161} INFO - Started process (PID=22486) to work on /mnt/d/Programming/Vietnamese-Text-Generator/airflow_env/lib/python3.10/site-packages/airflow/example_dags/example_bash_operator.py
[2024-05-23T16:55:36.509+0700] {processor.py:830} INFO - Processing file /mnt/d/Programming/Vietnamese-Text-Generator/airflow_env/lib/python3.10/site-packages/airflow/example_dags/example_bash_operator.py for tasks to queue
[2024-05-23T16:55:36.511+0700] {logging_mixin.py:188} INFO - [2024-05-23T16:55:36.510+0700] {dagbag.py:540} INFO - Filling up the DagBag from /mnt/d/Programming/Vietnamese-Text-Generator/airflow_env/lib/python3.10/site-packages/airflow/example_dags/example_bash_operator.py
[2024-05-23T16:55:36.534+0700] {processor.py:840} INFO - DAG(s) 'example_bash_operator' retrieved from /mnt/d/Programming/Vietnamese-Text-Generator/airflow_env/lib/python3.10/site-packages/airflow/example_dags/example_bash_operator.py
[2024-05-23T16:55:36.573+0700] {logging_mixin.py:188} INFO - [2024-05-23T16:55:36.572+0700] {dag.py:3096} INFO - Sync 1 DAGs
[2024-05-23T16:55:36.600+0700] {logging_mixin.py:188} INFO - [2024-05-23T16:55:36.599+0700] {dag.py:3954} INFO - Setting next_dagrun for example_bash_operator to 2024-05-22 00:00:00+00:00, run_after=2024-05-23 00:00:00+00:00
[2024-05-23T16:55:36.660+0700] {processor.py:183} INFO - Processing /mnt/d/Programming/Vietnamese-Text-Generator/airflow_env/lib/python3.10/site-packages/airflow/example_dags/example_bash_operator.py took 0.166 seconds
[2024-05-23T16:56:42.119+0700] {processor.py:161} INFO - Started process (PID=22793) to work on /mnt/d/Programming/Vietnamese-Text-Generator/airflow_env/lib/python3.10/site-packages/airflow/example_dags/example_bash_operator.py
[2024-05-23T16:56:42.121+0700] {processor.py:830} INFO - Processing file /mnt/d/Programming/Vietnamese-Text-Generator/airflow_env/lib/python3.10/site-packages/airflow/example_dags/example_bash_operator.py for tasks to queue
[2024-05-23T16:56:42.125+0700] {logging_mixin.py:188} INFO - [2024-05-23T16:56:42.124+0700] {dagbag.py:540} INFO - Filling up the DagBag from /mnt/d/Programming/Vietnamese-Text-Generator/airflow_env/lib/python3.10/site-packages/airflow/example_dags/example_bash_operator.py
[2024-05-23T16:56:42.152+0700] {processor.py:840} INFO - DAG(s) 'example_bash_operator' retrieved from /mnt/d/Programming/Vietnamese-Text-Generator/airflow_env/lib/python3.10/site-packages/airflow/example_dags/example_bash_operator.py
[2024-05-23T16:56:42.194+0700] {logging_mixin.py:188} INFO - [2024-05-23T16:56:42.193+0700] {dag.py:3096} INFO - Sync 1 DAGs
[2024-05-23T16:56:42.220+0700] {logging_mixin.py:188} INFO - [2024-05-23T16:56:42.219+0700] {dag.py:3954} INFO - Setting next_dagrun for example_bash_operator to 2024-05-22 00:00:00+00:00, run_after=2024-05-23 00:00:00+00:00
[2024-05-23T16:56:42.297+0700] {processor.py:183} INFO - Processing /mnt/d/Programming/Vietnamese-Text-Generator/airflow_env/lib/python3.10/site-packages/airflow/example_dags/example_bash_operator.py took 0.192 seconds
[2024-05-23T16:57:53.034+0700] {processor.py:161} INFO - Started process (PID=23124) to work on /mnt/d/Programming/Vietnamese-Text-Generator/airflow_env/lib/python3.10/site-packages/airflow/example_dags/example_bash_operator.py
[2024-05-23T16:57:53.036+0700] {processor.py:830} INFO - Processing file /mnt/d/Programming/Vietnamese-Text-Generator/airflow_env/lib/python3.10/site-packages/airflow/example_dags/example_bash_operator.py for tasks to queue
[2024-05-23T16:57:53.038+0700] {logging_mixin.py:188} INFO - [2024-05-23T16:57:53.037+0700] {dagbag.py:540} INFO - Filling up the DagBag from /mnt/d/Programming/Vietnamese-Text-Generator/airflow_env/lib/python3.10/site-packages/airflow/example_dags/example_bash_operator.py
[2024-05-23T16:57:53.067+0700] {processor.py:840} INFO - DAG(s) 'example_bash_operator' retrieved from /mnt/d/Programming/Vietnamese-Text-Generator/airflow_env/lib/python3.10/site-packages/airflow/example_dags/example_bash_operator.py
[2024-05-23T16:57:53.122+0700] {logging_mixin.py:188} INFO - [2024-05-23T16:57:53.121+0700] {dag.py:3096} INFO - Sync 1 DAGs
[2024-05-23T16:57:53.146+0700] {logging_mixin.py:188} INFO - [2024-05-23T16:57:53.145+0700] {dag.py:3954} INFO - Setting next_dagrun for example_bash_operator to 2024-05-22 00:00:00+00:00, run_after=2024-05-23 00:00:00+00:00
[2024-05-23T16:57:53.217+0700] {processor.py:183} INFO - Processing /mnt/d/Programming/Vietnamese-Text-Generator/airflow_env/lib/python3.10/site-packages/airflow/example_dags/example_bash_operator.py took 0.195 seconds
[2024-05-23T16:59:01.464+0700] {processor.py:161} INFO - Started process (PID=23444) to work on /mnt/d/Programming/Vietnamese-Text-Generator/airflow_env/lib/python3.10/site-packages/airflow/example_dags/example_bash_operator.py
[2024-05-23T16:59:01.467+0700] {processor.py:830} INFO - Processing file /mnt/d/Programming/Vietnamese-Text-Generator/airflow_env/lib/python3.10/site-packages/airflow/example_dags/example_bash_operator.py for tasks to queue
[2024-05-23T16:59:01.470+0700] {logging_mixin.py:188} INFO - [2024-05-23T16:59:01.469+0700] {dagbag.py:540} INFO - Filling up the DagBag from /mnt/d/Programming/Vietnamese-Text-Generator/airflow_env/lib/python3.10/site-packages/airflow/example_dags/example_bash_operator.py
[2024-05-23T16:59:01.496+0700] {processor.py:840} INFO - DAG(s) 'example_bash_operator' retrieved from /mnt/d/Programming/Vietnamese-Text-Generator/airflow_env/lib/python3.10/site-packages/airflow/example_dags/example_bash_operator.py
[2024-05-23T16:59:01.537+0700] {logging_mixin.py:188} INFO - [2024-05-23T16:59:01.536+0700] {dag.py:3096} INFO - Sync 1 DAGs
[2024-05-23T16:59:01.567+0700] {logging_mixin.py:188} INFO - [2024-05-23T16:59:01.566+0700] {dag.py:3954} INFO - Setting next_dagrun for example_bash_operator to 2024-05-22 00:00:00+00:00, run_after=2024-05-23 00:00:00+00:00
[2024-05-23T16:59:01.630+0700] {processor.py:183} INFO - Processing /mnt/d/Programming/Vietnamese-Text-Generator/airflow_env/lib/python3.10/site-packages/airflow/example_dags/example_bash_operator.py took 0.182 seconds
[2024-05-23T17:00:13.416+0700] {processor.py:161} INFO - Started process (PID=23780) to work on /mnt/d/Programming/Vietnamese-Text-Generator/airflow_env/lib/python3.10/site-packages/airflow/example_dags/example_bash_operator.py
[2024-05-23T17:00:13.418+0700] {processor.py:830} INFO - Processing file /mnt/d/Programming/Vietnamese-Text-Generator/airflow_env/lib/python3.10/site-packages/airflow/example_dags/example_bash_operator.py for tasks to queue
[2024-05-23T17:00:13.420+0700] {logging_mixin.py:188} INFO - [2024-05-23T17:00:13.419+0700] {dagbag.py:540} INFO - Filling up the DagBag from /mnt/d/Programming/Vietnamese-Text-Generator/airflow_env/lib/python3.10/site-packages/airflow/example_dags/example_bash_operator.py
[2024-05-23T17:00:13.445+0700] {processor.py:840} INFO - DAG(s) 'example_bash_operator' retrieved from /mnt/d/Programming/Vietnamese-Text-Generator/airflow_env/lib/python3.10/site-packages/airflow/example_dags/example_bash_operator.py
[2024-05-23T17:00:13.485+0700] {logging_mixin.py:188} INFO - [2024-05-23T17:00:13.484+0700] {dag.py:3096} INFO - Sync 1 DAGs
[2024-05-23T17:00:13.525+0700] {logging_mixin.py:188} INFO - [2024-05-23T17:00:13.523+0700] {dag.py:3954} INFO - Setting next_dagrun for example_bash_operator to 2024-05-22 00:00:00+00:00, run_after=2024-05-23 00:00:00+00:00
[2024-05-23T17:00:13.600+0700] {processor.py:183} INFO - Processing /mnt/d/Programming/Vietnamese-Text-Generator/airflow_env/lib/python3.10/site-packages/airflow/example_dags/example_bash_operator.py took 0.196 seconds
[2024-05-23T17:01:19.145+0700] {processor.py:161} INFO - Started process (PID=24086) to work on /mnt/d/Programming/Vietnamese-Text-Generator/airflow_env/lib/python3.10/site-packages/airflow/example_dags/example_bash_operator.py
[2024-05-23T17:01:19.146+0700] {processor.py:830} INFO - Processing file /mnt/d/Programming/Vietnamese-Text-Generator/airflow_env/lib/python3.10/site-packages/airflow/example_dags/example_bash_operator.py for tasks to queue
[2024-05-23T17:01:19.149+0700] {logging_mixin.py:188} INFO - [2024-05-23T17:01:19.148+0700] {dagbag.py:540} INFO - Filling up the DagBag from /mnt/d/Programming/Vietnamese-Text-Generator/airflow_env/lib/python3.10/site-packages/airflow/example_dags/example_bash_operator.py
[2024-05-23T17:01:19.180+0700] {processor.py:840} INFO - DAG(s) 'example_bash_operator' retrieved from /mnt/d/Programming/Vietnamese-Text-Generator/airflow_env/lib/python3.10/site-packages/airflow/example_dags/example_bash_operator.py
[2024-05-23T17:01:19.218+0700] {logging_mixin.py:188} INFO - [2024-05-23T17:01:19.217+0700] {dag.py:3096} INFO - Sync 1 DAGs
[2024-05-23T17:01:19.248+0700] {logging_mixin.py:188} INFO - [2024-05-23T17:01:19.246+0700] {dag.py:3954} INFO - Setting next_dagrun for example_bash_operator to 2024-05-22 00:00:00+00:00, run_after=2024-05-23 00:00:00+00:00
[2024-05-23T17:01:19.335+0700] {processor.py:183} INFO - Processing /mnt/d/Programming/Vietnamese-Text-Generator/airflow_env/lib/python3.10/site-packages/airflow/example_dags/example_bash_operator.py took 0.202 seconds
[2024-05-23T17:02:29.163+0700] {processor.py:161} INFO - Started process (PID=24412) to work on /mnt/d/Programming/Vietnamese-Text-Generator/airflow_env/lib/python3.10/site-packages/airflow/example_dags/example_bash_operator.py
[2024-05-23T17:02:29.167+0700] {processor.py:830} INFO - Processing file /mnt/d/Programming/Vietnamese-Text-Generator/airflow_env/lib/python3.10/site-packages/airflow/example_dags/example_bash_operator.py for tasks to queue
[2024-05-23T17:02:29.171+0700] {logging_mixin.py:188} INFO - [2024-05-23T17:02:29.169+0700] {dagbag.py:540} INFO - Filling up the DagBag from /mnt/d/Programming/Vietnamese-Text-Generator/airflow_env/lib/python3.10/site-packages/airflow/example_dags/example_bash_operator.py
[2024-05-23T17:02:29.218+0700] {processor.py:840} INFO - DAG(s) 'example_bash_operator' retrieved from /mnt/d/Programming/Vietnamese-Text-Generator/airflow_env/lib/python3.10/site-packages/airflow/example_dags/example_bash_operator.py
[2024-05-23T17:02:29.259+0700] {logging_mixin.py:188} INFO - [2024-05-23T17:02:29.258+0700] {dag.py:3096} INFO - Sync 1 DAGs
[2024-05-23T17:02:29.288+0700] {logging_mixin.py:188} INFO - [2024-05-23T17:02:29.287+0700] {dag.py:3954} INFO - Setting next_dagrun for example_bash_operator to 2024-05-22 00:00:00+00:00, run_after=2024-05-23 00:00:00+00:00
[2024-05-23T17:02:29.352+0700] {processor.py:183} INFO - Processing /mnt/d/Programming/Vietnamese-Text-Generator/airflow_env/lib/python3.10/site-packages/airflow/example_dags/example_bash_operator.py took 0.207 seconds
[2024-05-23T17:03:39.908+0700] {processor.py:161} INFO - Started process (PID=24741) to work on /mnt/d/Programming/Vietnamese-Text-Generator/airflow_env/lib/python3.10/site-packages/airflow/example_dags/example_bash_operator.py
[2024-05-23T17:03:39.910+0700] {processor.py:830} INFO - Processing file /mnt/d/Programming/Vietnamese-Text-Generator/airflow_env/lib/python3.10/site-packages/airflow/example_dags/example_bash_operator.py for tasks to queue
[2024-05-23T17:03:39.912+0700] {logging_mixin.py:188} INFO - [2024-05-23T17:03:39.911+0700] {dagbag.py:540} INFO - Filling up the DagBag from /mnt/d/Programming/Vietnamese-Text-Generator/airflow_env/lib/python3.10/site-packages/airflow/example_dags/example_bash_operator.py
[2024-05-23T17:03:39.934+0700] {processor.py:840} INFO - DAG(s) 'example_bash_operator' retrieved from /mnt/d/Programming/Vietnamese-Text-Generator/airflow_env/lib/python3.10/site-packages/airflow/example_dags/example_bash_operator.py
[2024-05-23T17:03:39.970+0700] {logging_mixin.py:188} INFO - [2024-05-23T17:03:39.969+0700] {dag.py:3096} INFO - Sync 1 DAGs
[2024-05-23T17:03:39.996+0700] {logging_mixin.py:188} INFO - [2024-05-23T17:03:39.994+0700] {dag.py:3954} INFO - Setting next_dagrun for example_bash_operator to 2024-05-22 00:00:00+00:00, run_after=2024-05-23 00:00:00+00:00
[2024-05-23T17:03:40.056+0700] {processor.py:183} INFO - Processing /mnt/d/Programming/Vietnamese-Text-Generator/airflow_env/lib/python3.10/site-packages/airflow/example_dags/example_bash_operator.py took 0.159 seconds
[2024-05-23T17:04:49.555+0700] {processor.py:161} INFO - Started process (PID=25063) to work on /mnt/d/Programming/Vietnamese-Text-Generator/airflow_env/lib/python3.10/site-packages/airflow/example_dags/example_bash_operator.py
[2024-05-23T17:04:49.556+0700] {processor.py:830} INFO - Processing file /mnt/d/Programming/Vietnamese-Text-Generator/airflow_env/lib/python3.10/site-packages/airflow/example_dags/example_bash_operator.py for tasks to queue
[2024-05-23T17:04:49.558+0700] {logging_mixin.py:188} INFO - [2024-05-23T17:04:49.557+0700] {dagbag.py:540} INFO - Filling up the DagBag from /mnt/d/Programming/Vietnamese-Text-Generator/airflow_env/lib/python3.10/site-packages/airflow/example_dags/example_bash_operator.py
[2024-05-23T17:04:49.597+0700] {processor.py:840} INFO - DAG(s) 'example_bash_operator' retrieved from /mnt/d/Programming/Vietnamese-Text-Generator/airflow_env/lib/python3.10/site-packages/airflow/example_dags/example_bash_operator.py
[2024-05-23T17:04:49.644+0700] {logging_mixin.py:188} INFO - [2024-05-23T17:04:49.643+0700] {dag.py:3096} INFO - Sync 1 DAGs
[2024-05-23T17:04:49.671+0700] {logging_mixin.py:188} INFO - [2024-05-23T17:04:49.670+0700] {dag.py:3954} INFO - Setting next_dagrun for example_bash_operator to 2024-05-22 00:00:00+00:00, run_after=2024-05-23 00:00:00+00:00
[2024-05-23T17:04:49.722+0700] {processor.py:183} INFO - Processing /mnt/d/Programming/Vietnamese-Text-Generator/airflow_env/lib/python3.10/site-packages/airflow/example_dags/example_bash_operator.py took 0.181 seconds
