[2024-05-23T15:42:42.548+0700] {processor.py:161} INFO - Started process (PID=1087) to work on /mnt/d/Programming/Vietnamese-Text-Generator/airflow_env/lib/python3.10/site-packages/airflow/example_dags/example_time_delta_sensor_async.py
[2024-05-23T15:42:42.551+0700] {processor.py:830} INFO - Processing file /mnt/d/Programming/Vietnamese-Text-Generator/airflow_env/lib/python3.10/site-packages/airflow/example_dags/example_time_delta_sensor_async.py for tasks to queue
[2024-05-23T15:42:42.554+0700] {logging_mixin.py:188} INFO - [2024-05-23T15:42:42.553+0700] {dagbag.py:540} INFO - Filling up the DagBag from /mnt/d/Programming/Vietnamese-Text-Generator/airflow_env/lib/python3.10/site-packages/airflow/example_dags/example_time_delta_sensor_async.py
[2024-05-23T15:42:42.597+0700] {processor.py:840} INFO - DAG(s) 'example_time_delta_sensor_async' retrieved from /mnt/d/Programming/Vietnamese-Text-Generator/airflow_env/lib/python3.10/site-packages/airflow/example_dags/example_time_delta_sensor_async.py
[2024-05-23T15:42:42.630+0700] {logging_mixin.py:188} INFO - [2024-05-23T15:42:42.630+0700] {dag.py:3096} INFO - Sync 1 DAGs
[2024-05-23T15:42:42.645+0700] {logging_mixin.py:188} INFO - [2024-05-23T15:42:42.643+0700] {dag.py:3954} INFO - Setting next_dagrun for example_time_delta_sensor_async to None, run_after=None
[2024-05-23T15:42:42.695+0700] {processor.py:183} INFO - Processing /mnt/d/Programming/Vietnamese-Text-Generator/airflow_env/lib/python3.10/site-packages/airflow/example_dags/example_time_delta_sensor_async.py took 0.158 seconds
[2024-05-23T15:43:57.094+0700] {processor.py:161} INFO - Started process (PID=1443) to work on /mnt/d/Programming/Vietnamese-Text-Generator/airflow_env/lib/python3.10/site-packages/airflow/example_dags/example_time_delta_sensor_async.py
[2024-05-23T15:43:57.095+0700] {processor.py:830} INFO - Processing file /mnt/d/Programming/Vietnamese-Text-Generator/airflow_env/lib/python3.10/site-packages/airflow/example_dags/example_time_delta_sensor_async.py for tasks to queue
[2024-05-23T15:43:57.100+0700] {logging_mixin.py:188} INFO - [2024-05-23T15:43:57.098+0700] {dagbag.py:540} INFO - Filling up the DagBag from /mnt/d/Programming/Vietnamese-Text-Generator/airflow_env/lib/python3.10/site-packages/airflow/example_dags/example_time_delta_sensor_async.py
[2024-05-23T15:43:57.117+0700] {processor.py:840} INFO - DAG(s) 'example_time_delta_sensor_async' retrieved from /mnt/d/Programming/Vietnamese-Text-Generator/airflow_env/lib/python3.10/site-packages/airflow/example_dags/example_time_delta_sensor_async.py
[2024-05-23T15:43:57.146+0700] {logging_mixin.py:188} INFO - [2024-05-23T15:43:57.145+0700] {dag.py:3096} INFO - Sync 1 DAGs
[2024-05-23T15:43:57.161+0700] {logging_mixin.py:188} INFO - [2024-05-23T15:43:57.160+0700] {dag.py:3954} INFO - Setting next_dagrun for example_time_delta_sensor_async to None, run_after=None
[2024-05-23T15:43:57.216+0700] {processor.py:183} INFO - Processing /mnt/d/Programming/Vietnamese-Text-Generator/airflow_env/lib/python3.10/site-packages/airflow/example_dags/example_time_delta_sensor_async.py took 0.134 seconds
[2024-05-23T15:45:09.319+0700] {processor.py:161} INFO - Started process (PID=1795) to work on /mnt/d/Programming/Vietnamese-Text-Generator/airflow_env/lib/python3.10/site-packages/airflow/example_dags/example_time_delta_sensor_async.py
[2024-05-23T15:45:09.322+0700] {processor.py:830} INFO - Processing file /mnt/d/Programming/Vietnamese-Text-Generator/airflow_env/lib/python3.10/site-packages/airflow/example_dags/example_time_delta_sensor_async.py for tasks to queue
[2024-05-23T15:45:09.327+0700] {logging_mixin.py:188} INFO - [2024-05-23T15:45:09.325+0700] {dagbag.py:540} INFO - Filling up the DagBag from /mnt/d/Programming/Vietnamese-Text-Generator/airflow_env/lib/python3.10/site-packages/airflow/example_dags/example_time_delta_sensor_async.py
[2024-05-23T15:45:09.350+0700] {processor.py:840} INFO - DAG(s) 'example_time_delta_sensor_async' retrieved from /mnt/d/Programming/Vietnamese-Text-Generator/airflow_env/lib/python3.10/site-packages/airflow/example_dags/example_time_delta_sensor_async.py
[2024-05-23T15:45:09.386+0700] {logging_mixin.py:188} INFO - [2024-05-23T15:45:09.384+0700] {dag.py:3096} INFO - Sync 1 DAGs
[2024-05-23T15:45:09.404+0700] {logging_mixin.py:188} INFO - [2024-05-23T15:45:09.402+0700] {dag.py:3954} INFO - Setting next_dagrun for example_time_delta_sensor_async to None, run_after=None
[2024-05-23T15:45:09.466+0700] {processor.py:183} INFO - Processing /mnt/d/Programming/Vietnamese-Text-Generator/airflow_env/lib/python3.10/site-packages/airflow/example_dags/example_time_delta_sensor_async.py took 0.162 seconds
[2024-05-23T15:46:24.070+0700] {processor.py:161} INFO - Started process (PID=2501) to work on /mnt/d/Programming/Vietnamese-Text-Generator/airflow_env/lib/python3.10/site-packages/airflow/example_dags/example_time_delta_sensor_async.py
[2024-05-23T15:46:24.072+0700] {processor.py:830} INFO - Processing file /mnt/d/Programming/Vietnamese-Text-Generator/airflow_env/lib/python3.10/site-packages/airflow/example_dags/example_time_delta_sensor_async.py for tasks to queue
[2024-05-23T15:46:24.075+0700] {logging_mixin.py:188} INFO - [2024-05-23T15:46:24.074+0700] {dagbag.py:540} INFO - Filling up the DagBag from /mnt/d/Programming/Vietnamese-Text-Generator/airflow_env/lib/python3.10/site-packages/airflow/example_dags/example_time_delta_sensor_async.py
[2024-05-23T15:46:24.093+0700] {processor.py:840} INFO - DAG(s) 'example_time_delta_sensor_async' retrieved from /mnt/d/Programming/Vietnamese-Text-Generator/airflow_env/lib/python3.10/site-packages/airflow/example_dags/example_time_delta_sensor_async.py
[2024-05-23T15:46:24.125+0700] {logging_mixin.py:188} INFO - [2024-05-23T15:46:24.124+0700] {dag.py:3096} INFO - Sync 1 DAGs
[2024-05-23T15:46:24.142+0700] {logging_mixin.py:188} INFO - [2024-05-23T15:46:24.141+0700] {dag.py:3954} INFO - Setting next_dagrun for example_time_delta_sensor_async to None, run_after=None
[2024-05-23T15:46:24.208+0700] {processor.py:183} INFO - Processing /mnt/d/Programming/Vietnamese-Text-Generator/airflow_env/lib/python3.10/site-packages/airflow/example_dags/example_time_delta_sensor_async.py took 0.149 seconds
[2024-05-23T15:47:29.978+0700] {processor.py:161} INFO - Started process (PID=2820) to work on /mnt/d/Programming/Vietnamese-Text-Generator/airflow_env/lib/python3.10/site-packages/airflow/example_dags/example_time_delta_sensor_async.py
[2024-05-23T15:47:29.980+0700] {processor.py:830} INFO - Processing file /mnt/d/Programming/Vietnamese-Text-Generator/airflow_env/lib/python3.10/site-packages/airflow/example_dags/example_time_delta_sensor_async.py for tasks to queue
[2024-05-23T15:47:29.984+0700] {logging_mixin.py:188} INFO - [2024-05-23T15:47:29.983+0700] {dagbag.py:540} INFO - Filling up the DagBag from /mnt/d/Programming/Vietnamese-Text-Generator/airflow_env/lib/python3.10/site-packages/airflow/example_dags/example_time_delta_sensor_async.py
[2024-05-23T15:47:30.004+0700] {processor.py:840} INFO - DAG(s) 'example_time_delta_sensor_async' retrieved from /mnt/d/Programming/Vietnamese-Text-Generator/airflow_env/lib/python3.10/site-packages/airflow/example_dags/example_time_delta_sensor_async.py
[2024-05-23T15:47:30.035+0700] {logging_mixin.py:188} INFO - [2024-05-23T15:47:30.034+0700] {dag.py:3096} INFO - Sync 1 DAGs
[2024-05-23T15:47:30.054+0700] {logging_mixin.py:188} INFO - [2024-05-23T15:47:30.052+0700] {dag.py:3954} INFO - Setting next_dagrun for example_time_delta_sensor_async to None, run_after=None
[2024-05-23T15:47:30.113+0700] {processor.py:183} INFO - Processing /mnt/d/Programming/Vietnamese-Text-Generator/airflow_env/lib/python3.10/site-packages/airflow/example_dags/example_time_delta_sensor_async.py took 0.148 seconds
[2024-05-23T15:54:43.570+0700] {processor.py:161} INFO - Started process (PID=4662) to work on /mnt/d/Programming/Vietnamese-Text-Generator/airflow_env/lib/python3.10/site-packages/airflow/example_dags/example_time_delta_sensor_async.py
[2024-05-23T15:54:43.572+0700] {processor.py:830} INFO - Processing file /mnt/d/Programming/Vietnamese-Text-Generator/airflow_env/lib/python3.10/site-packages/airflow/example_dags/example_time_delta_sensor_async.py for tasks to queue
[2024-05-23T15:54:43.575+0700] {logging_mixin.py:188} INFO - [2024-05-23T15:54:43.574+0700] {dagbag.py:540} INFO - Filling up the DagBag from /mnt/d/Programming/Vietnamese-Text-Generator/airflow_env/lib/python3.10/site-packages/airflow/example_dags/example_time_delta_sensor_async.py
[2024-05-23T15:54:43.594+0700] {processor.py:840} INFO - DAG(s) 'example_time_delta_sensor_async' retrieved from /mnt/d/Programming/Vietnamese-Text-Generator/airflow_env/lib/python3.10/site-packages/airflow/example_dags/example_time_delta_sensor_async.py
[2024-05-23T15:54:43.638+0700] {logging_mixin.py:188} INFO - [2024-05-23T15:54:43.636+0700] {dag.py:3096} INFO - Sync 1 DAGs
[2024-05-23T15:54:43.653+0700] {logging_mixin.py:188} INFO - [2024-05-23T15:54:43.652+0700] {dag.py:3954} INFO - Setting next_dagrun for example_time_delta_sensor_async to None, run_after=None
[2024-05-23T15:54:43.723+0700] {processor.py:183} INFO - Processing /mnt/d/Programming/Vietnamese-Text-Generator/airflow_env/lib/python3.10/site-packages/airflow/example_dags/example_time_delta_sensor_async.py took 0.167 seconds
[2024-05-23T15:55:49.995+0700] {processor.py:161} INFO - Started process (PID=4980) to work on /mnt/d/Programming/Vietnamese-Text-Generator/airflow_env/lib/python3.10/site-packages/airflow/example_dags/example_time_delta_sensor_async.py
[2024-05-23T15:55:49.998+0700] {processor.py:830} INFO - Processing file /mnt/d/Programming/Vietnamese-Text-Generator/airflow_env/lib/python3.10/site-packages/airflow/example_dags/example_time_delta_sensor_async.py for tasks to queue
[2024-05-23T15:55:50.001+0700] {logging_mixin.py:188} INFO - [2024-05-23T15:55:50.000+0700] {dagbag.py:540} INFO - Filling up the DagBag from /mnt/d/Programming/Vietnamese-Text-Generator/airflow_env/lib/python3.10/site-packages/airflow/example_dags/example_time_delta_sensor_async.py
[2024-05-23T15:55:50.020+0700] {processor.py:840} INFO - DAG(s) 'example_time_delta_sensor_async' retrieved from /mnt/d/Programming/Vietnamese-Text-Generator/airflow_env/lib/python3.10/site-packages/airflow/example_dags/example_time_delta_sensor_async.py
[2024-05-23T15:55:50.051+0700] {logging_mixin.py:188} INFO - [2024-05-23T15:55:50.049+0700] {dag.py:3096} INFO - Sync 1 DAGs
[2024-05-23T15:55:50.068+0700] {logging_mixin.py:188} INFO - [2024-05-23T15:55:50.067+0700] {dag.py:3954} INFO - Setting next_dagrun for example_time_delta_sensor_async to None, run_after=None
[2024-05-23T15:55:50.124+0700] {processor.py:183} INFO - Processing /mnt/d/Programming/Vietnamese-Text-Generator/airflow_env/lib/python3.10/site-packages/airflow/example_dags/example_time_delta_sensor_async.py took 0.140 seconds
[2024-05-23T15:56:57.603+0700] {processor.py:161} INFO - Started process (PID=5297) to work on /mnt/d/Programming/Vietnamese-Text-Generator/airflow_env/lib/python3.10/site-packages/airflow/example_dags/example_time_delta_sensor_async.py
[2024-05-23T15:56:57.605+0700] {processor.py:830} INFO - Processing file /mnt/d/Programming/Vietnamese-Text-Generator/airflow_env/lib/python3.10/site-packages/airflow/example_dags/example_time_delta_sensor_async.py for tasks to queue
[2024-05-23T15:56:57.607+0700] {logging_mixin.py:188} INFO - [2024-05-23T15:56:57.607+0700] {dagbag.py:540} INFO - Filling up the DagBag from /mnt/d/Programming/Vietnamese-Text-Generator/airflow_env/lib/python3.10/site-packages/airflow/example_dags/example_time_delta_sensor_async.py
[2024-05-23T15:56:57.628+0700] {processor.py:840} INFO - DAG(s) 'example_time_delta_sensor_async' retrieved from /mnt/d/Programming/Vietnamese-Text-Generator/airflow_env/lib/python3.10/site-packages/airflow/example_dags/example_time_delta_sensor_async.py
[2024-05-23T15:56:57.656+0700] {logging_mixin.py:188} INFO - [2024-05-23T15:56:57.655+0700] {dag.py:3096} INFO - Sync 1 DAGs
[2024-05-23T15:56:57.669+0700] {logging_mixin.py:188} INFO - [2024-05-23T15:56:57.669+0700] {dag.py:3954} INFO - Setting next_dagrun for example_time_delta_sensor_async to None, run_after=None
[2024-05-23T15:56:57.745+0700] {processor.py:183} INFO - Processing /mnt/d/Programming/Vietnamese-Text-Generator/airflow_env/lib/python3.10/site-packages/airflow/example_dags/example_time_delta_sensor_async.py took 0.156 seconds
[2024-05-23T15:58:06.441+0700] {processor.py:161} INFO - Started process (PID=5623) to work on /mnt/d/Programming/Vietnamese-Text-Generator/airflow_env/lib/python3.10/site-packages/airflow/example_dags/example_time_delta_sensor_async.py
[2024-05-23T15:58:06.443+0700] {processor.py:830} INFO - Processing file /mnt/d/Programming/Vietnamese-Text-Generator/airflow_env/lib/python3.10/site-packages/airflow/example_dags/example_time_delta_sensor_async.py for tasks to queue
[2024-05-23T15:58:06.446+0700] {logging_mixin.py:188} INFO - [2024-05-23T15:58:06.444+0700] {dagbag.py:540} INFO - Filling up the DagBag from /mnt/d/Programming/Vietnamese-Text-Generator/airflow_env/lib/python3.10/site-packages/airflow/example_dags/example_time_delta_sensor_async.py
[2024-05-23T15:58:06.466+0700] {processor.py:840} INFO - DAG(s) 'example_time_delta_sensor_async' retrieved from /mnt/d/Programming/Vietnamese-Text-Generator/airflow_env/lib/python3.10/site-packages/airflow/example_dags/example_time_delta_sensor_async.py
[2024-05-23T15:58:06.494+0700] {logging_mixin.py:188} INFO - [2024-05-23T15:58:06.493+0700] {dag.py:3096} INFO - Sync 1 DAGs
[2024-05-23T15:58:06.510+0700] {logging_mixin.py:188} INFO - [2024-05-23T15:58:06.509+0700] {dag.py:3954} INFO - Setting next_dagrun for example_time_delta_sensor_async to None, run_after=None
[2024-05-23T15:58:06.563+0700] {processor.py:183} INFO - Processing /mnt/d/Programming/Vietnamese-Text-Generator/airflow_env/lib/python3.10/site-packages/airflow/example_dags/example_time_delta_sensor_async.py took 0.133 seconds
[2024-05-23T15:59:20.308+0700] {processor.py:161} INFO - Started process (PID=5966) to work on /mnt/d/Programming/Vietnamese-Text-Generator/airflow_env/lib/python3.10/site-packages/airflow/example_dags/example_time_delta_sensor_async.py
[2024-05-23T15:59:20.312+0700] {processor.py:830} INFO - Processing file /mnt/d/Programming/Vietnamese-Text-Generator/airflow_env/lib/python3.10/site-packages/airflow/example_dags/example_time_delta_sensor_async.py for tasks to queue
[2024-05-23T15:59:20.314+0700] {logging_mixin.py:188} INFO - [2024-05-23T15:59:20.314+0700] {dagbag.py:540} INFO - Filling up the DagBag from /mnt/d/Programming/Vietnamese-Text-Generator/airflow_env/lib/python3.10/site-packages/airflow/example_dags/example_time_delta_sensor_async.py
[2024-05-23T15:59:20.344+0700] {processor.py:840} INFO - DAG(s) 'example_time_delta_sensor_async' retrieved from /mnt/d/Programming/Vietnamese-Text-Generator/airflow_env/lib/python3.10/site-packages/airflow/example_dags/example_time_delta_sensor_async.py
[2024-05-23T15:59:20.379+0700] {logging_mixin.py:188} INFO - [2024-05-23T15:59:20.378+0700] {dag.py:3096} INFO - Sync 1 DAGs
[2024-05-23T15:59:20.403+0700] {logging_mixin.py:188} INFO - [2024-05-23T15:59:20.401+0700] {dag.py:3954} INFO - Setting next_dagrun for example_time_delta_sensor_async to None, run_after=None
[2024-05-23T15:59:20.466+0700] {processor.py:183} INFO - Processing /mnt/d/Programming/Vietnamese-Text-Generator/airflow_env/lib/python3.10/site-packages/airflow/example_dags/example_time_delta_sensor_async.py took 0.181 seconds
[2024-05-23T16:00:28.220+0700] {processor.py:161} INFO - Started process (PID=6290) to work on /mnt/d/Programming/Vietnamese-Text-Generator/airflow_env/lib/python3.10/site-packages/airflow/example_dags/example_time_delta_sensor_async.py
[2024-05-23T16:00:28.221+0700] {processor.py:830} INFO - Processing file /mnt/d/Programming/Vietnamese-Text-Generator/airflow_env/lib/python3.10/site-packages/airflow/example_dags/example_time_delta_sensor_async.py for tasks to queue
[2024-05-23T16:00:28.224+0700] {logging_mixin.py:188} INFO - [2024-05-23T16:00:28.223+0700] {dagbag.py:540} INFO - Filling up the DagBag from /mnt/d/Programming/Vietnamese-Text-Generator/airflow_env/lib/python3.10/site-packages/airflow/example_dags/example_time_delta_sensor_async.py
[2024-05-23T16:00:28.241+0700] {processor.py:840} INFO - DAG(s) 'example_time_delta_sensor_async' retrieved from /mnt/d/Programming/Vietnamese-Text-Generator/airflow_env/lib/python3.10/site-packages/airflow/example_dags/example_time_delta_sensor_async.py
[2024-05-23T16:00:28.270+0700] {logging_mixin.py:188} INFO - [2024-05-23T16:00:28.268+0700] {dag.py:3096} INFO - Sync 1 DAGs
[2024-05-23T16:00:28.285+0700] {logging_mixin.py:188} INFO - [2024-05-23T16:00:28.284+0700] {dag.py:3954} INFO - Setting next_dagrun for example_time_delta_sensor_async to None, run_after=None
[2024-05-23T16:00:28.339+0700] {processor.py:183} INFO - Processing /mnt/d/Programming/Vietnamese-Text-Generator/airflow_env/lib/python3.10/site-packages/airflow/example_dags/example_time_delta_sensor_async.py took 0.131 seconds
[2024-05-23T16:01:33.498+0700] {processor.py:161} INFO - Started process (PID=6599) to work on /mnt/d/Programming/Vietnamese-Text-Generator/airflow_env/lib/python3.10/site-packages/airflow/example_dags/example_time_delta_sensor_async.py
[2024-05-23T16:01:33.501+0700] {processor.py:830} INFO - Processing file /mnt/d/Programming/Vietnamese-Text-Generator/airflow_env/lib/python3.10/site-packages/airflow/example_dags/example_time_delta_sensor_async.py for tasks to queue
[2024-05-23T16:01:33.504+0700] {logging_mixin.py:188} INFO - [2024-05-23T16:01:33.502+0700] {dagbag.py:540} INFO - Filling up the DagBag from /mnt/d/Programming/Vietnamese-Text-Generator/airflow_env/lib/python3.10/site-packages/airflow/example_dags/example_time_delta_sensor_async.py
[2024-05-23T16:01:33.523+0700] {processor.py:840} INFO - DAG(s) 'example_time_delta_sensor_async' retrieved from /mnt/d/Programming/Vietnamese-Text-Generator/airflow_env/lib/python3.10/site-packages/airflow/example_dags/example_time_delta_sensor_async.py
[2024-05-23T16:01:33.552+0700] {logging_mixin.py:188} INFO - [2024-05-23T16:01:33.551+0700] {dag.py:3096} INFO - Sync 1 DAGs
[2024-05-23T16:01:33.567+0700] {logging_mixin.py:188} INFO - [2024-05-23T16:01:33.566+0700] {dag.py:3954} INFO - Setting next_dagrun for example_time_delta_sensor_async to None, run_after=None
[2024-05-23T16:01:33.614+0700] {processor.py:183} INFO - Processing /mnt/d/Programming/Vietnamese-Text-Generator/airflow_env/lib/python3.10/site-packages/airflow/example_dags/example_time_delta_sensor_async.py took 0.127 seconds
[2024-05-23T16:02:40.616+0700] {processor.py:161} INFO - Started process (PID=6918) to work on /mnt/d/Programming/Vietnamese-Text-Generator/airflow_env/lib/python3.10/site-packages/airflow/example_dags/example_time_delta_sensor_async.py
[2024-05-23T16:02:40.617+0700] {processor.py:830} INFO - Processing file /mnt/d/Programming/Vietnamese-Text-Generator/airflow_env/lib/python3.10/site-packages/airflow/example_dags/example_time_delta_sensor_async.py for tasks to queue
[2024-05-23T16:02:40.619+0700] {logging_mixin.py:188} INFO - [2024-05-23T16:02:40.618+0700] {dagbag.py:540} INFO - Filling up the DagBag from /mnt/d/Programming/Vietnamese-Text-Generator/airflow_env/lib/python3.10/site-packages/airflow/example_dags/example_time_delta_sensor_async.py
[2024-05-23T16:02:40.636+0700] {processor.py:840} INFO - DAG(s) 'example_time_delta_sensor_async' retrieved from /mnt/d/Programming/Vietnamese-Text-Generator/airflow_env/lib/python3.10/site-packages/airflow/example_dags/example_time_delta_sensor_async.py
[2024-05-23T16:02:40.665+0700] {logging_mixin.py:188} INFO - [2024-05-23T16:02:40.664+0700] {dag.py:3096} INFO - Sync 1 DAGs
[2024-05-23T16:02:40.681+0700] {logging_mixin.py:188} INFO - [2024-05-23T16:02:40.679+0700] {dag.py:3954} INFO - Setting next_dagrun for example_time_delta_sensor_async to None, run_after=None
[2024-05-23T16:02:40.738+0700] {processor.py:183} INFO - Processing /mnt/d/Programming/Vietnamese-Text-Generator/airflow_env/lib/python3.10/site-packages/airflow/example_dags/example_time_delta_sensor_async.py took 0.136 seconds
[2024-05-23T16:03:55.940+0700] {processor.py:161} INFO - Started process (PID=7268) to work on /mnt/d/Programming/Vietnamese-Text-Generator/airflow_env/lib/python3.10/site-packages/airflow/example_dags/example_time_delta_sensor_async.py
[2024-05-23T16:03:55.944+0700] {processor.py:830} INFO - Processing file /mnt/d/Programming/Vietnamese-Text-Generator/airflow_env/lib/python3.10/site-packages/airflow/example_dags/example_time_delta_sensor_async.py for tasks to queue
[2024-05-23T16:03:55.948+0700] {logging_mixin.py:188} INFO - [2024-05-23T16:03:55.947+0700] {dagbag.py:540} INFO - Filling up the DagBag from /mnt/d/Programming/Vietnamese-Text-Generator/airflow_env/lib/python3.10/site-packages/airflow/example_dags/example_time_delta_sensor_async.py
[2024-05-23T16:03:55.980+0700] {processor.py:840} INFO - DAG(s) 'example_time_delta_sensor_async' retrieved from /mnt/d/Programming/Vietnamese-Text-Generator/airflow_env/lib/python3.10/site-packages/airflow/example_dags/example_time_delta_sensor_async.py
[2024-05-23T16:03:56.026+0700] {logging_mixin.py:188} INFO - [2024-05-23T16:03:56.023+0700] {dag.py:3096} INFO - Sync 1 DAGs
[2024-05-23T16:03:56.059+0700] {logging_mixin.py:188} INFO - [2024-05-23T16:03:56.057+0700] {dag.py:3954} INFO - Setting next_dagrun for example_time_delta_sensor_async to None, run_after=None
[2024-05-23T16:03:56.150+0700] {processor.py:183} INFO - Processing /mnt/d/Programming/Vietnamese-Text-Generator/airflow_env/lib/python3.10/site-packages/airflow/example_dags/example_time_delta_sensor_async.py took 0.231 seconds
[2024-05-23T16:35:01.733+0700] {processor.py:161} INFO - Started process (PID=17049) to work on /mnt/d/Programming/Vietnamese-Text-Generator/airflow_env/lib/python3.10/site-packages/airflow/example_dags/example_time_delta_sensor_async.py
[2024-05-23T16:35:01.735+0700] {processor.py:830} INFO - Processing file /mnt/d/Programming/Vietnamese-Text-Generator/airflow_env/lib/python3.10/site-packages/airflow/example_dags/example_time_delta_sensor_async.py for tasks to queue
[2024-05-23T16:35:01.737+0700] {logging_mixin.py:188} INFO - [2024-05-23T16:35:01.736+0700] {dagbag.py:540} INFO - Filling up the DagBag from /mnt/d/Programming/Vietnamese-Text-Generator/airflow_env/lib/python3.10/site-packages/airflow/example_dags/example_time_delta_sensor_async.py
[2024-05-23T16:35:01.754+0700] {processor.py:840} INFO - DAG(s) 'example_time_delta_sensor_async' retrieved from /mnt/d/Programming/Vietnamese-Text-Generator/airflow_env/lib/python3.10/site-packages/airflow/example_dags/example_time_delta_sensor_async.py
[2024-05-23T16:35:01.792+0700] {logging_mixin.py:188} INFO - [2024-05-23T16:35:01.791+0700] {dag.py:3096} INFO - Sync 1 DAGs
[2024-05-23T16:35:01.809+0700] {logging_mixin.py:188} INFO - [2024-05-23T16:35:01.807+0700] {dag.py:3954} INFO - Setting next_dagrun for example_time_delta_sensor_async to None, run_after=None
[2024-05-23T16:35:01.891+0700] {processor.py:183} INFO - Processing /mnt/d/Programming/Vietnamese-Text-Generator/airflow_env/lib/python3.10/site-packages/airflow/example_dags/example_time_delta_sensor_async.py took 0.169 seconds
[2024-05-23T16:36:08.849+0700] {processor.py:161} INFO - Started process (PID=17360) to work on /mnt/d/Programming/Vietnamese-Text-Generator/airflow_env/lib/python3.10/site-packages/airflow/example_dags/example_time_delta_sensor_async.py
[2024-05-23T16:36:08.852+0700] {processor.py:830} INFO - Processing file /mnt/d/Programming/Vietnamese-Text-Generator/airflow_env/lib/python3.10/site-packages/airflow/example_dags/example_time_delta_sensor_async.py for tasks to queue
[2024-05-23T16:36:08.854+0700] {logging_mixin.py:188} INFO - [2024-05-23T16:36:08.853+0700] {dagbag.py:540} INFO - Filling up the DagBag from /mnt/d/Programming/Vietnamese-Text-Generator/airflow_env/lib/python3.10/site-packages/airflow/example_dags/example_time_delta_sensor_async.py
[2024-05-23T16:36:08.873+0700] {processor.py:840} INFO - DAG(s) 'example_time_delta_sensor_async' retrieved from /mnt/d/Programming/Vietnamese-Text-Generator/airflow_env/lib/python3.10/site-packages/airflow/example_dags/example_time_delta_sensor_async.py
[2024-05-23T16:36:08.904+0700] {logging_mixin.py:188} INFO - [2024-05-23T16:36:08.902+0700] {dag.py:3096} INFO - Sync 1 DAGs
[2024-05-23T16:36:08.921+0700] {logging_mixin.py:188} INFO - [2024-05-23T16:36:08.920+0700] {dag.py:3954} INFO - Setting next_dagrun for example_time_delta_sensor_async to None, run_after=None
[2024-05-23T16:36:08.977+0700] {processor.py:183} INFO - Processing /mnt/d/Programming/Vietnamese-Text-Generator/airflow_env/lib/python3.10/site-packages/airflow/example_dags/example_time_delta_sensor_async.py took 0.140 seconds
[2024-05-23T16:37:23.907+0700] {processor.py:161} INFO - Started process (PID=17709) to work on /mnt/d/Programming/Vietnamese-Text-Generator/airflow_env/lib/python3.10/site-packages/airflow/example_dags/example_time_delta_sensor_async.py
[2024-05-23T16:37:23.909+0700] {processor.py:830} INFO - Processing file /mnt/d/Programming/Vietnamese-Text-Generator/airflow_env/lib/python3.10/site-packages/airflow/example_dags/example_time_delta_sensor_async.py for tasks to queue
[2024-05-23T16:37:23.913+0700] {logging_mixin.py:188} INFO - [2024-05-23T16:37:23.911+0700] {dagbag.py:540} INFO - Filling up the DagBag from /mnt/d/Programming/Vietnamese-Text-Generator/airflow_env/lib/python3.10/site-packages/airflow/example_dags/example_time_delta_sensor_async.py
[2024-05-23T16:37:23.934+0700] {processor.py:840} INFO - DAG(s) 'example_time_delta_sensor_async' retrieved from /mnt/d/Programming/Vietnamese-Text-Generator/airflow_env/lib/python3.10/site-packages/airflow/example_dags/example_time_delta_sensor_async.py
[2024-05-23T16:37:23.967+0700] {logging_mixin.py:188} INFO - [2024-05-23T16:37:23.966+0700] {dag.py:3096} INFO - Sync 1 DAGs
[2024-05-23T16:37:23.985+0700] {logging_mixin.py:188} INFO - [2024-05-23T16:37:23.983+0700] {dag.py:3954} INFO - Setting next_dagrun for example_time_delta_sensor_async to None, run_after=None
[2024-05-23T16:37:24.054+0700] {processor.py:183} INFO - Processing /mnt/d/Programming/Vietnamese-Text-Generator/airflow_env/lib/python3.10/site-packages/airflow/example_dags/example_time_delta_sensor_async.py took 0.161 seconds
[2024-05-23T16:49:49.144+0700] {processor.py:161} INFO - Started process (PID=20864) to work on /mnt/d/Programming/Vietnamese-Text-Generator/airflow_env/lib/python3.10/site-packages/airflow/example_dags/example_time_delta_sensor_async.py
[2024-05-23T16:49:49.146+0700] {processor.py:830} INFO - Processing file /mnt/d/Programming/Vietnamese-Text-Generator/airflow_env/lib/python3.10/site-packages/airflow/example_dags/example_time_delta_sensor_async.py for tasks to queue
[2024-05-23T16:49:49.149+0700] {logging_mixin.py:188} INFO - [2024-05-23T16:49:49.148+0700] {dagbag.py:540} INFO - Filling up the DagBag from /mnt/d/Programming/Vietnamese-Text-Generator/airflow_env/lib/python3.10/site-packages/airflow/example_dags/example_time_delta_sensor_async.py
[2024-05-23T16:49:49.170+0700] {processor.py:840} INFO - DAG(s) 'example_time_delta_sensor_async' retrieved from /mnt/d/Programming/Vietnamese-Text-Generator/airflow_env/lib/python3.10/site-packages/airflow/example_dags/example_time_delta_sensor_async.py
[2024-05-23T16:49:49.213+0700] {logging_mixin.py:188} INFO - [2024-05-23T16:49:49.211+0700] {dag.py:3096} INFO - Sync 1 DAGs
[2024-05-23T16:49:49.228+0700] {logging_mixin.py:188} INFO - [2024-05-23T16:49:49.227+0700] {dag.py:3954} INFO - Setting next_dagrun for example_time_delta_sensor_async to None, run_after=None
[2024-05-23T16:49:49.286+0700] {processor.py:183} INFO - Processing /mnt/d/Programming/Vietnamese-Text-Generator/airflow_env/lib/python3.10/site-packages/airflow/example_dags/example_time_delta_sensor_async.py took 0.153 seconds
[2024-05-23T16:51:04.422+0700] {processor.py:161} INFO - Started process (PID=21216) to work on /mnt/d/Programming/Vietnamese-Text-Generator/airflow_env/lib/python3.10/site-packages/airflow/example_dags/example_time_delta_sensor_async.py
[2024-05-23T16:51:04.424+0700] {processor.py:830} INFO - Processing file /mnt/d/Programming/Vietnamese-Text-Generator/airflow_env/lib/python3.10/site-packages/airflow/example_dags/example_time_delta_sensor_async.py for tasks to queue
[2024-05-23T16:51:04.426+0700] {logging_mixin.py:188} INFO - [2024-05-23T16:51:04.425+0700] {dagbag.py:540} INFO - Filling up the DagBag from /mnt/d/Programming/Vietnamese-Text-Generator/airflow_env/lib/python3.10/site-packages/airflow/example_dags/example_time_delta_sensor_async.py
[2024-05-23T16:51:04.441+0700] {processor.py:840} INFO - DAG(s) 'example_time_delta_sensor_async' retrieved from /mnt/d/Programming/Vietnamese-Text-Generator/airflow_env/lib/python3.10/site-packages/airflow/example_dags/example_time_delta_sensor_async.py
[2024-05-23T16:51:04.464+0700] {logging_mixin.py:188} INFO - [2024-05-23T16:51:04.463+0700] {dag.py:3096} INFO - Sync 1 DAGs
[2024-05-23T16:51:04.476+0700] {logging_mixin.py:188} INFO - [2024-05-23T16:51:04.475+0700] {dag.py:3954} INFO - Setting next_dagrun for example_time_delta_sensor_async to None, run_after=None
[2024-05-23T16:51:04.530+0700] {processor.py:183} INFO - Processing /mnt/d/Programming/Vietnamese-Text-Generator/airflow_env/lib/python3.10/site-packages/airflow/example_dags/example_time_delta_sensor_async.py took 0.119 seconds
[2024-05-23T16:52:18.336+0700] {processor.py:161} INFO - Started process (PID=21559) to work on /mnt/d/Programming/Vietnamese-Text-Generator/airflow_env/lib/python3.10/site-packages/airflow/example_dags/example_time_delta_sensor_async.py
[2024-05-23T16:52:18.337+0700] {processor.py:830} INFO - Processing file /mnt/d/Programming/Vietnamese-Text-Generator/airflow_env/lib/python3.10/site-packages/airflow/example_dags/example_time_delta_sensor_async.py for tasks to queue
[2024-05-23T16:52:18.339+0700] {logging_mixin.py:188} INFO - [2024-05-23T16:52:18.338+0700] {dagbag.py:540} INFO - Filling up the DagBag from /mnt/d/Programming/Vietnamese-Text-Generator/airflow_env/lib/python3.10/site-packages/airflow/example_dags/example_time_delta_sensor_async.py
[2024-05-23T16:52:18.357+0700] {processor.py:840} INFO - DAG(s) 'example_time_delta_sensor_async' retrieved from /mnt/d/Programming/Vietnamese-Text-Generator/airflow_env/lib/python3.10/site-packages/airflow/example_dags/example_time_delta_sensor_async.py
[2024-05-23T16:52:18.382+0700] {logging_mixin.py:188} INFO - [2024-05-23T16:52:18.382+0700] {dag.py:3096} INFO - Sync 1 DAGs
[2024-05-23T16:52:18.395+0700] {logging_mixin.py:188} INFO - [2024-05-23T16:52:18.394+0700] {dag.py:3954} INFO - Setting next_dagrun for example_time_delta_sensor_async to None, run_after=None
[2024-05-23T16:52:18.440+0700] {processor.py:183} INFO - Processing /mnt/d/Programming/Vietnamese-Text-Generator/airflow_env/lib/python3.10/site-packages/airflow/example_dags/example_time_delta_sensor_async.py took 0.117 seconds
[2024-05-23T16:53:30.983+0700] {processor.py:161} INFO - Started process (PID=21898) to work on /mnt/d/Programming/Vietnamese-Text-Generator/airflow_env/lib/python3.10/site-packages/airflow/example_dags/example_time_delta_sensor_async.py
[2024-05-23T16:53:30.986+0700] {processor.py:830} INFO - Processing file /mnt/d/Programming/Vietnamese-Text-Generator/airflow_env/lib/python3.10/site-packages/airflow/example_dags/example_time_delta_sensor_async.py for tasks to queue
[2024-05-23T16:53:30.990+0700] {logging_mixin.py:188} INFO - [2024-05-23T16:53:30.988+0700] {dagbag.py:540} INFO - Filling up the DagBag from /mnt/d/Programming/Vietnamese-Text-Generator/airflow_env/lib/python3.10/site-packages/airflow/example_dags/example_time_delta_sensor_async.py
[2024-05-23T16:53:31.013+0700] {processor.py:840} INFO - DAG(s) 'example_time_delta_sensor_async' retrieved from /mnt/d/Programming/Vietnamese-Text-Generator/airflow_env/lib/python3.10/site-packages/airflow/example_dags/example_time_delta_sensor_async.py
[2024-05-23T16:53:31.050+0700] {logging_mixin.py:188} INFO - [2024-05-23T16:53:31.049+0700] {dag.py:3096} INFO - Sync 1 DAGs
[2024-05-23T16:53:31.072+0700] {logging_mixin.py:188} INFO - [2024-05-23T16:53:31.071+0700] {dag.py:3954} INFO - Setting next_dagrun for example_time_delta_sensor_async to None, run_after=None
[2024-05-23T16:53:31.139+0700] {processor.py:183} INFO - Processing /mnt/d/Programming/Vietnamese-Text-Generator/airflow_env/lib/python3.10/site-packages/airflow/example_dags/example_time_delta_sensor_async.py took 0.170 seconds
[2024-05-23T16:54:42.005+0700] {processor.py:161} INFO - Started process (PID=22228) to work on /mnt/d/Programming/Vietnamese-Text-Generator/airflow_env/lib/python3.10/site-packages/airflow/example_dags/example_time_delta_sensor_async.py
[2024-05-23T16:54:42.007+0700] {processor.py:830} INFO - Processing file /mnt/d/Programming/Vietnamese-Text-Generator/airflow_env/lib/python3.10/site-packages/airflow/example_dags/example_time_delta_sensor_async.py for tasks to queue
[2024-05-23T16:54:42.009+0700] {logging_mixin.py:188} INFO - [2024-05-23T16:54:42.008+0700] {dagbag.py:540} INFO - Filling up the DagBag from /mnt/d/Programming/Vietnamese-Text-Generator/airflow_env/lib/python3.10/site-packages/airflow/example_dags/example_time_delta_sensor_async.py
[2024-05-23T16:54:42.026+0700] {processor.py:840} INFO - DAG(s) 'example_time_delta_sensor_async' retrieved from /mnt/d/Programming/Vietnamese-Text-Generator/airflow_env/lib/python3.10/site-packages/airflow/example_dags/example_time_delta_sensor_async.py
[2024-05-23T16:54:42.055+0700] {logging_mixin.py:188} INFO - [2024-05-23T16:54:42.054+0700] {dag.py:3096} INFO - Sync 1 DAGs
[2024-05-23T16:54:42.071+0700] {logging_mixin.py:188} INFO - [2024-05-23T16:54:42.070+0700] {dag.py:3954} INFO - Setting next_dagrun for example_time_delta_sensor_async to None, run_after=None
[2024-05-23T16:54:42.133+0700] {processor.py:183} INFO - Processing /mnt/d/Programming/Vietnamese-Text-Generator/airflow_env/lib/python3.10/site-packages/airflow/example_dags/example_time_delta_sensor_async.py took 0.140 seconds
[2024-05-23T16:55:48.521+0700] {processor.py:161} INFO - Started process (PID=22542) to work on /mnt/d/Programming/Vietnamese-Text-Generator/airflow_env/lib/python3.10/site-packages/airflow/example_dags/example_time_delta_sensor_async.py
[2024-05-23T16:55:48.523+0700] {processor.py:830} INFO - Processing file /mnt/d/Programming/Vietnamese-Text-Generator/airflow_env/lib/python3.10/site-packages/airflow/example_dags/example_time_delta_sensor_async.py for tasks to queue
[2024-05-23T16:55:48.525+0700] {logging_mixin.py:188} INFO - [2024-05-23T16:55:48.525+0700] {dagbag.py:540} INFO - Filling up the DagBag from /mnt/d/Programming/Vietnamese-Text-Generator/airflow_env/lib/python3.10/site-packages/airflow/example_dags/example_time_delta_sensor_async.py
[2024-05-23T16:55:48.542+0700] {processor.py:840} INFO - DAG(s) 'example_time_delta_sensor_async' retrieved from /mnt/d/Programming/Vietnamese-Text-Generator/airflow_env/lib/python3.10/site-packages/airflow/example_dags/example_time_delta_sensor_async.py
[2024-05-23T16:55:48.571+0700] {logging_mixin.py:188} INFO - [2024-05-23T16:55:48.570+0700] {dag.py:3096} INFO - Sync 1 DAGs
[2024-05-23T16:55:48.585+0700] {logging_mixin.py:188} INFO - [2024-05-23T16:55:48.584+0700] {dag.py:3954} INFO - Setting next_dagrun for example_time_delta_sensor_async to None, run_after=None
[2024-05-23T16:55:48.639+0700] {processor.py:183} INFO - Processing /mnt/d/Programming/Vietnamese-Text-Generator/airflow_env/lib/python3.10/site-packages/airflow/example_dags/example_time_delta_sensor_async.py took 0.131 seconds
[2024-05-23T16:56:58.749+0700] {processor.py:161} INFO - Started process (PID=22870) to work on /mnt/d/Programming/Vietnamese-Text-Generator/airflow_env/lib/python3.10/site-packages/airflow/example_dags/example_time_delta_sensor_async.py
[2024-05-23T16:56:58.752+0700] {processor.py:830} INFO - Processing file /mnt/d/Programming/Vietnamese-Text-Generator/airflow_env/lib/python3.10/site-packages/airflow/example_dags/example_time_delta_sensor_async.py for tasks to queue
[2024-05-23T16:56:58.755+0700] {logging_mixin.py:188} INFO - [2024-05-23T16:56:58.754+0700] {dagbag.py:540} INFO - Filling up the DagBag from /mnt/d/Programming/Vietnamese-Text-Generator/airflow_env/lib/python3.10/site-packages/airflow/example_dags/example_time_delta_sensor_async.py
[2024-05-23T16:56:58.780+0700] {processor.py:840} INFO - DAG(s) 'example_time_delta_sensor_async' retrieved from /mnt/d/Programming/Vietnamese-Text-Generator/airflow_env/lib/python3.10/site-packages/airflow/example_dags/example_time_delta_sensor_async.py
[2024-05-23T16:56:58.823+0700] {logging_mixin.py:188} INFO - [2024-05-23T16:56:58.821+0700] {dag.py:3096} INFO - Sync 1 DAGs
[2024-05-23T16:56:58.841+0700] {logging_mixin.py:188} INFO - [2024-05-23T16:56:58.840+0700] {dag.py:3954} INFO - Setting next_dagrun for example_time_delta_sensor_async to None, run_after=None
[2024-05-23T16:56:58.890+0700] {processor.py:183} INFO - Processing /mnt/d/Programming/Vietnamese-Text-Generator/airflow_env/lib/python3.10/site-packages/airflow/example_dags/example_time_delta_sensor_async.py took 0.155 seconds
[2024-05-23T16:58:06.262+0700] {processor.py:161} INFO - Started process (PID=23186) to work on /mnt/d/Programming/Vietnamese-Text-Generator/airflow_env/lib/python3.10/site-packages/airflow/example_dags/example_time_delta_sensor_async.py
[2024-05-23T16:58:06.265+0700] {processor.py:830} INFO - Processing file /mnt/d/Programming/Vietnamese-Text-Generator/airflow_env/lib/python3.10/site-packages/airflow/example_dags/example_time_delta_sensor_async.py for tasks to queue
[2024-05-23T16:58:06.268+0700] {logging_mixin.py:188} INFO - [2024-05-23T16:58:06.266+0700] {dagbag.py:540} INFO - Filling up the DagBag from /mnt/d/Programming/Vietnamese-Text-Generator/airflow_env/lib/python3.10/site-packages/airflow/example_dags/example_time_delta_sensor_async.py
[2024-05-23T16:58:06.287+0700] {processor.py:840} INFO - DAG(s) 'example_time_delta_sensor_async' retrieved from /mnt/d/Programming/Vietnamese-Text-Generator/airflow_env/lib/python3.10/site-packages/airflow/example_dags/example_time_delta_sensor_async.py
[2024-05-23T16:58:06.319+0700] {logging_mixin.py:188} INFO - [2024-05-23T16:58:06.317+0700] {dag.py:3096} INFO - Sync 1 DAGs
[2024-05-23T16:58:06.333+0700] {logging_mixin.py:188} INFO - [2024-05-23T16:58:06.332+0700] {dag.py:3954} INFO - Setting next_dagrun for example_time_delta_sensor_async to None, run_after=None
[2024-05-23T16:58:06.394+0700] {processor.py:183} INFO - Processing /mnt/d/Programming/Vietnamese-Text-Generator/airflow_env/lib/python3.10/site-packages/airflow/example_dags/example_time_delta_sensor_async.py took 0.143 seconds
[2024-05-23T16:59:15.353+0700] {processor.py:161} INFO - Started process (PID=23510) to work on /mnt/d/Programming/Vietnamese-Text-Generator/airflow_env/lib/python3.10/site-packages/airflow/example_dags/example_time_delta_sensor_async.py
[2024-05-23T16:59:15.355+0700] {processor.py:830} INFO - Processing file /mnt/d/Programming/Vietnamese-Text-Generator/airflow_env/lib/python3.10/site-packages/airflow/example_dags/example_time_delta_sensor_async.py for tasks to queue
[2024-05-23T16:59:15.359+0700] {logging_mixin.py:188} INFO - [2024-05-23T16:59:15.358+0700] {dagbag.py:540} INFO - Filling up the DagBag from /mnt/d/Programming/Vietnamese-Text-Generator/airflow_env/lib/python3.10/site-packages/airflow/example_dags/example_time_delta_sensor_async.py
[2024-05-23T16:59:15.379+0700] {processor.py:840} INFO - DAG(s) 'example_time_delta_sensor_async' retrieved from /mnt/d/Programming/Vietnamese-Text-Generator/airflow_env/lib/python3.10/site-packages/airflow/example_dags/example_time_delta_sensor_async.py
[2024-05-23T16:59:15.411+0700] {logging_mixin.py:188} INFO - [2024-05-23T16:59:15.410+0700] {dag.py:3096} INFO - Sync 1 DAGs
[2024-05-23T16:59:15.427+0700] {logging_mixin.py:188} INFO - [2024-05-23T16:59:15.426+0700] {dag.py:3954} INFO - Setting next_dagrun for example_time_delta_sensor_async to None, run_after=None
[2024-05-23T16:59:15.491+0700] {processor.py:183} INFO - Processing /mnt/d/Programming/Vietnamese-Text-Generator/airflow_env/lib/python3.10/site-packages/airflow/example_dags/example_time_delta_sensor_async.py took 0.149 seconds
[2024-05-23T17:00:26.251+0700] {processor.py:161} INFO - Started process (PID=23840) to work on /mnt/d/Programming/Vietnamese-Text-Generator/airflow_env/lib/python3.10/site-packages/airflow/example_dags/example_time_delta_sensor_async.py
[2024-05-23T17:00:26.253+0700] {processor.py:830} INFO - Processing file /mnt/d/Programming/Vietnamese-Text-Generator/airflow_env/lib/python3.10/site-packages/airflow/example_dags/example_time_delta_sensor_async.py for tasks to queue
[2024-05-23T17:00:26.255+0700] {logging_mixin.py:188} INFO - [2024-05-23T17:00:26.254+0700] {dagbag.py:540} INFO - Filling up the DagBag from /mnt/d/Programming/Vietnamese-Text-Generator/airflow_env/lib/python3.10/site-packages/airflow/example_dags/example_time_delta_sensor_async.py
[2024-05-23T17:00:26.272+0700] {processor.py:840} INFO - DAG(s) 'example_time_delta_sensor_async' retrieved from /mnt/d/Programming/Vietnamese-Text-Generator/airflow_env/lib/python3.10/site-packages/airflow/example_dags/example_time_delta_sensor_async.py
[2024-05-23T17:00:26.305+0700] {logging_mixin.py:188} INFO - [2024-05-23T17:00:26.304+0700] {dag.py:3096} INFO - Sync 1 DAGs
[2024-05-23T17:00:26.319+0700] {logging_mixin.py:188} INFO - [2024-05-23T17:00:26.318+0700] {dag.py:3954} INFO - Setting next_dagrun for example_time_delta_sensor_async to None, run_after=None
[2024-05-23T17:00:26.386+0700] {processor.py:183} INFO - Processing /mnt/d/Programming/Vietnamese-Text-Generator/airflow_env/lib/python3.10/site-packages/airflow/example_dags/example_time_delta_sensor_async.py took 0.145 seconds
[2024-05-23T17:01:34.235+0700] {processor.py:161} INFO - Started process (PID=24157) to work on /mnt/d/Programming/Vietnamese-Text-Generator/airflow_env/lib/python3.10/site-packages/airflow/example_dags/example_time_delta_sensor_async.py
[2024-05-23T17:01:34.237+0700] {processor.py:830} INFO - Processing file /mnt/d/Programming/Vietnamese-Text-Generator/airflow_env/lib/python3.10/site-packages/airflow/example_dags/example_time_delta_sensor_async.py for tasks to queue
[2024-05-23T17:01:34.239+0700] {logging_mixin.py:188} INFO - [2024-05-23T17:01:34.238+0700] {dagbag.py:540} INFO - Filling up the DagBag from /mnt/d/Programming/Vietnamese-Text-Generator/airflow_env/lib/python3.10/site-packages/airflow/example_dags/example_time_delta_sensor_async.py
[2024-05-23T17:01:34.254+0700] {processor.py:840} INFO - DAG(s) 'example_time_delta_sensor_async' retrieved from /mnt/d/Programming/Vietnamese-Text-Generator/airflow_env/lib/python3.10/site-packages/airflow/example_dags/example_time_delta_sensor_async.py
[2024-05-23T17:01:34.276+0700] {logging_mixin.py:188} INFO - [2024-05-23T17:01:34.275+0700] {dag.py:3096} INFO - Sync 1 DAGs
[2024-05-23T17:01:34.287+0700] {logging_mixin.py:188} INFO - [2024-05-23T17:01:34.287+0700] {dag.py:3954} INFO - Setting next_dagrun for example_time_delta_sensor_async to None, run_after=None
[2024-05-23T17:01:34.333+0700] {processor.py:183} INFO - Processing /mnt/d/Programming/Vietnamese-Text-Generator/airflow_env/lib/python3.10/site-packages/airflow/example_dags/example_time_delta_sensor_async.py took 0.108 seconds
[2024-05-23T17:02:46.165+0700] {processor.py:161} INFO - Started process (PID=24490) to work on /mnt/d/Programming/Vietnamese-Text-Generator/airflow_env/lib/python3.10/site-packages/airflow/example_dags/example_time_delta_sensor_async.py
[2024-05-23T17:02:46.166+0700] {processor.py:830} INFO - Processing file /mnt/d/Programming/Vietnamese-Text-Generator/airflow_env/lib/python3.10/site-packages/airflow/example_dags/example_time_delta_sensor_async.py for tasks to queue
[2024-05-23T17:02:46.168+0700] {logging_mixin.py:188} INFO - [2024-05-23T17:02:46.167+0700] {dagbag.py:540} INFO - Filling up the DagBag from /mnt/d/Programming/Vietnamese-Text-Generator/airflow_env/lib/python3.10/site-packages/airflow/example_dags/example_time_delta_sensor_async.py
[2024-05-23T17:02:46.187+0700] {processor.py:840} INFO - DAG(s) 'example_time_delta_sensor_async' retrieved from /mnt/d/Programming/Vietnamese-Text-Generator/airflow_env/lib/python3.10/site-packages/airflow/example_dags/example_time_delta_sensor_async.py
[2024-05-23T17:02:46.222+0700] {logging_mixin.py:188} INFO - [2024-05-23T17:02:46.221+0700] {dag.py:3096} INFO - Sync 1 DAGs
[2024-05-23T17:02:46.239+0700] {logging_mixin.py:188} INFO - [2024-05-23T17:02:46.238+0700] {dag.py:3954} INFO - Setting next_dagrun for example_time_delta_sensor_async to None, run_after=None
[2024-05-23T17:02:46.312+0700] {processor.py:183} INFO - Processing /mnt/d/Programming/Vietnamese-Text-Generator/airflow_env/lib/python3.10/site-packages/airflow/example_dags/example_time_delta_sensor_async.py took 0.160 seconds
[2024-05-23T17:03:52.579+0700] {processor.py:161} INFO - Started process (PID=24800) to work on /mnt/d/Programming/Vietnamese-Text-Generator/airflow_env/lib/python3.10/site-packages/airflow/example_dags/example_time_delta_sensor_async.py
[2024-05-23T17:03:52.581+0700] {processor.py:830} INFO - Processing file /mnt/d/Programming/Vietnamese-Text-Generator/airflow_env/lib/python3.10/site-packages/airflow/example_dags/example_time_delta_sensor_async.py for tasks to queue
[2024-05-23T17:03:52.583+0700] {logging_mixin.py:188} INFO - [2024-05-23T17:03:52.582+0700] {dagbag.py:540} INFO - Filling up the DagBag from /mnt/d/Programming/Vietnamese-Text-Generator/airflow_env/lib/python3.10/site-packages/airflow/example_dags/example_time_delta_sensor_async.py
[2024-05-23T17:03:52.600+0700] {processor.py:840} INFO - DAG(s) 'example_time_delta_sensor_async' retrieved from /mnt/d/Programming/Vietnamese-Text-Generator/airflow_env/lib/python3.10/site-packages/airflow/example_dags/example_time_delta_sensor_async.py
[2024-05-23T17:03:52.627+0700] {logging_mixin.py:188} INFO - [2024-05-23T17:03:52.626+0700] {dag.py:3096} INFO - Sync 1 DAGs
[2024-05-23T17:03:52.642+0700] {logging_mixin.py:188} INFO - [2024-05-23T17:03:52.641+0700] {dag.py:3954} INFO - Setting next_dagrun for example_time_delta_sensor_async to None, run_after=None
[2024-05-23T17:03:52.690+0700] {processor.py:183} INFO - Processing /mnt/d/Programming/Vietnamese-Text-Generator/airflow_env/lib/python3.10/site-packages/airflow/example_dags/example_time_delta_sensor_async.py took 0.122 seconds
