[2024-05-23T15:42:39.657+0700] {processor.py:161} INFO - Started process (PID=1068) to work on /mnt/d/Programming/Vietnamese-Text-Generator/airflow_env/lib/python3.10/site-packages/airflow/example_dags/example_trigger_target_dag.py
[2024-05-23T15:42:39.661+0700] {processor.py:830} INFO - Processing file /mnt/d/Programming/Vietnamese-Text-Generator/airflow_env/lib/python3.10/site-packages/airflow/example_dags/example_trigger_target_dag.py for tasks to queue
[2024-05-23T15:42:39.665+0700] {logging_mixin.py:188} INFO - [2024-05-23T15:42:39.664+0700] {dagbag.py:540} INFO - Filling up the DagBag from /mnt/d/Programming/Vietnamese-Text-Generator/airflow_env/lib/python3.10/site-packages/airflow/example_dags/example_trigger_target_dag.py
[2024-05-23T15:42:39.740+0700] {processor.py:840} INFO - DAG(s) 'example_trigger_target_dag' retrieved from /mnt/d/Programming/Vietnamese-Text-Generator/airflow_env/lib/python3.10/site-packages/airflow/example_dags/example_trigger_target_dag.py
[2024-05-23T15:42:39.839+0700] {logging_mixin.py:188} INFO - [2024-05-23T15:42:39.838+0700] {dag.py:3096} INFO - Sync 1 DAGs
[2024-05-23T15:42:39.856+0700] {logging_mixin.py:188} INFO - [2024-05-23T15:42:39.855+0700] {dag.py:3954} INFO - Setting next_dagrun for example_trigger_target_dag to None, run_after=None
[2024-05-23T15:42:39.908+0700] {processor.py:183} INFO - Processing /mnt/d/Programming/Vietnamese-Text-Generator/airflow_env/lib/python3.10/site-packages/airflow/example_dags/example_trigger_target_dag.py took 0.266 seconds
[2024-05-23T15:43:54.398+0700] {processor.py:161} INFO - Started process (PID=1430) to work on /mnt/d/Programming/Vietnamese-Text-Generator/airflow_env/lib/python3.10/site-packages/airflow/example_dags/example_trigger_target_dag.py
[2024-05-23T15:43:54.400+0700] {processor.py:830} INFO - Processing file /mnt/d/Programming/Vietnamese-Text-Generator/airflow_env/lib/python3.10/site-packages/airflow/example_dags/example_trigger_target_dag.py for tasks to queue
[2024-05-23T15:43:54.405+0700] {logging_mixin.py:188} INFO - [2024-05-23T15:43:54.404+0700] {dagbag.py:540} INFO - Filling up the DagBag from /mnt/d/Programming/Vietnamese-Text-Generator/airflow_env/lib/python3.10/site-packages/airflow/example_dags/example_trigger_target_dag.py
[2024-05-23T15:43:54.423+0700] {processor.py:840} INFO - DAG(s) 'example_trigger_target_dag' retrieved from /mnt/d/Programming/Vietnamese-Text-Generator/airflow_env/lib/python3.10/site-packages/airflow/example_dags/example_trigger_target_dag.py
[2024-05-23T15:43:54.450+0700] {logging_mixin.py:188} INFO - [2024-05-23T15:43:54.449+0700] {dag.py:3096} INFO - Sync 1 DAGs
[2024-05-23T15:43:54.464+0700] {logging_mixin.py:188} INFO - [2024-05-23T15:43:54.463+0700] {dag.py:3954} INFO - Setting next_dagrun for example_trigger_target_dag to None, run_after=None
[2024-05-23T15:43:54.537+0700] {processor.py:183} INFO - Processing /mnt/d/Programming/Vietnamese-Text-Generator/airflow_env/lib/python3.10/site-packages/airflow/example_dags/example_trigger_target_dag.py took 0.150 seconds
[2024-05-23T15:45:06.849+0700] {processor.py:161} INFO - Started process (PID=1783) to work on /mnt/d/Programming/Vietnamese-Text-Generator/airflow_env/lib/python3.10/site-packages/airflow/example_dags/example_trigger_target_dag.py
[2024-05-23T15:45:06.852+0700] {processor.py:830} INFO - Processing file /mnt/d/Programming/Vietnamese-Text-Generator/airflow_env/lib/python3.10/site-packages/airflow/example_dags/example_trigger_target_dag.py for tasks to queue
[2024-05-23T15:45:06.857+0700] {logging_mixin.py:188} INFO - [2024-05-23T15:45:06.855+0700] {dagbag.py:540} INFO - Filling up the DagBag from /mnt/d/Programming/Vietnamese-Text-Generator/airflow_env/lib/python3.10/site-packages/airflow/example_dags/example_trigger_target_dag.py
[2024-05-23T15:45:06.879+0700] {processor.py:840} INFO - DAG(s) 'example_trigger_target_dag' retrieved from /mnt/d/Programming/Vietnamese-Text-Generator/airflow_env/lib/python3.10/site-packages/airflow/example_dags/example_trigger_target_dag.py
[2024-05-23T15:45:06.915+0700] {logging_mixin.py:188} INFO - [2024-05-23T15:45:06.914+0700] {dag.py:3096} INFO - Sync 1 DAGs
[2024-05-23T15:45:06.934+0700] {logging_mixin.py:188} INFO - [2024-05-23T15:45:06.932+0700] {dag.py:3954} INFO - Setting next_dagrun for example_trigger_target_dag to None, run_after=None
[2024-05-23T15:45:06.995+0700] {processor.py:183} INFO - Processing /mnt/d/Programming/Vietnamese-Text-Generator/airflow_env/lib/python3.10/site-packages/airflow/example_dags/example_trigger_target_dag.py took 0.158 seconds
[2024-05-23T15:46:21.350+0700] {processor.py:161} INFO - Started process (PID=2486) to work on /mnt/d/Programming/Vietnamese-Text-Generator/airflow_env/lib/python3.10/site-packages/airflow/example_dags/example_trigger_target_dag.py
[2024-05-23T15:46:21.352+0700] {processor.py:830} INFO - Processing file /mnt/d/Programming/Vietnamese-Text-Generator/airflow_env/lib/python3.10/site-packages/airflow/example_dags/example_trigger_target_dag.py for tasks to queue
[2024-05-23T15:46:21.356+0700] {logging_mixin.py:188} INFO - [2024-05-23T15:46:21.355+0700] {dagbag.py:540} INFO - Filling up the DagBag from /mnt/d/Programming/Vietnamese-Text-Generator/airflow_env/lib/python3.10/site-packages/airflow/example_dags/example_trigger_target_dag.py
[2024-05-23T15:46:21.374+0700] {processor.py:840} INFO - DAG(s) 'example_trigger_target_dag' retrieved from /mnt/d/Programming/Vietnamese-Text-Generator/airflow_env/lib/python3.10/site-packages/airflow/example_dags/example_trigger_target_dag.py
[2024-05-23T15:46:21.405+0700] {logging_mixin.py:188} INFO - [2024-05-23T15:46:21.404+0700] {dag.py:3096} INFO - Sync 1 DAGs
[2024-05-23T15:46:21.423+0700] {logging_mixin.py:188} INFO - [2024-05-23T15:46:21.422+0700] {dag.py:3954} INFO - Setting next_dagrun for example_trigger_target_dag to None, run_after=None
[2024-05-23T15:46:21.490+0700] {processor.py:183} INFO - Processing /mnt/d/Programming/Vietnamese-Text-Generator/airflow_env/lib/python3.10/site-packages/airflow/example_dags/example_trigger_target_dag.py took 0.151 seconds
[2024-05-23T15:47:27.373+0700] {processor.py:161} INFO - Started process (PID=2808) to work on /mnt/d/Programming/Vietnamese-Text-Generator/airflow_env/lib/python3.10/site-packages/airflow/example_dags/example_trigger_target_dag.py
[2024-05-23T15:47:27.374+0700] {processor.py:830} INFO - Processing file /mnt/d/Programming/Vietnamese-Text-Generator/airflow_env/lib/python3.10/site-packages/airflow/example_dags/example_trigger_target_dag.py for tasks to queue
[2024-05-23T15:47:27.378+0700] {logging_mixin.py:188} INFO - [2024-05-23T15:47:27.377+0700] {dagbag.py:540} INFO - Filling up the DagBag from /mnt/d/Programming/Vietnamese-Text-Generator/airflow_env/lib/python3.10/site-packages/airflow/example_dags/example_trigger_target_dag.py
[2024-05-23T15:47:27.396+0700] {processor.py:840} INFO - DAG(s) 'example_trigger_target_dag' retrieved from /mnt/d/Programming/Vietnamese-Text-Generator/airflow_env/lib/python3.10/site-packages/airflow/example_dags/example_trigger_target_dag.py
[2024-05-23T15:47:27.427+0700] {logging_mixin.py:188} INFO - [2024-05-23T15:47:27.426+0700] {dag.py:3096} INFO - Sync 1 DAGs
[2024-05-23T15:47:27.443+0700] {logging_mixin.py:188} INFO - [2024-05-23T15:47:27.441+0700] {dag.py:3954} INFO - Setting next_dagrun for example_trigger_target_dag to None, run_after=None
[2024-05-23T15:47:27.507+0700] {processor.py:183} INFO - Processing /mnt/d/Programming/Vietnamese-Text-Generator/airflow_env/lib/python3.10/site-packages/airflow/example_dags/example_trigger_target_dag.py took 0.147 seconds
[2024-05-23T15:54:40.637+0700] {processor.py:161} INFO - Started process (PID=4649) to work on /mnt/d/Programming/Vietnamese-Text-Generator/airflow_env/lib/python3.10/site-packages/airflow/example_dags/example_trigger_target_dag.py
[2024-05-23T15:54:40.639+0700] {processor.py:830} INFO - Processing file /mnt/d/Programming/Vietnamese-Text-Generator/airflow_env/lib/python3.10/site-packages/airflow/example_dags/example_trigger_target_dag.py for tasks to queue
[2024-05-23T15:54:40.642+0700] {logging_mixin.py:188} INFO - [2024-05-23T15:54:40.640+0700] {dagbag.py:540} INFO - Filling up the DagBag from /mnt/d/Programming/Vietnamese-Text-Generator/airflow_env/lib/python3.10/site-packages/airflow/example_dags/example_trigger_target_dag.py
[2024-05-23T15:54:40.668+0700] {processor.py:840} INFO - DAG(s) 'example_trigger_target_dag' retrieved from /mnt/d/Programming/Vietnamese-Text-Generator/airflow_env/lib/python3.10/site-packages/airflow/example_dags/example_trigger_target_dag.py
[2024-05-23T15:54:40.809+0700] {logging_mixin.py:188} INFO - [2024-05-23T15:54:40.807+0700] {dag.py:3096} INFO - Sync 1 DAGs
[2024-05-23T15:54:40.837+0700] {logging_mixin.py:188} INFO - [2024-05-23T15:54:40.834+0700] {dag.py:3954} INFO - Setting next_dagrun for example_trigger_target_dag to None, run_after=None
[2024-05-23T15:54:40.921+0700] {processor.py:183} INFO - Processing /mnt/d/Programming/Vietnamese-Text-Generator/airflow_env/lib/python3.10/site-packages/airflow/example_dags/example_trigger_target_dag.py took 0.297 seconds
[2024-05-23T15:55:47.336+0700] {processor.py:161} INFO - Started process (PID=4967) to work on /mnt/d/Programming/Vietnamese-Text-Generator/airflow_env/lib/python3.10/site-packages/airflow/example_dags/example_trigger_target_dag.py
[2024-05-23T15:55:47.338+0700] {processor.py:830} INFO - Processing file /mnt/d/Programming/Vietnamese-Text-Generator/airflow_env/lib/python3.10/site-packages/airflow/example_dags/example_trigger_target_dag.py for tasks to queue
[2024-05-23T15:55:47.340+0700] {logging_mixin.py:188} INFO - [2024-05-23T15:55:47.339+0700] {dagbag.py:540} INFO - Filling up the DagBag from /mnt/d/Programming/Vietnamese-Text-Generator/airflow_env/lib/python3.10/site-packages/airflow/example_dags/example_trigger_target_dag.py
[2024-05-23T15:55:47.361+0700] {processor.py:840} INFO - DAG(s) 'example_trigger_target_dag' retrieved from /mnt/d/Programming/Vietnamese-Text-Generator/airflow_env/lib/python3.10/site-packages/airflow/example_dags/example_trigger_target_dag.py
[2024-05-23T15:55:47.391+0700] {logging_mixin.py:188} INFO - [2024-05-23T15:55:47.390+0700] {dag.py:3096} INFO - Sync 1 DAGs
[2024-05-23T15:55:47.408+0700] {logging_mixin.py:188} INFO - [2024-05-23T15:55:47.406+0700] {dag.py:3954} INFO - Setting next_dagrun for example_trigger_target_dag to None, run_after=None
[2024-05-23T15:55:47.465+0700] {processor.py:183} INFO - Processing /mnt/d/Programming/Vietnamese-Text-Generator/airflow_env/lib/python3.10/site-packages/airflow/example_dags/example_trigger_target_dag.py took 0.141 seconds
[2024-05-23T15:56:55.478+0700] {processor.py:161} INFO - Started process (PID=5287) to work on /mnt/d/Programming/Vietnamese-Text-Generator/airflow_env/lib/python3.10/site-packages/airflow/example_dags/example_trigger_target_dag.py
[2024-05-23T15:56:55.480+0700] {processor.py:830} INFO - Processing file /mnt/d/Programming/Vietnamese-Text-Generator/airflow_env/lib/python3.10/site-packages/airflow/example_dags/example_trigger_target_dag.py for tasks to queue
[2024-05-23T15:56:55.483+0700] {logging_mixin.py:188} INFO - [2024-05-23T15:56:55.482+0700] {dagbag.py:540} INFO - Filling up the DagBag from /mnt/d/Programming/Vietnamese-Text-Generator/airflow_env/lib/python3.10/site-packages/airflow/example_dags/example_trigger_target_dag.py
[2024-05-23T15:56:55.509+0700] {processor.py:840} INFO - DAG(s) 'example_trigger_target_dag' retrieved from /mnt/d/Programming/Vietnamese-Text-Generator/airflow_env/lib/python3.10/site-packages/airflow/example_dags/example_trigger_target_dag.py
[2024-05-23T15:56:55.556+0700] {logging_mixin.py:188} INFO - [2024-05-23T15:56:55.554+0700] {dag.py:3096} INFO - Sync 1 DAGs
[2024-05-23T15:56:55.578+0700] {logging_mixin.py:188} INFO - [2024-05-23T15:56:55.577+0700] {dag.py:3954} INFO - Setting next_dagrun for example_trigger_target_dag to None, run_after=None
[2024-05-23T15:56:55.659+0700] {processor.py:183} INFO - Processing /mnt/d/Programming/Vietnamese-Text-Generator/airflow_env/lib/python3.10/site-packages/airflow/example_dags/example_trigger_target_dag.py took 0.193 seconds
[2024-05-23T15:58:04.289+0700] {processor.py:161} INFO - Started process (PID=5612) to work on /mnt/d/Programming/Vietnamese-Text-Generator/airflow_env/lib/python3.10/site-packages/airflow/example_dags/example_trigger_target_dag.py
[2024-05-23T15:58:04.290+0700] {processor.py:830} INFO - Processing file /mnt/d/Programming/Vietnamese-Text-Generator/airflow_env/lib/python3.10/site-packages/airflow/example_dags/example_trigger_target_dag.py for tasks to queue
[2024-05-23T15:58:04.293+0700] {logging_mixin.py:188} INFO - [2024-05-23T15:58:04.292+0700] {dagbag.py:540} INFO - Filling up the DagBag from /mnt/d/Programming/Vietnamese-Text-Generator/airflow_env/lib/python3.10/site-packages/airflow/example_dags/example_trigger_target_dag.py
[2024-05-23T15:58:04.316+0700] {processor.py:840} INFO - DAG(s) 'example_trigger_target_dag' retrieved from /mnt/d/Programming/Vietnamese-Text-Generator/airflow_env/lib/python3.10/site-packages/airflow/example_dags/example_trigger_target_dag.py
[2024-05-23T15:58:04.351+0700] {logging_mixin.py:188} INFO - [2024-05-23T15:58:04.350+0700] {dag.py:3096} INFO - Sync 1 DAGs
[2024-05-23T15:58:04.366+0700] {logging_mixin.py:188} INFO - [2024-05-23T15:58:04.365+0700] {dag.py:3954} INFO - Setting next_dagrun for example_trigger_target_dag to None, run_after=None
[2024-05-23T15:58:04.416+0700] {processor.py:183} INFO - Processing /mnt/d/Programming/Vietnamese-Text-Generator/airflow_env/lib/python3.10/site-packages/airflow/example_dags/example_trigger_target_dag.py took 0.139 seconds
[2024-05-23T15:59:17.152+0700] {processor.py:161} INFO - Started process (PID=5952) to work on /mnt/d/Programming/Vietnamese-Text-Generator/airflow_env/lib/python3.10/site-packages/airflow/example_dags/example_trigger_target_dag.py
[2024-05-23T15:59:17.154+0700] {processor.py:830} INFO - Processing file /mnt/d/Programming/Vietnamese-Text-Generator/airflow_env/lib/python3.10/site-packages/airflow/example_dags/example_trigger_target_dag.py for tasks to queue
[2024-05-23T15:59:17.157+0700] {logging_mixin.py:188} INFO - [2024-05-23T15:59:17.156+0700] {dagbag.py:540} INFO - Filling up the DagBag from /mnt/d/Programming/Vietnamese-Text-Generator/airflow_env/lib/python3.10/site-packages/airflow/example_dags/example_trigger_target_dag.py
[2024-05-23T15:59:17.181+0700] {processor.py:840} INFO - DAG(s) 'example_trigger_target_dag' retrieved from /mnt/d/Programming/Vietnamese-Text-Generator/airflow_env/lib/python3.10/site-packages/airflow/example_dags/example_trigger_target_dag.py
[2024-05-23T15:59:17.212+0700] {logging_mixin.py:188} INFO - [2024-05-23T15:59:17.211+0700] {dag.py:3096} INFO - Sync 1 DAGs
[2024-05-23T15:59:17.228+0700] {logging_mixin.py:188} INFO - [2024-05-23T15:59:17.227+0700] {dag.py:3954} INFO - Setting next_dagrun for example_trigger_target_dag to None, run_after=None
[2024-05-23T15:59:17.302+0700] {processor.py:183} INFO - Processing /mnt/d/Programming/Vietnamese-Text-Generator/airflow_env/lib/python3.10/site-packages/airflow/example_dags/example_trigger_target_dag.py took 0.163 seconds
[2024-05-23T16:00:25.540+0700] {processor.py:161} INFO - Started process (PID=6278) to work on /mnt/d/Programming/Vietnamese-Text-Generator/airflow_env/lib/python3.10/site-packages/airflow/example_dags/example_trigger_target_dag.py
[2024-05-23T16:00:25.541+0700] {processor.py:830} INFO - Processing file /mnt/d/Programming/Vietnamese-Text-Generator/airflow_env/lib/python3.10/site-packages/airflow/example_dags/example_trigger_target_dag.py for tasks to queue
[2024-05-23T16:00:25.543+0700] {logging_mixin.py:188} INFO - [2024-05-23T16:00:25.543+0700] {dagbag.py:540} INFO - Filling up the DagBag from /mnt/d/Programming/Vietnamese-Text-Generator/airflow_env/lib/python3.10/site-packages/airflow/example_dags/example_trigger_target_dag.py
[2024-05-23T16:00:25.560+0700] {processor.py:840} INFO - DAG(s) 'example_trigger_target_dag' retrieved from /mnt/d/Programming/Vietnamese-Text-Generator/airflow_env/lib/python3.10/site-packages/airflow/example_dags/example_trigger_target_dag.py
[2024-05-23T16:00:25.588+0700] {logging_mixin.py:188} INFO - [2024-05-23T16:00:25.587+0700] {dag.py:3096} INFO - Sync 1 DAGs
[2024-05-23T16:00:25.604+0700] {logging_mixin.py:188} INFO - [2024-05-23T16:00:25.603+0700] {dag.py:3954} INFO - Setting next_dagrun for example_trigger_target_dag to None, run_after=None
[2024-05-23T16:00:25.656+0700] {processor.py:183} INFO - Processing /mnt/d/Programming/Vietnamese-Text-Generator/airflow_env/lib/python3.10/site-packages/airflow/example_dags/example_trigger_target_dag.py took 0.126 seconds
[2024-05-23T16:01:30.817+0700] {processor.py:161} INFO - Started process (PID=6586) to work on /mnt/d/Programming/Vietnamese-Text-Generator/airflow_env/lib/python3.10/site-packages/airflow/example_dags/example_trigger_target_dag.py
[2024-05-23T16:01:30.820+0700] {processor.py:830} INFO - Processing file /mnt/d/Programming/Vietnamese-Text-Generator/airflow_env/lib/python3.10/site-packages/airflow/example_dags/example_trigger_target_dag.py for tasks to queue
[2024-05-23T16:01:30.823+0700] {logging_mixin.py:188} INFO - [2024-05-23T16:01:30.822+0700] {dagbag.py:540} INFO - Filling up the DagBag from /mnt/d/Programming/Vietnamese-Text-Generator/airflow_env/lib/python3.10/site-packages/airflow/example_dags/example_trigger_target_dag.py
[2024-05-23T16:01:30.848+0700] {processor.py:840} INFO - DAG(s) 'example_trigger_target_dag' retrieved from /mnt/d/Programming/Vietnamese-Text-Generator/airflow_env/lib/python3.10/site-packages/airflow/example_dags/example_trigger_target_dag.py
[2024-05-23T16:01:30.878+0700] {logging_mixin.py:188} INFO - [2024-05-23T16:01:30.877+0700] {dag.py:3096} INFO - Sync 1 DAGs
[2024-05-23T16:01:30.892+0700] {logging_mixin.py:188} INFO - [2024-05-23T16:01:30.891+0700] {dag.py:3954} INFO - Setting next_dagrun for example_trigger_target_dag to None, run_after=None
[2024-05-23T16:01:30.951+0700] {processor.py:183} INFO - Processing /mnt/d/Programming/Vietnamese-Text-Generator/airflow_env/lib/python3.10/site-packages/airflow/example_dags/example_trigger_target_dag.py took 0.146 seconds
[2024-05-23T16:02:37.987+0700] {processor.py:161} INFO - Started process (PID=6904) to work on /mnt/d/Programming/Vietnamese-Text-Generator/airflow_env/lib/python3.10/site-packages/airflow/example_dags/example_trigger_target_dag.py
[2024-05-23T16:02:37.989+0700] {processor.py:830} INFO - Processing file /mnt/d/Programming/Vietnamese-Text-Generator/airflow_env/lib/python3.10/site-packages/airflow/example_dags/example_trigger_target_dag.py for tasks to queue
[2024-05-23T16:02:37.991+0700] {logging_mixin.py:188} INFO - [2024-05-23T16:02:37.990+0700] {dagbag.py:540} INFO - Filling up the DagBag from /mnt/d/Programming/Vietnamese-Text-Generator/airflow_env/lib/python3.10/site-packages/airflow/example_dags/example_trigger_target_dag.py
[2024-05-23T16:02:38.010+0700] {processor.py:840} INFO - DAG(s) 'example_trigger_target_dag' retrieved from /mnt/d/Programming/Vietnamese-Text-Generator/airflow_env/lib/python3.10/site-packages/airflow/example_dags/example_trigger_target_dag.py
[2024-05-23T16:02:38.040+0700] {logging_mixin.py:188} INFO - [2024-05-23T16:02:38.039+0700] {dag.py:3096} INFO - Sync 1 DAGs
[2024-05-23T16:02:38.055+0700] {logging_mixin.py:188} INFO - [2024-05-23T16:02:38.054+0700] {dag.py:3954} INFO - Setting next_dagrun for example_trigger_target_dag to None, run_after=None
[2024-05-23T16:02:38.152+0700] {processor.py:183} INFO - Processing /mnt/d/Programming/Vietnamese-Text-Generator/airflow_env/lib/python3.10/site-packages/airflow/example_dags/example_trigger_target_dag.py took 0.176 seconds
[2024-05-23T16:03:51.103+0700] {processor.py:161} INFO - Started process (PID=7244) to work on /mnt/d/Programming/Vietnamese-Text-Generator/airflow_env/lib/python3.10/site-packages/airflow/example_dags/example_trigger_target_dag.py
[2024-05-23T16:03:51.105+0700] {processor.py:830} INFO - Processing file /mnt/d/Programming/Vietnamese-Text-Generator/airflow_env/lib/python3.10/site-packages/airflow/example_dags/example_trigger_target_dag.py for tasks to queue
[2024-05-23T16:03:51.108+0700] {logging_mixin.py:188} INFO - [2024-05-23T16:03:51.107+0700] {dagbag.py:540} INFO - Filling up the DagBag from /mnt/d/Programming/Vietnamese-Text-Generator/airflow_env/lib/python3.10/site-packages/airflow/example_dags/example_trigger_target_dag.py
[2024-05-23T16:03:51.129+0700] {processor.py:840} INFO - DAG(s) 'example_trigger_target_dag' retrieved from /mnt/d/Programming/Vietnamese-Text-Generator/airflow_env/lib/python3.10/site-packages/airflow/example_dags/example_trigger_target_dag.py
[2024-05-23T16:03:51.162+0700] {logging_mixin.py:188} INFO - [2024-05-23T16:03:51.160+0700] {dag.py:3096} INFO - Sync 1 DAGs
[2024-05-23T16:03:51.178+0700] {logging_mixin.py:188} INFO - [2024-05-23T16:03:51.177+0700] {dag.py:3954} INFO - Setting next_dagrun for example_trigger_target_dag to None, run_after=None
[2024-05-23T16:03:51.254+0700] {processor.py:183} INFO - Processing /mnt/d/Programming/Vietnamese-Text-Generator/airflow_env/lib/python3.10/site-packages/airflow/example_dags/example_trigger_target_dag.py took 0.165 seconds
[2024-05-23T16:34:59.511+0700] {processor.py:161} INFO - Started process (PID=17035) to work on /mnt/d/Programming/Vietnamese-Text-Generator/airflow_env/lib/python3.10/site-packages/airflow/example_dags/example_trigger_target_dag.py
[2024-05-23T16:34:59.515+0700] {processor.py:830} INFO - Processing file /mnt/d/Programming/Vietnamese-Text-Generator/airflow_env/lib/python3.10/site-packages/airflow/example_dags/example_trigger_target_dag.py for tasks to queue
[2024-05-23T16:34:59.518+0700] {logging_mixin.py:188} INFO - [2024-05-23T16:34:59.517+0700] {dagbag.py:540} INFO - Filling up the DagBag from /mnt/d/Programming/Vietnamese-Text-Generator/airflow_env/lib/python3.10/site-packages/airflow/example_dags/example_trigger_target_dag.py
[2024-05-23T16:34:59.542+0700] {processor.py:840} INFO - DAG(s) 'example_trigger_target_dag' retrieved from /mnt/d/Programming/Vietnamese-Text-Generator/airflow_env/lib/python3.10/site-packages/airflow/example_dags/example_trigger_target_dag.py
[2024-05-23T16:34:59.667+0700] {logging_mixin.py:188} INFO - [2024-05-23T16:34:59.666+0700] {dag.py:3096} INFO - Sync 1 DAGs
[2024-05-23T16:34:59.687+0700] {logging_mixin.py:188} INFO - [2024-05-23T16:34:59.686+0700] {dag.py:3954} INFO - Setting next_dagrun for example_trigger_target_dag to None, run_after=None
[2024-05-23T16:34:59.754+0700] {processor.py:183} INFO - Processing /mnt/d/Programming/Vietnamese-Text-Generator/airflow_env/lib/python3.10/site-packages/airflow/example_dags/example_trigger_target_dag.py took 0.261 seconds
[2024-05-23T16:36:06.161+0700] {processor.py:161} INFO - Started process (PID=17348) to work on /mnt/d/Programming/Vietnamese-Text-Generator/airflow_env/lib/python3.10/site-packages/airflow/example_dags/example_trigger_target_dag.py
[2024-05-23T16:36:06.163+0700] {processor.py:830} INFO - Processing file /mnt/d/Programming/Vietnamese-Text-Generator/airflow_env/lib/python3.10/site-packages/airflow/example_dags/example_trigger_target_dag.py for tasks to queue
[2024-05-23T16:36:06.167+0700] {logging_mixin.py:188} INFO - [2024-05-23T16:36:06.165+0700] {dagbag.py:540} INFO - Filling up the DagBag from /mnt/d/Programming/Vietnamese-Text-Generator/airflow_env/lib/python3.10/site-packages/airflow/example_dags/example_trigger_target_dag.py
[2024-05-23T16:36:06.196+0700] {processor.py:840} INFO - DAG(s) 'example_trigger_target_dag' retrieved from /mnt/d/Programming/Vietnamese-Text-Generator/airflow_env/lib/python3.10/site-packages/airflow/example_dags/example_trigger_target_dag.py
[2024-05-23T16:36:06.231+0700] {logging_mixin.py:188} INFO - [2024-05-23T16:36:06.230+0700] {dag.py:3096} INFO - Sync 1 DAGs
[2024-05-23T16:36:06.251+0700] {logging_mixin.py:188} INFO - [2024-05-23T16:36:06.250+0700] {dag.py:3954} INFO - Setting next_dagrun for example_trigger_target_dag to None, run_after=None
[2024-05-23T16:36:06.327+0700] {processor.py:183} INFO - Processing /mnt/d/Programming/Vietnamese-Text-Generator/airflow_env/lib/python3.10/site-packages/airflow/example_dags/example_trigger_target_dag.py took 0.181 seconds
[2024-05-23T16:37:21.239+0700] {processor.py:161} INFO - Started process (PID=17697) to work on /mnt/d/Programming/Vietnamese-Text-Generator/airflow_env/lib/python3.10/site-packages/airflow/example_dags/example_trigger_target_dag.py
[2024-05-23T16:37:21.241+0700] {processor.py:830} INFO - Processing file /mnt/d/Programming/Vietnamese-Text-Generator/airflow_env/lib/python3.10/site-packages/airflow/example_dags/example_trigger_target_dag.py for tasks to queue
[2024-05-23T16:37:21.243+0700] {logging_mixin.py:188} INFO - [2024-05-23T16:37:21.242+0700] {dagbag.py:540} INFO - Filling up the DagBag from /mnt/d/Programming/Vietnamese-Text-Generator/airflow_env/lib/python3.10/site-packages/airflow/example_dags/example_trigger_target_dag.py
[2024-05-23T16:37:21.262+0700] {processor.py:840} INFO - DAG(s) 'example_trigger_target_dag' retrieved from /mnt/d/Programming/Vietnamese-Text-Generator/airflow_env/lib/python3.10/site-packages/airflow/example_dags/example_trigger_target_dag.py
[2024-05-23T16:37:21.297+0700] {logging_mixin.py:188} INFO - [2024-05-23T16:37:21.296+0700] {dag.py:3096} INFO - Sync 1 DAGs
[2024-05-23T16:37:21.316+0700] {logging_mixin.py:188} INFO - [2024-05-23T16:37:21.314+0700] {dag.py:3954} INFO - Setting next_dagrun for example_trigger_target_dag to None, run_after=None
[2024-05-23T16:37:21.399+0700] {processor.py:183} INFO - Processing /mnt/d/Programming/Vietnamese-Text-Generator/airflow_env/lib/python3.10/site-packages/airflow/example_dags/example_trigger_target_dag.py took 0.172 seconds
[2024-05-23T16:49:47.974+0700] {processor.py:161} INFO - Started process (PID=20858) to work on /mnt/d/Programming/Vietnamese-Text-Generator/airflow_env/lib/python3.10/site-packages/airflow/example_dags/example_trigger_target_dag.py
[2024-05-23T16:49:47.976+0700] {processor.py:830} INFO - Processing file /mnt/d/Programming/Vietnamese-Text-Generator/airflow_env/lib/python3.10/site-packages/airflow/example_dags/example_trigger_target_dag.py for tasks to queue
[2024-05-23T16:49:47.979+0700] {logging_mixin.py:188} INFO - [2024-05-23T16:49:47.978+0700] {dagbag.py:540} INFO - Filling up the DagBag from /mnt/d/Programming/Vietnamese-Text-Generator/airflow_env/lib/python3.10/site-packages/airflow/example_dags/example_trigger_target_dag.py
[2024-05-23T16:49:47.998+0700] {processor.py:840} INFO - DAG(s) 'example_trigger_target_dag' retrieved from /mnt/d/Programming/Vietnamese-Text-Generator/airflow_env/lib/python3.10/site-packages/airflow/example_dags/example_trigger_target_dag.py
[2024-05-23T16:49:48.106+0700] {logging_mixin.py:188} INFO - [2024-05-23T16:49:48.105+0700] {dag.py:3096} INFO - Sync 1 DAGs
[2024-05-23T16:49:48.123+0700] {logging_mixin.py:188} INFO - [2024-05-23T16:49:48.122+0700] {dag.py:3954} INFO - Setting next_dagrun for example_trigger_target_dag to None, run_after=None
[2024-05-23T16:49:48.195+0700] {processor.py:183} INFO - Processing /mnt/d/Programming/Vietnamese-Text-Generator/airflow_env/lib/python3.10/site-packages/airflow/example_dags/example_trigger_target_dag.py took 0.234 seconds
[2024-05-23T16:51:02.201+0700] {processor.py:161} INFO - Started process (PID=21206) to work on /mnt/d/Programming/Vietnamese-Text-Generator/airflow_env/lib/python3.10/site-packages/airflow/example_dags/example_trigger_target_dag.py
[2024-05-23T16:51:02.202+0700] {processor.py:830} INFO - Processing file /mnt/d/Programming/Vietnamese-Text-Generator/airflow_env/lib/python3.10/site-packages/airflow/example_dags/example_trigger_target_dag.py for tasks to queue
[2024-05-23T16:51:02.205+0700] {logging_mixin.py:188} INFO - [2024-05-23T16:51:02.204+0700] {dagbag.py:540} INFO - Filling up the DagBag from /mnt/d/Programming/Vietnamese-Text-Generator/airflow_env/lib/python3.10/site-packages/airflow/example_dags/example_trigger_target_dag.py
[2024-05-23T16:51:02.241+0700] {processor.py:840} INFO - DAG(s) 'example_trigger_target_dag' retrieved from /mnt/d/Programming/Vietnamese-Text-Generator/airflow_env/lib/python3.10/site-packages/airflow/example_dags/example_trigger_target_dag.py
[2024-05-23T16:51:02.286+0700] {logging_mixin.py:188} INFO - [2024-05-23T16:51:02.285+0700] {dag.py:3096} INFO - Sync 1 DAGs
[2024-05-23T16:51:02.302+0700] {logging_mixin.py:188} INFO - [2024-05-23T16:51:02.301+0700] {dag.py:3954} INFO - Setting next_dagrun for example_trigger_target_dag to None, run_after=None
[2024-05-23T16:51:02.359+0700] {processor.py:183} INFO - Processing /mnt/d/Programming/Vietnamese-Text-Generator/airflow_env/lib/python3.10/site-packages/airflow/example_dags/example_trigger_target_dag.py took 0.178 seconds
[2024-05-23T16:52:15.702+0700] {processor.py:161} INFO - Started process (PID=21547) to work on /mnt/d/Programming/Vietnamese-Text-Generator/airflow_env/lib/python3.10/site-packages/airflow/example_dags/example_trigger_target_dag.py
[2024-05-23T16:52:15.704+0700] {processor.py:830} INFO - Processing file /mnt/d/Programming/Vietnamese-Text-Generator/airflow_env/lib/python3.10/site-packages/airflow/example_dags/example_trigger_target_dag.py for tasks to queue
[2024-05-23T16:52:15.706+0700] {logging_mixin.py:188} INFO - [2024-05-23T16:52:15.705+0700] {dagbag.py:540} INFO - Filling up the DagBag from /mnt/d/Programming/Vietnamese-Text-Generator/airflow_env/lib/python3.10/site-packages/airflow/example_dags/example_trigger_target_dag.py
[2024-05-23T16:52:15.725+0700] {processor.py:840} INFO - DAG(s) 'example_trigger_target_dag' retrieved from /mnt/d/Programming/Vietnamese-Text-Generator/airflow_env/lib/python3.10/site-packages/airflow/example_dags/example_trigger_target_dag.py
[2024-05-23T16:52:15.755+0700] {logging_mixin.py:188} INFO - [2024-05-23T16:52:15.754+0700] {dag.py:3096} INFO - Sync 1 DAGs
[2024-05-23T16:52:15.771+0700] {logging_mixin.py:188} INFO - [2024-05-23T16:52:15.771+0700] {dag.py:3954} INFO - Setting next_dagrun for example_trigger_target_dag to None, run_after=None
[2024-05-23T16:52:15.842+0700] {processor.py:183} INFO - Processing /mnt/d/Programming/Vietnamese-Text-Generator/airflow_env/lib/python3.10/site-packages/airflow/example_dags/example_trigger_target_dag.py took 0.153 seconds
[2024-05-23T16:53:28.784+0700] {processor.py:161} INFO - Started process (PID=21888) to work on /mnt/d/Programming/Vietnamese-Text-Generator/airflow_env/lib/python3.10/site-packages/airflow/example_dags/example_trigger_target_dag.py
[2024-05-23T16:53:28.786+0700] {processor.py:830} INFO - Processing file /mnt/d/Programming/Vietnamese-Text-Generator/airflow_env/lib/python3.10/site-packages/airflow/example_dags/example_trigger_target_dag.py for tasks to queue
[2024-05-23T16:53:28.787+0700] {logging_mixin.py:188} INFO - [2024-05-23T16:53:28.787+0700] {dagbag.py:540} INFO - Filling up the DagBag from /mnt/d/Programming/Vietnamese-Text-Generator/airflow_env/lib/python3.10/site-packages/airflow/example_dags/example_trigger_target_dag.py
[2024-05-23T16:53:28.806+0700] {processor.py:840} INFO - DAG(s) 'example_trigger_target_dag' retrieved from /mnt/d/Programming/Vietnamese-Text-Generator/airflow_env/lib/python3.10/site-packages/airflow/example_dags/example_trigger_target_dag.py
[2024-05-23T16:53:28.844+0700] {logging_mixin.py:188} INFO - [2024-05-23T16:53:28.842+0700] {dag.py:3096} INFO - Sync 1 DAGs
[2024-05-23T16:53:28.862+0700] {logging_mixin.py:188} INFO - [2024-05-23T16:53:28.861+0700] {dag.py:3954} INFO - Setting next_dagrun for example_trigger_target_dag to None, run_after=None
[2024-05-23T16:53:28.928+0700] {processor.py:183} INFO - Processing /mnt/d/Programming/Vietnamese-Text-Generator/airflow_env/lib/python3.10/site-packages/airflow/example_dags/example_trigger_target_dag.py took 0.157 seconds
[2024-05-23T16:54:39.938+0700] {processor.py:161} INFO - Started process (PID=22218) to work on /mnt/d/Programming/Vietnamese-Text-Generator/airflow_env/lib/python3.10/site-packages/airflow/example_dags/example_trigger_target_dag.py
[2024-05-23T16:54:39.940+0700] {processor.py:830} INFO - Processing file /mnt/d/Programming/Vietnamese-Text-Generator/airflow_env/lib/python3.10/site-packages/airflow/example_dags/example_trigger_target_dag.py for tasks to queue
[2024-05-23T16:54:39.942+0700] {logging_mixin.py:188} INFO - [2024-05-23T16:54:39.941+0700] {dagbag.py:540} INFO - Filling up the DagBag from /mnt/d/Programming/Vietnamese-Text-Generator/airflow_env/lib/python3.10/site-packages/airflow/example_dags/example_trigger_target_dag.py
[2024-05-23T16:54:39.961+0700] {processor.py:840} INFO - DAG(s) 'example_trigger_target_dag' retrieved from /mnt/d/Programming/Vietnamese-Text-Generator/airflow_env/lib/python3.10/site-packages/airflow/example_dags/example_trigger_target_dag.py
[2024-05-23T16:54:39.992+0700] {logging_mixin.py:188} INFO - [2024-05-23T16:54:39.991+0700] {dag.py:3096} INFO - Sync 1 DAGs
[2024-05-23T16:54:40.007+0700] {logging_mixin.py:188} INFO - [2024-05-23T16:54:40.006+0700] {dag.py:3954} INFO - Setting next_dagrun for example_trigger_target_dag to None, run_after=None
[2024-05-23T16:54:40.073+0700] {processor.py:183} INFO - Processing /mnt/d/Programming/Vietnamese-Text-Generator/airflow_env/lib/python3.10/site-packages/airflow/example_dags/example_trigger_target_dag.py took 0.148 seconds
[2024-05-23T16:55:46.772+0700] {processor.py:161} INFO - Started process (PID=22534) to work on /mnt/d/Programming/Vietnamese-Text-Generator/airflow_env/lib/python3.10/site-packages/airflow/example_dags/example_trigger_target_dag.py
[2024-05-23T16:55:46.774+0700] {processor.py:830} INFO - Processing file /mnt/d/Programming/Vietnamese-Text-Generator/airflow_env/lib/python3.10/site-packages/airflow/example_dags/example_trigger_target_dag.py for tasks to queue
[2024-05-23T16:55:46.776+0700] {logging_mixin.py:188} INFO - [2024-05-23T16:55:46.775+0700] {dagbag.py:540} INFO - Filling up the DagBag from /mnt/d/Programming/Vietnamese-Text-Generator/airflow_env/lib/python3.10/site-packages/airflow/example_dags/example_trigger_target_dag.py
[2024-05-23T16:55:46.795+0700] {processor.py:840} INFO - DAG(s) 'example_trigger_target_dag' retrieved from /mnt/d/Programming/Vietnamese-Text-Generator/airflow_env/lib/python3.10/site-packages/airflow/example_dags/example_trigger_target_dag.py
[2024-05-23T16:55:46.829+0700] {logging_mixin.py:188} INFO - [2024-05-23T16:55:46.828+0700] {dag.py:3096} INFO - Sync 1 DAGs
[2024-05-23T16:55:46.845+0700] {logging_mixin.py:188} INFO - [2024-05-23T16:55:46.843+0700] {dag.py:3954} INFO - Setting next_dagrun for example_trigger_target_dag to None, run_after=None
[2024-05-23T16:55:46.904+0700] {processor.py:183} INFO - Processing /mnt/d/Programming/Vietnamese-Text-Generator/airflow_env/lib/python3.10/site-packages/airflow/example_dags/example_trigger_target_dag.py took 0.145 seconds
[2024-05-23T16:56:56.111+0700] {processor.py:161} INFO - Started process (PID=22857) to work on /mnt/d/Programming/Vietnamese-Text-Generator/airflow_env/lib/python3.10/site-packages/airflow/example_dags/example_trigger_target_dag.py
[2024-05-23T16:56:56.113+0700] {processor.py:830} INFO - Processing file /mnt/d/Programming/Vietnamese-Text-Generator/airflow_env/lib/python3.10/site-packages/airflow/example_dags/example_trigger_target_dag.py for tasks to queue
[2024-05-23T16:56:56.115+0700] {logging_mixin.py:188} INFO - [2024-05-23T16:56:56.114+0700] {dagbag.py:540} INFO - Filling up the DagBag from /mnt/d/Programming/Vietnamese-Text-Generator/airflow_env/lib/python3.10/site-packages/airflow/example_dags/example_trigger_target_dag.py
[2024-05-23T16:56:56.134+0700] {processor.py:840} INFO - DAG(s) 'example_trigger_target_dag' retrieved from /mnt/d/Programming/Vietnamese-Text-Generator/airflow_env/lib/python3.10/site-packages/airflow/example_dags/example_trigger_target_dag.py
[2024-05-23T16:56:56.162+0700] {logging_mixin.py:188} INFO - [2024-05-23T16:56:56.161+0700] {dag.py:3096} INFO - Sync 1 DAGs
[2024-05-23T16:56:56.178+0700] {logging_mixin.py:188} INFO - [2024-05-23T16:56:56.177+0700] {dag.py:3954} INFO - Setting next_dagrun for example_trigger_target_dag to None, run_after=None
[2024-05-23T16:56:56.243+0700] {processor.py:183} INFO - Processing /mnt/d/Programming/Vietnamese-Text-Generator/airflow_env/lib/python3.10/site-packages/airflow/example_dags/example_trigger_target_dag.py took 0.146 seconds
[2024-05-23T16:58:03.626+0700] {processor.py:161} INFO - Started process (PID=23174) to work on /mnt/d/Programming/Vietnamese-Text-Generator/airflow_env/lib/python3.10/site-packages/airflow/example_dags/example_trigger_target_dag.py
[2024-05-23T16:58:03.629+0700] {processor.py:830} INFO - Processing file /mnt/d/Programming/Vietnamese-Text-Generator/airflow_env/lib/python3.10/site-packages/airflow/example_dags/example_trigger_target_dag.py for tasks to queue
[2024-05-23T16:58:03.631+0700] {logging_mixin.py:188} INFO - [2024-05-23T16:58:03.630+0700] {dagbag.py:540} INFO - Filling up the DagBag from /mnt/d/Programming/Vietnamese-Text-Generator/airflow_env/lib/python3.10/site-packages/airflow/example_dags/example_trigger_target_dag.py
[2024-05-23T16:58:03.658+0700] {processor.py:840} INFO - DAG(s) 'example_trigger_target_dag' retrieved from /mnt/d/Programming/Vietnamese-Text-Generator/airflow_env/lib/python3.10/site-packages/airflow/example_dags/example_trigger_target_dag.py
[2024-05-23T16:58:03.691+0700] {logging_mixin.py:188} INFO - [2024-05-23T16:58:03.690+0700] {dag.py:3096} INFO - Sync 1 DAGs
[2024-05-23T16:58:03.707+0700] {logging_mixin.py:188} INFO - [2024-05-23T16:58:03.706+0700] {dag.py:3954} INFO - Setting next_dagrun for example_trigger_target_dag to None, run_after=None
[2024-05-23T16:58:03.763+0700] {processor.py:183} INFO - Processing /mnt/d/Programming/Vietnamese-Text-Generator/airflow_env/lib/python3.10/site-packages/airflow/example_dags/example_trigger_target_dag.py took 0.155 seconds
[2024-05-23T16:59:12.650+0700] {processor.py:161} INFO - Started process (PID=23497) to work on /mnt/d/Programming/Vietnamese-Text-Generator/airflow_env/lib/python3.10/site-packages/airflow/example_dags/example_trigger_target_dag.py
[2024-05-23T16:59:12.651+0700] {processor.py:830} INFO - Processing file /mnt/d/Programming/Vietnamese-Text-Generator/airflow_env/lib/python3.10/site-packages/airflow/example_dags/example_trigger_target_dag.py for tasks to queue
[2024-05-23T16:59:12.653+0700] {logging_mixin.py:188} INFO - [2024-05-23T16:59:12.652+0700] {dagbag.py:540} INFO - Filling up the DagBag from /mnt/d/Programming/Vietnamese-Text-Generator/airflow_env/lib/python3.10/site-packages/airflow/example_dags/example_trigger_target_dag.py
[2024-05-23T16:59:12.676+0700] {processor.py:840} INFO - DAG(s) 'example_trigger_target_dag' retrieved from /mnt/d/Programming/Vietnamese-Text-Generator/airflow_env/lib/python3.10/site-packages/airflow/example_dags/example_trigger_target_dag.py
[2024-05-23T16:59:12.707+0700] {logging_mixin.py:188} INFO - [2024-05-23T16:59:12.706+0700] {dag.py:3096} INFO - Sync 1 DAGs
[2024-05-23T16:59:12.724+0700] {logging_mixin.py:188} INFO - [2024-05-23T16:59:12.723+0700] {dag.py:3954} INFO - Setting next_dagrun for example_trigger_target_dag to None, run_after=None
[2024-05-23T16:59:12.779+0700] {processor.py:183} INFO - Processing /mnt/d/Programming/Vietnamese-Text-Generator/airflow_env/lib/python3.10/site-packages/airflow/example_dags/example_trigger_target_dag.py took 0.142 seconds
[2024-05-23T17:00:23.914+0700] {processor.py:161} INFO - Started process (PID=23829) to work on /mnt/d/Programming/Vietnamese-Text-Generator/airflow_env/lib/python3.10/site-packages/airflow/example_dags/example_trigger_target_dag.py
[2024-05-23T17:00:23.916+0700] {processor.py:830} INFO - Processing file /mnt/d/Programming/Vietnamese-Text-Generator/airflow_env/lib/python3.10/site-packages/airflow/example_dags/example_trigger_target_dag.py for tasks to queue
[2024-05-23T17:00:23.918+0700] {logging_mixin.py:188} INFO - [2024-05-23T17:00:23.917+0700] {dagbag.py:540} INFO - Filling up the DagBag from /mnt/d/Programming/Vietnamese-Text-Generator/airflow_env/lib/python3.10/site-packages/airflow/example_dags/example_trigger_target_dag.py
[2024-05-23T17:00:23.939+0700] {processor.py:840} INFO - DAG(s) 'example_trigger_target_dag' retrieved from /mnt/d/Programming/Vietnamese-Text-Generator/airflow_env/lib/python3.10/site-packages/airflow/example_dags/example_trigger_target_dag.py
[2024-05-23T17:00:23.969+0700] {logging_mixin.py:188} INFO - [2024-05-23T17:00:23.968+0700] {dag.py:3096} INFO - Sync 1 DAGs
[2024-05-23T17:00:23.985+0700] {logging_mixin.py:188} INFO - [2024-05-23T17:00:23.983+0700] {dag.py:3954} INFO - Setting next_dagrun for example_trigger_target_dag to None, run_after=None
[2024-05-23T17:00:24.058+0700] {processor.py:183} INFO - Processing /mnt/d/Programming/Vietnamese-Text-Generator/airflow_env/lib/python3.10/site-packages/airflow/example_dags/example_trigger_target_dag.py took 0.159 seconds
[2024-05-23T17:01:31.926+0700] {processor.py:161} INFO - Started process (PID=24146) to work on /mnt/d/Programming/Vietnamese-Text-Generator/airflow_env/lib/python3.10/site-packages/airflow/example_dags/example_trigger_target_dag.py
[2024-05-23T17:01:31.928+0700] {processor.py:830} INFO - Processing file /mnt/d/Programming/Vietnamese-Text-Generator/airflow_env/lib/python3.10/site-packages/airflow/example_dags/example_trigger_target_dag.py for tasks to queue
[2024-05-23T17:01:31.931+0700] {logging_mixin.py:188} INFO - [2024-05-23T17:01:31.930+0700] {dagbag.py:540} INFO - Filling up the DagBag from /mnt/d/Programming/Vietnamese-Text-Generator/airflow_env/lib/python3.10/site-packages/airflow/example_dags/example_trigger_target_dag.py
[2024-05-23T17:01:31.951+0700] {processor.py:840} INFO - DAG(s) 'example_trigger_target_dag' retrieved from /mnt/d/Programming/Vietnamese-Text-Generator/airflow_env/lib/python3.10/site-packages/airflow/example_dags/example_trigger_target_dag.py
[2024-05-23T17:01:31.986+0700] {logging_mixin.py:188} INFO - [2024-05-23T17:01:31.985+0700] {dag.py:3096} INFO - Sync 1 DAGs
[2024-05-23T17:01:32.003+0700] {logging_mixin.py:188} INFO - [2024-05-23T17:01:32.002+0700] {dag.py:3954} INFO - Setting next_dagrun for example_trigger_target_dag to None, run_after=None
[2024-05-23T17:01:32.062+0700] {processor.py:183} INFO - Processing /mnt/d/Programming/Vietnamese-Text-Generator/airflow_env/lib/python3.10/site-packages/airflow/example_dags/example_trigger_target_dag.py took 0.148 seconds
[2024-05-23T17:02:43.517+0700] {processor.py:161} INFO - Started process (PID=24478) to work on /mnt/d/Programming/Vietnamese-Text-Generator/airflow_env/lib/python3.10/site-packages/airflow/example_dags/example_trigger_target_dag.py
[2024-05-23T17:02:43.519+0700] {processor.py:830} INFO - Processing file /mnt/d/Programming/Vietnamese-Text-Generator/airflow_env/lib/python3.10/site-packages/airflow/example_dags/example_trigger_target_dag.py for tasks to queue
[2024-05-23T17:02:43.521+0700] {logging_mixin.py:188} INFO - [2024-05-23T17:02:43.520+0700] {dagbag.py:540} INFO - Filling up the DagBag from /mnt/d/Programming/Vietnamese-Text-Generator/airflow_env/lib/python3.10/site-packages/airflow/example_dags/example_trigger_target_dag.py
[2024-05-23T17:02:43.539+0700] {processor.py:840} INFO - DAG(s) 'example_trigger_target_dag' retrieved from /mnt/d/Programming/Vietnamese-Text-Generator/airflow_env/lib/python3.10/site-packages/airflow/example_dags/example_trigger_target_dag.py
[2024-05-23T17:02:43.569+0700] {logging_mixin.py:188} INFO - [2024-05-23T17:02:43.568+0700] {dag.py:3096} INFO - Sync 1 DAGs
[2024-05-23T17:02:43.584+0700] {logging_mixin.py:188} INFO - [2024-05-23T17:02:43.583+0700] {dag.py:3954} INFO - Setting next_dagrun for example_trigger_target_dag to None, run_after=None
[2024-05-23T17:02:43.640+0700] {processor.py:183} INFO - Processing /mnt/d/Programming/Vietnamese-Text-Generator/airflow_env/lib/python3.10/site-packages/airflow/example_dags/example_trigger_target_dag.py took 0.139 seconds
[2024-05-23T17:03:50.241+0700] {processor.py:161} INFO - Started process (PID=24789) to work on /mnt/d/Programming/Vietnamese-Text-Generator/airflow_env/lib/python3.10/site-packages/airflow/example_dags/example_trigger_target_dag.py
[2024-05-23T17:03:50.243+0700] {processor.py:830} INFO - Processing file /mnt/d/Programming/Vietnamese-Text-Generator/airflow_env/lib/python3.10/site-packages/airflow/example_dags/example_trigger_target_dag.py for tasks to queue
[2024-05-23T17:03:50.245+0700] {logging_mixin.py:188} INFO - [2024-05-23T17:03:50.244+0700] {dagbag.py:540} INFO - Filling up the DagBag from /mnt/d/Programming/Vietnamese-Text-Generator/airflow_env/lib/python3.10/site-packages/airflow/example_dags/example_trigger_target_dag.py
[2024-05-23T17:03:50.264+0700] {processor.py:840} INFO - DAG(s) 'example_trigger_target_dag' retrieved from /mnt/d/Programming/Vietnamese-Text-Generator/airflow_env/lib/python3.10/site-packages/airflow/example_dags/example_trigger_target_dag.py
[2024-05-23T17:03:50.292+0700] {logging_mixin.py:188} INFO - [2024-05-23T17:03:50.292+0700] {dag.py:3096} INFO - Sync 1 DAGs
[2024-05-23T17:03:50.307+0700] {logging_mixin.py:188} INFO - [2024-05-23T17:03:50.306+0700] {dag.py:3954} INFO - Setting next_dagrun for example_trigger_target_dag to None, run_after=None
[2024-05-23T17:03:50.362+0700] {processor.py:183} INFO - Processing /mnt/d/Programming/Vietnamese-Text-Generator/airflow_env/lib/python3.10/site-packages/airflow/example_dags/example_trigger_target_dag.py took 0.132 seconds
