[2024-05-23T15:43:12.367+0700] {processor.py:161} INFO - Started process (PID=1224) to work on /mnt/d/Programming/Vietnamese-Text-Generator/airflow_env/lib/python3.10/site-packages/airflow/example_dags/example_external_task_marker_dag.py
[2024-05-23T15:43:12.370+0700] {processor.py:830} INFO - Processing file /mnt/d/Programming/Vietnamese-Text-Generator/airflow_env/lib/python3.10/site-packages/airflow/example_dags/example_external_task_marker_dag.py for tasks to queue
[2024-05-23T15:43:12.376+0700] {logging_mixin.py:188} INFO - [2024-05-23T15:43:12.374+0700] {dagbag.py:540} INFO - Filling up the DagBag from /mnt/d/Programming/Vietnamese-Text-Generator/airflow_env/lib/python3.10/site-packages/airflow/example_dags/example_external_task_marker_dag.py
[2024-05-23T15:43:12.403+0700] {processor.py:840} INFO - DAG(s) 'example_external_task_marker_child', 'example_external_task_marker_parent' retrieved from /mnt/d/Programming/Vietnamese-Text-Generator/airflow_env/lib/python3.10/site-packages/airflow/example_dags/example_external_task_marker_dag.py
[2024-05-23T15:43:12.446+0700] {logging_mixin.py:188} INFO - [2024-05-23T15:43:12.445+0700] {dag.py:3096} INFO - Sync 2 DAGs
[2024-05-23T15:43:12.471+0700] {logging_mixin.py:188} INFO - [2024-05-23T15:43:12.469+0700] {dag.py:3954} INFO - Setting next_dagrun for example_external_task_marker_child to None, run_after=None
[2024-05-23T15:43:12.478+0700] {logging_mixin.py:188} INFO - [2024-05-23T15:43:12.477+0700] {dag.py:3954} INFO - Setting next_dagrun for example_external_task_marker_parent to None, run_after=None
[2024-05-23T15:43:12.547+0700] {processor.py:183} INFO - Processing /mnt/d/Programming/Vietnamese-Text-Generator/airflow_env/lib/python3.10/site-packages/airflow/example_dags/example_external_task_marker_dag.py took 0.199 seconds
[2024-05-23T15:44:42.404+0700] {processor.py:161} INFO - Started process (PID=1663) to work on /mnt/d/Programming/Vietnamese-Text-Generator/airflow_env/lib/python3.10/site-packages/airflow/example_dags/example_external_task_marker_dag.py
[2024-05-23T15:44:42.406+0700] {processor.py:830} INFO - Processing file /mnt/d/Programming/Vietnamese-Text-Generator/airflow_env/lib/python3.10/site-packages/airflow/example_dags/example_external_task_marker_dag.py for tasks to queue
[2024-05-23T15:44:42.410+0700] {logging_mixin.py:188} INFO - [2024-05-23T15:44:42.409+0700] {dagbag.py:540} INFO - Filling up the DagBag from /mnt/d/Programming/Vietnamese-Text-Generator/airflow_env/lib/python3.10/site-packages/airflow/example_dags/example_external_task_marker_dag.py
[2024-05-23T15:44:42.429+0700] {processor.py:840} INFO - DAG(s) 'example_external_task_marker_parent', 'example_external_task_marker_child' retrieved from /mnt/d/Programming/Vietnamese-Text-Generator/airflow_env/lib/python3.10/site-packages/airflow/example_dags/example_external_task_marker_dag.py
[2024-05-23T15:44:42.476+0700] {logging_mixin.py:188} INFO - [2024-05-23T15:44:42.475+0700] {dag.py:3096} INFO - Sync 2 DAGs
[2024-05-23T15:44:42.494+0700] {logging_mixin.py:188} INFO - [2024-05-23T15:44:42.493+0700] {dag.py:3954} INFO - Setting next_dagrun for example_external_task_marker_child to None, run_after=None
[2024-05-23T15:44:42.501+0700] {logging_mixin.py:188} INFO - [2024-05-23T15:44:42.500+0700] {dag.py:3954} INFO - Setting next_dagrun for example_external_task_marker_parent to None, run_after=None
[2024-05-23T15:44:42.555+0700] {processor.py:183} INFO - Processing /mnt/d/Programming/Vietnamese-Text-Generator/airflow_env/lib/python3.10/site-packages/airflow/example_dags/example_external_task_marker_dag.py took 0.162 seconds
[2024-05-23T15:45:51.814+0700] {processor.py:161} INFO - Started process (PID=1999) to work on /mnt/d/Programming/Vietnamese-Text-Generator/airflow_env/lib/python3.10/site-packages/airflow/example_dags/example_external_task_marker_dag.py
[2024-05-23T15:45:51.818+0700] {processor.py:830} INFO - Processing file /mnt/d/Programming/Vietnamese-Text-Generator/airflow_env/lib/python3.10/site-packages/airflow/example_dags/example_external_task_marker_dag.py for tasks to queue
[2024-05-23T15:45:51.821+0700] {logging_mixin.py:188} INFO - [2024-05-23T15:45:51.820+0700] {dagbag.py:540} INFO - Filling up the DagBag from /mnt/d/Programming/Vietnamese-Text-Generator/airflow_env/lib/python3.10/site-packages/airflow/example_dags/example_external_task_marker_dag.py
[2024-05-23T15:45:51.841+0700] {processor.py:840} INFO - DAG(s) 'example_external_task_marker_child', 'example_external_task_marker_parent' retrieved from /mnt/d/Programming/Vietnamese-Text-Generator/airflow_env/lib/python3.10/site-packages/airflow/example_dags/example_external_task_marker_dag.py
[2024-05-23T15:45:51.874+0700] {logging_mixin.py:188} INFO - [2024-05-23T15:45:51.873+0700] {dag.py:3096} INFO - Sync 2 DAGs
[2024-05-23T15:45:51.889+0700] {logging_mixin.py:188} INFO - [2024-05-23T15:45:51.889+0700] {dag.py:3954} INFO - Setting next_dagrun for example_external_task_marker_child to None, run_after=None
[2024-05-23T15:45:51.895+0700] {logging_mixin.py:188} INFO - [2024-05-23T15:45:51.894+0700] {dag.py:3954} INFO - Setting next_dagrun for example_external_task_marker_parent to None, run_after=None
[2024-05-23T15:45:51.952+0700] {processor.py:183} INFO - Processing /mnt/d/Programming/Vietnamese-Text-Generator/airflow_env/lib/python3.10/site-packages/airflow/example_dags/example_external_task_marker_dag.py took 0.148 seconds
[2024-05-23T15:47:02.658+0700] {processor.py:161} INFO - Started process (PID=2690) to work on /mnt/d/Programming/Vietnamese-Text-Generator/airflow_env/lib/python3.10/site-packages/airflow/example_dags/example_external_task_marker_dag.py
[2024-05-23T15:47:02.660+0700] {processor.py:830} INFO - Processing file /mnt/d/Programming/Vietnamese-Text-Generator/airflow_env/lib/python3.10/site-packages/airflow/example_dags/example_external_task_marker_dag.py for tasks to queue
[2024-05-23T15:47:02.663+0700] {logging_mixin.py:188} INFO - [2024-05-23T15:47:02.662+0700] {dagbag.py:540} INFO - Filling up the DagBag from /mnt/d/Programming/Vietnamese-Text-Generator/airflow_env/lib/python3.10/site-packages/airflow/example_dags/example_external_task_marker_dag.py
[2024-05-23T15:47:02.684+0700] {processor.py:840} INFO - DAG(s) 'example_external_task_marker_parent', 'example_external_task_marker_child' retrieved from /mnt/d/Programming/Vietnamese-Text-Generator/airflow_env/lib/python3.10/site-packages/airflow/example_dags/example_external_task_marker_dag.py
[2024-05-23T15:47:02.720+0700] {logging_mixin.py:188} INFO - [2024-05-23T15:47:02.719+0700] {dag.py:3096} INFO - Sync 2 DAGs
[2024-05-23T15:47:02.736+0700] {logging_mixin.py:188} INFO - [2024-05-23T15:47:02.735+0700] {dag.py:3954} INFO - Setting next_dagrun for example_external_task_marker_child to None, run_after=None
[2024-05-23T15:47:02.743+0700] {logging_mixin.py:188} INFO - [2024-05-23T15:47:02.742+0700] {dag.py:3954} INFO - Setting next_dagrun for example_external_task_marker_parent to None, run_after=None
[2024-05-23T15:47:02.800+0700] {processor.py:183} INFO - Processing /mnt/d/Programming/Vietnamese-Text-Generator/airflow_env/lib/python3.10/site-packages/airflow/example_dags/example_external_task_marker_dag.py took 0.155 seconds
[2024-05-23T15:55:11.779+0700] {processor.py:161} INFO - Started process (PID=4796) to work on /mnt/d/Programming/Vietnamese-Text-Generator/airflow_env/lib/python3.10/site-packages/airflow/example_dags/example_external_task_marker_dag.py
[2024-05-23T15:55:11.781+0700] {processor.py:830} INFO - Processing file /mnt/d/Programming/Vietnamese-Text-Generator/airflow_env/lib/python3.10/site-packages/airflow/example_dags/example_external_task_marker_dag.py for tasks to queue
[2024-05-23T15:55:11.784+0700] {logging_mixin.py:188} INFO - [2024-05-23T15:55:11.783+0700] {dagbag.py:540} INFO - Filling up the DagBag from /mnt/d/Programming/Vietnamese-Text-Generator/airflow_env/lib/python3.10/site-packages/airflow/example_dags/example_external_task_marker_dag.py
[2024-05-23T15:55:11.801+0700] {processor.py:840} INFO - DAG(s) 'example_external_task_marker_parent', 'example_external_task_marker_child' retrieved from /mnt/d/Programming/Vietnamese-Text-Generator/airflow_env/lib/python3.10/site-packages/airflow/example_dags/example_external_task_marker_dag.py
[2024-05-23T15:55:11.837+0700] {logging_mixin.py:188} INFO - [2024-05-23T15:55:11.836+0700] {dag.py:3096} INFO - Sync 2 DAGs
[2024-05-23T15:55:11.852+0700] {logging_mixin.py:188} INFO - [2024-05-23T15:55:11.851+0700] {dag.py:3954} INFO - Setting next_dagrun for example_external_task_marker_child to None, run_after=None
[2024-05-23T15:55:11.858+0700] {logging_mixin.py:188} INFO - [2024-05-23T15:55:11.857+0700] {dag.py:3954} INFO - Setting next_dagrun for example_external_task_marker_parent to None, run_after=None
[2024-05-23T15:55:11.926+0700] {processor.py:183} INFO - Processing /mnt/d/Programming/Vietnamese-Text-Generator/airflow_env/lib/python3.10/site-packages/airflow/example_dags/example_external_task_marker_dag.py took 0.159 seconds
[2024-05-23T15:56:25.129+0700] {processor.py:161} INFO - Started process (PID=5144) to work on /mnt/d/Programming/Vietnamese-Text-Generator/airflow_env/lib/python3.10/site-packages/airflow/example_dags/example_external_task_marker_dag.py
[2024-05-23T15:56:25.133+0700] {processor.py:830} INFO - Processing file /mnt/d/Programming/Vietnamese-Text-Generator/airflow_env/lib/python3.10/site-packages/airflow/example_dags/example_external_task_marker_dag.py for tasks to queue
[2024-05-23T15:56:25.135+0700] {logging_mixin.py:188} INFO - [2024-05-23T15:56:25.134+0700] {dagbag.py:540} INFO - Filling up the DagBag from /mnt/d/Programming/Vietnamese-Text-Generator/airflow_env/lib/python3.10/site-packages/airflow/example_dags/example_external_task_marker_dag.py
[2024-05-23T15:56:25.165+0700] {processor.py:840} INFO - DAG(s) 'example_external_task_marker_child', 'example_external_task_marker_parent' retrieved from /mnt/d/Programming/Vietnamese-Text-Generator/airflow_env/lib/python3.10/site-packages/airflow/example_dags/example_external_task_marker_dag.py
[2024-05-23T15:56:25.214+0700] {logging_mixin.py:188} INFO - [2024-05-23T15:56:25.213+0700] {dag.py:3096} INFO - Sync 2 DAGs
[2024-05-23T15:56:25.239+0700] {logging_mixin.py:188} INFO - [2024-05-23T15:56:25.238+0700] {dag.py:3954} INFO - Setting next_dagrun for example_external_task_marker_child to None, run_after=None
[2024-05-23T15:56:25.247+0700] {logging_mixin.py:188} INFO - [2024-05-23T15:56:25.244+0700] {dag.py:3954} INFO - Setting next_dagrun for example_external_task_marker_parent to None, run_after=None
[2024-05-23T15:56:25.296+0700] {processor.py:183} INFO - Processing /mnt/d/Programming/Vietnamese-Text-Generator/airflow_env/lib/python3.10/site-packages/airflow/example_dags/example_external_task_marker_dag.py took 0.185 seconds
[2024-05-23T15:57:32.854+0700] {processor.py:161} INFO - Started process (PID=5466) to work on /mnt/d/Programming/Vietnamese-Text-Generator/airflow_env/lib/python3.10/site-packages/airflow/example_dags/example_external_task_marker_dag.py
[2024-05-23T15:57:32.857+0700] {processor.py:830} INFO - Processing file /mnt/d/Programming/Vietnamese-Text-Generator/airflow_env/lib/python3.10/site-packages/airflow/example_dags/example_external_task_marker_dag.py for tasks to queue
[2024-05-23T15:57:32.860+0700] {logging_mixin.py:188} INFO - [2024-05-23T15:57:32.859+0700] {dagbag.py:540} INFO - Filling up the DagBag from /mnt/d/Programming/Vietnamese-Text-Generator/airflow_env/lib/python3.10/site-packages/airflow/example_dags/example_external_task_marker_dag.py
[2024-05-23T15:57:32.886+0700] {processor.py:840} INFO - DAG(s) 'example_external_task_marker_parent', 'example_external_task_marker_child' retrieved from /mnt/d/Programming/Vietnamese-Text-Generator/airflow_env/lib/python3.10/site-packages/airflow/example_dags/example_external_task_marker_dag.py
[2024-05-23T15:57:32.927+0700] {logging_mixin.py:188} INFO - [2024-05-23T15:57:32.926+0700] {dag.py:3096} INFO - Sync 2 DAGs
[2024-05-23T15:57:32.952+0700] {logging_mixin.py:188} INFO - [2024-05-23T15:57:32.951+0700] {dag.py:3954} INFO - Setting next_dagrun for example_external_task_marker_child to None, run_after=None
[2024-05-23T15:57:32.958+0700] {logging_mixin.py:188} INFO - [2024-05-23T15:57:32.958+0700] {dag.py:3954} INFO - Setting next_dagrun for example_external_task_marker_parent to None, run_after=None
[2024-05-23T15:57:33.010+0700] {processor.py:183} INFO - Processing /mnt/d/Programming/Vietnamese-Text-Generator/airflow_env/lib/python3.10/site-packages/airflow/example_dags/example_external_task_marker_dag.py took 0.172 seconds
[2024-05-23T15:58:41.047+0700] {processor.py:161} INFO - Started process (PID=5787) to work on /mnt/d/Programming/Vietnamese-Text-Generator/airflow_env/lib/python3.10/site-packages/airflow/example_dags/example_external_task_marker_dag.py
[2024-05-23T15:58:41.050+0700] {processor.py:830} INFO - Processing file /mnt/d/Programming/Vietnamese-Text-Generator/airflow_env/lib/python3.10/site-packages/airflow/example_dags/example_external_task_marker_dag.py for tasks to queue
[2024-05-23T15:58:41.054+0700] {logging_mixin.py:188} INFO - [2024-05-23T15:58:41.052+0700] {dagbag.py:540} INFO - Filling up the DagBag from /mnt/d/Programming/Vietnamese-Text-Generator/airflow_env/lib/python3.10/site-packages/airflow/example_dags/example_external_task_marker_dag.py
[2024-05-23T15:58:41.083+0700] {processor.py:840} INFO - DAG(s) 'example_external_task_marker_child', 'example_external_task_marker_parent' retrieved from /mnt/d/Programming/Vietnamese-Text-Generator/airflow_env/lib/python3.10/site-packages/airflow/example_dags/example_external_task_marker_dag.py
[2024-05-23T15:58:41.121+0700] {logging_mixin.py:188} INFO - [2024-05-23T15:58:41.119+0700] {dag.py:3096} INFO - Sync 2 DAGs
[2024-05-23T15:58:41.138+0700] {logging_mixin.py:188} INFO - [2024-05-23T15:58:41.137+0700] {dag.py:3954} INFO - Setting next_dagrun for example_external_task_marker_child to None, run_after=None
[2024-05-23T15:58:41.146+0700] {logging_mixin.py:188} INFO - [2024-05-23T15:58:41.144+0700] {dag.py:3954} INFO - Setting next_dagrun for example_external_task_marker_parent to None, run_after=None
[2024-05-23T15:58:41.214+0700] {processor.py:183} INFO - Processing /mnt/d/Programming/Vietnamese-Text-Generator/airflow_env/lib/python3.10/site-packages/airflow/example_dags/example_external_task_marker_dag.py took 0.188 seconds
[2024-05-23T15:59:54.730+0700] {processor.py:161} INFO - Started process (PID=6131) to work on /mnt/d/Programming/Vietnamese-Text-Generator/airflow_env/lib/python3.10/site-packages/airflow/example_dags/example_external_task_marker_dag.py
[2024-05-23T15:59:54.732+0700] {processor.py:830} INFO - Processing file /mnt/d/Programming/Vietnamese-Text-Generator/airflow_env/lib/python3.10/site-packages/airflow/example_dags/example_external_task_marker_dag.py for tasks to queue
[2024-05-23T15:59:54.735+0700] {logging_mixin.py:188} INFO - [2024-05-23T15:59:54.734+0700] {dagbag.py:540} INFO - Filling up the DagBag from /mnt/d/Programming/Vietnamese-Text-Generator/airflow_env/lib/python3.10/site-packages/airflow/example_dags/example_external_task_marker_dag.py
[2024-05-23T15:59:54.761+0700] {processor.py:840} INFO - DAG(s) 'example_external_task_marker_child', 'example_external_task_marker_parent' retrieved from /mnt/d/Programming/Vietnamese-Text-Generator/airflow_env/lib/python3.10/site-packages/airflow/example_dags/example_external_task_marker_dag.py
[2024-05-23T15:59:54.824+0700] {logging_mixin.py:188} INFO - [2024-05-23T15:59:54.823+0700] {dag.py:3096} INFO - Sync 2 DAGs
[2024-05-23T15:59:54.864+0700] {logging_mixin.py:188} INFO - [2024-05-23T15:59:54.862+0700] {dag.py:3954} INFO - Setting next_dagrun for example_external_task_marker_child to None, run_after=None
[2024-05-23T15:59:54.882+0700] {logging_mixin.py:188} INFO - [2024-05-23T15:59:54.880+0700] {dag.py:3954} INFO - Setting next_dagrun for example_external_task_marker_parent to None, run_after=None
[2024-05-23T15:59:54.965+0700] {processor.py:183} INFO - Processing /mnt/d/Programming/Vietnamese-Text-Generator/airflow_env/lib/python3.10/site-packages/airflow/example_dags/example_external_task_marker_dag.py took 0.244 seconds
[2024-05-23T16:01:02.993+0700] {processor.py:161} INFO - Started process (PID=6456) to work on /mnt/d/Programming/Vietnamese-Text-Generator/airflow_env/lib/python3.10/site-packages/airflow/example_dags/example_external_task_marker_dag.py
[2024-05-23T16:01:02.994+0700] {processor.py:830} INFO - Processing file /mnt/d/Programming/Vietnamese-Text-Generator/airflow_env/lib/python3.10/site-packages/airflow/example_dags/example_external_task_marker_dag.py for tasks to queue
[2024-05-23T16:01:02.996+0700] {logging_mixin.py:188} INFO - [2024-05-23T16:01:02.996+0700] {dagbag.py:540} INFO - Filling up the DagBag from /mnt/d/Programming/Vietnamese-Text-Generator/airflow_env/lib/python3.10/site-packages/airflow/example_dags/example_external_task_marker_dag.py
[2024-05-23T16:01:03.016+0700] {processor.py:840} INFO - DAG(s) 'example_external_task_marker_parent', 'example_external_task_marker_child' retrieved from /mnt/d/Programming/Vietnamese-Text-Generator/airflow_env/lib/python3.10/site-packages/airflow/example_dags/example_external_task_marker_dag.py
[2024-05-23T16:01:03.050+0700] {logging_mixin.py:188} INFO - [2024-05-23T16:01:03.049+0700] {dag.py:3096} INFO - Sync 2 DAGs
[2024-05-23T16:01:03.065+0700] {logging_mixin.py:188} INFO - [2024-05-23T16:01:03.064+0700] {dag.py:3954} INFO - Setting next_dagrun for example_external_task_marker_child to None, run_after=None
[2024-05-23T16:01:03.071+0700] {logging_mixin.py:188} INFO - [2024-05-23T16:01:03.070+0700] {dag.py:3954} INFO - Setting next_dagrun for example_external_task_marker_parent to None, run_after=None
[2024-05-23T16:01:03.134+0700] {processor.py:183} INFO - Processing /mnt/d/Programming/Vietnamese-Text-Generator/airflow_env/lib/python3.10/site-packages/airflow/example_dags/example_external_task_marker_dag.py took 0.152 seconds
[2024-05-23T16:02:07.128+0700] {processor.py:161} INFO - Started process (PID=6760) to work on /mnt/d/Programming/Vietnamese-Text-Generator/airflow_env/lib/python3.10/site-packages/airflow/example_dags/example_external_task_marker_dag.py
[2024-05-23T16:02:07.130+0700] {processor.py:830} INFO - Processing file /mnt/d/Programming/Vietnamese-Text-Generator/airflow_env/lib/python3.10/site-packages/airflow/example_dags/example_external_task_marker_dag.py for tasks to queue
[2024-05-23T16:02:07.133+0700] {logging_mixin.py:188} INFO - [2024-05-23T16:02:07.132+0700] {dagbag.py:540} INFO - Filling up the DagBag from /mnt/d/Programming/Vietnamese-Text-Generator/airflow_env/lib/python3.10/site-packages/airflow/example_dags/example_external_task_marker_dag.py
[2024-05-23T16:02:07.158+0700] {processor.py:840} INFO - DAG(s) 'example_external_task_marker_parent', 'example_external_task_marker_child' retrieved from /mnt/d/Programming/Vietnamese-Text-Generator/airflow_env/lib/python3.10/site-packages/airflow/example_dags/example_external_task_marker_dag.py
[2024-05-23T16:02:07.197+0700] {logging_mixin.py:188} INFO - [2024-05-23T16:02:07.195+0700] {dag.py:3096} INFO - Sync 2 DAGs
[2024-05-23T16:02:07.213+0700] {logging_mixin.py:188} INFO - [2024-05-23T16:02:07.212+0700] {dag.py:3954} INFO - Setting next_dagrun for example_external_task_marker_child to None, run_after=None
[2024-05-23T16:02:07.219+0700] {logging_mixin.py:188} INFO - [2024-05-23T16:02:07.218+0700] {dag.py:3954} INFO - Setting next_dagrun for example_external_task_marker_parent to None, run_after=None
[2024-05-23T16:02:07.273+0700] {processor.py:183} INFO - Processing /mnt/d/Programming/Vietnamese-Text-Generator/airflow_env/lib/python3.10/site-packages/airflow/example_dags/example_external_task_marker_dag.py took 0.158 seconds
[2024-05-23T16:03:19.790+0700] {processor.py:161} INFO - Started process (PID=7098) to work on /mnt/d/Programming/Vietnamese-Text-Generator/airflow_env/lib/python3.10/site-packages/airflow/example_dags/example_external_task_marker_dag.py
[2024-05-23T16:03:19.797+0700] {processor.py:830} INFO - Processing file /mnt/d/Programming/Vietnamese-Text-Generator/airflow_env/lib/python3.10/site-packages/airflow/example_dags/example_external_task_marker_dag.py for tasks to queue
[2024-05-23T16:03:19.803+0700] {logging_mixin.py:188} INFO - [2024-05-23T16:03:19.800+0700] {dagbag.py:540} INFO - Filling up the DagBag from /mnt/d/Programming/Vietnamese-Text-Generator/airflow_env/lib/python3.10/site-packages/airflow/example_dags/example_external_task_marker_dag.py
[2024-05-23T16:03:19.846+0700] {processor.py:840} INFO - DAG(s) 'example_external_task_marker_parent', 'example_external_task_marker_child' retrieved from /mnt/d/Programming/Vietnamese-Text-Generator/airflow_env/lib/python3.10/site-packages/airflow/example_dags/example_external_task_marker_dag.py
[2024-05-23T16:03:19.894+0700] {logging_mixin.py:188} INFO - [2024-05-23T16:03:19.892+0700] {dag.py:3096} INFO - Sync 2 DAGs
[2024-05-23T16:03:19.914+0700] {logging_mixin.py:188} INFO - [2024-05-23T16:03:19.913+0700] {dag.py:3954} INFO - Setting next_dagrun for example_external_task_marker_child to None, run_after=None
[2024-05-23T16:03:19.925+0700] {logging_mixin.py:188} INFO - [2024-05-23T16:03:19.920+0700] {dag.py:3954} INFO - Setting next_dagrun for example_external_task_marker_parent to None, run_after=None
[2024-05-23T16:03:19.992+0700] {processor.py:183} INFO - Processing /mnt/d/Programming/Vietnamese-Text-Generator/airflow_env/lib/python3.10/site-packages/airflow/example_dags/example_external_task_marker_dag.py took 0.233 seconds
[2024-05-23T16:35:29.809+0700] {processor.py:161} INFO - Started process (PID=17180) to work on /mnt/d/Programming/Vietnamese-Text-Generator/airflow_env/lib/python3.10/site-packages/airflow/example_dags/example_external_task_marker_dag.py
[2024-05-23T16:35:29.811+0700] {processor.py:830} INFO - Processing file /mnt/d/Programming/Vietnamese-Text-Generator/airflow_env/lib/python3.10/site-packages/airflow/example_dags/example_external_task_marker_dag.py for tasks to queue
[2024-05-23T16:35:29.813+0700] {logging_mixin.py:188} INFO - [2024-05-23T16:35:29.813+0700] {dagbag.py:540} INFO - Filling up the DagBag from /mnt/d/Programming/Vietnamese-Text-Generator/airflow_env/lib/python3.10/site-packages/airflow/example_dags/example_external_task_marker_dag.py
[2024-05-23T16:35:29.834+0700] {processor.py:840} INFO - DAG(s) 'example_external_task_marker_parent', 'example_external_task_marker_child' retrieved from /mnt/d/Programming/Vietnamese-Text-Generator/airflow_env/lib/python3.10/site-packages/airflow/example_dags/example_external_task_marker_dag.py
[2024-05-23T16:35:29.877+0700] {logging_mixin.py:188} INFO - [2024-05-23T16:35:29.876+0700] {dag.py:3096} INFO - Sync 2 DAGs
[2024-05-23T16:35:29.893+0700] {logging_mixin.py:188} INFO - [2024-05-23T16:35:29.892+0700] {dag.py:3954} INFO - Setting next_dagrun for example_external_task_marker_child to None, run_after=None
[2024-05-23T16:35:29.898+0700] {logging_mixin.py:188} INFO - [2024-05-23T16:35:29.897+0700] {dag.py:3954} INFO - Setting next_dagrun for example_external_task_marker_parent to None, run_after=None
[2024-05-23T16:35:29.969+0700] {processor.py:183} INFO - Processing /mnt/d/Programming/Vietnamese-Text-Generator/airflow_env/lib/python3.10/site-packages/airflow/example_dags/example_external_task_marker_dag.py took 0.173 seconds
[2024-05-23T16:36:46.059+0700] {processor.py:161} INFO - Started process (PID=17534) to work on /mnt/d/Programming/Vietnamese-Text-Generator/airflow_env/lib/python3.10/site-packages/airflow/example_dags/example_external_task_marker_dag.py
[2024-05-23T16:36:46.061+0700] {processor.py:830} INFO - Processing file /mnt/d/Programming/Vietnamese-Text-Generator/airflow_env/lib/python3.10/site-packages/airflow/example_dags/example_external_task_marker_dag.py for tasks to queue
[2024-05-23T16:36:46.064+0700] {logging_mixin.py:188} INFO - [2024-05-23T16:36:46.063+0700] {dagbag.py:540} INFO - Filling up the DagBag from /mnt/d/Programming/Vietnamese-Text-Generator/airflow_env/lib/python3.10/site-packages/airflow/example_dags/example_external_task_marker_dag.py
[2024-05-23T16:36:46.081+0700] {processor.py:840} INFO - DAG(s) 'example_external_task_marker_child', 'example_external_task_marker_parent' retrieved from /mnt/d/Programming/Vietnamese-Text-Generator/airflow_env/lib/python3.10/site-packages/airflow/example_dags/example_external_task_marker_dag.py
[2024-05-23T16:36:46.117+0700] {logging_mixin.py:188} INFO - [2024-05-23T16:36:46.115+0700] {dag.py:3096} INFO - Sync 2 DAGs
[2024-05-23T16:36:46.135+0700] {logging_mixin.py:188} INFO - [2024-05-23T16:36:46.133+0700] {dag.py:3954} INFO - Setting next_dagrun for example_external_task_marker_child to None, run_after=None
[2024-05-23T16:36:46.142+0700] {logging_mixin.py:188} INFO - [2024-05-23T16:36:46.141+0700] {dag.py:3954} INFO - Setting next_dagrun for example_external_task_marker_parent to None, run_after=None
[2024-05-23T16:36:46.207+0700] {processor.py:183} INFO - Processing /mnt/d/Programming/Vietnamese-Text-Generator/airflow_env/lib/python3.10/site-packages/airflow/example_dags/example_external_task_marker_dag.py took 0.161 seconds
[2024-05-23T16:38:04.952+0700] {processor.py:161} INFO - Started process (PID=17904) to work on /mnt/d/Programming/Vietnamese-Text-Generator/airflow_env/lib/python3.10/site-packages/airflow/example_dags/example_external_task_marker_dag.py
[2024-05-23T16:38:04.954+0700] {processor.py:830} INFO - Processing file /mnt/d/Programming/Vietnamese-Text-Generator/airflow_env/lib/python3.10/site-packages/airflow/example_dags/example_external_task_marker_dag.py for tasks to queue
[2024-05-23T16:38:04.958+0700] {logging_mixin.py:188} INFO - [2024-05-23T16:38:04.956+0700] {dagbag.py:540} INFO - Filling up the DagBag from /mnt/d/Programming/Vietnamese-Text-Generator/airflow_env/lib/python3.10/site-packages/airflow/example_dags/example_external_task_marker_dag.py
[2024-05-23T16:38:05.004+0700] {processor.py:840} INFO - DAG(s) 'example_external_task_marker_parent', 'example_external_task_marker_child' retrieved from /mnt/d/Programming/Vietnamese-Text-Generator/airflow_env/lib/python3.10/site-packages/airflow/example_dags/example_external_task_marker_dag.py
[2024-05-23T16:38:05.119+0700] {logging_mixin.py:188} INFO - [2024-05-23T16:38:05.118+0700] {dag.py:3096} INFO - Sync 2 DAGs
[2024-05-23T16:38:05.135+0700] {logging_mixin.py:188} INFO - [2024-05-23T16:38:05.134+0700] {dag.py:3954} INFO - Setting next_dagrun for example_external_task_marker_child to None, run_after=None
[2024-05-23T16:38:05.142+0700] {logging_mixin.py:188} INFO - [2024-05-23T16:38:05.141+0700] {dag.py:3954} INFO - Setting next_dagrun for example_external_task_marker_parent to None, run_after=None
[2024-05-23T16:38:05.228+0700] {processor.py:183} INFO - Processing /mnt/d/Programming/Vietnamese-Text-Generator/airflow_env/lib/python3.10/site-packages/airflow/example_dags/example_external_task_marker_dag.py took 0.304 seconds
[2024-05-23T16:50:18.783+0700] {processor.py:161} INFO - Started process (PID=21006) to work on /mnt/d/Programming/Vietnamese-Text-Generator/airflow_env/lib/python3.10/site-packages/airflow/example_dags/example_external_task_marker_dag.py
[2024-05-23T16:50:18.786+0700] {processor.py:830} INFO - Processing file /mnt/d/Programming/Vietnamese-Text-Generator/airflow_env/lib/python3.10/site-packages/airflow/example_dags/example_external_task_marker_dag.py for tasks to queue
[2024-05-23T16:50:18.789+0700] {logging_mixin.py:188} INFO - [2024-05-23T16:50:18.787+0700] {dagbag.py:540} INFO - Filling up the DagBag from /mnt/d/Programming/Vietnamese-Text-Generator/airflow_env/lib/python3.10/site-packages/airflow/example_dags/example_external_task_marker_dag.py
[2024-05-23T16:50:18.809+0700] {processor.py:840} INFO - DAG(s) 'example_external_task_marker_child', 'example_external_task_marker_parent' retrieved from /mnt/d/Programming/Vietnamese-Text-Generator/airflow_env/lib/python3.10/site-packages/airflow/example_dags/example_external_task_marker_dag.py
[2024-05-23T16:50:18.851+0700] {logging_mixin.py:188} INFO - [2024-05-23T16:50:18.850+0700] {dag.py:3096} INFO - Sync 2 DAGs
[2024-05-23T16:50:18.869+0700] {logging_mixin.py:188} INFO - [2024-05-23T16:50:18.868+0700] {dag.py:3954} INFO - Setting next_dagrun for example_external_task_marker_child to None, run_after=None
[2024-05-23T16:50:18.878+0700] {logging_mixin.py:188} INFO - [2024-05-23T16:50:18.876+0700] {dag.py:3954} INFO - Setting next_dagrun for example_external_task_marker_parent to None, run_after=None
[2024-05-23T16:50:18.943+0700] {processor.py:183} INFO - Processing /mnt/d/Programming/Vietnamese-Text-Generator/airflow_env/lib/python3.10/site-packages/airflow/example_dags/example_external_task_marker_dag.py took 0.172 seconds
[2024-05-23T16:51:42.830+0700] {processor.py:161} INFO - Started process (PID=21396) to work on /mnt/d/Programming/Vietnamese-Text-Generator/airflow_env/lib/python3.10/site-packages/airflow/example_dags/example_external_task_marker_dag.py
[2024-05-23T16:51:42.835+0700] {processor.py:830} INFO - Processing file /mnt/d/Programming/Vietnamese-Text-Generator/airflow_env/lib/python3.10/site-packages/airflow/example_dags/example_external_task_marker_dag.py for tasks to queue
[2024-05-23T16:51:42.840+0700] {logging_mixin.py:188} INFO - [2024-05-23T16:51:42.837+0700] {dagbag.py:540} INFO - Filling up the DagBag from /mnt/d/Programming/Vietnamese-Text-Generator/airflow_env/lib/python3.10/site-packages/airflow/example_dags/example_external_task_marker_dag.py
[2024-05-23T16:51:42.874+0700] {processor.py:840} INFO - DAG(s) 'example_external_task_marker_parent', 'example_external_task_marker_child' retrieved from /mnt/d/Programming/Vietnamese-Text-Generator/airflow_env/lib/python3.10/site-packages/airflow/example_dags/example_external_task_marker_dag.py
[2024-05-23T16:51:42.952+0700] {logging_mixin.py:188} INFO - [2024-05-23T16:51:42.950+0700] {dag.py:3096} INFO - Sync 2 DAGs
[2024-05-23T16:51:42.985+0700] {logging_mixin.py:188} INFO - [2024-05-23T16:51:42.984+0700] {dag.py:3954} INFO - Setting next_dagrun for example_external_task_marker_child to None, run_after=None
[2024-05-23T16:51:42.999+0700] {logging_mixin.py:188} INFO - [2024-05-23T16:51:42.998+0700] {dag.py:3954} INFO - Setting next_dagrun for example_external_task_marker_parent to None, run_after=None
[2024-05-23T16:51:43.102+0700] {processor.py:183} INFO - Processing /mnt/d/Programming/Vietnamese-Text-Generator/airflow_env/lib/python3.10/site-packages/airflow/example_dags/example_external_task_marker_dag.py took 0.292 seconds
[2024-05-23T16:52:58.508+0700] {processor.py:161} INFO - Started process (PID=21748) to work on /mnt/d/Programming/Vietnamese-Text-Generator/airflow_env/lib/python3.10/site-packages/airflow/example_dags/example_external_task_marker_dag.py
[2024-05-23T16:52:58.510+0700] {processor.py:830} INFO - Processing file /mnt/d/Programming/Vietnamese-Text-Generator/airflow_env/lib/python3.10/site-packages/airflow/example_dags/example_external_task_marker_dag.py for tasks to queue
[2024-05-23T16:52:58.514+0700] {logging_mixin.py:188} INFO - [2024-05-23T16:52:58.512+0700] {dagbag.py:540} INFO - Filling up the DagBag from /mnt/d/Programming/Vietnamese-Text-Generator/airflow_env/lib/python3.10/site-packages/airflow/example_dags/example_external_task_marker_dag.py
[2024-05-23T16:52:58.538+0700] {processor.py:840} INFO - DAG(s) 'example_external_task_marker_child', 'example_external_task_marker_parent' retrieved from /mnt/d/Programming/Vietnamese-Text-Generator/airflow_env/lib/python3.10/site-packages/airflow/example_dags/example_external_task_marker_dag.py
[2024-05-23T16:52:58.576+0700] {logging_mixin.py:188} INFO - [2024-05-23T16:52:58.575+0700] {dag.py:3096} INFO - Sync 2 DAGs
[2024-05-23T16:52:58.592+0700] {logging_mixin.py:188} INFO - [2024-05-23T16:52:58.591+0700] {dag.py:3954} INFO - Setting next_dagrun for example_external_task_marker_child to None, run_after=None
[2024-05-23T16:52:58.600+0700] {logging_mixin.py:188} INFO - [2024-05-23T16:52:58.598+0700] {dag.py:3954} INFO - Setting next_dagrun for example_external_task_marker_parent to None, run_after=None
[2024-05-23T16:52:58.667+0700] {processor.py:183} INFO - Processing /mnt/d/Programming/Vietnamese-Text-Generator/airflow_env/lib/python3.10/site-packages/airflow/example_dags/example_external_task_marker_dag.py took 0.176 seconds
[2024-05-23T16:54:10.516+0700] {processor.py:161} INFO - Started process (PID=22081) to work on /mnt/d/Programming/Vietnamese-Text-Generator/airflow_env/lib/python3.10/site-packages/airflow/example_dags/example_external_task_marker_dag.py
[2024-05-23T16:54:10.518+0700] {processor.py:830} INFO - Processing file /mnt/d/Programming/Vietnamese-Text-Generator/airflow_env/lib/python3.10/site-packages/airflow/example_dags/example_external_task_marker_dag.py for tasks to queue
[2024-05-23T16:54:10.520+0700] {logging_mixin.py:188} INFO - [2024-05-23T16:54:10.519+0700] {dagbag.py:540} INFO - Filling up the DagBag from /mnt/d/Programming/Vietnamese-Text-Generator/airflow_env/lib/python3.10/site-packages/airflow/example_dags/example_external_task_marker_dag.py
[2024-05-23T16:54:10.537+0700] {processor.py:840} INFO - DAG(s) 'example_external_task_marker_child', 'example_external_task_marker_parent' retrieved from /mnt/d/Programming/Vietnamese-Text-Generator/airflow_env/lib/python3.10/site-packages/airflow/example_dags/example_external_task_marker_dag.py
[2024-05-23T16:54:10.574+0700] {logging_mixin.py:188} INFO - [2024-05-23T16:54:10.573+0700] {dag.py:3096} INFO - Sync 2 DAGs
[2024-05-23T16:54:10.590+0700] {logging_mixin.py:188} INFO - [2024-05-23T16:54:10.589+0700] {dag.py:3954} INFO - Setting next_dagrun for example_external_task_marker_child to None, run_after=None
[2024-05-23T16:54:10.597+0700] {logging_mixin.py:188} INFO - [2024-05-23T16:54:10.596+0700] {dag.py:3954} INFO - Setting next_dagrun for example_external_task_marker_parent to None, run_after=None
[2024-05-23T16:54:10.652+0700] {processor.py:183} INFO - Processing /mnt/d/Programming/Vietnamese-Text-Generator/airflow_env/lib/python3.10/site-packages/airflow/example_dags/example_external_task_marker_dag.py took 0.147 seconds
[2024-05-23T16:55:20.336+0700] {processor.py:161} INFO - Started process (PID=22409) to work on /mnt/d/Programming/Vietnamese-Text-Generator/airflow_env/lib/python3.10/site-packages/airflow/example_dags/example_external_task_marker_dag.py
[2024-05-23T16:55:20.338+0700] {processor.py:830} INFO - Processing file /mnt/d/Programming/Vietnamese-Text-Generator/airflow_env/lib/python3.10/site-packages/airflow/example_dags/example_external_task_marker_dag.py for tasks to queue
[2024-05-23T16:55:20.340+0700] {logging_mixin.py:188} INFO - [2024-05-23T16:55:20.339+0700] {dagbag.py:540} INFO - Filling up the DagBag from /mnt/d/Programming/Vietnamese-Text-Generator/airflow_env/lib/python3.10/site-packages/airflow/example_dags/example_external_task_marker_dag.py
[2024-05-23T16:55:20.362+0700] {processor.py:840} INFO - DAG(s) 'example_external_task_marker_parent', 'example_external_task_marker_child' retrieved from /mnt/d/Programming/Vietnamese-Text-Generator/airflow_env/lib/python3.10/site-packages/airflow/example_dags/example_external_task_marker_dag.py
[2024-05-23T16:55:20.401+0700] {logging_mixin.py:188} INFO - [2024-05-23T16:55:20.400+0700] {dag.py:3096} INFO - Sync 2 DAGs
[2024-05-23T16:55:20.417+0700] {logging_mixin.py:188} INFO - [2024-05-23T16:55:20.416+0700] {dag.py:3954} INFO - Setting next_dagrun for example_external_task_marker_child to None, run_after=None
[2024-05-23T16:55:20.423+0700] {logging_mixin.py:188} INFO - [2024-05-23T16:55:20.422+0700] {dag.py:3954} INFO - Setting next_dagrun for example_external_task_marker_parent to None, run_after=None
[2024-05-23T16:55:20.482+0700] {processor.py:183} INFO - Processing /mnt/d/Programming/Vietnamese-Text-Generator/airflow_env/lib/python3.10/site-packages/airflow/example_dags/example_external_task_marker_dag.py took 0.160 seconds
[2024-05-23T16:56:24.295+0700] {processor.py:161} INFO - Started process (PID=22710) to work on /mnt/d/Programming/Vietnamese-Text-Generator/airflow_env/lib/python3.10/site-packages/airflow/example_dags/example_external_task_marker_dag.py
[2024-05-23T16:56:24.298+0700] {processor.py:830} INFO - Processing file /mnt/d/Programming/Vietnamese-Text-Generator/airflow_env/lib/python3.10/site-packages/airflow/example_dags/example_external_task_marker_dag.py for tasks to queue
[2024-05-23T16:56:24.300+0700] {logging_mixin.py:188} INFO - [2024-05-23T16:56:24.299+0700] {dagbag.py:540} INFO - Filling up the DagBag from /mnt/d/Programming/Vietnamese-Text-Generator/airflow_env/lib/python3.10/site-packages/airflow/example_dags/example_external_task_marker_dag.py
[2024-05-23T16:56:24.320+0700] {processor.py:840} INFO - DAG(s) 'example_external_task_marker_child', 'example_external_task_marker_parent' retrieved from /mnt/d/Programming/Vietnamese-Text-Generator/airflow_env/lib/python3.10/site-packages/airflow/example_dags/example_external_task_marker_dag.py
[2024-05-23T16:56:24.359+0700] {logging_mixin.py:188} INFO - [2024-05-23T16:56:24.358+0700] {dag.py:3096} INFO - Sync 2 DAGs
[2024-05-23T16:56:24.375+0700] {logging_mixin.py:188} INFO - [2024-05-23T16:56:24.374+0700] {dag.py:3954} INFO - Setting next_dagrun for example_external_task_marker_child to None, run_after=None
[2024-05-23T16:56:24.381+0700] {logging_mixin.py:188} INFO - [2024-05-23T16:56:24.380+0700] {dag.py:3954} INFO - Setting next_dagrun for example_external_task_marker_parent to None, run_after=None
[2024-05-23T16:56:24.438+0700] {processor.py:183} INFO - Processing /mnt/d/Programming/Vietnamese-Text-Generator/airflow_env/lib/python3.10/site-packages/airflow/example_dags/example_external_task_marker_dag.py took 0.155 seconds
[2024-05-23T16:57:36.096+0700] {processor.py:161} INFO - Started process (PID=23046) to work on /mnt/d/Programming/Vietnamese-Text-Generator/airflow_env/lib/python3.10/site-packages/airflow/example_dags/example_external_task_marker_dag.py
[2024-05-23T16:57:36.098+0700] {processor.py:830} INFO - Processing file /mnt/d/Programming/Vietnamese-Text-Generator/airflow_env/lib/python3.10/site-packages/airflow/example_dags/example_external_task_marker_dag.py for tasks to queue
[2024-05-23T16:57:36.101+0700] {logging_mixin.py:188} INFO - [2024-05-23T16:57:36.100+0700] {dagbag.py:540} INFO - Filling up the DagBag from /mnt/d/Programming/Vietnamese-Text-Generator/airflow_env/lib/python3.10/site-packages/airflow/example_dags/example_external_task_marker_dag.py
[2024-05-23T16:57:36.124+0700] {processor.py:840} INFO - DAG(s) 'example_external_task_marker_child', 'example_external_task_marker_parent' retrieved from /mnt/d/Programming/Vietnamese-Text-Generator/airflow_env/lib/python3.10/site-packages/airflow/example_dags/example_external_task_marker_dag.py
[2024-05-23T16:57:36.163+0700] {logging_mixin.py:188} INFO - [2024-05-23T16:57:36.162+0700] {dag.py:3096} INFO - Sync 2 DAGs
[2024-05-23T16:57:36.180+0700] {logging_mixin.py:188} INFO - [2024-05-23T16:57:36.178+0700] {dag.py:3954} INFO - Setting next_dagrun for example_external_task_marker_child to None, run_after=None
[2024-05-23T16:57:36.187+0700] {logging_mixin.py:188} INFO - [2024-05-23T16:57:36.187+0700] {dag.py:3954} INFO - Setting next_dagrun for example_external_task_marker_parent to None, run_after=None
[2024-05-23T16:57:36.244+0700] {processor.py:183} INFO - Processing /mnt/d/Programming/Vietnamese-Text-Generator/airflow_env/lib/python3.10/site-packages/airflow/example_dags/example_external_task_marker_dag.py took 0.159 seconds
[2024-05-23T16:58:43.822+0700] {processor.py:161} INFO - Started process (PID=23364) to work on /mnt/d/Programming/Vietnamese-Text-Generator/airflow_env/lib/python3.10/site-packages/airflow/example_dags/example_external_task_marker_dag.py
[2024-05-23T16:58:43.825+0700] {processor.py:830} INFO - Processing file /mnt/d/Programming/Vietnamese-Text-Generator/airflow_env/lib/python3.10/site-packages/airflow/example_dags/example_external_task_marker_dag.py for tasks to queue
[2024-05-23T16:58:43.828+0700] {logging_mixin.py:188} INFO - [2024-05-23T16:58:43.826+0700] {dagbag.py:540} INFO - Filling up the DagBag from /mnt/d/Programming/Vietnamese-Text-Generator/airflow_env/lib/python3.10/site-packages/airflow/example_dags/example_external_task_marker_dag.py
[2024-05-23T16:58:43.847+0700] {processor.py:840} INFO - DAG(s) 'example_external_task_marker_parent', 'example_external_task_marker_child' retrieved from /mnt/d/Programming/Vietnamese-Text-Generator/airflow_env/lib/python3.10/site-packages/airflow/example_dags/example_external_task_marker_dag.py
[2024-05-23T16:58:43.887+0700] {logging_mixin.py:188} INFO - [2024-05-23T16:58:43.886+0700] {dag.py:3096} INFO - Sync 2 DAGs
[2024-05-23T16:58:43.905+0700] {logging_mixin.py:188} INFO - [2024-05-23T16:58:43.903+0700] {dag.py:3954} INFO - Setting next_dagrun for example_external_task_marker_child to None, run_after=None
[2024-05-23T16:58:43.912+0700] {logging_mixin.py:188} INFO - [2024-05-23T16:58:43.911+0700] {dag.py:3954} INFO - Setting next_dagrun for example_external_task_marker_parent to None, run_after=None
[2024-05-23T16:58:43.965+0700] {processor.py:183} INFO - Processing /mnt/d/Programming/Vietnamese-Text-Generator/airflow_env/lib/python3.10/site-packages/airflow/example_dags/example_external_task_marker_dag.py took 0.160 seconds
[2024-05-23T16:59:56.001+0700] {processor.py:161} INFO - Started process (PID=23699) to work on /mnt/d/Programming/Vietnamese-Text-Generator/airflow_env/lib/python3.10/site-packages/airflow/example_dags/example_external_task_marker_dag.py
[2024-05-23T16:59:56.003+0700] {processor.py:830} INFO - Processing file /mnt/d/Programming/Vietnamese-Text-Generator/airflow_env/lib/python3.10/site-packages/airflow/example_dags/example_external_task_marker_dag.py for tasks to queue
[2024-05-23T16:59:56.006+0700] {logging_mixin.py:188} INFO - [2024-05-23T16:59:56.005+0700] {dagbag.py:540} INFO - Filling up the DagBag from /mnt/d/Programming/Vietnamese-Text-Generator/airflow_env/lib/python3.10/site-packages/airflow/example_dags/example_external_task_marker_dag.py
[2024-05-23T16:59:56.032+0700] {processor.py:840} INFO - DAG(s) 'example_external_task_marker_child', 'example_external_task_marker_parent' retrieved from /mnt/d/Programming/Vietnamese-Text-Generator/airflow_env/lib/python3.10/site-packages/airflow/example_dags/example_external_task_marker_dag.py
[2024-05-23T16:59:56.064+0700] {logging_mixin.py:188} INFO - [2024-05-23T16:59:56.063+0700] {dag.py:3096} INFO - Sync 2 DAGs
[2024-05-23T16:59:56.078+0700] {logging_mixin.py:188} INFO - [2024-05-23T16:59:56.077+0700] {dag.py:3954} INFO - Setting next_dagrun for example_external_task_marker_child to None, run_after=None
[2024-05-23T16:59:56.084+0700] {logging_mixin.py:188} INFO - [2024-05-23T16:59:56.083+0700] {dag.py:3954} INFO - Setting next_dagrun for example_external_task_marker_parent to None, run_after=None
[2024-05-23T16:59:56.151+0700] {processor.py:183} INFO - Processing /mnt/d/Programming/Vietnamese-Text-Generator/airflow_env/lib/python3.10/site-packages/airflow/example_dags/example_external_task_marker_dag.py took 0.162 seconds
[2024-05-23T17:01:02.414+0700] {processor.py:161} INFO - Started process (PID=24009) to work on /mnt/d/Programming/Vietnamese-Text-Generator/airflow_env/lib/python3.10/site-packages/airflow/example_dags/example_external_task_marker_dag.py
[2024-05-23T17:01:02.416+0700] {processor.py:830} INFO - Processing file /mnt/d/Programming/Vietnamese-Text-Generator/airflow_env/lib/python3.10/site-packages/airflow/example_dags/example_external_task_marker_dag.py for tasks to queue
[2024-05-23T17:01:02.418+0700] {logging_mixin.py:188} INFO - [2024-05-23T17:01:02.417+0700] {dagbag.py:540} INFO - Filling up the DagBag from /mnt/d/Programming/Vietnamese-Text-Generator/airflow_env/lib/python3.10/site-packages/airflow/example_dags/example_external_task_marker_dag.py
[2024-05-23T17:01:02.437+0700] {processor.py:840} INFO - DAG(s) 'example_external_task_marker_child', 'example_external_task_marker_parent' retrieved from /mnt/d/Programming/Vietnamese-Text-Generator/airflow_env/lib/python3.10/site-packages/airflow/example_dags/example_external_task_marker_dag.py
[2024-05-23T17:01:02.476+0700] {logging_mixin.py:188} INFO - [2024-05-23T17:01:02.475+0700] {dag.py:3096} INFO - Sync 2 DAGs
[2024-05-23T17:01:02.493+0700] {logging_mixin.py:188} INFO - [2024-05-23T17:01:02.492+0700] {dag.py:3954} INFO - Setting next_dagrun for example_external_task_marker_child to None, run_after=None
[2024-05-23T17:01:02.500+0700] {logging_mixin.py:188} INFO - [2024-05-23T17:01:02.499+0700] {dag.py:3954} INFO - Setting next_dagrun for example_external_task_marker_parent to None, run_after=None
[2024-05-23T17:01:02.563+0700] {processor.py:183} INFO - Processing /mnt/d/Programming/Vietnamese-Text-Generator/airflow_env/lib/python3.10/site-packages/airflow/example_dags/example_external_task_marker_dag.py took 0.162 seconds
[2024-05-23T17:02:11.868+0700] {processor.py:161} INFO - Started process (PID=24331) to work on /mnt/d/Programming/Vietnamese-Text-Generator/airflow_env/lib/python3.10/site-packages/airflow/example_dags/example_external_task_marker_dag.py
[2024-05-23T17:02:11.870+0700] {processor.py:830} INFO - Processing file /mnt/d/Programming/Vietnamese-Text-Generator/airflow_env/lib/python3.10/site-packages/airflow/example_dags/example_external_task_marker_dag.py for tasks to queue
[2024-05-23T17:02:11.872+0700] {logging_mixin.py:188} INFO - [2024-05-23T17:02:11.871+0700] {dagbag.py:540} INFO - Filling up the DagBag from /mnt/d/Programming/Vietnamese-Text-Generator/airflow_env/lib/python3.10/site-packages/airflow/example_dags/example_external_task_marker_dag.py
[2024-05-23T17:02:11.897+0700] {processor.py:840} INFO - DAG(s) 'example_external_task_marker_child', 'example_external_task_marker_parent' retrieved from /mnt/d/Programming/Vietnamese-Text-Generator/airflow_env/lib/python3.10/site-packages/airflow/example_dags/example_external_task_marker_dag.py
[2024-05-23T17:02:11.937+0700] {logging_mixin.py:188} INFO - [2024-05-23T17:02:11.936+0700] {dag.py:3096} INFO - Sync 2 DAGs
[2024-05-23T17:02:11.954+0700] {logging_mixin.py:188} INFO - [2024-05-23T17:02:11.953+0700] {dag.py:3954} INFO - Setting next_dagrun for example_external_task_marker_child to None, run_after=None
[2024-05-23T17:02:11.961+0700] {logging_mixin.py:188} INFO - [2024-05-23T17:02:11.960+0700] {dag.py:3954} INFO - Setting next_dagrun for example_external_task_marker_parent to None, run_after=None
[2024-05-23T17:02:12.024+0700] {processor.py:183} INFO - Processing /mnt/d/Programming/Vietnamese-Text-Generator/airflow_env/lib/python3.10/site-packages/airflow/example_dags/example_external_task_marker_dag.py took 0.169 seconds
[2024-05-23T17:03:24.345+0700] {processor.py:161} INFO - Started process (PID=24667) to work on /mnt/d/Programming/Vietnamese-Text-Generator/airflow_env/lib/python3.10/site-packages/airflow/example_dags/example_external_task_marker_dag.py
[2024-05-23T17:03:24.347+0700] {processor.py:830} INFO - Processing file /mnt/d/Programming/Vietnamese-Text-Generator/airflow_env/lib/python3.10/site-packages/airflow/example_dags/example_external_task_marker_dag.py for tasks to queue
[2024-05-23T17:03:24.348+0700] {logging_mixin.py:188} INFO - [2024-05-23T17:03:24.348+0700] {dagbag.py:540} INFO - Filling up the DagBag from /mnt/d/Programming/Vietnamese-Text-Generator/airflow_env/lib/python3.10/site-packages/airflow/example_dags/example_external_task_marker_dag.py
[2024-05-23T17:03:24.364+0700] {processor.py:840} INFO - DAG(s) 'example_external_task_marker_parent', 'example_external_task_marker_child' retrieved from /mnt/d/Programming/Vietnamese-Text-Generator/airflow_env/lib/python3.10/site-packages/airflow/example_dags/example_external_task_marker_dag.py
[2024-05-23T17:03:24.400+0700] {logging_mixin.py:188} INFO - [2024-05-23T17:03:24.399+0700] {dag.py:3096} INFO - Sync 2 DAGs
[2024-05-23T17:03:24.416+0700] {logging_mixin.py:188} INFO - [2024-05-23T17:03:24.414+0700] {dag.py:3954} INFO - Setting next_dagrun for example_external_task_marker_child to None, run_after=None
[2024-05-23T17:03:24.422+0700] {logging_mixin.py:188} INFO - [2024-05-23T17:03:24.421+0700] {dag.py:3954} INFO - Setting next_dagrun for example_external_task_marker_parent to None, run_after=None
[2024-05-23T17:03:24.493+0700] {processor.py:183} INFO - Processing /mnt/d/Programming/Vietnamese-Text-Generator/airflow_env/lib/python3.10/site-packages/airflow/example_dags/example_external_task_marker_dag.py took 0.160 seconds
[2024-05-23T17:04:32.221+0700] {processor.py:161} INFO - Started process (PID=24984) to work on /mnt/d/Programming/Vietnamese-Text-Generator/airflow_env/lib/python3.10/site-packages/airflow/example_dags/example_external_task_marker_dag.py
[2024-05-23T17:04:32.222+0700] {processor.py:830} INFO - Processing file /mnt/d/Programming/Vietnamese-Text-Generator/airflow_env/lib/python3.10/site-packages/airflow/example_dags/example_external_task_marker_dag.py for tasks to queue
[2024-05-23T17:04:32.224+0700] {logging_mixin.py:188} INFO - [2024-05-23T17:04:32.223+0700] {dagbag.py:540} INFO - Filling up the DagBag from /mnt/d/Programming/Vietnamese-Text-Generator/airflow_env/lib/python3.10/site-packages/airflow/example_dags/example_external_task_marker_dag.py
[2024-05-23T17:04:32.240+0700] {processor.py:840} INFO - DAG(s) 'example_external_task_marker_child', 'example_external_task_marker_parent' retrieved from /mnt/d/Programming/Vietnamese-Text-Generator/airflow_env/lib/python3.10/site-packages/airflow/example_dags/example_external_task_marker_dag.py
[2024-05-23T17:04:32.273+0700] {logging_mixin.py:188} INFO - [2024-05-23T17:04:32.272+0700] {dag.py:3096} INFO - Sync 2 DAGs
[2024-05-23T17:04:32.289+0700] {logging_mixin.py:188} INFO - [2024-05-23T17:04:32.288+0700] {dag.py:3954} INFO - Setting next_dagrun for example_external_task_marker_child to None, run_after=None
[2024-05-23T17:04:32.295+0700] {logging_mixin.py:188} INFO - [2024-05-23T17:04:32.294+0700] {dag.py:3954} INFO - Setting next_dagrun for example_external_task_marker_parent to None, run_after=None
[2024-05-23T17:04:32.342+0700] {processor.py:183} INFO - Processing /mnt/d/Programming/Vietnamese-Text-Generator/airflow_env/lib/python3.10/site-packages/airflow/example_dags/example_external_task_marker_dag.py took 0.132 seconds
