[2024-05-23T15:43:09.582+0700] {processor.py:161} INFO - Started process (PID=1212) to work on /mnt/d/Programming/Vietnamese-Text-Generator/airflow_env/lib/python3.10/site-packages/airflow/example_dags/example_latest_only.py
[2024-05-23T15:43:09.584+0700] {processor.py:830} INFO - Processing file /mnt/d/Programming/Vietnamese-Text-Generator/airflow_env/lib/python3.10/site-packages/airflow/example_dags/example_latest_only.py for tasks to queue
[2024-05-23T15:43:09.588+0700] {logging_mixin.py:188} INFO - [2024-05-23T15:43:09.587+0700] {dagbag.py:540} INFO - Filling up the DagBag from /mnt/d/Programming/Vietnamese-Text-Generator/airflow_env/lib/python3.10/site-packages/airflow/example_dags/example_latest_only.py
[2024-05-23T15:43:09.610+0700] {processor.py:840} INFO - DAG(s) 'latest_only' retrieved from /mnt/d/Programming/Vietnamese-Text-Generator/airflow_env/lib/python3.10/site-packages/airflow/example_dags/example_latest_only.py
[2024-05-23T15:43:09.656+0700] {logging_mixin.py:188} INFO - [2024-05-23T15:43:09.654+0700] {dag.py:3096} INFO - Sync 1 DAGs
[2024-05-23T15:43:09.695+0700] {logging_mixin.py:188} INFO - [2024-05-23T15:43:09.694+0700] {dag.py:3954} INFO - Setting next_dagrun for latest_only to 2024-05-23 04:00:00+00:00, run_after=2024-05-23 08:00:00+00:00
[2024-05-23T15:43:09.762+0700] {processor.py:183} INFO - Processing /mnt/d/Programming/Vietnamese-Text-Generator/airflow_env/lib/python3.10/site-packages/airflow/example_dags/example_latest_only.py took 0.194 seconds
[2024-05-23T15:44:39.870+0700] {processor.py:161} INFO - Started process (PID=1652) to work on /mnt/d/Programming/Vietnamese-Text-Generator/airflow_env/lib/python3.10/site-packages/airflow/example_dags/example_latest_only.py
[2024-05-23T15:44:39.872+0700] {processor.py:830} INFO - Processing file /mnt/d/Programming/Vietnamese-Text-Generator/airflow_env/lib/python3.10/site-packages/airflow/example_dags/example_latest_only.py for tasks to queue
[2024-05-23T15:44:39.877+0700] {logging_mixin.py:188} INFO - [2024-05-23T15:44:39.875+0700] {dagbag.py:540} INFO - Filling up the DagBag from /mnt/d/Programming/Vietnamese-Text-Generator/airflow_env/lib/python3.10/site-packages/airflow/example_dags/example_latest_only.py
[2024-05-23T15:44:39.896+0700] {processor.py:840} INFO - DAG(s) 'latest_only' retrieved from /mnt/d/Programming/Vietnamese-Text-Generator/airflow_env/lib/python3.10/site-packages/airflow/example_dags/example_latest_only.py
[2024-05-23T15:44:39.931+0700] {logging_mixin.py:188} INFO - [2024-05-23T15:44:39.929+0700] {dag.py:3096} INFO - Sync 1 DAGs
[2024-05-23T15:44:39.969+0700] {logging_mixin.py:188} INFO - [2024-05-23T15:44:39.968+0700] {dag.py:3954} INFO - Setting next_dagrun for latest_only to 2024-05-23 04:00:00+00:00, run_after=2024-05-23 08:00:00+00:00
[2024-05-23T15:44:40.022+0700] {processor.py:183} INFO - Processing /mnt/d/Programming/Vietnamese-Text-Generator/airflow_env/lib/python3.10/site-packages/airflow/example_dags/example_latest_only.py took 0.165 seconds
[2024-05-23T15:45:49.204+0700] {processor.py:161} INFO - Started process (PID=1984) to work on /mnt/d/Programming/Vietnamese-Text-Generator/airflow_env/lib/python3.10/site-packages/airflow/example_dags/example_latest_only.py
[2024-05-23T15:45:49.207+0700] {processor.py:830} INFO - Processing file /mnt/d/Programming/Vietnamese-Text-Generator/airflow_env/lib/python3.10/site-packages/airflow/example_dags/example_latest_only.py for tasks to queue
[2024-05-23T15:45:49.211+0700] {logging_mixin.py:188} INFO - [2024-05-23T15:45:49.210+0700] {dagbag.py:540} INFO - Filling up the DagBag from /mnt/d/Programming/Vietnamese-Text-Generator/airflow_env/lib/python3.10/site-packages/airflow/example_dags/example_latest_only.py
[2024-05-23T15:45:49.229+0700] {processor.py:840} INFO - DAG(s) 'latest_only' retrieved from /mnt/d/Programming/Vietnamese-Text-Generator/airflow_env/lib/python3.10/site-packages/airflow/example_dags/example_latest_only.py
[2024-05-23T15:45:49.260+0700] {logging_mixin.py:188} INFO - [2024-05-23T15:45:49.259+0700] {dag.py:3096} INFO - Sync 1 DAGs
[2024-05-23T15:45:49.297+0700] {logging_mixin.py:188} INFO - [2024-05-23T15:45:49.296+0700] {dag.py:3954} INFO - Setting next_dagrun for latest_only to 2024-05-23 04:00:00+00:00, run_after=2024-05-23 08:00:00+00:00
[2024-05-23T15:45:49.390+0700] {processor.py:183} INFO - Processing /mnt/d/Programming/Vietnamese-Text-Generator/airflow_env/lib/python3.10/site-packages/airflow/example_dags/example_latest_only.py took 0.200 seconds
[2024-05-23T15:47:00.110+0700] {processor.py:161} INFO - Started process (PID=2679) to work on /mnt/d/Programming/Vietnamese-Text-Generator/airflow_env/lib/python3.10/site-packages/airflow/example_dags/example_latest_only.py
[2024-05-23T15:47:00.112+0700] {processor.py:830} INFO - Processing file /mnt/d/Programming/Vietnamese-Text-Generator/airflow_env/lib/python3.10/site-packages/airflow/example_dags/example_latest_only.py for tasks to queue
[2024-05-23T15:47:00.114+0700] {logging_mixin.py:188} INFO - [2024-05-23T15:47:00.114+0700] {dagbag.py:540} INFO - Filling up the DagBag from /mnt/d/Programming/Vietnamese-Text-Generator/airflow_env/lib/python3.10/site-packages/airflow/example_dags/example_latest_only.py
[2024-05-23T15:47:00.133+0700] {processor.py:840} INFO - DAG(s) 'latest_only' retrieved from /mnt/d/Programming/Vietnamese-Text-Generator/airflow_env/lib/python3.10/site-packages/airflow/example_dags/example_latest_only.py
[2024-05-23T15:47:00.159+0700] {logging_mixin.py:188} INFO - [2024-05-23T15:47:00.158+0700] {dag.py:3096} INFO - Sync 1 DAGs
[2024-05-23T15:47:00.187+0700] {logging_mixin.py:188} INFO - [2024-05-23T15:47:00.186+0700] {dag.py:3954} INFO - Setting next_dagrun for latest_only to 2024-05-23 04:00:00+00:00, run_after=2024-05-23 08:00:00+00:00
[2024-05-23T15:47:00.254+0700] {processor.py:183} INFO - Processing /mnt/d/Programming/Vietnamese-Text-Generator/airflow_env/lib/python3.10/site-packages/airflow/example_dags/example_latest_only.py took 0.155 seconds
[2024-05-23T15:48:05.870+0700] {processor.py:161} INFO - Started process (PID=2988) to work on /mnt/d/Programming/Vietnamese-Text-Generator/airflow_env/lib/python3.10/site-packages/airflow/example_dags/example_latest_only.py
[2024-05-23T15:48:05.872+0700] {processor.py:830} INFO - Processing file /mnt/d/Programming/Vietnamese-Text-Generator/airflow_env/lib/python3.10/site-packages/airflow/example_dags/example_latest_only.py for tasks to queue
[2024-05-23T15:48:05.876+0700] {logging_mixin.py:188} INFO - [2024-05-23T15:48:05.875+0700] {dagbag.py:540} INFO - Filling up the DagBag from /mnt/d/Programming/Vietnamese-Text-Generator/airflow_env/lib/python3.10/site-packages/airflow/example_dags/example_latest_only.py
[2024-05-23T15:48:05.899+0700] {processor.py:840} INFO - DAG(s) 'latest_only' retrieved from /mnt/d/Programming/Vietnamese-Text-Generator/airflow_env/lib/python3.10/site-packages/airflow/example_dags/example_latest_only.py
[2024-05-23T15:48:05.939+0700] {logging_mixin.py:188} INFO - [2024-05-23T15:48:05.938+0700] {dag.py:3096} INFO - Sync 1 DAGs
[2024-05-23T15:48:05.977+0700] {logging_mixin.py:188} INFO - [2024-05-23T15:48:05.977+0700] {dag.py:3954} INFO - Setting next_dagrun for latest_only to 2024-05-23 04:00:00+00:00, run_after=2024-05-23 08:00:00+00:00
[2024-05-23T15:48:06.049+0700] {processor.py:183} INFO - Processing /mnt/d/Programming/Vietnamese-Text-Generator/airflow_env/lib/python3.10/site-packages/airflow/example_dags/example_latest_only.py took 0.192 seconds
[2024-05-23T15:55:09.164+0700] {processor.py:161} INFO - Started process (PID=4784) to work on /mnt/d/Programming/Vietnamese-Text-Generator/airflow_env/lib/python3.10/site-packages/airflow/example_dags/example_latest_only.py
[2024-05-23T15:55:09.166+0700] {processor.py:830} INFO - Processing file /mnt/d/Programming/Vietnamese-Text-Generator/airflow_env/lib/python3.10/site-packages/airflow/example_dags/example_latest_only.py for tasks to queue
[2024-05-23T15:55:09.170+0700] {logging_mixin.py:188} INFO - [2024-05-23T15:55:09.168+0700] {dagbag.py:540} INFO - Filling up the DagBag from /mnt/d/Programming/Vietnamese-Text-Generator/airflow_env/lib/python3.10/site-packages/airflow/example_dags/example_latest_only.py
[2024-05-23T15:55:09.197+0700] {processor.py:840} INFO - DAG(s) 'latest_only' retrieved from /mnt/d/Programming/Vietnamese-Text-Generator/airflow_env/lib/python3.10/site-packages/airflow/example_dags/example_latest_only.py
[2024-05-23T15:55:09.239+0700] {logging_mixin.py:188} INFO - [2024-05-23T15:55:09.238+0700] {dag.py:3096} INFO - Sync 1 DAGs
[2024-05-23T15:55:09.274+0700] {logging_mixin.py:188} INFO - [2024-05-23T15:55:09.274+0700] {dag.py:3954} INFO - Setting next_dagrun for latest_only to 2024-05-23 04:00:00+00:00, run_after=2024-05-23 08:00:00+00:00
[2024-05-23T15:55:09.347+0700] {processor.py:183} INFO - Processing /mnt/d/Programming/Vietnamese-Text-Generator/airflow_env/lib/python3.10/site-packages/airflow/example_dags/example_latest_only.py took 0.200 seconds
[2024-05-23T15:56:22.561+0700] {processor.py:161} INFO - Started process (PID=5131) to work on /mnt/d/Programming/Vietnamese-Text-Generator/airflow_env/lib/python3.10/site-packages/airflow/example_dags/example_latest_only.py
[2024-05-23T15:56:22.563+0700] {processor.py:830} INFO - Processing file /mnt/d/Programming/Vietnamese-Text-Generator/airflow_env/lib/python3.10/site-packages/airflow/example_dags/example_latest_only.py for tasks to queue
[2024-05-23T15:56:22.567+0700] {logging_mixin.py:188} INFO - [2024-05-23T15:56:22.565+0700] {dagbag.py:540} INFO - Filling up the DagBag from /mnt/d/Programming/Vietnamese-Text-Generator/airflow_env/lib/python3.10/site-packages/airflow/example_dags/example_latest_only.py
[2024-05-23T15:56:22.585+0700] {processor.py:840} INFO - DAG(s) 'latest_only' retrieved from /mnt/d/Programming/Vietnamese-Text-Generator/airflow_env/lib/python3.10/site-packages/airflow/example_dags/example_latest_only.py
[2024-05-23T15:56:22.616+0700] {logging_mixin.py:188} INFO - [2024-05-23T15:56:22.615+0700] {dag.py:3096} INFO - Sync 1 DAGs
[2024-05-23T15:56:22.644+0700] {logging_mixin.py:188} INFO - [2024-05-23T15:56:22.643+0700] {dag.py:3954} INFO - Setting next_dagrun for latest_only to 2024-05-23 04:00:00+00:00, run_after=2024-05-23 08:00:00+00:00
[2024-05-23T15:56:22.716+0700] {processor.py:183} INFO - Processing /mnt/d/Programming/Vietnamese-Text-Generator/airflow_env/lib/python3.10/site-packages/airflow/example_dags/example_latest_only.py took 0.170 seconds
[2024-05-23T15:57:31.175+0700] {processor.py:161} INFO - Started process (PID=5457) to work on /mnt/d/Programming/Vietnamese-Text-Generator/airflow_env/lib/python3.10/site-packages/airflow/example_dags/example_latest_only.py
[2024-05-23T15:57:31.177+0700] {processor.py:830} INFO - Processing file /mnt/d/Programming/Vietnamese-Text-Generator/airflow_env/lib/python3.10/site-packages/airflow/example_dags/example_latest_only.py for tasks to queue
[2024-05-23T15:57:31.179+0700] {logging_mixin.py:188} INFO - [2024-05-23T15:57:31.178+0700] {dagbag.py:540} INFO - Filling up the DagBag from /mnt/d/Programming/Vietnamese-Text-Generator/airflow_env/lib/python3.10/site-packages/airflow/example_dags/example_latest_only.py
[2024-05-23T15:57:31.205+0700] {processor.py:840} INFO - DAG(s) 'latest_only' retrieved from /mnt/d/Programming/Vietnamese-Text-Generator/airflow_env/lib/python3.10/site-packages/airflow/example_dags/example_latest_only.py
[2024-05-23T15:57:31.240+0700] {logging_mixin.py:188} INFO - [2024-05-23T15:57:31.239+0700] {dag.py:3096} INFO - Sync 1 DAGs
[2024-05-23T15:57:31.274+0700] {logging_mixin.py:188} INFO - [2024-05-23T15:57:31.273+0700] {dag.py:3954} INFO - Setting next_dagrun for latest_only to 2024-05-23 04:00:00+00:00, run_after=2024-05-23 08:00:00+00:00
[2024-05-23T15:57:31.346+0700] {processor.py:183} INFO - Processing /mnt/d/Programming/Vietnamese-Text-Generator/airflow_env/lib/python3.10/site-packages/airflow/example_dags/example_latest_only.py took 0.186 seconds
[2024-05-23T15:58:38.490+0700] {processor.py:161} INFO - Started process (PID=5773) to work on /mnt/d/Programming/Vietnamese-Text-Generator/airflow_env/lib/python3.10/site-packages/airflow/example_dags/example_latest_only.py
[2024-05-23T15:58:38.492+0700] {processor.py:830} INFO - Processing file /mnt/d/Programming/Vietnamese-Text-Generator/airflow_env/lib/python3.10/site-packages/airflow/example_dags/example_latest_only.py for tasks to queue
[2024-05-23T15:58:38.494+0700] {logging_mixin.py:188} INFO - [2024-05-23T15:58:38.493+0700] {dagbag.py:540} INFO - Filling up the DagBag from /mnt/d/Programming/Vietnamese-Text-Generator/airflow_env/lib/python3.10/site-packages/airflow/example_dags/example_latest_only.py
[2024-05-23T15:58:38.521+0700] {processor.py:840} INFO - DAG(s) 'latest_only' retrieved from /mnt/d/Programming/Vietnamese-Text-Generator/airflow_env/lib/python3.10/site-packages/airflow/example_dags/example_latest_only.py
[2024-05-23T15:58:38.550+0700] {logging_mixin.py:188} INFO - [2024-05-23T15:58:38.549+0700] {dag.py:3096} INFO - Sync 1 DAGs
[2024-05-23T15:58:38.580+0700] {logging_mixin.py:188} INFO - [2024-05-23T15:58:38.579+0700] {dag.py:3954} INFO - Setting next_dagrun for latest_only to 2024-05-23 04:00:00+00:00, run_after=2024-05-23 08:00:00+00:00
[2024-05-23T15:58:38.641+0700] {processor.py:183} INFO - Processing /mnt/d/Programming/Vietnamese-Text-Generator/airflow_env/lib/python3.10/site-packages/airflow/example_dags/example_latest_only.py took 0.162 seconds
[2024-05-23T15:59:52.839+0700] {processor.py:161} INFO - Started process (PID=6121) to work on /mnt/d/Programming/Vietnamese-Text-Generator/airflow_env/lib/python3.10/site-packages/airflow/example_dags/example_latest_only.py
[2024-05-23T15:59:52.841+0700] {processor.py:830} INFO - Processing file /mnt/d/Programming/Vietnamese-Text-Generator/airflow_env/lib/python3.10/site-packages/airflow/example_dags/example_latest_only.py for tasks to queue
[2024-05-23T15:59:52.843+0700] {logging_mixin.py:188} INFO - [2024-05-23T15:59:52.842+0700] {dagbag.py:540} INFO - Filling up the DagBag from /mnt/d/Programming/Vietnamese-Text-Generator/airflow_env/lib/python3.10/site-packages/airflow/example_dags/example_latest_only.py
[2024-05-23T15:59:52.861+0700] {processor.py:840} INFO - DAG(s) 'latest_only' retrieved from /mnt/d/Programming/Vietnamese-Text-Generator/airflow_env/lib/python3.10/site-packages/airflow/example_dags/example_latest_only.py
[2024-05-23T15:59:52.887+0700] {logging_mixin.py:188} INFO - [2024-05-23T15:59:52.886+0700] {dag.py:3096} INFO - Sync 1 DAGs
[2024-05-23T15:59:52.923+0700] {logging_mixin.py:188} INFO - [2024-05-23T15:59:52.921+0700] {dag.py:3954} INFO - Setting next_dagrun for latest_only to 2024-05-23 04:00:00+00:00, run_after=2024-05-23 08:00:00+00:00
[2024-05-23T15:59:52.998+0700] {processor.py:183} INFO - Processing /mnt/d/Programming/Vietnamese-Text-Generator/airflow_env/lib/python3.10/site-packages/airflow/example_dags/example_latest_only.py took 0.170 seconds
[2024-05-23T16:01:00.395+0700] {processor.py:161} INFO - Started process (PID=6444) to work on /mnt/d/Programming/Vietnamese-Text-Generator/airflow_env/lib/python3.10/site-packages/airflow/example_dags/example_latest_only.py
[2024-05-23T16:01:00.398+0700] {processor.py:830} INFO - Processing file /mnt/d/Programming/Vietnamese-Text-Generator/airflow_env/lib/python3.10/site-packages/airflow/example_dags/example_latest_only.py for tasks to queue
[2024-05-23T16:01:00.402+0700] {logging_mixin.py:188} INFO - [2024-05-23T16:01:00.400+0700] {dagbag.py:540} INFO - Filling up the DagBag from /mnt/d/Programming/Vietnamese-Text-Generator/airflow_env/lib/python3.10/site-packages/airflow/example_dags/example_latest_only.py
[2024-05-23T16:01:00.436+0700] {processor.py:840} INFO - DAG(s) 'latest_only' retrieved from /mnt/d/Programming/Vietnamese-Text-Generator/airflow_env/lib/python3.10/site-packages/airflow/example_dags/example_latest_only.py
[2024-05-23T16:01:00.481+0700] {logging_mixin.py:188} INFO - [2024-05-23T16:01:00.480+0700] {dag.py:3096} INFO - Sync 1 DAGs
[2024-05-23T16:01:00.513+0700] {logging_mixin.py:188} INFO - [2024-05-23T16:01:00.512+0700] {dag.py:3954} INFO - Setting next_dagrun for latest_only to 2024-05-23 04:00:00+00:00, run_after=2024-05-23 08:00:00+00:00
[2024-05-23T16:01:00.579+0700] {processor.py:183} INFO - Processing /mnt/d/Programming/Vietnamese-Text-Generator/airflow_env/lib/python3.10/site-packages/airflow/example_dags/example_latest_only.py took 0.201 seconds
[2024-05-23T16:02:04.547+0700] {processor.py:161} INFO - Started process (PID=6748) to work on /mnt/d/Programming/Vietnamese-Text-Generator/airflow_env/lib/python3.10/site-packages/airflow/example_dags/example_latest_only.py
[2024-05-23T16:02:04.549+0700] {processor.py:830} INFO - Processing file /mnt/d/Programming/Vietnamese-Text-Generator/airflow_env/lib/python3.10/site-packages/airflow/example_dags/example_latest_only.py for tasks to queue
[2024-05-23T16:02:04.553+0700] {logging_mixin.py:188} INFO - [2024-05-23T16:02:04.552+0700] {dagbag.py:540} INFO - Filling up the DagBag from /mnt/d/Programming/Vietnamese-Text-Generator/airflow_env/lib/python3.10/site-packages/airflow/example_dags/example_latest_only.py
[2024-05-23T16:02:04.575+0700] {processor.py:840} INFO - DAG(s) 'latest_only' retrieved from /mnt/d/Programming/Vietnamese-Text-Generator/airflow_env/lib/python3.10/site-packages/airflow/example_dags/example_latest_only.py
[2024-05-23T16:02:04.602+0700] {logging_mixin.py:188} INFO - [2024-05-23T16:02:04.602+0700] {dag.py:3096} INFO - Sync 1 DAGs
[2024-05-23T16:02:04.631+0700] {logging_mixin.py:188} INFO - [2024-05-23T16:02:04.630+0700] {dag.py:3954} INFO - Setting next_dagrun for latest_only to 2024-05-23 04:00:00+00:00, run_after=2024-05-23 08:00:00+00:00
[2024-05-23T16:02:04.698+0700] {processor.py:183} INFO - Processing /mnt/d/Programming/Vietnamese-Text-Generator/airflow_env/lib/python3.10/site-packages/airflow/example_dags/example_latest_only.py took 0.168 seconds
[2024-05-23T16:03:17.222+0700] {processor.py:161} INFO - Started process (PID=7086) to work on /mnt/d/Programming/Vietnamese-Text-Generator/airflow_env/lib/python3.10/site-packages/airflow/example_dags/example_latest_only.py
[2024-05-23T16:03:17.223+0700] {processor.py:830} INFO - Processing file /mnt/d/Programming/Vietnamese-Text-Generator/airflow_env/lib/python3.10/site-packages/airflow/example_dags/example_latest_only.py for tasks to queue
[2024-05-23T16:03:17.226+0700] {logging_mixin.py:188} INFO - [2024-05-23T16:03:17.225+0700] {dagbag.py:540} INFO - Filling up the DagBag from /mnt/d/Programming/Vietnamese-Text-Generator/airflow_env/lib/python3.10/site-packages/airflow/example_dags/example_latest_only.py
[2024-05-23T16:03:17.245+0700] {processor.py:840} INFO - DAG(s) 'latest_only' retrieved from /mnt/d/Programming/Vietnamese-Text-Generator/airflow_env/lib/python3.10/site-packages/airflow/example_dags/example_latest_only.py
[2024-05-23T16:03:17.279+0700] {logging_mixin.py:188} INFO - [2024-05-23T16:03:17.278+0700] {dag.py:3096} INFO - Sync 1 DAGs
[2024-05-23T16:03:17.309+0700] {logging_mixin.py:188} INFO - [2024-05-23T16:03:17.308+0700] {dag.py:3954} INFO - Setting next_dagrun for latest_only to 2024-05-23 04:00:00+00:00, run_after=2024-05-23 08:00:00+00:00
[2024-05-23T16:03:17.360+0700] {processor.py:183} INFO - Processing /mnt/d/Programming/Vietnamese-Text-Generator/airflow_env/lib/python3.10/site-packages/airflow/example_dags/example_latest_only.py took 0.149 seconds
[2024-05-23T16:35:27.232+0700] {processor.py:161} INFO - Started process (PID=17168) to work on /mnt/d/Programming/Vietnamese-Text-Generator/airflow_env/lib/python3.10/site-packages/airflow/example_dags/example_latest_only.py
[2024-05-23T16:35:27.234+0700] {processor.py:830} INFO - Processing file /mnt/d/Programming/Vietnamese-Text-Generator/airflow_env/lib/python3.10/site-packages/airflow/example_dags/example_latest_only.py for tasks to queue
[2024-05-23T16:35:27.236+0700] {logging_mixin.py:188} INFO - [2024-05-23T16:35:27.235+0700] {dagbag.py:540} INFO - Filling up the DagBag from /mnt/d/Programming/Vietnamese-Text-Generator/airflow_env/lib/python3.10/site-packages/airflow/example_dags/example_latest_only.py
[2024-05-23T16:35:27.255+0700] {processor.py:840} INFO - DAG(s) 'latest_only' retrieved from /mnt/d/Programming/Vietnamese-Text-Generator/airflow_env/lib/python3.10/site-packages/airflow/example_dags/example_latest_only.py
[2024-05-23T16:35:27.300+0700] {logging_mixin.py:188} INFO - [2024-05-23T16:35:27.299+0700] {dag.py:3096} INFO - Sync 1 DAGs
[2024-05-23T16:35:27.336+0700] {logging_mixin.py:188} INFO - [2024-05-23T16:35:27.335+0700] {dag.py:3954} INFO - Setting next_dagrun for latest_only to 2024-05-23 04:00:00+00:00, run_after=2024-05-23 08:00:00+00:00
[2024-05-23T16:35:27.402+0700] {processor.py:183} INFO - Processing /mnt/d/Programming/Vietnamese-Text-Generator/airflow_env/lib/python3.10/site-packages/airflow/example_dags/example_latest_only.py took 0.182 seconds
[2024-05-23T16:36:43.468+0700] {processor.py:161} INFO - Started process (PID=17522) to work on /mnt/d/Programming/Vietnamese-Text-Generator/airflow_env/lib/python3.10/site-packages/airflow/example_dags/example_latest_only.py
[2024-05-23T16:36:43.470+0700] {processor.py:830} INFO - Processing file /mnt/d/Programming/Vietnamese-Text-Generator/airflow_env/lib/python3.10/site-packages/airflow/example_dags/example_latest_only.py for tasks to queue
[2024-05-23T16:36:43.474+0700] {logging_mixin.py:188} INFO - [2024-05-23T16:36:43.472+0700] {dagbag.py:540} INFO - Filling up the DagBag from /mnt/d/Programming/Vietnamese-Text-Generator/airflow_env/lib/python3.10/site-packages/airflow/example_dags/example_latest_only.py
[2024-05-23T16:36:43.505+0700] {processor.py:840} INFO - DAG(s) 'latest_only' retrieved from /mnt/d/Programming/Vietnamese-Text-Generator/airflow_env/lib/python3.10/site-packages/airflow/example_dags/example_latest_only.py
[2024-05-23T16:36:43.541+0700] {logging_mixin.py:188} INFO - [2024-05-23T16:36:43.540+0700] {dag.py:3096} INFO - Sync 1 DAGs
[2024-05-23T16:36:43.568+0700] {logging_mixin.py:188} INFO - [2024-05-23T16:36:43.568+0700] {dag.py:3954} INFO - Setting next_dagrun for latest_only to 2024-05-23 04:00:00+00:00, run_after=2024-05-23 08:00:00+00:00
[2024-05-23T16:36:43.620+0700] {processor.py:183} INFO - Processing /mnt/d/Programming/Vietnamese-Text-Generator/airflow_env/lib/python3.10/site-packages/airflow/example_dags/example_latest_only.py took 0.170 seconds
[2024-05-23T16:38:02.073+0700] {processor.py:161} INFO - Started process (PID=17889) to work on /mnt/d/Programming/Vietnamese-Text-Generator/airflow_env/lib/python3.10/site-packages/airflow/example_dags/example_latest_only.py
[2024-05-23T16:38:02.075+0700] {processor.py:830} INFO - Processing file /mnt/d/Programming/Vietnamese-Text-Generator/airflow_env/lib/python3.10/site-packages/airflow/example_dags/example_latest_only.py for tasks to queue
[2024-05-23T16:38:02.079+0700] {logging_mixin.py:188} INFO - [2024-05-23T16:38:02.077+0700] {dagbag.py:540} INFO - Filling up the DagBag from /mnt/d/Programming/Vietnamese-Text-Generator/airflow_env/lib/python3.10/site-packages/airflow/example_dags/example_latest_only.py
[2024-05-23T16:38:02.111+0700] {processor.py:840} INFO - DAG(s) 'latest_only' retrieved from /mnt/d/Programming/Vietnamese-Text-Generator/airflow_env/lib/python3.10/site-packages/airflow/example_dags/example_latest_only.py
[2024-05-23T16:38:02.148+0700] {logging_mixin.py:188} INFO - [2024-05-23T16:38:02.146+0700] {dag.py:3096} INFO - Sync 1 DAGs
[2024-05-23T16:38:02.182+0700] {logging_mixin.py:188} INFO - [2024-05-23T16:38:02.181+0700] {dag.py:3954} INFO - Setting next_dagrun for latest_only to 2024-05-23 04:00:00+00:00, run_after=2024-05-23 08:00:00+00:00
[2024-05-23T16:38:02.246+0700] {processor.py:183} INFO - Processing /mnt/d/Programming/Vietnamese-Text-Generator/airflow_env/lib/python3.10/site-packages/airflow/example_dags/example_latest_only.py took 0.188 seconds
[2024-05-23T16:50:16.027+0700] {processor.py:161} INFO - Started process (PID=20993) to work on /mnt/d/Programming/Vietnamese-Text-Generator/airflow_env/lib/python3.10/site-packages/airflow/example_dags/example_latest_only.py
[2024-05-23T16:50:16.030+0700] {processor.py:830} INFO - Processing file /mnt/d/Programming/Vietnamese-Text-Generator/airflow_env/lib/python3.10/site-packages/airflow/example_dags/example_latest_only.py for tasks to queue
[2024-05-23T16:50:16.033+0700] {logging_mixin.py:188} INFO - [2024-05-23T16:50:16.032+0700] {dagbag.py:540} INFO - Filling up the DagBag from /mnt/d/Programming/Vietnamese-Text-Generator/airflow_env/lib/python3.10/site-packages/airflow/example_dags/example_latest_only.py
[2024-05-23T16:50:16.060+0700] {processor.py:840} INFO - DAG(s) 'latest_only' retrieved from /mnt/d/Programming/Vietnamese-Text-Generator/airflow_env/lib/python3.10/site-packages/airflow/example_dags/example_latest_only.py
[2024-05-23T16:50:16.109+0700] {logging_mixin.py:188} INFO - [2024-05-23T16:50:16.108+0700] {dag.py:3096} INFO - Sync 1 DAGs
[2024-05-23T16:50:16.146+0700] {logging_mixin.py:188} INFO - [2024-05-23T16:50:16.145+0700] {dag.py:3954} INFO - Setting next_dagrun for latest_only to 2024-05-23 04:00:00+00:00, run_after=2024-05-23 08:00:00+00:00
[2024-05-23T16:50:16.220+0700] {processor.py:183} INFO - Processing /mnt/d/Programming/Vietnamese-Text-Generator/airflow_env/lib/python3.10/site-packages/airflow/example_dags/example_latest_only.py took 0.217 seconds
[2024-05-23T16:51:39.913+0700] {processor.py:161} INFO - Started process (PID=21383) to work on /mnt/d/Programming/Vietnamese-Text-Generator/airflow_env/lib/python3.10/site-packages/airflow/example_dags/example_latest_only.py
[2024-05-23T16:51:39.915+0700] {processor.py:830} INFO - Processing file /mnt/d/Programming/Vietnamese-Text-Generator/airflow_env/lib/python3.10/site-packages/airflow/example_dags/example_latest_only.py for tasks to queue
[2024-05-23T16:51:39.918+0700] {logging_mixin.py:188} INFO - [2024-05-23T16:51:39.917+0700] {dagbag.py:540} INFO - Filling up the DagBag from /mnt/d/Programming/Vietnamese-Text-Generator/airflow_env/lib/python3.10/site-packages/airflow/example_dags/example_latest_only.py
[2024-05-23T16:51:39.950+0700] {processor.py:840} INFO - DAG(s) 'latest_only' retrieved from /mnt/d/Programming/Vietnamese-Text-Generator/airflow_env/lib/python3.10/site-packages/airflow/example_dags/example_latest_only.py
[2024-05-23T16:51:39.996+0700] {logging_mixin.py:188} INFO - [2024-05-23T16:51:39.994+0700] {dag.py:3096} INFO - Sync 1 DAGs
[2024-05-23T16:51:40.035+0700] {logging_mixin.py:188} INFO - [2024-05-23T16:51:40.034+0700] {dag.py:3954} INFO - Setting next_dagrun for latest_only to 2024-05-23 04:00:00+00:00, run_after=2024-05-23 08:00:00+00:00
[2024-05-23T16:51:40.101+0700] {processor.py:183} INFO - Processing /mnt/d/Programming/Vietnamese-Text-Generator/airflow_env/lib/python3.10/site-packages/airflow/example_dags/example_latest_only.py took 0.204 seconds
[2024-05-23T16:52:56.529+0700] {processor.py:161} INFO - Started process (PID=21738) to work on /mnt/d/Programming/Vietnamese-Text-Generator/airflow_env/lib/python3.10/site-packages/airflow/example_dags/example_latest_only.py
[2024-05-23T16:52:56.532+0700] {processor.py:830} INFO - Processing file /mnt/d/Programming/Vietnamese-Text-Generator/airflow_env/lib/python3.10/site-packages/airflow/example_dags/example_latest_only.py for tasks to queue
[2024-05-23T16:52:56.535+0700] {logging_mixin.py:188} INFO - [2024-05-23T16:52:56.534+0700] {dagbag.py:540} INFO - Filling up the DagBag from /mnt/d/Programming/Vietnamese-Text-Generator/airflow_env/lib/python3.10/site-packages/airflow/example_dags/example_latest_only.py
[2024-05-23T16:52:56.555+0700] {processor.py:840} INFO - DAG(s) 'latest_only' retrieved from /mnt/d/Programming/Vietnamese-Text-Generator/airflow_env/lib/python3.10/site-packages/airflow/example_dags/example_latest_only.py
[2024-05-23T16:52:56.591+0700] {logging_mixin.py:188} INFO - [2024-05-23T16:52:56.589+0700] {dag.py:3096} INFO - Sync 1 DAGs
[2024-05-23T16:52:56.628+0700] {logging_mixin.py:188} INFO - [2024-05-23T16:52:56.627+0700] {dag.py:3954} INFO - Setting next_dagrun for latest_only to 2024-05-23 04:00:00+00:00, run_after=2024-05-23 08:00:00+00:00
[2024-05-23T16:52:56.700+0700] {processor.py:183} INFO - Processing /mnt/d/Programming/Vietnamese-Text-Generator/airflow_env/lib/python3.10/site-packages/airflow/example_dags/example_latest_only.py took 0.188 seconds
[2024-05-23T16:54:07.870+0700] {processor.py:161} INFO - Started process (PID=22069) to work on /mnt/d/Programming/Vietnamese-Text-Generator/airflow_env/lib/python3.10/site-packages/airflow/example_dags/example_latest_only.py
[2024-05-23T16:54:07.872+0700] {processor.py:830} INFO - Processing file /mnt/d/Programming/Vietnamese-Text-Generator/airflow_env/lib/python3.10/site-packages/airflow/example_dags/example_latest_only.py for tasks to queue
[2024-05-23T16:54:07.874+0700] {logging_mixin.py:188} INFO - [2024-05-23T16:54:07.873+0700] {dagbag.py:540} INFO - Filling up the DagBag from /mnt/d/Programming/Vietnamese-Text-Generator/airflow_env/lib/python3.10/site-packages/airflow/example_dags/example_latest_only.py
[2024-05-23T16:54:07.890+0700] {processor.py:840} INFO - DAG(s) 'latest_only' retrieved from /mnt/d/Programming/Vietnamese-Text-Generator/airflow_env/lib/python3.10/site-packages/airflow/example_dags/example_latest_only.py
[2024-05-23T16:54:07.920+0700] {logging_mixin.py:188} INFO - [2024-05-23T16:54:07.918+0700] {dag.py:3096} INFO - Sync 1 DAGs
[2024-05-23T16:54:07.952+0700] {logging_mixin.py:188} INFO - [2024-05-23T16:54:07.951+0700] {dag.py:3954} INFO - Setting next_dagrun for latest_only to 2024-05-23 04:00:00+00:00, run_after=2024-05-23 08:00:00+00:00
[2024-05-23T16:54:08.000+0700] {processor.py:183} INFO - Processing /mnt/d/Programming/Vietnamese-Text-Generator/airflow_env/lib/python3.10/site-packages/airflow/example_dags/example_latest_only.py took 0.143 seconds
[2024-05-23T16:55:17.683+0700] {processor.py:161} INFO - Started process (PID=22397) to work on /mnt/d/Programming/Vietnamese-Text-Generator/airflow_env/lib/python3.10/site-packages/airflow/example_dags/example_latest_only.py
[2024-05-23T16:55:17.685+0700] {processor.py:830} INFO - Processing file /mnt/d/Programming/Vietnamese-Text-Generator/airflow_env/lib/python3.10/site-packages/airflow/example_dags/example_latest_only.py for tasks to queue
[2024-05-23T16:55:17.687+0700] {logging_mixin.py:188} INFO - [2024-05-23T16:55:17.686+0700] {dagbag.py:540} INFO - Filling up the DagBag from /mnt/d/Programming/Vietnamese-Text-Generator/airflow_env/lib/python3.10/site-packages/airflow/example_dags/example_latest_only.py
[2024-05-23T16:55:17.707+0700] {processor.py:840} INFO - DAG(s) 'latest_only' retrieved from /mnt/d/Programming/Vietnamese-Text-Generator/airflow_env/lib/python3.10/site-packages/airflow/example_dags/example_latest_only.py
[2024-05-23T16:55:17.744+0700] {logging_mixin.py:188} INFO - [2024-05-23T16:55:17.743+0700] {dag.py:3096} INFO - Sync 1 DAGs
[2024-05-23T16:55:17.773+0700] {logging_mixin.py:188} INFO - [2024-05-23T16:55:17.772+0700] {dag.py:3954} INFO - Setting next_dagrun for latest_only to 2024-05-23 04:00:00+00:00, run_after=2024-05-23 08:00:00+00:00
[2024-05-23T16:55:17.835+0700] {processor.py:183} INFO - Processing /mnt/d/Programming/Vietnamese-Text-Generator/airflow_env/lib/python3.10/site-packages/airflow/example_dags/example_latest_only.py took 0.165 seconds
[2024-05-23T16:56:21.730+0700] {processor.py:161} INFO - Started process (PID=22698) to work on /mnt/d/Programming/Vietnamese-Text-Generator/airflow_env/lib/python3.10/site-packages/airflow/example_dags/example_latest_only.py
[2024-05-23T16:56:21.731+0700] {processor.py:830} INFO - Processing file /mnt/d/Programming/Vietnamese-Text-Generator/airflow_env/lib/python3.10/site-packages/airflow/example_dags/example_latest_only.py for tasks to queue
[2024-05-23T16:56:21.734+0700] {logging_mixin.py:188} INFO - [2024-05-23T16:56:21.733+0700] {dagbag.py:540} INFO - Filling up the DagBag from /mnt/d/Programming/Vietnamese-Text-Generator/airflow_env/lib/python3.10/site-packages/airflow/example_dags/example_latest_only.py
[2024-05-23T16:56:21.753+0700] {processor.py:840} INFO - DAG(s) 'latest_only' retrieved from /mnt/d/Programming/Vietnamese-Text-Generator/airflow_env/lib/python3.10/site-packages/airflow/example_dags/example_latest_only.py
[2024-05-23T16:56:21.787+0700] {logging_mixin.py:188} INFO - [2024-05-23T16:56:21.785+0700] {dag.py:3096} INFO - Sync 1 DAGs
[2024-05-23T16:56:21.823+0700] {logging_mixin.py:188} INFO - [2024-05-23T16:56:21.821+0700] {dag.py:3954} INFO - Setting next_dagrun for latest_only to 2024-05-23 04:00:00+00:00, run_after=2024-05-23 08:00:00+00:00
[2024-05-23T16:56:21.896+0700] {processor.py:183} INFO - Processing /mnt/d/Programming/Vietnamese-Text-Generator/airflow_env/lib/python3.10/site-packages/airflow/example_dags/example_latest_only.py took 0.179 seconds
[2024-05-23T16:57:34.350+0700] {processor.py:161} INFO - Started process (PID=23037) to work on /mnt/d/Programming/Vietnamese-Text-Generator/airflow_env/lib/python3.10/site-packages/airflow/example_dags/example_latest_only.py
[2024-05-23T16:57:34.352+0700] {processor.py:830} INFO - Processing file /mnt/d/Programming/Vietnamese-Text-Generator/airflow_env/lib/python3.10/site-packages/airflow/example_dags/example_latest_only.py for tasks to queue
[2024-05-23T16:57:34.356+0700] {logging_mixin.py:188} INFO - [2024-05-23T16:57:34.354+0700] {dagbag.py:540} INFO - Filling up the DagBag from /mnt/d/Programming/Vietnamese-Text-Generator/airflow_env/lib/python3.10/site-packages/airflow/example_dags/example_latest_only.py
[2024-05-23T16:57:34.381+0700] {processor.py:840} INFO - DAG(s) 'latest_only' retrieved from /mnt/d/Programming/Vietnamese-Text-Generator/airflow_env/lib/python3.10/site-packages/airflow/example_dags/example_latest_only.py
[2024-05-23T16:57:34.412+0700] {logging_mixin.py:188} INFO - [2024-05-23T16:57:34.411+0700] {dag.py:3096} INFO - Sync 1 DAGs
[2024-05-23T16:57:34.444+0700] {logging_mixin.py:188} INFO - [2024-05-23T16:57:34.444+0700] {dag.py:3954} INFO - Setting next_dagrun for latest_only to 2024-05-23 04:00:00+00:00, run_after=2024-05-23 08:00:00+00:00
[2024-05-23T16:57:34.506+0700] {processor.py:183} INFO - Processing /mnt/d/Programming/Vietnamese-Text-Generator/airflow_env/lib/python3.10/site-packages/airflow/example_dags/example_latest_only.py took 0.173 seconds
[2024-05-23T16:58:41.297+0700] {processor.py:161} INFO - Started process (PID=23352) to work on /mnt/d/Programming/Vietnamese-Text-Generator/airflow_env/lib/python3.10/site-packages/airflow/example_dags/example_latest_only.py
[2024-05-23T16:58:41.299+0700] {processor.py:830} INFO - Processing file /mnt/d/Programming/Vietnamese-Text-Generator/airflow_env/lib/python3.10/site-packages/airflow/example_dags/example_latest_only.py for tasks to queue
[2024-05-23T16:58:41.301+0700] {logging_mixin.py:188} INFO - [2024-05-23T16:58:41.300+0700] {dagbag.py:540} INFO - Filling up the DagBag from /mnt/d/Programming/Vietnamese-Text-Generator/airflow_env/lib/python3.10/site-packages/airflow/example_dags/example_latest_only.py
[2024-05-23T16:58:41.323+0700] {processor.py:840} INFO - DAG(s) 'latest_only' retrieved from /mnt/d/Programming/Vietnamese-Text-Generator/airflow_env/lib/python3.10/site-packages/airflow/example_dags/example_latest_only.py
[2024-05-23T16:58:41.355+0700] {logging_mixin.py:188} INFO - [2024-05-23T16:58:41.354+0700] {dag.py:3096} INFO - Sync 1 DAGs
[2024-05-23T16:58:41.386+0700] {logging_mixin.py:188} INFO - [2024-05-23T16:58:41.384+0700] {dag.py:3954} INFO - Setting next_dagrun for latest_only to 2024-05-23 04:00:00+00:00, run_after=2024-05-23 08:00:00+00:00
[2024-05-23T16:58:41.451+0700] {processor.py:183} INFO - Processing /mnt/d/Programming/Vietnamese-Text-Generator/airflow_env/lib/python3.10/site-packages/airflow/example_dags/example_latest_only.py took 0.168 seconds
[2024-05-23T16:59:54.375+0700] {processor.py:161} INFO - Started process (PID=23691) to work on /mnt/d/Programming/Vietnamese-Text-Generator/airflow_env/lib/python3.10/site-packages/airflow/example_dags/example_latest_only.py
[2024-05-23T16:59:54.376+0700] {processor.py:830} INFO - Processing file /mnt/d/Programming/Vietnamese-Text-Generator/airflow_env/lib/python3.10/site-packages/airflow/example_dags/example_latest_only.py for tasks to queue
[2024-05-23T16:59:54.379+0700] {logging_mixin.py:188} INFO - [2024-05-23T16:59:54.377+0700] {dagbag.py:540} INFO - Filling up the DagBag from /mnt/d/Programming/Vietnamese-Text-Generator/airflow_env/lib/python3.10/site-packages/airflow/example_dags/example_latest_only.py
[2024-05-23T16:59:54.399+0700] {processor.py:840} INFO - DAG(s) 'latest_only' retrieved from /mnt/d/Programming/Vietnamese-Text-Generator/airflow_env/lib/python3.10/site-packages/airflow/example_dags/example_latest_only.py
[2024-05-23T16:59:54.431+0700] {logging_mixin.py:188} INFO - [2024-05-23T16:59:54.429+0700] {dag.py:3096} INFO - Sync 1 DAGs
[2024-05-23T16:59:54.462+0700] {logging_mixin.py:188} INFO - [2024-05-23T16:59:54.461+0700] {dag.py:3954} INFO - Setting next_dagrun for latest_only to 2024-05-23 04:00:00+00:00, run_after=2024-05-23 08:00:00+00:00
[2024-05-23T16:59:54.516+0700] {processor.py:183} INFO - Processing /mnt/d/Programming/Vietnamese-Text-Generator/airflow_env/lib/python3.10/site-packages/airflow/example_dags/example_latest_only.py took 0.153 seconds
[2024-05-23T17:00:59.845+0700] {processor.py:161} INFO - Started process (PID=23997) to work on /mnt/d/Programming/Vietnamese-Text-Generator/airflow_env/lib/python3.10/site-packages/airflow/example_dags/example_latest_only.py
[2024-05-23T17:00:59.847+0700] {processor.py:830} INFO - Processing file /mnt/d/Programming/Vietnamese-Text-Generator/airflow_env/lib/python3.10/site-packages/airflow/example_dags/example_latest_only.py for tasks to queue
[2024-05-23T17:00:59.849+0700] {logging_mixin.py:188} INFO - [2024-05-23T17:00:59.848+0700] {dagbag.py:540} INFO - Filling up the DagBag from /mnt/d/Programming/Vietnamese-Text-Generator/airflow_env/lib/python3.10/site-packages/airflow/example_dags/example_latest_only.py
[2024-05-23T17:00:59.868+0700] {processor.py:840} INFO - DAG(s) 'latest_only' retrieved from /mnt/d/Programming/Vietnamese-Text-Generator/airflow_env/lib/python3.10/site-packages/airflow/example_dags/example_latest_only.py
[2024-05-23T17:00:59.901+0700] {logging_mixin.py:188} INFO - [2024-05-23T17:00:59.900+0700] {dag.py:3096} INFO - Sync 1 DAGs
[2024-05-23T17:00:59.933+0700] {logging_mixin.py:188} INFO - [2024-05-23T17:00:59.932+0700] {dag.py:3954} INFO - Setting next_dagrun for latest_only to 2024-05-23 04:00:00+00:00, run_after=2024-05-23 08:00:00+00:00
[2024-05-23T17:00:59.989+0700] {processor.py:183} INFO - Processing /mnt/d/Programming/Vietnamese-Text-Generator/airflow_env/lib/python3.10/site-packages/airflow/example_dags/example_latest_only.py took 0.159 seconds
[2024-05-23T17:02:09.171+0700] {processor.py:161} INFO - Started process (PID=24319) to work on /mnt/d/Programming/Vietnamese-Text-Generator/airflow_env/lib/python3.10/site-packages/airflow/example_dags/example_latest_only.py
[2024-05-23T17:02:09.172+0700] {processor.py:830} INFO - Processing file /mnt/d/Programming/Vietnamese-Text-Generator/airflow_env/lib/python3.10/site-packages/airflow/example_dags/example_latest_only.py for tasks to queue
[2024-05-23T17:02:09.176+0700] {logging_mixin.py:188} INFO - [2024-05-23T17:02:09.174+0700] {dagbag.py:540} INFO - Filling up the DagBag from /mnt/d/Programming/Vietnamese-Text-Generator/airflow_env/lib/python3.10/site-packages/airflow/example_dags/example_latest_only.py
[2024-05-23T17:02:09.200+0700] {processor.py:840} INFO - DAG(s) 'latest_only' retrieved from /mnt/d/Programming/Vietnamese-Text-Generator/airflow_env/lib/python3.10/site-packages/airflow/example_dags/example_latest_only.py
[2024-05-23T17:02:09.237+0700] {logging_mixin.py:188} INFO - [2024-05-23T17:02:09.236+0700] {dag.py:3096} INFO - Sync 1 DAGs
[2024-05-23T17:02:09.268+0700] {logging_mixin.py:188} INFO - [2024-05-23T17:02:09.267+0700] {dag.py:3954} INFO - Setting next_dagrun for latest_only to 2024-05-23 04:00:00+00:00, run_after=2024-05-23 08:00:00+00:00
[2024-05-23T17:02:09.327+0700] {processor.py:183} INFO - Processing /mnt/d/Programming/Vietnamese-Text-Generator/airflow_env/lib/python3.10/site-packages/airflow/example_dags/example_latest_only.py took 0.174 seconds
[2024-05-23T17:03:21.843+0700] {processor.py:161} INFO - Started process (PID=24655) to work on /mnt/d/Programming/Vietnamese-Text-Generator/airflow_env/lib/python3.10/site-packages/airflow/example_dags/example_latest_only.py
[2024-05-23T17:03:21.845+0700] {processor.py:830} INFO - Processing file /mnt/d/Programming/Vietnamese-Text-Generator/airflow_env/lib/python3.10/site-packages/airflow/example_dags/example_latest_only.py for tasks to queue
[2024-05-23T17:03:21.848+0700] {logging_mixin.py:188} INFO - [2024-05-23T17:03:21.847+0700] {dagbag.py:540} INFO - Filling up the DagBag from /mnt/d/Programming/Vietnamese-Text-Generator/airflow_env/lib/python3.10/site-packages/airflow/example_dags/example_latest_only.py
[2024-05-23T17:03:21.865+0700] {processor.py:840} INFO - DAG(s) 'latest_only' retrieved from /mnt/d/Programming/Vietnamese-Text-Generator/airflow_env/lib/python3.10/site-packages/airflow/example_dags/example_latest_only.py
[2024-05-23T17:03:21.895+0700] {logging_mixin.py:188} INFO - [2024-05-23T17:03:21.894+0700] {dag.py:3096} INFO - Sync 1 DAGs
[2024-05-23T17:03:21.924+0700] {logging_mixin.py:188} INFO - [2024-05-23T17:03:21.923+0700] {dag.py:3954} INFO - Setting next_dagrun for latest_only to 2024-05-23 04:00:00+00:00, run_after=2024-05-23 08:00:00+00:00
[2024-05-23T17:03:21.973+0700] {processor.py:183} INFO - Processing /mnt/d/Programming/Vietnamese-Text-Generator/airflow_env/lib/python3.10/site-packages/airflow/example_dags/example_latest_only.py took 0.144 seconds
[2024-05-23T17:04:28.882+0700] {processor.py:161} INFO - Started process (PID=24969) to work on /mnt/d/Programming/Vietnamese-Text-Generator/airflow_env/lib/python3.10/site-packages/airflow/example_dags/example_latest_only.py
[2024-05-23T17:04:28.883+0700] {processor.py:830} INFO - Processing file /mnt/d/Programming/Vietnamese-Text-Generator/airflow_env/lib/python3.10/site-packages/airflow/example_dags/example_latest_only.py for tasks to queue
[2024-05-23T17:04:28.885+0700] {logging_mixin.py:188} INFO - [2024-05-23T17:04:28.884+0700] {dagbag.py:540} INFO - Filling up the DagBag from /mnt/d/Programming/Vietnamese-Text-Generator/airflow_env/lib/python3.10/site-packages/airflow/example_dags/example_latest_only.py
[2024-05-23T17:04:28.902+0700] {processor.py:840} INFO - DAG(s) 'latest_only' retrieved from /mnt/d/Programming/Vietnamese-Text-Generator/airflow_env/lib/python3.10/site-packages/airflow/example_dags/example_latest_only.py
[2024-05-23T17:04:28.931+0700] {logging_mixin.py:188} INFO - [2024-05-23T17:04:28.930+0700] {dag.py:3096} INFO - Sync 1 DAGs
[2024-05-23T17:04:28.977+0700] {logging_mixin.py:188} INFO - [2024-05-23T17:04:28.976+0700] {dag.py:3954} INFO - Setting next_dagrun for latest_only to 2024-05-23 04:00:00+00:00, run_after=2024-05-23 08:00:00+00:00
[2024-05-23T17:04:29.050+0700] {processor.py:183} INFO - Processing /mnt/d/Programming/Vietnamese-Text-Generator/airflow_env/lib/python3.10/site-packages/airflow/example_dags/example_latest_only.py took 0.180 seconds
