[2024-05-23T15:42:59.458+0700] {processor.py:161} INFO - Started process (PID=1165) to work on /mnt/d/Programming/Vietnamese-Text-Generator/airflow_env/lib/python3.10/site-packages/airflow/example_dags/example_python_decorator.py
[2024-05-23T15:42:59.460+0700] {processor.py:830} INFO - Processing file /mnt/d/Programming/Vietnamese-Text-Generator/airflow_env/lib/python3.10/site-packages/airflow/example_dags/example_python_decorator.py for tasks to queue
[2024-05-23T15:42:59.463+0700] {logging_mixin.py:188} INFO - [2024-05-23T15:42:59.462+0700] {dagbag.py:540} INFO - Filling up the DagBag from /mnt/d/Programming/Vietnamese-Text-Generator/airflow_env/lib/python3.10/site-packages/airflow/example_dags/example_python_decorator.py
[2024-05-23T15:42:59.498+0700] {processor.py:840} INFO - DAG(s) 'example_python_decorator' retrieved from /mnt/d/Programming/Vietnamese-Text-Generator/airflow_env/lib/python3.10/site-packages/airflow/example_dags/example_python_decorator.py
[2024-05-23T15:43:00.439+0700] {logging_mixin.py:188} INFO - [2024-05-23T15:43:00.438+0700] {dag.py:3096} INFO - Sync 1 DAGs
[2024-05-23T15:43:00.457+0700] {logging_mixin.py:188} INFO - [2024-05-23T15:43:00.456+0700] {dag.py:3954} INFO - Setting next_dagrun for example_python_decorator to None, run_after=None
[2024-05-23T15:43:00.528+0700] {processor.py:183} INFO - Processing /mnt/d/Programming/Vietnamese-Text-Generator/airflow_env/lib/python3.10/site-packages/airflow/example_dags/example_python_decorator.py took 1.082 seconds
[2024-05-23T15:44:13.724+0700] {processor.py:161} INFO - Started process (PID=1523) to work on /mnt/d/Programming/Vietnamese-Text-Generator/airflow_env/lib/python3.10/site-packages/airflow/example_dags/example_python_decorator.py
[2024-05-23T15:44:13.728+0700] {processor.py:830} INFO - Processing file /mnt/d/Programming/Vietnamese-Text-Generator/airflow_env/lib/python3.10/site-packages/airflow/example_dags/example_python_decorator.py for tasks to queue
[2024-05-23T15:44:13.733+0700] {logging_mixin.py:188} INFO - [2024-05-23T15:44:13.731+0700] {dagbag.py:540} INFO - Filling up the DagBag from /mnt/d/Programming/Vietnamese-Text-Generator/airflow_env/lib/python3.10/site-packages/airflow/example_dags/example_python_decorator.py
[2024-05-23T15:44:13.783+0700] {processor.py:840} INFO - DAG(s) 'example_python_decorator' retrieved from /mnt/d/Programming/Vietnamese-Text-Generator/airflow_env/lib/python3.10/site-packages/airflow/example_dags/example_python_decorator.py
[2024-05-23T15:44:13.823+0700] {logging_mixin.py:188} INFO - [2024-05-23T15:44:13.822+0700] {dag.py:3096} INFO - Sync 1 DAGs
[2024-05-23T15:44:13.843+0700] {logging_mixin.py:188} INFO - [2024-05-23T15:44:13.841+0700] {dag.py:3954} INFO - Setting next_dagrun for example_python_decorator to None, run_after=None
[2024-05-23T15:44:13.924+0700] {processor.py:183} INFO - Processing /mnt/d/Programming/Vietnamese-Text-Generator/airflow_env/lib/python3.10/site-packages/airflow/example_dags/example_python_decorator.py took 0.218 seconds
[2024-05-23T15:45:25.997+0700] {processor.py:161} INFO - Started process (PID=1875) to work on /mnt/d/Programming/Vietnamese-Text-Generator/airflow_env/lib/python3.10/site-packages/airflow/example_dags/example_python_decorator.py
[2024-05-23T15:45:25.998+0700] {processor.py:830} INFO - Processing file /mnt/d/Programming/Vietnamese-Text-Generator/airflow_env/lib/python3.10/site-packages/airflow/example_dags/example_python_decorator.py for tasks to queue
[2024-05-23T15:45:26.002+0700] {logging_mixin.py:188} INFO - [2024-05-23T15:45:26.001+0700] {dagbag.py:540} INFO - Filling up the DagBag from /mnt/d/Programming/Vietnamese-Text-Generator/airflow_env/lib/python3.10/site-packages/airflow/example_dags/example_python_decorator.py
[2024-05-23T15:45:26.034+0700] {processor.py:840} INFO - DAG(s) 'example_python_decorator' retrieved from /mnt/d/Programming/Vietnamese-Text-Generator/airflow_env/lib/python3.10/site-packages/airflow/example_dags/example_python_decorator.py
[2024-05-23T15:45:26.065+0700] {logging_mixin.py:188} INFO - [2024-05-23T15:45:26.064+0700] {dag.py:3096} INFO - Sync 1 DAGs
[2024-05-23T15:45:26.083+0700] {logging_mixin.py:188} INFO - [2024-05-23T15:45:26.082+0700] {dag.py:3954} INFO - Setting next_dagrun for example_python_decorator to None, run_after=None
[2024-05-23T15:45:26.148+0700] {processor.py:183} INFO - Processing /mnt/d/Programming/Vietnamese-Text-Generator/airflow_env/lib/python3.10/site-packages/airflow/example_dags/example_python_decorator.py took 0.163 seconds
[2024-05-23T15:46:39.090+0700] {processor.py:161} INFO - Started process (PID=2576) to work on /mnt/d/Programming/Vietnamese-Text-Generator/airflow_env/lib/python3.10/site-packages/airflow/example_dags/example_python_decorator.py
[2024-05-23T15:46:39.091+0700] {processor.py:830} INFO - Processing file /mnt/d/Programming/Vietnamese-Text-Generator/airflow_env/lib/python3.10/site-packages/airflow/example_dags/example_python_decorator.py for tasks to queue
[2024-05-23T15:46:39.094+0700] {logging_mixin.py:188} INFO - [2024-05-23T15:46:39.093+0700] {dagbag.py:540} INFO - Filling up the DagBag from /mnt/d/Programming/Vietnamese-Text-Generator/airflow_env/lib/python3.10/site-packages/airflow/example_dags/example_python_decorator.py
[2024-05-23T15:46:39.135+0700] {processor.py:840} INFO - DAG(s) 'example_python_decorator' retrieved from /mnt/d/Programming/Vietnamese-Text-Generator/airflow_env/lib/python3.10/site-packages/airflow/example_dags/example_python_decorator.py
[2024-05-23T15:46:39.182+0700] {logging_mixin.py:188} INFO - [2024-05-23T15:46:39.180+0700] {dag.py:3096} INFO - Sync 1 DAGs
[2024-05-23T15:46:39.202+0700] {logging_mixin.py:188} INFO - [2024-05-23T15:46:39.200+0700] {dag.py:3954} INFO - Setting next_dagrun for example_python_decorator to None, run_after=None
[2024-05-23T15:46:39.273+0700] {processor.py:183} INFO - Processing /mnt/d/Programming/Vietnamese-Text-Generator/airflow_env/lib/python3.10/site-packages/airflow/example_dags/example_python_decorator.py took 0.194 seconds
[2024-05-23T15:47:44.070+0700] {processor.py:161} INFO - Started process (PID=2887) to work on /mnt/d/Programming/Vietnamese-Text-Generator/airflow_env/lib/python3.10/site-packages/airflow/example_dags/example_python_decorator.py
[2024-05-23T15:47:44.071+0700] {processor.py:830} INFO - Processing file /mnt/d/Programming/Vietnamese-Text-Generator/airflow_env/lib/python3.10/site-packages/airflow/example_dags/example_python_decorator.py for tasks to queue
[2024-05-23T15:47:44.074+0700] {logging_mixin.py:188} INFO - [2024-05-23T15:47:44.074+0700] {dagbag.py:540} INFO - Filling up the DagBag from /mnt/d/Programming/Vietnamese-Text-Generator/airflow_env/lib/python3.10/site-packages/airflow/example_dags/example_python_decorator.py
[2024-05-23T15:47:44.107+0700] {processor.py:840} INFO - DAG(s) 'example_python_decorator' retrieved from /mnt/d/Programming/Vietnamese-Text-Generator/airflow_env/lib/python3.10/site-packages/airflow/example_dags/example_python_decorator.py
[2024-05-23T15:47:44.146+0700] {logging_mixin.py:188} INFO - [2024-05-23T15:47:44.144+0700] {dag.py:3096} INFO - Sync 1 DAGs
[2024-05-23T15:47:44.166+0700] {logging_mixin.py:188} INFO - [2024-05-23T15:47:44.165+0700] {dag.py:3954} INFO - Setting next_dagrun for example_python_decorator to None, run_after=None
[2024-05-23T15:47:44.239+0700] {processor.py:183} INFO - Processing /mnt/d/Programming/Vietnamese-Text-Generator/airflow_env/lib/python3.10/site-packages/airflow/example_dags/example_python_decorator.py took 0.182 seconds
[2024-05-23T15:54:59.657+0700] {processor.py:161} INFO - Started process (PID=4737) to work on /mnt/d/Programming/Vietnamese-Text-Generator/airflow_env/lib/python3.10/site-packages/airflow/example_dags/example_python_decorator.py
[2024-05-23T15:54:59.658+0700] {processor.py:830} INFO - Processing file /mnt/d/Programming/Vietnamese-Text-Generator/airflow_env/lib/python3.10/site-packages/airflow/example_dags/example_python_decorator.py for tasks to queue
[2024-05-23T15:54:59.660+0700] {logging_mixin.py:188} INFO - [2024-05-23T15:54:59.660+0700] {dagbag.py:540} INFO - Filling up the DagBag from /mnt/d/Programming/Vietnamese-Text-Generator/airflow_env/lib/python3.10/site-packages/airflow/example_dags/example_python_decorator.py
[2024-05-23T15:54:59.694+0700] {processor.py:840} INFO - DAG(s) 'example_python_decorator' retrieved from /mnt/d/Programming/Vietnamese-Text-Generator/airflow_env/lib/python3.10/site-packages/airflow/example_dags/example_python_decorator.py
[2024-05-23T15:54:59.735+0700] {logging_mixin.py:188} INFO - [2024-05-23T15:54:59.734+0700] {dag.py:3096} INFO - Sync 1 DAGs
[2024-05-23T15:54:59.751+0700] {logging_mixin.py:188} INFO - [2024-05-23T15:54:59.750+0700] {dag.py:3954} INFO - Setting next_dagrun for example_python_decorator to None, run_after=None
[2024-05-23T15:54:59.806+0700] {processor.py:183} INFO - Processing /mnt/d/Programming/Vietnamese-Text-Generator/airflow_env/lib/python3.10/site-packages/airflow/example_dags/example_python_decorator.py took 0.161 seconds
[2024-05-23T15:56:05.846+0700] {processor.py:161} INFO - Started process (PID=5053) to work on /mnt/d/Programming/Vietnamese-Text-Generator/airflow_env/lib/python3.10/site-packages/airflow/example_dags/example_python_decorator.py
[2024-05-23T15:56:05.848+0700] {processor.py:830} INFO - Processing file /mnt/d/Programming/Vietnamese-Text-Generator/airflow_env/lib/python3.10/site-packages/airflow/example_dags/example_python_decorator.py for tasks to queue
[2024-05-23T15:56:05.850+0700] {logging_mixin.py:188} INFO - [2024-05-23T15:56:05.849+0700] {dagbag.py:540} INFO - Filling up the DagBag from /mnt/d/Programming/Vietnamese-Text-Generator/airflow_env/lib/python3.10/site-packages/airflow/example_dags/example_python_decorator.py
[2024-05-23T15:56:05.884+0700] {processor.py:840} INFO - DAG(s) 'example_python_decorator' retrieved from /mnt/d/Programming/Vietnamese-Text-Generator/airflow_env/lib/python3.10/site-packages/airflow/example_dags/example_python_decorator.py
[2024-05-23T15:56:05.919+0700] {logging_mixin.py:188} INFO - [2024-05-23T15:56:05.917+0700] {dag.py:3096} INFO - Sync 1 DAGs
[2024-05-23T15:56:05.934+0700] {logging_mixin.py:188} INFO - [2024-05-23T15:56:05.933+0700] {dag.py:3954} INFO - Setting next_dagrun for example_python_decorator to None, run_after=None
[2024-05-23T15:56:05.991+0700] {processor.py:183} INFO - Processing /mnt/d/Programming/Vietnamese-Text-Generator/airflow_env/lib/python3.10/site-packages/airflow/example_dags/example_python_decorator.py took 0.158 seconds
[2024-05-23T15:57:14.426+0700] {processor.py:161} INFO - Started process (PID=5377) to work on /mnt/d/Programming/Vietnamese-Text-Generator/airflow_env/lib/python3.10/site-packages/airflow/example_dags/example_python_decorator.py
[2024-05-23T15:57:14.428+0700] {processor.py:830} INFO - Processing file /mnt/d/Programming/Vietnamese-Text-Generator/airflow_env/lib/python3.10/site-packages/airflow/example_dags/example_python_decorator.py for tasks to queue
[2024-05-23T15:57:14.430+0700] {logging_mixin.py:188} INFO - [2024-05-23T15:57:14.429+0700] {dagbag.py:540} INFO - Filling up the DagBag from /mnt/d/Programming/Vietnamese-Text-Generator/airflow_env/lib/python3.10/site-packages/airflow/example_dags/example_python_decorator.py
[2024-05-23T15:57:14.462+0700] {processor.py:840} INFO - DAG(s) 'example_python_decorator' retrieved from /mnt/d/Programming/Vietnamese-Text-Generator/airflow_env/lib/python3.10/site-packages/airflow/example_dags/example_python_decorator.py
[2024-05-23T15:57:14.499+0700] {logging_mixin.py:188} INFO - [2024-05-23T15:57:14.497+0700] {dag.py:3096} INFO - Sync 1 DAGs
[2024-05-23T15:57:14.515+0700] {logging_mixin.py:188} INFO - [2024-05-23T15:57:14.515+0700] {dag.py:3954} INFO - Setting next_dagrun for example_python_decorator to None, run_after=None
[2024-05-23T15:57:14.603+0700] {processor.py:183} INFO - Processing /mnt/d/Programming/Vietnamese-Text-Generator/airflow_env/lib/python3.10/site-packages/airflow/example_dags/example_python_decorator.py took 0.188 seconds
[2024-05-23T15:58:23.568+0700] {processor.py:161} INFO - Started process (PID=5701) to work on /mnt/d/Programming/Vietnamese-Text-Generator/airflow_env/lib/python3.10/site-packages/airflow/example_dags/example_python_decorator.py
[2024-05-23T15:58:23.569+0700] {processor.py:830} INFO - Processing file /mnt/d/Programming/Vietnamese-Text-Generator/airflow_env/lib/python3.10/site-packages/airflow/example_dags/example_python_decorator.py for tasks to queue
[2024-05-23T15:58:23.572+0700] {logging_mixin.py:188} INFO - [2024-05-23T15:58:23.571+0700] {dagbag.py:540} INFO - Filling up the DagBag from /mnt/d/Programming/Vietnamese-Text-Generator/airflow_env/lib/python3.10/site-packages/airflow/example_dags/example_python_decorator.py
[2024-05-23T15:58:23.602+0700] {processor.py:840} INFO - DAG(s) 'example_python_decorator' retrieved from /mnt/d/Programming/Vietnamese-Text-Generator/airflow_env/lib/python3.10/site-packages/airflow/example_dags/example_python_decorator.py
[2024-05-23T15:58:23.634+0700] {logging_mixin.py:188} INFO - [2024-05-23T15:58:23.633+0700] {dag.py:3096} INFO - Sync 1 DAGs
[2024-05-23T15:58:23.653+0700] {logging_mixin.py:188} INFO - [2024-05-23T15:58:23.652+0700] {dag.py:3954} INFO - Setting next_dagrun for example_python_decorator to None, run_after=None
[2024-05-23T15:58:23.720+0700] {processor.py:183} INFO - Processing /mnt/d/Programming/Vietnamese-Text-Generator/airflow_env/lib/python3.10/site-packages/airflow/example_dags/example_python_decorator.py took 0.164 seconds
[2024-05-23T15:59:35.394+0700] {processor.py:161} INFO - Started process (PID=6038) to work on /mnt/d/Programming/Vietnamese-Text-Generator/airflow_env/lib/python3.10/site-packages/airflow/example_dags/example_python_decorator.py
[2024-05-23T15:59:35.396+0700] {processor.py:830} INFO - Processing file /mnt/d/Programming/Vietnamese-Text-Generator/airflow_env/lib/python3.10/site-packages/airflow/example_dags/example_python_decorator.py for tasks to queue
[2024-05-23T15:59:35.400+0700] {logging_mixin.py:188} INFO - [2024-05-23T15:59:35.399+0700] {dagbag.py:540} INFO - Filling up the DagBag from /mnt/d/Programming/Vietnamese-Text-Generator/airflow_env/lib/python3.10/site-packages/airflow/example_dags/example_python_decorator.py
[2024-05-23T15:59:35.443+0700] {processor.py:840} INFO - DAG(s) 'example_python_decorator' retrieved from /mnt/d/Programming/Vietnamese-Text-Generator/airflow_env/lib/python3.10/site-packages/airflow/example_dags/example_python_decorator.py
[2024-05-23T15:59:35.479+0700] {logging_mixin.py:188} INFO - [2024-05-23T15:59:35.477+0700] {dag.py:3096} INFO - Sync 1 DAGs
[2024-05-23T15:59:35.496+0700] {logging_mixin.py:188} INFO - [2024-05-23T15:59:35.495+0700] {dag.py:3954} INFO - Setting next_dagrun for example_python_decorator to None, run_after=None
[2024-05-23T15:59:35.564+0700] {processor.py:183} INFO - Processing /mnt/d/Programming/Vietnamese-Text-Generator/airflow_env/lib/python3.10/site-packages/airflow/example_dags/example_python_decorator.py took 0.185 seconds
[2024-05-23T16:00:42.883+0700] {processor.py:161} INFO - Started process (PID=6361) to work on /mnt/d/Programming/Vietnamese-Text-Generator/airflow_env/lib/python3.10/site-packages/airflow/example_dags/example_python_decorator.py
[2024-05-23T16:00:42.885+0700] {processor.py:830} INFO - Processing file /mnt/d/Programming/Vietnamese-Text-Generator/airflow_env/lib/python3.10/site-packages/airflow/example_dags/example_python_decorator.py for tasks to queue
[2024-05-23T16:00:42.887+0700] {logging_mixin.py:188} INFO - [2024-05-23T16:00:42.886+0700] {dagbag.py:540} INFO - Filling up the DagBag from /mnt/d/Programming/Vietnamese-Text-Generator/airflow_env/lib/python3.10/site-packages/airflow/example_dags/example_python_decorator.py
[2024-05-23T16:00:42.921+0700] {processor.py:840} INFO - DAG(s) 'example_python_decorator' retrieved from /mnt/d/Programming/Vietnamese-Text-Generator/airflow_env/lib/python3.10/site-packages/airflow/example_dags/example_python_decorator.py
[2024-05-23T16:00:42.956+0700] {logging_mixin.py:188} INFO - [2024-05-23T16:00:42.955+0700] {dag.py:3096} INFO - Sync 1 DAGs
[2024-05-23T16:00:42.972+0700] {logging_mixin.py:188} INFO - [2024-05-23T16:00:42.971+0700] {dag.py:3954} INFO - Setting next_dagrun for example_python_decorator to None, run_after=None
[2024-05-23T16:00:43.029+0700] {processor.py:183} INFO - Processing /mnt/d/Programming/Vietnamese-Text-Generator/airflow_env/lib/python3.10/site-packages/airflow/example_dags/example_python_decorator.py took 0.159 seconds
[2024-05-23T16:01:49.784+0700] {processor.py:161} INFO - Started process (PID=6674) to work on /mnt/d/Programming/Vietnamese-Text-Generator/airflow_env/lib/python3.10/site-packages/airflow/example_dags/example_python_decorator.py
[2024-05-23T16:01:49.786+0700] {processor.py:830} INFO - Processing file /mnt/d/Programming/Vietnamese-Text-Generator/airflow_env/lib/python3.10/site-packages/airflow/example_dags/example_python_decorator.py for tasks to queue
[2024-05-23T16:01:49.789+0700] {logging_mixin.py:188} INFO - [2024-05-23T16:01:49.787+0700] {dagbag.py:540} INFO - Filling up the DagBag from /mnt/d/Programming/Vietnamese-Text-Generator/airflow_env/lib/python3.10/site-packages/airflow/example_dags/example_python_decorator.py
[2024-05-23T16:01:49.825+0700] {processor.py:840} INFO - DAG(s) 'example_python_decorator' retrieved from /mnt/d/Programming/Vietnamese-Text-Generator/airflow_env/lib/python3.10/site-packages/airflow/example_dags/example_python_decorator.py
[2024-05-23T16:01:49.857+0700] {logging_mixin.py:188} INFO - [2024-05-23T16:01:49.856+0700] {dag.py:3096} INFO - Sync 1 DAGs
[2024-05-23T16:01:49.873+0700] {logging_mixin.py:188} INFO - [2024-05-23T16:01:49.872+0700] {dag.py:3954} INFO - Setting next_dagrun for example_python_decorator to None, run_after=None
[2024-05-23T16:01:49.926+0700] {processor.py:183} INFO - Processing /mnt/d/Programming/Vietnamese-Text-Generator/airflow_env/lib/python3.10/site-packages/airflow/example_dags/example_python_decorator.py took 0.155 seconds
[2024-05-23T16:02:57.688+0700] {processor.py:161} INFO - Started process (PID=6996) to work on /mnt/d/Programming/Vietnamese-Text-Generator/airflow_env/lib/python3.10/site-packages/airflow/example_dags/example_python_decorator.py
[2024-05-23T16:02:57.690+0700] {processor.py:830} INFO - Processing file /mnt/d/Programming/Vietnamese-Text-Generator/airflow_env/lib/python3.10/site-packages/airflow/example_dags/example_python_decorator.py for tasks to queue
[2024-05-23T16:02:57.694+0700] {logging_mixin.py:188} INFO - [2024-05-23T16:02:57.693+0700] {dagbag.py:540} INFO - Filling up the DagBag from /mnt/d/Programming/Vietnamese-Text-Generator/airflow_env/lib/python3.10/site-packages/airflow/example_dags/example_python_decorator.py
[2024-05-23T16:02:57.733+0700] {processor.py:840} INFO - DAG(s) 'example_python_decorator' retrieved from /mnt/d/Programming/Vietnamese-Text-Generator/airflow_env/lib/python3.10/site-packages/airflow/example_dags/example_python_decorator.py
[2024-05-23T16:02:57.764+0700] {logging_mixin.py:188} INFO - [2024-05-23T16:02:57.763+0700] {dag.py:3096} INFO - Sync 1 DAGs
[2024-05-23T16:02:57.779+0700] {logging_mixin.py:188} INFO - [2024-05-23T16:02:57.778+0700] {dag.py:3954} INFO - Setting next_dagrun for example_python_decorator to None, run_after=None
[2024-05-23T16:02:57.839+0700] {processor.py:183} INFO - Processing /mnt/d/Programming/Vietnamese-Text-Generator/airflow_env/lib/python3.10/site-packages/airflow/example_dags/example_python_decorator.py took 0.164 seconds
[2024-05-23T16:04:12.316+0700] {processor.py:161} INFO - Started process (PID=7349) to work on /mnt/d/Programming/Vietnamese-Text-Generator/airflow_env/lib/python3.10/site-packages/airflow/example_dags/example_python_decorator.py
[2024-05-23T16:04:12.318+0700] {processor.py:830} INFO - Processing file /mnt/d/Programming/Vietnamese-Text-Generator/airflow_env/lib/python3.10/site-packages/airflow/example_dags/example_python_decorator.py for tasks to queue
[2024-05-23T16:04:12.320+0700] {logging_mixin.py:188} INFO - [2024-05-23T16:04:12.319+0700] {dagbag.py:540} INFO - Filling up the DagBag from /mnt/d/Programming/Vietnamese-Text-Generator/airflow_env/lib/python3.10/site-packages/airflow/example_dags/example_python_decorator.py
[2024-05-23T16:04:12.352+0700] {processor.py:840} INFO - DAG(s) 'example_python_decorator' retrieved from /mnt/d/Programming/Vietnamese-Text-Generator/airflow_env/lib/python3.10/site-packages/airflow/example_dags/example_python_decorator.py
[2024-05-23T16:04:12.383+0700] {logging_mixin.py:188} INFO - [2024-05-23T16:04:12.382+0700] {dag.py:3096} INFO - Sync 1 DAGs
[2024-05-23T16:04:12.398+0700] {logging_mixin.py:188} INFO - [2024-05-23T16:04:12.397+0700] {dag.py:3954} INFO - Setting next_dagrun for example_python_decorator to None, run_after=None
[2024-05-23T16:04:12.470+0700] {processor.py:183} INFO - Processing /mnt/d/Programming/Vietnamese-Text-Generator/airflow_env/lib/python3.10/site-packages/airflow/example_dags/example_python_decorator.py took 0.166 seconds
[2024-05-23T16:35:17.999+0700] {processor.py:161} INFO - Started process (PID=17124) to work on /mnt/d/Programming/Vietnamese-Text-Generator/airflow_env/lib/python3.10/site-packages/airflow/example_dags/example_python_decorator.py
[2024-05-23T16:35:18.001+0700] {processor.py:830} INFO - Processing file /mnt/d/Programming/Vietnamese-Text-Generator/airflow_env/lib/python3.10/site-packages/airflow/example_dags/example_python_decorator.py for tasks to queue
[2024-05-23T16:35:18.004+0700] {logging_mixin.py:188} INFO - [2024-05-23T16:35:18.003+0700] {dagbag.py:540} INFO - Filling up the DagBag from /mnt/d/Programming/Vietnamese-Text-Generator/airflow_env/lib/python3.10/site-packages/airflow/example_dags/example_python_decorator.py
[2024-05-23T16:35:18.061+0700] {processor.py:840} INFO - DAG(s) 'example_python_decorator' retrieved from /mnt/d/Programming/Vietnamese-Text-Generator/airflow_env/lib/python3.10/site-packages/airflow/example_dags/example_python_decorator.py
[2024-05-23T16:35:18.106+0700] {logging_mixin.py:188} INFO - [2024-05-23T16:35:18.106+0700] {dag.py:3096} INFO - Sync 1 DAGs
[2024-05-23T16:35:18.121+0700] {logging_mixin.py:188} INFO - [2024-05-23T16:35:18.120+0700] {dag.py:3954} INFO - Setting next_dagrun for example_python_decorator to None, run_after=None
[2024-05-23T16:35:18.173+0700] {processor.py:183} INFO - Processing /mnt/d/Programming/Vietnamese-Text-Generator/airflow_env/lib/python3.10/site-packages/airflow/example_dags/example_python_decorator.py took 0.195 seconds
[2024-05-23T16:36:25.700+0700] {processor.py:161} INFO - Started process (PID=17439) to work on /mnt/d/Programming/Vietnamese-Text-Generator/airflow_env/lib/python3.10/site-packages/airflow/example_dags/example_python_decorator.py
[2024-05-23T16:36:25.702+0700] {processor.py:830} INFO - Processing file /mnt/d/Programming/Vietnamese-Text-Generator/airflow_env/lib/python3.10/site-packages/airflow/example_dags/example_python_decorator.py for tasks to queue
[2024-05-23T16:36:25.704+0700] {logging_mixin.py:188} INFO - [2024-05-23T16:36:25.703+0700] {dagbag.py:540} INFO - Filling up the DagBag from /mnt/d/Programming/Vietnamese-Text-Generator/airflow_env/lib/python3.10/site-packages/airflow/example_dags/example_python_decorator.py
[2024-05-23T16:36:25.736+0700] {processor.py:840} INFO - DAG(s) 'example_python_decorator' retrieved from /mnt/d/Programming/Vietnamese-Text-Generator/airflow_env/lib/python3.10/site-packages/airflow/example_dags/example_python_decorator.py
[2024-05-23T16:36:25.768+0700] {logging_mixin.py:188} INFO - [2024-05-23T16:36:25.767+0700] {dag.py:3096} INFO - Sync 1 DAGs
[2024-05-23T16:36:25.783+0700] {logging_mixin.py:188} INFO - [2024-05-23T16:36:25.781+0700] {dag.py:3954} INFO - Setting next_dagrun for example_python_decorator to None, run_after=None
[2024-05-23T16:36:25.838+0700] {processor.py:183} INFO - Processing /mnt/d/Programming/Vietnamese-Text-Generator/airflow_env/lib/python3.10/site-packages/airflow/example_dags/example_python_decorator.py took 0.150 seconds
[2024-05-23T16:37:41.204+0700] {processor.py:161} INFO - Started process (PID=17791) to work on /mnt/d/Programming/Vietnamese-Text-Generator/airflow_env/lib/python3.10/site-packages/airflow/example_dags/example_python_decorator.py
[2024-05-23T16:37:41.207+0700] {processor.py:830} INFO - Processing file /mnt/d/Programming/Vietnamese-Text-Generator/airflow_env/lib/python3.10/site-packages/airflow/example_dags/example_python_decorator.py for tasks to queue
[2024-05-23T16:37:41.211+0700] {logging_mixin.py:188} INFO - [2024-05-23T16:37:41.209+0700] {dagbag.py:540} INFO - Filling up the DagBag from /mnt/d/Programming/Vietnamese-Text-Generator/airflow_env/lib/python3.10/site-packages/airflow/example_dags/example_python_decorator.py
[2024-05-23T16:37:41.253+0700] {processor.py:840} INFO - DAG(s) 'example_python_decorator' retrieved from /mnt/d/Programming/Vietnamese-Text-Generator/airflow_env/lib/python3.10/site-packages/airflow/example_dags/example_python_decorator.py
[2024-05-23T16:37:41.287+0700] {logging_mixin.py:188} INFO - [2024-05-23T16:37:41.286+0700] {dag.py:3096} INFO - Sync 1 DAGs
[2024-05-23T16:37:41.307+0700] {logging_mixin.py:188} INFO - [2024-05-23T16:37:41.305+0700] {dag.py:3954} INFO - Setting next_dagrun for example_python_decorator to None, run_after=None
[2024-05-23T16:37:41.378+0700] {processor.py:183} INFO - Processing /mnt/d/Programming/Vietnamese-Text-Generator/airflow_env/lib/python3.10/site-packages/airflow/example_dags/example_python_decorator.py took 0.193 seconds
[2024-05-23T16:50:06.852+0700] {processor.py:161} INFO - Started process (PID=20951) to work on /mnt/d/Programming/Vietnamese-Text-Generator/airflow_env/lib/python3.10/site-packages/airflow/example_dags/example_python_decorator.py
[2024-05-23T16:50:06.854+0700] {processor.py:830} INFO - Processing file /mnt/d/Programming/Vietnamese-Text-Generator/airflow_env/lib/python3.10/site-packages/airflow/example_dags/example_python_decorator.py for tasks to queue
[2024-05-23T16:50:06.857+0700] {logging_mixin.py:188} INFO - [2024-05-23T16:50:06.856+0700] {dagbag.py:540} INFO - Filling up the DagBag from /mnt/d/Programming/Vietnamese-Text-Generator/airflow_env/lib/python3.10/site-packages/airflow/example_dags/example_python_decorator.py
[2024-05-23T16:50:06.892+0700] {processor.py:840} INFO - DAG(s) 'example_python_decorator' retrieved from /mnt/d/Programming/Vietnamese-Text-Generator/airflow_env/lib/python3.10/site-packages/airflow/example_dags/example_python_decorator.py
[2024-05-23T16:50:07.854+0700] {logging_mixin.py:188} INFO - [2024-05-23T16:50:07.853+0700] {dag.py:3096} INFO - Sync 1 DAGs
[2024-05-23T16:50:07.866+0700] {logging_mixin.py:188} INFO - [2024-05-23T16:50:07.865+0700] {dag.py:3954} INFO - Setting next_dagrun for example_python_decorator to None, run_after=None
[2024-05-23T16:50:07.925+0700] {processor.py:183} INFO - Processing /mnt/d/Programming/Vietnamese-Text-Generator/airflow_env/lib/python3.10/site-packages/airflow/example_dags/example_python_decorator.py took 1.084 seconds
[2024-05-23T16:51:21.056+0700] {processor.py:161} INFO - Started process (PID=21293) to work on /mnt/d/Programming/Vietnamese-Text-Generator/airflow_env/lib/python3.10/site-packages/airflow/example_dags/example_python_decorator.py
[2024-05-23T16:51:21.057+0700] {processor.py:830} INFO - Processing file /mnt/d/Programming/Vietnamese-Text-Generator/airflow_env/lib/python3.10/site-packages/airflow/example_dags/example_python_decorator.py for tasks to queue
[2024-05-23T16:51:21.059+0700] {logging_mixin.py:188} INFO - [2024-05-23T16:51:21.058+0700] {dagbag.py:540} INFO - Filling up the DagBag from /mnt/d/Programming/Vietnamese-Text-Generator/airflow_env/lib/python3.10/site-packages/airflow/example_dags/example_python_decorator.py
[2024-05-23T16:51:21.090+0700] {processor.py:840} INFO - DAG(s) 'example_python_decorator' retrieved from /mnt/d/Programming/Vietnamese-Text-Generator/airflow_env/lib/python3.10/site-packages/airflow/example_dags/example_python_decorator.py
[2024-05-23T16:51:21.120+0700] {logging_mixin.py:188} INFO - [2024-05-23T16:51:21.119+0700] {dag.py:3096} INFO - Sync 1 DAGs
[2024-05-23T16:51:21.136+0700] {logging_mixin.py:188} INFO - [2024-05-23T16:51:21.135+0700] {dag.py:3954} INFO - Setting next_dagrun for example_python_decorator to None, run_after=None
[2024-05-23T16:51:21.192+0700] {processor.py:183} INFO - Processing /mnt/d/Programming/Vietnamese-Text-Generator/airflow_env/lib/python3.10/site-packages/airflow/example_dags/example_python_decorator.py took 0.149 seconds
[2024-05-23T16:52:34.145+0700] {processor.py:161} INFO - Started process (PID=21634) to work on /mnt/d/Programming/Vietnamese-Text-Generator/airflow_env/lib/python3.10/site-packages/airflow/example_dags/example_python_decorator.py
[2024-05-23T16:52:34.147+0700] {processor.py:830} INFO - Processing file /mnt/d/Programming/Vietnamese-Text-Generator/airflow_env/lib/python3.10/site-packages/airflow/example_dags/example_python_decorator.py for tasks to queue
[2024-05-23T16:52:34.150+0700] {logging_mixin.py:188} INFO - [2024-05-23T16:52:34.149+0700] {dagbag.py:540} INFO - Filling up the DagBag from /mnt/d/Programming/Vietnamese-Text-Generator/airflow_env/lib/python3.10/site-packages/airflow/example_dags/example_python_decorator.py
[2024-05-23T16:52:34.201+0700] {processor.py:840} INFO - DAG(s) 'example_python_decorator' retrieved from /mnt/d/Programming/Vietnamese-Text-Generator/airflow_env/lib/python3.10/site-packages/airflow/example_dags/example_python_decorator.py
[2024-05-23T16:52:34.243+0700] {logging_mixin.py:188} INFO - [2024-05-23T16:52:34.242+0700] {dag.py:3096} INFO - Sync 1 DAGs
[2024-05-23T16:52:34.262+0700] {logging_mixin.py:188} INFO - [2024-05-23T16:52:34.261+0700] {dag.py:3954} INFO - Setting next_dagrun for example_python_decorator to None, run_after=None
[2024-05-23T16:52:34.321+0700] {processor.py:183} INFO - Processing /mnt/d/Programming/Vietnamese-Text-Generator/airflow_env/lib/python3.10/site-packages/airflow/example_dags/example_python_decorator.py took 0.193 seconds
[2024-05-23T16:53:47.802+0700] {processor.py:161} INFO - Started process (PID=21976) to work on /mnt/d/Programming/Vietnamese-Text-Generator/airflow_env/lib/python3.10/site-packages/airflow/example_dags/example_python_decorator.py
[2024-05-23T16:53:47.804+0700] {processor.py:830} INFO - Processing file /mnt/d/Programming/Vietnamese-Text-Generator/airflow_env/lib/python3.10/site-packages/airflow/example_dags/example_python_decorator.py for tasks to queue
[2024-05-23T16:53:47.809+0700] {logging_mixin.py:188} INFO - [2024-05-23T16:53:47.807+0700] {dagbag.py:540} INFO - Filling up the DagBag from /mnt/d/Programming/Vietnamese-Text-Generator/airflow_env/lib/python3.10/site-packages/airflow/example_dags/example_python_decorator.py
[2024-05-23T16:53:47.853+0700] {processor.py:840} INFO - DAG(s) 'example_python_decorator' retrieved from /mnt/d/Programming/Vietnamese-Text-Generator/airflow_env/lib/python3.10/site-packages/airflow/example_dags/example_python_decorator.py
[2024-05-23T16:53:47.881+0700] {logging_mixin.py:188} INFO - [2024-05-23T16:53:47.880+0700] {dag.py:3096} INFO - Sync 1 DAGs
[2024-05-23T16:53:47.895+0700] {logging_mixin.py:188} INFO - [2024-05-23T16:53:47.894+0700] {dag.py:3954} INFO - Setting next_dagrun for example_python_decorator to None, run_after=None
[2024-05-23T16:53:47.946+0700] {processor.py:183} INFO - Processing /mnt/d/Programming/Vietnamese-Text-Generator/airflow_env/lib/python3.10/site-packages/airflow/example_dags/example_python_decorator.py took 0.156 seconds
[2024-05-23T16:54:57.327+0700] {processor.py:161} INFO - Started process (PID=22300) to work on /mnt/d/Programming/Vietnamese-Text-Generator/airflow_env/lib/python3.10/site-packages/airflow/example_dags/example_python_decorator.py
[2024-05-23T16:54:57.329+0700] {processor.py:830} INFO - Processing file /mnt/d/Programming/Vietnamese-Text-Generator/airflow_env/lib/python3.10/site-packages/airflow/example_dags/example_python_decorator.py for tasks to queue
[2024-05-23T16:54:57.331+0700] {logging_mixin.py:188} INFO - [2024-05-23T16:54:57.330+0700] {dagbag.py:540} INFO - Filling up the DagBag from /mnt/d/Programming/Vietnamese-Text-Generator/airflow_env/lib/python3.10/site-packages/airflow/example_dags/example_python_decorator.py
[2024-05-23T16:54:57.362+0700] {processor.py:840} INFO - DAG(s) 'example_python_decorator' retrieved from /mnt/d/Programming/Vietnamese-Text-Generator/airflow_env/lib/python3.10/site-packages/airflow/example_dags/example_python_decorator.py
[2024-05-23T16:54:57.398+0700] {logging_mixin.py:188} INFO - [2024-05-23T16:54:57.397+0700] {dag.py:3096} INFO - Sync 1 DAGs
[2024-05-23T16:54:57.413+0700] {logging_mixin.py:188} INFO - [2024-05-23T16:54:57.413+0700] {dag.py:3954} INFO - Setting next_dagrun for example_python_decorator to None, run_after=None
[2024-05-23T16:54:57.466+0700] {processor.py:183} INFO - Processing /mnt/d/Programming/Vietnamese-Text-Generator/airflow_env/lib/python3.10/site-packages/airflow/example_dags/example_python_decorator.py took 0.151 seconds
[2024-05-23T16:56:04.277+0700] {processor.py:161} INFO - Started process (PID=22616) to work on /mnt/d/Programming/Vietnamese-Text-Generator/airflow_env/lib/python3.10/site-packages/airflow/example_dags/example_python_decorator.py
[2024-05-23T16:56:04.279+0700] {processor.py:830} INFO - Processing file /mnt/d/Programming/Vietnamese-Text-Generator/airflow_env/lib/python3.10/site-packages/airflow/example_dags/example_python_decorator.py for tasks to queue
[2024-05-23T16:56:04.282+0700] {logging_mixin.py:188} INFO - [2024-05-23T16:56:04.281+0700] {dagbag.py:540} INFO - Filling up the DagBag from /mnt/d/Programming/Vietnamese-Text-Generator/airflow_env/lib/python3.10/site-packages/airflow/example_dags/example_python_decorator.py
[2024-05-23T16:56:04.317+0700] {processor.py:840} INFO - DAG(s) 'example_python_decorator' retrieved from /mnt/d/Programming/Vietnamese-Text-Generator/airflow_env/lib/python3.10/site-packages/airflow/example_dags/example_python_decorator.py
[2024-05-23T16:56:04.351+0700] {logging_mixin.py:188} INFO - [2024-05-23T16:56:04.350+0700] {dag.py:3096} INFO - Sync 1 DAGs
[2024-05-23T16:56:04.367+0700] {logging_mixin.py:188} INFO - [2024-05-23T16:56:04.366+0700] {dag.py:3954} INFO - Setting next_dagrun for example_python_decorator to None, run_after=None
[2024-05-23T16:56:04.424+0700] {processor.py:183} INFO - Processing /mnt/d/Programming/Vietnamese-Text-Generator/airflow_env/lib/python3.10/site-packages/airflow/example_dags/example_python_decorator.py took 0.160 seconds
[2024-05-23T16:57:13.865+0700] {processor.py:161} INFO - Started process (PID=22941) to work on /mnt/d/Programming/Vietnamese-Text-Generator/airflow_env/lib/python3.10/site-packages/airflow/example_dags/example_python_decorator.py
[2024-05-23T16:57:13.866+0700] {processor.py:830} INFO - Processing file /mnt/d/Programming/Vietnamese-Text-Generator/airflow_env/lib/python3.10/site-packages/airflow/example_dags/example_python_decorator.py for tasks to queue
[2024-05-23T16:57:13.868+0700] {logging_mixin.py:188} INFO - [2024-05-23T16:57:13.867+0700] {dagbag.py:540} INFO - Filling up the DagBag from /mnt/d/Programming/Vietnamese-Text-Generator/airflow_env/lib/python3.10/site-packages/airflow/example_dags/example_python_decorator.py
[2024-05-23T16:57:13.901+0700] {processor.py:840} INFO - DAG(s) 'example_python_decorator' retrieved from /mnt/d/Programming/Vietnamese-Text-Generator/airflow_env/lib/python3.10/site-packages/airflow/example_dags/example_python_decorator.py
[2024-05-23T16:57:13.931+0700] {logging_mixin.py:188} INFO - [2024-05-23T16:57:13.930+0700] {dag.py:3096} INFO - Sync 1 DAGs
[2024-05-23T16:57:13.946+0700] {logging_mixin.py:188} INFO - [2024-05-23T16:57:13.945+0700] {dag.py:3954} INFO - Setting next_dagrun for example_python_decorator to None, run_after=None
[2024-05-23T16:57:14.002+0700] {processor.py:183} INFO - Processing /mnt/d/Programming/Vietnamese-Text-Generator/airflow_env/lib/python3.10/site-packages/airflow/example_dags/example_python_decorator.py took 0.149 seconds
[2024-05-23T16:58:22.450+0700] {processor.py:161} INFO - Started process (PID=23261) to work on /mnt/d/Programming/Vietnamese-Text-Generator/airflow_env/lib/python3.10/site-packages/airflow/example_dags/example_python_decorator.py
[2024-05-23T16:58:22.452+0700] {processor.py:830} INFO - Processing file /mnt/d/Programming/Vietnamese-Text-Generator/airflow_env/lib/python3.10/site-packages/airflow/example_dags/example_python_decorator.py for tasks to queue
[2024-05-23T16:58:22.454+0700] {logging_mixin.py:188} INFO - [2024-05-23T16:58:22.453+0700] {dagbag.py:540} INFO - Filling up the DagBag from /mnt/d/Programming/Vietnamese-Text-Generator/airflow_env/lib/python3.10/site-packages/airflow/example_dags/example_python_decorator.py
[2024-05-23T16:58:22.491+0700] {processor.py:840} INFO - DAG(s) 'example_python_decorator' retrieved from /mnt/d/Programming/Vietnamese-Text-Generator/airflow_env/lib/python3.10/site-packages/airflow/example_dags/example_python_decorator.py
[2024-05-23T16:58:22.525+0700] {logging_mixin.py:188} INFO - [2024-05-23T16:58:22.524+0700] {dag.py:3096} INFO - Sync 1 DAGs
[2024-05-23T16:58:22.541+0700] {logging_mixin.py:188} INFO - [2024-05-23T16:58:22.540+0700] {dag.py:3954} INFO - Setting next_dagrun for example_python_decorator to None, run_after=None
[2024-05-23T16:58:22.598+0700] {processor.py:183} INFO - Processing /mnt/d/Programming/Vietnamese-Text-Generator/airflow_env/lib/python3.10/site-packages/airflow/example_dags/example_python_decorator.py took 0.161 seconds
[2024-05-23T16:59:32.443+0700] {processor.py:161} INFO - Started process (PID=23589) to work on /mnt/d/Programming/Vietnamese-Text-Generator/airflow_env/lib/python3.10/site-packages/airflow/example_dags/example_python_decorator.py
[2024-05-23T16:59:32.444+0700] {processor.py:830} INFO - Processing file /mnt/d/Programming/Vietnamese-Text-Generator/airflow_env/lib/python3.10/site-packages/airflow/example_dags/example_python_decorator.py for tasks to queue
[2024-05-23T16:59:32.447+0700] {logging_mixin.py:188} INFO - [2024-05-23T16:59:32.446+0700] {dagbag.py:540} INFO - Filling up the DagBag from /mnt/d/Programming/Vietnamese-Text-Generator/airflow_env/lib/python3.10/site-packages/airflow/example_dags/example_python_decorator.py
[2024-05-23T16:59:32.487+0700] {processor.py:840} INFO - DAG(s) 'example_python_decorator' retrieved from /mnt/d/Programming/Vietnamese-Text-Generator/airflow_env/lib/python3.10/site-packages/airflow/example_dags/example_python_decorator.py
[2024-05-23T16:59:32.518+0700] {logging_mixin.py:188} INFO - [2024-05-23T16:59:32.516+0700] {dag.py:3096} INFO - Sync 1 DAGs
[2024-05-23T16:59:32.534+0700] {logging_mixin.py:188} INFO - [2024-05-23T16:59:32.533+0700] {dag.py:3954} INFO - Setting next_dagrun for example_python_decorator to None, run_after=None
[2024-05-23T16:59:32.600+0700] {processor.py:183} INFO - Processing /mnt/d/Programming/Vietnamese-Text-Generator/airflow_env/lib/python3.10/site-packages/airflow/example_dags/example_python_decorator.py took 0.170 seconds
[2024-05-23T17:00:41.417+0700] {processor.py:161} INFO - Started process (PID=23912) to work on /mnt/d/Programming/Vietnamese-Text-Generator/airflow_env/lib/python3.10/site-packages/airflow/example_dags/example_python_decorator.py
[2024-05-23T17:00:41.419+0700] {processor.py:830} INFO - Processing file /mnt/d/Programming/Vietnamese-Text-Generator/airflow_env/lib/python3.10/site-packages/airflow/example_dags/example_python_decorator.py for tasks to queue
[2024-05-23T17:00:41.422+0700] {logging_mixin.py:188} INFO - [2024-05-23T17:00:41.421+0700] {dagbag.py:540} INFO - Filling up the DagBag from /mnt/d/Programming/Vietnamese-Text-Generator/airflow_env/lib/python3.10/site-packages/airflow/example_dags/example_python_decorator.py
[2024-05-23T17:00:41.458+0700] {processor.py:840} INFO - DAG(s) 'example_python_decorator' retrieved from /mnt/d/Programming/Vietnamese-Text-Generator/airflow_env/lib/python3.10/site-packages/airflow/example_dags/example_python_decorator.py
[2024-05-23T17:00:41.494+0700] {logging_mixin.py:188} INFO - [2024-05-23T17:00:41.493+0700] {dag.py:3096} INFO - Sync 1 DAGs
[2024-05-23T17:00:41.510+0700] {logging_mixin.py:188} INFO - [2024-05-23T17:00:41.509+0700] {dag.py:3954} INFO - Setting next_dagrun for example_python_decorator to None, run_after=None
[2024-05-23T17:00:41.572+0700] {processor.py:183} INFO - Processing /mnt/d/Programming/Vietnamese-Text-Generator/airflow_env/lib/python3.10/site-packages/airflow/example_dags/example_python_decorator.py took 0.168 seconds
[2024-05-23T17:01:48.454+0700] {processor.py:161} INFO - Started process (PID=24224) to work on /mnt/d/Programming/Vietnamese-Text-Generator/airflow_env/lib/python3.10/site-packages/airflow/example_dags/example_python_decorator.py
[2024-05-23T17:01:48.455+0700] {processor.py:830} INFO - Processing file /mnt/d/Programming/Vietnamese-Text-Generator/airflow_env/lib/python3.10/site-packages/airflow/example_dags/example_python_decorator.py for tasks to queue
[2024-05-23T17:01:48.458+0700] {logging_mixin.py:188} INFO - [2024-05-23T17:01:48.457+0700] {dagbag.py:540} INFO - Filling up the DagBag from /mnt/d/Programming/Vietnamese-Text-Generator/airflow_env/lib/python3.10/site-packages/airflow/example_dags/example_python_decorator.py
[2024-05-23T17:01:48.492+0700] {processor.py:840} INFO - DAG(s) 'example_python_decorator' retrieved from /mnt/d/Programming/Vietnamese-Text-Generator/airflow_env/lib/python3.10/site-packages/airflow/example_dags/example_python_decorator.py
[2024-05-23T17:01:48.525+0700] {logging_mixin.py:188} INFO - [2024-05-23T17:01:48.524+0700] {dag.py:3096} INFO - Sync 1 DAGs
[2024-05-23T17:01:48.541+0700] {logging_mixin.py:188} INFO - [2024-05-23T17:01:48.540+0700] {dag.py:3954} INFO - Setting next_dagrun for example_python_decorator to None, run_after=None
[2024-05-23T17:01:48.598+0700] {processor.py:183} INFO - Processing /mnt/d/Programming/Vietnamese-Text-Generator/airflow_env/lib/python3.10/site-packages/airflow/example_dags/example_python_decorator.py took 0.158 seconds
[2024-05-23T17:03:01.941+0700] {processor.py:161} INFO - Started process (PID=24563) to work on /mnt/d/Programming/Vietnamese-Text-Generator/airflow_env/lib/python3.10/site-packages/airflow/example_dags/example_python_decorator.py
[2024-05-23T17:03:01.943+0700] {processor.py:830} INFO - Processing file /mnt/d/Programming/Vietnamese-Text-Generator/airflow_env/lib/python3.10/site-packages/airflow/example_dags/example_python_decorator.py for tasks to queue
[2024-05-23T17:03:01.945+0700] {logging_mixin.py:188} INFO - [2024-05-23T17:03:01.944+0700] {dagbag.py:540} INFO - Filling up the DagBag from /mnt/d/Programming/Vietnamese-Text-Generator/airflow_env/lib/python3.10/site-packages/airflow/example_dags/example_python_decorator.py
[2024-05-23T17:03:01.982+0700] {processor.py:840} INFO - DAG(s) 'example_python_decorator' retrieved from /mnt/d/Programming/Vietnamese-Text-Generator/airflow_env/lib/python3.10/site-packages/airflow/example_dags/example_python_decorator.py
[2024-05-23T17:03:02.015+0700] {logging_mixin.py:188} INFO - [2024-05-23T17:03:02.014+0700] {dag.py:3096} INFO - Sync 1 DAGs
[2024-05-23T17:03:02.031+0700] {logging_mixin.py:188} INFO - [2024-05-23T17:03:02.030+0700] {dag.py:3954} INFO - Setting next_dagrun for example_python_decorator to None, run_after=None
[2024-05-23T17:03:02.087+0700] {processor.py:183} INFO - Processing /mnt/d/Programming/Vietnamese-Text-Generator/airflow_env/lib/python3.10/site-packages/airflow/example_dags/example_python_decorator.py took 0.158 seconds
[2024-05-23T17:04:09.256+0700] {processor.py:161} INFO - Started process (PID=24876) to work on /mnt/d/Programming/Vietnamese-Text-Generator/airflow_env/lib/python3.10/site-packages/airflow/example_dags/example_python_decorator.py
[2024-05-23T17:04:09.258+0700] {processor.py:830} INFO - Processing file /mnt/d/Programming/Vietnamese-Text-Generator/airflow_env/lib/python3.10/site-packages/airflow/example_dags/example_python_decorator.py for tasks to queue
[2024-05-23T17:04:09.261+0700] {logging_mixin.py:188} INFO - [2024-05-23T17:04:09.260+0700] {dagbag.py:540} INFO - Filling up the DagBag from /mnt/d/Programming/Vietnamese-Text-Generator/airflow_env/lib/python3.10/site-packages/airflow/example_dags/example_python_decorator.py
[2024-05-23T17:04:09.292+0700] {processor.py:840} INFO - DAG(s) 'example_python_decorator' retrieved from /mnt/d/Programming/Vietnamese-Text-Generator/airflow_env/lib/python3.10/site-packages/airflow/example_dags/example_python_decorator.py
[2024-05-23T17:04:09.323+0700] {logging_mixin.py:188} INFO - [2024-05-23T17:04:09.322+0700] {dag.py:3096} INFO - Sync 1 DAGs
[2024-05-23T17:04:09.339+0700] {logging_mixin.py:188} INFO - [2024-05-23T17:04:09.338+0700] {dag.py:3954} INFO - Setting next_dagrun for example_python_decorator to None, run_after=None
[2024-05-23T17:04:09.394+0700] {processor.py:183} INFO - Processing /mnt/d/Programming/Vietnamese-Text-Generator/airflow_env/lib/python3.10/site-packages/airflow/example_dags/example_python_decorator.py took 0.151 seconds
