[2024-05-23T15:42:45.110+0700] {processor.py:161} INFO - Started process (PID=1099) to work on /mnt/d/Programming/Vietnamese-Text-Generator/airflow_env/lib/python3.10/site-packages/airflow/example_dags/example_task_group.py
[2024-05-23T15:42:45.111+0700] {processor.py:830} INFO - Processing file /mnt/d/Programming/Vietnamese-Text-Generator/airflow_env/lib/python3.10/site-packages/airflow/example_dags/example_task_group.py for tasks to queue
[2024-05-23T15:42:45.114+0700] {logging_mixin.py:188} INFO - [2024-05-23T15:42:45.113+0700] {dagbag.py:540} INFO - Filling up the DagBag from /mnt/d/Programming/Vietnamese-Text-Generator/airflow_env/lib/python3.10/site-packages/airflow/example_dags/example_task_group.py
[2024-05-23T15:42:45.171+0700] {processor.py:840} INFO - DAG(s) 'example_task_group' retrieved from /mnt/d/Programming/Vietnamese-Text-Generator/airflow_env/lib/python3.10/site-packages/airflow/example_dags/example_task_group.py
[2024-05-23T15:42:45.212+0700] {logging_mixin.py:188} INFO - [2024-05-23T15:42:45.211+0700] {dag.py:3096} INFO - Sync 1 DAGs
[2024-05-23T15:42:45.243+0700] {logging_mixin.py:188} INFO - [2024-05-23T15:42:45.242+0700] {dag.py:3954} INFO - Setting next_dagrun for example_task_group to 2024-05-22 00:00:00+00:00, run_after=2024-05-23 00:00:00+00:00
[2024-05-23T15:42:45.313+0700] {processor.py:183} INFO - Processing /mnt/d/Programming/Vietnamese-Text-Generator/airflow_env/lib/python3.10/site-packages/airflow/example_dags/example_task_group.py took 0.215 seconds
[2024-05-23T15:43:59.712+0700] {processor.py:161} INFO - Started process (PID=1455) to work on /mnt/d/Programming/Vietnamese-Text-Generator/airflow_env/lib/python3.10/site-packages/airflow/example_dags/example_task_group.py
[2024-05-23T15:43:59.714+0700] {processor.py:830} INFO - Processing file /mnt/d/Programming/Vietnamese-Text-Generator/airflow_env/lib/python3.10/site-packages/airflow/example_dags/example_task_group.py for tasks to queue
[2024-05-23T15:43:59.717+0700] {logging_mixin.py:188} INFO - [2024-05-23T15:43:59.716+0700] {dagbag.py:540} INFO - Filling up the DagBag from /mnt/d/Programming/Vietnamese-Text-Generator/airflow_env/lib/python3.10/site-packages/airflow/example_dags/example_task_group.py
[2024-05-23T15:43:59.735+0700] {processor.py:840} INFO - DAG(s) 'example_task_group' retrieved from /mnt/d/Programming/Vietnamese-Text-Generator/airflow_env/lib/python3.10/site-packages/airflow/example_dags/example_task_group.py
[2024-05-23T15:43:59.763+0700] {logging_mixin.py:188} INFO - [2024-05-23T15:43:59.762+0700] {dag.py:3096} INFO - Sync 1 DAGs
[2024-05-23T15:43:59.791+0700] {logging_mixin.py:188} INFO - [2024-05-23T15:43:59.791+0700] {dag.py:3954} INFO - Setting next_dagrun for example_task_group to 2024-05-22 00:00:00+00:00, run_after=2024-05-23 00:00:00+00:00
[2024-05-23T15:43:59.847+0700] {processor.py:183} INFO - Processing /mnt/d/Programming/Vietnamese-Text-Generator/airflow_env/lib/python3.10/site-packages/airflow/example_dags/example_task_group.py took 0.145 seconds
[2024-05-23T15:45:12.084+0700] {processor.py:161} INFO - Started process (PID=1807) to work on /mnt/d/Programming/Vietnamese-Text-Generator/airflow_env/lib/python3.10/site-packages/airflow/example_dags/example_task_group.py
[2024-05-23T15:45:12.088+0700] {processor.py:830} INFO - Processing file /mnt/d/Programming/Vietnamese-Text-Generator/airflow_env/lib/python3.10/site-packages/airflow/example_dags/example_task_group.py for tasks to queue
[2024-05-23T15:45:12.092+0700] {logging_mixin.py:188} INFO - [2024-05-23T15:45:12.091+0700] {dagbag.py:540} INFO - Filling up the DagBag from /mnt/d/Programming/Vietnamese-Text-Generator/airflow_env/lib/python3.10/site-packages/airflow/example_dags/example_task_group.py
[2024-05-23T15:45:12.128+0700] {processor.py:840} INFO - DAG(s) 'example_task_group' retrieved from /mnt/d/Programming/Vietnamese-Text-Generator/airflow_env/lib/python3.10/site-packages/airflow/example_dags/example_task_group.py
[2024-05-23T15:45:12.161+0700] {logging_mixin.py:188} INFO - [2024-05-23T15:45:12.160+0700] {dag.py:3096} INFO - Sync 1 DAGs
[2024-05-23T15:45:12.198+0700] {logging_mixin.py:188} INFO - [2024-05-23T15:45:12.197+0700] {dag.py:3954} INFO - Setting next_dagrun for example_task_group to 2024-05-22 00:00:00+00:00, run_after=2024-05-23 00:00:00+00:00
[2024-05-23T15:45:12.252+0700] {processor.py:183} INFO - Processing /mnt/d/Programming/Vietnamese-Text-Generator/airflow_env/lib/python3.10/site-packages/airflow/example_dags/example_task_group.py took 0.186 seconds
[2024-05-23T15:46:25.969+0700] {processor.py:161} INFO - Started process (PID=2513) to work on /mnt/d/Programming/Vietnamese-Text-Generator/airflow_env/lib/python3.10/site-packages/airflow/example_dags/example_task_group.py
[2024-05-23T15:46:25.970+0700] {processor.py:830} INFO - Processing file /mnt/d/Programming/Vietnamese-Text-Generator/airflow_env/lib/python3.10/site-packages/airflow/example_dags/example_task_group.py for tasks to queue
[2024-05-23T15:46:25.973+0700] {logging_mixin.py:188} INFO - [2024-05-23T15:46:25.972+0700] {dagbag.py:540} INFO - Filling up the DagBag from /mnt/d/Programming/Vietnamese-Text-Generator/airflow_env/lib/python3.10/site-packages/airflow/example_dags/example_task_group.py
[2024-05-23T15:46:25.994+0700] {processor.py:840} INFO - DAG(s) 'example_task_group' retrieved from /mnt/d/Programming/Vietnamese-Text-Generator/airflow_env/lib/python3.10/site-packages/airflow/example_dags/example_task_group.py
[2024-05-23T15:46:26.028+0700] {logging_mixin.py:188} INFO - [2024-05-23T15:46:26.026+0700] {dag.py:3096} INFO - Sync 1 DAGs
[2024-05-23T15:46:26.063+0700] {logging_mixin.py:188} INFO - [2024-05-23T15:46:26.062+0700] {dag.py:3954} INFO - Setting next_dagrun for example_task_group to 2024-05-22 00:00:00+00:00, run_after=2024-05-23 00:00:00+00:00
[2024-05-23T15:46:26.130+0700] {processor.py:183} INFO - Processing /mnt/d/Programming/Vietnamese-Text-Generator/airflow_env/lib/python3.10/site-packages/airflow/example_dags/example_task_group.py took 0.172 seconds
[2024-05-23T15:47:31.343+0700] {processor.py:161} INFO - Started process (PID=2827) to work on /mnt/d/Programming/Vietnamese-Text-Generator/airflow_env/lib/python3.10/site-packages/airflow/example_dags/example_task_group.py
[2024-05-23T15:47:31.344+0700] {processor.py:830} INFO - Processing file /mnt/d/Programming/Vietnamese-Text-Generator/airflow_env/lib/python3.10/site-packages/airflow/example_dags/example_task_group.py for tasks to queue
[2024-05-23T15:47:31.347+0700] {logging_mixin.py:188} INFO - [2024-05-23T15:47:31.346+0700] {dagbag.py:540} INFO - Filling up the DagBag from /mnt/d/Programming/Vietnamese-Text-Generator/airflow_env/lib/python3.10/site-packages/airflow/example_dags/example_task_group.py
[2024-05-23T15:47:31.365+0700] {processor.py:840} INFO - DAG(s) 'example_task_group' retrieved from /mnt/d/Programming/Vietnamese-Text-Generator/airflow_env/lib/python3.10/site-packages/airflow/example_dags/example_task_group.py
[2024-05-23T15:47:31.396+0700] {logging_mixin.py:188} INFO - [2024-05-23T15:47:31.395+0700] {dag.py:3096} INFO - Sync 1 DAGs
[2024-05-23T15:47:31.428+0700] {logging_mixin.py:188} INFO - [2024-05-23T15:47:31.427+0700] {dag.py:3954} INFO - Setting next_dagrun for example_task_group to 2024-05-22 00:00:00+00:00, run_after=2024-05-23 00:00:00+00:00
[2024-05-23T15:47:31.495+0700] {processor.py:183} INFO - Processing /mnt/d/Programming/Vietnamese-Text-Generator/airflow_env/lib/python3.10/site-packages/airflow/example_dags/example_task_group.py took 0.168 seconds
[2024-05-23T15:54:46.169+0700] {processor.py:161} INFO - Started process (PID=4674) to work on /mnt/d/Programming/Vietnamese-Text-Generator/airflow_env/lib/python3.10/site-packages/airflow/example_dags/example_task_group.py
[2024-05-23T15:54:46.171+0700] {processor.py:830} INFO - Processing file /mnt/d/Programming/Vietnamese-Text-Generator/airflow_env/lib/python3.10/site-packages/airflow/example_dags/example_task_group.py for tasks to queue
[2024-05-23T15:54:46.173+0700] {logging_mixin.py:188} INFO - [2024-05-23T15:54:46.172+0700] {dagbag.py:540} INFO - Filling up the DagBag from /mnt/d/Programming/Vietnamese-Text-Generator/airflow_env/lib/python3.10/site-packages/airflow/example_dags/example_task_group.py
[2024-05-23T15:54:46.192+0700] {processor.py:840} INFO - DAG(s) 'example_task_group' retrieved from /mnt/d/Programming/Vietnamese-Text-Generator/airflow_env/lib/python3.10/site-packages/airflow/example_dags/example_task_group.py
[2024-05-23T15:54:46.229+0700] {logging_mixin.py:188} INFO - [2024-05-23T15:54:46.228+0700] {dag.py:3096} INFO - Sync 1 DAGs
[2024-05-23T15:54:46.260+0700] {logging_mixin.py:188} INFO - [2024-05-23T15:54:46.259+0700] {dag.py:3954} INFO - Setting next_dagrun for example_task_group to 2024-05-22 00:00:00+00:00, run_after=2024-05-23 00:00:00+00:00
[2024-05-23T15:54:46.311+0700] {processor.py:183} INFO - Processing /mnt/d/Programming/Vietnamese-Text-Generator/airflow_env/lib/python3.10/site-packages/airflow/example_dags/example_task_group.py took 0.153 seconds
[2024-05-23T15:55:51.964+0700] {processor.py:161} INFO - Started process (PID=4989) to work on /mnt/d/Programming/Vietnamese-Text-Generator/airflow_env/lib/python3.10/site-packages/airflow/example_dags/example_task_group.py
[2024-05-23T15:55:51.966+0700] {processor.py:830} INFO - Processing file /mnt/d/Programming/Vietnamese-Text-Generator/airflow_env/lib/python3.10/site-packages/airflow/example_dags/example_task_group.py for tasks to queue
[2024-05-23T15:55:51.968+0700] {logging_mixin.py:188} INFO - [2024-05-23T15:55:51.967+0700] {dagbag.py:540} INFO - Filling up the DagBag from /mnt/d/Programming/Vietnamese-Text-Generator/airflow_env/lib/python3.10/site-packages/airflow/example_dags/example_task_group.py
[2024-05-23T15:55:51.987+0700] {processor.py:840} INFO - DAG(s) 'example_task_group' retrieved from /mnt/d/Programming/Vietnamese-Text-Generator/airflow_env/lib/python3.10/site-packages/airflow/example_dags/example_task_group.py
[2024-05-23T15:55:52.018+0700] {logging_mixin.py:188} INFO - [2024-05-23T15:55:52.017+0700] {dag.py:3096} INFO - Sync 1 DAGs
[2024-05-23T15:55:52.046+0700] {logging_mixin.py:188} INFO - [2024-05-23T15:55:52.045+0700] {dag.py:3954} INFO - Setting next_dagrun for example_task_group to 2024-05-22 00:00:00+00:00, run_after=2024-05-23 00:00:00+00:00
[2024-05-23T15:55:52.095+0700] {processor.py:183} INFO - Processing /mnt/d/Programming/Vietnamese-Text-Generator/airflow_env/lib/python3.10/site-packages/airflow/example_dags/example_task_group.py took 0.144 seconds
[2024-05-23T15:57:00.048+0700] {processor.py:161} INFO - Started process (PID=5308) to work on /mnt/d/Programming/Vietnamese-Text-Generator/airflow_env/lib/python3.10/site-packages/airflow/example_dags/example_task_group.py
[2024-05-23T15:57:00.050+0700] {processor.py:830} INFO - Processing file /mnt/d/Programming/Vietnamese-Text-Generator/airflow_env/lib/python3.10/site-packages/airflow/example_dags/example_task_group.py for tasks to queue
[2024-05-23T15:57:00.053+0700] {logging_mixin.py:188} INFO - [2024-05-23T15:57:00.052+0700] {dagbag.py:540} INFO - Filling up the DagBag from /mnt/d/Programming/Vietnamese-Text-Generator/airflow_env/lib/python3.10/site-packages/airflow/example_dags/example_task_group.py
[2024-05-23T15:57:00.077+0700] {processor.py:840} INFO - DAG(s) 'example_task_group' retrieved from /mnt/d/Programming/Vietnamese-Text-Generator/airflow_env/lib/python3.10/site-packages/airflow/example_dags/example_task_group.py
[2024-05-23T15:57:00.110+0700] {logging_mixin.py:188} INFO - [2024-05-23T15:57:00.109+0700] {dag.py:3096} INFO - Sync 1 DAGs
[2024-05-23T15:57:00.138+0700] {logging_mixin.py:188} INFO - [2024-05-23T15:57:00.137+0700] {dag.py:3954} INFO - Setting next_dagrun for example_task_group to 2024-05-22 00:00:00+00:00, run_after=2024-05-23 00:00:00+00:00
[2024-05-23T15:57:00.197+0700] {processor.py:183} INFO - Processing /mnt/d/Programming/Vietnamese-Text-Generator/airflow_env/lib/python3.10/site-packages/airflow/example_dags/example_task_group.py took 0.164 seconds
[2024-05-23T15:58:09.226+0700] {processor.py:161} INFO - Started process (PID=5635) to work on /mnt/d/Programming/Vietnamese-Text-Generator/airflow_env/lib/python3.10/site-packages/airflow/example_dags/example_task_group.py
[2024-05-23T15:58:09.227+0700] {processor.py:830} INFO - Processing file /mnt/d/Programming/Vietnamese-Text-Generator/airflow_env/lib/python3.10/site-packages/airflow/example_dags/example_task_group.py for tasks to queue
[2024-05-23T15:58:09.229+0700] {logging_mixin.py:188} INFO - [2024-05-23T15:58:09.229+0700] {dagbag.py:540} INFO - Filling up the DagBag from /mnt/d/Programming/Vietnamese-Text-Generator/airflow_env/lib/python3.10/site-packages/airflow/example_dags/example_task_group.py
[2024-05-23T15:58:09.257+0700] {processor.py:840} INFO - DAG(s) 'example_task_group' retrieved from /mnt/d/Programming/Vietnamese-Text-Generator/airflow_env/lib/python3.10/site-packages/airflow/example_dags/example_task_group.py
[2024-05-23T15:58:09.293+0700] {logging_mixin.py:188} INFO - [2024-05-23T15:58:09.292+0700] {dag.py:3096} INFO - Sync 1 DAGs
[2024-05-23T15:58:09.328+0700] {logging_mixin.py:188} INFO - [2024-05-23T15:58:09.327+0700] {dag.py:3954} INFO - Setting next_dagrun for example_task_group to 2024-05-22 00:00:00+00:00, run_after=2024-05-23 00:00:00+00:00
[2024-05-23T15:58:09.406+0700] {processor.py:183} INFO - Processing /mnt/d/Programming/Vietnamese-Text-Generator/airflow_env/lib/python3.10/site-packages/airflow/example_dags/example_task_group.py took 0.195 seconds
[2024-05-23T15:59:22.480+0700] {processor.py:161} INFO - Started process (PID=5977) to work on /mnt/d/Programming/Vietnamese-Text-Generator/airflow_env/lib/python3.10/site-packages/airflow/example_dags/example_task_group.py
[2024-05-23T15:59:22.482+0700] {processor.py:830} INFO - Processing file /mnt/d/Programming/Vietnamese-Text-Generator/airflow_env/lib/python3.10/site-packages/airflow/example_dags/example_task_group.py for tasks to queue
[2024-05-23T15:59:22.484+0700] {logging_mixin.py:188} INFO - [2024-05-23T15:59:22.483+0700] {dagbag.py:540} INFO - Filling up the DagBag from /mnt/d/Programming/Vietnamese-Text-Generator/airflow_env/lib/python3.10/site-packages/airflow/example_dags/example_task_group.py
[2024-05-23T15:59:22.507+0700] {processor.py:840} INFO - DAG(s) 'example_task_group' retrieved from /mnt/d/Programming/Vietnamese-Text-Generator/airflow_env/lib/python3.10/site-packages/airflow/example_dags/example_task_group.py
[2024-05-23T15:59:22.549+0700] {logging_mixin.py:188} INFO - [2024-05-23T15:59:22.542+0700] {dag.py:3096} INFO - Sync 1 DAGs
[2024-05-23T15:59:22.591+0700] {logging_mixin.py:188} INFO - [2024-05-23T15:59:22.590+0700] {dag.py:3954} INFO - Setting next_dagrun for example_task_group to 2024-05-22 00:00:00+00:00, run_after=2024-05-23 00:00:00+00:00
[2024-05-23T15:59:22.656+0700] {processor.py:183} INFO - Processing /mnt/d/Programming/Vietnamese-Text-Generator/airflow_env/lib/python3.10/site-packages/airflow/example_dags/example_task_group.py took 0.187 seconds
[2024-05-23T16:00:30.821+0700] {processor.py:161} INFO - Started process (PID=6302) to work on /mnt/d/Programming/Vietnamese-Text-Generator/airflow_env/lib/python3.10/site-packages/airflow/example_dags/example_task_group.py
[2024-05-23T16:00:30.823+0700] {processor.py:830} INFO - Processing file /mnt/d/Programming/Vietnamese-Text-Generator/airflow_env/lib/python3.10/site-packages/airflow/example_dags/example_task_group.py for tasks to queue
[2024-05-23T16:00:30.825+0700] {logging_mixin.py:188} INFO - [2024-05-23T16:00:30.824+0700] {dagbag.py:540} INFO - Filling up the DagBag from /mnt/d/Programming/Vietnamese-Text-Generator/airflow_env/lib/python3.10/site-packages/airflow/example_dags/example_task_group.py
[2024-05-23T16:00:30.843+0700] {processor.py:840} INFO - DAG(s) 'example_task_group' retrieved from /mnt/d/Programming/Vietnamese-Text-Generator/airflow_env/lib/python3.10/site-packages/airflow/example_dags/example_task_group.py
[2024-05-23T16:00:30.873+0700] {logging_mixin.py:188} INFO - [2024-05-23T16:00:30.872+0700] {dag.py:3096} INFO - Sync 1 DAGs
[2024-05-23T16:00:30.901+0700] {logging_mixin.py:188} INFO - [2024-05-23T16:00:30.901+0700] {dag.py:3954} INFO - Setting next_dagrun for example_task_group to 2024-05-22 00:00:00+00:00, run_after=2024-05-23 00:00:00+00:00
[2024-05-23T16:00:30.952+0700] {processor.py:183} INFO - Processing /mnt/d/Programming/Vietnamese-Text-Generator/airflow_env/lib/python3.10/site-packages/airflow/example_dags/example_task_group.py took 0.144 seconds
[2024-05-23T16:01:35.293+0700] {processor.py:161} INFO - Started process (PID=6608) to work on /mnt/d/Programming/Vietnamese-Text-Generator/airflow_env/lib/python3.10/site-packages/airflow/example_dags/example_task_group.py
[2024-05-23T16:01:35.295+0700] {processor.py:830} INFO - Processing file /mnt/d/Programming/Vietnamese-Text-Generator/airflow_env/lib/python3.10/site-packages/airflow/example_dags/example_task_group.py for tasks to queue
[2024-05-23T16:01:35.297+0700] {logging_mixin.py:188} INFO - [2024-05-23T16:01:35.296+0700] {dagbag.py:540} INFO - Filling up the DagBag from /mnt/d/Programming/Vietnamese-Text-Generator/airflow_env/lib/python3.10/site-packages/airflow/example_dags/example_task_group.py
[2024-05-23T16:01:35.316+0700] {processor.py:840} INFO - DAG(s) 'example_task_group' retrieved from /mnt/d/Programming/Vietnamese-Text-Generator/airflow_env/lib/python3.10/site-packages/airflow/example_dags/example_task_group.py
[2024-05-23T16:01:35.349+0700] {logging_mixin.py:188} INFO - [2024-05-23T16:01:35.348+0700] {dag.py:3096} INFO - Sync 1 DAGs
[2024-05-23T16:01:35.380+0700] {logging_mixin.py:188} INFO - [2024-05-23T16:01:35.379+0700] {dag.py:3954} INFO - Setting next_dagrun for example_task_group to 2024-05-22 00:00:00+00:00, run_after=2024-05-23 00:00:00+00:00
[2024-05-23T16:01:35.445+0700] {processor.py:183} INFO - Processing /mnt/d/Programming/Vietnamese-Text-Generator/airflow_env/lib/python3.10/site-packages/airflow/example_dags/example_task_group.py took 0.164 seconds
[2024-05-23T16:02:43.330+0700] {processor.py:161} INFO - Started process (PID=6930) to work on /mnt/d/Programming/Vietnamese-Text-Generator/airflow_env/lib/python3.10/site-packages/airflow/example_dags/example_task_group.py
[2024-05-23T16:02:43.335+0700] {processor.py:830} INFO - Processing file /mnt/d/Programming/Vietnamese-Text-Generator/airflow_env/lib/python3.10/site-packages/airflow/example_dags/example_task_group.py for tasks to queue
[2024-05-23T16:02:43.339+0700] {logging_mixin.py:188} INFO - [2024-05-23T16:02:43.338+0700] {dagbag.py:540} INFO - Filling up the DagBag from /mnt/d/Programming/Vietnamese-Text-Generator/airflow_env/lib/python3.10/site-packages/airflow/example_dags/example_task_group.py
[2024-05-23T16:02:43.379+0700] {processor.py:840} INFO - DAG(s) 'example_task_group' retrieved from /mnt/d/Programming/Vietnamese-Text-Generator/airflow_env/lib/python3.10/site-packages/airflow/example_dags/example_task_group.py
[2024-05-23T16:02:43.425+0700] {logging_mixin.py:188} INFO - [2024-05-23T16:02:43.422+0700] {dag.py:3096} INFO - Sync 1 DAGs
[2024-05-23T16:02:43.471+0700] {logging_mixin.py:188} INFO - [2024-05-23T16:02:43.470+0700] {dag.py:3954} INFO - Setting next_dagrun for example_task_group to 2024-05-22 00:00:00+00:00, run_after=2024-05-23 00:00:00+00:00
[2024-05-23T16:02:43.552+0700] {processor.py:183} INFO - Processing /mnt/d/Programming/Vietnamese-Text-Generator/airflow_env/lib/python3.10/site-packages/airflow/example_dags/example_task_group.py took 0.251 seconds
[2024-05-23T16:03:58.879+0700] {processor.py:161} INFO - Started process (PID=7282) to work on /mnt/d/Programming/Vietnamese-Text-Generator/airflow_env/lib/python3.10/site-packages/airflow/example_dags/example_task_group.py
[2024-05-23T16:03:58.881+0700] {processor.py:830} INFO - Processing file /mnt/d/Programming/Vietnamese-Text-Generator/airflow_env/lib/python3.10/site-packages/airflow/example_dags/example_task_group.py for tasks to queue
[2024-05-23T16:03:58.884+0700] {logging_mixin.py:188} INFO - [2024-05-23T16:03:58.882+0700] {dagbag.py:540} INFO - Filling up the DagBag from /mnt/d/Programming/Vietnamese-Text-Generator/airflow_env/lib/python3.10/site-packages/airflow/example_dags/example_task_group.py
[2024-05-23T16:03:58.919+0700] {processor.py:840} INFO - DAG(s) 'example_task_group' retrieved from /mnt/d/Programming/Vietnamese-Text-Generator/airflow_env/lib/python3.10/site-packages/airflow/example_dags/example_task_group.py
[2024-05-23T16:03:58.955+0700] {logging_mixin.py:188} INFO - [2024-05-23T16:03:58.954+0700] {dag.py:3096} INFO - Sync 1 DAGs
[2024-05-23T16:03:58.987+0700] {logging_mixin.py:188} INFO - [2024-05-23T16:03:58.986+0700] {dag.py:3954} INFO - Setting next_dagrun for example_task_group to 2024-05-22 00:00:00+00:00, run_after=2024-05-23 00:00:00+00:00
[2024-05-23T16:03:59.061+0700] {processor.py:183} INFO - Processing /mnt/d/Programming/Vietnamese-Text-Generator/airflow_env/lib/python3.10/site-packages/airflow/example_dags/example_task_group.py took 0.201 seconds
[2024-05-23T16:35:04.357+0700] {processor.py:161} INFO - Started process (PID=17061) to work on /mnt/d/Programming/Vietnamese-Text-Generator/airflow_env/lib/python3.10/site-packages/airflow/example_dags/example_task_group.py
[2024-05-23T16:35:04.358+0700] {processor.py:830} INFO - Processing file /mnt/d/Programming/Vietnamese-Text-Generator/airflow_env/lib/python3.10/site-packages/airflow/example_dags/example_task_group.py for tasks to queue
[2024-05-23T16:35:04.360+0700] {logging_mixin.py:188} INFO - [2024-05-23T16:35:04.359+0700] {dagbag.py:540} INFO - Filling up the DagBag from /mnt/d/Programming/Vietnamese-Text-Generator/airflow_env/lib/python3.10/site-packages/airflow/example_dags/example_task_group.py
[2024-05-23T16:35:04.380+0700] {processor.py:840} INFO - DAG(s) 'example_task_group' retrieved from /mnt/d/Programming/Vietnamese-Text-Generator/airflow_env/lib/python3.10/site-packages/airflow/example_dags/example_task_group.py
[2024-05-23T16:35:04.423+0700] {logging_mixin.py:188} INFO - [2024-05-23T16:35:04.423+0700] {dag.py:3096} INFO - Sync 1 DAGs
[2024-05-23T16:35:04.453+0700] {logging_mixin.py:188} INFO - [2024-05-23T16:35:04.453+0700] {dag.py:3954} INFO - Setting next_dagrun for example_task_group to 2024-05-22 00:00:00+00:00, run_after=2024-05-23 00:00:00+00:00
[2024-05-23T16:35:04.509+0700] {processor.py:183} INFO - Processing /mnt/d/Programming/Vietnamese-Text-Generator/airflow_env/lib/python3.10/site-packages/airflow/example_dags/example_task_group.py took 0.164 seconds
[2024-05-23T16:36:11.470+0700] {processor.py:161} INFO - Started process (PID=17372) to work on /mnt/d/Programming/Vietnamese-Text-Generator/airflow_env/lib/python3.10/site-packages/airflow/example_dags/example_task_group.py
[2024-05-23T16:36:11.471+0700] {processor.py:830} INFO - Processing file /mnt/d/Programming/Vietnamese-Text-Generator/airflow_env/lib/python3.10/site-packages/airflow/example_dags/example_task_group.py for tasks to queue
[2024-05-23T16:36:11.473+0700] {logging_mixin.py:188} INFO - [2024-05-23T16:36:11.472+0700] {dagbag.py:540} INFO - Filling up the DagBag from /mnt/d/Programming/Vietnamese-Text-Generator/airflow_env/lib/python3.10/site-packages/airflow/example_dags/example_task_group.py
[2024-05-23T16:36:11.491+0700] {processor.py:840} INFO - DAG(s) 'example_task_group' retrieved from /mnt/d/Programming/Vietnamese-Text-Generator/airflow_env/lib/python3.10/site-packages/airflow/example_dags/example_task_group.py
[2024-05-23T16:36:11.523+0700] {logging_mixin.py:188} INFO - [2024-05-23T16:36:11.521+0700] {dag.py:3096} INFO - Sync 1 DAGs
[2024-05-23T16:36:11.555+0700] {logging_mixin.py:188} INFO - [2024-05-23T16:36:11.554+0700] {dag.py:3954} INFO - Setting next_dagrun for example_task_group to 2024-05-22 00:00:00+00:00, run_after=2024-05-23 00:00:00+00:00
[2024-05-23T16:36:11.609+0700] {processor.py:183} INFO - Processing /mnt/d/Programming/Vietnamese-Text-Generator/airflow_env/lib/python3.10/site-packages/airflow/example_dags/example_task_group.py took 0.150 seconds
[2024-05-23T16:37:26.609+0700] {processor.py:161} INFO - Started process (PID=17722) to work on /mnt/d/Programming/Vietnamese-Text-Generator/airflow_env/lib/python3.10/site-packages/airflow/example_dags/example_task_group.py
[2024-05-23T16:37:26.610+0700] {processor.py:830} INFO - Processing file /mnt/d/Programming/Vietnamese-Text-Generator/airflow_env/lib/python3.10/site-packages/airflow/example_dags/example_task_group.py for tasks to queue
[2024-05-23T16:37:26.612+0700] {logging_mixin.py:188} INFO - [2024-05-23T16:37:26.611+0700] {dagbag.py:540} INFO - Filling up the DagBag from /mnt/d/Programming/Vietnamese-Text-Generator/airflow_env/lib/python3.10/site-packages/airflow/example_dags/example_task_group.py
[2024-05-23T16:37:26.632+0700] {processor.py:840} INFO - DAG(s) 'example_task_group' retrieved from /mnt/d/Programming/Vietnamese-Text-Generator/airflow_env/lib/python3.10/site-packages/airflow/example_dags/example_task_group.py
[2024-05-23T16:37:26.668+0700] {logging_mixin.py:188} INFO - [2024-05-23T16:37:26.667+0700] {dag.py:3096} INFO - Sync 1 DAGs
[2024-05-23T16:37:26.698+0700] {logging_mixin.py:188} INFO - [2024-05-23T16:37:26.697+0700] {dag.py:3954} INFO - Setting next_dagrun for example_task_group to 2024-05-22 00:00:00+00:00, run_after=2024-05-23 00:00:00+00:00
[2024-05-23T16:37:26.767+0700] {processor.py:183} INFO - Processing /mnt/d/Programming/Vietnamese-Text-Generator/airflow_env/lib/python3.10/site-packages/airflow/example_dags/example_task_group.py took 0.170 seconds
[2024-05-23T16:49:51.914+0700] {processor.py:161} INFO - Started process (PID=20877) to work on /mnt/d/Programming/Vietnamese-Text-Generator/airflow_env/lib/python3.10/site-packages/airflow/example_dags/example_task_group.py
[2024-05-23T16:49:51.917+0700] {processor.py:830} INFO - Processing file /mnt/d/Programming/Vietnamese-Text-Generator/airflow_env/lib/python3.10/site-packages/airflow/example_dags/example_task_group.py for tasks to queue
[2024-05-23T16:49:51.923+0700] {logging_mixin.py:188} INFO - [2024-05-23T16:49:51.919+0700] {dagbag.py:540} INFO - Filling up the DagBag from /mnt/d/Programming/Vietnamese-Text-Generator/airflow_env/lib/python3.10/site-packages/airflow/example_dags/example_task_group.py
[2024-05-23T16:49:51.951+0700] {processor.py:840} INFO - DAG(s) 'example_task_group' retrieved from /mnt/d/Programming/Vietnamese-Text-Generator/airflow_env/lib/python3.10/site-packages/airflow/example_dags/example_task_group.py
[2024-05-23T16:49:51.991+0700] {logging_mixin.py:188} INFO - [2024-05-23T16:49:51.990+0700] {dag.py:3096} INFO - Sync 1 DAGs
[2024-05-23T16:49:52.022+0700] {logging_mixin.py:188} INFO - [2024-05-23T16:49:52.022+0700] {dag.py:3954} INFO - Setting next_dagrun for example_task_group to 2024-05-22 00:00:00+00:00, run_after=2024-05-23 00:00:00+00:00
[2024-05-23T16:49:52.090+0700] {processor.py:183} INFO - Processing /mnt/d/Programming/Vietnamese-Text-Generator/airflow_env/lib/python3.10/site-packages/airflow/example_dags/example_task_group.py took 0.189 seconds
[2024-05-23T16:51:07.280+0700] {processor.py:161} INFO - Started process (PID=21229) to work on /mnt/d/Programming/Vietnamese-Text-Generator/airflow_env/lib/python3.10/site-packages/airflow/example_dags/example_task_group.py
[2024-05-23T16:51:07.283+0700] {processor.py:830} INFO - Processing file /mnt/d/Programming/Vietnamese-Text-Generator/airflow_env/lib/python3.10/site-packages/airflow/example_dags/example_task_group.py for tasks to queue
[2024-05-23T16:51:07.285+0700] {logging_mixin.py:188} INFO - [2024-05-23T16:51:07.284+0700] {dagbag.py:540} INFO - Filling up the DagBag from /mnt/d/Programming/Vietnamese-Text-Generator/airflow_env/lib/python3.10/site-packages/airflow/example_dags/example_task_group.py
[2024-05-23T16:51:07.308+0700] {processor.py:840} INFO - DAG(s) 'example_task_group' retrieved from /mnt/d/Programming/Vietnamese-Text-Generator/airflow_env/lib/python3.10/site-packages/airflow/example_dags/example_task_group.py
[2024-05-23T16:51:07.345+0700] {logging_mixin.py:188} INFO - [2024-05-23T16:51:07.344+0700] {dag.py:3096} INFO - Sync 1 DAGs
[2024-05-23T16:51:07.381+0700] {logging_mixin.py:188} INFO - [2024-05-23T16:51:07.380+0700] {dag.py:3954} INFO - Setting next_dagrun for example_task_group to 2024-05-22 00:00:00+00:00, run_after=2024-05-23 00:00:00+00:00
[2024-05-23T16:51:07.441+0700] {processor.py:183} INFO - Processing /mnt/d/Programming/Vietnamese-Text-Generator/airflow_env/lib/python3.10/site-packages/airflow/example_dags/example_task_group.py took 0.179 seconds
[2024-05-23T16:52:21.114+0700] {processor.py:161} INFO - Started process (PID=21572) to work on /mnt/d/Programming/Vietnamese-Text-Generator/airflow_env/lib/python3.10/site-packages/airflow/example_dags/example_task_group.py
[2024-05-23T16:52:21.116+0700] {processor.py:830} INFO - Processing file /mnt/d/Programming/Vietnamese-Text-Generator/airflow_env/lib/python3.10/site-packages/airflow/example_dags/example_task_group.py for tasks to queue
[2024-05-23T16:52:21.119+0700] {logging_mixin.py:188} INFO - [2024-05-23T16:52:21.118+0700] {dagbag.py:540} INFO - Filling up the DagBag from /mnt/d/Programming/Vietnamese-Text-Generator/airflow_env/lib/python3.10/site-packages/airflow/example_dags/example_task_group.py
[2024-05-23T16:52:21.137+0700] {processor.py:840} INFO - DAG(s) 'example_task_group' retrieved from /mnt/d/Programming/Vietnamese-Text-Generator/airflow_env/lib/python3.10/site-packages/airflow/example_dags/example_task_group.py
[2024-05-23T16:52:21.168+0700] {logging_mixin.py:188} INFO - [2024-05-23T16:52:21.167+0700] {dag.py:3096} INFO - Sync 1 DAGs
[2024-05-23T16:52:21.197+0700] {logging_mixin.py:188} INFO - [2024-05-23T16:52:21.197+0700] {dag.py:3954} INFO - Setting next_dagrun for example_task_group to 2024-05-22 00:00:00+00:00, run_after=2024-05-23 00:00:00+00:00
[2024-05-23T16:52:21.253+0700] {processor.py:183} INFO - Processing /mnt/d/Programming/Vietnamese-Text-Generator/airflow_env/lib/python3.10/site-packages/airflow/example_dags/example_task_group.py took 0.151 seconds
[2024-05-23T16:53:32.821+0700] {processor.py:161} INFO - Started process (PID=21907) to work on /mnt/d/Programming/Vietnamese-Text-Generator/airflow_env/lib/python3.10/site-packages/airflow/example_dags/example_task_group.py
[2024-05-23T16:53:32.824+0700] {processor.py:830} INFO - Processing file /mnt/d/Programming/Vietnamese-Text-Generator/airflow_env/lib/python3.10/site-packages/airflow/example_dags/example_task_group.py for tasks to queue
[2024-05-23T16:53:32.829+0700] {logging_mixin.py:188} INFO - [2024-05-23T16:53:32.827+0700] {dagbag.py:540} INFO - Filling up the DagBag from /mnt/d/Programming/Vietnamese-Text-Generator/airflow_env/lib/python3.10/site-packages/airflow/example_dags/example_task_group.py
[2024-05-23T16:53:32.860+0700] {processor.py:840} INFO - DAG(s) 'example_task_group' retrieved from /mnt/d/Programming/Vietnamese-Text-Generator/airflow_env/lib/python3.10/site-packages/airflow/example_dags/example_task_group.py
[2024-05-23T16:53:32.914+0700] {logging_mixin.py:188} INFO - [2024-05-23T16:53:32.913+0700] {dag.py:3096} INFO - Sync 1 DAGs
[2024-05-23T16:53:32.971+0700] {logging_mixin.py:188} INFO - [2024-05-23T16:53:32.970+0700] {dag.py:3954} INFO - Setting next_dagrun for example_task_group to 2024-05-22 00:00:00+00:00, run_after=2024-05-23 00:00:00+00:00
[2024-05-23T16:53:33.029+0700] {processor.py:183} INFO - Processing /mnt/d/Programming/Vietnamese-Text-Generator/airflow_env/lib/python3.10/site-packages/airflow/example_dags/example_task_group.py took 0.225 seconds
[2024-05-23T16:54:43.907+0700] {processor.py:161} INFO - Started process (PID=22237) to work on /mnt/d/Programming/Vietnamese-Text-Generator/airflow_env/lib/python3.10/site-packages/airflow/example_dags/example_task_group.py
[2024-05-23T16:54:43.909+0700] {processor.py:830} INFO - Processing file /mnt/d/Programming/Vietnamese-Text-Generator/airflow_env/lib/python3.10/site-packages/airflow/example_dags/example_task_group.py for tasks to queue
[2024-05-23T16:54:43.912+0700] {logging_mixin.py:188} INFO - [2024-05-23T16:54:43.911+0700] {dagbag.py:540} INFO - Filling up the DagBag from /mnt/d/Programming/Vietnamese-Text-Generator/airflow_env/lib/python3.10/site-packages/airflow/example_dags/example_task_group.py
[2024-05-23T16:54:43.931+0700] {processor.py:840} INFO - DAG(s) 'example_task_group' retrieved from /mnt/d/Programming/Vietnamese-Text-Generator/airflow_env/lib/python3.10/site-packages/airflow/example_dags/example_task_group.py
[2024-05-23T16:54:43.961+0700] {logging_mixin.py:188} INFO - [2024-05-23T16:54:43.960+0700] {dag.py:3096} INFO - Sync 1 DAGs
[2024-05-23T16:54:43.988+0700] {logging_mixin.py:188} INFO - [2024-05-23T16:54:43.987+0700] {dag.py:3954} INFO - Setting next_dagrun for example_task_group to 2024-05-22 00:00:00+00:00, run_after=2024-05-23 00:00:00+00:00
[2024-05-23T16:54:44.053+0700] {processor.py:183} INFO - Processing /mnt/d/Programming/Vietnamese-Text-Generator/airflow_env/lib/python3.10/site-packages/airflow/example_dags/example_task_group.py took 0.156 seconds
[2024-05-23T16:55:51.282+0700] {processor.py:161} INFO - Started process (PID=22555) to work on /mnt/d/Programming/Vietnamese-Text-Generator/airflow_env/lib/python3.10/site-packages/airflow/example_dags/example_task_group.py
[2024-05-23T16:55:51.284+0700] {processor.py:830} INFO - Processing file /mnt/d/Programming/Vietnamese-Text-Generator/airflow_env/lib/python3.10/site-packages/airflow/example_dags/example_task_group.py for tasks to queue
[2024-05-23T16:55:51.288+0700] {logging_mixin.py:188} INFO - [2024-05-23T16:55:51.286+0700] {dagbag.py:540} INFO - Filling up the DagBag from /mnt/d/Programming/Vietnamese-Text-Generator/airflow_env/lib/python3.10/site-packages/airflow/example_dags/example_task_group.py
[2024-05-23T16:55:51.310+0700] {processor.py:840} INFO - DAG(s) 'example_task_group' retrieved from /mnt/d/Programming/Vietnamese-Text-Generator/airflow_env/lib/python3.10/site-packages/airflow/example_dags/example_task_group.py
[2024-05-23T16:55:51.344+0700] {logging_mixin.py:188} INFO - [2024-05-23T16:55:51.343+0700] {dag.py:3096} INFO - Sync 1 DAGs
[2024-05-23T16:55:51.374+0700] {logging_mixin.py:188} INFO - [2024-05-23T16:55:51.373+0700] {dag.py:3954} INFO - Setting next_dagrun for example_task_group to 2024-05-22 00:00:00+00:00, run_after=2024-05-23 00:00:00+00:00
[2024-05-23T16:55:51.438+0700] {processor.py:183} INFO - Processing /mnt/d/Programming/Vietnamese-Text-Generator/airflow_env/lib/python3.10/site-packages/airflow/example_dags/example_task_group.py took 0.168 seconds
[2024-05-23T16:57:00.416+0700] {processor.py:161} INFO - Started process (PID=22878) to work on /mnt/d/Programming/Vietnamese-Text-Generator/airflow_env/lib/python3.10/site-packages/airflow/example_dags/example_task_group.py
[2024-05-23T16:57:00.419+0700] {processor.py:830} INFO - Processing file /mnt/d/Programming/Vietnamese-Text-Generator/airflow_env/lib/python3.10/site-packages/airflow/example_dags/example_task_group.py for tasks to queue
[2024-05-23T16:57:00.422+0700] {logging_mixin.py:188} INFO - [2024-05-23T16:57:00.421+0700] {dagbag.py:540} INFO - Filling up the DagBag from /mnt/d/Programming/Vietnamese-Text-Generator/airflow_env/lib/python3.10/site-packages/airflow/example_dags/example_task_group.py
[2024-05-23T16:57:00.442+0700] {processor.py:840} INFO - DAG(s) 'example_task_group' retrieved from /mnt/d/Programming/Vietnamese-Text-Generator/airflow_env/lib/python3.10/site-packages/airflow/example_dags/example_task_group.py
[2024-05-23T16:57:00.477+0700] {logging_mixin.py:188} INFO - [2024-05-23T16:57:00.476+0700] {dag.py:3096} INFO - Sync 1 DAGs
[2024-05-23T16:57:00.511+0700] {logging_mixin.py:188} INFO - [2024-05-23T16:57:00.510+0700] {dag.py:3954} INFO - Setting next_dagrun for example_task_group to 2024-05-22 00:00:00+00:00, run_after=2024-05-23 00:00:00+00:00
[2024-05-23T16:57:00.574+0700] {processor.py:183} INFO - Processing /mnt/d/Programming/Vietnamese-Text-Generator/airflow_env/lib/python3.10/site-packages/airflow/example_dags/example_task_group.py took 0.174 seconds
[2024-05-23T16:58:08.162+0700] {processor.py:161} INFO - Started process (PID=23195) to work on /mnt/d/Programming/Vietnamese-Text-Generator/airflow_env/lib/python3.10/site-packages/airflow/example_dags/example_task_group.py
[2024-05-23T16:58:08.165+0700] {processor.py:830} INFO - Processing file /mnt/d/Programming/Vietnamese-Text-Generator/airflow_env/lib/python3.10/site-packages/airflow/example_dags/example_task_group.py for tasks to queue
[2024-05-23T16:58:08.169+0700] {logging_mixin.py:188} INFO - [2024-05-23T16:58:08.167+0700] {dagbag.py:540} INFO - Filling up the DagBag from /mnt/d/Programming/Vietnamese-Text-Generator/airflow_env/lib/python3.10/site-packages/airflow/example_dags/example_task_group.py
[2024-05-23T16:58:08.192+0700] {processor.py:840} INFO - DAG(s) 'example_task_group' retrieved from /mnt/d/Programming/Vietnamese-Text-Generator/airflow_env/lib/python3.10/site-packages/airflow/example_dags/example_task_group.py
[2024-05-23T16:58:08.226+0700] {logging_mixin.py:188} INFO - [2024-05-23T16:58:08.225+0700] {dag.py:3096} INFO - Sync 1 DAGs
[2024-05-23T16:58:08.259+0700] {logging_mixin.py:188} INFO - [2024-05-23T16:58:08.258+0700] {dag.py:3954} INFO - Setting next_dagrun for example_task_group to 2024-05-22 00:00:00+00:00, run_after=2024-05-23 00:00:00+00:00
[2024-05-23T16:58:08.323+0700] {processor.py:183} INFO - Processing /mnt/d/Programming/Vietnamese-Text-Generator/airflow_env/lib/python3.10/site-packages/airflow/example_dags/example_task_group.py took 0.181 seconds
[2024-05-23T16:59:18.006+0700] {processor.py:161} INFO - Started process (PID=23522) to work on /mnt/d/Programming/Vietnamese-Text-Generator/airflow_env/lib/python3.10/site-packages/airflow/example_dags/example_task_group.py
[2024-05-23T16:59:18.009+0700] {processor.py:830} INFO - Processing file /mnt/d/Programming/Vietnamese-Text-Generator/airflow_env/lib/python3.10/site-packages/airflow/example_dags/example_task_group.py for tasks to queue
[2024-05-23T16:59:18.012+0700] {logging_mixin.py:188} INFO - [2024-05-23T16:59:18.011+0700] {dagbag.py:540} INFO - Filling up the DagBag from /mnt/d/Programming/Vietnamese-Text-Generator/airflow_env/lib/python3.10/site-packages/airflow/example_dags/example_task_group.py
[2024-05-23T16:59:18.033+0700] {processor.py:840} INFO - DAG(s) 'example_task_group' retrieved from /mnt/d/Programming/Vietnamese-Text-Generator/airflow_env/lib/python3.10/site-packages/airflow/example_dags/example_task_group.py
[2024-05-23T16:59:18.067+0700] {logging_mixin.py:188} INFO - [2024-05-23T16:59:18.066+0700] {dag.py:3096} INFO - Sync 1 DAGs
[2024-05-23T16:59:18.097+0700] {logging_mixin.py:188} INFO - [2024-05-23T16:59:18.096+0700] {dag.py:3954} INFO - Setting next_dagrun for example_task_group to 2024-05-22 00:00:00+00:00, run_after=2024-05-23 00:00:00+00:00
[2024-05-23T16:59:18.155+0700] {processor.py:183} INFO - Processing /mnt/d/Programming/Vietnamese-Text-Generator/airflow_env/lib/python3.10/site-packages/airflow/example_dags/example_task_group.py took 0.165 seconds
[2024-05-23T17:00:28.182+0700] {processor.py:161} INFO - Started process (PID=23850) to work on /mnt/d/Programming/Vietnamese-Text-Generator/airflow_env/lib/python3.10/site-packages/airflow/example_dags/example_task_group.py
[2024-05-23T17:00:28.184+0700] {processor.py:830} INFO - Processing file /mnt/d/Programming/Vietnamese-Text-Generator/airflow_env/lib/python3.10/site-packages/airflow/example_dags/example_task_group.py for tasks to queue
[2024-05-23T17:00:28.186+0700] {logging_mixin.py:188} INFO - [2024-05-23T17:00:28.185+0700] {dagbag.py:540} INFO - Filling up the DagBag from /mnt/d/Programming/Vietnamese-Text-Generator/airflow_env/lib/python3.10/site-packages/airflow/example_dags/example_task_group.py
[2024-05-23T17:00:28.206+0700] {processor.py:840} INFO - DAG(s) 'example_task_group' retrieved from /mnt/d/Programming/Vietnamese-Text-Generator/airflow_env/lib/python3.10/site-packages/airflow/example_dags/example_task_group.py
[2024-05-23T17:00:28.241+0700] {logging_mixin.py:188} INFO - [2024-05-23T17:00:28.240+0700] {dag.py:3096} INFO - Sync 1 DAGs
[2024-05-23T17:00:28.272+0700] {logging_mixin.py:188} INFO - [2024-05-23T17:00:28.271+0700] {dag.py:3954} INFO - Setting next_dagrun for example_task_group to 2024-05-22 00:00:00+00:00, run_after=2024-05-23 00:00:00+00:00
[2024-05-23T17:00:28.325+0700] {processor.py:183} INFO - Processing /mnt/d/Programming/Vietnamese-Text-Generator/airflow_env/lib/python3.10/site-packages/airflow/example_dags/example_task_group.py took 0.154 seconds
[2024-05-23T17:01:36.938+0700] {processor.py:161} INFO - Started process (PID=24169) to work on /mnt/d/Programming/Vietnamese-Text-Generator/airflow_env/lib/python3.10/site-packages/airflow/example_dags/example_task_group.py
[2024-05-23T17:01:36.941+0700] {processor.py:830} INFO - Processing file /mnt/d/Programming/Vietnamese-Text-Generator/airflow_env/lib/python3.10/site-packages/airflow/example_dags/example_task_group.py for tasks to queue
[2024-05-23T17:01:36.943+0700] {logging_mixin.py:188} INFO - [2024-05-23T17:01:36.942+0700] {dagbag.py:540} INFO - Filling up the DagBag from /mnt/d/Programming/Vietnamese-Text-Generator/airflow_env/lib/python3.10/site-packages/airflow/example_dags/example_task_group.py
[2024-05-23T17:01:36.963+0700] {processor.py:840} INFO - DAG(s) 'example_task_group' retrieved from /mnt/d/Programming/Vietnamese-Text-Generator/airflow_env/lib/python3.10/site-packages/airflow/example_dags/example_task_group.py
[2024-05-23T17:01:36.999+0700] {logging_mixin.py:188} INFO - [2024-05-23T17:01:36.998+0700] {dag.py:3096} INFO - Sync 1 DAGs
[2024-05-23T17:01:37.032+0700] {logging_mixin.py:188} INFO - [2024-05-23T17:01:37.031+0700] {dag.py:3954} INFO - Setting next_dagrun for example_task_group to 2024-05-22 00:00:00+00:00, run_after=2024-05-23 00:00:00+00:00
[2024-05-23T17:01:37.088+0700] {processor.py:183} INFO - Processing /mnt/d/Programming/Vietnamese-Text-Generator/airflow_env/lib/python3.10/site-packages/airflow/example_dags/example_task_group.py took 0.161 seconds
[2024-05-23T17:02:48.438+0700] {processor.py:161} INFO - Started process (PID=24500) to work on /mnt/d/Programming/Vietnamese-Text-Generator/airflow_env/lib/python3.10/site-packages/airflow/example_dags/example_task_group.py
[2024-05-23T17:02:48.441+0700] {processor.py:830} INFO - Processing file /mnt/d/Programming/Vietnamese-Text-Generator/airflow_env/lib/python3.10/site-packages/airflow/example_dags/example_task_group.py for tasks to queue
[2024-05-23T17:02:48.444+0700] {logging_mixin.py:188} INFO - [2024-05-23T17:02:48.443+0700] {dagbag.py:540} INFO - Filling up the DagBag from /mnt/d/Programming/Vietnamese-Text-Generator/airflow_env/lib/python3.10/site-packages/airflow/example_dags/example_task_group.py
[2024-05-23T17:02:48.467+0700] {processor.py:840} INFO - DAG(s) 'example_task_group' retrieved from /mnt/d/Programming/Vietnamese-Text-Generator/airflow_env/lib/python3.10/site-packages/airflow/example_dags/example_task_group.py
[2024-05-23T17:02:48.503+0700] {logging_mixin.py:188} INFO - [2024-05-23T17:02:48.502+0700] {dag.py:3096} INFO - Sync 1 DAGs
[2024-05-23T17:02:48.533+0700] {logging_mixin.py:188} INFO - [2024-05-23T17:02:48.532+0700] {dag.py:3954} INFO - Setting next_dagrun for example_task_group to 2024-05-22 00:00:00+00:00, run_after=2024-05-23 00:00:00+00:00
[2024-05-23T17:02:48.582+0700] {processor.py:183} INFO - Processing /mnt/d/Programming/Vietnamese-Text-Generator/airflow_env/lib/python3.10/site-packages/airflow/example_dags/example_task_group.py took 0.159 seconds
[2024-05-23T17:03:55.064+0700] {processor.py:161} INFO - Started process (PID=24811) to work on /mnt/d/Programming/Vietnamese-Text-Generator/airflow_env/lib/python3.10/site-packages/airflow/example_dags/example_task_group.py
[2024-05-23T17:03:55.066+0700] {processor.py:830} INFO - Processing file /mnt/d/Programming/Vietnamese-Text-Generator/airflow_env/lib/python3.10/site-packages/airflow/example_dags/example_task_group.py for tasks to queue
[2024-05-23T17:03:55.069+0700] {logging_mixin.py:188} INFO - [2024-05-23T17:03:55.067+0700] {dagbag.py:540} INFO - Filling up the DagBag from /mnt/d/Programming/Vietnamese-Text-Generator/airflow_env/lib/python3.10/site-packages/airflow/example_dags/example_task_group.py
[2024-05-23T17:03:55.086+0700] {processor.py:840} INFO - DAG(s) 'example_task_group' retrieved from /mnt/d/Programming/Vietnamese-Text-Generator/airflow_env/lib/python3.10/site-packages/airflow/example_dags/example_task_group.py
[2024-05-23T17:03:55.120+0700] {logging_mixin.py:188} INFO - [2024-05-23T17:03:55.119+0700] {dag.py:3096} INFO - Sync 1 DAGs
[2024-05-23T17:03:55.151+0700] {logging_mixin.py:188} INFO - [2024-05-23T17:03:55.151+0700] {dag.py:3954} INFO - Setting next_dagrun for example_task_group to 2024-05-22 00:00:00+00:00, run_after=2024-05-23 00:00:00+00:00
[2024-05-23T17:03:55.219+0700] {processor.py:183} INFO - Processing /mnt/d/Programming/Vietnamese-Text-Generator/airflow_env/lib/python3.10/site-packages/airflow/example_dags/example_task_group.py took 0.167 seconds
