[2024-05-23T15:43:24.826+0700] {processor.py:161} INFO - Started process (PID=1282) to work on /mnt/d/Programming/Vietnamese-Text-Generator/airflow_env/lib/python3.10/site-packages/airflow/example_dags/example_branch_python_dop_operator_3.py
[2024-05-23T15:43:24.828+0700] {processor.py:830} INFO - Processing file /mnt/d/Programming/Vietnamese-Text-Generator/airflow_env/lib/python3.10/site-packages/airflow/example_dags/example_branch_python_dop_operator_3.py for tasks to queue
[2024-05-23T15:43:24.834+0700] {logging_mixin.py:188} INFO - [2024-05-23T15:43:24.833+0700] {dagbag.py:540} INFO - Filling up the DagBag from /mnt/d/Programming/Vietnamese-Text-Generator/airflow_env/lib/python3.10/site-packages/airflow/example_dags/example_branch_python_dop_operator_3.py
[2024-05-23T15:43:24.871+0700] {processor.py:840} INFO - DAG(s) 'example_branch_dop_operator_v3' retrieved from /mnt/d/Programming/Vietnamese-Text-Generator/airflow_env/lib/python3.10/site-packages/airflow/example_dags/example_branch_python_dop_operator_3.py
[2024-05-23T15:43:24.912+0700] {logging_mixin.py:188} INFO - [2024-05-23T15:43:24.911+0700] {dag.py:3096} INFO - Sync 1 DAGs
[2024-05-23T15:43:24.964+0700] {logging_mixin.py:188} INFO - [2024-05-23T15:43:24.963+0700] {dag.py:3954} INFO - Setting next_dagrun for example_branch_dop_operator_v3 to 2024-05-23 08:42:00+00:00, run_after=2024-05-23 08:43:00+00:00
[2024-05-23T15:43:25.038+0700] {processor.py:183} INFO - Processing /mnt/d/Programming/Vietnamese-Text-Generator/airflow_env/lib/python3.10/site-packages/airflow/example_dags/example_branch_python_dop_operator_3.py took 0.228 seconds
[2024-05-23T15:44:52.040+0700] {processor.py:161} INFO - Started process (PID=1707) to work on /mnt/d/Programming/Vietnamese-Text-Generator/airflow_env/lib/python3.10/site-packages/airflow/example_dags/example_branch_python_dop_operator_3.py
[2024-05-23T15:44:52.042+0700] {processor.py:830} INFO - Processing file /mnt/d/Programming/Vietnamese-Text-Generator/airflow_env/lib/python3.10/site-packages/airflow/example_dags/example_branch_python_dop_operator_3.py for tasks to queue
[2024-05-23T15:44:52.046+0700] {logging_mixin.py:188} INFO - [2024-05-23T15:44:52.044+0700] {dagbag.py:540} INFO - Filling up the DagBag from /mnt/d/Programming/Vietnamese-Text-Generator/airflow_env/lib/python3.10/site-packages/airflow/example_dags/example_branch_python_dop_operator_3.py
[2024-05-23T15:44:52.070+0700] {processor.py:840} INFO - DAG(s) 'example_branch_dop_operator_v3' retrieved from /mnt/d/Programming/Vietnamese-Text-Generator/airflow_env/lib/python3.10/site-packages/airflow/example_dags/example_branch_python_dop_operator_3.py
[2024-05-23T15:44:52.101+0700] {logging_mixin.py:188} INFO - [2024-05-23T15:44:52.100+0700] {dag.py:3096} INFO - Sync 1 DAGs
[2024-05-23T15:44:52.140+0700] {logging_mixin.py:188} INFO - [2024-05-23T15:44:52.139+0700] {dag.py:3954} INFO - Setting next_dagrun for example_branch_dop_operator_v3 to 2024-05-23 08:43:00+00:00, run_after=2024-05-23 08:44:00+00:00
[2024-05-23T15:44:52.217+0700] {processor.py:183} INFO - Processing /mnt/d/Programming/Vietnamese-Text-Generator/airflow_env/lib/python3.10/site-packages/airflow/example_dags/example_branch_python_dop_operator_3.py took 0.188 seconds
[2024-05-23T15:46:02.939+0700] {processor.py:161} INFO - Started process (PID=2238) to work on /mnt/d/Programming/Vietnamese-Text-Generator/airflow_env/lib/python3.10/site-packages/airflow/example_dags/example_branch_python_dop_operator_3.py
[2024-05-23T15:46:02.941+0700] {processor.py:830} INFO - Processing file /mnt/d/Programming/Vietnamese-Text-Generator/airflow_env/lib/python3.10/site-packages/airflow/example_dags/example_branch_python_dop_operator_3.py for tasks to queue
[2024-05-23T15:46:02.944+0700] {logging_mixin.py:188} INFO - [2024-05-23T15:46:02.943+0700] {dagbag.py:540} INFO - Filling up the DagBag from /mnt/d/Programming/Vietnamese-Text-Generator/airflow_env/lib/python3.10/site-packages/airflow/example_dags/example_branch_python_dop_operator_3.py
[2024-05-23T15:46:02.966+0700] {processor.py:840} INFO - DAG(s) 'example_branch_dop_operator_v3' retrieved from /mnt/d/Programming/Vietnamese-Text-Generator/airflow_env/lib/python3.10/site-packages/airflow/example_dags/example_branch_python_dop_operator_3.py
[2024-05-23T15:46:02.997+0700] {logging_mixin.py:188} INFO - [2024-05-23T15:46:02.996+0700] {dag.py:3096} INFO - Sync 1 DAGs
[2024-05-23T15:46:03.037+0700] {logging_mixin.py:188} INFO - [2024-05-23T15:46:03.037+0700] {dag.py:3954} INFO - Setting next_dagrun for example_branch_dop_operator_v3 to 2024-05-23 08:45:00+00:00, run_after=2024-05-23 08:46:00+00:00
[2024-05-23T15:46:03.090+0700] {processor.py:183} INFO - Processing /mnt/d/Programming/Vietnamese-Text-Generator/airflow_env/lib/python3.10/site-packages/airflow/example_dags/example_branch_python_dop_operator_3.py took 0.162 seconds
[2024-05-23T15:47:12.216+0700] {processor.py:161} INFO - Started process (PID=2736) to work on /mnt/d/Programming/Vietnamese-Text-Generator/airflow_env/lib/python3.10/site-packages/airflow/example_dags/example_branch_python_dop_operator_3.py
[2024-05-23T15:47:12.218+0700] {processor.py:830} INFO - Processing file /mnt/d/Programming/Vietnamese-Text-Generator/airflow_env/lib/python3.10/site-packages/airflow/example_dags/example_branch_python_dop_operator_3.py for tasks to queue
[2024-05-23T15:47:12.222+0700] {logging_mixin.py:188} INFO - [2024-05-23T15:47:12.221+0700] {dagbag.py:540} INFO - Filling up the DagBag from /mnt/d/Programming/Vietnamese-Text-Generator/airflow_env/lib/python3.10/site-packages/airflow/example_dags/example_branch_python_dop_operator_3.py
[2024-05-23T15:47:12.246+0700] {processor.py:840} INFO - DAG(s) 'example_branch_dop_operator_v3' retrieved from /mnt/d/Programming/Vietnamese-Text-Generator/airflow_env/lib/python3.10/site-packages/airflow/example_dags/example_branch_python_dop_operator_3.py
[2024-05-23T15:47:12.275+0700] {logging_mixin.py:188} INFO - [2024-05-23T15:47:12.274+0700] {dag.py:3096} INFO - Sync 1 DAGs
[2024-05-23T15:47:12.315+0700] {logging_mixin.py:188} INFO - [2024-05-23T15:47:12.314+0700] {dag.py:3954} INFO - Setting next_dagrun for example_branch_dop_operator_v3 to 2024-05-23 08:46:00+00:00, run_after=2024-05-23 08:47:00+00:00
[2024-05-23T15:47:12.371+0700] {processor.py:183} INFO - Processing /mnt/d/Programming/Vietnamese-Text-Generator/airflow_env/lib/python3.10/site-packages/airflow/example_dags/example_branch_python_dop_operator_3.py took 0.167 seconds
[2024-05-23T15:55:23.352+0700] {processor.py:161} INFO - Started process (PID=4850) to work on /mnt/d/Programming/Vietnamese-Text-Generator/airflow_env/lib/python3.10/site-packages/airflow/example_dags/example_branch_python_dop_operator_3.py
[2024-05-23T15:55:23.354+0700] {processor.py:830} INFO - Processing file /mnt/d/Programming/Vietnamese-Text-Generator/airflow_env/lib/python3.10/site-packages/airflow/example_dags/example_branch_python_dop_operator_3.py for tasks to queue
[2024-05-23T15:55:23.358+0700] {logging_mixin.py:188} INFO - [2024-05-23T15:55:23.356+0700] {dagbag.py:540} INFO - Filling up the DagBag from /mnt/d/Programming/Vietnamese-Text-Generator/airflow_env/lib/python3.10/site-packages/airflow/example_dags/example_branch_python_dop_operator_3.py
[2024-05-23T15:55:23.393+0700] {processor.py:840} INFO - DAG(s) 'example_branch_dop_operator_v3' retrieved from /mnt/d/Programming/Vietnamese-Text-Generator/airflow_env/lib/python3.10/site-packages/airflow/example_dags/example_branch_python_dop_operator_3.py
[2024-05-23T15:55:23.431+0700] {logging_mixin.py:188} INFO - [2024-05-23T15:55:23.430+0700] {dag.py:3096} INFO - Sync 1 DAGs
[2024-05-23T15:55:23.480+0700] {logging_mixin.py:188} INFO - [2024-05-23T15:55:23.479+0700] {dag.py:3954} INFO - Setting next_dagrun for example_branch_dop_operator_v3 to 2024-05-23 08:54:00+00:00, run_after=2024-05-23 08:55:00+00:00
[2024-05-23T15:55:23.537+0700] {processor.py:183} INFO - Processing /mnt/d/Programming/Vietnamese-Text-Generator/airflow_env/lib/python3.10/site-packages/airflow/example_dags/example_branch_python_dop_operator_3.py took 0.200 seconds
[2024-05-23T15:56:34.360+0700] {processor.py:161} INFO - Started process (PID=5187) to work on /mnt/d/Programming/Vietnamese-Text-Generator/airflow_env/lib/python3.10/site-packages/airflow/example_dags/example_branch_python_dop_operator_3.py
[2024-05-23T15:56:34.362+0700] {processor.py:830} INFO - Processing file /mnt/d/Programming/Vietnamese-Text-Generator/airflow_env/lib/python3.10/site-packages/airflow/example_dags/example_branch_python_dop_operator_3.py for tasks to queue
[2024-05-23T15:56:34.365+0700] {logging_mixin.py:188} INFO - [2024-05-23T15:56:34.364+0700] {dagbag.py:540} INFO - Filling up the DagBag from /mnt/d/Programming/Vietnamese-Text-Generator/airflow_env/lib/python3.10/site-packages/airflow/example_dags/example_branch_python_dop_operator_3.py
[2024-05-23T15:56:34.394+0700] {processor.py:840} INFO - DAG(s) 'example_branch_dop_operator_v3' retrieved from /mnt/d/Programming/Vietnamese-Text-Generator/airflow_env/lib/python3.10/site-packages/airflow/example_dags/example_branch_python_dop_operator_3.py
[2024-05-23T15:56:34.423+0700] {logging_mixin.py:188} INFO - [2024-05-23T15:56:34.422+0700] {dag.py:3096} INFO - Sync 1 DAGs
[2024-05-23T15:56:34.461+0700] {logging_mixin.py:188} INFO - [2024-05-23T15:56:34.460+0700] {dag.py:3954} INFO - Setting next_dagrun for example_branch_dop_operator_v3 to 2024-05-23 08:55:00+00:00, run_after=2024-05-23 08:56:00+00:00
[2024-05-23T15:56:34.527+0700] {processor.py:183} INFO - Processing /mnt/d/Programming/Vietnamese-Text-Generator/airflow_env/lib/python3.10/site-packages/airflow/example_dags/example_branch_python_dop_operator_3.py took 0.182 seconds
[2024-05-23T15:57:45.120+0700] {processor.py:161} INFO - Started process (PID=5520) to work on /mnt/d/Programming/Vietnamese-Text-Generator/airflow_env/lib/python3.10/site-packages/airflow/example_dags/example_branch_python_dop_operator_3.py
[2024-05-23T15:57:45.121+0700] {processor.py:830} INFO - Processing file /mnt/d/Programming/Vietnamese-Text-Generator/airflow_env/lib/python3.10/site-packages/airflow/example_dags/example_branch_python_dop_operator_3.py for tasks to queue
[2024-05-23T15:57:45.123+0700] {logging_mixin.py:188} INFO - [2024-05-23T15:57:45.122+0700] {dagbag.py:540} INFO - Filling up the DagBag from /mnt/d/Programming/Vietnamese-Text-Generator/airflow_env/lib/python3.10/site-packages/airflow/example_dags/example_branch_python_dop_operator_3.py
[2024-05-23T15:57:45.145+0700] {processor.py:840} INFO - DAG(s) 'example_branch_dop_operator_v3' retrieved from /mnt/d/Programming/Vietnamese-Text-Generator/airflow_env/lib/python3.10/site-packages/airflow/example_dags/example_branch_python_dop_operator_3.py
[2024-05-23T15:57:45.171+0700] {logging_mixin.py:188} INFO - [2024-05-23T15:57:45.170+0700] {dag.py:3096} INFO - Sync 1 DAGs
[2024-05-23T15:57:45.212+0700] {logging_mixin.py:188} INFO - [2024-05-23T15:57:45.211+0700] {dag.py:3954} INFO - Setting next_dagrun for example_branch_dop_operator_v3 to 2024-05-23 08:56:00+00:00, run_after=2024-05-23 08:57:00+00:00
[2024-05-23T15:57:45.272+0700] {processor.py:183} INFO - Processing /mnt/d/Programming/Vietnamese-Text-Generator/airflow_env/lib/python3.10/site-packages/airflow/example_dags/example_branch_python_dop_operator_3.py took 0.165 seconds
[2024-05-23T15:58:52.635+0700] {processor.py:161} INFO - Started process (PID=5839) to work on /mnt/d/Programming/Vietnamese-Text-Generator/airflow_env/lib/python3.10/site-packages/airflow/example_dags/example_branch_python_dop_operator_3.py
[2024-05-23T15:58:52.637+0700] {processor.py:830} INFO - Processing file /mnt/d/Programming/Vietnamese-Text-Generator/airflow_env/lib/python3.10/site-packages/airflow/example_dags/example_branch_python_dop_operator_3.py for tasks to queue
[2024-05-23T15:58:52.640+0700] {logging_mixin.py:188} INFO - [2024-05-23T15:58:52.639+0700] {dagbag.py:540} INFO - Filling up the DagBag from /mnt/d/Programming/Vietnamese-Text-Generator/airflow_env/lib/python3.10/site-packages/airflow/example_dags/example_branch_python_dop_operator_3.py
[2024-05-23T15:58:52.676+0700] {processor.py:840} INFO - DAG(s) 'example_branch_dop_operator_v3' retrieved from /mnt/d/Programming/Vietnamese-Text-Generator/airflow_env/lib/python3.10/site-packages/airflow/example_dags/example_branch_python_dop_operator_3.py
[2024-05-23T15:58:52.715+0700] {logging_mixin.py:188} INFO - [2024-05-23T15:58:52.713+0700] {dag.py:3096} INFO - Sync 1 DAGs
[2024-05-23T15:58:52.766+0700] {logging_mixin.py:188} INFO - [2024-05-23T15:58:52.765+0700] {dag.py:3954} INFO - Setting next_dagrun for example_branch_dop_operator_v3 to 2024-05-23 08:57:00+00:00, run_after=2024-05-23 08:58:00+00:00
[2024-05-23T15:58:52.830+0700] {processor.py:183} INFO - Processing /mnt/d/Programming/Vietnamese-Text-Generator/airflow_env/lib/python3.10/site-packages/airflow/example_dags/example_branch_python_dop_operator_3.py took 0.213 seconds
[2024-05-23T16:00:05.493+0700] {processor.py:161} INFO - Started process (PID=6183) to work on /mnt/d/Programming/Vietnamese-Text-Generator/airflow_env/lib/python3.10/site-packages/airflow/example_dags/example_branch_python_dop_operator_3.py
[2024-05-23T16:00:05.495+0700] {processor.py:830} INFO - Processing file /mnt/d/Programming/Vietnamese-Text-Generator/airflow_env/lib/python3.10/site-packages/airflow/example_dags/example_branch_python_dop_operator_3.py for tasks to queue
[2024-05-23T16:00:05.497+0700] {logging_mixin.py:188} INFO - [2024-05-23T16:00:05.496+0700] {dagbag.py:540} INFO - Filling up the DagBag from /mnt/d/Programming/Vietnamese-Text-Generator/airflow_env/lib/python3.10/site-packages/airflow/example_dags/example_branch_python_dop_operator_3.py
[2024-05-23T16:00:05.519+0700] {processor.py:840} INFO - DAG(s) 'example_branch_dop_operator_v3' retrieved from /mnt/d/Programming/Vietnamese-Text-Generator/airflow_env/lib/python3.10/site-packages/airflow/example_dags/example_branch_python_dop_operator_3.py
[2024-05-23T16:00:05.547+0700] {logging_mixin.py:188} INFO - [2024-05-23T16:00:05.546+0700] {dag.py:3096} INFO - Sync 1 DAGs
[2024-05-23T16:00:05.580+0700] {logging_mixin.py:188} INFO - [2024-05-23T16:00:05.580+0700] {dag.py:3954} INFO - Setting next_dagrun for example_branch_dop_operator_v3 to 2024-05-23 08:59:00+00:00, run_after=2024-05-23 09:00:00+00:00
[2024-05-23T16:00:05.634+0700] {processor.py:183} INFO - Processing /mnt/d/Programming/Vietnamese-Text-Generator/airflow_env/lib/python3.10/site-packages/airflow/example_dags/example_branch_python_dop_operator_3.py took 0.152 seconds
[2024-05-23T16:01:12.242+0700] {processor.py:161} INFO - Started process (PID=6498) to work on /mnt/d/Programming/Vietnamese-Text-Generator/airflow_env/lib/python3.10/site-packages/airflow/example_dags/example_branch_python_dop_operator_3.py
[2024-05-23T16:01:12.244+0700] {processor.py:830} INFO - Processing file /mnt/d/Programming/Vietnamese-Text-Generator/airflow_env/lib/python3.10/site-packages/airflow/example_dags/example_branch_python_dop_operator_3.py for tasks to queue
[2024-05-23T16:01:12.246+0700] {logging_mixin.py:188} INFO - [2024-05-23T16:01:12.245+0700] {dagbag.py:540} INFO - Filling up the DagBag from /mnt/d/Programming/Vietnamese-Text-Generator/airflow_env/lib/python3.10/site-packages/airflow/example_dags/example_branch_python_dop_operator_3.py
[2024-05-23T16:01:12.268+0700] {processor.py:840} INFO - DAG(s) 'example_branch_dop_operator_v3' retrieved from /mnt/d/Programming/Vietnamese-Text-Generator/airflow_env/lib/python3.10/site-packages/airflow/example_dags/example_branch_python_dop_operator_3.py
[2024-05-23T16:01:12.298+0700] {logging_mixin.py:188} INFO - [2024-05-23T16:01:12.297+0700] {dag.py:3096} INFO - Sync 1 DAGs
[2024-05-23T16:01:12.334+0700] {logging_mixin.py:188} INFO - [2024-05-23T16:01:12.333+0700] {dag.py:3954} INFO - Setting next_dagrun for example_branch_dop_operator_v3 to 2024-05-23 09:00:00+00:00, run_after=2024-05-23 09:01:00+00:00
[2024-05-23T16:01:12.385+0700] {processor.py:183} INFO - Processing /mnt/d/Programming/Vietnamese-Text-Generator/airflow_env/lib/python3.10/site-packages/airflow/example_dags/example_branch_python_dop_operator_3.py took 0.154 seconds
[2024-05-23T16:02:18.262+0700] {processor.py:161} INFO - Started process (PID=6809) to work on /mnt/d/Programming/Vietnamese-Text-Generator/airflow_env/lib/python3.10/site-packages/airflow/example_dags/example_branch_python_dop_operator_3.py
[2024-05-23T16:02:18.263+0700] {processor.py:830} INFO - Processing file /mnt/d/Programming/Vietnamese-Text-Generator/airflow_env/lib/python3.10/site-packages/airflow/example_dags/example_branch_python_dop_operator_3.py for tasks to queue
[2024-05-23T16:02:18.265+0700] {logging_mixin.py:188} INFO - [2024-05-23T16:02:18.265+0700] {dagbag.py:540} INFO - Filling up the DagBag from /mnt/d/Programming/Vietnamese-Text-Generator/airflow_env/lib/python3.10/site-packages/airflow/example_dags/example_branch_python_dop_operator_3.py
[2024-05-23T16:02:18.291+0700] {processor.py:840} INFO - DAG(s) 'example_branch_dop_operator_v3' retrieved from /mnt/d/Programming/Vietnamese-Text-Generator/airflow_env/lib/python3.10/site-packages/airflow/example_dags/example_branch_python_dop_operator_3.py
[2024-05-23T16:02:18.332+0700] {logging_mixin.py:188} INFO - [2024-05-23T16:02:18.331+0700] {dag.py:3096} INFO - Sync 1 DAGs
[2024-05-23T16:02:18.388+0700] {logging_mixin.py:188} INFO - [2024-05-23T16:02:18.387+0700] {dag.py:3954} INFO - Setting next_dagrun for example_branch_dop_operator_v3 to 2024-05-23 09:01:00+00:00, run_after=2024-05-23 09:02:00+00:00
[2024-05-23T16:02:18.474+0700] {processor.py:183} INFO - Processing /mnt/d/Programming/Vietnamese-Text-Generator/airflow_env/lib/python3.10/site-packages/airflow/example_dags/example_branch_python_dop_operator_3.py took 0.225 seconds
[2024-05-23T16:03:29.260+0700] {processor.py:161} INFO - Started process (PID=7143) to work on /mnt/d/Programming/Vietnamese-Text-Generator/airflow_env/lib/python3.10/site-packages/airflow/example_dags/example_branch_python_dop_operator_3.py
[2024-05-23T16:03:29.262+0700] {processor.py:830} INFO - Processing file /mnt/d/Programming/Vietnamese-Text-Generator/airflow_env/lib/python3.10/site-packages/airflow/example_dags/example_branch_python_dop_operator_3.py for tasks to queue
[2024-05-23T16:03:29.264+0700] {logging_mixin.py:188} INFO - [2024-05-23T16:03:29.263+0700] {dagbag.py:540} INFO - Filling up the DagBag from /mnt/d/Programming/Vietnamese-Text-Generator/airflow_env/lib/python3.10/site-packages/airflow/example_dags/example_branch_python_dop_operator_3.py
[2024-05-23T16:03:29.291+0700] {processor.py:840} INFO - DAG(s) 'example_branch_dop_operator_v3' retrieved from /mnt/d/Programming/Vietnamese-Text-Generator/airflow_env/lib/python3.10/site-packages/airflow/example_dags/example_branch_python_dop_operator_3.py
[2024-05-23T16:03:29.322+0700] {logging_mixin.py:188} INFO - [2024-05-23T16:03:29.321+0700] {dag.py:3096} INFO - Sync 1 DAGs
[2024-05-23T16:03:29.363+0700] {logging_mixin.py:188} INFO - [2024-05-23T16:03:29.363+0700] {dag.py:3954} INFO - Setting next_dagrun for example_branch_dop_operator_v3 to 2024-05-23 09:02:00+00:00, run_after=2024-05-23 09:03:00+00:00
[2024-05-23T16:03:29.418+0700] {processor.py:183} INFO - Processing /mnt/d/Programming/Vietnamese-Text-Generator/airflow_env/lib/python3.10/site-packages/airflow/example_dags/example_branch_python_dop_operator_3.py took 0.170 seconds
[2024-05-23T16:35:41.630+0700] {processor.py:161} INFO - Started process (PID=17232) to work on /mnt/d/Programming/Vietnamese-Text-Generator/airflow_env/lib/python3.10/site-packages/airflow/example_dags/example_branch_python_dop_operator_3.py
[2024-05-23T16:35:41.632+0700] {processor.py:830} INFO - Processing file /mnt/d/Programming/Vietnamese-Text-Generator/airflow_env/lib/python3.10/site-packages/airflow/example_dags/example_branch_python_dop_operator_3.py for tasks to queue
[2024-05-23T16:35:41.635+0700] {logging_mixin.py:188} INFO - [2024-05-23T16:35:41.634+0700] {dagbag.py:540} INFO - Filling up the DagBag from /mnt/d/Programming/Vietnamese-Text-Generator/airflow_env/lib/python3.10/site-packages/airflow/example_dags/example_branch_python_dop_operator_3.py
[2024-05-23T16:35:41.660+0700] {processor.py:840} INFO - DAG(s) 'example_branch_dop_operator_v3' retrieved from /mnt/d/Programming/Vietnamese-Text-Generator/airflow_env/lib/python3.10/site-packages/airflow/example_dags/example_branch_python_dop_operator_3.py
[2024-05-23T16:35:41.691+0700] {logging_mixin.py:188} INFO - [2024-05-23T16:35:41.690+0700] {dag.py:3096} INFO - Sync 1 DAGs
[2024-05-23T16:35:41.730+0700] {logging_mixin.py:188} INFO - [2024-05-23T16:35:41.729+0700] {dag.py:3954} INFO - Setting next_dagrun for example_branch_dop_operator_v3 to 2024-05-23 09:34:00+00:00, run_after=2024-05-23 09:35:00+00:00
[2024-05-23T16:35:41.789+0700] {processor.py:183} INFO - Processing /mnt/d/Programming/Vietnamese-Text-Generator/airflow_env/lib/python3.10/site-packages/airflow/example_dags/example_branch_python_dop_operator_3.py took 0.177 seconds
[2024-05-23T16:36:57.211+0700] {processor.py:161} INFO - Started process (PID=17584) to work on /mnt/d/Programming/Vietnamese-Text-Generator/airflow_env/lib/python3.10/site-packages/airflow/example_dags/example_branch_python_dop_operator_3.py
[2024-05-23T16:36:57.213+0700] {processor.py:830} INFO - Processing file /mnt/d/Programming/Vietnamese-Text-Generator/airflow_env/lib/python3.10/site-packages/airflow/example_dags/example_branch_python_dop_operator_3.py for tasks to queue
[2024-05-23T16:36:57.215+0700] {logging_mixin.py:188} INFO - [2024-05-23T16:36:57.214+0700] {dagbag.py:540} INFO - Filling up the DagBag from /mnt/d/Programming/Vietnamese-Text-Generator/airflow_env/lib/python3.10/site-packages/airflow/example_dags/example_branch_python_dop_operator_3.py
[2024-05-23T16:36:57.236+0700] {processor.py:840} INFO - DAG(s) 'example_branch_dop_operator_v3' retrieved from /mnt/d/Programming/Vietnamese-Text-Generator/airflow_env/lib/python3.10/site-packages/airflow/example_dags/example_branch_python_dop_operator_3.py
[2024-05-23T16:36:57.269+0700] {logging_mixin.py:188} INFO - [2024-05-23T16:36:57.268+0700] {dag.py:3096} INFO - Sync 1 DAGs
[2024-05-23T16:36:57.310+0700] {logging_mixin.py:188} INFO - [2024-05-23T16:36:57.308+0700] {dag.py:3954} INFO - Setting next_dagrun for example_branch_dop_operator_v3 to 2024-05-23 09:35:00+00:00, run_after=2024-05-23 09:36:00+00:00
[2024-05-23T16:36:57.388+0700] {processor.py:183} INFO - Processing /mnt/d/Programming/Vietnamese-Text-Generator/airflow_env/lib/python3.10/site-packages/airflow/example_dags/example_branch_python_dop_operator_3.py took 0.191 seconds
[2024-05-23T16:50:28.248+0700] {processor.py:161} INFO - Started process (PID=21051) to work on /mnt/d/Programming/Vietnamese-Text-Generator/airflow_env/lib/python3.10/site-packages/airflow/example_dags/example_branch_python_dop_operator_3.py
[2024-05-23T16:50:28.249+0700] {processor.py:830} INFO - Processing file /mnt/d/Programming/Vietnamese-Text-Generator/airflow_env/lib/python3.10/site-packages/airflow/example_dags/example_branch_python_dop_operator_3.py for tasks to queue
[2024-05-23T16:50:28.252+0700] {logging_mixin.py:188} INFO - [2024-05-23T16:50:28.251+0700] {dagbag.py:540} INFO - Filling up the DagBag from /mnt/d/Programming/Vietnamese-Text-Generator/airflow_env/lib/python3.10/site-packages/airflow/example_dags/example_branch_python_dop_operator_3.py
[2024-05-23T16:50:28.278+0700] {processor.py:840} INFO - DAG(s) 'example_branch_dop_operator_v3' retrieved from /mnt/d/Programming/Vietnamese-Text-Generator/airflow_env/lib/python3.10/site-packages/airflow/example_dags/example_branch_python_dop_operator_3.py
[2024-05-23T16:50:28.310+0700] {logging_mixin.py:188} INFO - [2024-05-23T16:50:28.308+0700] {dag.py:3096} INFO - Sync 1 DAGs
[2024-05-23T16:50:28.353+0700] {logging_mixin.py:188} INFO - [2024-05-23T16:50:28.352+0700] {dag.py:3954} INFO - Setting next_dagrun for example_branch_dop_operator_v3 to 2024-05-23 09:49:00+00:00, run_after=2024-05-23 09:50:00+00:00
[2024-05-23T16:50:28.418+0700] {processor.py:183} INFO - Processing /mnt/d/Programming/Vietnamese-Text-Generator/airflow_env/lib/python3.10/site-packages/airflow/example_dags/example_branch_python_dop_operator_3.py took 0.185 seconds
[2024-05-23T16:51:54.179+0700] {processor.py:161} INFO - Started process (PID=21447) to work on /mnt/d/Programming/Vietnamese-Text-Generator/airflow_env/lib/python3.10/site-packages/airflow/example_dags/example_branch_python_dop_operator_3.py
[2024-05-23T16:51:54.181+0700] {processor.py:830} INFO - Processing file /mnt/d/Programming/Vietnamese-Text-Generator/airflow_env/lib/python3.10/site-packages/airflow/example_dags/example_branch_python_dop_operator_3.py for tasks to queue
[2024-05-23T16:51:54.184+0700] {logging_mixin.py:188} INFO - [2024-05-23T16:51:54.182+0700] {dagbag.py:540} INFO - Filling up the DagBag from /mnt/d/Programming/Vietnamese-Text-Generator/airflow_env/lib/python3.10/site-packages/airflow/example_dags/example_branch_python_dop_operator_3.py
[2024-05-23T16:51:54.213+0700] {processor.py:840} INFO - DAG(s) 'example_branch_dop_operator_v3' retrieved from /mnt/d/Programming/Vietnamese-Text-Generator/airflow_env/lib/python3.10/site-packages/airflow/example_dags/example_branch_python_dop_operator_3.py
[2024-05-23T16:51:54.244+0700] {logging_mixin.py:188} INFO - [2024-05-23T16:51:54.243+0700] {dag.py:3096} INFO - Sync 1 DAGs
[2024-05-23T16:51:54.278+0700] {logging_mixin.py:188} INFO - [2024-05-23T16:51:54.277+0700] {dag.py:3954} INFO - Setting next_dagrun for example_branch_dop_operator_v3 to 2024-05-23 09:50:00+00:00, run_after=2024-05-23 09:51:00+00:00
[2024-05-23T16:51:54.338+0700] {processor.py:183} INFO - Processing /mnt/d/Programming/Vietnamese-Text-Generator/airflow_env/lib/python3.10/site-packages/airflow/example_dags/example_branch_python_dop_operator_3.py took 0.173 seconds
[2024-05-23T16:53:08.871+0700] {processor.py:161} INFO - Started process (PID=21794) to work on /mnt/d/Programming/Vietnamese-Text-Generator/airflow_env/lib/python3.10/site-packages/airflow/example_dags/example_branch_python_dop_operator_3.py
[2024-05-23T16:53:08.874+0700] {processor.py:830} INFO - Processing file /mnt/d/Programming/Vietnamese-Text-Generator/airflow_env/lib/python3.10/site-packages/airflow/example_dags/example_branch_python_dop_operator_3.py for tasks to queue
[2024-05-23T16:53:08.877+0700] {logging_mixin.py:188} INFO - [2024-05-23T16:53:08.876+0700] {dagbag.py:540} INFO - Filling up the DagBag from /mnt/d/Programming/Vietnamese-Text-Generator/airflow_env/lib/python3.10/site-packages/airflow/example_dags/example_branch_python_dop_operator_3.py
[2024-05-23T16:53:08.900+0700] {processor.py:840} INFO - DAG(s) 'example_branch_dop_operator_v3' retrieved from /mnt/d/Programming/Vietnamese-Text-Generator/airflow_env/lib/python3.10/site-packages/airflow/example_dags/example_branch_python_dop_operator_3.py
[2024-05-23T16:53:08.934+0700] {logging_mixin.py:188} INFO - [2024-05-23T16:53:08.933+0700] {dag.py:3096} INFO - Sync 1 DAGs
[2024-05-23T16:53:08.972+0700] {logging_mixin.py:188} INFO - [2024-05-23T16:53:08.971+0700] {dag.py:3954} INFO - Setting next_dagrun for example_branch_dop_operator_v3 to 2024-05-23 09:52:00+00:00, run_after=2024-05-23 09:53:00+00:00
[2024-05-23T16:53:09.034+0700] {processor.py:183} INFO - Processing /mnt/d/Programming/Vietnamese-Text-Generator/airflow_env/lib/python3.10/site-packages/airflow/example_dags/example_branch_python_dop_operator_3.py took 0.174 seconds
[2024-05-23T16:54:20.283+0700] {processor.py:161} INFO - Started process (PID=22126) to work on /mnt/d/Programming/Vietnamese-Text-Generator/airflow_env/lib/python3.10/site-packages/airflow/example_dags/example_branch_python_dop_operator_3.py
[2024-05-23T16:54:20.285+0700] {processor.py:830} INFO - Processing file /mnt/d/Programming/Vietnamese-Text-Generator/airflow_env/lib/python3.10/site-packages/airflow/example_dags/example_branch_python_dop_operator_3.py for tasks to queue
[2024-05-23T16:54:20.287+0700] {logging_mixin.py:188} INFO - [2024-05-23T16:54:20.286+0700] {dagbag.py:540} INFO - Filling up the DagBag from /mnt/d/Programming/Vietnamese-Text-Generator/airflow_env/lib/python3.10/site-packages/airflow/example_dags/example_branch_python_dop_operator_3.py
[2024-05-23T16:54:20.309+0700] {processor.py:840} INFO - DAG(s) 'example_branch_dop_operator_v3' retrieved from /mnt/d/Programming/Vietnamese-Text-Generator/airflow_env/lib/python3.10/site-packages/airflow/example_dags/example_branch_python_dop_operator_3.py
[2024-05-23T16:54:20.338+0700] {logging_mixin.py:188} INFO - [2024-05-23T16:54:20.336+0700] {dag.py:3096} INFO - Sync 1 DAGs
[2024-05-23T16:54:20.384+0700] {logging_mixin.py:188} INFO - [2024-05-23T16:54:20.383+0700] {dag.py:3954} INFO - Setting next_dagrun for example_branch_dop_operator_v3 to 2024-05-23 09:53:00+00:00, run_after=2024-05-23 09:54:00+00:00
[2024-05-23T16:54:20.468+0700] {processor.py:183} INFO - Processing /mnt/d/Programming/Vietnamese-Text-Generator/airflow_env/lib/python3.10/site-packages/airflow/example_dags/example_branch_python_dop_operator_3.py took 0.195 seconds
[2024-05-23T16:55:30.012+0700] {processor.py:161} INFO - Started process (PID=22454) to work on /mnt/d/Programming/Vietnamese-Text-Generator/airflow_env/lib/python3.10/site-packages/airflow/example_dags/example_branch_python_dop_operator_3.py
[2024-05-23T16:55:30.013+0700] {processor.py:830} INFO - Processing file /mnt/d/Programming/Vietnamese-Text-Generator/airflow_env/lib/python3.10/site-packages/airflow/example_dags/example_branch_python_dop_operator_3.py for tasks to queue
[2024-05-23T16:55:30.015+0700] {logging_mixin.py:188} INFO - [2024-05-23T16:55:30.014+0700] {dagbag.py:540} INFO - Filling up the DagBag from /mnt/d/Programming/Vietnamese-Text-Generator/airflow_env/lib/python3.10/site-packages/airflow/example_dags/example_branch_python_dop_operator_3.py
[2024-05-23T16:55:30.043+0700] {processor.py:840} INFO - DAG(s) 'example_branch_dop_operator_v3' retrieved from /mnt/d/Programming/Vietnamese-Text-Generator/airflow_env/lib/python3.10/site-packages/airflow/example_dags/example_branch_python_dop_operator_3.py
[2024-05-23T16:55:30.076+0700] {logging_mixin.py:188} INFO - [2024-05-23T16:55:30.075+0700] {dag.py:3096} INFO - Sync 1 DAGs
[2024-05-23T16:55:30.114+0700] {logging_mixin.py:188} INFO - [2024-05-23T16:55:30.113+0700] {dag.py:3954} INFO - Setting next_dagrun for example_branch_dop_operator_v3 to 2024-05-23 09:54:00+00:00, run_after=2024-05-23 09:55:00+00:00
[2024-05-23T16:55:30.170+0700] {processor.py:183} INFO - Processing /mnt/d/Programming/Vietnamese-Text-Generator/airflow_env/lib/python3.10/site-packages/airflow/example_dags/example_branch_python_dop_operator_3.py took 0.170 seconds
[2024-05-23T16:56:35.226+0700] {processor.py:161} INFO - Started process (PID=22760) to work on /mnt/d/Programming/Vietnamese-Text-Generator/airflow_env/lib/python3.10/site-packages/airflow/example_dags/example_branch_python_dop_operator_3.py
[2024-05-23T16:56:35.228+0700] {processor.py:830} INFO - Processing file /mnt/d/Programming/Vietnamese-Text-Generator/airflow_env/lib/python3.10/site-packages/airflow/example_dags/example_branch_python_dop_operator_3.py for tasks to queue
[2024-05-23T16:56:35.231+0700] {logging_mixin.py:188} INFO - [2024-05-23T16:56:35.230+0700] {dagbag.py:540} INFO - Filling up the DagBag from /mnt/d/Programming/Vietnamese-Text-Generator/airflow_env/lib/python3.10/site-packages/airflow/example_dags/example_branch_python_dop_operator_3.py
[2024-05-23T16:56:35.252+0700] {processor.py:840} INFO - DAG(s) 'example_branch_dop_operator_v3' retrieved from /mnt/d/Programming/Vietnamese-Text-Generator/airflow_env/lib/python3.10/site-packages/airflow/example_dags/example_branch_python_dop_operator_3.py
[2024-05-23T16:56:35.282+0700] {logging_mixin.py:188} INFO - [2024-05-23T16:56:35.281+0700] {dag.py:3096} INFO - Sync 1 DAGs
[2024-05-23T16:56:35.319+0700] {logging_mixin.py:188} INFO - [2024-05-23T16:56:35.319+0700] {dag.py:3954} INFO - Setting next_dagrun for example_branch_dop_operator_v3 to 2024-05-23 09:55:00+00:00, run_after=2024-05-23 09:56:00+00:00
[2024-05-23T16:56:35.380+0700] {processor.py:183} INFO - Processing /mnt/d/Programming/Vietnamese-Text-Generator/airflow_env/lib/python3.10/site-packages/airflow/example_dags/example_branch_python_dop_operator_3.py took 0.166 seconds
[2024-05-23T16:57:46.191+0700] {processor.py:161} INFO - Started process (PID=23092) to work on /mnt/d/Programming/Vietnamese-Text-Generator/airflow_env/lib/python3.10/site-packages/airflow/example_dags/example_branch_python_dop_operator_3.py
[2024-05-23T16:57:46.192+0700] {processor.py:830} INFO - Processing file /mnt/d/Programming/Vietnamese-Text-Generator/airflow_env/lib/python3.10/site-packages/airflow/example_dags/example_branch_python_dop_operator_3.py for tasks to queue
[2024-05-23T16:57:46.195+0700] {logging_mixin.py:188} INFO - [2024-05-23T16:57:46.194+0700] {dagbag.py:540} INFO - Filling up the DagBag from /mnt/d/Programming/Vietnamese-Text-Generator/airflow_env/lib/python3.10/site-packages/airflow/example_dags/example_branch_python_dop_operator_3.py
[2024-05-23T16:57:46.218+0700] {processor.py:840} INFO - DAG(s) 'example_branch_dop_operator_v3' retrieved from /mnt/d/Programming/Vietnamese-Text-Generator/airflow_env/lib/python3.10/site-packages/airflow/example_dags/example_branch_python_dop_operator_3.py
[2024-05-23T16:57:46.249+0700] {logging_mixin.py:188} INFO - [2024-05-23T16:57:46.248+0700] {dag.py:3096} INFO - Sync 1 DAGs
[2024-05-23T16:57:46.285+0700] {logging_mixin.py:188} INFO - [2024-05-23T16:57:46.284+0700] {dag.py:3954} INFO - Setting next_dagrun for example_branch_dop_operator_v3 to 2024-05-23 09:56:00+00:00, run_after=2024-05-23 09:57:00+00:00
[2024-05-23T16:57:46.351+0700] {processor.py:183} INFO - Processing /mnt/d/Programming/Vietnamese-Text-Generator/airflow_env/lib/python3.10/site-packages/airflow/example_dags/example_branch_python_dop_operator_3.py took 0.172 seconds
[2024-05-23T16:58:53.865+0700] {processor.py:161} INFO - Started process (PID=23409) to work on /mnt/d/Programming/Vietnamese-Text-Generator/airflow_env/lib/python3.10/site-packages/airflow/example_dags/example_branch_python_dop_operator_3.py
[2024-05-23T16:58:53.867+0700] {processor.py:830} INFO - Processing file /mnt/d/Programming/Vietnamese-Text-Generator/airflow_env/lib/python3.10/site-packages/airflow/example_dags/example_branch_python_dop_operator_3.py for tasks to queue
[2024-05-23T16:58:53.871+0700] {logging_mixin.py:188} INFO - [2024-05-23T16:58:53.869+0700] {dagbag.py:540} INFO - Filling up the DagBag from /mnt/d/Programming/Vietnamese-Text-Generator/airflow_env/lib/python3.10/site-packages/airflow/example_dags/example_branch_python_dop_operator_3.py
[2024-05-23T16:58:53.901+0700] {processor.py:840} INFO - DAG(s) 'example_branch_dop_operator_v3' retrieved from /mnt/d/Programming/Vietnamese-Text-Generator/airflow_env/lib/python3.10/site-packages/airflow/example_dags/example_branch_python_dop_operator_3.py
[2024-05-23T16:58:53.932+0700] {logging_mixin.py:188} INFO - [2024-05-23T16:58:53.931+0700] {dag.py:3096} INFO - Sync 1 DAGs
[2024-05-23T16:58:53.972+0700] {logging_mixin.py:188} INFO - [2024-05-23T16:58:53.971+0700] {dag.py:3954} INFO - Setting next_dagrun for example_branch_dop_operator_v3 to 2024-05-23 09:57:00+00:00, run_after=2024-05-23 09:58:00+00:00
[2024-05-23T16:58:54.026+0700] {processor.py:183} INFO - Processing /mnt/d/Programming/Vietnamese-Text-Generator/airflow_env/lib/python3.10/site-packages/airflow/example_dags/example_branch_python_dop_operator_3.py took 0.180 seconds
[2024-05-23T17:00:05.284+0700] {processor.py:161} INFO - Started process (PID=23743) to work on /mnt/d/Programming/Vietnamese-Text-Generator/airflow_env/lib/python3.10/site-packages/airflow/example_dags/example_branch_python_dop_operator_3.py
[2024-05-23T17:00:05.286+0700] {processor.py:830} INFO - Processing file /mnt/d/Programming/Vietnamese-Text-Generator/airflow_env/lib/python3.10/site-packages/airflow/example_dags/example_branch_python_dop_operator_3.py for tasks to queue
[2024-05-23T17:00:05.289+0700] {logging_mixin.py:188} INFO - [2024-05-23T17:00:05.288+0700] {dagbag.py:540} INFO - Filling up the DagBag from /mnt/d/Programming/Vietnamese-Text-Generator/airflow_env/lib/python3.10/site-packages/airflow/example_dags/example_branch_python_dop_operator_3.py
[2024-05-23T17:00:05.310+0700] {processor.py:840} INFO - DAG(s) 'example_branch_dop_operator_v3' retrieved from /mnt/d/Programming/Vietnamese-Text-Generator/airflow_env/lib/python3.10/site-packages/airflow/example_dags/example_branch_python_dop_operator_3.py
[2024-05-23T17:00:05.335+0700] {logging_mixin.py:188} INFO - [2024-05-23T17:00:05.335+0700] {dag.py:3096} INFO - Sync 1 DAGs
[2024-05-23T17:00:05.366+0700] {logging_mixin.py:188} INFO - [2024-05-23T17:00:05.366+0700] {dag.py:3954} INFO - Setting next_dagrun for example_branch_dop_operator_v3 to 2024-05-23 09:59:00+00:00, run_after=2024-05-23 10:00:00+00:00
[2024-05-23T17:00:05.441+0700] {processor.py:183} INFO - Processing /mnt/d/Programming/Vietnamese-Text-Generator/airflow_env/lib/python3.10/site-packages/airflow/example_dags/example_branch_python_dop_operator_3.py took 0.173 seconds
[2024-05-23T17:01:13.331+0700] {processor.py:161} INFO - Started process (PID=24058) to work on /mnt/d/Programming/Vietnamese-Text-Generator/airflow_env/lib/python3.10/site-packages/airflow/example_dags/example_branch_python_dop_operator_3.py
[2024-05-23T17:01:13.333+0700] {processor.py:830} INFO - Processing file /mnt/d/Programming/Vietnamese-Text-Generator/airflow_env/lib/python3.10/site-packages/airflow/example_dags/example_branch_python_dop_operator_3.py for tasks to queue
[2024-05-23T17:01:13.336+0700] {logging_mixin.py:188} INFO - [2024-05-23T17:01:13.335+0700] {dagbag.py:540} INFO - Filling up the DagBag from /mnt/d/Programming/Vietnamese-Text-Generator/airflow_env/lib/python3.10/site-packages/airflow/example_dags/example_branch_python_dop_operator_3.py
[2024-05-23T17:01:13.365+0700] {processor.py:840} INFO - DAG(s) 'example_branch_dop_operator_v3' retrieved from /mnt/d/Programming/Vietnamese-Text-Generator/airflow_env/lib/python3.10/site-packages/airflow/example_dags/example_branch_python_dop_operator_3.py
[2024-05-23T17:01:13.391+0700] {logging_mixin.py:188} INFO - [2024-05-23T17:01:13.390+0700] {dag.py:3096} INFO - Sync 1 DAGs
[2024-05-23T17:01:13.425+0700] {logging_mixin.py:188} INFO - [2024-05-23T17:01:13.424+0700] {dag.py:3954} INFO - Setting next_dagrun for example_branch_dop_operator_v3 to 2024-05-23 10:00:00+00:00, run_after=2024-05-23 10:01:00+00:00
[2024-05-23T17:01:13.490+0700] {processor.py:183} INFO - Processing /mnt/d/Programming/Vietnamese-Text-Generator/airflow_env/lib/python3.10/site-packages/airflow/example_dags/example_branch_python_dop_operator_3.py took 0.176 seconds
[2024-05-23T17:02:21.359+0700] {processor.py:161} INFO - Started process (PID=24375) to work on /mnt/d/Programming/Vietnamese-Text-Generator/airflow_env/lib/python3.10/site-packages/airflow/example_dags/example_branch_python_dop_operator_3.py
[2024-05-23T17:02:21.360+0700] {processor.py:830} INFO - Processing file /mnt/d/Programming/Vietnamese-Text-Generator/airflow_env/lib/python3.10/site-packages/airflow/example_dags/example_branch_python_dop_operator_3.py for tasks to queue
[2024-05-23T17:02:21.362+0700] {logging_mixin.py:188} INFO - [2024-05-23T17:02:21.361+0700] {dagbag.py:540} INFO - Filling up the DagBag from /mnt/d/Programming/Vietnamese-Text-Generator/airflow_env/lib/python3.10/site-packages/airflow/example_dags/example_branch_python_dop_operator_3.py
[2024-05-23T17:02:21.384+0700] {processor.py:840} INFO - DAG(s) 'example_branch_dop_operator_v3' retrieved from /mnt/d/Programming/Vietnamese-Text-Generator/airflow_env/lib/python3.10/site-packages/airflow/example_dags/example_branch_python_dop_operator_3.py
[2024-05-23T17:02:21.417+0700] {logging_mixin.py:188} INFO - [2024-05-23T17:02:21.416+0700] {dag.py:3096} INFO - Sync 1 DAGs
[2024-05-23T17:02:21.453+0700] {logging_mixin.py:188} INFO - [2024-05-23T17:02:21.451+0700] {dag.py:3954} INFO - Setting next_dagrun for example_branch_dop_operator_v3 to 2024-05-23 10:01:00+00:00, run_after=2024-05-23 10:02:00+00:00
[2024-05-23T17:02:21.503+0700] {processor.py:183} INFO - Processing /mnt/d/Programming/Vietnamese-Text-Generator/airflow_env/lib/python3.10/site-packages/airflow/example_dags/example_branch_python_dop_operator_3.py took 0.157 seconds
[2024-05-23T17:03:33.758+0700] {processor.py:161} INFO - Started process (PID=24711) to work on /mnt/d/Programming/Vietnamese-Text-Generator/airflow_env/lib/python3.10/site-packages/airflow/example_dags/example_branch_python_dop_operator_3.py
[2024-05-23T17:03:33.760+0700] {processor.py:830} INFO - Processing file /mnt/d/Programming/Vietnamese-Text-Generator/airflow_env/lib/python3.10/site-packages/airflow/example_dags/example_branch_python_dop_operator_3.py for tasks to queue
[2024-05-23T17:03:33.763+0700] {logging_mixin.py:188} INFO - [2024-05-23T17:03:33.761+0700] {dagbag.py:540} INFO - Filling up the DagBag from /mnt/d/Programming/Vietnamese-Text-Generator/airflow_env/lib/python3.10/site-packages/airflow/example_dags/example_branch_python_dop_operator_3.py
[2024-05-23T17:03:33.784+0700] {processor.py:840} INFO - DAG(s) 'example_branch_dop_operator_v3' retrieved from /mnt/d/Programming/Vietnamese-Text-Generator/airflow_env/lib/python3.10/site-packages/airflow/example_dags/example_branch_python_dop_operator_3.py
[2024-05-23T17:03:33.814+0700] {logging_mixin.py:188} INFO - [2024-05-23T17:03:33.813+0700] {dag.py:3096} INFO - Sync 1 DAGs
[2024-05-23T17:03:33.856+0700] {logging_mixin.py:188} INFO - [2024-05-23T17:03:33.855+0700] {dag.py:3954} INFO - Setting next_dagrun for example_branch_dop_operator_v3 to 2024-05-23 10:02:00+00:00, run_after=2024-05-23 10:03:00+00:00
[2024-05-23T17:03:33.908+0700] {processor.py:183} INFO - Processing /mnt/d/Programming/Vietnamese-Text-Generator/airflow_env/lib/python3.10/site-packages/airflow/example_dags/example_branch_python_dop_operator_3.py took 0.163 seconds
[2024-05-23T17:04:41.287+0700] {processor.py:161} INFO - Started process (PID=25026) to work on /mnt/d/Programming/Vietnamese-Text-Generator/airflow_env/lib/python3.10/site-packages/airflow/example_dags/example_branch_python_dop_operator_3.py
[2024-05-23T17:04:41.289+0700] {processor.py:830} INFO - Processing file /mnt/d/Programming/Vietnamese-Text-Generator/airflow_env/lib/python3.10/site-packages/airflow/example_dags/example_branch_python_dop_operator_3.py for tasks to queue
[2024-05-23T17:04:41.292+0700] {logging_mixin.py:188} INFO - [2024-05-23T17:04:41.291+0700] {dagbag.py:540} INFO - Filling up the DagBag from /mnt/d/Programming/Vietnamese-Text-Generator/airflow_env/lib/python3.10/site-packages/airflow/example_dags/example_branch_python_dop_operator_3.py
[2024-05-23T17:04:41.318+0700] {processor.py:840} INFO - DAG(s) 'example_branch_dop_operator_v3' retrieved from /mnt/d/Programming/Vietnamese-Text-Generator/airflow_env/lib/python3.10/site-packages/airflow/example_dags/example_branch_python_dop_operator_3.py
[2024-05-23T17:04:41.352+0700] {logging_mixin.py:188} INFO - [2024-05-23T17:04:41.351+0700] {dag.py:3096} INFO - Sync 1 DAGs
[2024-05-23T17:04:41.392+0700] {logging_mixin.py:188} INFO - [2024-05-23T17:04:41.392+0700] {dag.py:3954} INFO - Setting next_dagrun for example_branch_dop_operator_v3 to 2024-05-23 10:03:00+00:00, run_after=2024-05-23 10:04:00+00:00
[2024-05-23T17:04:41.461+0700] {processor.py:183} INFO - Processing /mnt/d/Programming/Vietnamese-Text-Generator/airflow_env/lib/python3.10/site-packages/airflow/example_dags/example_branch_python_dop_operator_3.py took 0.189 seconds
