[2024-05-23T15:43:32.397+0700] {processor.py:161} INFO - Started process (PID=1316) to work on /mnt/d/Programming/Vietnamese-Text-Generator/airflow_env/lib/python3.10/site-packages/airflow/example_dags/example_branch_day_of_week_operator.py
[2024-05-23T15:43:32.399+0700] {processor.py:830} INFO - Processing file /mnt/d/Programming/Vietnamese-Text-Generator/airflow_env/lib/python3.10/site-packages/airflow/example_dags/example_branch_day_of_week_operator.py for tasks to queue
[2024-05-23T15:43:32.404+0700] {logging_mixin.py:188} INFO - [2024-05-23T15:43:32.403+0700] {dagbag.py:540} INFO - Filling up the DagBag from /mnt/d/Programming/Vietnamese-Text-Generator/airflow_env/lib/python3.10/site-packages/airflow/example_dags/example_branch_day_of_week_operator.py
[2024-05-23T15:43:32.443+0700] {processor.py:840} INFO - DAG(s) 'example_weekday_branch_operator' retrieved from /mnt/d/Programming/Vietnamese-Text-Generator/airflow_env/lib/python3.10/site-packages/airflow/example_dags/example_branch_day_of_week_operator.py
[2024-05-23T15:43:32.480+0700] {logging_mixin.py:188} INFO - [2024-05-23T15:43:32.479+0700] {dag.py:3096} INFO - Sync 1 DAGs
[2024-05-23T15:43:32.521+0700] {logging_mixin.py:188} INFO - [2024-05-23T15:43:32.520+0700] {dag.py:3954} INFO - Setting next_dagrun for example_weekday_branch_operator to 2024-05-22 00:00:00+00:00, run_after=2024-05-23 00:00:00+00:00
[2024-05-23T15:43:32.596+0700] {processor.py:183} INFO - Processing /mnt/d/Programming/Vietnamese-Text-Generator/airflow_env/lib/python3.10/site-packages/airflow/example_dags/example_branch_day_of_week_operator.py took 0.215 seconds
[2024-05-23T15:44:55.299+0700] {processor.py:161} INFO - Started process (PID=1724) to work on /mnt/d/Programming/Vietnamese-Text-Generator/airflow_env/lib/python3.10/site-packages/airflow/example_dags/example_branch_day_of_week_operator.py
[2024-05-23T15:44:55.300+0700] {processor.py:830} INFO - Processing file /mnt/d/Programming/Vietnamese-Text-Generator/airflow_env/lib/python3.10/site-packages/airflow/example_dags/example_branch_day_of_week_operator.py for tasks to queue
[2024-05-23T15:44:55.304+0700] {logging_mixin.py:188} INFO - [2024-05-23T15:44:55.302+0700] {dagbag.py:540} INFO - Filling up the DagBag from /mnt/d/Programming/Vietnamese-Text-Generator/airflow_env/lib/python3.10/site-packages/airflow/example_dags/example_branch_day_of_week_operator.py
[2024-05-23T15:44:55.328+0700] {processor.py:840} INFO - DAG(s) 'example_weekday_branch_operator' retrieved from /mnt/d/Programming/Vietnamese-Text-Generator/airflow_env/lib/python3.10/site-packages/airflow/example_dags/example_branch_day_of_week_operator.py
[2024-05-23T15:44:55.357+0700] {logging_mixin.py:188} INFO - [2024-05-23T15:44:55.356+0700] {dag.py:3096} INFO - Sync 1 DAGs
[2024-05-23T15:44:55.384+0700] {logging_mixin.py:188} INFO - [2024-05-23T15:44:55.383+0700] {dag.py:3954} INFO - Setting next_dagrun for example_weekday_branch_operator to 2024-05-22 00:00:00+00:00, run_after=2024-05-23 00:00:00+00:00
[2024-05-23T15:44:55.445+0700] {processor.py:183} INFO - Processing /mnt/d/Programming/Vietnamese-Text-Generator/airflow_env/lib/python3.10/site-packages/airflow/example_dags/example_branch_day_of_week_operator.py took 0.158 seconds
[2024-05-23T15:46:08.424+0700] {processor.py:161} INFO - Started process (PID=2424) to work on /mnt/d/Programming/Vietnamese-Text-Generator/airflow_env/lib/python3.10/site-packages/airflow/example_dags/example_branch_day_of_week_operator.py
[2024-05-23T15:46:08.426+0700] {processor.py:830} INFO - Processing file /mnt/d/Programming/Vietnamese-Text-Generator/airflow_env/lib/python3.10/site-packages/airflow/example_dags/example_branch_day_of_week_operator.py for tasks to queue
[2024-05-23T15:46:08.430+0700] {logging_mixin.py:188} INFO - [2024-05-23T15:46:08.428+0700] {dagbag.py:540} INFO - Filling up the DagBag from /mnt/d/Programming/Vietnamese-Text-Generator/airflow_env/lib/python3.10/site-packages/airflow/example_dags/example_branch_day_of_week_operator.py
[2024-05-23T15:46:08.455+0700] {processor.py:840} INFO - DAG(s) 'example_weekday_branch_operator' retrieved from /mnt/d/Programming/Vietnamese-Text-Generator/airflow_env/lib/python3.10/site-packages/airflow/example_dags/example_branch_day_of_week_operator.py
[2024-05-23T15:46:08.487+0700] {logging_mixin.py:188} INFO - [2024-05-23T15:46:08.486+0700] {dag.py:3096} INFO - Sync 1 DAGs
[2024-05-23T15:46:08.514+0700] {logging_mixin.py:188} INFO - [2024-05-23T15:46:08.513+0700] {dag.py:3954} INFO - Setting next_dagrun for example_weekday_branch_operator to 2024-05-22 00:00:00+00:00, run_after=2024-05-23 00:00:00+00:00
[2024-05-23T15:46:08.570+0700] {processor.py:183} INFO - Processing /mnt/d/Programming/Vietnamese-Text-Generator/airflow_env/lib/python3.10/site-packages/airflow/example_dags/example_branch_day_of_week_operator.py took 0.157 seconds
[2024-05-23T15:47:16.732+0700] {processor.py:161} INFO - Started process (PID=2757) to work on /mnt/d/Programming/Vietnamese-Text-Generator/airflow_env/lib/python3.10/site-packages/airflow/example_dags/example_branch_day_of_week_operator.py
[2024-05-23T15:47:16.734+0700] {processor.py:830} INFO - Processing file /mnt/d/Programming/Vietnamese-Text-Generator/airflow_env/lib/python3.10/site-packages/airflow/example_dags/example_branch_day_of_week_operator.py for tasks to queue
[2024-05-23T15:47:16.738+0700] {logging_mixin.py:188} INFO - [2024-05-23T15:47:16.736+0700] {dagbag.py:540} INFO - Filling up the DagBag from /mnt/d/Programming/Vietnamese-Text-Generator/airflow_env/lib/python3.10/site-packages/airflow/example_dags/example_branch_day_of_week_operator.py
[2024-05-23T15:47:16.769+0700] {processor.py:840} INFO - DAG(s) 'example_weekday_branch_operator' retrieved from /mnt/d/Programming/Vietnamese-Text-Generator/airflow_env/lib/python3.10/site-packages/airflow/example_dags/example_branch_day_of_week_operator.py
[2024-05-23T15:47:16.798+0700] {logging_mixin.py:188} INFO - [2024-05-23T15:47:16.796+0700] {dag.py:3096} INFO - Sync 1 DAGs
[2024-05-23T15:47:16.828+0700] {logging_mixin.py:188} INFO - [2024-05-23T15:47:16.826+0700] {dag.py:3954} INFO - Setting next_dagrun for example_weekday_branch_operator to 2024-05-22 00:00:00+00:00, run_after=2024-05-23 00:00:00+00:00
[2024-05-23T15:47:16.881+0700] {processor.py:183} INFO - Processing /mnt/d/Programming/Vietnamese-Text-Generator/airflow_env/lib/python3.10/site-packages/airflow/example_dags/example_branch_day_of_week_operator.py took 0.160 seconds
[2024-05-23T15:55:28.551+0700] {processor.py:161} INFO - Started process (PID=4876) to work on /mnt/d/Programming/Vietnamese-Text-Generator/airflow_env/lib/python3.10/site-packages/airflow/example_dags/example_branch_day_of_week_operator.py
[2024-05-23T15:55:28.553+0700] {processor.py:830} INFO - Processing file /mnt/d/Programming/Vietnamese-Text-Generator/airflow_env/lib/python3.10/site-packages/airflow/example_dags/example_branch_day_of_week_operator.py for tasks to queue
[2024-05-23T15:55:28.555+0700] {logging_mixin.py:188} INFO - [2024-05-23T15:55:28.554+0700] {dagbag.py:540} INFO - Filling up the DagBag from /mnt/d/Programming/Vietnamese-Text-Generator/airflow_env/lib/python3.10/site-packages/airflow/example_dags/example_branch_day_of_week_operator.py
[2024-05-23T15:55:28.580+0700] {processor.py:840} INFO - DAG(s) 'example_weekday_branch_operator' retrieved from /mnt/d/Programming/Vietnamese-Text-Generator/airflow_env/lib/python3.10/site-packages/airflow/example_dags/example_branch_day_of_week_operator.py
[2024-05-23T15:55:28.611+0700] {logging_mixin.py:188} INFO - [2024-05-23T15:55:28.610+0700] {dag.py:3096} INFO - Sync 1 DAGs
[2024-05-23T15:55:28.637+0700] {logging_mixin.py:188} INFO - [2024-05-23T15:55:28.636+0700] {dag.py:3954} INFO - Setting next_dagrun for example_weekday_branch_operator to 2024-05-22 00:00:00+00:00, run_after=2024-05-23 00:00:00+00:00
[2024-05-23T15:55:28.709+0700] {processor.py:183} INFO - Processing /mnt/d/Programming/Vietnamese-Text-Generator/airflow_env/lib/python3.10/site-packages/airflow/example_dags/example_branch_day_of_week_operator.py took 0.169 seconds
[2024-05-23T15:56:39.401+0700] {processor.py:161} INFO - Started process (PID=5210) to work on /mnt/d/Programming/Vietnamese-Text-Generator/airflow_env/lib/python3.10/site-packages/airflow/example_dags/example_branch_day_of_week_operator.py
[2024-05-23T15:56:39.402+0700] {processor.py:830} INFO - Processing file /mnt/d/Programming/Vietnamese-Text-Generator/airflow_env/lib/python3.10/site-packages/airflow/example_dags/example_branch_day_of_week_operator.py for tasks to queue
[2024-05-23T15:56:39.404+0700] {logging_mixin.py:188} INFO - [2024-05-23T15:56:39.403+0700] {dagbag.py:540} INFO - Filling up the DagBag from /mnt/d/Programming/Vietnamese-Text-Generator/airflow_env/lib/python3.10/site-packages/airflow/example_dags/example_branch_day_of_week_operator.py
[2024-05-23T15:56:39.429+0700] {processor.py:840} INFO - DAG(s) 'example_weekday_branch_operator' retrieved from /mnt/d/Programming/Vietnamese-Text-Generator/airflow_env/lib/python3.10/site-packages/airflow/example_dags/example_branch_day_of_week_operator.py
[2024-05-23T15:56:39.460+0700] {logging_mixin.py:188} INFO - [2024-05-23T15:56:39.459+0700] {dag.py:3096} INFO - Sync 1 DAGs
[2024-05-23T15:56:39.487+0700] {logging_mixin.py:188} INFO - [2024-05-23T15:56:39.486+0700] {dag.py:3954} INFO - Setting next_dagrun for example_weekday_branch_operator to 2024-05-22 00:00:00+00:00, run_after=2024-05-23 00:00:00+00:00
[2024-05-23T15:56:39.535+0700] {processor.py:183} INFO - Processing /mnt/d/Programming/Vietnamese-Text-Generator/airflow_env/lib/python3.10/site-packages/airflow/example_dags/example_branch_day_of_week_operator.py took 0.145 seconds
[2024-05-23T15:57:50.454+0700] {processor.py:161} INFO - Started process (PID=5545) to work on /mnt/d/Programming/Vietnamese-Text-Generator/airflow_env/lib/python3.10/site-packages/airflow/example_dags/example_branch_day_of_week_operator.py
[2024-05-23T15:57:50.456+0700] {processor.py:830} INFO - Processing file /mnt/d/Programming/Vietnamese-Text-Generator/airflow_env/lib/python3.10/site-packages/airflow/example_dags/example_branch_day_of_week_operator.py for tasks to queue
[2024-05-23T15:57:50.459+0700] {logging_mixin.py:188} INFO - [2024-05-23T15:57:50.458+0700] {dagbag.py:540} INFO - Filling up the DagBag from /mnt/d/Programming/Vietnamese-Text-Generator/airflow_env/lib/python3.10/site-packages/airflow/example_dags/example_branch_day_of_week_operator.py
[2024-05-23T15:57:50.499+0700] {processor.py:840} INFO - DAG(s) 'example_weekday_branch_operator' retrieved from /mnt/d/Programming/Vietnamese-Text-Generator/airflow_env/lib/python3.10/site-packages/airflow/example_dags/example_branch_day_of_week_operator.py
[2024-05-23T15:57:50.535+0700] {logging_mixin.py:188} INFO - [2024-05-23T15:57:50.534+0700] {dag.py:3096} INFO - Sync 1 DAGs
[2024-05-23T15:57:50.565+0700] {logging_mixin.py:188} INFO - [2024-05-23T15:57:50.564+0700] {dag.py:3954} INFO - Setting next_dagrun for example_weekday_branch_operator to 2024-05-22 00:00:00+00:00, run_after=2024-05-23 00:00:00+00:00
[2024-05-23T15:57:50.638+0700] {processor.py:183} INFO - Processing /mnt/d/Programming/Vietnamese-Text-Generator/airflow_env/lib/python3.10/site-packages/airflow/example_dags/example_branch_day_of_week_operator.py took 0.201 seconds
[2024-05-23T15:58:57.921+0700] {processor.py:161} INFO - Started process (PID=5863) to work on /mnt/d/Programming/Vietnamese-Text-Generator/airflow_env/lib/python3.10/site-packages/airflow/example_dags/example_branch_day_of_week_operator.py
[2024-05-23T15:58:57.923+0700] {processor.py:830} INFO - Processing file /mnt/d/Programming/Vietnamese-Text-Generator/airflow_env/lib/python3.10/site-packages/airflow/example_dags/example_branch_day_of_week_operator.py for tasks to queue
[2024-05-23T15:58:57.925+0700] {logging_mixin.py:188} INFO - [2024-05-23T15:58:57.924+0700] {dagbag.py:540} INFO - Filling up the DagBag from /mnt/d/Programming/Vietnamese-Text-Generator/airflow_env/lib/python3.10/site-packages/airflow/example_dags/example_branch_day_of_week_operator.py
[2024-05-23T15:58:57.952+0700] {processor.py:840} INFO - DAG(s) 'example_weekday_branch_operator' retrieved from /mnt/d/Programming/Vietnamese-Text-Generator/airflow_env/lib/python3.10/site-packages/airflow/example_dags/example_branch_day_of_week_operator.py
[2024-05-23T15:58:57.984+0700] {logging_mixin.py:188} INFO - [2024-05-23T15:58:57.982+0700] {dag.py:3096} INFO - Sync 1 DAGs
[2024-05-23T15:58:58.009+0700] {logging_mixin.py:188} INFO - [2024-05-23T15:58:58.008+0700] {dag.py:3954} INFO - Setting next_dagrun for example_weekday_branch_operator to 2024-05-22 00:00:00+00:00, run_after=2024-05-23 00:00:00+00:00
[2024-05-23T15:58:58.076+0700] {processor.py:183} INFO - Processing /mnt/d/Programming/Vietnamese-Text-Generator/airflow_env/lib/python3.10/site-packages/airflow/example_dags/example_branch_day_of_week_operator.py took 0.166 seconds
[2024-05-23T16:00:09.461+0700] {processor.py:161} INFO - Started process (PID=6202) to work on /mnt/d/Programming/Vietnamese-Text-Generator/airflow_env/lib/python3.10/site-packages/airflow/example_dags/example_branch_day_of_week_operator.py
[2024-05-23T16:00:09.463+0700] {processor.py:830} INFO - Processing file /mnt/d/Programming/Vietnamese-Text-Generator/airflow_env/lib/python3.10/site-packages/airflow/example_dags/example_branch_day_of_week_operator.py for tasks to queue
[2024-05-23T16:00:09.467+0700] {logging_mixin.py:188} INFO - [2024-05-23T16:00:09.465+0700] {dagbag.py:540} INFO - Filling up the DagBag from /mnt/d/Programming/Vietnamese-Text-Generator/airflow_env/lib/python3.10/site-packages/airflow/example_dags/example_branch_day_of_week_operator.py
[2024-05-23T16:00:09.492+0700] {processor.py:840} INFO - DAG(s) 'example_weekday_branch_operator' retrieved from /mnt/d/Programming/Vietnamese-Text-Generator/airflow_env/lib/python3.10/site-packages/airflow/example_dags/example_branch_day_of_week_operator.py
[2024-05-23T16:00:09.525+0700] {logging_mixin.py:188} INFO - [2024-05-23T16:00:09.524+0700] {dag.py:3096} INFO - Sync 1 DAGs
[2024-05-23T16:00:09.552+0700] {logging_mixin.py:188} INFO - [2024-05-23T16:00:09.551+0700] {dag.py:3954} INFO - Setting next_dagrun for example_weekday_branch_operator to 2024-05-22 00:00:00+00:00, run_after=2024-05-23 00:00:00+00:00
[2024-05-23T16:00:09.609+0700] {processor.py:183} INFO - Processing /mnt/d/Programming/Vietnamese-Text-Generator/airflow_env/lib/python3.10/site-packages/airflow/example_dags/example_branch_day_of_week_operator.py took 0.160 seconds
[2024-05-23T16:01:17.567+0700] {processor.py:161} INFO - Started process (PID=6523) to work on /mnt/d/Programming/Vietnamese-Text-Generator/airflow_env/lib/python3.10/site-packages/airflow/example_dags/example_branch_day_of_week_operator.py
[2024-05-23T16:01:17.569+0700] {processor.py:830} INFO - Processing file /mnt/d/Programming/Vietnamese-Text-Generator/airflow_env/lib/python3.10/site-packages/airflow/example_dags/example_branch_day_of_week_operator.py for tasks to queue
[2024-05-23T16:01:17.572+0700] {logging_mixin.py:188} INFO - [2024-05-23T16:01:17.570+0700] {dagbag.py:540} INFO - Filling up the DagBag from /mnt/d/Programming/Vietnamese-Text-Generator/airflow_env/lib/python3.10/site-packages/airflow/example_dags/example_branch_day_of_week_operator.py
[2024-05-23T16:01:17.599+0700] {processor.py:840} INFO - DAG(s) 'example_weekday_branch_operator' retrieved from /mnt/d/Programming/Vietnamese-Text-Generator/airflow_env/lib/python3.10/site-packages/airflow/example_dags/example_branch_day_of_week_operator.py
[2024-05-23T16:01:17.629+0700] {logging_mixin.py:188} INFO - [2024-05-23T16:01:17.627+0700] {dag.py:3096} INFO - Sync 1 DAGs
[2024-05-23T16:01:17.654+0700] {logging_mixin.py:188} INFO - [2024-05-23T16:01:17.653+0700] {dag.py:3954} INFO - Setting next_dagrun for example_weekday_branch_operator to 2024-05-22 00:00:00+00:00, run_after=2024-05-23 00:00:00+00:00
[2024-05-23T16:01:17.704+0700] {processor.py:183} INFO - Processing /mnt/d/Programming/Vietnamese-Text-Generator/airflow_env/lib/python3.10/site-packages/airflow/example_dags/example_branch_day_of_week_operator.py took 0.151 seconds
[2024-05-23T16:02:22.823+0700] {processor.py:161} INFO - Started process (PID=6831) to work on /mnt/d/Programming/Vietnamese-Text-Generator/airflow_env/lib/python3.10/site-packages/airflow/example_dags/example_branch_day_of_week_operator.py
[2024-05-23T16:02:22.825+0700] {processor.py:830} INFO - Processing file /mnt/d/Programming/Vietnamese-Text-Generator/airflow_env/lib/python3.10/site-packages/airflow/example_dags/example_branch_day_of_week_operator.py for tasks to queue
[2024-05-23T16:02:22.827+0700] {logging_mixin.py:188} INFO - [2024-05-23T16:02:22.826+0700] {dagbag.py:540} INFO - Filling up the DagBag from /mnt/d/Programming/Vietnamese-Text-Generator/airflow_env/lib/python3.10/site-packages/airflow/example_dags/example_branch_day_of_week_operator.py
[2024-05-23T16:02:22.854+0700] {processor.py:840} INFO - DAG(s) 'example_weekday_branch_operator' retrieved from /mnt/d/Programming/Vietnamese-Text-Generator/airflow_env/lib/python3.10/site-packages/airflow/example_dags/example_branch_day_of_week_operator.py
[2024-05-23T16:02:22.882+0700] {logging_mixin.py:188} INFO - [2024-05-23T16:02:22.881+0700] {dag.py:3096} INFO - Sync 1 DAGs
[2024-05-23T16:02:22.912+0700] {logging_mixin.py:188} INFO - [2024-05-23T16:02:22.910+0700] {dag.py:3954} INFO - Setting next_dagrun for example_weekday_branch_operator to 2024-05-22 00:00:00+00:00, run_after=2024-05-23 00:00:00+00:00
[2024-05-23T16:02:22.964+0700] {processor.py:183} INFO - Processing /mnt/d/Programming/Vietnamese-Text-Generator/airflow_env/lib/python3.10/site-packages/airflow/example_dags/example_branch_day_of_week_operator.py took 0.153 seconds
[2024-05-23T16:03:33.678+0700] {processor.py:161} INFO - Started process (PID=7163) to work on /mnt/d/Programming/Vietnamese-Text-Generator/airflow_env/lib/python3.10/site-packages/airflow/example_dags/example_branch_day_of_week_operator.py
[2024-05-23T16:03:33.679+0700] {processor.py:830} INFO - Processing file /mnt/d/Programming/Vietnamese-Text-Generator/airflow_env/lib/python3.10/site-packages/airflow/example_dags/example_branch_day_of_week_operator.py for tasks to queue
[2024-05-23T16:03:33.681+0700] {logging_mixin.py:188} INFO - [2024-05-23T16:03:33.680+0700] {dagbag.py:540} INFO - Filling up the DagBag from /mnt/d/Programming/Vietnamese-Text-Generator/airflow_env/lib/python3.10/site-packages/airflow/example_dags/example_branch_day_of_week_operator.py
[2024-05-23T16:03:33.706+0700] {processor.py:840} INFO - DAG(s) 'example_weekday_branch_operator' retrieved from /mnt/d/Programming/Vietnamese-Text-Generator/airflow_env/lib/python3.10/site-packages/airflow/example_dags/example_branch_day_of_week_operator.py
[2024-05-23T16:03:33.734+0700] {logging_mixin.py:188} INFO - [2024-05-23T16:03:33.733+0700] {dag.py:3096} INFO - Sync 1 DAGs
[2024-05-23T16:03:33.762+0700] {logging_mixin.py:188} INFO - [2024-05-23T16:03:33.761+0700] {dag.py:3954} INFO - Setting next_dagrun for example_weekday_branch_operator to 2024-05-22 00:00:00+00:00, run_after=2024-05-23 00:00:00+00:00
[2024-05-23T16:03:33.815+0700] {processor.py:183} INFO - Processing /mnt/d/Programming/Vietnamese-Text-Generator/airflow_env/lib/python3.10/site-packages/airflow/example_dags/example_branch_day_of_week_operator.py took 0.149 seconds
[2024-05-23T16:35:46.257+0700] {processor.py:161} INFO - Started process (PID=17254) to work on /mnt/d/Programming/Vietnamese-Text-Generator/airflow_env/lib/python3.10/site-packages/airflow/example_dags/example_branch_day_of_week_operator.py
[2024-05-23T16:35:46.260+0700] {processor.py:830} INFO - Processing file /mnt/d/Programming/Vietnamese-Text-Generator/airflow_env/lib/python3.10/site-packages/airflow/example_dags/example_branch_day_of_week_operator.py for tasks to queue
[2024-05-23T16:35:46.264+0700] {logging_mixin.py:188} INFO - [2024-05-23T16:35:46.263+0700] {dagbag.py:540} INFO - Filling up the DagBag from /mnt/d/Programming/Vietnamese-Text-Generator/airflow_env/lib/python3.10/site-packages/airflow/example_dags/example_branch_day_of_week_operator.py
[2024-05-23T16:35:46.299+0700] {processor.py:840} INFO - DAG(s) 'example_weekday_branch_operator' retrieved from /mnt/d/Programming/Vietnamese-Text-Generator/airflow_env/lib/python3.10/site-packages/airflow/example_dags/example_branch_day_of_week_operator.py
[2024-05-23T16:35:46.336+0700] {logging_mixin.py:188} INFO - [2024-05-23T16:35:46.335+0700] {dag.py:3096} INFO - Sync 1 DAGs
[2024-05-23T16:35:46.366+0700] {logging_mixin.py:188} INFO - [2024-05-23T16:35:46.366+0700] {dag.py:3954} INFO - Setting next_dagrun for example_weekday_branch_operator to 2024-05-22 00:00:00+00:00, run_after=2024-05-23 00:00:00+00:00
[2024-05-23T16:35:46.440+0700] {processor.py:183} INFO - Processing /mnt/d/Programming/Vietnamese-Text-Generator/airflow_env/lib/python3.10/site-packages/airflow/example_dags/example_branch_day_of_week_operator.py took 0.198 seconds
[2024-05-23T16:37:02.698+0700] {processor.py:161} INFO - Started process (PID=17609) to work on /mnt/d/Programming/Vietnamese-Text-Generator/airflow_env/lib/python3.10/site-packages/airflow/example_dags/example_branch_day_of_week_operator.py
[2024-05-23T16:37:02.700+0700] {processor.py:830} INFO - Processing file /mnt/d/Programming/Vietnamese-Text-Generator/airflow_env/lib/python3.10/site-packages/airflow/example_dags/example_branch_day_of_week_operator.py for tasks to queue
[2024-05-23T16:37:02.704+0700] {logging_mixin.py:188} INFO - [2024-05-23T16:37:02.702+0700] {dagbag.py:540} INFO - Filling up the DagBag from /mnt/d/Programming/Vietnamese-Text-Generator/airflow_env/lib/python3.10/site-packages/airflow/example_dags/example_branch_day_of_week_operator.py
[2024-05-23T16:37:02.729+0700] {processor.py:840} INFO - DAG(s) 'example_weekday_branch_operator' retrieved from /mnt/d/Programming/Vietnamese-Text-Generator/airflow_env/lib/python3.10/site-packages/airflow/example_dags/example_branch_day_of_week_operator.py
[2024-05-23T16:37:02.757+0700] {logging_mixin.py:188} INFO - [2024-05-23T16:37:02.755+0700] {dag.py:3096} INFO - Sync 1 DAGs
[2024-05-23T16:37:02.782+0700] {logging_mixin.py:188} INFO - [2024-05-23T16:37:02.781+0700] {dag.py:3954} INFO - Setting next_dagrun for example_weekday_branch_operator to 2024-05-22 00:00:00+00:00, run_after=2024-05-23 00:00:00+00:00
[2024-05-23T16:37:02.846+0700] {processor.py:183} INFO - Processing /mnt/d/Programming/Vietnamese-Text-Generator/airflow_env/lib/python3.10/site-packages/airflow/example_dags/example_branch_day_of_week_operator.py took 0.161 seconds
[2024-05-23T16:50:36.228+0700] {processor.py:161} INFO - Started process (PID=21086) to work on /mnt/d/Programming/Vietnamese-Text-Generator/airflow_env/lib/python3.10/site-packages/airflow/example_dags/example_branch_day_of_week_operator.py
[2024-05-23T16:50:36.230+0700] {processor.py:830} INFO - Processing file /mnt/d/Programming/Vietnamese-Text-Generator/airflow_env/lib/python3.10/site-packages/airflow/example_dags/example_branch_day_of_week_operator.py for tasks to queue
[2024-05-23T16:50:36.233+0700] {logging_mixin.py:188} INFO - [2024-05-23T16:50:36.231+0700] {dagbag.py:540} INFO - Filling up the DagBag from /mnt/d/Programming/Vietnamese-Text-Generator/airflow_env/lib/python3.10/site-packages/airflow/example_dags/example_branch_day_of_week_operator.py
[2024-05-23T16:50:36.260+0700] {processor.py:840} INFO - DAG(s) 'example_weekday_branch_operator' retrieved from /mnt/d/Programming/Vietnamese-Text-Generator/airflow_env/lib/python3.10/site-packages/airflow/example_dags/example_branch_day_of_week_operator.py
[2024-05-23T16:50:36.294+0700] {logging_mixin.py:188} INFO - [2024-05-23T16:50:36.293+0700] {dag.py:3096} INFO - Sync 1 DAGs
[2024-05-23T16:50:36.321+0700] {logging_mixin.py:188} INFO - [2024-05-23T16:50:36.320+0700] {dag.py:3954} INFO - Setting next_dagrun for example_weekday_branch_operator to 2024-05-22 00:00:00+00:00, run_after=2024-05-23 00:00:00+00:00
[2024-05-23T16:50:36.385+0700] {processor.py:183} INFO - Processing /mnt/d/Programming/Vietnamese-Text-Generator/airflow_env/lib/python3.10/site-packages/airflow/example_dags/example_branch_day_of_week_operator.py took 0.169 seconds
[2024-05-23T16:51:59.541+0700] {processor.py:161} INFO - Started process (PID=21472) to work on /mnt/d/Programming/Vietnamese-Text-Generator/airflow_env/lib/python3.10/site-packages/airflow/example_dags/example_branch_day_of_week_operator.py
[2024-05-23T16:51:59.544+0700] {processor.py:830} INFO - Processing file /mnt/d/Programming/Vietnamese-Text-Generator/airflow_env/lib/python3.10/site-packages/airflow/example_dags/example_branch_day_of_week_operator.py for tasks to queue
[2024-05-23T16:51:59.548+0700] {logging_mixin.py:188} INFO - [2024-05-23T16:51:59.546+0700] {dagbag.py:540} INFO - Filling up the DagBag from /mnt/d/Programming/Vietnamese-Text-Generator/airflow_env/lib/python3.10/site-packages/airflow/example_dags/example_branch_day_of_week_operator.py
[2024-05-23T16:51:59.606+0700] {processor.py:840} INFO - DAG(s) 'example_weekday_branch_operator' retrieved from /mnt/d/Programming/Vietnamese-Text-Generator/airflow_env/lib/python3.10/site-packages/airflow/example_dags/example_branch_day_of_week_operator.py
[2024-05-23T16:51:59.693+0700] {logging_mixin.py:188} INFO - [2024-05-23T16:51:59.691+0700] {dag.py:3096} INFO - Sync 1 DAGs
[2024-05-23T16:51:59.786+0700] {logging_mixin.py:188} INFO - [2024-05-23T16:51:59.784+0700] {dag.py:3954} INFO - Setting next_dagrun for example_weekday_branch_operator to 2024-05-22 00:00:00+00:00, run_after=2024-05-23 00:00:00+00:00
[2024-05-23T16:51:59.955+0700] {processor.py:183} INFO - Processing /mnt/d/Programming/Vietnamese-Text-Generator/airflow_env/lib/python3.10/site-packages/airflow/example_dags/example_branch_day_of_week_operator.py took 0.448 seconds
[2024-05-23T16:53:14.470+0700] {processor.py:161} INFO - Started process (PID=21820) to work on /mnt/d/Programming/Vietnamese-Text-Generator/airflow_env/lib/python3.10/site-packages/airflow/example_dags/example_branch_day_of_week_operator.py
[2024-05-23T16:53:14.472+0700] {processor.py:830} INFO - Processing file /mnt/d/Programming/Vietnamese-Text-Generator/airflow_env/lib/python3.10/site-packages/airflow/example_dags/example_branch_day_of_week_operator.py for tasks to queue
[2024-05-23T16:53:14.476+0700] {logging_mixin.py:188} INFO - [2024-05-23T16:53:14.474+0700] {dagbag.py:540} INFO - Filling up the DagBag from /mnt/d/Programming/Vietnamese-Text-Generator/airflow_env/lib/python3.10/site-packages/airflow/example_dags/example_branch_day_of_week_operator.py
[2024-05-23T16:53:14.502+0700] {processor.py:840} INFO - DAG(s) 'example_weekday_branch_operator' retrieved from /mnt/d/Programming/Vietnamese-Text-Generator/airflow_env/lib/python3.10/site-packages/airflow/example_dags/example_branch_day_of_week_operator.py
[2024-05-23T16:53:14.534+0700] {logging_mixin.py:188} INFO - [2024-05-23T16:53:14.533+0700] {dag.py:3096} INFO - Sync 1 DAGs
[2024-05-23T16:53:14.562+0700] {logging_mixin.py:188} INFO - [2024-05-23T16:53:14.561+0700] {dag.py:3954} INFO - Setting next_dagrun for example_weekday_branch_operator to 2024-05-22 00:00:00+00:00, run_after=2024-05-23 00:00:00+00:00
[2024-05-23T16:53:14.631+0700] {processor.py:183} INFO - Processing /mnt/d/Programming/Vietnamese-Text-Generator/airflow_env/lib/python3.10/site-packages/airflow/example_dags/example_branch_day_of_week_operator.py took 0.180 seconds
[2024-05-23T16:54:24.078+0700] {processor.py:161} INFO - Started process (PID=22144) to work on /mnt/d/Programming/Vietnamese-Text-Generator/airflow_env/lib/python3.10/site-packages/airflow/example_dags/example_branch_day_of_week_operator.py
[2024-05-23T16:54:24.079+0700] {processor.py:830} INFO - Processing file /mnt/d/Programming/Vietnamese-Text-Generator/airflow_env/lib/python3.10/site-packages/airflow/example_dags/example_branch_day_of_week_operator.py for tasks to queue
[2024-05-23T16:54:24.081+0700] {logging_mixin.py:188} INFO - [2024-05-23T16:54:24.080+0700] {dagbag.py:540} INFO - Filling up the DagBag from /mnt/d/Programming/Vietnamese-Text-Generator/airflow_env/lib/python3.10/site-packages/airflow/example_dags/example_branch_day_of_week_operator.py
[2024-05-23T16:54:24.108+0700] {processor.py:840} INFO - DAG(s) 'example_weekday_branch_operator' retrieved from /mnt/d/Programming/Vietnamese-Text-Generator/airflow_env/lib/python3.10/site-packages/airflow/example_dags/example_branch_day_of_week_operator.py
[2024-05-23T16:54:24.141+0700] {logging_mixin.py:188} INFO - [2024-05-23T16:54:24.139+0700] {dag.py:3096} INFO - Sync 1 DAGs
[2024-05-23T16:54:24.169+0700] {logging_mixin.py:188} INFO - [2024-05-23T16:54:24.167+0700] {dag.py:3954} INFO - Setting next_dagrun for example_weekday_branch_operator to 2024-05-22 00:00:00+00:00, run_after=2024-05-23 00:00:00+00:00
[2024-05-23T16:54:24.227+0700] {processor.py:183} INFO - Processing /mnt/d/Programming/Vietnamese-Text-Generator/airflow_env/lib/python3.10/site-packages/airflow/example_dags/example_branch_day_of_week_operator.py took 0.162 seconds
[2024-05-23T16:55:33.746+0700] {processor.py:161} INFO - Started process (PID=22473) to work on /mnt/d/Programming/Vietnamese-Text-Generator/airflow_env/lib/python3.10/site-packages/airflow/example_dags/example_branch_day_of_week_operator.py
[2024-05-23T16:55:33.748+0700] {processor.py:830} INFO - Processing file /mnt/d/Programming/Vietnamese-Text-Generator/airflow_env/lib/python3.10/site-packages/airflow/example_dags/example_branch_day_of_week_operator.py for tasks to queue
[2024-05-23T16:55:33.749+0700] {logging_mixin.py:188} INFO - [2024-05-23T16:55:33.749+0700] {dagbag.py:540} INFO - Filling up the DagBag from /mnt/d/Programming/Vietnamese-Text-Generator/airflow_env/lib/python3.10/site-packages/airflow/example_dags/example_branch_day_of_week_operator.py
[2024-05-23T16:55:33.776+0700] {processor.py:840} INFO - DAG(s) 'example_weekday_branch_operator' retrieved from /mnt/d/Programming/Vietnamese-Text-Generator/airflow_env/lib/python3.10/site-packages/airflow/example_dags/example_branch_day_of_week_operator.py
[2024-05-23T16:55:33.807+0700] {logging_mixin.py:188} INFO - [2024-05-23T16:55:33.806+0700] {dag.py:3096} INFO - Sync 1 DAGs
[2024-05-23T16:55:33.836+0700] {logging_mixin.py:188} INFO - [2024-05-23T16:55:33.834+0700] {dag.py:3954} INFO - Setting next_dagrun for example_weekday_branch_operator to 2024-05-22 00:00:00+00:00, run_after=2024-05-23 00:00:00+00:00
[2024-05-23T16:55:33.910+0700] {processor.py:183} INFO - Processing /mnt/d/Programming/Vietnamese-Text-Generator/airflow_env/lib/python3.10/site-packages/airflow/example_dags/example_branch_day_of_week_operator.py took 0.177 seconds
[2024-05-23T16:56:39.300+0700] {processor.py:161} INFO - Started process (PID=22780) to work on /mnt/d/Programming/Vietnamese-Text-Generator/airflow_env/lib/python3.10/site-packages/airflow/example_dags/example_branch_day_of_week_operator.py
[2024-05-23T16:56:39.301+0700] {processor.py:830} INFO - Processing file /mnt/d/Programming/Vietnamese-Text-Generator/airflow_env/lib/python3.10/site-packages/airflow/example_dags/example_branch_day_of_week_operator.py for tasks to queue
[2024-05-23T16:56:39.304+0700] {logging_mixin.py:188} INFO - [2024-05-23T16:56:39.303+0700] {dagbag.py:540} INFO - Filling up the DagBag from /mnt/d/Programming/Vietnamese-Text-Generator/airflow_env/lib/python3.10/site-packages/airflow/example_dags/example_branch_day_of_week_operator.py
[2024-05-23T16:56:39.336+0700] {processor.py:840} INFO - DAG(s) 'example_weekday_branch_operator' retrieved from /mnt/d/Programming/Vietnamese-Text-Generator/airflow_env/lib/python3.10/site-packages/airflow/example_dags/example_branch_day_of_week_operator.py
[2024-05-23T16:56:39.367+0700] {logging_mixin.py:188} INFO - [2024-05-23T16:56:39.366+0700] {dag.py:3096} INFO - Sync 1 DAGs
[2024-05-23T16:56:39.395+0700] {logging_mixin.py:188} INFO - [2024-05-23T16:56:39.394+0700] {dag.py:3954} INFO - Setting next_dagrun for example_weekday_branch_operator to 2024-05-22 00:00:00+00:00, run_after=2024-05-23 00:00:00+00:00
[2024-05-23T16:56:39.461+0700] {processor.py:183} INFO - Processing /mnt/d/Programming/Vietnamese-Text-Generator/airflow_env/lib/python3.10/site-packages/airflow/example_dags/example_branch_day_of_week_operator.py took 0.174 seconds
[2024-05-23T16:57:50.257+0700] {processor.py:161} INFO - Started process (PID=23112) to work on /mnt/d/Programming/Vietnamese-Text-Generator/airflow_env/lib/python3.10/site-packages/airflow/example_dags/example_branch_day_of_week_operator.py
[2024-05-23T16:57:50.260+0700] {processor.py:830} INFO - Processing file /mnt/d/Programming/Vietnamese-Text-Generator/airflow_env/lib/python3.10/site-packages/airflow/example_dags/example_branch_day_of_week_operator.py for tasks to queue
[2024-05-23T16:57:50.262+0700] {logging_mixin.py:188} INFO - [2024-05-23T16:57:50.261+0700] {dagbag.py:540} INFO - Filling up the DagBag from /mnt/d/Programming/Vietnamese-Text-Generator/airflow_env/lib/python3.10/site-packages/airflow/example_dags/example_branch_day_of_week_operator.py
[2024-05-23T16:57:50.287+0700] {processor.py:840} INFO - DAG(s) 'example_weekday_branch_operator' retrieved from /mnt/d/Programming/Vietnamese-Text-Generator/airflow_env/lib/python3.10/site-packages/airflow/example_dags/example_branch_day_of_week_operator.py
[2024-05-23T16:57:50.318+0700] {logging_mixin.py:188} INFO - [2024-05-23T16:57:50.317+0700] {dag.py:3096} INFO - Sync 1 DAGs
[2024-05-23T16:57:50.348+0700] {logging_mixin.py:188} INFO - [2024-05-23T16:57:50.347+0700] {dag.py:3954} INFO - Setting next_dagrun for example_weekday_branch_operator to 2024-05-22 00:00:00+00:00, run_after=2024-05-23 00:00:00+00:00
[2024-05-23T16:57:50.423+0700] {processor.py:183} INFO - Processing /mnt/d/Programming/Vietnamese-Text-Generator/airflow_env/lib/python3.10/site-packages/airflow/example_dags/example_branch_day_of_week_operator.py took 0.179 seconds
[2024-05-23T16:58:59.314+0700] {processor.py:161} INFO - Started process (PID=23434) to work on /mnt/d/Programming/Vietnamese-Text-Generator/airflow_env/lib/python3.10/site-packages/airflow/example_dags/example_branch_day_of_week_operator.py
[2024-05-23T16:58:59.316+0700] {processor.py:830} INFO - Processing file /mnt/d/Programming/Vietnamese-Text-Generator/airflow_env/lib/python3.10/site-packages/airflow/example_dags/example_branch_day_of_week_operator.py for tasks to queue
[2024-05-23T16:58:59.320+0700] {logging_mixin.py:188} INFO - [2024-05-23T16:58:59.319+0700] {dagbag.py:540} INFO - Filling up the DagBag from /mnt/d/Programming/Vietnamese-Text-Generator/airflow_env/lib/python3.10/site-packages/airflow/example_dags/example_branch_day_of_week_operator.py
[2024-05-23T16:58:59.359+0700] {processor.py:840} INFO - DAG(s) 'example_weekday_branch_operator' retrieved from /mnt/d/Programming/Vietnamese-Text-Generator/airflow_env/lib/python3.10/site-packages/airflow/example_dags/example_branch_day_of_week_operator.py
[2024-05-23T16:58:59.402+0700] {logging_mixin.py:188} INFO - [2024-05-23T16:58:59.401+0700] {dag.py:3096} INFO - Sync 1 DAGs
[2024-05-23T16:58:59.451+0700] {logging_mixin.py:188} INFO - [2024-05-23T16:58:59.450+0700] {dag.py:3954} INFO - Setting next_dagrun for example_weekday_branch_operator to 2024-05-22 00:00:00+00:00, run_after=2024-05-23 00:00:00+00:00
[2024-05-23T16:58:59.541+0700] {processor.py:183} INFO - Processing /mnt/d/Programming/Vietnamese-Text-Generator/airflow_env/lib/python3.10/site-packages/airflow/example_dags/example_branch_day_of_week_operator.py took 0.241 seconds
[2024-05-23T17:00:10.676+0700] {processor.py:161} INFO - Started process (PID=23767) to work on /mnt/d/Programming/Vietnamese-Text-Generator/airflow_env/lib/python3.10/site-packages/airflow/example_dags/example_branch_day_of_week_operator.py
[2024-05-23T17:00:10.677+0700] {processor.py:830} INFO - Processing file /mnt/d/Programming/Vietnamese-Text-Generator/airflow_env/lib/python3.10/site-packages/airflow/example_dags/example_branch_day_of_week_operator.py for tasks to queue
[2024-05-23T17:00:10.681+0700] {logging_mixin.py:188} INFO - [2024-05-23T17:00:10.680+0700] {dagbag.py:540} INFO - Filling up the DagBag from /mnt/d/Programming/Vietnamese-Text-Generator/airflow_env/lib/python3.10/site-packages/airflow/example_dags/example_branch_day_of_week_operator.py
[2024-05-23T17:00:10.706+0700] {processor.py:840} INFO - DAG(s) 'example_weekday_branch_operator' retrieved from /mnt/d/Programming/Vietnamese-Text-Generator/airflow_env/lib/python3.10/site-packages/airflow/example_dags/example_branch_day_of_week_operator.py
[2024-05-23T17:00:10.738+0700] {logging_mixin.py:188} INFO - [2024-05-23T17:00:10.737+0700] {dag.py:3096} INFO - Sync 1 DAGs
[2024-05-23T17:00:10.768+0700] {logging_mixin.py:188} INFO - [2024-05-23T17:00:10.767+0700] {dag.py:3954} INFO - Setting next_dagrun for example_weekday_branch_operator to 2024-05-22 00:00:00+00:00, run_after=2024-05-23 00:00:00+00:00
[2024-05-23T17:00:10.839+0700] {processor.py:183} INFO - Processing /mnt/d/Programming/Vietnamese-Text-Generator/airflow_env/lib/python3.10/site-packages/airflow/example_dags/example_branch_day_of_week_operator.py took 0.175 seconds
[2024-05-23T17:01:17.398+0700] {processor.py:161} INFO - Started process (PID=24077) to work on /mnt/d/Programming/Vietnamese-Text-Generator/airflow_env/lib/python3.10/site-packages/airflow/example_dags/example_branch_day_of_week_operator.py
[2024-05-23T17:01:17.400+0700] {processor.py:830} INFO - Processing file /mnt/d/Programming/Vietnamese-Text-Generator/airflow_env/lib/python3.10/site-packages/airflow/example_dags/example_branch_day_of_week_operator.py for tasks to queue
[2024-05-23T17:01:17.403+0700] {logging_mixin.py:188} INFO - [2024-05-23T17:01:17.402+0700] {dagbag.py:540} INFO - Filling up the DagBag from /mnt/d/Programming/Vietnamese-Text-Generator/airflow_env/lib/python3.10/site-packages/airflow/example_dags/example_branch_day_of_week_operator.py
[2024-05-23T17:01:17.427+0700] {processor.py:840} INFO - DAG(s) 'example_weekday_branch_operator' retrieved from /mnt/d/Programming/Vietnamese-Text-Generator/airflow_env/lib/python3.10/site-packages/airflow/example_dags/example_branch_day_of_week_operator.py
[2024-05-23T17:01:17.465+0700] {logging_mixin.py:188} INFO - [2024-05-23T17:01:17.463+0700] {dag.py:3096} INFO - Sync 1 DAGs
[2024-05-23T17:01:17.493+0700] {logging_mixin.py:188} INFO - [2024-05-23T17:01:17.492+0700] {dag.py:3954} INFO - Setting next_dagrun for example_weekday_branch_operator to 2024-05-22 00:00:00+00:00, run_after=2024-05-23 00:00:00+00:00
[2024-05-23T17:01:17.551+0700] {processor.py:183} INFO - Processing /mnt/d/Programming/Vietnamese-Text-Generator/airflow_env/lib/python3.10/site-packages/airflow/example_dags/example_branch_day_of_week_operator.py took 0.164 seconds
[2024-05-23T17:02:26.669+0700] {processor.py:161} INFO - Started process (PID=24400) to work on /mnt/d/Programming/Vietnamese-Text-Generator/airflow_env/lib/python3.10/site-packages/airflow/example_dags/example_branch_day_of_week_operator.py
[2024-05-23T17:02:26.671+0700] {processor.py:830} INFO - Processing file /mnt/d/Programming/Vietnamese-Text-Generator/airflow_env/lib/python3.10/site-packages/airflow/example_dags/example_branch_day_of_week_operator.py for tasks to queue
[2024-05-23T17:02:26.674+0700] {logging_mixin.py:188} INFO - [2024-05-23T17:02:26.672+0700] {dagbag.py:540} INFO - Filling up the DagBag from /mnt/d/Programming/Vietnamese-Text-Generator/airflow_env/lib/python3.10/site-packages/airflow/example_dags/example_branch_day_of_week_operator.py
[2024-05-23T17:02:26.707+0700] {processor.py:840} INFO - DAG(s) 'example_weekday_branch_operator' retrieved from /mnt/d/Programming/Vietnamese-Text-Generator/airflow_env/lib/python3.10/site-packages/airflow/example_dags/example_branch_day_of_week_operator.py
[2024-05-23T17:02:26.735+0700] {logging_mixin.py:188} INFO - [2024-05-23T17:02:26.734+0700] {dag.py:3096} INFO - Sync 1 DAGs
[2024-05-23T17:02:26.756+0700] {logging_mixin.py:188} INFO - [2024-05-23T17:02:26.756+0700] {dag.py:3954} INFO - Setting next_dagrun for example_weekday_branch_operator to 2024-05-22 00:00:00+00:00, run_after=2024-05-23 00:00:00+00:00
[2024-05-23T17:02:26.807+0700] {processor.py:183} INFO - Processing /mnt/d/Programming/Vietnamese-Text-Generator/airflow_env/lib/python3.10/site-packages/airflow/example_dags/example_branch_day_of_week_operator.py took 0.153 seconds
[2024-05-23T17:03:38.595+0700] {processor.py:161} INFO - Started process (PID=24734) to work on /mnt/d/Programming/Vietnamese-Text-Generator/airflow_env/lib/python3.10/site-packages/airflow/example_dags/example_branch_day_of_week_operator.py
[2024-05-23T17:03:38.597+0700] {processor.py:830} INFO - Processing file /mnt/d/Programming/Vietnamese-Text-Generator/airflow_env/lib/python3.10/site-packages/airflow/example_dags/example_branch_day_of_week_operator.py for tasks to queue
[2024-05-23T17:03:38.600+0700] {logging_mixin.py:188} INFO - [2024-05-23T17:03:38.599+0700] {dagbag.py:540} INFO - Filling up the DagBag from /mnt/d/Programming/Vietnamese-Text-Generator/airflow_env/lib/python3.10/site-packages/airflow/example_dags/example_branch_day_of_week_operator.py
[2024-05-23T17:03:38.628+0700] {processor.py:840} INFO - DAG(s) 'example_weekday_branch_operator' retrieved from /mnt/d/Programming/Vietnamese-Text-Generator/airflow_env/lib/python3.10/site-packages/airflow/example_dags/example_branch_day_of_week_operator.py
[2024-05-23T17:03:38.664+0700] {logging_mixin.py:188} INFO - [2024-05-23T17:03:38.663+0700] {dag.py:3096} INFO - Sync 1 DAGs
[2024-05-23T17:03:38.696+0700] {logging_mixin.py:188} INFO - [2024-05-23T17:03:38.695+0700] {dag.py:3954} INFO - Setting next_dagrun for example_weekday_branch_operator to 2024-05-22 00:00:00+00:00, run_after=2024-05-23 00:00:00+00:00
[2024-05-23T17:03:38.752+0700] {processor.py:183} INFO - Processing /mnt/d/Programming/Vietnamese-Text-Generator/airflow_env/lib/python3.10/site-packages/airflow/example_dags/example_branch_day_of_week_operator.py took 0.170 seconds
[2024-05-23T17:04:46.895+0700] {processor.py:161} INFO - Started process (PID=25051) to work on /mnt/d/Programming/Vietnamese-Text-Generator/airflow_env/lib/python3.10/site-packages/airflow/example_dags/example_branch_day_of_week_operator.py
[2024-05-23T17:04:46.896+0700] {processor.py:830} INFO - Processing file /mnt/d/Programming/Vietnamese-Text-Generator/airflow_env/lib/python3.10/site-packages/airflow/example_dags/example_branch_day_of_week_operator.py for tasks to queue
[2024-05-23T17:04:46.899+0700] {logging_mixin.py:188} INFO - [2024-05-23T17:04:46.898+0700] {dagbag.py:540} INFO - Filling up the DagBag from /mnt/d/Programming/Vietnamese-Text-Generator/airflow_env/lib/python3.10/site-packages/airflow/example_dags/example_branch_day_of_week_operator.py
[2024-05-23T17:04:46.931+0700] {processor.py:840} INFO - DAG(s) 'example_weekday_branch_operator' retrieved from /mnt/d/Programming/Vietnamese-Text-Generator/airflow_env/lib/python3.10/site-packages/airflow/example_dags/example_branch_day_of_week_operator.py
[2024-05-23T17:04:46.964+0700] {logging_mixin.py:188} INFO - [2024-05-23T17:04:46.963+0700] {dag.py:3096} INFO - Sync 1 DAGs
[2024-05-23T17:04:46.994+0700] {logging_mixin.py:188} INFO - [2024-05-23T17:04:46.992+0700] {dag.py:3954} INFO - Setting next_dagrun for example_weekday_branch_operator to 2024-05-22 00:00:00+00:00, run_after=2024-05-23 00:00:00+00:00
[2024-05-23T17:04:47.059+0700] {processor.py:183} INFO - Processing /mnt/d/Programming/Vietnamese-Text-Generator/airflow_env/lib/python3.10/site-packages/airflow/example_dags/example_branch_day_of_week_operator.py took 0.178 seconds
