[2024-05-23T15:42:54.639+0700] {processor.py:161} INFO - Started process (PID=1143) to work on /mnt/d/Programming/Vietnamese-Text-Generator/airflow_env/lib/python3.10/site-packages/airflow/example_dags/example_sensors.py
[2024-05-23T15:42:54.641+0700] {processor.py:830} INFO - Processing file /mnt/d/Programming/Vietnamese-Text-Generator/airflow_env/lib/python3.10/site-packages/airflow/example_dags/example_sensors.py for tasks to queue
[2024-05-23T15:42:54.644+0700] {logging_mixin.py:188} INFO - [2024-05-23T15:42:54.643+0700] {dagbag.py:540} INFO - Filling up the DagBag from /mnt/d/Programming/Vietnamese-Text-Generator/airflow_env/lib/python3.10/site-packages/airflow/example_dags/example_sensors.py
[2024-05-23T15:42:54.667+0700] {processor.py:840} INFO - DAG(s) 'example_sensors' retrieved from /mnt/d/Programming/Vietnamese-Text-Generator/airflow_env/lib/python3.10/site-packages/airflow/example_dags/example_sensors.py
[2024-05-23T15:42:54.707+0700] {logging_mixin.py:188} INFO - [2024-05-23T15:42:54.706+0700] {dag.py:3096} INFO - Sync 1 DAGs
[2024-05-23T15:42:54.722+0700] {logging_mixin.py:188} INFO - [2024-05-23T15:42:54.721+0700] {dag.py:3954} INFO - Setting next_dagrun for example_sensors to None, run_after=None
[2024-05-23T15:42:54.776+0700] {processor.py:183} INFO - Processing /mnt/d/Programming/Vietnamese-Text-Generator/airflow_env/lib/python3.10/site-packages/airflow/example_dags/example_sensors.py took 0.150 seconds
[2024-05-23T15:44:09.216+0700] {processor.py:161} INFO - Started process (PID=1501) to work on /mnt/d/Programming/Vietnamese-Text-Generator/airflow_env/lib/python3.10/site-packages/airflow/example_dags/example_sensors.py
[2024-05-23T15:44:09.217+0700] {processor.py:830} INFO - Processing file /mnt/d/Programming/Vietnamese-Text-Generator/airflow_env/lib/python3.10/site-packages/airflow/example_dags/example_sensors.py for tasks to queue
[2024-05-23T15:44:09.220+0700] {logging_mixin.py:188} INFO - [2024-05-23T15:44:09.219+0700] {dagbag.py:540} INFO - Filling up the DagBag from /mnt/d/Programming/Vietnamese-Text-Generator/airflow_env/lib/python3.10/site-packages/airflow/example_dags/example_sensors.py
[2024-05-23T15:44:09.238+0700] {processor.py:840} INFO - DAG(s) 'example_sensors' retrieved from /mnt/d/Programming/Vietnamese-Text-Generator/airflow_env/lib/python3.10/site-packages/airflow/example_dags/example_sensors.py
[2024-05-23T15:44:09.280+0700] {logging_mixin.py:188} INFO - [2024-05-23T15:44:09.279+0700] {dag.py:3096} INFO - Sync 1 DAGs
[2024-05-23T15:44:09.296+0700] {logging_mixin.py:188} INFO - [2024-05-23T15:44:09.295+0700] {dag.py:3954} INFO - Setting next_dagrun for example_sensors to None, run_after=None
[2024-05-23T15:44:09.368+0700] {processor.py:183} INFO - Processing /mnt/d/Programming/Vietnamese-Text-Generator/airflow_env/lib/python3.10/site-packages/airflow/example_dags/example_sensors.py took 0.163 seconds
[2024-05-23T15:45:22.532+0700] {processor.py:161} INFO - Started process (PID=1857) to work on /mnt/d/Programming/Vietnamese-Text-Generator/airflow_env/lib/python3.10/site-packages/airflow/example_dags/example_sensors.py
[2024-05-23T15:45:22.534+0700] {processor.py:830} INFO - Processing file /mnt/d/Programming/Vietnamese-Text-Generator/airflow_env/lib/python3.10/site-packages/airflow/example_dags/example_sensors.py for tasks to queue
[2024-05-23T15:45:22.538+0700] {logging_mixin.py:188} INFO - [2024-05-23T15:45:22.537+0700] {dagbag.py:540} INFO - Filling up the DagBag from /mnt/d/Programming/Vietnamese-Text-Generator/airflow_env/lib/python3.10/site-packages/airflow/example_dags/example_sensors.py
[2024-05-23T15:45:22.564+0700] {processor.py:840} INFO - DAG(s) 'example_sensors' retrieved from /mnt/d/Programming/Vietnamese-Text-Generator/airflow_env/lib/python3.10/site-packages/airflow/example_dags/example_sensors.py
[2024-05-23T15:45:22.600+0700] {logging_mixin.py:188} INFO - [2024-05-23T15:45:22.599+0700] {dag.py:3096} INFO - Sync 1 DAGs
[2024-05-23T15:45:22.617+0700] {logging_mixin.py:188} INFO - [2024-05-23T15:45:22.616+0700] {dag.py:3954} INFO - Setting next_dagrun for example_sensors to None, run_after=None
[2024-05-23T15:45:22.676+0700] {processor.py:183} INFO - Processing /mnt/d/Programming/Vietnamese-Text-Generator/airflow_env/lib/python3.10/site-packages/airflow/example_dags/example_sensors.py took 0.157 seconds
[2024-05-23T15:46:34.858+0700] {processor.py:161} INFO - Started process (PID=2557) to work on /mnt/d/Programming/Vietnamese-Text-Generator/airflow_env/lib/python3.10/site-packages/airflow/example_dags/example_sensors.py
[2024-05-23T15:46:34.860+0700] {processor.py:830} INFO - Processing file /mnt/d/Programming/Vietnamese-Text-Generator/airflow_env/lib/python3.10/site-packages/airflow/example_dags/example_sensors.py for tasks to queue
[2024-05-23T15:46:34.865+0700] {logging_mixin.py:188} INFO - [2024-05-23T15:46:34.864+0700] {dagbag.py:540} INFO - Filling up the DagBag from /mnt/d/Programming/Vietnamese-Text-Generator/airflow_env/lib/python3.10/site-packages/airflow/example_dags/example_sensors.py
[2024-05-23T15:46:34.887+0700] {processor.py:840} INFO - DAG(s) 'example_sensors' retrieved from /mnt/d/Programming/Vietnamese-Text-Generator/airflow_env/lib/python3.10/site-packages/airflow/example_dags/example_sensors.py
[2024-05-23T15:46:34.923+0700] {logging_mixin.py:188} INFO - [2024-05-23T15:46:34.922+0700] {dag.py:3096} INFO - Sync 1 DAGs
[2024-05-23T15:46:34.940+0700] {logging_mixin.py:188} INFO - [2024-05-23T15:46:34.939+0700] {dag.py:3954} INFO - Setting next_dagrun for example_sensors to None, run_after=None
[2024-05-23T15:46:35.011+0700] {processor.py:183} INFO - Processing /mnt/d/Programming/Vietnamese-Text-Generator/airflow_env/lib/python3.10/site-packages/airflow/example_dags/example_sensors.py took 0.168 seconds
[2024-05-23T15:47:41.223+0700] {processor.py:161} INFO - Started process (PID=2873) to work on /mnt/d/Programming/Vietnamese-Text-Generator/airflow_env/lib/python3.10/site-packages/airflow/example_dags/example_sensors.py
[2024-05-23T15:47:41.226+0700] {processor.py:830} INFO - Processing file /mnt/d/Programming/Vietnamese-Text-Generator/airflow_env/lib/python3.10/site-packages/airflow/example_dags/example_sensors.py for tasks to queue
[2024-05-23T15:47:41.230+0700] {logging_mixin.py:188} INFO - [2024-05-23T15:47:41.228+0700] {dagbag.py:540} INFO - Filling up the DagBag from /mnt/d/Programming/Vietnamese-Text-Generator/airflow_env/lib/python3.10/site-packages/airflow/example_dags/example_sensors.py
[2024-05-23T15:47:41.251+0700] {processor.py:840} INFO - DAG(s) 'example_sensors' retrieved from /mnt/d/Programming/Vietnamese-Text-Generator/airflow_env/lib/python3.10/site-packages/airflow/example_dags/example_sensors.py
[2024-05-23T15:47:41.286+0700] {logging_mixin.py:188} INFO - [2024-05-23T15:47:41.285+0700] {dag.py:3096} INFO - Sync 1 DAGs
[2024-05-23T15:47:41.302+0700] {logging_mixin.py:188} INFO - [2024-05-23T15:47:41.300+0700] {dag.py:3954} INFO - Setting next_dagrun for example_sensors to None, run_after=None
[2024-05-23T15:47:41.364+0700] {processor.py:183} INFO - Processing /mnt/d/Programming/Vietnamese-Text-Generator/airflow_env/lib/python3.10/site-packages/airflow/example_dags/example_sensors.py took 0.153 seconds
[2024-05-23T15:54:56.416+0700] {processor.py:161} INFO - Started process (PID=4722) to work on /mnt/d/Programming/Vietnamese-Text-Generator/airflow_env/lib/python3.10/site-packages/airflow/example_dags/example_sensors.py
[2024-05-23T15:54:56.417+0700] {processor.py:830} INFO - Processing file /mnt/d/Programming/Vietnamese-Text-Generator/airflow_env/lib/python3.10/site-packages/airflow/example_dags/example_sensors.py for tasks to queue
[2024-05-23T15:54:56.420+0700] {logging_mixin.py:188} INFO - [2024-05-23T15:54:56.419+0700] {dagbag.py:540} INFO - Filling up the DagBag from /mnt/d/Programming/Vietnamese-Text-Generator/airflow_env/lib/python3.10/site-packages/airflow/example_dags/example_sensors.py
[2024-05-23T15:54:56.445+0700] {processor.py:840} INFO - DAG(s) 'example_sensors' retrieved from /mnt/d/Programming/Vietnamese-Text-Generator/airflow_env/lib/python3.10/site-packages/airflow/example_dags/example_sensors.py
[2024-05-23T15:54:56.494+0700] {logging_mixin.py:188} INFO - [2024-05-23T15:54:56.492+0700] {dag.py:3096} INFO - Sync 1 DAGs
[2024-05-23T15:54:56.509+0700] {logging_mixin.py:188} INFO - [2024-05-23T15:54:56.508+0700] {dag.py:3954} INFO - Setting next_dagrun for example_sensors to None, run_after=None
[2024-05-23T15:54:56.567+0700] {processor.py:183} INFO - Processing /mnt/d/Programming/Vietnamese-Text-Generator/airflow_env/lib/python3.10/site-packages/airflow/example_dags/example_sensors.py took 0.164 seconds
[2024-05-23T15:56:01.884+0700] {processor.py:161} INFO - Started process (PID=5035) to work on /mnt/d/Programming/Vietnamese-Text-Generator/airflow_env/lib/python3.10/site-packages/airflow/example_dags/example_sensors.py
[2024-05-23T15:56:01.885+0700] {processor.py:830} INFO - Processing file /mnt/d/Programming/Vietnamese-Text-Generator/airflow_env/lib/python3.10/site-packages/airflow/example_dags/example_sensors.py for tasks to queue
[2024-05-23T15:56:01.887+0700] {logging_mixin.py:188} INFO - [2024-05-23T15:56:01.886+0700] {dagbag.py:540} INFO - Filling up the DagBag from /mnt/d/Programming/Vietnamese-Text-Generator/airflow_env/lib/python3.10/site-packages/airflow/example_dags/example_sensors.py
[2024-05-23T15:56:01.908+0700] {processor.py:840} INFO - DAG(s) 'example_sensors' retrieved from /mnt/d/Programming/Vietnamese-Text-Generator/airflow_env/lib/python3.10/site-packages/airflow/example_dags/example_sensors.py
[2024-05-23T15:56:01.943+0700] {logging_mixin.py:188} INFO - [2024-05-23T15:56:01.942+0700] {dag.py:3096} INFO - Sync 1 DAGs
[2024-05-23T15:56:01.959+0700] {logging_mixin.py:188} INFO - [2024-05-23T15:56:01.958+0700] {dag.py:3954} INFO - Setting next_dagrun for example_sensors to None, run_after=None
[2024-05-23T15:56:02.018+0700] {processor.py:183} INFO - Processing /mnt/d/Programming/Vietnamese-Text-Generator/airflow_env/lib/python3.10/site-packages/airflow/example_dags/example_sensors.py took 0.147 seconds
[2024-05-23T15:57:10.405+0700] {processor.py:161} INFO - Started process (PID=5358) to work on /mnt/d/Programming/Vietnamese-Text-Generator/airflow_env/lib/python3.10/site-packages/airflow/example_dags/example_sensors.py
[2024-05-23T15:57:10.407+0700] {processor.py:830} INFO - Processing file /mnt/d/Programming/Vietnamese-Text-Generator/airflow_env/lib/python3.10/site-packages/airflow/example_dags/example_sensors.py for tasks to queue
[2024-05-23T15:57:10.410+0700] {logging_mixin.py:188} INFO - [2024-05-23T15:57:10.409+0700] {dagbag.py:540} INFO - Filling up the DagBag from /mnt/d/Programming/Vietnamese-Text-Generator/airflow_env/lib/python3.10/site-packages/airflow/example_dags/example_sensors.py
[2024-05-23T15:57:10.434+0700] {processor.py:840} INFO - DAG(s) 'example_sensors' retrieved from /mnt/d/Programming/Vietnamese-Text-Generator/airflow_env/lib/python3.10/site-packages/airflow/example_dags/example_sensors.py
[2024-05-23T15:57:10.469+0700] {logging_mixin.py:188} INFO - [2024-05-23T15:57:10.468+0700] {dag.py:3096} INFO - Sync 1 DAGs
[2024-05-23T15:57:10.484+0700] {logging_mixin.py:188} INFO - [2024-05-23T15:57:10.483+0700] {dag.py:3954} INFO - Setting next_dagrun for example_sensors to None, run_after=None
[2024-05-23T15:57:10.537+0700] {processor.py:183} INFO - Processing /mnt/d/Programming/Vietnamese-Text-Generator/airflow_env/lib/python3.10/site-packages/airflow/example_dags/example_sensors.py took 0.148 seconds
[2024-05-23T15:58:19.901+0700] {processor.py:161} INFO - Started process (PID=5684) to work on /mnt/d/Programming/Vietnamese-Text-Generator/airflow_env/lib/python3.10/site-packages/airflow/example_dags/example_sensors.py
[2024-05-23T15:58:19.903+0700] {processor.py:830} INFO - Processing file /mnt/d/Programming/Vietnamese-Text-Generator/airflow_env/lib/python3.10/site-packages/airflow/example_dags/example_sensors.py for tasks to queue
[2024-05-23T15:58:19.905+0700] {logging_mixin.py:188} INFO - [2024-05-23T15:58:19.904+0700] {dagbag.py:540} INFO - Filling up the DagBag from /mnt/d/Programming/Vietnamese-Text-Generator/airflow_env/lib/python3.10/site-packages/airflow/example_dags/example_sensors.py
[2024-05-23T15:58:19.926+0700] {processor.py:840} INFO - DAG(s) 'example_sensors' retrieved from /mnt/d/Programming/Vietnamese-Text-Generator/airflow_env/lib/python3.10/site-packages/airflow/example_dags/example_sensors.py
[2024-05-23T15:58:19.961+0700] {logging_mixin.py:188} INFO - [2024-05-23T15:58:19.960+0700] {dag.py:3096} INFO - Sync 1 DAGs
[2024-05-23T15:58:19.975+0700] {logging_mixin.py:188} INFO - [2024-05-23T15:58:19.974+0700] {dag.py:3954} INFO - Setting next_dagrun for example_sensors to None, run_after=None
[2024-05-23T15:58:20.037+0700] {processor.py:183} INFO - Processing /mnt/d/Programming/Vietnamese-Text-Generator/airflow_env/lib/python3.10/site-packages/airflow/example_dags/example_sensors.py took 0.148 seconds
[2024-05-23T15:59:31.871+0700] {processor.py:161} INFO - Started process (PID=6021) to work on /mnt/d/Programming/Vietnamese-Text-Generator/airflow_env/lib/python3.10/site-packages/airflow/example_dags/example_sensors.py
[2024-05-23T15:59:31.872+0700] {processor.py:830} INFO - Processing file /mnt/d/Programming/Vietnamese-Text-Generator/airflow_env/lib/python3.10/site-packages/airflow/example_dags/example_sensors.py for tasks to queue
[2024-05-23T15:59:31.874+0700] {logging_mixin.py:188} INFO - [2024-05-23T15:59:31.873+0700] {dagbag.py:540} INFO - Filling up the DagBag from /mnt/d/Programming/Vietnamese-Text-Generator/airflow_env/lib/python3.10/site-packages/airflow/example_dags/example_sensors.py
[2024-05-23T15:59:31.897+0700] {processor.py:840} INFO - DAG(s) 'example_sensors' retrieved from /mnt/d/Programming/Vietnamese-Text-Generator/airflow_env/lib/python3.10/site-packages/airflow/example_dags/example_sensors.py
[2024-05-23T15:59:31.930+0700] {logging_mixin.py:188} INFO - [2024-05-23T15:59:31.929+0700] {dag.py:3096} INFO - Sync 1 DAGs
[2024-05-23T15:59:31.947+0700] {logging_mixin.py:188} INFO - [2024-05-23T15:59:31.946+0700] {dag.py:3954} INFO - Setting next_dagrun for example_sensors to None, run_after=None
[2024-05-23T15:59:32.003+0700] {processor.py:183} INFO - Processing /mnt/d/Programming/Vietnamese-Text-Generator/airflow_env/lib/python3.10/site-packages/airflow/example_dags/example_sensors.py took 0.145 seconds
[2024-05-23T16:00:39.835+0700] {processor.py:161} INFO - Started process (PID=6346) to work on /mnt/d/Programming/Vietnamese-Text-Generator/airflow_env/lib/python3.10/site-packages/airflow/example_dags/example_sensors.py
[2024-05-23T16:00:39.837+0700] {processor.py:830} INFO - Processing file /mnt/d/Programming/Vietnamese-Text-Generator/airflow_env/lib/python3.10/site-packages/airflow/example_dags/example_sensors.py for tasks to queue
[2024-05-23T16:00:39.839+0700] {logging_mixin.py:188} INFO - [2024-05-23T16:00:39.838+0700] {dagbag.py:540} INFO - Filling up the DagBag from /mnt/d/Programming/Vietnamese-Text-Generator/airflow_env/lib/python3.10/site-packages/airflow/example_dags/example_sensors.py
[2024-05-23T16:00:39.860+0700] {processor.py:840} INFO - DAG(s) 'example_sensors' retrieved from /mnt/d/Programming/Vietnamese-Text-Generator/airflow_env/lib/python3.10/site-packages/airflow/example_dags/example_sensors.py
[2024-05-23T16:00:39.895+0700] {logging_mixin.py:188} INFO - [2024-05-23T16:00:39.894+0700] {dag.py:3096} INFO - Sync 1 DAGs
[2024-05-23T16:00:39.909+0700] {logging_mixin.py:188} INFO - [2024-05-23T16:00:39.908+0700] {dag.py:3954} INFO - Setting next_dagrun for example_sensors to None, run_after=None
[2024-05-23T16:00:39.982+0700] {processor.py:183} INFO - Processing /mnt/d/Programming/Vietnamese-Text-Generator/airflow_env/lib/python3.10/site-packages/airflow/example_dags/example_sensors.py took 0.159 seconds
[2024-05-23T16:01:45.796+0700] {processor.py:161} INFO - Started process (PID=6656) to work on /mnt/d/Programming/Vietnamese-Text-Generator/airflow_env/lib/python3.10/site-packages/airflow/example_dags/example_sensors.py
[2024-05-23T16:01:45.798+0700] {processor.py:830} INFO - Processing file /mnt/d/Programming/Vietnamese-Text-Generator/airflow_env/lib/python3.10/site-packages/airflow/example_dags/example_sensors.py for tasks to queue
[2024-05-23T16:01:45.801+0700] {logging_mixin.py:188} INFO - [2024-05-23T16:01:45.800+0700] {dagbag.py:540} INFO - Filling up the DagBag from /mnt/d/Programming/Vietnamese-Text-Generator/airflow_env/lib/python3.10/site-packages/airflow/example_dags/example_sensors.py
[2024-05-23T16:01:45.822+0700] {processor.py:840} INFO - DAG(s) 'example_sensors' retrieved from /mnt/d/Programming/Vietnamese-Text-Generator/airflow_env/lib/python3.10/site-packages/airflow/example_dags/example_sensors.py
[2024-05-23T16:01:45.857+0700] {logging_mixin.py:188} INFO - [2024-05-23T16:01:45.856+0700] {dag.py:3096} INFO - Sync 1 DAGs
[2024-05-23T16:01:45.873+0700] {logging_mixin.py:188} INFO - [2024-05-23T16:01:45.871+0700] {dag.py:3954} INFO - Setting next_dagrun for example_sensors to None, run_after=None
[2024-05-23T16:01:45.928+0700] {processor.py:183} INFO - Processing /mnt/d/Programming/Vietnamese-Text-Generator/airflow_env/lib/python3.10/site-packages/airflow/example_dags/example_sensors.py took 0.143 seconds
[2024-05-23T16:02:53.746+0700] {processor.py:161} INFO - Started process (PID=6978) to work on /mnt/d/Programming/Vietnamese-Text-Generator/airflow_env/lib/python3.10/site-packages/airflow/example_dags/example_sensors.py
[2024-05-23T16:02:53.749+0700] {processor.py:830} INFO - Processing file /mnt/d/Programming/Vietnamese-Text-Generator/airflow_env/lib/python3.10/site-packages/airflow/example_dags/example_sensors.py for tasks to queue
[2024-05-23T16:02:53.753+0700] {logging_mixin.py:188} INFO - [2024-05-23T16:02:53.752+0700] {dagbag.py:540} INFO - Filling up the DagBag from /mnt/d/Programming/Vietnamese-Text-Generator/airflow_env/lib/python3.10/site-packages/airflow/example_dags/example_sensors.py
[2024-05-23T16:02:53.782+0700] {processor.py:840} INFO - DAG(s) 'example_sensors' retrieved from /mnt/d/Programming/Vietnamese-Text-Generator/airflow_env/lib/python3.10/site-packages/airflow/example_dags/example_sensors.py
[2024-05-23T16:02:53.820+0700] {logging_mixin.py:188} INFO - [2024-05-23T16:02:53.819+0700] {dag.py:3096} INFO - Sync 1 DAGs
[2024-05-23T16:02:53.838+0700] {logging_mixin.py:188} INFO - [2024-05-23T16:02:53.838+0700] {dag.py:3954} INFO - Setting next_dagrun for example_sensors to None, run_after=None
[2024-05-23T16:02:53.888+0700] {processor.py:183} INFO - Processing /mnt/d/Programming/Vietnamese-Text-Generator/airflow_env/lib/python3.10/site-packages/airflow/example_dags/example_sensors.py took 0.169 seconds
[2024-05-23T16:04:09.644+0700] {processor.py:161} INFO - Started process (PID=7335) to work on /mnt/d/Programming/Vietnamese-Text-Generator/airflow_env/lib/python3.10/site-packages/airflow/example_dags/example_sensors.py
[2024-05-23T16:04:09.646+0700] {processor.py:830} INFO - Processing file /mnt/d/Programming/Vietnamese-Text-Generator/airflow_env/lib/python3.10/site-packages/airflow/example_dags/example_sensors.py for tasks to queue
[2024-05-23T16:04:09.648+0700] {logging_mixin.py:188} INFO - [2024-05-23T16:04:09.647+0700] {dagbag.py:540} INFO - Filling up the DagBag from /mnt/d/Programming/Vietnamese-Text-Generator/airflow_env/lib/python3.10/site-packages/airflow/example_dags/example_sensors.py
[2024-05-23T16:04:09.671+0700] {processor.py:840} INFO - DAG(s) 'example_sensors' retrieved from /mnt/d/Programming/Vietnamese-Text-Generator/airflow_env/lib/python3.10/site-packages/airflow/example_dags/example_sensors.py
[2024-05-23T16:04:09.711+0700] {logging_mixin.py:188} INFO - [2024-05-23T16:04:09.709+0700] {dag.py:3096} INFO - Sync 1 DAGs
[2024-05-23T16:04:09.727+0700] {logging_mixin.py:188} INFO - [2024-05-23T16:04:09.726+0700] {dag.py:3954} INFO - Setting next_dagrun for example_sensors to None, run_after=None
[2024-05-23T16:04:09.781+0700] {processor.py:183} INFO - Processing /mnt/d/Programming/Vietnamese-Text-Generator/airflow_env/lib/python3.10/site-packages/airflow/example_dags/example_sensors.py took 0.150 seconds
[2024-05-23T16:35:14.044+0700] {processor.py:161} INFO - Started process (PID=17106) to work on /mnt/d/Programming/Vietnamese-Text-Generator/airflow_env/lib/python3.10/site-packages/airflow/example_dags/example_sensors.py
[2024-05-23T16:35:14.046+0700] {processor.py:830} INFO - Processing file /mnt/d/Programming/Vietnamese-Text-Generator/airflow_env/lib/python3.10/site-packages/airflow/example_dags/example_sensors.py for tasks to queue
[2024-05-23T16:35:14.048+0700] {logging_mixin.py:188} INFO - [2024-05-23T16:35:14.047+0700] {dagbag.py:540} INFO - Filling up the DagBag from /mnt/d/Programming/Vietnamese-Text-Generator/airflow_env/lib/python3.10/site-packages/airflow/example_dags/example_sensors.py
[2024-05-23T16:35:14.071+0700] {processor.py:840} INFO - DAG(s) 'example_sensors' retrieved from /mnt/d/Programming/Vietnamese-Text-Generator/airflow_env/lib/python3.10/site-packages/airflow/example_dags/example_sensors.py
[2024-05-23T16:35:14.119+0700] {logging_mixin.py:188} INFO - [2024-05-23T16:35:14.118+0700] {dag.py:3096} INFO - Sync 1 DAGs
[2024-05-23T16:35:14.137+0700] {logging_mixin.py:188} INFO - [2024-05-23T16:35:14.135+0700] {dag.py:3954} INFO - Setting next_dagrun for example_sensors to None, run_after=None
[2024-05-23T16:35:14.189+0700] {processor.py:183} INFO - Processing /mnt/d/Programming/Vietnamese-Text-Generator/airflow_env/lib/python3.10/site-packages/airflow/example_dags/example_sensors.py took 0.157 seconds
[2024-05-23T16:36:22.286+0700] {processor.py:161} INFO - Started process (PID=17422) to work on /mnt/d/Programming/Vietnamese-Text-Generator/airflow_env/lib/python3.10/site-packages/airflow/example_dags/example_sensors.py
[2024-05-23T16:36:22.288+0700] {processor.py:830} INFO - Processing file /mnt/d/Programming/Vietnamese-Text-Generator/airflow_env/lib/python3.10/site-packages/airflow/example_dags/example_sensors.py for tasks to queue
[2024-05-23T16:36:22.291+0700] {logging_mixin.py:188} INFO - [2024-05-23T16:36:22.290+0700] {dagbag.py:540} INFO - Filling up the DagBag from /mnt/d/Programming/Vietnamese-Text-Generator/airflow_env/lib/python3.10/site-packages/airflow/example_dags/example_sensors.py
[2024-05-23T16:36:22.313+0700] {processor.py:840} INFO - DAG(s) 'example_sensors' retrieved from /mnt/d/Programming/Vietnamese-Text-Generator/airflow_env/lib/python3.10/site-packages/airflow/example_dags/example_sensors.py
[2024-05-23T16:36:22.353+0700] {logging_mixin.py:188} INFO - [2024-05-23T16:36:22.352+0700] {dag.py:3096} INFO - Sync 1 DAGs
[2024-05-23T16:36:22.370+0700] {logging_mixin.py:188} INFO - [2024-05-23T16:36:22.369+0700] {dag.py:3954} INFO - Setting next_dagrun for example_sensors to None, run_after=None
[2024-05-23T16:36:22.428+0700] {processor.py:183} INFO - Processing /mnt/d/Programming/Vietnamese-Text-Generator/airflow_env/lib/python3.10/site-packages/airflow/example_dags/example_sensors.py took 0.154 seconds
[2024-05-23T16:37:36.983+0700] {processor.py:161} INFO - Started process (PID=17770) to work on /mnt/d/Programming/Vietnamese-Text-Generator/airflow_env/lib/python3.10/site-packages/airflow/example_dags/example_sensors.py
[2024-05-23T16:37:36.985+0700] {processor.py:830} INFO - Processing file /mnt/d/Programming/Vietnamese-Text-Generator/airflow_env/lib/python3.10/site-packages/airflow/example_dags/example_sensors.py for tasks to queue
[2024-05-23T16:37:36.988+0700] {logging_mixin.py:188} INFO - [2024-05-23T16:37:36.987+0700] {dagbag.py:540} INFO - Filling up the DagBag from /mnt/d/Programming/Vietnamese-Text-Generator/airflow_env/lib/python3.10/site-packages/airflow/example_dags/example_sensors.py
[2024-05-23T16:37:37.016+0700] {processor.py:840} INFO - DAG(s) 'example_sensors' retrieved from /mnt/d/Programming/Vietnamese-Text-Generator/airflow_env/lib/python3.10/site-packages/airflow/example_dags/example_sensors.py
[2024-05-23T16:37:37.049+0700] {logging_mixin.py:188} INFO - [2024-05-23T16:37:37.048+0700] {dag.py:3096} INFO - Sync 1 DAGs
[2024-05-23T16:37:37.064+0700] {logging_mixin.py:188} INFO - [2024-05-23T16:37:37.063+0700] {dag.py:3954} INFO - Setting next_dagrun for example_sensors to None, run_after=None
[2024-05-23T16:37:37.122+0700] {processor.py:183} INFO - Processing /mnt/d/Programming/Vietnamese-Text-Generator/airflow_env/lib/python3.10/site-packages/airflow/example_dags/example_sensors.py took 0.153 seconds
[2024-05-23T16:50:01.649+0700] {processor.py:161} INFO - Started process (PID=20926) to work on /mnt/d/Programming/Vietnamese-Text-Generator/airflow_env/lib/python3.10/site-packages/airflow/example_dags/example_sensors.py
[2024-05-23T16:50:01.651+0700] {processor.py:830} INFO - Processing file /mnt/d/Programming/Vietnamese-Text-Generator/airflow_env/lib/python3.10/site-packages/airflow/example_dags/example_sensors.py for tasks to queue
[2024-05-23T16:50:01.653+0700] {logging_mixin.py:188} INFO - [2024-05-23T16:50:01.652+0700] {dagbag.py:540} INFO - Filling up the DagBag from /mnt/d/Programming/Vietnamese-Text-Generator/airflow_env/lib/python3.10/site-packages/airflow/example_dags/example_sensors.py
[2024-05-23T16:50:01.674+0700] {processor.py:840} INFO - DAG(s) 'example_sensors' retrieved from /mnt/d/Programming/Vietnamese-Text-Generator/airflow_env/lib/python3.10/site-packages/airflow/example_dags/example_sensors.py
[2024-05-23T16:50:01.720+0700] {logging_mixin.py:188} INFO - [2024-05-23T16:50:01.719+0700] {dag.py:3096} INFO - Sync 1 DAGs
[2024-05-23T16:50:01.733+0700] {logging_mixin.py:188} INFO - [2024-05-23T16:50:01.733+0700] {dag.py:3954} INFO - Setting next_dagrun for example_sensors to None, run_after=None
[2024-05-23T16:50:01.791+0700] {processor.py:183} INFO - Processing /mnt/d/Programming/Vietnamese-Text-Generator/airflow_env/lib/python3.10/site-packages/airflow/example_dags/example_sensors.py took 0.154 seconds
[2024-05-23T16:51:16.980+0700] {processor.py:161} INFO - Started process (PID=21274) to work on /mnt/d/Programming/Vietnamese-Text-Generator/airflow_env/lib/python3.10/site-packages/airflow/example_dags/example_sensors.py
[2024-05-23T16:51:16.982+0700] {processor.py:830} INFO - Processing file /mnt/d/Programming/Vietnamese-Text-Generator/airflow_env/lib/python3.10/site-packages/airflow/example_dags/example_sensors.py for tasks to queue
[2024-05-23T16:51:16.984+0700] {logging_mixin.py:188} INFO - [2024-05-23T16:51:16.983+0700] {dagbag.py:540} INFO - Filling up the DagBag from /mnt/d/Programming/Vietnamese-Text-Generator/airflow_env/lib/python3.10/site-packages/airflow/example_dags/example_sensors.py
[2024-05-23T16:51:17.012+0700] {processor.py:840} INFO - DAG(s) 'example_sensors' retrieved from /mnt/d/Programming/Vietnamese-Text-Generator/airflow_env/lib/python3.10/site-packages/airflow/example_dags/example_sensors.py
[2024-05-23T16:51:17.046+0700] {logging_mixin.py:188} INFO - [2024-05-23T16:51:17.045+0700] {dag.py:3096} INFO - Sync 1 DAGs
[2024-05-23T16:51:17.064+0700] {logging_mixin.py:188} INFO - [2024-05-23T16:51:17.063+0700] {dag.py:3954} INFO - Setting next_dagrun for example_sensors to None, run_after=None
[2024-05-23T16:51:17.136+0700] {processor.py:183} INFO - Processing /mnt/d/Programming/Vietnamese-Text-Generator/airflow_env/lib/python3.10/site-packages/airflow/example_dags/example_sensors.py took 0.170 seconds
[2024-05-23T16:52:30.408+0700] {processor.py:161} INFO - Started process (PID=21616) to work on /mnt/d/Programming/Vietnamese-Text-Generator/airflow_env/lib/python3.10/site-packages/airflow/example_dags/example_sensors.py
[2024-05-23T16:52:30.410+0700] {processor.py:830} INFO - Processing file /mnt/d/Programming/Vietnamese-Text-Generator/airflow_env/lib/python3.10/site-packages/airflow/example_dags/example_sensors.py for tasks to queue
[2024-05-23T16:52:30.413+0700] {logging_mixin.py:188} INFO - [2024-05-23T16:52:30.412+0700] {dagbag.py:540} INFO - Filling up the DagBag from /mnt/d/Programming/Vietnamese-Text-Generator/airflow_env/lib/python3.10/site-packages/airflow/example_dags/example_sensors.py
[2024-05-23T16:52:30.445+0700] {processor.py:840} INFO - DAG(s) 'example_sensors' retrieved from /mnt/d/Programming/Vietnamese-Text-Generator/airflow_env/lib/python3.10/site-packages/airflow/example_dags/example_sensors.py
[2024-05-23T16:52:30.488+0700] {logging_mixin.py:188} INFO - [2024-05-23T16:52:30.487+0700] {dag.py:3096} INFO - Sync 1 DAGs
[2024-05-23T16:52:30.509+0700] {logging_mixin.py:188} INFO - [2024-05-23T16:52:30.508+0700] {dag.py:3954} INFO - Setting next_dagrun for example_sensors to None, run_after=None
[2024-05-23T16:52:30.783+0700] {processor.py:183} INFO - Processing /mnt/d/Programming/Vietnamese-Text-Generator/airflow_env/lib/python3.10/site-packages/airflow/example_dags/example_sensors.py took 0.387 seconds
[2024-05-23T16:53:43.804+0700] {processor.py:161} INFO - Started process (PID=21958) to work on /mnt/d/Programming/Vietnamese-Text-Generator/airflow_env/lib/python3.10/site-packages/airflow/example_dags/example_sensors.py
[2024-05-23T16:53:43.806+0700] {processor.py:830} INFO - Processing file /mnt/d/Programming/Vietnamese-Text-Generator/airflow_env/lib/python3.10/site-packages/airflow/example_dags/example_sensors.py for tasks to queue
[2024-05-23T16:53:43.809+0700] {logging_mixin.py:188} INFO - [2024-05-23T16:53:43.808+0700] {dagbag.py:540} INFO - Filling up the DagBag from /mnt/d/Programming/Vietnamese-Text-Generator/airflow_env/lib/python3.10/site-packages/airflow/example_dags/example_sensors.py
[2024-05-23T16:53:43.831+0700] {processor.py:840} INFO - DAG(s) 'example_sensors' retrieved from /mnt/d/Programming/Vietnamese-Text-Generator/airflow_env/lib/python3.10/site-packages/airflow/example_dags/example_sensors.py
[2024-05-23T16:53:43.867+0700] {logging_mixin.py:188} INFO - [2024-05-23T16:53:43.866+0700] {dag.py:3096} INFO - Sync 1 DAGs
[2024-05-23T16:53:43.882+0700] {logging_mixin.py:188} INFO - [2024-05-23T16:53:43.881+0700] {dag.py:3954} INFO - Setting next_dagrun for example_sensors to None, run_after=None
[2024-05-23T16:53:43.941+0700] {processor.py:183} INFO - Processing /mnt/d/Programming/Vietnamese-Text-Generator/airflow_env/lib/python3.10/site-packages/airflow/example_dags/example_sensors.py took 0.152 seconds
[2024-05-23T16:54:53.652+0700] {processor.py:161} INFO - Started process (PID=22283) to work on /mnt/d/Programming/Vietnamese-Text-Generator/airflow_env/lib/python3.10/site-packages/airflow/example_dags/example_sensors.py
[2024-05-23T16:54:53.653+0700] {processor.py:830} INFO - Processing file /mnt/d/Programming/Vietnamese-Text-Generator/airflow_env/lib/python3.10/site-packages/airflow/example_dags/example_sensors.py for tasks to queue
[2024-05-23T16:54:53.656+0700] {logging_mixin.py:188} INFO - [2024-05-23T16:54:53.655+0700] {dagbag.py:540} INFO - Filling up the DagBag from /mnt/d/Programming/Vietnamese-Text-Generator/airflow_env/lib/python3.10/site-packages/airflow/example_dags/example_sensors.py
[2024-05-23T16:54:53.679+0700] {processor.py:840} INFO - DAG(s) 'example_sensors' retrieved from /mnt/d/Programming/Vietnamese-Text-Generator/airflow_env/lib/python3.10/site-packages/airflow/example_dags/example_sensors.py
[2024-05-23T16:54:53.717+0700] {logging_mixin.py:188} INFO - [2024-05-23T16:54:53.716+0700] {dag.py:3096} INFO - Sync 1 DAGs
[2024-05-23T16:54:53.734+0700] {logging_mixin.py:188} INFO - [2024-05-23T16:54:53.733+0700] {dag.py:3954} INFO - Setting next_dagrun for example_sensors to None, run_after=None
[2024-05-23T16:54:53.792+0700] {processor.py:183} INFO - Processing /mnt/d/Programming/Vietnamese-Text-Generator/airflow_env/lib/python3.10/site-packages/airflow/example_dags/example_sensors.py took 0.151 seconds
[2024-05-23T16:56:00.311+0700] {processor.py:161} INFO - Started process (PID=22598) to work on /mnt/d/Programming/Vietnamese-Text-Generator/airflow_env/lib/python3.10/site-packages/airflow/example_dags/example_sensors.py
[2024-05-23T16:56:00.313+0700] {processor.py:830} INFO - Processing file /mnt/d/Programming/Vietnamese-Text-Generator/airflow_env/lib/python3.10/site-packages/airflow/example_dags/example_sensors.py for tasks to queue
[2024-05-23T16:56:00.316+0700] {logging_mixin.py:188} INFO - [2024-05-23T16:56:00.315+0700] {dagbag.py:540} INFO - Filling up the DagBag from /mnt/d/Programming/Vietnamese-Text-Generator/airflow_env/lib/python3.10/site-packages/airflow/example_dags/example_sensors.py
[2024-05-23T16:56:00.340+0700] {processor.py:840} INFO - DAG(s) 'example_sensors' retrieved from /mnt/d/Programming/Vietnamese-Text-Generator/airflow_env/lib/python3.10/site-packages/airflow/example_dags/example_sensors.py
[2024-05-23T16:56:00.382+0700] {logging_mixin.py:188} INFO - [2024-05-23T16:56:00.380+0700] {dag.py:3096} INFO - Sync 1 DAGs
[2024-05-23T16:56:00.398+0700] {logging_mixin.py:188} INFO - [2024-05-23T16:56:00.397+0700] {dag.py:3954} INFO - Setting next_dagrun for example_sensors to None, run_after=None
[2024-05-23T16:56:00.461+0700] {processor.py:183} INFO - Processing /mnt/d/Programming/Vietnamese-Text-Generator/airflow_env/lib/python3.10/site-packages/airflow/example_dags/example_sensors.py took 0.164 seconds
[2024-05-23T16:57:09.782+0700] {processor.py:161} INFO - Started process (PID=22922) to work on /mnt/d/Programming/Vietnamese-Text-Generator/airflow_env/lib/python3.10/site-packages/airflow/example_dags/example_sensors.py
[2024-05-23T16:57:09.784+0700] {processor.py:830} INFO - Processing file /mnt/d/Programming/Vietnamese-Text-Generator/airflow_env/lib/python3.10/site-packages/airflow/example_dags/example_sensors.py for tasks to queue
[2024-05-23T16:57:09.786+0700] {logging_mixin.py:188} INFO - [2024-05-23T16:57:09.785+0700] {dagbag.py:540} INFO - Filling up the DagBag from /mnt/d/Programming/Vietnamese-Text-Generator/airflow_env/lib/python3.10/site-packages/airflow/example_dags/example_sensors.py
[2024-05-23T16:57:09.810+0700] {processor.py:840} INFO - DAG(s) 'example_sensors' retrieved from /mnt/d/Programming/Vietnamese-Text-Generator/airflow_env/lib/python3.10/site-packages/airflow/example_dags/example_sensors.py
[2024-05-23T16:57:09.850+0700] {logging_mixin.py:188} INFO - [2024-05-23T16:57:09.849+0700] {dag.py:3096} INFO - Sync 1 DAGs
[2024-05-23T16:57:09.867+0700] {logging_mixin.py:188} INFO - [2024-05-23T16:57:09.865+0700] {dag.py:3954} INFO - Setting next_dagrun for example_sensors to None, run_after=None
[2024-05-23T16:57:09.933+0700] {processor.py:183} INFO - Processing /mnt/d/Programming/Vietnamese-Text-Generator/airflow_env/lib/python3.10/site-packages/airflow/example_dags/example_sensors.py took 0.163 seconds
[2024-05-23T16:58:18.380+0700] {processor.py:161} INFO - Started process (PID=23243) to work on /mnt/d/Programming/Vietnamese-Text-Generator/airflow_env/lib/python3.10/site-packages/airflow/example_dags/example_sensors.py
[2024-05-23T16:58:18.382+0700] {processor.py:830} INFO - Processing file /mnt/d/Programming/Vietnamese-Text-Generator/airflow_env/lib/python3.10/site-packages/airflow/example_dags/example_sensors.py for tasks to queue
[2024-05-23T16:58:18.385+0700] {logging_mixin.py:188} INFO - [2024-05-23T16:58:18.384+0700] {dagbag.py:540} INFO - Filling up the DagBag from /mnt/d/Programming/Vietnamese-Text-Generator/airflow_env/lib/python3.10/site-packages/airflow/example_dags/example_sensors.py
[2024-05-23T16:58:18.415+0700] {processor.py:840} INFO - DAG(s) 'example_sensors' retrieved from /mnt/d/Programming/Vietnamese-Text-Generator/airflow_env/lib/python3.10/site-packages/airflow/example_dags/example_sensors.py
[2024-05-23T16:58:18.455+0700] {logging_mixin.py:188} INFO - [2024-05-23T16:58:18.453+0700] {dag.py:3096} INFO - Sync 1 DAGs
[2024-05-23T16:58:18.471+0700] {logging_mixin.py:188} INFO - [2024-05-23T16:58:18.470+0700] {dag.py:3954} INFO - Setting next_dagrun for example_sensors to None, run_after=None
[2024-05-23T16:58:18.531+0700] {processor.py:183} INFO - Processing /mnt/d/Programming/Vietnamese-Text-Generator/airflow_env/lib/python3.10/site-packages/airflow/example_dags/example_sensors.py took 0.164 seconds
[2024-05-23T16:59:28.517+0700] {processor.py:161} INFO - Started process (PID=23571) to work on /mnt/d/Programming/Vietnamese-Text-Generator/airflow_env/lib/python3.10/site-packages/airflow/example_dags/example_sensors.py
[2024-05-23T16:59:28.519+0700] {processor.py:830} INFO - Processing file /mnt/d/Programming/Vietnamese-Text-Generator/airflow_env/lib/python3.10/site-packages/airflow/example_dags/example_sensors.py for tasks to queue
[2024-05-23T16:59:28.521+0700] {logging_mixin.py:188} INFO - [2024-05-23T16:59:28.521+0700] {dagbag.py:540} INFO - Filling up the DagBag from /mnt/d/Programming/Vietnamese-Text-Generator/airflow_env/lib/python3.10/site-packages/airflow/example_dags/example_sensors.py
[2024-05-23T16:59:28.549+0700] {processor.py:840} INFO - DAG(s) 'example_sensors' retrieved from /mnt/d/Programming/Vietnamese-Text-Generator/airflow_env/lib/python3.10/site-packages/airflow/example_dags/example_sensors.py
[2024-05-23T16:59:28.589+0700] {logging_mixin.py:188} INFO - [2024-05-23T16:59:28.587+0700] {dag.py:3096} INFO - Sync 1 DAGs
[2024-05-23T16:59:28.607+0700] {logging_mixin.py:188} INFO - [2024-05-23T16:59:28.606+0700] {dag.py:3954} INFO - Setting next_dagrun for example_sensors to None, run_after=None
[2024-05-23T16:59:28.684+0700] {processor.py:183} INFO - Processing /mnt/d/Programming/Vietnamese-Text-Generator/airflow_env/lib/python3.10/site-packages/airflow/example_dags/example_sensors.py took 0.180 seconds
[2024-05-23T17:00:37.388+0700] {processor.py:161} INFO - Started process (PID=23894) to work on /mnt/d/Programming/Vietnamese-Text-Generator/airflow_env/lib/python3.10/site-packages/airflow/example_dags/example_sensors.py
[2024-05-23T17:00:37.389+0700] {processor.py:830} INFO - Processing file /mnt/d/Programming/Vietnamese-Text-Generator/airflow_env/lib/python3.10/site-packages/airflow/example_dags/example_sensors.py for tasks to queue
[2024-05-23T17:00:37.391+0700] {logging_mixin.py:188} INFO - [2024-05-23T17:00:37.390+0700] {dagbag.py:540} INFO - Filling up the DagBag from /mnt/d/Programming/Vietnamese-Text-Generator/airflow_env/lib/python3.10/site-packages/airflow/example_dags/example_sensors.py
[2024-05-23T17:00:37.413+0700] {processor.py:840} INFO - DAG(s) 'example_sensors' retrieved from /mnt/d/Programming/Vietnamese-Text-Generator/airflow_env/lib/python3.10/site-packages/airflow/example_dags/example_sensors.py
[2024-05-23T17:00:37.449+0700] {logging_mixin.py:188} INFO - [2024-05-23T17:00:37.448+0700] {dag.py:3096} INFO - Sync 1 DAGs
[2024-05-23T17:00:37.464+0700] {logging_mixin.py:188} INFO - [2024-05-23T17:00:37.463+0700] {dag.py:3954} INFO - Setting next_dagrun for example_sensors to None, run_after=None
[2024-05-23T17:00:37.526+0700] {processor.py:183} INFO - Processing /mnt/d/Programming/Vietnamese-Text-Generator/airflow_env/lib/python3.10/site-packages/airflow/example_dags/example_sensors.py took 0.151 seconds
[2024-05-23T17:01:45.930+0700] {processor.py:161} INFO - Started process (PID=24211) to work on /mnt/d/Programming/Vietnamese-Text-Generator/airflow_env/lib/python3.10/site-packages/airflow/example_dags/example_sensors.py
[2024-05-23T17:01:45.932+0700] {processor.py:830} INFO - Processing file /mnt/d/Programming/Vietnamese-Text-Generator/airflow_env/lib/python3.10/site-packages/airflow/example_dags/example_sensors.py for tasks to queue
[2024-05-23T17:01:45.934+0700] {logging_mixin.py:188} INFO - [2024-05-23T17:01:45.933+0700] {dagbag.py:540} INFO - Filling up the DagBag from /mnt/d/Programming/Vietnamese-Text-Generator/airflow_env/lib/python3.10/site-packages/airflow/example_dags/example_sensors.py
[2024-05-23T17:01:45.957+0700] {processor.py:840} INFO - DAG(s) 'example_sensors' retrieved from /mnt/d/Programming/Vietnamese-Text-Generator/airflow_env/lib/python3.10/site-packages/airflow/example_dags/example_sensors.py
[2024-05-23T17:01:45.993+0700] {logging_mixin.py:188} INFO - [2024-05-23T17:01:45.992+0700] {dag.py:3096} INFO - Sync 1 DAGs
[2024-05-23T17:01:46.009+0700] {logging_mixin.py:188} INFO - [2024-05-23T17:01:46.009+0700] {dag.py:3954} INFO - Setting next_dagrun for example_sensors to None, run_after=None
[2024-05-23T17:01:46.083+0700] {processor.py:183} INFO - Processing /mnt/d/Programming/Vietnamese-Text-Generator/airflow_env/lib/python3.10/site-packages/airflow/example_dags/example_sensors.py took 0.169 seconds
[2024-05-23T17:02:58.775+0700] {processor.py:161} INFO - Started process (PID=24548) to work on /mnt/d/Programming/Vietnamese-Text-Generator/airflow_env/lib/python3.10/site-packages/airflow/example_dags/example_sensors.py
[2024-05-23T17:02:58.777+0700] {processor.py:830} INFO - Processing file /mnt/d/Programming/Vietnamese-Text-Generator/airflow_env/lib/python3.10/site-packages/airflow/example_dags/example_sensors.py for tasks to queue
[2024-05-23T17:02:58.779+0700] {logging_mixin.py:188} INFO - [2024-05-23T17:02:58.778+0700] {dagbag.py:540} INFO - Filling up the DagBag from /mnt/d/Programming/Vietnamese-Text-Generator/airflow_env/lib/python3.10/site-packages/airflow/example_dags/example_sensors.py
[2024-05-23T17:02:58.801+0700] {processor.py:840} INFO - DAG(s) 'example_sensors' retrieved from /mnt/d/Programming/Vietnamese-Text-Generator/airflow_env/lib/python3.10/site-packages/airflow/example_dags/example_sensors.py
[2024-05-23T17:02:58.840+0700] {logging_mixin.py:188} INFO - [2024-05-23T17:02:58.839+0700] {dag.py:3096} INFO - Sync 1 DAGs
[2024-05-23T17:02:58.854+0700] {logging_mixin.py:188} INFO - [2024-05-23T17:02:58.853+0700] {dag.py:3954} INFO - Setting next_dagrun for example_sensors to None, run_after=None
[2024-05-23T17:02:58.911+0700] {processor.py:183} INFO - Processing /mnt/d/Programming/Vietnamese-Text-Generator/airflow_env/lib/python3.10/site-packages/airflow/example_dags/example_sensors.py took 0.148 seconds
[2024-05-23T17:04:05.818+0700] {processor.py:161} INFO - Started process (PID=24860) to work on /mnt/d/Programming/Vietnamese-Text-Generator/airflow_env/lib/python3.10/site-packages/airflow/example_dags/example_sensors.py
[2024-05-23T17:04:05.820+0700] {processor.py:830} INFO - Processing file /mnt/d/Programming/Vietnamese-Text-Generator/airflow_env/lib/python3.10/site-packages/airflow/example_dags/example_sensors.py for tasks to queue
[2024-05-23T17:04:05.822+0700] {logging_mixin.py:188} INFO - [2024-05-23T17:04:05.821+0700] {dagbag.py:540} INFO - Filling up the DagBag from /mnt/d/Programming/Vietnamese-Text-Generator/airflow_env/lib/python3.10/site-packages/airflow/example_dags/example_sensors.py
[2024-05-23T17:04:05.842+0700] {processor.py:840} INFO - DAG(s) 'example_sensors' retrieved from /mnt/d/Programming/Vietnamese-Text-Generator/airflow_env/lib/python3.10/site-packages/airflow/example_dags/example_sensors.py
[2024-05-23T17:04:05.879+0700] {logging_mixin.py:188} INFO - [2024-05-23T17:04:05.878+0700] {dag.py:3096} INFO - Sync 1 DAGs
[2024-05-23T17:04:05.894+0700] {logging_mixin.py:188} INFO - [2024-05-23T17:04:05.893+0700] {dag.py:3954} INFO - Setting next_dagrun for example_sensors to None, run_after=None
[2024-05-23T17:04:05.952+0700] {processor.py:183} INFO - Processing /mnt/d/Programming/Vietnamese-Text-Generator/airflow_env/lib/python3.10/site-packages/airflow/example_dags/example_sensors.py took 0.145 seconds
