[2024-05-23T15:42:50.550+0700] {processor.py:161} INFO - Started process (PID=1125) to work on /mnt/d/Programming/Vietnamese-Text-Generator/airflow_env/lib/python3.10/site-packages/airflow/example_dags/example_short_circuit_decorator.py
[2024-05-23T15:42:50.552+0700] {processor.py:830} INFO - Processing file /mnt/d/Programming/Vietnamese-Text-Generator/airflow_env/lib/python3.10/site-packages/airflow/example_dags/example_short_circuit_decorator.py for tasks to queue
[2024-05-23T15:42:50.557+0700] {logging_mixin.py:188} INFO - [2024-05-23T15:42:50.556+0700] {dagbag.py:540} INFO - Filling up the DagBag from /mnt/d/Programming/Vietnamese-Text-Generator/airflow_env/lib/python3.10/site-packages/airflow/example_dags/example_short_circuit_decorator.py
[2024-05-23T15:42:50.584+0700] {processor.py:840} INFO - DAG(s) 'example_short_circuit_decorator' retrieved from /mnt/d/Programming/Vietnamese-Text-Generator/airflow_env/lib/python3.10/site-packages/airflow/example_dags/example_short_circuit_decorator.py
[2024-05-23T15:42:50.629+0700] {logging_mixin.py:188} INFO - [2024-05-23T15:42:50.628+0700] {dag.py:3096} INFO - Sync 1 DAGs
[2024-05-23T15:42:50.663+0700] {logging_mixin.py:188} INFO - [2024-05-23T15:42:50.662+0700] {dag.py:3954} INFO - Setting next_dagrun for example_short_circuit_decorator to 2024-05-22 00:00:00+00:00, run_after=2024-05-23 00:00:00+00:00
[2024-05-23T15:42:50.726+0700] {processor.py:183} INFO - Processing /mnt/d/Programming/Vietnamese-Text-Generator/airflow_env/lib/python3.10/site-packages/airflow/example_dags/example_short_circuit_decorator.py took 0.189 seconds
[2024-05-23T15:44:06.211+0700] {processor.py:161} INFO - Started process (PID=1485) to work on /mnt/d/Programming/Vietnamese-Text-Generator/airflow_env/lib/python3.10/site-packages/airflow/example_dags/example_short_circuit_decorator.py
[2024-05-23T15:44:06.213+0700] {processor.py:830} INFO - Processing file /mnt/d/Programming/Vietnamese-Text-Generator/airflow_env/lib/python3.10/site-packages/airflow/example_dags/example_short_circuit_decorator.py for tasks to queue
[2024-05-23T15:44:06.217+0700] {logging_mixin.py:188} INFO - [2024-05-23T15:44:06.216+0700] {dagbag.py:540} INFO - Filling up the DagBag from /mnt/d/Programming/Vietnamese-Text-Generator/airflow_env/lib/python3.10/site-packages/airflow/example_dags/example_short_circuit_decorator.py
[2024-05-23T15:44:06.238+0700] {processor.py:840} INFO - DAG(s) 'example_short_circuit_decorator' retrieved from /mnt/d/Programming/Vietnamese-Text-Generator/airflow_env/lib/python3.10/site-packages/airflow/example_dags/example_short_circuit_decorator.py
[2024-05-23T15:44:06.272+0700] {logging_mixin.py:188} INFO - [2024-05-23T15:44:06.271+0700] {dag.py:3096} INFO - Sync 1 DAGs
[2024-05-23T15:44:06.304+0700] {logging_mixin.py:188} INFO - [2024-05-23T15:44:06.304+0700] {dag.py:3954} INFO - Setting next_dagrun for example_short_circuit_decorator to 2024-05-22 00:00:00+00:00, run_after=2024-05-23 00:00:00+00:00
[2024-05-23T15:44:06.361+0700] {processor.py:183} INFO - Processing /mnt/d/Programming/Vietnamese-Text-Generator/airflow_env/lib/python3.10/site-packages/airflow/example_dags/example_short_circuit_decorator.py took 0.161 seconds
[2024-05-23T15:45:18.391+0700] {processor.py:161} INFO - Started process (PID=1836) to work on /mnt/d/Programming/Vietnamese-Text-Generator/airflow_env/lib/python3.10/site-packages/airflow/example_dags/example_short_circuit_decorator.py
[2024-05-23T15:45:18.393+0700] {processor.py:830} INFO - Processing file /mnt/d/Programming/Vietnamese-Text-Generator/airflow_env/lib/python3.10/site-packages/airflow/example_dags/example_short_circuit_decorator.py for tasks to queue
[2024-05-23T15:45:18.399+0700] {logging_mixin.py:188} INFO - [2024-05-23T15:45:18.398+0700] {dagbag.py:540} INFO - Filling up the DagBag from /mnt/d/Programming/Vietnamese-Text-Generator/airflow_env/lib/python3.10/site-packages/airflow/example_dags/example_short_circuit_decorator.py
[2024-05-23T15:45:18.420+0700] {processor.py:840} INFO - DAG(s) 'example_short_circuit_decorator' retrieved from /mnt/d/Programming/Vietnamese-Text-Generator/airflow_env/lib/python3.10/site-packages/airflow/example_dags/example_short_circuit_decorator.py
[2024-05-23T15:45:18.454+0700] {logging_mixin.py:188} INFO - [2024-05-23T15:45:18.452+0700] {dag.py:3096} INFO - Sync 1 DAGs
[2024-05-23T15:45:18.487+0700] {logging_mixin.py:188} INFO - [2024-05-23T15:45:18.487+0700] {dag.py:3954} INFO - Setting next_dagrun for example_short_circuit_decorator to 2024-05-22 00:00:00+00:00, run_after=2024-05-23 00:00:00+00:00
[2024-05-23T15:45:18.557+0700] {processor.py:183} INFO - Processing /mnt/d/Programming/Vietnamese-Text-Generator/airflow_env/lib/python3.10/site-packages/airflow/example_dags/example_short_circuit_decorator.py took 0.180 seconds
[2024-05-23T15:46:31.584+0700] {processor.py:161} INFO - Started process (PID=2541) to work on /mnt/d/Programming/Vietnamese-Text-Generator/airflow_env/lib/python3.10/site-packages/airflow/example_dags/example_short_circuit_decorator.py
[2024-05-23T15:46:31.586+0700] {processor.py:830} INFO - Processing file /mnt/d/Programming/Vietnamese-Text-Generator/airflow_env/lib/python3.10/site-packages/airflow/example_dags/example_short_circuit_decorator.py for tasks to queue
[2024-05-23T15:46:31.590+0700] {logging_mixin.py:188} INFO - [2024-05-23T15:46:31.589+0700] {dagbag.py:540} INFO - Filling up the DagBag from /mnt/d/Programming/Vietnamese-Text-Generator/airflow_env/lib/python3.10/site-packages/airflow/example_dags/example_short_circuit_decorator.py
[2024-05-23T15:46:31.614+0700] {processor.py:840} INFO - DAG(s) 'example_short_circuit_decorator' retrieved from /mnt/d/Programming/Vietnamese-Text-Generator/airflow_env/lib/python3.10/site-packages/airflow/example_dags/example_short_circuit_decorator.py
[2024-05-23T15:46:31.650+0700] {logging_mixin.py:188} INFO - [2024-05-23T15:46:31.648+0700] {dag.py:3096} INFO - Sync 1 DAGs
[2024-05-23T15:46:31.682+0700] {logging_mixin.py:188} INFO - [2024-05-23T15:46:31.681+0700] {dag.py:3954} INFO - Setting next_dagrun for example_short_circuit_decorator to 2024-05-22 00:00:00+00:00, run_after=2024-05-23 00:00:00+00:00
[2024-05-23T15:46:31.756+0700] {processor.py:183} INFO - Processing /mnt/d/Programming/Vietnamese-Text-Generator/airflow_env/lib/python3.10/site-packages/airflow/example_dags/example_short_circuit_decorator.py took 0.186 seconds
[2024-05-23T15:47:38.044+0700] {processor.py:161} INFO - Started process (PID=2858) to work on /mnt/d/Programming/Vietnamese-Text-Generator/airflow_env/lib/python3.10/site-packages/airflow/example_dags/example_short_circuit_decorator.py
[2024-05-23T15:47:38.046+0700] {processor.py:830} INFO - Processing file /mnt/d/Programming/Vietnamese-Text-Generator/airflow_env/lib/python3.10/site-packages/airflow/example_dags/example_short_circuit_decorator.py for tasks to queue
[2024-05-23T15:47:38.048+0700] {logging_mixin.py:188} INFO - [2024-05-23T15:47:38.048+0700] {dagbag.py:540} INFO - Filling up the DagBag from /mnt/d/Programming/Vietnamese-Text-Generator/airflow_env/lib/python3.10/site-packages/airflow/example_dags/example_short_circuit_decorator.py
[2024-05-23T15:47:38.069+0700] {processor.py:840} INFO - DAG(s) 'example_short_circuit_decorator' retrieved from /mnt/d/Programming/Vietnamese-Text-Generator/airflow_env/lib/python3.10/site-packages/airflow/example_dags/example_short_circuit_decorator.py
[2024-05-23T15:47:38.102+0700] {logging_mixin.py:188} INFO - [2024-05-23T15:47:38.101+0700] {dag.py:3096} INFO - Sync 1 DAGs
[2024-05-23T15:47:38.134+0700] {logging_mixin.py:188} INFO - [2024-05-23T15:47:38.133+0700] {dag.py:3954} INFO - Setting next_dagrun for example_short_circuit_decorator to 2024-05-22 00:00:00+00:00, run_after=2024-05-23 00:00:00+00:00
[2024-05-23T15:47:38.188+0700] {processor.py:183} INFO - Processing /mnt/d/Programming/Vietnamese-Text-Generator/airflow_env/lib/python3.10/site-packages/airflow/example_dags/example_short_circuit_decorator.py took 0.156 seconds
[2024-05-23T15:54:52.999+0700] {processor.py:161} INFO - Started process (PID=4705) to work on /mnt/d/Programming/Vietnamese-Text-Generator/airflow_env/lib/python3.10/site-packages/airflow/example_dags/example_short_circuit_decorator.py
[2024-05-23T15:54:53.000+0700] {processor.py:830} INFO - Processing file /mnt/d/Programming/Vietnamese-Text-Generator/airflow_env/lib/python3.10/site-packages/airflow/example_dags/example_short_circuit_decorator.py for tasks to queue
[2024-05-23T15:54:53.002+0700] {logging_mixin.py:188} INFO - [2024-05-23T15:54:53.001+0700] {dagbag.py:540} INFO - Filling up the DagBag from /mnt/d/Programming/Vietnamese-Text-Generator/airflow_env/lib/python3.10/site-packages/airflow/example_dags/example_short_circuit_decorator.py
[2024-05-23T15:54:53.022+0700] {processor.py:840} INFO - DAG(s) 'example_short_circuit_decorator' retrieved from /mnt/d/Programming/Vietnamese-Text-Generator/airflow_env/lib/python3.10/site-packages/airflow/example_dags/example_short_circuit_decorator.py
[2024-05-23T15:54:53.057+0700] {logging_mixin.py:188} INFO - [2024-05-23T15:54:53.056+0700] {dag.py:3096} INFO - Sync 1 DAGs
[2024-05-23T15:54:53.083+0700] {logging_mixin.py:188} INFO - [2024-05-23T15:54:53.082+0700] {dag.py:3954} INFO - Setting next_dagrun for example_short_circuit_decorator to 2024-05-22 00:00:00+00:00, run_after=2024-05-23 00:00:00+00:00
[2024-05-23T15:54:53.145+0700] {processor.py:183} INFO - Processing /mnt/d/Programming/Vietnamese-Text-Generator/airflow_env/lib/python3.10/site-packages/airflow/example_dags/example_short_circuit_decorator.py took 0.157 seconds
[2024-05-23T15:55:57.911+0700] {processor.py:161} INFO - Started process (PID=5017) to work on /mnt/d/Programming/Vietnamese-Text-Generator/airflow_env/lib/python3.10/site-packages/airflow/example_dags/example_short_circuit_decorator.py
[2024-05-23T15:55:57.913+0700] {processor.py:830} INFO - Processing file /mnt/d/Programming/Vietnamese-Text-Generator/airflow_env/lib/python3.10/site-packages/airflow/example_dags/example_short_circuit_decorator.py for tasks to queue
[2024-05-23T15:55:57.915+0700] {logging_mixin.py:188} INFO - [2024-05-23T15:55:57.914+0700] {dagbag.py:540} INFO - Filling up the DagBag from /mnt/d/Programming/Vietnamese-Text-Generator/airflow_env/lib/python3.10/site-packages/airflow/example_dags/example_short_circuit_decorator.py
[2024-05-23T15:55:57.937+0700] {processor.py:840} INFO - DAG(s) 'example_short_circuit_decorator' retrieved from /mnt/d/Programming/Vietnamese-Text-Generator/airflow_env/lib/python3.10/site-packages/airflow/example_dags/example_short_circuit_decorator.py
[2024-05-23T15:55:57.973+0700] {logging_mixin.py:188} INFO - [2024-05-23T15:55:57.972+0700] {dag.py:3096} INFO - Sync 1 DAGs
[2024-05-23T15:55:58.006+0700] {logging_mixin.py:188} INFO - [2024-05-23T15:55:58.006+0700] {dag.py:3954} INFO - Setting next_dagrun for example_short_circuit_decorator to 2024-05-22 00:00:00+00:00, run_after=2024-05-23 00:00:00+00:00
[2024-05-23T15:55:58.057+0700] {processor.py:183} INFO - Processing /mnt/d/Programming/Vietnamese-Text-Generator/airflow_env/lib/python3.10/site-packages/airflow/example_dags/example_short_circuit_decorator.py took 0.158 seconds
[2024-05-23T15:57:06.569+0700] {processor.py:161} INFO - Started process (PID=5338) to work on /mnt/d/Programming/Vietnamese-Text-Generator/airflow_env/lib/python3.10/site-packages/airflow/example_dags/example_short_circuit_decorator.py
[2024-05-23T15:57:06.571+0700] {processor.py:830} INFO - Processing file /mnt/d/Programming/Vietnamese-Text-Generator/airflow_env/lib/python3.10/site-packages/airflow/example_dags/example_short_circuit_decorator.py for tasks to queue
[2024-05-23T15:57:06.574+0700] {logging_mixin.py:188} INFO - [2024-05-23T15:57:06.572+0700] {dagbag.py:540} INFO - Filling up the DagBag from /mnt/d/Programming/Vietnamese-Text-Generator/airflow_env/lib/python3.10/site-packages/airflow/example_dags/example_short_circuit_decorator.py
[2024-05-23T15:57:06.622+0700] {processor.py:840} INFO - DAG(s) 'example_short_circuit_decorator' retrieved from /mnt/d/Programming/Vietnamese-Text-Generator/airflow_env/lib/python3.10/site-packages/airflow/example_dags/example_short_circuit_decorator.py
[2024-05-23T15:57:06.657+0700] {logging_mixin.py:188} INFO - [2024-05-23T15:57:06.657+0700] {dag.py:3096} INFO - Sync 1 DAGs
[2024-05-23T15:57:06.691+0700] {logging_mixin.py:188} INFO - [2024-05-23T15:57:06.691+0700] {dag.py:3954} INFO - Setting next_dagrun for example_short_circuit_decorator to 2024-05-22 00:00:00+00:00, run_after=2024-05-23 00:00:00+00:00
[2024-05-23T15:57:06.760+0700] {processor.py:183} INFO - Processing /mnt/d/Programming/Vietnamese-Text-Generator/airflow_env/lib/python3.10/site-packages/airflow/example_dags/example_short_circuit_decorator.py took 0.347 seconds
[2024-05-23T15:58:15.916+0700] {processor.py:161} INFO - Started process (PID=5666) to work on /mnt/d/Programming/Vietnamese-Text-Generator/airflow_env/lib/python3.10/site-packages/airflow/example_dags/example_short_circuit_decorator.py
[2024-05-23T15:58:15.918+0700] {processor.py:830} INFO - Processing file /mnt/d/Programming/Vietnamese-Text-Generator/airflow_env/lib/python3.10/site-packages/airflow/example_dags/example_short_circuit_decorator.py for tasks to queue
[2024-05-23T15:58:15.920+0700] {logging_mixin.py:188} INFO - [2024-05-23T15:58:15.919+0700] {dagbag.py:540} INFO - Filling up the DagBag from /mnt/d/Programming/Vietnamese-Text-Generator/airflow_env/lib/python3.10/site-packages/airflow/example_dags/example_short_circuit_decorator.py
[2024-05-23T15:58:15.940+0700] {processor.py:840} INFO - DAG(s) 'example_short_circuit_decorator' retrieved from /mnt/d/Programming/Vietnamese-Text-Generator/airflow_env/lib/python3.10/site-packages/airflow/example_dags/example_short_circuit_decorator.py
[2024-05-23T15:58:15.973+0700] {logging_mixin.py:188} INFO - [2024-05-23T15:58:15.972+0700] {dag.py:3096} INFO - Sync 1 DAGs
[2024-05-23T15:58:16.002+0700] {logging_mixin.py:188} INFO - [2024-05-23T15:58:16.002+0700] {dag.py:3954} INFO - Setting next_dagrun for example_short_circuit_decorator to 2024-05-22 00:00:00+00:00, run_after=2024-05-23 00:00:00+00:00
[2024-05-23T15:58:16.052+0700] {processor.py:183} INFO - Processing /mnt/d/Programming/Vietnamese-Text-Generator/airflow_env/lib/python3.10/site-packages/airflow/example_dags/example_short_circuit_decorator.py took 0.148 seconds
[2024-05-23T15:59:29.200+0700] {processor.py:161} INFO - Started process (PID=6008) to work on /mnt/d/Programming/Vietnamese-Text-Generator/airflow_env/lib/python3.10/site-packages/airflow/example_dags/example_short_circuit_decorator.py
[2024-05-23T15:59:29.201+0700] {processor.py:830} INFO - Processing file /mnt/d/Programming/Vietnamese-Text-Generator/airflow_env/lib/python3.10/site-packages/airflow/example_dags/example_short_circuit_decorator.py for tasks to queue
[2024-05-23T15:59:29.203+0700] {logging_mixin.py:188} INFO - [2024-05-23T15:59:29.202+0700] {dagbag.py:540} INFO - Filling up the DagBag from /mnt/d/Programming/Vietnamese-Text-Generator/airflow_env/lib/python3.10/site-packages/airflow/example_dags/example_short_circuit_decorator.py
[2024-05-23T15:59:29.226+0700] {processor.py:840} INFO - DAG(s) 'example_short_circuit_decorator' retrieved from /mnt/d/Programming/Vietnamese-Text-Generator/airflow_env/lib/python3.10/site-packages/airflow/example_dags/example_short_circuit_decorator.py
[2024-05-23T15:59:29.257+0700] {logging_mixin.py:188} INFO - [2024-05-23T15:59:29.257+0700] {dag.py:3096} INFO - Sync 1 DAGs
[2024-05-23T15:59:29.289+0700] {logging_mixin.py:188} INFO - [2024-05-23T15:59:29.288+0700] {dag.py:3954} INFO - Setting next_dagrun for example_short_circuit_decorator to 2024-05-22 00:00:00+00:00, run_after=2024-05-23 00:00:00+00:00
[2024-05-23T15:59:29.347+0700] {processor.py:183} INFO - Processing /mnt/d/Programming/Vietnamese-Text-Generator/airflow_env/lib/python3.10/site-packages/airflow/example_dags/example_short_circuit_decorator.py took 0.159 seconds
[2024-05-23T16:00:36.203+0700] {processor.py:161} INFO - Started process (PID=6328) to work on /mnt/d/Programming/Vietnamese-Text-Generator/airflow_env/lib/python3.10/site-packages/airflow/example_dags/example_short_circuit_decorator.py
[2024-05-23T16:00:36.205+0700] {processor.py:830} INFO - Processing file /mnt/d/Programming/Vietnamese-Text-Generator/airflow_env/lib/python3.10/site-packages/airflow/example_dags/example_short_circuit_decorator.py for tasks to queue
[2024-05-23T16:00:36.207+0700] {logging_mixin.py:188} INFO - [2024-05-23T16:00:36.206+0700] {dagbag.py:540} INFO - Filling up the DagBag from /mnt/d/Programming/Vietnamese-Text-Generator/airflow_env/lib/python3.10/site-packages/airflow/example_dags/example_short_circuit_decorator.py
[2024-05-23T16:00:36.228+0700] {processor.py:840} INFO - DAG(s) 'example_short_circuit_decorator' retrieved from /mnt/d/Programming/Vietnamese-Text-Generator/airflow_env/lib/python3.10/site-packages/airflow/example_dags/example_short_circuit_decorator.py
[2024-05-23T16:00:36.267+0700] {logging_mixin.py:188} INFO - [2024-05-23T16:00:36.266+0700] {dag.py:3096} INFO - Sync 1 DAGs
[2024-05-23T16:00:36.301+0700] {logging_mixin.py:188} INFO - [2024-05-23T16:00:36.301+0700] {dag.py:3954} INFO - Setting next_dagrun for example_short_circuit_decorator to 2024-05-22 00:00:00+00:00, run_after=2024-05-23 00:00:00+00:00
[2024-05-23T16:00:36.356+0700] {processor.py:183} INFO - Processing /mnt/d/Programming/Vietnamese-Text-Generator/airflow_env/lib/python3.10/site-packages/airflow/example_dags/example_short_circuit_decorator.py took 0.164 seconds
[2024-05-23T16:01:41.664+0700] {processor.py:161} INFO - Started process (PID=6637) to work on /mnt/d/Programming/Vietnamese-Text-Generator/airflow_env/lib/python3.10/site-packages/airflow/example_dags/example_short_circuit_decorator.py
[2024-05-23T16:01:41.673+0700] {processor.py:830} INFO - Processing file /mnt/d/Programming/Vietnamese-Text-Generator/airflow_env/lib/python3.10/site-packages/airflow/example_dags/example_short_circuit_decorator.py for tasks to queue
[2024-05-23T16:01:41.678+0700] {logging_mixin.py:188} INFO - [2024-05-23T16:01:41.676+0700] {dagbag.py:540} INFO - Filling up the DagBag from /mnt/d/Programming/Vietnamese-Text-Generator/airflow_env/lib/python3.10/site-packages/airflow/example_dags/example_short_circuit_decorator.py
[2024-05-23T16:01:41.720+0700] {processor.py:840} INFO - DAG(s) 'example_short_circuit_decorator' retrieved from /mnt/d/Programming/Vietnamese-Text-Generator/airflow_env/lib/python3.10/site-packages/airflow/example_dags/example_short_circuit_decorator.py
[2024-05-23T16:01:41.763+0700] {logging_mixin.py:188} INFO - [2024-05-23T16:01:41.762+0700] {dag.py:3096} INFO - Sync 1 DAGs
[2024-05-23T16:01:41.797+0700] {logging_mixin.py:188} INFO - [2024-05-23T16:01:41.796+0700] {dag.py:3954} INFO - Setting next_dagrun for example_short_circuit_decorator to 2024-05-22 00:00:00+00:00, run_after=2024-05-23 00:00:00+00:00
[2024-05-23T16:01:41.863+0700] {processor.py:183} INFO - Processing /mnt/d/Programming/Vietnamese-Text-Generator/airflow_env/lib/python3.10/site-packages/airflow/example_dags/example_short_circuit_decorator.py took 0.219 seconds
[2024-05-23T16:02:49.967+0700] {processor.py:161} INFO - Started process (PID=6961) to work on /mnt/d/Programming/Vietnamese-Text-Generator/airflow_env/lib/python3.10/site-packages/airflow/example_dags/example_short_circuit_decorator.py
[2024-05-23T16:02:49.968+0700] {processor.py:830} INFO - Processing file /mnt/d/Programming/Vietnamese-Text-Generator/airflow_env/lib/python3.10/site-packages/airflow/example_dags/example_short_circuit_decorator.py for tasks to queue
[2024-05-23T16:02:49.971+0700] {logging_mixin.py:188} INFO - [2024-05-23T16:02:49.970+0700] {dagbag.py:540} INFO - Filling up the DagBag from /mnt/d/Programming/Vietnamese-Text-Generator/airflow_env/lib/python3.10/site-packages/airflow/example_dags/example_short_circuit_decorator.py
[2024-05-23T16:02:49.994+0700] {processor.py:840} INFO - DAG(s) 'example_short_circuit_decorator' retrieved from /mnt/d/Programming/Vietnamese-Text-Generator/airflow_env/lib/python3.10/site-packages/airflow/example_dags/example_short_circuit_decorator.py
[2024-05-23T16:02:50.027+0700] {logging_mixin.py:188} INFO - [2024-05-23T16:02:50.026+0700] {dag.py:3096} INFO - Sync 1 DAGs
[2024-05-23T16:02:50.056+0700] {logging_mixin.py:188} INFO - [2024-05-23T16:02:50.055+0700] {dag.py:3954} INFO - Setting next_dagrun for example_short_circuit_decorator to 2024-05-22 00:00:00+00:00, run_after=2024-05-23 00:00:00+00:00
[2024-05-23T16:02:50.115+0700] {processor.py:183} INFO - Processing /mnt/d/Programming/Vietnamese-Text-Generator/airflow_env/lib/python3.10/site-packages/airflow/example_dags/example_short_circuit_decorator.py took 0.162 seconds
[2024-05-23T16:04:05.669+0700] {processor.py:161} INFO - Started process (PID=7316) to work on /mnt/d/Programming/Vietnamese-Text-Generator/airflow_env/lib/python3.10/site-packages/airflow/example_dags/example_short_circuit_decorator.py
[2024-05-23T16:04:05.672+0700] {processor.py:830} INFO - Processing file /mnt/d/Programming/Vietnamese-Text-Generator/airflow_env/lib/python3.10/site-packages/airflow/example_dags/example_short_circuit_decorator.py for tasks to queue
[2024-05-23T16:04:05.678+0700] {logging_mixin.py:188} INFO - [2024-05-23T16:04:05.676+0700] {dagbag.py:540} INFO - Filling up the DagBag from /mnt/d/Programming/Vietnamese-Text-Generator/airflow_env/lib/python3.10/site-packages/airflow/example_dags/example_short_circuit_decorator.py
[2024-05-23T16:04:05.731+0700] {processor.py:840} INFO - DAG(s) 'example_short_circuit_decorator' retrieved from /mnt/d/Programming/Vietnamese-Text-Generator/airflow_env/lib/python3.10/site-packages/airflow/example_dags/example_short_circuit_decorator.py
[2024-05-23T16:04:05.773+0700] {logging_mixin.py:188} INFO - [2024-05-23T16:04:05.772+0700] {dag.py:3096} INFO - Sync 1 DAGs
[2024-05-23T16:04:05.813+0700] {logging_mixin.py:188} INFO - [2024-05-23T16:04:05.812+0700] {dag.py:3954} INFO - Setting next_dagrun for example_short_circuit_decorator to 2024-05-22 00:00:00+00:00, run_after=2024-05-23 00:00:00+00:00
[2024-05-23T16:04:05.937+0700] {processor.py:183} INFO - Processing /mnt/d/Programming/Vietnamese-Text-Generator/airflow_env/lib/python3.10/site-packages/airflow/example_dags/example_short_circuit_decorator.py took 0.298 seconds
[2024-05-23T16:35:10.456+0700] {processor.py:161} INFO - Started process (PID=17089) to work on /mnt/d/Programming/Vietnamese-Text-Generator/airflow_env/lib/python3.10/site-packages/airflow/example_dags/example_short_circuit_decorator.py
[2024-05-23T16:35:10.459+0700] {processor.py:830} INFO - Processing file /mnt/d/Programming/Vietnamese-Text-Generator/airflow_env/lib/python3.10/site-packages/airflow/example_dags/example_short_circuit_decorator.py for tasks to queue
[2024-05-23T16:35:10.463+0700] {logging_mixin.py:188} INFO - [2024-05-23T16:35:10.461+0700] {dagbag.py:540} INFO - Filling up the DagBag from /mnt/d/Programming/Vietnamese-Text-Generator/airflow_env/lib/python3.10/site-packages/airflow/example_dags/example_short_circuit_decorator.py
[2024-05-23T16:35:10.489+0700] {processor.py:840} INFO - DAG(s) 'example_short_circuit_decorator' retrieved from /mnt/d/Programming/Vietnamese-Text-Generator/airflow_env/lib/python3.10/site-packages/airflow/example_dags/example_short_circuit_decorator.py
[2024-05-23T16:35:10.531+0700] {logging_mixin.py:188} INFO - [2024-05-23T16:35:10.530+0700] {dag.py:3096} INFO - Sync 1 DAGs
[2024-05-23T16:35:10.576+0700] {logging_mixin.py:188} INFO - [2024-05-23T16:35:10.571+0700] {dag.py:3954} INFO - Setting next_dagrun for example_short_circuit_decorator to 2024-05-22 00:00:00+00:00, run_after=2024-05-23 00:00:00+00:00
[2024-05-23T16:35:10.664+0700] {processor.py:183} INFO - Processing /mnt/d/Programming/Vietnamese-Text-Generator/airflow_env/lib/python3.10/site-packages/airflow/example_dags/example_short_circuit_decorator.py took 0.223 seconds
[2024-05-23T16:36:18.314+0700] {processor.py:161} INFO - Started process (PID=17403) to work on /mnt/d/Programming/Vietnamese-Text-Generator/airflow_env/lib/python3.10/site-packages/airflow/example_dags/example_short_circuit_decorator.py
[2024-05-23T16:36:18.316+0700] {processor.py:830} INFO - Processing file /mnt/d/Programming/Vietnamese-Text-Generator/airflow_env/lib/python3.10/site-packages/airflow/example_dags/example_short_circuit_decorator.py for tasks to queue
[2024-05-23T16:36:18.320+0700] {logging_mixin.py:188} INFO - [2024-05-23T16:36:18.318+0700] {dagbag.py:540} INFO - Filling up the DagBag from /mnt/d/Programming/Vietnamese-Text-Generator/airflow_env/lib/python3.10/site-packages/airflow/example_dags/example_short_circuit_decorator.py
[2024-05-23T16:36:18.356+0700] {processor.py:840} INFO - DAG(s) 'example_short_circuit_decorator' retrieved from /mnt/d/Programming/Vietnamese-Text-Generator/airflow_env/lib/python3.10/site-packages/airflow/example_dags/example_short_circuit_decorator.py
[2024-05-23T16:36:18.396+0700] {logging_mixin.py:188} INFO - [2024-05-23T16:36:18.394+0700] {dag.py:3096} INFO - Sync 1 DAGs
[2024-05-23T16:36:18.429+0700] {logging_mixin.py:188} INFO - [2024-05-23T16:36:18.427+0700] {dag.py:3954} INFO - Setting next_dagrun for example_short_circuit_decorator to 2024-05-22 00:00:00+00:00, run_after=2024-05-23 00:00:00+00:00
[2024-05-23T16:36:18.499+0700] {processor.py:183} INFO - Processing /mnt/d/Programming/Vietnamese-Text-Generator/airflow_env/lib/python3.10/site-packages/airflow/example_dags/example_short_circuit_decorator.py took 0.204 seconds
[2024-05-23T16:37:33.288+0700] {processor.py:161} INFO - Started process (PID=17753) to work on /mnt/d/Programming/Vietnamese-Text-Generator/airflow_env/lib/python3.10/site-packages/airflow/example_dags/example_short_circuit_decorator.py
[2024-05-23T16:37:33.290+0700] {processor.py:830} INFO - Processing file /mnt/d/Programming/Vietnamese-Text-Generator/airflow_env/lib/python3.10/site-packages/airflow/example_dags/example_short_circuit_decorator.py for tasks to queue
[2024-05-23T16:37:33.292+0700] {logging_mixin.py:188} INFO - [2024-05-23T16:37:33.291+0700] {dagbag.py:540} INFO - Filling up the DagBag from /mnt/d/Programming/Vietnamese-Text-Generator/airflow_env/lib/python3.10/site-packages/airflow/example_dags/example_short_circuit_decorator.py
[2024-05-23T16:37:33.312+0700] {processor.py:840} INFO - DAG(s) 'example_short_circuit_decorator' retrieved from /mnt/d/Programming/Vietnamese-Text-Generator/airflow_env/lib/python3.10/site-packages/airflow/example_dags/example_short_circuit_decorator.py
[2024-05-23T16:37:33.338+0700] {logging_mixin.py:188} INFO - [2024-05-23T16:37:33.337+0700] {dag.py:3096} INFO - Sync 1 DAGs
[2024-05-23T16:37:33.368+0700] {logging_mixin.py:188} INFO - [2024-05-23T16:37:33.366+0700] {dag.py:3954} INFO - Setting next_dagrun for example_short_circuit_decorator to 2024-05-22 00:00:00+00:00, run_after=2024-05-23 00:00:00+00:00
[2024-05-23T16:37:33.427+0700] {processor.py:183} INFO - Processing /mnt/d/Programming/Vietnamese-Text-Generator/airflow_env/lib/python3.10/site-packages/airflow/example_dags/example_short_circuit_decorator.py took 0.149 seconds
[2024-05-23T16:49:58.584+0700] {processor.py:161} INFO - Started process (PID=20910) to work on /mnt/d/Programming/Vietnamese-Text-Generator/airflow_env/lib/python3.10/site-packages/airflow/example_dags/example_short_circuit_decorator.py
[2024-05-23T16:49:58.586+0700] {processor.py:830} INFO - Processing file /mnt/d/Programming/Vietnamese-Text-Generator/airflow_env/lib/python3.10/site-packages/airflow/example_dags/example_short_circuit_decorator.py for tasks to queue
[2024-05-23T16:49:58.590+0700] {logging_mixin.py:188} INFO - [2024-05-23T16:49:58.588+0700] {dagbag.py:540} INFO - Filling up the DagBag from /mnt/d/Programming/Vietnamese-Text-Generator/airflow_env/lib/python3.10/site-packages/airflow/example_dags/example_short_circuit_decorator.py
[2024-05-23T16:49:58.615+0700] {processor.py:840} INFO - DAG(s) 'example_short_circuit_decorator' retrieved from /mnt/d/Programming/Vietnamese-Text-Generator/airflow_env/lib/python3.10/site-packages/airflow/example_dags/example_short_circuit_decorator.py
[2024-05-23T16:49:58.663+0700] {logging_mixin.py:188} INFO - [2024-05-23T16:49:58.662+0700] {dag.py:3096} INFO - Sync 1 DAGs
[2024-05-23T16:49:58.696+0700] {logging_mixin.py:188} INFO - [2024-05-23T16:49:58.695+0700] {dag.py:3954} INFO - Setting next_dagrun for example_short_circuit_decorator to 2024-05-22 00:00:00+00:00, run_after=2024-05-23 00:00:00+00:00
[2024-05-23T16:49:58.767+0700] {processor.py:183} INFO - Processing /mnt/d/Programming/Vietnamese-Text-Generator/airflow_env/lib/python3.10/site-packages/airflow/example_dags/example_short_circuit_decorator.py took 0.199 seconds
[2024-05-23T16:51:13.178+0700] {processor.py:161} INFO - Started process (PID=21257) to work on /mnt/d/Programming/Vietnamese-Text-Generator/airflow_env/lib/python3.10/site-packages/airflow/example_dags/example_short_circuit_decorator.py
[2024-05-23T16:51:13.180+0700] {processor.py:830} INFO - Processing file /mnt/d/Programming/Vietnamese-Text-Generator/airflow_env/lib/python3.10/site-packages/airflow/example_dags/example_short_circuit_decorator.py for tasks to queue
[2024-05-23T16:51:13.183+0700] {logging_mixin.py:188} INFO - [2024-05-23T16:51:13.182+0700] {dagbag.py:540} INFO - Filling up the DagBag from /mnt/d/Programming/Vietnamese-Text-Generator/airflow_env/lib/python3.10/site-packages/airflow/example_dags/example_short_circuit_decorator.py
[2024-05-23T16:51:13.210+0700] {processor.py:840} INFO - DAG(s) 'example_short_circuit_decorator' retrieved from /mnt/d/Programming/Vietnamese-Text-Generator/airflow_env/lib/python3.10/site-packages/airflow/example_dags/example_short_circuit_decorator.py
[2024-05-23T16:51:13.242+0700] {logging_mixin.py:188} INFO - [2024-05-23T16:51:13.241+0700] {dag.py:3096} INFO - Sync 1 DAGs
[2024-05-23T16:51:13.273+0700] {logging_mixin.py:188} INFO - [2024-05-23T16:51:13.271+0700] {dag.py:3954} INFO - Setting next_dagrun for example_short_circuit_decorator to 2024-05-22 00:00:00+00:00, run_after=2024-05-23 00:00:00+00:00
[2024-05-23T16:51:13.358+0700] {processor.py:183} INFO - Processing /mnt/d/Programming/Vietnamese-Text-Generator/airflow_env/lib/python3.10/site-packages/airflow/example_dags/example_short_circuit_decorator.py took 0.195 seconds
[2024-05-23T16:52:27.371+0700] {processor.py:161} INFO - Started process (PID=21602) to work on /mnt/d/Programming/Vietnamese-Text-Generator/airflow_env/lib/python3.10/site-packages/airflow/example_dags/example_short_circuit_decorator.py
[2024-05-23T16:52:27.373+0700] {processor.py:830} INFO - Processing file /mnt/d/Programming/Vietnamese-Text-Generator/airflow_env/lib/python3.10/site-packages/airflow/example_dags/example_short_circuit_decorator.py for tasks to queue
[2024-05-23T16:52:27.376+0700] {logging_mixin.py:188} INFO - [2024-05-23T16:52:27.375+0700] {dagbag.py:540} INFO - Filling up the DagBag from /mnt/d/Programming/Vietnamese-Text-Generator/airflow_env/lib/python3.10/site-packages/airflow/example_dags/example_short_circuit_decorator.py
[2024-05-23T16:52:27.395+0700] {processor.py:840} INFO - DAG(s) 'example_short_circuit_decorator' retrieved from /mnt/d/Programming/Vietnamese-Text-Generator/airflow_env/lib/python3.10/site-packages/airflow/example_dags/example_short_circuit_decorator.py
[2024-05-23T16:52:27.428+0700] {logging_mixin.py:188} INFO - [2024-05-23T16:52:27.427+0700] {dag.py:3096} INFO - Sync 1 DAGs
[2024-05-23T16:52:27.458+0700] {logging_mixin.py:188} INFO - [2024-05-23T16:52:27.458+0700] {dag.py:3954} INFO - Setting next_dagrun for example_short_circuit_decorator to 2024-05-22 00:00:00+00:00, run_after=2024-05-23 00:00:00+00:00
[2024-05-23T16:52:27.513+0700] {processor.py:183} INFO - Processing /mnt/d/Programming/Vietnamese-Text-Generator/airflow_env/lib/python3.10/site-packages/airflow/example_dags/example_short_circuit_decorator.py took 0.155 seconds
[2024-05-23T16:53:39.776+0700] {processor.py:161} INFO - Started process (PID=21939) to work on /mnt/d/Programming/Vietnamese-Text-Generator/airflow_env/lib/python3.10/site-packages/airflow/example_dags/example_short_circuit_decorator.py
[2024-05-23T16:53:39.779+0700] {processor.py:830} INFO - Processing file /mnt/d/Programming/Vietnamese-Text-Generator/airflow_env/lib/python3.10/site-packages/airflow/example_dags/example_short_circuit_decorator.py for tasks to queue
[2024-05-23T16:53:39.782+0700] {logging_mixin.py:188} INFO - [2024-05-23T16:53:39.781+0700] {dagbag.py:540} INFO - Filling up the DagBag from /mnt/d/Programming/Vietnamese-Text-Generator/airflow_env/lib/python3.10/site-packages/airflow/example_dags/example_short_circuit_decorator.py
[2024-05-23T16:53:39.838+0700] {processor.py:840} INFO - DAG(s) 'example_short_circuit_decorator' retrieved from /mnt/d/Programming/Vietnamese-Text-Generator/airflow_env/lib/python3.10/site-packages/airflow/example_dags/example_short_circuit_decorator.py
[2024-05-23T16:53:39.883+0700] {logging_mixin.py:188} INFO - [2024-05-23T16:53:39.882+0700] {dag.py:3096} INFO - Sync 1 DAGs
[2024-05-23T16:53:39.921+0700] {logging_mixin.py:188} INFO - [2024-05-23T16:53:39.920+0700] {dag.py:3954} INFO - Setting next_dagrun for example_short_circuit_decorator to 2024-05-22 00:00:00+00:00, run_after=2024-05-23 00:00:00+00:00
[2024-05-23T16:53:40.008+0700] {processor.py:183} INFO - Processing /mnt/d/Programming/Vietnamese-Text-Generator/airflow_env/lib/python3.10/site-packages/airflow/example_dags/example_short_circuit_decorator.py took 0.258 seconds
[2024-05-23T16:54:50.608+0700] {processor.py:161} INFO - Started process (PID=22268) to work on /mnt/d/Programming/Vietnamese-Text-Generator/airflow_env/lib/python3.10/site-packages/airflow/example_dags/example_short_circuit_decorator.py
[2024-05-23T16:54:50.609+0700] {processor.py:830} INFO - Processing file /mnt/d/Programming/Vietnamese-Text-Generator/airflow_env/lib/python3.10/site-packages/airflow/example_dags/example_short_circuit_decorator.py for tasks to queue
[2024-05-23T16:54:50.612+0700] {logging_mixin.py:188} INFO - [2024-05-23T16:54:50.611+0700] {dagbag.py:540} INFO - Filling up the DagBag from /mnt/d/Programming/Vietnamese-Text-Generator/airflow_env/lib/python3.10/site-packages/airflow/example_dags/example_short_circuit_decorator.py
[2024-05-23T16:54:50.633+0700] {processor.py:840} INFO - DAG(s) 'example_short_circuit_decorator' retrieved from /mnt/d/Programming/Vietnamese-Text-Generator/airflow_env/lib/python3.10/site-packages/airflow/example_dags/example_short_circuit_decorator.py
[2024-05-23T16:54:50.667+0700] {logging_mixin.py:188} INFO - [2024-05-23T16:54:50.666+0700] {dag.py:3096} INFO - Sync 1 DAGs
[2024-05-23T16:54:50.697+0700] {logging_mixin.py:188} INFO - [2024-05-23T16:54:50.697+0700] {dag.py:3954} INFO - Setting next_dagrun for example_short_circuit_decorator to 2024-05-22 00:00:00+00:00, run_after=2024-05-23 00:00:00+00:00
[2024-05-23T16:54:50.755+0700] {processor.py:183} INFO - Processing /mnt/d/Programming/Vietnamese-Text-Generator/airflow_env/lib/python3.10/site-packages/airflow/example_dags/example_short_circuit_decorator.py took 0.159 seconds
[2024-05-23T16:55:56.164+0700] {processor.py:161} INFO - Started process (PID=22579) to work on /mnt/d/Programming/Vietnamese-Text-Generator/airflow_env/lib/python3.10/site-packages/airflow/example_dags/example_short_circuit_decorator.py
[2024-05-23T16:55:56.166+0700] {processor.py:830} INFO - Processing file /mnt/d/Programming/Vietnamese-Text-Generator/airflow_env/lib/python3.10/site-packages/airflow/example_dags/example_short_circuit_decorator.py for tasks to queue
[2024-05-23T16:55:56.170+0700] {logging_mixin.py:188} INFO - [2024-05-23T16:55:56.168+0700] {dagbag.py:540} INFO - Filling up the DagBag from /mnt/d/Programming/Vietnamese-Text-Generator/airflow_env/lib/python3.10/site-packages/airflow/example_dags/example_short_circuit_decorator.py
[2024-05-23T16:55:56.192+0700] {processor.py:840} INFO - DAG(s) 'example_short_circuit_decorator' retrieved from /mnt/d/Programming/Vietnamese-Text-Generator/airflow_env/lib/python3.10/site-packages/airflow/example_dags/example_short_circuit_decorator.py
[2024-05-23T16:55:56.235+0700] {logging_mixin.py:188} INFO - [2024-05-23T16:55:56.234+0700] {dag.py:3096} INFO - Sync 1 DAGs
[2024-05-23T16:55:56.268+0700] {logging_mixin.py:188} INFO - [2024-05-23T16:55:56.266+0700] {dag.py:3954} INFO - Setting next_dagrun for example_short_circuit_decorator to 2024-05-22 00:00:00+00:00, run_after=2024-05-23 00:00:00+00:00
[2024-05-23T16:55:56.350+0700] {processor.py:183} INFO - Processing /mnt/d/Programming/Vietnamese-Text-Generator/airflow_env/lib/python3.10/site-packages/airflow/example_dags/example_short_circuit_decorator.py took 0.199 seconds
[2024-05-23T16:57:06.435+0700] {processor.py:161} INFO - Started process (PID=22906) to work on /mnt/d/Programming/Vietnamese-Text-Generator/airflow_env/lib/python3.10/site-packages/airflow/example_dags/example_short_circuit_decorator.py
[2024-05-23T16:57:06.437+0700] {processor.py:830} INFO - Processing file /mnt/d/Programming/Vietnamese-Text-Generator/airflow_env/lib/python3.10/site-packages/airflow/example_dags/example_short_circuit_decorator.py for tasks to queue
[2024-05-23T16:57:06.439+0700] {logging_mixin.py:188} INFO - [2024-05-23T16:57:06.438+0700] {dagbag.py:540} INFO - Filling up the DagBag from /mnt/d/Programming/Vietnamese-Text-Generator/airflow_env/lib/python3.10/site-packages/airflow/example_dags/example_short_circuit_decorator.py
[2024-05-23T16:57:06.460+0700] {processor.py:840} INFO - DAG(s) 'example_short_circuit_decorator' retrieved from /mnt/d/Programming/Vietnamese-Text-Generator/airflow_env/lib/python3.10/site-packages/airflow/example_dags/example_short_circuit_decorator.py
[2024-05-23T16:57:06.498+0700] {logging_mixin.py:188} INFO - [2024-05-23T16:57:06.496+0700] {dag.py:3096} INFO - Sync 1 DAGs
[2024-05-23T16:57:06.532+0700] {logging_mixin.py:188} INFO - [2024-05-23T16:57:06.531+0700] {dag.py:3954} INFO - Setting next_dagrun for example_short_circuit_decorator to 2024-05-22 00:00:00+00:00, run_after=2024-05-23 00:00:00+00:00
[2024-05-23T16:57:06.594+0700] {processor.py:183} INFO - Processing /mnt/d/Programming/Vietnamese-Text-Generator/airflow_env/lib/python3.10/site-packages/airflow/example_dags/example_short_circuit_decorator.py took 0.172 seconds
[2024-05-23T16:58:14.258+0700] {processor.py:161} INFO - Started process (PID=23224) to work on /mnt/d/Programming/Vietnamese-Text-Generator/airflow_env/lib/python3.10/site-packages/airflow/example_dags/example_short_circuit_decorator.py
[2024-05-23T16:58:14.260+0700] {processor.py:830} INFO - Processing file /mnt/d/Programming/Vietnamese-Text-Generator/airflow_env/lib/python3.10/site-packages/airflow/example_dags/example_short_circuit_decorator.py for tasks to queue
[2024-05-23T16:58:14.263+0700] {logging_mixin.py:188} INFO - [2024-05-23T16:58:14.262+0700] {dagbag.py:540} INFO - Filling up the DagBag from /mnt/d/Programming/Vietnamese-Text-Generator/airflow_env/lib/python3.10/site-packages/airflow/example_dags/example_short_circuit_decorator.py
[2024-05-23T16:58:14.294+0700] {processor.py:840} INFO - DAG(s) 'example_short_circuit_decorator' retrieved from /mnt/d/Programming/Vietnamese-Text-Generator/airflow_env/lib/python3.10/site-packages/airflow/example_dags/example_short_circuit_decorator.py
[2024-05-23T16:58:14.333+0700] {logging_mixin.py:188} INFO - [2024-05-23T16:58:14.332+0700] {dag.py:3096} INFO - Sync 1 DAGs
[2024-05-23T16:58:14.372+0700] {logging_mixin.py:188} INFO - [2024-05-23T16:58:14.371+0700] {dag.py:3954} INFO - Setting next_dagrun for example_short_circuit_decorator to 2024-05-22 00:00:00+00:00, run_after=2024-05-23 00:00:00+00:00
[2024-05-23T16:58:14.431+0700] {processor.py:183} INFO - Processing /mnt/d/Programming/Vietnamese-Text-Generator/airflow_env/lib/python3.10/site-packages/airflow/example_dags/example_short_circuit_decorator.py took 0.188 seconds
[2024-05-23T16:59:24.707+0700] {processor.py:161} INFO - Started process (PID=23552) to work on /mnt/d/Programming/Vietnamese-Text-Generator/airflow_env/lib/python3.10/site-packages/airflow/example_dags/example_short_circuit_decorator.py
[2024-05-23T16:59:24.709+0700] {processor.py:830} INFO - Processing file /mnt/d/Programming/Vietnamese-Text-Generator/airflow_env/lib/python3.10/site-packages/airflow/example_dags/example_short_circuit_decorator.py for tasks to queue
[2024-05-23T16:59:24.712+0700] {logging_mixin.py:188} INFO - [2024-05-23T16:59:24.711+0700] {dagbag.py:540} INFO - Filling up the DagBag from /mnt/d/Programming/Vietnamese-Text-Generator/airflow_env/lib/python3.10/site-packages/airflow/example_dags/example_short_circuit_decorator.py
[2024-05-23T16:59:24.742+0700] {processor.py:840} INFO - DAG(s) 'example_short_circuit_decorator' retrieved from /mnt/d/Programming/Vietnamese-Text-Generator/airflow_env/lib/python3.10/site-packages/airflow/example_dags/example_short_circuit_decorator.py
[2024-05-23T16:59:24.786+0700] {logging_mixin.py:188} INFO - [2024-05-23T16:59:24.784+0700] {dag.py:3096} INFO - Sync 1 DAGs
[2024-05-23T16:59:24.819+0700] {logging_mixin.py:188} INFO - [2024-05-23T16:59:24.818+0700] {dag.py:3954} INFO - Setting next_dagrun for example_short_circuit_decorator to 2024-05-22 00:00:00+00:00, run_after=2024-05-23 00:00:00+00:00
[2024-05-23T16:59:24.874+0700] {processor.py:183} INFO - Processing /mnt/d/Programming/Vietnamese-Text-Generator/airflow_env/lib/python3.10/site-packages/airflow/example_dags/example_short_circuit_decorator.py took 0.183 seconds
[2024-05-23T17:00:33.940+0700] {processor.py:161} INFO - Started process (PID=23878) to work on /mnt/d/Programming/Vietnamese-Text-Generator/airflow_env/lib/python3.10/site-packages/airflow/example_dags/example_short_circuit_decorator.py
[2024-05-23T17:00:33.942+0700] {processor.py:830} INFO - Processing file /mnt/d/Programming/Vietnamese-Text-Generator/airflow_env/lib/python3.10/site-packages/airflow/example_dags/example_short_circuit_decorator.py for tasks to queue
[2024-05-23T17:00:33.944+0700] {logging_mixin.py:188} INFO - [2024-05-23T17:00:33.943+0700] {dagbag.py:540} INFO - Filling up the DagBag from /mnt/d/Programming/Vietnamese-Text-Generator/airflow_env/lib/python3.10/site-packages/airflow/example_dags/example_short_circuit_decorator.py
[2024-05-23T17:00:33.966+0700] {processor.py:840} INFO - DAG(s) 'example_short_circuit_decorator' retrieved from /mnt/d/Programming/Vietnamese-Text-Generator/airflow_env/lib/python3.10/site-packages/airflow/example_dags/example_short_circuit_decorator.py
[2024-05-23T17:00:34.002+0700] {logging_mixin.py:188} INFO - [2024-05-23T17:00:34.000+0700] {dag.py:3096} INFO - Sync 1 DAGs
[2024-05-23T17:00:34.036+0700] {logging_mixin.py:188} INFO - [2024-05-23T17:00:34.035+0700] {dag.py:3954} INFO - Setting next_dagrun for example_short_circuit_decorator to 2024-05-22 00:00:00+00:00, run_after=2024-05-23 00:00:00+00:00
[2024-05-23T17:00:34.093+0700] {processor.py:183} INFO - Processing /mnt/d/Programming/Vietnamese-Text-Generator/airflow_env/lib/python3.10/site-packages/airflow/example_dags/example_short_circuit_decorator.py took 0.166 seconds
[2024-05-23T17:01:42.726+0700] {processor.py:161} INFO - Started process (PID=24196) to work on /mnt/d/Programming/Vietnamese-Text-Generator/airflow_env/lib/python3.10/site-packages/airflow/example_dags/example_short_circuit_decorator.py
[2024-05-23T17:01:42.728+0700] {processor.py:830} INFO - Processing file /mnt/d/Programming/Vietnamese-Text-Generator/airflow_env/lib/python3.10/site-packages/airflow/example_dags/example_short_circuit_decorator.py for tasks to queue
[2024-05-23T17:01:42.731+0700] {logging_mixin.py:188} INFO - [2024-05-23T17:01:42.730+0700] {dagbag.py:540} INFO - Filling up the DagBag from /mnt/d/Programming/Vietnamese-Text-Generator/airflow_env/lib/python3.10/site-packages/airflow/example_dags/example_short_circuit_decorator.py
[2024-05-23T17:01:42.752+0700] {processor.py:840} INFO - DAG(s) 'example_short_circuit_decorator' retrieved from /mnt/d/Programming/Vietnamese-Text-Generator/airflow_env/lib/python3.10/site-packages/airflow/example_dags/example_short_circuit_decorator.py
[2024-05-23T17:01:42.786+0700] {logging_mixin.py:188} INFO - [2024-05-23T17:01:42.785+0700] {dag.py:3096} INFO - Sync 1 DAGs
[2024-05-23T17:01:42.818+0700] {logging_mixin.py:188} INFO - [2024-05-23T17:01:42.817+0700] {dag.py:3954} INFO - Setting next_dagrun for example_short_circuit_decorator to 2024-05-22 00:00:00+00:00, run_after=2024-05-23 00:00:00+00:00
[2024-05-23T17:01:42.879+0700] {processor.py:183} INFO - Processing /mnt/d/Programming/Vietnamese-Text-Generator/airflow_env/lib/python3.10/site-packages/airflow/example_dags/example_short_circuit_decorator.py took 0.168 seconds
[2024-05-23T17:02:55.287+0700] {processor.py:161} INFO - Started process (PID=24531) to work on /mnt/d/Programming/Vietnamese-Text-Generator/airflow_env/lib/python3.10/site-packages/airflow/example_dags/example_short_circuit_decorator.py
[2024-05-23T17:02:55.289+0700] {processor.py:830} INFO - Processing file /mnt/d/Programming/Vietnamese-Text-Generator/airflow_env/lib/python3.10/site-packages/airflow/example_dags/example_short_circuit_decorator.py for tasks to queue
[2024-05-23T17:02:55.292+0700] {logging_mixin.py:188} INFO - [2024-05-23T17:02:55.291+0700] {dagbag.py:540} INFO - Filling up the DagBag from /mnt/d/Programming/Vietnamese-Text-Generator/airflow_env/lib/python3.10/site-packages/airflow/example_dags/example_short_circuit_decorator.py
[2024-05-23T17:02:55.312+0700] {processor.py:840} INFO - DAG(s) 'example_short_circuit_decorator' retrieved from /mnt/d/Programming/Vietnamese-Text-Generator/airflow_env/lib/python3.10/site-packages/airflow/example_dags/example_short_circuit_decorator.py
[2024-05-23T17:02:55.348+0700] {logging_mixin.py:188} INFO - [2024-05-23T17:02:55.348+0700] {dag.py:3096} INFO - Sync 1 DAGs
[2024-05-23T17:02:55.379+0700] {logging_mixin.py:188} INFO - [2024-05-23T17:02:55.378+0700] {dag.py:3954} INFO - Setting next_dagrun for example_short_circuit_decorator to 2024-05-22 00:00:00+00:00, run_after=2024-05-23 00:00:00+00:00
[2024-05-23T17:02:55.446+0700] {processor.py:183} INFO - Processing /mnt/d/Programming/Vietnamese-Text-Generator/airflow_env/lib/python3.10/site-packages/airflow/example_dags/example_short_circuit_decorator.py took 0.171 seconds
[2024-05-23T17:04:01.852+0700] {processor.py:161} INFO - Started process (PID=24842) to work on /mnt/d/Programming/Vietnamese-Text-Generator/airflow_env/lib/python3.10/site-packages/airflow/example_dags/example_short_circuit_decorator.py
[2024-05-23T17:04:01.854+0700] {processor.py:830} INFO - Processing file /mnt/d/Programming/Vietnamese-Text-Generator/airflow_env/lib/python3.10/site-packages/airflow/example_dags/example_short_circuit_decorator.py for tasks to queue
[2024-05-23T17:04:01.856+0700] {logging_mixin.py:188} INFO - [2024-05-23T17:04:01.855+0700] {dagbag.py:540} INFO - Filling up the DagBag from /mnt/d/Programming/Vietnamese-Text-Generator/airflow_env/lib/python3.10/site-packages/airflow/example_dags/example_short_circuit_decorator.py
[2024-05-23T17:04:01.877+0700] {processor.py:840} INFO - DAG(s) 'example_short_circuit_decorator' retrieved from /mnt/d/Programming/Vietnamese-Text-Generator/airflow_env/lib/python3.10/site-packages/airflow/example_dags/example_short_circuit_decorator.py
[2024-05-23T17:04:01.910+0700] {logging_mixin.py:188} INFO - [2024-05-23T17:04:01.909+0700] {dag.py:3096} INFO - Sync 1 DAGs
[2024-05-23T17:04:01.943+0700] {logging_mixin.py:188} INFO - [2024-05-23T17:04:01.943+0700] {dag.py:3954} INFO - Setting next_dagrun for example_short_circuit_decorator to 2024-05-22 00:00:00+00:00, run_after=2024-05-23 00:00:00+00:00
[2024-05-23T17:04:01.999+0700] {processor.py:183} INFO - Processing /mnt/d/Programming/Vietnamese-Text-Generator/airflow_env/lib/python3.10/site-packages/airflow/example_dags/example_short_circuit_decorator.py took 0.160 seconds
