[2024-05-23T15:42:43.615+0700] {processor.py:161} INFO - Started process (PID=1092) to work on /mnt/d/Programming/Vietnamese-Text-Generator/airflow_env/lib/python3.10/site-packages/airflow/example_dags/example_task_group_decorator.py
[2024-05-23T15:42:43.617+0700] {processor.py:830} INFO - Processing file /mnt/d/Programming/Vietnamese-Text-Generator/airflow_env/lib/python3.10/site-packages/airflow/example_dags/example_task_group_decorator.py for tasks to queue
[2024-05-23T15:42:43.620+0700] {logging_mixin.py:188} INFO - [2024-05-23T15:42:43.619+0700] {dagbag.py:540} INFO - Filling up the DagBag from /mnt/d/Programming/Vietnamese-Text-Generator/airflow_env/lib/python3.10/site-packages/airflow/example_dags/example_task_group_decorator.py
[2024-05-23T15:42:43.673+0700] {processor.py:840} INFO - DAG(s) 'example_task_group_decorator' retrieved from /mnt/d/Programming/Vietnamese-Text-Generator/airflow_env/lib/python3.10/site-packages/airflow/example_dags/example_task_group_decorator.py
[2024-05-23T15:42:43.715+0700] {logging_mixin.py:188} INFO - [2024-05-23T15:42:43.713+0700] {dag.py:3096} INFO - Sync 1 DAGs
[2024-05-23T15:42:43.746+0700] {logging_mixin.py:188} INFO - [2024-05-23T15:42:43.745+0700] {dag.py:3954} INFO - Setting next_dagrun for example_task_group_decorator to 2024-05-22 00:00:00+00:00, run_after=2024-05-23 00:00:00+00:00
[2024-05-23T15:42:43.802+0700] {processor.py:183} INFO - Processing /mnt/d/Programming/Vietnamese-Text-Generator/airflow_env/lib/python3.10/site-packages/airflow/example_dags/example_task_group_decorator.py took 0.199 seconds
[2024-05-23T15:43:58.400+0700] {processor.py:161} INFO - Started process (PID=1449) to work on /mnt/d/Programming/Vietnamese-Text-Generator/airflow_env/lib/python3.10/site-packages/airflow/example_dags/example_task_group_decorator.py
[2024-05-23T15:43:58.402+0700] {processor.py:830} INFO - Processing file /mnt/d/Programming/Vietnamese-Text-Generator/airflow_env/lib/python3.10/site-packages/airflow/example_dags/example_task_group_decorator.py for tasks to queue
[2024-05-23T15:43:58.405+0700] {logging_mixin.py:188} INFO - [2024-05-23T15:43:58.404+0700] {dagbag.py:540} INFO - Filling up the DagBag from /mnt/d/Programming/Vietnamese-Text-Generator/airflow_env/lib/python3.10/site-packages/airflow/example_dags/example_task_group_decorator.py
[2024-05-23T15:43:58.429+0700] {processor.py:840} INFO - DAG(s) 'example_task_group_decorator' retrieved from /mnt/d/Programming/Vietnamese-Text-Generator/airflow_env/lib/python3.10/site-packages/airflow/example_dags/example_task_group_decorator.py
[2024-05-23T15:43:58.462+0700] {logging_mixin.py:188} INFO - [2024-05-23T15:43:58.461+0700] {dag.py:3096} INFO - Sync 1 DAGs
[2024-05-23T15:43:58.493+0700] {logging_mixin.py:188} INFO - [2024-05-23T15:43:58.492+0700] {dag.py:3954} INFO - Setting next_dagrun for example_task_group_decorator to 2024-05-22 00:00:00+00:00, run_after=2024-05-23 00:00:00+00:00
[2024-05-23T15:43:58.547+0700] {processor.py:183} INFO - Processing /mnt/d/Programming/Vietnamese-Text-Generator/airflow_env/lib/python3.10/site-packages/airflow/example_dags/example_task_group_decorator.py took 0.158 seconds
[2024-05-23T15:45:10.646+0700] {processor.py:161} INFO - Started process (PID=1801) to work on /mnt/d/Programming/Vietnamese-Text-Generator/airflow_env/lib/python3.10/site-packages/airflow/example_dags/example_task_group_decorator.py
[2024-05-23T15:45:10.649+0700] {processor.py:830} INFO - Processing file /mnt/d/Programming/Vietnamese-Text-Generator/airflow_env/lib/python3.10/site-packages/airflow/example_dags/example_task_group_decorator.py for tasks to queue
[2024-05-23T15:45:10.653+0700] {logging_mixin.py:188} INFO - [2024-05-23T15:45:10.652+0700] {dagbag.py:540} INFO - Filling up the DagBag from /mnt/d/Programming/Vietnamese-Text-Generator/airflow_env/lib/python3.10/site-packages/airflow/example_dags/example_task_group_decorator.py
[2024-05-23T15:45:10.685+0700] {processor.py:840} INFO - DAG(s) 'example_task_group_decorator' retrieved from /mnt/d/Programming/Vietnamese-Text-Generator/airflow_env/lib/python3.10/site-packages/airflow/example_dags/example_task_group_decorator.py
[2024-05-23T15:45:10.726+0700] {logging_mixin.py:188} INFO - [2024-05-23T15:45:10.725+0700] {dag.py:3096} INFO - Sync 1 DAGs
[2024-05-23T15:45:10.764+0700] {logging_mixin.py:188} INFO - [2024-05-23T15:45:10.763+0700] {dag.py:3954} INFO - Setting next_dagrun for example_task_group_decorator to 2024-05-22 00:00:00+00:00, run_after=2024-05-23 00:00:00+00:00
[2024-05-23T15:45:10.843+0700] {processor.py:183} INFO - Processing /mnt/d/Programming/Vietnamese-Text-Generator/airflow_env/lib/python3.10/site-packages/airflow/example_dags/example_task_group_decorator.py took 0.211 seconds
[2024-05-23T15:46:25.427+0700] {processor.py:161} INFO - Started process (PID=2508) to work on /mnt/d/Programming/Vietnamese-Text-Generator/airflow_env/lib/python3.10/site-packages/airflow/example_dags/example_task_group_decorator.py
[2024-05-23T15:46:25.429+0700] {processor.py:830} INFO - Processing file /mnt/d/Programming/Vietnamese-Text-Generator/airflow_env/lib/python3.10/site-packages/airflow/example_dags/example_task_group_decorator.py for tasks to queue
[2024-05-23T15:46:25.434+0700] {logging_mixin.py:188} INFO - [2024-05-23T15:46:25.432+0700] {dagbag.py:540} INFO - Filling up the DagBag from /mnt/d/Programming/Vietnamese-Text-Generator/airflow_env/lib/python3.10/site-packages/airflow/example_dags/example_task_group_decorator.py
[2024-05-23T15:46:25.481+0700] {processor.py:840} INFO - DAG(s) 'example_task_group_decorator' retrieved from /mnt/d/Programming/Vietnamese-Text-Generator/airflow_env/lib/python3.10/site-packages/airflow/example_dags/example_task_group_decorator.py
[2024-05-23T15:46:25.527+0700] {logging_mixin.py:188} INFO - [2024-05-23T15:46:25.526+0700] {dag.py:3096} INFO - Sync 1 DAGs
[2024-05-23T15:46:25.572+0700] {logging_mixin.py:188} INFO - [2024-05-23T15:46:25.571+0700] {dag.py:3954} INFO - Setting next_dagrun for example_task_group_decorator to 2024-05-22 00:00:00+00:00, run_after=2024-05-23 00:00:00+00:00
[2024-05-23T15:46:25.669+0700] {processor.py:183} INFO - Processing /mnt/d/Programming/Vietnamese-Text-Generator/airflow_env/lib/python3.10/site-packages/airflow/example_dags/example_task_group_decorator.py took 0.259 seconds
[2024-05-23T15:47:30.858+0700] {processor.py:161} INFO - Started process (PID=2825) to work on /mnt/d/Programming/Vietnamese-Text-Generator/airflow_env/lib/python3.10/site-packages/airflow/example_dags/example_task_group_decorator.py
[2024-05-23T15:47:30.860+0700] {processor.py:830} INFO - Processing file /mnt/d/Programming/Vietnamese-Text-Generator/airflow_env/lib/python3.10/site-packages/airflow/example_dags/example_task_group_decorator.py for tasks to queue
[2024-05-23T15:47:30.864+0700] {logging_mixin.py:188} INFO - [2024-05-23T15:47:30.863+0700] {dagbag.py:540} INFO - Filling up the DagBag from /mnt/d/Programming/Vietnamese-Text-Generator/airflow_env/lib/python3.10/site-packages/airflow/example_dags/example_task_group_decorator.py
[2024-05-23T15:47:30.888+0700] {processor.py:840} INFO - DAG(s) 'example_task_group_decorator' retrieved from /mnt/d/Programming/Vietnamese-Text-Generator/airflow_env/lib/python3.10/site-packages/airflow/example_dags/example_task_group_decorator.py
[2024-05-23T15:47:30.922+0700] {logging_mixin.py:188} INFO - [2024-05-23T15:47:30.920+0700] {dag.py:3096} INFO - Sync 1 DAGs
[2024-05-23T15:47:30.952+0700] {logging_mixin.py:188} INFO - [2024-05-23T15:47:30.952+0700] {dag.py:3954} INFO - Setting next_dagrun for example_task_group_decorator to 2024-05-22 00:00:00+00:00, run_after=2024-05-23 00:00:00+00:00
[2024-05-23T15:47:31.009+0700] {processor.py:183} INFO - Processing /mnt/d/Programming/Vietnamese-Text-Generator/airflow_env/lib/python3.10/site-packages/airflow/example_dags/example_task_group_decorator.py took 0.162 seconds
[2024-05-23T15:54:44.896+0700] {processor.py:161} INFO - Started process (PID=4668) to work on /mnt/d/Programming/Vietnamese-Text-Generator/airflow_env/lib/python3.10/site-packages/airflow/example_dags/example_task_group_decorator.py
[2024-05-23T15:54:44.898+0700] {processor.py:830} INFO - Processing file /mnt/d/Programming/Vietnamese-Text-Generator/airflow_env/lib/python3.10/site-packages/airflow/example_dags/example_task_group_decorator.py for tasks to queue
[2024-05-23T15:54:44.900+0700] {logging_mixin.py:188} INFO - [2024-05-23T15:54:44.899+0700] {dagbag.py:540} INFO - Filling up the DagBag from /mnt/d/Programming/Vietnamese-Text-Generator/airflow_env/lib/python3.10/site-packages/airflow/example_dags/example_task_group_decorator.py
[2024-05-23T15:54:44.926+0700] {processor.py:840} INFO - DAG(s) 'example_task_group_decorator' retrieved from /mnt/d/Programming/Vietnamese-Text-Generator/airflow_env/lib/python3.10/site-packages/airflow/example_dags/example_task_group_decorator.py
[2024-05-23T15:54:44.973+0700] {logging_mixin.py:188} INFO - [2024-05-23T15:54:44.971+0700] {dag.py:3096} INFO - Sync 1 DAGs
[2024-05-23T15:54:45.000+0700] {logging_mixin.py:188} INFO - [2024-05-23T15:54:44.999+0700] {dag.py:3954} INFO - Setting next_dagrun for example_task_group_decorator to 2024-05-22 00:00:00+00:00, run_after=2024-05-23 00:00:00+00:00
[2024-05-23T15:54:45.053+0700] {processor.py:183} INFO - Processing /mnt/d/Programming/Vietnamese-Text-Generator/airflow_env/lib/python3.10/site-packages/airflow/example_dags/example_task_group_decorator.py took 0.169 seconds
[2024-05-23T15:55:50.636+0700] {processor.py:161} INFO - Started process (PID=4983) to work on /mnt/d/Programming/Vietnamese-Text-Generator/airflow_env/lib/python3.10/site-packages/airflow/example_dags/example_task_group_decorator.py
[2024-05-23T15:55:50.637+0700] {processor.py:830} INFO - Processing file /mnt/d/Programming/Vietnamese-Text-Generator/airflow_env/lib/python3.10/site-packages/airflow/example_dags/example_task_group_decorator.py for tasks to queue
[2024-05-23T15:55:50.640+0700] {logging_mixin.py:188} INFO - [2024-05-23T15:55:50.639+0700] {dagbag.py:540} INFO - Filling up the DagBag from /mnt/d/Programming/Vietnamese-Text-Generator/airflow_env/lib/python3.10/site-packages/airflow/example_dags/example_task_group_decorator.py
[2024-05-23T15:55:50.664+0700] {processor.py:840} INFO - DAG(s) 'example_task_group_decorator' retrieved from /mnt/d/Programming/Vietnamese-Text-Generator/airflow_env/lib/python3.10/site-packages/airflow/example_dags/example_task_group_decorator.py
[2024-05-23T15:55:50.703+0700] {logging_mixin.py:188} INFO - [2024-05-23T15:55:50.702+0700] {dag.py:3096} INFO - Sync 1 DAGs
[2024-05-23T15:55:50.737+0700] {logging_mixin.py:188} INFO - [2024-05-23T15:55:50.736+0700] {dag.py:3954} INFO - Setting next_dagrun for example_task_group_decorator to 2024-05-22 00:00:00+00:00, run_after=2024-05-23 00:00:00+00:00
[2024-05-23T15:55:50.787+0700] {processor.py:183} INFO - Processing /mnt/d/Programming/Vietnamese-Text-Generator/airflow_env/lib/python3.10/site-packages/airflow/example_dags/example_task_group_decorator.py took 0.164 seconds
[2024-05-23T15:56:58.596+0700] {processor.py:161} INFO - Started process (PID=5302) to work on /mnt/d/Programming/Vietnamese-Text-Generator/airflow_env/lib/python3.10/site-packages/airflow/example_dags/example_task_group_decorator.py
[2024-05-23T15:56:58.598+0700] {processor.py:830} INFO - Processing file /mnt/d/Programming/Vietnamese-Text-Generator/airflow_env/lib/python3.10/site-packages/airflow/example_dags/example_task_group_decorator.py for tasks to queue
[2024-05-23T15:56:58.601+0700] {logging_mixin.py:188} INFO - [2024-05-23T15:56:58.600+0700] {dagbag.py:540} INFO - Filling up the DagBag from /mnt/d/Programming/Vietnamese-Text-Generator/airflow_env/lib/python3.10/site-packages/airflow/example_dags/example_task_group_decorator.py
[2024-05-23T15:56:58.636+0700] {processor.py:840} INFO - DAG(s) 'example_task_group_decorator' retrieved from /mnt/d/Programming/Vietnamese-Text-Generator/airflow_env/lib/python3.10/site-packages/airflow/example_dags/example_task_group_decorator.py
[2024-05-23T15:56:58.678+0700] {logging_mixin.py:188} INFO - [2024-05-23T15:56:58.676+0700] {dag.py:3096} INFO - Sync 1 DAGs
[2024-05-23T15:56:58.709+0700] {logging_mixin.py:188} INFO - [2024-05-23T15:56:58.709+0700] {dag.py:3954} INFO - Setting next_dagrun for example_task_group_decorator to 2024-05-22 00:00:00+00:00, run_after=2024-05-23 00:00:00+00:00
[2024-05-23T15:56:58.774+0700] {processor.py:183} INFO - Processing /mnt/d/Programming/Vietnamese-Text-Generator/airflow_env/lib/python3.10/site-packages/airflow/example_dags/example_task_group_decorator.py took 0.192 seconds
[2024-05-23T15:58:07.772+0700] {processor.py:161} INFO - Started process (PID=5629) to work on /mnt/d/Programming/Vietnamese-Text-Generator/airflow_env/lib/python3.10/site-packages/airflow/example_dags/example_task_group_decorator.py
[2024-05-23T15:58:07.774+0700] {processor.py:830} INFO - Processing file /mnt/d/Programming/Vietnamese-Text-Generator/airflow_env/lib/python3.10/site-packages/airflow/example_dags/example_task_group_decorator.py for tasks to queue
[2024-05-23T15:58:07.777+0700] {logging_mixin.py:188} INFO - [2024-05-23T15:58:07.776+0700] {dagbag.py:540} INFO - Filling up the DagBag from /mnt/d/Programming/Vietnamese-Text-Generator/airflow_env/lib/python3.10/site-packages/airflow/example_dags/example_task_group_decorator.py
[2024-05-23T15:58:07.805+0700] {processor.py:840} INFO - DAG(s) 'example_task_group_decorator' retrieved from /mnt/d/Programming/Vietnamese-Text-Generator/airflow_env/lib/python3.10/site-packages/airflow/example_dags/example_task_group_decorator.py
[2024-05-23T15:58:07.848+0700] {logging_mixin.py:188} INFO - [2024-05-23T15:58:07.847+0700] {dag.py:3096} INFO - Sync 1 DAGs
[2024-05-23T15:58:07.882+0700] {logging_mixin.py:188} INFO - [2024-05-23T15:58:07.881+0700] {dag.py:3954} INFO - Setting next_dagrun for example_task_group_decorator to 2024-05-22 00:00:00+00:00, run_after=2024-05-23 00:00:00+00:00
[2024-05-23T15:58:07.950+0700] {processor.py:183} INFO - Processing /mnt/d/Programming/Vietnamese-Text-Generator/airflow_env/lib/python3.10/site-packages/airflow/example_dags/example_task_group_decorator.py took 0.192 seconds
[2024-05-23T15:59:21.158+0700] {processor.py:161} INFO - Started process (PID=5971) to work on /mnt/d/Programming/Vietnamese-Text-Generator/airflow_env/lib/python3.10/site-packages/airflow/example_dags/example_task_group_decorator.py
[2024-05-23T15:59:21.161+0700] {processor.py:830} INFO - Processing file /mnt/d/Programming/Vietnamese-Text-Generator/airflow_env/lib/python3.10/site-packages/airflow/example_dags/example_task_group_decorator.py for tasks to queue
[2024-05-23T15:59:21.163+0700] {logging_mixin.py:188} INFO - [2024-05-23T15:59:21.162+0700] {dagbag.py:540} INFO - Filling up the DagBag from /mnt/d/Programming/Vietnamese-Text-Generator/airflow_env/lib/python3.10/site-packages/airflow/example_dags/example_task_group_decorator.py
[2024-05-23T15:59:21.191+0700] {processor.py:840} INFO - DAG(s) 'example_task_group_decorator' retrieved from /mnt/d/Programming/Vietnamese-Text-Generator/airflow_env/lib/python3.10/site-packages/airflow/example_dags/example_task_group_decorator.py
[2024-05-23T15:59:21.227+0700] {logging_mixin.py:188} INFO - [2024-05-23T15:59:21.226+0700] {dag.py:3096} INFO - Sync 1 DAGs
[2024-05-23T15:59:21.257+0700] {logging_mixin.py:188} INFO - [2024-05-23T15:59:21.256+0700] {dag.py:3954} INFO - Setting next_dagrun for example_task_group_decorator to 2024-05-22 00:00:00+00:00, run_after=2024-05-23 00:00:00+00:00
[2024-05-23T15:59:21.309+0700] {processor.py:183} INFO - Processing /mnt/d/Programming/Vietnamese-Text-Generator/airflow_env/lib/python3.10/site-packages/airflow/example_dags/example_task_group_decorator.py took 0.165 seconds
[2024-05-23T16:00:29.537+0700] {processor.py:161} INFO - Started process (PID=6296) to work on /mnt/d/Programming/Vietnamese-Text-Generator/airflow_env/lib/python3.10/site-packages/airflow/example_dags/example_task_group_decorator.py
[2024-05-23T16:00:29.539+0700] {processor.py:830} INFO - Processing file /mnt/d/Programming/Vietnamese-Text-Generator/airflow_env/lib/python3.10/site-packages/airflow/example_dags/example_task_group_decorator.py for tasks to queue
[2024-05-23T16:00:29.541+0700] {logging_mixin.py:188} INFO - [2024-05-23T16:00:29.540+0700] {dagbag.py:540} INFO - Filling up the DagBag from /mnt/d/Programming/Vietnamese-Text-Generator/airflow_env/lib/python3.10/site-packages/airflow/example_dags/example_task_group_decorator.py
[2024-05-23T16:00:29.567+0700] {processor.py:840} INFO - DAG(s) 'example_task_group_decorator' retrieved from /mnt/d/Programming/Vietnamese-Text-Generator/airflow_env/lib/python3.10/site-packages/airflow/example_dags/example_task_group_decorator.py
[2024-05-23T16:00:29.602+0700] {logging_mixin.py:188} INFO - [2024-05-23T16:00:29.600+0700] {dag.py:3096} INFO - Sync 1 DAGs
[2024-05-23T16:00:29.634+0700] {logging_mixin.py:188} INFO - [2024-05-23T16:00:29.633+0700] {dag.py:3954} INFO - Setting next_dagrun for example_task_group_decorator to 2024-05-22 00:00:00+00:00, run_after=2024-05-23 00:00:00+00:00
[2024-05-23T16:00:29.688+0700] {processor.py:183} INFO - Processing /mnt/d/Programming/Vietnamese-Text-Generator/airflow_env/lib/python3.10/site-packages/airflow/example_dags/example_task_group_decorator.py took 0.163 seconds
[2024-05-23T16:01:34.812+0700] {processor.py:161} INFO - Started process (PID=6605) to work on /mnt/d/Programming/Vietnamese-Text-Generator/airflow_env/lib/python3.10/site-packages/airflow/example_dags/example_task_group_decorator.py
[2024-05-23T16:01:34.814+0700] {processor.py:830} INFO - Processing file /mnt/d/Programming/Vietnamese-Text-Generator/airflow_env/lib/python3.10/site-packages/airflow/example_dags/example_task_group_decorator.py for tasks to queue
[2024-05-23T16:01:34.817+0700] {logging_mixin.py:188} INFO - [2024-05-23T16:01:34.816+0700] {dagbag.py:540} INFO - Filling up the DagBag from /mnt/d/Programming/Vietnamese-Text-Generator/airflow_env/lib/python3.10/site-packages/airflow/example_dags/example_task_group_decorator.py
[2024-05-23T16:01:34.853+0700] {processor.py:840} INFO - DAG(s) 'example_task_group_decorator' retrieved from /mnt/d/Programming/Vietnamese-Text-Generator/airflow_env/lib/python3.10/site-packages/airflow/example_dags/example_task_group_decorator.py
[2024-05-23T16:01:34.886+0700] {logging_mixin.py:188} INFO - [2024-05-23T16:01:34.885+0700] {dag.py:3096} INFO - Sync 1 DAGs
[2024-05-23T16:01:34.913+0700] {logging_mixin.py:188} INFO - [2024-05-23T16:01:34.913+0700] {dag.py:3954} INFO - Setting next_dagrun for example_task_group_decorator to 2024-05-22 00:00:00+00:00, run_after=2024-05-23 00:00:00+00:00
[2024-05-23T16:01:34.971+0700] {processor.py:183} INFO - Processing /mnt/d/Programming/Vietnamese-Text-Generator/airflow_env/lib/python3.10/site-packages/airflow/example_dags/example_task_group_decorator.py took 0.175 seconds
[2024-05-23T16:02:41.924+0700] {processor.py:161} INFO - Started process (PID=6924) to work on /mnt/d/Programming/Vietnamese-Text-Generator/airflow_env/lib/python3.10/site-packages/airflow/example_dags/example_task_group_decorator.py
[2024-05-23T16:02:41.926+0700] {processor.py:830} INFO - Processing file /mnt/d/Programming/Vietnamese-Text-Generator/airflow_env/lib/python3.10/site-packages/airflow/example_dags/example_task_group_decorator.py for tasks to queue
[2024-05-23T16:02:41.930+0700] {logging_mixin.py:188} INFO - [2024-05-23T16:02:41.929+0700] {dagbag.py:540} INFO - Filling up the DagBag from /mnt/d/Programming/Vietnamese-Text-Generator/airflow_env/lib/python3.10/site-packages/airflow/example_dags/example_task_group_decorator.py
[2024-05-23T16:02:41.958+0700] {processor.py:840} INFO - DAG(s) 'example_task_group_decorator' retrieved from /mnt/d/Programming/Vietnamese-Text-Generator/airflow_env/lib/python3.10/site-packages/airflow/example_dags/example_task_group_decorator.py
[2024-05-23T16:02:41.993+0700] {logging_mixin.py:188} INFO - [2024-05-23T16:02:41.992+0700] {dag.py:3096} INFO - Sync 1 DAGs
[2024-05-23T16:02:42.020+0700] {logging_mixin.py:188} INFO - [2024-05-23T16:02:42.020+0700] {dag.py:3954} INFO - Setting next_dagrun for example_task_group_decorator to 2024-05-22 00:00:00+00:00, run_after=2024-05-23 00:00:00+00:00
[2024-05-23T16:02:42.091+0700] {processor.py:183} INFO - Processing /mnt/d/Programming/Vietnamese-Text-Generator/airflow_env/lib/python3.10/site-packages/airflow/example_dags/example_task_group_decorator.py took 0.180 seconds
[2024-05-23T16:03:57.447+0700] {processor.py:161} INFO - Started process (PID=7275) to work on /mnt/d/Programming/Vietnamese-Text-Generator/airflow_env/lib/python3.10/site-packages/airflow/example_dags/example_task_group_decorator.py
[2024-05-23T16:03:57.449+0700] {processor.py:830} INFO - Processing file /mnt/d/Programming/Vietnamese-Text-Generator/airflow_env/lib/python3.10/site-packages/airflow/example_dags/example_task_group_decorator.py for tasks to queue
[2024-05-23T16:03:57.452+0700] {logging_mixin.py:188} INFO - [2024-05-23T16:03:57.450+0700] {dagbag.py:540} INFO - Filling up the DagBag from /mnt/d/Programming/Vietnamese-Text-Generator/airflow_env/lib/python3.10/site-packages/airflow/example_dags/example_task_group_decorator.py
[2024-05-23T16:03:57.502+0700] {processor.py:840} INFO - DAG(s) 'example_task_group_decorator' retrieved from /mnt/d/Programming/Vietnamese-Text-Generator/airflow_env/lib/python3.10/site-packages/airflow/example_dags/example_task_group_decorator.py
[2024-05-23T16:03:57.552+0700] {logging_mixin.py:188} INFO - [2024-05-23T16:03:57.551+0700] {dag.py:3096} INFO - Sync 1 DAGs
[2024-05-23T16:03:57.595+0700] {logging_mixin.py:188} INFO - [2024-05-23T16:03:57.594+0700] {dag.py:3954} INFO - Setting next_dagrun for example_task_group_decorator to 2024-05-22 00:00:00+00:00, run_after=2024-05-23 00:00:00+00:00
[2024-05-23T16:03:57.674+0700] {processor.py:183} INFO - Processing /mnt/d/Programming/Vietnamese-Text-Generator/airflow_env/lib/python3.10/site-packages/airflow/example_dags/example_task_group_decorator.py took 0.248 seconds
[2024-05-23T16:35:03.051+0700] {processor.py:161} INFO - Started process (PID=17055) to work on /mnt/d/Programming/Vietnamese-Text-Generator/airflow_env/lib/python3.10/site-packages/airflow/example_dags/example_task_group_decorator.py
[2024-05-23T16:35:03.053+0700] {processor.py:830} INFO - Processing file /mnt/d/Programming/Vietnamese-Text-Generator/airflow_env/lib/python3.10/site-packages/airflow/example_dags/example_task_group_decorator.py for tasks to queue
[2024-05-23T16:35:03.055+0700] {logging_mixin.py:188} INFO - [2024-05-23T16:35:03.055+0700] {dagbag.py:540} INFO - Filling up the DagBag from /mnt/d/Programming/Vietnamese-Text-Generator/airflow_env/lib/python3.10/site-packages/airflow/example_dags/example_task_group_decorator.py
[2024-05-23T16:35:03.079+0700] {processor.py:840} INFO - DAG(s) 'example_task_group_decorator' retrieved from /mnt/d/Programming/Vietnamese-Text-Generator/airflow_env/lib/python3.10/site-packages/airflow/example_dags/example_task_group_decorator.py
[2024-05-23T16:35:03.116+0700] {logging_mixin.py:188} INFO - [2024-05-23T16:35:03.115+0700] {dag.py:3096} INFO - Sync 1 DAGs
[2024-05-23T16:35:03.141+0700] {logging_mixin.py:188} INFO - [2024-05-23T16:35:03.140+0700] {dag.py:3954} INFO - Setting next_dagrun for example_task_group_decorator to 2024-05-22 00:00:00+00:00, run_after=2024-05-23 00:00:00+00:00
[2024-05-23T16:35:03.189+0700] {processor.py:183} INFO - Processing /mnt/d/Programming/Vietnamese-Text-Generator/airflow_env/lib/python3.10/site-packages/airflow/example_dags/example_task_group_decorator.py took 0.154 seconds
[2024-05-23T16:36:10.166+0700] {processor.py:161} INFO - Started process (PID=17366) to work on /mnt/d/Programming/Vietnamese-Text-Generator/airflow_env/lib/python3.10/site-packages/airflow/example_dags/example_task_group_decorator.py
[2024-05-23T16:36:10.169+0700] {processor.py:830} INFO - Processing file /mnt/d/Programming/Vietnamese-Text-Generator/airflow_env/lib/python3.10/site-packages/airflow/example_dags/example_task_group_decorator.py for tasks to queue
[2024-05-23T16:36:10.171+0700] {logging_mixin.py:188} INFO - [2024-05-23T16:36:10.170+0700] {dagbag.py:540} INFO - Filling up the DagBag from /mnt/d/Programming/Vietnamese-Text-Generator/airflow_env/lib/python3.10/site-packages/airflow/example_dags/example_task_group_decorator.py
[2024-05-23T16:36:10.200+0700] {processor.py:840} INFO - DAG(s) 'example_task_group_decorator' retrieved from /mnt/d/Programming/Vietnamese-Text-Generator/airflow_env/lib/python3.10/site-packages/airflow/example_dags/example_task_group_decorator.py
[2024-05-23T16:36:10.236+0700] {logging_mixin.py:188} INFO - [2024-05-23T16:36:10.235+0700] {dag.py:3096} INFO - Sync 1 DAGs
[2024-05-23T16:36:10.263+0700] {logging_mixin.py:188} INFO - [2024-05-23T16:36:10.262+0700] {dag.py:3954} INFO - Setting next_dagrun for example_task_group_decorator to 2024-05-22 00:00:00+00:00, run_after=2024-05-23 00:00:00+00:00
[2024-05-23T16:36:10.316+0700] {processor.py:183} INFO - Processing /mnt/d/Programming/Vietnamese-Text-Generator/airflow_env/lib/python3.10/site-packages/airflow/example_dags/example_task_group_decorator.py took 0.161 seconds
[2024-05-23T16:37:25.206+0700] {processor.py:161} INFO - Started process (PID=17715) to work on /mnt/d/Programming/Vietnamese-Text-Generator/airflow_env/lib/python3.10/site-packages/airflow/example_dags/example_task_group_decorator.py
[2024-05-23T16:37:25.208+0700] {processor.py:830} INFO - Processing file /mnt/d/Programming/Vietnamese-Text-Generator/airflow_env/lib/python3.10/site-packages/airflow/example_dags/example_task_group_decorator.py for tasks to queue
[2024-05-23T16:37:25.210+0700] {logging_mixin.py:188} INFO - [2024-05-23T16:37:25.209+0700] {dagbag.py:540} INFO - Filling up the DagBag from /mnt/d/Programming/Vietnamese-Text-Generator/airflow_env/lib/python3.10/site-packages/airflow/example_dags/example_task_group_decorator.py
[2024-05-23T16:37:25.239+0700] {processor.py:840} INFO - DAG(s) 'example_task_group_decorator' retrieved from /mnt/d/Programming/Vietnamese-Text-Generator/airflow_env/lib/python3.10/site-packages/airflow/example_dags/example_task_group_decorator.py
[2024-05-23T16:37:25.273+0700] {logging_mixin.py:188} INFO - [2024-05-23T16:37:25.272+0700] {dag.py:3096} INFO - Sync 1 DAGs
[2024-05-23T16:37:25.302+0700] {logging_mixin.py:188} INFO - [2024-05-23T16:37:25.302+0700] {dag.py:3954} INFO - Setting next_dagrun for example_task_group_decorator to 2024-05-22 00:00:00+00:00, run_after=2024-05-23 00:00:00+00:00
[2024-05-23T16:37:25.368+0700] {processor.py:183} INFO - Processing /mnt/d/Programming/Vietnamese-Text-Generator/airflow_env/lib/python3.10/site-packages/airflow/example_dags/example_task_group_decorator.py took 0.175 seconds
[2024-05-23T16:49:50.509+0700] {processor.py:161} INFO - Started process (PID=20871) to work on /mnt/d/Programming/Vietnamese-Text-Generator/airflow_env/lib/python3.10/site-packages/airflow/example_dags/example_task_group_decorator.py
[2024-05-23T16:49:50.512+0700] {processor.py:830} INFO - Processing file /mnt/d/Programming/Vietnamese-Text-Generator/airflow_env/lib/python3.10/site-packages/airflow/example_dags/example_task_group_decorator.py for tasks to queue
[2024-05-23T16:49:50.516+0700] {logging_mixin.py:188} INFO - [2024-05-23T16:49:50.514+0700] {dagbag.py:540} INFO - Filling up the DagBag from /mnt/d/Programming/Vietnamese-Text-Generator/airflow_env/lib/python3.10/site-packages/airflow/example_dags/example_task_group_decorator.py
[2024-05-23T16:49:50.549+0700] {processor.py:840} INFO - DAG(s) 'example_task_group_decorator' retrieved from /mnt/d/Programming/Vietnamese-Text-Generator/airflow_env/lib/python3.10/site-packages/airflow/example_dags/example_task_group_decorator.py
[2024-05-23T16:49:50.607+0700] {logging_mixin.py:188} INFO - [2024-05-23T16:49:50.606+0700] {dag.py:3096} INFO - Sync 1 DAGs
[2024-05-23T16:49:50.641+0700] {logging_mixin.py:188} INFO - [2024-05-23T16:49:50.640+0700] {dag.py:3954} INFO - Setting next_dagrun for example_task_group_decorator to 2024-05-22 00:00:00+00:00, run_after=2024-05-23 00:00:00+00:00
[2024-05-23T16:49:50.705+0700] {processor.py:183} INFO - Processing /mnt/d/Programming/Vietnamese-Text-Generator/airflow_env/lib/python3.10/site-packages/airflow/example_dags/example_task_group_decorator.py took 0.208 seconds
[2024-05-23T16:51:05.967+0700] {processor.py:161} INFO - Started process (PID=21223) to work on /mnt/d/Programming/Vietnamese-Text-Generator/airflow_env/lib/python3.10/site-packages/airflow/example_dags/example_task_group_decorator.py
[2024-05-23T16:51:05.969+0700] {processor.py:830} INFO - Processing file /mnt/d/Programming/Vietnamese-Text-Generator/airflow_env/lib/python3.10/site-packages/airflow/example_dags/example_task_group_decorator.py for tasks to queue
[2024-05-23T16:51:05.971+0700] {logging_mixin.py:188} INFO - [2024-05-23T16:51:05.970+0700] {dagbag.py:540} INFO - Filling up the DagBag from /mnt/d/Programming/Vietnamese-Text-Generator/airflow_env/lib/python3.10/site-packages/airflow/example_dags/example_task_group_decorator.py
[2024-05-23T16:51:05.997+0700] {processor.py:840} INFO - DAG(s) 'example_task_group_decorator' retrieved from /mnt/d/Programming/Vietnamese-Text-Generator/airflow_env/lib/python3.10/site-packages/airflow/example_dags/example_task_group_decorator.py
[2024-05-23T16:51:06.035+0700] {logging_mixin.py:188} INFO - [2024-05-23T16:51:06.033+0700] {dag.py:3096} INFO - Sync 1 DAGs
[2024-05-23T16:51:06.067+0700] {logging_mixin.py:188} INFO - [2024-05-23T16:51:06.067+0700] {dag.py:3954} INFO - Setting next_dagrun for example_task_group_decorator to 2024-05-22 00:00:00+00:00, run_after=2024-05-23 00:00:00+00:00
[2024-05-23T16:51:06.129+0700] {processor.py:183} INFO - Processing /mnt/d/Programming/Vietnamese-Text-Generator/airflow_env/lib/python3.10/site-packages/airflow/example_dags/example_task_group_decorator.py took 0.175 seconds
[2024-05-23T16:52:19.757+0700] {processor.py:161} INFO - Started process (PID=21565) to work on /mnt/d/Programming/Vietnamese-Text-Generator/airflow_env/lib/python3.10/site-packages/airflow/example_dags/example_task_group_decorator.py
[2024-05-23T16:52:19.759+0700] {processor.py:830} INFO - Processing file /mnt/d/Programming/Vietnamese-Text-Generator/airflow_env/lib/python3.10/site-packages/airflow/example_dags/example_task_group_decorator.py for tasks to queue
[2024-05-23T16:52:19.762+0700] {logging_mixin.py:188} INFO - [2024-05-23T16:52:19.761+0700] {dagbag.py:540} INFO - Filling up the DagBag from /mnt/d/Programming/Vietnamese-Text-Generator/airflow_env/lib/python3.10/site-packages/airflow/example_dags/example_task_group_decorator.py
[2024-05-23T16:52:19.789+0700] {processor.py:840} INFO - DAG(s) 'example_task_group_decorator' retrieved from /mnt/d/Programming/Vietnamese-Text-Generator/airflow_env/lib/python3.10/site-packages/airflow/example_dags/example_task_group_decorator.py
[2024-05-23T16:52:19.835+0700] {logging_mixin.py:188} INFO - [2024-05-23T16:52:19.834+0700] {dag.py:3096} INFO - Sync 1 DAGs
[2024-05-23T16:52:19.869+0700] {logging_mixin.py:188} INFO - [2024-05-23T16:52:19.868+0700] {dag.py:3954} INFO - Setting next_dagrun for example_task_group_decorator to 2024-05-22 00:00:00+00:00, run_after=2024-05-23 00:00:00+00:00
[2024-05-23T16:52:19.932+0700] {processor.py:183} INFO - Processing /mnt/d/Programming/Vietnamese-Text-Generator/airflow_env/lib/python3.10/site-packages/airflow/example_dags/example_task_group_decorator.py took 0.186 seconds
[2024-05-23T16:53:32.289+0700] {processor.py:161} INFO - Started process (PID=21904) to work on /mnt/d/Programming/Vietnamese-Text-Generator/airflow_env/lib/python3.10/site-packages/airflow/example_dags/example_task_group_decorator.py
[2024-05-23T16:53:32.291+0700] {processor.py:830} INFO - Processing file /mnt/d/Programming/Vietnamese-Text-Generator/airflow_env/lib/python3.10/site-packages/airflow/example_dags/example_task_group_decorator.py for tasks to queue
[2024-05-23T16:53:32.295+0700] {logging_mixin.py:188} INFO - [2024-05-23T16:53:32.294+0700] {dagbag.py:540} INFO - Filling up the DagBag from /mnt/d/Programming/Vietnamese-Text-Generator/airflow_env/lib/python3.10/site-packages/airflow/example_dags/example_task_group_decorator.py
[2024-05-23T16:53:32.352+0700] {processor.py:840} INFO - DAG(s) 'example_task_group_decorator' retrieved from /mnt/d/Programming/Vietnamese-Text-Generator/airflow_env/lib/python3.10/site-packages/airflow/example_dags/example_task_group_decorator.py
[2024-05-23T16:53:32.399+0700] {logging_mixin.py:188} INFO - [2024-05-23T16:53:32.398+0700] {dag.py:3096} INFO - Sync 1 DAGs
[2024-05-23T16:53:32.424+0700] {logging_mixin.py:188} INFO - [2024-05-23T16:53:32.424+0700] {dag.py:3954} INFO - Setting next_dagrun for example_task_group_decorator to 2024-05-22 00:00:00+00:00, run_after=2024-05-23 00:00:00+00:00
[2024-05-23T16:53:32.480+0700] {processor.py:183} INFO - Processing /mnt/d/Programming/Vietnamese-Text-Generator/airflow_env/lib/python3.10/site-packages/airflow/example_dags/example_task_group_decorator.py took 0.212 seconds
[2024-05-23T16:54:43.371+0700] {processor.py:161} INFO - Started process (PID=22234) to work on /mnt/d/Programming/Vietnamese-Text-Generator/airflow_env/lib/python3.10/site-packages/airflow/example_dags/example_task_group_decorator.py
[2024-05-23T16:54:43.373+0700] {processor.py:830} INFO - Processing file /mnt/d/Programming/Vietnamese-Text-Generator/airflow_env/lib/python3.10/site-packages/airflow/example_dags/example_task_group_decorator.py for tasks to queue
[2024-05-23T16:54:43.375+0700] {logging_mixin.py:188} INFO - [2024-05-23T16:54:43.374+0700] {dagbag.py:540} INFO - Filling up the DagBag from /mnt/d/Programming/Vietnamese-Text-Generator/airflow_env/lib/python3.10/site-packages/airflow/example_dags/example_task_group_decorator.py
[2024-05-23T16:54:43.423+0700] {processor.py:840} INFO - DAG(s) 'example_task_group_decorator' retrieved from /mnt/d/Programming/Vietnamese-Text-Generator/airflow_env/lib/python3.10/site-packages/airflow/example_dags/example_task_group_decorator.py
[2024-05-23T16:54:43.469+0700] {logging_mixin.py:188} INFO - [2024-05-23T16:54:43.468+0700] {dag.py:3096} INFO - Sync 1 DAGs
[2024-05-23T16:54:43.504+0700] {logging_mixin.py:188} INFO - [2024-05-23T16:54:43.503+0700] {dag.py:3954} INFO - Setting next_dagrun for example_task_group_decorator to 2024-05-22 00:00:00+00:00, run_after=2024-05-23 00:00:00+00:00
[2024-05-23T16:54:43.573+0700] {processor.py:183} INFO - Processing /mnt/d/Programming/Vietnamese-Text-Generator/airflow_env/lib/python3.10/site-packages/airflow/example_dags/example_task_group_decorator.py took 0.215 seconds
[2024-05-23T16:55:49.857+0700] {processor.py:161} INFO - Started process (PID=22549) to work on /mnt/d/Programming/Vietnamese-Text-Generator/airflow_env/lib/python3.10/site-packages/airflow/example_dags/example_task_group_decorator.py
[2024-05-23T16:55:49.859+0700] {processor.py:830} INFO - Processing file /mnt/d/Programming/Vietnamese-Text-Generator/airflow_env/lib/python3.10/site-packages/airflow/example_dags/example_task_group_decorator.py for tasks to queue
[2024-05-23T16:55:49.861+0700] {logging_mixin.py:188} INFO - [2024-05-23T16:55:49.860+0700] {dagbag.py:540} INFO - Filling up the DagBag from /mnt/d/Programming/Vietnamese-Text-Generator/airflow_env/lib/python3.10/site-packages/airflow/example_dags/example_task_group_decorator.py
[2024-05-23T16:55:49.891+0700] {processor.py:840} INFO - DAG(s) 'example_task_group_decorator' retrieved from /mnt/d/Programming/Vietnamese-Text-Generator/airflow_env/lib/python3.10/site-packages/airflow/example_dags/example_task_group_decorator.py
[2024-05-23T16:55:49.932+0700] {logging_mixin.py:188} INFO - [2024-05-23T16:55:49.930+0700] {dag.py:3096} INFO - Sync 1 DAGs
[2024-05-23T16:55:49.963+0700] {logging_mixin.py:188} INFO - [2024-05-23T16:55:49.962+0700] {dag.py:3954} INFO - Setting next_dagrun for example_task_group_decorator to 2024-05-22 00:00:00+00:00, run_after=2024-05-23 00:00:00+00:00
[2024-05-23T16:55:50.057+0700] {processor.py:183} INFO - Processing /mnt/d/Programming/Vietnamese-Text-Generator/airflow_env/lib/python3.10/site-packages/airflow/example_dags/example_task_group_decorator.py took 0.211 seconds
[2024-05-23T16:56:59.093+0700] {processor.py:161} INFO - Started process (PID=22872) to work on /mnt/d/Programming/Vietnamese-Text-Generator/airflow_env/lib/python3.10/site-packages/airflow/example_dags/example_task_group_decorator.py
[2024-05-23T16:56:59.095+0700] {processor.py:830} INFO - Processing file /mnt/d/Programming/Vietnamese-Text-Generator/airflow_env/lib/python3.10/site-packages/airflow/example_dags/example_task_group_decorator.py for tasks to queue
[2024-05-23T16:56:59.099+0700] {logging_mixin.py:188} INFO - [2024-05-23T16:56:59.097+0700] {dagbag.py:540} INFO - Filling up the DagBag from /mnt/d/Programming/Vietnamese-Text-Generator/airflow_env/lib/python3.10/site-packages/airflow/example_dags/example_task_group_decorator.py
[2024-05-23T16:56:59.138+0700] {processor.py:840} INFO - DAG(s) 'example_task_group_decorator' retrieved from /mnt/d/Programming/Vietnamese-Text-Generator/airflow_env/lib/python3.10/site-packages/airflow/example_dags/example_task_group_decorator.py
[2024-05-23T16:56:59.171+0700] {logging_mixin.py:188} INFO - [2024-05-23T16:56:59.171+0700] {dag.py:3096} INFO - Sync 1 DAGs
[2024-05-23T16:56:59.197+0700] {logging_mixin.py:188} INFO - [2024-05-23T16:56:59.196+0700] {dag.py:3954} INFO - Setting next_dagrun for example_task_group_decorator to 2024-05-22 00:00:00+00:00, run_after=2024-05-23 00:00:00+00:00
[2024-05-23T16:56:59.245+0700] {processor.py:183} INFO - Processing /mnt/d/Programming/Vietnamese-Text-Generator/airflow_env/lib/python3.10/site-packages/airflow/example_dags/example_task_group_decorator.py took 0.169 seconds
[2024-05-23T16:58:07.608+0700] {processor.py:161} INFO - Started process (PID=23192) to work on /mnt/d/Programming/Vietnamese-Text-Generator/airflow_env/lib/python3.10/site-packages/airflow/example_dags/example_task_group_decorator.py
[2024-05-23T16:58:07.609+0700] {processor.py:830} INFO - Processing file /mnt/d/Programming/Vietnamese-Text-Generator/airflow_env/lib/python3.10/site-packages/airflow/example_dags/example_task_group_decorator.py for tasks to queue
[2024-05-23T16:58:07.611+0700] {logging_mixin.py:188} INFO - [2024-05-23T16:58:07.610+0700] {dagbag.py:540} INFO - Filling up the DagBag from /mnt/d/Programming/Vietnamese-Text-Generator/airflow_env/lib/python3.10/site-packages/airflow/example_dags/example_task_group_decorator.py
[2024-05-23T16:58:07.634+0700] {processor.py:840} INFO - DAG(s) 'example_task_group_decorator' retrieved from /mnt/d/Programming/Vietnamese-Text-Generator/airflow_env/lib/python3.10/site-packages/airflow/example_dags/example_task_group_decorator.py
[2024-05-23T16:58:07.670+0700] {logging_mixin.py:188} INFO - [2024-05-23T16:58:07.668+0700] {dag.py:3096} INFO - Sync 1 DAGs
[2024-05-23T16:58:07.696+0700] {logging_mixin.py:188} INFO - [2024-05-23T16:58:07.695+0700] {dag.py:3954} INFO - Setting next_dagrun for example_task_group_decorator to 2024-05-22 00:00:00+00:00, run_after=2024-05-23 00:00:00+00:00
[2024-05-23T16:58:07.758+0700] {processor.py:183} INFO - Processing /mnt/d/Programming/Vietnamese-Text-Generator/airflow_env/lib/python3.10/site-packages/airflow/example_dags/example_task_group_decorator.py took 0.162 seconds
[2024-05-23T16:59:16.715+0700] {processor.py:161} INFO - Started process (PID=23516) to work on /mnt/d/Programming/Vietnamese-Text-Generator/airflow_env/lib/python3.10/site-packages/airflow/example_dags/example_task_group_decorator.py
[2024-05-23T16:59:16.717+0700] {processor.py:830} INFO - Processing file /mnt/d/Programming/Vietnamese-Text-Generator/airflow_env/lib/python3.10/site-packages/airflow/example_dags/example_task_group_decorator.py for tasks to queue
[2024-05-23T16:59:16.719+0700] {logging_mixin.py:188} INFO - [2024-05-23T16:59:16.718+0700] {dagbag.py:540} INFO - Filling up the DagBag from /mnt/d/Programming/Vietnamese-Text-Generator/airflow_env/lib/python3.10/site-packages/airflow/example_dags/example_task_group_decorator.py
[2024-05-23T16:59:16.745+0700] {processor.py:840} INFO - DAG(s) 'example_task_group_decorator' retrieved from /mnt/d/Programming/Vietnamese-Text-Generator/airflow_env/lib/python3.10/site-packages/airflow/example_dags/example_task_group_decorator.py
[2024-05-23T16:59:16.781+0700] {logging_mixin.py:188} INFO - [2024-05-23T16:59:16.780+0700] {dag.py:3096} INFO - Sync 1 DAGs
[2024-05-23T16:59:16.814+0700] {logging_mixin.py:188} INFO - [2024-05-23T16:59:16.812+0700] {dag.py:3954} INFO - Setting next_dagrun for example_task_group_decorator to 2024-05-22 00:00:00+00:00, run_after=2024-05-23 00:00:00+00:00
[2024-05-23T16:59:16.878+0700] {processor.py:183} INFO - Processing /mnt/d/Programming/Vietnamese-Text-Generator/airflow_env/lib/python3.10/site-packages/airflow/example_dags/example_task_group_decorator.py took 0.176 seconds
[2024-05-23T17:00:26.835+0700] {processor.py:161} INFO - Started process (PID=23844) to work on /mnt/d/Programming/Vietnamese-Text-Generator/airflow_env/lib/python3.10/site-packages/airflow/example_dags/example_task_group_decorator.py
[2024-05-23T17:00:26.836+0700] {processor.py:830} INFO - Processing file /mnt/d/Programming/Vietnamese-Text-Generator/airflow_env/lib/python3.10/site-packages/airflow/example_dags/example_task_group_decorator.py for tasks to queue
[2024-05-23T17:00:26.840+0700] {logging_mixin.py:188} INFO - [2024-05-23T17:00:26.838+0700] {dagbag.py:540} INFO - Filling up the DagBag from /mnt/d/Programming/Vietnamese-Text-Generator/airflow_env/lib/python3.10/site-packages/airflow/example_dags/example_task_group_decorator.py
[2024-05-23T17:00:26.869+0700] {processor.py:840} INFO - DAG(s) 'example_task_group_decorator' retrieved from /mnt/d/Programming/Vietnamese-Text-Generator/airflow_env/lib/python3.10/site-packages/airflow/example_dags/example_task_group_decorator.py
[2024-05-23T17:00:26.906+0700] {logging_mixin.py:188} INFO - [2024-05-23T17:00:26.905+0700] {dag.py:3096} INFO - Sync 1 DAGs
[2024-05-23T17:00:26.935+0700] {logging_mixin.py:188} INFO - [2024-05-23T17:00:26.934+0700] {dag.py:3954} INFO - Setting next_dagrun for example_task_group_decorator to 2024-05-22 00:00:00+00:00, run_after=2024-05-23 00:00:00+00:00
[2024-05-23T17:00:26.996+0700] {processor.py:183} INFO - Processing /mnt/d/Programming/Vietnamese-Text-Generator/airflow_env/lib/python3.10/site-packages/airflow/example_dags/example_task_group_decorator.py took 0.173 seconds
[2024-05-23T17:01:35.623+0700] {processor.py:161} INFO - Started process (PID=24163) to work on /mnt/d/Programming/Vietnamese-Text-Generator/airflow_env/lib/python3.10/site-packages/airflow/example_dags/example_task_group_decorator.py
[2024-05-23T17:01:35.625+0700] {processor.py:830} INFO - Processing file /mnt/d/Programming/Vietnamese-Text-Generator/airflow_env/lib/python3.10/site-packages/airflow/example_dags/example_task_group_decorator.py for tasks to queue
[2024-05-23T17:01:35.627+0700] {logging_mixin.py:188} INFO - [2024-05-23T17:01:35.626+0700] {dagbag.py:540} INFO - Filling up the DagBag from /mnt/d/Programming/Vietnamese-Text-Generator/airflow_env/lib/python3.10/site-packages/airflow/example_dags/example_task_group_decorator.py
[2024-05-23T17:01:35.653+0700] {processor.py:840} INFO - DAG(s) 'example_task_group_decorator' retrieved from /mnt/d/Programming/Vietnamese-Text-Generator/airflow_env/lib/python3.10/site-packages/airflow/example_dags/example_task_group_decorator.py
[2024-05-23T17:01:35.689+0700] {logging_mixin.py:188} INFO - [2024-05-23T17:01:35.688+0700] {dag.py:3096} INFO - Sync 1 DAGs
[2024-05-23T17:01:35.720+0700] {logging_mixin.py:188} INFO - [2024-05-23T17:01:35.719+0700] {dag.py:3954} INFO - Setting next_dagrun for example_task_group_decorator to 2024-05-22 00:00:00+00:00, run_after=2024-05-23 00:00:00+00:00
[2024-05-23T17:01:35.785+0700] {processor.py:183} INFO - Processing /mnt/d/Programming/Vietnamese-Text-Generator/airflow_env/lib/python3.10/site-packages/airflow/example_dags/example_task_group_decorator.py took 0.175 seconds
[2024-05-23T17:02:47.536+0700] {processor.py:161} INFO - Started process (PID=24496) to work on /mnt/d/Programming/Vietnamese-Text-Generator/airflow_env/lib/python3.10/site-packages/airflow/example_dags/example_task_group_decorator.py
[2024-05-23T17:02:47.538+0700] {processor.py:830} INFO - Processing file /mnt/d/Programming/Vietnamese-Text-Generator/airflow_env/lib/python3.10/site-packages/airflow/example_dags/example_task_group_decorator.py for tasks to queue
[2024-05-23T17:02:47.540+0700] {logging_mixin.py:188} INFO - [2024-05-23T17:02:47.539+0700] {dagbag.py:540} INFO - Filling up the DagBag from /mnt/d/Programming/Vietnamese-Text-Generator/airflow_env/lib/python3.10/site-packages/airflow/example_dags/example_task_group_decorator.py
[2024-05-23T17:02:47.565+0700] {processor.py:840} INFO - DAG(s) 'example_task_group_decorator' retrieved from /mnt/d/Programming/Vietnamese-Text-Generator/airflow_env/lib/python3.10/site-packages/airflow/example_dags/example_task_group_decorator.py
[2024-05-23T17:02:47.601+0700] {logging_mixin.py:188} INFO - [2024-05-23T17:02:47.600+0700] {dag.py:3096} INFO - Sync 1 DAGs
[2024-05-23T17:02:47.632+0700] {logging_mixin.py:188} INFO - [2024-05-23T17:02:47.631+0700] {dag.py:3954} INFO - Setting next_dagrun for example_task_group_decorator to 2024-05-22 00:00:00+00:00, run_after=2024-05-23 00:00:00+00:00
[2024-05-23T17:02:47.693+0700] {processor.py:183} INFO - Processing /mnt/d/Programming/Vietnamese-Text-Generator/airflow_env/lib/python3.10/site-packages/airflow/example_dags/example_task_group_decorator.py took 0.168 seconds
[2024-05-23T17:03:53.907+0700] {processor.py:161} INFO - Started process (PID=24806) to work on /mnt/d/Programming/Vietnamese-Text-Generator/airflow_env/lib/python3.10/site-packages/airflow/example_dags/example_task_group_decorator.py
[2024-05-23T17:03:53.909+0700] {processor.py:830} INFO - Processing file /mnt/d/Programming/Vietnamese-Text-Generator/airflow_env/lib/python3.10/site-packages/airflow/example_dags/example_task_group_decorator.py for tasks to queue
[2024-05-23T17:03:53.911+0700] {logging_mixin.py:188} INFO - [2024-05-23T17:03:53.910+0700] {dagbag.py:540} INFO - Filling up the DagBag from /mnt/d/Programming/Vietnamese-Text-Generator/airflow_env/lib/python3.10/site-packages/airflow/example_dags/example_task_group_decorator.py
[2024-05-23T17:03:53.934+0700] {processor.py:840} INFO - DAG(s) 'example_task_group_decorator' retrieved from /mnt/d/Programming/Vietnamese-Text-Generator/airflow_env/lib/python3.10/site-packages/airflow/example_dags/example_task_group_decorator.py
[2024-05-23T17:03:53.969+0700] {logging_mixin.py:188} INFO - [2024-05-23T17:03:53.968+0700] {dag.py:3096} INFO - Sync 1 DAGs
[2024-05-23T17:03:53.998+0700] {logging_mixin.py:188} INFO - [2024-05-23T17:03:53.997+0700] {dag.py:3954} INFO - Setting next_dagrun for example_task_group_decorator to 2024-05-22 00:00:00+00:00, run_after=2024-05-23 00:00:00+00:00
[2024-05-23T17:03:54.048+0700] {processor.py:183} INFO - Processing /mnt/d/Programming/Vietnamese-Text-Generator/airflow_env/lib/python3.10/site-packages/airflow/example_dags/example_task_group_decorator.py took 0.153 seconds
