[2024-05-23T15:43:08.286+0700] {processor.py:161} INFO - Started process (PID=1205) to work on /mnt/d/Programming/Vietnamese-Text-Generator/airflow_env/lib/python3.10/site-packages/airflow/example_dags/example_latest_only_with_trigger.py
[2024-05-23T15:43:08.287+0700] {processor.py:830} INFO - Processing file /mnt/d/Programming/Vietnamese-Text-Generator/airflow_env/lib/python3.10/site-packages/airflow/example_dags/example_latest_only_with_trigger.py for tasks to queue
[2024-05-23T15:43:08.291+0700] {logging_mixin.py:188} INFO - [2024-05-23T15:43:08.290+0700] {dagbag.py:540} INFO - Filling up the DagBag from /mnt/d/Programming/Vietnamese-Text-Generator/airflow_env/lib/python3.10/site-packages/airflow/example_dags/example_latest_only_with_trigger.py
[2024-05-23T15:43:08.311+0700] {processor.py:840} INFO - DAG(s) 'latest_only_with_trigger' retrieved from /mnt/d/Programming/Vietnamese-Text-Generator/airflow_env/lib/python3.10/site-packages/airflow/example_dags/example_latest_only_with_trigger.py
[2024-05-23T15:43:08.354+0700] {logging_mixin.py:188} INFO - [2024-05-23T15:43:08.352+0700] {dag.py:3096} INFO - Sync 1 DAGs
[2024-05-23T15:43:08.389+0700] {logging_mixin.py:188} INFO - [2024-05-23T15:43:08.388+0700] {dag.py:3954} INFO - Setting next_dagrun for latest_only_with_trigger to 2024-05-23 04:00:00+00:00, run_after=2024-05-23 08:00:00+00:00
[2024-05-23T15:43:08.447+0700] {processor.py:183} INFO - Processing /mnt/d/Programming/Vietnamese-Text-Generator/airflow_env/lib/python3.10/site-packages/airflow/example_dags/example_latest_only_with_trigger.py took 0.176 seconds
[2024-05-23T15:44:23.082+0700] {processor.py:161} INFO - Started process (PID=1567) to work on /mnt/d/Programming/Vietnamese-Text-Generator/airflow_env/lib/python3.10/site-packages/airflow/example_dags/example_latest_only_with_trigger.py
[2024-05-23T15:44:23.084+0700] {processor.py:830} INFO - Processing file /mnt/d/Programming/Vietnamese-Text-Generator/airflow_env/lib/python3.10/site-packages/airflow/example_dags/example_latest_only_with_trigger.py for tasks to queue
[2024-05-23T15:44:23.087+0700] {logging_mixin.py:188} INFO - [2024-05-23T15:44:23.086+0700] {dagbag.py:540} INFO - Filling up the DagBag from /mnt/d/Programming/Vietnamese-Text-Generator/airflow_env/lib/python3.10/site-packages/airflow/example_dags/example_latest_only_with_trigger.py
[2024-05-23T15:44:23.114+0700] {processor.py:840} INFO - DAG(s) 'latest_only_with_trigger' retrieved from /mnt/d/Programming/Vietnamese-Text-Generator/airflow_env/lib/python3.10/site-packages/airflow/example_dags/example_latest_only_with_trigger.py
[2024-05-23T15:44:23.151+0700] {logging_mixin.py:188} INFO - [2024-05-23T15:44:23.149+0700] {dag.py:3096} INFO - Sync 1 DAGs
[2024-05-23T15:44:23.192+0700] {logging_mixin.py:188} INFO - [2024-05-23T15:44:23.191+0700] {dag.py:3954} INFO - Setting next_dagrun for latest_only_with_trigger to 2024-05-23 04:00:00+00:00, run_after=2024-05-23 08:00:00+00:00
[2024-05-23T15:44:23.261+0700] {processor.py:183} INFO - Processing /mnt/d/Programming/Vietnamese-Text-Generator/airflow_env/lib/python3.10/site-packages/airflow/example_dags/example_latest_only_with_trigger.py took 0.196 seconds
[2024-05-23T15:45:33.224+0700] {processor.py:161} INFO - Started process (PID=1911) to work on /mnt/d/Programming/Vietnamese-Text-Generator/airflow_env/lib/python3.10/site-packages/airflow/example_dags/example_latest_only_with_trigger.py
[2024-05-23T15:45:33.226+0700] {processor.py:830} INFO - Processing file /mnt/d/Programming/Vietnamese-Text-Generator/airflow_env/lib/python3.10/site-packages/airflow/example_dags/example_latest_only_with_trigger.py for tasks to queue
[2024-05-23T15:45:33.230+0700] {logging_mixin.py:188} INFO - [2024-05-23T15:45:33.229+0700] {dagbag.py:540} INFO - Filling up the DagBag from /mnt/d/Programming/Vietnamese-Text-Generator/airflow_env/lib/python3.10/site-packages/airflow/example_dags/example_latest_only_with_trigger.py
[2024-05-23T15:45:33.260+0700] {processor.py:840} INFO - DAG(s) 'latest_only_with_trigger' retrieved from /mnt/d/Programming/Vietnamese-Text-Generator/airflow_env/lib/python3.10/site-packages/airflow/example_dags/example_latest_only_with_trigger.py
[2024-05-23T15:45:33.301+0700] {logging_mixin.py:188} INFO - [2024-05-23T15:45:33.300+0700] {dag.py:3096} INFO - Sync 1 DAGs
[2024-05-23T15:45:33.340+0700] {logging_mixin.py:188} INFO - [2024-05-23T15:45:33.339+0700] {dag.py:3954} INFO - Setting next_dagrun for latest_only_with_trigger to 2024-05-23 04:00:00+00:00, run_after=2024-05-23 08:00:00+00:00
[2024-05-23T15:45:33.399+0700] {processor.py:183} INFO - Processing /mnt/d/Programming/Vietnamese-Text-Generator/airflow_env/lib/python3.10/site-packages/airflow/example_dags/example_latest_only_with_trigger.py took 0.188 seconds
[2024-05-23T15:46:47.029+0700] {processor.py:161} INFO - Started process (PID=2615) to work on /mnt/d/Programming/Vietnamese-Text-Generator/airflow_env/lib/python3.10/site-packages/airflow/example_dags/example_latest_only_with_trigger.py
[2024-05-23T15:46:47.031+0700] {processor.py:830} INFO - Processing file /mnt/d/Programming/Vietnamese-Text-Generator/airflow_env/lib/python3.10/site-packages/airflow/example_dags/example_latest_only_with_trigger.py for tasks to queue
[2024-05-23T15:46:47.034+0700] {logging_mixin.py:188} INFO - [2024-05-23T15:46:47.033+0700] {dagbag.py:540} INFO - Filling up the DagBag from /mnt/d/Programming/Vietnamese-Text-Generator/airflow_env/lib/python3.10/site-packages/airflow/example_dags/example_latest_only_with_trigger.py
[2024-05-23T15:46:47.057+0700] {processor.py:840} INFO - DAG(s) 'latest_only_with_trigger' retrieved from /mnt/d/Programming/Vietnamese-Text-Generator/airflow_env/lib/python3.10/site-packages/airflow/example_dags/example_latest_only_with_trigger.py
[2024-05-23T15:46:47.097+0700] {logging_mixin.py:188} INFO - [2024-05-23T15:46:47.096+0700] {dag.py:3096} INFO - Sync 1 DAGs
[2024-05-23T15:46:47.140+0700] {logging_mixin.py:188} INFO - [2024-05-23T15:46:47.139+0700] {dag.py:3954} INFO - Setting next_dagrun for latest_only_with_trigger to 2024-05-23 04:00:00+00:00, run_after=2024-05-23 08:00:00+00:00
[2024-05-23T15:46:47.213+0700] {processor.py:183} INFO - Processing /mnt/d/Programming/Vietnamese-Text-Generator/airflow_env/lib/python3.10/site-packages/airflow/example_dags/example_latest_only_with_trigger.py took 0.196 seconds
[2024-05-23T15:47:51.353+0700] {processor.py:161} INFO - Started process (PID=2921) to work on /mnt/d/Programming/Vietnamese-Text-Generator/airflow_env/lib/python3.10/site-packages/airflow/example_dags/example_latest_only_with_trigger.py
[2024-05-23T15:47:51.356+0700] {processor.py:830} INFO - Processing file /mnt/d/Programming/Vietnamese-Text-Generator/airflow_env/lib/python3.10/site-packages/airflow/example_dags/example_latest_only_with_trigger.py for tasks to queue
[2024-05-23T15:47:51.360+0700] {logging_mixin.py:188} INFO - [2024-05-23T15:47:51.358+0700] {dagbag.py:540} INFO - Filling up the DagBag from /mnt/d/Programming/Vietnamese-Text-Generator/airflow_env/lib/python3.10/site-packages/airflow/example_dags/example_latest_only_with_trigger.py
[2024-05-23T15:47:51.388+0700] {processor.py:840} INFO - DAG(s) 'latest_only_with_trigger' retrieved from /mnt/d/Programming/Vietnamese-Text-Generator/airflow_env/lib/python3.10/site-packages/airflow/example_dags/example_latest_only_with_trigger.py
[2024-05-23T15:47:51.426+0700] {logging_mixin.py:188} INFO - [2024-05-23T15:47:51.425+0700] {dag.py:3096} INFO - Sync 1 DAGs
[2024-05-23T15:47:51.454+0700] {logging_mixin.py:188} INFO - [2024-05-23T15:47:51.454+0700] {dag.py:3954} INFO - Setting next_dagrun for latest_only_with_trigger to 2024-05-23 04:00:00+00:00, run_after=2024-05-23 08:00:00+00:00
[2024-05-23T15:47:51.506+0700] {processor.py:183} INFO - Processing /mnt/d/Programming/Vietnamese-Text-Generator/airflow_env/lib/python3.10/site-packages/airflow/example_dags/example_latest_only_with_trigger.py took 0.169 seconds
[2024-05-23T15:55:07.691+0700] {processor.py:161} INFO - Started process (PID=4777) to work on /mnt/d/Programming/Vietnamese-Text-Generator/airflow_env/lib/python3.10/site-packages/airflow/example_dags/example_latest_only_with_trigger.py
[2024-05-23T15:55:07.692+0700] {processor.py:830} INFO - Processing file /mnt/d/Programming/Vietnamese-Text-Generator/airflow_env/lib/python3.10/site-packages/airflow/example_dags/example_latest_only_with_trigger.py for tasks to queue
[2024-05-23T15:55:07.694+0700] {logging_mixin.py:188} INFO - [2024-05-23T15:55:07.694+0700] {dagbag.py:540} INFO - Filling up the DagBag from /mnt/d/Programming/Vietnamese-Text-Generator/airflow_env/lib/python3.10/site-packages/airflow/example_dags/example_latest_only_with_trigger.py
[2024-05-23T15:55:07.713+0700] {processor.py:840} INFO - DAG(s) 'latest_only_with_trigger' retrieved from /mnt/d/Programming/Vietnamese-Text-Generator/airflow_env/lib/python3.10/site-packages/airflow/example_dags/example_latest_only_with_trigger.py
[2024-05-23T15:55:07.756+0700] {logging_mixin.py:188} INFO - [2024-05-23T15:55:07.755+0700] {dag.py:3096} INFO - Sync 1 DAGs
[2024-05-23T15:55:07.792+0700] {logging_mixin.py:188} INFO - [2024-05-23T15:55:07.791+0700] {dag.py:3954} INFO - Setting next_dagrun for latest_only_with_trigger to 2024-05-23 04:00:00+00:00, run_after=2024-05-23 08:00:00+00:00
[2024-05-23T15:55:07.868+0700] {processor.py:183} INFO - Processing /mnt/d/Programming/Vietnamese-Text-Generator/airflow_env/lib/python3.10/site-packages/airflow/example_dags/example_latest_only_with_trigger.py took 0.190 seconds
[2024-05-23T15:56:21.253+0700] {processor.py:161} INFO - Started process (PID=5125) to work on /mnt/d/Programming/Vietnamese-Text-Generator/airflow_env/lib/python3.10/site-packages/airflow/example_dags/example_latest_only_with_trigger.py
[2024-05-23T15:56:21.254+0700] {processor.py:830} INFO - Processing file /mnt/d/Programming/Vietnamese-Text-Generator/airflow_env/lib/python3.10/site-packages/airflow/example_dags/example_latest_only_with_trigger.py for tasks to queue
[2024-05-23T15:56:21.256+0700] {logging_mixin.py:188} INFO - [2024-05-23T15:56:21.255+0700] {dagbag.py:540} INFO - Filling up the DagBag from /mnt/d/Programming/Vietnamese-Text-Generator/airflow_env/lib/python3.10/site-packages/airflow/example_dags/example_latest_only_with_trigger.py
[2024-05-23T15:56:21.272+0700] {processor.py:840} INFO - DAG(s) 'latest_only_with_trigger' retrieved from /mnt/d/Programming/Vietnamese-Text-Generator/airflow_env/lib/python3.10/site-packages/airflow/example_dags/example_latest_only_with_trigger.py
[2024-05-23T15:56:21.303+0700] {logging_mixin.py:188} INFO - [2024-05-23T15:56:21.302+0700] {dag.py:3096} INFO - Sync 1 DAGs
[2024-05-23T15:56:21.334+0700] {logging_mixin.py:188} INFO - [2024-05-23T15:56:21.333+0700] {dag.py:3954} INFO - Setting next_dagrun for latest_only_with_trigger to 2024-05-23 04:00:00+00:00, run_after=2024-05-23 08:00:00+00:00
[2024-05-23T15:56:21.389+0700] {processor.py:183} INFO - Processing /mnt/d/Programming/Vietnamese-Text-Generator/airflow_env/lib/python3.10/site-packages/airflow/example_dags/example_latest_only_with_trigger.py took 0.148 seconds
[2024-05-23T15:57:29.853+0700] {processor.py:161} INFO - Started process (PID=5451) to work on /mnt/d/Programming/Vietnamese-Text-Generator/airflow_env/lib/python3.10/site-packages/airflow/example_dags/example_latest_only_with_trigger.py
[2024-05-23T15:57:29.855+0700] {processor.py:830} INFO - Processing file /mnt/d/Programming/Vietnamese-Text-Generator/airflow_env/lib/python3.10/site-packages/airflow/example_dags/example_latest_only_with_trigger.py for tasks to queue
[2024-05-23T15:57:29.859+0700] {logging_mixin.py:188} INFO - [2024-05-23T15:57:29.858+0700] {dagbag.py:540} INFO - Filling up the DagBag from /mnt/d/Programming/Vietnamese-Text-Generator/airflow_env/lib/python3.10/site-packages/airflow/example_dags/example_latest_only_with_trigger.py
[2024-05-23T15:57:29.883+0700] {processor.py:840} INFO - DAG(s) 'latest_only_with_trigger' retrieved from /mnt/d/Programming/Vietnamese-Text-Generator/airflow_env/lib/python3.10/site-packages/airflow/example_dags/example_latest_only_with_trigger.py
[2024-05-23T15:57:29.917+0700] {logging_mixin.py:188} INFO - [2024-05-23T15:57:29.915+0700] {dag.py:3096} INFO - Sync 1 DAGs
[2024-05-23T15:57:29.947+0700] {logging_mixin.py:188} INFO - [2024-05-23T15:57:29.946+0700] {dag.py:3954} INFO - Setting next_dagrun for latest_only_with_trigger to 2024-05-23 04:00:00+00:00, run_after=2024-05-23 08:00:00+00:00
[2024-05-23T15:57:30.008+0700] {processor.py:183} INFO - Processing /mnt/d/Programming/Vietnamese-Text-Generator/airflow_env/lib/python3.10/site-packages/airflow/example_dags/example_latest_only_with_trigger.py took 0.171 seconds
[2024-05-23T15:58:37.116+0700] {processor.py:161} INFO - Started process (PID=5767) to work on /mnt/d/Programming/Vietnamese-Text-Generator/airflow_env/lib/python3.10/site-packages/airflow/example_dags/example_latest_only_with_trigger.py
[2024-05-23T15:58:37.117+0700] {processor.py:830} INFO - Processing file /mnt/d/Programming/Vietnamese-Text-Generator/airflow_env/lib/python3.10/site-packages/airflow/example_dags/example_latest_only_with_trigger.py for tasks to queue
[2024-05-23T15:58:37.119+0700] {logging_mixin.py:188} INFO - [2024-05-23T15:58:37.118+0700] {dagbag.py:540} INFO - Filling up the DagBag from /mnt/d/Programming/Vietnamese-Text-Generator/airflow_env/lib/python3.10/site-packages/airflow/example_dags/example_latest_only_with_trigger.py
[2024-05-23T15:58:37.135+0700] {processor.py:840} INFO - DAG(s) 'latest_only_with_trigger' retrieved from /mnt/d/Programming/Vietnamese-Text-Generator/airflow_env/lib/python3.10/site-packages/airflow/example_dags/example_latest_only_with_trigger.py
[2024-05-23T15:58:37.159+0700] {logging_mixin.py:188} INFO - [2024-05-23T15:58:37.159+0700] {dag.py:3096} INFO - Sync 1 DAGs
[2024-05-23T15:58:37.186+0700] {logging_mixin.py:188} INFO - [2024-05-23T15:58:37.186+0700] {dag.py:3954} INFO - Setting next_dagrun for latest_only_with_trigger to 2024-05-23 04:00:00+00:00, run_after=2024-05-23 08:00:00+00:00
[2024-05-23T15:58:37.238+0700] {processor.py:183} INFO - Processing /mnt/d/Programming/Vietnamese-Text-Generator/airflow_env/lib/python3.10/site-packages/airflow/example_dags/example_latest_only_with_trigger.py took 0.132 seconds
[2024-05-23T15:59:51.331+0700] {processor.py:161} INFO - Started process (PID=6115) to work on /mnt/d/Programming/Vietnamese-Text-Generator/airflow_env/lib/python3.10/site-packages/airflow/example_dags/example_latest_only_with_trigger.py
[2024-05-23T15:59:51.332+0700] {processor.py:830} INFO - Processing file /mnt/d/Programming/Vietnamese-Text-Generator/airflow_env/lib/python3.10/site-packages/airflow/example_dags/example_latest_only_with_trigger.py for tasks to queue
[2024-05-23T15:59:51.336+0700] {logging_mixin.py:188} INFO - [2024-05-23T15:59:51.335+0700] {dagbag.py:540} INFO - Filling up the DagBag from /mnt/d/Programming/Vietnamese-Text-Generator/airflow_env/lib/python3.10/site-packages/airflow/example_dags/example_latest_only_with_trigger.py
[2024-05-23T15:59:51.357+0700] {processor.py:840} INFO - DAG(s) 'latest_only_with_trigger' retrieved from /mnt/d/Programming/Vietnamese-Text-Generator/airflow_env/lib/python3.10/site-packages/airflow/example_dags/example_latest_only_with_trigger.py
[2024-05-23T15:59:51.385+0700] {logging_mixin.py:188} INFO - [2024-05-23T15:59:51.384+0700] {dag.py:3096} INFO - Sync 1 DAGs
[2024-05-23T15:59:51.433+0700] {logging_mixin.py:188} INFO - [2024-05-23T15:59:51.431+0700] {dag.py:3954} INFO - Setting next_dagrun for latest_only_with_trigger to 2024-05-23 04:00:00+00:00, run_after=2024-05-23 08:00:00+00:00
[2024-05-23T15:59:51.506+0700] {processor.py:183} INFO - Processing /mnt/d/Programming/Vietnamese-Text-Generator/airflow_env/lib/python3.10/site-packages/airflow/example_dags/example_latest_only_with_trigger.py took 0.190 seconds
[2024-05-23T16:00:59.063+0700] {processor.py:161} INFO - Started process (PID=6437) to work on /mnt/d/Programming/Vietnamese-Text-Generator/airflow_env/lib/python3.10/site-packages/airflow/example_dags/example_latest_only_with_trigger.py
[2024-05-23T16:00:59.064+0700] {processor.py:830} INFO - Processing file /mnt/d/Programming/Vietnamese-Text-Generator/airflow_env/lib/python3.10/site-packages/airflow/example_dags/example_latest_only_with_trigger.py for tasks to queue
[2024-05-23T16:00:59.067+0700] {logging_mixin.py:188} INFO - [2024-05-23T16:00:59.065+0700] {dagbag.py:540} INFO - Filling up the DagBag from /mnt/d/Programming/Vietnamese-Text-Generator/airflow_env/lib/python3.10/site-packages/airflow/example_dags/example_latest_only_with_trigger.py
[2024-05-23T16:00:59.088+0700] {processor.py:840} INFO - DAG(s) 'latest_only_with_trigger' retrieved from /mnt/d/Programming/Vietnamese-Text-Generator/airflow_env/lib/python3.10/site-packages/airflow/example_dags/example_latest_only_with_trigger.py
[2024-05-23T16:00:59.119+0700] {logging_mixin.py:188} INFO - [2024-05-23T16:00:59.118+0700] {dag.py:3096} INFO - Sync 1 DAGs
[2024-05-23T16:00:59.147+0700] {logging_mixin.py:188} INFO - [2024-05-23T16:00:59.147+0700] {dag.py:3954} INFO - Setting next_dagrun for latest_only_with_trigger to 2024-05-23 04:00:00+00:00, run_after=2024-05-23 08:00:00+00:00
[2024-05-23T16:00:59.198+0700] {processor.py:183} INFO - Processing /mnt/d/Programming/Vietnamese-Text-Generator/airflow_env/lib/python3.10/site-packages/airflow/example_dags/example_latest_only_with_trigger.py took 0.151 seconds
[2024-05-23T16:02:03.131+0700] {processor.py:161} INFO - Started process (PID=6741) to work on /mnt/d/Programming/Vietnamese-Text-Generator/airflow_env/lib/python3.10/site-packages/airflow/example_dags/example_latest_only_with_trigger.py
[2024-05-23T16:02:03.133+0700] {processor.py:830} INFO - Processing file /mnt/d/Programming/Vietnamese-Text-Generator/airflow_env/lib/python3.10/site-packages/airflow/example_dags/example_latest_only_with_trigger.py for tasks to queue
[2024-05-23T16:02:03.135+0700] {logging_mixin.py:188} INFO - [2024-05-23T16:02:03.134+0700] {dagbag.py:540} INFO - Filling up the DagBag from /mnt/d/Programming/Vietnamese-Text-Generator/airflow_env/lib/python3.10/site-packages/airflow/example_dags/example_latest_only_with_trigger.py
[2024-05-23T16:02:03.155+0700] {processor.py:840} INFO - DAG(s) 'latest_only_with_trigger' retrieved from /mnt/d/Programming/Vietnamese-Text-Generator/airflow_env/lib/python3.10/site-packages/airflow/example_dags/example_latest_only_with_trigger.py
[2024-05-23T16:02:03.187+0700] {logging_mixin.py:188} INFO - [2024-05-23T16:02:03.186+0700] {dag.py:3096} INFO - Sync 1 DAGs
[2024-05-23T16:02:03.219+0700] {logging_mixin.py:188} INFO - [2024-05-23T16:02:03.218+0700] {dag.py:3954} INFO - Setting next_dagrun for latest_only_with_trigger to 2024-05-23 04:00:00+00:00, run_after=2024-05-23 08:00:00+00:00
[2024-05-23T16:02:03.284+0700] {processor.py:183} INFO - Processing /mnt/d/Programming/Vietnamese-Text-Generator/airflow_env/lib/python3.10/site-packages/airflow/example_dags/example_latest_only_with_trigger.py took 0.164 seconds
[2024-05-23T16:03:15.861+0700] {processor.py:161} INFO - Started process (PID=7080) to work on /mnt/d/Programming/Vietnamese-Text-Generator/airflow_env/lib/python3.10/site-packages/airflow/example_dags/example_latest_only_with_trigger.py
[2024-05-23T16:03:15.863+0700] {processor.py:830} INFO - Processing file /mnt/d/Programming/Vietnamese-Text-Generator/airflow_env/lib/python3.10/site-packages/airflow/example_dags/example_latest_only_with_trigger.py for tasks to queue
[2024-05-23T16:03:15.867+0700] {logging_mixin.py:188} INFO - [2024-05-23T16:03:15.865+0700] {dagbag.py:540} INFO - Filling up the DagBag from /mnt/d/Programming/Vietnamese-Text-Generator/airflow_env/lib/python3.10/site-packages/airflow/example_dags/example_latest_only_with_trigger.py
[2024-05-23T16:03:15.889+0700] {processor.py:840} INFO - DAG(s) 'latest_only_with_trigger' retrieved from /mnt/d/Programming/Vietnamese-Text-Generator/airflow_env/lib/python3.10/site-packages/airflow/example_dags/example_latest_only_with_trigger.py
[2024-05-23T16:03:15.922+0700] {logging_mixin.py:188} INFO - [2024-05-23T16:03:15.921+0700] {dag.py:3096} INFO - Sync 1 DAGs
[2024-05-23T16:03:15.956+0700] {logging_mixin.py:188} INFO - [2024-05-23T16:03:15.955+0700] {dag.py:3954} INFO - Setting next_dagrun for latest_only_with_trigger to 2024-05-23 04:00:00+00:00, run_after=2024-05-23 08:00:00+00:00
[2024-05-23T16:03:16.024+0700] {processor.py:183} INFO - Processing /mnt/d/Programming/Vietnamese-Text-Generator/airflow_env/lib/python3.10/site-packages/airflow/example_dags/example_latest_only_with_trigger.py took 0.179 seconds
[2024-05-23T16:35:25.912+0700] {processor.py:161} INFO - Started process (PID=17162) to work on /mnt/d/Programming/Vietnamese-Text-Generator/airflow_env/lib/python3.10/site-packages/airflow/example_dags/example_latest_only_with_trigger.py
[2024-05-23T16:35:25.914+0700] {processor.py:830} INFO - Processing file /mnt/d/Programming/Vietnamese-Text-Generator/airflow_env/lib/python3.10/site-packages/airflow/example_dags/example_latest_only_with_trigger.py for tasks to queue
[2024-05-23T16:35:25.916+0700] {logging_mixin.py:188} INFO - [2024-05-23T16:35:25.915+0700] {dagbag.py:540} INFO - Filling up the DagBag from /mnt/d/Programming/Vietnamese-Text-Generator/airflow_env/lib/python3.10/site-packages/airflow/example_dags/example_latest_only_with_trigger.py
[2024-05-23T16:35:25.938+0700] {processor.py:840} INFO - DAG(s) 'latest_only_with_trigger' retrieved from /mnt/d/Programming/Vietnamese-Text-Generator/airflow_env/lib/python3.10/site-packages/airflow/example_dags/example_latest_only_with_trigger.py
[2024-05-23T16:35:25.984+0700] {logging_mixin.py:188} INFO - [2024-05-23T16:35:25.983+0700] {dag.py:3096} INFO - Sync 1 DAGs
[2024-05-23T16:35:26.019+0700] {logging_mixin.py:188} INFO - [2024-05-23T16:35:26.018+0700] {dag.py:3954} INFO - Setting next_dagrun for latest_only_with_trigger to 2024-05-23 04:00:00+00:00, run_after=2024-05-23 08:00:00+00:00
[2024-05-23T16:35:26.074+0700] {processor.py:183} INFO - Processing /mnt/d/Programming/Vietnamese-Text-Generator/airflow_env/lib/python3.10/site-packages/airflow/example_dags/example_latest_only_with_trigger.py took 0.173 seconds
[2024-05-23T16:36:42.146+0700] {processor.py:161} INFO - Started process (PID=17516) to work on /mnt/d/Programming/Vietnamese-Text-Generator/airflow_env/lib/python3.10/site-packages/airflow/example_dags/example_latest_only_with_trigger.py
[2024-05-23T16:36:42.148+0700] {processor.py:830} INFO - Processing file /mnt/d/Programming/Vietnamese-Text-Generator/airflow_env/lib/python3.10/site-packages/airflow/example_dags/example_latest_only_with_trigger.py for tasks to queue
[2024-05-23T16:36:42.151+0700] {logging_mixin.py:188} INFO - [2024-05-23T16:36:42.150+0700] {dagbag.py:540} INFO - Filling up the DagBag from /mnt/d/Programming/Vietnamese-Text-Generator/airflow_env/lib/python3.10/site-packages/airflow/example_dags/example_latest_only_with_trigger.py
[2024-05-23T16:36:42.172+0700] {processor.py:840} INFO - DAG(s) 'latest_only_with_trigger' retrieved from /mnt/d/Programming/Vietnamese-Text-Generator/airflow_env/lib/python3.10/site-packages/airflow/example_dags/example_latest_only_with_trigger.py
[2024-05-23T16:36:42.204+0700] {logging_mixin.py:188} INFO - [2024-05-23T16:36:42.203+0700] {dag.py:3096} INFO - Sync 1 DAGs
[2024-05-23T16:36:42.233+0700] {logging_mixin.py:188} INFO - [2024-05-23T16:36:42.233+0700] {dag.py:3954} INFO - Setting next_dagrun for latest_only_with_trigger to 2024-05-23 04:00:00+00:00, run_after=2024-05-23 08:00:00+00:00
[2024-05-23T16:36:42.294+0700] {processor.py:183} INFO - Processing /mnt/d/Programming/Vietnamese-Text-Generator/airflow_env/lib/python3.10/site-packages/airflow/example_dags/example_latest_only_with_trigger.py took 0.160 seconds
[2024-05-23T16:38:00.619+0700] {processor.py:161} INFO - Started process (PID=17882) to work on /mnt/d/Programming/Vietnamese-Text-Generator/airflow_env/lib/python3.10/site-packages/airflow/example_dags/example_latest_only_with_trigger.py
[2024-05-23T16:38:00.622+0700] {processor.py:830} INFO - Processing file /mnt/d/Programming/Vietnamese-Text-Generator/airflow_env/lib/python3.10/site-packages/airflow/example_dags/example_latest_only_with_trigger.py for tasks to queue
[2024-05-23T16:38:00.625+0700] {logging_mixin.py:188} INFO - [2024-05-23T16:38:00.623+0700] {dagbag.py:540} INFO - Filling up the DagBag from /mnt/d/Programming/Vietnamese-Text-Generator/airflow_env/lib/python3.10/site-packages/airflow/example_dags/example_latest_only_with_trigger.py
[2024-05-23T16:38:00.656+0700] {processor.py:840} INFO - DAG(s) 'latest_only_with_trigger' retrieved from /mnt/d/Programming/Vietnamese-Text-Generator/airflow_env/lib/python3.10/site-packages/airflow/example_dags/example_latest_only_with_trigger.py
[2024-05-23T16:38:00.692+0700] {logging_mixin.py:188} INFO - [2024-05-23T16:38:00.691+0700] {dag.py:3096} INFO - Sync 1 DAGs
[2024-05-23T16:38:00.722+0700] {logging_mixin.py:188} INFO - [2024-05-23T16:38:00.722+0700] {dag.py:3954} INFO - Setting next_dagrun for latest_only_with_trigger to 2024-05-23 04:00:00+00:00, run_after=2024-05-23 08:00:00+00:00
[2024-05-23T16:38:00.794+0700] {processor.py:183} INFO - Processing /mnt/d/Programming/Vietnamese-Text-Generator/airflow_env/lib/python3.10/site-packages/airflow/example_dags/example_latest_only_with_trigger.py took 0.190 seconds
[2024-05-23T16:50:15.345+0700] {processor.py:161} INFO - Started process (PID=20990) to work on /mnt/d/Programming/Vietnamese-Text-Generator/airflow_env/lib/python3.10/site-packages/airflow/example_dags/example_latest_only_with_trigger.py
[2024-05-23T16:50:15.349+0700] {processor.py:830} INFO - Processing file /mnt/d/Programming/Vietnamese-Text-Generator/airflow_env/lib/python3.10/site-packages/airflow/example_dags/example_latest_only_with_trigger.py for tasks to queue
[2024-05-23T16:50:15.353+0700] {logging_mixin.py:188} INFO - [2024-05-23T16:50:15.351+0700] {dagbag.py:540} INFO - Filling up the DagBag from /mnt/d/Programming/Vietnamese-Text-Generator/airflow_env/lib/python3.10/site-packages/airflow/example_dags/example_latest_only_with_trigger.py
[2024-05-23T16:50:15.385+0700] {processor.py:840} INFO - DAG(s) 'latest_only_with_trigger' retrieved from /mnt/d/Programming/Vietnamese-Text-Generator/airflow_env/lib/python3.10/site-packages/airflow/example_dags/example_latest_only_with_trigger.py
[2024-05-23T16:50:15.434+0700] {logging_mixin.py:188} INFO - [2024-05-23T16:50:15.433+0700] {dag.py:3096} INFO - Sync 1 DAGs
[2024-05-23T16:50:15.462+0700] {logging_mixin.py:188} INFO - [2024-05-23T16:50:15.462+0700] {dag.py:3954} INFO - Setting next_dagrun for latest_only_with_trigger to 2024-05-23 04:00:00+00:00, run_after=2024-05-23 08:00:00+00:00
[2024-05-23T16:50:15.509+0700] {processor.py:183} INFO - Processing /mnt/d/Programming/Vietnamese-Text-Generator/airflow_env/lib/python3.10/site-packages/airflow/example_dags/example_latest_only_with_trigger.py took 0.179 seconds
[2024-05-23T16:51:39.566+0700] {processor.py:161} INFO - Started process (PID=21381) to work on /mnt/d/Programming/Vietnamese-Text-Generator/airflow_env/lib/python3.10/site-packages/airflow/example_dags/example_latest_only_with_trigger.py
[2024-05-23T16:51:39.568+0700] {processor.py:830} INFO - Processing file /mnt/d/Programming/Vietnamese-Text-Generator/airflow_env/lib/python3.10/site-packages/airflow/example_dags/example_latest_only_with_trigger.py for tasks to queue
[2024-05-23T16:51:39.570+0700] {logging_mixin.py:188} INFO - [2024-05-23T16:51:39.569+0700] {dagbag.py:540} INFO - Filling up the DagBag from /mnt/d/Programming/Vietnamese-Text-Generator/airflow_env/lib/python3.10/site-packages/airflow/example_dags/example_latest_only_with_trigger.py
[2024-05-23T16:51:39.588+0700] {processor.py:840} INFO - DAG(s) 'latest_only_with_trigger' retrieved from /mnt/d/Programming/Vietnamese-Text-Generator/airflow_env/lib/python3.10/site-packages/airflow/example_dags/example_latest_only_with_trigger.py
[2024-05-23T16:51:39.622+0700] {logging_mixin.py:188} INFO - [2024-05-23T16:51:39.621+0700] {dag.py:3096} INFO - Sync 1 DAGs
[2024-05-23T16:51:39.652+0700] {logging_mixin.py:188} INFO - [2024-05-23T16:51:39.651+0700] {dag.py:3954} INFO - Setting next_dagrun for latest_only_with_trigger to 2024-05-23 04:00:00+00:00, run_after=2024-05-23 08:00:00+00:00
[2024-05-23T16:51:39.709+0700] {processor.py:183} INFO - Processing /mnt/d/Programming/Vietnamese-Text-Generator/airflow_env/lib/python3.10/site-packages/airflow/example_dags/example_latest_only_with_trigger.py took 0.154 seconds
[2024-05-23T16:52:55.192+0700] {processor.py:161} INFO - Started process (PID=21732) to work on /mnt/d/Programming/Vietnamese-Text-Generator/airflow_env/lib/python3.10/site-packages/airflow/example_dags/example_latest_only_with_trigger.py
[2024-05-23T16:52:55.194+0700] {processor.py:830} INFO - Processing file /mnt/d/Programming/Vietnamese-Text-Generator/airflow_env/lib/python3.10/site-packages/airflow/example_dags/example_latest_only_with_trigger.py for tasks to queue
[2024-05-23T16:52:55.197+0700] {logging_mixin.py:188} INFO - [2024-05-23T16:52:55.196+0700] {dagbag.py:540} INFO - Filling up the DagBag from /mnt/d/Programming/Vietnamese-Text-Generator/airflow_env/lib/python3.10/site-packages/airflow/example_dags/example_latest_only_with_trigger.py
[2024-05-23T16:52:55.218+0700] {processor.py:840} INFO - DAG(s) 'latest_only_with_trigger' retrieved from /mnt/d/Programming/Vietnamese-Text-Generator/airflow_env/lib/python3.10/site-packages/airflow/example_dags/example_latest_only_with_trigger.py
[2024-05-23T16:52:55.249+0700] {logging_mixin.py:188} INFO - [2024-05-23T16:52:55.248+0700] {dag.py:3096} INFO - Sync 1 DAGs
[2024-05-23T16:52:55.280+0700] {logging_mixin.py:188} INFO - [2024-05-23T16:52:55.279+0700] {dag.py:3954} INFO - Setting next_dagrun for latest_only_with_trigger to 2024-05-23 04:00:00+00:00, run_after=2024-05-23 08:00:00+00:00
[2024-05-23T16:52:55.343+0700] {processor.py:183} INFO - Processing /mnt/d/Programming/Vietnamese-Text-Generator/airflow_env/lib/python3.10/site-packages/airflow/example_dags/example_latest_only_with_trigger.py took 0.167 seconds
[2024-05-23T16:54:06.556+0700] {processor.py:161} INFO - Started process (PID=22063) to work on /mnt/d/Programming/Vietnamese-Text-Generator/airflow_env/lib/python3.10/site-packages/airflow/example_dags/example_latest_only_with_trigger.py
[2024-05-23T16:54:06.557+0700] {processor.py:830} INFO - Processing file /mnt/d/Programming/Vietnamese-Text-Generator/airflow_env/lib/python3.10/site-packages/airflow/example_dags/example_latest_only_with_trigger.py for tasks to queue
[2024-05-23T16:54:06.559+0700] {logging_mixin.py:188} INFO - [2024-05-23T16:54:06.558+0700] {dagbag.py:540} INFO - Filling up the DagBag from /mnt/d/Programming/Vietnamese-Text-Generator/airflow_env/lib/python3.10/site-packages/airflow/example_dags/example_latest_only_with_trigger.py
[2024-05-23T16:54:06.576+0700] {processor.py:840} INFO - DAG(s) 'latest_only_with_trigger' retrieved from /mnt/d/Programming/Vietnamese-Text-Generator/airflow_env/lib/python3.10/site-packages/airflow/example_dags/example_latest_only_with_trigger.py
[2024-05-23T16:54:06.605+0700] {logging_mixin.py:188} INFO - [2024-05-23T16:54:06.604+0700] {dag.py:3096} INFO - Sync 1 DAGs
[2024-05-23T16:54:06.635+0700] {logging_mixin.py:188} INFO - [2024-05-23T16:54:06.634+0700] {dag.py:3954} INFO - Setting next_dagrun for latest_only_with_trigger to 2024-05-23 04:00:00+00:00, run_after=2024-05-23 08:00:00+00:00
[2024-05-23T16:54:06.689+0700] {processor.py:183} INFO - Processing /mnt/d/Programming/Vietnamese-Text-Generator/airflow_env/lib/python3.10/site-packages/airflow/example_dags/example_latest_only_with_trigger.py took 0.144 seconds
[2024-05-23T16:55:16.301+0700] {processor.py:161} INFO - Started process (PID=22391) to work on /mnt/d/Programming/Vietnamese-Text-Generator/airflow_env/lib/python3.10/site-packages/airflow/example_dags/example_latest_only_with_trigger.py
[2024-05-23T16:55:16.303+0700] {processor.py:830} INFO - Processing file /mnt/d/Programming/Vietnamese-Text-Generator/airflow_env/lib/python3.10/site-packages/airflow/example_dags/example_latest_only_with_trigger.py for tasks to queue
[2024-05-23T16:55:16.306+0700] {logging_mixin.py:188} INFO - [2024-05-23T16:55:16.305+0700] {dagbag.py:540} INFO - Filling up the DagBag from /mnt/d/Programming/Vietnamese-Text-Generator/airflow_env/lib/python3.10/site-packages/airflow/example_dags/example_latest_only_with_trigger.py
[2024-05-23T16:55:16.331+0700] {processor.py:840} INFO - DAG(s) 'latest_only_with_trigger' retrieved from /mnt/d/Programming/Vietnamese-Text-Generator/airflow_env/lib/python3.10/site-packages/airflow/example_dags/example_latest_only_with_trigger.py
[2024-05-23T16:55:16.361+0700] {logging_mixin.py:188} INFO - [2024-05-23T16:55:16.360+0700] {dag.py:3096} INFO - Sync 1 DAGs
[2024-05-23T16:55:16.392+0700] {logging_mixin.py:188} INFO - [2024-05-23T16:55:16.392+0700] {dag.py:3954} INFO - Setting next_dagrun for latest_only_with_trigger to 2024-05-23 04:00:00+00:00, run_after=2024-05-23 08:00:00+00:00
[2024-05-23T16:55:16.460+0700] {processor.py:183} INFO - Processing /mnt/d/Programming/Vietnamese-Text-Generator/airflow_env/lib/python3.10/site-packages/airflow/example_dags/example_latest_only_with_trigger.py took 0.174 seconds
[2024-05-23T16:56:20.376+0700] {processor.py:161} INFO - Started process (PID=22692) to work on /mnt/d/Programming/Vietnamese-Text-Generator/airflow_env/lib/python3.10/site-packages/airflow/example_dags/example_latest_only_with_trigger.py
[2024-05-23T16:56:20.377+0700] {processor.py:830} INFO - Processing file /mnt/d/Programming/Vietnamese-Text-Generator/airflow_env/lib/python3.10/site-packages/airflow/example_dags/example_latest_only_with_trigger.py for tasks to queue
[2024-05-23T16:56:20.379+0700] {logging_mixin.py:188} INFO - [2024-05-23T16:56:20.378+0700] {dagbag.py:540} INFO - Filling up the DagBag from /mnt/d/Programming/Vietnamese-Text-Generator/airflow_env/lib/python3.10/site-packages/airflow/example_dags/example_latest_only_with_trigger.py
[2024-05-23T16:56:20.398+0700] {processor.py:840} INFO - DAG(s) 'latest_only_with_trigger' retrieved from /mnt/d/Programming/Vietnamese-Text-Generator/airflow_env/lib/python3.10/site-packages/airflow/example_dags/example_latest_only_with_trigger.py
[2024-05-23T16:56:20.431+0700] {logging_mixin.py:188} INFO - [2024-05-23T16:56:20.429+0700] {dag.py:3096} INFO - Sync 1 DAGs
[2024-05-23T16:56:20.462+0700] {logging_mixin.py:188} INFO - [2024-05-23T16:56:20.461+0700] {dag.py:3954} INFO - Setting next_dagrun for latest_only_with_trigger to 2024-05-23 04:00:00+00:00, run_after=2024-05-23 08:00:00+00:00
[2024-05-23T16:56:20.519+0700] {processor.py:183} INFO - Processing /mnt/d/Programming/Vietnamese-Text-Generator/airflow_env/lib/python3.10/site-packages/airflow/example_dags/example_latest_only_with_trigger.py took 0.155 seconds
[2024-05-23T16:57:32.906+0700] {processor.py:161} INFO - Started process (PID=23031) to work on /mnt/d/Programming/Vietnamese-Text-Generator/airflow_env/lib/python3.10/site-packages/airflow/example_dags/example_latest_only_with_trigger.py
[2024-05-23T16:57:32.908+0700] {processor.py:830} INFO - Processing file /mnt/d/Programming/Vietnamese-Text-Generator/airflow_env/lib/python3.10/site-packages/airflow/example_dags/example_latest_only_with_trigger.py for tasks to queue
[2024-05-23T16:57:32.911+0700] {logging_mixin.py:188} INFO - [2024-05-23T16:57:32.910+0700] {dagbag.py:540} INFO - Filling up the DagBag from /mnt/d/Programming/Vietnamese-Text-Generator/airflow_env/lib/python3.10/site-packages/airflow/example_dags/example_latest_only_with_trigger.py
[2024-05-23T16:57:32.930+0700] {processor.py:840} INFO - DAG(s) 'latest_only_with_trigger' retrieved from /mnt/d/Programming/Vietnamese-Text-Generator/airflow_env/lib/python3.10/site-packages/airflow/example_dags/example_latest_only_with_trigger.py
[2024-05-23T16:57:32.963+0700] {logging_mixin.py:188} INFO - [2024-05-23T16:57:32.961+0700] {dag.py:3096} INFO - Sync 1 DAGs
[2024-05-23T16:57:32.993+0700] {logging_mixin.py:188} INFO - [2024-05-23T16:57:32.992+0700] {dag.py:3954} INFO - Setting next_dagrun for latest_only_with_trigger to 2024-05-23 04:00:00+00:00, run_after=2024-05-23 08:00:00+00:00
[2024-05-23T16:57:33.044+0700] {processor.py:183} INFO - Processing /mnt/d/Programming/Vietnamese-Text-Generator/airflow_env/lib/python3.10/site-packages/airflow/example_dags/example_latest_only_with_trigger.py took 0.151 seconds
[2024-05-23T16:58:39.934+0700] {processor.py:161} INFO - Started process (PID=23345) to work on /mnt/d/Programming/Vietnamese-Text-Generator/airflow_env/lib/python3.10/site-packages/airflow/example_dags/example_latest_only_with_trigger.py
[2024-05-23T16:58:39.937+0700] {processor.py:830} INFO - Processing file /mnt/d/Programming/Vietnamese-Text-Generator/airflow_env/lib/python3.10/site-packages/airflow/example_dags/example_latest_only_with_trigger.py for tasks to queue
[2024-05-23T16:58:39.939+0700] {logging_mixin.py:188} INFO - [2024-05-23T16:58:39.938+0700] {dagbag.py:540} INFO - Filling up the DagBag from /mnt/d/Programming/Vietnamese-Text-Generator/airflow_env/lib/python3.10/site-packages/airflow/example_dags/example_latest_only_with_trigger.py
[2024-05-23T16:58:39.958+0700] {processor.py:840} INFO - DAG(s) 'latest_only_with_trigger' retrieved from /mnt/d/Programming/Vietnamese-Text-Generator/airflow_env/lib/python3.10/site-packages/airflow/example_dags/example_latest_only_with_trigger.py
[2024-05-23T16:58:39.992+0700] {logging_mixin.py:188} INFO - [2024-05-23T16:58:39.991+0700] {dag.py:3096} INFO - Sync 1 DAGs
[2024-05-23T16:58:40.022+0700] {logging_mixin.py:188} INFO - [2024-05-23T16:58:40.022+0700] {dag.py:3954} INFO - Setting next_dagrun for latest_only_with_trigger to 2024-05-23 04:00:00+00:00, run_after=2024-05-23 08:00:00+00:00
[2024-05-23T16:58:40.084+0700] {processor.py:183} INFO - Processing /mnt/d/Programming/Vietnamese-Text-Generator/airflow_env/lib/python3.10/site-packages/airflow/example_dags/example_latest_only_with_trigger.py took 0.160 seconds
[2024-05-23T16:59:52.994+0700] {processor.py:161} INFO - Started process (PID=23685) to work on /mnt/d/Programming/Vietnamese-Text-Generator/airflow_env/lib/python3.10/site-packages/airflow/example_dags/example_latest_only_with_trigger.py
[2024-05-23T16:59:52.996+0700] {processor.py:830} INFO - Processing file /mnt/d/Programming/Vietnamese-Text-Generator/airflow_env/lib/python3.10/site-packages/airflow/example_dags/example_latest_only_with_trigger.py for tasks to queue
[2024-05-23T16:59:52.998+0700] {logging_mixin.py:188} INFO - [2024-05-23T16:59:52.997+0700] {dagbag.py:540} INFO - Filling up the DagBag from /mnt/d/Programming/Vietnamese-Text-Generator/airflow_env/lib/python3.10/site-packages/airflow/example_dags/example_latest_only_with_trigger.py
[2024-05-23T16:59:53.015+0700] {processor.py:840} INFO - DAG(s) 'latest_only_with_trigger' retrieved from /mnt/d/Programming/Vietnamese-Text-Generator/airflow_env/lib/python3.10/site-packages/airflow/example_dags/example_latest_only_with_trigger.py
[2024-05-23T16:59:53.056+0700] {logging_mixin.py:188} INFO - [2024-05-23T16:59:53.052+0700] {dag.py:3096} INFO - Sync 1 DAGs
[2024-05-23T16:59:53.094+0700] {logging_mixin.py:188} INFO - [2024-05-23T16:59:53.093+0700] {dag.py:3954} INFO - Setting next_dagrun for latest_only_with_trigger to 2024-05-23 04:00:00+00:00, run_after=2024-05-23 08:00:00+00:00
[2024-05-23T16:59:53.163+0700] {processor.py:183} INFO - Processing /mnt/d/Programming/Vietnamese-Text-Generator/airflow_env/lib/python3.10/site-packages/airflow/example_dags/example_latest_only_with_trigger.py took 0.182 seconds
[2024-05-23T17:00:58.450+0700] {processor.py:161} INFO - Started process (PID=23991) to work on /mnt/d/Programming/Vietnamese-Text-Generator/airflow_env/lib/python3.10/site-packages/airflow/example_dags/example_latest_only_with_trigger.py
[2024-05-23T17:00:58.451+0700] {processor.py:830} INFO - Processing file /mnt/d/Programming/Vietnamese-Text-Generator/airflow_env/lib/python3.10/site-packages/airflow/example_dags/example_latest_only_with_trigger.py for tasks to queue
[2024-05-23T17:00:58.453+0700] {logging_mixin.py:188} INFO - [2024-05-23T17:00:58.453+0700] {dagbag.py:540} INFO - Filling up the DagBag from /mnt/d/Programming/Vietnamese-Text-Generator/airflow_env/lib/python3.10/site-packages/airflow/example_dags/example_latest_only_with_trigger.py
[2024-05-23T17:00:58.471+0700] {processor.py:840} INFO - DAG(s) 'latest_only_with_trigger' retrieved from /mnt/d/Programming/Vietnamese-Text-Generator/airflow_env/lib/python3.10/site-packages/airflow/example_dags/example_latest_only_with_trigger.py
[2024-05-23T17:00:58.501+0700] {logging_mixin.py:188} INFO - [2024-05-23T17:00:58.500+0700] {dag.py:3096} INFO - Sync 1 DAGs
[2024-05-23T17:00:58.532+0700] {logging_mixin.py:188} INFO - [2024-05-23T17:00:58.531+0700] {dag.py:3954} INFO - Setting next_dagrun for latest_only_with_trigger to 2024-05-23 04:00:00+00:00, run_after=2024-05-23 08:00:00+00:00
[2024-05-23T17:00:58.594+0700] {processor.py:183} INFO - Processing /mnt/d/Programming/Vietnamese-Text-Generator/airflow_env/lib/python3.10/site-packages/airflow/example_dags/example_latest_only_with_trigger.py took 0.156 seconds
[2024-05-23T17:02:07.900+0700] {processor.py:161} INFO - Started process (PID=24313) to work on /mnt/d/Programming/Vietnamese-Text-Generator/airflow_env/lib/python3.10/site-packages/airflow/example_dags/example_latest_only_with_trigger.py
[2024-05-23T17:02:07.902+0700] {processor.py:830} INFO - Processing file /mnt/d/Programming/Vietnamese-Text-Generator/airflow_env/lib/python3.10/site-packages/airflow/example_dags/example_latest_only_with_trigger.py for tasks to queue
[2024-05-23T17:02:07.904+0700] {logging_mixin.py:188} INFO - [2024-05-23T17:02:07.903+0700] {dagbag.py:540} INFO - Filling up the DagBag from /mnt/d/Programming/Vietnamese-Text-Generator/airflow_env/lib/python3.10/site-packages/airflow/example_dags/example_latest_only_with_trigger.py
[2024-05-23T17:02:07.923+0700] {processor.py:840} INFO - DAG(s) 'latest_only_with_trigger' retrieved from /mnt/d/Programming/Vietnamese-Text-Generator/airflow_env/lib/python3.10/site-packages/airflow/example_dags/example_latest_only_with_trigger.py
[2024-05-23T17:02:07.958+0700] {logging_mixin.py:188} INFO - [2024-05-23T17:02:07.955+0700] {dag.py:3096} INFO - Sync 1 DAGs
[2024-05-23T17:02:07.989+0700] {logging_mixin.py:188} INFO - [2024-05-23T17:02:07.988+0700] {dag.py:3954} INFO - Setting next_dagrun for latest_only_with_trigger to 2024-05-23 04:00:00+00:00, run_after=2024-05-23 08:00:00+00:00
[2024-05-23T17:02:08.046+0700] {processor.py:183} INFO - Processing /mnt/d/Programming/Vietnamese-Text-Generator/airflow_env/lib/python3.10/site-packages/airflow/example_dags/example_latest_only_with_trigger.py took 0.158 seconds
[2024-05-23T17:03:20.480+0700] {processor.py:161} INFO - Started process (PID=24649) to work on /mnt/d/Programming/Vietnamese-Text-Generator/airflow_env/lib/python3.10/site-packages/airflow/example_dags/example_latest_only_with_trigger.py
[2024-05-23T17:03:20.481+0700] {processor.py:830} INFO - Processing file /mnt/d/Programming/Vietnamese-Text-Generator/airflow_env/lib/python3.10/site-packages/airflow/example_dags/example_latest_only_with_trigger.py for tasks to queue
[2024-05-23T17:03:20.483+0700] {logging_mixin.py:188} INFO - [2024-05-23T17:03:20.482+0700] {dagbag.py:540} INFO - Filling up the DagBag from /mnt/d/Programming/Vietnamese-Text-Generator/airflow_env/lib/python3.10/site-packages/airflow/example_dags/example_latest_only_with_trigger.py
[2024-05-23T17:03:20.500+0700] {processor.py:840} INFO - DAG(s) 'latest_only_with_trigger' retrieved from /mnt/d/Programming/Vietnamese-Text-Generator/airflow_env/lib/python3.10/site-packages/airflow/example_dags/example_latest_only_with_trigger.py
[2024-05-23T17:03:20.529+0700] {logging_mixin.py:188} INFO - [2024-05-23T17:03:20.528+0700] {dag.py:3096} INFO - Sync 1 DAGs
[2024-05-23T17:03:20.557+0700] {logging_mixin.py:188} INFO - [2024-05-23T17:03:20.556+0700] {dag.py:3954} INFO - Setting next_dagrun for latest_only_with_trigger to 2024-05-23 04:00:00+00:00, run_after=2024-05-23 08:00:00+00:00
[2024-05-23T17:03:20.617+0700] {processor.py:183} INFO - Processing /mnt/d/Programming/Vietnamese-Text-Generator/airflow_env/lib/python3.10/site-packages/airflow/example_dags/example_latest_only_with_trigger.py took 0.148 seconds
[2024-05-23T17:04:28.288+0700] {processor.py:161} INFO - Started process (PID=24966) to work on /mnt/d/Programming/Vietnamese-Text-Generator/airflow_env/lib/python3.10/site-packages/airflow/example_dags/example_latest_only_with_trigger.py
[2024-05-23T17:04:28.291+0700] {processor.py:830} INFO - Processing file /mnt/d/Programming/Vietnamese-Text-Generator/airflow_env/lib/python3.10/site-packages/airflow/example_dags/example_latest_only_with_trigger.py for tasks to queue
[2024-05-23T17:04:28.293+0700] {logging_mixin.py:188} INFO - [2024-05-23T17:04:28.292+0700] {dagbag.py:540} INFO - Filling up the DagBag from /mnt/d/Programming/Vietnamese-Text-Generator/airflow_env/lib/python3.10/site-packages/airflow/example_dags/example_latest_only_with_trigger.py
[2024-05-23T17:04:28.319+0700] {processor.py:840} INFO - DAG(s) 'latest_only_with_trigger' retrieved from /mnt/d/Programming/Vietnamese-Text-Generator/airflow_env/lib/python3.10/site-packages/airflow/example_dags/example_latest_only_with_trigger.py
[2024-05-23T17:04:28.354+0700] {logging_mixin.py:188} INFO - [2024-05-23T17:04:28.353+0700] {dag.py:3096} INFO - Sync 1 DAGs
[2024-05-23T17:04:28.377+0700] {logging_mixin.py:188} INFO - [2024-05-23T17:04:28.377+0700] {dag.py:3954} INFO - Setting next_dagrun for latest_only_with_trigger to 2024-05-23 04:00:00+00:00, run_after=2024-05-23 08:00:00+00:00
[2024-05-23T17:04:28.426+0700] {processor.py:183} INFO - Processing /mnt/d/Programming/Vietnamese-Text-Generator/airflow_env/lib/python3.10/site-packages/airflow/example_dags/example_latest_only_with_trigger.py took 0.153 seconds
