[2024-05-23T15:42:49.063+0700] {processor.py:161} INFO - Started process (PID=1118) to work on /mnt/d/Programming/Vietnamese-Text-Generator/airflow_env/lib/python3.10/site-packages/airflow/example_dags/example_short_circuit_operator.py
[2024-05-23T15:42:49.065+0700] {processor.py:830} INFO - Processing file /mnt/d/Programming/Vietnamese-Text-Generator/airflow_env/lib/python3.10/site-packages/airflow/example_dags/example_short_circuit_operator.py for tasks to queue
[2024-05-23T15:42:49.069+0700] {logging_mixin.py:188} INFO - [2024-05-23T15:42:49.068+0700] {dagbag.py:540} INFO - Filling up the DagBag from /mnt/d/Programming/Vietnamese-Text-Generator/airflow_env/lib/python3.10/site-packages/airflow/example_dags/example_short_circuit_operator.py
[2024-05-23T15:42:49.091+0700] {processor.py:840} INFO - DAG(s) 'example_short_circuit_operator' retrieved from /mnt/d/Programming/Vietnamese-Text-Generator/airflow_env/lib/python3.10/site-packages/airflow/example_dags/example_short_circuit_operator.py
[2024-05-23T15:42:49.132+0700] {logging_mixin.py:188} INFO - [2024-05-23T15:42:49.130+0700] {dag.py:3096} INFO - Sync 1 DAGs
[2024-05-23T15:42:49.167+0700] {logging_mixin.py:188} INFO - [2024-05-23T15:42:49.165+0700] {dag.py:3954} INFO - Setting next_dagrun for example_short_circuit_operator to 2024-05-22 00:00:00+00:00, run_after=2024-05-23 00:00:00+00:00
[2024-05-23T15:42:49.238+0700] {processor.py:183} INFO - Processing /mnt/d/Programming/Vietnamese-Text-Generator/airflow_env/lib/python3.10/site-packages/airflow/example_dags/example_short_circuit_operator.py took 0.187 seconds
[2024-05-23T15:44:04.711+0700] {processor.py:161} INFO - Started process (PID=1478) to work on /mnt/d/Programming/Vietnamese-Text-Generator/airflow_env/lib/python3.10/site-packages/airflow/example_dags/example_short_circuit_operator.py
[2024-05-23T15:44:04.713+0700] {processor.py:830} INFO - Processing file /mnt/d/Programming/Vietnamese-Text-Generator/airflow_env/lib/python3.10/site-packages/airflow/example_dags/example_short_circuit_operator.py for tasks to queue
[2024-05-23T15:44:04.718+0700] {logging_mixin.py:188} INFO - [2024-05-23T15:44:04.716+0700] {dagbag.py:540} INFO - Filling up the DagBag from /mnt/d/Programming/Vietnamese-Text-Generator/airflow_env/lib/python3.10/site-packages/airflow/example_dags/example_short_circuit_operator.py
[2024-05-23T15:44:04.739+0700] {processor.py:840} INFO - DAG(s) 'example_short_circuit_operator' retrieved from /mnt/d/Programming/Vietnamese-Text-Generator/airflow_env/lib/python3.10/site-packages/airflow/example_dags/example_short_circuit_operator.py
[2024-05-23T15:44:04.777+0700] {logging_mixin.py:188} INFO - [2024-05-23T15:44:04.775+0700] {dag.py:3096} INFO - Sync 1 DAGs
[2024-05-23T15:44:04.819+0700] {logging_mixin.py:188} INFO - [2024-05-23T15:44:04.817+0700] {dag.py:3954} INFO - Setting next_dagrun for example_short_circuit_operator to 2024-05-22 00:00:00+00:00, run_after=2024-05-23 00:00:00+00:00
[2024-05-23T15:44:04.894+0700] {processor.py:183} INFO - Processing /mnt/d/Programming/Vietnamese-Text-Generator/airflow_env/lib/python3.10/site-packages/airflow/example_dags/example_short_circuit_operator.py took 0.199 seconds
[2024-05-23T15:45:17.043+0700] {processor.py:161} INFO - Started process (PID=1830) to work on /mnt/d/Programming/Vietnamese-Text-Generator/airflow_env/lib/python3.10/site-packages/airflow/example_dags/example_short_circuit_operator.py
[2024-05-23T15:45:17.045+0700] {processor.py:830} INFO - Processing file /mnt/d/Programming/Vietnamese-Text-Generator/airflow_env/lib/python3.10/site-packages/airflow/example_dags/example_short_circuit_operator.py for tasks to queue
[2024-05-23T15:45:17.050+0700] {logging_mixin.py:188} INFO - [2024-05-23T15:45:17.049+0700] {dagbag.py:540} INFO - Filling up the DagBag from /mnt/d/Programming/Vietnamese-Text-Generator/airflow_env/lib/python3.10/site-packages/airflow/example_dags/example_short_circuit_operator.py
[2024-05-23T15:45:17.070+0700] {processor.py:840} INFO - DAG(s) 'example_short_circuit_operator' retrieved from /mnt/d/Programming/Vietnamese-Text-Generator/airflow_env/lib/python3.10/site-packages/airflow/example_dags/example_short_circuit_operator.py
[2024-05-23T15:45:17.104+0700] {logging_mixin.py:188} INFO - [2024-05-23T15:45:17.103+0700] {dag.py:3096} INFO - Sync 1 DAGs
[2024-05-23T15:45:17.137+0700] {logging_mixin.py:188} INFO - [2024-05-23T15:45:17.136+0700] {dag.py:3954} INFO - Setting next_dagrun for example_short_circuit_operator to 2024-05-22 00:00:00+00:00, run_after=2024-05-23 00:00:00+00:00
[2024-05-23T15:45:17.193+0700] {processor.py:183} INFO - Processing /mnt/d/Programming/Vietnamese-Text-Generator/airflow_env/lib/python3.10/site-packages/airflow/example_dags/example_short_circuit_operator.py took 0.162 seconds
[2024-05-23T15:46:30.261+0700] {processor.py:161} INFO - Started process (PID=2533) to work on /mnt/d/Programming/Vietnamese-Text-Generator/airflow_env/lib/python3.10/site-packages/airflow/example_dags/example_short_circuit_operator.py
[2024-05-23T15:46:30.262+0700] {processor.py:830} INFO - Processing file /mnt/d/Programming/Vietnamese-Text-Generator/airflow_env/lib/python3.10/site-packages/airflow/example_dags/example_short_circuit_operator.py for tasks to queue
[2024-05-23T15:46:30.266+0700] {logging_mixin.py:188} INFO - [2024-05-23T15:46:30.265+0700] {dagbag.py:540} INFO - Filling up the DagBag from /mnt/d/Programming/Vietnamese-Text-Generator/airflow_env/lib/python3.10/site-packages/airflow/example_dags/example_short_circuit_operator.py
[2024-05-23T15:46:30.288+0700] {processor.py:840} INFO - DAG(s) 'example_short_circuit_operator' retrieved from /mnt/d/Programming/Vietnamese-Text-Generator/airflow_env/lib/python3.10/site-packages/airflow/example_dags/example_short_circuit_operator.py
[2024-05-23T15:46:30.321+0700] {logging_mixin.py:188} INFO - [2024-05-23T15:46:30.320+0700] {dag.py:3096} INFO - Sync 1 DAGs
[2024-05-23T15:46:30.355+0700] {logging_mixin.py:188} INFO - [2024-05-23T15:46:30.354+0700] {dag.py:3954} INFO - Setting next_dagrun for example_short_circuit_operator to 2024-05-22 00:00:00+00:00, run_after=2024-05-23 00:00:00+00:00
[2024-05-23T15:46:30.408+0700] {processor.py:183} INFO - Processing /mnt/d/Programming/Vietnamese-Text-Generator/airflow_env/lib/python3.10/site-packages/airflow/example_dags/example_short_circuit_operator.py took 0.160 seconds
[2024-05-23T15:47:36.694+0700] {processor.py:161} INFO - Started process (PID=2852) to work on /mnt/d/Programming/Vietnamese-Text-Generator/airflow_env/lib/python3.10/site-packages/airflow/example_dags/example_short_circuit_operator.py
[2024-05-23T15:47:36.696+0700] {processor.py:830} INFO - Processing file /mnt/d/Programming/Vietnamese-Text-Generator/airflow_env/lib/python3.10/site-packages/airflow/example_dags/example_short_circuit_operator.py for tasks to queue
[2024-05-23T15:47:36.699+0700] {logging_mixin.py:188} INFO - [2024-05-23T15:47:36.698+0700] {dagbag.py:540} INFO - Filling up the DagBag from /mnt/d/Programming/Vietnamese-Text-Generator/airflow_env/lib/python3.10/site-packages/airflow/example_dags/example_short_circuit_operator.py
[2024-05-23T15:47:36.717+0700] {processor.py:840} INFO - DAG(s) 'example_short_circuit_operator' retrieved from /mnt/d/Programming/Vietnamese-Text-Generator/airflow_env/lib/python3.10/site-packages/airflow/example_dags/example_short_circuit_operator.py
[2024-05-23T15:47:36.747+0700] {logging_mixin.py:188} INFO - [2024-05-23T15:47:36.746+0700] {dag.py:3096} INFO - Sync 1 DAGs
[2024-05-23T15:47:36.778+0700] {logging_mixin.py:188} INFO - [2024-05-23T15:47:36.777+0700] {dag.py:3954} INFO - Setting next_dagrun for example_short_circuit_operator to 2024-05-22 00:00:00+00:00, run_after=2024-05-23 00:00:00+00:00
[2024-05-23T15:47:36.838+0700] {processor.py:183} INFO - Processing /mnt/d/Programming/Vietnamese-Text-Generator/airflow_env/lib/python3.10/site-packages/airflow/example_dags/example_short_circuit_operator.py took 0.154 seconds
[2024-05-23T15:54:51.539+0700] {processor.py:161} INFO - Started process (PID=4699) to work on /mnt/d/Programming/Vietnamese-Text-Generator/airflow_env/lib/python3.10/site-packages/airflow/example_dags/example_short_circuit_operator.py
[2024-05-23T15:54:51.541+0700] {processor.py:830} INFO - Processing file /mnt/d/Programming/Vietnamese-Text-Generator/airflow_env/lib/python3.10/site-packages/airflow/example_dags/example_short_circuit_operator.py for tasks to queue
[2024-05-23T15:54:51.544+0700] {logging_mixin.py:188} INFO - [2024-05-23T15:54:51.543+0700] {dagbag.py:540} INFO - Filling up the DagBag from /mnt/d/Programming/Vietnamese-Text-Generator/airflow_env/lib/python3.10/site-packages/airflow/example_dags/example_short_circuit_operator.py
[2024-05-23T15:54:51.569+0700] {processor.py:840} INFO - DAG(s) 'example_short_circuit_operator' retrieved from /mnt/d/Programming/Vietnamese-Text-Generator/airflow_env/lib/python3.10/site-packages/airflow/example_dags/example_short_circuit_operator.py
[2024-05-23T15:54:51.624+0700] {logging_mixin.py:188} INFO - [2024-05-23T15:54:51.623+0700] {dag.py:3096} INFO - Sync 1 DAGs
[2024-05-23T15:54:51.660+0700] {logging_mixin.py:188} INFO - [2024-05-23T15:54:51.659+0700] {dag.py:3954} INFO - Setting next_dagrun for example_short_circuit_operator to 2024-05-22 00:00:00+00:00, run_after=2024-05-23 00:00:00+00:00
[2024-05-23T15:54:51.758+0700] {processor.py:183} INFO - Processing /mnt/d/Programming/Vietnamese-Text-Generator/airflow_env/lib/python3.10/site-packages/airflow/example_dags/example_short_circuit_operator.py took 0.238 seconds
[2024-05-23T15:55:56.585+0700] {processor.py:161} INFO - Started process (PID=5011) to work on /mnt/d/Programming/Vietnamese-Text-Generator/airflow_env/lib/python3.10/site-packages/airflow/example_dags/example_short_circuit_operator.py
[2024-05-23T15:55:56.588+0700] {processor.py:830} INFO - Processing file /mnt/d/Programming/Vietnamese-Text-Generator/airflow_env/lib/python3.10/site-packages/airflow/example_dags/example_short_circuit_operator.py for tasks to queue
[2024-05-23T15:55:56.591+0700] {logging_mixin.py:188} INFO - [2024-05-23T15:55:56.589+0700] {dagbag.py:540} INFO - Filling up the DagBag from /mnt/d/Programming/Vietnamese-Text-Generator/airflow_env/lib/python3.10/site-packages/airflow/example_dags/example_short_circuit_operator.py
[2024-05-23T15:55:56.612+0700] {processor.py:840} INFO - DAG(s) 'example_short_circuit_operator' retrieved from /mnt/d/Programming/Vietnamese-Text-Generator/airflow_env/lib/python3.10/site-packages/airflow/example_dags/example_short_circuit_operator.py
[2024-05-23T15:55:56.650+0700] {logging_mixin.py:188} INFO - [2024-05-23T15:55:56.649+0700] {dag.py:3096} INFO - Sync 1 DAGs
[2024-05-23T15:55:56.684+0700] {logging_mixin.py:188} INFO - [2024-05-23T15:55:56.684+0700] {dag.py:3954} INFO - Setting next_dagrun for example_short_circuit_operator to 2024-05-22 00:00:00+00:00, run_after=2024-05-23 00:00:00+00:00
[2024-05-23T15:55:56.737+0700] {processor.py:183} INFO - Processing /mnt/d/Programming/Vietnamese-Text-Generator/airflow_env/lib/python3.10/site-packages/airflow/example_dags/example_short_circuit_operator.py took 0.170 seconds
[2024-05-23T15:57:05.252+0700] {processor.py:161} INFO - Started process (PID=5332) to work on /mnt/d/Programming/Vietnamese-Text-Generator/airflow_env/lib/python3.10/site-packages/airflow/example_dags/example_short_circuit_operator.py
[2024-05-23T15:57:05.254+0700] {processor.py:830} INFO - Processing file /mnt/d/Programming/Vietnamese-Text-Generator/airflow_env/lib/python3.10/site-packages/airflow/example_dags/example_short_circuit_operator.py for tasks to queue
[2024-05-23T15:57:05.257+0700] {logging_mixin.py:188} INFO - [2024-05-23T15:57:05.255+0700] {dagbag.py:540} INFO - Filling up the DagBag from /mnt/d/Programming/Vietnamese-Text-Generator/airflow_env/lib/python3.10/site-packages/airflow/example_dags/example_short_circuit_operator.py
[2024-05-23T15:57:05.281+0700] {processor.py:840} INFO - DAG(s) 'example_short_circuit_operator' retrieved from /mnt/d/Programming/Vietnamese-Text-Generator/airflow_env/lib/python3.10/site-packages/airflow/example_dags/example_short_circuit_operator.py
[2024-05-23T15:57:05.329+0700] {logging_mixin.py:188} INFO - [2024-05-23T15:57:05.328+0700] {dag.py:3096} INFO - Sync 1 DAGs
[2024-05-23T15:57:05.371+0700] {logging_mixin.py:188} INFO - [2024-05-23T15:57:05.370+0700] {dag.py:3954} INFO - Setting next_dagrun for example_short_circuit_operator to 2024-05-22 00:00:00+00:00, run_after=2024-05-23 00:00:00+00:00
[2024-05-23T15:57:05.425+0700] {processor.py:183} INFO - Processing /mnt/d/Programming/Vietnamese-Text-Generator/airflow_env/lib/python3.10/site-packages/airflow/example_dags/example_short_circuit_operator.py took 0.196 seconds
[2024-05-23T15:58:14.481+0700] {processor.py:161} INFO - Started process (PID=5659) to work on /mnt/d/Programming/Vietnamese-Text-Generator/airflow_env/lib/python3.10/site-packages/airflow/example_dags/example_short_circuit_operator.py
[2024-05-23T15:58:14.484+0700] {processor.py:830} INFO - Processing file /mnt/d/Programming/Vietnamese-Text-Generator/airflow_env/lib/python3.10/site-packages/airflow/example_dags/example_short_circuit_operator.py for tasks to queue
[2024-05-23T15:58:14.488+0700] {logging_mixin.py:188} INFO - [2024-05-23T15:58:14.486+0700] {dagbag.py:540} INFO - Filling up the DagBag from /mnt/d/Programming/Vietnamese-Text-Generator/airflow_env/lib/python3.10/site-packages/airflow/example_dags/example_short_circuit_operator.py
[2024-05-23T15:58:14.519+0700] {processor.py:840} INFO - DAG(s) 'example_short_circuit_operator' retrieved from /mnt/d/Programming/Vietnamese-Text-Generator/airflow_env/lib/python3.10/site-packages/airflow/example_dags/example_short_circuit_operator.py
[2024-05-23T15:58:14.558+0700] {logging_mixin.py:188} INFO - [2024-05-23T15:58:14.557+0700] {dag.py:3096} INFO - Sync 1 DAGs
[2024-05-23T15:58:14.593+0700] {logging_mixin.py:188} INFO - [2024-05-23T15:58:14.592+0700] {dag.py:3954} INFO - Setting next_dagrun for example_short_circuit_operator to 2024-05-22 00:00:00+00:00, run_after=2024-05-23 00:00:00+00:00
[2024-05-23T15:58:14.692+0700] {processor.py:183} INFO - Processing /mnt/d/Programming/Vietnamese-Text-Generator/airflow_env/lib/python3.10/site-packages/airflow/example_dags/example_short_circuit_operator.py took 0.231 seconds
[2024-05-23T15:59:27.882+0700] {processor.py:161} INFO - Started process (PID=6002) to work on /mnt/d/Programming/Vietnamese-Text-Generator/airflow_env/lib/python3.10/site-packages/airflow/example_dags/example_short_circuit_operator.py
[2024-05-23T15:59:27.885+0700] {processor.py:830} INFO - Processing file /mnt/d/Programming/Vietnamese-Text-Generator/airflow_env/lib/python3.10/site-packages/airflow/example_dags/example_short_circuit_operator.py for tasks to queue
[2024-05-23T15:59:27.888+0700] {logging_mixin.py:188} INFO - [2024-05-23T15:59:27.887+0700] {dagbag.py:540} INFO - Filling up the DagBag from /mnt/d/Programming/Vietnamese-Text-Generator/airflow_env/lib/python3.10/site-packages/airflow/example_dags/example_short_circuit_operator.py
[2024-05-23T15:59:27.907+0700] {processor.py:840} INFO - DAG(s) 'example_short_circuit_operator' retrieved from /mnt/d/Programming/Vietnamese-Text-Generator/airflow_env/lib/python3.10/site-packages/airflow/example_dags/example_short_circuit_operator.py
[2024-05-23T15:59:27.943+0700] {logging_mixin.py:188} INFO - [2024-05-23T15:59:27.942+0700] {dag.py:3096} INFO - Sync 1 DAGs
[2024-05-23T15:59:27.975+0700] {logging_mixin.py:188} INFO - [2024-05-23T15:59:27.974+0700] {dag.py:3954} INFO - Setting next_dagrun for example_short_circuit_operator to 2024-05-22 00:00:00+00:00, run_after=2024-05-23 00:00:00+00:00
[2024-05-23T15:59:28.042+0700] {processor.py:183} INFO - Processing /mnt/d/Programming/Vietnamese-Text-Generator/airflow_env/lib/python3.10/site-packages/airflow/example_dags/example_short_circuit_operator.py took 0.173 seconds
[2024-05-23T16:00:35.521+0700] {processor.py:161} INFO - Started process (PID=6324) to work on /mnt/d/Programming/Vietnamese-Text-Generator/airflow_env/lib/python3.10/site-packages/airflow/example_dags/example_short_circuit_operator.py
[2024-05-23T16:00:35.523+0700] {processor.py:830} INFO - Processing file /mnt/d/Programming/Vietnamese-Text-Generator/airflow_env/lib/python3.10/site-packages/airflow/example_dags/example_short_circuit_operator.py for tasks to queue
[2024-05-23T16:00:35.525+0700] {logging_mixin.py:188} INFO - [2024-05-23T16:00:35.524+0700] {dagbag.py:540} INFO - Filling up the DagBag from /mnt/d/Programming/Vietnamese-Text-Generator/airflow_env/lib/python3.10/site-packages/airflow/example_dags/example_short_circuit_operator.py
[2024-05-23T16:00:35.542+0700] {processor.py:840} INFO - DAG(s) 'example_short_circuit_operator' retrieved from /mnt/d/Programming/Vietnamese-Text-Generator/airflow_env/lib/python3.10/site-packages/airflow/example_dags/example_short_circuit_operator.py
[2024-05-23T16:00:35.575+0700] {logging_mixin.py:188} INFO - [2024-05-23T16:00:35.574+0700] {dag.py:3096} INFO - Sync 1 DAGs
[2024-05-23T16:00:35.604+0700] {logging_mixin.py:188} INFO - [2024-05-23T16:00:35.603+0700] {dag.py:3954} INFO - Setting next_dagrun for example_short_circuit_operator to 2024-05-22 00:00:00+00:00, run_after=2024-05-23 00:00:00+00:00
[2024-05-23T16:00:35.652+0700] {processor.py:183} INFO - Processing /mnt/d/Programming/Vietnamese-Text-Generator/airflow_env/lib/python3.10/site-packages/airflow/example_dags/example_short_circuit_operator.py took 0.142 seconds
[2024-05-23T16:01:40.321+0700] {processor.py:161} INFO - Started process (PID=6631) to work on /mnt/d/Programming/Vietnamese-Text-Generator/airflow_env/lib/python3.10/site-packages/airflow/example_dags/example_short_circuit_operator.py
[2024-05-23T16:01:40.323+0700] {processor.py:830} INFO - Processing file /mnt/d/Programming/Vietnamese-Text-Generator/airflow_env/lib/python3.10/site-packages/airflow/example_dags/example_short_circuit_operator.py for tasks to queue
[2024-05-23T16:01:40.326+0700] {logging_mixin.py:188} INFO - [2024-05-23T16:01:40.325+0700] {dagbag.py:540} INFO - Filling up the DagBag from /mnt/d/Programming/Vietnamese-Text-Generator/airflow_env/lib/python3.10/site-packages/airflow/example_dags/example_short_circuit_operator.py
[2024-05-23T16:01:40.344+0700] {processor.py:840} INFO - DAG(s) 'example_short_circuit_operator' retrieved from /mnt/d/Programming/Vietnamese-Text-Generator/airflow_env/lib/python3.10/site-packages/airflow/example_dags/example_short_circuit_operator.py
[2024-05-23T16:01:40.375+0700] {logging_mixin.py:188} INFO - [2024-05-23T16:01:40.374+0700] {dag.py:3096} INFO - Sync 1 DAGs
[2024-05-23T16:01:40.402+0700] {logging_mixin.py:188} INFO - [2024-05-23T16:01:40.402+0700] {dag.py:3954} INFO - Setting next_dagrun for example_short_circuit_operator to 2024-05-22 00:00:00+00:00, run_after=2024-05-23 00:00:00+00:00
[2024-05-23T16:01:40.450+0700] {processor.py:183} INFO - Processing /mnt/d/Programming/Vietnamese-Text-Generator/airflow_env/lib/python3.10/site-packages/airflow/example_dags/example_short_circuit_operator.py took 0.140 seconds
[2024-05-23T16:02:48.638+0700] {processor.py:161} INFO - Started process (PID=6955) to work on /mnt/d/Programming/Vietnamese-Text-Generator/airflow_env/lib/python3.10/site-packages/airflow/example_dags/example_short_circuit_operator.py
[2024-05-23T16:02:48.642+0700] {processor.py:830} INFO - Processing file /mnt/d/Programming/Vietnamese-Text-Generator/airflow_env/lib/python3.10/site-packages/airflow/example_dags/example_short_circuit_operator.py for tasks to queue
[2024-05-23T16:02:48.645+0700] {logging_mixin.py:188} INFO - [2024-05-23T16:02:48.644+0700] {dagbag.py:540} INFO - Filling up the DagBag from /mnt/d/Programming/Vietnamese-Text-Generator/airflow_env/lib/python3.10/site-packages/airflow/example_dags/example_short_circuit_operator.py
[2024-05-23T16:02:48.670+0700] {processor.py:840} INFO - DAG(s) 'example_short_circuit_operator' retrieved from /mnt/d/Programming/Vietnamese-Text-Generator/airflow_env/lib/python3.10/site-packages/airflow/example_dags/example_short_circuit_operator.py
[2024-05-23T16:02:48.697+0700] {logging_mixin.py:188} INFO - [2024-05-23T16:02:48.696+0700] {dag.py:3096} INFO - Sync 1 DAGs
[2024-05-23T16:02:48.722+0700] {logging_mixin.py:188} INFO - [2024-05-23T16:02:48.721+0700] {dag.py:3954} INFO - Setting next_dagrun for example_short_circuit_operator to 2024-05-22 00:00:00+00:00, run_after=2024-05-23 00:00:00+00:00
[2024-05-23T16:02:48.790+0700] {processor.py:183} INFO - Processing /mnt/d/Programming/Vietnamese-Text-Generator/airflow_env/lib/python3.10/site-packages/airflow/example_dags/example_short_circuit_operator.py took 0.164 seconds
[2024-05-23T16:04:04.199+0700] {processor.py:161} INFO - Started process (PID=7309) to work on /mnt/d/Programming/Vietnamese-Text-Generator/airflow_env/lib/python3.10/site-packages/airflow/example_dags/example_short_circuit_operator.py
[2024-05-23T16:04:04.201+0700] {processor.py:830} INFO - Processing file /mnt/d/Programming/Vietnamese-Text-Generator/airflow_env/lib/python3.10/site-packages/airflow/example_dags/example_short_circuit_operator.py for tasks to queue
[2024-05-23T16:04:04.205+0700] {logging_mixin.py:188} INFO - [2024-05-23T16:04:04.203+0700] {dagbag.py:540} INFO - Filling up the DagBag from /mnt/d/Programming/Vietnamese-Text-Generator/airflow_env/lib/python3.10/site-packages/airflow/example_dags/example_short_circuit_operator.py
[2024-05-23T16:04:04.237+0700] {processor.py:840} INFO - DAG(s) 'example_short_circuit_operator' retrieved from /mnt/d/Programming/Vietnamese-Text-Generator/airflow_env/lib/python3.10/site-packages/airflow/example_dags/example_short_circuit_operator.py
[2024-05-23T16:04:04.333+0700] {logging_mixin.py:188} INFO - [2024-05-23T16:04:04.330+0700] {dag.py:3096} INFO - Sync 1 DAGs
[2024-05-23T16:04:04.434+0700] {logging_mixin.py:188} INFO - [2024-05-23T16:04:04.432+0700] {dag.py:3954} INFO - Setting next_dagrun for example_short_circuit_operator to 2024-05-22 00:00:00+00:00, run_after=2024-05-23 00:00:00+00:00
[2024-05-23T16:04:04.617+0700] {processor.py:183} INFO - Processing /mnt/d/Programming/Vietnamese-Text-Generator/airflow_env/lib/python3.10/site-packages/airflow/example_dags/example_short_circuit_operator.py took 0.433 seconds
[2024-05-23T16:35:09.931+0700] {processor.py:161} INFO - Started process (PID=17086) to work on /mnt/d/Programming/Vietnamese-Text-Generator/airflow_env/lib/python3.10/site-packages/airflow/example_dags/example_short_circuit_operator.py
[2024-05-23T16:35:09.934+0700] {processor.py:830} INFO - Processing file /mnt/d/Programming/Vietnamese-Text-Generator/airflow_env/lib/python3.10/site-packages/airflow/example_dags/example_short_circuit_operator.py for tasks to queue
[2024-05-23T16:35:09.938+0700] {logging_mixin.py:188} INFO - [2024-05-23T16:35:09.936+0700] {dagbag.py:540} INFO - Filling up the DagBag from /mnt/d/Programming/Vietnamese-Text-Generator/airflow_env/lib/python3.10/site-packages/airflow/example_dags/example_short_circuit_operator.py
[2024-05-23T16:35:09.982+0700] {processor.py:840} INFO - DAG(s) 'example_short_circuit_operator' retrieved from /mnt/d/Programming/Vietnamese-Text-Generator/airflow_env/lib/python3.10/site-packages/airflow/example_dags/example_short_circuit_operator.py
[2024-05-23T16:35:10.039+0700] {logging_mixin.py:188} INFO - [2024-05-23T16:35:10.038+0700] {dag.py:3096} INFO - Sync 1 DAGs
[2024-05-23T16:35:10.068+0700] {logging_mixin.py:188} INFO - [2024-05-23T16:35:10.068+0700] {dag.py:3954} INFO - Setting next_dagrun for example_short_circuit_operator to 2024-05-22 00:00:00+00:00, run_after=2024-05-23 00:00:00+00:00
[2024-05-23T16:35:10.124+0700] {processor.py:183} INFO - Processing /mnt/d/Programming/Vietnamese-Text-Generator/airflow_env/lib/python3.10/site-packages/airflow/example_dags/example_short_circuit_operator.py took 0.214 seconds
[2024-05-23T16:36:16.792+0700] {processor.py:161} INFO - Started process (PID=17397) to work on /mnt/d/Programming/Vietnamese-Text-Generator/airflow_env/lib/python3.10/site-packages/airflow/example_dags/example_short_circuit_operator.py
[2024-05-23T16:36:16.794+0700] {processor.py:830} INFO - Processing file /mnt/d/Programming/Vietnamese-Text-Generator/airflow_env/lib/python3.10/site-packages/airflow/example_dags/example_short_circuit_operator.py for tasks to queue
[2024-05-23T16:36:16.797+0700] {logging_mixin.py:188} INFO - [2024-05-23T16:36:16.796+0700] {dagbag.py:540} INFO - Filling up the DagBag from /mnt/d/Programming/Vietnamese-Text-Generator/airflow_env/lib/python3.10/site-packages/airflow/example_dags/example_short_circuit_operator.py
[2024-05-23T16:36:16.821+0700] {processor.py:840} INFO - DAG(s) 'example_short_circuit_operator' retrieved from /mnt/d/Programming/Vietnamese-Text-Generator/airflow_env/lib/python3.10/site-packages/airflow/example_dags/example_short_circuit_operator.py
[2024-05-23T16:36:16.860+0700] {logging_mixin.py:188} INFO - [2024-05-23T16:36:16.859+0700] {dag.py:3096} INFO - Sync 1 DAGs
[2024-05-23T16:36:16.892+0700] {logging_mixin.py:188} INFO - [2024-05-23T16:36:16.891+0700] {dag.py:3954} INFO - Setting next_dagrun for example_short_circuit_operator to 2024-05-22 00:00:00+00:00, run_after=2024-05-23 00:00:00+00:00
[2024-05-23T16:36:16.969+0700] {processor.py:183} INFO - Processing /mnt/d/Programming/Vietnamese-Text-Generator/airflow_env/lib/python3.10/site-packages/airflow/example_dags/example_short_circuit_operator.py took 0.190 seconds
[2024-05-23T16:37:31.930+0700] {processor.py:161} INFO - Started process (PID=17747) to work on /mnt/d/Programming/Vietnamese-Text-Generator/airflow_env/lib/python3.10/site-packages/airflow/example_dags/example_short_circuit_operator.py
[2024-05-23T16:37:31.932+0700] {processor.py:830} INFO - Processing file /mnt/d/Programming/Vietnamese-Text-Generator/airflow_env/lib/python3.10/site-packages/airflow/example_dags/example_short_circuit_operator.py for tasks to queue
[2024-05-23T16:37:31.935+0700] {logging_mixin.py:188} INFO - [2024-05-23T16:37:31.934+0700] {dagbag.py:540} INFO - Filling up the DagBag from /mnt/d/Programming/Vietnamese-Text-Generator/airflow_env/lib/python3.10/site-packages/airflow/example_dags/example_short_circuit_operator.py
[2024-05-23T16:37:31.954+0700] {processor.py:840} INFO - DAG(s) 'example_short_circuit_operator' retrieved from /mnt/d/Programming/Vietnamese-Text-Generator/airflow_env/lib/python3.10/site-packages/airflow/example_dags/example_short_circuit_operator.py
[2024-05-23T16:37:31.996+0700] {logging_mixin.py:188} INFO - [2024-05-23T16:37:31.995+0700] {dag.py:3096} INFO - Sync 1 DAGs
[2024-05-23T16:37:32.032+0700] {logging_mixin.py:188} INFO - [2024-05-23T16:37:32.032+0700] {dag.py:3954} INFO - Setting next_dagrun for example_short_circuit_operator to 2024-05-22 00:00:00+00:00, run_after=2024-05-23 00:00:00+00:00
[2024-05-23T16:37:32.098+0700] {processor.py:183} INFO - Processing /mnt/d/Programming/Vietnamese-Text-Generator/airflow_env/lib/python3.10/site-packages/airflow/example_dags/example_short_circuit_operator.py took 0.180 seconds
[2024-05-23T16:49:57.663+0700] {processor.py:161} INFO - Started process (PID=20906) to work on /mnt/d/Programming/Vietnamese-Text-Generator/airflow_env/lib/python3.10/site-packages/airflow/example_dags/example_short_circuit_operator.py
[2024-05-23T16:49:57.664+0700] {processor.py:830} INFO - Processing file /mnt/d/Programming/Vietnamese-Text-Generator/airflow_env/lib/python3.10/site-packages/airflow/example_dags/example_short_circuit_operator.py for tasks to queue
[2024-05-23T16:49:57.666+0700] {logging_mixin.py:188} INFO - [2024-05-23T16:49:57.665+0700] {dagbag.py:540} INFO - Filling up the DagBag from /mnt/d/Programming/Vietnamese-Text-Generator/airflow_env/lib/python3.10/site-packages/airflow/example_dags/example_short_circuit_operator.py
[2024-05-23T16:49:57.683+0700] {processor.py:840} INFO - DAG(s) 'example_short_circuit_operator' retrieved from /mnt/d/Programming/Vietnamese-Text-Generator/airflow_env/lib/python3.10/site-packages/airflow/example_dags/example_short_circuit_operator.py
[2024-05-23T16:49:57.723+0700] {logging_mixin.py:188} INFO - [2024-05-23T16:49:57.722+0700] {dag.py:3096} INFO - Sync 1 DAGs
[2024-05-23T16:49:57.755+0700] {logging_mixin.py:188} INFO - [2024-05-23T16:49:57.754+0700] {dag.py:3954} INFO - Setting next_dagrun for example_short_circuit_operator to 2024-05-22 00:00:00+00:00, run_after=2024-05-23 00:00:00+00:00
[2024-05-23T16:49:57.821+0700] {processor.py:183} INFO - Processing /mnt/d/Programming/Vietnamese-Text-Generator/airflow_env/lib/python3.10/site-packages/airflow/example_dags/example_short_circuit_operator.py took 0.172 seconds
[2024-05-23T16:51:11.863+0700] {processor.py:161} INFO - Started process (PID=21251) to work on /mnt/d/Programming/Vietnamese-Text-Generator/airflow_env/lib/python3.10/site-packages/airflow/example_dags/example_short_circuit_operator.py
[2024-05-23T16:51:11.865+0700] {processor.py:830} INFO - Processing file /mnt/d/Programming/Vietnamese-Text-Generator/airflow_env/lib/python3.10/site-packages/airflow/example_dags/example_short_circuit_operator.py for tasks to queue
[2024-05-23T16:51:11.868+0700] {logging_mixin.py:188} INFO - [2024-05-23T16:51:11.867+0700] {dagbag.py:540} INFO - Filling up the DagBag from /mnt/d/Programming/Vietnamese-Text-Generator/airflow_env/lib/python3.10/site-packages/airflow/example_dags/example_short_circuit_operator.py
[2024-05-23T16:51:11.892+0700] {processor.py:840} INFO - DAG(s) 'example_short_circuit_operator' retrieved from /mnt/d/Programming/Vietnamese-Text-Generator/airflow_env/lib/python3.10/site-packages/airflow/example_dags/example_short_circuit_operator.py
[2024-05-23T16:51:11.929+0700] {logging_mixin.py:188} INFO - [2024-05-23T16:51:11.928+0700] {dag.py:3096} INFO - Sync 1 DAGs
[2024-05-23T16:51:11.963+0700] {logging_mixin.py:188} INFO - [2024-05-23T16:51:11.962+0700] {dag.py:3954} INFO - Setting next_dagrun for example_short_circuit_operator to 2024-05-22 00:00:00+00:00, run_after=2024-05-23 00:00:00+00:00
[2024-05-23T16:51:12.024+0700] {processor.py:183} INFO - Processing /mnt/d/Programming/Vietnamese-Text-Generator/airflow_env/lib/python3.10/site-packages/airflow/example_dags/example_short_circuit_operator.py took 0.174 seconds
[2024-05-23T16:52:26.396+0700] {processor.py:161} INFO - Started process (PID=21596) to work on /mnt/d/Programming/Vietnamese-Text-Generator/airflow_env/lib/python3.10/site-packages/airflow/example_dags/example_short_circuit_operator.py
[2024-05-23T16:52:26.397+0700] {processor.py:830} INFO - Processing file /mnt/d/Programming/Vietnamese-Text-Generator/airflow_env/lib/python3.10/site-packages/airflow/example_dags/example_short_circuit_operator.py for tasks to queue
[2024-05-23T16:52:26.400+0700] {logging_mixin.py:188} INFO - [2024-05-23T16:52:26.399+0700] {dagbag.py:540} INFO - Filling up the DagBag from /mnt/d/Programming/Vietnamese-Text-Generator/airflow_env/lib/python3.10/site-packages/airflow/example_dags/example_short_circuit_operator.py
[2024-05-23T16:52:26.424+0700] {processor.py:840} INFO - DAG(s) 'example_short_circuit_operator' retrieved from /mnt/d/Programming/Vietnamese-Text-Generator/airflow_env/lib/python3.10/site-packages/airflow/example_dags/example_short_circuit_operator.py
[2024-05-23T16:52:26.466+0700] {logging_mixin.py:188} INFO - [2024-05-23T16:52:26.465+0700] {dag.py:3096} INFO - Sync 1 DAGs
[2024-05-23T16:52:26.509+0700] {logging_mixin.py:188} INFO - [2024-05-23T16:52:26.508+0700] {dag.py:3954} INFO - Setting next_dagrun for example_short_circuit_operator to 2024-05-22 00:00:00+00:00, run_after=2024-05-23 00:00:00+00:00
[2024-05-23T16:52:26.584+0700] {processor.py:183} INFO - Processing /mnt/d/Programming/Vietnamese-Text-Generator/airflow_env/lib/python3.10/site-packages/airflow/example_dags/example_short_circuit_operator.py took 0.200 seconds
[2024-05-23T16:53:38.295+0700] {processor.py:161} INFO - Started process (PID=21933) to work on /mnt/d/Programming/Vietnamese-Text-Generator/airflow_env/lib/python3.10/site-packages/airflow/example_dags/example_short_circuit_operator.py
[2024-05-23T16:53:38.298+0700] {processor.py:830} INFO - Processing file /mnt/d/Programming/Vietnamese-Text-Generator/airflow_env/lib/python3.10/site-packages/airflow/example_dags/example_short_circuit_operator.py for tasks to queue
[2024-05-23T16:53:38.301+0700] {logging_mixin.py:188} INFO - [2024-05-23T16:53:38.300+0700] {dagbag.py:540} INFO - Filling up the DagBag from /mnt/d/Programming/Vietnamese-Text-Generator/airflow_env/lib/python3.10/site-packages/airflow/example_dags/example_short_circuit_operator.py
[2024-05-23T16:53:38.331+0700] {processor.py:840} INFO - DAG(s) 'example_short_circuit_operator' retrieved from /mnt/d/Programming/Vietnamese-Text-Generator/airflow_env/lib/python3.10/site-packages/airflow/example_dags/example_short_circuit_operator.py
[2024-05-23T16:53:38.363+0700] {logging_mixin.py:188} INFO - [2024-05-23T16:53:38.362+0700] {dag.py:3096} INFO - Sync 1 DAGs
[2024-05-23T16:53:38.390+0700] {logging_mixin.py:188} INFO - [2024-05-23T16:53:38.388+0700] {dag.py:3954} INFO - Setting next_dagrun for example_short_circuit_operator to 2024-05-22 00:00:00+00:00, run_after=2024-05-23 00:00:00+00:00
[2024-05-23T16:53:38.464+0700] {processor.py:183} INFO - Processing /mnt/d/Programming/Vietnamese-Text-Generator/airflow_env/lib/python3.10/site-packages/airflow/example_dags/example_short_circuit_operator.py took 0.185 seconds
[2024-05-23T16:54:49.248+0700] {processor.py:161} INFO - Started process (PID=22262) to work on /mnt/d/Programming/Vietnamese-Text-Generator/airflow_env/lib/python3.10/site-packages/airflow/example_dags/example_short_circuit_operator.py
[2024-05-23T16:54:49.249+0700] {processor.py:830} INFO - Processing file /mnt/d/Programming/Vietnamese-Text-Generator/airflow_env/lib/python3.10/site-packages/airflow/example_dags/example_short_circuit_operator.py for tasks to queue
[2024-05-23T16:54:49.251+0700] {logging_mixin.py:188} INFO - [2024-05-23T16:54:49.251+0700] {dagbag.py:540} INFO - Filling up the DagBag from /mnt/d/Programming/Vietnamese-Text-Generator/airflow_env/lib/python3.10/site-packages/airflow/example_dags/example_short_circuit_operator.py
[2024-05-23T16:54:49.271+0700] {processor.py:840} INFO - DAG(s) 'example_short_circuit_operator' retrieved from /mnt/d/Programming/Vietnamese-Text-Generator/airflow_env/lib/python3.10/site-packages/airflow/example_dags/example_short_circuit_operator.py
[2024-05-23T16:54:49.305+0700] {logging_mixin.py:188} INFO - [2024-05-23T16:54:49.304+0700] {dag.py:3096} INFO - Sync 1 DAGs
[2024-05-23T16:54:49.335+0700] {logging_mixin.py:188} INFO - [2024-05-23T16:54:49.334+0700] {dag.py:3954} INFO - Setting next_dagrun for example_short_circuit_operator to 2024-05-22 00:00:00+00:00, run_after=2024-05-23 00:00:00+00:00
[2024-05-23T16:54:49.397+0700] {processor.py:183} INFO - Processing /mnt/d/Programming/Vietnamese-Text-Generator/airflow_env/lib/python3.10/site-packages/airflow/example_dags/example_short_circuit_operator.py took 0.163 seconds
[2024-05-23T16:55:54.860+0700] {processor.py:161} INFO - Started process (PID=22573) to work on /mnt/d/Programming/Vietnamese-Text-Generator/airflow_env/lib/python3.10/site-packages/airflow/example_dags/example_short_circuit_operator.py
[2024-05-23T16:55:54.862+0700] {processor.py:830} INFO - Processing file /mnt/d/Programming/Vietnamese-Text-Generator/airflow_env/lib/python3.10/site-packages/airflow/example_dags/example_short_circuit_operator.py for tasks to queue
[2024-05-23T16:55:54.865+0700] {logging_mixin.py:188} INFO - [2024-05-23T16:55:54.864+0700] {dagbag.py:540} INFO - Filling up the DagBag from /mnt/d/Programming/Vietnamese-Text-Generator/airflow_env/lib/python3.10/site-packages/airflow/example_dags/example_short_circuit_operator.py
[2024-05-23T16:55:54.885+0700] {processor.py:840} INFO - DAG(s) 'example_short_circuit_operator' retrieved from /mnt/d/Programming/Vietnamese-Text-Generator/airflow_env/lib/python3.10/site-packages/airflow/example_dags/example_short_circuit_operator.py
[2024-05-23T16:55:54.920+0700] {logging_mixin.py:188} INFO - [2024-05-23T16:55:54.919+0700] {dag.py:3096} INFO - Sync 1 DAGs
[2024-05-23T16:55:54.950+0700] {logging_mixin.py:188} INFO - [2024-05-23T16:55:54.950+0700] {dag.py:3954} INFO - Setting next_dagrun for example_short_circuit_operator to 2024-05-22 00:00:00+00:00, run_after=2024-05-23 00:00:00+00:00
[2024-05-23T16:55:55.012+0700] {processor.py:183} INFO - Processing /mnt/d/Programming/Vietnamese-Text-Generator/airflow_env/lib/python3.10/site-packages/airflow/example_dags/example_short_circuit_operator.py took 0.163 seconds
[2024-05-23T16:57:05.810+0700] {processor.py:161} INFO - Started process (PID=22903) to work on /mnt/d/Programming/Vietnamese-Text-Generator/airflow_env/lib/python3.10/site-packages/airflow/example_dags/example_short_circuit_operator.py
[2024-05-23T16:57:05.813+0700] {processor.py:830} INFO - Processing file /mnt/d/Programming/Vietnamese-Text-Generator/airflow_env/lib/python3.10/site-packages/airflow/example_dags/example_short_circuit_operator.py for tasks to queue
[2024-05-23T16:57:05.815+0700] {logging_mixin.py:188} INFO - [2024-05-23T16:57:05.814+0700] {dagbag.py:540} INFO - Filling up the DagBag from /mnt/d/Programming/Vietnamese-Text-Generator/airflow_env/lib/python3.10/site-packages/airflow/example_dags/example_short_circuit_operator.py
[2024-05-23T16:57:05.833+0700] {processor.py:840} INFO - DAG(s) 'example_short_circuit_operator' retrieved from /mnt/d/Programming/Vietnamese-Text-Generator/airflow_env/lib/python3.10/site-packages/airflow/example_dags/example_short_circuit_operator.py
[2024-05-23T16:57:05.868+0700] {logging_mixin.py:188} INFO - [2024-05-23T16:57:05.866+0700] {dag.py:3096} INFO - Sync 1 DAGs
[2024-05-23T16:57:05.896+0700] {logging_mixin.py:188} INFO - [2024-05-23T16:57:05.894+0700] {dag.py:3954} INFO - Setting next_dagrun for example_short_circuit_operator to 2024-05-22 00:00:00+00:00, run_after=2024-05-23 00:00:00+00:00
[2024-05-23T16:57:05.952+0700] {processor.py:183} INFO - Processing /mnt/d/Programming/Vietnamese-Text-Generator/airflow_env/lib/python3.10/site-packages/airflow/example_dags/example_short_circuit_operator.py took 0.153 seconds
[2024-05-23T16:58:12.966+0700] {processor.py:161} INFO - Started process (PID=23218) to work on /mnt/d/Programming/Vietnamese-Text-Generator/airflow_env/lib/python3.10/site-packages/airflow/example_dags/example_short_circuit_operator.py
[2024-05-23T16:58:12.969+0700] {processor.py:830} INFO - Processing file /mnt/d/Programming/Vietnamese-Text-Generator/airflow_env/lib/python3.10/site-packages/airflow/example_dags/example_short_circuit_operator.py for tasks to queue
[2024-05-23T16:58:12.974+0700] {logging_mixin.py:188} INFO - [2024-05-23T16:58:12.972+0700] {dagbag.py:540} INFO - Filling up the DagBag from /mnt/d/Programming/Vietnamese-Text-Generator/airflow_env/lib/python3.10/site-packages/airflow/example_dags/example_short_circuit_operator.py
[2024-05-23T16:58:12.999+0700] {processor.py:840} INFO - DAG(s) 'example_short_circuit_operator' retrieved from /mnt/d/Programming/Vietnamese-Text-Generator/airflow_env/lib/python3.10/site-packages/airflow/example_dags/example_short_circuit_operator.py
[2024-05-23T16:58:13.039+0700] {logging_mixin.py:188} INFO - [2024-05-23T16:58:13.038+0700] {dag.py:3096} INFO - Sync 1 DAGs
[2024-05-23T16:58:13.071+0700] {logging_mixin.py:188} INFO - [2024-05-23T16:58:13.070+0700] {dag.py:3954} INFO - Setting next_dagrun for example_short_circuit_operator to 2024-05-22 00:00:00+00:00, run_after=2024-05-23 00:00:00+00:00
[2024-05-23T16:58:13.135+0700] {processor.py:183} INFO - Processing /mnt/d/Programming/Vietnamese-Text-Generator/airflow_env/lib/python3.10/site-packages/airflow/example_dags/example_short_circuit_operator.py took 0.187 seconds
[2024-05-23T16:59:23.347+0700] {processor.py:161} INFO - Started process (PID=23546) to work on /mnt/d/Programming/Vietnamese-Text-Generator/airflow_env/lib/python3.10/site-packages/airflow/example_dags/example_short_circuit_operator.py
[2024-05-23T16:59:23.349+0700] {processor.py:830} INFO - Processing file /mnt/d/Programming/Vietnamese-Text-Generator/airflow_env/lib/python3.10/site-packages/airflow/example_dags/example_short_circuit_operator.py for tasks to queue
[2024-05-23T16:59:23.353+0700] {logging_mixin.py:188} INFO - [2024-05-23T16:59:23.352+0700] {dagbag.py:540} INFO - Filling up the DagBag from /mnt/d/Programming/Vietnamese-Text-Generator/airflow_env/lib/python3.10/site-packages/airflow/example_dags/example_short_circuit_operator.py
[2024-05-23T16:59:23.380+0700] {processor.py:840} INFO - DAG(s) 'example_short_circuit_operator' retrieved from /mnt/d/Programming/Vietnamese-Text-Generator/airflow_env/lib/python3.10/site-packages/airflow/example_dags/example_short_circuit_operator.py
[2024-05-23T16:59:23.418+0700] {logging_mixin.py:188} INFO - [2024-05-23T16:59:23.416+0700] {dag.py:3096} INFO - Sync 1 DAGs
[2024-05-23T16:59:23.448+0700] {logging_mixin.py:188} INFO - [2024-05-23T16:59:23.447+0700] {dag.py:3954} INFO - Setting next_dagrun for example_short_circuit_operator to 2024-05-22 00:00:00+00:00, run_after=2024-05-23 00:00:00+00:00
[2024-05-23T16:59:23.506+0700] {processor.py:183} INFO - Processing /mnt/d/Programming/Vietnamese-Text-Generator/airflow_env/lib/python3.10/site-packages/airflow/example_dags/example_short_circuit_operator.py took 0.174 seconds
[2024-05-23T17:00:33.420+0700] {processor.py:161} INFO - Started process (PID=23875) to work on /mnt/d/Programming/Vietnamese-Text-Generator/airflow_env/lib/python3.10/site-packages/airflow/example_dags/example_short_circuit_operator.py
[2024-05-23T17:00:33.422+0700] {processor.py:830} INFO - Processing file /mnt/d/Programming/Vietnamese-Text-Generator/airflow_env/lib/python3.10/site-packages/airflow/example_dags/example_short_circuit_operator.py for tasks to queue
[2024-05-23T17:00:33.425+0700] {logging_mixin.py:188} INFO - [2024-05-23T17:00:33.424+0700] {dagbag.py:540} INFO - Filling up the DagBag from /mnt/d/Programming/Vietnamese-Text-Generator/airflow_env/lib/python3.10/site-packages/airflow/example_dags/example_short_circuit_operator.py
[2024-05-23T17:00:33.445+0700] {processor.py:840} INFO - DAG(s) 'example_short_circuit_operator' retrieved from /mnt/d/Programming/Vietnamese-Text-Generator/airflow_env/lib/python3.10/site-packages/airflow/example_dags/example_short_circuit_operator.py
[2024-05-23T17:00:33.480+0700] {logging_mixin.py:188} INFO - [2024-05-23T17:00:33.478+0700] {dag.py:3096} INFO - Sync 1 DAGs
[2024-05-23T17:00:33.511+0700] {logging_mixin.py:188} INFO - [2024-05-23T17:00:33.510+0700] {dag.py:3954} INFO - Setting next_dagrun for example_short_circuit_operator to 2024-05-22 00:00:00+00:00, run_after=2024-05-23 00:00:00+00:00
[2024-05-23T17:00:33.569+0700] {processor.py:183} INFO - Processing /mnt/d/Programming/Vietnamese-Text-Generator/airflow_env/lib/python3.10/site-packages/airflow/example_dags/example_short_circuit_operator.py took 0.161 seconds
[2024-05-23T17:01:41.380+0700] {processor.py:161} INFO - Started process (PID=24190) to work on /mnt/d/Programming/Vietnamese-Text-Generator/airflow_env/lib/python3.10/site-packages/airflow/example_dags/example_short_circuit_operator.py
[2024-05-23T17:01:41.382+0700] {processor.py:830} INFO - Processing file /mnt/d/Programming/Vietnamese-Text-Generator/airflow_env/lib/python3.10/site-packages/airflow/example_dags/example_short_circuit_operator.py for tasks to queue
[2024-05-23T17:01:41.384+0700] {logging_mixin.py:188} INFO - [2024-05-23T17:01:41.383+0700] {dagbag.py:540} INFO - Filling up the DagBag from /mnt/d/Programming/Vietnamese-Text-Generator/airflow_env/lib/python3.10/site-packages/airflow/example_dags/example_short_circuit_operator.py
[2024-05-23T17:01:41.407+0700] {processor.py:840} INFO - DAG(s) 'example_short_circuit_operator' retrieved from /mnt/d/Programming/Vietnamese-Text-Generator/airflow_env/lib/python3.10/site-packages/airflow/example_dags/example_short_circuit_operator.py
[2024-05-23T17:01:41.447+0700] {logging_mixin.py:188} INFO - [2024-05-23T17:01:41.446+0700] {dag.py:3096} INFO - Sync 1 DAGs
[2024-05-23T17:01:41.486+0700] {logging_mixin.py:188} INFO - [2024-05-23T17:01:41.485+0700] {dag.py:3954} INFO - Setting next_dagrun for example_short_circuit_operator to 2024-05-22 00:00:00+00:00, run_after=2024-05-23 00:00:00+00:00
[2024-05-23T17:01:41.563+0700] {processor.py:183} INFO - Processing /mnt/d/Programming/Vietnamese-Text-Generator/airflow_env/lib/python3.10/site-packages/airflow/example_dags/example_short_circuit_operator.py took 0.197 seconds
[2024-05-23T17:02:53.945+0700] {processor.py:161} INFO - Started process (PID=24525) to work on /mnt/d/Programming/Vietnamese-Text-Generator/airflow_env/lib/python3.10/site-packages/airflow/example_dags/example_short_circuit_operator.py
[2024-05-23T17:02:53.947+0700] {processor.py:830} INFO - Processing file /mnt/d/Programming/Vietnamese-Text-Generator/airflow_env/lib/python3.10/site-packages/airflow/example_dags/example_short_circuit_operator.py for tasks to queue
[2024-05-23T17:02:53.949+0700] {logging_mixin.py:188} INFO - [2024-05-23T17:02:53.948+0700] {dagbag.py:540} INFO - Filling up the DagBag from /mnt/d/Programming/Vietnamese-Text-Generator/airflow_env/lib/python3.10/site-packages/airflow/example_dags/example_short_circuit_operator.py
[2024-05-23T17:02:53.967+0700] {processor.py:840} INFO - DAG(s) 'example_short_circuit_operator' retrieved from /mnt/d/Programming/Vietnamese-Text-Generator/airflow_env/lib/python3.10/site-packages/airflow/example_dags/example_short_circuit_operator.py
[2024-05-23T17:02:54.000+0700] {logging_mixin.py:188} INFO - [2024-05-23T17:02:53.999+0700] {dag.py:3096} INFO - Sync 1 DAGs
[2024-05-23T17:02:54.029+0700] {logging_mixin.py:188} INFO - [2024-05-23T17:02:54.028+0700] {dag.py:3954} INFO - Setting next_dagrun for example_short_circuit_operator to 2024-05-22 00:00:00+00:00, run_after=2024-05-23 00:00:00+00:00
[2024-05-23T17:02:54.082+0700] {processor.py:183} INFO - Processing /mnt/d/Programming/Vietnamese-Text-Generator/airflow_env/lib/python3.10/site-packages/airflow/example_dags/example_short_circuit_operator.py took 0.150 seconds
[2024-05-23T17:04:00.431+0700] {processor.py:161} INFO - Started process (PID=24836) to work on /mnt/d/Programming/Vietnamese-Text-Generator/airflow_env/lib/python3.10/site-packages/airflow/example_dags/example_short_circuit_operator.py
[2024-05-23T17:04:00.433+0700] {processor.py:830} INFO - Processing file /mnt/d/Programming/Vietnamese-Text-Generator/airflow_env/lib/python3.10/site-packages/airflow/example_dags/example_short_circuit_operator.py for tasks to queue
[2024-05-23T17:04:00.435+0700] {logging_mixin.py:188} INFO - [2024-05-23T17:04:00.434+0700] {dagbag.py:540} INFO - Filling up the DagBag from /mnt/d/Programming/Vietnamese-Text-Generator/airflow_env/lib/python3.10/site-packages/airflow/example_dags/example_short_circuit_operator.py
[2024-05-23T17:04:00.453+0700] {processor.py:840} INFO - DAG(s) 'example_short_circuit_operator' retrieved from /mnt/d/Programming/Vietnamese-Text-Generator/airflow_env/lib/python3.10/site-packages/airflow/example_dags/example_short_circuit_operator.py
[2024-05-23T17:04:00.485+0700] {logging_mixin.py:188} INFO - [2024-05-23T17:04:00.484+0700] {dag.py:3096} INFO - Sync 1 DAGs
[2024-05-23T17:04:00.514+0700] {logging_mixin.py:188} INFO - [2024-05-23T17:04:00.513+0700] {dag.py:3954} INFO - Setting next_dagrun for example_short_circuit_operator to 2024-05-22 00:00:00+00:00, run_after=2024-05-23 00:00:00+00:00
[2024-05-23T17:04:00.567+0700] {processor.py:183} INFO - Processing /mnt/d/Programming/Vietnamese-Text-Generator/airflow_env/lib/python3.10/site-packages/airflow/example_dags/example_short_circuit_operator.py took 0.148 seconds
