[2024-05-23T15:42:55.988+0700] {processor.py:161} INFO - Started process (PID=1150) to work on /mnt/d/Programming/Vietnamese-Text-Generator/airflow_env/lib/python3.10/site-packages/airflow/example_dags/example_sensor_decorator.py
[2024-05-23T15:42:55.989+0700] {processor.py:830} INFO - Processing file /mnt/d/Programming/Vietnamese-Text-Generator/airflow_env/lib/python3.10/site-packages/airflow/example_dags/example_sensor_decorator.py for tasks to queue
[2024-05-23T15:42:55.992+0700] {logging_mixin.py:188} INFO - [2024-05-23T15:42:55.991+0700] {dagbag.py:540} INFO - Filling up the DagBag from /mnt/d/Programming/Vietnamese-Text-Generator/airflow_env/lib/python3.10/site-packages/airflow/example_dags/example_sensor_decorator.py
[2024-05-23T15:42:56.008+0700] {processor.py:840} INFO - DAG(s) 'example_sensor_decorator' retrieved from /mnt/d/Programming/Vietnamese-Text-Generator/airflow_env/lib/python3.10/site-packages/airflow/example_dags/example_sensor_decorator.py
[2024-05-23T15:42:56.042+0700] {logging_mixin.py:188} INFO - [2024-05-23T15:42:56.041+0700] {dag.py:3096} INFO - Sync 1 DAGs
[2024-05-23T15:42:56.057+0700] {logging_mixin.py:188} INFO - [2024-05-23T15:42:56.055+0700] {dag.py:3954} INFO - Setting next_dagrun for example_sensor_decorator to None, run_after=None
[2024-05-23T15:42:56.123+0700] {processor.py:183} INFO - Processing /mnt/d/Programming/Vietnamese-Text-Generator/airflow_env/lib/python3.10/site-packages/airflow/example_dags/example_sensor_decorator.py took 0.146 seconds
[2024-05-23T15:44:10.265+0700] {processor.py:161} INFO - Started process (PID=1506) to work on /mnt/d/Programming/Vietnamese-Text-Generator/airflow_env/lib/python3.10/site-packages/airflow/example_dags/example_sensor_decorator.py
[2024-05-23T15:44:10.277+0700] {processor.py:830} INFO - Processing file /mnt/d/Programming/Vietnamese-Text-Generator/airflow_env/lib/python3.10/site-packages/airflow/example_dags/example_sensor_decorator.py for tasks to queue
[2024-05-23T15:44:10.290+0700] {logging_mixin.py:188} INFO - [2024-05-23T15:44:10.286+0700] {dagbag.py:540} INFO - Filling up the DagBag from /mnt/d/Programming/Vietnamese-Text-Generator/airflow_env/lib/python3.10/site-packages/airflow/example_dags/example_sensor_decorator.py
[2024-05-23T15:44:10.366+0700] {processor.py:840} INFO - DAG(s) 'example_sensor_decorator' retrieved from /mnt/d/Programming/Vietnamese-Text-Generator/airflow_env/lib/python3.10/site-packages/airflow/example_dags/example_sensor_decorator.py
[2024-05-23T15:44:10.500+0700] {logging_mixin.py:188} INFO - [2024-05-23T15:44:10.498+0700] {dag.py:3096} INFO - Sync 1 DAGs
[2024-05-23T15:44:10.570+0700] {logging_mixin.py:188} INFO - [2024-05-23T15:44:10.568+0700] {dag.py:3954} INFO - Setting next_dagrun for example_sensor_decorator to None, run_after=None
[2024-05-23T15:44:10.735+0700] {processor.py:183} INFO - Processing /mnt/d/Programming/Vietnamese-Text-Generator/airflow_env/lib/python3.10/site-packages/airflow/example_dags/example_sensor_decorator.py took 0.552 seconds
[2024-05-23T15:45:23.820+0700] {processor.py:161} INFO - Started process (PID=1864) to work on /mnt/d/Programming/Vietnamese-Text-Generator/airflow_env/lib/python3.10/site-packages/airflow/example_dags/example_sensor_decorator.py
[2024-05-23T15:45:23.822+0700] {processor.py:830} INFO - Processing file /mnt/d/Programming/Vietnamese-Text-Generator/airflow_env/lib/python3.10/site-packages/airflow/example_dags/example_sensor_decorator.py for tasks to queue
[2024-05-23T15:45:23.826+0700] {logging_mixin.py:188} INFO - [2024-05-23T15:45:23.825+0700] {dagbag.py:540} INFO - Filling up the DagBag from /mnt/d/Programming/Vietnamese-Text-Generator/airflow_env/lib/python3.10/site-packages/airflow/example_dags/example_sensor_decorator.py
[2024-05-23T15:45:23.845+0700] {processor.py:840} INFO - DAG(s) 'example_sensor_decorator' retrieved from /mnt/d/Programming/Vietnamese-Text-Generator/airflow_env/lib/python3.10/site-packages/airflow/example_dags/example_sensor_decorator.py
[2024-05-23T15:45:23.876+0700] {logging_mixin.py:188} INFO - [2024-05-23T15:45:23.875+0700] {dag.py:3096} INFO - Sync 1 DAGs
[2024-05-23T15:45:23.893+0700] {logging_mixin.py:188} INFO - [2024-05-23T15:45:23.892+0700] {dag.py:3954} INFO - Setting next_dagrun for example_sensor_decorator to None, run_after=None
[2024-05-23T15:45:23.952+0700] {processor.py:183} INFO - Processing /mnt/d/Programming/Vietnamese-Text-Generator/airflow_env/lib/python3.10/site-packages/airflow/example_dags/example_sensor_decorator.py took 0.144 seconds
[2024-05-23T15:46:36.167+0700] {processor.py:161} INFO - Started process (PID=2563) to work on /mnt/d/Programming/Vietnamese-Text-Generator/airflow_env/lib/python3.10/site-packages/airflow/example_dags/example_sensor_decorator.py
[2024-05-23T15:46:36.168+0700] {processor.py:830} INFO - Processing file /mnt/d/Programming/Vietnamese-Text-Generator/airflow_env/lib/python3.10/site-packages/airflow/example_dags/example_sensor_decorator.py for tasks to queue
[2024-05-23T15:46:36.171+0700] {logging_mixin.py:188} INFO - [2024-05-23T15:46:36.170+0700] {dagbag.py:540} INFO - Filling up the DagBag from /mnt/d/Programming/Vietnamese-Text-Generator/airflow_env/lib/python3.10/site-packages/airflow/example_dags/example_sensor_decorator.py
[2024-05-23T15:46:36.191+0700] {processor.py:840} INFO - DAG(s) 'example_sensor_decorator' retrieved from /mnt/d/Programming/Vietnamese-Text-Generator/airflow_env/lib/python3.10/site-packages/airflow/example_dags/example_sensor_decorator.py
[2024-05-23T15:46:36.216+0700] {logging_mixin.py:188} INFO - [2024-05-23T15:46:36.215+0700] {dag.py:3096} INFO - Sync 1 DAGs
[2024-05-23T15:46:36.230+0700] {logging_mixin.py:188} INFO - [2024-05-23T15:46:36.228+0700] {dag.py:3954} INFO - Setting next_dagrun for example_sensor_decorator to None, run_after=None
[2024-05-23T15:46:36.289+0700] {processor.py:183} INFO - Processing /mnt/d/Programming/Vietnamese-Text-Generator/airflow_env/lib/python3.10/site-packages/airflow/example_dags/example_sensor_decorator.py took 0.135 seconds
[2024-05-23T15:47:42.035+0700] {processor.py:161} INFO - Started process (PID=2878) to work on /mnt/d/Programming/Vietnamese-Text-Generator/airflow_env/lib/python3.10/site-packages/airflow/example_dags/example_sensor_decorator.py
[2024-05-23T15:47:42.038+0700] {processor.py:830} INFO - Processing file /mnt/d/Programming/Vietnamese-Text-Generator/airflow_env/lib/python3.10/site-packages/airflow/example_dags/example_sensor_decorator.py for tasks to queue
[2024-05-23T15:47:42.043+0700] {logging_mixin.py:188} INFO - [2024-05-23T15:47:42.041+0700] {dagbag.py:540} INFO - Filling up the DagBag from /mnt/d/Programming/Vietnamese-Text-Generator/airflow_env/lib/python3.10/site-packages/airflow/example_dags/example_sensor_decorator.py
[2024-05-23T15:47:42.061+0700] {processor.py:840} INFO - DAG(s) 'example_sensor_decorator' retrieved from /mnt/d/Programming/Vietnamese-Text-Generator/airflow_env/lib/python3.10/site-packages/airflow/example_dags/example_sensor_decorator.py
[2024-05-23T15:47:42.095+0700] {logging_mixin.py:188} INFO - [2024-05-23T15:47:42.093+0700] {dag.py:3096} INFO - Sync 1 DAGs
[2024-05-23T15:47:42.110+0700] {logging_mixin.py:188} INFO - [2024-05-23T15:47:42.110+0700] {dag.py:3954} INFO - Setting next_dagrun for example_sensor_decorator to None, run_after=None
[2024-05-23T15:47:42.171+0700] {processor.py:183} INFO - Processing /mnt/d/Programming/Vietnamese-Text-Generator/airflow_env/lib/python3.10/site-packages/airflow/example_dags/example_sensor_decorator.py took 0.148 seconds
[2024-05-23T15:54:56.960+0700] {processor.py:161} INFO - Started process (PID=4725) to work on /mnt/d/Programming/Vietnamese-Text-Generator/airflow_env/lib/python3.10/site-packages/airflow/example_dags/example_sensor_decorator.py
[2024-05-23T15:54:56.963+0700] {processor.py:830} INFO - Processing file /mnt/d/Programming/Vietnamese-Text-Generator/airflow_env/lib/python3.10/site-packages/airflow/example_dags/example_sensor_decorator.py for tasks to queue
[2024-05-23T15:54:56.966+0700] {logging_mixin.py:188} INFO - [2024-05-23T15:54:56.964+0700] {dagbag.py:540} INFO - Filling up the DagBag from /mnt/d/Programming/Vietnamese-Text-Generator/airflow_env/lib/python3.10/site-packages/airflow/example_dags/example_sensor_decorator.py
[2024-05-23T15:54:56.991+0700] {processor.py:840} INFO - DAG(s) 'example_sensor_decorator' retrieved from /mnt/d/Programming/Vietnamese-Text-Generator/airflow_env/lib/python3.10/site-packages/airflow/example_dags/example_sensor_decorator.py
[2024-05-23T15:54:57.031+0700] {logging_mixin.py:188} INFO - [2024-05-23T15:54:57.030+0700] {dag.py:3096} INFO - Sync 1 DAGs
[2024-05-23T15:54:57.046+0700] {logging_mixin.py:188} INFO - [2024-05-23T15:54:57.045+0700] {dag.py:3954} INFO - Setting next_dagrun for example_sensor_decorator to None, run_after=None
[2024-05-23T15:54:57.100+0700] {processor.py:183} INFO - Processing /mnt/d/Programming/Vietnamese-Text-Generator/airflow_env/lib/python3.10/site-packages/airflow/example_dags/example_sensor_decorator.py took 0.154 seconds
[2024-05-23T15:56:03.170+0700] {processor.py:161} INFO - Started process (PID=5041) to work on /mnt/d/Programming/Vietnamese-Text-Generator/airflow_env/lib/python3.10/site-packages/airflow/example_dags/example_sensor_decorator.py
[2024-05-23T15:56:03.173+0700] {processor.py:830} INFO - Processing file /mnt/d/Programming/Vietnamese-Text-Generator/airflow_env/lib/python3.10/site-packages/airflow/example_dags/example_sensor_decorator.py for tasks to queue
[2024-05-23T15:56:03.176+0700] {logging_mixin.py:188} INFO - [2024-05-23T15:56:03.174+0700] {dagbag.py:540} INFO - Filling up the DagBag from /mnt/d/Programming/Vietnamese-Text-Generator/airflow_env/lib/python3.10/site-packages/airflow/example_dags/example_sensor_decorator.py
[2024-05-23T15:56:03.195+0700] {processor.py:840} INFO - DAG(s) 'example_sensor_decorator' retrieved from /mnt/d/Programming/Vietnamese-Text-Generator/airflow_env/lib/python3.10/site-packages/airflow/example_dags/example_sensor_decorator.py
[2024-05-23T15:56:03.229+0700] {logging_mixin.py:188} INFO - [2024-05-23T15:56:03.228+0700] {dag.py:3096} INFO - Sync 1 DAGs
[2024-05-23T15:56:03.246+0700] {logging_mixin.py:188} INFO - [2024-05-23T15:56:03.245+0700] {dag.py:3954} INFO - Setting next_dagrun for example_sensor_decorator to None, run_after=None
[2024-05-23T15:56:03.306+0700] {processor.py:183} INFO - Processing /mnt/d/Programming/Vietnamese-Text-Generator/airflow_env/lib/python3.10/site-packages/airflow/example_dags/example_sensor_decorator.py took 0.148 seconds
[2024-05-23T15:57:11.743+0700] {processor.py:161} INFO - Started process (PID=5365) to work on /mnt/d/Programming/Vietnamese-Text-Generator/airflow_env/lib/python3.10/site-packages/airflow/example_dags/example_sensor_decorator.py
[2024-05-23T15:57:11.745+0700] {processor.py:830} INFO - Processing file /mnt/d/Programming/Vietnamese-Text-Generator/airflow_env/lib/python3.10/site-packages/airflow/example_dags/example_sensor_decorator.py for tasks to queue
[2024-05-23T15:57:11.749+0700] {logging_mixin.py:188} INFO - [2024-05-23T15:57:11.747+0700] {dagbag.py:540} INFO - Filling up the DagBag from /mnt/d/Programming/Vietnamese-Text-Generator/airflow_env/lib/python3.10/site-packages/airflow/example_dags/example_sensor_decorator.py
[2024-05-23T15:57:11.774+0700] {processor.py:840} INFO - DAG(s) 'example_sensor_decorator' retrieved from /mnt/d/Programming/Vietnamese-Text-Generator/airflow_env/lib/python3.10/site-packages/airflow/example_dags/example_sensor_decorator.py
[2024-05-23T15:57:11.808+0700] {logging_mixin.py:188} INFO - [2024-05-23T15:57:11.806+0700] {dag.py:3096} INFO - Sync 1 DAGs
[2024-05-23T15:57:11.830+0700] {logging_mixin.py:188} INFO - [2024-05-23T15:57:11.829+0700] {dag.py:3954} INFO - Setting next_dagrun for example_sensor_decorator to None, run_after=None
[2024-05-23T15:57:11.901+0700] {processor.py:183} INFO - Processing /mnt/d/Programming/Vietnamese-Text-Generator/airflow_env/lib/python3.10/site-packages/airflow/example_dags/example_sensor_decorator.py took 0.173 seconds
[2024-05-23T15:58:21.219+0700] {processor.py:161} INFO - Started process (PID=5690) to work on /mnt/d/Programming/Vietnamese-Text-Generator/airflow_env/lib/python3.10/site-packages/airflow/example_dags/example_sensor_decorator.py
[2024-05-23T15:58:21.221+0700] {processor.py:830} INFO - Processing file /mnt/d/Programming/Vietnamese-Text-Generator/airflow_env/lib/python3.10/site-packages/airflow/example_dags/example_sensor_decorator.py for tasks to queue
[2024-05-23T15:58:21.223+0700] {logging_mixin.py:188} INFO - [2024-05-23T15:58:21.222+0700] {dagbag.py:540} INFO - Filling up the DagBag from /mnt/d/Programming/Vietnamese-Text-Generator/airflow_env/lib/python3.10/site-packages/airflow/example_dags/example_sensor_decorator.py
[2024-05-23T15:58:21.238+0700] {processor.py:840} INFO - DAG(s) 'example_sensor_decorator' retrieved from /mnt/d/Programming/Vietnamese-Text-Generator/airflow_env/lib/python3.10/site-packages/airflow/example_dags/example_sensor_decorator.py
[2024-05-23T15:58:21.267+0700] {logging_mixin.py:188} INFO - [2024-05-23T15:58:21.266+0700] {dag.py:3096} INFO - Sync 1 DAGs
[2024-05-23T15:58:21.282+0700] {logging_mixin.py:188} INFO - [2024-05-23T15:58:21.281+0700] {dag.py:3954} INFO - Setting next_dagrun for example_sensor_decorator to None, run_after=None
[2024-05-23T15:58:21.335+0700] {processor.py:183} INFO - Processing /mnt/d/Programming/Vietnamese-Text-Generator/airflow_env/lib/python3.10/site-packages/airflow/example_dags/example_sensor_decorator.py took 0.126 seconds
[2024-05-23T15:59:33.272+0700] {processor.py:161} INFO - Started process (PID=6028) to work on /mnt/d/Programming/Vietnamese-Text-Generator/airflow_env/lib/python3.10/site-packages/airflow/example_dags/example_sensor_decorator.py
[2024-05-23T15:59:33.274+0700] {processor.py:830} INFO - Processing file /mnt/d/Programming/Vietnamese-Text-Generator/airflow_env/lib/python3.10/site-packages/airflow/example_dags/example_sensor_decorator.py for tasks to queue
[2024-05-23T15:59:33.276+0700] {logging_mixin.py:188} INFO - [2024-05-23T15:59:33.275+0700] {dagbag.py:540} INFO - Filling up the DagBag from /mnt/d/Programming/Vietnamese-Text-Generator/airflow_env/lib/python3.10/site-packages/airflow/example_dags/example_sensor_decorator.py
[2024-05-23T15:59:33.295+0700] {processor.py:840} INFO - DAG(s) 'example_sensor_decorator' retrieved from /mnt/d/Programming/Vietnamese-Text-Generator/airflow_env/lib/python3.10/site-packages/airflow/example_dags/example_sensor_decorator.py
[2024-05-23T15:59:33.319+0700] {logging_mixin.py:188} INFO - [2024-05-23T15:59:33.319+0700] {dag.py:3096} INFO - Sync 1 DAGs
[2024-05-23T15:59:33.334+0700] {logging_mixin.py:188} INFO - [2024-05-23T15:59:33.333+0700] {dag.py:3954} INFO - Setting next_dagrun for example_sensor_decorator to None, run_after=None
[2024-05-23T15:59:33.386+0700] {processor.py:183} INFO - Processing /mnt/d/Programming/Vietnamese-Text-Generator/airflow_env/lib/python3.10/site-packages/airflow/example_dags/example_sensor_decorator.py took 0.124 seconds
[2024-05-23T16:00:41.147+0700] {processor.py:161} INFO - Started process (PID=6353) to work on /mnt/d/Programming/Vietnamese-Text-Generator/airflow_env/lib/python3.10/site-packages/airflow/example_dags/example_sensor_decorator.py
[2024-05-23T16:00:41.149+0700] {processor.py:830} INFO - Processing file /mnt/d/Programming/Vietnamese-Text-Generator/airflow_env/lib/python3.10/site-packages/airflow/example_dags/example_sensor_decorator.py for tasks to queue
[2024-05-23T16:00:41.152+0700] {logging_mixin.py:188} INFO - [2024-05-23T16:00:41.151+0700] {dagbag.py:540} INFO - Filling up the DagBag from /mnt/d/Programming/Vietnamese-Text-Generator/airflow_env/lib/python3.10/site-packages/airflow/example_dags/example_sensor_decorator.py
[2024-05-23T16:00:41.170+0700] {processor.py:840} INFO - DAG(s) 'example_sensor_decorator' retrieved from /mnt/d/Programming/Vietnamese-Text-Generator/airflow_env/lib/python3.10/site-packages/airflow/example_dags/example_sensor_decorator.py
[2024-05-23T16:00:41.204+0700] {logging_mixin.py:188} INFO - [2024-05-23T16:00:41.203+0700] {dag.py:3096} INFO - Sync 1 DAGs
[2024-05-23T16:00:41.222+0700] {logging_mixin.py:188} INFO - [2024-05-23T16:00:41.220+0700] {dag.py:3954} INFO - Setting next_dagrun for example_sensor_decorator to None, run_after=None
[2024-05-23T16:00:41.287+0700] {processor.py:183} INFO - Processing /mnt/d/Programming/Vietnamese-Text-Generator/airflow_env/lib/python3.10/site-packages/airflow/example_dags/example_sensor_decorator.py took 0.152 seconds
[2024-05-23T16:01:47.109+0700] {processor.py:161} INFO - Started process (PID=6662) to work on /mnt/d/Programming/Vietnamese-Text-Generator/airflow_env/lib/python3.10/site-packages/airflow/example_dags/example_sensor_decorator.py
[2024-05-23T16:01:47.112+0700] {processor.py:830} INFO - Processing file /mnt/d/Programming/Vietnamese-Text-Generator/airflow_env/lib/python3.10/site-packages/airflow/example_dags/example_sensor_decorator.py for tasks to queue
[2024-05-23T16:01:47.115+0700] {logging_mixin.py:188} INFO - [2024-05-23T16:01:47.114+0700] {dagbag.py:540} INFO - Filling up the DagBag from /mnt/d/Programming/Vietnamese-Text-Generator/airflow_env/lib/python3.10/site-packages/airflow/example_dags/example_sensor_decorator.py
[2024-05-23T16:01:47.134+0700] {processor.py:840} INFO - DAG(s) 'example_sensor_decorator' retrieved from /mnt/d/Programming/Vietnamese-Text-Generator/airflow_env/lib/python3.10/site-packages/airflow/example_dags/example_sensor_decorator.py
[2024-05-23T16:01:47.165+0700] {logging_mixin.py:188} INFO - [2024-05-23T16:01:47.164+0700] {dag.py:3096} INFO - Sync 1 DAGs
[2024-05-23T16:01:47.180+0700] {logging_mixin.py:188} INFO - [2024-05-23T16:01:47.179+0700] {dag.py:3954} INFO - Setting next_dagrun for example_sensor_decorator to None, run_after=None
[2024-05-23T16:01:47.247+0700] {processor.py:183} INFO - Processing /mnt/d/Programming/Vietnamese-Text-Generator/airflow_env/lib/python3.10/site-packages/airflow/example_dags/example_sensor_decorator.py took 0.150 seconds
[2024-05-23T16:02:55.039+0700] {processor.py:161} INFO - Started process (PID=6984) to work on /mnt/d/Programming/Vietnamese-Text-Generator/airflow_env/lib/python3.10/site-packages/airflow/example_dags/example_sensor_decorator.py
[2024-05-23T16:02:55.041+0700] {processor.py:830} INFO - Processing file /mnt/d/Programming/Vietnamese-Text-Generator/airflow_env/lib/python3.10/site-packages/airflow/example_dags/example_sensor_decorator.py for tasks to queue
[2024-05-23T16:02:55.044+0700] {logging_mixin.py:188} INFO - [2024-05-23T16:02:55.043+0700] {dagbag.py:540} INFO - Filling up the DagBag from /mnt/d/Programming/Vietnamese-Text-Generator/airflow_env/lib/python3.10/site-packages/airflow/example_dags/example_sensor_decorator.py
[2024-05-23T16:02:55.061+0700] {processor.py:840} INFO - DAG(s) 'example_sensor_decorator' retrieved from /mnt/d/Programming/Vietnamese-Text-Generator/airflow_env/lib/python3.10/site-packages/airflow/example_dags/example_sensor_decorator.py
[2024-05-23T16:02:55.089+0700] {logging_mixin.py:188} INFO - [2024-05-23T16:02:55.089+0700] {dag.py:3096} INFO - Sync 1 DAGs
[2024-05-23T16:02:55.104+0700] {logging_mixin.py:188} INFO - [2024-05-23T16:02:55.103+0700] {dag.py:3954} INFO - Setting next_dagrun for example_sensor_decorator to None, run_after=None
[2024-05-23T16:02:55.156+0700] {processor.py:183} INFO - Processing /mnt/d/Programming/Vietnamese-Text-Generator/airflow_env/lib/python3.10/site-packages/airflow/example_dags/example_sensor_decorator.py took 0.128 seconds
[2024-05-23T16:04:10.598+0700] {processor.py:161} INFO - Started process (PID=7340) to work on /mnt/d/Programming/Vietnamese-Text-Generator/airflow_env/lib/python3.10/site-packages/airflow/example_dags/example_sensor_decorator.py
[2024-05-23T16:04:10.601+0700] {processor.py:830} INFO - Processing file /mnt/d/Programming/Vietnamese-Text-Generator/airflow_env/lib/python3.10/site-packages/airflow/example_dags/example_sensor_decorator.py for tasks to queue
[2024-05-23T16:04:10.604+0700] {logging_mixin.py:188} INFO - [2024-05-23T16:04:10.603+0700] {dagbag.py:540} INFO - Filling up the DagBag from /mnt/d/Programming/Vietnamese-Text-Generator/airflow_env/lib/python3.10/site-packages/airflow/example_dags/example_sensor_decorator.py
[2024-05-23T16:04:10.629+0700] {processor.py:840} INFO - DAG(s) 'example_sensor_decorator' retrieved from /mnt/d/Programming/Vietnamese-Text-Generator/airflow_env/lib/python3.10/site-packages/airflow/example_dags/example_sensor_decorator.py
[2024-05-23T16:04:10.666+0700] {logging_mixin.py:188} INFO - [2024-05-23T16:04:10.665+0700] {dag.py:3096} INFO - Sync 1 DAGs
[2024-05-23T16:04:10.681+0700] {logging_mixin.py:188} INFO - [2024-05-23T16:04:10.680+0700] {dag.py:3954} INFO - Setting next_dagrun for example_sensor_decorator to None, run_after=None
[2024-05-23T16:04:10.746+0700] {processor.py:183} INFO - Processing /mnt/d/Programming/Vietnamese-Text-Generator/airflow_env/lib/python3.10/site-packages/airflow/example_dags/example_sensor_decorator.py took 0.164 seconds
[2024-05-23T16:35:15.355+0700] {processor.py:161} INFO - Started process (PID=17112) to work on /mnt/d/Programming/Vietnamese-Text-Generator/airflow_env/lib/python3.10/site-packages/airflow/example_dags/example_sensor_decorator.py
[2024-05-23T16:35:15.357+0700] {processor.py:830} INFO - Processing file /mnt/d/Programming/Vietnamese-Text-Generator/airflow_env/lib/python3.10/site-packages/airflow/example_dags/example_sensor_decorator.py for tasks to queue
[2024-05-23T16:35:15.360+0700] {logging_mixin.py:188} INFO - [2024-05-23T16:35:15.359+0700] {dagbag.py:540} INFO - Filling up the DagBag from /mnt/d/Programming/Vietnamese-Text-Generator/airflow_env/lib/python3.10/site-packages/airflow/example_dags/example_sensor_decorator.py
[2024-05-23T16:35:15.378+0700] {processor.py:840} INFO - DAG(s) 'example_sensor_decorator' retrieved from /mnt/d/Programming/Vietnamese-Text-Generator/airflow_env/lib/python3.10/site-packages/airflow/example_dags/example_sensor_decorator.py
[2024-05-23T16:35:15.421+0700] {logging_mixin.py:188} INFO - [2024-05-23T16:35:15.420+0700] {dag.py:3096} INFO - Sync 1 DAGs
[2024-05-23T16:35:15.437+0700] {logging_mixin.py:188} INFO - [2024-05-23T16:35:15.437+0700] {dag.py:3954} INFO - Setting next_dagrun for example_sensor_decorator to None, run_after=None
[2024-05-23T16:35:15.498+0700] {processor.py:183} INFO - Processing /mnt/d/Programming/Vietnamese-Text-Generator/airflow_env/lib/python3.10/site-packages/airflow/example_dags/example_sensor_decorator.py took 0.154 seconds
[2024-05-23T16:36:23.054+0700] {processor.py:161} INFO - Started process (PID=17426) to work on /mnt/d/Programming/Vietnamese-Text-Generator/airflow_env/lib/python3.10/site-packages/airflow/example_dags/example_sensor_decorator.py
[2024-05-23T16:36:23.056+0700] {processor.py:830} INFO - Processing file /mnt/d/Programming/Vietnamese-Text-Generator/airflow_env/lib/python3.10/site-packages/airflow/example_dags/example_sensor_decorator.py for tasks to queue
[2024-05-23T16:36:23.058+0700] {logging_mixin.py:188} INFO - [2024-05-23T16:36:23.057+0700] {dagbag.py:540} INFO - Filling up the DagBag from /mnt/d/Programming/Vietnamese-Text-Generator/airflow_env/lib/python3.10/site-packages/airflow/example_dags/example_sensor_decorator.py
[2024-05-23T16:36:23.076+0700] {processor.py:840} INFO - DAG(s) 'example_sensor_decorator' retrieved from /mnt/d/Programming/Vietnamese-Text-Generator/airflow_env/lib/python3.10/site-packages/airflow/example_dags/example_sensor_decorator.py
[2024-05-23T16:36:23.112+0700] {logging_mixin.py:188} INFO - [2024-05-23T16:36:23.111+0700] {dag.py:3096} INFO - Sync 1 DAGs
[2024-05-23T16:36:23.131+0700] {logging_mixin.py:188} INFO - [2024-05-23T16:36:23.130+0700] {dag.py:3954} INFO - Setting next_dagrun for example_sensor_decorator to None, run_after=None
[2024-05-23T16:36:23.189+0700] {processor.py:183} INFO - Processing /mnt/d/Programming/Vietnamese-Text-Generator/airflow_env/lib/python3.10/site-packages/airflow/example_dags/example_sensor_decorator.py took 0.146 seconds
[2024-05-23T16:37:38.464+0700] {processor.py:161} INFO - Started process (PID=17777) to work on /mnt/d/Programming/Vietnamese-Text-Generator/airflow_env/lib/python3.10/site-packages/airflow/example_dags/example_sensor_decorator.py
[2024-05-23T16:37:38.466+0700] {processor.py:830} INFO - Processing file /mnt/d/Programming/Vietnamese-Text-Generator/airflow_env/lib/python3.10/site-packages/airflow/example_dags/example_sensor_decorator.py for tasks to queue
[2024-05-23T16:37:38.469+0700] {logging_mixin.py:188} INFO - [2024-05-23T16:37:38.467+0700] {dagbag.py:540} INFO - Filling up the DagBag from /mnt/d/Programming/Vietnamese-Text-Generator/airflow_env/lib/python3.10/site-packages/airflow/example_dags/example_sensor_decorator.py
[2024-05-23T16:37:38.493+0700] {processor.py:840} INFO - DAG(s) 'example_sensor_decorator' retrieved from /mnt/d/Programming/Vietnamese-Text-Generator/airflow_env/lib/python3.10/site-packages/airflow/example_dags/example_sensor_decorator.py
[2024-05-23T16:37:38.529+0700] {logging_mixin.py:188} INFO - [2024-05-23T16:37:38.528+0700] {dag.py:3096} INFO - Sync 1 DAGs
[2024-05-23T16:37:38.545+0700] {logging_mixin.py:188} INFO - [2024-05-23T16:37:38.544+0700] {dag.py:3954} INFO - Setting next_dagrun for example_sensor_decorator to None, run_after=None
[2024-05-23T16:37:38.595+0700] {processor.py:183} INFO - Processing /mnt/d/Programming/Vietnamese-Text-Generator/airflow_env/lib/python3.10/site-packages/airflow/example_dags/example_sensor_decorator.py took 0.148 seconds
[2024-05-23T16:50:02.948+0700] {processor.py:161} INFO - Started process (PID=20932) to work on /mnt/d/Programming/Vietnamese-Text-Generator/airflow_env/lib/python3.10/site-packages/airflow/example_dags/example_sensor_decorator.py
[2024-05-23T16:50:02.950+0700] {processor.py:830} INFO - Processing file /mnt/d/Programming/Vietnamese-Text-Generator/airflow_env/lib/python3.10/site-packages/airflow/example_dags/example_sensor_decorator.py for tasks to queue
[2024-05-23T16:50:02.953+0700] {logging_mixin.py:188} INFO - [2024-05-23T16:50:02.952+0700] {dagbag.py:540} INFO - Filling up the DagBag from /mnt/d/Programming/Vietnamese-Text-Generator/airflow_env/lib/python3.10/site-packages/airflow/example_dags/example_sensor_decorator.py
[2024-05-23T16:50:02.977+0700] {processor.py:840} INFO - DAG(s) 'example_sensor_decorator' retrieved from /mnt/d/Programming/Vietnamese-Text-Generator/airflow_env/lib/python3.10/site-packages/airflow/example_dags/example_sensor_decorator.py
[2024-05-23T16:50:03.019+0700] {logging_mixin.py:188} INFO - [2024-05-23T16:50:03.018+0700] {dag.py:3096} INFO - Sync 1 DAGs
[2024-05-23T16:50:03.041+0700] {logging_mixin.py:188} INFO - [2024-05-23T16:50:03.039+0700] {dag.py:3954} INFO - Setting next_dagrun for example_sensor_decorator to None, run_after=None
[2024-05-23T16:50:03.133+0700] {processor.py:183} INFO - Processing /mnt/d/Programming/Vietnamese-Text-Generator/airflow_env/lib/python3.10/site-packages/airflow/example_dags/example_sensor_decorator.py took 0.199 seconds
[2024-05-23T16:51:18.371+0700] {processor.py:161} INFO - Started process (PID=21281) to work on /mnt/d/Programming/Vietnamese-Text-Generator/airflow_env/lib/python3.10/site-packages/airflow/example_dags/example_sensor_decorator.py
[2024-05-23T16:51:18.373+0700] {processor.py:830} INFO - Processing file /mnt/d/Programming/Vietnamese-Text-Generator/airflow_env/lib/python3.10/site-packages/airflow/example_dags/example_sensor_decorator.py for tasks to queue
[2024-05-23T16:51:18.375+0700] {logging_mixin.py:188} INFO - [2024-05-23T16:51:18.374+0700] {dagbag.py:540} INFO - Filling up the DagBag from /mnt/d/Programming/Vietnamese-Text-Generator/airflow_env/lib/python3.10/site-packages/airflow/example_dags/example_sensor_decorator.py
[2024-05-23T16:51:18.393+0700] {processor.py:840} INFO - DAG(s) 'example_sensor_decorator' retrieved from /mnt/d/Programming/Vietnamese-Text-Generator/airflow_env/lib/python3.10/site-packages/airflow/example_dags/example_sensor_decorator.py
[2024-05-23T16:51:18.427+0700] {logging_mixin.py:188} INFO - [2024-05-23T16:51:18.426+0700] {dag.py:3096} INFO - Sync 1 DAGs
[2024-05-23T16:51:18.445+0700] {logging_mixin.py:188} INFO - [2024-05-23T16:51:18.443+0700] {dag.py:3954} INFO - Setting next_dagrun for example_sensor_decorator to None, run_after=None
[2024-05-23T16:51:18.523+0700] {processor.py:183} INFO - Processing /mnt/d/Programming/Vietnamese-Text-Generator/airflow_env/lib/python3.10/site-packages/airflow/example_dags/example_sensor_decorator.py took 0.163 seconds
[2024-05-23T16:52:32.098+0700] {processor.py:161} INFO - Started process (PID=21624) to work on /mnt/d/Programming/Vietnamese-Text-Generator/airflow_env/lib/python3.10/site-packages/airflow/example_dags/example_sensor_decorator.py
[2024-05-23T16:52:32.100+0700] {processor.py:830} INFO - Processing file /mnt/d/Programming/Vietnamese-Text-Generator/airflow_env/lib/python3.10/site-packages/airflow/example_dags/example_sensor_decorator.py for tasks to queue
[2024-05-23T16:52:32.104+0700] {logging_mixin.py:188} INFO - [2024-05-23T16:52:32.102+0700] {dagbag.py:540} INFO - Filling up the DagBag from /mnt/d/Programming/Vietnamese-Text-Generator/airflow_env/lib/python3.10/site-packages/airflow/example_dags/example_sensor_decorator.py
[2024-05-23T16:52:32.127+0700] {processor.py:840} INFO - DAG(s) 'example_sensor_decorator' retrieved from /mnt/d/Programming/Vietnamese-Text-Generator/airflow_env/lib/python3.10/site-packages/airflow/example_dags/example_sensor_decorator.py
[2024-05-23T16:52:32.163+0700] {logging_mixin.py:188} INFO - [2024-05-23T16:52:32.162+0700] {dag.py:3096} INFO - Sync 1 DAGs
[2024-05-23T16:52:32.183+0700] {logging_mixin.py:188} INFO - [2024-05-23T16:52:32.181+0700] {dag.py:3954} INFO - Setting next_dagrun for example_sensor_decorator to None, run_after=None
[2024-05-23T16:52:32.269+0700] {processor.py:183} INFO - Processing /mnt/d/Programming/Vietnamese-Text-Generator/airflow_env/lib/python3.10/site-packages/airflow/example_dags/example_sensor_decorator.py took 0.185 seconds
[2024-05-23T16:53:45.168+0700] {processor.py:161} INFO - Started process (PID=21964) to work on /mnt/d/Programming/Vietnamese-Text-Generator/airflow_env/lib/python3.10/site-packages/airflow/example_dags/example_sensor_decorator.py
[2024-05-23T16:53:45.171+0700] {processor.py:830} INFO - Processing file /mnt/d/Programming/Vietnamese-Text-Generator/airflow_env/lib/python3.10/site-packages/airflow/example_dags/example_sensor_decorator.py for tasks to queue
[2024-05-23T16:53:45.174+0700] {logging_mixin.py:188} INFO - [2024-05-23T16:53:45.173+0700] {dagbag.py:540} INFO - Filling up the DagBag from /mnt/d/Programming/Vietnamese-Text-Generator/airflow_env/lib/python3.10/site-packages/airflow/example_dags/example_sensor_decorator.py
[2024-05-23T16:53:45.192+0700] {processor.py:840} INFO - DAG(s) 'example_sensor_decorator' retrieved from /mnt/d/Programming/Vietnamese-Text-Generator/airflow_env/lib/python3.10/site-packages/airflow/example_dags/example_sensor_decorator.py
[2024-05-23T16:53:45.223+0700] {logging_mixin.py:188} INFO - [2024-05-23T16:53:45.222+0700] {dag.py:3096} INFO - Sync 1 DAGs
[2024-05-23T16:53:45.239+0700] {logging_mixin.py:188} INFO - [2024-05-23T16:53:45.238+0700] {dag.py:3954} INFO - Setting next_dagrun for example_sensor_decorator to None, run_after=None
[2024-05-23T16:53:45.300+0700] {processor.py:183} INFO - Processing /mnt/d/Programming/Vietnamese-Text-Generator/airflow_env/lib/python3.10/site-packages/airflow/example_dags/example_sensor_decorator.py took 0.143 seconds
[2024-05-23T16:54:54.617+0700] {processor.py:161} INFO - Started process (PID=22287) to work on /mnt/d/Programming/Vietnamese-Text-Generator/airflow_env/lib/python3.10/site-packages/airflow/example_dags/example_sensor_decorator.py
[2024-05-23T16:54:54.619+0700] {processor.py:830} INFO - Processing file /mnt/d/Programming/Vietnamese-Text-Generator/airflow_env/lib/python3.10/site-packages/airflow/example_dags/example_sensor_decorator.py for tasks to queue
[2024-05-23T16:54:54.621+0700] {logging_mixin.py:188} INFO - [2024-05-23T16:54:54.620+0700] {dagbag.py:540} INFO - Filling up the DagBag from /mnt/d/Programming/Vietnamese-Text-Generator/airflow_env/lib/python3.10/site-packages/airflow/example_dags/example_sensor_decorator.py
[2024-05-23T16:54:54.644+0700] {processor.py:840} INFO - DAG(s) 'example_sensor_decorator' retrieved from /mnt/d/Programming/Vietnamese-Text-Generator/airflow_env/lib/python3.10/site-packages/airflow/example_dags/example_sensor_decorator.py
[2024-05-23T16:54:54.676+0700] {logging_mixin.py:188} INFO - [2024-05-23T16:54:54.675+0700] {dag.py:3096} INFO - Sync 1 DAGs
[2024-05-23T16:54:54.692+0700] {logging_mixin.py:188} INFO - [2024-05-23T16:54:54.691+0700] {dag.py:3954} INFO - Setting next_dagrun for example_sensor_decorator to None, run_after=None
[2024-05-23T16:54:54.755+0700] {processor.py:183} INFO - Processing /mnt/d/Programming/Vietnamese-Text-Generator/airflow_env/lib/python3.10/site-packages/airflow/example_dags/example_sensor_decorator.py took 0.150 seconds
[2024-05-23T16:56:01.640+0700] {processor.py:161} INFO - Started process (PID=22604) to work on /mnt/d/Programming/Vietnamese-Text-Generator/airflow_env/lib/python3.10/site-packages/airflow/example_dags/example_sensor_decorator.py
[2024-05-23T16:56:01.643+0700] {processor.py:830} INFO - Processing file /mnt/d/Programming/Vietnamese-Text-Generator/airflow_env/lib/python3.10/site-packages/airflow/example_dags/example_sensor_decorator.py for tasks to queue
[2024-05-23T16:56:01.647+0700] {logging_mixin.py:188} INFO - [2024-05-23T16:56:01.645+0700] {dagbag.py:540} INFO - Filling up the DagBag from /mnt/d/Programming/Vietnamese-Text-Generator/airflow_env/lib/python3.10/site-packages/airflow/example_dags/example_sensor_decorator.py
[2024-05-23T16:56:01.669+0700] {processor.py:840} INFO - DAG(s) 'example_sensor_decorator' retrieved from /mnt/d/Programming/Vietnamese-Text-Generator/airflow_env/lib/python3.10/site-packages/airflow/example_dags/example_sensor_decorator.py
[2024-05-23T16:56:01.702+0700] {logging_mixin.py:188} INFO - [2024-05-23T16:56:01.700+0700] {dag.py:3096} INFO - Sync 1 DAGs
[2024-05-23T16:56:01.717+0700] {logging_mixin.py:188} INFO - [2024-05-23T16:56:01.716+0700] {dag.py:3954} INFO - Setting next_dagrun for example_sensor_decorator to None, run_after=None
[2024-05-23T16:56:01.784+0700] {processor.py:183} INFO - Processing /mnt/d/Programming/Vietnamese-Text-Generator/airflow_env/lib/python3.10/site-packages/airflow/example_dags/example_sensor_decorator.py took 0.158 seconds
[2024-05-23T16:57:11.139+0700] {processor.py:161} INFO - Started process (PID=22928) to work on /mnt/d/Programming/Vietnamese-Text-Generator/airflow_env/lib/python3.10/site-packages/airflow/example_dags/example_sensor_decorator.py
[2024-05-23T16:57:11.140+0700] {processor.py:830} INFO - Processing file /mnt/d/Programming/Vietnamese-Text-Generator/airflow_env/lib/python3.10/site-packages/airflow/example_dags/example_sensor_decorator.py for tasks to queue
[2024-05-23T16:57:11.142+0700] {logging_mixin.py:188} INFO - [2024-05-23T16:57:11.141+0700] {dagbag.py:540} INFO - Filling up the DagBag from /mnt/d/Programming/Vietnamese-Text-Generator/airflow_env/lib/python3.10/site-packages/airflow/example_dags/example_sensor_decorator.py
[2024-05-23T16:57:11.162+0700] {processor.py:840} INFO - DAG(s) 'example_sensor_decorator' retrieved from /mnt/d/Programming/Vietnamese-Text-Generator/airflow_env/lib/python3.10/site-packages/airflow/example_dags/example_sensor_decorator.py
[2024-05-23T16:57:11.194+0700] {logging_mixin.py:188} INFO - [2024-05-23T16:57:11.193+0700] {dag.py:3096} INFO - Sync 1 DAGs
[2024-05-23T16:57:11.211+0700] {logging_mixin.py:188} INFO - [2024-05-23T16:57:11.209+0700] {dag.py:3954} INFO - Setting next_dagrun for example_sensor_decorator to None, run_after=None
[2024-05-23T16:57:11.278+0700] {processor.py:183} INFO - Processing /mnt/d/Programming/Vietnamese-Text-Generator/airflow_env/lib/python3.10/site-packages/airflow/example_dags/example_sensor_decorator.py took 0.152 seconds
[2024-05-23T16:58:19.787+0700] {processor.py:161} INFO - Started process (PID=23249) to work on /mnt/d/Programming/Vietnamese-Text-Generator/airflow_env/lib/python3.10/site-packages/airflow/example_dags/example_sensor_decorator.py
[2024-05-23T16:58:19.789+0700] {processor.py:830} INFO - Processing file /mnt/d/Programming/Vietnamese-Text-Generator/airflow_env/lib/python3.10/site-packages/airflow/example_dags/example_sensor_decorator.py for tasks to queue
[2024-05-23T16:58:19.791+0700] {logging_mixin.py:188} INFO - [2024-05-23T16:58:19.790+0700] {dagbag.py:540} INFO - Filling up the DagBag from /mnt/d/Programming/Vietnamese-Text-Generator/airflow_env/lib/python3.10/site-packages/airflow/example_dags/example_sensor_decorator.py
[2024-05-23T16:58:19.810+0700] {processor.py:840} INFO - DAG(s) 'example_sensor_decorator' retrieved from /mnt/d/Programming/Vietnamese-Text-Generator/airflow_env/lib/python3.10/site-packages/airflow/example_dags/example_sensor_decorator.py
[2024-05-23T16:58:19.844+0700] {logging_mixin.py:188} INFO - [2024-05-23T16:58:19.843+0700] {dag.py:3096} INFO - Sync 1 DAGs
[2024-05-23T16:58:19.861+0700] {logging_mixin.py:188} INFO - [2024-05-23T16:58:19.860+0700] {dag.py:3954} INFO - Setting next_dagrun for example_sensor_decorator to None, run_after=None
[2024-05-23T16:58:19.919+0700] {processor.py:183} INFO - Processing /mnt/d/Programming/Vietnamese-Text-Generator/airflow_env/lib/python3.10/site-packages/airflow/example_dags/example_sensor_decorator.py took 0.146 seconds
[2024-05-23T16:59:30.728+0700] {processor.py:161} INFO - Started process (PID=23580) to work on /mnt/d/Programming/Vietnamese-Text-Generator/airflow_env/lib/python3.10/site-packages/airflow/example_dags/example_sensor_decorator.py
[2024-05-23T16:59:30.731+0700] {processor.py:830} INFO - Processing file /mnt/d/Programming/Vietnamese-Text-Generator/airflow_env/lib/python3.10/site-packages/airflow/example_dags/example_sensor_decorator.py for tasks to queue
[2024-05-23T16:59:30.734+0700] {logging_mixin.py:188} INFO - [2024-05-23T16:59:30.733+0700] {dagbag.py:540} INFO - Filling up the DagBag from /mnt/d/Programming/Vietnamese-Text-Generator/airflow_env/lib/python3.10/site-packages/airflow/example_dags/example_sensor_decorator.py
[2024-05-23T16:59:30.752+0700] {processor.py:840} INFO - DAG(s) 'example_sensor_decorator' retrieved from /mnt/d/Programming/Vietnamese-Text-Generator/airflow_env/lib/python3.10/site-packages/airflow/example_dags/example_sensor_decorator.py
[2024-05-23T16:59:30.782+0700] {logging_mixin.py:188} INFO - [2024-05-23T16:59:30.781+0700] {dag.py:3096} INFO - Sync 1 DAGs
[2024-05-23T16:59:30.798+0700] {logging_mixin.py:188} INFO - [2024-05-23T16:59:30.798+0700] {dag.py:3954} INFO - Setting next_dagrun for example_sensor_decorator to None, run_after=None
[2024-05-23T16:59:30.851+0700] {processor.py:183} INFO - Processing /mnt/d/Programming/Vietnamese-Text-Generator/airflow_env/lib/python3.10/site-packages/airflow/example_dags/example_sensor_decorator.py took 0.134 seconds
[2024-05-23T17:00:38.784+0700] {processor.py:161} INFO - Started process (PID=23900) to work on /mnt/d/Programming/Vietnamese-Text-Generator/airflow_env/lib/python3.10/site-packages/airflow/example_dags/example_sensor_decorator.py
[2024-05-23T17:00:38.786+0700] {processor.py:830} INFO - Processing file /mnt/d/Programming/Vietnamese-Text-Generator/airflow_env/lib/python3.10/site-packages/airflow/example_dags/example_sensor_decorator.py for tasks to queue
[2024-05-23T17:00:38.788+0700] {logging_mixin.py:188} INFO - [2024-05-23T17:00:38.787+0700] {dagbag.py:540} INFO - Filling up the DagBag from /mnt/d/Programming/Vietnamese-Text-Generator/airflow_env/lib/python3.10/site-packages/airflow/example_dags/example_sensor_decorator.py
[2024-05-23T17:00:38.806+0700] {processor.py:840} INFO - DAG(s) 'example_sensor_decorator' retrieved from /mnt/d/Programming/Vietnamese-Text-Generator/airflow_env/lib/python3.10/site-packages/airflow/example_dags/example_sensor_decorator.py
[2024-05-23T17:00:38.836+0700] {logging_mixin.py:188} INFO - [2024-05-23T17:00:38.835+0700] {dag.py:3096} INFO - Sync 1 DAGs
[2024-05-23T17:00:38.855+0700] {logging_mixin.py:188} INFO - [2024-05-23T17:00:38.853+0700] {dag.py:3954} INFO - Setting next_dagrun for example_sensor_decorator to None, run_after=None
[2024-05-23T17:00:38.918+0700] {processor.py:183} INFO - Processing /mnt/d/Programming/Vietnamese-Text-Generator/airflow_env/lib/python3.10/site-packages/airflow/example_dags/example_sensor_decorator.py took 0.147 seconds
[2024-05-23T17:01:47.294+0700] {processor.py:161} INFO - Started process (PID=24218) to work on /mnt/d/Programming/Vietnamese-Text-Generator/airflow_env/lib/python3.10/site-packages/airflow/example_dags/example_sensor_decorator.py
[2024-05-23T17:01:47.296+0700] {processor.py:830} INFO - Processing file /mnt/d/Programming/Vietnamese-Text-Generator/airflow_env/lib/python3.10/site-packages/airflow/example_dags/example_sensor_decorator.py for tasks to queue
[2024-05-23T17:01:47.298+0700] {logging_mixin.py:188} INFO - [2024-05-23T17:01:47.297+0700] {dagbag.py:540} INFO - Filling up the DagBag from /mnt/d/Programming/Vietnamese-Text-Generator/airflow_env/lib/python3.10/site-packages/airflow/example_dags/example_sensor_decorator.py
[2024-05-23T17:01:47.315+0700] {processor.py:840} INFO - DAG(s) 'example_sensor_decorator' retrieved from /mnt/d/Programming/Vietnamese-Text-Generator/airflow_env/lib/python3.10/site-packages/airflow/example_dags/example_sensor_decorator.py
[2024-05-23T17:01:47.345+0700] {logging_mixin.py:188} INFO - [2024-05-23T17:01:47.344+0700] {dag.py:3096} INFO - Sync 1 DAGs
[2024-05-23T17:01:47.362+0700] {logging_mixin.py:188} INFO - [2024-05-23T17:01:47.361+0700] {dag.py:3954} INFO - Setting next_dagrun for example_sensor_decorator to None, run_after=None
[2024-05-23T17:01:47.422+0700] {processor.py:183} INFO - Processing /mnt/d/Programming/Vietnamese-Text-Generator/airflow_env/lib/python3.10/site-packages/airflow/example_dags/example_sensor_decorator.py took 0.140 seconds
[2024-05-23T17:03:00.109+0700] {processor.py:161} INFO - Started process (PID=24554) to work on /mnt/d/Programming/Vietnamese-Text-Generator/airflow_env/lib/python3.10/site-packages/airflow/example_dags/example_sensor_decorator.py
[2024-05-23T17:03:00.111+0700] {processor.py:830} INFO - Processing file /mnt/d/Programming/Vietnamese-Text-Generator/airflow_env/lib/python3.10/site-packages/airflow/example_dags/example_sensor_decorator.py for tasks to queue
[2024-05-23T17:03:00.113+0700] {logging_mixin.py:188} INFO - [2024-05-23T17:03:00.112+0700] {dagbag.py:540} INFO - Filling up the DagBag from /mnt/d/Programming/Vietnamese-Text-Generator/airflow_env/lib/python3.10/site-packages/airflow/example_dags/example_sensor_decorator.py
[2024-05-23T17:03:00.131+0700] {processor.py:840} INFO - DAG(s) 'example_sensor_decorator' retrieved from /mnt/d/Programming/Vietnamese-Text-Generator/airflow_env/lib/python3.10/site-packages/airflow/example_dags/example_sensor_decorator.py
[2024-05-23T17:03:00.160+0700] {logging_mixin.py:188} INFO - [2024-05-23T17:03:00.159+0700] {dag.py:3096} INFO - Sync 1 DAGs
[2024-05-23T17:03:00.177+0700] {logging_mixin.py:188} INFO - [2024-05-23T17:03:00.176+0700] {dag.py:3954} INFO - Setting next_dagrun for example_sensor_decorator to None, run_after=None
[2024-05-23T17:03:00.234+0700] {processor.py:183} INFO - Processing /mnt/d/Programming/Vietnamese-Text-Generator/airflow_env/lib/python3.10/site-packages/airflow/example_dags/example_sensor_decorator.py took 0.136 seconds
[2024-05-23T17:04:06.569+0700] {processor.py:161} INFO - Started process (PID=24864) to work on /mnt/d/Programming/Vietnamese-Text-Generator/airflow_env/lib/python3.10/site-packages/airflow/example_dags/example_sensor_decorator.py
[2024-05-23T17:04:06.570+0700] {processor.py:830} INFO - Processing file /mnt/d/Programming/Vietnamese-Text-Generator/airflow_env/lib/python3.10/site-packages/airflow/example_dags/example_sensor_decorator.py for tasks to queue
[2024-05-23T17:04:06.573+0700] {logging_mixin.py:188} INFO - [2024-05-23T17:04:06.572+0700] {dagbag.py:540} INFO - Filling up the DagBag from /mnt/d/Programming/Vietnamese-Text-Generator/airflow_env/lib/python3.10/site-packages/airflow/example_dags/example_sensor_decorator.py
[2024-05-23T17:04:06.591+0700] {processor.py:840} INFO - DAG(s) 'example_sensor_decorator' retrieved from /mnt/d/Programming/Vietnamese-Text-Generator/airflow_env/lib/python3.10/site-packages/airflow/example_dags/example_sensor_decorator.py
[2024-05-23T17:04:06.618+0700] {logging_mixin.py:188} INFO - [2024-05-23T17:04:06.617+0700] {dag.py:3096} INFO - Sync 1 DAGs
[2024-05-23T17:04:06.635+0700] {logging_mixin.py:188} INFO - [2024-05-23T17:04:06.633+0700] {dag.py:3954} INFO - Setting next_dagrun for example_sensor_decorator to None, run_after=None
[2024-05-23T17:04:06.695+0700] {processor.py:183} INFO - Processing /mnt/d/Programming/Vietnamese-Text-Generator/airflow_env/lib/python3.10/site-packages/airflow/example_dags/example_sensor_decorator.py took 0.137 seconds
