[2024-05-23T15:42:53.278+0700] {processor.py:161} INFO - Started process (PID=1137) to work on /mnt/d/Programming/Vietnamese-Text-Generator/airflow_env/lib/python3.10/site-packages/airflow/example_dags/example_setup_teardown.py
[2024-05-23T15:42:53.280+0700] {processor.py:830} INFO - Processing file /mnt/d/Programming/Vietnamese-Text-Generator/airflow_env/lib/python3.10/site-packages/airflow/example_dags/example_setup_teardown.py for tasks to queue
[2024-05-23T15:42:53.284+0700] {logging_mixin.py:188} INFO - [2024-05-23T15:42:53.283+0700] {dagbag.py:540} INFO - Filling up the DagBag from /mnt/d/Programming/Vietnamese-Text-Generator/airflow_env/lib/python3.10/site-packages/airflow/example_dags/example_setup_teardown.py
[2024-05-23T15:42:53.303+0700] {processor.py:840} INFO - DAG(s) 'example_setup_teardown' retrieved from /mnt/d/Programming/Vietnamese-Text-Generator/airflow_env/lib/python3.10/site-packages/airflow/example_dags/example_setup_teardown.py
[2024-05-23T15:42:53.339+0700] {logging_mixin.py:188} INFO - [2024-05-23T15:42:53.338+0700] {dag.py:3096} INFO - Sync 1 DAGs
[2024-05-23T15:42:53.371+0700] {logging_mixin.py:188} INFO - [2024-05-23T15:42:53.370+0700] {dag.py:3954} INFO - Setting next_dagrun for example_setup_teardown to 2024-05-22 00:00:00+00:00, run_after=2024-05-23 00:00:00+00:00
[2024-05-23T15:42:53.426+0700] {processor.py:183} INFO - Processing /mnt/d/Programming/Vietnamese-Text-Generator/airflow_env/lib/python3.10/site-packages/airflow/example_dags/example_setup_teardown.py took 0.159 seconds
[2024-05-23T15:44:07.865+0700] {processor.py:161} INFO - Started process (PID=1493) to work on /mnt/d/Programming/Vietnamese-Text-Generator/airflow_env/lib/python3.10/site-packages/airflow/example_dags/example_setup_teardown.py
[2024-05-23T15:44:07.868+0700] {processor.py:830} INFO - Processing file /mnt/d/Programming/Vietnamese-Text-Generator/airflow_env/lib/python3.10/site-packages/airflow/example_dags/example_setup_teardown.py for tasks to queue
[2024-05-23T15:44:07.872+0700] {logging_mixin.py:188} INFO - [2024-05-23T15:44:07.871+0700] {dagbag.py:540} INFO - Filling up the DagBag from /mnt/d/Programming/Vietnamese-Text-Generator/airflow_env/lib/python3.10/site-packages/airflow/example_dags/example_setup_teardown.py
[2024-05-23T15:44:07.917+0700] {processor.py:840} INFO - DAG(s) 'example_setup_teardown' retrieved from /mnt/d/Programming/Vietnamese-Text-Generator/airflow_env/lib/python3.10/site-packages/airflow/example_dags/example_setup_teardown.py
[2024-05-23T15:44:07.943+0700] {logging_mixin.py:188} INFO - [2024-05-23T15:44:07.942+0700] {dag.py:3096} INFO - Sync 1 DAGs
[2024-05-23T15:44:07.969+0700] {logging_mixin.py:188} INFO - [2024-05-23T15:44:07.968+0700] {dag.py:3954} INFO - Setting next_dagrun for example_setup_teardown to 2024-05-22 00:00:00+00:00, run_after=2024-05-23 00:00:00+00:00
[2024-05-23T15:44:08.036+0700] {processor.py:183} INFO - Processing /mnt/d/Programming/Vietnamese-Text-Generator/airflow_env/lib/python3.10/site-packages/airflow/example_dags/example_setup_teardown.py took 0.185 seconds
[2024-05-23T15:45:21.192+0700] {processor.py:161} INFO - Started process (PID=1851) to work on /mnt/d/Programming/Vietnamese-Text-Generator/airflow_env/lib/python3.10/site-packages/airflow/example_dags/example_setup_teardown.py
[2024-05-23T15:45:21.194+0700] {processor.py:830} INFO - Processing file /mnt/d/Programming/Vietnamese-Text-Generator/airflow_env/lib/python3.10/site-packages/airflow/example_dags/example_setup_teardown.py for tasks to queue
[2024-05-23T15:45:21.198+0700] {logging_mixin.py:188} INFO - [2024-05-23T15:45:21.197+0700] {dagbag.py:540} INFO - Filling up the DagBag from /mnt/d/Programming/Vietnamese-Text-Generator/airflow_env/lib/python3.10/site-packages/airflow/example_dags/example_setup_teardown.py
[2024-05-23T15:45:21.217+0700] {processor.py:840} INFO - DAG(s) 'example_setup_teardown' retrieved from /mnt/d/Programming/Vietnamese-Text-Generator/airflow_env/lib/python3.10/site-packages/airflow/example_dags/example_setup_teardown.py
[2024-05-23T15:45:21.248+0700] {logging_mixin.py:188} INFO - [2024-05-23T15:45:21.246+0700] {dag.py:3096} INFO - Sync 1 DAGs
[2024-05-23T15:45:21.282+0700] {logging_mixin.py:188} INFO - [2024-05-23T15:45:21.281+0700] {dag.py:3954} INFO - Setting next_dagrun for example_setup_teardown to 2024-05-22 00:00:00+00:00, run_after=2024-05-23 00:00:00+00:00
[2024-05-23T15:45:21.332+0700] {processor.py:183} INFO - Processing /mnt/d/Programming/Vietnamese-Text-Generator/airflow_env/lib/python3.10/site-packages/airflow/example_dags/example_setup_teardown.py took 0.156 seconds
[2024-05-23T15:46:33.543+0700] {processor.py:161} INFO - Started process (PID=2551) to work on /mnt/d/Programming/Vietnamese-Text-Generator/airflow_env/lib/python3.10/site-packages/airflow/example_dags/example_setup_teardown.py
[2024-05-23T15:46:33.546+0700] {processor.py:830} INFO - Processing file /mnt/d/Programming/Vietnamese-Text-Generator/airflow_env/lib/python3.10/site-packages/airflow/example_dags/example_setup_teardown.py for tasks to queue
[2024-05-23T15:46:33.550+0700] {logging_mixin.py:188} INFO - [2024-05-23T15:46:33.549+0700] {dagbag.py:540} INFO - Filling up the DagBag from /mnt/d/Programming/Vietnamese-Text-Generator/airflow_env/lib/python3.10/site-packages/airflow/example_dags/example_setup_teardown.py
[2024-05-23T15:46:33.571+0700] {processor.py:840} INFO - DAG(s) 'example_setup_teardown' retrieved from /mnt/d/Programming/Vietnamese-Text-Generator/airflow_env/lib/python3.10/site-packages/airflow/example_dags/example_setup_teardown.py
[2024-05-23T15:46:33.603+0700] {logging_mixin.py:188} INFO - [2024-05-23T15:46:33.602+0700] {dag.py:3096} INFO - Sync 1 DAGs
[2024-05-23T15:46:33.640+0700] {logging_mixin.py:188} INFO - [2024-05-23T15:46:33.639+0700] {dag.py:3954} INFO - Setting next_dagrun for example_setup_teardown to 2024-05-22 00:00:00+00:00, run_after=2024-05-23 00:00:00+00:00
[2024-05-23T15:46:33.714+0700] {processor.py:183} INFO - Processing /mnt/d/Programming/Vietnamese-Text-Generator/airflow_env/lib/python3.10/site-packages/airflow/example_dags/example_setup_teardown.py took 0.182 seconds
[2024-05-23T15:47:40.645+0700] {processor.py:161} INFO - Started process (PID=2870) to work on /mnt/d/Programming/Vietnamese-Text-Generator/airflow_env/lib/python3.10/site-packages/airflow/example_dags/example_setup_teardown.py
[2024-05-23T15:47:40.647+0700] {processor.py:830} INFO - Processing file /mnt/d/Programming/Vietnamese-Text-Generator/airflow_env/lib/python3.10/site-packages/airflow/example_dags/example_setup_teardown.py for tasks to queue
[2024-05-23T15:47:40.651+0700] {logging_mixin.py:188} INFO - [2024-05-23T15:47:40.650+0700] {dagbag.py:540} INFO - Filling up the DagBag from /mnt/d/Programming/Vietnamese-Text-Generator/airflow_env/lib/python3.10/site-packages/airflow/example_dags/example_setup_teardown.py
[2024-05-23T15:47:40.670+0700] {processor.py:840} INFO - DAG(s) 'example_setup_teardown' retrieved from /mnt/d/Programming/Vietnamese-Text-Generator/airflow_env/lib/python3.10/site-packages/airflow/example_dags/example_setup_teardown.py
[2024-05-23T15:47:40.702+0700] {logging_mixin.py:188} INFO - [2024-05-23T15:47:40.700+0700] {dag.py:3096} INFO - Sync 1 DAGs
[2024-05-23T15:47:40.736+0700] {logging_mixin.py:188} INFO - [2024-05-23T15:47:40.735+0700] {dag.py:3954} INFO - Setting next_dagrun for example_setup_teardown to 2024-05-22 00:00:00+00:00, run_after=2024-05-23 00:00:00+00:00
[2024-05-23T15:47:40.805+0700] {processor.py:183} INFO - Processing /mnt/d/Programming/Vietnamese-Text-Generator/airflow_env/lib/python3.10/site-packages/airflow/example_dags/example_setup_teardown.py took 0.172 seconds
[2024-05-23T15:54:54.986+0700] {processor.py:161} INFO - Started process (PID=4715) to work on /mnt/d/Programming/Vietnamese-Text-Generator/airflow_env/lib/python3.10/site-packages/airflow/example_dags/example_setup_teardown.py
[2024-05-23T15:54:54.988+0700] {processor.py:830} INFO - Processing file /mnt/d/Programming/Vietnamese-Text-Generator/airflow_env/lib/python3.10/site-packages/airflow/example_dags/example_setup_teardown.py for tasks to queue
[2024-05-23T15:54:54.991+0700] {logging_mixin.py:188} INFO - [2024-05-23T15:54:54.989+0700] {dagbag.py:540} INFO - Filling up the DagBag from /mnt/d/Programming/Vietnamese-Text-Generator/airflow_env/lib/python3.10/site-packages/airflow/example_dags/example_setup_teardown.py
[2024-05-23T15:54:55.009+0700] {processor.py:840} INFO - DAG(s) 'example_setup_teardown' retrieved from /mnt/d/Programming/Vietnamese-Text-Generator/airflow_env/lib/python3.10/site-packages/airflow/example_dags/example_setup_teardown.py
[2024-05-23T15:54:55.047+0700] {logging_mixin.py:188} INFO - [2024-05-23T15:54:55.046+0700] {dag.py:3096} INFO - Sync 1 DAGs
[2024-05-23T15:54:55.078+0700] {logging_mixin.py:188} INFO - [2024-05-23T15:54:55.077+0700] {dag.py:3954} INFO - Setting next_dagrun for example_setup_teardown to 2024-05-22 00:00:00+00:00, run_after=2024-05-23 00:00:00+00:00
[2024-05-23T15:54:55.137+0700] {processor.py:183} INFO - Processing /mnt/d/Programming/Vietnamese-Text-Generator/airflow_env/lib/python3.10/site-packages/airflow/example_dags/example_setup_teardown.py took 0.163 seconds
[2024-05-23T15:56:00.581+0700] {processor.py:161} INFO - Started process (PID=5029) to work on /mnt/d/Programming/Vietnamese-Text-Generator/airflow_env/lib/python3.10/site-packages/airflow/example_dags/example_setup_teardown.py
[2024-05-23T15:56:00.582+0700] {processor.py:830} INFO - Processing file /mnt/d/Programming/Vietnamese-Text-Generator/airflow_env/lib/python3.10/site-packages/airflow/example_dags/example_setup_teardown.py for tasks to queue
[2024-05-23T15:56:00.585+0700] {logging_mixin.py:188} INFO - [2024-05-23T15:56:00.584+0700] {dagbag.py:540} INFO - Filling up the DagBag from /mnt/d/Programming/Vietnamese-Text-Generator/airflow_env/lib/python3.10/site-packages/airflow/example_dags/example_setup_teardown.py
[2024-05-23T15:56:00.610+0700] {processor.py:840} INFO - DAG(s) 'example_setup_teardown' retrieved from /mnt/d/Programming/Vietnamese-Text-Generator/airflow_env/lib/python3.10/site-packages/airflow/example_dags/example_setup_teardown.py
[2024-05-23T15:56:00.646+0700] {logging_mixin.py:188} INFO - [2024-05-23T15:56:00.645+0700] {dag.py:3096} INFO - Sync 1 DAGs
[2024-05-23T15:56:00.682+0700] {logging_mixin.py:188} INFO - [2024-05-23T15:56:00.681+0700] {dag.py:3954} INFO - Setting next_dagrun for example_setup_teardown to 2024-05-22 00:00:00+00:00, run_after=2024-05-23 00:00:00+00:00
[2024-05-23T15:56:00.738+0700] {processor.py:183} INFO - Processing /mnt/d/Programming/Vietnamese-Text-Generator/airflow_env/lib/python3.10/site-packages/airflow/example_dags/example_setup_teardown.py took 0.170 seconds
[2024-05-23T15:57:09.099+0700] {processor.py:161} INFO - Started process (PID=5352) to work on /mnt/d/Programming/Vietnamese-Text-Generator/airflow_env/lib/python3.10/site-packages/airflow/example_dags/example_setup_teardown.py
[2024-05-23T15:57:09.101+0700] {processor.py:830} INFO - Processing file /mnt/d/Programming/Vietnamese-Text-Generator/airflow_env/lib/python3.10/site-packages/airflow/example_dags/example_setup_teardown.py for tasks to queue
[2024-05-23T15:57:09.103+0700] {logging_mixin.py:188} INFO - [2024-05-23T15:57:09.102+0700] {dagbag.py:540} INFO - Filling up the DagBag from /mnt/d/Programming/Vietnamese-Text-Generator/airflow_env/lib/python3.10/site-packages/airflow/example_dags/example_setup_teardown.py
[2024-05-23T15:57:09.124+0700] {processor.py:840} INFO - DAG(s) 'example_setup_teardown' retrieved from /mnt/d/Programming/Vietnamese-Text-Generator/airflow_env/lib/python3.10/site-packages/airflow/example_dags/example_setup_teardown.py
[2024-05-23T15:57:09.159+0700] {logging_mixin.py:188} INFO - [2024-05-23T15:57:09.158+0700] {dag.py:3096} INFO - Sync 1 DAGs
[2024-05-23T15:57:09.185+0700] {logging_mixin.py:188} INFO - [2024-05-23T15:57:09.184+0700] {dag.py:3954} INFO - Setting next_dagrun for example_setup_teardown to 2024-05-22 00:00:00+00:00, run_after=2024-05-23 00:00:00+00:00
[2024-05-23T15:57:09.251+0700] {processor.py:183} INFO - Processing /mnt/d/Programming/Vietnamese-Text-Generator/airflow_env/lib/python3.10/site-packages/airflow/example_dags/example_setup_teardown.py took 0.166 seconds
[2024-05-23T15:58:18.584+0700] {processor.py:161} INFO - Started process (PID=5678) to work on /mnt/d/Programming/Vietnamese-Text-Generator/airflow_env/lib/python3.10/site-packages/airflow/example_dags/example_setup_teardown.py
[2024-05-23T15:58:18.586+0700] {processor.py:830} INFO - Processing file /mnt/d/Programming/Vietnamese-Text-Generator/airflow_env/lib/python3.10/site-packages/airflow/example_dags/example_setup_teardown.py for tasks to queue
[2024-05-23T15:58:18.588+0700] {logging_mixin.py:188} INFO - [2024-05-23T15:58:18.587+0700] {dagbag.py:540} INFO - Filling up the DagBag from /mnt/d/Programming/Vietnamese-Text-Generator/airflow_env/lib/python3.10/site-packages/airflow/example_dags/example_setup_teardown.py
[2024-05-23T15:58:18.604+0700] {processor.py:840} INFO - DAG(s) 'example_setup_teardown' retrieved from /mnt/d/Programming/Vietnamese-Text-Generator/airflow_env/lib/python3.10/site-packages/airflow/example_dags/example_setup_teardown.py
[2024-05-23T15:58:18.634+0700] {logging_mixin.py:188} INFO - [2024-05-23T15:58:18.633+0700] {dag.py:3096} INFO - Sync 1 DAGs
[2024-05-23T15:58:18.663+0700] {logging_mixin.py:188} INFO - [2024-05-23T15:58:18.662+0700] {dag.py:3954} INFO - Setting next_dagrun for example_setup_teardown to 2024-05-22 00:00:00+00:00, run_after=2024-05-23 00:00:00+00:00
[2024-05-23T15:58:18.728+0700] {processor.py:183} INFO - Processing /mnt/d/Programming/Vietnamese-Text-Generator/airflow_env/lib/python3.10/site-packages/airflow/example_dags/example_setup_teardown.py took 0.156 seconds
[2024-05-23T15:59:31.143+0700] {processor.py:161} INFO - Started process (PID=6018) to work on /mnt/d/Programming/Vietnamese-Text-Generator/airflow_env/lib/python3.10/site-packages/airflow/example_dags/example_setup_teardown.py
[2024-05-23T15:59:31.146+0700] {processor.py:830} INFO - Processing file /mnt/d/Programming/Vietnamese-Text-Generator/airflow_env/lib/python3.10/site-packages/airflow/example_dags/example_setup_teardown.py for tasks to queue
[2024-05-23T15:59:31.148+0700] {logging_mixin.py:188} INFO - [2024-05-23T15:59:31.147+0700] {dagbag.py:540} INFO - Filling up the DagBag from /mnt/d/Programming/Vietnamese-Text-Generator/airflow_env/lib/python3.10/site-packages/airflow/example_dags/example_setup_teardown.py
[2024-05-23T15:59:31.171+0700] {processor.py:840} INFO - DAG(s) 'example_setup_teardown' retrieved from /mnt/d/Programming/Vietnamese-Text-Generator/airflow_env/lib/python3.10/site-packages/airflow/example_dags/example_setup_teardown.py
[2024-05-23T15:59:31.200+0700] {logging_mixin.py:188} INFO - [2024-05-23T15:59:31.199+0700] {dag.py:3096} INFO - Sync 1 DAGs
[2024-05-23T15:59:31.228+0700] {logging_mixin.py:188} INFO - [2024-05-23T15:59:31.226+0700] {dag.py:3954} INFO - Setting next_dagrun for example_setup_teardown to 2024-05-22 00:00:00+00:00, run_after=2024-05-23 00:00:00+00:00
[2024-05-23T15:59:31.286+0700] {processor.py:183} INFO - Processing /mnt/d/Programming/Vietnamese-Text-Generator/airflow_env/lib/python3.10/site-packages/airflow/example_dags/example_setup_teardown.py took 0.153 seconds
[2024-05-23T16:00:38.543+0700] {processor.py:161} INFO - Started process (PID=6339) to work on /mnt/d/Programming/Vietnamese-Text-Generator/airflow_env/lib/python3.10/site-packages/airflow/example_dags/example_setup_teardown.py
[2024-05-23T16:00:38.544+0700] {processor.py:830} INFO - Processing file /mnt/d/Programming/Vietnamese-Text-Generator/airflow_env/lib/python3.10/site-packages/airflow/example_dags/example_setup_teardown.py for tasks to queue
[2024-05-23T16:00:38.547+0700] {logging_mixin.py:188} INFO - [2024-05-23T16:00:38.546+0700] {dagbag.py:540} INFO - Filling up the DagBag from /mnt/d/Programming/Vietnamese-Text-Generator/airflow_env/lib/python3.10/site-packages/airflow/example_dags/example_setup_teardown.py
[2024-05-23T16:00:38.565+0700] {processor.py:840} INFO - DAG(s) 'example_setup_teardown' retrieved from /mnt/d/Programming/Vietnamese-Text-Generator/airflow_env/lib/python3.10/site-packages/airflow/example_dags/example_setup_teardown.py
[2024-05-23T16:00:38.599+0700] {logging_mixin.py:188} INFO - [2024-05-23T16:00:38.598+0700] {dag.py:3096} INFO - Sync 1 DAGs
[2024-05-23T16:00:38.631+0700] {logging_mixin.py:188} INFO - [2024-05-23T16:00:38.630+0700] {dag.py:3954} INFO - Setting next_dagrun for example_setup_teardown to 2024-05-22 00:00:00+00:00, run_after=2024-05-23 00:00:00+00:00
[2024-05-23T16:00:38.686+0700] {processor.py:183} INFO - Processing /mnt/d/Programming/Vietnamese-Text-Generator/airflow_env/lib/python3.10/site-packages/airflow/example_dags/example_setup_teardown.py took 0.155 seconds
[2024-05-23T16:01:44.475+0700] {processor.py:161} INFO - Started process (PID=6650) to work on /mnt/d/Programming/Vietnamese-Text-Generator/airflow_env/lib/python3.10/site-packages/airflow/example_dags/example_setup_teardown.py
[2024-05-23T16:01:44.477+0700] {processor.py:830} INFO - Processing file /mnt/d/Programming/Vietnamese-Text-Generator/airflow_env/lib/python3.10/site-packages/airflow/example_dags/example_setup_teardown.py for tasks to queue
[2024-05-23T16:01:44.480+0700] {logging_mixin.py:188} INFO - [2024-05-23T16:01:44.479+0700] {dagbag.py:540} INFO - Filling up the DagBag from /mnt/d/Programming/Vietnamese-Text-Generator/airflow_env/lib/python3.10/site-packages/airflow/example_dags/example_setup_teardown.py
[2024-05-23T16:01:44.500+0700] {processor.py:840} INFO - DAG(s) 'example_setup_teardown' retrieved from /mnt/d/Programming/Vietnamese-Text-Generator/airflow_env/lib/python3.10/site-packages/airflow/example_dags/example_setup_teardown.py
[2024-05-23T16:01:44.535+0700] {logging_mixin.py:188} INFO - [2024-05-23T16:01:44.534+0700] {dag.py:3096} INFO - Sync 1 DAGs
[2024-05-23T16:01:44.564+0700] {logging_mixin.py:188} INFO - [2024-05-23T16:01:44.564+0700] {dag.py:3954} INFO - Setting next_dagrun for example_setup_teardown to 2024-05-22 00:00:00+00:00, run_after=2024-05-23 00:00:00+00:00
[2024-05-23T16:01:44.617+0700] {processor.py:183} INFO - Processing /mnt/d/Programming/Vietnamese-Text-Generator/airflow_env/lib/python3.10/site-packages/airflow/example_dags/example_setup_teardown.py took 0.154 seconds
[2024-05-23T16:02:52.315+0700] {processor.py:161} INFO - Started process (PID=6972) to work on /mnt/d/Programming/Vietnamese-Text-Generator/airflow_env/lib/python3.10/site-packages/airflow/example_dags/example_setup_teardown.py
[2024-05-23T16:02:52.317+0700] {processor.py:830} INFO - Processing file /mnt/d/Programming/Vietnamese-Text-Generator/airflow_env/lib/python3.10/site-packages/airflow/example_dags/example_setup_teardown.py for tasks to queue
[2024-05-23T16:02:52.320+0700] {logging_mixin.py:188} INFO - [2024-05-23T16:02:52.318+0700] {dagbag.py:540} INFO - Filling up the DagBag from /mnt/d/Programming/Vietnamese-Text-Generator/airflow_env/lib/python3.10/site-packages/airflow/example_dags/example_setup_teardown.py
[2024-05-23T16:02:52.339+0700] {processor.py:840} INFO - DAG(s) 'example_setup_teardown' retrieved from /mnt/d/Programming/Vietnamese-Text-Generator/airflow_env/lib/python3.10/site-packages/airflow/example_dags/example_setup_teardown.py
[2024-05-23T16:02:52.373+0700] {logging_mixin.py:188} INFO - [2024-05-23T16:02:52.371+0700] {dag.py:3096} INFO - Sync 1 DAGs
[2024-05-23T16:02:52.401+0700] {logging_mixin.py:188} INFO - [2024-05-23T16:02:52.401+0700] {dag.py:3954} INFO - Setting next_dagrun for example_setup_teardown to 2024-05-22 00:00:00+00:00, run_after=2024-05-23 00:00:00+00:00
[2024-05-23T16:02:52.468+0700] {processor.py:183} INFO - Processing /mnt/d/Programming/Vietnamese-Text-Generator/airflow_env/lib/python3.10/site-packages/airflow/example_dags/example_setup_teardown.py took 0.166 seconds
[2024-05-23T16:04:08.308+0700] {processor.py:161} INFO - Started process (PID=7329) to work on /mnt/d/Programming/Vietnamese-Text-Generator/airflow_env/lib/python3.10/site-packages/airflow/example_dags/example_setup_teardown.py
[2024-05-23T16:04:08.309+0700] {processor.py:830} INFO - Processing file /mnt/d/Programming/Vietnamese-Text-Generator/airflow_env/lib/python3.10/site-packages/airflow/example_dags/example_setup_teardown.py for tasks to queue
[2024-05-23T16:04:08.311+0700] {logging_mixin.py:188} INFO - [2024-05-23T16:04:08.310+0700] {dagbag.py:540} INFO - Filling up the DagBag from /mnt/d/Programming/Vietnamese-Text-Generator/airflow_env/lib/python3.10/site-packages/airflow/example_dags/example_setup_teardown.py
[2024-05-23T16:04:08.331+0700] {processor.py:840} INFO - DAG(s) 'example_setup_teardown' retrieved from /mnt/d/Programming/Vietnamese-Text-Generator/airflow_env/lib/python3.10/site-packages/airflow/example_dags/example_setup_teardown.py
[2024-05-23T16:04:08.365+0700] {logging_mixin.py:188} INFO - [2024-05-23T16:04:08.364+0700] {dag.py:3096} INFO - Sync 1 DAGs
[2024-05-23T16:04:08.399+0700] {logging_mixin.py:188} INFO - [2024-05-23T16:04:08.398+0700] {dag.py:3954} INFO - Setting next_dagrun for example_setup_teardown to 2024-05-22 00:00:00+00:00, run_after=2024-05-23 00:00:00+00:00
[2024-05-23T16:04:08.466+0700] {processor.py:183} INFO - Processing /mnt/d/Programming/Vietnamese-Text-Generator/airflow_env/lib/python3.10/site-packages/airflow/example_dags/example_setup_teardown.py took 0.170 seconds
[2024-05-23T16:35:12.691+0700] {processor.py:161} INFO - Started process (PID=17100) to work on /mnt/d/Programming/Vietnamese-Text-Generator/airflow_env/lib/python3.10/site-packages/airflow/example_dags/example_setup_teardown.py
[2024-05-23T16:35:12.693+0700] {processor.py:830} INFO - Processing file /mnt/d/Programming/Vietnamese-Text-Generator/airflow_env/lib/python3.10/site-packages/airflow/example_dags/example_setup_teardown.py for tasks to queue
[2024-05-23T16:35:12.695+0700] {logging_mixin.py:188} INFO - [2024-05-23T16:35:12.694+0700] {dagbag.py:540} INFO - Filling up the DagBag from /mnt/d/Programming/Vietnamese-Text-Generator/airflow_env/lib/python3.10/site-packages/airflow/example_dags/example_setup_teardown.py
[2024-05-23T16:35:12.715+0700] {processor.py:840} INFO - DAG(s) 'example_setup_teardown' retrieved from /mnt/d/Programming/Vietnamese-Text-Generator/airflow_env/lib/python3.10/site-packages/airflow/example_dags/example_setup_teardown.py
[2024-05-23T16:35:12.751+0700] {logging_mixin.py:188} INFO - [2024-05-23T16:35:12.750+0700] {dag.py:3096} INFO - Sync 1 DAGs
[2024-05-23T16:35:12.783+0700] {logging_mixin.py:188} INFO - [2024-05-23T16:35:12.782+0700] {dag.py:3954} INFO - Setting next_dagrun for example_setup_teardown to 2024-05-22 00:00:00+00:00, run_after=2024-05-23 00:00:00+00:00
[2024-05-23T16:35:12.839+0700] {processor.py:183} INFO - Processing /mnt/d/Programming/Vietnamese-Text-Generator/airflow_env/lib/python3.10/site-packages/airflow/example_dags/example_setup_teardown.py took 0.160 seconds
[2024-05-23T16:36:21.127+0700] {processor.py:161} INFO - Started process (PID=17416) to work on /mnt/d/Programming/Vietnamese-Text-Generator/airflow_env/lib/python3.10/site-packages/airflow/example_dags/example_setup_teardown.py
[2024-05-23T16:36:21.129+0700] {processor.py:830} INFO - Processing file /mnt/d/Programming/Vietnamese-Text-Generator/airflow_env/lib/python3.10/site-packages/airflow/example_dags/example_setup_teardown.py for tasks to queue
[2024-05-23T16:36:21.132+0700] {logging_mixin.py:188} INFO - [2024-05-23T16:36:21.131+0700] {dagbag.py:540} INFO - Filling up the DagBag from /mnt/d/Programming/Vietnamese-Text-Generator/airflow_env/lib/python3.10/site-packages/airflow/example_dags/example_setup_teardown.py
[2024-05-23T16:36:21.151+0700] {processor.py:840} INFO - DAG(s) 'example_setup_teardown' retrieved from /mnt/d/Programming/Vietnamese-Text-Generator/airflow_env/lib/python3.10/site-packages/airflow/example_dags/example_setup_teardown.py
[2024-05-23T16:36:21.187+0700] {logging_mixin.py:188} INFO - [2024-05-23T16:36:21.185+0700] {dag.py:3096} INFO - Sync 1 DAGs
[2024-05-23T16:36:21.224+0700] {logging_mixin.py:188} INFO - [2024-05-23T16:36:21.223+0700] {dag.py:3954} INFO - Setting next_dagrun for example_setup_teardown to 2024-05-22 00:00:00+00:00, run_after=2024-05-23 00:00:00+00:00
[2024-05-23T16:36:21.298+0700] {processor.py:183} INFO - Processing /mnt/d/Programming/Vietnamese-Text-Generator/airflow_env/lib/python3.10/site-packages/airflow/example_dags/example_setup_teardown.py took 0.183 seconds
[2024-05-23T16:37:35.646+0700] {processor.py:161} INFO - Started process (PID=17764) to work on /mnt/d/Programming/Vietnamese-Text-Generator/airflow_env/lib/python3.10/site-packages/airflow/example_dags/example_setup_teardown.py
[2024-05-23T16:37:35.648+0700] {processor.py:830} INFO - Processing file /mnt/d/Programming/Vietnamese-Text-Generator/airflow_env/lib/python3.10/site-packages/airflow/example_dags/example_setup_teardown.py for tasks to queue
[2024-05-23T16:37:35.651+0700] {logging_mixin.py:188} INFO - [2024-05-23T16:37:35.650+0700] {dagbag.py:540} INFO - Filling up the DagBag from /mnt/d/Programming/Vietnamese-Text-Generator/airflow_env/lib/python3.10/site-packages/airflow/example_dags/example_setup_teardown.py
[2024-05-23T16:37:35.668+0700] {processor.py:840} INFO - DAG(s) 'example_setup_teardown' retrieved from /mnt/d/Programming/Vietnamese-Text-Generator/airflow_env/lib/python3.10/site-packages/airflow/example_dags/example_setup_teardown.py
[2024-05-23T16:37:35.702+0700] {logging_mixin.py:188} INFO - [2024-05-23T16:37:35.700+0700] {dag.py:3096} INFO - Sync 1 DAGs
[2024-05-23T16:37:35.733+0700] {logging_mixin.py:188} INFO - [2024-05-23T16:37:35.732+0700] {dag.py:3954} INFO - Setting next_dagrun for example_setup_teardown to 2024-05-22 00:00:00+00:00, run_after=2024-05-23 00:00:00+00:00
[2024-05-23T16:37:35.807+0700] {processor.py:183} INFO - Processing /mnt/d/Programming/Vietnamese-Text-Generator/airflow_env/lib/python3.10/site-packages/airflow/example_dags/example_setup_teardown.py took 0.173 seconds
[2024-05-23T16:50:00.103+0700] {processor.py:161} INFO - Started process (PID=20918) to work on /mnt/d/Programming/Vietnamese-Text-Generator/airflow_env/lib/python3.10/site-packages/airflow/example_dags/example_setup_teardown.py
[2024-05-23T16:50:00.106+0700] {processor.py:830} INFO - Processing file /mnt/d/Programming/Vietnamese-Text-Generator/airflow_env/lib/python3.10/site-packages/airflow/example_dags/example_setup_teardown.py for tasks to queue
[2024-05-23T16:50:00.109+0700] {logging_mixin.py:188} INFO - [2024-05-23T16:50:00.108+0700] {dagbag.py:540} INFO - Filling up the DagBag from /mnt/d/Programming/Vietnamese-Text-Generator/airflow_env/lib/python3.10/site-packages/airflow/example_dags/example_setup_teardown.py
[2024-05-23T16:50:00.134+0700] {processor.py:840} INFO - DAG(s) 'example_setup_teardown' retrieved from /mnt/d/Programming/Vietnamese-Text-Generator/airflow_env/lib/python3.10/site-packages/airflow/example_dags/example_setup_teardown.py
[2024-05-23T16:50:00.175+0700] {logging_mixin.py:188} INFO - [2024-05-23T16:50:00.174+0700] {dag.py:3096} INFO - Sync 1 DAGs
[2024-05-23T16:50:00.209+0700] {logging_mixin.py:188} INFO - [2024-05-23T16:50:00.208+0700] {dag.py:3954} INFO - Setting next_dagrun for example_setup_teardown to 2024-05-22 00:00:00+00:00, run_after=2024-05-23 00:00:00+00:00
[2024-05-23T16:50:00.266+0700] {processor.py:183} INFO - Processing /mnt/d/Programming/Vietnamese-Text-Generator/airflow_env/lib/python3.10/site-packages/airflow/example_dags/example_setup_teardown.py took 0.182 seconds
[2024-05-23T16:51:16.113+0700] {processor.py:161} INFO - Started process (PID=21270) to work on /mnt/d/Programming/Vietnamese-Text-Generator/airflow_env/lib/python3.10/site-packages/airflow/example_dags/example_setup_teardown.py
[2024-05-23T16:51:16.115+0700] {processor.py:830} INFO - Processing file /mnt/d/Programming/Vietnamese-Text-Generator/airflow_env/lib/python3.10/site-packages/airflow/example_dags/example_setup_teardown.py for tasks to queue
[2024-05-23T16:51:16.119+0700] {logging_mixin.py:188} INFO - [2024-05-23T16:51:16.118+0700] {dagbag.py:540} INFO - Filling up the DagBag from /mnt/d/Programming/Vietnamese-Text-Generator/airflow_env/lib/python3.10/site-packages/airflow/example_dags/example_setup_teardown.py
[2024-05-23T16:51:16.152+0700] {processor.py:840} INFO - DAG(s) 'example_setup_teardown' retrieved from /mnt/d/Programming/Vietnamese-Text-Generator/airflow_env/lib/python3.10/site-packages/airflow/example_dags/example_setup_teardown.py
[2024-05-23T16:51:16.198+0700] {logging_mixin.py:188} INFO - [2024-05-23T16:51:16.197+0700] {dag.py:3096} INFO - Sync 1 DAGs
[2024-05-23T16:51:16.239+0700] {logging_mixin.py:188} INFO - [2024-05-23T16:51:16.237+0700] {dag.py:3954} INFO - Setting next_dagrun for example_setup_teardown to 2024-05-22 00:00:00+00:00, run_after=2024-05-23 00:00:00+00:00
[2024-05-23T16:51:16.327+0700] {processor.py:183} INFO - Processing /mnt/d/Programming/Vietnamese-Text-Generator/airflow_env/lib/python3.10/site-packages/airflow/example_dags/example_setup_teardown.py took 0.232 seconds
[2024-05-23T16:52:29.055+0700] {processor.py:161} INFO - Started process (PID=21610) to work on /mnt/d/Programming/Vietnamese-Text-Generator/airflow_env/lib/python3.10/site-packages/airflow/example_dags/example_setup_teardown.py
[2024-05-23T16:52:29.057+0700] {processor.py:830} INFO - Processing file /mnt/d/Programming/Vietnamese-Text-Generator/airflow_env/lib/python3.10/site-packages/airflow/example_dags/example_setup_teardown.py for tasks to queue
[2024-05-23T16:52:29.059+0700] {logging_mixin.py:188} INFO - [2024-05-23T16:52:29.058+0700] {dagbag.py:540} INFO - Filling up the DagBag from /mnt/d/Programming/Vietnamese-Text-Generator/airflow_env/lib/python3.10/site-packages/airflow/example_dags/example_setup_teardown.py
[2024-05-23T16:52:29.077+0700] {processor.py:840} INFO - DAG(s) 'example_setup_teardown' retrieved from /mnt/d/Programming/Vietnamese-Text-Generator/airflow_env/lib/python3.10/site-packages/airflow/example_dags/example_setup_teardown.py
[2024-05-23T16:52:29.100+0700] {logging_mixin.py:188} INFO - [2024-05-23T16:52:29.099+0700] {dag.py:3096} INFO - Sync 1 DAGs
[2024-05-23T16:52:29.125+0700] {logging_mixin.py:188} INFO - [2024-05-23T16:52:29.124+0700] {dag.py:3954} INFO - Setting next_dagrun for example_setup_teardown to 2024-05-22 00:00:00+00:00, run_after=2024-05-23 00:00:00+00:00
[2024-05-23T16:52:29.182+0700] {processor.py:183} INFO - Processing /mnt/d/Programming/Vietnamese-Text-Generator/airflow_env/lib/python3.10/site-packages/airflow/example_dags/example_setup_teardown.py took 0.137 seconds
[2024-05-23T16:53:42.541+0700] {processor.py:161} INFO - Started process (PID=21952) to work on /mnt/d/Programming/Vietnamese-Text-Generator/airflow_env/lib/python3.10/site-packages/airflow/example_dags/example_setup_teardown.py
[2024-05-23T16:53:42.542+0700] {processor.py:830} INFO - Processing file /mnt/d/Programming/Vietnamese-Text-Generator/airflow_env/lib/python3.10/site-packages/airflow/example_dags/example_setup_teardown.py for tasks to queue
[2024-05-23T16:53:42.545+0700] {logging_mixin.py:188} INFO - [2024-05-23T16:53:42.544+0700] {dagbag.py:540} INFO - Filling up the DagBag from /mnt/d/Programming/Vietnamese-Text-Generator/airflow_env/lib/python3.10/site-packages/airflow/example_dags/example_setup_teardown.py
[2024-05-23T16:53:42.566+0700] {processor.py:840} INFO - DAG(s) 'example_setup_teardown' retrieved from /mnt/d/Programming/Vietnamese-Text-Generator/airflow_env/lib/python3.10/site-packages/airflow/example_dags/example_setup_teardown.py
[2024-05-23T16:53:42.599+0700] {logging_mixin.py:188} INFO - [2024-05-23T16:53:42.598+0700] {dag.py:3096} INFO - Sync 1 DAGs
[2024-05-23T16:53:42.631+0700] {logging_mixin.py:188} INFO - [2024-05-23T16:53:42.630+0700] {dag.py:3954} INFO - Setting next_dagrun for example_setup_teardown to 2024-05-22 00:00:00+00:00, run_after=2024-05-23 00:00:00+00:00
[2024-05-23T16:53:42.688+0700] {processor.py:183} INFO - Processing /mnt/d/Programming/Vietnamese-Text-Generator/airflow_env/lib/python3.10/site-packages/airflow/example_dags/example_setup_teardown.py took 0.159 seconds
[2024-05-23T16:54:52.312+0700] {processor.py:161} INFO - Started process (PID=22277) to work on /mnt/d/Programming/Vietnamese-Text-Generator/airflow_env/lib/python3.10/site-packages/airflow/example_dags/example_setup_teardown.py
[2024-05-23T16:54:52.313+0700] {processor.py:830} INFO - Processing file /mnt/d/Programming/Vietnamese-Text-Generator/airflow_env/lib/python3.10/site-packages/airflow/example_dags/example_setup_teardown.py for tasks to queue
[2024-05-23T16:54:52.315+0700] {logging_mixin.py:188} INFO - [2024-05-23T16:54:52.314+0700] {dagbag.py:540} INFO - Filling up the DagBag from /mnt/d/Programming/Vietnamese-Text-Generator/airflow_env/lib/python3.10/site-packages/airflow/example_dags/example_setup_teardown.py
[2024-05-23T16:54:52.334+0700] {processor.py:840} INFO - DAG(s) 'example_setup_teardown' retrieved from /mnt/d/Programming/Vietnamese-Text-Generator/airflow_env/lib/python3.10/site-packages/airflow/example_dags/example_setup_teardown.py
[2024-05-23T16:54:52.370+0700] {logging_mixin.py:188} INFO - [2024-05-23T16:54:52.369+0700] {dag.py:3096} INFO - Sync 1 DAGs
[2024-05-23T16:54:52.410+0700] {logging_mixin.py:188} INFO - [2024-05-23T16:54:52.409+0700] {dag.py:3954} INFO - Setting next_dagrun for example_setup_teardown to 2024-05-22 00:00:00+00:00, run_after=2024-05-23 00:00:00+00:00
[2024-05-23T16:54:52.477+0700] {processor.py:183} INFO - Processing /mnt/d/Programming/Vietnamese-Text-Generator/airflow_env/lib/python3.10/site-packages/airflow/example_dags/example_setup_teardown.py took 0.178 seconds
[2024-05-23T16:55:58.915+0700] {processor.py:161} INFO - Started process (PID=22592) to work on /mnt/d/Programming/Vietnamese-Text-Generator/airflow_env/lib/python3.10/site-packages/airflow/example_dags/example_setup_teardown.py
[2024-05-23T16:55:58.916+0700] {processor.py:830} INFO - Processing file /mnt/d/Programming/Vietnamese-Text-Generator/airflow_env/lib/python3.10/site-packages/airflow/example_dags/example_setup_teardown.py for tasks to queue
[2024-05-23T16:55:58.918+0700] {logging_mixin.py:188} INFO - [2024-05-23T16:55:58.917+0700] {dagbag.py:540} INFO - Filling up the DagBag from /mnt/d/Programming/Vietnamese-Text-Generator/airflow_env/lib/python3.10/site-packages/airflow/example_dags/example_setup_teardown.py
[2024-05-23T16:55:58.935+0700] {processor.py:840} INFO - DAG(s) 'example_setup_teardown' retrieved from /mnt/d/Programming/Vietnamese-Text-Generator/airflow_env/lib/python3.10/site-packages/airflow/example_dags/example_setup_teardown.py
[2024-05-23T16:55:58.965+0700] {logging_mixin.py:188} INFO - [2024-05-23T16:55:58.965+0700] {dag.py:3096} INFO - Sync 1 DAGs
[2024-05-23T16:55:58.998+0700] {logging_mixin.py:188} INFO - [2024-05-23T16:55:58.998+0700] {dag.py:3954} INFO - Setting next_dagrun for example_setup_teardown to 2024-05-22 00:00:00+00:00, run_after=2024-05-23 00:00:00+00:00
[2024-05-23T16:55:59.060+0700] {processor.py:183} INFO - Processing /mnt/d/Programming/Vietnamese-Text-Generator/airflow_env/lib/python3.10/site-packages/airflow/example_dags/example_setup_teardown.py took 0.158 seconds
[2024-05-23T16:57:09.125+0700] {processor.py:161} INFO - Started process (PID=22919) to work on /mnt/d/Programming/Vietnamese-Text-Generator/airflow_env/lib/python3.10/site-packages/airflow/example_dags/example_setup_teardown.py
[2024-05-23T16:57:09.128+0700] {processor.py:830} INFO - Processing file /mnt/d/Programming/Vietnamese-Text-Generator/airflow_env/lib/python3.10/site-packages/airflow/example_dags/example_setup_teardown.py for tasks to queue
[2024-05-23T16:57:09.130+0700] {logging_mixin.py:188} INFO - [2024-05-23T16:57:09.129+0700] {dagbag.py:540} INFO - Filling up the DagBag from /mnt/d/Programming/Vietnamese-Text-Generator/airflow_env/lib/python3.10/site-packages/airflow/example_dags/example_setup_teardown.py
[2024-05-23T16:57:09.163+0700] {processor.py:840} INFO - DAG(s) 'example_setup_teardown' retrieved from /mnt/d/Programming/Vietnamese-Text-Generator/airflow_env/lib/python3.10/site-packages/airflow/example_dags/example_setup_teardown.py
[2024-05-23T16:57:09.193+0700] {logging_mixin.py:188} INFO - [2024-05-23T16:57:09.192+0700] {dag.py:3096} INFO - Sync 1 DAGs
[2024-05-23T16:57:09.229+0700] {logging_mixin.py:188} INFO - [2024-05-23T16:57:09.228+0700] {dag.py:3954} INFO - Setting next_dagrun for example_setup_teardown to 2024-05-22 00:00:00+00:00, run_after=2024-05-23 00:00:00+00:00
[2024-05-23T16:57:09.285+0700] {processor.py:183} INFO - Processing /mnt/d/Programming/Vietnamese-Text-Generator/airflow_env/lib/python3.10/site-packages/airflow/example_dags/example_setup_teardown.py took 0.171 seconds
[2024-05-23T16:58:17.050+0700] {processor.py:161} INFO - Started process (PID=23237) to work on /mnt/d/Programming/Vietnamese-Text-Generator/airflow_env/lib/python3.10/site-packages/airflow/example_dags/example_setup_teardown.py
[2024-05-23T16:58:17.052+0700] {processor.py:830} INFO - Processing file /mnt/d/Programming/Vietnamese-Text-Generator/airflow_env/lib/python3.10/site-packages/airflow/example_dags/example_setup_teardown.py for tasks to queue
[2024-05-23T16:58:17.056+0700] {logging_mixin.py:188} INFO - [2024-05-23T16:58:17.054+0700] {dagbag.py:540} INFO - Filling up the DagBag from /mnt/d/Programming/Vietnamese-Text-Generator/airflow_env/lib/python3.10/site-packages/airflow/example_dags/example_setup_teardown.py
[2024-05-23T16:58:17.083+0700] {processor.py:840} INFO - DAG(s) 'example_setup_teardown' retrieved from /mnt/d/Programming/Vietnamese-Text-Generator/airflow_env/lib/python3.10/site-packages/airflow/example_dags/example_setup_teardown.py
[2024-05-23T16:58:17.106+0700] {logging_mixin.py:188} INFO - [2024-05-23T16:58:17.106+0700] {dag.py:3096} INFO - Sync 1 DAGs
[2024-05-23T16:58:17.132+0700] {logging_mixin.py:188} INFO - [2024-05-23T16:58:17.132+0700] {dag.py:3954} INFO - Setting next_dagrun for example_setup_teardown to 2024-05-22 00:00:00+00:00, run_after=2024-05-23 00:00:00+00:00
[2024-05-23T16:58:17.181+0700] {processor.py:183} INFO - Processing /mnt/d/Programming/Vietnamese-Text-Generator/airflow_env/lib/python3.10/site-packages/airflow/example_dags/example_setup_teardown.py took 0.145 seconds
[2024-05-23T16:59:27.533+0700] {processor.py:161} INFO - Started process (PID=23565) to work on /mnt/d/Programming/Vietnamese-Text-Generator/airflow_env/lib/python3.10/site-packages/airflow/example_dags/example_setup_teardown.py
[2024-05-23T16:59:27.538+0700] {processor.py:830} INFO - Processing file /mnt/d/Programming/Vietnamese-Text-Generator/airflow_env/lib/python3.10/site-packages/airflow/example_dags/example_setup_teardown.py for tasks to queue
[2024-05-23T16:59:27.541+0700] {logging_mixin.py:188} INFO - [2024-05-23T16:59:27.540+0700] {dagbag.py:540} INFO - Filling up the DagBag from /mnt/d/Programming/Vietnamese-Text-Generator/airflow_env/lib/python3.10/site-packages/airflow/example_dags/example_setup_teardown.py
[2024-05-23T16:59:27.568+0700] {processor.py:840} INFO - DAG(s) 'example_setup_teardown' retrieved from /mnt/d/Programming/Vietnamese-Text-Generator/airflow_env/lib/python3.10/site-packages/airflow/example_dags/example_setup_teardown.py
[2024-05-23T16:59:27.595+0700] {logging_mixin.py:188} INFO - [2024-05-23T16:59:27.594+0700] {dag.py:3096} INFO - Sync 1 DAGs
[2024-05-23T16:59:27.624+0700] {logging_mixin.py:188} INFO - [2024-05-23T16:59:27.624+0700] {dag.py:3954} INFO - Setting next_dagrun for example_setup_teardown to 2024-05-22 00:00:00+00:00, run_after=2024-05-23 00:00:00+00:00
[2024-05-23T16:59:27.706+0700] {processor.py:183} INFO - Processing /mnt/d/Programming/Vietnamese-Text-Generator/airflow_env/lib/python3.10/site-packages/airflow/example_dags/example_setup_teardown.py took 0.204 seconds
[2024-05-23T17:00:36.613+0700] {processor.py:161} INFO - Started process (PID=23890) to work on /mnt/d/Programming/Vietnamese-Text-Generator/airflow_env/lib/python3.10/site-packages/airflow/example_dags/example_setup_teardown.py
[2024-05-23T17:00:36.615+0700] {processor.py:830} INFO - Processing file /mnt/d/Programming/Vietnamese-Text-Generator/airflow_env/lib/python3.10/site-packages/airflow/example_dags/example_setup_teardown.py for tasks to queue
[2024-05-23T17:00:36.619+0700] {logging_mixin.py:188} INFO - [2024-05-23T17:00:36.618+0700] {dagbag.py:540} INFO - Filling up the DagBag from /mnt/d/Programming/Vietnamese-Text-Generator/airflow_env/lib/python3.10/site-packages/airflow/example_dags/example_setup_teardown.py
[2024-05-23T17:00:36.643+0700] {processor.py:840} INFO - DAG(s) 'example_setup_teardown' retrieved from /mnt/d/Programming/Vietnamese-Text-Generator/airflow_env/lib/python3.10/site-packages/airflow/example_dags/example_setup_teardown.py
[2024-05-23T17:00:36.677+0700] {logging_mixin.py:188} INFO - [2024-05-23T17:00:36.675+0700] {dag.py:3096} INFO - Sync 1 DAGs
[2024-05-23T17:00:36.708+0700] {logging_mixin.py:188} INFO - [2024-05-23T17:00:36.707+0700] {dag.py:3954} INFO - Setting next_dagrun for example_setup_teardown to 2024-05-22 00:00:00+00:00, run_after=2024-05-23 00:00:00+00:00
[2024-05-23T17:00:36.763+0700] {processor.py:183} INFO - Processing /mnt/d/Programming/Vietnamese-Text-Generator/airflow_env/lib/python3.10/site-packages/airflow/example_dags/example_setup_teardown.py took 0.166 seconds
[2024-05-23T17:01:45.448+0700] {processor.py:161} INFO - Started process (PID=24209) to work on /mnt/d/Programming/Vietnamese-Text-Generator/airflow_env/lib/python3.10/site-packages/airflow/example_dags/example_setup_teardown.py
[2024-05-23T17:01:45.450+0700] {processor.py:830} INFO - Processing file /mnt/d/Programming/Vietnamese-Text-Generator/airflow_env/lib/python3.10/site-packages/airflow/example_dags/example_setup_teardown.py for tasks to queue
[2024-05-23T17:01:45.453+0700] {logging_mixin.py:188} INFO - [2024-05-23T17:01:45.451+0700] {dagbag.py:540} INFO - Filling up the DagBag from /mnt/d/Programming/Vietnamese-Text-Generator/airflow_env/lib/python3.10/site-packages/airflow/example_dags/example_setup_teardown.py
[2024-05-23T17:01:45.471+0700] {processor.py:840} INFO - DAG(s) 'example_setup_teardown' retrieved from /mnt/d/Programming/Vietnamese-Text-Generator/airflow_env/lib/python3.10/site-packages/airflow/example_dags/example_setup_teardown.py
[2024-05-23T17:01:45.503+0700] {logging_mixin.py:188} INFO - [2024-05-23T17:01:45.501+0700] {dag.py:3096} INFO - Sync 1 DAGs
[2024-05-23T17:01:45.534+0700] {logging_mixin.py:188} INFO - [2024-05-23T17:01:45.533+0700] {dag.py:3954} INFO - Setting next_dagrun for example_setup_teardown to 2024-05-22 00:00:00+00:00, run_after=2024-05-23 00:00:00+00:00
[2024-05-23T17:01:45.607+0700] {processor.py:183} INFO - Processing /mnt/d/Programming/Vietnamese-Text-Generator/airflow_env/lib/python3.10/site-packages/airflow/example_dags/example_setup_teardown.py took 0.170 seconds
[2024-05-23T17:02:57.965+0700] {processor.py:161} INFO - Started process (PID=24544) to work on /mnt/d/Programming/Vietnamese-Text-Generator/airflow_env/lib/python3.10/site-packages/airflow/example_dags/example_setup_teardown.py
[2024-05-23T17:02:57.967+0700] {processor.py:830} INFO - Processing file /mnt/d/Programming/Vietnamese-Text-Generator/airflow_env/lib/python3.10/site-packages/airflow/example_dags/example_setup_teardown.py for tasks to queue
[2024-05-23T17:02:57.969+0700] {logging_mixin.py:188} INFO - [2024-05-23T17:02:57.968+0700] {dagbag.py:540} INFO - Filling up the DagBag from /mnt/d/Programming/Vietnamese-Text-Generator/airflow_env/lib/python3.10/site-packages/airflow/example_dags/example_setup_teardown.py
[2024-05-23T17:02:57.986+0700] {processor.py:840} INFO - DAG(s) 'example_setup_teardown' retrieved from /mnt/d/Programming/Vietnamese-Text-Generator/airflow_env/lib/python3.10/site-packages/airflow/example_dags/example_setup_teardown.py
[2024-05-23T17:02:58.015+0700] {logging_mixin.py:188} INFO - [2024-05-23T17:02:58.014+0700] {dag.py:3096} INFO - Sync 1 DAGs
[2024-05-23T17:02:58.045+0700] {logging_mixin.py:188} INFO - [2024-05-23T17:02:58.044+0700] {dag.py:3954} INFO - Setting next_dagrun for example_setup_teardown to 2024-05-22 00:00:00+00:00, run_after=2024-05-23 00:00:00+00:00
[2024-05-23T17:02:58.102+0700] {processor.py:183} INFO - Processing /mnt/d/Programming/Vietnamese-Text-Generator/airflow_env/lib/python3.10/site-packages/airflow/example_dags/example_setup_teardown.py took 0.147 seconds
[2024-05-23T17:04:04.527+0700] {processor.py:161} INFO - Started process (PID=24854) to work on /mnt/d/Programming/Vietnamese-Text-Generator/airflow_env/lib/python3.10/site-packages/airflow/example_dags/example_setup_teardown.py
[2024-05-23T17:04:04.529+0700] {processor.py:830} INFO - Processing file /mnt/d/Programming/Vietnamese-Text-Generator/airflow_env/lib/python3.10/site-packages/airflow/example_dags/example_setup_teardown.py for tasks to queue
[2024-05-23T17:04:04.531+0700] {logging_mixin.py:188} INFO - [2024-05-23T17:04:04.530+0700] {dagbag.py:540} INFO - Filling up the DagBag from /mnt/d/Programming/Vietnamese-Text-Generator/airflow_env/lib/python3.10/site-packages/airflow/example_dags/example_setup_teardown.py
[2024-05-23T17:04:04.551+0700] {processor.py:840} INFO - DAG(s) 'example_setup_teardown' retrieved from /mnt/d/Programming/Vietnamese-Text-Generator/airflow_env/lib/python3.10/site-packages/airflow/example_dags/example_setup_teardown.py
[2024-05-23T17:04:04.583+0700] {logging_mixin.py:188} INFO - [2024-05-23T17:04:04.582+0700] {dag.py:3096} INFO - Sync 1 DAGs
[2024-05-23T17:04:04.614+0700] {logging_mixin.py:188} INFO - [2024-05-23T17:04:04.613+0700] {dag.py:3954} INFO - Setting next_dagrun for example_setup_teardown to 2024-05-22 00:00:00+00:00, run_after=2024-05-23 00:00:00+00:00
[2024-05-23T17:04:04.668+0700] {processor.py:183} INFO - Processing /mnt/d/Programming/Vietnamese-Text-Generator/airflow_env/lib/python3.10/site-packages/airflow/example_dags/example_setup_teardown.py took 0.153 seconds
