[2024-05-23T15:42:48.014+0700] {processor.py:161} INFO - Started process (PID=1113) to work on /mnt/d/Programming/Vietnamese-Text-Generator/airflow_env/lib/python3.10/site-packages/airflow/example_dags/example_skip_dag.py
[2024-05-23T15:42:48.017+0700] {processor.py:830} INFO - Processing file /mnt/d/Programming/Vietnamese-Text-Generator/airflow_env/lib/python3.10/site-packages/airflow/example_dags/example_skip_dag.py for tasks to queue
[2024-05-23T15:42:48.020+0700] {logging_mixin.py:188} INFO - [2024-05-23T15:42:48.019+0700] {dagbag.py:540} INFO - Filling up the DagBag from /mnt/d/Programming/Vietnamese-Text-Generator/airflow_env/lib/python3.10/site-packages/airflow/example_dags/example_skip_dag.py
[2024-05-23T15:42:48.040+0700] {processor.py:840} INFO - DAG(s) 'example_skip_dag' retrieved from /mnt/d/Programming/Vietnamese-Text-Generator/airflow_env/lib/python3.10/site-packages/airflow/example_dags/example_skip_dag.py
[2024-05-23T15:42:48.078+0700] {logging_mixin.py:188} INFO - [2024-05-23T15:42:48.077+0700] {dag.py:3096} INFO - Sync 1 DAGs
[2024-05-23T15:42:48.113+0700] {logging_mixin.py:188} INFO - [2024-05-23T15:42:48.113+0700] {dag.py:3954} INFO - Setting next_dagrun for example_skip_dag to 2024-05-22 00:00:00+00:00, run_after=2024-05-23 00:00:00+00:00
[2024-05-23T15:42:48.177+0700] {processor.py:183} INFO - Processing /mnt/d/Programming/Vietnamese-Text-Generator/airflow_env/lib/python3.10/site-packages/airflow/example_dags/example_skip_dag.py took 0.174 seconds
[2024-05-23T15:44:03.378+0700] {processor.py:161} INFO - Started process (PID=1472) to work on /mnt/d/Programming/Vietnamese-Text-Generator/airflow_env/lib/python3.10/site-packages/airflow/example_dags/example_skip_dag.py
[2024-05-23T15:44:03.380+0700] {processor.py:830} INFO - Processing file /mnt/d/Programming/Vietnamese-Text-Generator/airflow_env/lib/python3.10/site-packages/airflow/example_dags/example_skip_dag.py for tasks to queue
[2024-05-23T15:44:03.383+0700] {logging_mixin.py:188} INFO - [2024-05-23T15:44:03.382+0700] {dagbag.py:540} INFO - Filling up the DagBag from /mnt/d/Programming/Vietnamese-Text-Generator/airflow_env/lib/python3.10/site-packages/airflow/example_dags/example_skip_dag.py
[2024-05-23T15:44:03.403+0700] {processor.py:840} INFO - DAG(s) 'example_skip_dag' retrieved from /mnt/d/Programming/Vietnamese-Text-Generator/airflow_env/lib/python3.10/site-packages/airflow/example_dags/example_skip_dag.py
[2024-05-23T15:44:03.436+0700] {logging_mixin.py:188} INFO - [2024-05-23T15:44:03.435+0700] {dag.py:3096} INFO - Sync 1 DAGs
[2024-05-23T15:44:03.470+0700] {logging_mixin.py:188} INFO - [2024-05-23T15:44:03.470+0700] {dag.py:3954} INFO - Setting next_dagrun for example_skip_dag to 2024-05-22 00:00:00+00:00, run_after=2024-05-23 00:00:00+00:00
[2024-05-23T15:44:03.542+0700] {processor.py:183} INFO - Processing /mnt/d/Programming/Vietnamese-Text-Generator/airflow_env/lib/python3.10/site-packages/airflow/example_dags/example_skip_dag.py took 0.175 seconds
[2024-05-23T15:45:15.835+0700] {processor.py:161} INFO - Started process (PID=1825) to work on /mnt/d/Programming/Vietnamese-Text-Generator/airflow_env/lib/python3.10/site-packages/airflow/example_dags/example_skip_dag.py
[2024-05-23T15:45:15.837+0700] {processor.py:830} INFO - Processing file /mnt/d/Programming/Vietnamese-Text-Generator/airflow_env/lib/python3.10/site-packages/airflow/example_dags/example_skip_dag.py for tasks to queue
[2024-05-23T15:45:15.841+0700] {logging_mixin.py:188} INFO - [2024-05-23T15:45:15.839+0700] {dagbag.py:540} INFO - Filling up the DagBag from /mnt/d/Programming/Vietnamese-Text-Generator/airflow_env/lib/python3.10/site-packages/airflow/example_dags/example_skip_dag.py
[2024-05-23T15:45:15.858+0700] {processor.py:840} INFO - DAG(s) 'example_skip_dag' retrieved from /mnt/d/Programming/Vietnamese-Text-Generator/airflow_env/lib/python3.10/site-packages/airflow/example_dags/example_skip_dag.py
[2024-05-23T15:45:15.886+0700] {logging_mixin.py:188} INFO - [2024-05-23T15:45:15.885+0700] {dag.py:3096} INFO - Sync 1 DAGs
[2024-05-23T15:45:15.917+0700] {logging_mixin.py:188} INFO - [2024-05-23T15:45:15.916+0700] {dag.py:3954} INFO - Setting next_dagrun for example_skip_dag to 2024-05-22 00:00:00+00:00, run_after=2024-05-23 00:00:00+00:00
[2024-05-23T15:45:15.963+0700] {processor.py:183} INFO - Processing /mnt/d/Programming/Vietnamese-Text-Generator/airflow_env/lib/python3.10/site-packages/airflow/example_dags/example_skip_dag.py took 0.139 seconds
[2024-05-23T15:46:28.978+0700] {processor.py:161} INFO - Started process (PID=2527) to work on /mnt/d/Programming/Vietnamese-Text-Generator/airflow_env/lib/python3.10/site-packages/airflow/example_dags/example_skip_dag.py
[2024-05-23T15:46:28.979+0700] {processor.py:830} INFO - Processing file /mnt/d/Programming/Vietnamese-Text-Generator/airflow_env/lib/python3.10/site-packages/airflow/example_dags/example_skip_dag.py for tasks to queue
[2024-05-23T15:46:28.985+0700] {logging_mixin.py:188} INFO - [2024-05-23T15:46:28.983+0700] {dagbag.py:540} INFO - Filling up the DagBag from /mnt/d/Programming/Vietnamese-Text-Generator/airflow_env/lib/python3.10/site-packages/airflow/example_dags/example_skip_dag.py
[2024-05-23T15:46:29.010+0700] {processor.py:840} INFO - DAG(s) 'example_skip_dag' retrieved from /mnt/d/Programming/Vietnamese-Text-Generator/airflow_env/lib/python3.10/site-packages/airflow/example_dags/example_skip_dag.py
[2024-05-23T15:46:29.049+0700] {logging_mixin.py:188} INFO - [2024-05-23T15:46:29.047+0700] {dag.py:3096} INFO - Sync 1 DAGs
[2024-05-23T15:46:29.079+0700] {logging_mixin.py:188} INFO - [2024-05-23T15:46:29.078+0700] {dag.py:3954} INFO - Setting next_dagrun for example_skip_dag to 2024-05-22 00:00:00+00:00, run_after=2024-05-23 00:00:00+00:00
[2024-05-23T15:46:29.129+0700] {processor.py:183} INFO - Processing /mnt/d/Programming/Vietnamese-Text-Generator/airflow_env/lib/python3.10/site-packages/airflow/example_dags/example_skip_dag.py took 0.167 seconds
[2024-05-23T15:47:35.456+0700] {processor.py:161} INFO - Started process (PID=2846) to work on /mnt/d/Programming/Vietnamese-Text-Generator/airflow_env/lib/python3.10/site-packages/airflow/example_dags/example_skip_dag.py
[2024-05-23T15:47:35.458+0700] {processor.py:830} INFO - Processing file /mnt/d/Programming/Vietnamese-Text-Generator/airflow_env/lib/python3.10/site-packages/airflow/example_dags/example_skip_dag.py for tasks to queue
[2024-05-23T15:47:35.461+0700] {logging_mixin.py:188} INFO - [2024-05-23T15:47:35.460+0700] {dagbag.py:540} INFO - Filling up the DagBag from /mnt/d/Programming/Vietnamese-Text-Generator/airflow_env/lib/python3.10/site-packages/airflow/example_dags/example_skip_dag.py
[2024-05-23T15:47:35.480+0700] {processor.py:840} INFO - DAG(s) 'example_skip_dag' retrieved from /mnt/d/Programming/Vietnamese-Text-Generator/airflow_env/lib/python3.10/site-packages/airflow/example_dags/example_skip_dag.py
[2024-05-23T15:47:35.513+0700] {logging_mixin.py:188} INFO - [2024-05-23T15:47:35.512+0700] {dag.py:3096} INFO - Sync 1 DAGs
[2024-05-23T15:47:35.544+0700] {logging_mixin.py:188} INFO - [2024-05-23T15:47:35.543+0700] {dag.py:3954} INFO - Setting next_dagrun for example_skip_dag to 2024-05-22 00:00:00+00:00, run_after=2024-05-23 00:00:00+00:00
[2024-05-23T15:47:35.599+0700] {processor.py:183} INFO - Processing /mnt/d/Programming/Vietnamese-Text-Generator/airflow_env/lib/python3.10/site-packages/airflow/example_dags/example_skip_dag.py took 0.154 seconds
[2024-05-23T15:54:50.474+0700] {processor.py:161} INFO - Started process (PID=4694) to work on /mnt/d/Programming/Vietnamese-Text-Generator/airflow_env/lib/python3.10/site-packages/airflow/example_dags/example_skip_dag.py
[2024-05-23T15:54:50.477+0700] {processor.py:830} INFO - Processing file /mnt/d/Programming/Vietnamese-Text-Generator/airflow_env/lib/python3.10/site-packages/airflow/example_dags/example_skip_dag.py for tasks to queue
[2024-05-23T15:54:50.480+0700] {logging_mixin.py:188} INFO - [2024-05-23T15:54:50.479+0700] {dagbag.py:540} INFO - Filling up the DagBag from /mnt/d/Programming/Vietnamese-Text-Generator/airflow_env/lib/python3.10/site-packages/airflow/example_dags/example_skip_dag.py
[2024-05-23T15:54:50.499+0700] {processor.py:840} INFO - DAG(s) 'example_skip_dag' retrieved from /mnt/d/Programming/Vietnamese-Text-Generator/airflow_env/lib/python3.10/site-packages/airflow/example_dags/example_skip_dag.py
[2024-05-23T15:54:50.538+0700] {logging_mixin.py:188} INFO - [2024-05-23T15:54:50.537+0700] {dag.py:3096} INFO - Sync 1 DAGs
[2024-05-23T15:54:50.566+0700] {logging_mixin.py:188} INFO - [2024-05-23T15:54:50.566+0700] {dag.py:3954} INFO - Setting next_dagrun for example_skip_dag to 2024-05-22 00:00:00+00:00, run_after=2024-05-23 00:00:00+00:00
[2024-05-23T15:54:50.622+0700] {processor.py:183} INFO - Processing /mnt/d/Programming/Vietnamese-Text-Generator/airflow_env/lib/python3.10/site-packages/airflow/example_dags/example_skip_dag.py took 0.161 seconds
[2024-05-23T15:55:55.358+0700] {processor.py:161} INFO - Started process (PID=5005) to work on /mnt/d/Programming/Vietnamese-Text-Generator/airflow_env/lib/python3.10/site-packages/airflow/example_dags/example_skip_dag.py
[2024-05-23T15:55:55.360+0700] {processor.py:830} INFO - Processing file /mnt/d/Programming/Vietnamese-Text-Generator/airflow_env/lib/python3.10/site-packages/airflow/example_dags/example_skip_dag.py for tasks to queue
[2024-05-23T15:55:55.363+0700] {logging_mixin.py:188} INFO - [2024-05-23T15:55:55.362+0700] {dagbag.py:540} INFO - Filling up the DagBag from /mnt/d/Programming/Vietnamese-Text-Generator/airflow_env/lib/python3.10/site-packages/airflow/example_dags/example_skip_dag.py
[2024-05-23T15:55:55.379+0700] {processor.py:840} INFO - DAG(s) 'example_skip_dag' retrieved from /mnt/d/Programming/Vietnamese-Text-Generator/airflow_env/lib/python3.10/site-packages/airflow/example_dags/example_skip_dag.py
[2024-05-23T15:55:55.408+0700] {logging_mixin.py:188} INFO - [2024-05-23T15:55:55.407+0700] {dag.py:3096} INFO - Sync 1 DAGs
[2024-05-23T15:55:55.437+0700] {logging_mixin.py:188} INFO - [2024-05-23T15:55:55.436+0700] {dag.py:3954} INFO - Setting next_dagrun for example_skip_dag to 2024-05-22 00:00:00+00:00, run_after=2024-05-23 00:00:00+00:00
[2024-05-23T15:55:55.497+0700] {processor.py:183} INFO - Processing /mnt/d/Programming/Vietnamese-Text-Generator/airflow_env/lib/python3.10/site-packages/airflow/example_dags/example_skip_dag.py took 0.150 seconds
[2024-05-23T15:57:03.834+0700] {processor.py:161} INFO - Started process (PID=5326) to work on /mnt/d/Programming/Vietnamese-Text-Generator/airflow_env/lib/python3.10/site-packages/airflow/example_dags/example_skip_dag.py
[2024-05-23T15:57:03.837+0700] {processor.py:830} INFO - Processing file /mnt/d/Programming/Vietnamese-Text-Generator/airflow_env/lib/python3.10/site-packages/airflow/example_dags/example_skip_dag.py for tasks to queue
[2024-05-23T15:57:03.840+0700] {logging_mixin.py:188} INFO - [2024-05-23T15:57:03.839+0700] {dagbag.py:540} INFO - Filling up the DagBag from /mnt/d/Programming/Vietnamese-Text-Generator/airflow_env/lib/python3.10/site-packages/airflow/example_dags/example_skip_dag.py
[2024-05-23T15:57:03.867+0700] {processor.py:840} INFO - DAG(s) 'example_skip_dag' retrieved from /mnt/d/Programming/Vietnamese-Text-Generator/airflow_env/lib/python3.10/site-packages/airflow/example_dags/example_skip_dag.py
[2024-05-23T15:57:03.906+0700] {logging_mixin.py:188} INFO - [2024-05-23T15:57:03.905+0700] {dag.py:3096} INFO - Sync 1 DAGs
[2024-05-23T15:57:03.940+0700] {logging_mixin.py:188} INFO - [2024-05-23T15:57:03.940+0700] {dag.py:3954} INFO - Setting next_dagrun for example_skip_dag to 2024-05-22 00:00:00+00:00, run_after=2024-05-23 00:00:00+00:00
[2024-05-23T15:57:04.010+0700] {processor.py:183} INFO - Processing /mnt/d/Programming/Vietnamese-Text-Generator/airflow_env/lib/python3.10/site-packages/airflow/example_dags/example_skip_dag.py took 0.191 seconds
[2024-05-23T15:58:13.236+0700] {processor.py:161} INFO - Started process (PID=5654) to work on /mnt/d/Programming/Vietnamese-Text-Generator/airflow_env/lib/python3.10/site-packages/airflow/example_dags/example_skip_dag.py
[2024-05-23T15:58:13.238+0700] {processor.py:830} INFO - Processing file /mnt/d/Programming/Vietnamese-Text-Generator/airflow_env/lib/python3.10/site-packages/airflow/example_dags/example_skip_dag.py for tasks to queue
[2024-05-23T15:58:13.240+0700] {logging_mixin.py:188} INFO - [2024-05-23T15:58:13.239+0700] {dagbag.py:540} INFO - Filling up the DagBag from /mnt/d/Programming/Vietnamese-Text-Generator/airflow_env/lib/python3.10/site-packages/airflow/example_dags/example_skip_dag.py
[2024-05-23T15:58:13.257+0700] {processor.py:840} INFO - DAG(s) 'example_skip_dag' retrieved from /mnt/d/Programming/Vietnamese-Text-Generator/airflow_env/lib/python3.10/site-packages/airflow/example_dags/example_skip_dag.py
[2024-05-23T15:58:13.289+0700] {logging_mixin.py:188} INFO - [2024-05-23T15:58:13.288+0700] {dag.py:3096} INFO - Sync 1 DAGs
[2024-05-23T15:58:13.318+0700] {logging_mixin.py:188} INFO - [2024-05-23T15:58:13.318+0700] {dag.py:3954} INFO - Setting next_dagrun for example_skip_dag to 2024-05-22 00:00:00+00:00, run_after=2024-05-23 00:00:00+00:00
[2024-05-23T15:58:13.362+0700] {processor.py:183} INFO - Processing /mnt/d/Programming/Vietnamese-Text-Generator/airflow_env/lib/python3.10/site-packages/airflow/example_dags/example_skip_dag.py took 0.137 seconds
[2024-05-23T15:59:26.387+0700] {processor.py:161} INFO - Started process (PID=5995) to work on /mnt/d/Programming/Vietnamese-Text-Generator/airflow_env/lib/python3.10/site-packages/airflow/example_dags/example_skip_dag.py
[2024-05-23T15:59:26.389+0700] {processor.py:830} INFO - Processing file /mnt/d/Programming/Vietnamese-Text-Generator/airflow_env/lib/python3.10/site-packages/airflow/example_dags/example_skip_dag.py for tasks to queue
[2024-05-23T15:59:26.393+0700] {logging_mixin.py:188} INFO - [2024-05-23T15:59:26.391+0700] {dagbag.py:540} INFO - Filling up the DagBag from /mnt/d/Programming/Vietnamese-Text-Generator/airflow_env/lib/python3.10/site-packages/airflow/example_dags/example_skip_dag.py
[2024-05-23T15:59:26.419+0700] {processor.py:840} INFO - DAG(s) 'example_skip_dag' retrieved from /mnt/d/Programming/Vietnamese-Text-Generator/airflow_env/lib/python3.10/site-packages/airflow/example_dags/example_skip_dag.py
[2024-05-23T15:59:26.455+0700] {logging_mixin.py:188} INFO - [2024-05-23T15:59:26.454+0700] {dag.py:3096} INFO - Sync 1 DAGs
[2024-05-23T15:59:26.490+0700] {logging_mixin.py:188} INFO - [2024-05-23T15:59:26.489+0700] {dag.py:3954} INFO - Setting next_dagrun for example_skip_dag to 2024-05-22 00:00:00+00:00, run_after=2024-05-23 00:00:00+00:00
[2024-05-23T15:59:26.555+0700] {processor.py:183} INFO - Processing /mnt/d/Programming/Vietnamese-Text-Generator/airflow_env/lib/python3.10/site-packages/airflow/example_dags/example_skip_dag.py took 0.182 seconds
[2024-05-23T16:00:34.198+0700] {processor.py:161} INFO - Started process (PID=6318) to work on /mnt/d/Programming/Vietnamese-Text-Generator/airflow_env/lib/python3.10/site-packages/airflow/example_dags/example_skip_dag.py
[2024-05-23T16:00:34.200+0700] {processor.py:830} INFO - Processing file /mnt/d/Programming/Vietnamese-Text-Generator/airflow_env/lib/python3.10/site-packages/airflow/example_dags/example_skip_dag.py for tasks to queue
[2024-05-23T16:00:34.202+0700] {logging_mixin.py:188} INFO - [2024-05-23T16:00:34.201+0700] {dagbag.py:540} INFO - Filling up the DagBag from /mnt/d/Programming/Vietnamese-Text-Generator/airflow_env/lib/python3.10/site-packages/airflow/example_dags/example_skip_dag.py
[2024-05-23T16:00:34.218+0700] {processor.py:840} INFO - DAG(s) 'example_skip_dag' retrieved from /mnt/d/Programming/Vietnamese-Text-Generator/airflow_env/lib/python3.10/site-packages/airflow/example_dags/example_skip_dag.py
[2024-05-23T16:00:34.250+0700] {logging_mixin.py:188} INFO - [2024-05-23T16:00:34.249+0700] {dag.py:3096} INFO - Sync 1 DAGs
[2024-05-23T16:00:34.277+0700] {logging_mixin.py:188} INFO - [2024-05-23T16:00:34.276+0700] {dag.py:3954} INFO - Setting next_dagrun for example_skip_dag to 2024-05-22 00:00:00+00:00, run_after=2024-05-23 00:00:00+00:00
[2024-05-23T16:00:34.323+0700] {processor.py:183} INFO - Processing /mnt/d/Programming/Vietnamese-Text-Generator/airflow_env/lib/python3.10/site-packages/airflow/example_dags/example_skip_dag.py took 0.136 seconds
[2024-05-23T16:01:39.008+0700] {processor.py:161} INFO - Started process (PID=6625) to work on /mnt/d/Programming/Vietnamese-Text-Generator/airflow_env/lib/python3.10/site-packages/airflow/example_dags/example_skip_dag.py
[2024-05-23T16:01:39.009+0700] {processor.py:830} INFO - Processing file /mnt/d/Programming/Vietnamese-Text-Generator/airflow_env/lib/python3.10/site-packages/airflow/example_dags/example_skip_dag.py for tasks to queue
[2024-05-23T16:01:39.012+0700] {logging_mixin.py:188} INFO - [2024-05-23T16:01:39.011+0700] {dagbag.py:540} INFO - Filling up the DagBag from /mnt/d/Programming/Vietnamese-Text-Generator/airflow_env/lib/python3.10/site-packages/airflow/example_dags/example_skip_dag.py
[2024-05-23T16:01:39.030+0700] {processor.py:840} INFO - DAG(s) 'example_skip_dag' retrieved from /mnt/d/Programming/Vietnamese-Text-Generator/airflow_env/lib/python3.10/site-packages/airflow/example_dags/example_skip_dag.py
[2024-05-23T16:01:39.061+0700] {logging_mixin.py:188} INFO - [2024-05-23T16:01:39.060+0700] {dag.py:3096} INFO - Sync 1 DAGs
[2024-05-23T16:01:39.090+0700] {logging_mixin.py:188} INFO - [2024-05-23T16:01:39.090+0700] {dag.py:3954} INFO - Setting next_dagrun for example_skip_dag to 2024-05-22 00:00:00+00:00, run_after=2024-05-23 00:00:00+00:00
[2024-05-23T16:01:39.151+0700] {processor.py:183} INFO - Processing /mnt/d/Programming/Vietnamese-Text-Generator/airflow_env/lib/python3.10/site-packages/airflow/example_dags/example_skip_dag.py took 0.154 seconds
[2024-05-23T16:02:47.289+0700] {processor.py:161} INFO - Started process (PID=6948) to work on /mnt/d/Programming/Vietnamese-Text-Generator/airflow_env/lib/python3.10/site-packages/airflow/example_dags/example_skip_dag.py
[2024-05-23T16:02:47.292+0700] {processor.py:830} INFO - Processing file /mnt/d/Programming/Vietnamese-Text-Generator/airflow_env/lib/python3.10/site-packages/airflow/example_dags/example_skip_dag.py for tasks to queue
[2024-05-23T16:02:47.296+0700] {logging_mixin.py:188} INFO - [2024-05-23T16:02:47.294+0700] {dagbag.py:540} INFO - Filling up the DagBag from /mnt/d/Programming/Vietnamese-Text-Generator/airflow_env/lib/python3.10/site-packages/airflow/example_dags/example_skip_dag.py
[2024-05-23T16:02:47.316+0700] {processor.py:840} INFO - DAG(s) 'example_skip_dag' retrieved from /mnt/d/Programming/Vietnamese-Text-Generator/airflow_env/lib/python3.10/site-packages/airflow/example_dags/example_skip_dag.py
[2024-05-23T16:02:47.347+0700] {logging_mixin.py:188} INFO - [2024-05-23T16:02:47.346+0700] {dag.py:3096} INFO - Sync 1 DAGs
[2024-05-23T16:02:47.376+0700] {logging_mixin.py:188} INFO - [2024-05-23T16:02:47.376+0700] {dag.py:3954} INFO - Setting next_dagrun for example_skip_dag to 2024-05-22 00:00:00+00:00, run_after=2024-05-23 00:00:00+00:00
[2024-05-23T16:02:47.430+0700] {processor.py:183} INFO - Processing /mnt/d/Programming/Vietnamese-Text-Generator/airflow_env/lib/python3.10/site-packages/airflow/example_dags/example_skip_dag.py took 0.154 seconds
[2024-05-23T16:04:02.781+0700] {processor.py:161} INFO - Started process (PID=7303) to work on /mnt/d/Programming/Vietnamese-Text-Generator/airflow_env/lib/python3.10/site-packages/airflow/example_dags/example_skip_dag.py
[2024-05-23T16:04:02.784+0700] {processor.py:830} INFO - Processing file /mnt/d/Programming/Vietnamese-Text-Generator/airflow_env/lib/python3.10/site-packages/airflow/example_dags/example_skip_dag.py for tasks to queue
[2024-05-23T16:04:02.787+0700] {logging_mixin.py:188} INFO - [2024-05-23T16:04:02.786+0700] {dagbag.py:540} INFO - Filling up the DagBag from /mnt/d/Programming/Vietnamese-Text-Generator/airflow_env/lib/python3.10/site-packages/airflow/example_dags/example_skip_dag.py
[2024-05-23T16:04:02.815+0700] {processor.py:840} INFO - DAG(s) 'example_skip_dag' retrieved from /mnt/d/Programming/Vietnamese-Text-Generator/airflow_env/lib/python3.10/site-packages/airflow/example_dags/example_skip_dag.py
[2024-05-23T16:04:02.873+0700] {logging_mixin.py:188} INFO - [2024-05-23T16:04:02.872+0700] {dag.py:3096} INFO - Sync 1 DAGs
[2024-05-23T16:04:02.914+0700] {logging_mixin.py:188} INFO - [2024-05-23T16:04:02.913+0700] {dag.py:3954} INFO - Setting next_dagrun for example_skip_dag to 2024-05-22 00:00:00+00:00, run_after=2024-05-23 00:00:00+00:00
[2024-05-23T16:04:02.990+0700] {processor.py:183} INFO - Processing /mnt/d/Programming/Vietnamese-Text-Generator/airflow_env/lib/python3.10/site-packages/airflow/example_dags/example_skip_dag.py took 0.224 seconds
[2024-05-23T16:35:08.430+0700] {processor.py:161} INFO - Started process (PID=17079) to work on /mnt/d/Programming/Vietnamese-Text-Generator/airflow_env/lib/python3.10/site-packages/airflow/example_dags/example_skip_dag.py
[2024-05-23T16:35:08.432+0700] {processor.py:830} INFO - Processing file /mnt/d/Programming/Vietnamese-Text-Generator/airflow_env/lib/python3.10/site-packages/airflow/example_dags/example_skip_dag.py for tasks to queue
[2024-05-23T16:35:08.435+0700] {logging_mixin.py:188} INFO - [2024-05-23T16:35:08.434+0700] {dagbag.py:540} INFO - Filling up the DagBag from /mnt/d/Programming/Vietnamese-Text-Generator/airflow_env/lib/python3.10/site-packages/airflow/example_dags/example_skip_dag.py
[2024-05-23T16:35:08.460+0700] {processor.py:840} INFO - DAG(s) 'example_skip_dag' retrieved from /mnt/d/Programming/Vietnamese-Text-Generator/airflow_env/lib/python3.10/site-packages/airflow/example_dags/example_skip_dag.py
[2024-05-23T16:35:08.499+0700] {logging_mixin.py:188} INFO - [2024-05-23T16:35:08.498+0700] {dag.py:3096} INFO - Sync 1 DAGs
[2024-05-23T16:35:08.531+0700] {logging_mixin.py:188} INFO - [2024-05-23T16:35:08.530+0700] {dag.py:3954} INFO - Setting next_dagrun for example_skip_dag to 2024-05-22 00:00:00+00:00, run_after=2024-05-23 00:00:00+00:00
[2024-05-23T16:35:08.582+0700] {processor.py:183} INFO - Processing /mnt/d/Programming/Vietnamese-Text-Generator/airflow_env/lib/python3.10/site-packages/airflow/example_dags/example_skip_dag.py took 0.164 seconds
[2024-05-23T16:36:15.381+0700] {processor.py:161} INFO - Started process (PID=17390) to work on /mnt/d/Programming/Vietnamese-Text-Generator/airflow_env/lib/python3.10/site-packages/airflow/example_dags/example_skip_dag.py
[2024-05-23T16:36:15.383+0700] {processor.py:830} INFO - Processing file /mnt/d/Programming/Vietnamese-Text-Generator/airflow_env/lib/python3.10/site-packages/airflow/example_dags/example_skip_dag.py for tasks to queue
[2024-05-23T16:36:15.385+0700] {logging_mixin.py:188} INFO - [2024-05-23T16:36:15.384+0700] {dagbag.py:540} INFO - Filling up the DagBag from /mnt/d/Programming/Vietnamese-Text-Generator/airflow_env/lib/python3.10/site-packages/airflow/example_dags/example_skip_dag.py
[2024-05-23T16:36:15.414+0700] {processor.py:840} INFO - DAG(s) 'example_skip_dag' retrieved from /mnt/d/Programming/Vietnamese-Text-Generator/airflow_env/lib/python3.10/site-packages/airflow/example_dags/example_skip_dag.py
[2024-05-23T16:36:15.465+0700] {logging_mixin.py:188} INFO - [2024-05-23T16:36:15.464+0700] {dag.py:3096} INFO - Sync 1 DAGs
[2024-05-23T16:36:15.498+0700] {logging_mixin.py:188} INFO - [2024-05-23T16:36:15.497+0700] {dag.py:3954} INFO - Setting next_dagrun for example_skip_dag to 2024-05-22 00:00:00+00:00, run_after=2024-05-23 00:00:00+00:00
[2024-05-23T16:36:15.562+0700] {processor.py:183} INFO - Processing /mnt/d/Programming/Vietnamese-Text-Generator/airflow_env/lib/python3.10/site-packages/airflow/example_dags/example_skip_dag.py took 0.196 seconds
[2024-05-23T16:37:30.893+0700] {processor.py:161} INFO - Started process (PID=17742) to work on /mnt/d/Programming/Vietnamese-Text-Generator/airflow_env/lib/python3.10/site-packages/airflow/example_dags/example_skip_dag.py
[2024-05-23T16:37:30.897+0700] {processor.py:830} INFO - Processing file /mnt/d/Programming/Vietnamese-Text-Generator/airflow_env/lib/python3.10/site-packages/airflow/example_dags/example_skip_dag.py for tasks to queue
[2024-05-23T16:37:30.901+0700] {logging_mixin.py:188} INFO - [2024-05-23T16:37:30.900+0700] {dagbag.py:540} INFO - Filling up the DagBag from /mnt/d/Programming/Vietnamese-Text-Generator/airflow_env/lib/python3.10/site-packages/airflow/example_dags/example_skip_dag.py
[2024-05-23T16:37:30.923+0700] {processor.py:840} INFO - DAG(s) 'example_skip_dag' retrieved from /mnt/d/Programming/Vietnamese-Text-Generator/airflow_env/lib/python3.10/site-packages/airflow/example_dags/example_skip_dag.py
[2024-05-23T16:37:30.962+0700] {logging_mixin.py:188} INFO - [2024-05-23T16:37:30.961+0700] {dag.py:3096} INFO - Sync 1 DAGs
[2024-05-23T16:37:30.993+0700] {logging_mixin.py:188} INFO - [2024-05-23T16:37:30.992+0700] {dag.py:3954} INFO - Setting next_dagrun for example_skip_dag to 2024-05-22 00:00:00+00:00, run_after=2024-05-23 00:00:00+00:00
[2024-05-23T16:37:31.050+0700] {processor.py:183} INFO - Processing /mnt/d/Programming/Vietnamese-Text-Generator/airflow_env/lib/python3.10/site-packages/airflow/example_dags/example_skip_dag.py took 0.170 seconds
[2024-05-23T16:49:56.085+0700] {processor.py:161} INFO - Started process (PID=20899) to work on /mnt/d/Programming/Vietnamese-Text-Generator/airflow_env/lib/python3.10/site-packages/airflow/example_dags/example_skip_dag.py
[2024-05-23T16:49:56.087+0700] {processor.py:830} INFO - Processing file /mnt/d/Programming/Vietnamese-Text-Generator/airflow_env/lib/python3.10/site-packages/airflow/example_dags/example_skip_dag.py for tasks to queue
[2024-05-23T16:49:56.089+0700] {logging_mixin.py:188} INFO - [2024-05-23T16:49:56.088+0700] {dagbag.py:540} INFO - Filling up the DagBag from /mnt/d/Programming/Vietnamese-Text-Generator/airflow_env/lib/python3.10/site-packages/airflow/example_dags/example_skip_dag.py
[2024-05-23T16:49:56.112+0700] {processor.py:840} INFO - DAG(s) 'example_skip_dag' retrieved from /mnt/d/Programming/Vietnamese-Text-Generator/airflow_env/lib/python3.10/site-packages/airflow/example_dags/example_skip_dag.py
[2024-05-23T16:49:56.145+0700] {logging_mixin.py:188} INFO - [2024-05-23T16:49:56.144+0700] {dag.py:3096} INFO - Sync 1 DAGs
[2024-05-23T16:49:56.176+0700] {logging_mixin.py:188} INFO - [2024-05-23T16:49:56.175+0700] {dag.py:3954} INFO - Setting next_dagrun for example_skip_dag to 2024-05-22 00:00:00+00:00, run_after=2024-05-23 00:00:00+00:00
[2024-05-23T16:49:56.267+0700] {processor.py:183} INFO - Processing /mnt/d/Programming/Vietnamese-Text-Generator/airflow_env/lib/python3.10/site-packages/airflow/example_dags/example_skip_dag.py took 0.192 seconds
[2024-05-23T16:51:10.551+0700] {processor.py:161} INFO - Started process (PID=21245) to work on /mnt/d/Programming/Vietnamese-Text-Generator/airflow_env/lib/python3.10/site-packages/airflow/example_dags/example_skip_dag.py
[2024-05-23T16:51:10.554+0700] {processor.py:830} INFO - Processing file /mnt/d/Programming/Vietnamese-Text-Generator/airflow_env/lib/python3.10/site-packages/airflow/example_dags/example_skip_dag.py for tasks to queue
[2024-05-23T16:51:10.557+0700] {logging_mixin.py:188} INFO - [2024-05-23T16:51:10.556+0700] {dagbag.py:540} INFO - Filling up the DagBag from /mnt/d/Programming/Vietnamese-Text-Generator/airflow_env/lib/python3.10/site-packages/airflow/example_dags/example_skip_dag.py
[2024-05-23T16:51:10.577+0700] {processor.py:840} INFO - DAG(s) 'example_skip_dag' retrieved from /mnt/d/Programming/Vietnamese-Text-Generator/airflow_env/lib/python3.10/site-packages/airflow/example_dags/example_skip_dag.py
[2024-05-23T16:51:10.609+0700] {logging_mixin.py:188} INFO - [2024-05-23T16:51:10.607+0700] {dag.py:3096} INFO - Sync 1 DAGs
[2024-05-23T16:51:10.640+0700] {logging_mixin.py:188} INFO - [2024-05-23T16:51:10.639+0700] {dag.py:3954} INFO - Setting next_dagrun for example_skip_dag to 2024-05-22 00:00:00+00:00, run_after=2024-05-23 00:00:00+00:00
[2024-05-23T16:51:10.697+0700] {processor.py:183} INFO - Processing /mnt/d/Programming/Vietnamese-Text-Generator/airflow_env/lib/python3.10/site-packages/airflow/example_dags/example_skip_dag.py took 0.157 seconds
[2024-05-23T16:52:25.071+0700] {processor.py:161} INFO - Started process (PID=21590) to work on /mnt/d/Programming/Vietnamese-Text-Generator/airflow_env/lib/python3.10/site-packages/airflow/example_dags/example_skip_dag.py
[2024-05-23T16:52:25.074+0700] {processor.py:830} INFO - Processing file /mnt/d/Programming/Vietnamese-Text-Generator/airflow_env/lib/python3.10/site-packages/airflow/example_dags/example_skip_dag.py for tasks to queue
[2024-05-23T16:52:25.077+0700] {logging_mixin.py:188} INFO - [2024-05-23T16:52:25.076+0700] {dagbag.py:540} INFO - Filling up the DagBag from /mnt/d/Programming/Vietnamese-Text-Generator/airflow_env/lib/python3.10/site-packages/airflow/example_dags/example_skip_dag.py
[2024-05-23T16:52:25.097+0700] {processor.py:840} INFO - DAG(s) 'example_skip_dag' retrieved from /mnt/d/Programming/Vietnamese-Text-Generator/airflow_env/lib/python3.10/site-packages/airflow/example_dags/example_skip_dag.py
[2024-05-23T16:52:25.127+0700] {logging_mixin.py:188} INFO - [2024-05-23T16:52:25.126+0700] {dag.py:3096} INFO - Sync 1 DAGs
[2024-05-23T16:52:25.163+0700] {logging_mixin.py:188} INFO - [2024-05-23T16:52:25.161+0700] {dag.py:3954} INFO - Setting next_dagrun for example_skip_dag to 2024-05-22 00:00:00+00:00, run_after=2024-05-23 00:00:00+00:00
[2024-05-23T16:52:25.243+0700] {processor.py:183} INFO - Processing /mnt/d/Programming/Vietnamese-Text-Generator/airflow_env/lib/python3.10/site-packages/airflow/example_dags/example_skip_dag.py took 0.185 seconds
[2024-05-23T16:53:37.029+0700] {processor.py:161} INFO - Started process (PID=21927) to work on /mnt/d/Programming/Vietnamese-Text-Generator/airflow_env/lib/python3.10/site-packages/airflow/example_dags/example_skip_dag.py
[2024-05-23T16:53:37.031+0700] {processor.py:830} INFO - Processing file /mnt/d/Programming/Vietnamese-Text-Generator/airflow_env/lib/python3.10/site-packages/airflow/example_dags/example_skip_dag.py for tasks to queue
[2024-05-23T16:53:37.033+0700] {logging_mixin.py:188} INFO - [2024-05-23T16:53:37.032+0700] {dagbag.py:540} INFO - Filling up the DagBag from /mnt/d/Programming/Vietnamese-Text-Generator/airflow_env/lib/python3.10/site-packages/airflow/example_dags/example_skip_dag.py
[2024-05-23T16:53:37.050+0700] {processor.py:840} INFO - DAG(s) 'example_skip_dag' retrieved from /mnt/d/Programming/Vietnamese-Text-Generator/airflow_env/lib/python3.10/site-packages/airflow/example_dags/example_skip_dag.py
[2024-05-23T16:53:37.082+0700] {logging_mixin.py:188} INFO - [2024-05-23T16:53:37.081+0700] {dag.py:3096} INFO - Sync 1 DAGs
[2024-05-23T16:53:37.114+0700] {logging_mixin.py:188} INFO - [2024-05-23T16:53:37.114+0700] {dag.py:3954} INFO - Setting next_dagrun for example_skip_dag to 2024-05-22 00:00:00+00:00, run_after=2024-05-23 00:00:00+00:00
[2024-05-23T16:53:37.172+0700] {processor.py:183} INFO - Processing /mnt/d/Programming/Vietnamese-Text-Generator/airflow_env/lib/python3.10/site-packages/airflow/example_dags/example_skip_dag.py took 0.153 seconds
[2024-05-23T16:54:48.088+0700] {processor.py:161} INFO - Started process (PID=22256) to work on /mnt/d/Programming/Vietnamese-Text-Generator/airflow_env/lib/python3.10/site-packages/airflow/example_dags/example_skip_dag.py
[2024-05-23T16:54:48.090+0700] {processor.py:830} INFO - Processing file /mnt/d/Programming/Vietnamese-Text-Generator/airflow_env/lib/python3.10/site-packages/airflow/example_dags/example_skip_dag.py for tasks to queue
[2024-05-23T16:54:48.094+0700] {logging_mixin.py:188} INFO - [2024-05-23T16:54:48.093+0700] {dagbag.py:540} INFO - Filling up the DagBag from /mnt/d/Programming/Vietnamese-Text-Generator/airflow_env/lib/python3.10/site-packages/airflow/example_dags/example_skip_dag.py
[2024-05-23T16:54:48.123+0700] {processor.py:840} INFO - DAG(s) 'example_skip_dag' retrieved from /mnt/d/Programming/Vietnamese-Text-Generator/airflow_env/lib/python3.10/site-packages/airflow/example_dags/example_skip_dag.py
[2024-05-23T16:54:48.162+0700] {logging_mixin.py:188} INFO - [2024-05-23T16:54:48.161+0700] {dag.py:3096} INFO - Sync 1 DAGs
[2024-05-23T16:54:48.193+0700] {logging_mixin.py:188} INFO - [2024-05-23T16:54:48.192+0700] {dag.py:3954} INFO - Setting next_dagrun for example_skip_dag to 2024-05-22 00:00:00+00:00, run_after=2024-05-23 00:00:00+00:00
[2024-05-23T16:54:48.251+0700] {processor.py:183} INFO - Processing /mnt/d/Programming/Vietnamese-Text-Generator/airflow_env/lib/python3.10/site-packages/airflow/example_dags/example_skip_dag.py took 0.177 seconds
[2024-05-23T16:55:54.435+0700] {processor.py:161} INFO - Started process (PID=22570) to work on /mnt/d/Programming/Vietnamese-Text-Generator/airflow_env/lib/python3.10/site-packages/airflow/example_dags/example_skip_dag.py
[2024-05-23T16:55:54.436+0700] {processor.py:830} INFO - Processing file /mnt/d/Programming/Vietnamese-Text-Generator/airflow_env/lib/python3.10/site-packages/airflow/example_dags/example_skip_dag.py for tasks to queue
[2024-05-23T16:55:54.439+0700] {logging_mixin.py:188} INFO - [2024-05-23T16:55:54.438+0700] {dagbag.py:540} INFO - Filling up the DagBag from /mnt/d/Programming/Vietnamese-Text-Generator/airflow_env/lib/python3.10/site-packages/airflow/example_dags/example_skip_dag.py
[2024-05-23T16:55:54.467+0700] {processor.py:840} INFO - DAG(s) 'example_skip_dag' retrieved from /mnt/d/Programming/Vietnamese-Text-Generator/airflow_env/lib/python3.10/site-packages/airflow/example_dags/example_skip_dag.py
[2024-05-23T16:55:54.500+0700] {logging_mixin.py:188} INFO - [2024-05-23T16:55:54.499+0700] {dag.py:3096} INFO - Sync 1 DAGs
[2024-05-23T16:55:54.533+0700] {logging_mixin.py:188} INFO - [2024-05-23T16:55:54.532+0700] {dag.py:3954} INFO - Setting next_dagrun for example_skip_dag to 2024-05-22 00:00:00+00:00, run_after=2024-05-23 00:00:00+00:00
[2024-05-23T16:55:54.598+0700] {processor.py:183} INFO - Processing /mnt/d/Programming/Vietnamese-Text-Generator/airflow_env/lib/python3.10/site-packages/airflow/example_dags/example_skip_dag.py took 0.177 seconds
[2024-05-23T16:57:04.425+0700] {processor.py:161} INFO - Started process (PID=22897) to work on /mnt/d/Programming/Vietnamese-Text-Generator/airflow_env/lib/python3.10/site-packages/airflow/example_dags/example_skip_dag.py
[2024-05-23T16:57:04.427+0700] {processor.py:830} INFO - Processing file /mnt/d/Programming/Vietnamese-Text-Generator/airflow_env/lib/python3.10/site-packages/airflow/example_dags/example_skip_dag.py for tasks to queue
[2024-05-23T16:57:04.429+0700] {logging_mixin.py:188} INFO - [2024-05-23T16:57:04.428+0700] {dagbag.py:540} INFO - Filling up the DagBag from /mnt/d/Programming/Vietnamese-Text-Generator/airflow_env/lib/python3.10/site-packages/airflow/example_dags/example_skip_dag.py
[2024-05-23T16:57:04.448+0700] {processor.py:840} INFO - DAG(s) 'example_skip_dag' retrieved from /mnt/d/Programming/Vietnamese-Text-Generator/airflow_env/lib/python3.10/site-packages/airflow/example_dags/example_skip_dag.py
[2024-05-23T16:57:04.480+0700] {logging_mixin.py:188} INFO - [2024-05-23T16:57:04.479+0700] {dag.py:3096} INFO - Sync 1 DAGs
[2024-05-23T16:57:04.510+0700] {logging_mixin.py:188} INFO - [2024-05-23T16:57:04.509+0700] {dag.py:3954} INFO - Setting next_dagrun for example_skip_dag to 2024-05-22 00:00:00+00:00, run_after=2024-05-23 00:00:00+00:00
[2024-05-23T16:57:04.572+0700] {processor.py:183} INFO - Processing /mnt/d/Programming/Vietnamese-Text-Generator/airflow_env/lib/python3.10/site-packages/airflow/example_dags/example_skip_dag.py took 0.160 seconds
[2024-05-23T16:58:12.241+0700] {processor.py:161} INFO - Started process (PID=23214) to work on /mnt/d/Programming/Vietnamese-Text-Generator/airflow_env/lib/python3.10/site-packages/airflow/example_dags/example_skip_dag.py
[2024-05-23T16:58:12.243+0700] {processor.py:830} INFO - Processing file /mnt/d/Programming/Vietnamese-Text-Generator/airflow_env/lib/python3.10/site-packages/airflow/example_dags/example_skip_dag.py for tasks to queue
[2024-05-23T16:58:12.246+0700] {logging_mixin.py:188} INFO - [2024-05-23T16:58:12.245+0700] {dagbag.py:540} INFO - Filling up the DagBag from /mnt/d/Programming/Vietnamese-Text-Generator/airflow_env/lib/python3.10/site-packages/airflow/example_dags/example_skip_dag.py
[2024-05-23T16:58:12.267+0700] {processor.py:840} INFO - DAG(s) 'example_skip_dag' retrieved from /mnt/d/Programming/Vietnamese-Text-Generator/airflow_env/lib/python3.10/site-packages/airflow/example_dags/example_skip_dag.py
[2024-05-23T16:58:12.300+0700] {logging_mixin.py:188} INFO - [2024-05-23T16:58:12.298+0700] {dag.py:3096} INFO - Sync 1 DAGs
[2024-05-23T16:58:12.331+0700] {logging_mixin.py:188} INFO - [2024-05-23T16:58:12.330+0700] {dag.py:3954} INFO - Setting next_dagrun for example_skip_dag to 2024-05-22 00:00:00+00:00, run_after=2024-05-23 00:00:00+00:00
[2024-05-23T16:58:12.387+0700] {processor.py:183} INFO - Processing /mnt/d/Programming/Vietnamese-Text-Generator/airflow_env/lib/python3.10/site-packages/airflow/example_dags/example_skip_dag.py took 0.159 seconds
[2024-05-23T16:59:22.120+0700] {processor.py:161} INFO - Started process (PID=23540) to work on /mnt/d/Programming/Vietnamese-Text-Generator/airflow_env/lib/python3.10/site-packages/airflow/example_dags/example_skip_dag.py
[2024-05-23T16:59:22.121+0700] {processor.py:830} INFO - Processing file /mnt/d/Programming/Vietnamese-Text-Generator/airflow_env/lib/python3.10/site-packages/airflow/example_dags/example_skip_dag.py for tasks to queue
[2024-05-23T16:59:22.123+0700] {logging_mixin.py:188} INFO - [2024-05-23T16:59:22.122+0700] {dagbag.py:540} INFO - Filling up the DagBag from /mnt/d/Programming/Vietnamese-Text-Generator/airflow_env/lib/python3.10/site-packages/airflow/example_dags/example_skip_dag.py
[2024-05-23T16:59:22.145+0700] {processor.py:840} INFO - DAG(s) 'example_skip_dag' retrieved from /mnt/d/Programming/Vietnamese-Text-Generator/airflow_env/lib/python3.10/site-packages/airflow/example_dags/example_skip_dag.py
[2024-05-23T16:59:22.178+0700] {logging_mixin.py:188} INFO - [2024-05-23T16:59:22.177+0700] {dag.py:3096} INFO - Sync 1 DAGs
[2024-05-23T16:59:22.208+0700] {logging_mixin.py:188} INFO - [2024-05-23T16:59:22.208+0700] {dag.py:3954} INFO - Setting next_dagrun for example_skip_dag to 2024-05-22 00:00:00+00:00, run_after=2024-05-23 00:00:00+00:00
[2024-05-23T16:59:22.261+0700] {processor.py:183} INFO - Processing /mnt/d/Programming/Vietnamese-Text-Generator/airflow_env/lib/python3.10/site-packages/airflow/example_dags/example_skip_dag.py took 0.154 seconds
[2024-05-23T17:00:32.030+0700] {processor.py:161} INFO - Started process (PID=23868) to work on /mnt/d/Programming/Vietnamese-Text-Generator/airflow_env/lib/python3.10/site-packages/airflow/example_dags/example_skip_dag.py
[2024-05-23T17:00:32.032+0700] {processor.py:830} INFO - Processing file /mnt/d/Programming/Vietnamese-Text-Generator/airflow_env/lib/python3.10/site-packages/airflow/example_dags/example_skip_dag.py for tasks to queue
[2024-05-23T17:00:32.033+0700] {logging_mixin.py:188} INFO - [2024-05-23T17:00:32.033+0700] {dagbag.py:540} INFO - Filling up the DagBag from /mnt/d/Programming/Vietnamese-Text-Generator/airflow_env/lib/python3.10/site-packages/airflow/example_dags/example_skip_dag.py
[2024-05-23T17:00:32.051+0700] {processor.py:840} INFO - DAG(s) 'example_skip_dag' retrieved from /mnt/d/Programming/Vietnamese-Text-Generator/airflow_env/lib/python3.10/site-packages/airflow/example_dags/example_skip_dag.py
[2024-05-23T17:00:32.084+0700] {logging_mixin.py:188} INFO - [2024-05-23T17:00:32.083+0700] {dag.py:3096} INFO - Sync 1 DAGs
[2024-05-23T17:00:32.115+0700] {logging_mixin.py:188} INFO - [2024-05-23T17:00:32.114+0700] {dag.py:3954} INFO - Setting next_dagrun for example_skip_dag to 2024-05-22 00:00:00+00:00, run_after=2024-05-23 00:00:00+00:00
[2024-05-23T17:00:32.188+0700] {processor.py:183} INFO - Processing /mnt/d/Programming/Vietnamese-Text-Generator/airflow_env/lib/python3.10/site-packages/airflow/example_dags/example_skip_dag.py took 0.171 seconds
[2024-05-23T17:01:40.056+0700] {processor.py:161} INFO - Started process (PID=24184) to work on /mnt/d/Programming/Vietnamese-Text-Generator/airflow_env/lib/python3.10/site-packages/airflow/example_dags/example_skip_dag.py
[2024-05-23T17:01:40.058+0700] {processor.py:830} INFO - Processing file /mnt/d/Programming/Vietnamese-Text-Generator/airflow_env/lib/python3.10/site-packages/airflow/example_dags/example_skip_dag.py for tasks to queue
[2024-05-23T17:01:40.061+0700] {logging_mixin.py:188} INFO - [2024-05-23T17:01:40.060+0700] {dagbag.py:540} INFO - Filling up the DagBag from /mnt/d/Programming/Vietnamese-Text-Generator/airflow_env/lib/python3.10/site-packages/airflow/example_dags/example_skip_dag.py
[2024-05-23T17:01:40.081+0700] {processor.py:840} INFO - DAG(s) 'example_skip_dag' retrieved from /mnt/d/Programming/Vietnamese-Text-Generator/airflow_env/lib/python3.10/site-packages/airflow/example_dags/example_skip_dag.py
[2024-05-23T17:01:40.114+0700] {logging_mixin.py:188} INFO - [2024-05-23T17:01:40.114+0700] {dag.py:3096} INFO - Sync 1 DAGs
[2024-05-23T17:01:40.146+0700] {logging_mixin.py:188} INFO - [2024-05-23T17:01:40.145+0700] {dag.py:3954} INFO - Setting next_dagrun for example_skip_dag to 2024-05-22 00:00:00+00:00, run_after=2024-05-23 00:00:00+00:00
[2024-05-23T17:01:40.214+0700] {processor.py:183} INFO - Processing /mnt/d/Programming/Vietnamese-Text-Generator/airflow_env/lib/python3.10/site-packages/airflow/example_dags/example_skip_dag.py took 0.170 seconds
[2024-05-23T17:02:52.602+0700] {processor.py:161} INFO - Started process (PID=24519) to work on /mnt/d/Programming/Vietnamese-Text-Generator/airflow_env/lib/python3.10/site-packages/airflow/example_dags/example_skip_dag.py
[2024-05-23T17:02:52.604+0700] {processor.py:830} INFO - Processing file /mnt/d/Programming/Vietnamese-Text-Generator/airflow_env/lib/python3.10/site-packages/airflow/example_dags/example_skip_dag.py for tasks to queue
[2024-05-23T17:02:52.607+0700] {logging_mixin.py:188} INFO - [2024-05-23T17:02:52.606+0700] {dagbag.py:540} INFO - Filling up the DagBag from /mnt/d/Programming/Vietnamese-Text-Generator/airflow_env/lib/python3.10/site-packages/airflow/example_dags/example_skip_dag.py
[2024-05-23T17:02:52.628+0700] {processor.py:840} INFO - DAG(s) 'example_skip_dag' retrieved from /mnt/d/Programming/Vietnamese-Text-Generator/airflow_env/lib/python3.10/site-packages/airflow/example_dags/example_skip_dag.py
[2024-05-23T17:02:52.661+0700] {logging_mixin.py:188} INFO - [2024-05-23T17:02:52.660+0700] {dag.py:3096} INFO - Sync 1 DAGs
[2024-05-23T17:02:52.690+0700] {logging_mixin.py:188} INFO - [2024-05-23T17:02:52.690+0700] {dag.py:3954} INFO - Setting next_dagrun for example_skip_dag to 2024-05-22 00:00:00+00:00, run_after=2024-05-23 00:00:00+00:00
[2024-05-23T17:02:52.749+0700] {processor.py:183} INFO - Processing /mnt/d/Programming/Vietnamese-Text-Generator/airflow_env/lib/python3.10/site-packages/airflow/example_dags/example_skip_dag.py took 0.159 seconds
[2024-05-23T17:03:59.217+0700] {processor.py:161} INFO - Started process (PID=24830) to work on /mnt/d/Programming/Vietnamese-Text-Generator/airflow_env/lib/python3.10/site-packages/airflow/example_dags/example_skip_dag.py
[2024-05-23T17:03:59.219+0700] {processor.py:830} INFO - Processing file /mnt/d/Programming/Vietnamese-Text-Generator/airflow_env/lib/python3.10/site-packages/airflow/example_dags/example_skip_dag.py for tasks to queue
[2024-05-23T17:03:59.221+0700] {logging_mixin.py:188} INFO - [2024-05-23T17:03:59.220+0700] {dagbag.py:540} INFO - Filling up the DagBag from /mnt/d/Programming/Vietnamese-Text-Generator/airflow_env/lib/python3.10/site-packages/airflow/example_dags/example_skip_dag.py
[2024-05-23T17:03:59.240+0700] {processor.py:840} INFO - DAG(s) 'example_skip_dag' retrieved from /mnt/d/Programming/Vietnamese-Text-Generator/airflow_env/lib/python3.10/site-packages/airflow/example_dags/example_skip_dag.py
[2024-05-23T17:03:59.270+0700] {logging_mixin.py:188} INFO - [2024-05-23T17:03:59.270+0700] {dag.py:3096} INFO - Sync 1 DAGs
[2024-05-23T17:03:59.303+0700] {logging_mixin.py:188} INFO - [2024-05-23T17:03:59.302+0700] {dag.py:3954} INFO - Setting next_dagrun for example_skip_dag to 2024-05-22 00:00:00+00:00, run_after=2024-05-23 00:00:00+00:00
[2024-05-23T17:03:59.355+0700] {processor.py:183} INFO - Processing /mnt/d/Programming/Vietnamese-Text-Generator/airflow_env/lib/python3.10/site-packages/airflow/example_dags/example_skip_dag.py took 0.149 seconds
