[2024-05-23T15:43:36.025+0700] {processor.py:161} INFO - Started process (PID=1333) to work on /mnt/d/Programming/Vietnamese-Text-Generator/airflow_env/lib/python3.10/site-packages/airflow/example_dags/example_bash_decorator.py
[2024-05-23T15:43:36.028+0700] {processor.py:830} INFO - Processing file /mnt/d/Programming/Vietnamese-Text-Generator/airflow_env/lib/python3.10/site-packages/airflow/example_dags/example_bash_decorator.py for tasks to queue
[2024-05-23T15:43:36.033+0700] {logging_mixin.py:188} INFO - [2024-05-23T15:43:36.031+0700] {dagbag.py:540} INFO - Filling up the DagBag from /mnt/d/Programming/Vietnamese-Text-Generator/airflow_env/lib/python3.10/site-packages/airflow/example_dags/example_bash_decorator.py
[2024-05-23T15:43:36.080+0700] {processor.py:840} INFO - DAG(s) 'example_bash_decorator' retrieved from /mnt/d/Programming/Vietnamese-Text-Generator/airflow_env/lib/python3.10/site-packages/airflow/example_dags/example_bash_decorator.py
[2024-05-23T15:43:37.282+0700] {logging_mixin.py:188} INFO - [2024-05-23T15:43:37.281+0700] {dag.py:3096} INFO - Sync 1 DAGs
[2024-05-23T15:43:37.300+0700] {logging_mixin.py:188} INFO - [2024-05-23T15:43:37.299+0700] {dag.py:3954} INFO - Setting next_dagrun for example_bash_decorator to None, run_after=None
[2024-05-23T15:43:37.380+0700] {processor.py:183} INFO - Processing /mnt/d/Programming/Vietnamese-Text-Generator/airflow_env/lib/python3.10/site-packages/airflow/example_dags/example_bash_decorator.py took 1.373 seconds
[2024-05-23T15:44:59.178+0700] {processor.py:161} INFO - Started process (PID=1744) to work on /mnt/d/Programming/Vietnamese-Text-Generator/airflow_env/lib/python3.10/site-packages/airflow/example_dags/example_bash_decorator.py
[2024-05-23T15:44:59.180+0700] {processor.py:830} INFO - Processing file /mnt/d/Programming/Vietnamese-Text-Generator/airflow_env/lib/python3.10/site-packages/airflow/example_dags/example_bash_decorator.py for tasks to queue
[2024-05-23T15:44:59.183+0700] {logging_mixin.py:188} INFO - [2024-05-23T15:44:59.182+0700] {dagbag.py:540} INFO - Filling up the DagBag from /mnt/d/Programming/Vietnamese-Text-Generator/airflow_env/lib/python3.10/site-packages/airflow/example_dags/example_bash_decorator.py
[2024-05-23T15:44:59.213+0700] {processor.py:840} INFO - DAG(s) 'example_bash_decorator' retrieved from /mnt/d/Programming/Vietnamese-Text-Generator/airflow_env/lib/python3.10/site-packages/airflow/example_dags/example_bash_decorator.py
[2024-05-23T15:44:59.244+0700] {logging_mixin.py:188} INFO - [2024-05-23T15:44:59.243+0700] {dag.py:3096} INFO - Sync 1 DAGs
[2024-05-23T15:44:59.259+0700] {logging_mixin.py:188} INFO - [2024-05-23T15:44:59.258+0700] {dag.py:3954} INFO - Setting next_dagrun for example_bash_decorator to None, run_after=None
[2024-05-23T15:44:59.317+0700] {processor.py:183} INFO - Processing /mnt/d/Programming/Vietnamese-Text-Generator/airflow_env/lib/python3.10/site-packages/airflow/example_dags/example_bash_decorator.py took 0.151 seconds
[2024-05-23T15:46:11.119+0700] {processor.py:161} INFO - Started process (PID=2438) to work on /mnt/d/Programming/Vietnamese-Text-Generator/airflow_env/lib/python3.10/site-packages/airflow/example_dags/example_bash_decorator.py
[2024-05-23T15:46:11.121+0700] {processor.py:830} INFO - Processing file /mnt/d/Programming/Vietnamese-Text-Generator/airflow_env/lib/python3.10/site-packages/airflow/example_dags/example_bash_decorator.py for tasks to queue
[2024-05-23T15:46:11.126+0700] {logging_mixin.py:188} INFO - [2024-05-23T15:46:11.124+0700] {dagbag.py:540} INFO - Filling up the DagBag from /mnt/d/Programming/Vietnamese-Text-Generator/airflow_env/lib/python3.10/site-packages/airflow/example_dags/example_bash_decorator.py
[2024-05-23T15:46:11.166+0700] {processor.py:840} INFO - DAG(s) 'example_bash_decorator' retrieved from /mnt/d/Programming/Vietnamese-Text-Generator/airflow_env/lib/python3.10/site-packages/airflow/example_dags/example_bash_decorator.py
[2024-05-23T15:46:11.204+0700] {logging_mixin.py:188} INFO - [2024-05-23T15:46:11.202+0700] {dag.py:3096} INFO - Sync 1 DAGs
[2024-05-23T15:46:11.220+0700] {logging_mixin.py:188} INFO - [2024-05-23T15:46:11.219+0700] {dag.py:3954} INFO - Setting next_dagrun for example_bash_decorator to None, run_after=None
[2024-05-23T15:46:11.279+0700] {processor.py:183} INFO - Processing /mnt/d/Programming/Vietnamese-Text-Generator/airflow_env/lib/python3.10/site-packages/airflow/example_dags/example_bash_decorator.py took 0.175 seconds
[2024-05-23T15:47:20.538+0700] {processor.py:161} INFO - Started process (PID=2775) to work on /mnt/d/Programming/Vietnamese-Text-Generator/airflow_env/lib/python3.10/site-packages/airflow/example_dags/example_bash_decorator.py
[2024-05-23T15:47:20.539+0700] {processor.py:830} INFO - Processing file /mnt/d/Programming/Vietnamese-Text-Generator/airflow_env/lib/python3.10/site-packages/airflow/example_dags/example_bash_decorator.py for tasks to queue
[2024-05-23T15:47:20.543+0700] {logging_mixin.py:188} INFO - [2024-05-23T15:47:20.542+0700] {dagbag.py:540} INFO - Filling up the DagBag from /mnt/d/Programming/Vietnamese-Text-Generator/airflow_env/lib/python3.10/site-packages/airflow/example_dags/example_bash_decorator.py
[2024-05-23T15:47:20.572+0700] {processor.py:840} INFO - DAG(s) 'example_bash_decorator' retrieved from /mnt/d/Programming/Vietnamese-Text-Generator/airflow_env/lib/python3.10/site-packages/airflow/example_dags/example_bash_decorator.py
[2024-05-23T15:47:20.604+0700] {logging_mixin.py:188} INFO - [2024-05-23T15:47:20.602+0700] {dag.py:3096} INFO - Sync 1 DAGs
[2024-05-23T15:47:20.620+0700] {logging_mixin.py:188} INFO - [2024-05-23T15:47:20.619+0700] {dag.py:3954} INFO - Setting next_dagrun for example_bash_decorator to None, run_after=None
[2024-05-23T15:47:20.686+0700] {processor.py:183} INFO - Processing /mnt/d/Programming/Vietnamese-Text-Generator/airflow_env/lib/python3.10/site-packages/airflow/example_dags/example_bash_decorator.py took 0.161 seconds
[2024-05-23T15:55:32.700+0700] {processor.py:161} INFO - Started process (PID=4896) to work on /mnt/d/Programming/Vietnamese-Text-Generator/airflow_env/lib/python3.10/site-packages/airflow/example_dags/example_bash_decorator.py
[2024-05-23T15:55:32.702+0700] {processor.py:830} INFO - Processing file /mnt/d/Programming/Vietnamese-Text-Generator/airflow_env/lib/python3.10/site-packages/airflow/example_dags/example_bash_decorator.py for tasks to queue
[2024-05-23T15:55:32.706+0700] {logging_mixin.py:188} INFO - [2024-05-23T15:55:32.705+0700] {dagbag.py:540} INFO - Filling up the DagBag from /mnt/d/Programming/Vietnamese-Text-Generator/airflow_env/lib/python3.10/site-packages/airflow/example_dags/example_bash_decorator.py
[2024-05-23T15:55:32.737+0700] {processor.py:840} INFO - DAG(s) 'example_bash_decorator' retrieved from /mnt/d/Programming/Vietnamese-Text-Generator/airflow_env/lib/python3.10/site-packages/airflow/example_dags/example_bash_decorator.py
[2024-05-23T15:55:32.767+0700] {logging_mixin.py:188} INFO - [2024-05-23T15:55:32.766+0700] {dag.py:3096} INFO - Sync 1 DAGs
[2024-05-23T15:55:32.781+0700] {logging_mixin.py:188} INFO - [2024-05-23T15:55:32.780+0700] {dag.py:3954} INFO - Setting next_dagrun for example_bash_decorator to None, run_after=None
[2024-05-23T15:55:32.843+0700] {processor.py:183} INFO - Processing /mnt/d/Programming/Vietnamese-Text-Generator/airflow_env/lib/python3.10/site-packages/airflow/example_dags/example_bash_decorator.py took 0.154 seconds
[2024-05-23T15:56:43.627+0700] {processor.py:161} INFO - Started process (PID=5229) to work on /mnt/d/Programming/Vietnamese-Text-Generator/airflow_env/lib/python3.10/site-packages/airflow/example_dags/example_bash_decorator.py
[2024-05-23T15:56:43.630+0700] {processor.py:830} INFO - Processing file /mnt/d/Programming/Vietnamese-Text-Generator/airflow_env/lib/python3.10/site-packages/airflow/example_dags/example_bash_decorator.py for tasks to queue
[2024-05-23T15:56:43.638+0700] {logging_mixin.py:188} INFO - [2024-05-23T15:56:43.632+0700] {dagbag.py:540} INFO - Filling up the DagBag from /mnt/d/Programming/Vietnamese-Text-Generator/airflow_env/lib/python3.10/site-packages/airflow/example_dags/example_bash_decorator.py
[2024-05-23T15:56:43.684+0700] {processor.py:840} INFO - DAG(s) 'example_bash_decorator' retrieved from /mnt/d/Programming/Vietnamese-Text-Generator/airflow_env/lib/python3.10/site-packages/airflow/example_dags/example_bash_decorator.py
[2024-05-23T15:56:43.725+0700] {logging_mixin.py:188} INFO - [2024-05-23T15:56:43.725+0700] {dag.py:3096} INFO - Sync 1 DAGs
[2024-05-23T15:56:43.743+0700] {logging_mixin.py:188} INFO - [2024-05-23T15:56:43.742+0700] {dag.py:3954} INFO - Setting next_dagrun for example_bash_decorator to None, run_after=None
[2024-05-23T15:56:43.836+0700] {processor.py:183} INFO - Processing /mnt/d/Programming/Vietnamese-Text-Generator/airflow_env/lib/python3.10/site-packages/airflow/example_dags/example_bash_decorator.py took 0.224 seconds
[2024-05-23T15:57:52.559+0700] {processor.py:161} INFO - Started process (PID=5556) to work on /mnt/d/Programming/Vietnamese-Text-Generator/airflow_env/lib/python3.10/site-packages/airflow/example_dags/example_bash_decorator.py
[2024-05-23T15:57:52.561+0700] {processor.py:830} INFO - Processing file /mnt/d/Programming/Vietnamese-Text-Generator/airflow_env/lib/python3.10/site-packages/airflow/example_dags/example_bash_decorator.py for tasks to queue
[2024-05-23T15:57:52.565+0700] {logging_mixin.py:188} INFO - [2024-05-23T15:57:52.563+0700] {dagbag.py:540} INFO - Filling up the DagBag from /mnt/d/Programming/Vietnamese-Text-Generator/airflow_env/lib/python3.10/site-packages/airflow/example_dags/example_bash_decorator.py
[2024-05-23T15:57:52.596+0700] {processor.py:840} INFO - DAG(s) 'example_bash_decorator' retrieved from /mnt/d/Programming/Vietnamese-Text-Generator/airflow_env/lib/python3.10/site-packages/airflow/example_dags/example_bash_decorator.py
[2024-05-23T15:57:52.630+0700] {logging_mixin.py:188} INFO - [2024-05-23T15:57:52.629+0700] {dag.py:3096} INFO - Sync 1 DAGs
[2024-05-23T15:57:52.647+0700] {logging_mixin.py:188} INFO - [2024-05-23T15:57:52.645+0700] {dag.py:3954} INFO - Setting next_dagrun for example_bash_decorator to None, run_after=None
[2024-05-23T15:57:52.695+0700] {processor.py:183} INFO - Processing /mnt/d/Programming/Vietnamese-Text-Generator/airflow_env/lib/python3.10/site-packages/airflow/example_dags/example_bash_decorator.py took 0.151 seconds
[2024-05-23T15:59:01.830+0700] {processor.py:161} INFO - Started process (PID=5881) to work on /mnt/d/Programming/Vietnamese-Text-Generator/airflow_env/lib/python3.10/site-packages/airflow/example_dags/example_bash_decorator.py
[2024-05-23T15:59:01.832+0700] {processor.py:830} INFO - Processing file /mnt/d/Programming/Vietnamese-Text-Generator/airflow_env/lib/python3.10/site-packages/airflow/example_dags/example_bash_decorator.py for tasks to queue
[2024-05-23T15:59:01.835+0700] {logging_mixin.py:188} INFO - [2024-05-23T15:59:01.834+0700] {dagbag.py:540} INFO - Filling up the DagBag from /mnt/d/Programming/Vietnamese-Text-Generator/airflow_env/lib/python3.10/site-packages/airflow/example_dags/example_bash_decorator.py
[2024-05-23T15:59:01.881+0700] {processor.py:840} INFO - DAG(s) 'example_bash_decorator' retrieved from /mnt/d/Programming/Vietnamese-Text-Generator/airflow_env/lib/python3.10/site-packages/airflow/example_dags/example_bash_decorator.py
[2024-05-23T15:59:01.919+0700] {logging_mixin.py:188} INFO - [2024-05-23T15:59:01.918+0700] {dag.py:3096} INFO - Sync 1 DAGs
[2024-05-23T15:59:01.936+0700] {logging_mixin.py:188} INFO - [2024-05-23T15:59:01.935+0700] {dag.py:3954} INFO - Setting next_dagrun for example_bash_decorator to None, run_after=None
[2024-05-23T15:59:01.994+0700] {processor.py:183} INFO - Processing /mnt/d/Programming/Vietnamese-Text-Generator/airflow_env/lib/python3.10/site-packages/airflow/example_dags/example_bash_decorator.py took 0.178 seconds
[2024-05-23T16:00:13.535+0700] {processor.py:161} INFO - Started process (PID=6221) to work on /mnt/d/Programming/Vietnamese-Text-Generator/airflow_env/lib/python3.10/site-packages/airflow/example_dags/example_bash_decorator.py
[2024-05-23T16:00:13.536+0700] {processor.py:830} INFO - Processing file /mnt/d/Programming/Vietnamese-Text-Generator/airflow_env/lib/python3.10/site-packages/airflow/example_dags/example_bash_decorator.py for tasks to queue
[2024-05-23T16:00:13.538+0700] {logging_mixin.py:188} INFO - [2024-05-23T16:00:13.537+0700] {dagbag.py:540} INFO - Filling up the DagBag from /mnt/d/Programming/Vietnamese-Text-Generator/airflow_env/lib/python3.10/site-packages/airflow/example_dags/example_bash_decorator.py
[2024-05-23T16:00:13.570+0700] {processor.py:840} INFO - DAG(s) 'example_bash_decorator' retrieved from /mnt/d/Programming/Vietnamese-Text-Generator/airflow_env/lib/python3.10/site-packages/airflow/example_dags/example_bash_decorator.py
[2024-05-23T16:00:13.601+0700] {logging_mixin.py:188} INFO - [2024-05-23T16:00:13.601+0700] {dag.py:3096} INFO - Sync 1 DAGs
[2024-05-23T16:00:13.616+0700] {logging_mixin.py:188} INFO - [2024-05-23T16:00:13.615+0700] {dag.py:3954} INFO - Setting next_dagrun for example_bash_decorator to None, run_after=None
[2024-05-23T16:00:13.672+0700] {processor.py:183} INFO - Processing /mnt/d/Programming/Vietnamese-Text-Generator/airflow_env/lib/python3.10/site-packages/airflow/example_dags/example_bash_decorator.py took 0.151 seconds
[2024-05-23T16:01:20.257+0700] {processor.py:161} INFO - Started process (PID=6536) to work on /mnt/d/Programming/Vietnamese-Text-Generator/airflow_env/lib/python3.10/site-packages/airflow/example_dags/example_bash_decorator.py
[2024-05-23T16:01:20.259+0700] {processor.py:830} INFO - Processing file /mnt/d/Programming/Vietnamese-Text-Generator/airflow_env/lib/python3.10/site-packages/airflow/example_dags/example_bash_decorator.py for tasks to queue
[2024-05-23T16:01:20.263+0700] {logging_mixin.py:188} INFO - [2024-05-23T16:01:20.260+0700] {dagbag.py:540} INFO - Filling up the DagBag from /mnt/d/Programming/Vietnamese-Text-Generator/airflow_env/lib/python3.10/site-packages/airflow/example_dags/example_bash_decorator.py
[2024-05-23T16:01:20.296+0700] {processor.py:840} INFO - DAG(s) 'example_bash_decorator' retrieved from /mnt/d/Programming/Vietnamese-Text-Generator/airflow_env/lib/python3.10/site-packages/airflow/example_dags/example_bash_decorator.py
[2024-05-23T16:01:20.326+0700] {logging_mixin.py:188} INFO - [2024-05-23T16:01:20.325+0700] {dag.py:3096} INFO - Sync 1 DAGs
[2024-05-23T16:01:20.340+0700] {logging_mixin.py:188} INFO - [2024-05-23T16:01:20.339+0700] {dag.py:3954} INFO - Setting next_dagrun for example_bash_decorator to None, run_after=None
[2024-05-23T16:01:20.397+0700] {processor.py:183} INFO - Processing /mnt/d/Programming/Vietnamese-Text-Generator/airflow_env/lib/python3.10/site-packages/airflow/example_dags/example_bash_decorator.py took 0.153 seconds
[2024-05-23T16:02:26.274+0700] {processor.py:161} INFO - Started process (PID=6848) to work on /mnt/d/Programming/Vietnamese-Text-Generator/airflow_env/lib/python3.10/site-packages/airflow/example_dags/example_bash_decorator.py
[2024-05-23T16:02:26.277+0700] {processor.py:830} INFO - Processing file /mnt/d/Programming/Vietnamese-Text-Generator/airflow_env/lib/python3.10/site-packages/airflow/example_dags/example_bash_decorator.py for tasks to queue
[2024-05-23T16:02:26.284+0700] {logging_mixin.py:188} INFO - [2024-05-23T16:02:26.283+0700] {dagbag.py:540} INFO - Filling up the DagBag from /mnt/d/Programming/Vietnamese-Text-Generator/airflow_env/lib/python3.10/site-packages/airflow/example_dags/example_bash_decorator.py
[2024-05-23T16:02:26.327+0700] {processor.py:840} INFO - DAG(s) 'example_bash_decorator' retrieved from /mnt/d/Programming/Vietnamese-Text-Generator/airflow_env/lib/python3.10/site-packages/airflow/example_dags/example_bash_decorator.py
[2024-05-23T16:02:26.356+0700] {logging_mixin.py:188} INFO - [2024-05-23T16:02:26.356+0700] {dag.py:3096} INFO - Sync 1 DAGs
[2024-05-23T16:02:26.373+0700] {logging_mixin.py:188} INFO - [2024-05-23T16:02:26.371+0700] {dag.py:3954} INFO - Setting next_dagrun for example_bash_decorator to None, run_after=None
[2024-05-23T16:02:26.437+0700] {processor.py:183} INFO - Processing /mnt/d/Programming/Vietnamese-Text-Generator/airflow_env/lib/python3.10/site-packages/airflow/example_dags/example_bash_decorator.py took 0.178 seconds
[2024-05-23T16:03:37.350+0700] {processor.py:161} INFO - Started process (PID=7181) to work on /mnt/d/Programming/Vietnamese-Text-Generator/airflow_env/lib/python3.10/site-packages/airflow/example_dags/example_bash_decorator.py
[2024-05-23T16:03:37.351+0700] {processor.py:830} INFO - Processing file /mnt/d/Programming/Vietnamese-Text-Generator/airflow_env/lib/python3.10/site-packages/airflow/example_dags/example_bash_decorator.py for tasks to queue
[2024-05-23T16:03:37.355+0700] {logging_mixin.py:188} INFO - [2024-05-23T16:03:37.353+0700] {dagbag.py:540} INFO - Filling up the DagBag from /mnt/d/Programming/Vietnamese-Text-Generator/airflow_env/lib/python3.10/site-packages/airflow/example_dags/example_bash_decorator.py
[2024-05-23T16:03:37.387+0700] {processor.py:840} INFO - DAG(s) 'example_bash_decorator' retrieved from /mnt/d/Programming/Vietnamese-Text-Generator/airflow_env/lib/python3.10/site-packages/airflow/example_dags/example_bash_decorator.py
[2024-05-23T16:03:37.416+0700] {logging_mixin.py:188} INFO - [2024-05-23T16:03:37.415+0700] {dag.py:3096} INFO - Sync 1 DAGs
[2024-05-23T16:03:37.430+0700] {logging_mixin.py:188} INFO - [2024-05-23T16:03:37.429+0700] {dag.py:3954} INFO - Setting next_dagrun for example_bash_decorator to None, run_after=None
[2024-05-23T16:03:37.487+0700] {processor.py:183} INFO - Processing /mnt/d/Programming/Vietnamese-Text-Generator/airflow_env/lib/python3.10/site-packages/airflow/example_dags/example_bash_decorator.py took 0.150 seconds
[2024-05-23T16:35:50.208+0700] {processor.py:161} INFO - Started process (PID=17272) to work on /mnt/d/Programming/Vietnamese-Text-Generator/airflow_env/lib/python3.10/site-packages/airflow/example_dags/example_bash_decorator.py
[2024-05-23T16:35:50.210+0700] {processor.py:830} INFO - Processing file /mnt/d/Programming/Vietnamese-Text-Generator/airflow_env/lib/python3.10/site-packages/airflow/example_dags/example_bash_decorator.py for tasks to queue
[2024-05-23T16:35:50.211+0700] {logging_mixin.py:188} INFO - [2024-05-23T16:35:50.211+0700] {dagbag.py:540} INFO - Filling up the DagBag from /mnt/d/Programming/Vietnamese-Text-Generator/airflow_env/lib/python3.10/site-packages/airflow/example_dags/example_bash_decorator.py
[2024-05-23T16:35:50.238+0700] {processor.py:840} INFO - DAG(s) 'example_bash_decorator' retrieved from /mnt/d/Programming/Vietnamese-Text-Generator/airflow_env/lib/python3.10/site-packages/airflow/example_dags/example_bash_decorator.py
[2024-05-23T16:35:50.265+0700] {logging_mixin.py:188} INFO - [2024-05-23T16:35:50.264+0700] {dag.py:3096} INFO - Sync 1 DAGs
[2024-05-23T16:35:50.278+0700] {logging_mixin.py:188} INFO - [2024-05-23T16:35:50.277+0700] {dag.py:3954} INFO - Setting next_dagrun for example_bash_decorator to None, run_after=None
[2024-05-23T16:35:50.327+0700] {processor.py:183} INFO - Processing /mnt/d/Programming/Vietnamese-Text-Generator/airflow_env/lib/python3.10/site-packages/airflow/example_dags/example_bash_decorator.py took 0.129 seconds
[2024-05-23T16:37:05.348+0700] {processor.py:161} INFO - Started process (PID=17623) to work on /mnt/d/Programming/Vietnamese-Text-Generator/airflow_env/lib/python3.10/site-packages/airflow/example_dags/example_bash_decorator.py
[2024-05-23T16:37:05.349+0700] {processor.py:830} INFO - Processing file /mnt/d/Programming/Vietnamese-Text-Generator/airflow_env/lib/python3.10/site-packages/airflow/example_dags/example_bash_decorator.py for tasks to queue
[2024-05-23T16:37:05.351+0700] {logging_mixin.py:188} INFO - [2024-05-23T16:37:05.350+0700] {dagbag.py:540} INFO - Filling up the DagBag from /mnt/d/Programming/Vietnamese-Text-Generator/airflow_env/lib/python3.10/site-packages/airflow/example_dags/example_bash_decorator.py
[2024-05-23T16:37:05.379+0700] {processor.py:840} INFO - DAG(s) 'example_bash_decorator' retrieved from /mnt/d/Programming/Vietnamese-Text-Generator/airflow_env/lib/python3.10/site-packages/airflow/example_dags/example_bash_decorator.py
[2024-05-23T16:37:05.407+0700] {logging_mixin.py:188} INFO - [2024-05-23T16:37:05.406+0700] {dag.py:3096} INFO - Sync 1 DAGs
[2024-05-23T16:37:05.420+0700] {logging_mixin.py:188} INFO - [2024-05-23T16:37:05.420+0700] {dag.py:3954} INFO - Setting next_dagrun for example_bash_decorator to None, run_after=None
[2024-05-23T16:37:05.480+0700] {processor.py:183} INFO - Processing /mnt/d/Programming/Vietnamese-Text-Generator/airflow_env/lib/python3.10/site-packages/airflow/example_dags/example_bash_decorator.py took 0.143 seconds
[2024-05-23T16:50:40.395+0700] {processor.py:161} INFO - Started process (PID=21107) to work on /mnt/d/Programming/Vietnamese-Text-Generator/airflow_env/lib/python3.10/site-packages/airflow/example_dags/example_bash_decorator.py
[2024-05-23T16:50:40.397+0700] {processor.py:830} INFO - Processing file /mnt/d/Programming/Vietnamese-Text-Generator/airflow_env/lib/python3.10/site-packages/airflow/example_dags/example_bash_decorator.py for tasks to queue
[2024-05-23T16:50:40.400+0700] {logging_mixin.py:188} INFO - [2024-05-23T16:50:40.399+0700] {dagbag.py:540} INFO - Filling up the DagBag from /mnt/d/Programming/Vietnamese-Text-Generator/airflow_env/lib/python3.10/site-packages/airflow/example_dags/example_bash_decorator.py
[2024-05-23T16:50:40.451+0700] {processor.py:840} INFO - DAG(s) 'example_bash_decorator' retrieved from /mnt/d/Programming/Vietnamese-Text-Generator/airflow_env/lib/python3.10/site-packages/airflow/example_dags/example_bash_decorator.py
[2024-05-23T16:50:43.532+0700] {logging_mixin.py:188} INFO - [2024-05-23T16:50:43.531+0700] {dag.py:3096} INFO - Sync 1 DAGs
[2024-05-23T16:50:43.590+0700] {logging_mixin.py:188} INFO - [2024-05-23T16:50:43.589+0700] {dag.py:3954} INFO - Setting next_dagrun for example_bash_decorator to None, run_after=None
[2024-05-23T16:50:43.716+0700] {processor.py:183} INFO - Processing /mnt/d/Programming/Vietnamese-Text-Generator/airflow_env/lib/python3.10/site-packages/airflow/example_dags/example_bash_decorator.py took 3.345 seconds
[2024-05-23T16:52:03.254+0700] {processor.py:161} INFO - Started process (PID=21489) to work on /mnt/d/Programming/Vietnamese-Text-Generator/airflow_env/lib/python3.10/site-packages/airflow/example_dags/example_bash_decorator.py
[2024-05-23T16:52:03.256+0700] {processor.py:830} INFO - Processing file /mnt/d/Programming/Vietnamese-Text-Generator/airflow_env/lib/python3.10/site-packages/airflow/example_dags/example_bash_decorator.py for tasks to queue
[2024-05-23T16:52:03.258+0700] {logging_mixin.py:188} INFO - [2024-05-23T16:52:03.257+0700] {dagbag.py:540} INFO - Filling up the DagBag from /mnt/d/Programming/Vietnamese-Text-Generator/airflow_env/lib/python3.10/site-packages/airflow/example_dags/example_bash_decorator.py
[2024-05-23T16:52:03.292+0700] {processor.py:840} INFO - DAG(s) 'example_bash_decorator' retrieved from /mnt/d/Programming/Vietnamese-Text-Generator/airflow_env/lib/python3.10/site-packages/airflow/example_dags/example_bash_decorator.py
[2024-05-23T16:52:03.327+0700] {logging_mixin.py:188} INFO - [2024-05-23T16:52:03.326+0700] {dag.py:3096} INFO - Sync 1 DAGs
[2024-05-23T16:52:03.342+0700] {logging_mixin.py:188} INFO - [2024-05-23T16:52:03.342+0700] {dag.py:3954} INFO - Setting next_dagrun for example_bash_decorator to None, run_after=None
[2024-05-23T16:52:03.405+0700] {processor.py:183} INFO - Processing /mnt/d/Programming/Vietnamese-Text-Generator/airflow_env/lib/python3.10/site-packages/airflow/example_dags/example_bash_decorator.py took 0.165 seconds
[2024-05-23T16:53:18.445+0700] {processor.py:161} INFO - Started process (PID=21838) to work on /mnt/d/Programming/Vietnamese-Text-Generator/airflow_env/lib/python3.10/site-packages/airflow/example_dags/example_bash_decorator.py
[2024-05-23T16:53:18.447+0700] {processor.py:830} INFO - Processing file /mnt/d/Programming/Vietnamese-Text-Generator/airflow_env/lib/python3.10/site-packages/airflow/example_dags/example_bash_decorator.py for tasks to queue
[2024-05-23T16:53:18.450+0700] {logging_mixin.py:188} INFO - [2024-05-23T16:53:18.449+0700] {dagbag.py:540} INFO - Filling up the DagBag from /mnt/d/Programming/Vietnamese-Text-Generator/airflow_env/lib/python3.10/site-packages/airflow/example_dags/example_bash_decorator.py
[2024-05-23T16:53:18.483+0700] {processor.py:840} INFO - DAG(s) 'example_bash_decorator' retrieved from /mnt/d/Programming/Vietnamese-Text-Generator/airflow_env/lib/python3.10/site-packages/airflow/example_dags/example_bash_decorator.py
[2024-05-23T16:53:18.513+0700] {logging_mixin.py:188} INFO - [2024-05-23T16:53:18.513+0700] {dag.py:3096} INFO - Sync 1 DAGs
[2024-05-23T16:53:18.529+0700] {logging_mixin.py:188} INFO - [2024-05-23T16:53:18.529+0700] {dag.py:3954} INFO - Setting next_dagrun for example_bash_decorator to None, run_after=None
[2024-05-23T16:53:18.589+0700] {processor.py:183} INFO - Processing /mnt/d/Programming/Vietnamese-Text-Generator/airflow_env/lib/python3.10/site-packages/airflow/example_dags/example_bash_decorator.py took 0.158 seconds
[2024-05-23T16:54:28.148+0700] {processor.py:161} INFO - Started process (PID=22164) to work on /mnt/d/Programming/Vietnamese-Text-Generator/airflow_env/lib/python3.10/site-packages/airflow/example_dags/example_bash_decorator.py
[2024-05-23T16:54:28.149+0700] {processor.py:830} INFO - Processing file /mnt/d/Programming/Vietnamese-Text-Generator/airflow_env/lib/python3.10/site-packages/airflow/example_dags/example_bash_decorator.py for tasks to queue
[2024-05-23T16:54:28.153+0700] {logging_mixin.py:188} INFO - [2024-05-23T16:54:28.152+0700] {dagbag.py:540} INFO - Filling up the DagBag from /mnt/d/Programming/Vietnamese-Text-Generator/airflow_env/lib/python3.10/site-packages/airflow/example_dags/example_bash_decorator.py
[2024-05-23T16:54:28.195+0700] {processor.py:840} INFO - DAG(s) 'example_bash_decorator' retrieved from /mnt/d/Programming/Vietnamese-Text-Generator/airflow_env/lib/python3.10/site-packages/airflow/example_dags/example_bash_decorator.py
[2024-05-23T16:54:28.229+0700] {logging_mixin.py:188} INFO - [2024-05-23T16:54:28.229+0700] {dag.py:3096} INFO - Sync 1 DAGs
[2024-05-23T16:54:28.246+0700] {logging_mixin.py:188} INFO - [2024-05-23T16:54:28.245+0700] {dag.py:3954} INFO - Setting next_dagrun for example_bash_decorator to None, run_after=None
[2024-05-23T16:54:28.319+0700] {processor.py:183} INFO - Processing /mnt/d/Programming/Vietnamese-Text-Generator/airflow_env/lib/python3.10/site-packages/airflow/example_dags/example_bash_decorator.py took 0.184 seconds
[2024-05-23T16:55:37.869+0700] {processor.py:161} INFO - Started process (PID=22492) to work on /mnt/d/Programming/Vietnamese-Text-Generator/airflow_env/lib/python3.10/site-packages/airflow/example_dags/example_bash_decorator.py
[2024-05-23T16:55:37.871+0700] {processor.py:830} INFO - Processing file /mnt/d/Programming/Vietnamese-Text-Generator/airflow_env/lib/python3.10/site-packages/airflow/example_dags/example_bash_decorator.py for tasks to queue
[2024-05-23T16:55:37.873+0700] {logging_mixin.py:188} INFO - [2024-05-23T16:55:37.872+0700] {dagbag.py:540} INFO - Filling up the DagBag from /mnt/d/Programming/Vietnamese-Text-Generator/airflow_env/lib/python3.10/site-packages/airflow/example_dags/example_bash_decorator.py
[2024-05-23T16:55:37.906+0700] {processor.py:840} INFO - DAG(s) 'example_bash_decorator' retrieved from /mnt/d/Programming/Vietnamese-Text-Generator/airflow_env/lib/python3.10/site-packages/airflow/example_dags/example_bash_decorator.py
[2024-05-23T16:55:37.938+0700] {logging_mixin.py:188} INFO - [2024-05-23T16:55:37.936+0700] {dag.py:3096} INFO - Sync 1 DAGs
[2024-05-23T16:55:37.953+0700] {logging_mixin.py:188} INFO - [2024-05-23T16:55:37.952+0700] {dag.py:3954} INFO - Setting next_dagrun for example_bash_decorator to None, run_after=None
[2024-05-23T16:55:38.010+0700] {processor.py:183} INFO - Processing /mnt/d/Programming/Vietnamese-Text-Generator/airflow_env/lib/python3.10/site-packages/airflow/example_dags/example_bash_decorator.py took 0.153 seconds
[2024-05-23T16:56:43.257+0700] {processor.py:161} INFO - Started process (PID=22798) to work on /mnt/d/Programming/Vietnamese-Text-Generator/airflow_env/lib/python3.10/site-packages/airflow/example_dags/example_bash_decorator.py
[2024-05-23T16:56:43.259+0700] {processor.py:830} INFO - Processing file /mnt/d/Programming/Vietnamese-Text-Generator/airflow_env/lib/python3.10/site-packages/airflow/example_dags/example_bash_decorator.py for tasks to queue
[2024-05-23T16:56:43.262+0700] {logging_mixin.py:188} INFO - [2024-05-23T16:56:43.261+0700] {dagbag.py:540} INFO - Filling up the DagBag from /mnt/d/Programming/Vietnamese-Text-Generator/airflow_env/lib/python3.10/site-packages/airflow/example_dags/example_bash_decorator.py
[2024-05-23T16:56:43.293+0700] {processor.py:840} INFO - DAG(s) 'example_bash_decorator' retrieved from /mnt/d/Programming/Vietnamese-Text-Generator/airflow_env/lib/python3.10/site-packages/airflow/example_dags/example_bash_decorator.py
[2024-05-23T16:56:43.327+0700] {logging_mixin.py:188} INFO - [2024-05-23T16:56:43.325+0700] {dag.py:3096} INFO - Sync 1 DAGs
[2024-05-23T16:56:43.345+0700] {logging_mixin.py:188} INFO - [2024-05-23T16:56:43.344+0700] {dag.py:3954} INFO - Setting next_dagrun for example_bash_decorator to None, run_after=None
[2024-05-23T16:56:43.419+0700] {processor.py:183} INFO - Processing /mnt/d/Programming/Vietnamese-Text-Generator/airflow_env/lib/python3.10/site-packages/airflow/example_dags/example_bash_decorator.py took 0.175 seconds
[2024-05-23T16:57:54.487+0700] {processor.py:161} INFO - Started process (PID=23131) to work on /mnt/d/Programming/Vietnamese-Text-Generator/airflow_env/lib/python3.10/site-packages/airflow/example_dags/example_bash_decorator.py
[2024-05-23T16:57:54.489+0700] {processor.py:830} INFO - Processing file /mnt/d/Programming/Vietnamese-Text-Generator/airflow_env/lib/python3.10/site-packages/airflow/example_dags/example_bash_decorator.py for tasks to queue
[2024-05-23T16:57:54.493+0700] {logging_mixin.py:188} INFO - [2024-05-23T16:57:54.492+0700] {dagbag.py:540} INFO - Filling up the DagBag from /mnt/d/Programming/Vietnamese-Text-Generator/airflow_env/lib/python3.10/site-packages/airflow/example_dags/example_bash_decorator.py
[2024-05-23T16:57:54.543+0700] {processor.py:840} INFO - DAG(s) 'example_bash_decorator' retrieved from /mnt/d/Programming/Vietnamese-Text-Generator/airflow_env/lib/python3.10/site-packages/airflow/example_dags/example_bash_decorator.py
[2024-05-23T16:57:54.584+0700] {logging_mixin.py:188} INFO - [2024-05-23T16:57:54.583+0700] {dag.py:3096} INFO - Sync 1 DAGs
[2024-05-23T16:57:54.608+0700] {logging_mixin.py:188} INFO - [2024-05-23T16:57:54.606+0700] {dag.py:3954} INFO - Setting next_dagrun for example_bash_decorator to None, run_after=None
[2024-05-23T16:57:54.681+0700] {processor.py:183} INFO - Processing /mnt/d/Programming/Vietnamese-Text-Generator/airflow_env/lib/python3.10/site-packages/airflow/example_dags/example_bash_decorator.py took 0.210 seconds
[2024-05-23T16:59:01.926+0700] {processor.py:161} INFO - Started process (PID=23447) to work on /mnt/d/Programming/Vietnamese-Text-Generator/airflow_env/lib/python3.10/site-packages/airflow/example_dags/example_bash_decorator.py
[2024-05-23T16:59:01.928+0700] {processor.py:830} INFO - Processing file /mnt/d/Programming/Vietnamese-Text-Generator/airflow_env/lib/python3.10/site-packages/airflow/example_dags/example_bash_decorator.py for tasks to queue
[2024-05-23T16:59:01.931+0700] {logging_mixin.py:188} INFO - [2024-05-23T16:59:01.930+0700] {dagbag.py:540} INFO - Filling up the DagBag from /mnt/d/Programming/Vietnamese-Text-Generator/airflow_env/lib/python3.10/site-packages/airflow/example_dags/example_bash_decorator.py
[2024-05-23T16:59:01.968+0700] {processor.py:840} INFO - DAG(s) 'example_bash_decorator' retrieved from /mnt/d/Programming/Vietnamese-Text-Generator/airflow_env/lib/python3.10/site-packages/airflow/example_dags/example_bash_decorator.py
[2024-05-23T16:59:02.001+0700] {logging_mixin.py:188} INFO - [2024-05-23T16:59:02.000+0700] {dag.py:3096} INFO - Sync 1 DAGs
[2024-05-23T16:59:02.018+0700] {logging_mixin.py:188} INFO - [2024-05-23T16:59:02.017+0700] {dag.py:3954} INFO - Setting next_dagrun for example_bash_decorator to None, run_after=None
[2024-05-23T16:59:02.084+0700] {processor.py:183} INFO - Processing /mnt/d/Programming/Vietnamese-Text-Generator/airflow_env/lib/python3.10/site-packages/airflow/example_dags/example_bash_decorator.py took 0.173 seconds
[2024-05-23T17:00:14.906+0700] {processor.py:161} INFO - Started process (PID=23787) to work on /mnt/d/Programming/Vietnamese-Text-Generator/airflow_env/lib/python3.10/site-packages/airflow/example_dags/example_bash_decorator.py
[2024-05-23T17:00:14.908+0700] {processor.py:830} INFO - Processing file /mnt/d/Programming/Vietnamese-Text-Generator/airflow_env/lib/python3.10/site-packages/airflow/example_dags/example_bash_decorator.py for tasks to queue
[2024-05-23T17:00:14.912+0700] {logging_mixin.py:188} INFO - [2024-05-23T17:00:14.910+0700] {dagbag.py:540} INFO - Filling up the DagBag from /mnt/d/Programming/Vietnamese-Text-Generator/airflow_env/lib/python3.10/site-packages/airflow/example_dags/example_bash_decorator.py
[2024-05-23T17:00:14.968+0700] {processor.py:840} INFO - DAG(s) 'example_bash_decorator' retrieved from /mnt/d/Programming/Vietnamese-Text-Generator/airflow_env/lib/python3.10/site-packages/airflow/example_dags/example_bash_decorator.py
[2024-05-23T17:00:15.014+0700] {logging_mixin.py:188} INFO - [2024-05-23T17:00:15.013+0700] {dag.py:3096} INFO - Sync 1 DAGs
[2024-05-23T17:00:15.035+0700] {logging_mixin.py:188} INFO - [2024-05-23T17:00:15.034+0700] {dag.py:3954} INFO - Setting next_dagrun for example_bash_decorator to None, run_after=None
[2024-05-23T17:00:15.096+0700] {processor.py:183} INFO - Processing /mnt/d/Programming/Vietnamese-Text-Generator/airflow_env/lib/python3.10/site-packages/airflow/example_dags/example_bash_decorator.py took 0.204 seconds
[2024-05-23T17:01:20.562+0700] {processor.py:161} INFO - Started process (PID=24092) to work on /mnt/d/Programming/Vietnamese-Text-Generator/airflow_env/lib/python3.10/site-packages/airflow/example_dags/example_bash_decorator.py
[2024-05-23T17:01:20.565+0700] {processor.py:830} INFO - Processing file /mnt/d/Programming/Vietnamese-Text-Generator/airflow_env/lib/python3.10/site-packages/airflow/example_dags/example_bash_decorator.py for tasks to queue
[2024-05-23T17:01:20.569+0700] {logging_mixin.py:188} INFO - [2024-05-23T17:01:20.567+0700] {dagbag.py:540} INFO - Filling up the DagBag from /mnt/d/Programming/Vietnamese-Text-Generator/airflow_env/lib/python3.10/site-packages/airflow/example_dags/example_bash_decorator.py
[2024-05-23T17:01:20.606+0700] {processor.py:840} INFO - DAG(s) 'example_bash_decorator' retrieved from /mnt/d/Programming/Vietnamese-Text-Generator/airflow_env/lib/python3.10/site-packages/airflow/example_dags/example_bash_decorator.py
[2024-05-23T17:01:20.645+0700] {logging_mixin.py:188} INFO - [2024-05-23T17:01:20.644+0700] {dag.py:3096} INFO - Sync 1 DAGs
[2024-05-23T17:01:20.664+0700] {logging_mixin.py:188} INFO - [2024-05-23T17:01:20.662+0700] {dag.py:3954} INFO - Setting next_dagrun for example_bash_decorator to None, run_after=None
[2024-05-23T17:01:20.721+0700] {processor.py:183} INFO - Processing /mnt/d/Programming/Vietnamese-Text-Generator/airflow_env/lib/python3.10/site-packages/airflow/example_dags/example_bash_decorator.py took 0.170 seconds
[2024-05-23T17:02:30.603+0700] {processor.py:161} INFO - Started process (PID=24418) to work on /mnt/d/Programming/Vietnamese-Text-Generator/airflow_env/lib/python3.10/site-packages/airflow/example_dags/example_bash_decorator.py
[2024-05-23T17:02:30.604+0700] {processor.py:830} INFO - Processing file /mnt/d/Programming/Vietnamese-Text-Generator/airflow_env/lib/python3.10/site-packages/airflow/example_dags/example_bash_decorator.py for tasks to queue
[2024-05-23T17:02:30.606+0700] {logging_mixin.py:188} INFO - [2024-05-23T17:02:30.606+0700] {dagbag.py:540} INFO - Filling up the DagBag from /mnt/d/Programming/Vietnamese-Text-Generator/airflow_env/lib/python3.10/site-packages/airflow/example_dags/example_bash_decorator.py
[2024-05-23T17:02:30.637+0700] {processor.py:840} INFO - DAG(s) 'example_bash_decorator' retrieved from /mnt/d/Programming/Vietnamese-Text-Generator/airflow_env/lib/python3.10/site-packages/airflow/example_dags/example_bash_decorator.py
[2024-05-23T17:02:30.671+0700] {logging_mixin.py:188} INFO - [2024-05-23T17:02:30.670+0700] {dag.py:3096} INFO - Sync 1 DAGs
[2024-05-23T17:02:30.687+0700] {logging_mixin.py:188} INFO - [2024-05-23T17:02:30.686+0700] {dag.py:3954} INFO - Setting next_dagrun for example_bash_decorator to None, run_after=None
[2024-05-23T17:02:30.745+0700] {processor.py:183} INFO - Processing /mnt/d/Programming/Vietnamese-Text-Generator/airflow_env/lib/python3.10/site-packages/airflow/example_dags/example_bash_decorator.py took 0.155 seconds
[2024-05-23T17:03:41.273+0700] {processor.py:161} INFO - Started process (PID=24747) to work on /mnt/d/Programming/Vietnamese-Text-Generator/airflow_env/lib/python3.10/site-packages/airflow/example_dags/example_bash_decorator.py
[2024-05-23T17:03:41.274+0700] {processor.py:830} INFO - Processing file /mnt/d/Programming/Vietnamese-Text-Generator/airflow_env/lib/python3.10/site-packages/airflow/example_dags/example_bash_decorator.py for tasks to queue
[2024-05-23T17:03:41.276+0700] {logging_mixin.py:188} INFO - [2024-05-23T17:03:41.275+0700] {dagbag.py:540} INFO - Filling up the DagBag from /mnt/d/Programming/Vietnamese-Text-Generator/airflow_env/lib/python3.10/site-packages/airflow/example_dags/example_bash_decorator.py
[2024-05-23T17:03:41.304+0700] {processor.py:840} INFO - DAG(s) 'example_bash_decorator' retrieved from /mnt/d/Programming/Vietnamese-Text-Generator/airflow_env/lib/python3.10/site-packages/airflow/example_dags/example_bash_decorator.py
[2024-05-23T17:03:41.335+0700] {logging_mixin.py:188} INFO - [2024-05-23T17:03:41.334+0700] {dag.py:3096} INFO - Sync 1 DAGs
[2024-05-23T17:03:41.350+0700] {logging_mixin.py:188} INFO - [2024-05-23T17:03:41.348+0700] {dag.py:3954} INFO - Setting next_dagrun for example_bash_decorator to None, run_after=None
[2024-05-23T17:03:41.409+0700] {processor.py:183} INFO - Processing /mnt/d/Programming/Vietnamese-Text-Generator/airflow_env/lib/python3.10/site-packages/airflow/example_dags/example_bash_decorator.py took 0.148 seconds
[2024-05-23T17:04:50.937+0700] {processor.py:161} INFO - Started process (PID=25070) to work on /mnt/d/Programming/Vietnamese-Text-Generator/airflow_env/lib/python3.10/site-packages/airflow/example_dags/example_bash_decorator.py
[2024-05-23T17:04:50.940+0700] {processor.py:830} INFO - Processing file /mnt/d/Programming/Vietnamese-Text-Generator/airflow_env/lib/python3.10/site-packages/airflow/example_dags/example_bash_decorator.py for tasks to queue
[2024-05-23T17:04:50.943+0700] {logging_mixin.py:188} INFO - [2024-05-23T17:04:50.942+0700] {dagbag.py:540} INFO - Filling up the DagBag from /mnt/d/Programming/Vietnamese-Text-Generator/airflow_env/lib/python3.10/site-packages/airflow/example_dags/example_bash_decorator.py
[2024-05-23T17:04:50.979+0700] {processor.py:840} INFO - DAG(s) 'example_bash_decorator' retrieved from /mnt/d/Programming/Vietnamese-Text-Generator/airflow_env/lib/python3.10/site-packages/airflow/example_dags/example_bash_decorator.py
[2024-05-23T17:04:51.012+0700] {logging_mixin.py:188} INFO - [2024-05-23T17:04:51.011+0700] {dag.py:3096} INFO - Sync 1 DAGs
[2024-05-23T17:04:51.027+0700] {logging_mixin.py:188} INFO - [2024-05-23T17:04:51.027+0700] {dag.py:3954} INFO - Setting next_dagrun for example_bash_decorator to None, run_after=None
[2024-05-23T17:04:51.084+0700] {processor.py:183} INFO - Processing /mnt/d/Programming/Vietnamese-Text-Generator/airflow_env/lib/python3.10/site-packages/airflow/example_dags/example_bash_decorator.py took 0.159 seconds
