[2024-05-23T15:43:05.242+0700] {processor.py:161} INFO - Started process (PID=1190) to work on /mnt/d/Programming/Vietnamese-Text-Generator/airflow_env/lib/python3.10/site-packages/airflow/example_dags/example_params_trigger_ui.py
[2024-05-23T15:43:05.244+0700] {processor.py:830} INFO - Processing file /mnt/d/Programming/Vietnamese-Text-Generator/airflow_env/lib/python3.10/site-packages/airflow/example_dags/example_params_trigger_ui.py for tasks to queue
[2024-05-23T15:43:05.247+0700] {logging_mixin.py:188} INFO - [2024-05-23T15:43:05.246+0700] {dagbag.py:540} INFO - Filling up the DagBag from /mnt/d/Programming/Vietnamese-Text-Generator/airflow_env/lib/python3.10/site-packages/airflow/example_dags/example_params_trigger_ui.py
[2024-05-23T15:43:05.279+0700] {processor.py:840} INFO - DAG(s) 'example_params_trigger_ui' retrieved from /mnt/d/Programming/Vietnamese-Text-Generator/airflow_env/lib/python3.10/site-packages/airflow/example_dags/example_params_trigger_ui.py
[2024-05-23T15:43:05.339+0700] {logging_mixin.py:188} INFO - [2024-05-23T15:43:05.338+0700] {dag.py:3096} INFO - Sync 1 DAGs
[2024-05-23T15:43:05.354+0700] {logging_mixin.py:188} INFO - [2024-05-23T15:43:05.353+0700] {dag.py:3954} INFO - Setting next_dagrun for example_params_trigger_ui to None, run_after=None
[2024-05-23T15:43:05.409+0700] {processor.py:183} INFO - Processing /mnt/d/Programming/Vietnamese-Text-Generator/airflow_env/lib/python3.10/site-packages/airflow/example_dags/example_params_trigger_ui.py took 0.179 seconds
[2024-05-23T15:44:18.046+0700] {processor.py:161} INFO - Started process (PID=1544) to work on /mnt/d/Programming/Vietnamese-Text-Generator/airflow_env/lib/python3.10/site-packages/airflow/example_dags/example_params_trigger_ui.py
[2024-05-23T15:44:18.049+0700] {processor.py:830} INFO - Processing file /mnt/d/Programming/Vietnamese-Text-Generator/airflow_env/lib/python3.10/site-packages/airflow/example_dags/example_params_trigger_ui.py for tasks to queue
[2024-05-23T15:44:18.055+0700] {logging_mixin.py:188} INFO - [2024-05-23T15:44:18.053+0700] {dagbag.py:540} INFO - Filling up the DagBag from /mnt/d/Programming/Vietnamese-Text-Generator/airflow_env/lib/python3.10/site-packages/airflow/example_dags/example_params_trigger_ui.py
[2024-05-23T15:44:18.109+0700] {processor.py:840} INFO - DAG(s) 'example_params_trigger_ui' retrieved from /mnt/d/Programming/Vietnamese-Text-Generator/airflow_env/lib/python3.10/site-packages/airflow/example_dags/example_params_trigger_ui.py
[2024-05-23T15:44:18.236+0700] {logging_mixin.py:188} INFO - [2024-05-23T15:44:18.235+0700] {dag.py:3096} INFO - Sync 1 DAGs
[2024-05-23T15:44:18.262+0700] {logging_mixin.py:188} INFO - [2024-05-23T15:44:18.261+0700] {dag.py:3954} INFO - Setting next_dagrun for example_params_trigger_ui to None, run_after=None
[2024-05-23T15:44:18.346+0700] {processor.py:183} INFO - Processing /mnt/d/Programming/Vietnamese-Text-Generator/airflow_env/lib/python3.10/site-packages/airflow/example_dags/example_params_trigger_ui.py took 0.314 seconds
[2024-05-23T15:45:29.397+0700] {processor.py:161} INFO - Started process (PID=1893) to work on /mnt/d/Programming/Vietnamese-Text-Generator/airflow_env/lib/python3.10/site-packages/airflow/example_dags/example_params_trigger_ui.py
[2024-05-23T15:45:29.399+0700] {processor.py:830} INFO - Processing file /mnt/d/Programming/Vietnamese-Text-Generator/airflow_env/lib/python3.10/site-packages/airflow/example_dags/example_params_trigger_ui.py for tasks to queue
[2024-05-23T15:45:29.402+0700] {logging_mixin.py:188} INFO - [2024-05-23T15:45:29.401+0700] {dagbag.py:540} INFO - Filling up the DagBag from /mnt/d/Programming/Vietnamese-Text-Generator/airflow_env/lib/python3.10/site-packages/airflow/example_dags/example_params_trigger_ui.py
[2024-05-23T15:45:29.431+0700] {processor.py:840} INFO - DAG(s) 'example_params_trigger_ui' retrieved from /mnt/d/Programming/Vietnamese-Text-Generator/airflow_env/lib/python3.10/site-packages/airflow/example_dags/example_params_trigger_ui.py
[2024-05-23T15:45:29.486+0700] {logging_mixin.py:188} INFO - [2024-05-23T15:45:29.485+0700] {dag.py:3096} INFO - Sync 1 DAGs
[2024-05-23T15:45:29.500+0700] {logging_mixin.py:188} INFO - [2024-05-23T15:45:29.499+0700] {dag.py:3954} INFO - Setting next_dagrun for example_params_trigger_ui to None, run_after=None
[2024-05-23T15:45:29.563+0700] {processor.py:183} INFO - Processing /mnt/d/Programming/Vietnamese-Text-Generator/airflow_env/lib/python3.10/site-packages/airflow/example_dags/example_params_trigger_ui.py took 0.177 seconds
[2024-05-23T15:46:42.801+0700] {processor.py:161} INFO - Started process (PID=2595) to work on /mnt/d/Programming/Vietnamese-Text-Generator/airflow_env/lib/python3.10/site-packages/airflow/example_dags/example_params_trigger_ui.py
[2024-05-23T15:46:42.803+0700] {processor.py:830} INFO - Processing file /mnt/d/Programming/Vietnamese-Text-Generator/airflow_env/lib/python3.10/site-packages/airflow/example_dags/example_params_trigger_ui.py for tasks to queue
[2024-05-23T15:46:42.807+0700] {logging_mixin.py:188} INFO - [2024-05-23T15:46:42.806+0700] {dagbag.py:540} INFO - Filling up the DagBag from /mnt/d/Programming/Vietnamese-Text-Generator/airflow_env/lib/python3.10/site-packages/airflow/example_dags/example_params_trigger_ui.py
[2024-05-23T15:46:42.847+0700] {processor.py:840} INFO - DAG(s) 'example_params_trigger_ui' retrieved from /mnt/d/Programming/Vietnamese-Text-Generator/airflow_env/lib/python3.10/site-packages/airflow/example_dags/example_params_trigger_ui.py
[2024-05-23T15:46:42.932+0700] {logging_mixin.py:188} INFO - [2024-05-23T15:46:42.931+0700] {dag.py:3096} INFO - Sync 1 DAGs
[2024-05-23T15:46:42.959+0700] {logging_mixin.py:188} INFO - [2024-05-23T15:46:42.956+0700] {dag.py:3954} INFO - Setting next_dagrun for example_params_trigger_ui to None, run_after=None
[2024-05-23T15:46:43.040+0700] {processor.py:183} INFO - Processing /mnt/d/Programming/Vietnamese-Text-Generator/airflow_env/lib/python3.10/site-packages/airflow/example_dags/example_params_trigger_ui.py took 0.253 seconds
[2024-05-23T15:47:47.394+0700] {processor.py:161} INFO - Started process (PID=2903) to work on /mnt/d/Programming/Vietnamese-Text-Generator/airflow_env/lib/python3.10/site-packages/airflow/example_dags/example_params_trigger_ui.py
[2024-05-23T15:47:47.397+0700] {processor.py:830} INFO - Processing file /mnt/d/Programming/Vietnamese-Text-Generator/airflow_env/lib/python3.10/site-packages/airflow/example_dags/example_params_trigger_ui.py for tasks to queue
[2024-05-23T15:47:47.401+0700] {logging_mixin.py:188} INFO - [2024-05-23T15:47:47.400+0700] {dagbag.py:540} INFO - Filling up the DagBag from /mnt/d/Programming/Vietnamese-Text-Generator/airflow_env/lib/python3.10/site-packages/airflow/example_dags/example_params_trigger_ui.py
[2024-05-23T15:47:47.432+0700] {processor.py:840} INFO - DAG(s) 'example_params_trigger_ui' retrieved from /mnt/d/Programming/Vietnamese-Text-Generator/airflow_env/lib/python3.10/site-packages/airflow/example_dags/example_params_trigger_ui.py
[2024-05-23T15:47:47.487+0700] {logging_mixin.py:188} INFO - [2024-05-23T15:47:47.486+0700] {dag.py:3096} INFO - Sync 1 DAGs
[2024-05-23T15:47:47.504+0700] {logging_mixin.py:188} INFO - [2024-05-23T15:47:47.503+0700] {dag.py:3954} INFO - Setting next_dagrun for example_params_trigger_ui to None, run_after=None
[2024-05-23T15:47:47.561+0700] {processor.py:183} INFO - Processing /mnt/d/Programming/Vietnamese-Text-Generator/airflow_env/lib/python3.10/site-packages/airflow/example_dags/example_params_trigger_ui.py took 0.178 seconds
[2024-05-23T15:55:03.701+0700] {processor.py:161} INFO - Started process (PID=4759) to work on /mnt/d/Programming/Vietnamese-Text-Generator/airflow_env/lib/python3.10/site-packages/airflow/example_dags/example_params_trigger_ui.py
[2024-05-23T15:55:03.702+0700] {processor.py:830} INFO - Processing file /mnt/d/Programming/Vietnamese-Text-Generator/airflow_env/lib/python3.10/site-packages/airflow/example_dags/example_params_trigger_ui.py for tasks to queue
[2024-05-23T15:55:03.704+0700] {logging_mixin.py:188} INFO - [2024-05-23T15:55:03.704+0700] {dagbag.py:540} INFO - Filling up the DagBag from /mnt/d/Programming/Vietnamese-Text-Generator/airflow_env/lib/python3.10/site-packages/airflow/example_dags/example_params_trigger_ui.py
[2024-05-23T15:55:03.733+0700] {processor.py:840} INFO - DAG(s) 'example_params_trigger_ui' retrieved from /mnt/d/Programming/Vietnamese-Text-Generator/airflow_env/lib/python3.10/site-packages/airflow/example_dags/example_params_trigger_ui.py
[2024-05-23T15:55:03.796+0700] {logging_mixin.py:188} INFO - [2024-05-23T15:55:03.795+0700] {dag.py:3096} INFO - Sync 1 DAGs
[2024-05-23T15:55:03.812+0700] {logging_mixin.py:188} INFO - [2024-05-23T15:55:03.810+0700] {dag.py:3954} INFO - Setting next_dagrun for example_params_trigger_ui to None, run_after=None
[2024-05-23T15:55:03.881+0700] {processor.py:183} INFO - Processing /mnt/d/Programming/Vietnamese-Text-Generator/airflow_env/lib/python3.10/site-packages/airflow/example_dags/example_params_trigger_ui.py took 0.192 seconds
[2024-05-23T15:56:09.576+0700] {processor.py:161} INFO - Started process (PID=5070) to work on /mnt/d/Programming/Vietnamese-Text-Generator/airflow_env/lib/python3.10/site-packages/airflow/example_dags/example_params_trigger_ui.py
[2024-05-23T15:56:09.579+0700] {processor.py:830} INFO - Processing file /mnt/d/Programming/Vietnamese-Text-Generator/airflow_env/lib/python3.10/site-packages/airflow/example_dags/example_params_trigger_ui.py for tasks to queue
[2024-05-23T15:56:09.583+0700] {logging_mixin.py:188} INFO - [2024-05-23T15:56:09.581+0700] {dagbag.py:540} INFO - Filling up the DagBag from /mnt/d/Programming/Vietnamese-Text-Generator/airflow_env/lib/python3.10/site-packages/airflow/example_dags/example_params_trigger_ui.py
[2024-05-23T15:56:09.612+0700] {processor.py:840} INFO - DAG(s) 'example_params_trigger_ui' retrieved from /mnt/d/Programming/Vietnamese-Text-Generator/airflow_env/lib/python3.10/site-packages/airflow/example_dags/example_params_trigger_ui.py
[2024-05-23T15:56:09.664+0700] {logging_mixin.py:188} INFO - [2024-05-23T15:56:09.663+0700] {dag.py:3096} INFO - Sync 1 DAGs
[2024-05-23T15:56:09.680+0700] {logging_mixin.py:188} INFO - [2024-05-23T15:56:09.679+0700] {dag.py:3954} INFO - Setting next_dagrun for example_params_trigger_ui to None, run_after=None
[2024-05-23T15:56:09.732+0700] {processor.py:183} INFO - Processing /mnt/d/Programming/Vietnamese-Text-Generator/airflow_env/lib/python3.10/site-packages/airflow/example_dags/example_params_trigger_ui.py took 0.169 seconds
[2024-05-23T15:57:18.539+0700] {processor.py:161} INFO - Started process (PID=5396) to work on /mnt/d/Programming/Vietnamese-Text-Generator/airflow_env/lib/python3.10/site-packages/airflow/example_dags/example_params_trigger_ui.py
[2024-05-23T15:57:18.542+0700] {processor.py:830} INFO - Processing file /mnt/d/Programming/Vietnamese-Text-Generator/airflow_env/lib/python3.10/site-packages/airflow/example_dags/example_params_trigger_ui.py for tasks to queue
[2024-05-23T15:57:18.545+0700] {logging_mixin.py:188} INFO - [2024-05-23T15:57:18.543+0700] {dagbag.py:540} INFO - Filling up the DagBag from /mnt/d/Programming/Vietnamese-Text-Generator/airflow_env/lib/python3.10/site-packages/airflow/example_dags/example_params_trigger_ui.py
[2024-05-23T15:57:18.589+0700] {processor.py:840} INFO - DAG(s) 'example_params_trigger_ui' retrieved from /mnt/d/Programming/Vietnamese-Text-Generator/airflow_env/lib/python3.10/site-packages/airflow/example_dags/example_params_trigger_ui.py
[2024-05-23T15:57:18.706+0700] {logging_mixin.py:188} INFO - [2024-05-23T15:57:18.705+0700] {dag.py:3096} INFO - Sync 1 DAGs
[2024-05-23T15:57:18.722+0700] {logging_mixin.py:188} INFO - [2024-05-23T15:57:18.721+0700] {dag.py:3954} INFO - Setting next_dagrun for example_params_trigger_ui to None, run_after=None
[2024-05-23T15:57:18.805+0700] {processor.py:183} INFO - Processing /mnt/d/Programming/Vietnamese-Text-Generator/airflow_env/lib/python3.10/site-packages/airflow/example_dags/example_params_trigger_ui.py took 0.283 seconds
[2024-05-23T15:58:26.551+0700] {processor.py:161} INFO - Started process (PID=5717) to work on /mnt/d/Programming/Vietnamese-Text-Generator/airflow_env/lib/python3.10/site-packages/airflow/example_dags/example_params_trigger_ui.py
[2024-05-23T15:58:26.553+0700] {processor.py:830} INFO - Processing file /mnt/d/Programming/Vietnamese-Text-Generator/airflow_env/lib/python3.10/site-packages/airflow/example_dags/example_params_trigger_ui.py for tasks to queue
[2024-05-23T15:58:26.555+0700] {logging_mixin.py:188} INFO - [2024-05-23T15:58:26.554+0700] {dagbag.py:540} INFO - Filling up the DagBag from /mnt/d/Programming/Vietnamese-Text-Generator/airflow_env/lib/python3.10/site-packages/airflow/example_dags/example_params_trigger_ui.py
[2024-05-23T15:58:26.585+0700] {processor.py:840} INFO - DAG(s) 'example_params_trigger_ui' retrieved from /mnt/d/Programming/Vietnamese-Text-Generator/airflow_env/lib/python3.10/site-packages/airflow/example_dags/example_params_trigger_ui.py
[2024-05-23T15:58:26.639+0700] {logging_mixin.py:188} INFO - [2024-05-23T15:58:26.638+0700] {dag.py:3096} INFO - Sync 1 DAGs
[2024-05-23T15:58:26.652+0700] {logging_mixin.py:188} INFO - [2024-05-23T15:58:26.652+0700] {dag.py:3954} INFO - Setting next_dagrun for example_params_trigger_ui to None, run_after=None
[2024-05-23T15:58:26.706+0700] {processor.py:183} INFO - Processing /mnt/d/Programming/Vietnamese-Text-Generator/airflow_env/lib/python3.10/site-packages/airflow/example_dags/example_params_trigger_ui.py took 0.167 seconds
[2024-05-23T15:59:38.649+0700] {processor.py:161} INFO - Started process (PID=6053) to work on /mnt/d/Programming/Vietnamese-Text-Generator/airflow_env/lib/python3.10/site-packages/airflow/example_dags/example_params_trigger_ui.py
[2024-05-23T15:59:38.651+0700] {processor.py:830} INFO - Processing file /mnt/d/Programming/Vietnamese-Text-Generator/airflow_env/lib/python3.10/site-packages/airflow/example_dags/example_params_trigger_ui.py for tasks to queue
[2024-05-23T15:59:38.653+0700] {logging_mixin.py:188} INFO - [2024-05-23T15:59:38.652+0700] {dagbag.py:540} INFO - Filling up the DagBag from /mnt/d/Programming/Vietnamese-Text-Generator/airflow_env/lib/python3.10/site-packages/airflow/example_dags/example_params_trigger_ui.py
[2024-05-23T15:59:38.683+0700] {processor.py:840} INFO - DAG(s) 'example_params_trigger_ui' retrieved from /mnt/d/Programming/Vietnamese-Text-Generator/airflow_env/lib/python3.10/site-packages/airflow/example_dags/example_params_trigger_ui.py
[2024-05-23T15:59:38.785+0700] {logging_mixin.py:188} INFO - [2024-05-23T15:59:38.779+0700] {dag.py:3096} INFO - Sync 1 DAGs
[2024-05-23T15:59:38.837+0700] {logging_mixin.py:188} INFO - [2024-05-23T15:59:38.834+0700] {dag.py:3954} INFO - Setting next_dagrun for example_params_trigger_ui to None, run_after=None
[2024-05-23T15:59:38.934+0700] {processor.py:183} INFO - Processing /mnt/d/Programming/Vietnamese-Text-Generator/airflow_env/lib/python3.10/site-packages/airflow/example_dags/example_params_trigger_ui.py took 0.297 seconds
[2024-05-23T16:00:46.843+0700] {processor.py:161} INFO - Started process (PID=6379) to work on /mnt/d/Programming/Vietnamese-Text-Generator/airflow_env/lib/python3.10/site-packages/airflow/example_dags/example_params_trigger_ui.py
[2024-05-23T16:00:46.846+0700] {processor.py:830} INFO - Processing file /mnt/d/Programming/Vietnamese-Text-Generator/airflow_env/lib/python3.10/site-packages/airflow/example_dags/example_params_trigger_ui.py for tasks to queue
[2024-05-23T16:00:46.848+0700] {logging_mixin.py:188} INFO - [2024-05-23T16:00:46.847+0700] {dagbag.py:540} INFO - Filling up the DagBag from /mnt/d/Programming/Vietnamese-Text-Generator/airflow_env/lib/python3.10/site-packages/airflow/example_dags/example_params_trigger_ui.py
[2024-05-23T16:00:47.172+0700] {processor.py:840} INFO - DAG(s) 'example_params_trigger_ui' retrieved from /mnt/d/Programming/Vietnamese-Text-Generator/airflow_env/lib/python3.10/site-packages/airflow/example_dags/example_params_trigger_ui.py
[2024-05-23T16:00:47.284+0700] {logging_mixin.py:188} INFO - [2024-05-23T16:00:47.283+0700] {dag.py:3096} INFO - Sync 1 DAGs
[2024-05-23T16:00:47.306+0700] {logging_mixin.py:188} INFO - [2024-05-23T16:00:47.305+0700] {dag.py:3954} INFO - Setting next_dagrun for example_params_trigger_ui to None, run_after=None
[2024-05-23T16:00:47.374+0700] {processor.py:183} INFO - Processing /mnt/d/Programming/Vietnamese-Text-Generator/airflow_env/lib/python3.10/site-packages/airflow/example_dags/example_params_trigger_ui.py took 0.547 seconds
[2024-05-23T16:01:52.509+0700] {processor.py:161} INFO - Started process (PID=6687) to work on /mnt/d/Programming/Vietnamese-Text-Generator/airflow_env/lib/python3.10/site-packages/airflow/example_dags/example_params_trigger_ui.py
[2024-05-23T16:01:52.510+0700] {processor.py:830} INFO - Processing file /mnt/d/Programming/Vietnamese-Text-Generator/airflow_env/lib/python3.10/site-packages/airflow/example_dags/example_params_trigger_ui.py for tasks to queue
[2024-05-23T16:01:52.512+0700] {logging_mixin.py:188} INFO - [2024-05-23T16:01:52.511+0700] {dagbag.py:540} INFO - Filling up the DagBag from /mnt/d/Programming/Vietnamese-Text-Generator/airflow_env/lib/python3.10/site-packages/airflow/example_dags/example_params_trigger_ui.py
[2024-05-23T16:01:52.541+0700] {processor.py:840} INFO - DAG(s) 'example_params_trigger_ui' retrieved from /mnt/d/Programming/Vietnamese-Text-Generator/airflow_env/lib/python3.10/site-packages/airflow/example_dags/example_params_trigger_ui.py
[2024-05-23T16:01:52.601+0700] {logging_mixin.py:188} INFO - [2024-05-23T16:01:52.600+0700] {dag.py:3096} INFO - Sync 1 DAGs
[2024-05-23T16:01:52.616+0700] {logging_mixin.py:188} INFO - [2024-05-23T16:01:52.615+0700] {dag.py:3954} INFO - Setting next_dagrun for example_params_trigger_ui to None, run_after=None
[2024-05-23T16:01:52.677+0700] {processor.py:183} INFO - Processing /mnt/d/Programming/Vietnamese-Text-Generator/airflow_env/lib/python3.10/site-packages/airflow/example_dags/example_params_trigger_ui.py took 0.180 seconds
[2024-05-23T16:03:01.769+0700] {processor.py:161} INFO - Started process (PID=7015) to work on /mnt/d/Programming/Vietnamese-Text-Generator/airflow_env/lib/python3.10/site-packages/airflow/example_dags/example_params_trigger_ui.py
[2024-05-23T16:03:01.770+0700] {processor.py:830} INFO - Processing file /mnt/d/Programming/Vietnamese-Text-Generator/airflow_env/lib/python3.10/site-packages/airflow/example_dags/example_params_trigger_ui.py for tasks to queue
[2024-05-23T16:03:01.772+0700] {logging_mixin.py:188} INFO - [2024-05-23T16:03:01.771+0700] {dagbag.py:540} INFO - Filling up the DagBag from /mnt/d/Programming/Vietnamese-Text-Generator/airflow_env/lib/python3.10/site-packages/airflow/example_dags/example_params_trigger_ui.py
[2024-05-23T16:03:01.800+0700] {processor.py:840} INFO - DAG(s) 'example_params_trigger_ui' retrieved from /mnt/d/Programming/Vietnamese-Text-Generator/airflow_env/lib/python3.10/site-packages/airflow/example_dags/example_params_trigger_ui.py
[2024-05-23T16:03:01.847+0700] {logging_mixin.py:188} INFO - [2024-05-23T16:03:01.847+0700] {dag.py:3096} INFO - Sync 1 DAGs
[2024-05-23T16:03:01.861+0700] {logging_mixin.py:188} INFO - [2024-05-23T16:03:01.860+0700] {dag.py:3954} INFO - Setting next_dagrun for example_params_trigger_ui to None, run_after=None
[2024-05-23T16:03:01.936+0700] {processor.py:183} INFO - Processing /mnt/d/Programming/Vietnamese-Text-Generator/airflow_env/lib/python3.10/site-packages/airflow/example_dags/example_params_trigger_ui.py took 0.178 seconds
[2024-05-23T16:04:16.233+0700] {processor.py:161} INFO - Started process (PID=7369) to work on /mnt/d/Programming/Vietnamese-Text-Generator/airflow_env/lib/python3.10/site-packages/airflow/example_dags/example_params_trigger_ui.py
[2024-05-23T16:04:16.237+0700] {processor.py:830} INFO - Processing file /mnt/d/Programming/Vietnamese-Text-Generator/airflow_env/lib/python3.10/site-packages/airflow/example_dags/example_params_trigger_ui.py for tasks to queue
[2024-05-23T16:04:16.239+0700] {logging_mixin.py:188} INFO - [2024-05-23T16:04:16.238+0700] {dagbag.py:540} INFO - Filling up the DagBag from /mnt/d/Programming/Vietnamese-Text-Generator/airflow_env/lib/python3.10/site-packages/airflow/example_dags/example_params_trigger_ui.py
[2024-05-23T16:04:16.278+0700] {processor.py:840} INFO - DAG(s) 'example_params_trigger_ui' retrieved from /mnt/d/Programming/Vietnamese-Text-Generator/airflow_env/lib/python3.10/site-packages/airflow/example_dags/example_params_trigger_ui.py
[2024-05-23T16:04:16.333+0700] {logging_mixin.py:188} INFO - [2024-05-23T16:04:16.332+0700] {dag.py:3096} INFO - Sync 1 DAGs
[2024-05-23T16:04:16.348+0700] {logging_mixin.py:188} INFO - [2024-05-23T16:04:16.347+0700] {dag.py:3954} INFO - Setting next_dagrun for example_params_trigger_ui to None, run_after=None
[2024-05-23T16:04:16.418+0700] {processor.py:183} INFO - Processing /mnt/d/Programming/Vietnamese-Text-Generator/airflow_env/lib/python3.10/site-packages/airflow/example_dags/example_params_trigger_ui.py took 0.201 seconds
[2024-05-23T16:35:21.969+0700] {processor.py:161} INFO - Started process (PID=17142) to work on /mnt/d/Programming/Vietnamese-Text-Generator/airflow_env/lib/python3.10/site-packages/airflow/example_dags/example_params_trigger_ui.py
[2024-05-23T16:35:21.972+0700] {processor.py:830} INFO - Processing file /mnt/d/Programming/Vietnamese-Text-Generator/airflow_env/lib/python3.10/site-packages/airflow/example_dags/example_params_trigger_ui.py for tasks to queue
[2024-05-23T16:35:21.974+0700] {logging_mixin.py:188} INFO - [2024-05-23T16:35:21.973+0700] {dagbag.py:540} INFO - Filling up the DagBag from /mnt/d/Programming/Vietnamese-Text-Generator/airflow_env/lib/python3.10/site-packages/airflow/example_dags/example_params_trigger_ui.py
[2024-05-23T16:35:22.012+0700] {processor.py:840} INFO - DAG(s) 'example_params_trigger_ui' retrieved from /mnt/d/Programming/Vietnamese-Text-Generator/airflow_env/lib/python3.10/site-packages/airflow/example_dags/example_params_trigger_ui.py
[2024-05-23T16:35:22.084+0700] {logging_mixin.py:188} INFO - [2024-05-23T16:35:22.083+0700] {dag.py:3096} INFO - Sync 1 DAGs
[2024-05-23T16:35:22.100+0700] {logging_mixin.py:188} INFO - [2024-05-23T16:35:22.099+0700] {dag.py:3954} INFO - Setting next_dagrun for example_params_trigger_ui to None, run_after=None
[2024-05-23T16:35:22.161+0700] {processor.py:183} INFO - Processing /mnt/d/Programming/Vietnamese-Text-Generator/airflow_env/lib/python3.10/site-packages/airflow/example_dags/example_params_trigger_ui.py took 0.204 seconds
[2024-05-23T16:36:38.363+0700] {processor.py:161} INFO - Started process (PID=17498) to work on /mnt/d/Programming/Vietnamese-Text-Generator/airflow_env/lib/python3.10/site-packages/airflow/example_dags/example_params_trigger_ui.py
[2024-05-23T16:36:38.365+0700] {processor.py:830} INFO - Processing file /mnt/d/Programming/Vietnamese-Text-Generator/airflow_env/lib/python3.10/site-packages/airflow/example_dags/example_params_trigger_ui.py for tasks to queue
[2024-05-23T16:36:38.367+0700] {logging_mixin.py:188} INFO - [2024-05-23T16:36:38.366+0700] {dagbag.py:540} INFO - Filling up the DagBag from /mnt/d/Programming/Vietnamese-Text-Generator/airflow_env/lib/python3.10/site-packages/airflow/example_dags/example_params_trigger_ui.py
[2024-05-23T16:36:38.395+0700] {processor.py:840} INFO - DAG(s) 'example_params_trigger_ui' retrieved from /mnt/d/Programming/Vietnamese-Text-Generator/airflow_env/lib/python3.10/site-packages/airflow/example_dags/example_params_trigger_ui.py
[2024-05-23T16:36:38.453+0700] {logging_mixin.py:188} INFO - [2024-05-23T16:36:38.451+0700] {dag.py:3096} INFO - Sync 1 DAGs
[2024-05-23T16:36:38.470+0700] {logging_mixin.py:188} INFO - [2024-05-23T16:36:38.469+0700] {dag.py:3954} INFO - Setting next_dagrun for example_params_trigger_ui to None, run_after=None
[2024-05-23T16:36:38.526+0700] {processor.py:183} INFO - Processing /mnt/d/Programming/Vietnamese-Text-Generator/airflow_env/lib/python3.10/site-packages/airflow/example_dags/example_params_trigger_ui.py took 0.173 seconds
[2024-05-23T16:37:57.090+0700] {processor.py:161} INFO - Started process (PID=17866) to work on /mnt/d/Programming/Vietnamese-Text-Generator/airflow_env/lib/python3.10/site-packages/airflow/example_dags/example_params_trigger_ui.py
[2024-05-23T16:37:57.091+0700] {processor.py:830} INFO - Processing file /mnt/d/Programming/Vietnamese-Text-Generator/airflow_env/lib/python3.10/site-packages/airflow/example_dags/example_params_trigger_ui.py for tasks to queue
[2024-05-23T16:37:57.093+0700] {logging_mixin.py:188} INFO - [2024-05-23T16:37:57.092+0700] {dagbag.py:540} INFO - Filling up the DagBag from /mnt/d/Programming/Vietnamese-Text-Generator/airflow_env/lib/python3.10/site-packages/airflow/example_dags/example_params_trigger_ui.py
[2024-05-23T16:37:57.125+0700] {processor.py:840} INFO - DAG(s) 'example_params_trigger_ui' retrieved from /mnt/d/Programming/Vietnamese-Text-Generator/airflow_env/lib/python3.10/site-packages/airflow/example_dags/example_params_trigger_ui.py
[2024-05-23T16:37:57.174+0700] {logging_mixin.py:188} INFO - [2024-05-23T16:37:57.173+0700] {dag.py:3096} INFO - Sync 1 DAGs
[2024-05-23T16:37:57.188+0700] {logging_mixin.py:188} INFO - [2024-05-23T16:37:57.187+0700] {dag.py:3954} INFO - Setting next_dagrun for example_params_trigger_ui to None, run_after=None
[2024-05-23T16:37:57.239+0700] {processor.py:183} INFO - Processing /mnt/d/Programming/Vietnamese-Text-Generator/airflow_env/lib/python3.10/site-packages/airflow/example_dags/example_params_trigger_ui.py took 0.163 seconds
[2024-05-23T16:50:12.032+0700] {processor.py:161} INFO - Started process (PID=20974) to work on /mnt/d/Programming/Vietnamese-Text-Generator/airflow_env/lib/python3.10/site-packages/airflow/example_dags/example_params_trigger_ui.py
[2024-05-23T16:50:12.035+0700] {processor.py:830} INFO - Processing file /mnt/d/Programming/Vietnamese-Text-Generator/airflow_env/lib/python3.10/site-packages/airflow/example_dags/example_params_trigger_ui.py for tasks to queue
[2024-05-23T16:50:12.039+0700] {logging_mixin.py:188} INFO - [2024-05-23T16:50:12.037+0700] {dagbag.py:540} INFO - Filling up the DagBag from /mnt/d/Programming/Vietnamese-Text-Generator/airflow_env/lib/python3.10/site-packages/airflow/example_dags/example_params_trigger_ui.py
[2024-05-23T16:50:12.075+0700] {processor.py:840} INFO - DAG(s) 'example_params_trigger_ui' retrieved from /mnt/d/Programming/Vietnamese-Text-Generator/airflow_env/lib/python3.10/site-packages/airflow/example_dags/example_params_trigger_ui.py
[2024-05-23T16:50:12.135+0700] {logging_mixin.py:188} INFO - [2024-05-23T16:50:12.134+0700] {dag.py:3096} INFO - Sync 1 DAGs
[2024-05-23T16:50:12.151+0700] {logging_mixin.py:188} INFO - [2024-05-23T16:50:12.150+0700] {dag.py:3954} INFO - Setting next_dagrun for example_params_trigger_ui to None, run_after=None
[2024-05-23T16:50:12.222+0700] {processor.py:183} INFO - Processing /mnt/d/Programming/Vietnamese-Text-Generator/airflow_env/lib/python3.10/site-packages/airflow/example_dags/example_params_trigger_ui.py took 0.202 seconds
[2024-05-23T16:51:25.147+0700] {processor.py:161} INFO - Started process (PID=21312) to work on /mnt/d/Programming/Vietnamese-Text-Generator/airflow_env/lib/python3.10/site-packages/airflow/example_dags/example_params_trigger_ui.py
[2024-05-23T16:51:25.149+0700] {processor.py:830} INFO - Processing file /mnt/d/Programming/Vietnamese-Text-Generator/airflow_env/lib/python3.10/site-packages/airflow/example_dags/example_params_trigger_ui.py for tasks to queue
[2024-05-23T16:51:25.152+0700] {logging_mixin.py:188} INFO - [2024-05-23T16:51:25.151+0700] {dagbag.py:540} INFO - Filling up the DagBag from /mnt/d/Programming/Vietnamese-Text-Generator/airflow_env/lib/python3.10/site-packages/airflow/example_dags/example_params_trigger_ui.py
[2024-05-23T16:51:25.181+0700] {processor.py:840} INFO - DAG(s) 'example_params_trigger_ui' retrieved from /mnt/d/Programming/Vietnamese-Text-Generator/airflow_env/lib/python3.10/site-packages/airflow/example_dags/example_params_trigger_ui.py
[2024-05-23T16:51:25.240+0700] {logging_mixin.py:188} INFO - [2024-05-23T16:51:25.239+0700] {dag.py:3096} INFO - Sync 1 DAGs
[2024-05-23T16:51:25.256+0700] {logging_mixin.py:188} INFO - [2024-05-23T16:51:25.255+0700] {dag.py:3954} INFO - Setting next_dagrun for example_params_trigger_ui to None, run_after=None
[2024-05-23T16:51:25.320+0700] {processor.py:183} INFO - Processing /mnt/d/Programming/Vietnamese-Text-Generator/airflow_env/lib/python3.10/site-packages/airflow/example_dags/example_params_trigger_ui.py took 0.183 seconds
[2024-05-23T16:52:37.739+0700] {processor.py:161} INFO - Started process (PID=21650) to work on /mnt/d/Programming/Vietnamese-Text-Generator/airflow_env/lib/python3.10/site-packages/airflow/example_dags/example_params_trigger_ui.py
[2024-05-23T16:52:37.741+0700] {processor.py:830} INFO - Processing file /mnt/d/Programming/Vietnamese-Text-Generator/airflow_env/lib/python3.10/site-packages/airflow/example_dags/example_params_trigger_ui.py for tasks to queue
[2024-05-23T16:52:37.744+0700] {logging_mixin.py:188} INFO - [2024-05-23T16:52:37.742+0700] {dagbag.py:540} INFO - Filling up the DagBag from /mnt/d/Programming/Vietnamese-Text-Generator/airflow_env/lib/python3.10/site-packages/airflow/example_dags/example_params_trigger_ui.py
[2024-05-23T16:52:37.777+0700] {processor.py:840} INFO - DAG(s) 'example_params_trigger_ui' retrieved from /mnt/d/Programming/Vietnamese-Text-Generator/airflow_env/lib/python3.10/site-packages/airflow/example_dags/example_params_trigger_ui.py
[2024-05-23T16:52:37.844+0700] {logging_mixin.py:188} INFO - [2024-05-23T16:52:37.842+0700] {dag.py:3096} INFO - Sync 1 DAGs
[2024-05-23T16:52:37.861+0700] {logging_mixin.py:188} INFO - [2024-05-23T16:52:37.860+0700] {dag.py:3954} INFO - Setting next_dagrun for example_params_trigger_ui to None, run_after=None
[2024-05-23T16:52:37.929+0700] {processor.py:183} INFO - Processing /mnt/d/Programming/Vietnamese-Text-Generator/airflow_env/lib/python3.10/site-packages/airflow/example_dags/example_params_trigger_ui.py took 0.205 seconds
[2024-05-23T16:53:51.674+0700] {processor.py:161} INFO - Started process (PID=21994) to work on /mnt/d/Programming/Vietnamese-Text-Generator/airflow_env/lib/python3.10/site-packages/airflow/example_dags/example_params_trigger_ui.py
[2024-05-23T16:53:51.675+0700] {processor.py:830} INFO - Processing file /mnt/d/Programming/Vietnamese-Text-Generator/airflow_env/lib/python3.10/site-packages/airflow/example_dags/example_params_trigger_ui.py for tasks to queue
[2024-05-23T16:53:51.678+0700] {logging_mixin.py:188} INFO - [2024-05-23T16:53:51.677+0700] {dagbag.py:540} INFO - Filling up the DagBag from /mnt/d/Programming/Vietnamese-Text-Generator/airflow_env/lib/python3.10/site-packages/airflow/example_dags/example_params_trigger_ui.py
[2024-05-23T16:53:51.708+0700] {processor.py:840} INFO - DAG(s) 'example_params_trigger_ui' retrieved from /mnt/d/Programming/Vietnamese-Text-Generator/airflow_env/lib/python3.10/site-packages/airflow/example_dags/example_params_trigger_ui.py
[2024-05-23T16:53:51.765+0700] {logging_mixin.py:188} INFO - [2024-05-23T16:53:51.764+0700] {dag.py:3096} INFO - Sync 1 DAGs
[2024-05-23T16:53:51.781+0700] {logging_mixin.py:188} INFO - [2024-05-23T16:53:51.780+0700] {dag.py:3954} INFO - Setting next_dagrun for example_params_trigger_ui to None, run_after=None
[2024-05-23T16:53:51.846+0700] {processor.py:183} INFO - Processing /mnt/d/Programming/Vietnamese-Text-Generator/airflow_env/lib/python3.10/site-packages/airflow/example_dags/example_params_trigger_ui.py took 0.185 seconds
[2024-05-23T16:55:01.476+0700] {processor.py:161} INFO - Started process (PID=22322) to work on /mnt/d/Programming/Vietnamese-Text-Generator/airflow_env/lib/python3.10/site-packages/airflow/example_dags/example_params_trigger_ui.py
[2024-05-23T16:55:01.477+0700] {processor.py:830} INFO - Processing file /mnt/d/Programming/Vietnamese-Text-Generator/airflow_env/lib/python3.10/site-packages/airflow/example_dags/example_params_trigger_ui.py for tasks to queue
[2024-05-23T16:55:01.480+0700] {logging_mixin.py:188} INFO - [2024-05-23T16:55:01.479+0700] {dagbag.py:540} INFO - Filling up the DagBag from /mnt/d/Programming/Vietnamese-Text-Generator/airflow_env/lib/python3.10/site-packages/airflow/example_dags/example_params_trigger_ui.py
[2024-05-23T16:55:01.510+0700] {processor.py:840} INFO - DAG(s) 'example_params_trigger_ui' retrieved from /mnt/d/Programming/Vietnamese-Text-Generator/airflow_env/lib/python3.10/site-packages/airflow/example_dags/example_params_trigger_ui.py
[2024-05-23T16:55:01.564+0700] {logging_mixin.py:188} INFO - [2024-05-23T16:55:01.563+0700] {dag.py:3096} INFO - Sync 1 DAGs
[2024-05-23T16:55:01.580+0700] {logging_mixin.py:188} INFO - [2024-05-23T16:55:01.579+0700] {dag.py:3954} INFO - Setting next_dagrun for example_params_trigger_ui to None, run_after=None
[2024-05-23T16:55:01.644+0700] {processor.py:183} INFO - Processing /mnt/d/Programming/Vietnamese-Text-Generator/airflow_env/lib/python3.10/site-packages/airflow/example_dags/example_params_trigger_ui.py took 0.181 seconds
[2024-05-23T16:56:07.519+0700] {processor.py:161} INFO - Started process (PID=22632) to work on /mnt/d/Programming/Vietnamese-Text-Generator/airflow_env/lib/python3.10/site-packages/airflow/example_dags/example_params_trigger_ui.py
[2024-05-23T16:56:07.521+0700] {processor.py:830} INFO - Processing file /mnt/d/Programming/Vietnamese-Text-Generator/airflow_env/lib/python3.10/site-packages/airflow/example_dags/example_params_trigger_ui.py for tasks to queue
[2024-05-23T16:56:07.524+0700] {logging_mixin.py:188} INFO - [2024-05-23T16:56:07.523+0700] {dagbag.py:540} INFO - Filling up the DagBag from /mnt/d/Programming/Vietnamese-Text-Generator/airflow_env/lib/python3.10/site-packages/airflow/example_dags/example_params_trigger_ui.py
[2024-05-23T16:56:07.560+0700] {processor.py:840} INFO - DAG(s) 'example_params_trigger_ui' retrieved from /mnt/d/Programming/Vietnamese-Text-Generator/airflow_env/lib/python3.10/site-packages/airflow/example_dags/example_params_trigger_ui.py
[2024-05-23T16:56:07.616+0700] {logging_mixin.py:188} INFO - [2024-05-23T16:56:07.615+0700] {dag.py:3096} INFO - Sync 1 DAGs
[2024-05-23T16:56:07.632+0700] {logging_mixin.py:188} INFO - [2024-05-23T16:56:07.631+0700] {dag.py:3954} INFO - Setting next_dagrun for example_params_trigger_ui to None, run_after=None
[2024-05-23T16:56:07.713+0700] {processor.py:183} INFO - Processing /mnt/d/Programming/Vietnamese-Text-Generator/airflow_env/lib/python3.10/site-packages/airflow/example_dags/example_params_trigger_ui.py took 0.205 seconds
[2024-05-23T16:57:17.886+0700] {processor.py:161} INFO - Started process (PID=22959) to work on /mnt/d/Programming/Vietnamese-Text-Generator/airflow_env/lib/python3.10/site-packages/airflow/example_dags/example_params_trigger_ui.py
[2024-05-23T16:57:17.887+0700] {processor.py:830} INFO - Processing file /mnt/d/Programming/Vietnamese-Text-Generator/airflow_env/lib/python3.10/site-packages/airflow/example_dags/example_params_trigger_ui.py for tasks to queue
[2024-05-23T16:57:17.890+0700] {logging_mixin.py:188} INFO - [2024-05-23T16:57:17.889+0700] {dagbag.py:540} INFO - Filling up the DagBag from /mnt/d/Programming/Vietnamese-Text-Generator/airflow_env/lib/python3.10/site-packages/airflow/example_dags/example_params_trigger_ui.py
[2024-05-23T16:57:17.918+0700] {processor.py:840} INFO - DAG(s) 'example_params_trigger_ui' retrieved from /mnt/d/Programming/Vietnamese-Text-Generator/airflow_env/lib/python3.10/site-packages/airflow/example_dags/example_params_trigger_ui.py
[2024-05-23T16:57:17.972+0700] {logging_mixin.py:188} INFO - [2024-05-23T16:57:17.971+0700] {dag.py:3096} INFO - Sync 1 DAGs
[2024-05-23T16:57:17.988+0700] {logging_mixin.py:188} INFO - [2024-05-23T16:57:17.987+0700] {dag.py:3954} INFO - Setting next_dagrun for example_params_trigger_ui to None, run_after=None
[2024-05-23T16:57:18.045+0700] {processor.py:183} INFO - Processing /mnt/d/Programming/Vietnamese-Text-Generator/airflow_env/lib/python3.10/site-packages/airflow/example_dags/example_params_trigger_ui.py took 0.169 seconds
[2024-05-23T16:58:25.954+0700] {processor.py:161} INFO - Started process (PID=23278) to work on /mnt/d/Programming/Vietnamese-Text-Generator/airflow_env/lib/python3.10/site-packages/airflow/example_dags/example_params_trigger_ui.py
[2024-05-23T16:58:25.956+0700] {processor.py:830} INFO - Processing file /mnt/d/Programming/Vietnamese-Text-Generator/airflow_env/lib/python3.10/site-packages/airflow/example_dags/example_params_trigger_ui.py for tasks to queue
[2024-05-23T16:58:25.958+0700] {logging_mixin.py:188} INFO - [2024-05-23T16:58:25.957+0700] {dagbag.py:540} INFO - Filling up the DagBag from /mnt/d/Programming/Vietnamese-Text-Generator/airflow_env/lib/python3.10/site-packages/airflow/example_dags/example_params_trigger_ui.py
[2024-05-23T16:58:26.002+0700] {processor.py:840} INFO - DAG(s) 'example_params_trigger_ui' retrieved from /mnt/d/Programming/Vietnamese-Text-Generator/airflow_env/lib/python3.10/site-packages/airflow/example_dags/example_params_trigger_ui.py
[2024-05-23T16:58:26.066+0700] {logging_mixin.py:188} INFO - [2024-05-23T16:58:26.065+0700] {dag.py:3096} INFO - Sync 1 DAGs
[2024-05-23T16:58:26.084+0700] {logging_mixin.py:188} INFO - [2024-05-23T16:58:26.083+0700] {dag.py:3954} INFO - Setting next_dagrun for example_params_trigger_ui to None, run_after=None
[2024-05-23T16:58:26.147+0700] {processor.py:183} INFO - Processing /mnt/d/Programming/Vietnamese-Text-Generator/airflow_env/lib/python3.10/site-packages/airflow/example_dags/example_params_trigger_ui.py took 0.209 seconds
[2024-05-23T16:59:36.374+0700] {processor.py:161} INFO - Started process (PID=23607) to work on /mnt/d/Programming/Vietnamese-Text-Generator/airflow_env/lib/python3.10/site-packages/airflow/example_dags/example_params_trigger_ui.py
[2024-05-23T16:59:36.376+0700] {processor.py:830} INFO - Processing file /mnt/d/Programming/Vietnamese-Text-Generator/airflow_env/lib/python3.10/site-packages/airflow/example_dags/example_params_trigger_ui.py for tasks to queue
[2024-05-23T16:59:36.379+0700] {logging_mixin.py:188} INFO - [2024-05-23T16:59:36.378+0700] {dagbag.py:540} INFO - Filling up the DagBag from /mnt/d/Programming/Vietnamese-Text-Generator/airflow_env/lib/python3.10/site-packages/airflow/example_dags/example_params_trigger_ui.py
[2024-05-23T16:59:36.407+0700] {processor.py:840} INFO - DAG(s) 'example_params_trigger_ui' retrieved from /mnt/d/Programming/Vietnamese-Text-Generator/airflow_env/lib/python3.10/site-packages/airflow/example_dags/example_params_trigger_ui.py
[2024-05-23T16:59:36.458+0700] {logging_mixin.py:188} INFO - [2024-05-23T16:59:36.458+0700] {dag.py:3096} INFO - Sync 1 DAGs
[2024-05-23T16:59:36.473+0700] {logging_mixin.py:188} INFO - [2024-05-23T16:59:36.472+0700] {dag.py:3954} INFO - Setting next_dagrun for example_params_trigger_ui to None, run_after=None
[2024-05-23T16:59:36.546+0700] {processor.py:183} INFO - Processing /mnt/d/Programming/Vietnamese-Text-Generator/airflow_env/lib/python3.10/site-packages/airflow/example_dags/example_params_trigger_ui.py took 0.183 seconds
[2024-05-23T17:00:45.454+0700] {processor.py:161} INFO - Started process (PID=23931) to work on /mnt/d/Programming/Vietnamese-Text-Generator/airflow_env/lib/python3.10/site-packages/airflow/example_dags/example_params_trigger_ui.py
[2024-05-23T17:00:45.456+0700] {processor.py:830} INFO - Processing file /mnt/d/Programming/Vietnamese-Text-Generator/airflow_env/lib/python3.10/site-packages/airflow/example_dags/example_params_trigger_ui.py for tasks to queue
[2024-05-23T17:00:45.459+0700] {logging_mixin.py:188} INFO - [2024-05-23T17:00:45.458+0700] {dagbag.py:540} INFO - Filling up the DagBag from /mnt/d/Programming/Vietnamese-Text-Generator/airflow_env/lib/python3.10/site-packages/airflow/example_dags/example_params_trigger_ui.py
[2024-05-23T17:00:45.488+0700] {processor.py:840} INFO - DAG(s) 'example_params_trigger_ui' retrieved from /mnt/d/Programming/Vietnamese-Text-Generator/airflow_env/lib/python3.10/site-packages/airflow/example_dags/example_params_trigger_ui.py
[2024-05-23T17:00:45.544+0700] {logging_mixin.py:188} INFO - [2024-05-23T17:00:45.543+0700] {dag.py:3096} INFO - Sync 1 DAGs
[2024-05-23T17:00:45.560+0700] {logging_mixin.py:188} INFO - [2024-05-23T17:00:45.559+0700] {dag.py:3954} INFO - Setting next_dagrun for example_params_trigger_ui to None, run_after=None
[2024-05-23T17:00:45.628+0700] {processor.py:183} INFO - Processing /mnt/d/Programming/Vietnamese-Text-Generator/airflow_env/lib/python3.10/site-packages/airflow/example_dags/example_params_trigger_ui.py took 0.185 seconds
[2024-05-23T17:01:52.490+0700] {processor.py:161} INFO - Started process (PID=24242) to work on /mnt/d/Programming/Vietnamese-Text-Generator/airflow_env/lib/python3.10/site-packages/airflow/example_dags/example_params_trigger_ui.py
[2024-05-23T17:01:52.492+0700] {processor.py:830} INFO - Processing file /mnt/d/Programming/Vietnamese-Text-Generator/airflow_env/lib/python3.10/site-packages/airflow/example_dags/example_params_trigger_ui.py for tasks to queue
[2024-05-23T17:01:52.494+0700] {logging_mixin.py:188} INFO - [2024-05-23T17:01:52.493+0700] {dagbag.py:540} INFO - Filling up the DagBag from /mnt/d/Programming/Vietnamese-Text-Generator/airflow_env/lib/python3.10/site-packages/airflow/example_dags/example_params_trigger_ui.py
[2024-05-23T17:01:52.523+0700] {processor.py:840} INFO - DAG(s) 'example_params_trigger_ui' retrieved from /mnt/d/Programming/Vietnamese-Text-Generator/airflow_env/lib/python3.10/site-packages/airflow/example_dags/example_params_trigger_ui.py
[2024-05-23T17:01:52.574+0700] {logging_mixin.py:188} INFO - [2024-05-23T17:01:52.573+0700] {dag.py:3096} INFO - Sync 1 DAGs
[2024-05-23T17:01:52.589+0700] {logging_mixin.py:188} INFO - [2024-05-23T17:01:52.588+0700] {dag.py:3954} INFO - Setting next_dagrun for example_params_trigger_ui to None, run_after=None
[2024-05-23T17:01:52.645+0700] {processor.py:183} INFO - Processing /mnt/d/Programming/Vietnamese-Text-Generator/airflow_env/lib/python3.10/site-packages/airflow/example_dags/example_params_trigger_ui.py took 0.167 seconds
[2024-05-23T17:03:05.206+0700] {processor.py:161} INFO - Started process (PID=24578) to work on /mnt/d/Programming/Vietnamese-Text-Generator/airflow_env/lib/python3.10/site-packages/airflow/example_dags/example_params_trigger_ui.py
[2024-05-23T17:03:05.207+0700] {processor.py:830} INFO - Processing file /mnt/d/Programming/Vietnamese-Text-Generator/airflow_env/lib/python3.10/site-packages/airflow/example_dags/example_params_trigger_ui.py for tasks to queue
[2024-05-23T17:03:05.209+0700] {logging_mixin.py:188} INFO - [2024-05-23T17:03:05.208+0700] {dagbag.py:540} INFO - Filling up the DagBag from /mnt/d/Programming/Vietnamese-Text-Generator/airflow_env/lib/python3.10/site-packages/airflow/example_dags/example_params_trigger_ui.py
[2024-05-23T17:03:05.236+0700] {processor.py:840} INFO - DAG(s) 'example_params_trigger_ui' retrieved from /mnt/d/Programming/Vietnamese-Text-Generator/airflow_env/lib/python3.10/site-packages/airflow/example_dags/example_params_trigger_ui.py
[2024-05-23T17:03:05.288+0700] {logging_mixin.py:188} INFO - [2024-05-23T17:03:05.286+0700] {dag.py:3096} INFO - Sync 1 DAGs
[2024-05-23T17:03:05.304+0700] {logging_mixin.py:188} INFO - [2024-05-23T17:03:05.303+0700] {dag.py:3954} INFO - Setting next_dagrun for example_params_trigger_ui to None, run_after=None
[2024-05-23T17:03:05.356+0700] {processor.py:183} INFO - Processing /mnt/d/Programming/Vietnamese-Text-Generator/airflow_env/lib/python3.10/site-packages/airflow/example_dags/example_params_trigger_ui.py took 0.161 seconds
[2024-05-23T17:04:12.562+0700] {processor.py:161} INFO - Started process (PID=24892) to work on /mnt/d/Programming/Vietnamese-Text-Generator/airflow_env/lib/python3.10/site-packages/airflow/example_dags/example_params_trigger_ui.py
[2024-05-23T17:04:12.565+0700] {processor.py:830} INFO - Processing file /mnt/d/Programming/Vietnamese-Text-Generator/airflow_env/lib/python3.10/site-packages/airflow/example_dags/example_params_trigger_ui.py for tasks to queue
[2024-05-23T17:04:12.568+0700] {logging_mixin.py:188} INFO - [2024-05-23T17:04:12.567+0700] {dagbag.py:540} INFO - Filling up the DagBag from /mnt/d/Programming/Vietnamese-Text-Generator/airflow_env/lib/python3.10/site-packages/airflow/example_dags/example_params_trigger_ui.py
[2024-05-23T17:04:12.604+0700] {processor.py:840} INFO - DAG(s) 'example_params_trigger_ui' retrieved from /mnt/d/Programming/Vietnamese-Text-Generator/airflow_env/lib/python3.10/site-packages/airflow/example_dags/example_params_trigger_ui.py
[2024-05-23T17:04:12.669+0700] {logging_mixin.py:188} INFO - [2024-05-23T17:04:12.668+0700] {dag.py:3096} INFO - Sync 1 DAGs
[2024-05-23T17:04:12.687+0700] {logging_mixin.py:188} INFO - [2024-05-23T17:04:12.686+0700] {dag.py:3954} INFO - Setting next_dagrun for example_params_trigger_ui to None, run_after=None
[2024-05-23T17:04:12.740+0700] {processor.py:183} INFO - Processing /mnt/d/Programming/Vietnamese-Text-Generator/airflow_env/lib/python3.10/site-packages/airflow/example_dags/example_params_trigger_ui.py took 0.194 seconds
