[2024-05-23T15:43:33.141+0700] {processor.py:161} INFO - Started process (PID=1320) to work on /mnt/d/Programming/Vietnamese-Text-Generator/airflow_env/lib/python3.10/site-packages/airflow/example_dags/example_branch_datetime_operator.py
[2024-05-23T15:43:33.144+0700] {processor.py:830} INFO - Processing file /mnt/d/Programming/Vietnamese-Text-Generator/airflow_env/lib/python3.10/site-packages/airflow/example_dags/example_branch_datetime_operator.py for tasks to queue
[2024-05-23T15:43:33.148+0700] {logging_mixin.py:188} INFO - [2024-05-23T15:43:33.147+0700] {dagbag.py:540} INFO - Filling up the DagBag from /mnt/d/Programming/Vietnamese-Text-Generator/airflow_env/lib/python3.10/site-packages/airflow/example_dags/example_branch_datetime_operator.py
[2024-05-23T15:43:33.203+0700] {processor.py:840} INFO - DAG(s) 'example_branch_datetime_operator_3', 'example_branch_datetime_operator_2', 'example_branch_datetime_operator' retrieved from /mnt/d/Programming/Vietnamese-Text-Generator/airflow_env/lib/python3.10/site-packages/airflow/example_dags/example_branch_datetime_operator.py
[2024-05-23T15:43:33.259+0700] {logging_mixin.py:188} INFO - [2024-05-23T15:43:33.258+0700] {dag.py:3096} INFO - Sync 3 DAGs
[2024-05-23T15:43:33.306+0700] {logging_mixin.py:188} INFO - [2024-05-23T15:43:33.305+0700] {dag.py:3954} INFO - Setting next_dagrun for example_branch_datetime_operator to 2024-05-22 00:00:00+00:00, run_after=2024-05-23 00:00:00+00:00
[2024-05-23T15:43:33.317+0700] {logging_mixin.py:188} INFO - [2024-05-23T15:43:33.316+0700] {dag.py:3954} INFO - Setting next_dagrun for example_branch_datetime_operator_2 to 2024-05-22 00:00:00+00:00, run_after=2024-05-23 00:00:00+00:00
[2024-05-23T15:43:33.325+0700] {logging_mixin.py:188} INFO - [2024-05-23T15:43:33.324+0700] {dag.py:3954} INFO - Setting next_dagrun for example_branch_datetime_operator_3 to 2024-05-22 00:00:00+00:00, run_after=2024-05-23 00:00:00+00:00
[2024-05-23T15:43:33.398+0700] {processor.py:183} INFO - Processing /mnt/d/Programming/Vietnamese-Text-Generator/airflow_env/lib/python3.10/site-packages/airflow/example_dags/example_branch_datetime_operator.py took 0.273 seconds
[2024-05-23T15:44:56.599+0700] {processor.py:161} INFO - Started process (PID=1730) to work on /mnt/d/Programming/Vietnamese-Text-Generator/airflow_env/lib/python3.10/site-packages/airflow/example_dags/example_branch_datetime_operator.py
[2024-05-23T15:44:56.601+0700] {processor.py:830} INFO - Processing file /mnt/d/Programming/Vietnamese-Text-Generator/airflow_env/lib/python3.10/site-packages/airflow/example_dags/example_branch_datetime_operator.py for tasks to queue
[2024-05-23T15:44:56.605+0700] {logging_mixin.py:188} INFO - [2024-05-23T15:44:56.603+0700] {dagbag.py:540} INFO - Filling up the DagBag from /mnt/d/Programming/Vietnamese-Text-Generator/airflow_env/lib/python3.10/site-packages/airflow/example_dags/example_branch_datetime_operator.py
[2024-05-23T15:44:56.638+0700] {processor.py:840} INFO - DAG(s) 'example_branch_datetime_operator', 'example_branch_datetime_operator_3', 'example_branch_datetime_operator_2' retrieved from /mnt/d/Programming/Vietnamese-Text-Generator/airflow_env/lib/python3.10/site-packages/airflow/example_dags/example_branch_datetime_operator.py
[2024-05-23T15:44:56.672+0700] {logging_mixin.py:188} INFO - [2024-05-23T15:44:56.671+0700] {dag.py:3096} INFO - Sync 3 DAGs
[2024-05-23T15:44:56.697+0700] {logging_mixin.py:188} INFO - [2024-05-23T15:44:56.696+0700] {dag.py:3954} INFO - Setting next_dagrun for example_branch_datetime_operator to 2024-05-22 00:00:00+00:00, run_after=2024-05-23 00:00:00+00:00
[2024-05-23T15:44:56.705+0700] {logging_mixin.py:188} INFO - [2024-05-23T15:44:56.704+0700] {dag.py:3954} INFO - Setting next_dagrun for example_branch_datetime_operator_2 to 2024-05-22 00:00:00+00:00, run_after=2024-05-23 00:00:00+00:00
[2024-05-23T15:44:56.711+0700] {logging_mixin.py:188} INFO - [2024-05-23T15:44:56.710+0700] {dag.py:3954} INFO - Setting next_dagrun for example_branch_datetime_operator_3 to 2024-05-22 00:00:00+00:00, run_after=2024-05-23 00:00:00+00:00
[2024-05-23T15:44:56.771+0700] {processor.py:183} INFO - Processing /mnt/d/Programming/Vietnamese-Text-Generator/airflow_env/lib/python3.10/site-packages/airflow/example_dags/example_branch_datetime_operator.py took 0.181 seconds
[2024-05-23T15:46:09.714+0700] {processor.py:161} INFO - Started process (PID=2430) to work on /mnt/d/Programming/Vietnamese-Text-Generator/airflow_env/lib/python3.10/site-packages/airflow/example_dags/example_branch_datetime_operator.py
[2024-05-23T15:46:09.717+0700] {processor.py:830} INFO - Processing file /mnt/d/Programming/Vietnamese-Text-Generator/airflow_env/lib/python3.10/site-packages/airflow/example_dags/example_branch_datetime_operator.py for tasks to queue
[2024-05-23T15:46:09.722+0700] {logging_mixin.py:188} INFO - [2024-05-23T15:46:09.720+0700] {dagbag.py:540} INFO - Filling up the DagBag from /mnt/d/Programming/Vietnamese-Text-Generator/airflow_env/lib/python3.10/site-packages/airflow/example_dags/example_branch_datetime_operator.py
[2024-05-23T15:46:09.771+0700] {processor.py:840} INFO - DAG(s) 'example_branch_datetime_operator', 'example_branch_datetime_operator_2', 'example_branch_datetime_operator_3' retrieved from /mnt/d/Programming/Vietnamese-Text-Generator/airflow_env/lib/python3.10/site-packages/airflow/example_dags/example_branch_datetime_operator.py
[2024-05-23T15:46:09.819+0700] {logging_mixin.py:188} INFO - [2024-05-23T15:46:09.817+0700] {dag.py:3096} INFO - Sync 3 DAGs
[2024-05-23T15:46:09.852+0700] {logging_mixin.py:188} INFO - [2024-05-23T15:46:09.851+0700] {dag.py:3954} INFO - Setting next_dagrun for example_branch_datetime_operator to 2024-05-22 00:00:00+00:00, run_after=2024-05-23 00:00:00+00:00
[2024-05-23T15:46:09.862+0700] {logging_mixin.py:188} INFO - [2024-05-23T15:46:09.861+0700] {dag.py:3954} INFO - Setting next_dagrun for example_branch_datetime_operator_2 to 2024-05-22 00:00:00+00:00, run_after=2024-05-23 00:00:00+00:00
[2024-05-23T15:46:09.869+0700] {logging_mixin.py:188} INFO - [2024-05-23T15:46:09.868+0700] {dag.py:3954} INFO - Setting next_dagrun for example_branch_datetime_operator_3 to 2024-05-22 00:00:00+00:00, run_after=2024-05-23 00:00:00+00:00
[2024-05-23T15:46:09.934+0700] {processor.py:183} INFO - Processing /mnt/d/Programming/Vietnamese-Text-Generator/airflow_env/lib/python3.10/site-packages/airflow/example_dags/example_branch_datetime_operator.py took 0.234 seconds
[2024-05-23T15:47:18.314+0700] {processor.py:161} INFO - Started process (PID=2764) to work on /mnt/d/Programming/Vietnamese-Text-Generator/airflow_env/lib/python3.10/site-packages/airflow/example_dags/example_branch_datetime_operator.py
[2024-05-23T15:47:18.315+0700] {processor.py:830} INFO - Processing file /mnt/d/Programming/Vietnamese-Text-Generator/airflow_env/lib/python3.10/site-packages/airflow/example_dags/example_branch_datetime_operator.py for tasks to queue
[2024-05-23T15:47:18.318+0700] {logging_mixin.py:188} INFO - [2024-05-23T15:47:18.317+0700] {dagbag.py:540} INFO - Filling up the DagBag from /mnt/d/Programming/Vietnamese-Text-Generator/airflow_env/lib/python3.10/site-packages/airflow/example_dags/example_branch_datetime_operator.py
[2024-05-23T15:47:18.360+0700] {processor.py:840} INFO - DAG(s) 'example_branch_datetime_operator_2', 'example_branch_datetime_operator', 'example_branch_datetime_operator_3' retrieved from /mnt/d/Programming/Vietnamese-Text-Generator/airflow_env/lib/python3.10/site-packages/airflow/example_dags/example_branch_datetime_operator.py
[2024-05-23T15:47:18.410+0700] {logging_mixin.py:188} INFO - [2024-05-23T15:47:18.409+0700] {dag.py:3096} INFO - Sync 3 DAGs
[2024-05-23T15:47:18.443+0700] {logging_mixin.py:188} INFO - [2024-05-23T15:47:18.441+0700] {dag.py:3954} INFO - Setting next_dagrun for example_branch_datetime_operator to 2024-05-22 00:00:00+00:00, run_after=2024-05-23 00:00:00+00:00
[2024-05-23T15:47:18.452+0700] {logging_mixin.py:188} INFO - [2024-05-23T15:47:18.451+0700] {dag.py:3954} INFO - Setting next_dagrun for example_branch_datetime_operator_2 to 2024-05-22 00:00:00+00:00, run_after=2024-05-23 00:00:00+00:00
[2024-05-23T15:47:18.458+0700] {logging_mixin.py:188} INFO - [2024-05-23T15:47:18.457+0700] {dag.py:3954} INFO - Setting next_dagrun for example_branch_datetime_operator_3 to 2024-05-22 00:00:00+00:00, run_after=2024-05-23 00:00:00+00:00
[2024-05-23T15:47:18.510+0700] {processor.py:183} INFO - Processing /mnt/d/Programming/Vietnamese-Text-Generator/airflow_env/lib/python3.10/site-packages/airflow/example_dags/example_branch_datetime_operator.py took 0.209 seconds
[2024-05-23T15:55:29.870+0700] {processor.py:161} INFO - Started process (PID=4882) to work on /mnt/d/Programming/Vietnamese-Text-Generator/airflow_env/lib/python3.10/site-packages/airflow/example_dags/example_branch_datetime_operator.py
[2024-05-23T15:55:29.872+0700] {processor.py:830} INFO - Processing file /mnt/d/Programming/Vietnamese-Text-Generator/airflow_env/lib/python3.10/site-packages/airflow/example_dags/example_branch_datetime_operator.py for tasks to queue
[2024-05-23T15:55:29.874+0700] {logging_mixin.py:188} INFO - [2024-05-23T15:55:29.873+0700] {dagbag.py:540} INFO - Filling up the DagBag from /mnt/d/Programming/Vietnamese-Text-Generator/airflow_env/lib/python3.10/site-packages/airflow/example_dags/example_branch_datetime_operator.py
[2024-05-23T15:55:29.911+0700] {processor.py:840} INFO - DAG(s) 'example_branch_datetime_operator_3', 'example_branch_datetime_operator', 'example_branch_datetime_operator_2' retrieved from /mnt/d/Programming/Vietnamese-Text-Generator/airflow_env/lib/python3.10/site-packages/airflow/example_dags/example_branch_datetime_operator.py
[2024-05-23T15:55:29.957+0700] {logging_mixin.py:188} INFO - [2024-05-23T15:55:29.956+0700] {dag.py:3096} INFO - Sync 3 DAGs
[2024-05-23T15:55:29.985+0700] {logging_mixin.py:188} INFO - [2024-05-23T15:55:29.984+0700] {dag.py:3954} INFO - Setting next_dagrun for example_branch_datetime_operator to 2024-05-22 00:00:00+00:00, run_after=2024-05-23 00:00:00+00:00
[2024-05-23T15:55:29.996+0700] {logging_mixin.py:188} INFO - [2024-05-23T15:55:29.995+0700] {dag.py:3954} INFO - Setting next_dagrun for example_branch_datetime_operator_2 to 2024-05-22 00:00:00+00:00, run_after=2024-05-23 00:00:00+00:00
[2024-05-23T15:55:30.003+0700] {logging_mixin.py:188} INFO - [2024-05-23T15:55:30.002+0700] {dag.py:3954} INFO - Setting next_dagrun for example_branch_datetime_operator_3 to 2024-05-22 00:00:00+00:00, run_after=2024-05-23 00:00:00+00:00
[2024-05-23T15:55:30.080+0700] {processor.py:183} INFO - Processing /mnt/d/Programming/Vietnamese-Text-Generator/airflow_env/lib/python3.10/site-packages/airflow/example_dags/example_branch_datetime_operator.py took 0.221 seconds
[2024-05-23T15:56:40.750+0700] {processor.py:161} INFO - Started process (PID=5216) to work on /mnt/d/Programming/Vietnamese-Text-Generator/airflow_env/lib/python3.10/site-packages/airflow/example_dags/example_branch_datetime_operator.py
[2024-05-23T15:56:40.752+0700] {processor.py:830} INFO - Processing file /mnt/d/Programming/Vietnamese-Text-Generator/airflow_env/lib/python3.10/site-packages/airflow/example_dags/example_branch_datetime_operator.py for tasks to queue
[2024-05-23T15:56:40.761+0700] {logging_mixin.py:188} INFO - [2024-05-23T15:56:40.760+0700] {dagbag.py:540} INFO - Filling up the DagBag from /mnt/d/Programming/Vietnamese-Text-Generator/airflow_env/lib/python3.10/site-packages/airflow/example_dags/example_branch_datetime_operator.py
[2024-05-23T15:56:40.805+0700] {processor.py:840} INFO - DAG(s) 'example_branch_datetime_operator', 'example_branch_datetime_operator_2', 'example_branch_datetime_operator_3' retrieved from /mnt/d/Programming/Vietnamese-Text-Generator/airflow_env/lib/python3.10/site-packages/airflow/example_dags/example_branch_datetime_operator.py
[2024-05-23T15:56:40.841+0700] {logging_mixin.py:188} INFO - [2024-05-23T15:56:40.840+0700] {dag.py:3096} INFO - Sync 3 DAGs
[2024-05-23T15:56:40.862+0700] {logging_mixin.py:188} INFO - [2024-05-23T15:56:40.861+0700] {dag.py:3954} INFO - Setting next_dagrun for example_branch_datetime_operator to 2024-05-22 00:00:00+00:00, run_after=2024-05-23 00:00:00+00:00
[2024-05-23T15:56:40.871+0700] {logging_mixin.py:188} INFO - [2024-05-23T15:56:40.870+0700] {dag.py:3954} INFO - Setting next_dagrun for example_branch_datetime_operator_2 to 2024-05-22 00:00:00+00:00, run_after=2024-05-23 00:00:00+00:00
[2024-05-23T15:56:40.876+0700] {logging_mixin.py:188} INFO - [2024-05-23T15:56:40.875+0700] {dag.py:3954} INFO - Setting next_dagrun for example_branch_datetime_operator_3 to 2024-05-22 00:00:00+00:00, run_after=2024-05-23 00:00:00+00:00
[2024-05-23T15:56:40.952+0700] {processor.py:183} INFO - Processing /mnt/d/Programming/Vietnamese-Text-Generator/airflow_env/lib/python3.10/site-packages/airflow/example_dags/example_branch_datetime_operator.py took 0.217 seconds
[2024-05-23T15:57:50.983+0700] {processor.py:161} INFO - Started process (PID=5548) to work on /mnt/d/Programming/Vietnamese-Text-Generator/airflow_env/lib/python3.10/site-packages/airflow/example_dags/example_branch_datetime_operator.py
[2024-05-23T15:57:50.985+0700] {processor.py:830} INFO - Processing file /mnt/d/Programming/Vietnamese-Text-Generator/airflow_env/lib/python3.10/site-packages/airflow/example_dags/example_branch_datetime_operator.py for tasks to queue
[2024-05-23T15:57:50.987+0700] {logging_mixin.py:188} INFO - [2024-05-23T15:57:50.986+0700] {dagbag.py:540} INFO - Filling up the DagBag from /mnt/d/Programming/Vietnamese-Text-Generator/airflow_env/lib/python3.10/site-packages/airflow/example_dags/example_branch_datetime_operator.py
[2024-05-23T15:57:51.023+0700] {processor.py:840} INFO - DAG(s) 'example_branch_datetime_operator_2', 'example_branch_datetime_operator_3', 'example_branch_datetime_operator' retrieved from /mnt/d/Programming/Vietnamese-Text-Generator/airflow_env/lib/python3.10/site-packages/airflow/example_dags/example_branch_datetime_operator.py
[2024-05-23T15:57:51.066+0700] {logging_mixin.py:188} INFO - [2024-05-23T15:57:51.064+0700] {dag.py:3096} INFO - Sync 3 DAGs
[2024-05-23T15:57:51.097+0700] {logging_mixin.py:188} INFO - [2024-05-23T15:57:51.096+0700] {dag.py:3954} INFO - Setting next_dagrun for example_branch_datetime_operator to 2024-05-22 00:00:00+00:00, run_after=2024-05-23 00:00:00+00:00
[2024-05-23T15:57:51.104+0700] {logging_mixin.py:188} INFO - [2024-05-23T15:57:51.103+0700] {dag.py:3954} INFO - Setting next_dagrun for example_branch_datetime_operator_2 to 2024-05-22 00:00:00+00:00, run_after=2024-05-23 00:00:00+00:00
[2024-05-23T15:57:51.109+0700] {logging_mixin.py:188} INFO - [2024-05-23T15:57:51.108+0700] {dag.py:3954} INFO - Setting next_dagrun for example_branch_datetime_operator_3 to 2024-05-22 00:00:00+00:00, run_after=2024-05-23 00:00:00+00:00
[2024-05-23T15:57:51.157+0700] {processor.py:183} INFO - Processing /mnt/d/Programming/Vietnamese-Text-Generator/airflow_env/lib/python3.10/site-packages/airflow/example_dags/example_branch_datetime_operator.py took 0.185 seconds
[2024-05-23T15:58:59.222+0700] {processor.py:161} INFO - Started process (PID=5869) to work on /mnt/d/Programming/Vietnamese-Text-Generator/airflow_env/lib/python3.10/site-packages/airflow/example_dags/example_branch_datetime_operator.py
[2024-05-23T15:58:59.227+0700] {processor.py:830} INFO - Processing file /mnt/d/Programming/Vietnamese-Text-Generator/airflow_env/lib/python3.10/site-packages/airflow/example_dags/example_branch_datetime_operator.py for tasks to queue
[2024-05-23T15:58:59.230+0700] {logging_mixin.py:188} INFO - [2024-05-23T15:58:59.229+0700] {dagbag.py:540} INFO - Filling up the DagBag from /mnt/d/Programming/Vietnamese-Text-Generator/airflow_env/lib/python3.10/site-packages/airflow/example_dags/example_branch_datetime_operator.py
[2024-05-23T15:58:59.285+0700] {processor.py:840} INFO - DAG(s) 'example_branch_datetime_operator_2', 'example_branch_datetime_operator_3', 'example_branch_datetime_operator' retrieved from /mnt/d/Programming/Vietnamese-Text-Generator/airflow_env/lib/python3.10/site-packages/airflow/example_dags/example_branch_datetime_operator.py
[2024-05-23T15:58:59.329+0700] {logging_mixin.py:188} INFO - [2024-05-23T15:58:59.328+0700] {dag.py:3096} INFO - Sync 3 DAGs
[2024-05-23T15:58:59.351+0700] {logging_mixin.py:188} INFO - [2024-05-23T15:58:59.351+0700] {dag.py:3954} INFO - Setting next_dagrun for example_branch_datetime_operator to 2024-05-22 00:00:00+00:00, run_after=2024-05-23 00:00:00+00:00
[2024-05-23T15:58:59.358+0700] {logging_mixin.py:188} INFO - [2024-05-23T15:58:59.357+0700] {dag.py:3954} INFO - Setting next_dagrun for example_branch_datetime_operator_2 to 2024-05-22 00:00:00+00:00, run_after=2024-05-23 00:00:00+00:00
[2024-05-23T15:58:59.363+0700] {logging_mixin.py:188} INFO - [2024-05-23T15:58:59.362+0700] {dag.py:3954} INFO - Setting next_dagrun for example_branch_datetime_operator_3 to 2024-05-22 00:00:00+00:00, run_after=2024-05-23 00:00:00+00:00
[2024-05-23T15:58:59.411+0700] {processor.py:183} INFO - Processing /mnt/d/Programming/Vietnamese-Text-Generator/airflow_env/lib/python3.10/site-packages/airflow/example_dags/example_branch_datetime_operator.py took 0.205 seconds
[2024-05-23T16:00:10.813+0700] {processor.py:161} INFO - Started process (PID=6208) to work on /mnt/d/Programming/Vietnamese-Text-Generator/airflow_env/lib/python3.10/site-packages/airflow/example_dags/example_branch_datetime_operator.py
[2024-05-23T16:00:10.815+0700] {processor.py:830} INFO - Processing file /mnt/d/Programming/Vietnamese-Text-Generator/airflow_env/lib/python3.10/site-packages/airflow/example_dags/example_branch_datetime_operator.py for tasks to queue
[2024-05-23T16:00:10.818+0700] {logging_mixin.py:188} INFO - [2024-05-23T16:00:10.817+0700] {dagbag.py:540} INFO - Filling up the DagBag from /mnt/d/Programming/Vietnamese-Text-Generator/airflow_env/lib/python3.10/site-packages/airflow/example_dags/example_branch_datetime_operator.py
[2024-05-23T16:00:10.857+0700] {processor.py:840} INFO - DAG(s) 'example_branch_datetime_operator_2', 'example_branch_datetime_operator', 'example_branch_datetime_operator_3' retrieved from /mnt/d/Programming/Vietnamese-Text-Generator/airflow_env/lib/python3.10/site-packages/airflow/example_dags/example_branch_datetime_operator.py
[2024-05-23T16:00:10.902+0700] {logging_mixin.py:188} INFO - [2024-05-23T16:00:10.901+0700] {dag.py:3096} INFO - Sync 3 DAGs
[2024-05-23T16:00:10.931+0700] {logging_mixin.py:188} INFO - [2024-05-23T16:00:10.929+0700] {dag.py:3954} INFO - Setting next_dagrun for example_branch_datetime_operator to 2024-05-22 00:00:00+00:00, run_after=2024-05-23 00:00:00+00:00
[2024-05-23T16:00:10.937+0700] {logging_mixin.py:188} INFO - [2024-05-23T16:00:10.936+0700] {dag.py:3954} INFO - Setting next_dagrun for example_branch_datetime_operator_2 to 2024-05-22 00:00:00+00:00, run_after=2024-05-23 00:00:00+00:00
[2024-05-23T16:00:10.942+0700] {logging_mixin.py:188} INFO - [2024-05-23T16:00:10.941+0700] {dag.py:3954} INFO - Setting next_dagrun for example_branch_datetime_operator_3 to 2024-05-22 00:00:00+00:00, run_after=2024-05-23 00:00:00+00:00
[2024-05-23T16:00:11.004+0700] {processor.py:183} INFO - Processing /mnt/d/Programming/Vietnamese-Text-Generator/airflow_env/lib/python3.10/site-packages/airflow/example_dags/example_branch_datetime_operator.py took 0.204 seconds
[2024-05-23T16:01:18.895+0700] {processor.py:161} INFO - Started process (PID=6529) to work on /mnt/d/Programming/Vietnamese-Text-Generator/airflow_env/lib/python3.10/site-packages/airflow/example_dags/example_branch_datetime_operator.py
[2024-05-23T16:01:18.897+0700] {processor.py:830} INFO - Processing file /mnt/d/Programming/Vietnamese-Text-Generator/airflow_env/lib/python3.10/site-packages/airflow/example_dags/example_branch_datetime_operator.py for tasks to queue
[2024-05-23T16:01:18.901+0700] {logging_mixin.py:188} INFO - [2024-05-23T16:01:18.899+0700] {dagbag.py:540} INFO - Filling up the DagBag from /mnt/d/Programming/Vietnamese-Text-Generator/airflow_env/lib/python3.10/site-packages/airflow/example_dags/example_branch_datetime_operator.py
[2024-05-23T16:01:18.935+0700] {processor.py:840} INFO - DAG(s) 'example_branch_datetime_operator', 'example_branch_datetime_operator_3', 'example_branch_datetime_operator_2' retrieved from /mnt/d/Programming/Vietnamese-Text-Generator/airflow_env/lib/python3.10/site-packages/airflow/example_dags/example_branch_datetime_operator.py
[2024-05-23T16:01:18.976+0700] {logging_mixin.py:188} INFO - [2024-05-23T16:01:18.975+0700] {dag.py:3096} INFO - Sync 3 DAGs
[2024-05-23T16:01:19.005+0700] {logging_mixin.py:188} INFO - [2024-05-23T16:01:19.004+0700] {dag.py:3954} INFO - Setting next_dagrun for example_branch_datetime_operator to 2024-05-22 00:00:00+00:00, run_after=2024-05-23 00:00:00+00:00
[2024-05-23T16:01:19.013+0700] {logging_mixin.py:188} INFO - [2024-05-23T16:01:19.012+0700] {dag.py:3954} INFO - Setting next_dagrun for example_branch_datetime_operator_2 to 2024-05-22 00:00:00+00:00, run_after=2024-05-23 00:00:00+00:00
[2024-05-23T16:01:19.020+0700] {logging_mixin.py:188} INFO - [2024-05-23T16:01:19.018+0700] {dag.py:3954} INFO - Setting next_dagrun for example_branch_datetime_operator_3 to 2024-05-22 00:00:00+00:00, run_after=2024-05-23 00:00:00+00:00
[2024-05-23T16:01:19.075+0700] {processor.py:183} INFO - Processing /mnt/d/Programming/Vietnamese-Text-Generator/airflow_env/lib/python3.10/site-packages/airflow/example_dags/example_branch_datetime_operator.py took 0.192 seconds
[2024-05-23T16:02:24.133+0700] {processor.py:161} INFO - Started process (PID=6838) to work on /mnt/d/Programming/Vietnamese-Text-Generator/airflow_env/lib/python3.10/site-packages/airflow/example_dags/example_branch_datetime_operator.py
[2024-05-23T16:02:24.136+0700] {processor.py:830} INFO - Processing file /mnt/d/Programming/Vietnamese-Text-Generator/airflow_env/lib/python3.10/site-packages/airflow/example_dags/example_branch_datetime_operator.py for tasks to queue
[2024-05-23T16:02:24.139+0700] {logging_mixin.py:188} INFO - [2024-05-23T16:02:24.138+0700] {dagbag.py:540} INFO - Filling up the DagBag from /mnt/d/Programming/Vietnamese-Text-Generator/airflow_env/lib/python3.10/site-packages/airflow/example_dags/example_branch_datetime_operator.py
[2024-05-23T16:02:24.184+0700] {processor.py:840} INFO - DAG(s) 'example_branch_datetime_operator', 'example_branch_datetime_operator_3', 'example_branch_datetime_operator_2' retrieved from /mnt/d/Programming/Vietnamese-Text-Generator/airflow_env/lib/python3.10/site-packages/airflow/example_dags/example_branch_datetime_operator.py
[2024-05-23T16:02:24.228+0700] {logging_mixin.py:188} INFO - [2024-05-23T16:02:24.227+0700] {dag.py:3096} INFO - Sync 3 DAGs
[2024-05-23T16:02:24.259+0700] {logging_mixin.py:188} INFO - [2024-05-23T16:02:24.258+0700] {dag.py:3954} INFO - Setting next_dagrun for example_branch_datetime_operator to 2024-05-22 00:00:00+00:00, run_after=2024-05-23 00:00:00+00:00
[2024-05-23T16:02:24.269+0700] {logging_mixin.py:188} INFO - [2024-05-23T16:02:24.267+0700] {dag.py:3954} INFO - Setting next_dagrun for example_branch_datetime_operator_2 to 2024-05-22 00:00:00+00:00, run_after=2024-05-23 00:00:00+00:00
[2024-05-23T16:02:24.276+0700] {logging_mixin.py:188} INFO - [2024-05-23T16:02:24.274+0700] {dag.py:3954} INFO - Setting next_dagrun for example_branch_datetime_operator_3 to 2024-05-22 00:00:00+00:00, run_after=2024-05-23 00:00:00+00:00
[2024-05-23T16:02:24.340+0700] {processor.py:183} INFO - Processing /mnt/d/Programming/Vietnamese-Text-Generator/airflow_env/lib/python3.10/site-packages/airflow/example_dags/example_branch_datetime_operator.py took 0.226 seconds
[2024-05-23T16:03:34.619+0700] {processor.py:161} INFO - Started process (PID=7168) to work on /mnt/d/Programming/Vietnamese-Text-Generator/airflow_env/lib/python3.10/site-packages/airflow/example_dags/example_branch_datetime_operator.py
[2024-05-23T16:03:34.621+0700] {processor.py:830} INFO - Processing file /mnt/d/Programming/Vietnamese-Text-Generator/airflow_env/lib/python3.10/site-packages/airflow/example_dags/example_branch_datetime_operator.py for tasks to queue
[2024-05-23T16:03:34.623+0700] {logging_mixin.py:188} INFO - [2024-05-23T16:03:34.622+0700] {dagbag.py:540} INFO - Filling up the DagBag from /mnt/d/Programming/Vietnamese-Text-Generator/airflow_env/lib/python3.10/site-packages/airflow/example_dags/example_branch_datetime_operator.py
[2024-05-23T16:03:34.656+0700] {processor.py:840} INFO - DAG(s) 'example_branch_datetime_operator', 'example_branch_datetime_operator_2', 'example_branch_datetime_operator_3' retrieved from /mnt/d/Programming/Vietnamese-Text-Generator/airflow_env/lib/python3.10/site-packages/airflow/example_dags/example_branch_datetime_operator.py
[2024-05-23T16:03:34.696+0700] {logging_mixin.py:188} INFO - [2024-05-23T16:03:34.694+0700] {dag.py:3096} INFO - Sync 3 DAGs
[2024-05-23T16:03:34.723+0700] {logging_mixin.py:188} INFO - [2024-05-23T16:03:34.722+0700] {dag.py:3954} INFO - Setting next_dagrun for example_branch_datetime_operator to 2024-05-22 00:00:00+00:00, run_after=2024-05-23 00:00:00+00:00
[2024-05-23T16:03:34.731+0700] {logging_mixin.py:188} INFO - [2024-05-23T16:03:34.729+0700] {dag.py:3954} INFO - Setting next_dagrun for example_branch_datetime_operator_2 to 2024-05-22 00:00:00+00:00, run_after=2024-05-23 00:00:00+00:00
[2024-05-23T16:03:34.736+0700] {logging_mixin.py:188} INFO - [2024-05-23T16:03:34.735+0700] {dag.py:3954} INFO - Setting next_dagrun for example_branch_datetime_operator_3 to 2024-05-22 00:00:00+00:00, run_after=2024-05-23 00:00:00+00:00
[2024-05-23T16:03:34.793+0700] {processor.py:183} INFO - Processing /mnt/d/Programming/Vietnamese-Text-Generator/airflow_env/lib/python3.10/site-packages/airflow/example_dags/example_branch_datetime_operator.py took 0.185 seconds
[2024-05-23T16:35:47.676+0700] {processor.py:161} INFO - Started process (PID=17261) to work on /mnt/d/Programming/Vietnamese-Text-Generator/airflow_env/lib/python3.10/site-packages/airflow/example_dags/example_branch_datetime_operator.py
[2024-05-23T16:35:47.679+0700] {processor.py:830} INFO - Processing file /mnt/d/Programming/Vietnamese-Text-Generator/airflow_env/lib/python3.10/site-packages/airflow/example_dags/example_branch_datetime_operator.py for tasks to queue
[2024-05-23T16:35:47.682+0700] {logging_mixin.py:188} INFO - [2024-05-23T16:35:47.681+0700] {dagbag.py:540} INFO - Filling up the DagBag from /mnt/d/Programming/Vietnamese-Text-Generator/airflow_env/lib/python3.10/site-packages/airflow/example_dags/example_branch_datetime_operator.py
[2024-05-23T16:35:47.743+0700] {processor.py:840} INFO - DAG(s) 'example_branch_datetime_operator_2', 'example_branch_datetime_operator_3', 'example_branch_datetime_operator' retrieved from /mnt/d/Programming/Vietnamese-Text-Generator/airflow_env/lib/python3.10/site-packages/airflow/example_dags/example_branch_datetime_operator.py
[2024-05-23T16:35:47.797+0700] {logging_mixin.py:188} INFO - [2024-05-23T16:35:47.796+0700] {dag.py:3096} INFO - Sync 3 DAGs
[2024-05-23T16:35:47.835+0700] {logging_mixin.py:188} INFO - [2024-05-23T16:35:47.834+0700] {dag.py:3954} INFO - Setting next_dagrun for example_branch_datetime_operator to 2024-05-22 00:00:00+00:00, run_after=2024-05-23 00:00:00+00:00
[2024-05-23T16:35:47.842+0700] {logging_mixin.py:188} INFO - [2024-05-23T16:35:47.841+0700] {dag.py:3954} INFO - Setting next_dagrun for example_branch_datetime_operator_2 to 2024-05-22 00:00:00+00:00, run_after=2024-05-23 00:00:00+00:00
[2024-05-23T16:35:47.850+0700] {logging_mixin.py:188} INFO - [2024-05-23T16:35:47.848+0700] {dag.py:3954} INFO - Setting next_dagrun for example_branch_datetime_operator_3 to 2024-05-22 00:00:00+00:00, run_after=2024-05-23 00:00:00+00:00
[2024-05-23T16:35:47.923+0700] {processor.py:183} INFO - Processing /mnt/d/Programming/Vietnamese-Text-Generator/airflow_env/lib/python3.10/site-packages/airflow/example_dags/example_branch_datetime_operator.py took 0.260 seconds
[2024-05-23T16:37:03.997+0700] {processor.py:161} INFO - Started process (PID=17615) to work on /mnt/d/Programming/Vietnamese-Text-Generator/airflow_env/lib/python3.10/site-packages/airflow/example_dags/example_branch_datetime_operator.py
[2024-05-23T16:37:03.999+0700] {processor.py:830} INFO - Processing file /mnt/d/Programming/Vietnamese-Text-Generator/airflow_env/lib/python3.10/site-packages/airflow/example_dags/example_branch_datetime_operator.py for tasks to queue
[2024-05-23T16:37:04.001+0700] {logging_mixin.py:188} INFO - [2024-05-23T16:37:04.000+0700] {dagbag.py:540} INFO - Filling up the DagBag from /mnt/d/Programming/Vietnamese-Text-Generator/airflow_env/lib/python3.10/site-packages/airflow/example_dags/example_branch_datetime_operator.py
[2024-05-23T16:37:04.034+0700] {processor.py:840} INFO - DAG(s) 'example_branch_datetime_operator_3', 'example_branch_datetime_operator', 'example_branch_datetime_operator_2' retrieved from /mnt/d/Programming/Vietnamese-Text-Generator/airflow_env/lib/python3.10/site-packages/airflow/example_dags/example_branch_datetime_operator.py
[2024-05-23T16:37:04.076+0700] {logging_mixin.py:188} INFO - [2024-05-23T16:37:04.075+0700] {dag.py:3096} INFO - Sync 3 DAGs
[2024-05-23T16:37:04.109+0700] {logging_mixin.py:188} INFO - [2024-05-23T16:37:04.108+0700] {dag.py:3954} INFO - Setting next_dagrun for example_branch_datetime_operator to 2024-05-22 00:00:00+00:00, run_after=2024-05-23 00:00:00+00:00
[2024-05-23T16:37:04.119+0700] {logging_mixin.py:188} INFO - [2024-05-23T16:37:04.118+0700] {dag.py:3954} INFO - Setting next_dagrun for example_branch_datetime_operator_2 to 2024-05-22 00:00:00+00:00, run_after=2024-05-23 00:00:00+00:00
[2024-05-23T16:37:04.127+0700] {logging_mixin.py:188} INFO - [2024-05-23T16:37:04.125+0700] {dag.py:3954} INFO - Setting next_dagrun for example_branch_datetime_operator_3 to 2024-05-22 00:00:00+00:00, run_after=2024-05-23 00:00:00+00:00
[2024-05-23T16:37:04.200+0700] {processor.py:183} INFO - Processing /mnt/d/Programming/Vietnamese-Text-Generator/airflow_env/lib/python3.10/site-packages/airflow/example_dags/example_branch_datetime_operator.py took 0.217 seconds
[2024-05-23T16:50:37.598+0700] {processor.py:161} INFO - Started process (PID=21092) to work on /mnt/d/Programming/Vietnamese-Text-Generator/airflow_env/lib/python3.10/site-packages/airflow/example_dags/example_branch_datetime_operator.py
[2024-05-23T16:50:37.601+0700] {processor.py:830} INFO - Processing file /mnt/d/Programming/Vietnamese-Text-Generator/airflow_env/lib/python3.10/site-packages/airflow/example_dags/example_branch_datetime_operator.py for tasks to queue
[2024-05-23T16:50:37.607+0700] {logging_mixin.py:188} INFO - [2024-05-23T16:50:37.603+0700] {dagbag.py:540} INFO - Filling up the DagBag from /mnt/d/Programming/Vietnamese-Text-Generator/airflow_env/lib/python3.10/site-packages/airflow/example_dags/example_branch_datetime_operator.py
[2024-05-23T16:50:37.698+0700] {processor.py:840} INFO - DAG(s) 'example_branch_datetime_operator_2', 'example_branch_datetime_operator', 'example_branch_datetime_operator_3' retrieved from /mnt/d/Programming/Vietnamese-Text-Generator/airflow_env/lib/python3.10/site-packages/airflow/example_dags/example_branch_datetime_operator.py
[2024-05-23T16:50:37.757+0700] {logging_mixin.py:188} INFO - [2024-05-23T16:50:37.756+0700] {dag.py:3096} INFO - Sync 3 DAGs
[2024-05-23T16:50:37.793+0700] {logging_mixin.py:188} INFO - [2024-05-23T16:50:37.793+0700] {dag.py:3954} INFO - Setting next_dagrun for example_branch_datetime_operator to 2024-05-22 00:00:00+00:00, run_after=2024-05-23 00:00:00+00:00
[2024-05-23T16:50:37.801+0700] {logging_mixin.py:188} INFO - [2024-05-23T16:50:37.800+0700] {dag.py:3954} INFO - Setting next_dagrun for example_branch_datetime_operator_2 to 2024-05-22 00:00:00+00:00, run_after=2024-05-23 00:00:00+00:00
[2024-05-23T16:50:37.807+0700] {logging_mixin.py:188} INFO - [2024-05-23T16:50:37.807+0700] {dag.py:3954} INFO - Setting next_dagrun for example_branch_datetime_operator_3 to 2024-05-22 00:00:00+00:00, run_after=2024-05-23 00:00:00+00:00
[2024-05-23T16:50:37.898+0700] {processor.py:183} INFO - Processing /mnt/d/Programming/Vietnamese-Text-Generator/airflow_env/lib/python3.10/site-packages/airflow/example_dags/example_branch_datetime_operator.py took 0.328 seconds
[2024-05-23T16:52:01.180+0700] {processor.py:161} INFO - Started process (PID=21479) to work on /mnt/d/Programming/Vietnamese-Text-Generator/airflow_env/lib/python3.10/site-packages/airflow/example_dags/example_branch_datetime_operator.py
[2024-05-23T16:52:01.183+0700] {processor.py:830} INFO - Processing file /mnt/d/Programming/Vietnamese-Text-Generator/airflow_env/lib/python3.10/site-packages/airflow/example_dags/example_branch_datetime_operator.py for tasks to queue
[2024-05-23T16:52:01.189+0700] {logging_mixin.py:188} INFO - [2024-05-23T16:52:01.187+0700] {dagbag.py:540} INFO - Filling up the DagBag from /mnt/d/Programming/Vietnamese-Text-Generator/airflow_env/lib/python3.10/site-packages/airflow/example_dags/example_branch_datetime_operator.py
[2024-05-23T16:52:01.257+0700] {processor.py:840} INFO - DAG(s) 'example_branch_datetime_operator_2', 'example_branch_datetime_operator', 'example_branch_datetime_operator_3' retrieved from /mnt/d/Programming/Vietnamese-Text-Generator/airflow_env/lib/python3.10/site-packages/airflow/example_dags/example_branch_datetime_operator.py
[2024-05-23T16:52:01.342+0700] {logging_mixin.py:188} INFO - [2024-05-23T16:52:01.340+0700] {dag.py:3096} INFO - Sync 3 DAGs
[2024-05-23T16:52:01.390+0700] {logging_mixin.py:188} INFO - [2024-05-23T16:52:01.388+0700] {dag.py:3954} INFO - Setting next_dagrun for example_branch_datetime_operator to 2024-05-22 00:00:00+00:00, run_after=2024-05-23 00:00:00+00:00
[2024-05-23T16:52:01.406+0700] {logging_mixin.py:188} INFO - [2024-05-23T16:52:01.405+0700] {dag.py:3954} INFO - Setting next_dagrun for example_branch_datetime_operator_2 to 2024-05-22 00:00:00+00:00, run_after=2024-05-23 00:00:00+00:00
[2024-05-23T16:52:01.415+0700] {logging_mixin.py:188} INFO - [2024-05-23T16:52:01.414+0700] {dag.py:3954} INFO - Setting next_dagrun for example_branch_datetime_operator_3 to 2024-05-22 00:00:00+00:00, run_after=2024-05-23 00:00:00+00:00
[2024-05-23T16:52:01.527+0700] {processor.py:183} INFO - Processing /mnt/d/Programming/Vietnamese-Text-Generator/airflow_env/lib/python3.10/site-packages/airflow/example_dags/example_branch_datetime_operator.py took 0.368 seconds
[2024-05-23T16:53:15.755+0700] {processor.py:161} INFO - Started process (PID=21826) to work on /mnt/d/Programming/Vietnamese-Text-Generator/airflow_env/lib/python3.10/site-packages/airflow/example_dags/example_branch_datetime_operator.py
[2024-05-23T16:53:15.757+0700] {processor.py:830} INFO - Processing file /mnt/d/Programming/Vietnamese-Text-Generator/airflow_env/lib/python3.10/site-packages/airflow/example_dags/example_branch_datetime_operator.py for tasks to queue
[2024-05-23T16:53:15.760+0700] {logging_mixin.py:188} INFO - [2024-05-23T16:53:15.759+0700] {dagbag.py:540} INFO - Filling up the DagBag from /mnt/d/Programming/Vietnamese-Text-Generator/airflow_env/lib/python3.10/site-packages/airflow/example_dags/example_branch_datetime_operator.py
[2024-05-23T16:53:15.794+0700] {processor.py:840} INFO - DAG(s) 'example_branch_datetime_operator_3', 'example_branch_datetime_operator_2', 'example_branch_datetime_operator' retrieved from /mnt/d/Programming/Vietnamese-Text-Generator/airflow_env/lib/python3.10/site-packages/airflow/example_dags/example_branch_datetime_operator.py
[2024-05-23T16:53:15.837+0700] {logging_mixin.py:188} INFO - [2024-05-23T16:53:15.836+0700] {dag.py:3096} INFO - Sync 3 DAGs
[2024-05-23T16:53:15.863+0700] {logging_mixin.py:188} INFO - [2024-05-23T16:53:15.862+0700] {dag.py:3954} INFO - Setting next_dagrun for example_branch_datetime_operator to 2024-05-22 00:00:00+00:00, run_after=2024-05-23 00:00:00+00:00
[2024-05-23T16:53:15.872+0700] {logging_mixin.py:188} INFO - [2024-05-23T16:53:15.871+0700] {dag.py:3954} INFO - Setting next_dagrun for example_branch_datetime_operator_2 to 2024-05-22 00:00:00+00:00, run_after=2024-05-23 00:00:00+00:00
[2024-05-23T16:53:15.878+0700] {logging_mixin.py:188} INFO - [2024-05-23T16:53:15.877+0700] {dag.py:3954} INFO - Setting next_dagrun for example_branch_datetime_operator_3 to 2024-05-22 00:00:00+00:00, run_after=2024-05-23 00:00:00+00:00
[2024-05-23T16:53:15.939+0700] {processor.py:183} INFO - Processing /mnt/d/Programming/Vietnamese-Text-Generator/airflow_env/lib/python3.10/site-packages/airflow/example_dags/example_branch_datetime_operator.py took 0.196 seconds
[2024-05-23T16:54:25.448+0700] {processor.py:161} INFO - Started process (PID=22151) to work on /mnt/d/Programming/Vietnamese-Text-Generator/airflow_env/lib/python3.10/site-packages/airflow/example_dags/example_branch_datetime_operator.py
[2024-05-23T16:54:25.450+0700] {processor.py:830} INFO - Processing file /mnt/d/Programming/Vietnamese-Text-Generator/airflow_env/lib/python3.10/site-packages/airflow/example_dags/example_branch_datetime_operator.py for tasks to queue
[2024-05-23T16:54:25.452+0700] {logging_mixin.py:188} INFO - [2024-05-23T16:54:25.451+0700] {dagbag.py:540} INFO - Filling up the DagBag from /mnt/d/Programming/Vietnamese-Text-Generator/airflow_env/lib/python3.10/site-packages/airflow/example_dags/example_branch_datetime_operator.py
[2024-05-23T16:54:25.492+0700] {processor.py:840} INFO - DAG(s) 'example_branch_datetime_operator_2', 'example_branch_datetime_operator', 'example_branch_datetime_operator_3' retrieved from /mnt/d/Programming/Vietnamese-Text-Generator/airflow_env/lib/python3.10/site-packages/airflow/example_dags/example_branch_datetime_operator.py
[2024-05-23T16:54:25.538+0700] {logging_mixin.py:188} INFO - [2024-05-23T16:54:25.537+0700] {dag.py:3096} INFO - Sync 3 DAGs
[2024-05-23T16:54:25.568+0700] {logging_mixin.py:188} INFO - [2024-05-23T16:54:25.566+0700] {dag.py:3954} INFO - Setting next_dagrun for example_branch_datetime_operator to 2024-05-22 00:00:00+00:00, run_after=2024-05-23 00:00:00+00:00
[2024-05-23T16:54:25.577+0700] {logging_mixin.py:188} INFO - [2024-05-23T16:54:25.576+0700] {dag.py:3954} INFO - Setting next_dagrun for example_branch_datetime_operator_2 to 2024-05-22 00:00:00+00:00, run_after=2024-05-23 00:00:00+00:00
[2024-05-23T16:54:25.582+0700] {logging_mixin.py:188} INFO - [2024-05-23T16:54:25.581+0700] {dag.py:3954} INFO - Setting next_dagrun for example_branch_datetime_operator_3 to 2024-05-22 00:00:00+00:00, run_after=2024-05-23 00:00:00+00:00
[2024-05-23T16:54:25.645+0700] {processor.py:183} INFO - Processing /mnt/d/Programming/Vietnamese-Text-Generator/airflow_env/lib/python3.10/site-packages/airflow/example_dags/example_branch_datetime_operator.py took 0.208 seconds
[2024-05-23T16:55:35.092+0700] {processor.py:161} INFO - Started process (PID=22479) to work on /mnt/d/Programming/Vietnamese-Text-Generator/airflow_env/lib/python3.10/site-packages/airflow/example_dags/example_branch_datetime_operator.py
[2024-05-23T16:55:35.094+0700] {processor.py:830} INFO - Processing file /mnt/d/Programming/Vietnamese-Text-Generator/airflow_env/lib/python3.10/site-packages/airflow/example_dags/example_branch_datetime_operator.py for tasks to queue
[2024-05-23T16:55:35.097+0700] {logging_mixin.py:188} INFO - [2024-05-23T16:55:35.095+0700] {dagbag.py:540} INFO - Filling up the DagBag from /mnt/d/Programming/Vietnamese-Text-Generator/airflow_env/lib/python3.10/site-packages/airflow/example_dags/example_branch_datetime_operator.py
[2024-05-23T16:55:35.129+0700] {processor.py:840} INFO - DAG(s) 'example_branch_datetime_operator_3', 'example_branch_datetime_operator', 'example_branch_datetime_operator_2' retrieved from /mnt/d/Programming/Vietnamese-Text-Generator/airflow_env/lib/python3.10/site-packages/airflow/example_dags/example_branch_datetime_operator.py
[2024-05-23T16:55:35.168+0700] {logging_mixin.py:188} INFO - [2024-05-23T16:55:35.168+0700] {dag.py:3096} INFO - Sync 3 DAGs
[2024-05-23T16:55:35.198+0700] {logging_mixin.py:188} INFO - [2024-05-23T16:55:35.196+0700] {dag.py:3954} INFO - Setting next_dagrun for example_branch_datetime_operator to 2024-05-22 00:00:00+00:00, run_after=2024-05-23 00:00:00+00:00
[2024-05-23T16:55:35.205+0700] {logging_mixin.py:188} INFO - [2024-05-23T16:55:35.204+0700] {dag.py:3954} INFO - Setting next_dagrun for example_branch_datetime_operator_2 to 2024-05-22 00:00:00+00:00, run_after=2024-05-23 00:00:00+00:00
[2024-05-23T16:55:35.211+0700] {logging_mixin.py:188} INFO - [2024-05-23T16:55:35.210+0700] {dag.py:3954} INFO - Setting next_dagrun for example_branch_datetime_operator_3 to 2024-05-22 00:00:00+00:00, run_after=2024-05-23 00:00:00+00:00
[2024-05-23T16:55:35.268+0700] {processor.py:183} INFO - Processing /mnt/d/Programming/Vietnamese-Text-Generator/airflow_env/lib/python3.10/site-packages/airflow/example_dags/example_branch_datetime_operator.py took 0.189 seconds
[2024-05-23T16:56:40.644+0700] {processor.py:161} INFO - Started process (PID=22786) to work on /mnt/d/Programming/Vietnamese-Text-Generator/airflow_env/lib/python3.10/site-packages/airflow/example_dags/example_branch_datetime_operator.py
[2024-05-23T16:56:40.646+0700] {processor.py:830} INFO - Processing file /mnt/d/Programming/Vietnamese-Text-Generator/airflow_env/lib/python3.10/site-packages/airflow/example_dags/example_branch_datetime_operator.py for tasks to queue
[2024-05-23T16:56:40.649+0700] {logging_mixin.py:188} INFO - [2024-05-23T16:56:40.648+0700] {dagbag.py:540} INFO - Filling up the DagBag from /mnt/d/Programming/Vietnamese-Text-Generator/airflow_env/lib/python3.10/site-packages/airflow/example_dags/example_branch_datetime_operator.py
[2024-05-23T16:56:40.702+0700] {processor.py:840} INFO - DAG(s) 'example_branch_datetime_operator_2', 'example_branch_datetime_operator', 'example_branch_datetime_operator_3' retrieved from /mnt/d/Programming/Vietnamese-Text-Generator/airflow_env/lib/python3.10/site-packages/airflow/example_dags/example_branch_datetime_operator.py
[2024-05-23T16:56:40.744+0700] {logging_mixin.py:188} INFO - [2024-05-23T16:56:40.743+0700] {dag.py:3096} INFO - Sync 3 DAGs
[2024-05-23T16:56:40.773+0700] {logging_mixin.py:188} INFO - [2024-05-23T16:56:40.772+0700] {dag.py:3954} INFO - Setting next_dagrun for example_branch_datetime_operator to 2024-05-22 00:00:00+00:00, run_after=2024-05-23 00:00:00+00:00
[2024-05-23T16:56:40.783+0700] {logging_mixin.py:188} INFO - [2024-05-23T16:56:40.782+0700] {dag.py:3954} INFO - Setting next_dagrun for example_branch_datetime_operator_2 to 2024-05-22 00:00:00+00:00, run_after=2024-05-23 00:00:00+00:00
[2024-05-23T16:56:40.789+0700] {logging_mixin.py:188} INFO - [2024-05-23T16:56:40.788+0700] {dag.py:3954} INFO - Setting next_dagrun for example_branch_datetime_operator_3 to 2024-05-22 00:00:00+00:00, run_after=2024-05-23 00:00:00+00:00
[2024-05-23T16:56:40.879+0700] {processor.py:183} INFO - Processing /mnt/d/Programming/Vietnamese-Text-Generator/airflow_env/lib/python3.10/site-packages/airflow/example_dags/example_branch_datetime_operator.py took 0.251 seconds
[2024-05-23T16:57:51.549+0700] {processor.py:161} INFO - Started process (PID=23118) to work on /mnt/d/Programming/Vietnamese-Text-Generator/airflow_env/lib/python3.10/site-packages/airflow/example_dags/example_branch_datetime_operator.py
[2024-05-23T16:57:51.551+0700] {processor.py:830} INFO - Processing file /mnt/d/Programming/Vietnamese-Text-Generator/airflow_env/lib/python3.10/site-packages/airflow/example_dags/example_branch_datetime_operator.py for tasks to queue
[2024-05-23T16:57:51.553+0700] {logging_mixin.py:188} INFO - [2024-05-23T16:57:51.552+0700] {dagbag.py:540} INFO - Filling up the DagBag from /mnt/d/Programming/Vietnamese-Text-Generator/airflow_env/lib/python3.10/site-packages/airflow/example_dags/example_branch_datetime_operator.py
[2024-05-23T16:57:51.593+0700] {processor.py:840} INFO - DAG(s) 'example_branch_datetime_operator_3', 'example_branch_datetime_operator_2', 'example_branch_datetime_operator' retrieved from /mnt/d/Programming/Vietnamese-Text-Generator/airflow_env/lib/python3.10/site-packages/airflow/example_dags/example_branch_datetime_operator.py
[2024-05-23T16:57:51.638+0700] {logging_mixin.py:188} INFO - [2024-05-23T16:57:51.637+0700] {dag.py:3096} INFO - Sync 3 DAGs
[2024-05-23T16:57:51.668+0700] {logging_mixin.py:188} INFO - [2024-05-23T16:57:51.667+0700] {dag.py:3954} INFO - Setting next_dagrun for example_branch_datetime_operator to 2024-05-22 00:00:00+00:00, run_after=2024-05-23 00:00:00+00:00
[2024-05-23T16:57:51.680+0700] {logging_mixin.py:188} INFO - [2024-05-23T16:57:51.679+0700] {dag.py:3954} INFO - Setting next_dagrun for example_branch_datetime_operator_2 to 2024-05-22 00:00:00+00:00, run_after=2024-05-23 00:00:00+00:00
[2024-05-23T16:57:51.688+0700] {logging_mixin.py:188} INFO - [2024-05-23T16:57:51.687+0700] {dag.py:3954} INFO - Setting next_dagrun for example_branch_datetime_operator_3 to 2024-05-22 00:00:00+00:00, run_after=2024-05-23 00:00:00+00:00
[2024-05-23T16:57:51.755+0700] {processor.py:183} INFO - Processing /mnt/d/Programming/Vietnamese-Text-Generator/airflow_env/lib/python3.10/site-packages/airflow/example_dags/example_branch_datetime_operator.py took 0.218 seconds
[2024-05-23T16:59:00.206+0700] {processor.py:161} INFO - Started process (PID=23439) to work on /mnt/d/Programming/Vietnamese-Text-Generator/airflow_env/lib/python3.10/site-packages/airflow/example_dags/example_branch_datetime_operator.py
[2024-05-23T16:59:00.209+0700] {processor.py:830} INFO - Processing file /mnt/d/Programming/Vietnamese-Text-Generator/airflow_env/lib/python3.10/site-packages/airflow/example_dags/example_branch_datetime_operator.py for tasks to queue
[2024-05-23T16:59:00.212+0700] {logging_mixin.py:188} INFO - [2024-05-23T16:59:00.211+0700] {dagbag.py:540} INFO - Filling up the DagBag from /mnt/d/Programming/Vietnamese-Text-Generator/airflow_env/lib/python3.10/site-packages/airflow/example_dags/example_branch_datetime_operator.py
[2024-05-23T16:59:00.251+0700] {processor.py:840} INFO - DAG(s) 'example_branch_datetime_operator_2', 'example_branch_datetime_operator', 'example_branch_datetime_operator_3' retrieved from /mnt/d/Programming/Vietnamese-Text-Generator/airflow_env/lib/python3.10/site-packages/airflow/example_dags/example_branch_datetime_operator.py
[2024-05-23T16:59:00.299+0700] {logging_mixin.py:188} INFO - [2024-05-23T16:59:00.297+0700] {dag.py:3096} INFO - Sync 3 DAGs
[2024-05-23T16:59:00.340+0700] {logging_mixin.py:188} INFO - [2024-05-23T16:59:00.338+0700] {dag.py:3954} INFO - Setting next_dagrun for example_branch_datetime_operator to 2024-05-22 00:00:00+00:00, run_after=2024-05-23 00:00:00+00:00
[2024-05-23T16:59:00.356+0700] {logging_mixin.py:188} INFO - [2024-05-23T16:59:00.354+0700] {dag.py:3954} INFO - Setting next_dagrun for example_branch_datetime_operator_2 to 2024-05-22 00:00:00+00:00, run_after=2024-05-23 00:00:00+00:00
[2024-05-23T16:59:00.368+0700] {logging_mixin.py:188} INFO - [2024-05-23T16:59:00.367+0700] {dag.py:3954} INFO - Setting next_dagrun for example_branch_datetime_operator_3 to 2024-05-22 00:00:00+00:00, run_after=2024-05-23 00:00:00+00:00
[2024-05-23T16:59:00.456+0700] {processor.py:183} INFO - Processing /mnt/d/Programming/Vietnamese-Text-Generator/airflow_env/lib/python3.10/site-packages/airflow/example_dags/example_branch_datetime_operator.py took 0.262 seconds
[2024-05-23T17:00:12.028+0700] {processor.py:161} INFO - Started process (PID=23774) to work on /mnt/d/Programming/Vietnamese-Text-Generator/airflow_env/lib/python3.10/site-packages/airflow/example_dags/example_branch_datetime_operator.py
[2024-05-23T17:00:12.030+0700] {processor.py:830} INFO - Processing file /mnt/d/Programming/Vietnamese-Text-Generator/airflow_env/lib/python3.10/site-packages/airflow/example_dags/example_branch_datetime_operator.py for tasks to queue
[2024-05-23T17:00:12.032+0700] {logging_mixin.py:188} INFO - [2024-05-23T17:00:12.031+0700] {dagbag.py:540} INFO - Filling up the DagBag from /mnt/d/Programming/Vietnamese-Text-Generator/airflow_env/lib/python3.10/site-packages/airflow/example_dags/example_branch_datetime_operator.py
[2024-05-23T17:00:12.070+0700] {processor.py:840} INFO - DAG(s) 'example_branch_datetime_operator_3', 'example_branch_datetime_operator', 'example_branch_datetime_operator_2' retrieved from /mnt/d/Programming/Vietnamese-Text-Generator/airflow_env/lib/python3.10/site-packages/airflow/example_dags/example_branch_datetime_operator.py
[2024-05-23T17:00:12.112+0700] {logging_mixin.py:188} INFO - [2024-05-23T17:00:12.110+0700] {dag.py:3096} INFO - Sync 3 DAGs
[2024-05-23T17:00:12.141+0700] {logging_mixin.py:188} INFO - [2024-05-23T17:00:12.140+0700] {dag.py:3954} INFO - Setting next_dagrun for example_branch_datetime_operator to 2024-05-22 00:00:00+00:00, run_after=2024-05-23 00:00:00+00:00
[2024-05-23T17:00:12.151+0700] {logging_mixin.py:188} INFO - [2024-05-23T17:00:12.150+0700] {dag.py:3954} INFO - Setting next_dagrun for example_branch_datetime_operator_2 to 2024-05-22 00:00:00+00:00, run_after=2024-05-23 00:00:00+00:00
[2024-05-23T17:00:12.155+0700] {logging_mixin.py:188} INFO - [2024-05-23T17:00:12.155+0700] {dag.py:3954} INFO - Setting next_dagrun for example_branch_datetime_operator_3 to 2024-05-22 00:00:00+00:00, run_after=2024-05-23 00:00:00+00:00
[2024-05-23T17:00:12.215+0700] {processor.py:183} INFO - Processing /mnt/d/Programming/Vietnamese-Text-Generator/airflow_env/lib/python3.10/site-packages/airflow/example_dags/example_branch_datetime_operator.py took 0.200 seconds
[2024-05-23T17:01:17.743+0700] {processor.py:161} INFO - Started process (PID=24080) to work on /mnt/d/Programming/Vietnamese-Text-Generator/airflow_env/lib/python3.10/site-packages/airflow/example_dags/example_branch_datetime_operator.py
[2024-05-23T17:01:17.745+0700] {processor.py:830} INFO - Processing file /mnt/d/Programming/Vietnamese-Text-Generator/airflow_env/lib/python3.10/site-packages/airflow/example_dags/example_branch_datetime_operator.py for tasks to queue
[2024-05-23T17:01:17.747+0700] {logging_mixin.py:188} INFO - [2024-05-23T17:01:17.746+0700] {dagbag.py:540} INFO - Filling up the DagBag from /mnt/d/Programming/Vietnamese-Text-Generator/airflow_env/lib/python3.10/site-packages/airflow/example_dags/example_branch_datetime_operator.py
[2024-05-23T17:01:17.786+0700] {processor.py:840} INFO - DAG(s) 'example_branch_datetime_operator', 'example_branch_datetime_operator_3', 'example_branch_datetime_operator_2' retrieved from /mnt/d/Programming/Vietnamese-Text-Generator/airflow_env/lib/python3.10/site-packages/airflow/example_dags/example_branch_datetime_operator.py
[2024-05-23T17:01:17.830+0700] {logging_mixin.py:188} INFO - [2024-05-23T17:01:17.829+0700] {dag.py:3096} INFO - Sync 3 DAGs
[2024-05-23T17:01:17.859+0700] {logging_mixin.py:188} INFO - [2024-05-23T17:01:17.857+0700] {dag.py:3954} INFO - Setting next_dagrun for example_branch_datetime_operator to 2024-05-22 00:00:00+00:00, run_after=2024-05-23 00:00:00+00:00
[2024-05-23T17:01:17.866+0700] {logging_mixin.py:188} INFO - [2024-05-23T17:01:17.865+0700] {dag.py:3954} INFO - Setting next_dagrun for example_branch_datetime_operator_2 to 2024-05-22 00:00:00+00:00, run_after=2024-05-23 00:00:00+00:00
[2024-05-23T17:01:17.873+0700] {logging_mixin.py:188} INFO - [2024-05-23T17:01:17.872+0700] {dag.py:3954} INFO - Setting next_dagrun for example_branch_datetime_operator_3 to 2024-05-22 00:00:00+00:00, run_after=2024-05-23 00:00:00+00:00
[2024-05-23T17:01:17.926+0700] {processor.py:183} INFO - Processing /mnt/d/Programming/Vietnamese-Text-Generator/airflow_env/lib/python3.10/site-packages/airflow/example_dags/example_branch_datetime_operator.py took 0.197 seconds
[2024-05-23T17:02:27.491+0700] {processor.py:161} INFO - Started process (PID=24405) to work on /mnt/d/Programming/Vietnamese-Text-Generator/airflow_env/lib/python3.10/site-packages/airflow/example_dags/example_branch_datetime_operator.py
[2024-05-23T17:02:27.494+0700] {processor.py:830} INFO - Processing file /mnt/d/Programming/Vietnamese-Text-Generator/airflow_env/lib/python3.10/site-packages/airflow/example_dags/example_branch_datetime_operator.py for tasks to queue
[2024-05-23T17:02:27.498+0700] {logging_mixin.py:188} INFO - [2024-05-23T17:02:27.496+0700] {dagbag.py:540} INFO - Filling up the DagBag from /mnt/d/Programming/Vietnamese-Text-Generator/airflow_env/lib/python3.10/site-packages/airflow/example_dags/example_branch_datetime_operator.py
[2024-05-23T17:02:27.563+0700] {processor.py:840} INFO - DAG(s) 'example_branch_datetime_operator_2', 'example_branch_datetime_operator_3', 'example_branch_datetime_operator' retrieved from /mnt/d/Programming/Vietnamese-Text-Generator/airflow_env/lib/python3.10/site-packages/airflow/example_dags/example_branch_datetime_operator.py
[2024-05-23T17:02:27.687+0700] {logging_mixin.py:188} INFO - [2024-05-23T17:02:27.686+0700] {dag.py:3096} INFO - Sync 3 DAGs
[2024-05-23T17:02:27.766+0700] {logging_mixin.py:188} INFO - [2024-05-23T17:02:27.756+0700] {dag.py:3954} INFO - Setting next_dagrun for example_branch_datetime_operator to 2024-05-22 00:00:00+00:00, run_after=2024-05-23 00:00:00+00:00
[2024-05-23T17:02:27.786+0700] {logging_mixin.py:188} INFO - [2024-05-23T17:02:27.776+0700] {dag.py:3954} INFO - Setting next_dagrun for example_branch_datetime_operator_2 to 2024-05-22 00:00:00+00:00, run_after=2024-05-23 00:00:00+00:00
[2024-05-23T17:02:27.794+0700] {logging_mixin.py:188} INFO - [2024-05-23T17:02:27.793+0700] {dag.py:3954} INFO - Setting next_dagrun for example_branch_datetime_operator_3 to 2024-05-22 00:00:00+00:00, run_after=2024-05-23 00:00:00+00:00
[2024-05-23T17:02:27.901+0700] {processor.py:183} INFO - Processing /mnt/d/Programming/Vietnamese-Text-Generator/airflow_env/lib/python3.10/site-packages/airflow/example_dags/example_branch_datetime_operator.py took 0.440 seconds
[2024-05-23T17:03:39.107+0700] {processor.py:161} INFO - Started process (PID=24737) to work on /mnt/d/Programming/Vietnamese-Text-Generator/airflow_env/lib/python3.10/site-packages/airflow/example_dags/example_branch_datetime_operator.py
[2024-05-23T17:03:39.109+0700] {processor.py:830} INFO - Processing file /mnt/d/Programming/Vietnamese-Text-Generator/airflow_env/lib/python3.10/site-packages/airflow/example_dags/example_branch_datetime_operator.py for tasks to queue
[2024-05-23T17:03:39.111+0700] {logging_mixin.py:188} INFO - [2024-05-23T17:03:39.110+0700] {dagbag.py:540} INFO - Filling up the DagBag from /mnt/d/Programming/Vietnamese-Text-Generator/airflow_env/lib/python3.10/site-packages/airflow/example_dags/example_branch_datetime_operator.py
[2024-05-23T17:03:39.142+0700] {processor.py:840} INFO - DAG(s) 'example_branch_datetime_operator_2', 'example_branch_datetime_operator', 'example_branch_datetime_operator_3' retrieved from /mnt/d/Programming/Vietnamese-Text-Generator/airflow_env/lib/python3.10/site-packages/airflow/example_dags/example_branch_datetime_operator.py
[2024-05-23T17:03:39.191+0700] {logging_mixin.py:188} INFO - [2024-05-23T17:03:39.190+0700] {dag.py:3096} INFO - Sync 3 DAGs
[2024-05-23T17:03:39.222+0700] {logging_mixin.py:188} INFO - [2024-05-23T17:03:39.221+0700] {dag.py:3954} INFO - Setting next_dagrun for example_branch_datetime_operator to 2024-05-22 00:00:00+00:00, run_after=2024-05-23 00:00:00+00:00
[2024-05-23T17:03:39.231+0700] {logging_mixin.py:188} INFO - [2024-05-23T17:03:39.229+0700] {dag.py:3954} INFO - Setting next_dagrun for example_branch_datetime_operator_2 to 2024-05-22 00:00:00+00:00, run_after=2024-05-23 00:00:00+00:00
[2024-05-23T17:03:39.236+0700] {logging_mixin.py:188} INFO - [2024-05-23T17:03:39.235+0700] {dag.py:3954} INFO - Setting next_dagrun for example_branch_datetime_operator_3 to 2024-05-22 00:00:00+00:00, run_after=2024-05-23 00:00:00+00:00
[2024-05-23T17:03:39.319+0700] {processor.py:183} INFO - Processing /mnt/d/Programming/Vietnamese-Text-Generator/airflow_env/lib/python3.10/site-packages/airflow/example_dags/example_branch_datetime_operator.py took 0.224 seconds
[2024-05-23T17:04:48.182+0700] {processor.py:161} INFO - Started process (PID=25057) to work on /mnt/d/Programming/Vietnamese-Text-Generator/airflow_env/lib/python3.10/site-packages/airflow/example_dags/example_branch_datetime_operator.py
[2024-05-23T17:04:48.184+0700] {processor.py:830} INFO - Processing file /mnt/d/Programming/Vietnamese-Text-Generator/airflow_env/lib/python3.10/site-packages/airflow/example_dags/example_branch_datetime_operator.py for tasks to queue
[2024-05-23T17:04:48.186+0700] {logging_mixin.py:188} INFO - [2024-05-23T17:04:48.185+0700] {dagbag.py:540} INFO - Filling up the DagBag from /mnt/d/Programming/Vietnamese-Text-Generator/airflow_env/lib/python3.10/site-packages/airflow/example_dags/example_branch_datetime_operator.py
[2024-05-23T17:04:48.223+0700] {processor.py:840} INFO - DAG(s) 'example_branch_datetime_operator', 'example_branch_datetime_operator_3', 'example_branch_datetime_operator_2' retrieved from /mnt/d/Programming/Vietnamese-Text-Generator/airflow_env/lib/python3.10/site-packages/airflow/example_dags/example_branch_datetime_operator.py
[2024-05-23T17:04:48.263+0700] {logging_mixin.py:188} INFO - [2024-05-23T17:04:48.262+0700] {dag.py:3096} INFO - Sync 3 DAGs
[2024-05-23T17:04:48.291+0700] {logging_mixin.py:188} INFO - [2024-05-23T17:04:48.290+0700] {dag.py:3954} INFO - Setting next_dagrun for example_branch_datetime_operator to 2024-05-22 00:00:00+00:00, run_after=2024-05-23 00:00:00+00:00
[2024-05-23T17:04:48.301+0700] {logging_mixin.py:188} INFO - [2024-05-23T17:04:48.300+0700] {dag.py:3954} INFO - Setting next_dagrun for example_branch_datetime_operator_2 to 2024-05-22 00:00:00+00:00, run_after=2024-05-23 00:00:00+00:00
[2024-05-23T17:04:48.308+0700] {logging_mixin.py:188} INFO - [2024-05-23T17:04:48.307+0700] {dag.py:3954} INFO - Setting next_dagrun for example_branch_datetime_operator_3 to 2024-05-22 00:00:00+00:00, run_after=2024-05-23 00:00:00+00:00
[2024-05-23T17:04:48.363+0700] {processor.py:183} INFO - Processing /mnt/d/Programming/Vietnamese-Text-Generator/airflow_env/lib/python3.10/site-packages/airflow/example_dags/example_branch_datetime_operator.py took 0.192 seconds
