[2024-05-23T15:42:47.300+0700] {processor.py:161} INFO - Started process (PID=1109) to work on /mnt/d/Programming/Vietnamese-Text-Generator/airflow_env/lib/python3.10/site-packages/airflow/example_dags/example_sla_dag.py
[2024-05-23T15:42:47.302+0700] {processor.py:830} INFO - Processing file /mnt/d/Programming/Vietnamese-Text-Generator/airflow_env/lib/python3.10/site-packages/airflow/example_dags/example_sla_dag.py for tasks to queue
[2024-05-23T15:42:47.305+0700] {logging_mixin.py:188} INFO - [2024-05-23T15:42:47.304+0700] {dagbag.py:540} INFO - Filling up the DagBag from /mnt/d/Programming/Vietnamese-Text-Generator/airflow_env/lib/python3.10/site-packages/airflow/example_dags/example_sla_dag.py
[2024-05-23T15:42:47.330+0700] {processor.py:840} INFO - DAG(s) 'example_sla_dag' retrieved from /mnt/d/Programming/Vietnamese-Text-Generator/airflow_env/lib/python3.10/site-packages/airflow/example_dags/example_sla_dag.py
[2024-05-23T15:42:47.365+0700] {logging_mixin.py:188} INFO - [2024-05-23T15:42:47.363+0700] {dag.py:3096} INFO - Sync 1 DAGs
[2024-05-23T15:42:47.414+0700] {logging_mixin.py:188} INFO - [2024-05-23T15:42:47.414+0700] {dag.py:3954} INFO - Setting next_dagrun for example_sla_dag to 2024-05-23 08:40:00+00:00, run_after=2024-05-23 08:42:00+00:00
[2024-05-23T15:42:47.473+0700] {processor.py:183} INFO - Processing /mnt/d/Programming/Vietnamese-Text-Generator/airflow_env/lib/python3.10/site-packages/airflow/example_dags/example_sla_dag.py took 0.185 seconds
[2024-05-23T15:44:02.456+0700] {processor.py:161} INFO - Started process (PID=1467) to work on /mnt/d/Programming/Vietnamese-Text-Generator/airflow_env/lib/python3.10/site-packages/airflow/example_dags/example_sla_dag.py
[2024-05-23T15:44:02.458+0700] {processor.py:830} INFO - Processing file /mnt/d/Programming/Vietnamese-Text-Generator/airflow_env/lib/python3.10/site-packages/airflow/example_dags/example_sla_dag.py for tasks to queue
[2024-05-23T15:44:02.461+0700] {logging_mixin.py:188} INFO - [2024-05-23T15:44:02.460+0700] {dagbag.py:540} INFO - Filling up the DagBag from /mnt/d/Programming/Vietnamese-Text-Generator/airflow_env/lib/python3.10/site-packages/airflow/example_dags/example_sla_dag.py
[2024-05-23T15:44:02.488+0700] {processor.py:840} INFO - DAG(s) 'example_sla_dag' retrieved from /mnt/d/Programming/Vietnamese-Text-Generator/airflow_env/lib/python3.10/site-packages/airflow/example_dags/example_sla_dag.py
[2024-05-23T15:44:02.525+0700] {logging_mixin.py:188} INFO - [2024-05-23T15:44:02.523+0700] {dag.py:3096} INFO - Sync 1 DAGs
[2024-05-23T15:44:02.567+0700] {logging_mixin.py:188} INFO - [2024-05-23T15:44:02.566+0700] {dag.py:3954} INFO - Setting next_dagrun for example_sla_dag to 2024-05-23 08:42:00+00:00, run_after=2024-05-23 08:44:00+00:00
[2024-05-23T15:44:02.626+0700] {processor.py:183} INFO - Processing /mnt/d/Programming/Vietnamese-Text-Generator/airflow_env/lib/python3.10/site-packages/airflow/example_dags/example_sla_dag.py took 0.184 seconds
[2024-05-23T15:45:14.926+0700] {processor.py:161} INFO - Started process (PID=1820) to work on /mnt/d/Programming/Vietnamese-Text-Generator/airflow_env/lib/python3.10/site-packages/airflow/example_dags/example_sla_dag.py
[2024-05-23T15:45:14.928+0700] {processor.py:830} INFO - Processing file /mnt/d/Programming/Vietnamese-Text-Generator/airflow_env/lib/python3.10/site-packages/airflow/example_dags/example_sla_dag.py for tasks to queue
[2024-05-23T15:45:14.931+0700] {logging_mixin.py:188} INFO - [2024-05-23T15:45:14.930+0700] {dagbag.py:540} INFO - Filling up the DagBag from /mnt/d/Programming/Vietnamese-Text-Generator/airflow_env/lib/python3.10/site-packages/airflow/example_dags/example_sla_dag.py
[2024-05-23T15:45:14.953+0700] {processor.py:840} INFO - DAG(s) 'example_sla_dag' retrieved from /mnt/d/Programming/Vietnamese-Text-Generator/airflow_env/lib/python3.10/site-packages/airflow/example_dags/example_sla_dag.py
[2024-05-23T15:45:14.979+0700] {logging_mixin.py:188} INFO - [2024-05-23T15:45:14.978+0700] {dag.py:3096} INFO - Sync 1 DAGs
[2024-05-23T15:45:15.016+0700] {logging_mixin.py:188} INFO - [2024-05-23T15:45:15.015+0700] {dag.py:3954} INFO - Setting next_dagrun for example_sla_dag to 2024-05-23 08:42:00+00:00, run_after=2024-05-23 08:44:00+00:00
[2024-05-23T15:45:15.069+0700] {processor.py:183} INFO - Processing /mnt/d/Programming/Vietnamese-Text-Generator/airflow_env/lib/python3.10/site-packages/airflow/example_dags/example_sla_dag.py took 0.152 seconds
[2024-05-23T15:46:27.656+0700] {processor.py:161} INFO - Started process (PID=2521) to work on /mnt/d/Programming/Vietnamese-Text-Generator/airflow_env/lib/python3.10/site-packages/airflow/example_dags/example_sla_dag.py
[2024-05-23T15:46:27.658+0700] {processor.py:830} INFO - Processing file /mnt/d/Programming/Vietnamese-Text-Generator/airflow_env/lib/python3.10/site-packages/airflow/example_dags/example_sla_dag.py for tasks to queue
[2024-05-23T15:46:27.661+0700] {logging_mixin.py:188} INFO - [2024-05-23T15:46:27.660+0700] {dagbag.py:540} INFO - Filling up the DagBag from /mnt/d/Programming/Vietnamese-Text-Generator/airflow_env/lib/python3.10/site-packages/airflow/example_dags/example_sla_dag.py
[2024-05-23T15:46:27.685+0700] {processor.py:840} INFO - DAG(s) 'example_sla_dag' retrieved from /mnt/d/Programming/Vietnamese-Text-Generator/airflow_env/lib/python3.10/site-packages/airflow/example_dags/example_sla_dag.py
[2024-05-23T15:46:27.714+0700] {logging_mixin.py:188} INFO - [2024-05-23T15:46:27.713+0700] {dag.py:3096} INFO - Sync 1 DAGs
[2024-05-23T15:46:27.754+0700] {logging_mixin.py:188} INFO - [2024-05-23T15:46:27.753+0700] {dag.py:3954} INFO - Setting next_dagrun for example_sla_dag to 2024-05-23 08:44:00+00:00, run_after=2024-05-23 08:46:00+00:00
[2024-05-23T15:46:27.823+0700] {processor.py:183} INFO - Processing /mnt/d/Programming/Vietnamese-Text-Generator/airflow_env/lib/python3.10/site-packages/airflow/example_dags/example_sla_dag.py took 0.181 seconds
[2024-05-23T15:47:34.149+0700] {processor.py:161} INFO - Started process (PID=2840) to work on /mnt/d/Programming/Vietnamese-Text-Generator/airflow_env/lib/python3.10/site-packages/airflow/example_dags/example_sla_dag.py
[2024-05-23T15:47:34.150+0700] {processor.py:830} INFO - Processing file /mnt/d/Programming/Vietnamese-Text-Generator/airflow_env/lib/python3.10/site-packages/airflow/example_dags/example_sla_dag.py for tasks to queue
[2024-05-23T15:47:34.154+0700] {logging_mixin.py:188} INFO - [2024-05-23T15:47:34.152+0700] {dagbag.py:540} INFO - Filling up the DagBag from /mnt/d/Programming/Vietnamese-Text-Generator/airflow_env/lib/python3.10/site-packages/airflow/example_dags/example_sla_dag.py
[2024-05-23T15:47:34.175+0700] {processor.py:840} INFO - DAG(s) 'example_sla_dag' retrieved from /mnt/d/Programming/Vietnamese-Text-Generator/airflow_env/lib/python3.10/site-packages/airflow/example_dags/example_sla_dag.py
[2024-05-23T15:47:34.202+0700] {logging_mixin.py:188} INFO - [2024-05-23T15:47:34.200+0700] {dag.py:3096} INFO - Sync 1 DAGs
[2024-05-23T15:47:34.238+0700] {logging_mixin.py:188} INFO - [2024-05-23T15:47:34.237+0700] {dag.py:3954} INFO - Setting next_dagrun for example_sla_dag to 2024-05-23 08:44:00+00:00, run_after=2024-05-23 08:46:00+00:00
[2024-05-23T15:47:34.291+0700] {processor.py:183} INFO - Processing /mnt/d/Programming/Vietnamese-Text-Generator/airflow_env/lib/python3.10/site-packages/airflow/example_dags/example_sla_dag.py took 0.153 seconds
[2024-05-23T15:54:48.959+0700] {processor.py:161} INFO - Started process (PID=4687) to work on /mnt/d/Programming/Vietnamese-Text-Generator/airflow_env/lib/python3.10/site-packages/airflow/example_dags/example_sla_dag.py
[2024-05-23T15:54:48.962+0700] {processor.py:830} INFO - Processing file /mnt/d/Programming/Vietnamese-Text-Generator/airflow_env/lib/python3.10/site-packages/airflow/example_dags/example_sla_dag.py for tasks to queue
[2024-05-23T15:54:48.965+0700] {logging_mixin.py:188} INFO - [2024-05-23T15:54:48.963+0700] {dagbag.py:540} INFO - Filling up the DagBag from /mnt/d/Programming/Vietnamese-Text-Generator/airflow_env/lib/python3.10/site-packages/airflow/example_dags/example_sla_dag.py
[2024-05-23T15:54:48.994+0700] {processor.py:840} INFO - DAG(s) 'example_sla_dag' retrieved from /mnt/d/Programming/Vietnamese-Text-Generator/airflow_env/lib/python3.10/site-packages/airflow/example_dags/example_sla_dag.py
[2024-05-23T15:54:49.034+0700] {logging_mixin.py:188} INFO - [2024-05-23T15:54:49.033+0700] {dag.py:3096} INFO - Sync 1 DAGs
[2024-05-23T15:54:49.114+0700] {logging_mixin.py:188} INFO - [2024-05-23T15:54:49.113+0700] {dag.py:3954} INFO - Setting next_dagrun for example_sla_dag to 2024-05-23 08:52:00+00:00, run_after=2024-05-23 08:54:00+00:00
[2024-05-23T15:54:49.251+0700] {processor.py:183} INFO - Processing /mnt/d/Programming/Vietnamese-Text-Generator/airflow_env/lib/python3.10/site-packages/airflow/example_dags/example_sla_dag.py took 0.307 seconds
[2024-05-23T15:55:54.053+0700] {processor.py:161} INFO - Started process (PID=4999) to work on /mnt/d/Programming/Vietnamese-Text-Generator/airflow_env/lib/python3.10/site-packages/airflow/example_dags/example_sla_dag.py
[2024-05-23T15:55:54.055+0700] {processor.py:830} INFO - Processing file /mnt/d/Programming/Vietnamese-Text-Generator/airflow_env/lib/python3.10/site-packages/airflow/example_dags/example_sla_dag.py for tasks to queue
[2024-05-23T15:55:54.057+0700] {logging_mixin.py:188} INFO - [2024-05-23T15:55:54.056+0700] {dagbag.py:540} INFO - Filling up the DagBag from /mnt/d/Programming/Vietnamese-Text-Generator/airflow_env/lib/python3.10/site-packages/airflow/example_dags/example_sla_dag.py
[2024-05-23T15:55:54.078+0700] {processor.py:840} INFO - DAG(s) 'example_sla_dag' retrieved from /mnt/d/Programming/Vietnamese-Text-Generator/airflow_env/lib/python3.10/site-packages/airflow/example_dags/example_sla_dag.py
[2024-05-23T15:55:54.107+0700] {logging_mixin.py:188} INFO - [2024-05-23T15:55:54.106+0700] {dag.py:3096} INFO - Sync 1 DAGs
[2024-05-23T15:55:54.140+0700] {logging_mixin.py:188} INFO - [2024-05-23T15:55:54.140+0700] {dag.py:3954} INFO - Setting next_dagrun for example_sla_dag to 2024-05-23 08:52:00+00:00, run_after=2024-05-23 08:54:00+00:00
[2024-05-23T15:55:54.194+0700] {processor.py:183} INFO - Processing /mnt/d/Programming/Vietnamese-Text-Generator/airflow_env/lib/python3.10/site-packages/airflow/example_dags/example_sla_dag.py took 0.153 seconds
[2024-05-23T15:57:02.419+0700] {processor.py:161} INFO - Started process (PID=5319) to work on /mnt/d/Programming/Vietnamese-Text-Generator/airflow_env/lib/python3.10/site-packages/airflow/example_dags/example_sla_dag.py
[2024-05-23T15:57:02.421+0700] {processor.py:830} INFO - Processing file /mnt/d/Programming/Vietnamese-Text-Generator/airflow_env/lib/python3.10/site-packages/airflow/example_dags/example_sla_dag.py for tasks to queue
[2024-05-23T15:57:02.423+0700] {logging_mixin.py:188} INFO - [2024-05-23T15:57:02.422+0700] {dagbag.py:540} INFO - Filling up the DagBag from /mnt/d/Programming/Vietnamese-Text-Generator/airflow_env/lib/python3.10/site-packages/airflow/example_dags/example_sla_dag.py
[2024-05-23T15:57:02.454+0700] {processor.py:840} INFO - DAG(s) 'example_sla_dag' retrieved from /mnt/d/Programming/Vietnamese-Text-Generator/airflow_env/lib/python3.10/site-packages/airflow/example_dags/example_sla_dag.py
[2024-05-23T15:57:02.488+0700] {logging_mixin.py:188} INFO - [2024-05-23T15:57:02.487+0700] {dag.py:3096} INFO - Sync 1 DAGs
[2024-05-23T15:57:02.536+0700] {logging_mixin.py:188} INFO - [2024-05-23T15:57:02.536+0700] {dag.py:3954} INFO - Setting next_dagrun for example_sla_dag to 2024-05-23 08:54:00+00:00, run_after=2024-05-23 08:56:00+00:00
[2024-05-23T15:57:02.603+0700] {processor.py:183} INFO - Processing /mnt/d/Programming/Vietnamese-Text-Generator/airflow_env/lib/python3.10/site-packages/airflow/example_dags/example_sla_dag.py took 0.197 seconds
[2024-05-23T15:58:11.917+0700] {processor.py:161} INFO - Started process (PID=5648) to work on /mnt/d/Programming/Vietnamese-Text-Generator/airflow_env/lib/python3.10/site-packages/airflow/example_dags/example_sla_dag.py
[2024-05-23T15:58:11.918+0700] {processor.py:830} INFO - Processing file /mnt/d/Programming/Vietnamese-Text-Generator/airflow_env/lib/python3.10/site-packages/airflow/example_dags/example_sla_dag.py for tasks to queue
[2024-05-23T15:58:11.920+0700] {logging_mixin.py:188} INFO - [2024-05-23T15:58:11.920+0700] {dagbag.py:540} INFO - Filling up the DagBag from /mnt/d/Programming/Vietnamese-Text-Generator/airflow_env/lib/python3.10/site-packages/airflow/example_dags/example_sla_dag.py
[2024-05-23T15:58:11.941+0700] {processor.py:840} INFO - DAG(s) 'example_sla_dag' retrieved from /mnt/d/Programming/Vietnamese-Text-Generator/airflow_env/lib/python3.10/site-packages/airflow/example_dags/example_sla_dag.py
[2024-05-23T15:58:11.969+0700] {logging_mixin.py:188} INFO - [2024-05-23T15:58:11.968+0700] {dag.py:3096} INFO - Sync 1 DAGs
[2024-05-23T15:58:12.003+0700] {logging_mixin.py:188} INFO - [2024-05-23T15:58:12.003+0700] {dag.py:3954} INFO - Setting next_dagrun for example_sla_dag to 2024-05-23 08:56:00+00:00, run_after=2024-05-23 08:58:00+00:00
[2024-05-23T15:58:12.048+0700] {processor.py:183} INFO - Processing /mnt/d/Programming/Vietnamese-Text-Generator/airflow_env/lib/python3.10/site-packages/airflow/example_dags/example_sla_dag.py took 0.143 seconds
[2024-05-23T15:59:24.973+0700] {processor.py:161} INFO - Started process (PID=5989) to work on /mnt/d/Programming/Vietnamese-Text-Generator/airflow_env/lib/python3.10/site-packages/airflow/example_dags/example_sla_dag.py
[2024-05-23T15:59:24.975+0700] {processor.py:830} INFO - Processing file /mnt/d/Programming/Vietnamese-Text-Generator/airflow_env/lib/python3.10/site-packages/airflow/example_dags/example_sla_dag.py for tasks to queue
[2024-05-23T15:59:24.977+0700] {logging_mixin.py:188} INFO - [2024-05-23T15:59:24.976+0700] {dagbag.py:540} INFO - Filling up the DagBag from /mnt/d/Programming/Vietnamese-Text-Generator/airflow_env/lib/python3.10/site-packages/airflow/example_dags/example_sla_dag.py
[2024-05-23T15:59:25.003+0700] {processor.py:840} INFO - DAG(s) 'example_sla_dag' retrieved from /mnt/d/Programming/Vietnamese-Text-Generator/airflow_env/lib/python3.10/site-packages/airflow/example_dags/example_sla_dag.py
[2024-05-23T15:59:25.029+0700] {logging_mixin.py:188} INFO - [2024-05-23T15:59:25.028+0700] {dag.py:3096} INFO - Sync 1 DAGs
[2024-05-23T15:59:25.068+0700] {logging_mixin.py:188} INFO - [2024-05-23T15:59:25.067+0700] {dag.py:3954} INFO - Setting next_dagrun for example_sla_dag to 2024-05-23 08:56:00+00:00, run_after=2024-05-23 08:58:00+00:00
[2024-05-23T15:59:25.122+0700] {processor.py:183} INFO - Processing /mnt/d/Programming/Vietnamese-Text-Generator/airflow_env/lib/python3.10/site-packages/airflow/example_dags/example_sla_dag.py took 0.162 seconds
[2024-05-23T16:00:33.630+0700] {processor.py:161} INFO - Started process (PID=6315) to work on /mnt/d/Programming/Vietnamese-Text-Generator/airflow_env/lib/python3.10/site-packages/airflow/example_dags/example_sla_dag.py
[2024-05-23T16:00:33.631+0700] {processor.py:830} INFO - Processing file /mnt/d/Programming/Vietnamese-Text-Generator/airflow_env/lib/python3.10/site-packages/airflow/example_dags/example_sla_dag.py for tasks to queue
[2024-05-23T16:00:33.634+0700] {logging_mixin.py:188} INFO - [2024-05-23T16:00:33.633+0700] {dagbag.py:540} INFO - Filling up the DagBag from /mnt/d/Programming/Vietnamese-Text-Generator/airflow_env/lib/python3.10/site-packages/airflow/example_dags/example_sla_dag.py
[2024-05-23T16:00:33.655+0700] {processor.py:840} INFO - DAG(s) 'example_sla_dag' retrieved from /mnt/d/Programming/Vietnamese-Text-Generator/airflow_env/lib/python3.10/site-packages/airflow/example_dags/example_sla_dag.py
[2024-05-23T16:00:33.685+0700] {logging_mixin.py:188} INFO - [2024-05-23T16:00:33.684+0700] {dag.py:3096} INFO - Sync 1 DAGs
[2024-05-23T16:00:33.723+0700] {logging_mixin.py:188} INFO - [2024-05-23T16:00:33.722+0700] {dag.py:3954} INFO - Setting next_dagrun for example_sla_dag to 2024-05-23 08:58:00+00:00, run_after=2024-05-23 09:00:00+00:00
[2024-05-23T16:00:33.777+0700] {processor.py:183} INFO - Processing /mnt/d/Programming/Vietnamese-Text-Generator/airflow_env/lib/python3.10/site-packages/airflow/example_dags/example_sla_dag.py took 0.159 seconds
[2024-05-23T16:01:37.723+0700] {processor.py:161} INFO - Started process (PID=6619) to work on /mnt/d/Programming/Vietnamese-Text-Generator/airflow_env/lib/python3.10/site-packages/airflow/example_dags/example_sla_dag.py
[2024-05-23T16:01:37.725+0700] {processor.py:830} INFO - Processing file /mnt/d/Programming/Vietnamese-Text-Generator/airflow_env/lib/python3.10/site-packages/airflow/example_dags/example_sla_dag.py for tasks to queue
[2024-05-23T16:01:37.727+0700] {logging_mixin.py:188} INFO - [2024-05-23T16:01:37.726+0700] {dagbag.py:540} INFO - Filling up the DagBag from /mnt/d/Programming/Vietnamese-Text-Generator/airflow_env/lib/python3.10/site-packages/airflow/example_dags/example_sla_dag.py
[2024-05-23T16:01:37.752+0700] {processor.py:840} INFO - DAG(s) 'example_sla_dag' retrieved from /mnt/d/Programming/Vietnamese-Text-Generator/airflow_env/lib/python3.10/site-packages/airflow/example_dags/example_sla_dag.py
[2024-05-23T16:01:37.782+0700] {logging_mixin.py:188} INFO - [2024-05-23T16:01:37.781+0700] {dag.py:3096} INFO - Sync 1 DAGs
[2024-05-23T16:01:37.819+0700] {logging_mixin.py:188} INFO - [2024-05-23T16:01:37.818+0700] {dag.py:3954} INFO - Setting next_dagrun for example_sla_dag to 2024-05-23 08:58:00+00:00, run_after=2024-05-23 09:00:00+00:00
[2024-05-23T16:01:37.874+0700] {processor.py:183} INFO - Processing /mnt/d/Programming/Vietnamese-Text-Generator/airflow_env/lib/python3.10/site-packages/airflow/example_dags/example_sla_dag.py took 0.163 seconds
[2024-05-23T16:02:46.067+0700] {processor.py:161} INFO - Started process (PID=6943) to work on /mnt/d/Programming/Vietnamese-Text-Generator/airflow_env/lib/python3.10/site-packages/airflow/example_dags/example_sla_dag.py
[2024-05-23T16:02:46.069+0700] {processor.py:830} INFO - Processing file /mnt/d/Programming/Vietnamese-Text-Generator/airflow_env/lib/python3.10/site-packages/airflow/example_dags/example_sla_dag.py for tasks to queue
[2024-05-23T16:02:46.071+0700] {logging_mixin.py:188} INFO - [2024-05-23T16:02:46.070+0700] {dagbag.py:540} INFO - Filling up the DagBag from /mnt/d/Programming/Vietnamese-Text-Generator/airflow_env/lib/python3.10/site-packages/airflow/example_dags/example_sla_dag.py
[2024-05-23T16:02:46.093+0700] {processor.py:840} INFO - DAG(s) 'example_sla_dag' retrieved from /mnt/d/Programming/Vietnamese-Text-Generator/airflow_env/lib/python3.10/site-packages/airflow/example_dags/example_sla_dag.py
[2024-05-23T16:02:46.118+0700] {logging_mixin.py:188} INFO - [2024-05-23T16:02:46.117+0700] {dag.py:3096} INFO - Sync 1 DAGs
[2024-05-23T16:02:46.150+0700] {logging_mixin.py:188} INFO - [2024-05-23T16:02:46.149+0700] {dag.py:3954} INFO - Setting next_dagrun for example_sla_dag to 2024-05-23 09:00:00+00:00, run_after=2024-05-23 09:02:00+00:00
[2024-05-23T16:02:46.200+0700] {processor.py:183} INFO - Processing /mnt/d/Programming/Vietnamese-Text-Generator/airflow_env/lib/python3.10/site-packages/airflow/example_dags/example_sla_dag.py took 0.145 seconds
[2024-05-23T16:04:01.441+0700] {processor.py:161} INFO - Started process (PID=7294) to work on /mnt/d/Programming/Vietnamese-Text-Generator/airflow_env/lib/python3.10/site-packages/airflow/example_dags/example_sla_dag.py
[2024-05-23T16:04:01.442+0700] {processor.py:830} INFO - Processing file /mnt/d/Programming/Vietnamese-Text-Generator/airflow_env/lib/python3.10/site-packages/airflow/example_dags/example_sla_dag.py for tasks to queue
[2024-05-23T16:04:01.445+0700] {logging_mixin.py:188} INFO - [2024-05-23T16:04:01.444+0700] {dagbag.py:540} INFO - Filling up the DagBag from /mnt/d/Programming/Vietnamese-Text-Generator/airflow_env/lib/python3.10/site-packages/airflow/example_dags/example_sla_dag.py
[2024-05-23T16:04:01.472+0700] {processor.py:840} INFO - DAG(s) 'example_sla_dag' retrieved from /mnt/d/Programming/Vietnamese-Text-Generator/airflow_env/lib/python3.10/site-packages/airflow/example_dags/example_sla_dag.py
[2024-05-23T16:04:01.501+0700] {logging_mixin.py:188} INFO - [2024-05-23T16:04:01.500+0700] {dag.py:3096} INFO - Sync 1 DAGs
[2024-05-23T16:04:01.539+0700] {logging_mixin.py:188} INFO - [2024-05-23T16:04:01.538+0700] {dag.py:3954} INFO - Setting next_dagrun for example_sla_dag to 2024-05-23 09:02:00+00:00, run_after=2024-05-23 09:04:00+00:00
[2024-05-23T16:04:01.593+0700] {processor.py:183} INFO - Processing /mnt/d/Programming/Vietnamese-Text-Generator/airflow_env/lib/python3.10/site-packages/airflow/example_dags/example_sla_dag.py took 0.165 seconds
[2024-05-23T16:35:07.108+0700] {processor.py:161} INFO - Started process (PID=17073) to work on /mnt/d/Programming/Vietnamese-Text-Generator/airflow_env/lib/python3.10/site-packages/airflow/example_dags/example_sla_dag.py
[2024-05-23T16:35:07.111+0700] {processor.py:830} INFO - Processing file /mnt/d/Programming/Vietnamese-Text-Generator/airflow_env/lib/python3.10/site-packages/airflow/example_dags/example_sla_dag.py for tasks to queue
[2024-05-23T16:35:07.114+0700] {logging_mixin.py:188} INFO - [2024-05-23T16:35:07.113+0700] {dagbag.py:540} INFO - Filling up the DagBag from /mnt/d/Programming/Vietnamese-Text-Generator/airflow_env/lib/python3.10/site-packages/airflow/example_dags/example_sla_dag.py
[2024-05-23T16:35:07.141+0700] {processor.py:840} INFO - DAG(s) 'example_sla_dag' retrieved from /mnt/d/Programming/Vietnamese-Text-Generator/airflow_env/lib/python3.10/site-packages/airflow/example_dags/example_sla_dag.py
[2024-05-23T16:35:07.178+0700] {logging_mixin.py:188} INFO - [2024-05-23T16:35:07.177+0700] {dag.py:3096} INFO - Sync 1 DAGs
[2024-05-23T16:35:07.216+0700] {logging_mixin.py:188} INFO - [2024-05-23T16:35:07.216+0700] {dag.py:3954} INFO - Setting next_dagrun for example_sla_dag to 2024-05-23 09:32:00+00:00, run_after=2024-05-23 09:34:00+00:00
[2024-05-23T16:35:07.267+0700] {processor.py:183} INFO - Processing /mnt/d/Programming/Vietnamese-Text-Generator/airflow_env/lib/python3.10/site-packages/airflow/example_dags/example_sla_dag.py took 0.170 seconds
[2024-05-23T16:36:14.078+0700] {processor.py:161} INFO - Started process (PID=17384) to work on /mnt/d/Programming/Vietnamese-Text-Generator/airflow_env/lib/python3.10/site-packages/airflow/example_dags/example_sla_dag.py
[2024-05-23T16:36:14.081+0700] {processor.py:830} INFO - Processing file /mnt/d/Programming/Vietnamese-Text-Generator/airflow_env/lib/python3.10/site-packages/airflow/example_dags/example_sla_dag.py for tasks to queue
[2024-05-23T16:36:14.084+0700] {logging_mixin.py:188} INFO - [2024-05-23T16:36:14.082+0700] {dagbag.py:540} INFO - Filling up the DagBag from /mnt/d/Programming/Vietnamese-Text-Generator/airflow_env/lib/python3.10/site-packages/airflow/example_dags/example_sla_dag.py
[2024-05-23T16:36:14.105+0700] {processor.py:840} INFO - DAG(s) 'example_sla_dag' retrieved from /mnt/d/Programming/Vietnamese-Text-Generator/airflow_env/lib/python3.10/site-packages/airflow/example_dags/example_sla_dag.py
[2024-05-23T16:36:14.135+0700] {logging_mixin.py:188} INFO - [2024-05-23T16:36:14.134+0700] {dag.py:3096} INFO - Sync 1 DAGs
[2024-05-23T16:36:14.172+0700] {logging_mixin.py:188} INFO - [2024-05-23T16:36:14.172+0700] {dag.py:3954} INFO - Setting next_dagrun for example_sla_dag to 2024-05-23 09:34:00+00:00, run_after=2024-05-23 09:36:00+00:00
[2024-05-23T16:36:14.222+0700] {processor.py:183} INFO - Processing /mnt/d/Programming/Vietnamese-Text-Generator/airflow_env/lib/python3.10/site-packages/airflow/example_dags/example_sla_dag.py took 0.155 seconds
[2024-05-23T16:37:29.592+0700] {processor.py:161} INFO - Started process (PID=17736) to work on /mnt/d/Programming/Vietnamese-Text-Generator/airflow_env/lib/python3.10/site-packages/airflow/example_dags/example_sla_dag.py
[2024-05-23T16:37:29.593+0700] {processor.py:830} INFO - Processing file /mnt/d/Programming/Vietnamese-Text-Generator/airflow_env/lib/python3.10/site-packages/airflow/example_dags/example_sla_dag.py for tasks to queue
[2024-05-23T16:37:29.596+0700] {logging_mixin.py:188} INFO - [2024-05-23T16:37:29.595+0700] {dagbag.py:540} INFO - Filling up the DagBag from /mnt/d/Programming/Vietnamese-Text-Generator/airflow_env/lib/python3.10/site-packages/airflow/example_dags/example_sla_dag.py
[2024-05-23T16:37:29.619+0700] {processor.py:840} INFO - DAG(s) 'example_sla_dag' retrieved from /mnt/d/Programming/Vietnamese-Text-Generator/airflow_env/lib/python3.10/site-packages/airflow/example_dags/example_sla_dag.py
[2024-05-23T16:37:29.649+0700] {logging_mixin.py:188} INFO - [2024-05-23T16:37:29.648+0700] {dag.py:3096} INFO - Sync 1 DAGs
[2024-05-23T16:37:29.691+0700] {logging_mixin.py:188} INFO - [2024-05-23T16:37:29.690+0700] {dag.py:3954} INFO - Setting next_dagrun for example_sla_dag to 2024-05-23 09:34:00+00:00, run_after=2024-05-23 09:36:00+00:00
[2024-05-23T16:37:29.741+0700] {processor.py:183} INFO - Processing /mnt/d/Programming/Vietnamese-Text-Generator/airflow_env/lib/python3.10/site-packages/airflow/example_dags/example_sla_dag.py took 0.161 seconds
[2024-05-23T16:49:54.509+0700] {processor.py:161} INFO - Started process (PID=20889) to work on /mnt/d/Programming/Vietnamese-Text-Generator/airflow_env/lib/python3.10/site-packages/airflow/example_dags/example_sla_dag.py
[2024-05-23T16:49:54.511+0700] {processor.py:830} INFO - Processing file /mnt/d/Programming/Vietnamese-Text-Generator/airflow_env/lib/python3.10/site-packages/airflow/example_dags/example_sla_dag.py for tasks to queue
[2024-05-23T16:49:54.514+0700] {logging_mixin.py:188} INFO - [2024-05-23T16:49:54.513+0700] {dagbag.py:540} INFO - Filling up the DagBag from /mnt/d/Programming/Vietnamese-Text-Generator/airflow_env/lib/python3.10/site-packages/airflow/example_dags/example_sla_dag.py
[2024-05-23T16:49:54.543+0700] {processor.py:840} INFO - DAG(s) 'example_sla_dag' retrieved from /mnt/d/Programming/Vietnamese-Text-Generator/airflow_env/lib/python3.10/site-packages/airflow/example_dags/example_sla_dag.py
[2024-05-23T16:49:54.584+0700] {logging_mixin.py:188} INFO - [2024-05-23T16:49:54.582+0700] {dag.py:3096} INFO - Sync 1 DAGs
[2024-05-23T16:49:54.640+0700] {logging_mixin.py:188} INFO - [2024-05-23T16:49:54.639+0700] {dag.py:3954} INFO - Setting next_dagrun for example_sla_dag to 2024-05-23 09:46:00+00:00, run_after=2024-05-23 09:48:00+00:00
[2024-05-23T16:49:54.726+0700] {processor.py:183} INFO - Processing /mnt/d/Programming/Vietnamese-Text-Generator/airflow_env/lib/python3.10/site-packages/airflow/example_dags/example_sla_dag.py took 0.230 seconds
[2024-05-23T16:51:09.186+0700] {processor.py:161} INFO - Started process (PID=21238) to work on /mnt/d/Programming/Vietnamese-Text-Generator/airflow_env/lib/python3.10/site-packages/airflow/example_dags/example_sla_dag.py
[2024-05-23T16:51:09.188+0700] {processor.py:830} INFO - Processing file /mnt/d/Programming/Vietnamese-Text-Generator/airflow_env/lib/python3.10/site-packages/airflow/example_dags/example_sla_dag.py for tasks to queue
[2024-05-23T16:51:09.192+0700] {logging_mixin.py:188} INFO - [2024-05-23T16:51:09.191+0700] {dagbag.py:540} INFO - Filling up the DagBag from /mnt/d/Programming/Vietnamese-Text-Generator/airflow_env/lib/python3.10/site-packages/airflow/example_dags/example_sla_dag.py
[2024-05-23T16:51:09.212+0700] {processor.py:840} INFO - DAG(s) 'example_sla_dag' retrieved from /mnt/d/Programming/Vietnamese-Text-Generator/airflow_env/lib/python3.10/site-packages/airflow/example_dags/example_sla_dag.py
[2024-05-23T16:51:09.246+0700] {logging_mixin.py:188} INFO - [2024-05-23T16:51:09.245+0700] {dag.py:3096} INFO - Sync 1 DAGs
[2024-05-23T16:51:09.285+0700] {logging_mixin.py:188} INFO - [2024-05-23T16:51:09.284+0700] {dag.py:3954} INFO - Setting next_dagrun for example_sla_dag to 2024-05-23 09:48:00+00:00, run_after=2024-05-23 09:50:00+00:00
[2024-05-23T16:51:09.339+0700] {processor.py:183} INFO - Processing /mnt/d/Programming/Vietnamese-Text-Generator/airflow_env/lib/python3.10/site-packages/airflow/example_dags/example_sla_dag.py took 0.164 seconds
[2024-05-23T16:52:23.714+0700] {processor.py:161} INFO - Started process (PID=21583) to work on /mnt/d/Programming/Vietnamese-Text-Generator/airflow_env/lib/python3.10/site-packages/airflow/example_dags/example_sla_dag.py
[2024-05-23T16:52:23.715+0700] {processor.py:830} INFO - Processing file /mnt/d/Programming/Vietnamese-Text-Generator/airflow_env/lib/python3.10/site-packages/airflow/example_dags/example_sla_dag.py for tasks to queue
[2024-05-23T16:52:23.717+0700] {logging_mixin.py:188} INFO - [2024-05-23T16:52:23.717+0700] {dagbag.py:540} INFO - Filling up the DagBag from /mnt/d/Programming/Vietnamese-Text-Generator/airflow_env/lib/python3.10/site-packages/airflow/example_dags/example_sla_dag.py
[2024-05-23T16:52:23.741+0700] {processor.py:840} INFO - DAG(s) 'example_sla_dag' retrieved from /mnt/d/Programming/Vietnamese-Text-Generator/airflow_env/lib/python3.10/site-packages/airflow/example_dags/example_sla_dag.py
[2024-05-23T16:52:23.770+0700] {logging_mixin.py:188} INFO - [2024-05-23T16:52:23.769+0700] {dag.py:3096} INFO - Sync 1 DAGs
[2024-05-23T16:52:23.811+0700] {logging_mixin.py:188} INFO - [2024-05-23T16:52:23.810+0700] {dag.py:3954} INFO - Setting next_dagrun for example_sla_dag to 2024-05-23 09:50:00+00:00, run_after=2024-05-23 09:52:00+00:00
[2024-05-23T16:52:23.872+0700] {processor.py:183} INFO - Processing /mnt/d/Programming/Vietnamese-Text-Generator/airflow_env/lib/python3.10/site-packages/airflow/example_dags/example_sla_dag.py took 0.170 seconds
[2024-05-23T16:53:35.766+0700] {processor.py:161} INFO - Started process (PID=21921) to work on /mnt/d/Programming/Vietnamese-Text-Generator/airflow_env/lib/python3.10/site-packages/airflow/example_dags/example_sla_dag.py
[2024-05-23T16:53:35.767+0700] {processor.py:830} INFO - Processing file /mnt/d/Programming/Vietnamese-Text-Generator/airflow_env/lib/python3.10/site-packages/airflow/example_dags/example_sla_dag.py for tasks to queue
[2024-05-23T16:53:35.769+0700] {logging_mixin.py:188} INFO - [2024-05-23T16:53:35.769+0700] {dagbag.py:540} INFO - Filling up the DagBag from /mnt/d/Programming/Vietnamese-Text-Generator/airflow_env/lib/python3.10/site-packages/airflow/example_dags/example_sla_dag.py
[2024-05-23T16:53:35.793+0700] {processor.py:840} INFO - DAG(s) 'example_sla_dag' retrieved from /mnt/d/Programming/Vietnamese-Text-Generator/airflow_env/lib/python3.10/site-packages/airflow/example_dags/example_sla_dag.py
[2024-05-23T16:53:35.823+0700] {logging_mixin.py:188} INFO - [2024-05-23T16:53:35.822+0700] {dag.py:3096} INFO - Sync 1 DAGs
[2024-05-23T16:53:35.858+0700] {logging_mixin.py:188} INFO - [2024-05-23T16:53:35.858+0700] {dag.py:3954} INFO - Setting next_dagrun for example_sla_dag to 2024-05-23 09:50:00+00:00, run_after=2024-05-23 09:52:00+00:00
[2024-05-23T16:53:35.930+0700] {processor.py:183} INFO - Processing /mnt/d/Programming/Vietnamese-Text-Generator/airflow_env/lib/python3.10/site-packages/airflow/example_dags/example_sla_dag.py took 0.176 seconds
[2024-05-23T16:54:46.740+0700] {processor.py:161} INFO - Started process (PID=22250) to work on /mnt/d/Programming/Vietnamese-Text-Generator/airflow_env/lib/python3.10/site-packages/airflow/example_dags/example_sla_dag.py
[2024-05-23T16:54:46.744+0700] {processor.py:830} INFO - Processing file /mnt/d/Programming/Vietnamese-Text-Generator/airflow_env/lib/python3.10/site-packages/airflow/example_dags/example_sla_dag.py for tasks to queue
[2024-05-23T16:54:46.747+0700] {logging_mixin.py:188} INFO - [2024-05-23T16:54:46.746+0700] {dagbag.py:540} INFO - Filling up the DagBag from /mnt/d/Programming/Vietnamese-Text-Generator/airflow_env/lib/python3.10/site-packages/airflow/example_dags/example_sla_dag.py
[2024-05-23T16:54:46.773+0700] {processor.py:840} INFO - DAG(s) 'example_sla_dag' retrieved from /mnt/d/Programming/Vietnamese-Text-Generator/airflow_env/lib/python3.10/site-packages/airflow/example_dags/example_sla_dag.py
[2024-05-23T16:54:46.804+0700] {logging_mixin.py:188} INFO - [2024-05-23T16:54:46.804+0700] {dag.py:3096} INFO - Sync 1 DAGs
[2024-05-23T16:54:46.849+0700] {logging_mixin.py:188} INFO - [2024-05-23T16:54:46.848+0700] {dag.py:3954} INFO - Setting next_dagrun for example_sla_dag to 2024-05-23 09:52:00+00:00, run_after=2024-05-23 09:54:00+00:00
[2024-05-23T16:54:46.903+0700] {processor.py:183} INFO - Processing /mnt/d/Programming/Vietnamese-Text-Generator/airflow_env/lib/python3.10/site-packages/airflow/example_dags/example_sla_dag.py took 0.176 seconds
[2024-05-23T16:55:53.869+0700] {processor.py:161} INFO - Started process (PID=22567) to work on /mnt/d/Programming/Vietnamese-Text-Generator/airflow_env/lib/python3.10/site-packages/airflow/example_dags/example_sla_dag.py
[2024-05-23T16:55:53.871+0700] {processor.py:830} INFO - Processing file /mnt/d/Programming/Vietnamese-Text-Generator/airflow_env/lib/python3.10/site-packages/airflow/example_dags/example_sla_dag.py for tasks to queue
[2024-05-23T16:55:53.874+0700] {logging_mixin.py:188} INFO - [2024-05-23T16:55:53.873+0700] {dagbag.py:540} INFO - Filling up the DagBag from /mnt/d/Programming/Vietnamese-Text-Generator/airflow_env/lib/python3.10/site-packages/airflow/example_dags/example_sla_dag.py
[2024-05-23T16:55:53.900+0700] {processor.py:840} INFO - DAG(s) 'example_sla_dag' retrieved from /mnt/d/Programming/Vietnamese-Text-Generator/airflow_env/lib/python3.10/site-packages/airflow/example_dags/example_sla_dag.py
[2024-05-23T16:55:53.925+0700] {logging_mixin.py:188} INFO - [2024-05-23T16:55:53.924+0700] {dag.py:3096} INFO - Sync 1 DAGs
[2024-05-23T16:55:53.958+0700] {logging_mixin.py:188} INFO - [2024-05-23T16:55:53.958+0700] {dag.py:3954} INFO - Setting next_dagrun for example_sla_dag to 2024-05-23 09:52:00+00:00, run_after=2024-05-23 09:54:00+00:00
[2024-05-23T16:55:54.012+0700] {processor.py:183} INFO - Processing /mnt/d/Programming/Vietnamese-Text-Generator/airflow_env/lib/python3.10/site-packages/airflow/example_dags/example_sla_dag.py took 0.158 seconds
[2024-05-23T16:57:03.282+0700] {processor.py:161} INFO - Started process (PID=22891) to work on /mnt/d/Programming/Vietnamese-Text-Generator/airflow_env/lib/python3.10/site-packages/airflow/example_dags/example_sla_dag.py
[2024-05-23T16:57:03.284+0700] {processor.py:830} INFO - Processing file /mnt/d/Programming/Vietnamese-Text-Generator/airflow_env/lib/python3.10/site-packages/airflow/example_dags/example_sla_dag.py for tasks to queue
[2024-05-23T16:57:03.287+0700] {logging_mixin.py:188} INFO - [2024-05-23T16:57:03.286+0700] {dagbag.py:540} INFO - Filling up the DagBag from /mnt/d/Programming/Vietnamese-Text-Generator/airflow_env/lib/python3.10/site-packages/airflow/example_dags/example_sla_dag.py
[2024-05-23T16:57:03.311+0700] {processor.py:840} INFO - DAG(s) 'example_sla_dag' retrieved from /mnt/d/Programming/Vietnamese-Text-Generator/airflow_env/lib/python3.10/site-packages/airflow/example_dags/example_sla_dag.py
[2024-05-23T16:57:03.343+0700] {logging_mixin.py:188} INFO - [2024-05-23T16:57:03.342+0700] {dag.py:3096} INFO - Sync 1 DAGs
[2024-05-23T16:57:03.377+0700] {logging_mixin.py:188} INFO - [2024-05-23T16:57:03.377+0700] {dag.py:3954} INFO - Setting next_dagrun for example_sla_dag to 2024-05-23 09:54:00+00:00, run_after=2024-05-23 09:56:00+00:00
[2024-05-23T16:57:03.437+0700] {processor.py:183} INFO - Processing /mnt/d/Programming/Vietnamese-Text-Generator/airflow_env/lib/python3.10/site-packages/airflow/example_dags/example_sla_dag.py took 0.167 seconds
[2024-05-23T16:58:10.890+0700] {processor.py:161} INFO - Started process (PID=23208) to work on /mnt/d/Programming/Vietnamese-Text-Generator/airflow_env/lib/python3.10/site-packages/airflow/example_dags/example_sla_dag.py
[2024-05-23T16:58:10.892+0700] {processor.py:830} INFO - Processing file /mnt/d/Programming/Vietnamese-Text-Generator/airflow_env/lib/python3.10/site-packages/airflow/example_dags/example_sla_dag.py for tasks to queue
[2024-05-23T16:58:10.895+0700] {logging_mixin.py:188} INFO - [2024-05-23T16:58:10.894+0700] {dagbag.py:540} INFO - Filling up the DagBag from /mnt/d/Programming/Vietnamese-Text-Generator/airflow_env/lib/python3.10/site-packages/airflow/example_dags/example_sla_dag.py
[2024-05-23T16:58:10.927+0700] {processor.py:840} INFO - DAG(s) 'example_sla_dag' retrieved from /mnt/d/Programming/Vietnamese-Text-Generator/airflow_env/lib/python3.10/site-packages/airflow/example_dags/example_sla_dag.py
[2024-05-23T16:58:10.954+0700] {logging_mixin.py:188} INFO - [2024-05-23T16:58:10.952+0700] {dag.py:3096} INFO - Sync 1 DAGs
[2024-05-23T16:58:10.986+0700] {logging_mixin.py:188} INFO - [2024-05-23T16:58:10.986+0700] {dag.py:3954} INFO - Setting next_dagrun for example_sla_dag to 2024-05-23 09:56:00+00:00, run_after=2024-05-23 09:58:00+00:00
[2024-05-23T16:58:11.037+0700] {processor.py:183} INFO - Processing /mnt/d/Programming/Vietnamese-Text-Generator/airflow_env/lib/python3.10/site-packages/airflow/example_dags/example_sla_dag.py took 0.158 seconds
[2024-05-23T16:59:20.799+0700] {processor.py:161} INFO - Started process (PID=23534) to work on /mnt/d/Programming/Vietnamese-Text-Generator/airflow_env/lib/python3.10/site-packages/airflow/example_dags/example_sla_dag.py
[2024-05-23T16:59:20.801+0700] {processor.py:830} INFO - Processing file /mnt/d/Programming/Vietnamese-Text-Generator/airflow_env/lib/python3.10/site-packages/airflow/example_dags/example_sla_dag.py for tasks to queue
[2024-05-23T16:59:20.804+0700] {logging_mixin.py:188} INFO - [2024-05-23T16:59:20.803+0700] {dagbag.py:540} INFO - Filling up the DagBag from /mnt/d/Programming/Vietnamese-Text-Generator/airflow_env/lib/python3.10/site-packages/airflow/example_dags/example_sla_dag.py
[2024-05-23T16:59:20.839+0700] {processor.py:840} INFO - DAG(s) 'example_sla_dag' retrieved from /mnt/d/Programming/Vietnamese-Text-Generator/airflow_env/lib/python3.10/site-packages/airflow/example_dags/example_sla_dag.py
[2024-05-23T16:59:20.871+0700] {logging_mixin.py:188} INFO - [2024-05-23T16:59:20.870+0700] {dag.py:3096} INFO - Sync 1 DAGs
[2024-05-23T16:59:20.909+0700] {logging_mixin.py:188} INFO - [2024-05-23T16:59:20.908+0700] {dag.py:3954} INFO - Setting next_dagrun for example_sla_dag to 2024-05-23 09:56:00+00:00, run_after=2024-05-23 09:58:00+00:00
[2024-05-23T16:59:20.965+0700] {processor.py:183} INFO - Processing /mnt/d/Programming/Vietnamese-Text-Generator/airflow_env/lib/python3.10/site-packages/airflow/example_dags/example_sla_dag.py took 0.179 seconds
[2024-05-23T17:00:30.933+0700] {processor.py:161} INFO - Started process (PID=23863) to work on /mnt/d/Programming/Vietnamese-Text-Generator/airflow_env/lib/python3.10/site-packages/airflow/example_dags/example_sla_dag.py
[2024-05-23T17:00:30.936+0700] {processor.py:830} INFO - Processing file /mnt/d/Programming/Vietnamese-Text-Generator/airflow_env/lib/python3.10/site-packages/airflow/example_dags/example_sla_dag.py for tasks to queue
[2024-05-23T17:00:30.939+0700] {logging_mixin.py:188} INFO - [2024-05-23T17:00:30.938+0700] {dagbag.py:540} INFO - Filling up the DagBag from /mnt/d/Programming/Vietnamese-Text-Generator/airflow_env/lib/python3.10/site-packages/airflow/example_dags/example_sla_dag.py
[2024-05-23T17:00:30.968+0700] {processor.py:840} INFO - DAG(s) 'example_sla_dag' retrieved from /mnt/d/Programming/Vietnamese-Text-Generator/airflow_env/lib/python3.10/site-packages/airflow/example_dags/example_sla_dag.py
[2024-05-23T17:00:31.005+0700] {logging_mixin.py:188} INFO - [2024-05-23T17:00:31.004+0700] {dag.py:3096} INFO - Sync 1 DAGs
[2024-05-23T17:00:31.050+0700] {logging_mixin.py:188} INFO - [2024-05-23T17:00:31.049+0700] {dag.py:3954} INFO - Setting next_dagrun for example_sla_dag to 2024-05-23 09:58:00+00:00, run_after=2024-05-23 10:00:00+00:00
[2024-05-23T17:00:31.115+0700] {processor.py:183} INFO - Processing /mnt/d/Programming/Vietnamese-Text-Generator/airflow_env/lib/python3.10/site-packages/airflow/example_dags/example_sla_dag.py took 0.198 seconds
[2024-05-23T17:01:38.742+0700] {processor.py:161} INFO - Started process (PID=24178) to work on /mnt/d/Programming/Vietnamese-Text-Generator/airflow_env/lib/python3.10/site-packages/airflow/example_dags/example_sla_dag.py
[2024-05-23T17:01:38.744+0700] {processor.py:830} INFO - Processing file /mnt/d/Programming/Vietnamese-Text-Generator/airflow_env/lib/python3.10/site-packages/airflow/example_dags/example_sla_dag.py for tasks to queue
[2024-05-23T17:01:38.747+0700] {logging_mixin.py:188} INFO - [2024-05-23T17:01:38.746+0700] {dagbag.py:540} INFO - Filling up the DagBag from /mnt/d/Programming/Vietnamese-Text-Generator/airflow_env/lib/python3.10/site-packages/airflow/example_dags/example_sla_dag.py
[2024-05-23T17:01:38.770+0700] {processor.py:840} INFO - DAG(s) 'example_sla_dag' retrieved from /mnt/d/Programming/Vietnamese-Text-Generator/airflow_env/lib/python3.10/site-packages/airflow/example_dags/example_sla_dag.py
[2024-05-23T17:01:38.801+0700] {logging_mixin.py:188} INFO - [2024-05-23T17:01:38.799+0700] {dag.py:3096} INFO - Sync 1 DAGs
[2024-05-23T17:01:38.838+0700] {logging_mixin.py:188} INFO - [2024-05-23T17:01:38.837+0700] {dag.py:3954} INFO - Setting next_dagrun for example_sla_dag to 2024-05-23 09:58:00+00:00, run_after=2024-05-23 10:00:00+00:00
[2024-05-23T17:01:38.889+0700] {processor.py:183} INFO - Processing /mnt/d/Programming/Vietnamese-Text-Generator/airflow_env/lib/python3.10/site-packages/airflow/example_dags/example_sla_dag.py took 0.159 seconds
[2024-05-23T17:02:51.223+0700] {processor.py:161} INFO - Started process (PID=24513) to work on /mnt/d/Programming/Vietnamese-Text-Generator/airflow_env/lib/python3.10/site-packages/airflow/example_dags/example_sla_dag.py
[2024-05-23T17:02:51.226+0700] {processor.py:830} INFO - Processing file /mnt/d/Programming/Vietnamese-Text-Generator/airflow_env/lib/python3.10/site-packages/airflow/example_dags/example_sla_dag.py for tasks to queue
[2024-05-23T17:02:51.229+0700] {logging_mixin.py:188} INFO - [2024-05-23T17:02:51.228+0700] {dagbag.py:540} INFO - Filling up the DagBag from /mnt/d/Programming/Vietnamese-Text-Generator/airflow_env/lib/python3.10/site-packages/airflow/example_dags/example_sla_dag.py
[2024-05-23T17:02:51.253+0700] {processor.py:840} INFO - DAG(s) 'example_sla_dag' retrieved from /mnt/d/Programming/Vietnamese-Text-Generator/airflow_env/lib/python3.10/site-packages/airflow/example_dags/example_sla_dag.py
[2024-05-23T17:02:51.283+0700] {logging_mixin.py:188} INFO - [2024-05-23T17:02:51.282+0700] {dag.py:3096} INFO - Sync 1 DAGs
[2024-05-23T17:02:51.319+0700] {logging_mixin.py:188} INFO - [2024-05-23T17:02:51.318+0700] {dag.py:3954} INFO - Setting next_dagrun for example_sla_dag to 2024-05-23 10:00:00+00:00, run_after=2024-05-23 10:02:00+00:00
[2024-05-23T17:02:51.386+0700] {processor.py:183} INFO - Processing /mnt/d/Programming/Vietnamese-Text-Generator/airflow_env/lib/python3.10/site-packages/airflow/example_dags/example_sla_dag.py took 0.174 seconds
[2024-05-23T17:03:57.874+0700] {processor.py:161} INFO - Started process (PID=24824) to work on /mnt/d/Programming/Vietnamese-Text-Generator/airflow_env/lib/python3.10/site-packages/airflow/example_dags/example_sla_dag.py
[2024-05-23T17:03:57.876+0700] {processor.py:830} INFO - Processing file /mnt/d/Programming/Vietnamese-Text-Generator/airflow_env/lib/python3.10/site-packages/airflow/example_dags/example_sla_dag.py for tasks to queue
[2024-05-23T17:03:57.878+0700] {logging_mixin.py:188} INFO - [2024-05-23T17:03:57.877+0700] {dagbag.py:540} INFO - Filling up the DagBag from /mnt/d/Programming/Vietnamese-Text-Generator/airflow_env/lib/python3.10/site-packages/airflow/example_dags/example_sla_dag.py
[2024-05-23T17:03:57.899+0700] {processor.py:840} INFO - DAG(s) 'example_sla_dag' retrieved from /mnt/d/Programming/Vietnamese-Text-Generator/airflow_env/lib/python3.10/site-packages/airflow/example_dags/example_sla_dag.py
[2024-05-23T17:03:57.931+0700] {logging_mixin.py:188} INFO - [2024-05-23T17:03:57.929+0700] {dag.py:3096} INFO - Sync 1 DAGs
[2024-05-23T17:03:57.964+0700] {logging_mixin.py:188} INFO - [2024-05-23T17:03:57.963+0700] {dag.py:3954} INFO - Setting next_dagrun for example_sla_dag to 2024-05-23 10:00:00+00:00, run_after=2024-05-23 10:02:00+00:00
[2024-05-23T17:03:58.018+0700] {processor.py:183} INFO - Processing /mnt/d/Programming/Vietnamese-Text-Generator/airflow_env/lib/python3.10/site-packages/airflow/example_dags/example_sla_dag.py took 0.155 seconds
