[2024-05-23T15:42:35.469+0700] {processor.py:161} INFO - Started process (PID=1049) to work on /mnt/d/Programming/Vietnamese-Text-Generator/airflow_env/lib/python3.10/site-packages/airflow/example_dags/tutorial.py
[2024-05-23T15:42:35.471+0700] {processor.py:830} INFO - Processing file /mnt/d/Programming/Vietnamese-Text-Generator/airflow_env/lib/python3.10/site-packages/airflow/example_dags/tutorial.py for tasks to queue
[2024-05-23T15:42:35.474+0700] {logging_mixin.py:188} INFO - [2024-05-23T15:42:35.473+0700] {dagbag.py:540} INFO - Filling up the DagBag from /mnt/d/Programming/Vietnamese-Text-Generator/airflow_env/lib/python3.10/site-packages/airflow/example_dags/tutorial.py
[2024-05-23T15:42:35.549+0700] {processor.py:840} INFO - DAG(s) 'tutorial' retrieved from /mnt/d/Programming/Vietnamese-Text-Generator/airflow_env/lib/python3.10/site-packages/airflow/example_dags/tutorial.py
[2024-05-23T15:42:35.642+0700] {logging_mixin.py:188} INFO - [2024-05-23T15:42:35.641+0700] {dag.py:3096} INFO - Sync 1 DAGs
[2024-05-23T15:42:35.685+0700] {logging_mixin.py:188} INFO - [2024-05-23T15:42:35.685+0700] {dag.py:3954} INFO - Setting next_dagrun for tutorial to 2024-05-22 00:00:00+00:00, run_after=2024-05-23 00:00:00+00:00
[2024-05-23T15:42:35.738+0700] {processor.py:183} INFO - Processing /mnt/d/Programming/Vietnamese-Text-Generator/airflow_env/lib/python3.10/site-packages/airflow/example_dags/tutorial.py took 0.279 seconds
[2024-05-23T15:43:52.017+0700] {processor.py:161} INFO - Started process (PID=1418) to work on /mnt/d/Programming/Vietnamese-Text-Generator/airflow_env/lib/python3.10/site-packages/airflow/example_dags/tutorial.py
[2024-05-23T15:43:52.019+0700] {processor.py:830} INFO - Processing file /mnt/d/Programming/Vietnamese-Text-Generator/airflow_env/lib/python3.10/site-packages/airflow/example_dags/tutorial.py for tasks to queue
[2024-05-23T15:43:52.022+0700] {logging_mixin.py:188} INFO - [2024-05-23T15:43:52.021+0700] {dagbag.py:540} INFO - Filling up the DagBag from /mnt/d/Programming/Vietnamese-Text-Generator/airflow_env/lib/python3.10/site-packages/airflow/example_dags/tutorial.py
[2024-05-23T15:43:52.037+0700] {processor.py:840} INFO - DAG(s) 'tutorial' retrieved from /mnt/d/Programming/Vietnamese-Text-Generator/airflow_env/lib/python3.10/site-packages/airflow/example_dags/tutorial.py
[2024-05-23T15:43:52.065+0700] {logging_mixin.py:188} INFO - [2024-05-23T15:43:52.064+0700] {dag.py:3096} INFO - Sync 1 DAGs
[2024-05-23T15:43:52.096+0700] {logging_mixin.py:188} INFO - [2024-05-23T15:43:52.095+0700] {dag.py:3954} INFO - Setting next_dagrun for tutorial to 2024-05-22 00:00:00+00:00, run_after=2024-05-23 00:00:00+00:00
[2024-05-23T15:43:52.153+0700] {processor.py:183} INFO - Processing /mnt/d/Programming/Vietnamese-Text-Generator/airflow_env/lib/python3.10/site-packages/airflow/example_dags/tutorial.py took 0.146 seconds
[2024-05-23T15:44:35.963+0700] {processor.py:161} INFO - Started process (PID=1632) to work on /mnt/d/Programming/Vietnamese-Text-Generator/airflow_env/lib/python3.10/site-packages/airflow/example_dags/tutorial.py
[2024-05-23T15:44:35.965+0700] {processor.py:830} INFO - Processing file /mnt/d/Programming/Vietnamese-Text-Generator/airflow_env/lib/python3.10/site-packages/airflow/example_dags/tutorial.py for tasks to queue
[2024-05-23T15:44:35.969+0700] {logging_mixin.py:188} INFO - [2024-05-23T15:44:35.968+0700] {dagbag.py:540} INFO - Filling up the DagBag from /mnt/d/Programming/Vietnamese-Text-Generator/airflow_env/lib/python3.10/site-packages/airflow/example_dags/tutorial.py
[2024-05-23T15:44:35.991+0700] {processor.py:840} INFO - DAG(s) 'tutorial' retrieved from /mnt/d/Programming/Vietnamese-Text-Generator/airflow_env/lib/python3.10/site-packages/airflow/example_dags/tutorial.py
[2024-05-23T15:44:36.027+0700] {logging_mixin.py:188} INFO - [2024-05-23T15:44:36.026+0700] {dag.py:3096} INFO - Sync 1 DAGs
[2024-05-23T15:44:36.080+0700] {logging_mixin.py:188} INFO - [2024-05-23T15:44:36.079+0700] {dag.py:3954} INFO - Setting next_dagrun for tutorial to 2024-05-22 00:00:00+00:00, run_after=2024-05-23 00:00:00+00:00
[2024-05-23T15:44:36.163+0700] {processor.py:183} INFO - Processing /mnt/d/Programming/Vietnamese-Text-Generator/airflow_env/lib/python3.10/site-packages/airflow/example_dags/tutorial.py took 0.211 seconds
[2024-05-23T15:45:45.190+0700] {processor.py:161} INFO - Started process (PID=1966) to work on /mnt/d/Programming/Vietnamese-Text-Generator/airflow_env/lib/python3.10/site-packages/airflow/example_dags/tutorial.py
[2024-05-23T15:45:45.191+0700] {processor.py:830} INFO - Processing file /mnt/d/Programming/Vietnamese-Text-Generator/airflow_env/lib/python3.10/site-packages/airflow/example_dags/tutorial.py for tasks to queue
[2024-05-23T15:45:45.194+0700] {logging_mixin.py:188} INFO - [2024-05-23T15:45:45.193+0700] {dagbag.py:540} INFO - Filling up the DagBag from /mnt/d/Programming/Vietnamese-Text-Generator/airflow_env/lib/python3.10/site-packages/airflow/example_dags/tutorial.py
[2024-05-23T15:45:45.210+0700] {processor.py:840} INFO - DAG(s) 'tutorial' retrieved from /mnt/d/Programming/Vietnamese-Text-Generator/airflow_env/lib/python3.10/site-packages/airflow/example_dags/tutorial.py
[2024-05-23T15:45:45.238+0700] {logging_mixin.py:188} INFO - [2024-05-23T15:45:45.237+0700] {dag.py:3096} INFO - Sync 1 DAGs
[2024-05-23T15:45:45.269+0700] {logging_mixin.py:188} INFO - [2024-05-23T15:45:45.268+0700] {dag.py:3954} INFO - Setting next_dagrun for tutorial to 2024-05-22 00:00:00+00:00, run_after=2024-05-23 00:00:00+00:00
[2024-05-23T15:45:45.328+0700] {processor.py:183} INFO - Processing /mnt/d/Programming/Vietnamese-Text-Generator/airflow_env/lib/python3.10/site-packages/airflow/example_dags/tutorial.py took 0.148 seconds
[2024-05-23T15:46:56.905+0700] {processor.py:161} INFO - Started process (PID=2663) to work on /mnt/d/Programming/Vietnamese-Text-Generator/airflow_env/lib/python3.10/site-packages/airflow/example_dags/tutorial.py
[2024-05-23T15:46:56.907+0700] {processor.py:830} INFO - Processing file /mnt/d/Programming/Vietnamese-Text-Generator/airflow_env/lib/python3.10/site-packages/airflow/example_dags/tutorial.py for tasks to queue
[2024-05-23T15:46:56.912+0700] {logging_mixin.py:188} INFO - [2024-05-23T15:46:56.911+0700] {dagbag.py:540} INFO - Filling up the DagBag from /mnt/d/Programming/Vietnamese-Text-Generator/airflow_env/lib/python3.10/site-packages/airflow/example_dags/tutorial.py
[2024-05-23T15:46:56.936+0700] {processor.py:840} INFO - DAG(s) 'tutorial' retrieved from /mnt/d/Programming/Vietnamese-Text-Generator/airflow_env/lib/python3.10/site-packages/airflow/example_dags/tutorial.py
[2024-05-23T15:46:56.966+0700] {logging_mixin.py:188} INFO - [2024-05-23T15:46:56.965+0700] {dag.py:3096} INFO - Sync 1 DAGs
[2024-05-23T15:46:56.998+0700] {logging_mixin.py:188} INFO - [2024-05-23T15:46:56.998+0700] {dag.py:3954} INFO - Setting next_dagrun for tutorial to 2024-05-22 00:00:00+00:00, run_after=2024-05-23 00:00:00+00:00
[2024-05-23T15:46:57.058+0700] {processor.py:183} INFO - Processing /mnt/d/Programming/Vietnamese-Text-Generator/airflow_env/lib/python3.10/site-packages/airflow/example_dags/tutorial.py took 0.167 seconds
[2024-05-23T15:48:01.668+0700] {processor.py:161} INFO - Started process (PID=2969) to work on /mnt/d/Programming/Vietnamese-Text-Generator/airflow_env/lib/python3.10/site-packages/airflow/example_dags/tutorial.py
[2024-05-23T15:48:01.670+0700] {processor.py:830} INFO - Processing file /mnt/d/Programming/Vietnamese-Text-Generator/airflow_env/lib/python3.10/site-packages/airflow/example_dags/tutorial.py for tasks to queue
[2024-05-23T15:48:01.675+0700] {logging_mixin.py:188} INFO - [2024-05-23T15:48:01.674+0700] {dagbag.py:540} INFO - Filling up the DagBag from /mnt/d/Programming/Vietnamese-Text-Generator/airflow_env/lib/python3.10/site-packages/airflow/example_dags/tutorial.py
[2024-05-23T15:48:01.700+0700] {processor.py:840} INFO - DAG(s) 'tutorial' retrieved from /mnt/d/Programming/Vietnamese-Text-Generator/airflow_env/lib/python3.10/site-packages/airflow/example_dags/tutorial.py
[2024-05-23T15:48:01.739+0700] {logging_mixin.py:188} INFO - [2024-05-23T15:48:01.737+0700] {dag.py:3096} INFO - Sync 1 DAGs
[2024-05-23T15:48:01.778+0700] {logging_mixin.py:188} INFO - [2024-05-23T15:48:01.776+0700] {dag.py:3954} INFO - Setting next_dagrun for tutorial to 2024-05-22 00:00:00+00:00, run_after=2024-05-23 00:00:00+00:00
[2024-05-23T15:48:01.853+0700] {processor.py:183} INFO - Processing /mnt/d/Programming/Vietnamese-Text-Generator/airflow_env/lib/python3.10/site-packages/airflow/example_dags/tutorial.py took 0.201 seconds
[2024-05-23T15:54:36.630+0700] {processor.py:161} INFO - Started process (PID=4630) to work on /mnt/d/Programming/Vietnamese-Text-Generator/airflow_env/lib/python3.10/site-packages/airflow/example_dags/tutorial.py
[2024-05-23T15:54:36.632+0700] {processor.py:830} INFO - Processing file /mnt/d/Programming/Vietnamese-Text-Generator/airflow_env/lib/python3.10/site-packages/airflow/example_dags/tutorial.py for tasks to queue
[2024-05-23T15:54:36.635+0700] {logging_mixin.py:188} INFO - [2024-05-23T15:54:36.634+0700] {dagbag.py:540} INFO - Filling up the DagBag from /mnt/d/Programming/Vietnamese-Text-Generator/airflow_env/lib/python3.10/site-packages/airflow/example_dags/tutorial.py
[2024-05-23T15:54:36.658+0700] {processor.py:840} INFO - DAG(s) 'tutorial' retrieved from /mnt/d/Programming/Vietnamese-Text-Generator/airflow_env/lib/python3.10/site-packages/airflow/example_dags/tutorial.py
[2024-05-23T15:54:36.778+0700] {logging_mixin.py:188} INFO - [2024-05-23T15:54:36.776+0700] {dag.py:3096} INFO - Sync 1 DAGs
[2024-05-23T15:54:36.810+0700] {logging_mixin.py:188} INFO - [2024-05-23T15:54:36.809+0700] {dag.py:3954} INFO - Setting next_dagrun for tutorial to 2024-05-22 00:00:00+00:00, run_after=2024-05-23 00:00:00+00:00
[2024-05-23T15:54:36.859+0700] {processor.py:183} INFO - Processing /mnt/d/Programming/Vietnamese-Text-Generator/airflow_env/lib/python3.10/site-packages/airflow/example_dags/tutorial.py took 0.241 seconds
[2024-05-23T15:55:44.635+0700] {processor.py:161} INFO - Started process (PID=4954) to work on /mnt/d/Programming/Vietnamese-Text-Generator/airflow_env/lib/python3.10/site-packages/airflow/example_dags/tutorial.py
[2024-05-23T15:55:44.636+0700] {processor.py:830} INFO - Processing file /mnt/d/Programming/Vietnamese-Text-Generator/airflow_env/lib/python3.10/site-packages/airflow/example_dags/tutorial.py for tasks to queue
[2024-05-23T15:55:44.638+0700] {logging_mixin.py:188} INFO - [2024-05-23T15:55:44.637+0700] {dagbag.py:540} INFO - Filling up the DagBag from /mnt/d/Programming/Vietnamese-Text-Generator/airflow_env/lib/python3.10/site-packages/airflow/example_dags/tutorial.py
[2024-05-23T15:55:44.657+0700] {processor.py:840} INFO - DAG(s) 'tutorial' retrieved from /mnt/d/Programming/Vietnamese-Text-Generator/airflow_env/lib/python3.10/site-packages/airflow/example_dags/tutorial.py
[2024-05-23T15:55:44.687+0700] {logging_mixin.py:188} INFO - [2024-05-23T15:55:44.685+0700] {dag.py:3096} INFO - Sync 1 DAGs
[2024-05-23T15:55:44.721+0700] {logging_mixin.py:188} INFO - [2024-05-23T15:55:44.720+0700] {dag.py:3954} INFO - Setting next_dagrun for tutorial to 2024-05-22 00:00:00+00:00, run_after=2024-05-23 00:00:00+00:00
[2024-05-23T15:55:44.770+0700] {processor.py:183} INFO - Processing /mnt/d/Programming/Vietnamese-Text-Generator/airflow_env/lib/python3.10/site-packages/airflow/example_dags/tutorial.py took 0.147 seconds
[2024-05-23T15:56:52.348+0700] {processor.py:161} INFO - Started process (PID=5271) to work on /mnt/d/Programming/Vietnamese-Text-Generator/airflow_env/lib/python3.10/site-packages/airflow/example_dags/tutorial.py
[2024-05-23T15:56:52.351+0700] {processor.py:830} INFO - Processing file /mnt/d/Programming/Vietnamese-Text-Generator/airflow_env/lib/python3.10/site-packages/airflow/example_dags/tutorial.py for tasks to queue
[2024-05-23T15:56:52.355+0700] {logging_mixin.py:188} INFO - [2024-05-23T15:56:52.353+0700] {dagbag.py:540} INFO - Filling up the DagBag from /mnt/d/Programming/Vietnamese-Text-Generator/airflow_env/lib/python3.10/site-packages/airflow/example_dags/tutorial.py
[2024-05-23T15:56:52.380+0700] {processor.py:840} INFO - DAG(s) 'tutorial' retrieved from /mnt/d/Programming/Vietnamese-Text-Generator/airflow_env/lib/python3.10/site-packages/airflow/example_dags/tutorial.py
[2024-05-23T15:56:52.416+0700] {logging_mixin.py:188} INFO - [2024-05-23T15:56:52.415+0700] {dag.py:3096} INFO - Sync 1 DAGs
[2024-05-23T15:56:52.448+0700] {logging_mixin.py:188} INFO - [2024-05-23T15:56:52.448+0700] {dag.py:3954} INFO - Setting next_dagrun for tutorial to 2024-05-22 00:00:00+00:00, run_after=2024-05-23 00:00:00+00:00
[2024-05-23T15:56:52.513+0700] {processor.py:183} INFO - Processing /mnt/d/Programming/Vietnamese-Text-Generator/airflow_env/lib/python3.10/site-packages/airflow/example_dags/tutorial.py took 0.181 seconds
[2024-05-23T15:58:01.109+0700] {processor.py:161} INFO - Started process (PID=5597) to work on /mnt/d/Programming/Vietnamese-Text-Generator/airflow_env/lib/python3.10/site-packages/airflow/example_dags/tutorial.py
[2024-05-23T15:58:01.110+0700] {processor.py:830} INFO - Processing file /mnt/d/Programming/Vietnamese-Text-Generator/airflow_env/lib/python3.10/site-packages/airflow/example_dags/tutorial.py for tasks to queue
[2024-05-23T15:58:01.113+0700] {logging_mixin.py:188} INFO - [2024-05-23T15:58:01.112+0700] {dagbag.py:540} INFO - Filling up the DagBag from /mnt/d/Programming/Vietnamese-Text-Generator/airflow_env/lib/python3.10/site-packages/airflow/example_dags/tutorial.py
[2024-05-23T15:58:01.135+0700] {processor.py:840} INFO - DAG(s) 'tutorial' retrieved from /mnt/d/Programming/Vietnamese-Text-Generator/airflow_env/lib/python3.10/site-packages/airflow/example_dags/tutorial.py
[2024-05-23T15:58:01.164+0700] {logging_mixin.py:188} INFO - [2024-05-23T15:58:01.164+0700] {dag.py:3096} INFO - Sync 1 DAGs
[2024-05-23T15:58:01.193+0700] {logging_mixin.py:188} INFO - [2024-05-23T15:58:01.192+0700] {dag.py:3954} INFO - Setting next_dagrun for tutorial to 2024-05-22 00:00:00+00:00, run_after=2024-05-23 00:00:00+00:00
[2024-05-23T15:58:01.258+0700] {processor.py:183} INFO - Processing /mnt/d/Programming/Vietnamese-Text-Generator/airflow_env/lib/python3.10/site-packages/airflow/example_dags/tutorial.py took 0.163 seconds
[2024-05-23T15:59:13.402+0700] {processor.py:161} INFO - Started process (PID=5935) to work on /mnt/d/Programming/Vietnamese-Text-Generator/airflow_env/lib/python3.10/site-packages/airflow/example_dags/tutorial.py
[2024-05-23T15:59:13.403+0700] {processor.py:830} INFO - Processing file /mnt/d/Programming/Vietnamese-Text-Generator/airflow_env/lib/python3.10/site-packages/airflow/example_dags/tutorial.py for tasks to queue
[2024-05-23T15:59:13.406+0700] {logging_mixin.py:188} INFO - [2024-05-23T15:59:13.405+0700] {dagbag.py:540} INFO - Filling up the DagBag from /mnt/d/Programming/Vietnamese-Text-Generator/airflow_env/lib/python3.10/site-packages/airflow/example_dags/tutorial.py
[2024-05-23T15:59:13.423+0700] {processor.py:840} INFO - DAG(s) 'tutorial' retrieved from /mnt/d/Programming/Vietnamese-Text-Generator/airflow_env/lib/python3.10/site-packages/airflow/example_dags/tutorial.py
[2024-05-23T15:59:13.452+0700] {logging_mixin.py:188} INFO - [2024-05-23T15:59:13.450+0700] {dag.py:3096} INFO - Sync 1 DAGs
[2024-05-23T15:59:13.482+0700] {logging_mixin.py:188} INFO - [2024-05-23T15:59:13.481+0700] {dag.py:3954} INFO - Setting next_dagrun for tutorial to 2024-05-22 00:00:00+00:00, run_after=2024-05-23 00:00:00+00:00
[2024-05-23T15:59:13.536+0700] {processor.py:183} INFO - Processing /mnt/d/Programming/Vietnamese-Text-Generator/airflow_env/lib/python3.10/site-packages/airflow/example_dags/tutorial.py took 0.146 seconds
[2024-05-23T16:00:21.560+0700] {processor.py:161} INFO - Started process (PID=6258) to work on /mnt/d/Programming/Vietnamese-Text-Generator/airflow_env/lib/python3.10/site-packages/airflow/example_dags/tutorial.py
[2024-05-23T16:00:21.561+0700] {processor.py:830} INFO - Processing file /mnt/d/Programming/Vietnamese-Text-Generator/airflow_env/lib/python3.10/site-packages/airflow/example_dags/tutorial.py for tasks to queue
[2024-05-23T16:00:21.563+0700] {logging_mixin.py:188} INFO - [2024-05-23T16:00:21.563+0700] {dagbag.py:540} INFO - Filling up the DagBag from /mnt/d/Programming/Vietnamese-Text-Generator/airflow_env/lib/python3.10/site-packages/airflow/example_dags/tutorial.py
[2024-05-23T16:00:21.582+0700] {processor.py:840} INFO - DAG(s) 'tutorial' retrieved from /mnt/d/Programming/Vietnamese-Text-Generator/airflow_env/lib/python3.10/site-packages/airflow/example_dags/tutorial.py
[2024-05-23T16:00:21.618+0700] {logging_mixin.py:188} INFO - [2024-05-23T16:00:21.617+0700] {dag.py:3096} INFO - Sync 1 DAGs
[2024-05-23T16:00:21.650+0700] {logging_mixin.py:188} INFO - [2024-05-23T16:00:21.649+0700] {dag.py:3954} INFO - Setting next_dagrun for tutorial to 2024-05-22 00:00:00+00:00, run_after=2024-05-23 00:00:00+00:00
[2024-05-23T16:00:21.716+0700] {processor.py:183} INFO - Processing /mnt/d/Programming/Vietnamese-Text-Generator/airflow_env/lib/python3.10/site-packages/airflow/example_dags/tutorial.py took 0.169 seconds
[2024-05-23T16:01:28.164+0700] {processor.py:161} INFO - Started process (PID=6573) to work on /mnt/d/Programming/Vietnamese-Text-Generator/airflow_env/lib/python3.10/site-packages/airflow/example_dags/tutorial.py
[2024-05-23T16:01:28.165+0700] {processor.py:830} INFO - Processing file /mnt/d/Programming/Vietnamese-Text-Generator/airflow_env/lib/python3.10/site-packages/airflow/example_dags/tutorial.py for tasks to queue
[2024-05-23T16:01:28.167+0700] {logging_mixin.py:188} INFO - [2024-05-23T16:01:28.166+0700] {dagbag.py:540} INFO - Filling up the DagBag from /mnt/d/Programming/Vietnamese-Text-Generator/airflow_env/lib/python3.10/site-packages/airflow/example_dags/tutorial.py
[2024-05-23T16:01:28.188+0700] {processor.py:840} INFO - DAG(s) 'tutorial' retrieved from /mnt/d/Programming/Vietnamese-Text-Generator/airflow_env/lib/python3.10/site-packages/airflow/example_dags/tutorial.py
[2024-05-23T16:01:28.216+0700] {logging_mixin.py:188} INFO - [2024-05-23T16:01:28.215+0700] {dag.py:3096} INFO - Sync 1 DAGs
[2024-05-23T16:01:28.250+0700] {logging_mixin.py:188} INFO - [2024-05-23T16:01:28.249+0700] {dag.py:3954} INFO - Setting next_dagrun for tutorial to 2024-05-22 00:00:00+00:00, run_after=2024-05-23 00:00:00+00:00
[2024-05-23T16:01:28.300+0700] {processor.py:183} INFO - Processing /mnt/d/Programming/Vietnamese-Text-Generator/airflow_env/lib/python3.10/site-packages/airflow/example_dags/tutorial.py took 0.148 seconds
[2024-05-23T16:02:35.707+0700] {processor.py:161} INFO - Started process (PID=6892) to work on /mnt/d/Programming/Vietnamese-Text-Generator/airflow_env/lib/python3.10/site-packages/airflow/example_dags/tutorial.py
[2024-05-23T16:02:35.709+0700] {processor.py:830} INFO - Processing file /mnt/d/Programming/Vietnamese-Text-Generator/airflow_env/lib/python3.10/site-packages/airflow/example_dags/tutorial.py for tasks to queue
[2024-05-23T16:02:35.711+0700] {logging_mixin.py:188} INFO - [2024-05-23T16:02:35.710+0700] {dagbag.py:540} INFO - Filling up the DagBag from /mnt/d/Programming/Vietnamese-Text-Generator/airflow_env/lib/python3.10/site-packages/airflow/example_dags/tutorial.py
[2024-05-23T16:02:35.730+0700] {processor.py:840} INFO - DAG(s) 'tutorial' retrieved from /mnt/d/Programming/Vietnamese-Text-Generator/airflow_env/lib/python3.10/site-packages/airflow/example_dags/tutorial.py
[2024-05-23T16:02:35.762+0700] {logging_mixin.py:188} INFO - [2024-05-23T16:02:35.761+0700] {dag.py:3096} INFO - Sync 1 DAGs
[2024-05-23T16:02:35.794+0700] {logging_mixin.py:188} INFO - [2024-05-23T16:02:35.793+0700] {dag.py:3954} INFO - Setting next_dagrun for tutorial to 2024-05-22 00:00:00+00:00, run_after=2024-05-23 00:00:00+00:00
[2024-05-23T16:02:35.857+0700] {processor.py:183} INFO - Processing /mnt/d/Programming/Vietnamese-Text-Generator/airflow_env/lib/python3.10/site-packages/airflow/example_dags/tutorial.py took 0.161 seconds
[2024-05-23T16:03:47.817+0700] {processor.py:161} INFO - Started process (PID=7229) to work on /mnt/d/Programming/Vietnamese-Text-Generator/airflow_env/lib/python3.10/site-packages/airflow/example_dags/tutorial.py
[2024-05-23T16:03:47.819+0700] {processor.py:830} INFO - Processing file /mnt/d/Programming/Vietnamese-Text-Generator/airflow_env/lib/python3.10/site-packages/airflow/example_dags/tutorial.py for tasks to queue
[2024-05-23T16:03:47.822+0700] {logging_mixin.py:188} INFO - [2024-05-23T16:03:47.821+0700] {dagbag.py:540} INFO - Filling up the DagBag from /mnt/d/Programming/Vietnamese-Text-Generator/airflow_env/lib/python3.10/site-packages/airflow/example_dags/tutorial.py
[2024-05-23T16:03:47.853+0700] {processor.py:840} INFO - DAG(s) 'tutorial' retrieved from /mnt/d/Programming/Vietnamese-Text-Generator/airflow_env/lib/python3.10/site-packages/airflow/example_dags/tutorial.py
[2024-05-23T16:03:47.927+0700] {logging_mixin.py:188} INFO - [2024-05-23T16:03:47.926+0700] {dag.py:3096} INFO - Sync 1 DAGs
[2024-05-23T16:03:47.991+0700] {logging_mixin.py:188} INFO - [2024-05-23T16:03:47.990+0700] {dag.py:3954} INFO - Setting next_dagrun for tutorial to 2024-05-22 00:00:00+00:00, run_after=2024-05-23 00:00:00+00:00
[2024-05-23T16:03:48.066+0700] {processor.py:183} INFO - Processing /mnt/d/Programming/Vietnamese-Text-Generator/airflow_env/lib/python3.10/site-packages/airflow/example_dags/tutorial.py took 0.265 seconds
[2024-05-23T16:34:54.823+0700] {processor.py:161} INFO - Started process (PID=17014) to work on /mnt/d/Programming/Vietnamese-Text-Generator/airflow_env/lib/python3.10/site-packages/airflow/example_dags/tutorial.py
[2024-05-23T16:34:54.826+0700] {processor.py:830} INFO - Processing file /mnt/d/Programming/Vietnamese-Text-Generator/airflow_env/lib/python3.10/site-packages/airflow/example_dags/tutorial.py for tasks to queue
[2024-05-23T16:34:54.830+0700] {logging_mixin.py:188} INFO - [2024-05-23T16:34:54.828+0700] {dagbag.py:540} INFO - Filling up the DagBag from /mnt/d/Programming/Vietnamese-Text-Generator/airflow_env/lib/python3.10/site-packages/airflow/example_dags/tutorial.py
[2024-05-23T16:34:54.878+0700] {processor.py:840} INFO - DAG(s) 'tutorial' retrieved from /mnt/d/Programming/Vietnamese-Text-Generator/airflow_env/lib/python3.10/site-packages/airflow/example_dags/tutorial.py
[2024-05-23T16:34:55.061+0700] {logging_mixin.py:188} INFO - [2024-05-23T16:34:55.060+0700] {dag.py:3096} INFO - Sync 1 DAGs
[2024-05-23T16:34:55.100+0700] {logging_mixin.py:188} INFO - [2024-05-23T16:34:55.098+0700] {dag.py:3954} INFO - Setting next_dagrun for tutorial to 2024-05-22 00:00:00+00:00, run_after=2024-05-23 00:00:00+00:00
[2024-05-23T16:34:55.190+0700] {processor.py:183} INFO - Processing /mnt/d/Programming/Vietnamese-Text-Generator/airflow_env/lib/python3.10/site-packages/airflow/example_dags/tutorial.py took 0.385 seconds
[2024-05-23T16:36:02.167+0700] {processor.py:161} INFO - Started process (PID=17329) to work on /mnt/d/Programming/Vietnamese-Text-Generator/airflow_env/lib/python3.10/site-packages/airflow/example_dags/tutorial.py
[2024-05-23T16:36:02.170+0700] {processor.py:830} INFO - Processing file /mnt/d/Programming/Vietnamese-Text-Generator/airflow_env/lib/python3.10/site-packages/airflow/example_dags/tutorial.py for tasks to queue
[2024-05-23T16:36:02.174+0700] {logging_mixin.py:188} INFO - [2024-05-23T16:36:02.173+0700] {dagbag.py:540} INFO - Filling up the DagBag from /mnt/d/Programming/Vietnamese-Text-Generator/airflow_env/lib/python3.10/site-packages/airflow/example_dags/tutorial.py
[2024-05-23T16:36:02.201+0700] {processor.py:840} INFO - DAG(s) 'tutorial' retrieved from /mnt/d/Programming/Vietnamese-Text-Generator/airflow_env/lib/python3.10/site-packages/airflow/example_dags/tutorial.py
[2024-05-23T16:36:02.238+0700] {logging_mixin.py:188} INFO - [2024-05-23T16:36:02.237+0700] {dag.py:3096} INFO - Sync 1 DAGs
[2024-05-23T16:36:02.272+0700] {logging_mixin.py:188} INFO - [2024-05-23T16:36:02.271+0700] {dag.py:3954} INFO - Setting next_dagrun for tutorial to 2024-05-22 00:00:00+00:00, run_after=2024-05-23 00:00:00+00:00
[2024-05-23T16:36:02.338+0700] {processor.py:183} INFO - Processing /mnt/d/Programming/Vietnamese-Text-Generator/airflow_env/lib/python3.10/site-packages/airflow/example_dags/tutorial.py took 0.189 seconds
[2024-05-23T16:37:17.326+0700] {processor.py:161} INFO - Started process (PID=17679) to work on /mnt/d/Programming/Vietnamese-Text-Generator/airflow_env/lib/python3.10/site-packages/airflow/example_dags/tutorial.py
[2024-05-23T16:37:17.327+0700] {processor.py:830} INFO - Processing file /mnt/d/Programming/Vietnamese-Text-Generator/airflow_env/lib/python3.10/site-packages/airflow/example_dags/tutorial.py for tasks to queue
[2024-05-23T16:37:17.329+0700] {logging_mixin.py:188} INFO - [2024-05-23T16:37:17.328+0700] {dagbag.py:540} INFO - Filling up the DagBag from /mnt/d/Programming/Vietnamese-Text-Generator/airflow_env/lib/python3.10/site-packages/airflow/example_dags/tutorial.py
[2024-05-23T16:37:17.348+0700] {processor.py:840} INFO - DAG(s) 'tutorial' retrieved from /mnt/d/Programming/Vietnamese-Text-Generator/airflow_env/lib/python3.10/site-packages/airflow/example_dags/tutorial.py
[2024-05-23T16:37:17.380+0700] {logging_mixin.py:188} INFO - [2024-05-23T16:37:17.379+0700] {dag.py:3096} INFO - Sync 1 DAGs
[2024-05-23T16:37:17.412+0700] {logging_mixin.py:188} INFO - [2024-05-23T16:37:17.411+0700] {dag.py:3954} INFO - Setting next_dagrun for tutorial to 2024-05-22 00:00:00+00:00, run_after=2024-05-23 00:00:00+00:00
[2024-05-23T16:37:17.470+0700] {processor.py:183} INFO - Processing /mnt/d/Programming/Vietnamese-Text-Generator/airflow_env/lib/python3.10/site-packages/airflow/example_dags/tutorial.py took 0.157 seconds
[2024-05-23T16:49:43.694+0700] {processor.py:161} INFO - Started process (PID=20838) to work on /mnt/d/Programming/Vietnamese-Text-Generator/airflow_env/lib/python3.10/site-packages/airflow/example_dags/tutorial.py
[2024-05-23T16:49:43.696+0700] {processor.py:830} INFO - Processing file /mnt/d/Programming/Vietnamese-Text-Generator/airflow_env/lib/python3.10/site-packages/airflow/example_dags/tutorial.py for tasks to queue
[2024-05-23T16:49:43.698+0700] {logging_mixin.py:188} INFO - [2024-05-23T16:49:43.697+0700] {dagbag.py:540} INFO - Filling up the DagBag from /mnt/d/Programming/Vietnamese-Text-Generator/airflow_env/lib/python3.10/site-packages/airflow/example_dags/tutorial.py
[2024-05-23T16:49:43.720+0700] {processor.py:840} INFO - DAG(s) 'tutorial' retrieved from /mnt/d/Programming/Vietnamese-Text-Generator/airflow_env/lib/python3.10/site-packages/airflow/example_dags/tutorial.py
[2024-05-23T16:49:43.822+0700] {logging_mixin.py:188} INFO - [2024-05-23T16:49:43.821+0700] {dag.py:3096} INFO - Sync 1 DAGs
[2024-05-23T16:49:43.867+0700] {logging_mixin.py:188} INFO - [2024-05-23T16:49:43.866+0700] {dag.py:3954} INFO - Setting next_dagrun for tutorial to 2024-05-22 00:00:00+00:00, run_after=2024-05-23 00:00:00+00:00
[2024-05-23T16:49:43.924+0700] {processor.py:183} INFO - Processing /mnt/d/Programming/Vietnamese-Text-Generator/airflow_env/lib/python3.10/site-packages/airflow/example_dags/tutorial.py took 0.243 seconds
[2024-05-23T16:50:59.494+0700] {processor.py:161} INFO - Started process (PID=21192) to work on /mnt/d/Programming/Vietnamese-Text-Generator/airflow_env/lib/python3.10/site-packages/airflow/example_dags/tutorial.py
[2024-05-23T16:50:59.500+0700] {processor.py:830} INFO - Processing file /mnt/d/Programming/Vietnamese-Text-Generator/airflow_env/lib/python3.10/site-packages/airflow/example_dags/tutorial.py for tasks to queue
[2024-05-23T16:50:59.504+0700] {logging_mixin.py:188} INFO - [2024-05-23T16:50:59.502+0700] {dagbag.py:540} INFO - Filling up the DagBag from /mnt/d/Programming/Vietnamese-Text-Generator/airflow_env/lib/python3.10/site-packages/airflow/example_dags/tutorial.py
[2024-05-23T16:50:59.577+0700] {processor.py:840} INFO - DAG(s) 'tutorial' retrieved from /mnt/d/Programming/Vietnamese-Text-Generator/airflow_env/lib/python3.10/site-packages/airflow/example_dags/tutorial.py
[2024-05-23T16:50:59.650+0700] {logging_mixin.py:188} INFO - [2024-05-23T16:50:59.647+0700] {dag.py:3096} INFO - Sync 1 DAGs
[2024-05-23T16:50:59.706+0700] {logging_mixin.py:188} INFO - [2024-05-23T16:50:59.704+0700] {dag.py:3954} INFO - Setting next_dagrun for tutorial to 2024-05-22 00:00:00+00:00, run_after=2024-05-23 00:00:00+00:00
[2024-05-23T16:50:59.805+0700] {processor.py:183} INFO - Processing /mnt/d/Programming/Vietnamese-Text-Generator/airflow_env/lib/python3.10/site-packages/airflow/example_dags/tutorial.py took 0.364 seconds
[2024-05-23T16:52:11.379+0700] {processor.py:161} INFO - Started process (PID=21528) to work on /mnt/d/Programming/Vietnamese-Text-Generator/airflow_env/lib/python3.10/site-packages/airflow/example_dags/tutorial.py
[2024-05-23T16:52:11.382+0700] {processor.py:830} INFO - Processing file /mnt/d/Programming/Vietnamese-Text-Generator/airflow_env/lib/python3.10/site-packages/airflow/example_dags/tutorial.py for tasks to queue
[2024-05-23T16:52:11.385+0700] {logging_mixin.py:188} INFO - [2024-05-23T16:52:11.384+0700] {dagbag.py:540} INFO - Filling up the DagBag from /mnt/d/Programming/Vietnamese-Text-Generator/airflow_env/lib/python3.10/site-packages/airflow/example_dags/tutorial.py
[2024-05-23T16:52:11.423+0700] {processor.py:840} INFO - DAG(s) 'tutorial' retrieved from /mnt/d/Programming/Vietnamese-Text-Generator/airflow_env/lib/python3.10/site-packages/airflow/example_dags/tutorial.py
[2024-05-23T16:52:11.484+0700] {logging_mixin.py:188} INFO - [2024-05-23T16:52:11.483+0700] {dag.py:3096} INFO - Sync 1 DAGs
[2024-05-23T16:52:11.536+0700] {logging_mixin.py:188} INFO - [2024-05-23T16:52:11.535+0700] {dag.py:3954} INFO - Setting next_dagrun for tutorial to 2024-05-22 00:00:00+00:00, run_after=2024-05-23 00:00:00+00:00
[2024-05-23T16:52:11.590+0700] {processor.py:183} INFO - Processing /mnt/d/Programming/Vietnamese-Text-Generator/airflow_env/lib/python3.10/site-packages/airflow/example_dags/tutorial.py took 0.240 seconds
[2024-05-23T16:52:53.851+0700] {processor.py:161} INFO - Started process (PID=21725) to work on /mnt/d/Programming/Vietnamese-Text-Generator/airflow_env/lib/python3.10/site-packages/airflow/example_dags/tutorial.py
[2024-05-23T16:52:53.853+0700] {processor.py:830} INFO - Processing file /mnt/d/Programming/Vietnamese-Text-Generator/airflow_env/lib/python3.10/site-packages/airflow/example_dags/tutorial.py for tasks to queue
[2024-05-23T16:52:53.855+0700] {logging_mixin.py:188} INFO - [2024-05-23T16:52:53.854+0700] {dagbag.py:540} INFO - Filling up the DagBag from /mnt/d/Programming/Vietnamese-Text-Generator/airflow_env/lib/python3.10/site-packages/airflow/example_dags/tutorial.py
[2024-05-23T16:52:53.872+0700] {processor.py:840} INFO - DAG(s) 'tutorial' retrieved from /mnt/d/Programming/Vietnamese-Text-Generator/airflow_env/lib/python3.10/site-packages/airflow/example_dags/tutorial.py
[2024-05-23T16:52:53.906+0700] {logging_mixin.py:188} INFO - [2024-05-23T16:52:53.905+0700] {dag.py:3096} INFO - Sync 1 DAGs
[2024-05-23T16:52:53.939+0700] {logging_mixin.py:188} INFO - [2024-05-23T16:52:53.938+0700] {dag.py:3954} INFO - Setting next_dagrun for tutorial to 2024-05-22 00:00:00+00:00, run_after=2024-05-23 00:00:00+00:00
[2024-05-23T16:52:54.006+0700] {processor.py:183} INFO - Processing /mnt/d/Programming/Vietnamese-Text-Generator/airflow_env/lib/python3.10/site-packages/airflow/example_dags/tutorial.py took 0.168 seconds
[2024-05-23T16:54:05.186+0700] {processor.py:161} INFO - Started process (PID=22057) to work on /mnt/d/Programming/Vietnamese-Text-Generator/airflow_env/lib/python3.10/site-packages/airflow/example_dags/tutorial.py
[2024-05-23T16:54:05.188+0700] {processor.py:830} INFO - Processing file /mnt/d/Programming/Vietnamese-Text-Generator/airflow_env/lib/python3.10/site-packages/airflow/example_dags/tutorial.py for tasks to queue
[2024-05-23T16:54:05.190+0700] {logging_mixin.py:188} INFO - [2024-05-23T16:54:05.189+0700] {dagbag.py:540} INFO - Filling up the DagBag from /mnt/d/Programming/Vietnamese-Text-Generator/airflow_env/lib/python3.10/site-packages/airflow/example_dags/tutorial.py
[2024-05-23T16:54:05.209+0700] {processor.py:840} INFO - DAG(s) 'tutorial' retrieved from /mnt/d/Programming/Vietnamese-Text-Generator/airflow_env/lib/python3.10/site-packages/airflow/example_dags/tutorial.py
[2024-05-23T16:54:05.240+0700] {logging_mixin.py:188} INFO - [2024-05-23T16:54:05.239+0700] {dag.py:3096} INFO - Sync 1 DAGs
[2024-05-23T16:54:05.273+0700] {logging_mixin.py:188} INFO - [2024-05-23T16:54:05.273+0700] {dag.py:3954} INFO - Setting next_dagrun for tutorial to 2024-05-22 00:00:00+00:00, run_after=2024-05-23 00:00:00+00:00
[2024-05-23T16:54:05.330+0700] {processor.py:183} INFO - Processing /mnt/d/Programming/Vietnamese-Text-Generator/airflow_env/lib/python3.10/site-packages/airflow/example_dags/tutorial.py took 0.157 seconds
[2024-05-23T16:55:15.789+0700] {processor.py:161} INFO - Started process (PID=22388) to work on /mnt/d/Programming/Vietnamese-Text-Generator/airflow_env/lib/python3.10/site-packages/airflow/example_dags/tutorial.py
[2024-05-23T16:55:15.791+0700] {processor.py:830} INFO - Processing file /mnt/d/Programming/Vietnamese-Text-Generator/airflow_env/lib/python3.10/site-packages/airflow/example_dags/tutorial.py for tasks to queue
[2024-05-23T16:55:15.792+0700] {logging_mixin.py:188} INFO - [2024-05-23T16:55:15.792+0700] {dagbag.py:540} INFO - Filling up the DagBag from /mnt/d/Programming/Vietnamese-Text-Generator/airflow_env/lib/python3.10/site-packages/airflow/example_dags/tutorial.py
[2024-05-23T16:55:15.812+0700] {processor.py:840} INFO - DAG(s) 'tutorial' retrieved from /mnt/d/Programming/Vietnamese-Text-Generator/airflow_env/lib/python3.10/site-packages/airflow/example_dags/tutorial.py
[2024-05-23T16:55:15.851+0700] {logging_mixin.py:188} INFO - [2024-05-23T16:55:15.850+0700] {dag.py:3096} INFO - Sync 1 DAGs
[2024-05-23T16:55:15.888+0700] {logging_mixin.py:188} INFO - [2024-05-23T16:55:15.886+0700] {dag.py:3954} INFO - Setting next_dagrun for tutorial to 2024-05-22 00:00:00+00:00, run_after=2024-05-23 00:00:00+00:00
[2024-05-23T16:55:15.961+0700] {processor.py:183} INFO - Processing /mnt/d/Programming/Vietnamese-Text-Generator/airflow_env/lib/python3.10/site-packages/airflow/example_dags/tutorial.py took 0.184 seconds
[2024-05-23T16:56:19.006+0700] {processor.py:161} INFO - Started process (PID=22686) to work on /mnt/d/Programming/Vietnamese-Text-Generator/airflow_env/lib/python3.10/site-packages/airflow/example_dags/tutorial.py
[2024-05-23T16:56:19.008+0700] {processor.py:830} INFO - Processing file /mnt/d/Programming/Vietnamese-Text-Generator/airflow_env/lib/python3.10/site-packages/airflow/example_dags/tutorial.py for tasks to queue
[2024-05-23T16:56:19.011+0700] {logging_mixin.py:188} INFO - [2024-05-23T16:56:19.010+0700] {dagbag.py:540} INFO - Filling up the DagBag from /mnt/d/Programming/Vietnamese-Text-Generator/airflow_env/lib/python3.10/site-packages/airflow/example_dags/tutorial.py
[2024-05-23T16:56:19.039+0700] {processor.py:840} INFO - DAG(s) 'tutorial' retrieved from /mnt/d/Programming/Vietnamese-Text-Generator/airflow_env/lib/python3.10/site-packages/airflow/example_dags/tutorial.py
[2024-05-23T16:56:19.069+0700] {logging_mixin.py:188} INFO - [2024-05-23T16:56:19.068+0700] {dag.py:3096} INFO - Sync 1 DAGs
[2024-05-23T16:56:19.103+0700] {logging_mixin.py:188} INFO - [2024-05-23T16:56:19.102+0700] {dag.py:3954} INFO - Setting next_dagrun for tutorial to 2024-05-22 00:00:00+00:00, run_after=2024-05-23 00:00:00+00:00
[2024-05-23T16:56:19.156+0700] {processor.py:183} INFO - Processing /mnt/d/Programming/Vietnamese-Text-Generator/airflow_env/lib/python3.10/site-packages/airflow/example_dags/tutorial.py took 0.162 seconds
[2024-05-23T16:57:32.114+0700] {processor.py:161} INFO - Started process (PID=23027) to work on /mnt/d/Programming/Vietnamese-Text-Generator/airflow_env/lib/python3.10/site-packages/airflow/example_dags/tutorial.py
[2024-05-23T16:57:32.116+0700] {processor.py:830} INFO - Processing file /mnt/d/Programming/Vietnamese-Text-Generator/airflow_env/lib/python3.10/site-packages/airflow/example_dags/tutorial.py for tasks to queue
[2024-05-23T16:57:32.119+0700] {logging_mixin.py:188} INFO - [2024-05-23T16:57:32.118+0700] {dagbag.py:540} INFO - Filling up the DagBag from /mnt/d/Programming/Vietnamese-Text-Generator/airflow_env/lib/python3.10/site-packages/airflow/example_dags/tutorial.py
[2024-05-23T16:57:32.141+0700] {processor.py:840} INFO - DAG(s) 'tutorial' retrieved from /mnt/d/Programming/Vietnamese-Text-Generator/airflow_env/lib/python3.10/site-packages/airflow/example_dags/tutorial.py
[2024-05-23T16:57:32.175+0700] {logging_mixin.py:188} INFO - [2024-05-23T16:57:32.174+0700] {dag.py:3096} INFO - Sync 1 DAGs
[2024-05-23T16:57:32.207+0700] {logging_mixin.py:188} INFO - [2024-05-23T16:57:32.206+0700] {dag.py:3954} INFO - Setting next_dagrun for tutorial to 2024-05-22 00:00:00+00:00, run_after=2024-05-23 00:00:00+00:00
[2024-05-23T16:57:32.262+0700] {processor.py:183} INFO - Processing /mnt/d/Programming/Vietnamese-Text-Generator/airflow_env/lib/python3.10/site-packages/airflow/example_dags/tutorial.py took 0.163 seconds
[2024-05-23T16:58:39.048+0700] {processor.py:161} INFO - Started process (PID=23341) to work on /mnt/d/Programming/Vietnamese-Text-Generator/airflow_env/lib/python3.10/site-packages/airflow/example_dags/tutorial.py
[2024-05-23T16:58:39.049+0700] {processor.py:830} INFO - Processing file /mnt/d/Programming/Vietnamese-Text-Generator/airflow_env/lib/python3.10/site-packages/airflow/example_dags/tutorial.py for tasks to queue
[2024-05-23T16:58:39.052+0700] {logging_mixin.py:188} INFO - [2024-05-23T16:58:39.051+0700] {dagbag.py:540} INFO - Filling up the DagBag from /mnt/d/Programming/Vietnamese-Text-Generator/airflow_env/lib/python3.10/site-packages/airflow/example_dags/tutorial.py
[2024-05-23T16:58:39.073+0700] {processor.py:840} INFO - DAG(s) 'tutorial' retrieved from /mnt/d/Programming/Vietnamese-Text-Generator/airflow_env/lib/python3.10/site-packages/airflow/example_dags/tutorial.py
[2024-05-23T16:58:39.102+0700] {logging_mixin.py:188} INFO - [2024-05-23T16:58:39.101+0700] {dag.py:3096} INFO - Sync 1 DAGs
[2024-05-23T16:58:39.131+0700] {logging_mixin.py:188} INFO - [2024-05-23T16:58:39.131+0700] {dag.py:3954} INFO - Setting next_dagrun for tutorial to 2024-05-22 00:00:00+00:00, run_after=2024-05-23 00:00:00+00:00
[2024-05-23T16:58:39.202+0700] {processor.py:183} INFO - Processing /mnt/d/Programming/Vietnamese-Text-Generator/airflow_env/lib/python3.10/site-packages/airflow/example_dags/tutorial.py took 0.170 seconds
[2024-05-23T16:59:52.029+0700] {processor.py:161} INFO - Started process (PID=23680) to work on /mnt/d/Programming/Vietnamese-Text-Generator/airflow_env/lib/python3.10/site-packages/airflow/example_dags/tutorial.py
[2024-05-23T16:59:52.031+0700] {processor.py:830} INFO - Processing file /mnt/d/Programming/Vietnamese-Text-Generator/airflow_env/lib/python3.10/site-packages/airflow/example_dags/tutorial.py for tasks to queue
[2024-05-23T16:59:52.034+0700] {logging_mixin.py:188} INFO - [2024-05-23T16:59:52.033+0700] {dagbag.py:540} INFO - Filling up the DagBag from /mnt/d/Programming/Vietnamese-Text-Generator/airflow_env/lib/python3.10/site-packages/airflow/example_dags/tutorial.py
[2024-05-23T16:59:52.057+0700] {processor.py:840} INFO - DAG(s) 'tutorial' retrieved from /mnt/d/Programming/Vietnamese-Text-Generator/airflow_env/lib/python3.10/site-packages/airflow/example_dags/tutorial.py
[2024-05-23T16:59:52.089+0700] {logging_mixin.py:188} INFO - [2024-05-23T16:59:52.088+0700] {dag.py:3096} INFO - Sync 1 DAGs
[2024-05-23T16:59:52.118+0700] {logging_mixin.py:188} INFO - [2024-05-23T16:59:52.118+0700] {dag.py:3954} INFO - Setting next_dagrun for tutorial to 2024-05-22 00:00:00+00:00, run_after=2024-05-23 00:00:00+00:00
[2024-05-23T16:59:52.180+0700] {processor.py:183} INFO - Processing /mnt/d/Programming/Vietnamese-Text-Generator/airflow_env/lib/python3.10/site-packages/airflow/example_dags/tutorial.py took 0.164 seconds
[2024-05-23T17:00:57.118+0700] {processor.py:161} INFO - Started process (PID=23985) to work on /mnt/d/Programming/Vietnamese-Text-Generator/airflow_env/lib/python3.10/site-packages/airflow/example_dags/tutorial.py
[2024-05-23T17:00:57.120+0700] {processor.py:830} INFO - Processing file /mnt/d/Programming/Vietnamese-Text-Generator/airflow_env/lib/python3.10/site-packages/airflow/example_dags/tutorial.py for tasks to queue
[2024-05-23T17:00:57.122+0700] {logging_mixin.py:188} INFO - [2024-05-23T17:00:57.121+0700] {dagbag.py:540} INFO - Filling up the DagBag from /mnt/d/Programming/Vietnamese-Text-Generator/airflow_env/lib/python3.10/site-packages/airflow/example_dags/tutorial.py
[2024-05-23T17:00:57.141+0700] {processor.py:840} INFO - DAG(s) 'tutorial' retrieved from /mnt/d/Programming/Vietnamese-Text-Generator/airflow_env/lib/python3.10/site-packages/airflow/example_dags/tutorial.py
[2024-05-23T17:00:57.169+0700] {logging_mixin.py:188} INFO - [2024-05-23T17:00:57.168+0700] {dag.py:3096} INFO - Sync 1 DAGs
[2024-05-23T17:00:57.199+0700] {logging_mixin.py:188} INFO - [2024-05-23T17:00:57.198+0700] {dag.py:3954} INFO - Setting next_dagrun for tutorial to 2024-05-22 00:00:00+00:00, run_after=2024-05-23 00:00:00+00:00
[2024-05-23T17:00:57.255+0700] {processor.py:183} INFO - Processing /mnt/d/Programming/Vietnamese-Text-Generator/airflow_env/lib/python3.10/site-packages/airflow/example_dags/tutorial.py took 0.150 seconds
[2024-05-23T17:02:06.530+0700] {processor.py:161} INFO - Started process (PID=24307) to work on /mnt/d/Programming/Vietnamese-Text-Generator/airflow_env/lib/python3.10/site-packages/airflow/example_dags/tutorial.py
[2024-05-23T17:02:06.532+0700] {processor.py:830} INFO - Processing file /mnt/d/Programming/Vietnamese-Text-Generator/airflow_env/lib/python3.10/site-packages/airflow/example_dags/tutorial.py for tasks to queue
[2024-05-23T17:02:06.535+0700] {logging_mixin.py:188} INFO - [2024-05-23T17:02:06.534+0700] {dagbag.py:540} INFO - Filling up the DagBag from /mnt/d/Programming/Vietnamese-Text-Generator/airflow_env/lib/python3.10/site-packages/airflow/example_dags/tutorial.py
[2024-05-23T17:02:06.555+0700] {processor.py:840} INFO - DAG(s) 'tutorial' retrieved from /mnt/d/Programming/Vietnamese-Text-Generator/airflow_env/lib/python3.10/site-packages/airflow/example_dags/tutorial.py
[2024-05-23T17:02:06.585+0700] {logging_mixin.py:188} INFO - [2024-05-23T17:02:06.584+0700] {dag.py:3096} INFO - Sync 1 DAGs
[2024-05-23T17:02:06.617+0700] {logging_mixin.py:188} INFO - [2024-05-23T17:02:06.616+0700] {dag.py:3954} INFO - Setting next_dagrun for tutorial to 2024-05-22 00:00:00+00:00, run_after=2024-05-23 00:00:00+00:00
[2024-05-23T17:02:06.679+0700] {processor.py:183} INFO - Processing /mnt/d/Programming/Vietnamese-Text-Generator/airflow_env/lib/python3.10/site-packages/airflow/example_dags/tutorial.py took 0.160 seconds
[2024-05-23T17:03:19.124+0700] {processor.py:161} INFO - Started process (PID=24643) to work on /mnt/d/Programming/Vietnamese-Text-Generator/airflow_env/lib/python3.10/site-packages/airflow/example_dags/tutorial.py
[2024-05-23T17:03:19.126+0700] {processor.py:830} INFO - Processing file /mnt/d/Programming/Vietnamese-Text-Generator/airflow_env/lib/python3.10/site-packages/airflow/example_dags/tutorial.py for tasks to queue
[2024-05-23T17:03:19.128+0700] {logging_mixin.py:188} INFO - [2024-05-23T17:03:19.127+0700] {dagbag.py:540} INFO - Filling up the DagBag from /mnt/d/Programming/Vietnamese-Text-Generator/airflow_env/lib/python3.10/site-packages/airflow/example_dags/tutorial.py
[2024-05-23T17:03:19.145+0700] {processor.py:840} INFO - DAG(s) 'tutorial' retrieved from /mnt/d/Programming/Vietnamese-Text-Generator/airflow_env/lib/python3.10/site-packages/airflow/example_dags/tutorial.py
[2024-05-23T17:03:19.174+0700] {logging_mixin.py:188} INFO - [2024-05-23T17:03:19.173+0700] {dag.py:3096} INFO - Sync 1 DAGs
[2024-05-23T17:03:19.202+0700] {logging_mixin.py:188} INFO - [2024-05-23T17:03:19.201+0700] {dag.py:3954} INFO - Setting next_dagrun for tutorial to 2024-05-22 00:00:00+00:00, run_after=2024-05-23 00:00:00+00:00
[2024-05-23T17:03:19.249+0700] {processor.py:183} INFO - Processing /mnt/d/Programming/Vietnamese-Text-Generator/airflow_env/lib/python3.10/site-packages/airflow/example_dags/tutorial.py took 0.136 seconds
[2024-05-23T17:04:26.930+0700] {processor.py:161} INFO - Started process (PID=24959) to work on /mnt/d/Programming/Vietnamese-Text-Generator/airflow_env/lib/python3.10/site-packages/airflow/example_dags/tutorial.py
[2024-05-23T17:04:26.932+0700] {processor.py:830} INFO - Processing file /mnt/d/Programming/Vietnamese-Text-Generator/airflow_env/lib/python3.10/site-packages/airflow/example_dags/tutorial.py for tasks to queue
[2024-05-23T17:04:26.933+0700] {logging_mixin.py:188} INFO - [2024-05-23T17:04:26.933+0700] {dagbag.py:540} INFO - Filling up the DagBag from /mnt/d/Programming/Vietnamese-Text-Generator/airflow_env/lib/python3.10/site-packages/airflow/example_dags/tutorial.py
[2024-05-23T17:04:26.950+0700] {processor.py:840} INFO - DAG(s) 'tutorial' retrieved from /mnt/d/Programming/Vietnamese-Text-Generator/airflow_env/lib/python3.10/site-packages/airflow/example_dags/tutorial.py
[2024-05-23T17:04:26.972+0700] {logging_mixin.py:188} INFO - [2024-05-23T17:04:26.971+0700] {dag.py:3096} INFO - Sync 1 DAGs
[2024-05-23T17:04:26.999+0700] {logging_mixin.py:188} INFO - [2024-05-23T17:04:26.998+0700] {dag.py:3954} INFO - Setting next_dagrun for tutorial to 2024-05-22 00:00:00+00:00, run_after=2024-05-23 00:00:00+00:00
[2024-05-23T17:04:27.046+0700] {processor.py:183} INFO - Processing /mnt/d/Programming/Vietnamese-Text-Generator/airflow_env/lib/python3.10/site-packages/airflow/example_dags/tutorial.py took 0.126 seconds
