[2024-05-23T15:42:34.051+0700] {processor.py:161} INFO - Started process (PID=1042) to work on /mnt/d/Programming/Vietnamese-Text-Generator/airflow_env/lib/python3.10/site-packages/airflow/example_dags/tutorial_dag.py
[2024-05-23T15:42:34.054+0700] {processor.py:830} INFO - Processing file /mnt/d/Programming/Vietnamese-Text-Generator/airflow_env/lib/python3.10/site-packages/airflow/example_dags/tutorial_dag.py for tasks to queue
[2024-05-23T15:42:34.060+0700] {logging_mixin.py:188} INFO - [2024-05-23T15:42:34.058+0700] {dagbag.py:540} INFO - Filling up the DagBag from /mnt/d/Programming/Vietnamese-Text-Generator/airflow_env/lib/python3.10/site-packages/airflow/example_dags/tutorial_dag.py
[2024-05-23T15:42:34.141+0700] {processor.py:840} INFO - DAG(s) 'tutorial_dag' retrieved from /mnt/d/Programming/Vietnamese-Text-Generator/airflow_env/lib/python3.10/site-packages/airflow/example_dags/tutorial_dag.py
[2024-05-23T15:42:34.245+0700] {logging_mixin.py:188} INFO - [2024-05-23T15:42:34.244+0700] {dag.py:3096} INFO - Sync 1 DAGs
[2024-05-23T15:42:34.260+0700] {logging_mixin.py:188} INFO - [2024-05-23T15:42:34.259+0700] {dag.py:3954} INFO - Setting next_dagrun for tutorial_dag to None, run_after=None
[2024-05-23T15:42:34.312+0700] {processor.py:183} INFO - Processing /mnt/d/Programming/Vietnamese-Text-Generator/airflow_env/lib/python3.10/site-packages/airflow/example_dags/tutorial_dag.py took 0.274 seconds
[2024-05-23T15:43:50.719+0700] {processor.py:161} INFO - Started process (PID=1412) to work on /mnt/d/Programming/Vietnamese-Text-Generator/airflow_env/lib/python3.10/site-packages/airflow/example_dags/tutorial_dag.py
[2024-05-23T15:43:50.721+0700] {processor.py:830} INFO - Processing file /mnt/d/Programming/Vietnamese-Text-Generator/airflow_env/lib/python3.10/site-packages/airflow/example_dags/tutorial_dag.py for tasks to queue
[2024-05-23T15:43:50.725+0700] {logging_mixin.py:188} INFO - [2024-05-23T15:43:50.724+0700] {dagbag.py:540} INFO - Filling up the DagBag from /mnt/d/Programming/Vietnamese-Text-Generator/airflow_env/lib/python3.10/site-packages/airflow/example_dags/tutorial_dag.py
[2024-05-23T15:43:50.745+0700] {processor.py:840} INFO - DAG(s) 'tutorial_dag' retrieved from /mnt/d/Programming/Vietnamese-Text-Generator/airflow_env/lib/python3.10/site-packages/airflow/example_dags/tutorial_dag.py
[2024-05-23T15:43:50.779+0700] {logging_mixin.py:188} INFO - [2024-05-23T15:43:50.778+0700] {dag.py:3096} INFO - Sync 1 DAGs
[2024-05-23T15:43:50.798+0700] {logging_mixin.py:188} INFO - [2024-05-23T15:43:50.797+0700] {dag.py:3954} INFO - Setting next_dagrun for tutorial_dag to None, run_after=None
[2024-05-23T15:43:50.867+0700] {processor.py:183} INFO - Processing /mnt/d/Programming/Vietnamese-Text-Generator/airflow_env/lib/python3.10/site-packages/airflow/example_dags/tutorial_dag.py took 0.161 seconds
[2024-05-23T15:44:34.617+0700] {processor.py:161} INFO - Started process (PID=1626) to work on /mnt/d/Programming/Vietnamese-Text-Generator/airflow_env/lib/python3.10/site-packages/airflow/example_dags/tutorial_dag.py
[2024-05-23T15:44:34.620+0700] {processor.py:830} INFO - Processing file /mnt/d/Programming/Vietnamese-Text-Generator/airflow_env/lib/python3.10/site-packages/airflow/example_dags/tutorial_dag.py for tasks to queue
[2024-05-23T15:44:34.623+0700] {logging_mixin.py:188} INFO - [2024-05-23T15:44:34.622+0700] {dagbag.py:540} INFO - Filling up the DagBag from /mnt/d/Programming/Vietnamese-Text-Generator/airflow_env/lib/python3.10/site-packages/airflow/example_dags/tutorial_dag.py
[2024-05-23T15:44:34.644+0700] {processor.py:840} INFO - DAG(s) 'tutorial_dag' retrieved from /mnt/d/Programming/Vietnamese-Text-Generator/airflow_env/lib/python3.10/site-packages/airflow/example_dags/tutorial_dag.py
[2024-05-23T15:44:34.672+0700] {logging_mixin.py:188} INFO - [2024-05-23T15:44:34.671+0700] {dag.py:3096} INFO - Sync 1 DAGs
[2024-05-23T15:44:34.688+0700] {logging_mixin.py:188} INFO - [2024-05-23T15:44:34.687+0700] {dag.py:3954} INFO - Setting next_dagrun for tutorial_dag to None, run_after=None
[2024-05-23T15:44:34.753+0700] {processor.py:183} INFO - Processing /mnt/d/Programming/Vietnamese-Text-Generator/airflow_env/lib/python3.10/site-packages/airflow/example_dags/tutorial_dag.py took 0.149 seconds
[2024-05-23T15:45:43.825+0700] {processor.py:161} INFO - Started process (PID=1960) to work on /mnt/d/Programming/Vietnamese-Text-Generator/airflow_env/lib/python3.10/site-packages/airflow/example_dags/tutorial_dag.py
[2024-05-23T15:45:43.827+0700] {processor.py:830} INFO - Processing file /mnt/d/Programming/Vietnamese-Text-Generator/airflow_env/lib/python3.10/site-packages/airflow/example_dags/tutorial_dag.py for tasks to queue
[2024-05-23T15:45:43.831+0700] {logging_mixin.py:188} INFO - [2024-05-23T15:45:43.830+0700] {dagbag.py:540} INFO - Filling up the DagBag from /mnt/d/Programming/Vietnamese-Text-Generator/airflow_env/lib/python3.10/site-packages/airflow/example_dags/tutorial_dag.py
[2024-05-23T15:45:43.849+0700] {processor.py:840} INFO - DAG(s) 'tutorial_dag' retrieved from /mnt/d/Programming/Vietnamese-Text-Generator/airflow_env/lib/python3.10/site-packages/airflow/example_dags/tutorial_dag.py
[2024-05-23T15:45:43.881+0700] {logging_mixin.py:188} INFO - [2024-05-23T15:45:43.879+0700] {dag.py:3096} INFO - Sync 1 DAGs
[2024-05-23T15:45:43.899+0700] {logging_mixin.py:188} INFO - [2024-05-23T15:45:43.897+0700] {dag.py:3954} INFO - Setting next_dagrun for tutorial_dag to None, run_after=None
[2024-05-23T15:45:43.976+0700] {processor.py:183} INFO - Processing /mnt/d/Programming/Vietnamese-Text-Generator/airflow_env/lib/python3.10/site-packages/airflow/example_dags/tutorial_dag.py took 0.163 seconds
[2024-05-23T15:46:56.107+0700] {processor.py:161} INFO - Started process (PID=2659) to work on /mnt/d/Programming/Vietnamese-Text-Generator/airflow_env/lib/python3.10/site-packages/airflow/example_dags/tutorial_dag.py
[2024-05-23T15:46:56.110+0700] {processor.py:830} INFO - Processing file /mnt/d/Programming/Vietnamese-Text-Generator/airflow_env/lib/python3.10/site-packages/airflow/example_dags/tutorial_dag.py for tasks to queue
[2024-05-23T15:46:56.115+0700] {logging_mixin.py:188} INFO - [2024-05-23T15:46:56.113+0700] {dagbag.py:540} INFO - Filling up the DagBag from /mnt/d/Programming/Vietnamese-Text-Generator/airflow_env/lib/python3.10/site-packages/airflow/example_dags/tutorial_dag.py
[2024-05-23T15:46:56.133+0700] {processor.py:840} INFO - DAG(s) 'tutorial_dag' retrieved from /mnt/d/Programming/Vietnamese-Text-Generator/airflow_env/lib/python3.10/site-packages/airflow/example_dags/tutorial_dag.py
[2024-05-23T15:46:56.162+0700] {logging_mixin.py:188} INFO - [2024-05-23T15:46:56.161+0700] {dag.py:3096} INFO - Sync 1 DAGs
[2024-05-23T15:46:56.178+0700] {logging_mixin.py:188} INFO - [2024-05-23T15:46:56.177+0700] {dag.py:3954} INFO - Setting next_dagrun for tutorial_dag to None, run_after=None
[2024-05-23T15:46:56.245+0700] {processor.py:183} INFO - Processing /mnt/d/Programming/Vietnamese-Text-Generator/airflow_env/lib/python3.10/site-packages/airflow/example_dags/tutorial_dag.py took 0.150 seconds
[2024-05-23T15:48:00.435+0700] {processor.py:161} INFO - Started process (PID=2963) to work on /mnt/d/Programming/Vietnamese-Text-Generator/airflow_env/lib/python3.10/site-packages/airflow/example_dags/tutorial_dag.py
[2024-05-23T15:48:00.437+0700] {processor.py:830} INFO - Processing file /mnt/d/Programming/Vietnamese-Text-Generator/airflow_env/lib/python3.10/site-packages/airflow/example_dags/tutorial_dag.py for tasks to queue
[2024-05-23T15:48:00.442+0700] {logging_mixin.py:188} INFO - [2024-05-23T15:48:00.440+0700] {dagbag.py:540} INFO - Filling up the DagBag from /mnt/d/Programming/Vietnamese-Text-Generator/airflow_env/lib/python3.10/site-packages/airflow/example_dags/tutorial_dag.py
[2024-05-23T15:48:00.460+0700] {processor.py:840} INFO - DAG(s) 'tutorial_dag' retrieved from /mnt/d/Programming/Vietnamese-Text-Generator/airflow_env/lib/python3.10/site-packages/airflow/example_dags/tutorial_dag.py
[2024-05-23T15:48:00.492+0700] {logging_mixin.py:188} INFO - [2024-05-23T15:48:00.490+0700] {dag.py:3096} INFO - Sync 1 DAGs
[2024-05-23T15:48:00.509+0700] {logging_mixin.py:188} INFO - [2024-05-23T15:48:00.508+0700] {dag.py:3954} INFO - Setting next_dagrun for tutorial_dag to None, run_after=None
[2024-05-23T15:48:00.585+0700] {processor.py:183} INFO - Processing /mnt/d/Programming/Vietnamese-Text-Generator/airflow_env/lib/python3.10/site-packages/airflow/example_dags/tutorial_dag.py took 0.164 seconds
[2024-05-23T15:54:35.160+0700] {processor.py:161} INFO - Started process (PID=4624) to work on /mnt/d/Programming/Vietnamese-Text-Generator/airflow_env/lib/python3.10/site-packages/airflow/example_dags/tutorial_dag.py
[2024-05-23T15:54:35.168+0700] {processor.py:830} INFO - Processing file /mnt/d/Programming/Vietnamese-Text-Generator/airflow_env/lib/python3.10/site-packages/airflow/example_dags/tutorial_dag.py for tasks to queue
[2024-05-23T15:54:35.172+0700] {logging_mixin.py:188} INFO - [2024-05-23T15:54:35.170+0700] {dagbag.py:540} INFO - Filling up the DagBag from /mnt/d/Programming/Vietnamese-Text-Generator/airflow_env/lib/python3.10/site-packages/airflow/example_dags/tutorial_dag.py
[2024-05-23T15:54:35.204+0700] {processor.py:840} INFO - DAG(s) 'tutorial_dag' retrieved from /mnt/d/Programming/Vietnamese-Text-Generator/airflow_env/lib/python3.10/site-packages/airflow/example_dags/tutorial_dag.py
[2024-05-23T15:54:35.322+0700] {logging_mixin.py:188} INFO - [2024-05-23T15:54:35.321+0700] {dag.py:3096} INFO - Sync 1 DAGs
[2024-05-23T15:54:35.336+0700] {logging_mixin.py:188} INFO - [2024-05-23T15:54:35.335+0700] {dag.py:3954} INFO - Setting next_dagrun for tutorial_dag to None, run_after=None
[2024-05-23T15:54:35.389+0700] {processor.py:183} INFO - Processing /mnt/d/Programming/Vietnamese-Text-Generator/airflow_env/lib/python3.10/site-packages/airflow/example_dags/tutorial_dag.py took 0.254 seconds
[2024-05-23T15:55:43.324+0700] {processor.py:161} INFO - Started process (PID=4948) to work on /mnt/d/Programming/Vietnamese-Text-Generator/airflow_env/lib/python3.10/site-packages/airflow/example_dags/tutorial_dag.py
[2024-05-23T15:55:43.325+0700] {processor.py:830} INFO - Processing file /mnt/d/Programming/Vietnamese-Text-Generator/airflow_env/lib/python3.10/site-packages/airflow/example_dags/tutorial_dag.py for tasks to queue
[2024-05-23T15:55:43.327+0700] {logging_mixin.py:188} INFO - [2024-05-23T15:55:43.327+0700] {dagbag.py:540} INFO - Filling up the DagBag from /mnt/d/Programming/Vietnamese-Text-Generator/airflow_env/lib/python3.10/site-packages/airflow/example_dags/tutorial_dag.py
[2024-05-23T15:55:43.345+0700] {processor.py:840} INFO - DAG(s) 'tutorial_dag' retrieved from /mnt/d/Programming/Vietnamese-Text-Generator/airflow_env/lib/python3.10/site-packages/airflow/example_dags/tutorial_dag.py
[2024-05-23T15:55:43.375+0700] {logging_mixin.py:188} INFO - [2024-05-23T15:55:43.374+0700] {dag.py:3096} INFO - Sync 1 DAGs
[2024-05-23T15:55:43.390+0700] {logging_mixin.py:188} INFO - [2024-05-23T15:55:43.389+0700] {dag.py:3954} INFO - Setting next_dagrun for tutorial_dag to None, run_after=None
[2024-05-23T15:55:43.452+0700] {processor.py:183} INFO - Processing /mnt/d/Programming/Vietnamese-Text-Generator/airflow_env/lib/python3.10/site-packages/airflow/example_dags/tutorial_dag.py took 0.140 seconds
[2024-05-23T15:56:50.971+0700] {processor.py:161} INFO - Started process (PID=5265) to work on /mnt/d/Programming/Vietnamese-Text-Generator/airflow_env/lib/python3.10/site-packages/airflow/example_dags/tutorial_dag.py
[2024-05-23T15:56:50.973+0700] {processor.py:830} INFO - Processing file /mnt/d/Programming/Vietnamese-Text-Generator/airflow_env/lib/python3.10/site-packages/airflow/example_dags/tutorial_dag.py for tasks to queue
[2024-05-23T15:56:50.975+0700] {logging_mixin.py:188} INFO - [2024-05-23T15:56:50.974+0700] {dagbag.py:540} INFO - Filling up the DagBag from /mnt/d/Programming/Vietnamese-Text-Generator/airflow_env/lib/python3.10/site-packages/airflow/example_dags/tutorial_dag.py
[2024-05-23T15:56:50.992+0700] {processor.py:840} INFO - DAG(s) 'tutorial_dag' retrieved from /mnt/d/Programming/Vietnamese-Text-Generator/airflow_env/lib/python3.10/site-packages/airflow/example_dags/tutorial_dag.py
[2024-05-23T15:56:51.027+0700] {logging_mixin.py:188} INFO - [2024-05-23T15:56:51.026+0700] {dag.py:3096} INFO - Sync 1 DAGs
[2024-05-23T15:56:51.058+0700] {logging_mixin.py:188} INFO - [2024-05-23T15:56:51.056+0700] {dag.py:3954} INFO - Setting next_dagrun for tutorial_dag to None, run_after=None
[2024-05-23T15:56:51.136+0700] {processor.py:183} INFO - Processing /mnt/d/Programming/Vietnamese-Text-Generator/airflow_env/lib/python3.10/site-packages/airflow/example_dags/tutorial_dag.py took 0.178 seconds
[2024-05-23T15:57:59.750+0700] {processor.py:161} INFO - Started process (PID=5591) to work on /mnt/d/Programming/Vietnamese-Text-Generator/airflow_env/lib/python3.10/site-packages/airflow/example_dags/tutorial_dag.py
[2024-05-23T15:57:59.752+0700] {processor.py:830} INFO - Processing file /mnt/d/Programming/Vietnamese-Text-Generator/airflow_env/lib/python3.10/site-packages/airflow/example_dags/tutorial_dag.py for tasks to queue
[2024-05-23T15:57:59.754+0700] {logging_mixin.py:188} INFO - [2024-05-23T15:57:59.753+0700] {dagbag.py:540} INFO - Filling up the DagBag from /mnt/d/Programming/Vietnamese-Text-Generator/airflow_env/lib/python3.10/site-packages/airflow/example_dags/tutorial_dag.py
[2024-05-23T15:57:59.771+0700] {processor.py:840} INFO - DAG(s) 'tutorial_dag' retrieved from /mnt/d/Programming/Vietnamese-Text-Generator/airflow_env/lib/python3.10/site-packages/airflow/example_dags/tutorial_dag.py
[2024-05-23T15:57:59.802+0700] {logging_mixin.py:188} INFO - [2024-05-23T15:57:59.800+0700] {dag.py:3096} INFO - Sync 1 DAGs
[2024-05-23T15:57:59.819+0700] {logging_mixin.py:188} INFO - [2024-05-23T15:57:59.817+0700] {dag.py:3954} INFO - Setting next_dagrun for tutorial_dag to None, run_after=None
[2024-05-23T15:57:59.878+0700] {processor.py:183} INFO - Processing /mnt/d/Programming/Vietnamese-Text-Generator/airflow_env/lib/python3.10/site-packages/airflow/example_dags/tutorial_dag.py took 0.139 seconds
[2024-05-23T15:59:12.089+0700] {processor.py:161} INFO - Started process (PID=5929) to work on /mnt/d/Programming/Vietnamese-Text-Generator/airflow_env/lib/python3.10/site-packages/airflow/example_dags/tutorial_dag.py
[2024-05-23T15:59:12.091+0700] {processor.py:830} INFO - Processing file /mnt/d/Programming/Vietnamese-Text-Generator/airflow_env/lib/python3.10/site-packages/airflow/example_dags/tutorial_dag.py for tasks to queue
[2024-05-23T15:59:12.094+0700] {logging_mixin.py:188} INFO - [2024-05-23T15:59:12.093+0700] {dagbag.py:540} INFO - Filling up the DagBag from /mnt/d/Programming/Vietnamese-Text-Generator/airflow_env/lib/python3.10/site-packages/airflow/example_dags/tutorial_dag.py
[2024-05-23T15:59:12.120+0700] {processor.py:840} INFO - DAG(s) 'tutorial_dag' retrieved from /mnt/d/Programming/Vietnamese-Text-Generator/airflow_env/lib/python3.10/site-packages/airflow/example_dags/tutorial_dag.py
[2024-05-23T15:59:12.154+0700] {logging_mixin.py:188} INFO - [2024-05-23T15:59:12.152+0700] {dag.py:3096} INFO - Sync 1 DAGs
[2024-05-23T15:59:12.170+0700] {logging_mixin.py:188} INFO - [2024-05-23T15:59:12.169+0700] {dag.py:3954} INFO - Setting next_dagrun for tutorial_dag to None, run_after=None
[2024-05-23T15:59:12.238+0700] {processor.py:183} INFO - Processing /mnt/d/Programming/Vietnamese-Text-Generator/airflow_env/lib/python3.10/site-packages/airflow/example_dags/tutorial_dag.py took 0.168 seconds
[2024-05-23T16:00:20.216+0700] {processor.py:161} INFO - Started process (PID=6252) to work on /mnt/d/Programming/Vietnamese-Text-Generator/airflow_env/lib/python3.10/site-packages/airflow/example_dags/tutorial_dag.py
[2024-05-23T16:00:20.218+0700] {processor.py:830} INFO - Processing file /mnt/d/Programming/Vietnamese-Text-Generator/airflow_env/lib/python3.10/site-packages/airflow/example_dags/tutorial_dag.py for tasks to queue
[2024-05-23T16:00:20.220+0700] {logging_mixin.py:188} INFO - [2024-05-23T16:00:20.220+0700] {dagbag.py:540} INFO - Filling up the DagBag from /mnt/d/Programming/Vietnamese-Text-Generator/airflow_env/lib/python3.10/site-packages/airflow/example_dags/tutorial_dag.py
[2024-05-23T16:00:20.242+0700] {processor.py:840} INFO - DAG(s) 'tutorial_dag' retrieved from /mnt/d/Programming/Vietnamese-Text-Generator/airflow_env/lib/python3.10/site-packages/airflow/example_dags/tutorial_dag.py
[2024-05-23T16:00:20.271+0700] {logging_mixin.py:188} INFO - [2024-05-23T16:00:20.269+0700] {dag.py:3096} INFO - Sync 1 DAGs
[2024-05-23T16:00:20.285+0700] {logging_mixin.py:188} INFO - [2024-05-23T16:00:20.284+0700] {dag.py:3954} INFO - Setting next_dagrun for tutorial_dag to None, run_after=None
[2024-05-23T16:00:20.336+0700] {processor.py:183} INFO - Processing /mnt/d/Programming/Vietnamese-Text-Generator/airflow_env/lib/python3.10/site-packages/airflow/example_dags/tutorial_dag.py took 0.137 seconds
[2024-05-23T16:01:26.840+0700] {processor.py:161} INFO - Started process (PID=6567) to work on /mnt/d/Programming/Vietnamese-Text-Generator/airflow_env/lib/python3.10/site-packages/airflow/example_dags/tutorial_dag.py
[2024-05-23T16:01:26.841+0700] {processor.py:830} INFO - Processing file /mnt/d/Programming/Vietnamese-Text-Generator/airflow_env/lib/python3.10/site-packages/airflow/example_dags/tutorial_dag.py for tasks to queue
[2024-05-23T16:01:26.843+0700] {logging_mixin.py:188} INFO - [2024-05-23T16:01:26.842+0700] {dagbag.py:540} INFO - Filling up the DagBag from /mnt/d/Programming/Vietnamese-Text-Generator/airflow_env/lib/python3.10/site-packages/airflow/example_dags/tutorial_dag.py
[2024-05-23T16:01:26.858+0700] {processor.py:840} INFO - DAG(s) 'tutorial_dag' retrieved from /mnt/d/Programming/Vietnamese-Text-Generator/airflow_env/lib/python3.10/site-packages/airflow/example_dags/tutorial_dag.py
[2024-05-23T16:01:26.886+0700] {logging_mixin.py:188} INFO - [2024-05-23T16:01:26.885+0700] {dag.py:3096} INFO - Sync 1 DAGs
[2024-05-23T16:01:26.899+0700] {logging_mixin.py:188} INFO - [2024-05-23T16:01:26.898+0700] {dag.py:3954} INFO - Setting next_dagrun for tutorial_dag to None, run_after=None
[2024-05-23T16:01:26.951+0700] {processor.py:183} INFO - Processing /mnt/d/Programming/Vietnamese-Text-Generator/airflow_env/lib/python3.10/site-packages/airflow/example_dags/tutorial_dag.py took 0.122 seconds
[2024-05-23T16:02:34.369+0700] {processor.py:161} INFO - Started process (PID=6886) to work on /mnt/d/Programming/Vietnamese-Text-Generator/airflow_env/lib/python3.10/site-packages/airflow/example_dags/tutorial_dag.py
[2024-05-23T16:02:34.371+0700] {processor.py:830} INFO - Processing file /mnt/d/Programming/Vietnamese-Text-Generator/airflow_env/lib/python3.10/site-packages/airflow/example_dags/tutorial_dag.py for tasks to queue
[2024-05-23T16:02:34.373+0700] {logging_mixin.py:188} INFO - [2024-05-23T16:02:34.372+0700] {dagbag.py:540} INFO - Filling up the DagBag from /mnt/d/Programming/Vietnamese-Text-Generator/airflow_env/lib/python3.10/site-packages/airflow/example_dags/tutorial_dag.py
[2024-05-23T16:02:34.388+0700] {processor.py:840} INFO - DAG(s) 'tutorial_dag' retrieved from /mnt/d/Programming/Vietnamese-Text-Generator/airflow_env/lib/python3.10/site-packages/airflow/example_dags/tutorial_dag.py
[2024-05-23T16:02:34.414+0700] {logging_mixin.py:188} INFO - [2024-05-23T16:02:34.414+0700] {dag.py:3096} INFO - Sync 1 DAGs
[2024-05-23T16:02:34.428+0700] {logging_mixin.py:188} INFO - [2024-05-23T16:02:34.427+0700] {dag.py:3954} INFO - Setting next_dagrun for tutorial_dag to None, run_after=None
[2024-05-23T16:02:34.480+0700] {processor.py:183} INFO - Processing /mnt/d/Programming/Vietnamese-Text-Generator/airflow_env/lib/python3.10/site-packages/airflow/example_dags/tutorial_dag.py took 0.121 seconds
[2024-05-23T16:03:46.493+0700] {processor.py:161} INFO - Started process (PID=7223) to work on /mnt/d/Programming/Vietnamese-Text-Generator/airflow_env/lib/python3.10/site-packages/airflow/example_dags/tutorial_dag.py
[2024-05-23T16:03:46.496+0700] {processor.py:830} INFO - Processing file /mnt/d/Programming/Vietnamese-Text-Generator/airflow_env/lib/python3.10/site-packages/airflow/example_dags/tutorial_dag.py for tasks to queue
[2024-05-23T16:03:46.499+0700] {logging_mixin.py:188} INFO - [2024-05-23T16:03:46.497+0700] {dagbag.py:540} INFO - Filling up the DagBag from /mnt/d/Programming/Vietnamese-Text-Generator/airflow_env/lib/python3.10/site-packages/airflow/example_dags/tutorial_dag.py
[2024-05-23T16:03:46.514+0700] {processor.py:840} INFO - DAG(s) 'tutorial_dag' retrieved from /mnt/d/Programming/Vietnamese-Text-Generator/airflow_env/lib/python3.10/site-packages/airflow/example_dags/tutorial_dag.py
[2024-05-23T16:03:46.545+0700] {logging_mixin.py:188} INFO - [2024-05-23T16:03:46.544+0700] {dag.py:3096} INFO - Sync 1 DAGs
[2024-05-23T16:03:46.563+0700] {logging_mixin.py:188} INFO - [2024-05-23T16:03:46.562+0700] {dag.py:3954} INFO - Setting next_dagrun for tutorial_dag to None, run_after=None
[2024-05-23T16:03:46.620+0700] {processor.py:183} INFO - Processing /mnt/d/Programming/Vietnamese-Text-Generator/airflow_env/lib/python3.10/site-packages/airflow/example_dags/tutorial_dag.py took 0.138 seconds
[2024-05-23T16:34:53.298+0700] {processor.py:161} INFO - Started process (PID=17005) to work on /mnt/d/Programming/Vietnamese-Text-Generator/airflow_env/lib/python3.10/site-packages/airflow/example_dags/tutorial_dag.py
[2024-05-23T16:34:53.300+0700] {processor.py:830} INFO - Processing file /mnt/d/Programming/Vietnamese-Text-Generator/airflow_env/lib/python3.10/site-packages/airflow/example_dags/tutorial_dag.py for tasks to queue
[2024-05-23T16:34:53.303+0700] {logging_mixin.py:188} INFO - [2024-05-23T16:34:53.302+0700] {dagbag.py:540} INFO - Filling up the DagBag from /mnt/d/Programming/Vietnamese-Text-Generator/airflow_env/lib/python3.10/site-packages/airflow/example_dags/tutorial_dag.py
[2024-05-23T16:34:53.329+0700] {processor.py:840} INFO - DAG(s) 'tutorial_dag' retrieved from /mnt/d/Programming/Vietnamese-Text-Generator/airflow_env/lib/python3.10/site-packages/airflow/example_dags/tutorial_dag.py
[2024-05-23T16:34:53.510+0700] {logging_mixin.py:188} INFO - [2024-05-23T16:34:53.509+0700] {dag.py:3096} INFO - Sync 1 DAGs
[2024-05-23T16:34:53.551+0700] {logging_mixin.py:188} INFO - [2024-05-23T16:34:53.548+0700] {dag.py:3954} INFO - Setting next_dagrun for tutorial_dag to None, run_after=None
[2024-05-23T16:34:53.628+0700] {processor.py:183} INFO - Processing /mnt/d/Programming/Vietnamese-Text-Generator/airflow_env/lib/python3.10/site-packages/airflow/example_dags/tutorial_dag.py took 0.348 seconds
[2024-05-23T16:36:00.830+0700] {processor.py:161} INFO - Started process (PID=17323) to work on /mnt/d/Programming/Vietnamese-Text-Generator/airflow_env/lib/python3.10/site-packages/airflow/example_dags/tutorial_dag.py
[2024-05-23T16:36:00.832+0700] {processor.py:830} INFO - Processing file /mnt/d/Programming/Vietnamese-Text-Generator/airflow_env/lib/python3.10/site-packages/airflow/example_dags/tutorial_dag.py for tasks to queue
[2024-05-23T16:36:00.834+0700] {logging_mixin.py:188} INFO - [2024-05-23T16:36:00.833+0700] {dagbag.py:540} INFO - Filling up the DagBag from /mnt/d/Programming/Vietnamese-Text-Generator/airflow_env/lib/python3.10/site-packages/airflow/example_dags/tutorial_dag.py
[2024-05-23T16:36:00.853+0700] {processor.py:840} INFO - DAG(s) 'tutorial_dag' retrieved from /mnt/d/Programming/Vietnamese-Text-Generator/airflow_env/lib/python3.10/site-packages/airflow/example_dags/tutorial_dag.py
[2024-05-23T16:36:00.885+0700] {logging_mixin.py:188} INFO - [2024-05-23T16:36:00.884+0700] {dag.py:3096} INFO - Sync 1 DAGs
[2024-05-23T16:36:00.902+0700] {logging_mixin.py:188} INFO - [2024-05-23T16:36:00.900+0700] {dag.py:3954} INFO - Setting next_dagrun for tutorial_dag to None, run_after=None
[2024-05-23T16:36:00.958+0700] {processor.py:183} INFO - Processing /mnt/d/Programming/Vietnamese-Text-Generator/airflow_env/lib/python3.10/site-packages/airflow/example_dags/tutorial_dag.py took 0.141 seconds
[2024-05-23T16:37:15.948+0700] {processor.py:161} INFO - Started process (PID=17672) to work on /mnt/d/Programming/Vietnamese-Text-Generator/airflow_env/lib/python3.10/site-packages/airflow/example_dags/tutorial_dag.py
[2024-05-23T16:37:15.949+0700] {processor.py:830} INFO - Processing file /mnt/d/Programming/Vietnamese-Text-Generator/airflow_env/lib/python3.10/site-packages/airflow/example_dags/tutorial_dag.py for tasks to queue
[2024-05-23T16:37:15.952+0700] {logging_mixin.py:188} INFO - [2024-05-23T16:37:15.951+0700] {dagbag.py:540} INFO - Filling up the DagBag from /mnt/d/Programming/Vietnamese-Text-Generator/airflow_env/lib/python3.10/site-packages/airflow/example_dags/tutorial_dag.py
[2024-05-23T16:37:15.969+0700] {processor.py:840} INFO - DAG(s) 'tutorial_dag' retrieved from /mnt/d/Programming/Vietnamese-Text-Generator/airflow_env/lib/python3.10/site-packages/airflow/example_dags/tutorial_dag.py
[2024-05-23T16:37:16.001+0700] {logging_mixin.py:188} INFO - [2024-05-23T16:37:16.000+0700] {dag.py:3096} INFO - Sync 1 DAGs
[2024-05-23T16:37:16.017+0700] {logging_mixin.py:188} INFO - [2024-05-23T16:37:16.016+0700] {dag.py:3954} INFO - Setting next_dagrun for tutorial_dag to None, run_after=None
[2024-05-23T16:37:16.071+0700] {processor.py:183} INFO - Processing /mnt/d/Programming/Vietnamese-Text-Generator/airflow_env/lib/python3.10/site-packages/airflow/example_dags/tutorial_dag.py took 0.135 seconds
[2024-05-23T16:49:43.082+0700] {processor.py:161} INFO - Started process (PID=20835) to work on /mnt/d/Programming/Vietnamese-Text-Generator/airflow_env/lib/python3.10/site-packages/airflow/example_dags/tutorial_dag.py
[2024-05-23T16:49:43.084+0700] {processor.py:830} INFO - Processing file /mnt/d/Programming/Vietnamese-Text-Generator/airflow_env/lib/python3.10/site-packages/airflow/example_dags/tutorial_dag.py for tasks to queue
[2024-05-23T16:49:43.086+0700] {logging_mixin.py:188} INFO - [2024-05-23T16:49:43.085+0700] {dagbag.py:540} INFO - Filling up the DagBag from /mnt/d/Programming/Vietnamese-Text-Generator/airflow_env/lib/python3.10/site-packages/airflow/example_dags/tutorial_dag.py
[2024-05-23T16:49:43.103+0700] {processor.py:840} INFO - DAG(s) 'tutorial_dag' retrieved from /mnt/d/Programming/Vietnamese-Text-Generator/airflow_env/lib/python3.10/site-packages/airflow/example_dags/tutorial_dag.py
[2024-05-23T16:49:43.212+0700] {logging_mixin.py:188} INFO - [2024-05-23T16:49:43.211+0700] {dag.py:3096} INFO - Sync 1 DAGs
[2024-05-23T16:49:43.227+0700] {logging_mixin.py:188} INFO - [2024-05-23T16:49:43.226+0700] {dag.py:3954} INFO - Setting next_dagrun for tutorial_dag to None, run_after=None
[2024-05-23T16:49:43.284+0700] {processor.py:183} INFO - Processing /mnt/d/Programming/Vietnamese-Text-Generator/airflow_env/lib/python3.10/site-packages/airflow/example_dags/tutorial_dag.py took 0.214 seconds
[2024-05-23T16:50:58.133+0700] {processor.py:161} INFO - Started process (PID=21186) to work on /mnt/d/Programming/Vietnamese-Text-Generator/airflow_env/lib/python3.10/site-packages/airflow/example_dags/tutorial_dag.py
[2024-05-23T16:50:58.135+0700] {processor.py:830} INFO - Processing file /mnt/d/Programming/Vietnamese-Text-Generator/airflow_env/lib/python3.10/site-packages/airflow/example_dags/tutorial_dag.py for tasks to queue
[2024-05-23T16:50:58.137+0700] {logging_mixin.py:188} INFO - [2024-05-23T16:50:58.136+0700] {dagbag.py:540} INFO - Filling up the DagBag from /mnt/d/Programming/Vietnamese-Text-Generator/airflow_env/lib/python3.10/site-packages/airflow/example_dags/tutorial_dag.py
[2024-05-23T16:50:58.160+0700] {processor.py:840} INFO - DAG(s) 'tutorial_dag' retrieved from /mnt/d/Programming/Vietnamese-Text-Generator/airflow_env/lib/python3.10/site-packages/airflow/example_dags/tutorial_dag.py
[2024-05-23T16:50:58.194+0700] {logging_mixin.py:188} INFO - [2024-05-23T16:50:58.193+0700] {dag.py:3096} INFO - Sync 1 DAGs
[2024-05-23T16:50:58.211+0700] {logging_mixin.py:188} INFO - [2024-05-23T16:50:58.210+0700] {dag.py:3954} INFO - Setting next_dagrun for tutorial_dag to None, run_after=None
[2024-05-23T16:50:58.281+0700] {processor.py:183} INFO - Processing /mnt/d/Programming/Vietnamese-Text-Generator/airflow_env/lib/python3.10/site-packages/airflow/example_dags/tutorial_dag.py took 0.167 seconds
[2024-05-23T16:51:38.239+0700] {processor.py:161} INFO - Started process (PID=21375) to work on /mnt/d/Programming/Vietnamese-Text-Generator/airflow_env/lib/python3.10/site-packages/airflow/example_dags/tutorial_dag.py
[2024-05-23T16:51:38.241+0700] {processor.py:830} INFO - Processing file /mnt/d/Programming/Vietnamese-Text-Generator/airflow_env/lib/python3.10/site-packages/airflow/example_dags/tutorial_dag.py for tasks to queue
[2024-05-23T16:51:38.244+0700] {logging_mixin.py:188} INFO - [2024-05-23T16:51:38.242+0700] {dagbag.py:540} INFO - Filling up the DagBag from /mnt/d/Programming/Vietnamese-Text-Generator/airflow_env/lib/python3.10/site-packages/airflow/example_dags/tutorial_dag.py
[2024-05-23T16:51:38.261+0700] {processor.py:840} INFO - DAG(s) 'tutorial_dag' retrieved from /mnt/d/Programming/Vietnamese-Text-Generator/airflow_env/lib/python3.10/site-packages/airflow/example_dags/tutorial_dag.py
[2024-05-23T16:51:38.290+0700] {logging_mixin.py:188} INFO - [2024-05-23T16:51:38.289+0700] {dag.py:3096} INFO - Sync 1 DAGs
[2024-05-23T16:51:38.306+0700] {logging_mixin.py:188} INFO - [2024-05-23T16:51:38.305+0700] {dag.py:3954} INFO - Setting next_dagrun for tutorial_dag to None, run_after=None
[2024-05-23T16:51:38.366+0700] {processor.py:183} INFO - Processing /mnt/d/Programming/Vietnamese-Text-Generator/airflow_env/lib/python3.10/site-packages/airflow/example_dags/tutorial_dag.py took 0.139 seconds
[2024-05-23T16:52:52.527+0700] {processor.py:161} INFO - Started process (PID=21719) to work on /mnt/d/Programming/Vietnamese-Text-Generator/airflow_env/lib/python3.10/site-packages/airflow/example_dags/tutorial_dag.py
[2024-05-23T16:52:52.529+0700] {processor.py:830} INFO - Processing file /mnt/d/Programming/Vietnamese-Text-Generator/airflow_env/lib/python3.10/site-packages/airflow/example_dags/tutorial_dag.py for tasks to queue
[2024-05-23T16:52:52.532+0700] {logging_mixin.py:188} INFO - [2024-05-23T16:52:52.531+0700] {dagbag.py:540} INFO - Filling up the DagBag from /mnt/d/Programming/Vietnamese-Text-Generator/airflow_env/lib/python3.10/site-packages/airflow/example_dags/tutorial_dag.py
[2024-05-23T16:52:52.548+0700] {processor.py:840} INFO - DAG(s) 'tutorial_dag' retrieved from /mnt/d/Programming/Vietnamese-Text-Generator/airflow_env/lib/python3.10/site-packages/airflow/example_dags/tutorial_dag.py
[2024-05-23T16:52:52.574+0700] {logging_mixin.py:188} INFO - [2024-05-23T16:52:52.573+0700] {dag.py:3096} INFO - Sync 1 DAGs
[2024-05-23T16:52:52.588+0700] {logging_mixin.py:188} INFO - [2024-05-23T16:52:52.588+0700] {dag.py:3954} INFO - Setting next_dagrun for tutorial_dag to None, run_after=None
[2024-05-23T16:52:52.648+0700] {processor.py:183} INFO - Processing /mnt/d/Programming/Vietnamese-Text-Generator/airflow_env/lib/python3.10/site-packages/airflow/example_dags/tutorial_dag.py took 0.132 seconds
[2024-05-23T16:54:04.725+0700] {processor.py:161} INFO - Started process (PID=22054) to work on /mnt/d/Programming/Vietnamese-Text-Generator/airflow_env/lib/python3.10/site-packages/airflow/example_dags/tutorial_dag.py
[2024-05-23T16:54:04.726+0700] {processor.py:830} INFO - Processing file /mnt/d/Programming/Vietnamese-Text-Generator/airflow_env/lib/python3.10/site-packages/airflow/example_dags/tutorial_dag.py for tasks to queue
[2024-05-23T16:54:04.729+0700] {logging_mixin.py:188} INFO - [2024-05-23T16:54:04.728+0700] {dagbag.py:540} INFO - Filling up the DagBag from /mnt/d/Programming/Vietnamese-Text-Generator/airflow_env/lib/python3.10/site-packages/airflow/example_dags/tutorial_dag.py
[2024-05-23T16:54:04.750+0700] {processor.py:840} INFO - DAG(s) 'tutorial_dag' retrieved from /mnt/d/Programming/Vietnamese-Text-Generator/airflow_env/lib/python3.10/site-packages/airflow/example_dags/tutorial_dag.py
[2024-05-23T16:54:04.783+0700] {logging_mixin.py:188} INFO - [2024-05-23T16:54:04.782+0700] {dag.py:3096} INFO - Sync 1 DAGs
[2024-05-23T16:54:04.798+0700] {logging_mixin.py:188} INFO - [2024-05-23T16:54:04.797+0700] {dag.py:3954} INFO - Setting next_dagrun for tutorial_dag to None, run_after=None
[2024-05-23T16:54:04.859+0700] {processor.py:183} INFO - Processing /mnt/d/Programming/Vietnamese-Text-Generator/airflow_env/lib/python3.10/site-packages/airflow/example_dags/tutorial_dag.py took 0.146 seconds
[2024-05-23T16:55:14.451+0700] {processor.py:161} INFO - Started process (PID=22382) to work on /mnt/d/Programming/Vietnamese-Text-Generator/airflow_env/lib/python3.10/site-packages/airflow/example_dags/tutorial_dag.py
[2024-05-23T16:55:14.452+0700] {processor.py:830} INFO - Processing file /mnt/d/Programming/Vietnamese-Text-Generator/airflow_env/lib/python3.10/site-packages/airflow/example_dags/tutorial_dag.py for tasks to queue
[2024-05-23T16:55:14.454+0700] {logging_mixin.py:188} INFO - [2024-05-23T16:55:14.453+0700] {dagbag.py:540} INFO - Filling up the DagBag from /mnt/d/Programming/Vietnamese-Text-Generator/airflow_env/lib/python3.10/site-packages/airflow/example_dags/tutorial_dag.py
[2024-05-23T16:55:14.469+0700] {processor.py:840} INFO - DAG(s) 'tutorial_dag' retrieved from /mnt/d/Programming/Vietnamese-Text-Generator/airflow_env/lib/python3.10/site-packages/airflow/example_dags/tutorial_dag.py
[2024-05-23T16:55:14.499+0700] {logging_mixin.py:188} INFO - [2024-05-23T16:55:14.498+0700] {dag.py:3096} INFO - Sync 1 DAGs
[2024-05-23T16:55:14.514+0700] {logging_mixin.py:188} INFO - [2024-05-23T16:55:14.513+0700] {dag.py:3954} INFO - Setting next_dagrun for tutorial_dag to None, run_after=None
[2024-05-23T16:55:14.569+0700] {processor.py:183} INFO - Processing /mnt/d/Programming/Vietnamese-Text-Generator/airflow_env/lib/python3.10/site-packages/airflow/example_dags/tutorial_dag.py took 0.130 seconds
[2024-05-23T16:56:17.710+0700] {processor.py:161} INFO - Started process (PID=22680) to work on /mnt/d/Programming/Vietnamese-Text-Generator/airflow_env/lib/python3.10/site-packages/airflow/example_dags/tutorial_dag.py
[2024-05-23T16:56:17.711+0700] {processor.py:830} INFO - Processing file /mnt/d/Programming/Vietnamese-Text-Generator/airflow_env/lib/python3.10/site-packages/airflow/example_dags/tutorial_dag.py for tasks to queue
[2024-05-23T16:56:17.713+0700] {logging_mixin.py:188} INFO - [2024-05-23T16:56:17.712+0700] {dagbag.py:540} INFO - Filling up the DagBag from /mnt/d/Programming/Vietnamese-Text-Generator/airflow_env/lib/python3.10/site-packages/airflow/example_dags/tutorial_dag.py
[2024-05-23T16:56:17.734+0700] {processor.py:840} INFO - DAG(s) 'tutorial_dag' retrieved from /mnt/d/Programming/Vietnamese-Text-Generator/airflow_env/lib/python3.10/site-packages/airflow/example_dags/tutorial_dag.py
[2024-05-23T16:56:17.770+0700] {logging_mixin.py:188} INFO - [2024-05-23T16:56:17.769+0700] {dag.py:3096} INFO - Sync 1 DAGs
[2024-05-23T16:56:17.787+0700] {logging_mixin.py:188} INFO - [2024-05-23T16:56:17.786+0700] {dag.py:3954} INFO - Setting next_dagrun for tutorial_dag to None, run_after=None
[2024-05-23T16:56:17.853+0700] {processor.py:183} INFO - Processing /mnt/d/Programming/Vietnamese-Text-Generator/airflow_env/lib/python3.10/site-packages/airflow/example_dags/tutorial_dag.py took 0.156 seconds
[2024-05-23T16:57:30.747+0700] {processor.py:161} INFO - Started process (PID=23020) to work on /mnt/d/Programming/Vietnamese-Text-Generator/airflow_env/lib/python3.10/site-packages/airflow/example_dags/tutorial_dag.py
[2024-05-23T16:57:30.749+0700] {processor.py:830} INFO - Processing file /mnt/d/Programming/Vietnamese-Text-Generator/airflow_env/lib/python3.10/site-packages/airflow/example_dags/tutorial_dag.py for tasks to queue
[2024-05-23T16:57:30.752+0700] {logging_mixin.py:188} INFO - [2024-05-23T16:57:30.751+0700] {dagbag.py:540} INFO - Filling up the DagBag from /mnt/d/Programming/Vietnamese-Text-Generator/airflow_env/lib/python3.10/site-packages/airflow/example_dags/tutorial_dag.py
[2024-05-23T16:57:30.772+0700] {processor.py:840} INFO - DAG(s) 'tutorial_dag' retrieved from /mnt/d/Programming/Vietnamese-Text-Generator/airflow_env/lib/python3.10/site-packages/airflow/example_dags/tutorial_dag.py
[2024-05-23T16:57:30.806+0700] {logging_mixin.py:188} INFO - [2024-05-23T16:57:30.805+0700] {dag.py:3096} INFO - Sync 1 DAGs
[2024-05-23T16:57:30.826+0700] {logging_mixin.py:188} INFO - [2024-05-23T16:57:30.825+0700] {dag.py:3954} INFO - Setting next_dagrun for tutorial_dag to None, run_after=None
[2024-05-23T16:57:30.885+0700] {processor.py:183} INFO - Processing /mnt/d/Programming/Vietnamese-Text-Generator/airflow_env/lib/python3.10/site-packages/airflow/example_dags/tutorial_dag.py took 0.152 seconds
[2024-05-23T16:58:38.706+0700] {processor.py:161} INFO - Started process (PID=23339) to work on /mnt/d/Programming/Vietnamese-Text-Generator/airflow_env/lib/python3.10/site-packages/airflow/example_dags/tutorial_dag.py
[2024-05-23T16:58:38.708+0700] {processor.py:830} INFO - Processing file /mnt/d/Programming/Vietnamese-Text-Generator/airflow_env/lib/python3.10/site-packages/airflow/example_dags/tutorial_dag.py for tasks to queue
[2024-05-23T16:58:38.711+0700] {logging_mixin.py:188} INFO - [2024-05-23T16:58:38.710+0700] {dagbag.py:540} INFO - Filling up the DagBag from /mnt/d/Programming/Vietnamese-Text-Generator/airflow_env/lib/python3.10/site-packages/airflow/example_dags/tutorial_dag.py
[2024-05-23T16:58:38.742+0700] {processor.py:840} INFO - DAG(s) 'tutorial_dag' retrieved from /mnt/d/Programming/Vietnamese-Text-Generator/airflow_env/lib/python3.10/site-packages/airflow/example_dags/tutorial_dag.py
[2024-05-23T16:58:38.774+0700] {logging_mixin.py:188} INFO - [2024-05-23T16:58:38.773+0700] {dag.py:3096} INFO - Sync 1 DAGs
[2024-05-23T16:58:38.789+0700] {logging_mixin.py:188} INFO - [2024-05-23T16:58:38.788+0700] {dag.py:3954} INFO - Setting next_dagrun for tutorial_dag to None, run_after=None
[2024-05-23T16:58:38.851+0700] {processor.py:183} INFO - Processing /mnt/d/Programming/Vietnamese-Text-Generator/airflow_env/lib/python3.10/site-packages/airflow/example_dags/tutorial_dag.py took 0.160 seconds
[2024-05-23T16:59:50.732+0700] {processor.py:161} INFO - Started process (PID=23674) to work on /mnt/d/Programming/Vietnamese-Text-Generator/airflow_env/lib/python3.10/site-packages/airflow/example_dags/tutorial_dag.py
[2024-05-23T16:59:50.735+0700] {processor.py:830} INFO - Processing file /mnt/d/Programming/Vietnamese-Text-Generator/airflow_env/lib/python3.10/site-packages/airflow/example_dags/tutorial_dag.py for tasks to queue
[2024-05-23T16:59:50.738+0700] {logging_mixin.py:188} INFO - [2024-05-23T16:59:50.736+0700] {dagbag.py:540} INFO - Filling up the DagBag from /mnt/d/Programming/Vietnamese-Text-Generator/airflow_env/lib/python3.10/site-packages/airflow/example_dags/tutorial_dag.py
[2024-05-23T16:59:50.756+0700] {processor.py:840} INFO - DAG(s) 'tutorial_dag' retrieved from /mnt/d/Programming/Vietnamese-Text-Generator/airflow_env/lib/python3.10/site-packages/airflow/example_dags/tutorial_dag.py
[2024-05-23T16:59:50.786+0700] {logging_mixin.py:188} INFO - [2024-05-23T16:59:50.785+0700] {dag.py:3096} INFO - Sync 1 DAGs
[2024-05-23T16:59:50.802+0700] {logging_mixin.py:188} INFO - [2024-05-23T16:59:50.801+0700] {dag.py:3954} INFO - Setting next_dagrun for tutorial_dag to None, run_after=None
[2024-05-23T16:59:50.859+0700] {processor.py:183} INFO - Processing /mnt/d/Programming/Vietnamese-Text-Generator/airflow_env/lib/python3.10/site-packages/airflow/example_dags/tutorial_dag.py took 0.138 seconds
[2024-05-23T17:00:55.801+0700] {processor.py:161} INFO - Started process (PID=23979) to work on /mnt/d/Programming/Vietnamese-Text-Generator/airflow_env/lib/python3.10/site-packages/airflow/example_dags/tutorial_dag.py
[2024-05-23T17:00:55.802+0700] {processor.py:830} INFO - Processing file /mnt/d/Programming/Vietnamese-Text-Generator/airflow_env/lib/python3.10/site-packages/airflow/example_dags/tutorial_dag.py for tasks to queue
[2024-05-23T17:00:55.804+0700] {logging_mixin.py:188} INFO - [2024-05-23T17:00:55.803+0700] {dagbag.py:540} INFO - Filling up the DagBag from /mnt/d/Programming/Vietnamese-Text-Generator/airflow_env/lib/python3.10/site-packages/airflow/example_dags/tutorial_dag.py
[2024-05-23T17:00:55.821+0700] {processor.py:840} INFO - DAG(s) 'tutorial_dag' retrieved from /mnt/d/Programming/Vietnamese-Text-Generator/airflow_env/lib/python3.10/site-packages/airflow/example_dags/tutorial_dag.py
[2024-05-23T17:00:55.851+0700] {logging_mixin.py:188} INFO - [2024-05-23T17:00:55.850+0700] {dag.py:3096} INFO - Sync 1 DAGs
[2024-05-23T17:00:55.866+0700] {logging_mixin.py:188} INFO - [2024-05-23T17:00:55.865+0700] {dag.py:3954} INFO - Setting next_dagrun for tutorial_dag to None, run_after=None
[2024-05-23T17:00:55.922+0700] {processor.py:183} INFO - Processing /mnt/d/Programming/Vietnamese-Text-Generator/airflow_env/lib/python3.10/site-packages/airflow/example_dags/tutorial_dag.py took 0.133 seconds
[2024-05-23T17:02:05.218+0700] {processor.py:161} INFO - Started process (PID=24301) to work on /mnt/d/Programming/Vietnamese-Text-Generator/airflow_env/lib/python3.10/site-packages/airflow/example_dags/tutorial_dag.py
[2024-05-23T17:02:05.219+0700] {processor.py:830} INFO - Processing file /mnt/d/Programming/Vietnamese-Text-Generator/airflow_env/lib/python3.10/site-packages/airflow/example_dags/tutorial_dag.py for tasks to queue
[2024-05-23T17:02:05.221+0700] {logging_mixin.py:188} INFO - [2024-05-23T17:02:05.220+0700] {dagbag.py:540} INFO - Filling up the DagBag from /mnt/d/Programming/Vietnamese-Text-Generator/airflow_env/lib/python3.10/site-packages/airflow/example_dags/tutorial_dag.py
[2024-05-23T17:02:05.237+0700] {processor.py:840} INFO - DAG(s) 'tutorial_dag' retrieved from /mnt/d/Programming/Vietnamese-Text-Generator/airflow_env/lib/python3.10/site-packages/airflow/example_dags/tutorial_dag.py
[2024-05-23T17:02:05.269+0700] {logging_mixin.py:188} INFO - [2024-05-23T17:02:05.268+0700] {dag.py:3096} INFO - Sync 1 DAGs
[2024-05-23T17:02:05.286+0700] {logging_mixin.py:188} INFO - [2024-05-23T17:02:05.285+0700] {dag.py:3954} INFO - Setting next_dagrun for tutorial_dag to None, run_after=None
[2024-05-23T17:02:05.345+0700] {processor.py:183} INFO - Processing /mnt/d/Programming/Vietnamese-Text-Generator/airflow_env/lib/python3.10/site-packages/airflow/example_dags/tutorial_dag.py took 0.140 seconds
[2024-05-23T17:03:17.786+0700] {processor.py:161} INFO - Started process (PID=24637) to work on /mnt/d/Programming/Vietnamese-Text-Generator/airflow_env/lib/python3.10/site-packages/airflow/example_dags/tutorial_dag.py
[2024-05-23T17:03:17.788+0700] {processor.py:830} INFO - Processing file /mnt/d/Programming/Vietnamese-Text-Generator/airflow_env/lib/python3.10/site-packages/airflow/example_dags/tutorial_dag.py for tasks to queue
[2024-05-23T17:03:17.789+0700] {logging_mixin.py:188} INFO - [2024-05-23T17:03:17.789+0700] {dagbag.py:540} INFO - Filling up the DagBag from /mnt/d/Programming/Vietnamese-Text-Generator/airflow_env/lib/python3.10/site-packages/airflow/example_dags/tutorial_dag.py
[2024-05-23T17:03:17.805+0700] {processor.py:840} INFO - DAG(s) 'tutorial_dag' retrieved from /mnt/d/Programming/Vietnamese-Text-Generator/airflow_env/lib/python3.10/site-packages/airflow/example_dags/tutorial_dag.py
[2024-05-23T17:03:17.838+0700] {logging_mixin.py:188} INFO - [2024-05-23T17:03:17.837+0700] {dag.py:3096} INFO - Sync 1 DAGs
[2024-05-23T17:03:17.853+0700] {logging_mixin.py:188} INFO - [2024-05-23T17:03:17.852+0700] {dag.py:3954} INFO - Setting next_dagrun for tutorial_dag to None, run_after=None
[2024-05-23T17:03:17.903+0700] {processor.py:183} INFO - Processing /mnt/d/Programming/Vietnamese-Text-Generator/airflow_env/lib/python3.10/site-packages/airflow/example_dags/tutorial_dag.py took 0.128 seconds
[2024-05-23T17:04:25.629+0700] {processor.py:161} INFO - Started process (PID=24953) to work on /mnt/d/Programming/Vietnamese-Text-Generator/airflow_env/lib/python3.10/site-packages/airflow/example_dags/tutorial_dag.py
[2024-05-23T17:04:25.631+0700] {processor.py:830} INFO - Processing file /mnt/d/Programming/Vietnamese-Text-Generator/airflow_env/lib/python3.10/site-packages/airflow/example_dags/tutorial_dag.py for tasks to queue
[2024-05-23T17:04:25.633+0700] {logging_mixin.py:188} INFO - [2024-05-23T17:04:25.632+0700] {dagbag.py:540} INFO - Filling up the DagBag from /mnt/d/Programming/Vietnamese-Text-Generator/airflow_env/lib/python3.10/site-packages/airflow/example_dags/tutorial_dag.py
[2024-05-23T17:04:25.649+0700] {processor.py:840} INFO - DAG(s) 'tutorial_dag' retrieved from /mnt/d/Programming/Vietnamese-Text-Generator/airflow_env/lib/python3.10/site-packages/airflow/example_dags/tutorial_dag.py
[2024-05-23T17:04:25.677+0700] {logging_mixin.py:188} INFO - [2024-05-23T17:04:25.676+0700] {dag.py:3096} INFO - Sync 1 DAGs
[2024-05-23T17:04:25.692+0700] {logging_mixin.py:188} INFO - [2024-05-23T17:04:25.691+0700] {dag.py:3954} INFO - Setting next_dagrun for tutorial_dag to None, run_after=None
[2024-05-23T17:04:25.741+0700] {processor.py:183} INFO - Processing /mnt/d/Programming/Vietnamese-Text-Generator/airflow_env/lib/python3.10/site-packages/airflow/example_dags/tutorial_dag.py took 0.123 seconds
