[2024-05-23T15:42:32.493+0700] {processor.py:161} INFO - Started process (PID=1035) to work on /mnt/d/Programming/Vietnamese-Text-Generator/airflow_env/lib/python3.10/site-packages/airflow/example_dags/tutorial_objectstorage.py
[2024-05-23T15:42:32.495+0700] {processor.py:830} INFO - Processing file /mnt/d/Programming/Vietnamese-Text-Generator/airflow_env/lib/python3.10/site-packages/airflow/example_dags/tutorial_objectstorage.py for tasks to queue
[2024-05-23T15:42:32.499+0700] {logging_mixin.py:188} INFO - [2024-05-23T15:42:32.498+0700] {dagbag.py:540} INFO - Filling up the DagBag from /mnt/d/Programming/Vietnamese-Text-Generator/airflow_env/lib/python3.10/site-packages/airflow/example_dags/tutorial_objectstorage.py
[2024-05-23T15:42:32.586+0700] {processor.py:840} INFO - DAG(s) 'tutorial_objectstorage' retrieved from /mnt/d/Programming/Vietnamese-Text-Generator/airflow_env/lib/python3.10/site-packages/airflow/example_dags/tutorial_objectstorage.py
[2024-05-23T15:42:32.694+0700] {logging_mixin.py:188} INFO - [2024-05-23T15:42:32.693+0700] {dag.py:3096} INFO - Sync 1 DAGs
[2024-05-23T15:42:32.711+0700] {logging_mixin.py:188} INFO - [2024-05-23T15:42:32.710+0700] {dag.py:3954} INFO - Setting next_dagrun for tutorial_objectstorage to None, run_after=None
[2024-05-23T15:42:32.774+0700] {processor.py:183} INFO - Processing /mnt/d/Programming/Vietnamese-Text-Generator/airflow_env/lib/python3.10/site-packages/airflow/example_dags/tutorial_objectstorage.py took 0.292 seconds
[2024-05-23T15:43:49.335+0700] {processor.py:161} INFO - Started process (PID=1402) to work on /mnt/d/Programming/Vietnamese-Text-Generator/airflow_env/lib/python3.10/site-packages/airflow/example_dags/tutorial_objectstorage.py
[2024-05-23T15:43:49.338+0700] {processor.py:830} INFO - Processing file /mnt/d/Programming/Vietnamese-Text-Generator/airflow_env/lib/python3.10/site-packages/airflow/example_dags/tutorial_objectstorage.py for tasks to queue
[2024-05-23T15:43:49.342+0700] {logging_mixin.py:188} INFO - [2024-05-23T15:43:49.341+0700] {dagbag.py:540} INFO - Filling up the DagBag from /mnt/d/Programming/Vietnamese-Text-Generator/airflow_env/lib/python3.10/site-packages/airflow/example_dags/tutorial_objectstorage.py
[2024-05-23T15:43:49.371+0700] {processor.py:840} INFO - DAG(s) 'tutorial_objectstorage' retrieved from /mnt/d/Programming/Vietnamese-Text-Generator/airflow_env/lib/python3.10/site-packages/airflow/example_dags/tutorial_objectstorage.py
[2024-05-23T15:43:49.404+0700] {logging_mixin.py:188} INFO - [2024-05-23T15:43:49.402+0700] {dag.py:3096} INFO - Sync 1 DAGs
[2024-05-23T15:43:49.423+0700] {logging_mixin.py:188} INFO - [2024-05-23T15:43:49.422+0700] {dag.py:3954} INFO - Setting next_dagrun for tutorial_objectstorage to None, run_after=None
[2024-05-23T15:43:49.498+0700] {processor.py:183} INFO - Processing /mnt/d/Programming/Vietnamese-Text-Generator/airflow_env/lib/python3.10/site-packages/airflow/example_dags/tutorial_objectstorage.py took 0.179 seconds
[2024-05-23T15:44:33.445+0700] {processor.py:161} INFO - Started process (PID=1618) to work on /mnt/d/Programming/Vietnamese-Text-Generator/airflow_env/lib/python3.10/site-packages/airflow/example_dags/tutorial_objectstorage.py
[2024-05-23T15:44:33.446+0700] {processor.py:830} INFO - Processing file /mnt/d/Programming/Vietnamese-Text-Generator/airflow_env/lib/python3.10/site-packages/airflow/example_dags/tutorial_objectstorage.py for tasks to queue
[2024-05-23T15:44:33.450+0700] {logging_mixin.py:188} INFO - [2024-05-23T15:44:33.449+0700] {dagbag.py:540} INFO - Filling up the DagBag from /mnt/d/Programming/Vietnamese-Text-Generator/airflow_env/lib/python3.10/site-packages/airflow/example_dags/tutorial_objectstorage.py
[2024-05-23T15:44:33.474+0700] {processor.py:840} INFO - DAG(s) 'tutorial_objectstorage' retrieved from /mnt/d/Programming/Vietnamese-Text-Generator/airflow_env/lib/python3.10/site-packages/airflow/example_dags/tutorial_objectstorage.py
[2024-05-23T15:44:33.510+0700] {logging_mixin.py:188} INFO - [2024-05-23T15:44:33.509+0700] {dag.py:3096} INFO - Sync 1 DAGs
[2024-05-23T15:44:33.533+0700] {logging_mixin.py:188} INFO - [2024-05-23T15:44:33.532+0700] {dag.py:3954} INFO - Setting next_dagrun for tutorial_objectstorage to None, run_after=None
[2024-05-23T15:44:33.613+0700] {processor.py:183} INFO - Processing /mnt/d/Programming/Vietnamese-Text-Generator/airflow_env/lib/python3.10/site-packages/airflow/example_dags/tutorial_objectstorage.py took 0.180 seconds
[2024-05-23T15:45:42.490+0700] {processor.py:161} INFO - Started process (PID=1954) to work on /mnt/d/Programming/Vietnamese-Text-Generator/airflow_env/lib/python3.10/site-packages/airflow/example_dags/tutorial_objectstorage.py
[2024-05-23T15:45:42.492+0700] {processor.py:830} INFO - Processing file /mnt/d/Programming/Vietnamese-Text-Generator/airflow_env/lib/python3.10/site-packages/airflow/example_dags/tutorial_objectstorage.py for tasks to queue
[2024-05-23T15:45:42.496+0700] {logging_mixin.py:188} INFO - [2024-05-23T15:45:42.495+0700] {dagbag.py:540} INFO - Filling up the DagBag from /mnt/d/Programming/Vietnamese-Text-Generator/airflow_env/lib/python3.10/site-packages/airflow/example_dags/tutorial_objectstorage.py
[2024-05-23T15:45:42.520+0700] {processor.py:840} INFO - DAG(s) 'tutorial_objectstorage' retrieved from /mnt/d/Programming/Vietnamese-Text-Generator/airflow_env/lib/python3.10/site-packages/airflow/example_dags/tutorial_objectstorage.py
[2024-05-23T15:45:42.545+0700] {logging_mixin.py:188} INFO - [2024-05-23T15:45:42.544+0700] {dag.py:3096} INFO - Sync 1 DAGs
[2024-05-23T15:45:42.558+0700] {logging_mixin.py:188} INFO - [2024-05-23T15:45:42.557+0700] {dag.py:3954} INFO - Setting next_dagrun for tutorial_objectstorage to None, run_after=None
[2024-05-23T15:45:42.608+0700] {processor.py:183} INFO - Processing /mnt/d/Programming/Vietnamese-Text-Generator/airflow_env/lib/python3.10/site-packages/airflow/example_dags/tutorial_objectstorage.py took 0.131 seconds
[2024-05-23T15:46:54.768+0700] {processor.py:161} INFO - Started process (PID=2651) to work on /mnt/d/Programming/Vietnamese-Text-Generator/airflow_env/lib/python3.10/site-packages/airflow/example_dags/tutorial_objectstorage.py
[2024-05-23T15:46:54.771+0700] {processor.py:830} INFO - Processing file /mnt/d/Programming/Vietnamese-Text-Generator/airflow_env/lib/python3.10/site-packages/airflow/example_dags/tutorial_objectstorage.py for tasks to queue
[2024-05-23T15:46:54.776+0700] {logging_mixin.py:188} INFO - [2024-05-23T15:46:54.774+0700] {dagbag.py:540} INFO - Filling up the DagBag from /mnt/d/Programming/Vietnamese-Text-Generator/airflow_env/lib/python3.10/site-packages/airflow/example_dags/tutorial_objectstorage.py
[2024-05-23T15:46:54.800+0700] {processor.py:840} INFO - DAG(s) 'tutorial_objectstorage' retrieved from /mnt/d/Programming/Vietnamese-Text-Generator/airflow_env/lib/python3.10/site-packages/airflow/example_dags/tutorial_objectstorage.py
[2024-05-23T15:46:54.839+0700] {logging_mixin.py:188} INFO - [2024-05-23T15:46:54.838+0700] {dag.py:3096} INFO - Sync 1 DAGs
[2024-05-23T15:46:54.858+0700] {logging_mixin.py:188} INFO - [2024-05-23T15:46:54.857+0700] {dag.py:3954} INFO - Setting next_dagrun for tutorial_objectstorage to None, run_after=None
[2024-05-23T15:46:54.929+0700] {processor.py:183} INFO - Processing /mnt/d/Programming/Vietnamese-Text-Generator/airflow_env/lib/python3.10/site-packages/airflow/example_dags/tutorial_objectstorage.py took 0.180 seconds
[2024-05-23T15:47:59.150+0700] {processor.py:161} INFO - Started process (PID=2957) to work on /mnt/d/Programming/Vietnamese-Text-Generator/airflow_env/lib/python3.10/site-packages/airflow/example_dags/tutorial_objectstorage.py
[2024-05-23T15:47:59.153+0700] {processor.py:830} INFO - Processing file /mnt/d/Programming/Vietnamese-Text-Generator/airflow_env/lib/python3.10/site-packages/airflow/example_dags/tutorial_objectstorage.py for tasks to queue
[2024-05-23T15:47:59.158+0700] {logging_mixin.py:188} INFO - [2024-05-23T15:47:59.156+0700] {dagbag.py:540} INFO - Filling up the DagBag from /mnt/d/Programming/Vietnamese-Text-Generator/airflow_env/lib/python3.10/site-packages/airflow/example_dags/tutorial_objectstorage.py
[2024-05-23T15:47:59.186+0700] {processor.py:840} INFO - DAG(s) 'tutorial_objectstorage' retrieved from /mnt/d/Programming/Vietnamese-Text-Generator/airflow_env/lib/python3.10/site-packages/airflow/example_dags/tutorial_objectstorage.py
[2024-05-23T15:47:59.224+0700] {logging_mixin.py:188} INFO - [2024-05-23T15:47:59.222+0700] {dag.py:3096} INFO - Sync 1 DAGs
[2024-05-23T15:47:59.243+0700] {logging_mixin.py:188} INFO - [2024-05-23T15:47:59.242+0700] {dag.py:3954} INFO - Setting next_dagrun for tutorial_objectstorage to None, run_after=None
[2024-05-23T15:47:59.301+0700] {processor.py:183} INFO - Processing /mnt/d/Programming/Vietnamese-Text-Generator/airflow_env/lib/python3.10/site-packages/airflow/example_dags/tutorial_objectstorage.py took 0.166 seconds
[2024-05-23T15:54:34.628+0700] {processor.py:161} INFO - Started process (PID=4621) to work on /mnt/d/Programming/Vietnamese-Text-Generator/airflow_env/lib/python3.10/site-packages/airflow/example_dags/tutorial_objectstorage.py
[2024-05-23T15:54:34.631+0700] {processor.py:830} INFO - Processing file /mnt/d/Programming/Vietnamese-Text-Generator/airflow_env/lib/python3.10/site-packages/airflow/example_dags/tutorial_objectstorage.py for tasks to queue
[2024-05-23T15:54:34.633+0700] {logging_mixin.py:188} INFO - [2024-05-23T15:54:34.632+0700] {dagbag.py:540} INFO - Filling up the DagBag from /mnt/d/Programming/Vietnamese-Text-Generator/airflow_env/lib/python3.10/site-packages/airflow/example_dags/tutorial_objectstorage.py
[2024-05-23T15:54:34.657+0700] {processor.py:840} INFO - DAG(s) 'tutorial_objectstorage' retrieved from /mnt/d/Programming/Vietnamese-Text-Generator/airflow_env/lib/python3.10/site-packages/airflow/example_dags/tutorial_objectstorage.py
[2024-05-23T15:54:34.754+0700] {logging_mixin.py:188} INFO - [2024-05-23T15:54:34.753+0700] {dag.py:3096} INFO - Sync 1 DAGs
[2024-05-23T15:54:34.769+0700] {logging_mixin.py:188} INFO - [2024-05-23T15:54:34.768+0700] {dag.py:3954} INFO - Setting next_dagrun for tutorial_objectstorage to None, run_after=None
[2024-05-23T15:54:34.821+0700] {processor.py:183} INFO - Processing /mnt/d/Programming/Vietnamese-Text-Generator/airflow_env/lib/python3.10/site-packages/airflow/example_dags/tutorial_objectstorage.py took 0.208 seconds
[2024-05-23T15:55:41.966+0700] {processor.py:161} INFO - Started process (PID=4942) to work on /mnt/d/Programming/Vietnamese-Text-Generator/airflow_env/lib/python3.10/site-packages/airflow/example_dags/tutorial_objectstorage.py
[2024-05-23T15:55:41.968+0700] {processor.py:830} INFO - Processing file /mnt/d/Programming/Vietnamese-Text-Generator/airflow_env/lib/python3.10/site-packages/airflow/example_dags/tutorial_objectstorage.py for tasks to queue
[2024-05-23T15:55:41.971+0700] {logging_mixin.py:188} INFO - [2024-05-23T15:55:41.969+0700] {dagbag.py:540} INFO - Filling up the DagBag from /mnt/d/Programming/Vietnamese-Text-Generator/airflow_env/lib/python3.10/site-packages/airflow/example_dags/tutorial_objectstorage.py
[2024-05-23T15:55:41.990+0700] {processor.py:840} INFO - DAG(s) 'tutorial_objectstorage' retrieved from /mnt/d/Programming/Vietnamese-Text-Generator/airflow_env/lib/python3.10/site-packages/airflow/example_dags/tutorial_objectstorage.py
[2024-05-23T15:55:42.019+0700] {logging_mixin.py:188} INFO - [2024-05-23T15:55:42.018+0700] {dag.py:3096} INFO - Sync 1 DAGs
[2024-05-23T15:55:42.035+0700] {logging_mixin.py:188} INFO - [2024-05-23T15:55:42.033+0700] {dag.py:3954} INFO - Setting next_dagrun for tutorial_objectstorage to None, run_after=None
[2024-05-23T15:55:42.090+0700] {processor.py:183} INFO - Processing /mnt/d/Programming/Vietnamese-Text-Generator/airflow_env/lib/python3.10/site-packages/airflow/example_dags/tutorial_objectstorage.py took 0.136 seconds
[2024-05-23T15:56:50.108+0700] {processor.py:161} INFO - Started process (PID=5261) to work on /mnt/d/Programming/Vietnamese-Text-Generator/airflow_env/lib/python3.10/site-packages/airflow/example_dags/tutorial_objectstorage.py
[2024-05-23T15:56:50.110+0700] {processor.py:830} INFO - Processing file /mnt/d/Programming/Vietnamese-Text-Generator/airflow_env/lib/python3.10/site-packages/airflow/example_dags/tutorial_objectstorage.py for tasks to queue
[2024-05-23T15:56:50.112+0700] {logging_mixin.py:188} INFO - [2024-05-23T15:56:50.111+0700] {dagbag.py:540} INFO - Filling up the DagBag from /mnt/d/Programming/Vietnamese-Text-Generator/airflow_env/lib/python3.10/site-packages/airflow/example_dags/tutorial_objectstorage.py
[2024-05-23T15:56:50.139+0700] {processor.py:840} INFO - DAG(s) 'tutorial_objectstorage' retrieved from /mnt/d/Programming/Vietnamese-Text-Generator/airflow_env/lib/python3.10/site-packages/airflow/example_dags/tutorial_objectstorage.py
[2024-05-23T15:56:50.172+0700] {logging_mixin.py:188} INFO - [2024-05-23T15:56:50.170+0700] {dag.py:3096} INFO - Sync 1 DAGs
[2024-05-23T15:56:50.193+0700] {logging_mixin.py:188} INFO - [2024-05-23T15:56:50.192+0700] {dag.py:3954} INFO - Setting next_dagrun for tutorial_objectstorage to None, run_after=None
[2024-05-23T15:56:50.266+0700] {processor.py:183} INFO - Processing /mnt/d/Programming/Vietnamese-Text-Generator/airflow_env/lib/python3.10/site-packages/airflow/example_dags/tutorial_objectstorage.py took 0.170 seconds
[2024-05-23T15:57:59.130+0700] {processor.py:161} INFO - Started process (PID=5587) to work on /mnt/d/Programming/Vietnamese-Text-Generator/airflow_env/lib/python3.10/site-packages/airflow/example_dags/tutorial_objectstorage.py
[2024-05-23T15:57:59.131+0700] {processor.py:830} INFO - Processing file /mnt/d/Programming/Vietnamese-Text-Generator/airflow_env/lib/python3.10/site-packages/airflow/example_dags/tutorial_objectstorage.py for tasks to queue
[2024-05-23T15:57:59.133+0700] {logging_mixin.py:188} INFO - [2024-05-23T15:57:59.132+0700] {dagbag.py:540} INFO - Filling up the DagBag from /mnt/d/Programming/Vietnamese-Text-Generator/airflow_env/lib/python3.10/site-packages/airflow/example_dags/tutorial_objectstorage.py
[2024-05-23T15:57:59.155+0700] {processor.py:840} INFO - DAG(s) 'tutorial_objectstorage' retrieved from /mnt/d/Programming/Vietnamese-Text-Generator/airflow_env/lib/python3.10/site-packages/airflow/example_dags/tutorial_objectstorage.py
[2024-05-23T15:57:59.185+0700] {logging_mixin.py:188} INFO - [2024-05-23T15:57:59.183+0700] {dag.py:3096} INFO - Sync 1 DAGs
[2024-05-23T15:57:59.201+0700] {logging_mixin.py:188} INFO - [2024-05-23T15:57:59.199+0700] {dag.py:3954} INFO - Setting next_dagrun for tutorial_objectstorage to None, run_after=None
[2024-05-23T15:57:59.262+0700] {processor.py:183} INFO - Processing /mnt/d/Programming/Vietnamese-Text-Generator/airflow_env/lib/python3.10/site-packages/airflow/example_dags/tutorial_objectstorage.py took 0.147 seconds
[2024-05-23T15:59:10.716+0700] {processor.py:161} INFO - Started process (PID=5923) to work on /mnt/d/Programming/Vietnamese-Text-Generator/airflow_env/lib/python3.10/site-packages/airflow/example_dags/tutorial_objectstorage.py
[2024-05-23T15:59:10.717+0700] {processor.py:830} INFO - Processing file /mnt/d/Programming/Vietnamese-Text-Generator/airflow_env/lib/python3.10/site-packages/airflow/example_dags/tutorial_objectstorage.py for tasks to queue
[2024-05-23T15:59:10.720+0700] {logging_mixin.py:188} INFO - [2024-05-23T15:59:10.718+0700] {dagbag.py:540} INFO - Filling up the DagBag from /mnt/d/Programming/Vietnamese-Text-Generator/airflow_env/lib/python3.10/site-packages/airflow/example_dags/tutorial_objectstorage.py
[2024-05-23T15:59:10.742+0700] {processor.py:840} INFO - DAG(s) 'tutorial_objectstorage' retrieved from /mnt/d/Programming/Vietnamese-Text-Generator/airflow_env/lib/python3.10/site-packages/airflow/example_dags/tutorial_objectstorage.py
[2024-05-23T15:59:10.775+0700] {logging_mixin.py:188} INFO - [2024-05-23T15:59:10.773+0700] {dag.py:3096} INFO - Sync 1 DAGs
[2024-05-23T15:59:10.792+0700] {logging_mixin.py:188} INFO - [2024-05-23T15:59:10.791+0700] {dag.py:3954} INFO - Setting next_dagrun for tutorial_objectstorage to None, run_after=None
[2024-05-23T15:59:10.868+0700] {processor.py:183} INFO - Processing /mnt/d/Programming/Vietnamese-Text-Generator/airflow_env/lib/python3.10/site-packages/airflow/example_dags/tutorial_objectstorage.py took 0.167 seconds
[2024-05-23T16:00:18.865+0700] {processor.py:161} INFO - Started process (PID=6246) to work on /mnt/d/Programming/Vietnamese-Text-Generator/airflow_env/lib/python3.10/site-packages/airflow/example_dags/tutorial_objectstorage.py
[2024-05-23T16:00:18.867+0700] {processor.py:830} INFO - Processing file /mnt/d/Programming/Vietnamese-Text-Generator/airflow_env/lib/python3.10/site-packages/airflow/example_dags/tutorial_objectstorage.py for tasks to queue
[2024-05-23T16:00:18.869+0700] {logging_mixin.py:188} INFO - [2024-05-23T16:00:18.868+0700] {dagbag.py:540} INFO - Filling up the DagBag from /mnt/d/Programming/Vietnamese-Text-Generator/airflow_env/lib/python3.10/site-packages/airflow/example_dags/tutorial_objectstorage.py
[2024-05-23T16:00:18.888+0700] {processor.py:840} INFO - DAG(s) 'tutorial_objectstorage' retrieved from /mnt/d/Programming/Vietnamese-Text-Generator/airflow_env/lib/python3.10/site-packages/airflow/example_dags/tutorial_objectstorage.py
[2024-05-23T16:00:18.921+0700] {logging_mixin.py:188} INFO - [2024-05-23T16:00:18.920+0700] {dag.py:3096} INFO - Sync 1 DAGs
[2024-05-23T16:00:18.938+0700] {logging_mixin.py:188} INFO - [2024-05-23T16:00:18.936+0700] {dag.py:3954} INFO - Setting next_dagrun for tutorial_objectstorage to None, run_after=None
[2024-05-23T16:00:18.994+0700] {processor.py:183} INFO - Processing /mnt/d/Programming/Vietnamese-Text-Generator/airflow_env/lib/python3.10/site-packages/airflow/example_dags/tutorial_objectstorage.py took 0.140 seconds
[2024-05-23T16:01:25.459+0700] {processor.py:161} INFO - Started process (PID=6561) to work on /mnt/d/Programming/Vietnamese-Text-Generator/airflow_env/lib/python3.10/site-packages/airflow/example_dags/tutorial_objectstorage.py
[2024-05-23T16:01:25.461+0700] {processor.py:830} INFO - Processing file /mnt/d/Programming/Vietnamese-Text-Generator/airflow_env/lib/python3.10/site-packages/airflow/example_dags/tutorial_objectstorage.py for tasks to queue
[2024-05-23T16:01:25.463+0700] {logging_mixin.py:188} INFO - [2024-05-23T16:01:25.462+0700] {dagbag.py:540} INFO - Filling up the DagBag from /mnt/d/Programming/Vietnamese-Text-Generator/airflow_env/lib/python3.10/site-packages/airflow/example_dags/tutorial_objectstorage.py
[2024-05-23T16:01:25.482+0700] {processor.py:840} INFO - DAG(s) 'tutorial_objectstorage' retrieved from /mnt/d/Programming/Vietnamese-Text-Generator/airflow_env/lib/python3.10/site-packages/airflow/example_dags/tutorial_objectstorage.py
[2024-05-23T16:01:25.510+0700] {logging_mixin.py:188} INFO - [2024-05-23T16:01:25.509+0700] {dag.py:3096} INFO - Sync 1 DAGs
[2024-05-23T16:01:25.523+0700] {logging_mixin.py:188} INFO - [2024-05-23T16:01:25.523+0700] {dag.py:3954} INFO - Setting next_dagrun for tutorial_objectstorage to None, run_after=None
[2024-05-23T16:01:25.574+0700] {processor.py:183} INFO - Processing /mnt/d/Programming/Vietnamese-Text-Generator/airflow_env/lib/python3.10/site-packages/airflow/example_dags/tutorial_objectstorage.py took 0.126 seconds
[2024-05-23T16:02:33.036+0700] {processor.py:161} INFO - Started process (PID=6880) to work on /mnt/d/Programming/Vietnamese-Text-Generator/airflow_env/lib/python3.10/site-packages/airflow/example_dags/tutorial_objectstorage.py
[2024-05-23T16:02:33.038+0700] {processor.py:830} INFO - Processing file /mnt/d/Programming/Vietnamese-Text-Generator/airflow_env/lib/python3.10/site-packages/airflow/example_dags/tutorial_objectstorage.py for tasks to queue
[2024-05-23T16:02:33.041+0700] {logging_mixin.py:188} INFO - [2024-05-23T16:02:33.040+0700] {dagbag.py:540} INFO - Filling up the DagBag from /mnt/d/Programming/Vietnamese-Text-Generator/airflow_env/lib/python3.10/site-packages/airflow/example_dags/tutorial_objectstorage.py
[2024-05-23T16:02:33.078+0700] {processor.py:840} INFO - DAG(s) 'tutorial_objectstorage' retrieved from /mnt/d/Programming/Vietnamese-Text-Generator/airflow_env/lib/python3.10/site-packages/airflow/example_dags/tutorial_objectstorage.py
[2024-05-23T16:02:33.104+0700] {logging_mixin.py:188} INFO - [2024-05-23T16:02:33.103+0700] {dag.py:3096} INFO - Sync 1 DAGs
[2024-05-23T16:02:33.119+0700] {logging_mixin.py:188} INFO - [2024-05-23T16:02:33.118+0700] {dag.py:3954} INFO - Setting next_dagrun for tutorial_objectstorage to None, run_after=None
[2024-05-23T16:02:33.179+0700] {processor.py:183} INFO - Processing /mnt/d/Programming/Vietnamese-Text-Generator/airflow_env/lib/python3.10/site-packages/airflow/example_dags/tutorial_objectstorage.py took 0.164 seconds
[2024-05-23T16:03:45.127+0700] {processor.py:161} INFO - Started process (PID=7216) to work on /mnt/d/Programming/Vietnamese-Text-Generator/airflow_env/lib/python3.10/site-packages/airflow/example_dags/tutorial_objectstorage.py
[2024-05-23T16:03:45.129+0700] {processor.py:830} INFO - Processing file /mnt/d/Programming/Vietnamese-Text-Generator/airflow_env/lib/python3.10/site-packages/airflow/example_dags/tutorial_objectstorage.py for tasks to queue
[2024-05-23T16:03:45.132+0700] {logging_mixin.py:188} INFO - [2024-05-23T16:03:45.131+0700] {dagbag.py:540} INFO - Filling up the DagBag from /mnt/d/Programming/Vietnamese-Text-Generator/airflow_env/lib/python3.10/site-packages/airflow/example_dags/tutorial_objectstorage.py
[2024-05-23T16:03:45.151+0700] {processor.py:840} INFO - DAG(s) 'tutorial_objectstorage' retrieved from /mnt/d/Programming/Vietnamese-Text-Generator/airflow_env/lib/python3.10/site-packages/airflow/example_dags/tutorial_objectstorage.py
[2024-05-23T16:03:45.180+0700] {logging_mixin.py:188} INFO - [2024-05-23T16:03:45.178+0700] {dag.py:3096} INFO - Sync 1 DAGs
[2024-05-23T16:03:45.194+0700] {logging_mixin.py:188} INFO - [2024-05-23T16:03:45.193+0700] {dag.py:3954} INFO - Setting next_dagrun for tutorial_objectstorage to None, run_after=None
[2024-05-23T16:03:45.262+0700] {processor.py:183} INFO - Processing /mnt/d/Programming/Vietnamese-Text-Generator/airflow_env/lib/python3.10/site-packages/airflow/example_dags/tutorial_objectstorage.py took 0.147 seconds
[2024-05-23T16:34:51.795+0700] {processor.py:161} INFO - Started process (PID=16999) to work on /mnt/d/Programming/Vietnamese-Text-Generator/airflow_env/lib/python3.10/site-packages/airflow/example_dags/tutorial_objectstorage.py
[2024-05-23T16:34:51.797+0700] {processor.py:830} INFO - Processing file /mnt/d/Programming/Vietnamese-Text-Generator/airflow_env/lib/python3.10/site-packages/airflow/example_dags/tutorial_objectstorage.py for tasks to queue
[2024-05-23T16:34:51.799+0700] {logging_mixin.py:188} INFO - [2024-05-23T16:34:51.798+0700] {dagbag.py:540} INFO - Filling up the DagBag from /mnt/d/Programming/Vietnamese-Text-Generator/airflow_env/lib/python3.10/site-packages/airflow/example_dags/tutorial_objectstorage.py
[2024-05-23T16:34:51.822+0700] {processor.py:840} INFO - DAG(s) 'tutorial_objectstorage' retrieved from /mnt/d/Programming/Vietnamese-Text-Generator/airflow_env/lib/python3.10/site-packages/airflow/example_dags/tutorial_objectstorage.py
[2024-05-23T16:34:51.939+0700] {logging_mixin.py:188} INFO - [2024-05-23T16:34:51.938+0700] {dag.py:3096} INFO - Sync 1 DAGs
[2024-05-23T16:34:51.956+0700] {logging_mixin.py:188} INFO - [2024-05-23T16:34:51.955+0700] {dag.py:3954} INFO - Setting next_dagrun for tutorial_objectstorage to None, run_after=None
[2024-05-23T16:34:52.023+0700] {processor.py:183} INFO - Processing /mnt/d/Programming/Vietnamese-Text-Generator/airflow_env/lib/python3.10/site-packages/airflow/example_dags/tutorial_objectstorage.py took 0.245 seconds
[2024-05-23T16:36:00.086+0700] {processor.py:161} INFO - Started process (PID=17319) to work on /mnt/d/Programming/Vietnamese-Text-Generator/airflow_env/lib/python3.10/site-packages/airflow/example_dags/tutorial_objectstorage.py
[2024-05-23T16:36:00.088+0700] {processor.py:830} INFO - Processing file /mnt/d/Programming/Vietnamese-Text-Generator/airflow_env/lib/python3.10/site-packages/airflow/example_dags/tutorial_objectstorage.py for tasks to queue
[2024-05-23T16:36:00.091+0700] {logging_mixin.py:188} INFO - [2024-05-23T16:36:00.090+0700] {dagbag.py:540} INFO - Filling up the DagBag from /mnt/d/Programming/Vietnamese-Text-Generator/airflow_env/lib/python3.10/site-packages/airflow/example_dags/tutorial_objectstorage.py
[2024-05-23T16:36:00.122+0700] {processor.py:840} INFO - DAG(s) 'tutorial_objectstorage' retrieved from /mnt/d/Programming/Vietnamese-Text-Generator/airflow_env/lib/python3.10/site-packages/airflow/example_dags/tutorial_objectstorage.py
[2024-05-23T16:36:00.158+0700] {logging_mixin.py:188} INFO - [2024-05-23T16:36:00.157+0700] {dag.py:3096} INFO - Sync 1 DAGs
[2024-05-23T16:36:00.179+0700] {logging_mixin.py:188} INFO - [2024-05-23T16:36:00.178+0700] {dag.py:3954} INFO - Setting next_dagrun for tutorial_objectstorage to None, run_after=None
[2024-05-23T16:36:00.243+0700] {processor.py:183} INFO - Processing /mnt/d/Programming/Vietnamese-Text-Generator/airflow_env/lib/python3.10/site-packages/airflow/example_dags/tutorial_objectstorage.py took 0.175 seconds
[2024-05-23T16:37:15.226+0700] {processor.py:161} INFO - Started process (PID=17669) to work on /mnt/d/Programming/Vietnamese-Text-Generator/airflow_env/lib/python3.10/site-packages/airflow/example_dags/tutorial_objectstorage.py
[2024-05-23T16:37:15.227+0700] {processor.py:830} INFO - Processing file /mnt/d/Programming/Vietnamese-Text-Generator/airflow_env/lib/python3.10/site-packages/airflow/example_dags/tutorial_objectstorage.py for tasks to queue
[2024-05-23T16:37:15.230+0700] {logging_mixin.py:188} INFO - [2024-05-23T16:37:15.229+0700] {dagbag.py:540} INFO - Filling up the DagBag from /mnt/d/Programming/Vietnamese-Text-Generator/airflow_env/lib/python3.10/site-packages/airflow/example_dags/tutorial_objectstorage.py
[2024-05-23T16:37:15.248+0700] {processor.py:840} INFO - DAG(s) 'tutorial_objectstorage' retrieved from /mnt/d/Programming/Vietnamese-Text-Generator/airflow_env/lib/python3.10/site-packages/airflow/example_dags/tutorial_objectstorage.py
[2024-05-23T16:37:15.277+0700] {logging_mixin.py:188} INFO - [2024-05-23T16:37:15.275+0700] {dag.py:3096} INFO - Sync 1 DAGs
[2024-05-23T16:37:15.291+0700] {logging_mixin.py:188} INFO - [2024-05-23T16:37:15.290+0700] {dag.py:3954} INFO - Setting next_dagrun for tutorial_objectstorage to None, run_after=None
[2024-05-23T16:37:15.346+0700] {processor.py:183} INFO - Processing /mnt/d/Programming/Vietnamese-Text-Generator/airflow_env/lib/python3.10/site-packages/airflow/example_dags/tutorial_objectstorage.py took 0.132 seconds
[2024-05-23T16:49:41.656+0700] {processor.py:161} INFO - Started process (PID=20829) to work on /mnt/d/Programming/Vietnamese-Text-Generator/airflow_env/lib/python3.10/site-packages/airflow/example_dags/tutorial_objectstorage.py
[2024-05-23T16:49:41.658+0700] {processor.py:830} INFO - Processing file /mnt/d/Programming/Vietnamese-Text-Generator/airflow_env/lib/python3.10/site-packages/airflow/example_dags/tutorial_objectstorage.py for tasks to queue
[2024-05-23T16:49:41.660+0700] {logging_mixin.py:188} INFO - [2024-05-23T16:49:41.660+0700] {dagbag.py:540} INFO - Filling up the DagBag from /mnt/d/Programming/Vietnamese-Text-Generator/airflow_env/lib/python3.10/site-packages/airflow/example_dags/tutorial_objectstorage.py
[2024-05-23T16:49:41.682+0700] {processor.py:840} INFO - DAG(s) 'tutorial_objectstorage' retrieved from /mnt/d/Programming/Vietnamese-Text-Generator/airflow_env/lib/python3.10/site-packages/airflow/example_dags/tutorial_objectstorage.py
[2024-05-23T16:49:41.786+0700] {logging_mixin.py:188} INFO - [2024-05-23T16:49:41.784+0700] {dag.py:3096} INFO - Sync 1 DAGs
[2024-05-23T16:49:41.802+0700] {logging_mixin.py:188} INFO - [2024-05-23T16:49:41.801+0700] {dag.py:3954} INFO - Setting next_dagrun for tutorial_objectstorage to None, run_after=None
[2024-05-23T16:49:41.879+0700] {processor.py:183} INFO - Processing /mnt/d/Programming/Vietnamese-Text-Generator/airflow_env/lib/python3.10/site-packages/airflow/example_dags/tutorial_objectstorage.py took 0.237 seconds
[2024-05-23T16:50:56.769+0700] {processor.py:161} INFO - Started process (PID=21180) to work on /mnt/d/Programming/Vietnamese-Text-Generator/airflow_env/lib/python3.10/site-packages/airflow/example_dags/tutorial_objectstorage.py
[2024-05-23T16:50:56.772+0700] {processor.py:830} INFO - Processing file /mnt/d/Programming/Vietnamese-Text-Generator/airflow_env/lib/python3.10/site-packages/airflow/example_dags/tutorial_objectstorage.py for tasks to queue
[2024-05-23T16:50:56.775+0700] {logging_mixin.py:188} INFO - [2024-05-23T16:50:56.774+0700] {dagbag.py:540} INFO - Filling up the DagBag from /mnt/d/Programming/Vietnamese-Text-Generator/airflow_env/lib/python3.10/site-packages/airflow/example_dags/tutorial_objectstorage.py
[2024-05-23T16:50:56.802+0700] {processor.py:840} INFO - DAG(s) 'tutorial_objectstorage' retrieved from /mnt/d/Programming/Vietnamese-Text-Generator/airflow_env/lib/python3.10/site-packages/airflow/example_dags/tutorial_objectstorage.py
[2024-05-23T16:50:56.840+0700] {logging_mixin.py:188} INFO - [2024-05-23T16:50:56.839+0700] {dag.py:3096} INFO - Sync 1 DAGs
[2024-05-23T16:50:56.859+0700] {logging_mixin.py:188} INFO - [2024-05-23T16:50:56.858+0700] {dag.py:3954} INFO - Setting next_dagrun for tutorial_objectstorage to None, run_after=None
[2024-05-23T16:50:56.923+0700] {processor.py:183} INFO - Processing /mnt/d/Programming/Vietnamese-Text-Generator/airflow_env/lib/python3.10/site-packages/airflow/example_dags/tutorial_objectstorage.py took 0.169 seconds
[2024-05-23T16:51:36.841+0700] {processor.py:161} INFO - Started process (PID=21369) to work on /mnt/d/Programming/Vietnamese-Text-Generator/airflow_env/lib/python3.10/site-packages/airflow/example_dags/tutorial_objectstorage.py
[2024-05-23T16:51:36.843+0700] {processor.py:830} INFO - Processing file /mnt/d/Programming/Vietnamese-Text-Generator/airflow_env/lib/python3.10/site-packages/airflow/example_dags/tutorial_objectstorage.py for tasks to queue
[2024-05-23T16:51:36.846+0700] {logging_mixin.py:188} INFO - [2024-05-23T16:51:36.845+0700] {dagbag.py:540} INFO - Filling up the DagBag from /mnt/d/Programming/Vietnamese-Text-Generator/airflow_env/lib/python3.10/site-packages/airflow/example_dags/tutorial_objectstorage.py
[2024-05-23T16:51:36.871+0700] {processor.py:840} INFO - DAG(s) 'tutorial_objectstorage' retrieved from /mnt/d/Programming/Vietnamese-Text-Generator/airflow_env/lib/python3.10/site-packages/airflow/example_dags/tutorial_objectstorage.py
[2024-05-23T16:51:36.895+0700] {logging_mixin.py:188} INFO - [2024-05-23T16:51:36.894+0700] {dag.py:3096} INFO - Sync 1 DAGs
[2024-05-23T16:51:36.910+0700] {logging_mixin.py:188} INFO - [2024-05-23T16:51:36.909+0700] {dag.py:3954} INFO - Setting next_dagrun for tutorial_objectstorage to None, run_after=None
[2024-05-23T16:51:36.965+0700] {processor.py:183} INFO - Processing /mnt/d/Programming/Vietnamese-Text-Generator/airflow_env/lib/python3.10/site-packages/airflow/example_dags/tutorial_objectstorage.py took 0.139 seconds
[2024-05-23T16:52:51.200+0700] {processor.py:161} INFO - Started process (PID=21713) to work on /mnt/d/Programming/Vietnamese-Text-Generator/airflow_env/lib/python3.10/site-packages/airflow/example_dags/tutorial_objectstorage.py
[2024-05-23T16:52:51.202+0700] {processor.py:830} INFO - Processing file /mnt/d/Programming/Vietnamese-Text-Generator/airflow_env/lib/python3.10/site-packages/airflow/example_dags/tutorial_objectstorage.py for tasks to queue
[2024-05-23T16:52:51.204+0700] {logging_mixin.py:188} INFO - [2024-05-23T16:52:51.203+0700] {dagbag.py:540} INFO - Filling up the DagBag from /mnt/d/Programming/Vietnamese-Text-Generator/airflow_env/lib/python3.10/site-packages/airflow/example_dags/tutorial_objectstorage.py
[2024-05-23T16:52:51.228+0700] {processor.py:840} INFO - DAG(s) 'tutorial_objectstorage' retrieved from /mnt/d/Programming/Vietnamese-Text-Generator/airflow_env/lib/python3.10/site-packages/airflow/example_dags/tutorial_objectstorage.py
[2024-05-23T16:52:51.257+0700] {logging_mixin.py:188} INFO - [2024-05-23T16:52:51.256+0700] {dag.py:3096} INFO - Sync 1 DAGs
[2024-05-23T16:52:51.274+0700] {logging_mixin.py:188} INFO - [2024-05-23T16:52:51.273+0700] {dag.py:3954} INFO - Setting next_dagrun for tutorial_objectstorage to None, run_after=None
[2024-05-23T16:52:51.338+0700] {processor.py:183} INFO - Processing /mnt/d/Programming/Vietnamese-Text-Generator/airflow_env/lib/python3.10/site-packages/airflow/example_dags/tutorial_objectstorage.py took 0.150 seconds
[2024-05-23T16:54:03.395+0700] {processor.py:161} INFO - Started process (PID=22048) to work on /mnt/d/Programming/Vietnamese-Text-Generator/airflow_env/lib/python3.10/site-packages/airflow/example_dags/tutorial_objectstorage.py
[2024-05-23T16:54:03.396+0700] {processor.py:830} INFO - Processing file /mnt/d/Programming/Vietnamese-Text-Generator/airflow_env/lib/python3.10/site-packages/airflow/example_dags/tutorial_objectstorage.py for tasks to queue
[2024-05-23T16:54:03.398+0700] {logging_mixin.py:188} INFO - [2024-05-23T16:54:03.398+0700] {dagbag.py:540} INFO - Filling up the DagBag from /mnt/d/Programming/Vietnamese-Text-Generator/airflow_env/lib/python3.10/site-packages/airflow/example_dags/tutorial_objectstorage.py
[2024-05-23T16:54:03.418+0700] {processor.py:840} INFO - DAG(s) 'tutorial_objectstorage' retrieved from /mnt/d/Programming/Vietnamese-Text-Generator/airflow_env/lib/python3.10/site-packages/airflow/example_dags/tutorial_objectstorage.py
[2024-05-23T16:54:03.447+0700] {logging_mixin.py:188} INFO - [2024-05-23T16:54:03.446+0700] {dag.py:3096} INFO - Sync 1 DAGs
[2024-05-23T16:54:03.463+0700] {logging_mixin.py:188} INFO - [2024-05-23T16:54:03.462+0700] {dag.py:3954} INFO - Setting next_dagrun for tutorial_objectstorage to None, run_after=None
[2024-05-23T16:54:03.531+0700] {processor.py:183} INFO - Processing /mnt/d/Programming/Vietnamese-Text-Generator/airflow_env/lib/python3.10/site-packages/airflow/example_dags/tutorial_objectstorage.py took 0.148 seconds
[2024-05-23T16:55:13.108+0700] {processor.py:161} INFO - Started process (PID=22376) to work on /mnt/d/Programming/Vietnamese-Text-Generator/airflow_env/lib/python3.10/site-packages/airflow/example_dags/tutorial_objectstorage.py
[2024-05-23T16:55:13.109+0700] {processor.py:830} INFO - Processing file /mnt/d/Programming/Vietnamese-Text-Generator/airflow_env/lib/python3.10/site-packages/airflow/example_dags/tutorial_objectstorage.py for tasks to queue
[2024-05-23T16:55:13.111+0700] {logging_mixin.py:188} INFO - [2024-05-23T16:55:13.110+0700] {dagbag.py:540} INFO - Filling up the DagBag from /mnt/d/Programming/Vietnamese-Text-Generator/airflow_env/lib/python3.10/site-packages/airflow/example_dags/tutorial_objectstorage.py
[2024-05-23T16:55:13.132+0700] {processor.py:840} INFO - DAG(s) 'tutorial_objectstorage' retrieved from /mnt/d/Programming/Vietnamese-Text-Generator/airflow_env/lib/python3.10/site-packages/airflow/example_dags/tutorial_objectstorage.py
[2024-05-23T16:55:13.161+0700] {logging_mixin.py:188} INFO - [2024-05-23T16:55:13.160+0700] {dag.py:3096} INFO - Sync 1 DAGs
[2024-05-23T16:55:13.176+0700] {logging_mixin.py:188} INFO - [2024-05-23T16:55:13.175+0700] {dag.py:3954} INFO - Setting next_dagrun for tutorial_objectstorage to None, run_after=None
[2024-05-23T16:55:13.237+0700] {processor.py:183} INFO - Processing /mnt/d/Programming/Vietnamese-Text-Generator/airflow_env/lib/python3.10/site-packages/airflow/example_dags/tutorial_objectstorage.py took 0.141 seconds
[2024-05-23T16:56:16.389+0700] {processor.py:161} INFO - Started process (PID=22674) to work on /mnt/d/Programming/Vietnamese-Text-Generator/airflow_env/lib/python3.10/site-packages/airflow/example_dags/tutorial_objectstorage.py
[2024-05-23T16:56:16.391+0700] {processor.py:830} INFO - Processing file /mnt/d/Programming/Vietnamese-Text-Generator/airflow_env/lib/python3.10/site-packages/airflow/example_dags/tutorial_objectstorage.py for tasks to queue
[2024-05-23T16:56:16.395+0700] {logging_mixin.py:188} INFO - [2024-05-23T16:56:16.394+0700] {dagbag.py:540} INFO - Filling up the DagBag from /mnt/d/Programming/Vietnamese-Text-Generator/airflow_env/lib/python3.10/site-packages/airflow/example_dags/tutorial_objectstorage.py
[2024-05-23T16:56:16.420+0700] {processor.py:840} INFO - DAG(s) 'tutorial_objectstorage' retrieved from /mnt/d/Programming/Vietnamese-Text-Generator/airflow_env/lib/python3.10/site-packages/airflow/example_dags/tutorial_objectstorage.py
[2024-05-23T16:56:16.450+0700] {logging_mixin.py:188} INFO - [2024-05-23T16:56:16.449+0700] {dag.py:3096} INFO - Sync 1 DAGs
[2024-05-23T16:56:16.465+0700] {logging_mixin.py:188} INFO - [2024-05-23T16:56:16.464+0700] {dag.py:3954} INFO - Setting next_dagrun for tutorial_objectstorage to None, run_after=None
[2024-05-23T16:56:16.532+0700] {processor.py:183} INFO - Processing /mnt/d/Programming/Vietnamese-Text-Generator/airflow_env/lib/python3.10/site-packages/airflow/example_dags/tutorial_objectstorage.py took 0.157 seconds
[2024-05-23T16:57:29.428+0700] {processor.py:161} INFO - Started process (PID=23014) to work on /mnt/d/Programming/Vietnamese-Text-Generator/airflow_env/lib/python3.10/site-packages/airflow/example_dags/tutorial_objectstorage.py
[2024-05-23T16:57:29.430+0700] {processor.py:830} INFO - Processing file /mnt/d/Programming/Vietnamese-Text-Generator/airflow_env/lib/python3.10/site-packages/airflow/example_dags/tutorial_objectstorage.py for tasks to queue
[2024-05-23T16:57:29.433+0700] {logging_mixin.py:188} INFO - [2024-05-23T16:57:29.432+0700] {dagbag.py:540} INFO - Filling up the DagBag from /mnt/d/Programming/Vietnamese-Text-Generator/airflow_env/lib/python3.10/site-packages/airflow/example_dags/tutorial_objectstorage.py
[2024-05-23T16:57:29.461+0700] {processor.py:840} INFO - DAG(s) 'tutorial_objectstorage' retrieved from /mnt/d/Programming/Vietnamese-Text-Generator/airflow_env/lib/python3.10/site-packages/airflow/example_dags/tutorial_objectstorage.py
[2024-05-23T16:57:29.501+0700] {logging_mixin.py:188} INFO - [2024-05-23T16:57:29.499+0700] {dag.py:3096} INFO - Sync 1 DAGs
[2024-05-23T16:57:29.517+0700] {logging_mixin.py:188} INFO - [2024-05-23T16:57:29.516+0700] {dag.py:3954} INFO - Setting next_dagrun for tutorial_objectstorage to None, run_after=None
[2024-05-23T16:57:29.578+0700] {processor.py:183} INFO - Processing /mnt/d/Programming/Vietnamese-Text-Generator/airflow_env/lib/python3.10/site-packages/airflow/example_dags/tutorial_objectstorage.py took 0.165 seconds
[2024-05-23T16:58:37.379+0700] {processor.py:161} INFO - Started process (PID=23333) to work on /mnt/d/Programming/Vietnamese-Text-Generator/airflow_env/lib/python3.10/site-packages/airflow/example_dags/tutorial_objectstorage.py
[2024-05-23T16:58:37.380+0700] {processor.py:830} INFO - Processing file /mnt/d/Programming/Vietnamese-Text-Generator/airflow_env/lib/python3.10/site-packages/airflow/example_dags/tutorial_objectstorage.py for tasks to queue
[2024-05-23T16:58:37.383+0700] {logging_mixin.py:188} INFO - [2024-05-23T16:58:37.382+0700] {dagbag.py:540} INFO - Filling up the DagBag from /mnt/d/Programming/Vietnamese-Text-Generator/airflow_env/lib/python3.10/site-packages/airflow/example_dags/tutorial_objectstorage.py
[2024-05-23T16:58:37.405+0700] {processor.py:840} INFO - DAG(s) 'tutorial_objectstorage' retrieved from /mnt/d/Programming/Vietnamese-Text-Generator/airflow_env/lib/python3.10/site-packages/airflow/example_dags/tutorial_objectstorage.py
[2024-05-23T16:58:37.434+0700] {logging_mixin.py:188} INFO - [2024-05-23T16:58:37.433+0700] {dag.py:3096} INFO - Sync 1 DAGs
[2024-05-23T16:58:37.450+0700] {logging_mixin.py:188} INFO - [2024-05-23T16:58:37.448+0700] {dag.py:3954} INFO - Setting next_dagrun for tutorial_objectstorage to None, run_after=None
[2024-05-23T16:58:37.510+0700] {processor.py:183} INFO - Processing /mnt/d/Programming/Vietnamese-Text-Generator/airflow_env/lib/python3.10/site-packages/airflow/example_dags/tutorial_objectstorage.py took 0.144 seconds
[2024-05-23T16:59:49.309+0700] {processor.py:161} INFO - Started process (PID=23667) to work on /mnt/d/Programming/Vietnamese-Text-Generator/airflow_env/lib/python3.10/site-packages/airflow/example_dags/tutorial_objectstorage.py
[2024-05-23T16:59:49.312+0700] {processor.py:830} INFO - Processing file /mnt/d/Programming/Vietnamese-Text-Generator/airflow_env/lib/python3.10/site-packages/airflow/example_dags/tutorial_objectstorage.py for tasks to queue
[2024-05-23T16:59:49.316+0700] {logging_mixin.py:188} INFO - [2024-05-23T16:59:49.315+0700] {dagbag.py:540} INFO - Filling up the DagBag from /mnt/d/Programming/Vietnamese-Text-Generator/airflow_env/lib/python3.10/site-packages/airflow/example_dags/tutorial_objectstorage.py
[2024-05-23T16:59:49.349+0700] {processor.py:840} INFO - DAG(s) 'tutorial_objectstorage' retrieved from /mnt/d/Programming/Vietnamese-Text-Generator/airflow_env/lib/python3.10/site-packages/airflow/example_dags/tutorial_objectstorage.py
[2024-05-23T16:59:49.390+0700] {logging_mixin.py:188} INFO - [2024-05-23T16:59:49.389+0700] {dag.py:3096} INFO - Sync 1 DAGs
[2024-05-23T16:59:49.410+0700] {logging_mixin.py:188} INFO - [2024-05-23T16:59:49.409+0700] {dag.py:3954} INFO - Setting next_dagrun for tutorial_objectstorage to None, run_after=None
[2024-05-23T16:59:49.503+0700] {processor.py:183} INFO - Processing /mnt/d/Programming/Vietnamese-Text-Generator/airflow_env/lib/python3.10/site-packages/airflow/example_dags/tutorial_objectstorage.py took 0.213 seconds
[2024-05-23T17:00:54.459+0700] {processor.py:161} INFO - Started process (PID=23973) to work on /mnt/d/Programming/Vietnamese-Text-Generator/airflow_env/lib/python3.10/site-packages/airflow/example_dags/tutorial_objectstorage.py
[2024-05-23T17:00:54.461+0700] {processor.py:830} INFO - Processing file /mnt/d/Programming/Vietnamese-Text-Generator/airflow_env/lib/python3.10/site-packages/airflow/example_dags/tutorial_objectstorage.py for tasks to queue
[2024-05-23T17:00:54.463+0700] {logging_mixin.py:188} INFO - [2024-05-23T17:00:54.462+0700] {dagbag.py:540} INFO - Filling up the DagBag from /mnt/d/Programming/Vietnamese-Text-Generator/airflow_env/lib/python3.10/site-packages/airflow/example_dags/tutorial_objectstorage.py
[2024-05-23T17:00:54.482+0700] {processor.py:840} INFO - DAG(s) 'tutorial_objectstorage' retrieved from /mnt/d/Programming/Vietnamese-Text-Generator/airflow_env/lib/python3.10/site-packages/airflow/example_dags/tutorial_objectstorage.py
[2024-05-23T17:00:54.511+0700] {logging_mixin.py:188} INFO - [2024-05-23T17:00:54.510+0700] {dag.py:3096} INFO - Sync 1 DAGs
[2024-05-23T17:00:54.527+0700] {logging_mixin.py:188} INFO - [2024-05-23T17:00:54.525+0700] {dag.py:3954} INFO - Setting next_dagrun for tutorial_objectstorage to None, run_after=None
[2024-05-23T17:00:54.582+0700] {processor.py:183} INFO - Processing /mnt/d/Programming/Vietnamese-Text-Generator/airflow_env/lib/python3.10/site-packages/airflow/example_dags/tutorial_objectstorage.py took 0.135 seconds
[2024-05-23T17:02:03.799+0700] {processor.py:161} INFO - Started process (PID=24294) to work on /mnt/d/Programming/Vietnamese-Text-Generator/airflow_env/lib/python3.10/site-packages/airflow/example_dags/tutorial_objectstorage.py
[2024-05-23T17:02:03.802+0700] {processor.py:830} INFO - Processing file /mnt/d/Programming/Vietnamese-Text-Generator/airflow_env/lib/python3.10/site-packages/airflow/example_dags/tutorial_objectstorage.py for tasks to queue
[2024-05-23T17:02:03.806+0700] {logging_mixin.py:188} INFO - [2024-05-23T17:02:03.804+0700] {dagbag.py:540} INFO - Filling up the DagBag from /mnt/d/Programming/Vietnamese-Text-Generator/airflow_env/lib/python3.10/site-packages/airflow/example_dags/tutorial_objectstorage.py
[2024-05-23T17:02:03.839+0700] {processor.py:840} INFO - DAG(s) 'tutorial_objectstorage' retrieved from /mnt/d/Programming/Vietnamese-Text-Generator/airflow_env/lib/python3.10/site-packages/airflow/example_dags/tutorial_objectstorage.py
[2024-05-23T17:02:03.871+0700] {logging_mixin.py:188} INFO - [2024-05-23T17:02:03.871+0700] {dag.py:3096} INFO - Sync 1 DAGs
[2024-05-23T17:02:03.885+0700] {logging_mixin.py:188} INFO - [2024-05-23T17:02:03.884+0700] {dag.py:3954} INFO - Setting next_dagrun for tutorial_objectstorage to None, run_after=None
[2024-05-23T17:02:03.938+0700] {processor.py:183} INFO - Processing /mnt/d/Programming/Vietnamese-Text-Generator/airflow_env/lib/python3.10/site-packages/airflow/example_dags/tutorial_objectstorage.py took 0.153 seconds
[2024-05-23T17:03:16.476+0700] {processor.py:161} INFO - Started process (PID=24631) to work on /mnt/d/Programming/Vietnamese-Text-Generator/airflow_env/lib/python3.10/site-packages/airflow/example_dags/tutorial_objectstorage.py
[2024-05-23T17:03:16.479+0700] {processor.py:830} INFO - Processing file /mnt/d/Programming/Vietnamese-Text-Generator/airflow_env/lib/python3.10/site-packages/airflow/example_dags/tutorial_objectstorage.py for tasks to queue
[2024-05-23T17:03:16.481+0700] {logging_mixin.py:188} INFO - [2024-05-23T17:03:16.480+0700] {dagbag.py:540} INFO - Filling up the DagBag from /mnt/d/Programming/Vietnamese-Text-Generator/airflow_env/lib/python3.10/site-packages/airflow/example_dags/tutorial_objectstorage.py
[2024-05-23T17:03:16.500+0700] {processor.py:840} INFO - DAG(s) 'tutorial_objectstorage' retrieved from /mnt/d/Programming/Vietnamese-Text-Generator/airflow_env/lib/python3.10/site-packages/airflow/example_dags/tutorial_objectstorage.py
[2024-05-23T17:03:16.533+0700] {logging_mixin.py:188} INFO - [2024-05-23T17:03:16.532+0700] {dag.py:3096} INFO - Sync 1 DAGs
[2024-05-23T17:03:16.550+0700] {logging_mixin.py:188} INFO - [2024-05-23T17:03:16.549+0700] {dag.py:3954} INFO - Setting next_dagrun for tutorial_objectstorage to None, run_after=None
[2024-05-23T17:03:16.605+0700] {processor.py:183} INFO - Processing /mnt/d/Programming/Vietnamese-Text-Generator/airflow_env/lib/python3.10/site-packages/airflow/example_dags/tutorial_objectstorage.py took 0.141 seconds
[2024-05-23T17:04:24.520+0700] {processor.py:161} INFO - Started process (PID=24947) to work on /mnt/d/Programming/Vietnamese-Text-Generator/airflow_env/lib/python3.10/site-packages/airflow/example_dags/tutorial_objectstorage.py
[2024-05-23T17:04:24.521+0700] {processor.py:830} INFO - Processing file /mnt/d/Programming/Vietnamese-Text-Generator/airflow_env/lib/python3.10/site-packages/airflow/example_dags/tutorial_objectstorage.py for tasks to queue
[2024-05-23T17:04:24.524+0700] {logging_mixin.py:188} INFO - [2024-05-23T17:04:24.523+0700] {dagbag.py:540} INFO - Filling up the DagBag from /mnt/d/Programming/Vietnamese-Text-Generator/airflow_env/lib/python3.10/site-packages/airflow/example_dags/tutorial_objectstorage.py
[2024-05-23T17:04:24.548+0700] {processor.py:840} INFO - DAG(s) 'tutorial_objectstorage' retrieved from /mnt/d/Programming/Vietnamese-Text-Generator/airflow_env/lib/python3.10/site-packages/airflow/example_dags/tutorial_objectstorage.py
[2024-05-23T17:04:24.578+0700] {logging_mixin.py:188} INFO - [2024-05-23T17:04:24.577+0700] {dag.py:3096} INFO - Sync 1 DAGs
[2024-05-23T17:04:24.594+0700] {logging_mixin.py:188} INFO - [2024-05-23T17:04:24.593+0700] {dag.py:3954} INFO - Setting next_dagrun for tutorial_objectstorage to None, run_after=None
[2024-05-23T17:04:24.647+0700] {processor.py:183} INFO - Processing /mnt/d/Programming/Vietnamese-Text-Generator/airflow_env/lib/python3.10/site-packages/airflow/example_dags/tutorial_objectstorage.py took 0.142 seconds
