[2024-05-23T15:42:31.176+0700] {processor.py:161} INFO - Started process (PID=1024) to work on /mnt/d/Programming/Vietnamese-Text-Generator/airflow_env/lib/python3.10/site-packages/airflow/example_dags/tutorial_taskflow_api.py
[2024-05-23T15:42:31.178+0700] {processor.py:830} INFO - Processing file /mnt/d/Programming/Vietnamese-Text-Generator/airflow_env/lib/python3.10/site-packages/airflow/example_dags/tutorial_taskflow_api.py for tasks to queue
[2024-05-23T15:42:31.181+0700] {logging_mixin.py:188} INFO - [2024-05-23T15:42:31.180+0700] {dagbag.py:540} INFO - Filling up the DagBag from /mnt/d/Programming/Vietnamese-Text-Generator/airflow_env/lib/python3.10/site-packages/airflow/example_dags/tutorial_taskflow_api.py
[2024-05-23T15:42:31.253+0700] {processor.py:840} INFO - DAG(s) 'tutorial_taskflow_api' retrieved from /mnt/d/Programming/Vietnamese-Text-Generator/airflow_env/lib/python3.10/site-packages/airflow/example_dags/tutorial_taskflow_api.py
[2024-05-23T15:42:31.355+0700] {logging_mixin.py:188} INFO - [2024-05-23T15:42:31.354+0700] {dag.py:3096} INFO - Sync 1 DAGs
[2024-05-23T15:42:31.372+0700] {logging_mixin.py:188} INFO - [2024-05-23T15:42:31.371+0700] {dag.py:3954} INFO - Setting next_dagrun for tutorial_taskflow_api to None, run_after=None
[2024-05-23T15:42:31.420+0700] {processor.py:183} INFO - Processing /mnt/d/Programming/Vietnamese-Text-Generator/airflow_env/lib/python3.10/site-packages/airflow/example_dags/tutorial_taskflow_api.py took 0.255 seconds
[2024-05-23T15:43:47.953+0700] {processor.py:161} INFO - Started process (PID=1395) to work on /mnt/d/Programming/Vietnamese-Text-Generator/airflow_env/lib/python3.10/site-packages/airflow/example_dags/tutorial_taskflow_api.py
[2024-05-23T15:43:47.955+0700] {processor.py:830} INFO - Processing file /mnt/d/Programming/Vietnamese-Text-Generator/airflow_env/lib/python3.10/site-packages/airflow/example_dags/tutorial_taskflow_api.py for tasks to queue
[2024-05-23T15:43:47.960+0700] {logging_mixin.py:188} INFO - [2024-05-23T15:43:47.959+0700] {dagbag.py:540} INFO - Filling up the DagBag from /mnt/d/Programming/Vietnamese-Text-Generator/airflow_env/lib/python3.10/site-packages/airflow/example_dags/tutorial_taskflow_api.py
[2024-05-23T15:43:47.991+0700] {processor.py:840} INFO - DAG(s) 'tutorial_taskflow_api' retrieved from /mnt/d/Programming/Vietnamese-Text-Generator/airflow_env/lib/python3.10/site-packages/airflow/example_dags/tutorial_taskflow_api.py
[2024-05-23T15:43:48.027+0700] {logging_mixin.py:188} INFO - [2024-05-23T15:43:48.026+0700] {dag.py:3096} INFO - Sync 1 DAGs
[2024-05-23T15:43:48.047+0700] {logging_mixin.py:188} INFO - [2024-05-23T15:43:48.046+0700] {dag.py:3954} INFO - Setting next_dagrun for tutorial_taskflow_api to None, run_after=None
[2024-05-23T15:43:48.122+0700] {processor.py:183} INFO - Processing /mnt/d/Programming/Vietnamese-Text-Generator/airflow_env/lib/python3.10/site-packages/airflow/example_dags/tutorial_taskflow_api.py took 0.185 seconds
[2024-05-23T15:44:32.100+0700] {processor.py:161} INFO - Started process (PID=1612) to work on /mnt/d/Programming/Vietnamese-Text-Generator/airflow_env/lib/python3.10/site-packages/airflow/example_dags/tutorial_taskflow_api.py
[2024-05-23T15:44:32.104+0700] {processor.py:830} INFO - Processing file /mnt/d/Programming/Vietnamese-Text-Generator/airflow_env/lib/python3.10/site-packages/airflow/example_dags/tutorial_taskflow_api.py for tasks to queue
[2024-05-23T15:44:32.108+0700] {logging_mixin.py:188} INFO - [2024-05-23T15:44:32.107+0700] {dagbag.py:540} INFO - Filling up the DagBag from /mnt/d/Programming/Vietnamese-Text-Generator/airflow_env/lib/python3.10/site-packages/airflow/example_dags/tutorial_taskflow_api.py
[2024-05-23T15:44:32.138+0700] {processor.py:840} INFO - DAG(s) 'tutorial_taskflow_api' retrieved from /mnt/d/Programming/Vietnamese-Text-Generator/airflow_env/lib/python3.10/site-packages/airflow/example_dags/tutorial_taskflow_api.py
[2024-05-23T15:44:32.165+0700] {logging_mixin.py:188} INFO - [2024-05-23T15:44:32.164+0700] {dag.py:3096} INFO - Sync 1 DAGs
[2024-05-23T15:44:32.180+0700] {logging_mixin.py:188} INFO - [2024-05-23T15:44:32.179+0700] {dag.py:3954} INFO - Setting next_dagrun for tutorial_taskflow_api to None, run_after=None
[2024-05-23T15:44:32.241+0700] {processor.py:183} INFO - Processing /mnt/d/Programming/Vietnamese-Text-Generator/airflow_env/lib/python3.10/site-packages/airflow/example_dags/tutorial_taskflow_api.py took 0.156 seconds
[2024-05-23T15:45:41.208+0700] {processor.py:161} INFO - Started process (PID=1948) to work on /mnt/d/Programming/Vietnamese-Text-Generator/airflow_env/lib/python3.10/site-packages/airflow/example_dags/tutorial_taskflow_api.py
[2024-05-23T15:45:41.210+0700] {processor.py:830} INFO - Processing file /mnt/d/Programming/Vietnamese-Text-Generator/airflow_env/lib/python3.10/site-packages/airflow/example_dags/tutorial_taskflow_api.py for tasks to queue
[2024-05-23T15:45:41.215+0700] {logging_mixin.py:188} INFO - [2024-05-23T15:45:41.214+0700] {dagbag.py:540} INFO - Filling up the DagBag from /mnt/d/Programming/Vietnamese-Text-Generator/airflow_env/lib/python3.10/site-packages/airflow/example_dags/tutorial_taskflow_api.py
[2024-05-23T15:45:41.243+0700] {processor.py:840} INFO - DAG(s) 'tutorial_taskflow_api' retrieved from /mnt/d/Programming/Vietnamese-Text-Generator/airflow_env/lib/python3.10/site-packages/airflow/example_dags/tutorial_taskflow_api.py
[2024-05-23T15:45:41.277+0700] {logging_mixin.py:188} INFO - [2024-05-23T15:45:41.276+0700] {dag.py:3096} INFO - Sync 1 DAGs
[2024-05-23T15:45:41.299+0700] {logging_mixin.py:188} INFO - [2024-05-23T15:45:41.298+0700] {dag.py:3954} INFO - Setting next_dagrun for tutorial_taskflow_api to None, run_after=None
[2024-05-23T15:45:41.353+0700] {processor.py:183} INFO - Processing /mnt/d/Programming/Vietnamese-Text-Generator/airflow_env/lib/python3.10/site-packages/airflow/example_dags/tutorial_taskflow_api.py took 0.166 seconds
[2024-05-23T15:46:20.014+0700] {processor.py:161} INFO - Started process (PID=2480) to work on /mnt/d/Programming/Vietnamese-Text-Generator/airflow_env/lib/python3.10/site-packages/airflow/example_dags/tutorial_taskflow_api.py
[2024-05-23T15:46:20.016+0700] {processor.py:830} INFO - Processing file /mnt/d/Programming/Vietnamese-Text-Generator/airflow_env/lib/python3.10/site-packages/airflow/example_dags/tutorial_taskflow_api.py for tasks to queue
[2024-05-23T15:46:20.018+0700] {logging_mixin.py:188} INFO - [2024-05-23T15:46:20.018+0700] {dagbag.py:540} INFO - Filling up the DagBag from /mnt/d/Programming/Vietnamese-Text-Generator/airflow_env/lib/python3.10/site-packages/airflow/example_dags/tutorial_taskflow_api.py
[2024-05-23T15:46:20.037+0700] {processor.py:840} INFO - DAG(s) 'tutorial_taskflow_api' retrieved from /mnt/d/Programming/Vietnamese-Text-Generator/airflow_env/lib/python3.10/site-packages/airflow/example_dags/tutorial_taskflow_api.py
[2024-05-23T15:46:20.067+0700] {logging_mixin.py:188} INFO - [2024-05-23T15:46:20.066+0700] {dag.py:3096} INFO - Sync 1 DAGs
[2024-05-23T15:46:20.083+0700] {logging_mixin.py:188} INFO - [2024-05-23T15:46:20.082+0700] {dag.py:3954} INFO - Setting next_dagrun for tutorial_taskflow_api to None, run_after=None
[2024-05-23T15:46:20.144+0700] {processor.py:183} INFO - Processing /mnt/d/Programming/Vietnamese-Text-Generator/airflow_env/lib/python3.10/site-packages/airflow/example_dags/tutorial_taskflow_api.py took 0.142 seconds
[2024-05-23T15:47:26.003+0700] {processor.py:161} INFO - Started process (PID=2802) to work on /mnt/d/Programming/Vietnamese-Text-Generator/airflow_env/lib/python3.10/site-packages/airflow/example_dags/tutorial_taskflow_api.py
[2024-05-23T15:47:26.006+0700] {processor.py:830} INFO - Processing file /mnt/d/Programming/Vietnamese-Text-Generator/airflow_env/lib/python3.10/site-packages/airflow/example_dags/tutorial_taskflow_api.py for tasks to queue
[2024-05-23T15:47:26.010+0700] {logging_mixin.py:188} INFO - [2024-05-23T15:47:26.009+0700] {dagbag.py:540} INFO - Filling up the DagBag from /mnt/d/Programming/Vietnamese-Text-Generator/airflow_env/lib/python3.10/site-packages/airflow/example_dags/tutorial_taskflow_api.py
[2024-05-23T15:47:26.032+0700] {processor.py:840} INFO - DAG(s) 'tutorial_taskflow_api' retrieved from /mnt/d/Programming/Vietnamese-Text-Generator/airflow_env/lib/python3.10/site-packages/airflow/example_dags/tutorial_taskflow_api.py
[2024-05-23T15:47:26.063+0700] {logging_mixin.py:188} INFO - [2024-05-23T15:47:26.062+0700] {dag.py:3096} INFO - Sync 1 DAGs
[2024-05-23T15:47:26.081+0700] {logging_mixin.py:188} INFO - [2024-05-23T15:47:26.080+0700] {dag.py:3954} INFO - Setting next_dagrun for tutorial_taskflow_api to None, run_after=None
[2024-05-23T15:47:26.157+0700] {processor.py:183} INFO - Processing /mnt/d/Programming/Vietnamese-Text-Generator/airflow_env/lib/python3.10/site-packages/airflow/example_dags/tutorial_taskflow_api.py took 0.164 seconds
[2024-05-23T15:54:32.660+0700] {processor.py:161} INFO - Started process (PID=4612) to work on /mnt/d/Programming/Vietnamese-Text-Generator/airflow_env/lib/python3.10/site-packages/airflow/example_dags/tutorial_taskflow_api.py
[2024-05-23T15:54:32.661+0700] {processor.py:830} INFO - Processing file /mnt/d/Programming/Vietnamese-Text-Generator/airflow_env/lib/python3.10/site-packages/airflow/example_dags/tutorial_taskflow_api.py for tasks to queue
[2024-05-23T15:54:32.663+0700] {logging_mixin.py:188} INFO - [2024-05-23T15:54:32.662+0700] {dagbag.py:540} INFO - Filling up the DagBag from /mnt/d/Programming/Vietnamese-Text-Generator/airflow_env/lib/python3.10/site-packages/airflow/example_dags/tutorial_taskflow_api.py
[2024-05-23T15:54:32.680+0700] {processor.py:840} INFO - DAG(s) 'tutorial_taskflow_api' retrieved from /mnt/d/Programming/Vietnamese-Text-Generator/airflow_env/lib/python3.10/site-packages/airflow/example_dags/tutorial_taskflow_api.py
[2024-05-23T15:54:32.768+0700] {logging_mixin.py:188} INFO - [2024-05-23T15:54:32.768+0700] {dag.py:3096} INFO - Sync 1 DAGs
[2024-05-23T15:54:32.785+0700] {logging_mixin.py:188} INFO - [2024-05-23T15:54:32.784+0700] {dag.py:3954} INFO - Setting next_dagrun for tutorial_taskflow_api to None, run_after=None
[2024-05-23T15:54:32.847+0700] {processor.py:183} INFO - Processing /mnt/d/Programming/Vietnamese-Text-Generator/airflow_env/lib/python3.10/site-packages/airflow/example_dags/tutorial_taskflow_api.py took 0.198 seconds
[2024-05-23T15:55:41.255+0700] {processor.py:161} INFO - Started process (PID=4938) to work on /mnt/d/Programming/Vietnamese-Text-Generator/airflow_env/lib/python3.10/site-packages/airflow/example_dags/tutorial_taskflow_api.py
[2024-05-23T15:55:41.257+0700] {processor.py:830} INFO - Processing file /mnt/d/Programming/Vietnamese-Text-Generator/airflow_env/lib/python3.10/site-packages/airflow/example_dags/tutorial_taskflow_api.py for tasks to queue
[2024-05-23T15:55:41.260+0700] {logging_mixin.py:188} INFO - [2024-05-23T15:55:41.259+0700] {dagbag.py:540} INFO - Filling up the DagBag from /mnt/d/Programming/Vietnamese-Text-Generator/airflow_env/lib/python3.10/site-packages/airflow/example_dags/tutorial_taskflow_api.py
[2024-05-23T15:55:41.280+0700] {processor.py:840} INFO - DAG(s) 'tutorial_taskflow_api' retrieved from /mnt/d/Programming/Vietnamese-Text-Generator/airflow_env/lib/python3.10/site-packages/airflow/example_dags/tutorial_taskflow_api.py
[2024-05-23T15:55:41.311+0700] {logging_mixin.py:188} INFO - [2024-05-23T15:55:41.311+0700] {dag.py:3096} INFO - Sync 1 DAGs
[2024-05-23T15:55:41.326+0700] {logging_mixin.py:188} INFO - [2024-05-23T15:55:41.325+0700] {dag.py:3954} INFO - Setting next_dagrun for tutorial_taskflow_api to None, run_after=None
[2024-05-23T15:55:41.386+0700] {processor.py:183} INFO - Processing /mnt/d/Programming/Vietnamese-Text-Generator/airflow_env/lib/python3.10/site-packages/airflow/example_dags/tutorial_taskflow_api.py took 0.143 seconds
[2024-05-23T15:56:49.591+0700] {processor.py:161} INFO - Started process (PID=5258) to work on /mnt/d/Programming/Vietnamese-Text-Generator/airflow_env/lib/python3.10/site-packages/airflow/example_dags/tutorial_taskflow_api.py
[2024-05-23T15:56:49.593+0700] {processor.py:830} INFO - Processing file /mnt/d/Programming/Vietnamese-Text-Generator/airflow_env/lib/python3.10/site-packages/airflow/example_dags/tutorial_taskflow_api.py for tasks to queue
[2024-05-23T15:56:49.596+0700] {logging_mixin.py:188} INFO - [2024-05-23T15:56:49.594+0700] {dagbag.py:540} INFO - Filling up the DagBag from /mnt/d/Programming/Vietnamese-Text-Generator/airflow_env/lib/python3.10/site-packages/airflow/example_dags/tutorial_taskflow_api.py
[2024-05-23T15:56:49.620+0700] {processor.py:840} INFO - DAG(s) 'tutorial_taskflow_api' retrieved from /mnt/d/Programming/Vietnamese-Text-Generator/airflow_env/lib/python3.10/site-packages/airflow/example_dags/tutorial_taskflow_api.py
[2024-05-23T15:56:49.674+0700] {logging_mixin.py:188} INFO - [2024-05-23T15:56:49.672+0700] {dag.py:3096} INFO - Sync 1 DAGs
[2024-05-23T15:56:49.702+0700] {logging_mixin.py:188} INFO - [2024-05-23T15:56:49.699+0700] {dag.py:3954} INFO - Setting next_dagrun for tutorial_taskflow_api to None, run_after=None
[2024-05-23T15:56:49.782+0700] {processor.py:183} INFO - Processing /mnt/d/Programming/Vietnamese-Text-Generator/airflow_env/lib/python3.10/site-packages/airflow/example_dags/tutorial_taskflow_api.py took 0.204 seconds
[2024-05-23T15:57:58.232+0700] {processor.py:161} INFO - Started process (PID=5583) to work on /mnt/d/Programming/Vietnamese-Text-Generator/airflow_env/lib/python3.10/site-packages/airflow/example_dags/tutorial_taskflow_api.py
[2024-05-23T15:57:58.234+0700] {processor.py:830} INFO - Processing file /mnt/d/Programming/Vietnamese-Text-Generator/airflow_env/lib/python3.10/site-packages/airflow/example_dags/tutorial_taskflow_api.py for tasks to queue
[2024-05-23T15:57:58.237+0700] {logging_mixin.py:188} INFO - [2024-05-23T15:57:58.236+0700] {dagbag.py:540} INFO - Filling up the DagBag from /mnt/d/Programming/Vietnamese-Text-Generator/airflow_env/lib/python3.10/site-packages/airflow/example_dags/tutorial_taskflow_api.py
[2024-05-23T15:57:58.260+0700] {processor.py:840} INFO - DAG(s) 'tutorial_taskflow_api' retrieved from /mnt/d/Programming/Vietnamese-Text-Generator/airflow_env/lib/python3.10/site-packages/airflow/example_dags/tutorial_taskflow_api.py
[2024-05-23T15:57:58.295+0700] {logging_mixin.py:188} INFO - [2024-05-23T15:57:58.294+0700] {dag.py:3096} INFO - Sync 1 DAGs
[2024-05-23T15:57:58.314+0700] {logging_mixin.py:188} INFO - [2024-05-23T15:57:58.313+0700] {dag.py:3954} INFO - Setting next_dagrun for tutorial_taskflow_api to None, run_after=None
[2024-05-23T15:57:58.386+0700] {processor.py:183} INFO - Processing /mnt/d/Programming/Vietnamese-Text-Generator/airflow_env/lib/python3.10/site-packages/airflow/example_dags/tutorial_taskflow_api.py took 0.169 seconds
[2024-05-23T15:59:09.395+0700] {processor.py:161} INFO - Started process (PID=5916) to work on /mnt/d/Programming/Vietnamese-Text-Generator/airflow_env/lib/python3.10/site-packages/airflow/example_dags/tutorial_taskflow_api.py
[2024-05-23T15:59:09.397+0700] {processor.py:830} INFO - Processing file /mnt/d/Programming/Vietnamese-Text-Generator/airflow_env/lib/python3.10/site-packages/airflow/example_dags/tutorial_taskflow_api.py for tasks to queue
[2024-05-23T15:59:09.400+0700] {logging_mixin.py:188} INFO - [2024-05-23T15:59:09.399+0700] {dagbag.py:540} INFO - Filling up the DagBag from /mnt/d/Programming/Vietnamese-Text-Generator/airflow_env/lib/python3.10/site-packages/airflow/example_dags/tutorial_taskflow_api.py
[2024-05-23T15:59:09.422+0700] {processor.py:840} INFO - DAG(s) 'tutorial_taskflow_api' retrieved from /mnt/d/Programming/Vietnamese-Text-Generator/airflow_env/lib/python3.10/site-packages/airflow/example_dags/tutorial_taskflow_api.py
[2024-05-23T15:59:09.453+0700] {logging_mixin.py:188} INFO - [2024-05-23T15:59:09.451+0700] {dag.py:3096} INFO - Sync 1 DAGs
[2024-05-23T15:59:09.466+0700] {logging_mixin.py:188} INFO - [2024-05-23T15:59:09.466+0700] {dag.py:3954} INFO - Setting next_dagrun for tutorial_taskflow_api to None, run_after=None
[2024-05-23T15:59:09.528+0700] {processor.py:183} INFO - Processing /mnt/d/Programming/Vietnamese-Text-Generator/airflow_env/lib/python3.10/site-packages/airflow/example_dags/tutorial_taskflow_api.py took 0.146 seconds
[2024-05-23T15:59:47.982+0700] {processor.py:161} INFO - Started process (PID=6097) to work on /mnt/d/Programming/Vietnamese-Text-Generator/airflow_env/lib/python3.10/site-packages/airflow/example_dags/tutorial_taskflow_api.py
[2024-05-23T15:59:47.984+0700] {processor.py:830} INFO - Processing file /mnt/d/Programming/Vietnamese-Text-Generator/airflow_env/lib/python3.10/site-packages/airflow/example_dags/tutorial_taskflow_api.py for tasks to queue
[2024-05-23T15:59:47.988+0700] {logging_mixin.py:188} INFO - [2024-05-23T15:59:47.987+0700] {dagbag.py:540} INFO - Filling up the DagBag from /mnt/d/Programming/Vietnamese-Text-Generator/airflow_env/lib/python3.10/site-packages/airflow/example_dags/tutorial_taskflow_api.py
[2024-05-23T15:59:48.012+0700] {processor.py:840} INFO - DAG(s) 'tutorial_taskflow_api' retrieved from /mnt/d/Programming/Vietnamese-Text-Generator/airflow_env/lib/python3.10/site-packages/airflow/example_dags/tutorial_taskflow_api.py
[2024-05-23T15:59:48.051+0700] {logging_mixin.py:188} INFO - [2024-05-23T15:59:48.050+0700] {dag.py:3096} INFO - Sync 1 DAGs
[2024-05-23T15:59:48.073+0700] {logging_mixin.py:188} INFO - [2024-05-23T15:59:48.071+0700] {dag.py:3954} INFO - Setting next_dagrun for tutorial_taskflow_api to None, run_after=None
[2024-05-23T15:59:48.158+0700] {processor.py:183} INFO - Processing /mnt/d/Programming/Vietnamese-Text-Generator/airflow_env/lib/python3.10/site-packages/airflow/example_dags/tutorial_taskflow_api.py took 0.191 seconds
[2024-05-23T16:00:55.745+0700] {processor.py:161} INFO - Started process (PID=6422) to work on /mnt/d/Programming/Vietnamese-Text-Generator/airflow_env/lib/python3.10/site-packages/airflow/example_dags/tutorial_taskflow_api.py
[2024-05-23T16:00:55.748+0700] {processor.py:830} INFO - Processing file /mnt/d/Programming/Vietnamese-Text-Generator/airflow_env/lib/python3.10/site-packages/airflow/example_dags/tutorial_taskflow_api.py for tasks to queue
[2024-05-23T16:00:55.750+0700] {logging_mixin.py:188} INFO - [2024-05-23T16:00:55.749+0700] {dagbag.py:540} INFO - Filling up the DagBag from /mnt/d/Programming/Vietnamese-Text-Generator/airflow_env/lib/python3.10/site-packages/airflow/example_dags/tutorial_taskflow_api.py
[2024-05-23T16:00:55.781+0700] {processor.py:840} INFO - DAG(s) 'tutorial_taskflow_api' retrieved from /mnt/d/Programming/Vietnamese-Text-Generator/airflow_env/lib/python3.10/site-packages/airflow/example_dags/tutorial_taskflow_api.py
[2024-05-23T16:00:55.817+0700] {logging_mixin.py:188} INFO - [2024-05-23T16:00:55.816+0700] {dag.py:3096} INFO - Sync 1 DAGs
[2024-05-23T16:00:55.831+0700] {logging_mixin.py:188} INFO - [2024-05-23T16:00:55.830+0700] {dag.py:3954} INFO - Setting next_dagrun for tutorial_taskflow_api to None, run_after=None
[2024-05-23T16:00:55.938+0700] {processor.py:183} INFO - Processing /mnt/d/Programming/Vietnamese-Text-Generator/airflow_env/lib/python3.10/site-packages/airflow/example_dags/tutorial_taskflow_api.py took 0.211 seconds
[2024-05-23T16:02:00.432+0700] {processor.py:161} INFO - Started process (PID=6725) to work on /mnt/d/Programming/Vietnamese-Text-Generator/airflow_env/lib/python3.10/site-packages/airflow/example_dags/tutorial_taskflow_api.py
[2024-05-23T16:02:00.433+0700] {processor.py:830} INFO - Processing file /mnt/d/Programming/Vietnamese-Text-Generator/airflow_env/lib/python3.10/site-packages/airflow/example_dags/tutorial_taskflow_api.py for tasks to queue
[2024-05-23T16:02:00.435+0700] {logging_mixin.py:188} INFO - [2024-05-23T16:02:00.434+0700] {dagbag.py:540} INFO - Filling up the DagBag from /mnt/d/Programming/Vietnamese-Text-Generator/airflow_env/lib/python3.10/site-packages/airflow/example_dags/tutorial_taskflow_api.py
[2024-05-23T16:02:00.454+0700] {processor.py:840} INFO - DAG(s) 'tutorial_taskflow_api' retrieved from /mnt/d/Programming/Vietnamese-Text-Generator/airflow_env/lib/python3.10/site-packages/airflow/example_dags/tutorial_taskflow_api.py
[2024-05-23T16:02:00.484+0700] {logging_mixin.py:188} INFO - [2024-05-23T16:02:00.483+0700] {dag.py:3096} INFO - Sync 1 DAGs
[2024-05-23T16:02:00.499+0700] {logging_mixin.py:188} INFO - [2024-05-23T16:02:00.498+0700] {dag.py:3954} INFO - Setting next_dagrun for tutorial_taskflow_api to None, run_after=None
[2024-05-23T16:02:00.549+0700] {processor.py:183} INFO - Processing /mnt/d/Programming/Vietnamese-Text-Generator/airflow_env/lib/python3.10/site-packages/airflow/example_dags/tutorial_taskflow_api.py took 0.129 seconds
[2024-05-23T16:03:12.076+0700] {processor.py:161} INFO - Started process (PID=7063) to work on /mnt/d/Programming/Vietnamese-Text-Generator/airflow_env/lib/python3.10/site-packages/airflow/example_dags/tutorial_taskflow_api.py
[2024-05-23T16:03:12.080+0700] {processor.py:830} INFO - Processing file /mnt/d/Programming/Vietnamese-Text-Generator/airflow_env/lib/python3.10/site-packages/airflow/example_dags/tutorial_taskflow_api.py for tasks to queue
[2024-05-23T16:03:12.084+0700] {logging_mixin.py:188} INFO - [2024-05-23T16:03:12.083+0700] {dagbag.py:540} INFO - Filling up the DagBag from /mnt/d/Programming/Vietnamese-Text-Generator/airflow_env/lib/python3.10/site-packages/airflow/example_dags/tutorial_taskflow_api.py
[2024-05-23T16:03:12.103+0700] {processor.py:840} INFO - DAG(s) 'tutorial_taskflow_api' retrieved from /mnt/d/Programming/Vietnamese-Text-Generator/airflow_env/lib/python3.10/site-packages/airflow/example_dags/tutorial_taskflow_api.py
[2024-05-23T16:03:12.135+0700] {logging_mixin.py:188} INFO - [2024-05-23T16:03:12.134+0700] {dag.py:3096} INFO - Sync 1 DAGs
[2024-05-23T16:03:12.150+0700] {logging_mixin.py:188} INFO - [2024-05-23T16:03:12.149+0700] {dag.py:3954} INFO - Setting next_dagrun for tutorial_taskflow_api to None, run_after=None
[2024-05-23T16:03:12.209+0700] {processor.py:183} INFO - Processing /mnt/d/Programming/Vietnamese-Text-Generator/airflow_env/lib/python3.10/site-packages/airflow/example_dags/tutorial_taskflow_api.py took 0.145 seconds
[2024-05-23T16:04:25.886+0700] {processor.py:161} INFO - Started process (PID=7417) to work on /mnt/d/Programming/Vietnamese-Text-Generator/airflow_env/lib/python3.10/site-packages/airflow/example_dags/tutorial_taskflow_api.py
[2024-05-23T16:04:25.888+0700] {processor.py:830} INFO - Processing file /mnt/d/Programming/Vietnamese-Text-Generator/airflow_env/lib/python3.10/site-packages/airflow/example_dags/tutorial_taskflow_api.py for tasks to queue
[2024-05-23T16:04:25.890+0700] {logging_mixin.py:188} INFO - [2024-05-23T16:04:25.889+0700] {dagbag.py:540} INFO - Filling up the DagBag from /mnt/d/Programming/Vietnamese-Text-Generator/airflow_env/lib/python3.10/site-packages/airflow/example_dags/tutorial_taskflow_api.py
[2024-05-23T16:04:25.914+0700] {processor.py:840} INFO - DAG(s) 'tutorial_taskflow_api' retrieved from /mnt/d/Programming/Vietnamese-Text-Generator/airflow_env/lib/python3.10/site-packages/airflow/example_dags/tutorial_taskflow_api.py
[2024-05-23T16:04:25.944+0700] {logging_mixin.py:188} INFO - [2024-05-23T16:04:25.943+0700] {dag.py:3096} INFO - Sync 1 DAGs
[2024-05-23T16:04:25.971+0700] {logging_mixin.py:188} INFO - [2024-05-23T16:04:25.969+0700] {dag.py:3954} INFO - Setting next_dagrun for tutorial_taskflow_api to None, run_after=None
[2024-05-23T16:04:26.074+0700] {processor.py:183} INFO - Processing /mnt/d/Programming/Vietnamese-Text-Generator/airflow_env/lib/python3.10/site-packages/airflow/example_dags/tutorial_taskflow_api.py took 0.206 seconds
[2024-05-23T16:34:49.826+0700] {processor.py:161} INFO - Started process (PID=16990) to work on /mnt/d/Programming/Vietnamese-Text-Generator/airflow_env/lib/python3.10/site-packages/airflow/example_dags/tutorial_taskflow_api.py
[2024-05-23T16:34:49.829+0700] {processor.py:830} INFO - Processing file /mnt/d/Programming/Vietnamese-Text-Generator/airflow_env/lib/python3.10/site-packages/airflow/example_dags/tutorial_taskflow_api.py for tasks to queue
[2024-05-23T16:34:49.832+0700] {logging_mixin.py:188} INFO - [2024-05-23T16:34:49.831+0700] {dagbag.py:540} INFO - Filling up the DagBag from /mnt/d/Programming/Vietnamese-Text-Generator/airflow_env/lib/python3.10/site-packages/airflow/example_dags/tutorial_taskflow_api.py
[2024-05-23T16:34:49.856+0700] {processor.py:840} INFO - DAG(s) 'tutorial_taskflow_api' retrieved from /mnt/d/Programming/Vietnamese-Text-Generator/airflow_env/lib/python3.10/site-packages/airflow/example_dags/tutorial_taskflow_api.py
[2024-05-23T16:34:49.964+0700] {logging_mixin.py:188} INFO - [2024-05-23T16:34:49.963+0700] {dag.py:3096} INFO - Sync 1 DAGs
[2024-05-23T16:34:49.978+0700] {logging_mixin.py:188} INFO - [2024-05-23T16:34:49.977+0700] {dag.py:3954} INFO - Setting next_dagrun for tutorial_taskflow_api to None, run_after=None
[2024-05-23T16:34:50.030+0700] {processor.py:183} INFO - Processing /mnt/d/Programming/Vietnamese-Text-Generator/airflow_env/lib/python3.10/site-packages/airflow/example_dags/tutorial_taskflow_api.py took 0.218 seconds
[2024-05-23T16:35:58.755+0700] {processor.py:161} INFO - Started process (PID=17313) to work on /mnt/d/Programming/Vietnamese-Text-Generator/airflow_env/lib/python3.10/site-packages/airflow/example_dags/tutorial_taskflow_api.py
[2024-05-23T16:35:58.757+0700] {processor.py:830} INFO - Processing file /mnt/d/Programming/Vietnamese-Text-Generator/airflow_env/lib/python3.10/site-packages/airflow/example_dags/tutorial_taskflow_api.py for tasks to queue
[2024-05-23T16:35:58.760+0700] {logging_mixin.py:188} INFO - [2024-05-23T16:35:58.759+0700] {dagbag.py:540} INFO - Filling up the DagBag from /mnt/d/Programming/Vietnamese-Text-Generator/airflow_env/lib/python3.10/site-packages/airflow/example_dags/tutorial_taskflow_api.py
[2024-05-23T16:35:58.782+0700] {processor.py:840} INFO - DAG(s) 'tutorial_taskflow_api' retrieved from /mnt/d/Programming/Vietnamese-Text-Generator/airflow_env/lib/python3.10/site-packages/airflow/example_dags/tutorial_taskflow_api.py
[2024-05-23T16:35:58.819+0700] {logging_mixin.py:188} INFO - [2024-05-23T16:35:58.818+0700] {dag.py:3096} INFO - Sync 1 DAGs
[2024-05-23T16:35:58.832+0700] {logging_mixin.py:188} INFO - [2024-05-23T16:35:58.831+0700] {dag.py:3954} INFO - Setting next_dagrun for tutorial_taskflow_api to None, run_after=None
[2024-05-23T16:35:58.879+0700] {processor.py:183} INFO - Processing /mnt/d/Programming/Vietnamese-Text-Generator/airflow_env/lib/python3.10/site-packages/airflow/example_dags/tutorial_taskflow_api.py took 0.139 seconds
[2024-05-23T16:36:37.103+0700] {processor.py:161} INFO - Started process (PID=17492) to work on /mnt/d/Programming/Vietnamese-Text-Generator/airflow_env/lib/python3.10/site-packages/airflow/example_dags/tutorial_taskflow_api.py
[2024-05-23T16:36:37.105+0700] {processor.py:830} INFO - Processing file /mnt/d/Programming/Vietnamese-Text-Generator/airflow_env/lib/python3.10/site-packages/airflow/example_dags/tutorial_taskflow_api.py for tasks to queue
[2024-05-23T16:36:37.108+0700] {logging_mixin.py:188} INFO - [2024-05-23T16:36:37.107+0700] {dagbag.py:540} INFO - Filling up the DagBag from /mnt/d/Programming/Vietnamese-Text-Generator/airflow_env/lib/python3.10/site-packages/airflow/example_dags/tutorial_taskflow_api.py
[2024-05-23T16:36:37.134+0700] {processor.py:840} INFO - DAG(s) 'tutorial_taskflow_api' retrieved from /mnt/d/Programming/Vietnamese-Text-Generator/airflow_env/lib/python3.10/site-packages/airflow/example_dags/tutorial_taskflow_api.py
[2024-05-23T16:36:37.167+0700] {logging_mixin.py:188} INFO - [2024-05-23T16:36:37.165+0700] {dag.py:3096} INFO - Sync 1 DAGs
[2024-05-23T16:36:37.183+0700] {logging_mixin.py:188} INFO - [2024-05-23T16:36:37.182+0700] {dag.py:3954} INFO - Setting next_dagrun for tutorial_taskflow_api to None, run_after=None
[2024-05-23T16:36:37.243+0700] {processor.py:183} INFO - Processing /mnt/d/Programming/Vietnamese-Text-Generator/airflow_env/lib/python3.10/site-packages/airflow/example_dags/tutorial_taskflow_api.py took 0.156 seconds
[2024-05-23T16:37:55.788+0700] {processor.py:161} INFO - Started process (PID=17860) to work on /mnt/d/Programming/Vietnamese-Text-Generator/airflow_env/lib/python3.10/site-packages/airflow/example_dags/tutorial_taskflow_api.py
[2024-05-23T16:37:55.790+0700] {processor.py:830} INFO - Processing file /mnt/d/Programming/Vietnamese-Text-Generator/airflow_env/lib/python3.10/site-packages/airflow/example_dags/tutorial_taskflow_api.py for tasks to queue
[2024-05-23T16:37:55.793+0700] {logging_mixin.py:188} INFO - [2024-05-23T16:37:55.792+0700] {dagbag.py:540} INFO - Filling up the DagBag from /mnt/d/Programming/Vietnamese-Text-Generator/airflow_env/lib/python3.10/site-packages/airflow/example_dags/tutorial_taskflow_api.py
[2024-05-23T16:37:55.815+0700] {processor.py:840} INFO - DAG(s) 'tutorial_taskflow_api' retrieved from /mnt/d/Programming/Vietnamese-Text-Generator/airflow_env/lib/python3.10/site-packages/airflow/example_dags/tutorial_taskflow_api.py
[2024-05-23T16:37:55.851+0700] {logging_mixin.py:188} INFO - [2024-05-23T16:37:55.849+0700] {dag.py:3096} INFO - Sync 1 DAGs
[2024-05-23T16:37:55.867+0700] {logging_mixin.py:188} INFO - [2024-05-23T16:37:55.865+0700] {dag.py:3954} INFO - Setting next_dagrun for tutorial_taskflow_api to None, run_after=None
[2024-05-23T16:37:55.920+0700] {processor.py:183} INFO - Processing /mnt/d/Programming/Vietnamese-Text-Generator/airflow_env/lib/python3.10/site-packages/airflow/example_dags/tutorial_taskflow_api.py took 0.145 seconds
[2024-05-23T16:49:39.726+0700] {processor.py:161} INFO - Started process (PID=20820) to work on /mnt/d/Programming/Vietnamese-Text-Generator/airflow_env/lib/python3.10/site-packages/airflow/example_dags/tutorial_taskflow_api.py
[2024-05-23T16:49:39.728+0700] {processor.py:830} INFO - Processing file /mnt/d/Programming/Vietnamese-Text-Generator/airflow_env/lib/python3.10/site-packages/airflow/example_dags/tutorial_taskflow_api.py for tasks to queue
[2024-05-23T16:49:39.730+0700] {logging_mixin.py:188} INFO - [2024-05-23T16:49:39.729+0700] {dagbag.py:540} INFO - Filling up the DagBag from /mnt/d/Programming/Vietnamese-Text-Generator/airflow_env/lib/python3.10/site-packages/airflow/example_dags/tutorial_taskflow_api.py
[2024-05-23T16:49:39.747+0700] {processor.py:840} INFO - DAG(s) 'tutorial_taskflow_api' retrieved from /mnt/d/Programming/Vietnamese-Text-Generator/airflow_env/lib/python3.10/site-packages/airflow/example_dags/tutorial_taskflow_api.py
[2024-05-23T16:49:39.857+0700] {logging_mixin.py:188} INFO - [2024-05-23T16:49:39.855+0700] {dag.py:3096} INFO - Sync 1 DAGs
[2024-05-23T16:49:39.872+0700] {logging_mixin.py:188} INFO - [2024-05-23T16:49:39.871+0700] {dag.py:3954} INFO - Setting next_dagrun for tutorial_taskflow_api to None, run_after=None
[2024-05-23T16:49:39.947+0700] {processor.py:183} INFO - Processing /mnt/d/Programming/Vietnamese-Text-Generator/airflow_env/lib/python3.10/site-packages/airflow/example_dags/tutorial_taskflow_api.py took 0.231 seconds
[2024-05-23T16:50:55.439+0700] {processor.py:161} INFO - Started process (PID=21174) to work on /mnt/d/Programming/Vietnamese-Text-Generator/airflow_env/lib/python3.10/site-packages/airflow/example_dags/tutorial_taskflow_api.py
[2024-05-23T16:50:55.441+0700] {processor.py:830} INFO - Processing file /mnt/d/Programming/Vietnamese-Text-Generator/airflow_env/lib/python3.10/site-packages/airflow/example_dags/tutorial_taskflow_api.py for tasks to queue
[2024-05-23T16:50:55.445+0700] {logging_mixin.py:188} INFO - [2024-05-23T16:50:55.443+0700] {dagbag.py:540} INFO - Filling up the DagBag from /mnt/d/Programming/Vietnamese-Text-Generator/airflow_env/lib/python3.10/site-packages/airflow/example_dags/tutorial_taskflow_api.py
[2024-05-23T16:50:55.467+0700] {processor.py:840} INFO - DAG(s) 'tutorial_taskflow_api' retrieved from /mnt/d/Programming/Vietnamese-Text-Generator/airflow_env/lib/python3.10/site-packages/airflow/example_dags/tutorial_taskflow_api.py
[2024-05-23T16:50:55.500+0700] {logging_mixin.py:188} INFO - [2024-05-23T16:50:55.499+0700] {dag.py:3096} INFO - Sync 1 DAGs
[2024-05-23T16:50:55.517+0700] {logging_mixin.py:188} INFO - [2024-05-23T16:50:55.515+0700] {dag.py:3954} INFO - Setting next_dagrun for tutorial_taskflow_api to None, run_after=None
[2024-05-23T16:50:55.575+0700] {processor.py:183} INFO - Processing /mnt/d/Programming/Vietnamese-Text-Generator/airflow_env/lib/python3.10/site-packages/airflow/example_dags/tutorial_taskflow_api.py took 0.149 seconds
[2024-05-23T16:51:35.504+0700] {processor.py:161} INFO - Started process (PID=21363) to work on /mnt/d/Programming/Vietnamese-Text-Generator/airflow_env/lib/python3.10/site-packages/airflow/example_dags/tutorial_taskflow_api.py
[2024-05-23T16:51:35.506+0700] {processor.py:830} INFO - Processing file /mnt/d/Programming/Vietnamese-Text-Generator/airflow_env/lib/python3.10/site-packages/airflow/example_dags/tutorial_taskflow_api.py for tasks to queue
[2024-05-23T16:51:35.509+0700] {logging_mixin.py:188} INFO - [2024-05-23T16:51:35.507+0700] {dagbag.py:540} INFO - Filling up the DagBag from /mnt/d/Programming/Vietnamese-Text-Generator/airflow_env/lib/python3.10/site-packages/airflow/example_dags/tutorial_taskflow_api.py
[2024-05-23T16:51:35.532+0700] {processor.py:840} INFO - DAG(s) 'tutorial_taskflow_api' retrieved from /mnt/d/Programming/Vietnamese-Text-Generator/airflow_env/lib/python3.10/site-packages/airflow/example_dags/tutorial_taskflow_api.py
[2024-05-23T16:51:35.564+0700] {logging_mixin.py:188} INFO - [2024-05-23T16:51:35.563+0700] {dag.py:3096} INFO - Sync 1 DAGs
[2024-05-23T16:51:35.579+0700] {logging_mixin.py:188} INFO - [2024-05-23T16:51:35.578+0700] {dag.py:3954} INFO - Setting next_dagrun for tutorial_taskflow_api to None, run_after=None
[2024-05-23T16:51:35.636+0700] {processor.py:183} INFO - Processing /mnt/d/Programming/Vietnamese-Text-Generator/airflow_env/lib/python3.10/site-packages/airflow/example_dags/tutorial_taskflow_api.py took 0.146 seconds
[2024-05-23T16:52:49.833+0700] {processor.py:161} INFO - Started process (PID=21707) to work on /mnt/d/Programming/Vietnamese-Text-Generator/airflow_env/lib/python3.10/site-packages/airflow/example_dags/tutorial_taskflow_api.py
[2024-05-23T16:52:49.835+0700] {processor.py:830} INFO - Processing file /mnt/d/Programming/Vietnamese-Text-Generator/airflow_env/lib/python3.10/site-packages/airflow/example_dags/tutorial_taskflow_api.py for tasks to queue
[2024-05-23T16:52:49.838+0700] {logging_mixin.py:188} INFO - [2024-05-23T16:52:49.837+0700] {dagbag.py:540} INFO - Filling up the DagBag from /mnt/d/Programming/Vietnamese-Text-Generator/airflow_env/lib/python3.10/site-packages/airflow/example_dags/tutorial_taskflow_api.py
[2024-05-23T16:52:49.857+0700] {processor.py:840} INFO - DAG(s) 'tutorial_taskflow_api' retrieved from /mnt/d/Programming/Vietnamese-Text-Generator/airflow_env/lib/python3.10/site-packages/airflow/example_dags/tutorial_taskflow_api.py
[2024-05-23T16:52:49.886+0700] {logging_mixin.py:188} INFO - [2024-05-23T16:52:49.885+0700] {dag.py:3096} INFO - Sync 1 DAGs
[2024-05-23T16:52:49.902+0700] {logging_mixin.py:188} INFO - [2024-05-23T16:52:49.901+0700] {dag.py:3954} INFO - Setting next_dagrun for tutorial_taskflow_api to None, run_after=None
[2024-05-23T16:52:49.965+0700] {processor.py:183} INFO - Processing /mnt/d/Programming/Vietnamese-Text-Generator/airflow_env/lib/python3.10/site-packages/airflow/example_dags/tutorial_taskflow_api.py took 0.148 seconds
[2024-05-23T16:54:02.035+0700] {processor.py:161} INFO - Started process (PID=22042) to work on /mnt/d/Programming/Vietnamese-Text-Generator/airflow_env/lib/python3.10/site-packages/airflow/example_dags/tutorial_taskflow_api.py
[2024-05-23T16:54:02.036+0700] {processor.py:830} INFO - Processing file /mnt/d/Programming/Vietnamese-Text-Generator/airflow_env/lib/python3.10/site-packages/airflow/example_dags/tutorial_taskflow_api.py for tasks to queue
[2024-05-23T16:54:02.038+0700] {logging_mixin.py:188} INFO - [2024-05-23T16:54:02.037+0700] {dagbag.py:540} INFO - Filling up the DagBag from /mnt/d/Programming/Vietnamese-Text-Generator/airflow_env/lib/python3.10/site-packages/airflow/example_dags/tutorial_taskflow_api.py
[2024-05-23T16:54:02.057+0700] {processor.py:840} INFO - DAG(s) 'tutorial_taskflow_api' retrieved from /mnt/d/Programming/Vietnamese-Text-Generator/airflow_env/lib/python3.10/site-packages/airflow/example_dags/tutorial_taskflow_api.py
[2024-05-23T16:54:02.089+0700] {logging_mixin.py:188} INFO - [2024-05-23T16:54:02.088+0700] {dag.py:3096} INFO - Sync 1 DAGs
[2024-05-23T16:54:02.104+0700] {logging_mixin.py:188} INFO - [2024-05-23T16:54:02.103+0700] {dag.py:3954} INFO - Setting next_dagrun for tutorial_taskflow_api to None, run_after=None
[2024-05-23T16:54:02.163+0700] {processor.py:183} INFO - Processing /mnt/d/Programming/Vietnamese-Text-Generator/airflow_env/lib/python3.10/site-packages/airflow/example_dags/tutorial_taskflow_api.py took 0.141 seconds
[2024-05-23T16:55:12.329+0700] {processor.py:161} INFO - Started process (PID=22372) to work on /mnt/d/Programming/Vietnamese-Text-Generator/airflow_env/lib/python3.10/site-packages/airflow/example_dags/tutorial_taskflow_api.py
[2024-05-23T16:55:12.332+0700] {processor.py:830} INFO - Processing file /mnt/d/Programming/Vietnamese-Text-Generator/airflow_env/lib/python3.10/site-packages/airflow/example_dags/tutorial_taskflow_api.py for tasks to queue
[2024-05-23T16:55:12.335+0700] {logging_mixin.py:188} INFO - [2024-05-23T16:55:12.334+0700] {dagbag.py:540} INFO - Filling up the DagBag from /mnt/d/Programming/Vietnamese-Text-Generator/airflow_env/lib/python3.10/site-packages/airflow/example_dags/tutorial_taskflow_api.py
[2024-05-23T16:55:12.353+0700] {processor.py:840} INFO - DAG(s) 'tutorial_taskflow_api' retrieved from /mnt/d/Programming/Vietnamese-Text-Generator/airflow_env/lib/python3.10/site-packages/airflow/example_dags/tutorial_taskflow_api.py
[2024-05-23T16:55:12.387+0700] {logging_mixin.py:188} INFO - [2024-05-23T16:55:12.386+0700] {dag.py:3096} INFO - Sync 1 DAGs
[2024-05-23T16:55:12.405+0700] {logging_mixin.py:188} INFO - [2024-05-23T16:55:12.404+0700] {dag.py:3954} INFO - Setting next_dagrun for tutorial_taskflow_api to None, run_after=None
[2024-05-23T16:55:12.461+0700] {processor.py:183} INFO - Processing /mnt/d/Programming/Vietnamese-Text-Generator/airflow_env/lib/python3.10/site-packages/airflow/example_dags/tutorial_taskflow_api.py took 0.143 seconds
[2024-05-23T16:56:14.998+0700] {processor.py:161} INFO - Started process (PID=22667) to work on /mnt/d/Programming/Vietnamese-Text-Generator/airflow_env/lib/python3.10/site-packages/airflow/example_dags/tutorial_taskflow_api.py
[2024-05-23T16:56:15.001+0700] {processor.py:830} INFO - Processing file /mnt/d/Programming/Vietnamese-Text-Generator/airflow_env/lib/python3.10/site-packages/airflow/example_dags/tutorial_taskflow_api.py for tasks to queue
[2024-05-23T16:56:15.005+0700] {logging_mixin.py:188} INFO - [2024-05-23T16:56:15.003+0700] {dagbag.py:540} INFO - Filling up the DagBag from /mnt/d/Programming/Vietnamese-Text-Generator/airflow_env/lib/python3.10/site-packages/airflow/example_dags/tutorial_taskflow_api.py
[2024-05-23T16:56:15.028+0700] {processor.py:840} INFO - DAG(s) 'tutorial_taskflow_api' retrieved from /mnt/d/Programming/Vietnamese-Text-Generator/airflow_env/lib/python3.10/site-packages/airflow/example_dags/tutorial_taskflow_api.py
[2024-05-23T16:56:15.061+0700] {logging_mixin.py:188} INFO - [2024-05-23T16:56:15.060+0700] {dag.py:3096} INFO - Sync 1 DAGs
[2024-05-23T16:56:15.077+0700] {logging_mixin.py:188} INFO - [2024-05-23T16:56:15.076+0700] {dag.py:3954} INFO - Setting next_dagrun for tutorial_taskflow_api to None, run_after=None
[2024-05-23T16:56:15.145+0700] {processor.py:183} INFO - Processing /mnt/d/Programming/Vietnamese-Text-Generator/airflow_env/lib/python3.10/site-packages/airflow/example_dags/tutorial_taskflow_api.py took 0.162 seconds
[2024-05-23T16:57:28.108+0700] {processor.py:161} INFO - Started process (PID=23008) to work on /mnt/d/Programming/Vietnamese-Text-Generator/airflow_env/lib/python3.10/site-packages/airflow/example_dags/tutorial_taskflow_api.py
[2024-05-23T16:57:28.110+0700] {processor.py:830} INFO - Processing file /mnt/d/Programming/Vietnamese-Text-Generator/airflow_env/lib/python3.10/site-packages/airflow/example_dags/tutorial_taskflow_api.py for tasks to queue
[2024-05-23T16:57:28.112+0700] {logging_mixin.py:188} INFO - [2024-05-23T16:57:28.111+0700] {dagbag.py:540} INFO - Filling up the DagBag from /mnt/d/Programming/Vietnamese-Text-Generator/airflow_env/lib/python3.10/site-packages/airflow/example_dags/tutorial_taskflow_api.py
[2024-05-23T16:57:28.129+0700] {processor.py:840} INFO - DAG(s) 'tutorial_taskflow_api' retrieved from /mnt/d/Programming/Vietnamese-Text-Generator/airflow_env/lib/python3.10/site-packages/airflow/example_dags/tutorial_taskflow_api.py
[2024-05-23T16:57:28.153+0700] {logging_mixin.py:188} INFO - [2024-05-23T16:57:28.152+0700] {dag.py:3096} INFO - Sync 1 DAGs
[2024-05-23T16:57:28.166+0700] {logging_mixin.py:188} INFO - [2024-05-23T16:57:28.165+0700] {dag.py:3954} INFO - Setting next_dagrun for tutorial_taskflow_api to None, run_after=None
[2024-05-23T16:57:28.222+0700] {processor.py:183} INFO - Processing /mnt/d/Programming/Vietnamese-Text-Generator/airflow_env/lib/python3.10/site-packages/airflow/example_dags/tutorial_taskflow_api.py took 0.124 seconds
[2024-05-23T16:58:36.021+0700] {processor.py:161} INFO - Started process (PID=23327) to work on /mnt/d/Programming/Vietnamese-Text-Generator/airflow_env/lib/python3.10/site-packages/airflow/example_dags/tutorial_taskflow_api.py
[2024-05-23T16:58:36.024+0700] {processor.py:830} INFO - Processing file /mnt/d/Programming/Vietnamese-Text-Generator/airflow_env/lib/python3.10/site-packages/airflow/example_dags/tutorial_taskflow_api.py for tasks to queue
[2024-05-23T16:58:36.027+0700] {logging_mixin.py:188} INFO - [2024-05-23T16:58:36.025+0700] {dagbag.py:540} INFO - Filling up the DagBag from /mnt/d/Programming/Vietnamese-Text-Generator/airflow_env/lib/python3.10/site-packages/airflow/example_dags/tutorial_taskflow_api.py
[2024-05-23T16:58:36.046+0700] {processor.py:840} INFO - DAG(s) 'tutorial_taskflow_api' retrieved from /mnt/d/Programming/Vietnamese-Text-Generator/airflow_env/lib/python3.10/site-packages/airflow/example_dags/tutorial_taskflow_api.py
[2024-05-23T16:58:36.076+0700] {logging_mixin.py:188} INFO - [2024-05-23T16:58:36.075+0700] {dag.py:3096} INFO - Sync 1 DAGs
[2024-05-23T16:58:36.091+0700] {logging_mixin.py:188} INFO - [2024-05-23T16:58:36.090+0700] {dag.py:3954} INFO - Setting next_dagrun for tutorial_taskflow_api to None, run_after=None
[2024-05-23T16:58:36.156+0700] {processor.py:183} INFO - Processing /mnt/d/Programming/Vietnamese-Text-Generator/airflow_env/lib/python3.10/site-packages/airflow/example_dags/tutorial_taskflow_api.py took 0.147 seconds
[2024-05-23T16:59:48.636+0700] {processor.py:161} INFO - Started process (PID=23664) to work on /mnt/d/Programming/Vietnamese-Text-Generator/airflow_env/lib/python3.10/site-packages/airflow/example_dags/tutorial_taskflow_api.py
[2024-05-23T16:59:48.638+0700] {processor.py:830} INFO - Processing file /mnt/d/Programming/Vietnamese-Text-Generator/airflow_env/lib/python3.10/site-packages/airflow/example_dags/tutorial_taskflow_api.py for tasks to queue
[2024-05-23T16:59:48.641+0700] {logging_mixin.py:188} INFO - [2024-05-23T16:59:48.640+0700] {dagbag.py:540} INFO - Filling up the DagBag from /mnt/d/Programming/Vietnamese-Text-Generator/airflow_env/lib/python3.10/site-packages/airflow/example_dags/tutorial_taskflow_api.py
[2024-05-23T16:59:48.659+0700] {processor.py:840} INFO - DAG(s) 'tutorial_taskflow_api' retrieved from /mnt/d/Programming/Vietnamese-Text-Generator/airflow_env/lib/python3.10/site-packages/airflow/example_dags/tutorial_taskflow_api.py
[2024-05-23T16:59:48.692+0700] {logging_mixin.py:188} INFO - [2024-05-23T16:59:48.691+0700] {dag.py:3096} INFO - Sync 1 DAGs
[2024-05-23T16:59:48.709+0700] {logging_mixin.py:188} INFO - [2024-05-23T16:59:48.707+0700] {dag.py:3954} INFO - Setting next_dagrun for tutorial_taskflow_api to None, run_after=None
[2024-05-23T16:59:48.793+0700] {processor.py:183} INFO - Processing /mnt/d/Programming/Vietnamese-Text-Generator/airflow_env/lib/python3.10/site-packages/airflow/example_dags/tutorial_taskflow_api.py took 0.169 seconds
[2024-05-23T17:00:53.358+0700] {processor.py:161} INFO - Started process (PID=23968) to work on /mnt/d/Programming/Vietnamese-Text-Generator/airflow_env/lib/python3.10/site-packages/airflow/example_dags/tutorial_taskflow_api.py
[2024-05-23T17:00:53.360+0700] {processor.py:830} INFO - Processing file /mnt/d/Programming/Vietnamese-Text-Generator/airflow_env/lib/python3.10/site-packages/airflow/example_dags/tutorial_taskflow_api.py for tasks to queue
[2024-05-23T17:00:53.363+0700] {logging_mixin.py:188} INFO - [2024-05-23T17:00:53.362+0700] {dagbag.py:540} INFO - Filling up the DagBag from /mnt/d/Programming/Vietnamese-Text-Generator/airflow_env/lib/python3.10/site-packages/airflow/example_dags/tutorial_taskflow_api.py
[2024-05-23T17:00:53.382+0700] {processor.py:840} INFO - DAG(s) 'tutorial_taskflow_api' retrieved from /mnt/d/Programming/Vietnamese-Text-Generator/airflow_env/lib/python3.10/site-packages/airflow/example_dags/tutorial_taskflow_api.py
[2024-05-23T17:00:53.418+0700] {logging_mixin.py:188} INFO - [2024-05-23T17:00:53.416+0700] {dag.py:3096} INFO - Sync 1 DAGs
[2024-05-23T17:00:53.435+0700] {logging_mixin.py:188} INFO - [2024-05-23T17:00:53.434+0700] {dag.py:3954} INFO - Setting next_dagrun for tutorial_taskflow_api to None, run_after=None
[2024-05-23T17:00:53.500+0700] {processor.py:183} INFO - Processing /mnt/d/Programming/Vietnamese-Text-Generator/airflow_env/lib/python3.10/site-packages/airflow/example_dags/tutorial_taskflow_api.py took 0.153 seconds
[2024-05-23T17:02:02.703+0700] {processor.py:161} INFO - Started process (PID=24289) to work on /mnt/d/Programming/Vietnamese-Text-Generator/airflow_env/lib/python3.10/site-packages/airflow/example_dags/tutorial_taskflow_api.py
[2024-05-23T17:02:02.705+0700] {processor.py:830} INFO - Processing file /mnt/d/Programming/Vietnamese-Text-Generator/airflow_env/lib/python3.10/site-packages/airflow/example_dags/tutorial_taskflow_api.py for tasks to queue
[2024-05-23T17:02:02.707+0700] {logging_mixin.py:188} INFO - [2024-05-23T17:02:02.706+0700] {dagbag.py:540} INFO - Filling up the DagBag from /mnt/d/Programming/Vietnamese-Text-Generator/airflow_env/lib/python3.10/site-packages/airflow/example_dags/tutorial_taskflow_api.py
[2024-05-23T17:02:02.725+0700] {processor.py:840} INFO - DAG(s) 'tutorial_taskflow_api' retrieved from /mnt/d/Programming/Vietnamese-Text-Generator/airflow_env/lib/python3.10/site-packages/airflow/example_dags/tutorial_taskflow_api.py
[2024-05-23T17:02:02.758+0700] {logging_mixin.py:188} INFO - [2024-05-23T17:02:02.757+0700] {dag.py:3096} INFO - Sync 1 DAGs
[2024-05-23T17:02:02.774+0700] {logging_mixin.py:188} INFO - [2024-05-23T17:02:02.773+0700] {dag.py:3954} INFO - Setting next_dagrun for tutorial_taskflow_api to None, run_after=None
[2024-05-23T17:02:02.843+0700] {processor.py:183} INFO - Processing /mnt/d/Programming/Vietnamese-Text-Generator/airflow_env/lib/python3.10/site-packages/airflow/example_dags/tutorial_taskflow_api.py took 0.153 seconds
[2024-05-23T17:03:15.131+0700] {processor.py:161} INFO - Started process (PID=24625) to work on /mnt/d/Programming/Vietnamese-Text-Generator/airflow_env/lib/python3.10/site-packages/airflow/example_dags/tutorial_taskflow_api.py
[2024-05-23T17:03:15.133+0700] {processor.py:830} INFO - Processing file /mnt/d/Programming/Vietnamese-Text-Generator/airflow_env/lib/python3.10/site-packages/airflow/example_dags/tutorial_taskflow_api.py for tasks to queue
[2024-05-23T17:03:15.135+0700] {logging_mixin.py:188} INFO - [2024-05-23T17:03:15.134+0700] {dagbag.py:540} INFO - Filling up the DagBag from /mnt/d/Programming/Vietnamese-Text-Generator/airflow_env/lib/python3.10/site-packages/airflow/example_dags/tutorial_taskflow_api.py
[2024-05-23T17:03:15.153+0700] {processor.py:840} INFO - DAG(s) 'tutorial_taskflow_api' retrieved from /mnt/d/Programming/Vietnamese-Text-Generator/airflow_env/lib/python3.10/site-packages/airflow/example_dags/tutorial_taskflow_api.py
[2024-05-23T17:03:15.183+0700] {logging_mixin.py:188} INFO - [2024-05-23T17:03:15.182+0700] {dag.py:3096} INFO - Sync 1 DAGs
[2024-05-23T17:03:15.198+0700] {logging_mixin.py:188} INFO - [2024-05-23T17:03:15.196+0700] {dag.py:3954} INFO - Setting next_dagrun for tutorial_taskflow_api to None, run_after=None
[2024-05-23T17:03:15.250+0700] {processor.py:183} INFO - Processing /mnt/d/Programming/Vietnamese-Text-Generator/airflow_env/lib/python3.10/site-packages/airflow/example_dags/tutorial_taskflow_api.py took 0.130 seconds
[2024-05-23T17:04:23.197+0700] {processor.py:161} INFO - Started process (PID=24941) to work on /mnt/d/Programming/Vietnamese-Text-Generator/airflow_env/lib/python3.10/site-packages/airflow/example_dags/tutorial_taskflow_api.py
[2024-05-23T17:04:23.199+0700] {processor.py:830} INFO - Processing file /mnt/d/Programming/Vietnamese-Text-Generator/airflow_env/lib/python3.10/site-packages/airflow/example_dags/tutorial_taskflow_api.py for tasks to queue
[2024-05-23T17:04:23.201+0700] {logging_mixin.py:188} INFO - [2024-05-23T17:04:23.200+0700] {dagbag.py:540} INFO - Filling up the DagBag from /mnt/d/Programming/Vietnamese-Text-Generator/airflow_env/lib/python3.10/site-packages/airflow/example_dags/tutorial_taskflow_api.py
[2024-05-23T17:04:23.220+0700] {processor.py:840} INFO - DAG(s) 'tutorial_taskflow_api' retrieved from /mnt/d/Programming/Vietnamese-Text-Generator/airflow_env/lib/python3.10/site-packages/airflow/example_dags/tutorial_taskflow_api.py
[2024-05-23T17:04:23.252+0700] {logging_mixin.py:188} INFO - [2024-05-23T17:04:23.251+0700] {dag.py:3096} INFO - Sync 1 DAGs
[2024-05-23T17:04:23.266+0700] {logging_mixin.py:188} INFO - [2024-05-23T17:04:23.265+0700] {dag.py:3954} INFO - Setting next_dagrun for tutorial_taskflow_api to None, run_after=None
[2024-05-23T17:04:23.325+0700] {processor.py:183} INFO - Processing /mnt/d/Programming/Vietnamese-Text-Generator/airflow_env/lib/python3.10/site-packages/airflow/example_dags/tutorial_taskflow_api.py took 0.142 seconds
