[2024-05-23T15:42:18.917+0700] {processor.py:161} INFO - Started process (PID=943) to work on /mnt/d/Programming/Vietnamese-Text-Generator/airflow/dags/scape_news.py
[2024-05-23T15:42:18.919+0700] {processor.py:830} INFO - Processing file /mnt/d/Programming/Vietnamese-Text-Generator/airflow/dags/scape_news.py for tasks to queue
[2024-05-23T15:42:18.922+0700] {logging_mixin.py:188} INFO - [2024-05-23T15:42:18.921+0700] {dagbag.py:540} INFO - Filling up the DagBag from /mnt/d/Programming/Vietnamese-Text-Generator/airflow/dags/scape_news.py
[2024-05-23T15:42:19.162+0700] {processor.py:840} INFO - DAG(s) 'ETL-VNExpress' retrieved from /mnt/d/Programming/Vietnamese-Text-Generator/airflow/dags/scape_news.py
[2024-05-23T15:42:21.736+0700] {logging_mixin.py:188} INFO - [2024-05-23T15:42:21.735+0700] {dag.py:3096} INFO - Sync 1 DAGs
[2024-05-23T15:42:21.764+0700] {logging_mixin.py:188} INFO - [2024-05-23T15:42:21.763+0700] {dag.py:3954} INFO - Setting next_dagrun for ETL-VNExpress to 2024-05-22 17:55:00+00:00, run_after=2024-05-23 17:55:00+00:00
[2024-05-23T15:42:21.822+0700] {processor.py:183} INFO - Processing /mnt/d/Programming/Vietnamese-Text-Generator/airflow/dags/scape_news.py took 2.916 seconds
[2024-05-23T15:43:38.617+0700] {processor.py:161} INFO - Started process (PID=1345) to work on /mnt/d/Programming/Vietnamese-Text-Generator/airflow/dags/scape_news.py
[2024-05-23T15:43:38.619+0700] {processor.py:830} INFO - Processing file /mnt/d/Programming/Vietnamese-Text-Generator/airflow/dags/scape_news.py for tasks to queue
[2024-05-23T15:43:38.623+0700] {logging_mixin.py:188} INFO - [2024-05-23T15:43:38.621+0700] {dagbag.py:540} INFO - Filling up the DagBag from /mnt/d/Programming/Vietnamese-Text-Generator/airflow/dags/scape_news.py
[2024-05-23T15:43:38.651+0700] {processor.py:840} INFO - DAG(s) 'ETL-VNExpress' retrieved from /mnt/d/Programming/Vietnamese-Text-Generator/airflow/dags/scape_news.py
[2024-05-23T15:43:38.685+0700] {logging_mixin.py:188} INFO - [2024-05-23T15:43:38.683+0700] {dag.py:3096} INFO - Sync 1 DAGs
[2024-05-23T15:43:38.723+0700] {logging_mixin.py:188} INFO - [2024-05-23T15:43:38.722+0700] {dag.py:3954} INFO - Setting next_dagrun for ETL-VNExpress to 2024-05-22 17:55:00+00:00, run_after=2024-05-23 17:55:00+00:00
[2024-05-23T15:43:38.794+0700] {processor.py:183} INFO - Processing /mnt/d/Programming/Vietnamese-Text-Generator/airflow/dags/scape_news.py took 0.191 seconds
[2024-05-23T15:44:24.255+0700] {processor.py:161} INFO - Started process (PID=1573) to work on /mnt/d/Programming/Vietnamese-Text-Generator/airflow/dags/scape_news.py
[2024-05-23T15:44:24.257+0700] {processor.py:830} INFO - Processing file /mnt/d/Programming/Vietnamese-Text-Generator/airflow/dags/scape_news.py for tasks to queue
[2024-05-23T15:44:24.262+0700] {logging_mixin.py:188} INFO - [2024-05-23T15:44:24.260+0700] {dagbag.py:540} INFO - Filling up the DagBag from /mnt/d/Programming/Vietnamese-Text-Generator/airflow/dags/scape_news.py
[2024-05-23T15:44:24.286+0700] {processor.py:840} INFO - DAG(s) 'ETL-VNExpress' retrieved from /mnt/d/Programming/Vietnamese-Text-Generator/airflow/dags/scape_news.py
[2024-05-23T15:44:24.315+0700] {logging_mixin.py:188} INFO - [2024-05-23T15:44:24.314+0700] {dag.py:3096} INFO - Sync 1 DAGs
[2024-05-23T15:44:24.343+0700] {logging_mixin.py:188} INFO - [2024-05-23T15:44:24.342+0700] {dag.py:3954} INFO - Setting next_dagrun for ETL-VNExpress to 2024-05-22 17:55:00+00:00, run_after=2024-05-23 17:55:00+00:00
[2024-05-23T15:44:24.405+0700] {processor.py:183} INFO - Processing /mnt/d/Programming/Vietnamese-Text-Generator/airflow/dags/scape_news.py took 0.161 seconds
[2024-05-23T15:45:00.126+0700] {processor.py:161} INFO - Started process (PID=1748) to work on /mnt/d/Programming/Vietnamese-Text-Generator/airflow/dags/scape_news.py
[2024-05-23T15:45:00.127+0700] {processor.py:830} INFO - Processing file /mnt/d/Programming/Vietnamese-Text-Generator/airflow/dags/scape_news.py for tasks to queue
[2024-05-23T15:45:00.130+0700] {logging_mixin.py:188} INFO - [2024-05-23T15:45:00.129+0700] {dagbag.py:540} INFO - Filling up the DagBag from /mnt/d/Programming/Vietnamese-Text-Generator/airflow/dags/scape_news.py
[2024-05-23T15:45:00.156+0700] {processor.py:840} INFO - DAG(s) 'ETL-VNExpress' retrieved from /mnt/d/Programming/Vietnamese-Text-Generator/airflow/dags/scape_news.py
[2024-05-23T15:45:00.184+0700] {logging_mixin.py:188} INFO - [2024-05-23T15:45:00.183+0700] {dag.py:3096} INFO - Sync 1 DAGs
[2024-05-23T15:45:00.220+0700] {logging_mixin.py:188} INFO - [2024-05-23T15:45:00.219+0700] {dag.py:3954} INFO - Setting next_dagrun for ETL-VNExpress to 2024-05-22 17:55:00+00:00, run_after=2024-05-23 17:55:00+00:00
[2024-05-23T15:45:00.299+0700] {processor.py:183} INFO - Processing /mnt/d/Programming/Vietnamese-Text-Generator/airflow/dags/scape_news.py took 0.186 seconds
[2024-05-23T15:45:34.782+0700] {processor.py:161} INFO - Started process (PID=1918) to work on /mnt/d/Programming/Vietnamese-Text-Generator/airflow/dags/scape_news.py
[2024-05-23T15:45:34.784+0700] {processor.py:830} INFO - Processing file /mnt/d/Programming/Vietnamese-Text-Generator/airflow/dags/scape_news.py for tasks to queue
[2024-05-23T15:45:34.789+0700] {logging_mixin.py:188} INFO - [2024-05-23T15:45:34.788+0700] {dagbag.py:540} INFO - Filling up the DagBag from /mnt/d/Programming/Vietnamese-Text-Generator/airflow/dags/scape_news.py
[2024-05-23T15:45:34.825+0700] {processor.py:840} INFO - DAG(s) 'ETL-VNExpress' retrieved from /mnt/d/Programming/Vietnamese-Text-Generator/airflow/dags/scape_news.py
[2024-05-23T15:45:34.851+0700] {logging_mixin.py:188} INFO - [2024-05-23T15:45:34.850+0700] {dag.py:3096} INFO - Sync 1 DAGs
[2024-05-23T15:45:34.877+0700] {logging_mixin.py:188} INFO - [2024-05-23T15:45:34.876+0700] {dag.py:3954} INFO - Setting next_dagrun for ETL-VNExpress to 2024-05-22 17:55:00+00:00, run_after=2024-05-23 17:55:00+00:00
[2024-05-23T15:45:34.929+0700] {processor.py:183} INFO - Processing /mnt/d/Programming/Vietnamese-Text-Generator/airflow/dags/scape_news.py took 0.164 seconds
[2024-05-23T15:46:12.496+0700] {processor.py:161} INFO - Started process (PID=2444) to work on /mnt/d/Programming/Vietnamese-Text-Generator/airflow/dags/scape_news.py
[2024-05-23T15:46:12.498+0700] {processor.py:830} INFO - Processing file /mnt/d/Programming/Vietnamese-Text-Generator/airflow/dags/scape_news.py for tasks to queue
[2024-05-23T15:46:12.501+0700] {logging_mixin.py:188} INFO - [2024-05-23T15:46:12.500+0700] {dagbag.py:540} INFO - Filling up the DagBag from /mnt/d/Programming/Vietnamese-Text-Generator/airflow/dags/scape_news.py
[2024-05-23T15:46:12.521+0700] {processor.py:840} INFO - DAG(s) 'ETL-VNExpress' retrieved from /mnt/d/Programming/Vietnamese-Text-Generator/airflow/dags/scape_news.py
[2024-05-23T15:46:12.548+0700] {logging_mixin.py:188} INFO - [2024-05-23T15:46:12.548+0700] {dag.py:3096} INFO - Sync 1 DAGs
[2024-05-23T15:46:12.576+0700] {logging_mixin.py:188} INFO - [2024-05-23T15:46:12.575+0700] {dag.py:3954} INFO - Setting next_dagrun for ETL-VNExpress to 2024-05-22 17:55:00+00:00, run_after=2024-05-23 17:55:00+00:00
[2024-05-23T15:46:12.634+0700] {processor.py:183} INFO - Processing /mnt/d/Programming/Vietnamese-Text-Generator/airflow/dags/scape_news.py took 0.149 seconds
[2024-05-23T15:46:48.136+0700] {processor.py:161} INFO - Started process (PID=2620) to work on /mnt/d/Programming/Vietnamese-Text-Generator/airflow/dags/scape_news.py
[2024-05-23T15:46:48.138+0700] {processor.py:830} INFO - Processing file /mnt/d/Programming/Vietnamese-Text-Generator/airflow/dags/scape_news.py for tasks to queue
[2024-05-23T15:46:48.141+0700] {logging_mixin.py:188} INFO - [2024-05-23T15:46:48.140+0700] {dagbag.py:540} INFO - Filling up the DagBag from /mnt/d/Programming/Vietnamese-Text-Generator/airflow/dags/scape_news.py
[2024-05-23T15:46:48.162+0700] {processor.py:840} INFO - DAG(s) 'ETL-VNExpress' retrieved from /mnt/d/Programming/Vietnamese-Text-Generator/airflow/dags/scape_news.py
[2024-05-23T15:46:48.191+0700] {logging_mixin.py:188} INFO - [2024-05-23T15:46:48.190+0700] {dag.py:3096} INFO - Sync 1 DAGs
[2024-05-23T15:46:48.223+0700] {logging_mixin.py:188} INFO - [2024-05-23T15:46:48.221+0700] {dag.py:3954} INFO - Setting next_dagrun for ETL-VNExpress to 2024-05-22 17:55:00+00:00, run_after=2024-05-23 17:55:00+00:00
[2024-05-23T15:46:48.281+0700] {processor.py:183} INFO - Processing /mnt/d/Programming/Vietnamese-Text-Generator/airflow/dags/scape_news.py took 0.155 seconds
[2024-05-23T15:47:20.923+0700] {processor.py:161} INFO - Started process (PID=2777) to work on /mnt/d/Programming/Vietnamese-Text-Generator/airflow/dags/scape_news.py
[2024-05-23T15:47:20.925+0700] {processor.py:830} INFO - Processing file /mnt/d/Programming/Vietnamese-Text-Generator/airflow/dags/scape_news.py for tasks to queue
[2024-05-23T15:47:20.930+0700] {logging_mixin.py:188} INFO - [2024-05-23T15:47:20.928+0700] {dagbag.py:540} INFO - Filling up the DagBag from /mnt/d/Programming/Vietnamese-Text-Generator/airflow/dags/scape_news.py
[2024-05-23T15:47:20.953+0700] {processor.py:840} INFO - DAG(s) 'ETL-VNExpress' retrieved from /mnt/d/Programming/Vietnamese-Text-Generator/airflow/dags/scape_news.py
[2024-05-23T15:47:20.982+0700] {logging_mixin.py:188} INFO - [2024-05-23T15:47:20.981+0700] {dag.py:3096} INFO - Sync 1 DAGs
[2024-05-23T15:47:21.010+0700] {logging_mixin.py:188} INFO - [2024-05-23T15:47:21.009+0700] {dag.py:3954} INFO - Setting next_dagrun for ETL-VNExpress to 2024-05-22 17:55:00+00:00, run_after=2024-05-23 17:55:00+00:00
[2024-05-23T15:47:21.089+0700] {processor.py:183} INFO - Processing /mnt/d/Programming/Vietnamese-Text-Generator/airflow/dags/scape_news.py took 0.177 seconds
[2024-05-23T15:47:52.729+0700] {processor.py:161} INFO - Started process (PID=2928) to work on /mnt/d/Programming/Vietnamese-Text-Generator/airflow/dags/scape_news.py
[2024-05-23T15:47:52.730+0700] {processor.py:830} INFO - Processing file /mnt/d/Programming/Vietnamese-Text-Generator/airflow/dags/scape_news.py for tasks to queue
[2024-05-23T15:47:52.733+0700] {logging_mixin.py:188} INFO - [2024-05-23T15:47:52.732+0700] {dagbag.py:540} INFO - Filling up the DagBag from /mnt/d/Programming/Vietnamese-Text-Generator/airflow/dags/scape_news.py
[2024-05-23T15:47:52.755+0700] {processor.py:840} INFO - DAG(s) 'ETL-VNExpress' retrieved from /mnt/d/Programming/Vietnamese-Text-Generator/airflow/dags/scape_news.py
[2024-05-23T15:47:52.780+0700] {logging_mixin.py:188} INFO - [2024-05-23T15:47:52.779+0700] {dag.py:3096} INFO - Sync 1 DAGs
[2024-05-23T15:47:52.804+0700] {logging_mixin.py:188} INFO - [2024-05-23T15:47:52.803+0700] {dag.py:3954} INFO - Setting next_dagrun for ETL-VNExpress to 2024-05-22 17:55:00+00:00, run_after=2024-05-23 17:55:00+00:00
[2024-05-23T15:47:52.862+0700] {processor.py:183} INFO - Processing /mnt/d/Programming/Vietnamese-Text-Generator/airflow/dags/scape_news.py took 0.145 seconds
[2024-05-23T15:53:51.766+0700] {processor.py:161} INFO - Started process (PID=4436) to work on /mnt/d/Programming/Vietnamese-Text-Generator/airflow/dags/scape_news.py
[2024-05-23T15:53:51.767+0700] {processor.py:830} INFO - Processing file /mnt/d/Programming/Vietnamese-Text-Generator/airflow/dags/scape_news.py for tasks to queue
[2024-05-23T15:53:51.770+0700] {logging_mixin.py:188} INFO - [2024-05-23T15:53:51.769+0700] {dagbag.py:540} INFO - Filling up the DagBag from /mnt/d/Programming/Vietnamese-Text-Generator/airflow/dags/scape_news.py
[2024-05-23T15:53:51.814+0700] {processor.py:840} INFO - DAG(s) 'ETL-VNExpress' retrieved from /mnt/d/Programming/Vietnamese-Text-Generator/airflow/dags/scape_news.py
[2024-05-23T15:53:51.965+0700] {logging_mixin.py:188} INFO - [2024-05-23T15:53:51.964+0700] {dag.py:3096} INFO - Sync 1 DAGs
[2024-05-23T15:53:51.994+0700] {logging_mixin.py:188} INFO - [2024-05-23T15:53:51.993+0700] {dag.py:3954} INFO - Setting next_dagrun for ETL-VNExpress to 2024-05-22 17:55:00+00:00, run_after=2024-05-23 17:55:00+00:00
[2024-05-23T15:53:52.064+0700] {processor.py:183} INFO - Processing /mnt/d/Programming/Vietnamese-Text-Generator/airflow/dags/scape_news.py took 0.309 seconds
[2024-05-23T15:55:34.070+0700] {processor.py:161} INFO - Started process (PID=4902) to work on /mnt/d/Programming/Vietnamese-Text-Generator/airflow/dags/scape_news.py
[2024-05-23T15:55:34.072+0700] {processor.py:830} INFO - Processing file /mnt/d/Programming/Vietnamese-Text-Generator/airflow/dags/scape_news.py for tasks to queue
[2024-05-23T15:55:34.073+0700] {logging_mixin.py:188} INFO - [2024-05-23T15:55:34.073+0700] {dagbag.py:540} INFO - Filling up the DagBag from /mnt/d/Programming/Vietnamese-Text-Generator/airflow/dags/scape_news.py
[2024-05-23T15:55:34.091+0700] {processor.py:840} INFO - DAG(s) 'ETL-VNExpress' retrieved from /mnt/d/Programming/Vietnamese-Text-Generator/airflow/dags/scape_news.py
[2024-05-23T15:55:34.121+0700] {logging_mixin.py:188} INFO - [2024-05-23T15:55:34.120+0700] {dag.py:3096} INFO - Sync 1 DAGs
[2024-05-23T15:55:34.148+0700] {logging_mixin.py:188} INFO - [2024-05-23T15:55:34.147+0700] {dag.py:3954} INFO - Setting next_dagrun for ETL-VNExpress to 2024-05-22 17:55:00+00:00, run_after=2024-05-23 17:55:00+00:00
[2024-05-23T15:55:34.206+0700] {processor.py:183} INFO - Processing /mnt/d/Programming/Vietnamese-Text-Generator/airflow/dags/scape_news.py took 0.147 seconds
[2024-05-23T15:56:10.929+0700] {processor.py:161} INFO - Started process (PID=5077) to work on /mnt/d/Programming/Vietnamese-Text-Generator/airflow/dags/scape_news.py
[2024-05-23T15:56:10.930+0700] {processor.py:830} INFO - Processing file /mnt/d/Programming/Vietnamese-Text-Generator/airflow/dags/scape_news.py for tasks to queue
[2024-05-23T15:56:10.932+0700] {logging_mixin.py:188} INFO - [2024-05-23T15:56:10.931+0700] {dagbag.py:540} INFO - Filling up the DagBag from /mnt/d/Programming/Vietnamese-Text-Generator/airflow/dags/scape_news.py
[2024-05-23T15:56:10.950+0700] {processor.py:840} INFO - DAG(s) 'ETL-VNExpress' retrieved from /mnt/d/Programming/Vietnamese-Text-Generator/airflow/dags/scape_news.py
[2024-05-23T15:56:10.979+0700] {logging_mixin.py:188} INFO - [2024-05-23T15:56:10.979+0700] {dag.py:3096} INFO - Sync 1 DAGs
[2024-05-23T15:56:11.006+0700] {logging_mixin.py:188} INFO - [2024-05-23T15:56:11.005+0700] {dag.py:3954} INFO - Setting next_dagrun for ETL-VNExpress to 2024-05-22 17:55:00+00:00, run_after=2024-05-23 17:55:00+00:00
[2024-05-23T15:56:11.057+0700] {processor.py:183} INFO - Processing /mnt/d/Programming/Vietnamese-Text-Generator/airflow/dags/scape_news.py took 0.139 seconds
[2024-05-23T15:56:44.787+0700] {processor.py:161} INFO - Started process (PID=5235) to work on /mnt/d/Programming/Vietnamese-Text-Generator/airflow/dags/scape_news.py
[2024-05-23T15:56:44.789+0700] {processor.py:830} INFO - Processing file /mnt/d/Programming/Vietnamese-Text-Generator/airflow/dags/scape_news.py for tasks to queue
[2024-05-23T15:56:44.792+0700] {logging_mixin.py:188} INFO - [2024-05-23T15:56:44.791+0700] {dagbag.py:540} INFO - Filling up the DagBag from /mnt/d/Programming/Vietnamese-Text-Generator/airflow/dags/scape_news.py
[2024-05-23T15:56:44.816+0700] {processor.py:840} INFO - DAG(s) 'ETL-VNExpress' retrieved from /mnt/d/Programming/Vietnamese-Text-Generator/airflow/dags/scape_news.py
[2024-05-23T15:56:44.853+0700] {logging_mixin.py:188} INFO - [2024-05-23T15:56:44.852+0700] {dag.py:3096} INFO - Sync 1 DAGs
[2024-05-23T15:56:44.878+0700] {logging_mixin.py:188} INFO - [2024-05-23T15:56:44.877+0700] {dag.py:3954} INFO - Setting next_dagrun for ETL-VNExpress to 2024-05-22 17:55:00+00:00, run_after=2024-05-23 17:55:00+00:00
[2024-05-23T15:56:44.933+0700] {processor.py:183} INFO - Processing /mnt/d/Programming/Vietnamese-Text-Generator/airflow/dags/scape_news.py took 0.163 seconds
[2024-05-23T15:57:19.460+0700] {processor.py:161} INFO - Started process (PID=5401) to work on /mnt/d/Programming/Vietnamese-Text-Generator/airflow/dags/scape_news.py
[2024-05-23T15:57:19.463+0700] {processor.py:830} INFO - Processing file /mnt/d/Programming/Vietnamese-Text-Generator/airflow/dags/scape_news.py for tasks to queue
[2024-05-23T15:57:19.465+0700] {logging_mixin.py:188} INFO - [2024-05-23T15:57:19.464+0700] {dagbag.py:540} INFO - Filling up the DagBag from /mnt/d/Programming/Vietnamese-Text-Generator/airflow/dags/scape_news.py
[2024-05-23T15:57:19.492+0700] {processor.py:840} INFO - DAG(s) 'ETL-VNExpress' retrieved from /mnt/d/Programming/Vietnamese-Text-Generator/airflow/dags/scape_news.py
[2024-05-23T15:57:19.532+0700] {logging_mixin.py:188} INFO - [2024-05-23T15:57:19.530+0700] {dag.py:3096} INFO - Sync 1 DAGs
[2024-05-23T15:57:19.588+0700] {logging_mixin.py:188} INFO - [2024-05-23T15:57:19.587+0700] {dag.py:3954} INFO - Setting next_dagrun for ETL-VNExpress to 2024-05-22 17:55:00+00:00, run_after=2024-05-23 17:55:00+00:00
[2024-05-23T15:57:19.667+0700] {processor.py:183} INFO - Processing /mnt/d/Programming/Vietnamese-Text-Generator/airflow/dags/scape_news.py took 0.221 seconds
[2024-05-23T15:57:53.905+0700] {processor.py:161} INFO - Started process (PID=5562) to work on /mnt/d/Programming/Vietnamese-Text-Generator/airflow/dags/scape_news.py
[2024-05-23T15:57:53.906+0700] {processor.py:830} INFO - Processing file /mnt/d/Programming/Vietnamese-Text-Generator/airflow/dags/scape_news.py for tasks to queue
[2024-05-23T15:57:53.908+0700] {logging_mixin.py:188} INFO - [2024-05-23T15:57:53.907+0700] {dagbag.py:540} INFO - Filling up the DagBag from /mnt/d/Programming/Vietnamese-Text-Generator/airflow/dags/scape_news.py
[2024-05-23T15:57:53.924+0700] {processor.py:840} INFO - DAG(s) 'ETL-VNExpress' retrieved from /mnt/d/Programming/Vietnamese-Text-Generator/airflow/dags/scape_news.py
[2024-05-23T15:57:53.963+0700] {logging_mixin.py:188} INFO - [2024-05-23T15:57:53.962+0700] {dag.py:3096} INFO - Sync 1 DAGs
[2024-05-23T15:57:53.991+0700] {logging_mixin.py:188} INFO - [2024-05-23T15:57:53.990+0700] {dag.py:3954} INFO - Setting next_dagrun for ETL-VNExpress to 2024-05-22 17:55:00+00:00, run_after=2024-05-23 17:55:00+00:00
[2024-05-23T15:57:54.048+0700] {processor.py:183} INFO - Processing /mnt/d/Programming/Vietnamese-Text-Generator/airflow/dags/scape_news.py took 0.153 seconds
[2024-05-23T15:58:27.953+0700] {processor.py:161} INFO - Started process (PID=5723) to work on /mnt/d/Programming/Vietnamese-Text-Generator/airflow/dags/scape_news.py
[2024-05-23T15:58:27.955+0700] {processor.py:830} INFO - Processing file /mnt/d/Programming/Vietnamese-Text-Generator/airflow/dags/scape_news.py for tasks to queue
[2024-05-23T15:58:27.958+0700] {logging_mixin.py:188} INFO - [2024-05-23T15:58:27.957+0700] {dagbag.py:540} INFO - Filling up the DagBag from /mnt/d/Programming/Vietnamese-Text-Generator/airflow/dags/scape_news.py
[2024-05-23T15:58:27.975+0700] {processor.py:840} INFO - DAG(s) 'ETL-VNExpress' retrieved from /mnt/d/Programming/Vietnamese-Text-Generator/airflow/dags/scape_news.py
[2024-05-23T15:58:28.001+0700] {logging_mixin.py:188} INFO - [2024-05-23T15:58:28.001+0700] {dag.py:3096} INFO - Sync 1 DAGs
[2024-05-23T15:58:28.025+0700] {logging_mixin.py:188} INFO - [2024-05-23T15:58:28.024+0700] {dag.py:3954} INFO - Setting next_dagrun for ETL-VNExpress to 2024-05-22 17:55:00+00:00, run_after=2024-05-23 17:55:00+00:00
[2024-05-23T15:58:28.076+0700] {processor.py:183} INFO - Processing /mnt/d/Programming/Vietnamese-Text-Generator/airflow/dags/scape_news.py took 0.134 seconds
[2024-05-23T15:59:03.219+0700] {processor.py:161} INFO - Started process (PID=5888) to work on /mnt/d/Programming/Vietnamese-Text-Generator/airflow/dags/scape_news.py
[2024-05-23T15:59:03.221+0700] {processor.py:830} INFO - Processing file /mnt/d/Programming/Vietnamese-Text-Generator/airflow/dags/scape_news.py for tasks to queue
[2024-05-23T15:59:03.224+0700] {logging_mixin.py:188} INFO - [2024-05-23T15:59:03.223+0700] {dagbag.py:540} INFO - Filling up the DagBag from /mnt/d/Programming/Vietnamese-Text-Generator/airflow/dags/scape_news.py
[2024-05-23T15:59:03.244+0700] {processor.py:840} INFO - DAG(s) 'ETL-VNExpress' retrieved from /mnt/d/Programming/Vietnamese-Text-Generator/airflow/dags/scape_news.py
[2024-05-23T15:59:03.275+0700] {logging_mixin.py:188} INFO - [2024-05-23T15:59:03.274+0700] {dag.py:3096} INFO - Sync 1 DAGs
[2024-05-23T15:59:03.300+0700] {logging_mixin.py:188} INFO - [2024-05-23T15:59:03.299+0700] {dag.py:3954} INFO - Setting next_dagrun for ETL-VNExpress to 2024-05-22 17:55:00+00:00, run_after=2024-05-23 17:55:00+00:00
[2024-05-23T15:59:03.352+0700] {processor.py:183} INFO - Processing /mnt/d/Programming/Vietnamese-Text-Generator/airflow/dags/scape_news.py took 0.144 seconds
[2024-05-23T15:59:40.237+0700] {processor.py:161} INFO - Started process (PID=6060) to work on /mnt/d/Programming/Vietnamese-Text-Generator/airflow/dags/scape_news.py
[2024-05-23T15:59:40.238+0700] {processor.py:830} INFO - Processing file /mnt/d/Programming/Vietnamese-Text-Generator/airflow/dags/scape_news.py for tasks to queue
[2024-05-23T15:59:40.241+0700] {logging_mixin.py:188} INFO - [2024-05-23T15:59:40.240+0700] {dagbag.py:540} INFO - Filling up the DagBag from /mnt/d/Programming/Vietnamese-Text-Generator/airflow/dags/scape_news.py
[2024-05-23T15:59:40.260+0700] {processor.py:840} INFO - DAG(s) 'ETL-VNExpress' retrieved from /mnt/d/Programming/Vietnamese-Text-Generator/airflow/dags/scape_news.py
[2024-05-23T15:59:40.288+0700] {logging_mixin.py:188} INFO - [2024-05-23T15:59:40.287+0700] {dag.py:3096} INFO - Sync 1 DAGs
[2024-05-23T15:59:40.316+0700] {logging_mixin.py:188} INFO - [2024-05-23T15:59:40.314+0700] {dag.py:3954} INFO - Setting next_dagrun for ETL-VNExpress to 2024-05-22 17:55:00+00:00, run_after=2024-05-23 17:55:00+00:00
[2024-05-23T15:59:40.377+0700] {processor.py:183} INFO - Processing /mnt/d/Programming/Vietnamese-Text-Generator/airflow/dags/scape_news.py took 0.151 seconds
[2024-05-23T16:00:14.873+0700] {processor.py:161} INFO - Started process (PID=6227) to work on /mnt/d/Programming/Vietnamese-Text-Generator/airflow/dags/scape_news.py
[2024-05-23T16:00:14.876+0700] {processor.py:830} INFO - Processing file /mnt/d/Programming/Vietnamese-Text-Generator/airflow/dags/scape_news.py for tasks to queue
[2024-05-23T16:00:14.880+0700] {logging_mixin.py:188} INFO - [2024-05-23T16:00:14.878+0700] {dagbag.py:540} INFO - Filling up the DagBag from /mnt/d/Programming/Vietnamese-Text-Generator/airflow/dags/scape_news.py
[2024-05-23T16:00:14.902+0700] {processor.py:840} INFO - DAG(s) 'ETL-VNExpress' retrieved from /mnt/d/Programming/Vietnamese-Text-Generator/airflow/dags/scape_news.py
[2024-05-23T16:00:14.935+0700] {logging_mixin.py:188} INFO - [2024-05-23T16:00:14.934+0700] {dag.py:3096} INFO - Sync 1 DAGs
[2024-05-23T16:00:14.966+0700] {logging_mixin.py:188} INFO - [2024-05-23T16:00:14.965+0700] {dag.py:3954} INFO - Setting next_dagrun for ETL-VNExpress to 2024-05-22 17:55:00+00:00, run_after=2024-05-23 17:55:00+00:00
[2024-05-23T16:00:15.036+0700] {processor.py:183} INFO - Processing /mnt/d/Programming/Vietnamese-Text-Generator/airflow/dags/scape_news.py took 0.177 seconds
[2024-05-23T16:00:48.639+0700] {processor.py:161} INFO - Started process (PID=6387) to work on /mnt/d/Programming/Vietnamese-Text-Generator/airflow/dags/scape_news.py
[2024-05-23T16:00:48.640+0700] {processor.py:830} INFO - Processing file /mnt/d/Programming/Vietnamese-Text-Generator/airflow/dags/scape_news.py for tasks to queue
[2024-05-23T16:00:48.642+0700] {logging_mixin.py:188} INFO - [2024-05-23T16:00:48.641+0700] {dagbag.py:540} INFO - Filling up the DagBag from /mnt/d/Programming/Vietnamese-Text-Generator/airflow/dags/scape_news.py
[2024-05-23T16:00:48.662+0700] {processor.py:840} INFO - DAG(s) 'ETL-VNExpress' retrieved from /mnt/d/Programming/Vietnamese-Text-Generator/airflow/dags/scape_news.py
[2024-05-23T16:00:48.688+0700] {logging_mixin.py:188} INFO - [2024-05-23T16:00:48.687+0700] {dag.py:3096} INFO - Sync 1 DAGs
[2024-05-23T16:00:48.715+0700] {logging_mixin.py:188} INFO - [2024-05-23T16:00:48.715+0700] {dag.py:3954} INFO - Setting next_dagrun for ETL-VNExpress to 2024-05-22 17:55:00+00:00, run_after=2024-05-23 17:55:00+00:00
[2024-05-23T16:00:48.767+0700] {processor.py:183} INFO - Processing /mnt/d/Programming/Vietnamese-Text-Generator/airflow/dags/scape_news.py took 0.140 seconds
[2024-05-23T16:01:21.730+0700] {processor.py:161} INFO - Started process (PID=6543) to work on /mnt/d/Programming/Vietnamese-Text-Generator/airflow/dags/scape_news.py
[2024-05-23T16:01:21.731+0700] {processor.py:830} INFO - Processing file /mnt/d/Programming/Vietnamese-Text-Generator/airflow/dags/scape_news.py for tasks to queue
[2024-05-23T16:01:21.733+0700] {logging_mixin.py:188} INFO - [2024-05-23T16:01:21.732+0700] {dagbag.py:540} INFO - Filling up the DagBag from /mnt/d/Programming/Vietnamese-Text-Generator/airflow/dags/scape_news.py
[2024-05-23T16:01:21.751+0700] {processor.py:840} INFO - DAG(s) 'ETL-VNExpress' retrieved from /mnt/d/Programming/Vietnamese-Text-Generator/airflow/dags/scape_news.py
[2024-05-23T16:01:21.782+0700] {logging_mixin.py:188} INFO - [2024-05-23T16:01:21.781+0700] {dag.py:3096} INFO - Sync 1 DAGs
[2024-05-23T16:01:21.809+0700] {logging_mixin.py:188} INFO - [2024-05-23T16:01:21.807+0700] {dag.py:3954} INFO - Setting next_dagrun for ETL-VNExpress to 2024-05-22 17:55:00+00:00, run_after=2024-05-23 17:55:00+00:00
[2024-05-23T16:01:21.864+0700] {processor.py:183} INFO - Processing /mnt/d/Programming/Vietnamese-Text-Generator/airflow/dags/scape_news.py took 0.146 seconds
[2024-05-23T16:01:53.445+0700] {processor.py:161} INFO - Started process (PID=6692) to work on /mnt/d/Programming/Vietnamese-Text-Generator/airflow/dags/scape_news.py
[2024-05-23T16:01:53.447+0700] {processor.py:830} INFO - Processing file /mnt/d/Programming/Vietnamese-Text-Generator/airflow/dags/scape_news.py for tasks to queue
[2024-05-23T16:01:53.449+0700] {logging_mixin.py:188} INFO - [2024-05-23T16:01:53.448+0700] {dagbag.py:540} INFO - Filling up the DagBag from /mnt/d/Programming/Vietnamese-Text-Generator/airflow/dags/scape_news.py
[2024-05-23T16:01:53.465+0700] {processor.py:840} INFO - DAG(s) 'ETL-VNExpress' retrieved from /mnt/d/Programming/Vietnamese-Text-Generator/airflow/dags/scape_news.py
[2024-05-23T16:01:53.493+0700] {logging_mixin.py:188} INFO - [2024-05-23T16:01:53.492+0700] {dag.py:3096} INFO - Sync 1 DAGs
[2024-05-23T16:01:53.520+0700] {logging_mixin.py:188} INFO - [2024-05-23T16:01:53.519+0700] {dag.py:3954} INFO - Setting next_dagrun for ETL-VNExpress to 2024-05-22 17:55:00+00:00, run_after=2024-05-23 17:55:00+00:00
[2024-05-23T16:01:53.575+0700] {processor.py:183} INFO - Processing /mnt/d/Programming/Vietnamese-Text-Generator/airflow/dags/scape_news.py took 0.141 seconds
[2024-05-23T16:02:27.648+0700] {processor.py:161} INFO - Started process (PID=6854) to work on /mnt/d/Programming/Vietnamese-Text-Generator/airflow/dags/scape_news.py
[2024-05-23T16:02:27.650+0700] {processor.py:830} INFO - Processing file /mnt/d/Programming/Vietnamese-Text-Generator/airflow/dags/scape_news.py for tasks to queue
[2024-05-23T16:02:27.653+0700] {logging_mixin.py:188} INFO - [2024-05-23T16:02:27.652+0700] {dagbag.py:540} INFO - Filling up the DagBag from /mnt/d/Programming/Vietnamese-Text-Generator/airflow/dags/scape_news.py
[2024-05-23T16:02:27.674+0700] {processor.py:840} INFO - DAG(s) 'ETL-VNExpress' retrieved from /mnt/d/Programming/Vietnamese-Text-Generator/airflow/dags/scape_news.py
[2024-05-23T16:02:27.704+0700] {logging_mixin.py:188} INFO - [2024-05-23T16:02:27.703+0700] {dag.py:3096} INFO - Sync 1 DAGs
[2024-05-23T16:02:27.730+0700] {logging_mixin.py:188} INFO - [2024-05-23T16:02:27.729+0700] {dag.py:3954} INFO - Setting next_dagrun for ETL-VNExpress to 2024-05-22 17:55:00+00:00, run_after=2024-05-23 17:55:00+00:00
[2024-05-23T16:02:27.783+0700] {processor.py:183} INFO - Processing /mnt/d/Programming/Vietnamese-Text-Generator/airflow/dags/scape_news.py took 0.151 seconds
[2024-05-23T16:03:02.763+0700] {processor.py:161} INFO - Started process (PID=7020) to work on /mnt/d/Programming/Vietnamese-Text-Generator/airflow/dags/scape_news.py
[2024-05-23T16:03:02.765+0700] {processor.py:830} INFO - Processing file /mnt/d/Programming/Vietnamese-Text-Generator/airflow/dags/scape_news.py for tasks to queue
[2024-05-23T16:03:02.767+0700] {logging_mixin.py:188} INFO - [2024-05-23T16:03:02.766+0700] {dagbag.py:540} INFO - Filling up the DagBag from /mnt/d/Programming/Vietnamese-Text-Generator/airflow/dags/scape_news.py
[2024-05-23T16:03:02.789+0700] {processor.py:840} INFO - DAG(s) 'ETL-VNExpress' retrieved from /mnt/d/Programming/Vietnamese-Text-Generator/airflow/dags/scape_news.py
[2024-05-23T16:03:02.816+0700] {logging_mixin.py:188} INFO - [2024-05-23T16:03:02.816+0700] {dag.py:3096} INFO - Sync 1 DAGs
[2024-05-23T16:03:02.840+0700] {logging_mixin.py:188} INFO - [2024-05-23T16:03:02.839+0700] {dag.py:3954} INFO - Setting next_dagrun for ETL-VNExpress to 2024-05-22 17:55:00+00:00, run_after=2024-05-23 17:55:00+00:00
[2024-05-23T16:03:02.887+0700] {processor.py:183} INFO - Processing /mnt/d/Programming/Vietnamese-Text-Generator/airflow/dags/scape_news.py took 0.136 seconds
[2024-05-23T16:03:38.746+0700] {processor.py:161} INFO - Started process (PID=7187) to work on /mnt/d/Programming/Vietnamese-Text-Generator/airflow/dags/scape_news.py
[2024-05-23T16:03:38.747+0700] {processor.py:830} INFO - Processing file /mnt/d/Programming/Vietnamese-Text-Generator/airflow/dags/scape_news.py for tasks to queue
[2024-05-23T16:03:38.750+0700] {logging_mixin.py:188} INFO - [2024-05-23T16:03:38.749+0700] {dagbag.py:540} INFO - Filling up the DagBag from /mnt/d/Programming/Vietnamese-Text-Generator/airflow/dags/scape_news.py
[2024-05-23T16:03:38.769+0700] {processor.py:840} INFO - DAG(s) 'ETL-VNExpress' retrieved from /mnt/d/Programming/Vietnamese-Text-Generator/airflow/dags/scape_news.py
[2024-05-23T16:03:38.797+0700] {logging_mixin.py:188} INFO - [2024-05-23T16:03:38.796+0700] {dag.py:3096} INFO - Sync 1 DAGs
[2024-05-23T16:03:38.825+0700] {logging_mixin.py:188} INFO - [2024-05-23T16:03:38.824+0700] {dag.py:3954} INFO - Setting next_dagrun for ETL-VNExpress to 2024-05-22 17:55:00+00:00, run_after=2024-05-23 17:55:00+00:00
[2024-05-23T16:03:38.879+0700] {processor.py:183} INFO - Processing /mnt/d/Programming/Vietnamese-Text-Generator/airflow/dags/scape_news.py took 0.145 seconds
[2024-05-23T16:04:17.687+0700] {processor.py:161} INFO - Started process (PID=7375) to work on /mnt/d/Programming/Vietnamese-Text-Generator/airflow/dags/scape_news.py
[2024-05-23T16:04:17.688+0700] {processor.py:830} INFO - Processing file /mnt/d/Programming/Vietnamese-Text-Generator/airflow/dags/scape_news.py for tasks to queue
[2024-05-23T16:04:17.691+0700] {logging_mixin.py:188} INFO - [2024-05-23T16:04:17.690+0700] {dagbag.py:540} INFO - Filling up the DagBag from /mnt/d/Programming/Vietnamese-Text-Generator/airflow/dags/scape_news.py
[2024-05-23T16:04:17.711+0700] {processor.py:840} INFO - DAG(s) 'ETL-VNExpress' retrieved from /mnt/d/Programming/Vietnamese-Text-Generator/airflow/dags/scape_news.py
[2024-05-23T16:04:17.756+0700] {logging_mixin.py:188} INFO - [2024-05-23T16:04:17.754+0700] {dag.py:3096} INFO - Sync 1 DAGs
[2024-05-23T16:04:17.791+0700] {logging_mixin.py:188} INFO - [2024-05-23T16:04:17.790+0700] {dag.py:3954} INFO - Setting next_dagrun for ETL-VNExpress to 2024-05-22 17:55:00+00:00, run_after=2024-05-23 17:55:00+00:00
[2024-05-23T16:04:17.865+0700] {processor.py:183} INFO - Processing /mnt/d/Programming/Vietnamese-Text-Generator/airflow/dags/scape_news.py took 0.191 seconds
[2024-05-23T16:33:38.743+0700] {processor.py:161} INFO - Started process (PID=16692) to work on /mnt/d/Programming/Vietnamese-Text-Generator/airflow/dags/scape_news.py
[2024-05-23T16:33:38.745+0700] {processor.py:830} INFO - Processing file /mnt/d/Programming/Vietnamese-Text-Generator/airflow/dags/scape_news.py for tasks to queue
[2024-05-23T16:33:38.747+0700] {logging_mixin.py:188} INFO - [2024-05-23T16:33:38.746+0700] {dagbag.py:540} INFO - Filling up the DagBag from /mnt/d/Programming/Vietnamese-Text-Generator/airflow/dags/scape_news.py
[2024-05-23T16:33:38.786+0700] {processor.py:840} INFO - DAG(s) 'ETL-VNExpress' retrieved from /mnt/d/Programming/Vietnamese-Text-Generator/airflow/dags/scape_news.py
[2024-05-23T16:33:38.896+0700] {logging_mixin.py:188} INFO - [2024-05-23T16:33:38.895+0700] {dag.py:3096} INFO - Sync 1 DAGs
[2024-05-23T16:33:38.925+0700] {logging_mixin.py:188} INFO - [2024-05-23T16:33:38.924+0700] {dag.py:3954} INFO - Setting next_dagrun for ETL-VNExpress to 2024-05-22 17:55:00+00:00, run_after=2024-05-23 17:55:00+00:00
[2024-05-23T16:33:38.980+0700] {processor.py:183} INFO - Processing /mnt/d/Programming/Vietnamese-Text-Generator/airflow/dags/scape_news.py took 0.251 seconds
[2024-05-23T16:34:40.952+0700] {processor.py:161} INFO - Started process (PID=16947) to work on /mnt/d/Programming/Vietnamese-Text-Generator/airflow/dags/scape_news.py
[2024-05-23T16:34:40.954+0700] {processor.py:830} INFO - Processing file /mnt/d/Programming/Vietnamese-Text-Generator/airflow/dags/scape_news.py for tasks to queue
[2024-05-23T16:34:40.957+0700] {logging_mixin.py:188} INFO - [2024-05-23T16:34:40.956+0700] {dagbag.py:540} INFO - Filling up the DagBag from /mnt/d/Programming/Vietnamese-Text-Generator/airflow/dags/scape_news.py
[2024-05-23T16:34:40.997+0700] {processor.py:840} INFO - DAG(s) 'ETL-VNExpress' retrieved from /mnt/d/Programming/Vietnamese-Text-Generator/airflow/dags/scape_news.py
[2024-05-23T16:34:41.099+0700] {logging_mixin.py:188} INFO - [2024-05-23T16:34:41.098+0700] {dag.py:3096} INFO - Sync 1 DAGs
[2024-05-23T16:34:41.125+0700] {logging_mixin.py:188} INFO - [2024-05-23T16:34:41.124+0700] {dag.py:3954} INFO - Setting next_dagrun for ETL-VNExpress to 2024-05-22 17:55:00+00:00, run_after=2024-05-23 17:55:00+00:00
[2024-05-23T16:34:41.187+0700] {processor.py:183} INFO - Processing /mnt/d/Programming/Vietnamese-Text-Generator/airflow/dags/scape_news.py took 0.246 seconds
[2024-05-23T16:35:51.633+0700] {processor.py:161} INFO - Started process (PID=17279) to work on /mnt/d/Programming/Vietnamese-Text-Generator/airflow/dags/scape_news.py
[2024-05-23T16:35:51.635+0700] {processor.py:830} INFO - Processing file /mnt/d/Programming/Vietnamese-Text-Generator/airflow/dags/scape_news.py for tasks to queue
[2024-05-23T16:35:51.637+0700] {logging_mixin.py:188} INFO - [2024-05-23T16:35:51.636+0700] {dagbag.py:540} INFO - Filling up the DagBag from /mnt/d/Programming/Vietnamese-Text-Generator/airflow/dags/scape_news.py
[2024-05-23T16:35:51.655+0700] {processor.py:840} INFO - DAG(s) 'ETL-VNExpress' retrieved from /mnt/d/Programming/Vietnamese-Text-Generator/airflow/dags/scape_news.py
[2024-05-23T16:35:51.683+0700] {logging_mixin.py:188} INFO - [2024-05-23T16:35:51.682+0700] {dag.py:3096} INFO - Sync 1 DAGs
[2024-05-23T16:35:51.707+0700] {logging_mixin.py:188} INFO - [2024-05-23T16:35:51.706+0700] {dag.py:3954} INFO - Setting next_dagrun for ETL-VNExpress to 2024-05-22 17:55:00+00:00, run_after=2024-05-23 17:55:00+00:00
[2024-05-23T16:35:51.759+0700] {processor.py:183} INFO - Processing /mnt/d/Programming/Vietnamese-Text-Generator/airflow/dags/scape_news.py took 0.137 seconds
[2024-05-23T16:36:29.210+0700] {processor.py:161} INFO - Started process (PID=17455) to work on /mnt/d/Programming/Vietnamese-Text-Generator/airflow/dags/scape_news.py
[2024-05-23T16:36:29.212+0700] {processor.py:830} INFO - Processing file /mnt/d/Programming/Vietnamese-Text-Generator/airflow/dags/scape_news.py for tasks to queue
[2024-05-23T16:36:29.215+0700] {logging_mixin.py:188} INFO - [2024-05-23T16:36:29.214+0700] {dagbag.py:540} INFO - Filling up the DagBag from /mnt/d/Programming/Vietnamese-Text-Generator/airflow/dags/scape_news.py
[2024-05-23T16:36:29.239+0700] {processor.py:840} INFO - DAG(s) 'ETL-VNExpress' retrieved from /mnt/d/Programming/Vietnamese-Text-Generator/airflow/dags/scape_news.py
[2024-05-23T16:36:29.279+0700] {logging_mixin.py:188} INFO - [2024-05-23T16:36:29.278+0700] {dag.py:3096} INFO - Sync 1 DAGs
[2024-05-23T16:36:29.319+0700] {logging_mixin.py:188} INFO - [2024-05-23T16:36:29.318+0700] {dag.py:3954} INFO - Setting next_dagrun for ETL-VNExpress to 2024-05-22 17:55:00+00:00, run_after=2024-05-23 17:55:00+00:00
[2024-05-23T16:36:29.393+0700] {processor.py:183} INFO - Processing /mnt/d/Programming/Vietnamese-Text-Generator/airflow/dags/scape_news.py took 0.197 seconds
[2024-05-23T16:37:06.768+0700] {processor.py:161} INFO - Started process (PID=17629) to work on /mnt/d/Programming/Vietnamese-Text-Generator/airflow/dags/scape_news.py
[2024-05-23T16:37:06.770+0700] {processor.py:830} INFO - Processing file /mnt/d/Programming/Vietnamese-Text-Generator/airflow/dags/scape_news.py for tasks to queue
[2024-05-23T16:37:06.772+0700] {logging_mixin.py:188} INFO - [2024-05-23T16:37:06.771+0700] {dagbag.py:540} INFO - Filling up the DagBag from /mnt/d/Programming/Vietnamese-Text-Generator/airflow/dags/scape_news.py
[2024-05-23T16:37:06.791+0700] {processor.py:840} INFO - DAG(s) 'ETL-VNExpress' retrieved from /mnt/d/Programming/Vietnamese-Text-Generator/airflow/dags/scape_news.py
[2024-05-23T16:37:06.821+0700] {logging_mixin.py:188} INFO - [2024-05-23T16:37:06.820+0700] {dag.py:3096} INFO - Sync 1 DAGs
[2024-05-23T16:37:06.848+0700] {logging_mixin.py:188} INFO - [2024-05-23T16:37:06.846+0700] {dag.py:3954} INFO - Setting next_dagrun for ETL-VNExpress to 2024-05-22 17:55:00+00:00, run_after=2024-05-23 17:55:00+00:00
[2024-05-23T16:37:06.922+0700] {processor.py:183} INFO - Processing /mnt/d/Programming/Vietnamese-Text-Generator/airflow/dags/scape_news.py took 0.166 seconds
[2024-05-23T16:37:45.543+0700] {processor.py:161} INFO - Started process (PID=17813) to work on /mnt/d/Programming/Vietnamese-Text-Generator/airflow/dags/scape_news.py
[2024-05-23T16:37:45.546+0700] {processor.py:830} INFO - Processing file /mnt/d/Programming/Vietnamese-Text-Generator/airflow/dags/scape_news.py for tasks to queue
[2024-05-23T16:37:45.549+0700] {logging_mixin.py:188} INFO - [2024-05-23T16:37:45.548+0700] {dagbag.py:540} INFO - Filling up the DagBag from /mnt/d/Programming/Vietnamese-Text-Generator/airflow/dags/scape_news.py
[2024-05-23T16:37:45.599+0700] {processor.py:840} INFO - DAG(s) 'ETL-VNExpress' retrieved from /mnt/d/Programming/Vietnamese-Text-Generator/airflow/dags/scape_news.py
[2024-05-23T16:37:47.711+0700] {logging_mixin.py:188} INFO - [2024-05-23T16:37:47.710+0700] {dag.py:3096} INFO - Sync 1 DAGs
[2024-05-23T16:37:47.793+0700] {logging_mixin.py:188} INFO - [2024-05-23T16:37:47.792+0700] {dag.py:3954} INFO - Setting next_dagrun for ETL-VNExpress to 2024-05-22 17:55:00+00:00, run_after=2024-05-23 17:55:00+00:00
[2024-05-23T16:37:47.950+0700] {processor.py:183} INFO - Processing /mnt/d/Programming/Vietnamese-Text-Generator/airflow/dags/scape_news.py took 2.430 seconds
[2024-05-23T16:44:28.298+0700] {processor.py:161} INFO - Started process (PID=19504) to work on /mnt/d/Programming/Vietnamese-Text-Generator/airflow/dags/scape_news.py
[2024-05-23T16:44:28.301+0700] {processor.py:830} INFO - Processing file /mnt/d/Programming/Vietnamese-Text-Generator/airflow/dags/scape_news.py for tasks to queue
[2024-05-23T16:44:28.306+0700] {logging_mixin.py:188} INFO - [2024-05-23T16:44:28.304+0700] {dagbag.py:540} INFO - Filling up the DagBag from /mnt/d/Programming/Vietnamese-Text-Generator/airflow/dags/scape_news.py
[2024-05-23T16:44:28.496+0700] {processor.py:840} INFO - DAG(s) 'ETL-VNExpress' retrieved from /mnt/d/Programming/Vietnamese-Text-Generator/airflow/dags/scape_news.py
[2024-05-23T16:44:29.814+0700] {logging_mixin.py:188} INFO - [2024-05-23T16:44:29.811+0700] {dag.py:3096} INFO - Sync 1 DAGs
[2024-05-23T16:44:29.872+0700] {logging_mixin.py:188} INFO - [2024-05-23T16:44:29.870+0700] {dag.py:3954} INFO - Setting next_dagrun for ETL-VNExpress to 2024-05-22 17:55:00+00:00, run_after=2024-05-23 17:55:00+00:00
[2024-05-23T16:44:29.958+0700] {processor.py:183} INFO - Processing /mnt/d/Programming/Vietnamese-Text-Generator/airflow/dags/scape_news.py took 1.676 seconds
[2024-05-23T16:48:24.544+0700] {processor.py:161} INFO - Started process (PID=20496) to work on /mnt/d/Programming/Vietnamese-Text-Generator/airflow/dags/scape_news.py
[2024-05-23T16:48:24.546+0700] {processor.py:830} INFO - Processing file /mnt/d/Programming/Vietnamese-Text-Generator/airflow/dags/scape_news.py for tasks to queue
[2024-05-23T16:48:24.549+0700] {logging_mixin.py:188} INFO - [2024-05-23T16:48:24.547+0700] {dagbag.py:540} INFO - Filling up the DagBag from /mnt/d/Programming/Vietnamese-Text-Generator/airflow/dags/scape_news.py
[2024-05-23T16:48:24.589+0700] {processor.py:840} INFO - DAG(s) 'ETL-VNExpress' retrieved from /mnt/d/Programming/Vietnamese-Text-Generator/airflow/dags/scape_news.py
[2024-05-23T16:48:24.693+0700] {logging_mixin.py:188} INFO - [2024-05-23T16:48:24.692+0700] {dag.py:3096} INFO - Sync 1 DAGs
[2024-05-23T16:48:24.717+0700] {logging_mixin.py:188} INFO - [2024-05-23T16:48:24.716+0700] {dag.py:3954} INFO - Setting next_dagrun for ETL-VNExpress to 2024-05-22 17:55:00+00:00, run_after=2024-05-23 17:55:00+00:00
[2024-05-23T16:48:24.774+0700] {processor.py:183} INFO - Processing /mnt/d/Programming/Vietnamese-Text-Generator/airflow/dags/scape_news.py took 0.241 seconds
[2024-05-23T16:49:29.759+0700] {processor.py:161} INFO - Started process (PID=20772) to work on /mnt/d/Programming/Vietnamese-Text-Generator/airflow/dags/scape_news.py
[2024-05-23T16:49:29.761+0700] {processor.py:830} INFO - Processing file /mnt/d/Programming/Vietnamese-Text-Generator/airflow/dags/scape_news.py for tasks to queue
[2024-05-23T16:49:29.763+0700] {logging_mixin.py:188} INFO - [2024-05-23T16:49:29.762+0700] {dagbag.py:540} INFO - Filling up the DagBag from /mnt/d/Programming/Vietnamese-Text-Generator/airflow/dags/scape_news.py
[2024-05-23T16:49:29.811+0700] {processor.py:840} INFO - DAG(s) 'ETL-VNExpress' retrieved from /mnt/d/Programming/Vietnamese-Text-Generator/airflow/dags/scape_news.py
[2024-05-23T16:49:29.944+0700] {logging_mixin.py:188} INFO - [2024-05-23T16:49:29.943+0700] {dag.py:3096} INFO - Sync 1 DAGs
[2024-05-23T16:49:30.022+0700] {logging_mixin.py:188} INFO - [2024-05-23T16:49:30.020+0700] {dag.py:3954} INFO - Setting next_dagrun for ETL-VNExpress to 2024-05-22 17:55:00+00:00, run_after=2024-05-23 17:55:00+00:00
[2024-05-23T16:49:30.148+0700] {processor.py:183} INFO - Processing /mnt/d/Programming/Vietnamese-Text-Generator/airflow/dags/scape_news.py took 0.402 seconds
[2024-05-23T16:50:44.498+0700] {processor.py:161} INFO - Started process (PID=21125) to work on /mnt/d/Programming/Vietnamese-Text-Generator/airflow/dags/scape_news.py
[2024-05-23T16:50:44.501+0700] {processor.py:830} INFO - Processing file /mnt/d/Programming/Vietnamese-Text-Generator/airflow/dags/scape_news.py for tasks to queue
[2024-05-23T16:50:44.506+0700] {logging_mixin.py:188} INFO - [2024-05-23T16:50:44.504+0700] {dagbag.py:540} INFO - Filling up the DagBag from /mnt/d/Programming/Vietnamese-Text-Generator/airflow/dags/scape_news.py
[2024-05-23T16:50:44.550+0700] {processor.py:840} INFO - DAG(s) 'ETL-VNExpress' retrieved from /mnt/d/Programming/Vietnamese-Text-Generator/airflow/dags/scape_news.py
[2024-05-23T16:50:46.150+0700] {logging_mixin.py:188} INFO - [2024-05-23T16:50:46.148+0700] {dag.py:3096} INFO - Sync 1 DAGs
[2024-05-23T16:50:46.225+0700] {logging_mixin.py:188} INFO - [2024-05-23T16:50:46.224+0700] {dag.py:3954} INFO - Setting next_dagrun for ETL-VNExpress to 2024-05-22 17:55:00+00:00, run_after=2024-05-23 17:55:00+00:00
[2024-05-23T16:50:46.365+0700] {processor.py:183} INFO - Processing /mnt/d/Programming/Vietnamese-Text-Generator/airflow/dags/scape_news.py took 1.885 seconds
[2024-05-23T16:51:28.762+0700] {processor.py:161} INFO - Started process (PID=21330) to work on /mnt/d/Programming/Vietnamese-Text-Generator/airflow/dags/scape_news.py
[2024-05-23T16:51:28.764+0700] {processor.py:830} INFO - Processing file /mnt/d/Programming/Vietnamese-Text-Generator/airflow/dags/scape_news.py for tasks to queue
[2024-05-23T16:51:28.767+0700] {logging_mixin.py:188} INFO - [2024-05-23T16:51:28.766+0700] {dagbag.py:540} INFO - Filling up the DagBag from /mnt/d/Programming/Vietnamese-Text-Generator/airflow/dags/scape_news.py
[2024-05-23T16:51:28.788+0700] {processor.py:840} INFO - DAG(s) 'ETL-VNExpress' retrieved from /mnt/d/Programming/Vietnamese-Text-Generator/airflow/dags/scape_news.py
[2024-05-23T16:51:28.821+0700] {logging_mixin.py:188} INFO - [2024-05-23T16:51:28.820+0700] {dag.py:3096} INFO - Sync 1 DAGs
[2024-05-23T16:51:28.851+0700] {logging_mixin.py:188} INFO - [2024-05-23T16:51:28.850+0700] {dag.py:3954} INFO - Setting next_dagrun for ETL-VNExpress to 2024-05-22 17:55:00+00:00, run_after=2024-05-23 17:55:00+00:00
[2024-05-23T16:51:28.903+0700] {processor.py:183} INFO - Processing /mnt/d/Programming/Vietnamese-Text-Generator/airflow/dags/scape_news.py took 0.154 seconds
[2024-05-23T16:52:04.650+0700] {processor.py:161} INFO - Started process (PID=21496) to work on /mnt/d/Programming/Vietnamese-Text-Generator/airflow/dags/scape_news.py
[2024-05-23T16:52:04.653+0700] {processor.py:830} INFO - Processing file /mnt/d/Programming/Vietnamese-Text-Generator/airflow/dags/scape_news.py for tasks to queue
[2024-05-23T16:52:04.656+0700] {logging_mixin.py:188} INFO - [2024-05-23T16:52:04.655+0700] {dagbag.py:540} INFO - Filling up the DagBag from /mnt/d/Programming/Vietnamese-Text-Generator/airflow/dags/scape_news.py
[2024-05-23T16:52:04.677+0700] {processor.py:840} INFO - DAG(s) 'ETL-VNExpress' retrieved from /mnt/d/Programming/Vietnamese-Text-Generator/airflow/dags/scape_news.py
[2024-05-23T16:52:04.703+0700] {logging_mixin.py:188} INFO - [2024-05-23T16:52:04.702+0700] {dag.py:3096} INFO - Sync 1 DAGs
[2024-05-23T16:52:04.728+0700] {logging_mixin.py:188} INFO - [2024-05-23T16:52:04.727+0700] {dag.py:3954} INFO - Setting next_dagrun for ETL-VNExpress to 2024-05-22 17:55:00+00:00, run_after=2024-05-23 17:55:00+00:00
[2024-05-23T16:52:04.791+0700] {processor.py:183} INFO - Processing /mnt/d/Programming/Vietnamese-Text-Generator/airflow/dags/scape_news.py took 0.154 seconds
[2024-05-23T16:52:42.034+0700] {processor.py:161} INFO - Started process (PID=21670) to work on /mnt/d/Programming/Vietnamese-Text-Generator/airflow/dags/scape_news.py
[2024-05-23T16:52:42.035+0700] {processor.py:830} INFO - Processing file /mnt/d/Programming/Vietnamese-Text-Generator/airflow/dags/scape_news.py for tasks to queue
[2024-05-23T16:52:42.038+0700] {logging_mixin.py:188} INFO - [2024-05-23T16:52:42.037+0700] {dagbag.py:540} INFO - Filling up the DagBag from /mnt/d/Programming/Vietnamese-Text-Generator/airflow/dags/scape_news.py
[2024-05-23T16:52:42.060+0700] {processor.py:840} INFO - DAG(s) 'ETL-VNExpress' retrieved from /mnt/d/Programming/Vietnamese-Text-Generator/airflow/dags/scape_news.py
[2024-05-23T16:52:42.090+0700] {logging_mixin.py:188} INFO - [2024-05-23T16:52:42.089+0700] {dag.py:3096} INFO - Sync 1 DAGs
[2024-05-23T16:52:42.120+0700] {logging_mixin.py:188} INFO - [2024-05-23T16:52:42.118+0700] {dag.py:3954} INFO - Setting next_dagrun for ETL-VNExpress to 2024-05-22 17:55:00+00:00, run_after=2024-05-23 17:55:00+00:00
[2024-05-23T16:52:42.188+0700] {processor.py:183} INFO - Processing /mnt/d/Programming/Vietnamese-Text-Generator/airflow/dags/scape_news.py took 0.168 seconds
[2024-05-23T16:53:19.242+0700] {processor.py:161} INFO - Started process (PID=21842) to work on /mnt/d/Programming/Vietnamese-Text-Generator/airflow/dags/scape_news.py
[2024-05-23T16:53:19.243+0700] {processor.py:830} INFO - Processing file /mnt/d/Programming/Vietnamese-Text-Generator/airflow/dags/scape_news.py for tasks to queue
[2024-05-23T16:53:19.245+0700] {logging_mixin.py:188} INFO - [2024-05-23T16:53:19.244+0700] {dagbag.py:540} INFO - Filling up the DagBag from /mnt/d/Programming/Vietnamese-Text-Generator/airflow/dags/scape_news.py
[2024-05-23T16:53:19.261+0700] {processor.py:840} INFO - DAG(s) 'ETL-VNExpress' retrieved from /mnt/d/Programming/Vietnamese-Text-Generator/airflow/dags/scape_news.py
[2024-05-23T16:53:19.291+0700] {logging_mixin.py:188} INFO - [2024-05-23T16:53:19.290+0700] {dag.py:3096} INFO - Sync 1 DAGs
[2024-05-23T16:53:19.319+0700] {logging_mixin.py:188} INFO - [2024-05-23T16:53:19.318+0700] {dag.py:3954} INFO - Setting next_dagrun for ETL-VNExpress to 2024-05-22 17:55:00+00:00, run_after=2024-05-23 17:55:00+00:00
[2024-05-23T16:53:19.374+0700] {processor.py:183} INFO - Processing /mnt/d/Programming/Vietnamese-Text-Generator/airflow/dags/scape_news.py took 0.145 seconds
[2024-05-23T16:53:54.709+0700] {processor.py:161} INFO - Started process (PID=22008) to work on /mnt/d/Programming/Vietnamese-Text-Generator/airflow/dags/scape_news.py
[2024-05-23T16:53:54.711+0700] {processor.py:830} INFO - Processing file /mnt/d/Programming/Vietnamese-Text-Generator/airflow/dags/scape_news.py for tasks to queue
[2024-05-23T16:53:54.713+0700] {logging_mixin.py:188} INFO - [2024-05-23T16:53:54.712+0700] {dagbag.py:540} INFO - Filling up the DagBag from /mnt/d/Programming/Vietnamese-Text-Generator/airflow/dags/scape_news.py
[2024-05-23T16:53:54.738+0700] {processor.py:840} INFO - DAG(s) 'ETL-VNExpress' retrieved from /mnt/d/Programming/Vietnamese-Text-Generator/airflow/dags/scape_news.py
[2024-05-23T16:53:54.767+0700] {logging_mixin.py:188} INFO - [2024-05-23T16:53:54.764+0700] {dag.py:3096} INFO - Sync 1 DAGs
[2024-05-23T16:53:54.796+0700] {logging_mixin.py:188} INFO - [2024-05-23T16:53:54.795+0700] {dag.py:3954} INFO - Setting next_dagrun for ETL-VNExpress to 2024-05-22 17:55:00+00:00, run_after=2024-05-23 17:55:00+00:00
[2024-05-23T16:53:54.847+0700] {processor.py:183} INFO - Processing /mnt/d/Programming/Vietnamese-Text-Generator/airflow/dags/scape_news.py took 0.149 seconds
[2024-05-23T16:54:30.412+0700] {processor.py:161} INFO - Started process (PID=22174) to work on /mnt/d/Programming/Vietnamese-Text-Generator/airflow/dags/scape_news.py
[2024-05-23T16:54:30.414+0700] {processor.py:830} INFO - Processing file /mnt/d/Programming/Vietnamese-Text-Generator/airflow/dags/scape_news.py for tasks to queue
[2024-05-23T16:54:30.417+0700] {logging_mixin.py:188} INFO - [2024-05-23T16:54:30.415+0700] {dagbag.py:540} INFO - Filling up the DagBag from /mnt/d/Programming/Vietnamese-Text-Generator/airflow/dags/scape_news.py
[2024-05-23T16:54:30.437+0700] {processor.py:840} INFO - DAG(s) 'ETL-VNExpress' retrieved from /mnt/d/Programming/Vietnamese-Text-Generator/airflow/dags/scape_news.py
[2024-05-23T16:54:30.468+0700] {logging_mixin.py:188} INFO - [2024-05-23T16:54:30.467+0700] {dag.py:3096} INFO - Sync 1 DAGs
[2024-05-23T16:54:30.496+0700] {logging_mixin.py:188} INFO - [2024-05-23T16:54:30.495+0700] {dag.py:3954} INFO - Setting next_dagrun for ETL-VNExpress to 2024-05-22 17:55:00+00:00, run_after=2024-05-23 17:55:00+00:00
[2024-05-23T16:54:30.554+0700] {processor.py:183} INFO - Processing /mnt/d/Programming/Vietnamese-Text-Generator/airflow/dags/scape_news.py took 0.154 seconds
[2024-05-23T16:55:05.410+0700] {processor.py:161} INFO - Started process (PID=22340) to work on /mnt/d/Programming/Vietnamese-Text-Generator/airflow/dags/scape_news.py
[2024-05-23T16:55:05.411+0700] {processor.py:830} INFO - Processing file /mnt/d/Programming/Vietnamese-Text-Generator/airflow/dags/scape_news.py for tasks to queue
[2024-05-23T16:55:05.413+0700] {logging_mixin.py:188} INFO - [2024-05-23T16:55:05.412+0700] {dagbag.py:540} INFO - Filling up the DagBag from /mnt/d/Programming/Vietnamese-Text-Generator/airflow/dags/scape_news.py
[2024-05-23T16:55:05.430+0700] {processor.py:840} INFO - DAG(s) 'ETL-VNExpress' retrieved from /mnt/d/Programming/Vietnamese-Text-Generator/airflow/dags/scape_news.py
[2024-05-23T16:55:05.574+0700] {logging_mixin.py:188} INFO - [2024-05-23T16:55:05.573+0700] {dag.py:3096} INFO - Sync 1 DAGs
[2024-05-23T16:55:05.612+0700] {logging_mixin.py:188} INFO - [2024-05-23T16:55:05.611+0700] {dag.py:3954} INFO - Setting next_dagrun for ETL-VNExpress to 2024-05-22 17:55:00+00:00, run_after=2024-05-23 17:55:00+00:00
[2024-05-23T16:55:05.660+0700] {processor.py:183} INFO - Processing /mnt/d/Programming/Vietnamese-Text-Generator/airflow/dags/scape_news.py took 0.262 seconds
[2024-05-23T16:55:39.298+0700] {processor.py:161} INFO - Started process (PID=22498) to work on /mnt/d/Programming/Vietnamese-Text-Generator/airflow/dags/scape_news.py
[2024-05-23T16:55:39.300+0700] {processor.py:830} INFO - Processing file /mnt/d/Programming/Vietnamese-Text-Generator/airflow/dags/scape_news.py for tasks to queue
[2024-05-23T16:55:39.303+0700] {logging_mixin.py:188} INFO - [2024-05-23T16:55:39.302+0700] {dagbag.py:540} INFO - Filling up the DagBag from /mnt/d/Programming/Vietnamese-Text-Generator/airflow/dags/scape_news.py
[2024-05-23T16:55:39.322+0700] {processor.py:840} INFO - DAG(s) 'ETL-VNExpress' retrieved from /mnt/d/Programming/Vietnamese-Text-Generator/airflow/dags/scape_news.py
[2024-05-23T16:55:39.354+0700] {logging_mixin.py:188} INFO - [2024-05-23T16:55:39.353+0700] {dag.py:3096} INFO - Sync 1 DAGs
[2024-05-23T16:55:39.382+0700] {logging_mixin.py:188} INFO - [2024-05-23T16:55:39.381+0700] {dag.py:3954} INFO - Setting next_dagrun for ETL-VNExpress to 2024-05-22 17:55:00+00:00, run_after=2024-05-23 17:55:00+00:00
[2024-05-23T16:55:39.440+0700] {processor.py:183} INFO - Processing /mnt/d/Programming/Vietnamese-Text-Generator/airflow/dags/scape_news.py took 0.156 seconds
[2024-05-23T16:56:10.306+0700] {processor.py:161} INFO - Started process (PID=22645) to work on /mnt/d/Programming/Vietnamese-Text-Generator/airflow/dags/scape_news.py
[2024-05-23T16:56:10.308+0700] {processor.py:830} INFO - Processing file /mnt/d/Programming/Vietnamese-Text-Generator/airflow/dags/scape_news.py for tasks to queue
[2024-05-23T16:56:10.310+0700] {logging_mixin.py:188} INFO - [2024-05-23T16:56:10.309+0700] {dagbag.py:540} INFO - Filling up the DagBag from /mnt/d/Programming/Vietnamese-Text-Generator/airflow/dags/scape_news.py
[2024-05-23T16:56:10.333+0700] {processor.py:840} INFO - DAG(s) 'ETL-VNExpress' retrieved from /mnt/d/Programming/Vietnamese-Text-Generator/airflow/dags/scape_news.py
[2024-05-23T16:56:10.359+0700] {logging_mixin.py:188} INFO - [2024-05-23T16:56:10.358+0700] {dag.py:3096} INFO - Sync 1 DAGs
[2024-05-23T16:56:10.384+0700] {logging_mixin.py:188} INFO - [2024-05-23T16:56:10.383+0700] {dag.py:3954} INFO - Setting next_dagrun for ETL-VNExpress to 2024-05-22 17:55:00+00:00, run_after=2024-05-23 17:55:00+00:00
[2024-05-23T16:56:10.439+0700] {processor.py:183} INFO - Processing /mnt/d/Programming/Vietnamese-Text-Generator/airflow/dags/scape_news.py took 0.146 seconds
[2024-05-23T16:56:44.703+0700] {processor.py:161} INFO - Started process (PID=22805) to work on /mnt/d/Programming/Vietnamese-Text-Generator/airflow/dags/scape_news.py
[2024-05-23T16:56:44.705+0700] {processor.py:830} INFO - Processing file /mnt/d/Programming/Vietnamese-Text-Generator/airflow/dags/scape_news.py for tasks to queue
[2024-05-23T16:56:44.708+0700] {logging_mixin.py:188} INFO - [2024-05-23T16:56:44.707+0700] {dagbag.py:540} INFO - Filling up the DagBag from /mnt/d/Programming/Vietnamese-Text-Generator/airflow/dags/scape_news.py
[2024-05-23T16:56:44.728+0700] {processor.py:840} INFO - DAG(s) 'ETL-VNExpress' retrieved from /mnt/d/Programming/Vietnamese-Text-Generator/airflow/dags/scape_news.py
[2024-05-23T16:56:44.761+0700] {logging_mixin.py:188} INFO - [2024-05-23T16:56:44.760+0700] {dag.py:3096} INFO - Sync 1 DAGs
[2024-05-23T16:56:44.798+0700] {logging_mixin.py:188} INFO - [2024-05-23T16:56:44.796+0700] {dag.py:3954} INFO - Setting next_dagrun for ETL-VNExpress to 2024-05-22 17:55:00+00:00, run_after=2024-05-23 17:55:00+00:00
[2024-05-23T16:56:44.915+0700] {processor.py:183} INFO - Processing /mnt/d/Programming/Vietnamese-Text-Generator/airflow/dags/scape_news.py took 0.225 seconds
[2024-05-23T16:57:21.916+0700] {processor.py:161} INFO - Started process (PID=22977) to work on /mnt/d/Programming/Vietnamese-Text-Generator/airflow/dags/scape_news.py
[2024-05-23T16:57:21.918+0700] {processor.py:830} INFO - Processing file /mnt/d/Programming/Vietnamese-Text-Generator/airflow/dags/scape_news.py for tasks to queue
[2024-05-23T16:57:21.923+0700] {logging_mixin.py:188} INFO - [2024-05-23T16:57:21.919+0700] {dagbag.py:540} INFO - Filling up the DagBag from /mnt/d/Programming/Vietnamese-Text-Generator/airflow/dags/scape_news.py
[2024-05-23T16:57:21.945+0700] {processor.py:840} INFO - DAG(s) 'ETL-VNExpress' retrieved from /mnt/d/Programming/Vietnamese-Text-Generator/airflow/dags/scape_news.py
[2024-05-23T16:57:21.978+0700] {logging_mixin.py:188} INFO - [2024-05-23T16:57:21.977+0700] {dag.py:3096} INFO - Sync 1 DAGs
[2024-05-23T16:57:22.007+0700] {logging_mixin.py:188} INFO - [2024-05-23T16:57:22.005+0700] {dag.py:3954} INFO - Setting next_dagrun for ETL-VNExpress to 2024-05-22 17:55:00+00:00, run_after=2024-05-23 17:55:00+00:00
[2024-05-23T16:57:22.062+0700] {processor.py:183} INFO - Processing /mnt/d/Programming/Vietnamese-Text-Generator/airflow/dags/scape_news.py took 0.159 seconds
[2024-05-23T16:57:56.010+0700] {processor.py:161} INFO - Started process (PID=23138) to work on /mnt/d/Programming/Vietnamese-Text-Generator/airflow/dags/scape_news.py
[2024-05-23T16:57:56.011+0700] {processor.py:830} INFO - Processing file /mnt/d/Programming/Vietnamese-Text-Generator/airflow/dags/scape_news.py for tasks to queue
[2024-05-23T16:57:56.014+0700] {logging_mixin.py:188} INFO - [2024-05-23T16:57:56.013+0700] {dagbag.py:540} INFO - Filling up the DagBag from /mnt/d/Programming/Vietnamese-Text-Generator/airflow/dags/scape_news.py
[2024-05-23T16:57:56.033+0700] {processor.py:840} INFO - DAG(s) 'ETL-VNExpress' retrieved from /mnt/d/Programming/Vietnamese-Text-Generator/airflow/dags/scape_news.py
[2024-05-23T16:57:56.058+0700] {logging_mixin.py:188} INFO - [2024-05-23T16:57:56.057+0700] {dag.py:3096} INFO - Sync 1 DAGs
[2024-05-23T16:57:56.081+0700] {logging_mixin.py:188} INFO - [2024-05-23T16:57:56.080+0700] {dag.py:3954} INFO - Setting next_dagrun for ETL-VNExpress to 2024-05-22 17:55:00+00:00, run_after=2024-05-23 17:55:00+00:00
[2024-05-23T16:57:56.144+0700] {processor.py:183} INFO - Processing /mnt/d/Programming/Vietnamese-Text-Generator/airflow/dags/scape_news.py took 0.153 seconds
[2024-05-23T16:58:29.267+0700] {processor.py:161} INFO - Started process (PID=23295) to work on /mnt/d/Programming/Vietnamese-Text-Generator/airflow/dags/scape_news.py
[2024-05-23T16:58:29.269+0700] {processor.py:830} INFO - Processing file /mnt/d/Programming/Vietnamese-Text-Generator/airflow/dags/scape_news.py for tasks to queue
[2024-05-23T16:58:29.271+0700] {logging_mixin.py:188} INFO - [2024-05-23T16:58:29.270+0700] {dagbag.py:540} INFO - Filling up the DagBag from /mnt/d/Programming/Vietnamese-Text-Generator/airflow/dags/scape_news.py
[2024-05-23T16:58:29.289+0700] {processor.py:840} INFO - DAG(s) 'ETL-VNExpress' retrieved from /mnt/d/Programming/Vietnamese-Text-Generator/airflow/dags/scape_news.py
[2024-05-23T16:58:29.319+0700] {logging_mixin.py:188} INFO - [2024-05-23T16:58:29.318+0700] {dag.py:3096} INFO - Sync 1 DAGs
[2024-05-23T16:58:29.347+0700] {logging_mixin.py:188} INFO - [2024-05-23T16:58:29.346+0700] {dag.py:3954} INFO - Setting next_dagrun for ETL-VNExpress to 2024-05-22 17:55:00+00:00, run_after=2024-05-23 17:55:00+00:00
[2024-05-23T16:58:29.410+0700] {processor.py:183} INFO - Processing /mnt/d/Programming/Vietnamese-Text-Generator/airflow/dags/scape_news.py took 0.156 seconds
[2024-05-23T16:59:03.522+0700] {processor.py:161} INFO - Started process (PID=23454) to work on /mnt/d/Programming/Vietnamese-Text-Generator/airflow/dags/scape_news.py
[2024-05-23T16:59:03.524+0700] {processor.py:830} INFO - Processing file /mnt/d/Programming/Vietnamese-Text-Generator/airflow/dags/scape_news.py for tasks to queue
[2024-05-23T16:59:03.530+0700] {logging_mixin.py:188} INFO - [2024-05-23T16:59:03.527+0700] {dagbag.py:540} INFO - Filling up the DagBag from /mnt/d/Programming/Vietnamese-Text-Generator/airflow/dags/scape_news.py
[2024-05-23T16:59:03.550+0700] {processor.py:840} INFO - DAG(s) 'ETL-VNExpress' retrieved from /mnt/d/Programming/Vietnamese-Text-Generator/airflow/dags/scape_news.py
[2024-05-23T16:59:03.580+0700] {logging_mixin.py:188} INFO - [2024-05-23T16:59:03.579+0700] {dag.py:3096} INFO - Sync 1 DAGs
[2024-05-23T16:59:03.606+0700] {logging_mixin.py:188} INFO - [2024-05-23T16:59:03.605+0700] {dag.py:3954} INFO - Setting next_dagrun for ETL-VNExpress to 2024-05-22 17:55:00+00:00, run_after=2024-05-23 17:55:00+00:00
[2024-05-23T16:59:03.686+0700] {processor.py:183} INFO - Processing /mnt/d/Programming/Vietnamese-Text-Generator/airflow/dags/scape_news.py took 0.175 seconds
[2024-05-23T16:59:40.283+0700] {processor.py:161} INFO - Started process (PID=23625) to work on /mnt/d/Programming/Vietnamese-Text-Generator/airflow/dags/scape_news.py
[2024-05-23T16:59:40.284+0700] {processor.py:830} INFO - Processing file /mnt/d/Programming/Vietnamese-Text-Generator/airflow/dags/scape_news.py for tasks to queue
[2024-05-23T16:59:40.286+0700] {logging_mixin.py:188} INFO - [2024-05-23T16:59:40.285+0700] {dagbag.py:540} INFO - Filling up the DagBag from /mnt/d/Programming/Vietnamese-Text-Generator/airflow/dags/scape_news.py
[2024-05-23T16:59:40.304+0700] {processor.py:840} INFO - DAG(s) 'ETL-VNExpress' retrieved from /mnt/d/Programming/Vietnamese-Text-Generator/airflow/dags/scape_news.py
[2024-05-23T16:59:40.335+0700] {logging_mixin.py:188} INFO - [2024-05-23T16:59:40.334+0700] {dag.py:3096} INFO - Sync 1 DAGs
[2024-05-23T16:59:40.363+0700] {logging_mixin.py:188} INFO - [2024-05-23T16:59:40.362+0700] {dag.py:3954} INFO - Setting next_dagrun for ETL-VNExpress to 2024-05-22 17:55:00+00:00, run_after=2024-05-23 17:55:00+00:00
[2024-05-23T16:59:40.438+0700] {processor.py:183} INFO - Processing /mnt/d/Programming/Vietnamese-Text-Generator/airflow/dags/scape_news.py took 0.167 seconds
[2024-05-23T17:00:16.087+0700] {processor.py:161} INFO - Started process (PID=23792) to work on /mnt/d/Programming/Vietnamese-Text-Generator/airflow/dags/scape_news.py
[2024-05-23T17:00:16.089+0700] {processor.py:830} INFO - Processing file /mnt/d/Programming/Vietnamese-Text-Generator/airflow/dags/scape_news.py for tasks to queue
[2024-05-23T17:00:16.091+0700] {logging_mixin.py:188} INFO - [2024-05-23T17:00:16.090+0700] {dagbag.py:540} INFO - Filling up the DagBag from /mnt/d/Programming/Vietnamese-Text-Generator/airflow/dags/scape_news.py
[2024-05-23T17:00:16.108+0700] {processor.py:840} INFO - DAG(s) 'ETL-VNExpress' retrieved from /mnt/d/Programming/Vietnamese-Text-Generator/airflow/dags/scape_news.py
[2024-05-23T17:00:16.143+0700] {logging_mixin.py:188} INFO - [2024-05-23T17:00:16.141+0700] {dag.py:3096} INFO - Sync 1 DAGs
[2024-05-23T17:00:16.173+0700] {logging_mixin.py:188} INFO - [2024-05-23T17:00:16.171+0700] {dag.py:3954} INFO - Setting next_dagrun for ETL-VNExpress to 2024-05-22 17:55:00+00:00, run_after=2024-05-23 17:55:00+00:00
[2024-05-23T17:00:16.231+0700] {processor.py:183} INFO - Processing /mnt/d/Programming/Vietnamese-Text-Generator/airflow/dags/scape_news.py took 0.157 seconds
[2024-05-23T17:00:48.136+0700] {processor.py:161} INFO - Started process (PID=23944) to work on /mnt/d/Programming/Vietnamese-Text-Generator/airflow/dags/scape_news.py
[2024-05-23T17:00:48.138+0700] {processor.py:830} INFO - Processing file /mnt/d/Programming/Vietnamese-Text-Generator/airflow/dags/scape_news.py for tasks to queue
[2024-05-23T17:00:48.142+0700] {logging_mixin.py:188} INFO - [2024-05-23T17:00:48.139+0700] {dagbag.py:540} INFO - Filling up the DagBag from /mnt/d/Programming/Vietnamese-Text-Generator/airflow/dags/scape_news.py
[2024-05-23T17:00:48.163+0700] {processor.py:840} INFO - DAG(s) 'ETL-VNExpress' retrieved from /mnt/d/Programming/Vietnamese-Text-Generator/airflow/dags/scape_news.py
[2024-05-23T17:00:48.195+0700] {logging_mixin.py:188} INFO - [2024-05-23T17:00:48.193+0700] {dag.py:3096} INFO - Sync 1 DAGs
[2024-05-23T17:00:48.223+0700] {logging_mixin.py:188} INFO - [2024-05-23T17:00:48.223+0700] {dag.py:3954} INFO - Setting next_dagrun for ETL-VNExpress to 2024-05-22 17:55:00+00:00, run_after=2024-05-23 17:55:00+00:00
[2024-05-23T17:00:48.289+0700] {processor.py:183} INFO - Processing /mnt/d/Programming/Vietnamese-Text-Generator/airflow/dags/scape_news.py took 0.164 seconds
[2024-05-23T17:01:21.456+0700] {processor.py:161} INFO - Started process (PID=24097) to work on /mnt/d/Programming/Vietnamese-Text-Generator/airflow/dags/scape_news.py
[2024-05-23T17:01:21.459+0700] {processor.py:830} INFO - Processing file /mnt/d/Programming/Vietnamese-Text-Generator/airflow/dags/scape_news.py for tasks to queue
[2024-05-23T17:01:21.462+0700] {logging_mixin.py:188} INFO - [2024-05-23T17:01:21.461+0700] {dagbag.py:540} INFO - Filling up the DagBag from /mnt/d/Programming/Vietnamese-Text-Generator/airflow/dags/scape_news.py
[2024-05-23T17:01:21.497+0700] {processor.py:840} INFO - DAG(s) 'ETL-VNExpress' retrieved from /mnt/d/Programming/Vietnamese-Text-Generator/airflow/dags/scape_news.py
[2024-05-23T17:01:21.534+0700] {logging_mixin.py:188} INFO - [2024-05-23T17:01:21.533+0700] {dag.py:3096} INFO - Sync 1 DAGs
[2024-05-23T17:01:21.568+0700] {logging_mixin.py:188} INFO - [2024-05-23T17:01:21.567+0700] {dag.py:3954} INFO - Setting next_dagrun for ETL-VNExpress to 2024-05-22 17:55:00+00:00, run_after=2024-05-23 17:55:00+00:00
[2024-05-23T17:01:21.628+0700] {processor.py:183} INFO - Processing /mnt/d/Programming/Vietnamese-Text-Generator/airflow/dags/scape_news.py took 0.190 seconds
[2024-05-23T17:01:56.190+0700] {processor.py:161} INFO - Started process (PID=24260) to work on /mnt/d/Programming/Vietnamese-Text-Generator/airflow/dags/scape_news.py
[2024-05-23T17:01:56.192+0700] {processor.py:830} INFO - Processing file /mnt/d/Programming/Vietnamese-Text-Generator/airflow/dags/scape_news.py for tasks to queue
[2024-05-23T17:01:56.194+0700] {logging_mixin.py:188} INFO - [2024-05-23T17:01:56.193+0700] {dagbag.py:540} INFO - Filling up the DagBag from /mnt/d/Programming/Vietnamese-Text-Generator/airflow/dags/scape_news.py
[2024-05-23T17:01:56.212+0700] {processor.py:840} INFO - DAG(s) 'ETL-VNExpress' retrieved from /mnt/d/Programming/Vietnamese-Text-Generator/airflow/dags/scape_news.py
[2024-05-23T17:01:56.244+0700] {logging_mixin.py:188} INFO - [2024-05-23T17:01:56.243+0700] {dag.py:3096} INFO - Sync 1 DAGs
[2024-05-23T17:01:56.274+0700] {logging_mixin.py:188} INFO - [2024-05-23T17:01:56.273+0700] {dag.py:3954} INFO - Setting next_dagrun for ETL-VNExpress to 2024-05-22 17:55:00+00:00, run_after=2024-05-23 17:55:00+00:00
[2024-05-23T17:01:56.334+0700] {processor.py:183} INFO - Processing /mnt/d/Programming/Vietnamese-Text-Generator/airflow/dags/scape_news.py took 0.156 seconds
[2024-05-23T17:02:32.041+0700] {processor.py:161} INFO - Started process (PID=24425) to work on /mnt/d/Programming/Vietnamese-Text-Generator/airflow/dags/scape_news.py
[2024-05-23T17:02:32.042+0700] {processor.py:830} INFO - Processing file /mnt/d/Programming/Vietnamese-Text-Generator/airflow/dags/scape_news.py for tasks to queue
[2024-05-23T17:02:32.044+0700] {logging_mixin.py:188} INFO - [2024-05-23T17:02:32.043+0700] {dagbag.py:540} INFO - Filling up the DagBag from /mnt/d/Programming/Vietnamese-Text-Generator/airflow/dags/scape_news.py
[2024-05-23T17:02:32.063+0700] {processor.py:840} INFO - DAG(s) 'ETL-VNExpress' retrieved from /mnt/d/Programming/Vietnamese-Text-Generator/airflow/dags/scape_news.py
[2024-05-23T17:02:32.095+0700] {logging_mixin.py:188} INFO - [2024-05-23T17:02:32.093+0700] {dag.py:3096} INFO - Sync 1 DAGs
[2024-05-23T17:02:32.122+0700] {logging_mixin.py:188} INFO - [2024-05-23T17:02:32.121+0700] {dag.py:3954} INFO - Setting next_dagrun for ETL-VNExpress to 2024-05-22 17:55:00+00:00, run_after=2024-05-23 17:55:00+00:00
[2024-05-23T17:02:32.187+0700] {processor.py:183} INFO - Processing /mnt/d/Programming/Vietnamese-Text-Generator/airflow/dags/scape_news.py took 0.158 seconds
[2024-05-23T17:03:08.669+0700] {processor.py:161} INFO - Started process (PID=24594) to work on /mnt/d/Programming/Vietnamese-Text-Generator/airflow/dags/scape_news.py
[2024-05-23T17:03:08.671+0700] {processor.py:830} INFO - Processing file /mnt/d/Programming/Vietnamese-Text-Generator/airflow/dags/scape_news.py for tasks to queue
[2024-05-23T17:03:08.675+0700] {logging_mixin.py:188} INFO - [2024-05-23T17:03:08.673+0700] {dagbag.py:540} INFO - Filling up the DagBag from /mnt/d/Programming/Vietnamese-Text-Generator/airflow/dags/scape_news.py
[2024-05-23T17:03:08.696+0700] {processor.py:840} INFO - DAG(s) 'ETL-VNExpress' retrieved from /mnt/d/Programming/Vietnamese-Text-Generator/airflow/dags/scape_news.py
[2024-05-23T17:03:08.734+0700] {logging_mixin.py:188} INFO - [2024-05-23T17:03:08.732+0700] {dag.py:3096} INFO - Sync 1 DAGs
[2024-05-23T17:03:08.761+0700] {logging_mixin.py:188} INFO - [2024-05-23T17:03:08.760+0700] {dag.py:3954} INFO - Setting next_dagrun for ETL-VNExpress to 2024-05-22 17:55:00+00:00, run_after=2024-05-23 17:55:00+00:00
[2024-05-23T17:03:08.820+0700] {processor.py:183} INFO - Processing /mnt/d/Programming/Vietnamese-Text-Generator/airflow/dags/scape_news.py took 0.164 seconds
[2024-05-23T17:03:42.638+0700] {processor.py:161} INFO - Started process (PID=24753) to work on /mnt/d/Programming/Vietnamese-Text-Generator/airflow/dags/scape_news.py
[2024-05-23T17:03:42.639+0700] {processor.py:830} INFO - Processing file /mnt/d/Programming/Vietnamese-Text-Generator/airflow/dags/scape_news.py for tasks to queue
[2024-05-23T17:03:42.641+0700] {logging_mixin.py:188} INFO - [2024-05-23T17:03:42.641+0700] {dagbag.py:540} INFO - Filling up the DagBag from /mnt/d/Programming/Vietnamese-Text-Generator/airflow/dags/scape_news.py
[2024-05-23T17:03:42.660+0700] {processor.py:840} INFO - DAG(s) 'ETL-VNExpress' retrieved from /mnt/d/Programming/Vietnamese-Text-Generator/airflow/dags/scape_news.py
[2024-05-23T17:03:42.691+0700] {logging_mixin.py:188} INFO - [2024-05-23T17:03:42.690+0700] {dag.py:3096} INFO - Sync 1 DAGs
[2024-05-23T17:03:42.718+0700] {logging_mixin.py:188} INFO - [2024-05-23T17:03:42.717+0700] {dag.py:3954} INFO - Setting next_dagrun for ETL-VNExpress to 2024-05-22 17:55:00+00:00, run_after=2024-05-23 17:55:00+00:00
[2024-05-23T17:03:42.786+0700] {processor.py:183} INFO - Processing /mnt/d/Programming/Vietnamese-Text-Generator/airflow/dags/scape_news.py took 0.161 seconds
[2024-05-23T17:04:16.577+0700] {processor.py:161} INFO - Started process (PID=24910) to work on /mnt/d/Programming/Vietnamese-Text-Generator/airflow/dags/scape_news.py
[2024-05-23T17:04:16.579+0700] {processor.py:830} INFO - Processing file /mnt/d/Programming/Vietnamese-Text-Generator/airflow/dags/scape_news.py for tasks to queue
[2024-05-23T17:04:16.582+0700] {logging_mixin.py:188} INFO - [2024-05-23T17:04:16.581+0700] {dagbag.py:540} INFO - Filling up the DagBag from /mnt/d/Programming/Vietnamese-Text-Generator/airflow/dags/scape_news.py
[2024-05-23T17:04:16.602+0700] {processor.py:840} INFO - DAG(s) 'ETL-VNExpress' retrieved from /mnt/d/Programming/Vietnamese-Text-Generator/airflow/dags/scape_news.py
[2024-05-23T17:04:16.634+0700] {logging_mixin.py:188} INFO - [2024-05-23T17:04:16.632+0700] {dag.py:3096} INFO - Sync 1 DAGs
[2024-05-23T17:04:16.660+0700] {logging_mixin.py:188} INFO - [2024-05-23T17:04:16.659+0700] {dag.py:3954} INFO - Setting next_dagrun for ETL-VNExpress to 2024-05-22 17:55:00+00:00, run_after=2024-05-23 17:55:00+00:00
[2024-05-23T17:04:16.713+0700] {processor.py:183} INFO - Processing /mnt/d/Programming/Vietnamese-Text-Generator/airflow/dags/scape_news.py took 0.148 seconds
[2024-05-23T17:04:51.782+0700] {processor.py:161} INFO - Started process (PID=25074) to work on /mnt/d/Programming/Vietnamese-Text-Generator/airflow/dags/scape_news.py
[2024-05-23T17:04:51.784+0700] {processor.py:830} INFO - Processing file /mnt/d/Programming/Vietnamese-Text-Generator/airflow/dags/scape_news.py for tasks to queue
[2024-05-23T17:04:51.787+0700] {logging_mixin.py:188} INFO - [2024-05-23T17:04:51.786+0700] {dagbag.py:540} INFO - Filling up the DagBag from /mnt/d/Programming/Vietnamese-Text-Generator/airflow/dags/scape_news.py
[2024-05-23T17:04:51.808+0700] {processor.py:840} INFO - DAG(s) 'ETL-VNExpress' retrieved from /mnt/d/Programming/Vietnamese-Text-Generator/airflow/dags/scape_news.py
[2024-05-23T17:04:51.843+0700] {logging_mixin.py:188} INFO - [2024-05-23T17:04:51.842+0700] {dag.py:3096} INFO - Sync 1 DAGs
[2024-05-23T17:04:51.870+0700] {logging_mixin.py:188} INFO - [2024-05-23T17:04:51.869+0700] {dag.py:3954} INFO - Setting next_dagrun for ETL-VNExpress to 2024-05-22 17:55:00+00:00, run_after=2024-05-23 17:55:00+00:00
[2024-05-23T17:04:51.933+0700] {processor.py:183} INFO - Processing /mnt/d/Programming/Vietnamese-Text-Generator/airflow/dags/scape_news.py took 0.162 seconds
