[2024-05-24T17:02:24.986+0700] {processor.py:161} INFO - Started process (PID=1992) to work on /mnt/d/Programming/Vietnamese-Text-Generator/airflow_env/lib/python3.10/site-packages/airflow/example_dags/example_dynamic_task_mapping_with_no_taskflow_operators.py
[2024-05-24T17:02:24.988+0700] {processor.py:830} INFO - Processing file /mnt/d/Programming/Vietnamese-Text-Generator/airflow_env/lib/python3.10/site-packages/airflow/example_dags/example_dynamic_task_mapping_with_no_taskflow_operators.py for tasks to queue
[2024-05-24T17:02:24.992+0700] {logging_mixin.py:188} INFO - [2024-05-24T17:02:24.991+0700] {dagbag.py:540} INFO - Filling up the DagBag from /mnt/d/Programming/Vietnamese-Text-Generator/airflow_env/lib/python3.10/site-packages/airflow/example_dags/example_dynamic_task_mapping_with_no_taskflow_operators.py
[2024-05-24T17:02:25.022+0700] {processor.py:840} INFO - DAG(s) 'example_dynamic_task_mapping_with_no_taskflow_operators' retrieved from /mnt/d/Programming/Vietnamese-Text-Generator/airflow_env/lib/python3.10/site-packages/airflow/example_dags/example_dynamic_task_mapping_with_no_taskflow_operators.py
[2024-05-24T17:02:25.072+0700] {logging_mixin.py:188} INFO - [2024-05-24T17:02:25.070+0700] {dag.py:3096} INFO - Sync 1 DAGs
[2024-05-24T17:02:25.141+0700] {logging_mixin.py:188} INFO - [2024-05-24T17:02:25.139+0700] {dag.py:3954} INFO - Setting next_dagrun for example_dynamic_task_mapping_with_no_taskflow_operators to 2024-05-23 00:00:00+00:00, run_after=2024-05-24 00:00:00+00:00
[2024-05-24T17:02:25.251+0700] {processor.py:183} INFO - Processing /mnt/d/Programming/Vietnamese-Text-Generator/airflow_env/lib/python3.10/site-packages/airflow/example_dags/example_dynamic_task_mapping_with_no_taskflow_operators.py took 0.279 seconds
[2024-05-24T17:04:14.559+0700] {processor.py:161} INFO - Started process (PID=2461) to work on /mnt/d/Programming/Vietnamese-Text-Generator/airflow_env/lib/python3.10/site-packages/airflow/example_dags/example_dynamic_task_mapping_with_no_taskflow_operators.py
[2024-05-24T17:04:14.570+0700] {processor.py:830} INFO - Processing file /mnt/d/Programming/Vietnamese-Text-Generator/airflow_env/lib/python3.10/site-packages/airflow/example_dags/example_dynamic_task_mapping_with_no_taskflow_operators.py for tasks to queue
[2024-05-24T17:04:14.583+0700] {logging_mixin.py:188} INFO - [2024-05-24T17:04:14.580+0700] {dagbag.py:540} INFO - Filling up the DagBag from /mnt/d/Programming/Vietnamese-Text-Generator/airflow_env/lib/python3.10/site-packages/airflow/example_dags/example_dynamic_task_mapping_with_no_taskflow_operators.py
[2024-05-24T17:04:14.671+0700] {processor.py:840} INFO - DAG(s) 'example_dynamic_task_mapping_with_no_taskflow_operators' retrieved from /mnt/d/Programming/Vietnamese-Text-Generator/airflow_env/lib/python3.10/site-packages/airflow/example_dags/example_dynamic_task_mapping_with_no_taskflow_operators.py
[2024-05-24T17:04:14.762+0700] {logging_mixin.py:188} INFO - [2024-05-24T17:04:14.758+0700] {dag.py:3096} INFO - Sync 1 DAGs
[2024-05-24T17:04:14.867+0700] {logging_mixin.py:188} INFO - [2024-05-24T17:04:14.864+0700] {dag.py:3954} INFO - Setting next_dagrun for example_dynamic_task_mapping_with_no_taskflow_operators to 2024-05-23 00:00:00+00:00, run_after=2024-05-24 00:00:00+00:00
[2024-05-24T17:04:15.068+0700] {processor.py:183} INFO - Processing /mnt/d/Programming/Vietnamese-Text-Generator/airflow_env/lib/python3.10/site-packages/airflow/example_dags/example_dynamic_task_mapping_with_no_taskflow_operators.py took 0.552 seconds
[2024-05-24T17:06:31.857+0700] {processor.py:161} INFO - Started process (PID=3141) to work on /mnt/d/Programming/Vietnamese-Text-Generator/airflow_env/lib/python3.10/site-packages/airflow/example_dags/example_dynamic_task_mapping_with_no_taskflow_operators.py
[2024-05-24T17:06:31.863+0700] {processor.py:830} INFO - Processing file /mnt/d/Programming/Vietnamese-Text-Generator/airflow_env/lib/python3.10/site-packages/airflow/example_dags/example_dynamic_task_mapping_with_no_taskflow_operators.py for tasks to queue
[2024-05-24T17:06:31.876+0700] {logging_mixin.py:188} INFO - [2024-05-24T17:06:31.873+0700] {dagbag.py:540} INFO - Filling up the DagBag from /mnt/d/Programming/Vietnamese-Text-Generator/airflow_env/lib/python3.10/site-packages/airflow/example_dags/example_dynamic_task_mapping_with_no_taskflow_operators.py
[2024-05-24T17:06:31.957+0700] {processor.py:840} INFO - DAG(s) 'example_dynamic_task_mapping_with_no_taskflow_operators' retrieved from /mnt/d/Programming/Vietnamese-Text-Generator/airflow_env/lib/python3.10/site-packages/airflow/example_dags/example_dynamic_task_mapping_with_no_taskflow_operators.py
[2024-05-24T17:06:32.040+0700] {logging_mixin.py:188} INFO - [2024-05-24T17:06:32.036+0700] {dag.py:3096} INFO - Sync 1 DAGs
[2024-05-24T17:06:32.148+0700] {logging_mixin.py:188} INFO - [2024-05-24T17:06:32.144+0700] {dag.py:3954} INFO - Setting next_dagrun for example_dynamic_task_mapping_with_no_taskflow_operators to 2024-05-23 00:00:00+00:00, run_after=2024-05-24 00:00:00+00:00
[2024-05-24T17:06:32.358+0700] {processor.py:183} INFO - Processing /mnt/d/Programming/Vietnamese-Text-Generator/airflow_env/lib/python3.10/site-packages/airflow/example_dags/example_dynamic_task_mapping_with_no_taskflow_operators.py took 0.553 seconds
[2024-05-24T17:08:40.594+0700] {processor.py:161} INFO - Started process (PID=3706) to work on /mnt/d/Programming/Vietnamese-Text-Generator/airflow_env/lib/python3.10/site-packages/airflow/example_dags/example_dynamic_task_mapping_with_no_taskflow_operators.py
[2024-05-24T17:08:40.600+0700] {processor.py:830} INFO - Processing file /mnt/d/Programming/Vietnamese-Text-Generator/airflow_env/lib/python3.10/site-packages/airflow/example_dags/example_dynamic_task_mapping_with_no_taskflow_operators.py for tasks to queue
[2024-05-24T17:08:40.612+0700] {logging_mixin.py:188} INFO - [2024-05-24T17:08:40.608+0700] {dagbag.py:540} INFO - Filling up the DagBag from /mnt/d/Programming/Vietnamese-Text-Generator/airflow_env/lib/python3.10/site-packages/airflow/example_dags/example_dynamic_task_mapping_with_no_taskflow_operators.py
[2024-05-24T17:08:40.704+0700] {processor.py:840} INFO - DAG(s) 'example_dynamic_task_mapping_with_no_taskflow_operators' retrieved from /mnt/d/Programming/Vietnamese-Text-Generator/airflow_env/lib/python3.10/site-packages/airflow/example_dags/example_dynamic_task_mapping_with_no_taskflow_operators.py
[2024-05-24T17:08:40.794+0700] {logging_mixin.py:188} INFO - [2024-05-24T17:08:40.790+0700] {dag.py:3096} INFO - Sync 1 DAGs
[2024-05-24T17:08:40.908+0700] {logging_mixin.py:188} INFO - [2024-05-24T17:08:40.904+0700] {dag.py:3954} INFO - Setting next_dagrun for example_dynamic_task_mapping_with_no_taskflow_operators to 2024-05-23 00:00:00+00:00, run_after=2024-05-24 00:00:00+00:00
[2024-05-24T17:08:41.104+0700] {processor.py:183} INFO - Processing /mnt/d/Programming/Vietnamese-Text-Generator/airflow_env/lib/python3.10/site-packages/airflow/example_dags/example_dynamic_task_mapping_with_no_taskflow_operators.py took 0.554 seconds
[2024-05-24T17:10:59.013+0700] {processor.py:161} INFO - Started process (PID=4311) to work on /mnt/d/Programming/Vietnamese-Text-Generator/airflow_env/lib/python3.10/site-packages/airflow/example_dags/example_dynamic_task_mapping_with_no_taskflow_operators.py
[2024-05-24T17:10:59.020+0700] {processor.py:830} INFO - Processing file /mnt/d/Programming/Vietnamese-Text-Generator/airflow_env/lib/python3.10/site-packages/airflow/example_dags/example_dynamic_task_mapping_with_no_taskflow_operators.py for tasks to queue
[2024-05-24T17:10:59.034+0700] {logging_mixin.py:188} INFO - [2024-05-24T17:10:59.030+0700] {dagbag.py:540} INFO - Filling up the DagBag from /mnt/d/Programming/Vietnamese-Text-Generator/airflow_env/lib/python3.10/site-packages/airflow/example_dags/example_dynamic_task_mapping_with_no_taskflow_operators.py
[2024-05-24T17:10:59.124+0700] {processor.py:840} INFO - DAG(s) 'example_dynamic_task_mapping_with_no_taskflow_operators' retrieved from /mnt/d/Programming/Vietnamese-Text-Generator/airflow_env/lib/python3.10/site-packages/airflow/example_dags/example_dynamic_task_mapping_with_no_taskflow_operators.py
[2024-05-24T17:10:59.221+0700] {logging_mixin.py:188} INFO - [2024-05-24T17:10:59.218+0700] {dag.py:3096} INFO - Sync 1 DAGs
[2024-05-24T17:10:59.331+0700] {logging_mixin.py:188} INFO - [2024-05-24T17:10:59.328+0700] {dag.py:3954} INFO - Setting next_dagrun for example_dynamic_task_mapping_with_no_taskflow_operators to 2024-05-23 00:00:00+00:00, run_after=2024-05-24 00:00:00+00:00
[2024-05-24T17:10:59.537+0700] {processor.py:183} INFO - Processing /mnt/d/Programming/Vietnamese-Text-Generator/airflow_env/lib/python3.10/site-packages/airflow/example_dags/example_dynamic_task_mapping_with_no_taskflow_operators.py took 0.576 seconds
[2024-05-24T17:13:20.788+0700] {processor.py:161} INFO - Started process (PID=4931) to work on /mnt/d/Programming/Vietnamese-Text-Generator/airflow_env/lib/python3.10/site-packages/airflow/example_dags/example_dynamic_task_mapping_with_no_taskflow_operators.py
[2024-05-24T17:13:20.802+0700] {processor.py:830} INFO - Processing file /mnt/d/Programming/Vietnamese-Text-Generator/airflow_env/lib/python3.10/site-packages/airflow/example_dags/example_dynamic_task_mapping_with_no_taskflow_operators.py for tasks to queue
[2024-05-24T17:13:20.810+0700] {logging_mixin.py:188} INFO - [2024-05-24T17:13:20.809+0700] {dagbag.py:540} INFO - Filling up the DagBag from /mnt/d/Programming/Vietnamese-Text-Generator/airflow_env/lib/python3.10/site-packages/airflow/example_dags/example_dynamic_task_mapping_with_no_taskflow_operators.py
[2024-05-24T17:13:20.842+0700] {processor.py:840} INFO - DAG(s) 'example_dynamic_task_mapping_with_no_taskflow_operators' retrieved from /mnt/d/Programming/Vietnamese-Text-Generator/airflow_env/lib/python3.10/site-packages/airflow/example_dags/example_dynamic_task_mapping_with_no_taskflow_operators.py
[2024-05-24T17:13:20.877+0700] {logging_mixin.py:188} INFO - [2024-05-24T17:13:20.876+0700] {dag.py:3096} INFO - Sync 1 DAGs
[2024-05-24T17:13:20.913+0700] {logging_mixin.py:188} INFO - [2024-05-24T17:13:20.911+0700] {dag.py:3954} INFO - Setting next_dagrun for example_dynamic_task_mapping_with_no_taskflow_operators to 2024-05-23 00:00:00+00:00, run_after=2024-05-24 00:00:00+00:00
[2024-05-24T17:13:21.054+0700] {processor.py:183} INFO - Processing /mnt/d/Programming/Vietnamese-Text-Generator/airflow_env/lib/python3.10/site-packages/airflow/example_dags/example_dynamic_task_mapping_with_no_taskflow_operators.py took 0.333 seconds
[2024-05-24T17:15:35.269+0700] {processor.py:161} INFO - Started process (PID=5519) to work on /mnt/d/Programming/Vietnamese-Text-Generator/airflow_env/lib/python3.10/site-packages/airflow/example_dags/example_dynamic_task_mapping_with_no_taskflow_operators.py
[2024-05-24T17:15:35.271+0700] {processor.py:830} INFO - Processing file /mnt/d/Programming/Vietnamese-Text-Generator/airflow_env/lib/python3.10/site-packages/airflow/example_dags/example_dynamic_task_mapping_with_no_taskflow_operators.py for tasks to queue
[2024-05-24T17:15:35.276+0700] {logging_mixin.py:188} INFO - [2024-05-24T17:15:35.274+0700] {dagbag.py:540} INFO - Filling up the DagBag from /mnt/d/Programming/Vietnamese-Text-Generator/airflow_env/lib/python3.10/site-packages/airflow/example_dags/example_dynamic_task_mapping_with_no_taskflow_operators.py
[2024-05-24T17:15:35.304+0700] {processor.py:840} INFO - DAG(s) 'example_dynamic_task_mapping_with_no_taskflow_operators' retrieved from /mnt/d/Programming/Vietnamese-Text-Generator/airflow_env/lib/python3.10/site-packages/airflow/example_dags/example_dynamic_task_mapping_with_no_taskflow_operators.py
[2024-05-24T17:15:35.368+0700] {logging_mixin.py:188} INFO - [2024-05-24T17:15:35.366+0700] {dag.py:3096} INFO - Sync 1 DAGs
[2024-05-24T17:15:35.451+0700] {logging_mixin.py:188} INFO - [2024-05-24T17:15:35.449+0700] {dag.py:3954} INFO - Setting next_dagrun for example_dynamic_task_mapping_with_no_taskflow_operators to 2024-05-23 00:00:00+00:00, run_after=2024-05-24 00:00:00+00:00
[2024-05-24T17:15:35.573+0700] {processor.py:183} INFO - Processing /mnt/d/Programming/Vietnamese-Text-Generator/airflow_env/lib/python3.10/site-packages/airflow/example_dags/example_dynamic_task_mapping_with_no_taskflow_operators.py took 0.319 seconds
[2024-05-24T17:18:00.241+0700] {processor.py:161} INFO - Started process (PID=6154) to work on /mnt/d/Programming/Vietnamese-Text-Generator/airflow_env/lib/python3.10/site-packages/airflow/example_dags/example_dynamic_task_mapping_with_no_taskflow_operators.py
[2024-05-24T17:18:00.249+0700] {processor.py:830} INFO - Processing file /mnt/d/Programming/Vietnamese-Text-Generator/airflow_env/lib/python3.10/site-packages/airflow/example_dags/example_dynamic_task_mapping_with_no_taskflow_operators.py for tasks to queue
[2024-05-24T17:18:00.265+0700] {logging_mixin.py:188} INFO - [2024-05-24T17:18:00.260+0700] {dagbag.py:540} INFO - Filling up the DagBag from /mnt/d/Programming/Vietnamese-Text-Generator/airflow_env/lib/python3.10/site-packages/airflow/example_dags/example_dynamic_task_mapping_with_no_taskflow_operators.py
[2024-05-24T17:18:00.355+0700] {processor.py:840} INFO - DAG(s) 'example_dynamic_task_mapping_with_no_taskflow_operators' retrieved from /mnt/d/Programming/Vietnamese-Text-Generator/airflow_env/lib/python3.10/site-packages/airflow/example_dags/example_dynamic_task_mapping_with_no_taskflow_operators.py
[2024-05-24T17:18:00.463+0700] {logging_mixin.py:188} INFO - [2024-05-24T17:18:00.456+0700] {dag.py:3096} INFO - Sync 1 DAGs
[2024-05-24T17:18:00.594+0700] {logging_mixin.py:188} INFO - [2024-05-24T17:18:00.591+0700] {dag.py:3954} INFO - Setting next_dagrun for example_dynamic_task_mapping_with_no_taskflow_operators to 2024-05-23 00:00:00+00:00, run_after=2024-05-24 00:00:00+00:00
[2024-05-24T17:18:00.842+0700] {processor.py:183} INFO - Processing /mnt/d/Programming/Vietnamese-Text-Generator/airflow_env/lib/python3.10/site-packages/airflow/example_dags/example_dynamic_task_mapping_with_no_taskflow_operators.py took 0.663 seconds
[2024-05-24T17:20:17.797+0700] {processor.py:161} INFO - Started process (PID=6758) to work on /mnt/d/Programming/Vietnamese-Text-Generator/airflow_env/lib/python3.10/site-packages/airflow/example_dags/example_dynamic_task_mapping_with_no_taskflow_operators.py
[2024-05-24T17:20:17.804+0700] {processor.py:830} INFO - Processing file /mnt/d/Programming/Vietnamese-Text-Generator/airflow_env/lib/python3.10/site-packages/airflow/example_dags/example_dynamic_task_mapping_with_no_taskflow_operators.py for tasks to queue
[2024-05-24T17:20:17.816+0700] {logging_mixin.py:188} INFO - [2024-05-24T17:20:17.812+0700] {dagbag.py:540} INFO - Filling up the DagBag from /mnt/d/Programming/Vietnamese-Text-Generator/airflow_env/lib/python3.10/site-packages/airflow/example_dags/example_dynamic_task_mapping_with_no_taskflow_operators.py
[2024-05-24T17:20:17.915+0700] {processor.py:840} INFO - DAG(s) 'example_dynamic_task_mapping_with_no_taskflow_operators' retrieved from /mnt/d/Programming/Vietnamese-Text-Generator/airflow_env/lib/python3.10/site-packages/airflow/example_dags/example_dynamic_task_mapping_with_no_taskflow_operators.py
[2024-05-24T17:20:18.018+0700] {logging_mixin.py:188} INFO - [2024-05-24T17:20:18.015+0700] {dag.py:3096} INFO - Sync 1 DAGs
[2024-05-24T17:20:18.134+0700] {logging_mixin.py:188} INFO - [2024-05-24T17:20:18.130+0700] {dag.py:3954} INFO - Setting next_dagrun for example_dynamic_task_mapping_with_no_taskflow_operators to 2024-05-23 00:00:00+00:00, run_after=2024-05-24 00:00:00+00:00
[2024-05-24T17:20:18.326+0700] {processor.py:183} INFO - Processing /mnt/d/Programming/Vietnamese-Text-Generator/airflow_env/lib/python3.10/site-packages/airflow/example_dags/example_dynamic_task_mapping_with_no_taskflow_operators.py took 0.577 seconds
[2024-05-24T17:22:33.053+0700] {processor.py:161} INFO - Started process (PID=7345) to work on /mnt/d/Programming/Vietnamese-Text-Generator/airflow_env/lib/python3.10/site-packages/airflow/example_dags/example_dynamic_task_mapping_with_no_taskflow_operators.py
[2024-05-24T17:22:33.061+0700] {processor.py:830} INFO - Processing file /mnt/d/Programming/Vietnamese-Text-Generator/airflow_env/lib/python3.10/site-packages/airflow/example_dags/example_dynamic_task_mapping_with_no_taskflow_operators.py for tasks to queue
[2024-05-24T17:22:33.074+0700] {logging_mixin.py:188} INFO - [2024-05-24T17:22:33.069+0700] {dagbag.py:540} INFO - Filling up the DagBag from /mnt/d/Programming/Vietnamese-Text-Generator/airflow_env/lib/python3.10/site-packages/airflow/example_dags/example_dynamic_task_mapping_with_no_taskflow_operators.py
[2024-05-24T17:22:33.168+0700] {processor.py:840} INFO - DAG(s) 'example_dynamic_task_mapping_with_no_taskflow_operators' retrieved from /mnt/d/Programming/Vietnamese-Text-Generator/airflow_env/lib/python3.10/site-packages/airflow/example_dags/example_dynamic_task_mapping_with_no_taskflow_operators.py
[2024-05-24T17:22:33.257+0700] {logging_mixin.py:188} INFO - [2024-05-24T17:22:33.254+0700] {dag.py:3096} INFO - Sync 1 DAGs
[2024-05-24T17:22:33.346+0700] {logging_mixin.py:188} INFO - [2024-05-24T17:22:33.344+0700] {dag.py:3954} INFO - Setting next_dagrun for example_dynamic_task_mapping_with_no_taskflow_operators to 2024-05-23 00:00:00+00:00, run_after=2024-05-24 00:00:00+00:00
[2024-05-24T17:22:33.504+0700] {processor.py:183} INFO - Processing /mnt/d/Programming/Vietnamese-Text-Generator/airflow_env/lib/python3.10/site-packages/airflow/example_dags/example_dynamic_task_mapping_with_no_taskflow_operators.py took 0.503 seconds
[2024-05-24T17:24:38.976+0700] {processor.py:161} INFO - Started process (PID=7899) to work on /mnt/d/Programming/Vietnamese-Text-Generator/airflow_env/lib/python3.10/site-packages/airflow/example_dags/example_dynamic_task_mapping_with_no_taskflow_operators.py
[2024-05-24T17:24:38.982+0700] {processor.py:830} INFO - Processing file /mnt/d/Programming/Vietnamese-Text-Generator/airflow_env/lib/python3.10/site-packages/airflow/example_dags/example_dynamic_task_mapping_with_no_taskflow_operators.py for tasks to queue
[2024-05-24T17:24:38.995+0700] {logging_mixin.py:188} INFO - [2024-05-24T17:24:38.991+0700] {dagbag.py:540} INFO - Filling up the DagBag from /mnt/d/Programming/Vietnamese-Text-Generator/airflow_env/lib/python3.10/site-packages/airflow/example_dags/example_dynamic_task_mapping_with_no_taskflow_operators.py
[2024-05-24T17:24:39.085+0700] {processor.py:840} INFO - DAG(s) 'example_dynamic_task_mapping_with_no_taskflow_operators' retrieved from /mnt/d/Programming/Vietnamese-Text-Generator/airflow_env/lib/python3.10/site-packages/airflow/example_dags/example_dynamic_task_mapping_with_no_taskflow_operators.py
[2024-05-24T17:24:39.177+0700] {logging_mixin.py:188} INFO - [2024-05-24T17:24:39.174+0700] {dag.py:3096} INFO - Sync 1 DAGs
[2024-05-24T17:24:39.279+0700] {logging_mixin.py:188} INFO - [2024-05-24T17:24:39.277+0700] {dag.py:3954} INFO - Setting next_dagrun for example_dynamic_task_mapping_with_no_taskflow_operators to 2024-05-23 00:00:00+00:00, run_after=2024-05-24 00:00:00+00:00
[2024-05-24T17:24:39.471+0700] {processor.py:183} INFO - Processing /mnt/d/Programming/Vietnamese-Text-Generator/airflow_env/lib/python3.10/site-packages/airflow/example_dags/example_dynamic_task_mapping_with_no_taskflow_operators.py took 0.533 seconds
[2024-05-24T17:47:51.376+0700] {processor.py:161} INFO - Started process (PID=8345) to work on /mnt/d/Programming/Vietnamese-Text-Generator/airflow_env/lib/python3.10/site-packages/airflow/example_dags/example_dynamic_task_mapping_with_no_taskflow_operators.py
[2024-05-24T17:47:51.378+0700] {processor.py:830} INFO - Processing file /mnt/d/Programming/Vietnamese-Text-Generator/airflow_env/lib/python3.10/site-packages/airflow/example_dags/example_dynamic_task_mapping_with_no_taskflow_operators.py for tasks to queue
[2024-05-24T17:47:51.382+0700] {logging_mixin.py:188} INFO - [2024-05-24T17:47:51.381+0700] {dagbag.py:540} INFO - Filling up the DagBag from /mnt/d/Programming/Vietnamese-Text-Generator/airflow_env/lib/python3.10/site-packages/airflow/example_dags/example_dynamic_task_mapping_with_no_taskflow_operators.py
[2024-05-24T17:47:51.402+0700] {processor.py:840} INFO - DAG(s) 'example_dynamic_task_mapping_with_no_taskflow_operators' retrieved from /mnt/d/Programming/Vietnamese-Text-Generator/airflow_env/lib/python3.10/site-packages/airflow/example_dags/example_dynamic_task_mapping_with_no_taskflow_operators.py
[2024-05-24T17:47:51.436+0700] {logging_mixin.py:188} INFO - [2024-05-24T17:47:51.434+0700] {dag.py:3096} INFO - Sync 1 DAGs
[2024-05-24T17:47:51.471+0700] {logging_mixin.py:188} INFO - [2024-05-24T17:47:51.470+0700] {dag.py:3954} INFO - Setting next_dagrun for example_dynamic_task_mapping_with_no_taskflow_operators to 2024-05-23 00:00:00+00:00, run_after=2024-05-24 00:00:00+00:00
[2024-05-24T17:47:51.530+0700] {processor.py:183} INFO - Processing /mnt/d/Programming/Vietnamese-Text-Generator/airflow_env/lib/python3.10/site-packages/airflow/example_dags/example_dynamic_task_mapping_with_no_taskflow_operators.py took 0.170 seconds
[2024-05-24T17:49:42.102+0700] {processor.py:161} INFO - Started process (PID=8831) to work on /mnt/d/Programming/Vietnamese-Text-Generator/airflow_env/lib/python3.10/site-packages/airflow/example_dags/example_dynamic_task_mapping_with_no_taskflow_operators.py
[2024-05-24T17:49:42.105+0700] {processor.py:830} INFO - Processing file /mnt/d/Programming/Vietnamese-Text-Generator/airflow_env/lib/python3.10/site-packages/airflow/example_dags/example_dynamic_task_mapping_with_no_taskflow_operators.py for tasks to queue
[2024-05-24T17:49:42.110+0700] {logging_mixin.py:188} INFO - [2024-05-24T17:49:42.109+0700] {dagbag.py:540} INFO - Filling up the DagBag from /mnt/d/Programming/Vietnamese-Text-Generator/airflow_env/lib/python3.10/site-packages/airflow/example_dags/example_dynamic_task_mapping_with_no_taskflow_operators.py
[2024-05-24T17:49:42.139+0700] {processor.py:840} INFO - DAG(s) 'example_dynamic_task_mapping_with_no_taskflow_operators' retrieved from /mnt/d/Programming/Vietnamese-Text-Generator/airflow_env/lib/python3.10/site-packages/airflow/example_dags/example_dynamic_task_mapping_with_no_taskflow_operators.py
[2024-05-24T17:49:42.174+0700] {logging_mixin.py:188} INFO - [2024-05-24T17:49:42.173+0700] {dag.py:3096} INFO - Sync 1 DAGs
[2024-05-24T17:49:42.215+0700] {logging_mixin.py:188} INFO - [2024-05-24T17:49:42.213+0700] {dag.py:3954} INFO - Setting next_dagrun for example_dynamic_task_mapping_with_no_taskflow_operators to 2024-05-23 00:00:00+00:00, run_after=2024-05-24 00:00:00+00:00
[2024-05-24T17:49:42.301+0700] {processor.py:183} INFO - Processing /mnt/d/Programming/Vietnamese-Text-Generator/airflow_env/lib/python3.10/site-packages/airflow/example_dags/example_dynamic_task_mapping_with_no_taskflow_operators.py took 0.218 seconds
[2024-05-24T17:52:00.607+0700] {processor.py:161} INFO - Started process (PID=9435) to work on /mnt/d/Programming/Vietnamese-Text-Generator/airflow_env/lib/python3.10/site-packages/airflow/example_dags/example_dynamic_task_mapping_with_no_taskflow_operators.py
[2024-05-24T17:52:00.611+0700] {processor.py:830} INFO - Processing file /mnt/d/Programming/Vietnamese-Text-Generator/airflow_env/lib/python3.10/site-packages/airflow/example_dags/example_dynamic_task_mapping_with_no_taskflow_operators.py for tasks to queue
[2024-05-24T17:52:00.646+0700] {logging_mixin.py:188} INFO - [2024-05-24T17:52:00.620+0700] {dagbag.py:540} INFO - Filling up the DagBag from /mnt/d/Programming/Vietnamese-Text-Generator/airflow_env/lib/python3.10/site-packages/airflow/example_dags/example_dynamic_task_mapping_with_no_taskflow_operators.py
[2024-05-24T17:52:00.970+0700] {processor.py:840} INFO - DAG(s) 'example_dynamic_task_mapping_with_no_taskflow_operators' retrieved from /mnt/d/Programming/Vietnamese-Text-Generator/airflow_env/lib/python3.10/site-packages/airflow/example_dags/example_dynamic_task_mapping_with_no_taskflow_operators.py
[2024-05-24T17:52:01.340+0700] {logging_mixin.py:188} INFO - [2024-05-24T17:52:01.308+0700] {dag.py:3096} INFO - Sync 1 DAGs
[2024-05-24T17:52:01.456+0700] {logging_mixin.py:188} INFO - [2024-05-24T17:52:01.454+0700] {dag.py:3954} INFO - Setting next_dagrun for example_dynamic_task_mapping_with_no_taskflow_operators to 2024-05-23 00:00:00+00:00, run_after=2024-05-24 00:00:00+00:00
[2024-05-24T17:52:01.684+0700] {processor.py:183} INFO - Processing /mnt/d/Programming/Vietnamese-Text-Generator/airflow_env/lib/python3.10/site-packages/airflow/example_dags/example_dynamic_task_mapping_with_no_taskflow_operators.py took 1.205 seconds
[2024-05-24T17:54:13.860+0700] {processor.py:161} INFO - Started process (PID=10018) to work on /mnt/d/Programming/Vietnamese-Text-Generator/airflow_env/lib/python3.10/site-packages/airflow/example_dags/example_dynamic_task_mapping_with_no_taskflow_operators.py
[2024-05-24T17:54:13.866+0700] {processor.py:830} INFO - Processing file /mnt/d/Programming/Vietnamese-Text-Generator/airflow_env/lib/python3.10/site-packages/airflow/example_dags/example_dynamic_task_mapping_with_no_taskflow_operators.py for tasks to queue
[2024-05-24T17:54:13.878+0700] {logging_mixin.py:188} INFO - [2024-05-24T17:54:13.874+0700] {dagbag.py:540} INFO - Filling up the DagBag from /mnt/d/Programming/Vietnamese-Text-Generator/airflow_env/lib/python3.10/site-packages/airflow/example_dags/example_dynamic_task_mapping_with_no_taskflow_operators.py
[2024-05-24T17:54:13.958+0700] {processor.py:840} INFO - DAG(s) 'example_dynamic_task_mapping_with_no_taskflow_operators' retrieved from /mnt/d/Programming/Vietnamese-Text-Generator/airflow_env/lib/python3.10/site-packages/airflow/example_dags/example_dynamic_task_mapping_with_no_taskflow_operators.py
[2024-05-24T17:54:14.045+0700] {logging_mixin.py:188} INFO - [2024-05-24T17:54:14.042+0700] {dag.py:3096} INFO - Sync 1 DAGs
[2024-05-24T17:54:14.156+0700] {logging_mixin.py:188} INFO - [2024-05-24T17:54:14.153+0700] {dag.py:3954} INFO - Setting next_dagrun for example_dynamic_task_mapping_with_no_taskflow_operators to 2024-05-23 00:00:00+00:00, run_after=2024-05-24 00:00:00+00:00
[2024-05-24T17:54:14.354+0700] {processor.py:183} INFO - Processing /mnt/d/Programming/Vietnamese-Text-Generator/airflow_env/lib/python3.10/site-packages/airflow/example_dags/example_dynamic_task_mapping_with_no_taskflow_operators.py took 0.537 seconds
[2024-05-24T17:56:31.450+0700] {processor.py:161} INFO - Started process (PID=10622) to work on /mnt/d/Programming/Vietnamese-Text-Generator/airflow_env/lib/python3.10/site-packages/airflow/example_dags/example_dynamic_task_mapping_with_no_taskflow_operators.py
[2024-05-24T17:56:31.456+0700] {processor.py:830} INFO - Processing file /mnt/d/Programming/Vietnamese-Text-Generator/airflow_env/lib/python3.10/site-packages/airflow/example_dags/example_dynamic_task_mapping_with_no_taskflow_operators.py for tasks to queue
[2024-05-24T17:56:31.461+0700] {logging_mixin.py:188} INFO - [2024-05-24T17:56:31.460+0700] {dagbag.py:540} INFO - Filling up the DagBag from /mnt/d/Programming/Vietnamese-Text-Generator/airflow_env/lib/python3.10/site-packages/airflow/example_dags/example_dynamic_task_mapping_with_no_taskflow_operators.py
[2024-05-24T17:56:31.486+0700] {processor.py:840} INFO - DAG(s) 'example_dynamic_task_mapping_with_no_taskflow_operators' retrieved from /mnt/d/Programming/Vietnamese-Text-Generator/airflow_env/lib/python3.10/site-packages/airflow/example_dags/example_dynamic_task_mapping_with_no_taskflow_operators.py
[2024-05-24T17:56:31.515+0700] {logging_mixin.py:188} INFO - [2024-05-24T17:56:31.514+0700] {dag.py:3096} INFO - Sync 1 DAGs
[2024-05-24T17:56:31.553+0700] {logging_mixin.py:188} INFO - [2024-05-24T17:56:31.552+0700] {dag.py:3954} INFO - Setting next_dagrun for example_dynamic_task_mapping_with_no_taskflow_operators to 2024-05-23 00:00:00+00:00, run_after=2024-05-24 00:00:00+00:00
[2024-05-24T17:56:31.693+0700] {processor.py:183} INFO - Processing /mnt/d/Programming/Vietnamese-Text-Generator/airflow_env/lib/python3.10/site-packages/airflow/example_dags/example_dynamic_task_mapping_with_no_taskflow_operators.py took 0.266 seconds
[2024-05-24T17:58:48.617+0700] {processor.py:161} INFO - Started process (PID=11218) to work on /mnt/d/Programming/Vietnamese-Text-Generator/airflow_env/lib/python3.10/site-packages/airflow/example_dags/example_dynamic_task_mapping_with_no_taskflow_operators.py
[2024-05-24T17:58:48.624+0700] {processor.py:830} INFO - Processing file /mnt/d/Programming/Vietnamese-Text-Generator/airflow_env/lib/python3.10/site-packages/airflow/example_dags/example_dynamic_task_mapping_with_no_taskflow_operators.py for tasks to queue
[2024-05-24T17:58:48.635+0700] {logging_mixin.py:188} INFO - [2024-05-24T17:58:48.632+0700] {dagbag.py:540} INFO - Filling up the DagBag from /mnt/d/Programming/Vietnamese-Text-Generator/airflow_env/lib/python3.10/site-packages/airflow/example_dags/example_dynamic_task_mapping_with_no_taskflow_operators.py
[2024-05-24T17:58:48.729+0700] {processor.py:840} INFO - DAG(s) 'example_dynamic_task_mapping_with_no_taskflow_operators' retrieved from /mnt/d/Programming/Vietnamese-Text-Generator/airflow_env/lib/python3.10/site-packages/airflow/example_dags/example_dynamic_task_mapping_with_no_taskflow_operators.py
[2024-05-24T17:58:48.816+0700] {logging_mixin.py:188} INFO - [2024-05-24T17:58:48.813+0700] {dag.py:3096} INFO - Sync 1 DAGs
[2024-05-24T17:58:48.910+0700] {logging_mixin.py:188} INFO - [2024-05-24T17:58:48.907+0700] {dag.py:3954} INFO - Setting next_dagrun for example_dynamic_task_mapping_with_no_taskflow_operators to 2024-05-23 00:00:00+00:00, run_after=2024-05-24 00:00:00+00:00
[2024-05-24T17:58:49.086+0700] {processor.py:183} INFO - Processing /mnt/d/Programming/Vietnamese-Text-Generator/airflow_env/lib/python3.10/site-packages/airflow/example_dags/example_dynamic_task_mapping_with_no_taskflow_operators.py took 0.513 seconds
[2024-05-24T18:01:06.224+0700] {processor.py:161} INFO - Started process (PID=11817) to work on /mnt/d/Programming/Vietnamese-Text-Generator/airflow_env/lib/python3.10/site-packages/airflow/example_dags/example_dynamic_task_mapping_with_no_taskflow_operators.py
[2024-05-24T18:01:06.230+0700] {processor.py:830} INFO - Processing file /mnt/d/Programming/Vietnamese-Text-Generator/airflow_env/lib/python3.10/site-packages/airflow/example_dags/example_dynamic_task_mapping_with_no_taskflow_operators.py for tasks to queue
[2024-05-24T18:01:06.241+0700] {logging_mixin.py:188} INFO - [2024-05-24T18:01:06.237+0700] {dagbag.py:540} INFO - Filling up the DagBag from /mnt/d/Programming/Vietnamese-Text-Generator/airflow_env/lib/python3.10/site-packages/airflow/example_dags/example_dynamic_task_mapping_with_no_taskflow_operators.py
[2024-05-24T18:01:06.334+0700] {processor.py:840} INFO - DAG(s) 'example_dynamic_task_mapping_with_no_taskflow_operators' retrieved from /mnt/d/Programming/Vietnamese-Text-Generator/airflow_env/lib/python3.10/site-packages/airflow/example_dags/example_dynamic_task_mapping_with_no_taskflow_operators.py
[2024-05-24T18:01:06.432+0700] {logging_mixin.py:188} INFO - [2024-05-24T18:01:06.429+0700] {dag.py:3096} INFO - Sync 1 DAGs
[2024-05-24T18:01:06.540+0700] {logging_mixin.py:188} INFO - [2024-05-24T18:01:06.537+0700] {dag.py:3954} INFO - Setting next_dagrun for example_dynamic_task_mapping_with_no_taskflow_operators to 2024-05-23 00:00:00+00:00, run_after=2024-05-24 00:00:00+00:00
[2024-05-24T18:01:06.748+0700] {processor.py:183} INFO - Processing /mnt/d/Programming/Vietnamese-Text-Generator/airflow_env/lib/python3.10/site-packages/airflow/example_dags/example_dynamic_task_mapping_with_no_taskflow_operators.py took 0.568 seconds
[2024-05-24T18:03:29.412+0700] {processor.py:161} INFO - Started process (PID=12441) to work on /mnt/d/Programming/Vietnamese-Text-Generator/airflow_env/lib/python3.10/site-packages/airflow/example_dags/example_dynamic_task_mapping_with_no_taskflow_operators.py
[2024-05-24T18:03:29.418+0700] {processor.py:830} INFO - Processing file /mnt/d/Programming/Vietnamese-Text-Generator/airflow_env/lib/python3.10/site-packages/airflow/example_dags/example_dynamic_task_mapping_with_no_taskflow_operators.py for tasks to queue
[2024-05-24T18:03:29.429+0700] {logging_mixin.py:188} INFO - [2024-05-24T18:03:29.426+0700] {dagbag.py:540} INFO - Filling up the DagBag from /mnt/d/Programming/Vietnamese-Text-Generator/airflow_env/lib/python3.10/site-packages/airflow/example_dags/example_dynamic_task_mapping_with_no_taskflow_operators.py
[2024-05-24T18:03:29.502+0700] {processor.py:840} INFO - DAG(s) 'example_dynamic_task_mapping_with_no_taskflow_operators' retrieved from /mnt/d/Programming/Vietnamese-Text-Generator/airflow_env/lib/python3.10/site-packages/airflow/example_dags/example_dynamic_task_mapping_with_no_taskflow_operators.py
[2024-05-24T18:03:29.586+0700] {logging_mixin.py:188} INFO - [2024-05-24T18:03:29.583+0700] {dag.py:3096} INFO - Sync 1 DAGs
[2024-05-24T18:03:29.679+0700] {logging_mixin.py:188} INFO - [2024-05-24T18:03:29.677+0700] {dag.py:3954} INFO - Setting next_dagrun for example_dynamic_task_mapping_with_no_taskflow_operators to 2024-05-23 00:00:00+00:00, run_after=2024-05-24 00:00:00+00:00
[2024-05-24T18:03:29.856+0700] {processor.py:183} INFO - Processing /mnt/d/Programming/Vietnamese-Text-Generator/airflow_env/lib/python3.10/site-packages/airflow/example_dags/example_dynamic_task_mapping_with_no_taskflow_operators.py took 0.482 seconds
