[2024-05-24T17:02:28.236+0700] {processor.py:161} INFO - Started process (PID=2006) to work on /mnt/d/Programming/Vietnamese-Text-Generator/airflow_env/lib/python3.10/site-packages/airflow/example_dags/example_display_name.py
[2024-05-24T17:02:28.242+0700] {processor.py:830} INFO - Processing file /mnt/d/Programming/Vietnamese-Text-Generator/airflow_env/lib/python3.10/site-packages/airflow/example_dags/example_display_name.py for tasks to queue
[2024-05-24T17:02:28.254+0700] {logging_mixin.py:188} INFO - [2024-05-24T17:02:28.250+0700] {dagbag.py:540} INFO - Filling up the DagBag from /mnt/d/Programming/Vietnamese-Text-Generator/airflow_env/lib/python3.10/site-packages/airflow/example_dags/example_display_name.py
[2024-05-24T17:02:28.346+0700] {processor.py:840} INFO - DAG(s) 'example_display_name' retrieved from /mnt/d/Programming/Vietnamese-Text-Generator/airflow_env/lib/python3.10/site-packages/airflow/example_dags/example_display_name.py
[2024-05-24T17:02:28.471+0700] {logging_mixin.py:188} INFO - [2024-05-24T17:02:28.466+0700] {dag.py:3096} INFO - Sync 1 DAGs
[2024-05-24T17:02:28.580+0700] {logging_mixin.py:188} INFO - [2024-05-24T17:02:28.574+0700] {dag.py:3954} INFO - Setting next_dagrun for example_display_name to None, run_after=None
[2024-05-24T17:02:28.715+0700] {processor.py:183} INFO - Processing /mnt/d/Programming/Vietnamese-Text-Generator/airflow_env/lib/python3.10/site-packages/airflow/example_dags/example_display_name.py took 0.519 seconds
[2024-05-24T17:04:17.775+0700] {processor.py:161} INFO - Started process (PID=2475) to work on /mnt/d/Programming/Vietnamese-Text-Generator/airflow_env/lib/python3.10/site-packages/airflow/example_dags/example_display_name.py
[2024-05-24T17:04:17.780+0700] {processor.py:830} INFO - Processing file /mnt/d/Programming/Vietnamese-Text-Generator/airflow_env/lib/python3.10/site-packages/airflow/example_dags/example_display_name.py for tasks to queue
[2024-05-24T17:04:17.791+0700] {logging_mixin.py:188} INFO - [2024-05-24T17:04:17.788+0700] {dagbag.py:540} INFO - Filling up the DagBag from /mnt/d/Programming/Vietnamese-Text-Generator/airflow_env/lib/python3.10/site-packages/airflow/example_dags/example_display_name.py
[2024-05-24T17:04:17.854+0700] {processor.py:840} INFO - DAG(s) 'example_display_name' retrieved from /mnt/d/Programming/Vietnamese-Text-Generator/airflow_env/lib/python3.10/site-packages/airflow/example_dags/example_display_name.py
[2024-05-24T17:04:17.928+0700] {logging_mixin.py:188} INFO - [2024-05-24T17:04:17.925+0700] {dag.py:3096} INFO - Sync 1 DAGs
[2024-05-24T17:04:17.975+0700] {logging_mixin.py:188} INFO - [2024-05-24T17:04:17.972+0700] {dag.py:3954} INFO - Setting next_dagrun for example_display_name to None, run_after=None
[2024-05-24T17:04:18.175+0700] {processor.py:183} INFO - Processing /mnt/d/Programming/Vietnamese-Text-Generator/airflow_env/lib/python3.10/site-packages/airflow/example_dags/example_display_name.py took 0.444 seconds
[2024-05-24T17:06:35.563+0700] {processor.py:161} INFO - Started process (PID=3157) to work on /mnt/d/Programming/Vietnamese-Text-Generator/airflow_env/lib/python3.10/site-packages/airflow/example_dags/example_display_name.py
[2024-05-24T17:06:35.568+0700] {processor.py:830} INFO - Processing file /mnt/d/Programming/Vietnamese-Text-Generator/airflow_env/lib/python3.10/site-packages/airflow/example_dags/example_display_name.py for tasks to queue
[2024-05-24T17:06:35.582+0700] {logging_mixin.py:188} INFO - [2024-05-24T17:06:35.577+0700] {dagbag.py:540} INFO - Filling up the DagBag from /mnt/d/Programming/Vietnamese-Text-Generator/airflow_env/lib/python3.10/site-packages/airflow/example_dags/example_display_name.py
[2024-05-24T17:06:35.658+0700] {processor.py:840} INFO - DAG(s) 'example_display_name' retrieved from /mnt/d/Programming/Vietnamese-Text-Generator/airflow_env/lib/python3.10/site-packages/airflow/example_dags/example_display_name.py
[2024-05-24T17:06:35.743+0700] {logging_mixin.py:188} INFO - [2024-05-24T17:06:35.739+0700] {dag.py:3096} INFO - Sync 1 DAGs
[2024-05-24T17:06:35.794+0700] {logging_mixin.py:188} INFO - [2024-05-24T17:06:35.790+0700] {dag.py:3954} INFO - Setting next_dagrun for example_display_name to None, run_after=None
[2024-05-24T17:06:35.998+0700] {processor.py:183} INFO - Processing /mnt/d/Programming/Vietnamese-Text-Generator/airflow_env/lib/python3.10/site-packages/airflow/example_dags/example_display_name.py took 0.479 seconds
[2024-05-24T17:08:44.509+0700] {processor.py:161} INFO - Started process (PID=3723) to work on /mnt/d/Programming/Vietnamese-Text-Generator/airflow_env/lib/python3.10/site-packages/airflow/example_dags/example_display_name.py
[2024-05-24T17:08:44.515+0700] {processor.py:830} INFO - Processing file /mnt/d/Programming/Vietnamese-Text-Generator/airflow_env/lib/python3.10/site-packages/airflow/example_dags/example_display_name.py for tasks to queue
[2024-05-24T17:08:44.527+0700] {logging_mixin.py:188} INFO - [2024-05-24T17:08:44.523+0700] {dagbag.py:540} INFO - Filling up the DagBag from /mnt/d/Programming/Vietnamese-Text-Generator/airflow_env/lib/python3.10/site-packages/airflow/example_dags/example_display_name.py
[2024-05-24T17:08:44.621+0700] {processor.py:840} INFO - DAG(s) 'example_display_name' retrieved from /mnt/d/Programming/Vietnamese-Text-Generator/airflow_env/lib/python3.10/site-packages/airflow/example_dags/example_display_name.py
[2024-05-24T17:08:44.706+0700] {logging_mixin.py:188} INFO - [2024-05-24T17:08:44.704+0700] {dag.py:3096} INFO - Sync 1 DAGs
[2024-05-24T17:08:44.755+0700] {logging_mixin.py:188} INFO - [2024-05-24T17:08:44.751+0700] {dag.py:3954} INFO - Setting next_dagrun for example_display_name to None, run_after=None
[2024-05-24T17:08:44.958+0700] {processor.py:183} INFO - Processing /mnt/d/Programming/Vietnamese-Text-Generator/airflow_env/lib/python3.10/site-packages/airflow/example_dags/example_display_name.py took 0.490 seconds
[2024-05-24T17:11:02.899+0700] {processor.py:161} INFO - Started process (PID=4327) to work on /mnt/d/Programming/Vietnamese-Text-Generator/airflow_env/lib/python3.10/site-packages/airflow/example_dags/example_display_name.py
[2024-05-24T17:11:02.905+0700] {processor.py:830} INFO - Processing file /mnt/d/Programming/Vietnamese-Text-Generator/airflow_env/lib/python3.10/site-packages/airflow/example_dags/example_display_name.py for tasks to queue
[2024-05-24T17:11:02.916+0700] {logging_mixin.py:188} INFO - [2024-05-24T17:11:02.913+0700] {dagbag.py:540} INFO - Filling up the DagBag from /mnt/d/Programming/Vietnamese-Text-Generator/airflow_env/lib/python3.10/site-packages/airflow/example_dags/example_display_name.py
[2024-05-24T17:11:03.006+0700] {processor.py:840} INFO - DAG(s) 'example_display_name' retrieved from /mnt/d/Programming/Vietnamese-Text-Generator/airflow_env/lib/python3.10/site-packages/airflow/example_dags/example_display_name.py
[2024-05-24T17:11:03.088+0700] {logging_mixin.py:188} INFO - [2024-05-24T17:11:03.085+0700] {dag.py:3096} INFO - Sync 1 DAGs
[2024-05-24T17:11:03.134+0700] {logging_mixin.py:188} INFO - [2024-05-24T17:11:03.131+0700] {dag.py:3954} INFO - Setting next_dagrun for example_display_name to None, run_after=None
[2024-05-24T17:11:03.326+0700] {processor.py:183} INFO - Processing /mnt/d/Programming/Vietnamese-Text-Generator/airflow_env/lib/python3.10/site-packages/airflow/example_dags/example_display_name.py took 0.474 seconds
[2024-05-24T17:13:24.438+0700] {processor.py:161} INFO - Started process (PID=4947) to work on /mnt/d/Programming/Vietnamese-Text-Generator/airflow_env/lib/python3.10/site-packages/airflow/example_dags/example_display_name.py
[2024-05-24T17:13:24.445+0700] {processor.py:830} INFO - Processing file /mnt/d/Programming/Vietnamese-Text-Generator/airflow_env/lib/python3.10/site-packages/airflow/example_dags/example_display_name.py for tasks to queue
[2024-05-24T17:13:24.457+0700] {logging_mixin.py:188} INFO - [2024-05-24T17:13:24.454+0700] {dagbag.py:540} INFO - Filling up the DagBag from /mnt/d/Programming/Vietnamese-Text-Generator/airflow_env/lib/python3.10/site-packages/airflow/example_dags/example_display_name.py
[2024-05-24T17:13:24.561+0700] {processor.py:840} INFO - DAG(s) 'example_display_name' retrieved from /mnt/d/Programming/Vietnamese-Text-Generator/airflow_env/lib/python3.10/site-packages/airflow/example_dags/example_display_name.py
[2024-05-24T17:13:24.616+0700] {logging_mixin.py:188} INFO - [2024-05-24T17:13:24.614+0700] {dag.py:3096} INFO - Sync 1 DAGs
[2024-05-24T17:13:24.648+0700] {logging_mixin.py:188} INFO - [2024-05-24T17:13:24.646+0700] {dag.py:3954} INFO - Setting next_dagrun for example_display_name to None, run_after=None
[2024-05-24T17:13:24.733+0700] {processor.py:183} INFO - Processing /mnt/d/Programming/Vietnamese-Text-Generator/airflow_env/lib/python3.10/site-packages/airflow/example_dags/example_display_name.py took 0.349 seconds
[2024-05-24T17:15:37.996+0700] {processor.py:161} INFO - Started process (PID=5531) to work on /mnt/d/Programming/Vietnamese-Text-Generator/airflow_env/lib/python3.10/site-packages/airflow/example_dags/example_display_name.py
[2024-05-24T17:15:38.001+0700] {processor.py:830} INFO - Processing file /mnt/d/Programming/Vietnamese-Text-Generator/airflow_env/lib/python3.10/site-packages/airflow/example_dags/example_display_name.py for tasks to queue
[2024-05-24T17:15:38.010+0700] {logging_mixin.py:188} INFO - [2024-05-24T17:15:38.007+0700] {dagbag.py:540} INFO - Filling up the DagBag from /mnt/d/Programming/Vietnamese-Text-Generator/airflow_env/lib/python3.10/site-packages/airflow/example_dags/example_display_name.py
[2024-05-24T17:15:38.068+0700] {processor.py:840} INFO - DAG(s) 'example_display_name' retrieved from /mnt/d/Programming/Vietnamese-Text-Generator/airflow_env/lib/python3.10/site-packages/airflow/example_dags/example_display_name.py
[2024-05-24T17:15:38.134+0700] {logging_mixin.py:188} INFO - [2024-05-24T17:15:38.131+0700] {dag.py:3096} INFO - Sync 1 DAGs
[2024-05-24T17:15:38.171+0700] {logging_mixin.py:188} INFO - [2024-05-24T17:15:38.168+0700] {dag.py:3954} INFO - Setting next_dagrun for example_display_name to None, run_after=None
[2024-05-24T17:15:38.322+0700] {processor.py:183} INFO - Processing /mnt/d/Programming/Vietnamese-Text-Generator/airflow_env/lib/python3.10/site-packages/airflow/example_dags/example_display_name.py took 0.376 seconds
[2024-05-24T17:18:04.563+0700] {processor.py:161} INFO - Started process (PID=6172) to work on /mnt/d/Programming/Vietnamese-Text-Generator/airflow_env/lib/python3.10/site-packages/airflow/example_dags/example_display_name.py
[2024-05-24T17:18:04.571+0700] {processor.py:830} INFO - Processing file /mnt/d/Programming/Vietnamese-Text-Generator/airflow_env/lib/python3.10/site-packages/airflow/example_dags/example_display_name.py for tasks to queue
[2024-05-24T17:18:04.586+0700] {logging_mixin.py:188} INFO - [2024-05-24T17:18:04.581+0700] {dagbag.py:540} INFO - Filling up the DagBag from /mnt/d/Programming/Vietnamese-Text-Generator/airflow_env/lib/python3.10/site-packages/airflow/example_dags/example_display_name.py
[2024-05-24T17:18:04.689+0700] {processor.py:840} INFO - DAG(s) 'example_display_name' retrieved from /mnt/d/Programming/Vietnamese-Text-Generator/airflow_env/lib/python3.10/site-packages/airflow/example_dags/example_display_name.py
[2024-05-24T17:18:04.791+0700] {logging_mixin.py:188} INFO - [2024-05-24T17:18:04.788+0700] {dag.py:3096} INFO - Sync 1 DAGs
[2024-05-24T17:18:04.845+0700] {logging_mixin.py:188} INFO - [2024-05-24T17:18:04.843+0700] {dag.py:3954} INFO - Setting next_dagrun for example_display_name to None, run_after=None
[2024-05-24T17:18:04.993+0700] {processor.py:183} INFO - Processing /mnt/d/Programming/Vietnamese-Text-Generator/airflow_env/lib/python3.10/site-packages/airflow/example_dags/example_display_name.py took 0.487 seconds
[2024-05-24T17:20:20.886+0700] {processor.py:161} INFO - Started process (PID=6772) to work on /mnt/d/Programming/Vietnamese-Text-Generator/airflow_env/lib/python3.10/site-packages/airflow/example_dags/example_display_name.py
[2024-05-24T17:20:20.888+0700] {processor.py:830} INFO - Processing file /mnt/d/Programming/Vietnamese-Text-Generator/airflow_env/lib/python3.10/site-packages/airflow/example_dags/example_display_name.py for tasks to queue
[2024-05-24T17:20:20.892+0700] {logging_mixin.py:188} INFO - [2024-05-24T17:20:20.891+0700] {dagbag.py:540} INFO - Filling up the DagBag from /mnt/d/Programming/Vietnamese-Text-Generator/airflow_env/lib/python3.10/site-packages/airflow/example_dags/example_display_name.py
[2024-05-24T17:20:20.913+0700] {processor.py:840} INFO - DAG(s) 'example_display_name' retrieved from /mnt/d/Programming/Vietnamese-Text-Generator/airflow_env/lib/python3.10/site-packages/airflow/example_dags/example_display_name.py
[2024-05-24T17:20:20.940+0700] {logging_mixin.py:188} INFO - [2024-05-24T17:20:20.939+0700] {dag.py:3096} INFO - Sync 1 DAGs
[2024-05-24T17:20:20.958+0700] {logging_mixin.py:188} INFO - [2024-05-24T17:20:20.956+0700] {dag.py:3954} INFO - Setting next_dagrun for example_display_name to None, run_after=None
[2024-05-24T17:20:21.068+0700] {processor.py:183} INFO - Processing /mnt/d/Programming/Vietnamese-Text-Generator/airflow_env/lib/python3.10/site-packages/airflow/example_dags/example_display_name.py took 0.198 seconds
[2024-05-24T17:22:35.892+0700] {processor.py:161} INFO - Started process (PID=7357) to work on /mnt/d/Programming/Vietnamese-Text-Generator/airflow_env/lib/python3.10/site-packages/airflow/example_dags/example_display_name.py
[2024-05-24T17:22:35.900+0700] {processor.py:830} INFO - Processing file /mnt/d/Programming/Vietnamese-Text-Generator/airflow_env/lib/python3.10/site-packages/airflow/example_dags/example_display_name.py for tasks to queue
[2024-05-24T17:22:35.914+0700] {logging_mixin.py:188} INFO - [2024-05-24T17:22:35.909+0700] {dagbag.py:540} INFO - Filling up the DagBag from /mnt/d/Programming/Vietnamese-Text-Generator/airflow_env/lib/python3.10/site-packages/airflow/example_dags/example_display_name.py
[2024-05-24T17:22:36.020+0700] {processor.py:840} INFO - DAG(s) 'example_display_name' retrieved from /mnt/d/Programming/Vietnamese-Text-Generator/airflow_env/lib/python3.10/site-packages/airflow/example_dags/example_display_name.py
[2024-05-24T17:22:36.132+0700] {logging_mixin.py:188} INFO - [2024-05-24T17:22:36.128+0700] {dag.py:3096} INFO - Sync 1 DAGs
[2024-05-24T17:22:36.196+0700] {logging_mixin.py:188} INFO - [2024-05-24T17:22:36.192+0700] {dag.py:3954} INFO - Setting next_dagrun for example_display_name to None, run_after=None
[2024-05-24T17:22:36.432+0700] {processor.py:183} INFO - Processing /mnt/d/Programming/Vietnamese-Text-Generator/airflow_env/lib/python3.10/site-packages/airflow/example_dags/example_display_name.py took 0.595 seconds
[2024-05-24T17:24:43.037+0700] {processor.py:161} INFO - Started process (PID=7916) to work on /mnt/d/Programming/Vietnamese-Text-Generator/airflow_env/lib/python3.10/site-packages/airflow/example_dags/example_display_name.py
[2024-05-24T17:24:43.042+0700] {processor.py:830} INFO - Processing file /mnt/d/Programming/Vietnamese-Text-Generator/airflow_env/lib/python3.10/site-packages/airflow/example_dags/example_display_name.py for tasks to queue
[2024-05-24T17:24:43.052+0700] {logging_mixin.py:188} INFO - [2024-05-24T17:24:43.049+0700] {dagbag.py:540} INFO - Filling up the DagBag from /mnt/d/Programming/Vietnamese-Text-Generator/airflow_env/lib/python3.10/site-packages/airflow/example_dags/example_display_name.py
[2024-05-24T17:24:43.128+0700] {processor.py:840} INFO - DAG(s) 'example_display_name' retrieved from /mnt/d/Programming/Vietnamese-Text-Generator/airflow_env/lib/python3.10/site-packages/airflow/example_dags/example_display_name.py
[2024-05-24T17:24:43.210+0700] {logging_mixin.py:188} INFO - [2024-05-24T17:24:43.206+0700] {dag.py:3096} INFO - Sync 1 DAGs
[2024-05-24T17:24:43.258+0700] {logging_mixin.py:188} INFO - [2024-05-24T17:24:43.255+0700] {dag.py:3954} INFO - Setting next_dagrun for example_display_name to None, run_after=None
[2024-05-24T17:24:43.494+0700] {processor.py:183} INFO - Processing /mnt/d/Programming/Vietnamese-Text-Generator/airflow_env/lib/python3.10/site-packages/airflow/example_dags/example_display_name.py took 0.498 seconds
[2024-05-24T17:47:53.826+0700] {processor.py:161} INFO - Started process (PID=8357) to work on /mnt/d/Programming/Vietnamese-Text-Generator/airflow_env/lib/python3.10/site-packages/airflow/example_dags/example_display_name.py
[2024-05-24T17:47:53.828+0700] {processor.py:830} INFO - Processing file /mnt/d/Programming/Vietnamese-Text-Generator/airflow_env/lib/python3.10/site-packages/airflow/example_dags/example_display_name.py for tasks to queue
[2024-05-24T17:47:53.831+0700] {logging_mixin.py:188} INFO - [2024-05-24T17:47:53.830+0700] {dagbag.py:540} INFO - Filling up the DagBag from /mnt/d/Programming/Vietnamese-Text-Generator/airflow_env/lib/python3.10/site-packages/airflow/example_dags/example_display_name.py
[2024-05-24T17:47:53.849+0700] {processor.py:840} INFO - DAG(s) 'example_display_name' retrieved from /mnt/d/Programming/Vietnamese-Text-Generator/airflow_env/lib/python3.10/site-packages/airflow/example_dags/example_display_name.py
[2024-05-24T17:47:53.878+0700] {logging_mixin.py:188} INFO - [2024-05-24T17:47:53.877+0700] {dag.py:3096} INFO - Sync 1 DAGs
[2024-05-24T17:47:53.895+0700] {logging_mixin.py:188} INFO - [2024-05-24T17:47:53.893+0700] {dag.py:3954} INFO - Setting next_dagrun for example_display_name to None, run_after=None
[2024-05-24T17:47:53.974+0700] {processor.py:183} INFO - Processing /mnt/d/Programming/Vietnamese-Text-Generator/airflow_env/lib/python3.10/site-packages/airflow/example_dags/example_display_name.py took 0.159 seconds
[2024-05-24T17:49:44.783+0700] {processor.py:161} INFO - Started process (PID=8843) to work on /mnt/d/Programming/Vietnamese-Text-Generator/airflow_env/lib/python3.10/site-packages/airflow/example_dags/example_display_name.py
[2024-05-24T17:49:44.785+0700] {processor.py:830} INFO - Processing file /mnt/d/Programming/Vietnamese-Text-Generator/airflow_env/lib/python3.10/site-packages/airflow/example_dags/example_display_name.py for tasks to queue
[2024-05-24T17:49:44.791+0700] {logging_mixin.py:188} INFO - [2024-05-24T17:49:44.789+0700] {dagbag.py:540} INFO - Filling up the DagBag from /mnt/d/Programming/Vietnamese-Text-Generator/airflow_env/lib/python3.10/site-packages/airflow/example_dags/example_display_name.py
[2024-05-24T17:49:44.824+0700] {processor.py:840} INFO - DAG(s) 'example_display_name' retrieved from /mnt/d/Programming/Vietnamese-Text-Generator/airflow_env/lib/python3.10/site-packages/airflow/example_dags/example_display_name.py
[2024-05-24T17:49:44.860+0700] {logging_mixin.py:188} INFO - [2024-05-24T17:49:44.859+0700] {dag.py:3096} INFO - Sync 1 DAGs
[2024-05-24T17:49:44.880+0700] {logging_mixin.py:188} INFO - [2024-05-24T17:49:44.879+0700] {dag.py:3954} INFO - Setting next_dagrun for example_display_name to None, run_after=None
[2024-05-24T17:49:44.964+0700] {processor.py:183} INFO - Processing /mnt/d/Programming/Vietnamese-Text-Generator/airflow_env/lib/python3.10/site-packages/airflow/example_dags/example_display_name.py took 0.202 seconds
[2024-05-24T17:52:04.488+0700] {processor.py:161} INFO - Started process (PID=9454) to work on /mnt/d/Programming/Vietnamese-Text-Generator/airflow_env/lib/python3.10/site-packages/airflow/example_dags/example_display_name.py
[2024-05-24T17:52:04.491+0700] {processor.py:830} INFO - Processing file /mnt/d/Programming/Vietnamese-Text-Generator/airflow_env/lib/python3.10/site-packages/airflow/example_dags/example_display_name.py for tasks to queue
[2024-05-24T17:52:04.497+0700] {logging_mixin.py:188} INFO - [2024-05-24T17:52:04.496+0700] {dagbag.py:540} INFO - Filling up the DagBag from /mnt/d/Programming/Vietnamese-Text-Generator/airflow_env/lib/python3.10/site-packages/airflow/example_dags/example_display_name.py
[2024-05-24T17:52:04.533+0700] {processor.py:840} INFO - DAG(s) 'example_display_name' retrieved from /mnt/d/Programming/Vietnamese-Text-Generator/airflow_env/lib/python3.10/site-packages/airflow/example_dags/example_display_name.py
[2024-05-24T17:52:04.594+0700] {logging_mixin.py:188} INFO - [2024-05-24T17:52:04.592+0700] {dag.py:3096} INFO - Sync 1 DAGs
[2024-05-24T17:52:04.625+0700] {logging_mixin.py:188} INFO - [2024-05-24T17:52:04.624+0700] {dag.py:3954} INFO - Setting next_dagrun for example_display_name to None, run_after=None
[2024-05-24T17:52:04.726+0700] {processor.py:183} INFO - Processing /mnt/d/Programming/Vietnamese-Text-Generator/airflow_env/lib/python3.10/site-packages/airflow/example_dags/example_display_name.py took 0.262 seconds
[2024-05-24T17:54:18.061+0700] {processor.py:161} INFO - Started process (PID=10036) to work on /mnt/d/Programming/Vietnamese-Text-Generator/airflow_env/lib/python3.10/site-packages/airflow/example_dags/example_display_name.py
[2024-05-24T17:54:18.068+0700] {processor.py:830} INFO - Processing file /mnt/d/Programming/Vietnamese-Text-Generator/airflow_env/lib/python3.10/site-packages/airflow/example_dags/example_display_name.py for tasks to queue
[2024-05-24T17:54:18.080+0700] {logging_mixin.py:188} INFO - [2024-05-24T17:54:18.076+0700] {dagbag.py:540} INFO - Filling up the DagBag from /mnt/d/Programming/Vietnamese-Text-Generator/airflow_env/lib/python3.10/site-packages/airflow/example_dags/example_display_name.py
[2024-05-24T17:54:18.262+0700] {processor.py:840} INFO - DAG(s) 'example_display_name' retrieved from /mnt/d/Programming/Vietnamese-Text-Generator/airflow_env/lib/python3.10/site-packages/airflow/example_dags/example_display_name.py
[2024-05-24T17:54:18.325+0700] {logging_mixin.py:188} INFO - [2024-05-24T17:54:18.323+0700] {dag.py:3096} INFO - Sync 1 DAGs
[2024-05-24T17:54:18.364+0700] {logging_mixin.py:188} INFO - [2024-05-24T17:54:18.363+0700] {dag.py:3954} INFO - Setting next_dagrun for example_display_name to None, run_after=None
[2024-05-24T17:54:18.430+0700] {processor.py:183} INFO - Processing /mnt/d/Programming/Vietnamese-Text-Generator/airflow_env/lib/python3.10/site-packages/airflow/example_dags/example_display_name.py took 0.412 seconds
[2024-05-24T17:56:38.816+0700] {processor.py:161} INFO - Started process (PID=10652) to work on /mnt/d/Programming/Vietnamese-Text-Generator/airflow_env/lib/python3.10/site-packages/airflow/example_dags/example_display_name.py
[2024-05-24T17:56:38.821+0700] {processor.py:830} INFO - Processing file /mnt/d/Programming/Vietnamese-Text-Generator/airflow_env/lib/python3.10/site-packages/airflow/example_dags/example_display_name.py for tasks to queue
[2024-05-24T17:56:38.831+0700] {logging_mixin.py:188} INFO - [2024-05-24T17:56:38.828+0700] {dagbag.py:540} INFO - Filling up the DagBag from /mnt/d/Programming/Vietnamese-Text-Generator/airflow_env/lib/python3.10/site-packages/airflow/example_dags/example_display_name.py
[2024-05-24T17:56:38.905+0700] {processor.py:840} INFO - DAG(s) 'example_display_name' retrieved from /mnt/d/Programming/Vietnamese-Text-Generator/airflow_env/lib/python3.10/site-packages/airflow/example_dags/example_display_name.py
[2024-05-24T17:56:38.986+0700] {logging_mixin.py:188} INFO - [2024-05-24T17:56:38.983+0700] {dag.py:3096} INFO - Sync 1 DAGs
[2024-05-24T17:56:39.031+0700] {logging_mixin.py:188} INFO - [2024-05-24T17:56:39.029+0700] {dag.py:3954} INFO - Setting next_dagrun for example_display_name to None, run_after=None
[2024-05-24T17:56:39.212+0700] {processor.py:183} INFO - Processing /mnt/d/Programming/Vietnamese-Text-Generator/airflow_env/lib/python3.10/site-packages/airflow/example_dags/example_display_name.py took 0.436 seconds
[2024-05-24T17:58:52.759+0700] {processor.py:161} INFO - Started process (PID=11237) to work on /mnt/d/Programming/Vietnamese-Text-Generator/airflow_env/lib/python3.10/site-packages/airflow/example_dags/example_display_name.py
[2024-05-24T17:58:52.766+0700] {processor.py:830} INFO - Processing file /mnt/d/Programming/Vietnamese-Text-Generator/airflow_env/lib/python3.10/site-packages/airflow/example_dags/example_display_name.py for tasks to queue
[2024-05-24T17:58:52.778+0700] {logging_mixin.py:188} INFO - [2024-05-24T17:58:52.774+0700] {dagbag.py:540} INFO - Filling up the DagBag from /mnt/d/Programming/Vietnamese-Text-Generator/airflow_env/lib/python3.10/site-packages/airflow/example_dags/example_display_name.py
[2024-05-24T17:58:52.875+0700] {processor.py:840} INFO - DAG(s) 'example_display_name' retrieved from /mnt/d/Programming/Vietnamese-Text-Generator/airflow_env/lib/python3.10/site-packages/airflow/example_dags/example_display_name.py
[2024-05-24T17:58:52.977+0700] {logging_mixin.py:188} INFO - [2024-05-24T17:58:52.973+0700] {dag.py:3096} INFO - Sync 1 DAGs
[2024-05-24T17:58:53.030+0700] {logging_mixin.py:188} INFO - [2024-05-24T17:58:53.027+0700] {dag.py:3954} INFO - Setting next_dagrun for example_display_name to None, run_after=None
[2024-05-24T17:58:53.240+0700] {processor.py:183} INFO - Processing /mnt/d/Programming/Vietnamese-Text-Generator/airflow_env/lib/python3.10/site-packages/airflow/example_dags/example_display_name.py took 0.529 seconds
[2024-05-24T18:01:09.917+0700] {processor.py:161} INFO - Started process (PID=11833) to work on /mnt/d/Programming/Vietnamese-Text-Generator/airflow_env/lib/python3.10/site-packages/airflow/example_dags/example_display_name.py
[2024-05-24T18:01:09.923+0700] {processor.py:830} INFO - Processing file /mnt/d/Programming/Vietnamese-Text-Generator/airflow_env/lib/python3.10/site-packages/airflow/example_dags/example_display_name.py for tasks to queue
[2024-05-24T18:01:09.935+0700] {logging_mixin.py:188} INFO - [2024-05-24T18:01:09.931+0700] {dagbag.py:540} INFO - Filling up the DagBag from /mnt/d/Programming/Vietnamese-Text-Generator/airflow_env/lib/python3.10/site-packages/airflow/example_dags/example_display_name.py
[2024-05-24T18:01:10.023+0700] {processor.py:840} INFO - DAG(s) 'example_display_name' retrieved from /mnt/d/Programming/Vietnamese-Text-Generator/airflow_env/lib/python3.10/site-packages/airflow/example_dags/example_display_name.py
[2024-05-24T18:01:10.114+0700] {logging_mixin.py:188} INFO - [2024-05-24T18:01:10.110+0700] {dag.py:3096} INFO - Sync 1 DAGs
[2024-05-24T18:01:10.164+0700] {logging_mixin.py:188} INFO - [2024-05-24T18:01:10.160+0700] {dag.py:3954} INFO - Setting next_dagrun for example_display_name to None, run_after=None
[2024-05-24T18:01:10.377+0700] {processor.py:183} INFO - Processing /mnt/d/Programming/Vietnamese-Text-Generator/airflow_env/lib/python3.10/site-packages/airflow/example_dags/example_display_name.py took 0.506 seconds
[2024-05-24T18:03:33.356+0700] {processor.py:161} INFO - Started process (PID=12458) to work on /mnt/d/Programming/Vietnamese-Text-Generator/airflow_env/lib/python3.10/site-packages/airflow/example_dags/example_display_name.py
[2024-05-24T18:03:33.362+0700] {processor.py:830} INFO - Processing file /mnt/d/Programming/Vietnamese-Text-Generator/airflow_env/lib/python3.10/site-packages/airflow/example_dags/example_display_name.py for tasks to queue
[2024-05-24T18:03:33.372+0700] {logging_mixin.py:188} INFO - [2024-05-24T18:03:33.369+0700] {dagbag.py:540} INFO - Filling up the DagBag from /mnt/d/Programming/Vietnamese-Text-Generator/airflow_env/lib/python3.10/site-packages/airflow/example_dags/example_display_name.py
[2024-05-24T18:03:33.443+0700] {processor.py:840} INFO - DAG(s) 'example_display_name' retrieved from /mnt/d/Programming/Vietnamese-Text-Generator/airflow_env/lib/python3.10/site-packages/airflow/example_dags/example_display_name.py
[2024-05-24T18:03:33.524+0700] {logging_mixin.py:188} INFO - [2024-05-24T18:03:33.521+0700] {dag.py:3096} INFO - Sync 1 DAGs
[2024-05-24T18:03:33.571+0700] {logging_mixin.py:188} INFO - [2024-05-24T18:03:33.567+0700] {dag.py:3954} INFO - Setting next_dagrun for example_display_name to None, run_after=None
[2024-05-24T18:03:33.784+0700] {processor.py:183} INFO - Processing /mnt/d/Programming/Vietnamese-Text-Generator/airflow_env/lib/python3.10/site-packages/airflow/example_dags/example_display_name.py took 0.468 seconds
