[2024-05-24T17:01:38.483+0700] {processor.py:161} INFO - Started process (PID=1793) to work on /mnt/d/Programming/Vietnamese-Text-Generator/airflow_env/lib/python3.10/site-packages/airflow/example_dags/example_subdag_operator.py
[2024-05-24T17:01:38.488+0700] {processor.py:830} INFO - Processing file /mnt/d/Programming/Vietnamese-Text-Generator/airflow_env/lib/python3.10/site-packages/airflow/example_dags/example_subdag_operator.py for tasks to queue
[2024-05-24T17:01:38.506+0700] {logging_mixin.py:188} INFO - [2024-05-24T17:01:38.502+0700] {dagbag.py:540} INFO - Filling up the DagBag from /mnt/d/Programming/Vietnamese-Text-Generator/airflow_env/lib/python3.10/site-packages/airflow/example_dags/example_subdag_operator.py
[2024-05-24T17:01:38.701+0700] {processor.py:840} INFO - DAG(s) 'example_subdag_operator.section-1', 'example_subdag_operator.section-2', 'example_subdag_operator' retrieved from /mnt/d/Programming/Vietnamese-Text-Generator/airflow_env/lib/python3.10/site-packages/airflow/example_dags/example_subdag_operator.py
[2024-05-24T17:01:38.815+0700] {logging_mixin.py:188} INFO - [2024-05-24T17:01:38.813+0700] {dag.py:3096} INFO - Sync 3 DAGs
[2024-05-24T17:01:38.936+0700] {logging_mixin.py:188} INFO - [2024-05-24T17:01:38.933+0700] {dag.py:3954} INFO - Setting next_dagrun for example_subdag_operator to 2022-01-01 00:00:00+00:00, run_after=2022-01-01 00:00:00+00:00
[2024-05-24T17:01:38.965+0700] {logging_mixin.py:188} INFO - [2024-05-24T17:01:38.962+0700] {dag.py:3954} INFO - Setting next_dagrun for example_subdag_operator.section-1 to None, run_after=None
[2024-05-24T17:01:38.978+0700] {logging_mixin.py:188} INFO - [2024-05-24T17:01:38.976+0700] {dag.py:3954} INFO - Setting next_dagrun for example_subdag_operator.section-2 to None, run_after=None
[2024-05-24T17:01:39.025+0700] {logging_mixin.py:188} INFO - [2024-05-24T17:01:39.022+0700] {dag.py:3096} INFO - Sync 2 DAGs
[2024-05-24T17:01:39.041+0700] {logging_mixin.py:188} INFO - [2024-05-24T17:01:39.039+0700] {dag.py:3954} INFO - Setting next_dagrun for example_subdag_operator.section-1 to None, run_after=None
[2024-05-24T17:01:39.047+0700] {logging_mixin.py:188} INFO - [2024-05-24T17:01:39.044+0700] {dag.py:3954} INFO - Setting next_dagrun for example_subdag_operator.section-2 to None, run_after=None
[2024-05-24T17:01:39.213+0700] {processor.py:183} INFO - Processing /mnt/d/Programming/Vietnamese-Text-Generator/airflow_env/lib/python3.10/site-packages/airflow/example_dags/example_subdag_operator.py took 0.776 seconds
[2024-05-24T17:03:37.534+0700] {processor.py:161} INFO - Started process (PID=2301) to work on /mnt/d/Programming/Vietnamese-Text-Generator/airflow_env/lib/python3.10/site-packages/airflow/example_dags/example_subdag_operator.py
[2024-05-24T17:03:37.540+0700] {processor.py:830} INFO - Processing file /mnt/d/Programming/Vietnamese-Text-Generator/airflow_env/lib/python3.10/site-packages/airflow/example_dags/example_subdag_operator.py for tasks to queue
[2024-05-24T17:03:37.549+0700] {logging_mixin.py:188} INFO - [2024-05-24T17:03:37.546+0700] {dagbag.py:540} INFO - Filling up the DagBag from /mnt/d/Programming/Vietnamese-Text-Generator/airflow_env/lib/python3.10/site-packages/airflow/example_dags/example_subdag_operator.py
[2024-05-24T17:03:37.723+0700] {processor.py:840} INFO - DAG(s) 'example_subdag_operator.section-1', 'example_subdag_operator.section-2', 'example_subdag_operator' retrieved from /mnt/d/Programming/Vietnamese-Text-Generator/airflow_env/lib/python3.10/site-packages/airflow/example_dags/example_subdag_operator.py
[2024-05-24T17:03:37.807+0700] {logging_mixin.py:188} INFO - [2024-05-24T17:03:37.805+0700] {dag.py:3096} INFO - Sync 3 DAGs
[2024-05-24T17:03:37.889+0700] {logging_mixin.py:188} INFO - [2024-05-24T17:03:37.887+0700] {dag.py:3954} INFO - Setting next_dagrun for example_subdag_operator to 2022-01-01 00:00:00+00:00, run_after=2022-01-01 00:00:00+00:00
[2024-05-24T17:03:37.907+0700] {logging_mixin.py:188} INFO - [2024-05-24T17:03:37.904+0700] {dag.py:3954} INFO - Setting next_dagrun for example_subdag_operator.section-1 to None, run_after=None
[2024-05-24T17:03:37.918+0700] {logging_mixin.py:188} INFO - [2024-05-24T17:03:37.915+0700] {dag.py:3954} INFO - Setting next_dagrun for example_subdag_operator.section-2 to None, run_after=None
[2024-05-24T17:03:37.968+0700] {logging_mixin.py:188} INFO - [2024-05-24T17:03:37.965+0700] {dag.py:3096} INFO - Sync 2 DAGs
[2024-05-24T17:03:37.985+0700] {logging_mixin.py:188} INFO - [2024-05-24T17:03:37.982+0700] {dag.py:3954} INFO - Setting next_dagrun for example_subdag_operator.section-1 to None, run_after=None
[2024-05-24T17:03:37.991+0700] {logging_mixin.py:188} INFO - [2024-05-24T17:03:37.988+0700] {dag.py:3954} INFO - Setting next_dagrun for example_subdag_operator.section-2 to None, run_after=None
[2024-05-24T17:03:38.143+0700] {processor.py:183} INFO - Processing /mnt/d/Programming/Vietnamese-Text-Generator/airflow_env/lib/python3.10/site-packages/airflow/example_dags/example_subdag_operator.py took 0.645 seconds
[2024-05-24T17:04:52.548+0700] {processor.py:161} INFO - Started process (PID=2628) to work on /mnt/d/Programming/Vietnamese-Text-Generator/airflow_env/lib/python3.10/site-packages/airflow/example_dags/example_subdag_operator.py
[2024-05-24T17:04:52.557+0700] {processor.py:830} INFO - Processing file /mnt/d/Programming/Vietnamese-Text-Generator/airflow_env/lib/python3.10/site-packages/airflow/example_dags/example_subdag_operator.py for tasks to queue
[2024-05-24T17:04:52.568+0700] {logging_mixin.py:188} INFO - [2024-05-24T17:04:52.566+0700] {dagbag.py:540} INFO - Filling up the DagBag from /mnt/d/Programming/Vietnamese-Text-Generator/airflow_env/lib/python3.10/site-packages/airflow/example_dags/example_subdag_operator.py
[2024-05-24T17:04:52.646+0700] {processor.py:840} INFO - DAG(s) 'example_subdag_operator.section-1', 'example_subdag_operator.section-2', 'example_subdag_operator' retrieved from /mnt/d/Programming/Vietnamese-Text-Generator/airflow_env/lib/python3.10/site-packages/airflow/example_dags/example_subdag_operator.py
[2024-05-24T17:04:52.688+0700] {logging_mixin.py:188} INFO - [2024-05-24T17:04:52.687+0700] {dag.py:3096} INFO - Sync 3 DAGs
[2024-05-24T17:04:52.726+0700] {logging_mixin.py:188} INFO - [2024-05-24T17:04:52.724+0700] {dag.py:3954} INFO - Setting next_dagrun for example_subdag_operator to 2022-01-01 00:00:00+00:00, run_after=2022-01-01 00:00:00+00:00
[2024-05-24T17:04:52.732+0700] {logging_mixin.py:188} INFO - [2024-05-24T17:04:52.731+0700] {dag.py:3954} INFO - Setting next_dagrun for example_subdag_operator.section-1 to None, run_after=None
[2024-05-24T17:04:52.737+0700] {logging_mixin.py:188} INFO - [2024-05-24T17:04:52.735+0700] {dag.py:3954} INFO - Setting next_dagrun for example_subdag_operator.section-2 to None, run_after=None
[2024-05-24T17:04:52.754+0700] {logging_mixin.py:188} INFO - [2024-05-24T17:04:52.753+0700] {dag.py:3096} INFO - Sync 2 DAGs
[2024-05-24T17:04:52.761+0700] {logging_mixin.py:188} INFO - [2024-05-24T17:04:52.760+0700] {dag.py:3954} INFO - Setting next_dagrun for example_subdag_operator.section-1 to None, run_after=None
[2024-05-24T17:04:52.763+0700] {logging_mixin.py:188} INFO - [2024-05-24T17:04:52.762+0700] {dag.py:3954} INFO - Setting next_dagrun for example_subdag_operator.section-2 to None, run_after=None
[2024-05-24T17:04:52.811+0700] {processor.py:183} INFO - Processing /mnt/d/Programming/Vietnamese-Text-Generator/airflow_env/lib/python3.10/site-packages/airflow/example_dags/example_subdag_operator.py took 0.292 seconds
[2024-05-24T17:06:02.143+0700] {processor.py:161} INFO - Started process (PID=2933) to work on /mnt/d/Programming/Vietnamese-Text-Generator/airflow_env/lib/python3.10/site-packages/airflow/example_dags/example_subdag_operator.py
[2024-05-24T17:06:02.146+0700] {processor.py:830} INFO - Processing file /mnt/d/Programming/Vietnamese-Text-Generator/airflow_env/lib/python3.10/site-packages/airflow/example_dags/example_subdag_operator.py for tasks to queue
[2024-05-24T17:06:02.151+0700] {logging_mixin.py:188} INFO - [2024-05-24T17:06:02.149+0700] {dagbag.py:540} INFO - Filling up the DagBag from /mnt/d/Programming/Vietnamese-Text-Generator/airflow_env/lib/python3.10/site-packages/airflow/example_dags/example_subdag_operator.py
[2024-05-24T17:06:02.238+0700] {processor.py:840} INFO - DAG(s) 'example_subdag_operator.section-1', 'example_subdag_operator.section-2', 'example_subdag_operator' retrieved from /mnt/d/Programming/Vietnamese-Text-Generator/airflow_env/lib/python3.10/site-packages/airflow/example_dags/example_subdag_operator.py
[2024-05-24T17:06:02.271+0700] {logging_mixin.py:188} INFO - [2024-05-24T17:06:02.270+0700] {dag.py:3096} INFO - Sync 3 DAGs
[2024-05-24T17:06:02.299+0700] {logging_mixin.py:188} INFO - [2024-05-24T17:06:02.298+0700] {dag.py:3954} INFO - Setting next_dagrun for example_subdag_operator to 2022-01-01 00:00:00+00:00, run_after=2022-01-01 00:00:00+00:00
[2024-05-24T17:06:02.307+0700] {logging_mixin.py:188} INFO - [2024-05-24T17:06:02.306+0700] {dag.py:3954} INFO - Setting next_dagrun for example_subdag_operator.section-1 to None, run_after=None
[2024-05-24T17:06:02.314+0700] {logging_mixin.py:188} INFO - [2024-05-24T17:06:02.312+0700] {dag.py:3954} INFO - Setting next_dagrun for example_subdag_operator.section-2 to None, run_after=None
[2024-05-24T17:06:02.335+0700] {logging_mixin.py:188} INFO - [2024-05-24T17:06:02.334+0700] {dag.py:3096} INFO - Sync 2 DAGs
[2024-05-24T17:06:02.342+0700] {logging_mixin.py:188} INFO - [2024-05-24T17:06:02.340+0700] {dag.py:3954} INFO - Setting next_dagrun for example_subdag_operator.section-1 to None, run_after=None
[2024-05-24T17:06:02.344+0700] {logging_mixin.py:188} INFO - [2024-05-24T17:06:02.343+0700] {dag.py:3954} INFO - Setting next_dagrun for example_subdag_operator.section-2 to None, run_after=None
[2024-05-24T17:06:02.466+0700] {processor.py:183} INFO - Processing /mnt/d/Programming/Vietnamese-Text-Generator/airflow_env/lib/python3.10/site-packages/airflow/example_dags/example_subdag_operator.py took 0.343 seconds
[2024-05-24T17:07:09.696+0700] {processor.py:161} INFO - Started process (PID=3307) to work on /mnt/d/Programming/Vietnamese-Text-Generator/airflow_env/lib/python3.10/site-packages/airflow/example_dags/example_subdag_operator.py
[2024-05-24T17:07:09.703+0700] {processor.py:830} INFO - Processing file /mnt/d/Programming/Vietnamese-Text-Generator/airflow_env/lib/python3.10/site-packages/airflow/example_dags/example_subdag_operator.py for tasks to queue
[2024-05-24T17:07:09.718+0700] {logging_mixin.py:188} INFO - [2024-05-24T17:07:09.713+0700] {dagbag.py:540} INFO - Filling up the DagBag from /mnt/d/Programming/Vietnamese-Text-Generator/airflow_env/lib/python3.10/site-packages/airflow/example_dags/example_subdag_operator.py
[2024-05-24T17:07:09.929+0700] {processor.py:840} INFO - DAG(s) 'example_subdag_operator.section-1', 'example_subdag_operator.section-2', 'example_subdag_operator' retrieved from /mnt/d/Programming/Vietnamese-Text-Generator/airflow_env/lib/python3.10/site-packages/airflow/example_dags/example_subdag_operator.py
[2024-05-24T17:07:10.035+0700] {logging_mixin.py:188} INFO - [2024-05-24T17:07:10.031+0700] {dag.py:3096} INFO - Sync 3 DAGs
[2024-05-24T17:07:10.113+0700] {logging_mixin.py:188} INFO - [2024-05-24T17:07:10.110+0700] {dag.py:3954} INFO - Setting next_dagrun for example_subdag_operator to 2022-01-01 00:00:00+00:00, run_after=2022-01-01 00:00:00+00:00
[2024-05-24T17:07:10.132+0700] {logging_mixin.py:188} INFO - [2024-05-24T17:07:10.130+0700] {dag.py:3954} INFO - Setting next_dagrun for example_subdag_operator.section-1 to None, run_after=None
[2024-05-24T17:07:10.145+0700] {logging_mixin.py:188} INFO - [2024-05-24T17:07:10.142+0700] {dag.py:3954} INFO - Setting next_dagrun for example_subdag_operator.section-2 to None, run_after=None
[2024-05-24T17:07:10.202+0700] {logging_mixin.py:188} INFO - [2024-05-24T17:07:10.199+0700] {dag.py:3096} INFO - Sync 2 DAGs
[2024-05-24T17:07:10.218+0700] {logging_mixin.py:188} INFO - [2024-05-24T17:07:10.216+0700] {dag.py:3954} INFO - Setting next_dagrun for example_subdag_operator.section-1 to None, run_after=None
[2024-05-24T17:07:10.225+0700] {logging_mixin.py:188} INFO - [2024-05-24T17:07:10.222+0700] {dag.py:3954} INFO - Setting next_dagrun for example_subdag_operator.section-2 to None, run_after=None
[2024-05-24T17:07:10.363+0700] {processor.py:183} INFO - Processing /mnt/d/Programming/Vietnamese-Text-Generator/airflow_env/lib/python3.10/site-packages/airflow/example_dags/example_subdag_operator.py took 0.715 seconds
[2024-05-24T17:08:11.764+0700] {processor.py:161} INFO - Started process (PID=3579) to work on /mnt/d/Programming/Vietnamese-Text-Generator/airflow_env/lib/python3.10/site-packages/airflow/example_dags/example_subdag_operator.py
[2024-05-24T17:08:11.770+0700] {processor.py:830} INFO - Processing file /mnt/d/Programming/Vietnamese-Text-Generator/airflow_env/lib/python3.10/site-packages/airflow/example_dags/example_subdag_operator.py for tasks to queue
[2024-05-24T17:08:11.782+0700] {logging_mixin.py:188} INFO - [2024-05-24T17:08:11.779+0700] {dagbag.py:540} INFO - Filling up the DagBag from /mnt/d/Programming/Vietnamese-Text-Generator/airflow_env/lib/python3.10/site-packages/airflow/example_dags/example_subdag_operator.py
[2024-05-24T17:08:11.978+0700] {processor.py:840} INFO - DAG(s) 'example_subdag_operator.section-1', 'example_subdag_operator.section-2', 'example_subdag_operator' retrieved from /mnt/d/Programming/Vietnamese-Text-Generator/airflow_env/lib/python3.10/site-packages/airflow/example_dags/example_subdag_operator.py
[2024-05-24T17:08:12.063+0700] {logging_mixin.py:188} INFO - [2024-05-24T17:08:12.061+0700] {dag.py:3096} INFO - Sync 3 DAGs
[2024-05-24T17:08:12.147+0700] {logging_mixin.py:188} INFO - [2024-05-24T17:08:12.144+0700] {dag.py:3954} INFO - Setting next_dagrun for example_subdag_operator to 2022-01-01 00:00:00+00:00, run_after=2022-01-01 00:00:00+00:00
[2024-05-24T17:08:12.169+0700] {logging_mixin.py:188} INFO - [2024-05-24T17:08:12.166+0700] {dag.py:3954} INFO - Setting next_dagrun for example_subdag_operator.section-1 to None, run_after=None
[2024-05-24T17:08:12.184+0700] {logging_mixin.py:188} INFO - [2024-05-24T17:08:12.181+0700] {dag.py:3954} INFO - Setting next_dagrun for example_subdag_operator.section-2 to None, run_after=None
[2024-05-24T17:08:12.241+0700] {logging_mixin.py:188} INFO - [2024-05-24T17:08:12.238+0700] {dag.py:3096} INFO - Sync 2 DAGs
[2024-05-24T17:08:12.260+0700] {logging_mixin.py:188} INFO - [2024-05-24T17:08:12.256+0700] {dag.py:3954} INFO - Setting next_dagrun for example_subdag_operator.section-1 to None, run_after=None
[2024-05-24T17:08:12.266+0700] {logging_mixin.py:188} INFO - [2024-05-24T17:08:12.264+0700] {dag.py:3954} INFO - Setting next_dagrun for example_subdag_operator.section-2 to None, run_after=None
[2024-05-24T17:08:12.430+0700] {processor.py:183} INFO - Processing /mnt/d/Programming/Vietnamese-Text-Generator/airflow_env/lib/python3.10/site-packages/airflow/example_dags/example_subdag_operator.py took 0.718 seconds
[2024-05-24T17:09:19.714+0700] {processor.py:161} INFO - Started process (PID=3876) to work on /mnt/d/Programming/Vietnamese-Text-Generator/airflow_env/lib/python3.10/site-packages/airflow/example_dags/example_subdag_operator.py
[2024-05-24T17:09:19.726+0700] {processor.py:830} INFO - Processing file /mnt/d/Programming/Vietnamese-Text-Generator/airflow_env/lib/python3.10/site-packages/airflow/example_dags/example_subdag_operator.py for tasks to queue
[2024-05-24T17:09:19.740+0700] {logging_mixin.py:188} INFO - [2024-05-24T17:09:19.738+0700] {dagbag.py:540} INFO - Filling up the DagBag from /mnt/d/Programming/Vietnamese-Text-Generator/airflow_env/lib/python3.10/site-packages/airflow/example_dags/example_subdag_operator.py
[2024-05-24T17:09:19.822+0700] {processor.py:840} INFO - DAG(s) 'example_subdag_operator.section-1', 'example_subdag_operator.section-2', 'example_subdag_operator' retrieved from /mnt/d/Programming/Vietnamese-Text-Generator/airflow_env/lib/python3.10/site-packages/airflow/example_dags/example_subdag_operator.py
[2024-05-24T17:09:19.861+0700] {logging_mixin.py:188} INFO - [2024-05-24T17:09:19.860+0700] {dag.py:3096} INFO - Sync 3 DAGs
[2024-05-24T17:09:19.899+0700] {logging_mixin.py:188} INFO - [2024-05-24T17:09:19.898+0700] {dag.py:3954} INFO - Setting next_dagrun for example_subdag_operator to 2022-01-01 00:00:00+00:00, run_after=2022-01-01 00:00:00+00:00
[2024-05-24T17:09:19.905+0700] {logging_mixin.py:188} INFO - [2024-05-24T17:09:19.904+0700] {dag.py:3954} INFO - Setting next_dagrun for example_subdag_operator.section-1 to None, run_after=None
[2024-05-24T17:09:19.909+0700] {logging_mixin.py:188} INFO - [2024-05-24T17:09:19.908+0700] {dag.py:3954} INFO - Setting next_dagrun for example_subdag_operator.section-2 to None, run_after=None
[2024-05-24T17:09:19.928+0700] {logging_mixin.py:188} INFO - [2024-05-24T17:09:19.927+0700] {dag.py:3096} INFO - Sync 2 DAGs
[2024-05-24T17:09:19.934+0700] {logging_mixin.py:188} INFO - [2024-05-24T17:09:19.933+0700] {dag.py:3954} INFO - Setting next_dagrun for example_subdag_operator.section-1 to None, run_after=None
[2024-05-24T17:09:19.936+0700] {logging_mixin.py:188} INFO - [2024-05-24T17:09:19.935+0700] {dag.py:3954} INFO - Setting next_dagrun for example_subdag_operator.section-2 to None, run_after=None
[2024-05-24T17:09:19.988+0700] {processor.py:183} INFO - Processing /mnt/d/Programming/Vietnamese-Text-Generator/airflow_env/lib/python3.10/site-packages/airflow/example_dags/example_subdag_operator.py took 0.338 seconds
[2024-05-24T17:10:28.567+0700] {processor.py:161} INFO - Started process (PID=4176) to work on /mnt/d/Programming/Vietnamese-Text-Generator/airflow_env/lib/python3.10/site-packages/airflow/example_dags/example_subdag_operator.py
[2024-05-24T17:10:28.573+0700] {processor.py:830} INFO - Processing file /mnt/d/Programming/Vietnamese-Text-Generator/airflow_env/lib/python3.10/site-packages/airflow/example_dags/example_subdag_operator.py for tasks to queue
[2024-05-24T17:10:28.587+0700] {logging_mixin.py:188} INFO - [2024-05-24T17:10:28.583+0700] {dagbag.py:540} INFO - Filling up the DagBag from /mnt/d/Programming/Vietnamese-Text-Generator/airflow_env/lib/python3.10/site-packages/airflow/example_dags/example_subdag_operator.py
[2024-05-24T17:10:28.810+0700] {processor.py:840} INFO - DAG(s) 'example_subdag_operator.section-1', 'example_subdag_operator.section-2', 'example_subdag_operator' retrieved from /mnt/d/Programming/Vietnamese-Text-Generator/airflow_env/lib/python3.10/site-packages/airflow/example_dags/example_subdag_operator.py
[2024-05-24T17:10:28.907+0700] {logging_mixin.py:188} INFO - [2024-05-24T17:10:28.904+0700] {dag.py:3096} INFO - Sync 3 DAGs
[2024-05-24T17:10:28.979+0700] {logging_mixin.py:188} INFO - [2024-05-24T17:10:28.976+0700] {dag.py:3954} INFO - Setting next_dagrun for example_subdag_operator to 2022-01-01 00:00:00+00:00, run_after=2022-01-01 00:00:00+00:00
[2024-05-24T17:10:28.996+0700] {logging_mixin.py:188} INFO - [2024-05-24T17:10:28.993+0700] {dag.py:3954} INFO - Setting next_dagrun for example_subdag_operator.section-1 to None, run_after=None
[2024-05-24T17:10:29.007+0700] {logging_mixin.py:188} INFO - [2024-05-24T17:10:29.005+0700] {dag.py:3954} INFO - Setting next_dagrun for example_subdag_operator.section-2 to None, run_after=None
[2024-05-24T17:10:29.054+0700] {logging_mixin.py:188} INFO - [2024-05-24T17:10:29.051+0700] {dag.py:3096} INFO - Sync 2 DAGs
[2024-05-24T17:10:29.067+0700] {logging_mixin.py:188} INFO - [2024-05-24T17:10:29.064+0700] {dag.py:3954} INFO - Setting next_dagrun for example_subdag_operator.section-1 to None, run_after=None
[2024-05-24T17:10:29.073+0700] {logging_mixin.py:188} INFO - [2024-05-24T17:10:29.071+0700] {dag.py:3954} INFO - Setting next_dagrun for example_subdag_operator.section-2 to None, run_after=None
[2024-05-24T17:10:29.199+0700] {processor.py:183} INFO - Processing /mnt/d/Programming/Vietnamese-Text-Generator/airflow_env/lib/python3.10/site-packages/airflow/example_dags/example_subdag_operator.py took 0.677 seconds
[2024-05-24T17:11:39.360+0700] {processor.py:161} INFO - Started process (PID=4491) to work on /mnt/d/Programming/Vietnamese-Text-Generator/airflow_env/lib/python3.10/site-packages/airflow/example_dags/example_subdag_operator.py
[2024-05-24T17:11:39.368+0700] {processor.py:830} INFO - Processing file /mnt/d/Programming/Vietnamese-Text-Generator/airflow_env/lib/python3.10/site-packages/airflow/example_dags/example_subdag_operator.py for tasks to queue
[2024-05-24T17:11:39.383+0700] {logging_mixin.py:188} INFO - [2024-05-24T17:11:39.379+0700] {dagbag.py:540} INFO - Filling up the DagBag from /mnt/d/Programming/Vietnamese-Text-Generator/airflow_env/lib/python3.10/site-packages/airflow/example_dags/example_subdag_operator.py
[2024-05-24T17:11:39.580+0700] {processor.py:840} INFO - DAG(s) 'example_subdag_operator.section-1', 'example_subdag_operator.section-2', 'example_subdag_operator' retrieved from /mnt/d/Programming/Vietnamese-Text-Generator/airflow_env/lib/python3.10/site-packages/airflow/example_dags/example_subdag_operator.py
[2024-05-24T17:11:39.663+0700] {logging_mixin.py:188} INFO - [2024-05-24T17:11:39.661+0700] {dag.py:3096} INFO - Sync 3 DAGs
[2024-05-24T17:11:39.743+0700] {logging_mixin.py:188} INFO - [2024-05-24T17:11:39.740+0700] {dag.py:3954} INFO - Setting next_dagrun for example_subdag_operator to 2022-01-01 00:00:00+00:00, run_after=2022-01-01 00:00:00+00:00
[2024-05-24T17:11:39.764+0700] {logging_mixin.py:188} INFO - [2024-05-24T17:11:39.761+0700] {dag.py:3954} INFO - Setting next_dagrun for example_subdag_operator.section-1 to None, run_after=None
[2024-05-24T17:11:39.777+0700] {logging_mixin.py:188} INFO - [2024-05-24T17:11:39.774+0700] {dag.py:3954} INFO - Setting next_dagrun for example_subdag_operator.section-2 to None, run_after=None
[2024-05-24T17:11:39.827+0700] {logging_mixin.py:188} INFO - [2024-05-24T17:11:39.824+0700] {dag.py:3096} INFO - Sync 2 DAGs
[2024-05-24T17:11:39.844+0700] {logging_mixin.py:188} INFO - [2024-05-24T17:11:39.842+0700] {dag.py:3954} INFO - Setting next_dagrun for example_subdag_operator.section-1 to None, run_after=None
[2024-05-24T17:11:39.851+0700] {logging_mixin.py:188} INFO - [2024-05-24T17:11:39.848+0700] {dag.py:3954} INFO - Setting next_dagrun for example_subdag_operator.section-2 to None, run_after=None
[2024-05-24T17:11:39.990+0700] {processor.py:183} INFO - Processing /mnt/d/Programming/Vietnamese-Text-Generator/airflow_env/lib/python3.10/site-packages/airflow/example_dags/example_subdag_operator.py took 0.679 seconds
[2024-05-24T17:12:49.450+0700] {processor.py:161} INFO - Started process (PID=4794) to work on /mnt/d/Programming/Vietnamese-Text-Generator/airflow_env/lib/python3.10/site-packages/airflow/example_dags/example_subdag_operator.py
[2024-05-24T17:12:49.456+0700] {processor.py:830} INFO - Processing file /mnt/d/Programming/Vietnamese-Text-Generator/airflow_env/lib/python3.10/site-packages/airflow/example_dags/example_subdag_operator.py for tasks to queue
[2024-05-24T17:12:49.464+0700] {logging_mixin.py:188} INFO - [2024-05-24T17:12:49.463+0700] {dagbag.py:540} INFO - Filling up the DagBag from /mnt/d/Programming/Vietnamese-Text-Generator/airflow_env/lib/python3.10/site-packages/airflow/example_dags/example_subdag_operator.py
[2024-05-24T17:12:49.569+0700] {processor.py:840} INFO - DAG(s) 'example_subdag_operator.section-1', 'example_subdag_operator.section-2', 'example_subdag_operator' retrieved from /mnt/d/Programming/Vietnamese-Text-Generator/airflow_env/lib/python3.10/site-packages/airflow/example_dags/example_subdag_operator.py
[2024-05-24T17:12:49.615+0700] {logging_mixin.py:188} INFO - [2024-05-24T17:12:49.614+0700] {dag.py:3096} INFO - Sync 3 DAGs
[2024-05-24T17:12:49.662+0700] {logging_mixin.py:188} INFO - [2024-05-24T17:12:49.659+0700] {dag.py:3954} INFO - Setting next_dagrun for example_subdag_operator to 2022-01-01 00:00:00+00:00, run_after=2022-01-01 00:00:00+00:00
[2024-05-24T17:12:49.672+0700] {logging_mixin.py:188} INFO - [2024-05-24T17:12:49.671+0700] {dag.py:3954} INFO - Setting next_dagrun for example_subdag_operator.section-1 to None, run_after=None
[2024-05-24T17:12:49.679+0700] {logging_mixin.py:188} INFO - [2024-05-24T17:12:49.678+0700] {dag.py:3954} INFO - Setting next_dagrun for example_subdag_operator.section-2 to None, run_after=None
[2024-05-24T17:12:49.713+0700] {logging_mixin.py:188} INFO - [2024-05-24T17:12:49.711+0700] {dag.py:3096} INFO - Sync 2 DAGs
[2024-05-24T17:12:49.725+0700] {logging_mixin.py:188} INFO - [2024-05-24T17:12:49.722+0700] {dag.py:3954} INFO - Setting next_dagrun for example_subdag_operator.section-1 to None, run_after=None
[2024-05-24T17:12:49.730+0700] {logging_mixin.py:188} INFO - [2024-05-24T17:12:49.728+0700] {dag.py:3954} INFO - Setting next_dagrun for example_subdag_operator.section-2 to None, run_after=None
[2024-05-24T17:12:49.830+0700] {processor.py:183} INFO - Processing /mnt/d/Programming/Vietnamese-Text-Generator/airflow_env/lib/python3.10/site-packages/airflow/example_dags/example_subdag_operator.py took 0.403 seconds
[2024-05-24T17:13:58.958+0700] {processor.py:161} INFO - Started process (PID=5097) to work on /mnt/d/Programming/Vietnamese-Text-Generator/airflow_env/lib/python3.10/site-packages/airflow/example_dags/example_subdag_operator.py
[2024-05-24T17:13:58.964+0700] {processor.py:830} INFO - Processing file /mnt/d/Programming/Vietnamese-Text-Generator/airflow_env/lib/python3.10/site-packages/airflow/example_dags/example_subdag_operator.py for tasks to queue
[2024-05-24T17:13:58.978+0700] {logging_mixin.py:188} INFO - [2024-05-24T17:13:58.974+0700] {dagbag.py:540} INFO - Filling up the DagBag from /mnt/d/Programming/Vietnamese-Text-Generator/airflow_env/lib/python3.10/site-packages/airflow/example_dags/example_subdag_operator.py
[2024-05-24T17:13:59.185+0700] {processor.py:840} INFO - DAG(s) 'example_subdag_operator.section-1', 'example_subdag_operator.section-2', 'example_subdag_operator' retrieved from /mnt/d/Programming/Vietnamese-Text-Generator/airflow_env/lib/python3.10/site-packages/airflow/example_dags/example_subdag_operator.py
[2024-05-24T17:13:59.284+0700] {logging_mixin.py:188} INFO - [2024-05-24T17:13:59.281+0700] {dag.py:3096} INFO - Sync 3 DAGs
[2024-05-24T17:13:59.368+0700] {logging_mixin.py:188} INFO - [2024-05-24T17:13:59.365+0700] {dag.py:3954} INFO - Setting next_dagrun for example_subdag_operator to 2022-01-01 00:00:00+00:00, run_after=2022-01-01 00:00:00+00:00
[2024-05-24T17:13:59.392+0700] {logging_mixin.py:188} INFO - [2024-05-24T17:13:59.389+0700] {dag.py:3954} INFO - Setting next_dagrun for example_subdag_operator.section-1 to None, run_after=None
[2024-05-24T17:13:59.406+0700] {logging_mixin.py:188} INFO - [2024-05-24T17:13:59.404+0700] {dag.py:3954} INFO - Setting next_dagrun for example_subdag_operator.section-2 to None, run_after=None
[2024-05-24T17:13:59.456+0700] {logging_mixin.py:188} INFO - [2024-05-24T17:13:59.453+0700] {dag.py:3096} INFO - Sync 2 DAGs
[2024-05-24T17:13:59.474+0700] {logging_mixin.py:188} INFO - [2024-05-24T17:13:59.471+0700] {dag.py:3954} INFO - Setting next_dagrun for example_subdag_operator.section-1 to None, run_after=None
[2024-05-24T17:13:59.481+0700] {logging_mixin.py:188} INFO - [2024-05-24T17:13:59.478+0700] {dag.py:3954} INFO - Setting next_dagrun for example_subdag_operator.section-2 to None, run_after=None
[2024-05-24T17:13:59.639+0700] {processor.py:183} INFO - Processing /mnt/d/Programming/Vietnamese-Text-Generator/airflow_env/lib/python3.10/site-packages/airflow/example_dags/example_subdag_operator.py took 0.725 seconds
[2024-05-24T17:15:05.951+0700] {processor.py:161} INFO - Started process (PID=5392) to work on /mnt/d/Programming/Vietnamese-Text-Generator/airflow_env/lib/python3.10/site-packages/airflow/example_dags/example_subdag_operator.py
[2024-05-24T17:15:05.958+0700] {processor.py:830} INFO - Processing file /mnt/d/Programming/Vietnamese-Text-Generator/airflow_env/lib/python3.10/site-packages/airflow/example_dags/example_subdag_operator.py for tasks to queue
[2024-05-24T17:15:05.971+0700] {logging_mixin.py:188} INFO - [2024-05-24T17:15:05.967+0700] {dagbag.py:540} INFO - Filling up the DagBag from /mnt/d/Programming/Vietnamese-Text-Generator/airflow_env/lib/python3.10/site-packages/airflow/example_dags/example_subdag_operator.py
[2024-05-24T17:15:06.186+0700] {processor.py:840} INFO - DAG(s) 'example_subdag_operator.section-1', 'example_subdag_operator.section-2', 'example_subdag_operator' retrieved from /mnt/d/Programming/Vietnamese-Text-Generator/airflow_env/lib/python3.10/site-packages/airflow/example_dags/example_subdag_operator.py
[2024-05-24T17:15:06.288+0700] {logging_mixin.py:188} INFO - [2024-05-24T17:15:06.285+0700] {dag.py:3096} INFO - Sync 3 DAGs
[2024-05-24T17:15:06.368+0700] {logging_mixin.py:188} INFO - [2024-05-24T17:15:06.366+0700] {dag.py:3954} INFO - Setting next_dagrun for example_subdag_operator to 2022-01-01 00:00:00+00:00, run_after=2022-01-01 00:00:00+00:00
[2024-05-24T17:15:06.385+0700] {logging_mixin.py:188} INFO - [2024-05-24T17:15:06.382+0700] {dag.py:3954} INFO - Setting next_dagrun for example_subdag_operator.section-1 to None, run_after=None
[2024-05-24T17:15:06.394+0700] {logging_mixin.py:188} INFO - [2024-05-24T17:15:06.392+0700] {dag.py:3954} INFO - Setting next_dagrun for example_subdag_operator.section-2 to None, run_after=None
[2024-05-24T17:15:06.436+0700] {logging_mixin.py:188} INFO - [2024-05-24T17:15:06.433+0700] {dag.py:3096} INFO - Sync 2 DAGs
[2024-05-24T17:15:06.449+0700] {logging_mixin.py:188} INFO - [2024-05-24T17:15:06.446+0700] {dag.py:3954} INFO - Setting next_dagrun for example_subdag_operator.section-1 to None, run_after=None
[2024-05-24T17:15:06.455+0700] {logging_mixin.py:188} INFO - [2024-05-24T17:15:06.452+0700] {dag.py:3954} INFO - Setting next_dagrun for example_subdag_operator.section-2 to None, run_after=None
[2024-05-24T17:15:06.580+0700] {processor.py:183} INFO - Processing /mnt/d/Programming/Vietnamese-Text-Generator/airflow_env/lib/python3.10/site-packages/airflow/example_dags/example_subdag_operator.py took 0.672 seconds
[2024-05-24T17:16:16.893+0700] {processor.py:161} INFO - Started process (PID=5701) to work on /mnt/d/Programming/Vietnamese-Text-Generator/airflow_env/lib/python3.10/site-packages/airflow/example_dags/example_subdag_operator.py
[2024-05-24T17:16:16.899+0700] {processor.py:830} INFO - Processing file /mnt/d/Programming/Vietnamese-Text-Generator/airflow_env/lib/python3.10/site-packages/airflow/example_dags/example_subdag_operator.py for tasks to queue
[2024-05-24T17:16:16.912+0700] {logging_mixin.py:188} INFO - [2024-05-24T17:16:16.908+0700] {dagbag.py:540} INFO - Filling up the DagBag from /mnt/d/Programming/Vietnamese-Text-Generator/airflow_env/lib/python3.10/site-packages/airflow/example_dags/example_subdag_operator.py
[2024-05-24T17:16:17.130+0700] {processor.py:840} INFO - DAG(s) 'example_subdag_operator.section-1', 'example_subdag_operator.section-2', 'example_subdag_operator' retrieved from /mnt/d/Programming/Vietnamese-Text-Generator/airflow_env/lib/python3.10/site-packages/airflow/example_dags/example_subdag_operator.py
[2024-05-24T17:16:17.227+0700] {logging_mixin.py:188} INFO - [2024-05-24T17:16:17.224+0700] {dag.py:3096} INFO - Sync 3 DAGs
[2024-05-24T17:16:17.315+0700] {logging_mixin.py:188} INFO - [2024-05-24T17:16:17.312+0700] {dag.py:3954} INFO - Setting next_dagrun for example_subdag_operator to 2022-01-01 00:00:00+00:00, run_after=2022-01-01 00:00:00+00:00
[2024-05-24T17:16:17.338+0700] {logging_mixin.py:188} INFO - [2024-05-24T17:16:17.334+0700] {dag.py:3954} INFO - Setting next_dagrun for example_subdag_operator.section-1 to None, run_after=None
[2024-05-24T17:16:17.353+0700] {logging_mixin.py:188} INFO - [2024-05-24T17:16:17.349+0700] {dag.py:3954} INFO - Setting next_dagrun for example_subdag_operator.section-2 to None, run_after=None
[2024-05-24T17:16:17.413+0700] {logging_mixin.py:188} INFO - [2024-05-24T17:16:17.410+0700] {dag.py:3096} INFO - Sync 2 DAGs
[2024-05-24T17:16:17.434+0700] {logging_mixin.py:188} INFO - [2024-05-24T17:16:17.430+0700] {dag.py:3954} INFO - Setting next_dagrun for example_subdag_operator.section-1 to None, run_after=None
[2024-05-24T17:16:17.441+0700] {logging_mixin.py:188} INFO - [2024-05-24T17:16:17.438+0700] {dag.py:3954} INFO - Setting next_dagrun for example_subdag_operator.section-2 to None, run_after=None
[2024-05-24T17:16:17.612+0700] {processor.py:183} INFO - Processing /mnt/d/Programming/Vietnamese-Text-Generator/airflow_env/lib/python3.10/site-packages/airflow/example_dags/example_subdag_operator.py took 0.764 seconds
[2024-05-24T17:17:29.228+0700] {processor.py:161} INFO - Started process (PID=6016) to work on /mnt/d/Programming/Vietnamese-Text-Generator/airflow_env/lib/python3.10/site-packages/airflow/example_dags/example_subdag_operator.py
[2024-05-24T17:17:29.235+0700] {processor.py:830} INFO - Processing file /mnt/d/Programming/Vietnamese-Text-Generator/airflow_env/lib/python3.10/site-packages/airflow/example_dags/example_subdag_operator.py for tasks to queue
[2024-05-24T17:17:29.247+0700] {logging_mixin.py:188} INFO - [2024-05-24T17:17:29.244+0700] {dagbag.py:540} INFO - Filling up the DagBag from /mnt/d/Programming/Vietnamese-Text-Generator/airflow_env/lib/python3.10/site-packages/airflow/example_dags/example_subdag_operator.py
[2024-05-24T17:17:29.471+0700] {processor.py:840} INFO - DAG(s) 'example_subdag_operator.section-1', 'example_subdag_operator.section-2', 'example_subdag_operator' retrieved from /mnt/d/Programming/Vietnamese-Text-Generator/airflow_env/lib/python3.10/site-packages/airflow/example_dags/example_subdag_operator.py
[2024-05-24T17:17:29.556+0700] {logging_mixin.py:188} INFO - [2024-05-24T17:17:29.553+0700] {dag.py:3096} INFO - Sync 3 DAGs
[2024-05-24T17:17:29.643+0700] {logging_mixin.py:188} INFO - [2024-05-24T17:17:29.640+0700] {dag.py:3954} INFO - Setting next_dagrun for example_subdag_operator to 2022-01-01 00:00:00+00:00, run_after=2022-01-01 00:00:00+00:00
[2024-05-24T17:17:29.663+0700] {logging_mixin.py:188} INFO - [2024-05-24T17:17:29.660+0700] {dag.py:3954} INFO - Setting next_dagrun for example_subdag_operator.section-1 to None, run_after=None
[2024-05-24T17:17:29.676+0700] {logging_mixin.py:188} INFO - [2024-05-24T17:17:29.673+0700] {dag.py:3954} INFO - Setting next_dagrun for example_subdag_operator.section-2 to None, run_after=None
[2024-05-24T17:17:29.727+0700] {logging_mixin.py:188} INFO - [2024-05-24T17:17:29.724+0700] {dag.py:3096} INFO - Sync 2 DAGs
[2024-05-24T17:17:29.745+0700] {logging_mixin.py:188} INFO - [2024-05-24T17:17:29.742+0700] {dag.py:3954} INFO - Setting next_dagrun for example_subdag_operator.section-1 to None, run_after=None
[2024-05-24T17:17:29.753+0700] {logging_mixin.py:188} INFO - [2024-05-24T17:17:29.749+0700] {dag.py:3954} INFO - Setting next_dagrun for example_subdag_operator.section-2 to None, run_after=None
[2024-05-24T17:17:29.917+0700] {processor.py:183} INFO - Processing /mnt/d/Programming/Vietnamese-Text-Generator/airflow_env/lib/python3.10/site-packages/airflow/example_dags/example_subdag_operator.py took 0.730 seconds
[2024-05-24T17:18:40.112+0700] {processor.py:161} INFO - Started process (PID=6330) to work on /mnt/d/Programming/Vietnamese-Text-Generator/airflow_env/lib/python3.10/site-packages/airflow/example_dags/example_subdag_operator.py
[2024-05-24T17:18:40.120+0700] {processor.py:830} INFO - Processing file /mnt/d/Programming/Vietnamese-Text-Generator/airflow_env/lib/python3.10/site-packages/airflow/example_dags/example_subdag_operator.py for tasks to queue
[2024-05-24T17:18:40.138+0700] {logging_mixin.py:188} INFO - [2024-05-24T17:18:40.133+0700] {dagbag.py:540} INFO - Filling up the DagBag from /mnt/d/Programming/Vietnamese-Text-Generator/airflow_env/lib/python3.10/site-packages/airflow/example_dags/example_subdag_operator.py
[2024-05-24T17:18:40.397+0700] {processor.py:840} INFO - DAG(s) 'example_subdag_operator.section-1', 'example_subdag_operator.section-2', 'example_subdag_operator' retrieved from /mnt/d/Programming/Vietnamese-Text-Generator/airflow_env/lib/python3.10/site-packages/airflow/example_dags/example_subdag_operator.py
[2024-05-24T17:18:40.502+0700] {logging_mixin.py:188} INFO - [2024-05-24T17:18:40.499+0700] {dag.py:3096} INFO - Sync 3 DAGs
[2024-05-24T17:18:40.568+0700] {logging_mixin.py:188} INFO - [2024-05-24T17:18:40.566+0700] {dag.py:3954} INFO - Setting next_dagrun for example_subdag_operator to 2022-01-01 00:00:00+00:00, run_after=2022-01-01 00:00:00+00:00
[2024-05-24T17:18:40.586+0700] {logging_mixin.py:188} INFO - [2024-05-24T17:18:40.583+0700] {dag.py:3954} INFO - Setting next_dagrun for example_subdag_operator.section-1 to None, run_after=None
[2024-05-24T17:18:40.597+0700] {logging_mixin.py:188} INFO - [2024-05-24T17:18:40.594+0700] {dag.py:3954} INFO - Setting next_dagrun for example_subdag_operator.section-2 to None, run_after=None
[2024-05-24T17:18:40.642+0700] {logging_mixin.py:188} INFO - [2024-05-24T17:18:40.640+0700] {dag.py:3096} INFO - Sync 2 DAGs
[2024-05-24T17:18:40.658+0700] {logging_mixin.py:188} INFO - [2024-05-24T17:18:40.656+0700] {dag.py:3954} INFO - Setting next_dagrun for example_subdag_operator.section-1 to None, run_after=None
[2024-05-24T17:18:40.664+0700] {logging_mixin.py:188} INFO - [2024-05-24T17:18:40.661+0700] {dag.py:3954} INFO - Setting next_dagrun for example_subdag_operator.section-2 to None, run_after=None
[2024-05-24T17:18:40.799+0700] {processor.py:183} INFO - Processing /mnt/d/Programming/Vietnamese-Text-Generator/airflow_env/lib/python3.10/site-packages/airflow/example_dags/example_subdag_operator.py took 0.738 seconds
[2024-05-24T17:19:49.838+0700] {processor.py:161} INFO - Started process (PID=6632) to work on /mnt/d/Programming/Vietnamese-Text-Generator/airflow_env/lib/python3.10/site-packages/airflow/example_dags/example_subdag_operator.py
[2024-05-24T17:19:49.845+0700] {processor.py:830} INFO - Processing file /mnt/d/Programming/Vietnamese-Text-Generator/airflow_env/lib/python3.10/site-packages/airflow/example_dags/example_subdag_operator.py for tasks to queue
[2024-05-24T17:19:49.858+0700] {logging_mixin.py:188} INFO - [2024-05-24T17:19:49.854+0700] {dagbag.py:540} INFO - Filling up the DagBag from /mnt/d/Programming/Vietnamese-Text-Generator/airflow_env/lib/python3.10/site-packages/airflow/example_dags/example_subdag_operator.py
[2024-05-24T17:19:50.054+0700] {processor.py:840} INFO - DAG(s) 'example_subdag_operator.section-1', 'example_subdag_operator.section-2', 'example_subdag_operator' retrieved from /mnt/d/Programming/Vietnamese-Text-Generator/airflow_env/lib/python3.10/site-packages/airflow/example_dags/example_subdag_operator.py
[2024-05-24T17:19:50.144+0700] {logging_mixin.py:188} INFO - [2024-05-24T17:19:50.141+0700] {dag.py:3096} INFO - Sync 3 DAGs
[2024-05-24T17:19:50.229+0700] {logging_mixin.py:188} INFO - [2024-05-24T17:19:50.226+0700] {dag.py:3954} INFO - Setting next_dagrun for example_subdag_operator to 2022-01-01 00:00:00+00:00, run_after=2022-01-01 00:00:00+00:00
[2024-05-24T17:19:50.250+0700] {logging_mixin.py:188} INFO - [2024-05-24T17:19:50.247+0700] {dag.py:3954} INFO - Setting next_dagrun for example_subdag_operator.section-1 to None, run_after=None
[2024-05-24T17:19:50.265+0700] {logging_mixin.py:188} INFO - [2024-05-24T17:19:50.262+0700] {dag.py:3954} INFO - Setting next_dagrun for example_subdag_operator.section-2 to None, run_after=None
[2024-05-24T17:19:50.325+0700] {logging_mixin.py:188} INFO - [2024-05-24T17:19:50.322+0700] {dag.py:3096} INFO - Sync 2 DAGs
[2024-05-24T17:19:50.348+0700] {logging_mixin.py:188} INFO - [2024-05-24T17:19:50.343+0700] {dag.py:3954} INFO - Setting next_dagrun for example_subdag_operator.section-1 to None, run_after=None
[2024-05-24T17:19:50.355+0700] {logging_mixin.py:188} INFO - [2024-05-24T17:19:50.352+0700] {dag.py:3954} INFO - Setting next_dagrun for example_subdag_operator.section-2 to None, run_after=None
[2024-05-24T17:19:50.471+0700] {processor.py:183} INFO - Processing /mnt/d/Programming/Vietnamese-Text-Generator/airflow_env/lib/python3.10/site-packages/airflow/example_dags/example_subdag_operator.py took 0.679 seconds
[2024-05-24T17:20:59.596+0700] {processor.py:161} INFO - Started process (PID=6939) to work on /mnt/d/Programming/Vietnamese-Text-Generator/airflow_env/lib/python3.10/site-packages/airflow/example_dags/example_subdag_operator.py
[2024-05-24T17:20:59.605+0700] {processor.py:830} INFO - Processing file /mnt/d/Programming/Vietnamese-Text-Generator/airflow_env/lib/python3.10/site-packages/airflow/example_dags/example_subdag_operator.py for tasks to queue
[2024-05-24T17:20:59.616+0700] {logging_mixin.py:188} INFO - [2024-05-24T17:20:59.613+0700] {dagbag.py:540} INFO - Filling up the DagBag from /mnt/d/Programming/Vietnamese-Text-Generator/airflow_env/lib/python3.10/site-packages/airflow/example_dags/example_subdag_operator.py
[2024-05-24T17:20:59.801+0700] {processor.py:840} INFO - DAG(s) 'example_subdag_operator.section-1', 'example_subdag_operator.section-2', 'example_subdag_operator' retrieved from /mnt/d/Programming/Vietnamese-Text-Generator/airflow_env/lib/python3.10/site-packages/airflow/example_dags/example_subdag_operator.py
[2024-05-24T17:20:59.898+0700] {logging_mixin.py:188} INFO - [2024-05-24T17:20:59.896+0700] {dag.py:3096} INFO - Sync 3 DAGs
[2024-05-24T17:20:59.990+0700] {logging_mixin.py:188} INFO - [2024-05-24T17:20:59.986+0700] {dag.py:3954} INFO - Setting next_dagrun for example_subdag_operator to 2022-01-01 00:00:00+00:00, run_after=2022-01-01 00:00:00+00:00
[2024-05-24T17:21:00.029+0700] {logging_mixin.py:188} INFO - [2024-05-24T17:21:00.025+0700] {dag.py:3954} INFO - Setting next_dagrun for example_subdag_operator.section-1 to None, run_after=None
[2024-05-24T17:21:00.040+0700] {logging_mixin.py:188} INFO - [2024-05-24T17:21:00.038+0700] {dag.py:3954} INFO - Setting next_dagrun for example_subdag_operator.section-2 to None, run_after=None
[2024-05-24T17:21:00.088+0700] {logging_mixin.py:188} INFO - [2024-05-24T17:21:00.085+0700] {dag.py:3096} INFO - Sync 2 DAGs
[2024-05-24T17:21:00.103+0700] {logging_mixin.py:188} INFO - [2024-05-24T17:21:00.100+0700] {dag.py:3954} INFO - Setting next_dagrun for example_subdag_operator.section-1 to None, run_after=None
[2024-05-24T17:21:00.107+0700] {logging_mixin.py:188} INFO - [2024-05-24T17:21:00.105+0700] {dag.py:3954} INFO - Setting next_dagrun for example_subdag_operator.section-2 to None, run_after=None
[2024-05-24T17:21:00.185+0700] {processor.py:183} INFO - Processing /mnt/d/Programming/Vietnamese-Text-Generator/airflow_env/lib/python3.10/site-packages/airflow/example_dags/example_subdag_operator.py took 0.653 seconds
[2024-05-24T17:22:03.576+0700] {processor.py:161} INFO - Started process (PID=7216) to work on /mnt/d/Programming/Vietnamese-Text-Generator/airflow_env/lib/python3.10/site-packages/airflow/example_dags/example_subdag_operator.py
[2024-05-24T17:22:03.582+0700] {processor.py:830} INFO - Processing file /mnt/d/Programming/Vietnamese-Text-Generator/airflow_env/lib/python3.10/site-packages/airflow/example_dags/example_subdag_operator.py for tasks to queue
[2024-05-24T17:22:03.595+0700] {logging_mixin.py:188} INFO - [2024-05-24T17:22:03.592+0700] {dagbag.py:540} INFO - Filling up the DagBag from /mnt/d/Programming/Vietnamese-Text-Generator/airflow_env/lib/python3.10/site-packages/airflow/example_dags/example_subdag_operator.py
[2024-05-24T17:22:03.806+0700] {processor.py:840} INFO - DAG(s) 'example_subdag_operator.section-1', 'example_subdag_operator.section-2', 'example_subdag_operator' retrieved from /mnt/d/Programming/Vietnamese-Text-Generator/airflow_env/lib/python3.10/site-packages/airflow/example_dags/example_subdag_operator.py
[2024-05-24T17:22:03.905+0700] {logging_mixin.py:188} INFO - [2024-05-24T17:22:03.902+0700] {dag.py:3096} INFO - Sync 3 DAGs
[2024-05-24T17:22:03.989+0700] {logging_mixin.py:188} INFO - [2024-05-24T17:22:03.985+0700] {dag.py:3954} INFO - Setting next_dagrun for example_subdag_operator to 2022-01-01 00:00:00+00:00, run_after=2022-01-01 00:00:00+00:00
[2024-05-24T17:22:04.011+0700] {logging_mixin.py:188} INFO - [2024-05-24T17:22:04.007+0700] {dag.py:3954} INFO - Setting next_dagrun for example_subdag_operator.section-1 to None, run_after=None
[2024-05-24T17:22:04.026+0700] {logging_mixin.py:188} INFO - [2024-05-24T17:22:04.022+0700] {dag.py:3954} INFO - Setting next_dagrun for example_subdag_operator.section-2 to None, run_after=None
[2024-05-24T17:22:04.097+0700] {logging_mixin.py:188} INFO - [2024-05-24T17:22:04.090+0700] {dag.py:3096} INFO - Sync 2 DAGs
[2024-05-24T17:22:04.115+0700] {logging_mixin.py:188} INFO - [2024-05-24T17:22:04.111+0700] {dag.py:3954} INFO - Setting next_dagrun for example_subdag_operator.section-1 to None, run_after=None
[2024-05-24T17:22:04.123+0700] {logging_mixin.py:188} INFO - [2024-05-24T17:22:04.119+0700] {dag.py:3954} INFO - Setting next_dagrun for example_subdag_operator.section-2 to None, run_after=None
[2024-05-24T17:22:04.292+0700] {processor.py:183} INFO - Processing /mnt/d/Programming/Vietnamese-Text-Generator/airflow_env/lib/python3.10/site-packages/airflow/example_dags/example_subdag_operator.py took 0.763 seconds
[2024-05-24T17:23:10.396+0700] {processor.py:161} INFO - Started process (PID=7509) to work on /mnt/d/Programming/Vietnamese-Text-Generator/airflow_env/lib/python3.10/site-packages/airflow/example_dags/example_subdag_operator.py
[2024-05-24T17:23:10.403+0700] {processor.py:830} INFO - Processing file /mnt/d/Programming/Vietnamese-Text-Generator/airflow_env/lib/python3.10/site-packages/airflow/example_dags/example_subdag_operator.py for tasks to queue
[2024-05-24T17:23:10.417+0700] {logging_mixin.py:188} INFO - [2024-05-24T17:23:10.413+0700] {dagbag.py:540} INFO - Filling up the DagBag from /mnt/d/Programming/Vietnamese-Text-Generator/airflow_env/lib/python3.10/site-packages/airflow/example_dags/example_subdag_operator.py
[2024-05-24T17:23:10.648+0700] {processor.py:840} INFO - DAG(s) 'example_subdag_operator.section-1', 'example_subdag_operator.section-2', 'example_subdag_operator' retrieved from /mnt/d/Programming/Vietnamese-Text-Generator/airflow_env/lib/python3.10/site-packages/airflow/example_dags/example_subdag_operator.py
[2024-05-24T17:23:10.747+0700] {logging_mixin.py:188} INFO - [2024-05-24T17:23:10.744+0700] {dag.py:3096} INFO - Sync 3 DAGs
[2024-05-24T17:23:10.810+0700] {logging_mixin.py:188} INFO - [2024-05-24T17:23:10.808+0700] {dag.py:3954} INFO - Setting next_dagrun for example_subdag_operator to 2022-01-01 00:00:00+00:00, run_after=2022-01-01 00:00:00+00:00
[2024-05-24T17:23:10.821+0700] {logging_mixin.py:188} INFO - [2024-05-24T17:23:10.819+0700] {dag.py:3954} INFO - Setting next_dagrun for example_subdag_operator.section-1 to None, run_after=None
[2024-05-24T17:23:10.828+0700] {logging_mixin.py:188} INFO - [2024-05-24T17:23:10.827+0700] {dag.py:3954} INFO - Setting next_dagrun for example_subdag_operator.section-2 to None, run_after=None
[2024-05-24T17:23:10.854+0700] {logging_mixin.py:188} INFO - [2024-05-24T17:23:10.853+0700] {dag.py:3096} INFO - Sync 2 DAGs
[2024-05-24T17:23:10.866+0700] {logging_mixin.py:188} INFO - [2024-05-24T17:23:10.864+0700] {dag.py:3954} INFO - Setting next_dagrun for example_subdag_operator.section-1 to None, run_after=None
[2024-05-24T17:23:10.869+0700] {logging_mixin.py:188} INFO - [2024-05-24T17:23:10.867+0700] {dag.py:3954} INFO - Setting next_dagrun for example_subdag_operator.section-2 to None, run_after=None
[2024-05-24T17:23:10.932+0700] {processor.py:183} INFO - Processing /mnt/d/Programming/Vietnamese-Text-Generator/airflow_env/lib/python3.10/site-packages/airflow/example_dags/example_subdag_operator.py took 0.589 seconds
[2024-05-24T17:24:13.289+0700] {processor.py:161} INFO - Started process (PID=7785) to work on /mnt/d/Programming/Vietnamese-Text-Generator/airflow_env/lib/python3.10/site-packages/airflow/example_dags/example_subdag_operator.py
[2024-05-24T17:24:13.296+0700] {processor.py:830} INFO - Processing file /mnt/d/Programming/Vietnamese-Text-Generator/airflow_env/lib/python3.10/site-packages/airflow/example_dags/example_subdag_operator.py for tasks to queue
[2024-05-24T17:24:13.310+0700] {logging_mixin.py:188} INFO - [2024-05-24T17:24:13.306+0700] {dagbag.py:540} INFO - Filling up the DagBag from /mnt/d/Programming/Vietnamese-Text-Generator/airflow_env/lib/python3.10/site-packages/airflow/example_dags/example_subdag_operator.py
[2024-05-24T17:24:13.516+0700] {processor.py:840} INFO - DAG(s) 'example_subdag_operator.section-1', 'example_subdag_operator.section-2', 'example_subdag_operator' retrieved from /mnt/d/Programming/Vietnamese-Text-Generator/airflow_env/lib/python3.10/site-packages/airflow/example_dags/example_subdag_operator.py
[2024-05-24T17:24:13.624+0700] {logging_mixin.py:188} INFO - [2024-05-24T17:24:13.620+0700] {dag.py:3096} INFO - Sync 3 DAGs
[2024-05-24T17:24:13.721+0700] {logging_mixin.py:188} INFO - [2024-05-24T17:24:13.717+0700] {dag.py:3954} INFO - Setting next_dagrun for example_subdag_operator to 2022-01-01 00:00:00+00:00, run_after=2022-01-01 00:00:00+00:00
[2024-05-24T17:24:13.746+0700] {logging_mixin.py:188} INFO - [2024-05-24T17:24:13.743+0700] {dag.py:3954} INFO - Setting next_dagrun for example_subdag_operator.section-1 to None, run_after=None
[2024-05-24T17:24:13.762+0700] {logging_mixin.py:188} INFO - [2024-05-24T17:24:13.758+0700] {dag.py:3954} INFO - Setting next_dagrun for example_subdag_operator.section-2 to None, run_after=None
[2024-05-24T17:24:13.830+0700] {logging_mixin.py:188} INFO - [2024-05-24T17:24:13.826+0700] {dag.py:3096} INFO - Sync 2 DAGs
[2024-05-24T17:24:13.849+0700] {logging_mixin.py:188} INFO - [2024-05-24T17:24:13.845+0700] {dag.py:3954} INFO - Setting next_dagrun for example_subdag_operator.section-1 to None, run_after=None
[2024-05-24T17:24:13.858+0700] {logging_mixin.py:188} INFO - [2024-05-24T17:24:13.854+0700] {dag.py:3954} INFO - Setting next_dagrun for example_subdag_operator.section-2 to None, run_after=None
[2024-05-24T17:24:14.042+0700] {processor.py:183} INFO - Processing /mnt/d/Programming/Vietnamese-Text-Generator/airflow_env/lib/python3.10/site-packages/airflow/example_dags/example_subdag_operator.py took 0.796 seconds
[2024-05-24T17:47:00.606+0700] {processor.py:161} INFO - Started process (PID=8097) to work on /mnt/d/Programming/Vietnamese-Text-Generator/airflow_env/lib/python3.10/site-packages/airflow/example_dags/example_subdag_operator.py
[2024-05-24T17:47:00.609+0700] {processor.py:830} INFO - Processing file /mnt/d/Programming/Vietnamese-Text-Generator/airflow_env/lib/python3.10/site-packages/airflow/example_dags/example_subdag_operator.py for tasks to queue
[2024-05-24T17:47:00.613+0700] {logging_mixin.py:188} INFO - [2024-05-24T17:47:00.612+0700] {dagbag.py:540} INFO - Filling up the DagBag from /mnt/d/Programming/Vietnamese-Text-Generator/airflow_env/lib/python3.10/site-packages/airflow/example_dags/example_subdag_operator.py
[2024-05-24T17:47:00.672+0700] {processor.py:840} INFO - DAG(s) 'example_subdag_operator.section-1', 'example_subdag_operator.section-2', 'example_subdag_operator' retrieved from /mnt/d/Programming/Vietnamese-Text-Generator/airflow_env/lib/python3.10/site-packages/airflow/example_dags/example_subdag_operator.py
[2024-05-24T17:47:00.697+0700] {logging_mixin.py:188} INFO - [2024-05-24T17:47:00.696+0700] {dag.py:3096} INFO - Sync 3 DAGs
[2024-05-24T17:47:00.722+0700] {logging_mixin.py:188} INFO - [2024-05-24T17:47:00.721+0700] {dag.py:3954} INFO - Setting next_dagrun for example_subdag_operator to 2022-01-01 00:00:00+00:00, run_after=2022-01-01 00:00:00+00:00
[2024-05-24T17:47:00.727+0700] {logging_mixin.py:188} INFO - [2024-05-24T17:47:00.726+0700] {dag.py:3954} INFO - Setting next_dagrun for example_subdag_operator.section-1 to None, run_after=None
[2024-05-24T17:47:00.732+0700] {logging_mixin.py:188} INFO - [2024-05-24T17:47:00.731+0700] {dag.py:3954} INFO - Setting next_dagrun for example_subdag_operator.section-2 to None, run_after=None
[2024-05-24T17:47:00.749+0700] {logging_mixin.py:188} INFO - [2024-05-24T17:47:00.748+0700] {dag.py:3096} INFO - Sync 2 DAGs
[2024-05-24T17:47:00.755+0700] {logging_mixin.py:188} INFO - [2024-05-24T17:47:00.754+0700] {dag.py:3954} INFO - Setting next_dagrun for example_subdag_operator.section-1 to None, run_after=None
[2024-05-24T17:47:00.757+0700] {logging_mixin.py:188} INFO - [2024-05-24T17:47:00.756+0700] {dag.py:3954} INFO - Setting next_dagrun for example_subdag_operator.section-2 to None, run_after=None
[2024-05-24T17:47:00.801+0700] {processor.py:183} INFO - Processing /mnt/d/Programming/Vietnamese-Text-Generator/airflow_env/lib/python3.10/site-packages/airflow/example_dags/example_subdag_operator.py took 0.207 seconds
[2024-05-24T17:48:10.175+0700] {processor.py:161} INFO - Started process (PID=8430) to work on /mnt/d/Programming/Vietnamese-Text-Generator/airflow_env/lib/python3.10/site-packages/airflow/example_dags/example_subdag_operator.py
[2024-05-24T17:48:10.181+0700] {processor.py:830} INFO - Processing file /mnt/d/Programming/Vietnamese-Text-Generator/airflow_env/lib/python3.10/site-packages/airflow/example_dags/example_subdag_operator.py for tasks to queue
[2024-05-24T17:48:10.194+0700] {logging_mixin.py:188} INFO - [2024-05-24T17:48:10.191+0700] {dagbag.py:540} INFO - Filling up the DagBag from /mnt/d/Programming/Vietnamese-Text-Generator/airflow_env/lib/python3.10/site-packages/airflow/example_dags/example_subdag_operator.py
[2024-05-24T17:48:10.340+0700] {processor.py:840} INFO - DAG(s) 'example_subdag_operator.section-1', 'example_subdag_operator.section-2', 'example_subdag_operator' retrieved from /mnt/d/Programming/Vietnamese-Text-Generator/airflow_env/lib/python3.10/site-packages/airflow/example_dags/example_subdag_operator.py
[2024-05-24T17:48:10.406+0700] {logging_mixin.py:188} INFO - [2024-05-24T17:48:10.404+0700] {dag.py:3096} INFO - Sync 3 DAGs
[2024-05-24T17:48:10.465+0700] {logging_mixin.py:188} INFO - [2024-05-24T17:48:10.463+0700] {dag.py:3954} INFO - Setting next_dagrun for example_subdag_operator to 2022-01-01 00:00:00+00:00, run_after=2022-01-01 00:00:00+00:00
[2024-05-24T17:48:10.480+0700] {logging_mixin.py:188} INFO - [2024-05-24T17:48:10.478+0700] {dag.py:3954} INFO - Setting next_dagrun for example_subdag_operator.section-1 to None, run_after=None
[2024-05-24T17:48:10.490+0700] {logging_mixin.py:188} INFO - [2024-05-24T17:48:10.488+0700] {dag.py:3954} INFO - Setting next_dagrun for example_subdag_operator.section-2 to None, run_after=None
[2024-05-24T17:48:10.529+0700] {logging_mixin.py:188} INFO - [2024-05-24T17:48:10.527+0700] {dag.py:3096} INFO - Sync 2 DAGs
[2024-05-24T17:48:10.542+0700] {logging_mixin.py:188} INFO - [2024-05-24T17:48:10.540+0700] {dag.py:3954} INFO - Setting next_dagrun for example_subdag_operator.section-1 to None, run_after=None
[2024-05-24T17:48:10.547+0700] {logging_mixin.py:188} INFO - [2024-05-24T17:48:10.545+0700] {dag.py:3954} INFO - Setting next_dagrun for example_subdag_operator.section-2 to None, run_after=None
[2024-05-24T17:48:10.659+0700] {processor.py:183} INFO - Processing /mnt/d/Programming/Vietnamese-Text-Generator/airflow_env/lib/python3.10/site-packages/airflow/example_dags/example_subdag_operator.py took 0.552 seconds
[2024-05-24T17:49:15.294+0700] {processor.py:161} INFO - Started process (PID=8713) to work on /mnt/d/Programming/Vietnamese-Text-Generator/airflow_env/lib/python3.10/site-packages/airflow/example_dags/example_subdag_operator.py
[2024-05-24T17:49:15.300+0700] {processor.py:830} INFO - Processing file /mnt/d/Programming/Vietnamese-Text-Generator/airflow_env/lib/python3.10/site-packages/airflow/example_dags/example_subdag_operator.py for tasks to queue
[2024-05-24T17:49:15.313+0700] {logging_mixin.py:188} INFO - [2024-05-24T17:49:15.310+0700] {dagbag.py:540} INFO - Filling up the DagBag from /mnt/d/Programming/Vietnamese-Text-Generator/airflow_env/lib/python3.10/site-packages/airflow/example_dags/example_subdag_operator.py
[2024-05-24T17:49:15.498+0700] {processor.py:840} INFO - DAG(s) 'example_subdag_operator.section-1', 'example_subdag_operator.section-2', 'example_subdag_operator' retrieved from /mnt/d/Programming/Vietnamese-Text-Generator/airflow_env/lib/python3.10/site-packages/airflow/example_dags/example_subdag_operator.py
[2024-05-24T17:49:15.580+0700] {logging_mixin.py:188} INFO - [2024-05-24T17:49:15.578+0700] {dag.py:3096} INFO - Sync 3 DAGs
[2024-05-24T17:49:15.656+0700] {logging_mixin.py:188} INFO - [2024-05-24T17:49:15.653+0700] {dag.py:3954} INFO - Setting next_dagrun for example_subdag_operator to 2022-01-01 00:00:00+00:00, run_after=2022-01-01 00:00:00+00:00
[2024-05-24T17:49:15.675+0700] {logging_mixin.py:188} INFO - [2024-05-24T17:49:15.672+0700] {dag.py:3954} INFO - Setting next_dagrun for example_subdag_operator.section-1 to None, run_after=None
[2024-05-24T17:49:15.688+0700] {logging_mixin.py:188} INFO - [2024-05-24T17:49:15.685+0700] {dag.py:3954} INFO - Setting next_dagrun for example_subdag_operator.section-2 to None, run_after=None
[2024-05-24T17:49:15.743+0700] {logging_mixin.py:188} INFO - [2024-05-24T17:49:15.740+0700] {dag.py:3096} INFO - Sync 2 DAGs
[2024-05-24T17:49:15.760+0700] {logging_mixin.py:188} INFO - [2024-05-24T17:49:15.756+0700] {dag.py:3954} INFO - Setting next_dagrun for example_subdag_operator.section-1 to None, run_after=None
[2024-05-24T17:49:15.766+0700] {logging_mixin.py:188} INFO - [2024-05-24T17:49:15.763+0700] {dag.py:3954} INFO - Setting next_dagrun for example_subdag_operator.section-2 to None, run_after=None
[2024-05-24T17:49:15.900+0700] {processor.py:183} INFO - Processing /mnt/d/Programming/Vietnamese-Text-Generator/airflow_env/lib/python3.10/site-packages/airflow/example_dags/example_subdag_operator.py took 0.652 seconds
[2024-05-24T17:50:18.839+0700] {processor.py:161} INFO - Started process (PID=8994) to work on /mnt/d/Programming/Vietnamese-Text-Generator/airflow_env/lib/python3.10/site-packages/airflow/example_dags/example_subdag_operator.py
[2024-05-24T17:50:18.846+0700] {processor.py:830} INFO - Processing file /mnt/d/Programming/Vietnamese-Text-Generator/airflow_env/lib/python3.10/site-packages/airflow/example_dags/example_subdag_operator.py for tasks to queue
[2024-05-24T17:50:18.863+0700] {logging_mixin.py:188} INFO - [2024-05-24T17:50:18.859+0700] {dagbag.py:540} INFO - Filling up the DagBag from /mnt/d/Programming/Vietnamese-Text-Generator/airflow_env/lib/python3.10/site-packages/airflow/example_dags/example_subdag_operator.py
[2024-05-24T17:50:19.085+0700] {processor.py:840} INFO - DAG(s) 'example_subdag_operator.section-1', 'example_subdag_operator.section-2', 'example_subdag_operator' retrieved from /mnt/d/Programming/Vietnamese-Text-Generator/airflow_env/lib/python3.10/site-packages/airflow/example_dags/example_subdag_operator.py
[2024-05-24T17:50:19.173+0700] {logging_mixin.py:188} INFO - [2024-05-24T17:50:19.171+0700] {dag.py:3096} INFO - Sync 3 DAGs
[2024-05-24T17:50:19.257+0700] {logging_mixin.py:188} INFO - [2024-05-24T17:50:19.254+0700] {dag.py:3954} INFO - Setting next_dagrun for example_subdag_operator to 2022-01-01 00:00:00+00:00, run_after=2022-01-01 00:00:00+00:00
[2024-05-24T17:50:19.277+0700] {logging_mixin.py:188} INFO - [2024-05-24T17:50:19.274+0700] {dag.py:3954} INFO - Setting next_dagrun for example_subdag_operator.section-1 to None, run_after=None
[2024-05-24T17:50:19.289+0700] {logging_mixin.py:188} INFO - [2024-05-24T17:50:19.286+0700] {dag.py:3954} INFO - Setting next_dagrun for example_subdag_operator.section-2 to None, run_after=None
[2024-05-24T17:50:19.345+0700] {logging_mixin.py:188} INFO - [2024-05-24T17:50:19.342+0700] {dag.py:3096} INFO - Sync 2 DAGs
[2024-05-24T17:50:19.364+0700] {logging_mixin.py:188} INFO - [2024-05-24T17:50:19.361+0700] {dag.py:3954} INFO - Setting next_dagrun for example_subdag_operator.section-1 to None, run_after=None
[2024-05-24T17:50:19.371+0700] {logging_mixin.py:188} INFO - [2024-05-24T17:50:19.368+0700] {dag.py:3954} INFO - Setting next_dagrun for example_subdag_operator.section-2 to None, run_after=None
[2024-05-24T17:50:19.512+0700] {processor.py:183} INFO - Processing /mnt/d/Programming/Vietnamese-Text-Generator/airflow_env/lib/python3.10/site-packages/airflow/example_dags/example_subdag_operator.py took 0.716 seconds
[2024-05-24T17:51:25.893+0700] {processor.py:161} INFO - Started process (PID=9283) to work on /mnt/d/Programming/Vietnamese-Text-Generator/airflow_env/lib/python3.10/site-packages/airflow/example_dags/example_subdag_operator.py
[2024-05-24T17:51:25.904+0700] {processor.py:830} INFO - Processing file /mnt/d/Programming/Vietnamese-Text-Generator/airflow_env/lib/python3.10/site-packages/airflow/example_dags/example_subdag_operator.py for tasks to queue
[2024-05-24T17:51:25.918+0700] {logging_mixin.py:188} INFO - [2024-05-24T17:51:25.915+0700] {dagbag.py:540} INFO - Filling up the DagBag from /mnt/d/Programming/Vietnamese-Text-Generator/airflow_env/lib/python3.10/site-packages/airflow/example_dags/example_subdag_operator.py
[2024-05-24T17:51:26.112+0700] {processor.py:840} INFO - DAG(s) 'example_subdag_operator.section-1', 'example_subdag_operator.section-2', 'example_subdag_operator' retrieved from /mnt/d/Programming/Vietnamese-Text-Generator/airflow_env/lib/python3.10/site-packages/airflow/example_dags/example_subdag_operator.py
[2024-05-24T17:51:26.208+0700] {logging_mixin.py:188} INFO - [2024-05-24T17:51:26.204+0700] {dag.py:3096} INFO - Sync 3 DAGs
[2024-05-24T17:51:26.291+0700] {logging_mixin.py:188} INFO - [2024-05-24T17:51:26.287+0700] {dag.py:3954} INFO - Setting next_dagrun for example_subdag_operator to 2022-01-01 00:00:00+00:00, run_after=2022-01-01 00:00:00+00:00
[2024-05-24T17:51:26.312+0700] {logging_mixin.py:188} INFO - [2024-05-24T17:51:26.309+0700] {dag.py:3954} INFO - Setting next_dagrun for example_subdag_operator.section-1 to None, run_after=None
[2024-05-24T17:51:26.327+0700] {logging_mixin.py:188} INFO - [2024-05-24T17:51:26.324+0700] {dag.py:3954} INFO - Setting next_dagrun for example_subdag_operator.section-2 to None, run_after=None
[2024-05-24T17:51:26.388+0700] {logging_mixin.py:188} INFO - [2024-05-24T17:51:26.384+0700] {dag.py:3096} INFO - Sync 2 DAGs
[2024-05-24T17:51:26.405+0700] {logging_mixin.py:188} INFO - [2024-05-24T17:51:26.401+0700] {dag.py:3954} INFO - Setting next_dagrun for example_subdag_operator.section-1 to None, run_after=None
[2024-05-24T17:51:26.413+0700] {logging_mixin.py:188} INFO - [2024-05-24T17:51:26.409+0700] {dag.py:3954} INFO - Setting next_dagrun for example_subdag_operator.section-2 to None, run_after=None
[2024-05-24T17:51:26.570+0700] {processor.py:183} INFO - Processing /mnt/d/Programming/Vietnamese-Text-Generator/airflow_env/lib/python3.10/site-packages/airflow/example_dags/example_subdag_operator.py took 0.721 seconds
[2024-05-24T17:52:37.199+0700] {processor.py:161} INFO - Started process (PID=9600) to work on /mnt/d/Programming/Vietnamese-Text-Generator/airflow_env/lib/python3.10/site-packages/airflow/example_dags/example_subdag_operator.py
[2024-05-24T17:52:37.205+0700] {processor.py:830} INFO - Processing file /mnt/d/Programming/Vietnamese-Text-Generator/airflow_env/lib/python3.10/site-packages/airflow/example_dags/example_subdag_operator.py for tasks to queue
[2024-05-24T17:52:37.216+0700] {logging_mixin.py:188} INFO - [2024-05-24T17:52:37.213+0700] {dagbag.py:540} INFO - Filling up the DagBag from /mnt/d/Programming/Vietnamese-Text-Generator/airflow_env/lib/python3.10/site-packages/airflow/example_dags/example_subdag_operator.py
[2024-05-24T17:52:37.393+0700] {processor.py:840} INFO - DAG(s) 'example_subdag_operator.section-1', 'example_subdag_operator.section-2', 'example_subdag_operator' retrieved from /mnt/d/Programming/Vietnamese-Text-Generator/airflow_env/lib/python3.10/site-packages/airflow/example_dags/example_subdag_operator.py
[2024-05-24T17:52:37.483+0700] {logging_mixin.py:188} INFO - [2024-05-24T17:52:37.480+0700] {dag.py:3096} INFO - Sync 3 DAGs
[2024-05-24T17:52:37.579+0700] {logging_mixin.py:188} INFO - [2024-05-24T17:52:37.576+0700] {dag.py:3954} INFO - Setting next_dagrun for example_subdag_operator to 2022-01-01 00:00:00+00:00, run_after=2022-01-01 00:00:00+00:00
[2024-05-24T17:52:37.602+0700] {logging_mixin.py:188} INFO - [2024-05-24T17:52:37.598+0700] {dag.py:3954} INFO - Setting next_dagrun for example_subdag_operator.section-1 to None, run_after=None
[2024-05-24T17:52:37.617+0700] {logging_mixin.py:188} INFO - [2024-05-24T17:52:37.613+0700] {dag.py:3954} INFO - Setting next_dagrun for example_subdag_operator.section-2 to None, run_after=None
[2024-05-24T17:52:37.678+0700] {logging_mixin.py:188} INFO - [2024-05-24T17:52:37.675+0700] {dag.py:3096} INFO - Sync 2 DAGs
[2024-05-24T17:52:37.697+0700] {logging_mixin.py:188} INFO - [2024-05-24T17:52:37.693+0700] {dag.py:3954} INFO - Setting next_dagrun for example_subdag_operator.section-1 to None, run_after=None
[2024-05-24T17:52:37.704+0700] {logging_mixin.py:188} INFO - [2024-05-24T17:52:37.701+0700] {dag.py:3954} INFO - Setting next_dagrun for example_subdag_operator.section-2 to None, run_after=None
[2024-05-24T17:52:37.855+0700] {processor.py:183} INFO - Processing /mnt/d/Programming/Vietnamese-Text-Generator/airflow_env/lib/python3.10/site-packages/airflow/example_dags/example_subdag_operator.py took 0.694 seconds
[2024-05-24T17:53:45.192+0700] {processor.py:161} INFO - Started process (PID=9894) to work on /mnt/d/Programming/Vietnamese-Text-Generator/airflow_env/lib/python3.10/site-packages/airflow/example_dags/example_subdag_operator.py
[2024-05-24T17:53:45.199+0700] {processor.py:830} INFO - Processing file /mnt/d/Programming/Vietnamese-Text-Generator/airflow_env/lib/python3.10/site-packages/airflow/example_dags/example_subdag_operator.py for tasks to queue
[2024-05-24T17:53:45.213+0700] {logging_mixin.py:188} INFO - [2024-05-24T17:53:45.209+0700] {dagbag.py:540} INFO - Filling up the DagBag from /mnt/d/Programming/Vietnamese-Text-Generator/airflow_env/lib/python3.10/site-packages/airflow/example_dags/example_subdag_operator.py
[2024-05-24T17:53:45.406+0700] {processor.py:840} INFO - DAG(s) 'example_subdag_operator.section-1', 'example_subdag_operator.section-2', 'example_subdag_operator' retrieved from /mnt/d/Programming/Vietnamese-Text-Generator/airflow_env/lib/python3.10/site-packages/airflow/example_dags/example_subdag_operator.py
[2024-05-24T17:53:45.477+0700] {logging_mixin.py:188} INFO - [2024-05-24T17:53:45.474+0700] {dag.py:3096} INFO - Sync 3 DAGs
[2024-05-24T17:53:45.537+0700] {logging_mixin.py:188} INFO - [2024-05-24T17:53:45.534+0700] {dag.py:3954} INFO - Setting next_dagrun for example_subdag_operator to 2022-01-01 00:00:00+00:00, run_after=2022-01-01 00:00:00+00:00
[2024-05-24T17:53:45.554+0700] {logging_mixin.py:188} INFO - [2024-05-24T17:53:45.551+0700] {dag.py:3954} INFO - Setting next_dagrun for example_subdag_operator.section-1 to None, run_after=None
[2024-05-24T17:53:45.565+0700] {logging_mixin.py:188} INFO - [2024-05-24T17:53:45.563+0700] {dag.py:3954} INFO - Setting next_dagrun for example_subdag_operator.section-2 to None, run_after=None
[2024-05-24T17:53:45.614+0700] {logging_mixin.py:188} INFO - [2024-05-24T17:53:45.609+0700] {dag.py:3096} INFO - Sync 2 DAGs
[2024-05-24T17:53:45.628+0700] {logging_mixin.py:188} INFO - [2024-05-24T17:53:45.625+0700] {dag.py:3954} INFO - Setting next_dagrun for example_subdag_operator.section-1 to None, run_after=None
[2024-05-24T17:53:45.634+0700] {logging_mixin.py:188} INFO - [2024-05-24T17:53:45.631+0700] {dag.py:3954} INFO - Setting next_dagrun for example_subdag_operator.section-2 to None, run_after=None
[2024-05-24T17:53:45.761+0700] {processor.py:183} INFO - Processing /mnt/d/Programming/Vietnamese-Text-Generator/airflow_env/lib/python3.10/site-packages/airflow/example_dags/example_subdag_operator.py took 0.614 seconds
[2024-05-24T17:54:54.682+0700] {processor.py:161} INFO - Started process (PID=10197) to work on /mnt/d/Programming/Vietnamese-Text-Generator/airflow_env/lib/python3.10/site-packages/airflow/example_dags/example_subdag_operator.py
[2024-05-24T17:54:54.688+0700] {processor.py:830} INFO - Processing file /mnt/d/Programming/Vietnamese-Text-Generator/airflow_env/lib/python3.10/site-packages/airflow/example_dags/example_subdag_operator.py for tasks to queue
[2024-05-24T17:54:54.700+0700] {logging_mixin.py:188} INFO - [2024-05-24T17:54:54.697+0700] {dagbag.py:540} INFO - Filling up the DagBag from /mnt/d/Programming/Vietnamese-Text-Generator/airflow_env/lib/python3.10/site-packages/airflow/example_dags/example_subdag_operator.py
[2024-05-24T17:54:54.906+0700] {processor.py:840} INFO - DAG(s) 'example_subdag_operator.section-1', 'example_subdag_operator.section-2', 'example_subdag_operator' retrieved from /mnt/d/Programming/Vietnamese-Text-Generator/airflow_env/lib/python3.10/site-packages/airflow/example_dags/example_subdag_operator.py
[2024-05-24T17:54:54.989+0700] {logging_mixin.py:188} INFO - [2024-05-24T17:54:54.986+0700] {dag.py:3096} INFO - Sync 3 DAGs
[2024-05-24T17:54:55.074+0700] {logging_mixin.py:188} INFO - [2024-05-24T17:54:55.070+0700] {dag.py:3954} INFO - Setting next_dagrun for example_subdag_operator to 2022-01-01 00:00:00+00:00, run_after=2022-01-01 00:00:00+00:00
[2024-05-24T17:54:55.097+0700] {logging_mixin.py:188} INFO - [2024-05-24T17:54:55.094+0700] {dag.py:3954} INFO - Setting next_dagrun for example_subdag_operator.section-1 to None, run_after=None
[2024-05-24T17:54:55.112+0700] {logging_mixin.py:188} INFO - [2024-05-24T17:54:55.108+0700] {dag.py:3954} INFO - Setting next_dagrun for example_subdag_operator.section-2 to None, run_after=None
[2024-05-24T17:54:55.169+0700] {logging_mixin.py:188} INFO - [2024-05-24T17:54:55.165+0700] {dag.py:3096} INFO - Sync 2 DAGs
[2024-05-24T17:54:55.187+0700] {logging_mixin.py:188} INFO - [2024-05-24T17:54:55.183+0700] {dag.py:3954} INFO - Setting next_dagrun for example_subdag_operator.section-1 to None, run_after=None
[2024-05-24T17:54:55.194+0700] {logging_mixin.py:188} INFO - [2024-05-24T17:54:55.191+0700] {dag.py:3954} INFO - Setting next_dagrun for example_subdag_operator.section-2 to None, run_after=None
[2024-05-24T17:54:55.360+0700] {processor.py:183} INFO - Processing /mnt/d/Programming/Vietnamese-Text-Generator/airflow_env/lib/python3.10/site-packages/airflow/example_dags/example_subdag_operator.py took 0.722 seconds
[2024-05-24T17:56:03.291+0700] {processor.py:161} INFO - Started process (PID=10497) to work on /mnt/d/Programming/Vietnamese-Text-Generator/airflow_env/lib/python3.10/site-packages/airflow/example_dags/example_subdag_operator.py
[2024-05-24T17:56:03.297+0700] {processor.py:830} INFO - Processing file /mnt/d/Programming/Vietnamese-Text-Generator/airflow_env/lib/python3.10/site-packages/airflow/example_dags/example_subdag_operator.py for tasks to queue
[2024-05-24T17:56:03.310+0700] {logging_mixin.py:188} INFO - [2024-05-24T17:56:03.307+0700] {dagbag.py:540} INFO - Filling up the DagBag from /mnt/d/Programming/Vietnamese-Text-Generator/airflow_env/lib/python3.10/site-packages/airflow/example_dags/example_subdag_operator.py
[2024-05-24T17:56:03.501+0700] {processor.py:840} INFO - DAG(s) 'example_subdag_operator.section-1', 'example_subdag_operator.section-2', 'example_subdag_operator' retrieved from /mnt/d/Programming/Vietnamese-Text-Generator/airflow_env/lib/python3.10/site-packages/airflow/example_dags/example_subdag_operator.py
[2024-05-24T17:56:03.595+0700] {logging_mixin.py:188} INFO - [2024-05-24T17:56:03.591+0700] {dag.py:3096} INFO - Sync 3 DAGs
[2024-05-24T17:56:03.665+0700] {logging_mixin.py:188} INFO - [2024-05-24T17:56:03.662+0700] {dag.py:3954} INFO - Setting next_dagrun for example_subdag_operator to 2022-01-01 00:00:00+00:00, run_after=2022-01-01 00:00:00+00:00
[2024-05-24T17:56:03.682+0700] {logging_mixin.py:188} INFO - [2024-05-24T17:56:03.679+0700] {dag.py:3954} INFO - Setting next_dagrun for example_subdag_operator.section-1 to None, run_after=None
[2024-05-24T17:56:03.694+0700] {logging_mixin.py:188} INFO - [2024-05-24T17:56:03.691+0700] {dag.py:3954} INFO - Setting next_dagrun for example_subdag_operator.section-2 to None, run_after=None
[2024-05-24T17:56:03.742+0700] {logging_mixin.py:188} INFO - [2024-05-24T17:56:03.740+0700] {dag.py:3096} INFO - Sync 2 DAGs
[2024-05-24T17:56:03.756+0700] {logging_mixin.py:188} INFO - [2024-05-24T17:56:03.753+0700] {dag.py:3954} INFO - Setting next_dagrun for example_subdag_operator.section-1 to None, run_after=None
[2024-05-24T17:56:03.761+0700] {logging_mixin.py:188} INFO - [2024-05-24T17:56:03.759+0700] {dag.py:3954} INFO - Setting next_dagrun for example_subdag_operator.section-2 to None, run_after=None
[2024-05-24T17:56:03.891+0700] {processor.py:183} INFO - Processing /mnt/d/Programming/Vietnamese-Text-Generator/airflow_env/lib/python3.10/site-packages/airflow/example_dags/example_subdag_operator.py took 0.644 seconds
[2024-05-24T17:57:13.262+0700] {processor.py:161} INFO - Started process (PID=10802) to work on /mnt/d/Programming/Vietnamese-Text-Generator/airflow_env/lib/python3.10/site-packages/airflow/example_dags/example_subdag_operator.py
[2024-05-24T17:57:13.268+0700] {processor.py:830} INFO - Processing file /mnt/d/Programming/Vietnamese-Text-Generator/airflow_env/lib/python3.10/site-packages/airflow/example_dags/example_subdag_operator.py for tasks to queue
[2024-05-24T17:57:13.281+0700] {logging_mixin.py:188} INFO - [2024-05-24T17:57:13.278+0700] {dagbag.py:540} INFO - Filling up the DagBag from /mnt/d/Programming/Vietnamese-Text-Generator/airflow_env/lib/python3.10/site-packages/airflow/example_dags/example_subdag_operator.py
[2024-05-24T17:57:13.466+0700] {processor.py:840} INFO - DAG(s) 'example_subdag_operator.section-1', 'example_subdag_operator.section-2', 'example_subdag_operator' retrieved from /mnt/d/Programming/Vietnamese-Text-Generator/airflow_env/lib/python3.10/site-packages/airflow/example_dags/example_subdag_operator.py
[2024-05-24T17:57:13.553+0700] {logging_mixin.py:188} INFO - [2024-05-24T17:57:13.550+0700] {dag.py:3096} INFO - Sync 3 DAGs
[2024-05-24T17:57:13.608+0700] {logging_mixin.py:188} INFO - [2024-05-24T17:57:13.606+0700] {dag.py:3954} INFO - Setting next_dagrun for example_subdag_operator to 2022-01-01 00:00:00+00:00, run_after=2022-01-01 00:00:00+00:00
[2024-05-24T17:57:13.618+0700] {logging_mixin.py:188} INFO - [2024-05-24T17:57:13.617+0700] {dag.py:3954} INFO - Setting next_dagrun for example_subdag_operator.section-1 to None, run_after=None
[2024-05-24T17:57:13.625+0700] {logging_mixin.py:188} INFO - [2024-05-24T17:57:13.623+0700] {dag.py:3954} INFO - Setting next_dagrun for example_subdag_operator.section-2 to None, run_after=None
[2024-05-24T17:57:13.650+0700] {logging_mixin.py:188} INFO - [2024-05-24T17:57:13.649+0700] {dag.py:3096} INFO - Sync 2 DAGs
[2024-05-24T17:57:13.659+0700] {logging_mixin.py:188} INFO - [2024-05-24T17:57:13.658+0700] {dag.py:3954} INFO - Setting next_dagrun for example_subdag_operator.section-1 to None, run_after=None
[2024-05-24T17:57:13.663+0700] {logging_mixin.py:188} INFO - [2024-05-24T17:57:13.661+0700] {dag.py:3954} INFO - Setting next_dagrun for example_subdag_operator.section-2 to None, run_after=None
[2024-05-24T17:57:13.715+0700] {processor.py:183} INFO - Processing /mnt/d/Programming/Vietnamese-Text-Generator/airflow_env/lib/python3.10/site-packages/airflow/example_dags/example_subdag_operator.py took 0.497 seconds
[2024-05-24T17:58:23.574+0700] {processor.py:161} INFO - Started process (PID=11107) to work on /mnt/d/Programming/Vietnamese-Text-Generator/airflow_env/lib/python3.10/site-packages/airflow/example_dags/example_subdag_operator.py
[2024-05-24T17:58:23.580+0700] {processor.py:830} INFO - Processing file /mnt/d/Programming/Vietnamese-Text-Generator/airflow_env/lib/python3.10/site-packages/airflow/example_dags/example_subdag_operator.py for tasks to queue
[2024-05-24T17:58:23.592+0700] {logging_mixin.py:188} INFO - [2024-05-24T17:58:23.588+0700] {dagbag.py:540} INFO - Filling up the DagBag from /mnt/d/Programming/Vietnamese-Text-Generator/airflow_env/lib/python3.10/site-packages/airflow/example_dags/example_subdag_operator.py
[2024-05-24T17:58:23.769+0700] {processor.py:840} INFO - DAG(s) 'example_subdag_operator.section-1', 'example_subdag_operator.section-2', 'example_subdag_operator' retrieved from /mnt/d/Programming/Vietnamese-Text-Generator/airflow_env/lib/python3.10/site-packages/airflow/example_dags/example_subdag_operator.py
[2024-05-24T17:58:23.857+0700] {logging_mixin.py:188} INFO - [2024-05-24T17:58:23.854+0700] {dag.py:3096} INFO - Sync 3 DAGs
[2024-05-24T17:58:23.933+0700] {logging_mixin.py:188} INFO - [2024-05-24T17:58:23.930+0700] {dag.py:3954} INFO - Setting next_dagrun for example_subdag_operator to 2022-01-01 00:00:00+00:00, run_after=2022-01-01 00:00:00+00:00
[2024-05-24T17:58:23.952+0700] {logging_mixin.py:188} INFO - [2024-05-24T17:58:23.949+0700] {dag.py:3954} INFO - Setting next_dagrun for example_subdag_operator.section-1 to None, run_after=None
[2024-05-24T17:58:23.964+0700] {logging_mixin.py:188} INFO - [2024-05-24T17:58:23.961+0700] {dag.py:3954} INFO - Setting next_dagrun for example_subdag_operator.section-2 to None, run_after=None
[2024-05-24T17:58:24.016+0700] {logging_mixin.py:188} INFO - [2024-05-24T17:58:24.013+0700] {dag.py:3096} INFO - Sync 2 DAGs
[2024-05-24T17:58:24.033+0700] {logging_mixin.py:188} INFO - [2024-05-24T17:58:24.030+0700] {dag.py:3954} INFO - Setting next_dagrun for example_subdag_operator.section-1 to None, run_after=None
[2024-05-24T17:58:24.039+0700] {logging_mixin.py:188} INFO - [2024-05-24T17:58:24.037+0700] {dag.py:3954} INFO - Setting next_dagrun for example_subdag_operator.section-2 to None, run_after=None
[2024-05-24T17:58:24.190+0700] {processor.py:183} INFO - Processing /mnt/d/Programming/Vietnamese-Text-Generator/airflow_env/lib/python3.10/site-packages/airflow/example_dags/example_subdag_operator.py took 0.657 seconds
[2024-05-24T17:59:30.461+0700] {processor.py:161} INFO - Started process (PID=11398) to work on /mnt/d/Programming/Vietnamese-Text-Generator/airflow_env/lib/python3.10/site-packages/airflow/example_dags/example_subdag_operator.py
[2024-05-24T17:59:30.467+0700] {processor.py:830} INFO - Processing file /mnt/d/Programming/Vietnamese-Text-Generator/airflow_env/lib/python3.10/site-packages/airflow/example_dags/example_subdag_operator.py for tasks to queue
[2024-05-24T17:59:30.480+0700] {logging_mixin.py:188} INFO - [2024-05-24T17:59:30.476+0700] {dagbag.py:540} INFO - Filling up the DagBag from /mnt/d/Programming/Vietnamese-Text-Generator/airflow_env/lib/python3.10/site-packages/airflow/example_dags/example_subdag_operator.py
[2024-05-24T17:59:30.692+0700] {processor.py:840} INFO - DAG(s) 'example_subdag_operator.section-1', 'example_subdag_operator.section-2', 'example_subdag_operator' retrieved from /mnt/d/Programming/Vietnamese-Text-Generator/airflow_env/lib/python3.10/site-packages/airflow/example_dags/example_subdag_operator.py
[2024-05-24T17:59:30.786+0700] {logging_mixin.py:188} INFO - [2024-05-24T17:59:30.782+0700] {dag.py:3096} INFO - Sync 3 DAGs
[2024-05-24T17:59:30.848+0700] {logging_mixin.py:188} INFO - [2024-05-24T17:59:30.845+0700] {dag.py:3954} INFO - Setting next_dagrun for example_subdag_operator to 2022-01-01 00:00:00+00:00, run_after=2022-01-01 00:00:00+00:00
[2024-05-24T17:59:30.862+0700] {logging_mixin.py:188} INFO - [2024-05-24T17:59:30.860+0700] {dag.py:3954} INFO - Setting next_dagrun for example_subdag_operator.section-1 to None, run_after=None
[2024-05-24T17:59:30.872+0700] {logging_mixin.py:188} INFO - [2024-05-24T17:59:30.870+0700] {dag.py:3954} INFO - Setting next_dagrun for example_subdag_operator.section-2 to None, run_after=None
[2024-05-24T17:59:30.912+0700] {logging_mixin.py:188} INFO - [2024-05-24T17:59:30.910+0700] {dag.py:3096} INFO - Sync 2 DAGs
[2024-05-24T17:59:30.929+0700] {logging_mixin.py:188} INFO - [2024-05-24T17:59:30.927+0700] {dag.py:3954} INFO - Setting next_dagrun for example_subdag_operator.section-1 to None, run_after=None
[2024-05-24T17:59:30.934+0700] {logging_mixin.py:188} INFO - [2024-05-24T17:59:30.932+0700] {dag.py:3954} INFO - Setting next_dagrun for example_subdag_operator.section-2 to None, run_after=None
[2024-05-24T17:59:31.046+0700] {processor.py:183} INFO - Processing /mnt/d/Programming/Vietnamese-Text-Generator/airflow_env/lib/python3.10/site-packages/airflow/example_dags/example_subdag_operator.py took 0.633 seconds
[2024-05-24T18:00:37.727+0700] {processor.py:161} INFO - Started process (PID=11690) to work on /mnt/d/Programming/Vietnamese-Text-Generator/airflow_env/lib/python3.10/site-packages/airflow/example_dags/example_subdag_operator.py
[2024-05-24T18:00:37.733+0700] {processor.py:830} INFO - Processing file /mnt/d/Programming/Vietnamese-Text-Generator/airflow_env/lib/python3.10/site-packages/airflow/example_dags/example_subdag_operator.py for tasks to queue
[2024-05-24T18:00:37.748+0700] {logging_mixin.py:188} INFO - [2024-05-24T18:00:37.744+0700] {dagbag.py:540} INFO - Filling up the DagBag from /mnt/d/Programming/Vietnamese-Text-Generator/airflow_env/lib/python3.10/site-packages/airflow/example_dags/example_subdag_operator.py
[2024-05-24T18:00:37.977+0700] {processor.py:840} INFO - DAG(s) 'example_subdag_operator.section-1', 'example_subdag_operator.section-2', 'example_subdag_operator' retrieved from /mnt/d/Programming/Vietnamese-Text-Generator/airflow_env/lib/python3.10/site-packages/airflow/example_dags/example_subdag_operator.py
[2024-05-24T18:00:38.082+0700] {logging_mixin.py:188} INFO - [2024-05-24T18:00:38.079+0700] {dag.py:3096} INFO - Sync 3 DAGs
[2024-05-24T18:00:38.195+0700] {logging_mixin.py:188} INFO - [2024-05-24T18:00:38.192+0700] {dag.py:3954} INFO - Setting next_dagrun for example_subdag_operator to 2022-01-01 00:00:00+00:00, run_after=2022-01-01 00:00:00+00:00
[2024-05-24T18:00:38.219+0700] {logging_mixin.py:188} INFO - [2024-05-24T18:00:38.216+0700] {dag.py:3954} INFO - Setting next_dagrun for example_subdag_operator.section-1 to None, run_after=None
[2024-05-24T18:00:38.233+0700] {logging_mixin.py:188} INFO - [2024-05-24T18:00:38.230+0700] {dag.py:3954} INFO - Setting next_dagrun for example_subdag_operator.section-2 to None, run_after=None
[2024-05-24T18:00:38.289+0700] {logging_mixin.py:188} INFO - [2024-05-24T18:00:38.287+0700] {dag.py:3096} INFO - Sync 2 DAGs
[2024-05-24T18:00:38.303+0700] {logging_mixin.py:188} INFO - [2024-05-24T18:00:38.302+0700] {dag.py:3954} INFO - Setting next_dagrun for example_subdag_operator.section-1 to None, run_after=None
[2024-05-24T18:00:38.307+0700] {logging_mixin.py:188} INFO - [2024-05-24T18:00:38.305+0700] {dag.py:3954} INFO - Setting next_dagrun for example_subdag_operator.section-2 to None, run_after=None
[2024-05-24T18:00:38.363+0700] {processor.py:183} INFO - Processing /mnt/d/Programming/Vietnamese-Text-Generator/airflow_env/lib/python3.10/site-packages/airflow/example_dags/example_subdag_operator.py took 0.685 seconds
[2024-05-24T18:01:48.514+0700] {processor.py:161} INFO - Started process (PID=12000) to work on /mnt/d/Programming/Vietnamese-Text-Generator/airflow_env/lib/python3.10/site-packages/airflow/example_dags/example_subdag_operator.py
[2024-05-24T18:01:48.519+0700] {processor.py:830} INFO - Processing file /mnt/d/Programming/Vietnamese-Text-Generator/airflow_env/lib/python3.10/site-packages/airflow/example_dags/example_subdag_operator.py for tasks to queue
[2024-05-24T18:01:48.528+0700] {logging_mixin.py:188} INFO - [2024-05-24T18:01:48.525+0700] {dagbag.py:540} INFO - Filling up the DagBag from /mnt/d/Programming/Vietnamese-Text-Generator/airflow_env/lib/python3.10/site-packages/airflow/example_dags/example_subdag_operator.py
[2024-05-24T18:01:48.671+0700] {processor.py:840} INFO - DAG(s) 'example_subdag_operator.section-1', 'example_subdag_operator.section-2', 'example_subdag_operator' retrieved from /mnt/d/Programming/Vietnamese-Text-Generator/airflow_env/lib/python3.10/site-packages/airflow/example_dags/example_subdag_operator.py
[2024-05-24T18:01:48.738+0700] {logging_mixin.py:188} INFO - [2024-05-24T18:01:48.736+0700] {dag.py:3096} INFO - Sync 3 DAGs
[2024-05-24T18:01:48.789+0700] {logging_mixin.py:188} INFO - [2024-05-24T18:01:48.788+0700] {dag.py:3954} INFO - Setting next_dagrun for example_subdag_operator to 2022-01-01 00:00:00+00:00, run_after=2022-01-01 00:00:00+00:00
[2024-05-24T18:01:48.803+0700] {logging_mixin.py:188} INFO - [2024-05-24T18:01:48.801+0700] {dag.py:3954} INFO - Setting next_dagrun for example_subdag_operator.section-1 to None, run_after=None
[2024-05-24T18:01:48.809+0700] {logging_mixin.py:188} INFO - [2024-05-24T18:01:48.808+0700] {dag.py:3954} INFO - Setting next_dagrun for example_subdag_operator.section-2 to None, run_after=None
[2024-05-24T18:01:48.846+0700] {logging_mixin.py:188} INFO - [2024-05-24T18:01:48.844+0700] {dag.py:3096} INFO - Sync 2 DAGs
[2024-05-24T18:01:48.861+0700] {logging_mixin.py:188} INFO - [2024-05-24T18:01:48.858+0700] {dag.py:3954} INFO - Setting next_dagrun for example_subdag_operator.section-1 to None, run_after=None
[2024-05-24T18:01:48.866+0700] {logging_mixin.py:188} INFO - [2024-05-24T18:01:48.864+0700] {dag.py:3954} INFO - Setting next_dagrun for example_subdag_operator.section-2 to None, run_after=None
[2024-05-24T18:01:48.981+0700] {processor.py:183} INFO - Processing /mnt/d/Programming/Vietnamese-Text-Generator/airflow_env/lib/python3.10/site-packages/airflow/example_dags/example_subdag_operator.py took 0.500 seconds
[2024-05-24T18:02:56.465+0700] {processor.py:161} INFO - Started process (PID=12299) to work on /mnt/d/Programming/Vietnamese-Text-Generator/airflow_env/lib/python3.10/site-packages/airflow/example_dags/example_subdag_operator.py
[2024-05-24T18:02:56.468+0700] {processor.py:830} INFO - Processing file /mnt/d/Programming/Vietnamese-Text-Generator/airflow_env/lib/python3.10/site-packages/airflow/example_dags/example_subdag_operator.py for tasks to queue
[2024-05-24T18:02:56.474+0700] {logging_mixin.py:188} INFO - [2024-05-24T18:02:56.473+0700] {dagbag.py:540} INFO - Filling up the DagBag from /mnt/d/Programming/Vietnamese-Text-Generator/airflow_env/lib/python3.10/site-packages/airflow/example_dags/example_subdag_operator.py
[2024-05-24T18:02:56.585+0700] {processor.py:840} INFO - DAG(s) 'example_subdag_operator.section-1', 'example_subdag_operator.section-2', 'example_subdag_operator' retrieved from /mnt/d/Programming/Vietnamese-Text-Generator/airflow_env/lib/python3.10/site-packages/airflow/example_dags/example_subdag_operator.py
[2024-05-24T18:02:56.657+0700] {logging_mixin.py:188} INFO - [2024-05-24T18:02:56.654+0700] {dag.py:3096} INFO - Sync 3 DAGs
[2024-05-24T18:02:56.767+0700] {logging_mixin.py:188} INFO - [2024-05-24T18:02:56.765+0700] {dag.py:3954} INFO - Setting next_dagrun for example_subdag_operator to 2022-01-01 00:00:00+00:00, run_after=2022-01-01 00:00:00+00:00
[2024-05-24T18:02:56.797+0700] {logging_mixin.py:188} INFO - [2024-05-24T18:02:56.795+0700] {dag.py:3954} INFO - Setting next_dagrun for example_subdag_operator.section-1 to None, run_after=None
[2024-05-24T18:02:56.812+0700] {logging_mixin.py:188} INFO - [2024-05-24T18:02:56.809+0700] {dag.py:3954} INFO - Setting next_dagrun for example_subdag_operator.section-2 to None, run_after=None
[2024-05-24T18:02:56.869+0700] {logging_mixin.py:188} INFO - [2024-05-24T18:02:56.867+0700] {dag.py:3096} INFO - Sync 2 DAGs
[2024-05-24T18:02:56.878+0700] {logging_mixin.py:188} INFO - [2024-05-24T18:02:56.877+0700] {dag.py:3954} INFO - Setting next_dagrun for example_subdag_operator.section-1 to None, run_after=None
[2024-05-24T18:02:56.881+0700] {logging_mixin.py:188} INFO - [2024-05-24T18:02:56.880+0700] {dag.py:3954} INFO - Setting next_dagrun for example_subdag_operator.section-2 to None, run_after=None
[2024-05-24T18:02:56.944+0700] {processor.py:183} INFO - Processing /mnt/d/Programming/Vietnamese-Text-Generator/airflow_env/lib/python3.10/site-packages/airflow/example_dags/example_subdag_operator.py took 0.502 seconds
[2024-05-24T18:04:09.470+0700] {processor.py:161} INFO - Started process (PID=12617) to work on /mnt/d/Programming/Vietnamese-Text-Generator/airflow_env/lib/python3.10/site-packages/airflow/example_dags/example_subdag_operator.py
[2024-05-24T18:04:09.477+0700] {processor.py:830} INFO - Processing file /mnt/d/Programming/Vietnamese-Text-Generator/airflow_env/lib/python3.10/site-packages/airflow/example_dags/example_subdag_operator.py for tasks to queue
[2024-05-24T18:04:09.490+0700] {logging_mixin.py:188} INFO - [2024-05-24T18:04:09.486+0700] {dagbag.py:540} INFO - Filling up the DagBag from /mnt/d/Programming/Vietnamese-Text-Generator/airflow_env/lib/python3.10/site-packages/airflow/example_dags/example_subdag_operator.py
[2024-05-24T18:04:09.703+0700] {processor.py:840} INFO - DAG(s) 'example_subdag_operator.section-1', 'example_subdag_operator.section-2', 'example_subdag_operator' retrieved from /mnt/d/Programming/Vietnamese-Text-Generator/airflow_env/lib/python3.10/site-packages/airflow/example_dags/example_subdag_operator.py
[2024-05-24T18:04:09.799+0700] {logging_mixin.py:188} INFO - [2024-05-24T18:04:09.796+0700] {dag.py:3096} INFO - Sync 3 DAGs
[2024-05-24T18:04:09.884+0700] {logging_mixin.py:188} INFO - [2024-05-24T18:04:09.880+0700] {dag.py:3954} INFO - Setting next_dagrun for example_subdag_operator to 2022-01-01 00:00:00+00:00, run_after=2022-01-01 00:00:00+00:00
[2024-05-24T18:04:09.904+0700] {logging_mixin.py:188} INFO - [2024-05-24T18:04:09.901+0700] {dag.py:3954} INFO - Setting next_dagrun for example_subdag_operator.section-1 to None, run_after=None
[2024-05-24T18:04:09.916+0700] {logging_mixin.py:188} INFO - [2024-05-24T18:04:09.913+0700] {dag.py:3954} INFO - Setting next_dagrun for example_subdag_operator.section-2 to None, run_after=None
[2024-05-24T18:04:09.965+0700] {logging_mixin.py:188} INFO - [2024-05-24T18:04:09.962+0700] {dag.py:3096} INFO - Sync 2 DAGs
[2024-05-24T18:04:09.983+0700] {logging_mixin.py:188} INFO - [2024-05-24T18:04:09.979+0700] {dag.py:3954} INFO - Setting next_dagrun for example_subdag_operator.section-1 to None, run_after=None
[2024-05-24T18:04:09.989+0700] {logging_mixin.py:188} INFO - [2024-05-24T18:04:09.986+0700] {dag.py:3954} INFO - Setting next_dagrun for example_subdag_operator.section-2 to None, run_after=None
[2024-05-24T18:04:10.136+0700] {processor.py:183} INFO - Processing /mnt/d/Programming/Vietnamese-Text-Generator/airflow_env/lib/python3.10/site-packages/airflow/example_dags/example_subdag_operator.py took 0.709 seconds
[2024-05-24T18:05:20.627+0700] {processor.py:161} INFO - Started process (PID=12926) to work on /mnt/d/Programming/Vietnamese-Text-Generator/airflow_env/lib/python3.10/site-packages/airflow/example_dags/example_subdag_operator.py
[2024-05-24T18:05:20.633+0700] {processor.py:830} INFO - Processing file /mnt/d/Programming/Vietnamese-Text-Generator/airflow_env/lib/python3.10/site-packages/airflow/example_dags/example_subdag_operator.py for tasks to queue
[2024-05-24T18:05:20.644+0700] {logging_mixin.py:188} INFO - [2024-05-24T18:05:20.641+0700] {dagbag.py:540} INFO - Filling up the DagBag from /mnt/d/Programming/Vietnamese-Text-Generator/airflow_env/lib/python3.10/site-packages/airflow/example_dags/example_subdag_operator.py
[2024-05-24T18:05:20.860+0700] {processor.py:840} INFO - DAG(s) 'example_subdag_operator.section-1', 'example_subdag_operator.section-2', 'example_subdag_operator' retrieved from /mnt/d/Programming/Vietnamese-Text-Generator/airflow_env/lib/python3.10/site-packages/airflow/example_dags/example_subdag_operator.py
[2024-05-24T18:05:20.948+0700] {logging_mixin.py:188} INFO - [2024-05-24T18:05:20.946+0700] {dag.py:3096} INFO - Sync 3 DAGs
[2024-05-24T18:05:21.024+0700] {logging_mixin.py:188} INFO - [2024-05-24T18:05:21.022+0700] {dag.py:3954} INFO - Setting next_dagrun for example_subdag_operator to 2022-01-01 00:00:00+00:00, run_after=2022-01-01 00:00:00+00:00
[2024-05-24T18:05:21.043+0700] {logging_mixin.py:188} INFO - [2024-05-24T18:05:21.041+0700] {dag.py:3954} INFO - Setting next_dagrun for example_subdag_operator.section-1 to None, run_after=None
[2024-05-24T18:05:21.055+0700] {logging_mixin.py:188} INFO - [2024-05-24T18:05:21.052+0700] {dag.py:3954} INFO - Setting next_dagrun for example_subdag_operator.section-2 to None, run_after=None
[2024-05-24T18:05:21.105+0700] {logging_mixin.py:188} INFO - [2024-05-24T18:05:21.102+0700] {dag.py:3096} INFO - Sync 2 DAGs
[2024-05-24T18:05:21.121+0700] {logging_mixin.py:188} INFO - [2024-05-24T18:05:21.118+0700] {dag.py:3954} INFO - Setting next_dagrun for example_subdag_operator.section-1 to None, run_after=None
[2024-05-24T18:05:21.127+0700] {logging_mixin.py:188} INFO - [2024-05-24T18:05:21.125+0700] {dag.py:3954} INFO - Setting next_dagrun for example_subdag_operator.section-2 to None, run_after=None
[2024-05-24T18:05:21.259+0700] {processor.py:183} INFO - Processing /mnt/d/Programming/Vietnamese-Text-Generator/airflow_env/lib/python3.10/site-packages/airflow/example_dags/example_subdag_operator.py took 0.670 seconds
