[2024-05-24T17:01:40.912+0700] {processor.py:161} INFO - Started process (PID=1803) to work on /mnt/d/Programming/Vietnamese-Text-Generator/airflow_env/lib/python3.10/site-packages/airflow/example_dags/example_sla_dag.py
[2024-05-24T17:01:40.922+0700] {processor.py:830} INFO - Processing file /mnt/d/Programming/Vietnamese-Text-Generator/airflow_env/lib/python3.10/site-packages/airflow/example_dags/example_sla_dag.py for tasks to queue
[2024-05-24T17:01:40.943+0700] {logging_mixin.py:188} INFO - [2024-05-24T17:01:40.937+0700] {dagbag.py:540} INFO - Filling up the DagBag from /mnt/d/Programming/Vietnamese-Text-Generator/airflow_env/lib/python3.10/site-packages/airflow/example_dags/example_sla_dag.py
[2024-05-24T17:01:41.108+0700] {processor.py:840} INFO - DAG(s) 'example_sla_dag' retrieved from /mnt/d/Programming/Vietnamese-Text-Generator/airflow_env/lib/python3.10/site-packages/airflow/example_dags/example_sla_dag.py
[2024-05-24T17:01:41.261+0700] {logging_mixin.py:188} INFO - [2024-05-24T17:01:41.257+0700] {dag.py:3096} INFO - Sync 1 DAGs
[2024-05-24T17:01:41.398+0700] {logging_mixin.py:188} INFO - [2024-05-24T17:01:41.395+0700] {dag.py:3954} INFO - Setting next_dagrun for example_sla_dag to 2024-05-24 09:58:00+00:00, run_after=2024-05-24 10:00:00+00:00
[2024-05-24T17:01:41.611+0700] {processor.py:183} INFO - Processing /mnt/d/Programming/Vietnamese-Text-Generator/airflow_env/lib/python3.10/site-packages/airflow/example_dags/example_sla_dag.py took 0.776 seconds
[2024-05-24T17:03:39.561+0700] {processor.py:161} INFO - Started process (PID=2310) to work on /mnt/d/Programming/Vietnamese-Text-Generator/airflow_env/lib/python3.10/site-packages/airflow/example_dags/example_sla_dag.py
[2024-05-24T17:03:39.566+0700] {processor.py:830} INFO - Processing file /mnt/d/Programming/Vietnamese-Text-Generator/airflow_env/lib/python3.10/site-packages/airflow/example_dags/example_sla_dag.py for tasks to queue
[2024-05-24T17:03:39.576+0700] {logging_mixin.py:188} INFO - [2024-05-24T17:03:39.573+0700] {dagbag.py:540} INFO - Filling up the DagBag from /mnt/d/Programming/Vietnamese-Text-Generator/airflow_env/lib/python3.10/site-packages/airflow/example_dags/example_sla_dag.py
[2024-05-24T17:03:39.667+0700] {processor.py:840} INFO - DAG(s) 'example_sla_dag' retrieved from /mnt/d/Programming/Vietnamese-Text-Generator/airflow_env/lib/python3.10/site-packages/airflow/example_dags/example_sla_dag.py
[2024-05-24T17:03:39.751+0700] {logging_mixin.py:188} INFO - [2024-05-24T17:03:39.748+0700] {dag.py:3096} INFO - Sync 1 DAGs
[2024-05-24T17:03:39.873+0700] {logging_mixin.py:188} INFO - [2024-05-24T17:03:39.869+0700] {dag.py:3954} INFO - Setting next_dagrun for example_sla_dag to 2024-05-24 10:00:00+00:00, run_after=2024-05-24 10:02:00+00:00
[2024-05-24T17:03:40.061+0700] {processor.py:183} INFO - Processing /mnt/d/Programming/Vietnamese-Text-Generator/airflow_env/lib/python3.10/site-packages/airflow/example_dags/example_sla_dag.py took 0.539 seconds
[2024-05-24T17:04:53.493+0700] {processor.py:161} INFO - Started process (PID=2633) to work on /mnt/d/Programming/Vietnamese-Text-Generator/airflow_env/lib/python3.10/site-packages/airflow/example_dags/example_sla_dag.py
[2024-05-24T17:04:53.500+0700] {processor.py:830} INFO - Processing file /mnt/d/Programming/Vietnamese-Text-Generator/airflow_env/lib/python3.10/site-packages/airflow/example_dags/example_sla_dag.py for tasks to queue
[2024-05-24T17:04:53.516+0700] {logging_mixin.py:188} INFO - [2024-05-24T17:04:53.512+0700] {dagbag.py:540} INFO - Filling up the DagBag from /mnt/d/Programming/Vietnamese-Text-Generator/airflow_env/lib/python3.10/site-packages/airflow/example_dags/example_sla_dag.py
[2024-05-24T17:04:53.628+0700] {processor.py:840} INFO - DAG(s) 'example_sla_dag' retrieved from /mnt/d/Programming/Vietnamese-Text-Generator/airflow_env/lib/python3.10/site-packages/airflow/example_dags/example_sla_dag.py
[2024-05-24T17:04:53.722+0700] {logging_mixin.py:188} INFO - [2024-05-24T17:04:53.719+0700] {dag.py:3096} INFO - Sync 1 DAGs
[2024-05-24T17:04:53.852+0700] {logging_mixin.py:188} INFO - [2024-05-24T17:04:53.849+0700] {dag.py:3954} INFO - Setting next_dagrun for example_sla_dag to 2024-05-24 10:02:00+00:00, run_after=2024-05-24 10:04:00+00:00
[2024-05-24T17:04:54.067+0700] {processor.py:183} INFO - Processing /mnt/d/Programming/Vietnamese-Text-Generator/airflow_env/lib/python3.10/site-packages/airflow/example_dags/example_sla_dag.py took 0.622 seconds
[2024-05-24T17:06:03.910+0700] {processor.py:161} INFO - Started process (PID=2940) to work on /mnt/d/Programming/Vietnamese-Text-Generator/airflow_env/lib/python3.10/site-packages/airflow/example_dags/example_sla_dag.py
[2024-05-24T17:06:03.918+0700] {processor.py:830} INFO - Processing file /mnt/d/Programming/Vietnamese-Text-Generator/airflow_env/lib/python3.10/site-packages/airflow/example_dags/example_sla_dag.py for tasks to queue
[2024-05-24T17:06:03.930+0700] {logging_mixin.py:188} INFO - [2024-05-24T17:06:03.926+0700] {dagbag.py:540} INFO - Filling up the DagBag from /mnt/d/Programming/Vietnamese-Text-Generator/airflow_env/lib/python3.10/site-packages/airflow/example_dags/example_sla_dag.py
[2024-05-24T17:06:04.042+0700] {processor.py:840} INFO - DAG(s) 'example_sla_dag' retrieved from /mnt/d/Programming/Vietnamese-Text-Generator/airflow_env/lib/python3.10/site-packages/airflow/example_dags/example_sla_dag.py
[2024-05-24T17:06:04.132+0700] {logging_mixin.py:188} INFO - [2024-05-24T17:06:04.128+0700] {dag.py:3096} INFO - Sync 1 DAGs
[2024-05-24T17:06:04.264+0700] {logging_mixin.py:188} INFO - [2024-05-24T17:06:04.260+0700] {dag.py:3954} INFO - Setting next_dagrun for example_sla_dag to 2024-05-24 10:04:00+00:00, run_after=2024-05-24 10:06:00+00:00
[2024-05-24T17:06:04.480+0700] {processor.py:183} INFO - Processing /mnt/d/Programming/Vietnamese-Text-Generator/airflow_env/lib/python3.10/site-packages/airflow/example_dags/example_sla_dag.py took 0.631 seconds
[2024-05-24T17:07:11.058+0700] {processor.py:161} INFO - Started process (PID=3313) to work on /mnt/d/Programming/Vietnamese-Text-Generator/airflow_env/lib/python3.10/site-packages/airflow/example_dags/example_sla_dag.py
[2024-05-24T17:07:11.065+0700] {processor.py:830} INFO - Processing file /mnt/d/Programming/Vietnamese-Text-Generator/airflow_env/lib/python3.10/site-packages/airflow/example_dags/example_sla_dag.py for tasks to queue
[2024-05-24T17:07:11.082+0700] {logging_mixin.py:188} INFO - [2024-05-24T17:07:11.078+0700] {dagbag.py:540} INFO - Filling up the DagBag from /mnt/d/Programming/Vietnamese-Text-Generator/airflow_env/lib/python3.10/site-packages/airflow/example_dags/example_sla_dag.py
[2024-05-24T17:07:11.141+0700] {processor.py:840} INFO - DAG(s) 'example_sla_dag' retrieved from /mnt/d/Programming/Vietnamese-Text-Generator/airflow_env/lib/python3.10/site-packages/airflow/example_dags/example_sla_dag.py
[2024-05-24T17:07:11.197+0700] {logging_mixin.py:188} INFO - [2024-05-24T17:07:11.194+0700] {dag.py:3096} INFO - Sync 1 DAGs
[2024-05-24T17:07:11.392+0700] {logging_mixin.py:188} INFO - [2024-05-24T17:07:11.390+0700] {dag.py:3954} INFO - Setting next_dagrun for example_sla_dag to 2024-05-24 10:04:00+00:00, run_after=2024-05-24 10:06:00+00:00
[2024-05-24T17:07:11.479+0700] {processor.py:183} INFO - Processing /mnt/d/Programming/Vietnamese-Text-Generator/airflow_env/lib/python3.10/site-packages/airflow/example_dags/example_sla_dag.py took 0.466 seconds
[2024-05-24T17:08:13.858+0700] {processor.py:161} INFO - Started process (PID=3588) to work on /mnt/d/Programming/Vietnamese-Text-Generator/airflow_env/lib/python3.10/site-packages/airflow/example_dags/example_sla_dag.py
[2024-05-24T17:08:13.865+0700] {processor.py:830} INFO - Processing file /mnt/d/Programming/Vietnamese-Text-Generator/airflow_env/lib/python3.10/site-packages/airflow/example_dags/example_sla_dag.py for tasks to queue
[2024-05-24T17:08:13.880+0700] {logging_mixin.py:188} INFO - [2024-05-24T17:08:13.876+0700] {dagbag.py:540} INFO - Filling up the DagBag from /mnt/d/Programming/Vietnamese-Text-Generator/airflow_env/lib/python3.10/site-packages/airflow/example_dags/example_sla_dag.py
[2024-05-24T17:08:13.989+0700] {processor.py:840} INFO - DAG(s) 'example_sla_dag' retrieved from /mnt/d/Programming/Vietnamese-Text-Generator/airflow_env/lib/python3.10/site-packages/airflow/example_dags/example_sla_dag.py
[2024-05-24T17:08:14.089+0700] {logging_mixin.py:188} INFO - [2024-05-24T17:08:14.085+0700] {dag.py:3096} INFO - Sync 1 DAGs
[2024-05-24T17:08:14.230+0700] {logging_mixin.py:188} INFO - [2024-05-24T17:08:14.226+0700] {dag.py:3954} INFO - Setting next_dagrun for example_sla_dag to 2024-05-24 10:06:00+00:00, run_after=2024-05-24 10:08:00+00:00
[2024-05-24T17:08:14.431+0700] {processor.py:183} INFO - Processing /mnt/d/Programming/Vietnamese-Text-Generator/airflow_env/lib/python3.10/site-packages/airflow/example_dags/example_sla_dag.py took 0.624 seconds
[2024-05-24T17:09:20.746+0700] {processor.py:161} INFO - Started process (PID=3881) to work on /mnt/d/Programming/Vietnamese-Text-Generator/airflow_env/lib/python3.10/site-packages/airflow/example_dags/example_sla_dag.py
[2024-05-24T17:09:20.753+0700] {processor.py:830} INFO - Processing file /mnt/d/Programming/Vietnamese-Text-Generator/airflow_env/lib/python3.10/site-packages/airflow/example_dags/example_sla_dag.py for tasks to queue
[2024-05-24T17:09:20.767+0700] {logging_mixin.py:188} INFO - [2024-05-24T17:09:20.764+0700] {dagbag.py:540} INFO - Filling up the DagBag from /mnt/d/Programming/Vietnamese-Text-Generator/airflow_env/lib/python3.10/site-packages/airflow/example_dags/example_sla_dag.py
[2024-05-24T17:09:20.867+0700] {processor.py:840} INFO - DAG(s) 'example_sla_dag' retrieved from /mnt/d/Programming/Vietnamese-Text-Generator/airflow_env/lib/python3.10/site-packages/airflow/example_dags/example_sla_dag.py
[2024-05-24T17:09:20.958+0700] {logging_mixin.py:188} INFO - [2024-05-24T17:09:20.954+0700] {dag.py:3096} INFO - Sync 1 DAGs
[2024-05-24T17:09:21.070+0700] {logging_mixin.py:188} INFO - [2024-05-24T17:09:21.067+0700] {dag.py:3954} INFO - Setting next_dagrun for example_sla_dag to 2024-05-24 10:06:00+00:00, run_after=2024-05-24 10:08:00+00:00
[2024-05-24T17:09:21.229+0700] {processor.py:183} INFO - Processing /mnt/d/Programming/Vietnamese-Text-Generator/airflow_env/lib/python3.10/site-packages/airflow/example_dags/example_sla_dag.py took 0.527 seconds
[2024-05-24T17:10:30.774+0700] {processor.py:161} INFO - Started process (PID=4185) to work on /mnt/d/Programming/Vietnamese-Text-Generator/airflow_env/lib/python3.10/site-packages/airflow/example_dags/example_sla_dag.py
[2024-05-24T17:10:30.781+0700] {processor.py:830} INFO - Processing file /mnt/d/Programming/Vietnamese-Text-Generator/airflow_env/lib/python3.10/site-packages/airflow/example_dags/example_sla_dag.py for tasks to queue
[2024-05-24T17:10:30.794+0700] {logging_mixin.py:188} INFO - [2024-05-24T17:10:30.791+0700] {dagbag.py:540} INFO - Filling up the DagBag from /mnt/d/Programming/Vietnamese-Text-Generator/airflow_env/lib/python3.10/site-packages/airflow/example_dags/example_sla_dag.py
[2024-05-24T17:10:30.879+0700] {processor.py:840} INFO - DAG(s) 'example_sla_dag' retrieved from /mnt/d/Programming/Vietnamese-Text-Generator/airflow_env/lib/python3.10/site-packages/airflow/example_dags/example_sla_dag.py
[2024-05-24T17:10:30.954+0700] {logging_mixin.py:188} INFO - [2024-05-24T17:10:30.951+0700] {dag.py:3096} INFO - Sync 1 DAGs
[2024-05-24T17:10:31.067+0700] {logging_mixin.py:188} INFO - [2024-05-24T17:10:31.064+0700] {dag.py:3954} INFO - Setting next_dagrun for example_sla_dag to 2024-05-24 10:08:00+00:00, run_after=2024-05-24 10:10:00+00:00
[2024-05-24T17:10:31.230+0700] {processor.py:183} INFO - Processing /mnt/d/Programming/Vietnamese-Text-Generator/airflow_env/lib/python3.10/site-packages/airflow/example_dags/example_sla_dag.py took 0.497 seconds
[2024-05-24T17:11:41.302+0700] {processor.py:161} INFO - Started process (PID=4499) to work on /mnt/d/Programming/Vietnamese-Text-Generator/airflow_env/lib/python3.10/site-packages/airflow/example_dags/example_sla_dag.py
[2024-05-24T17:11:41.308+0700] {processor.py:830} INFO - Processing file /mnt/d/Programming/Vietnamese-Text-Generator/airflow_env/lib/python3.10/site-packages/airflow/example_dags/example_sla_dag.py for tasks to queue
[2024-05-24T17:11:41.319+0700] {logging_mixin.py:188} INFO - [2024-05-24T17:11:41.316+0700] {dagbag.py:540} INFO - Filling up the DagBag from /mnt/d/Programming/Vietnamese-Text-Generator/airflow_env/lib/python3.10/site-packages/airflow/example_dags/example_sla_dag.py
[2024-05-24T17:11:41.408+0700] {processor.py:840} INFO - DAG(s) 'example_sla_dag' retrieved from /mnt/d/Programming/Vietnamese-Text-Generator/airflow_env/lib/python3.10/site-packages/airflow/example_dags/example_sla_dag.py
[2024-05-24T17:11:41.481+0700] {logging_mixin.py:188} INFO - [2024-05-24T17:11:41.478+0700] {dag.py:3096} INFO - Sync 1 DAGs
[2024-05-24T17:11:41.587+0700] {logging_mixin.py:188} INFO - [2024-05-24T17:11:41.584+0700] {dag.py:3954} INFO - Setting next_dagrun for example_sla_dag to 2024-05-24 10:08:00+00:00, run_after=2024-05-24 10:10:00+00:00
[2024-05-24T17:11:41.760+0700] {processor.py:183} INFO - Processing /mnt/d/Programming/Vietnamese-Text-Generator/airflow_env/lib/python3.10/site-packages/airflow/example_dags/example_sla_dag.py took 0.510 seconds
[2024-05-24T17:12:51.343+0700] {processor.py:161} INFO - Started process (PID=4802) to work on /mnt/d/Programming/Vietnamese-Text-Generator/airflow_env/lib/python3.10/site-packages/airflow/example_dags/example_sla_dag.py
[2024-05-24T17:12:51.350+0700] {processor.py:830} INFO - Processing file /mnt/d/Programming/Vietnamese-Text-Generator/airflow_env/lib/python3.10/site-packages/airflow/example_dags/example_sla_dag.py for tasks to queue
[2024-05-24T17:12:51.363+0700] {logging_mixin.py:188} INFO - [2024-05-24T17:12:51.359+0700] {dagbag.py:540} INFO - Filling up the DagBag from /mnt/d/Programming/Vietnamese-Text-Generator/airflow_env/lib/python3.10/site-packages/airflow/example_dags/example_sla_dag.py
[2024-05-24T17:12:51.471+0700] {processor.py:840} INFO - DAG(s) 'example_sla_dag' retrieved from /mnt/d/Programming/Vietnamese-Text-Generator/airflow_env/lib/python3.10/site-packages/airflow/example_dags/example_sla_dag.py
[2024-05-24T17:12:51.563+0700] {logging_mixin.py:188} INFO - [2024-05-24T17:12:51.560+0700] {dag.py:3096} INFO - Sync 1 DAGs
[2024-05-24T17:12:51.668+0700] {logging_mixin.py:188} INFO - [2024-05-24T17:12:51.665+0700] {dag.py:3954} INFO - Setting next_dagrun for example_sla_dag to 2024-05-24 10:10:00+00:00, run_after=2024-05-24 10:12:00+00:00
[2024-05-24T17:12:51.834+0700] {processor.py:183} INFO - Processing /mnt/d/Programming/Vietnamese-Text-Generator/airflow_env/lib/python3.10/site-packages/airflow/example_dags/example_sla_dag.py took 0.534 seconds
[2024-05-24T17:14:00.128+0700] {processor.py:161} INFO - Started process (PID=5102) to work on /mnt/d/Programming/Vietnamese-Text-Generator/airflow_env/lib/python3.10/site-packages/airflow/example_dags/example_sla_dag.py
[2024-05-24T17:14:00.130+0700] {processor.py:830} INFO - Processing file /mnt/d/Programming/Vietnamese-Text-Generator/airflow_env/lib/python3.10/site-packages/airflow/example_dags/example_sla_dag.py for tasks to queue
[2024-05-24T17:14:00.136+0700] {logging_mixin.py:188} INFO - [2024-05-24T17:14:00.135+0700] {dagbag.py:540} INFO - Filling up the DagBag from /mnt/d/Programming/Vietnamese-Text-Generator/airflow_env/lib/python3.10/site-packages/airflow/example_dags/example_sla_dag.py
[2024-05-24T17:14:00.167+0700] {processor.py:840} INFO - DAG(s) 'example_sla_dag' retrieved from /mnt/d/Programming/Vietnamese-Text-Generator/airflow_env/lib/python3.10/site-packages/airflow/example_dags/example_sla_dag.py
[2024-05-24T17:14:00.202+0700] {logging_mixin.py:188} INFO - [2024-05-24T17:14:00.200+0700] {dag.py:3096} INFO - Sync 1 DAGs
[2024-05-24T17:14:00.247+0700] {logging_mixin.py:188} INFO - [2024-05-24T17:14:00.246+0700] {dag.py:3954} INFO - Setting next_dagrun for example_sla_dag to 2024-05-24 10:12:00+00:00, run_after=2024-05-24 10:14:00+00:00
[2024-05-24T17:14:00.373+0700] {processor.py:183} INFO - Processing /mnt/d/Programming/Vietnamese-Text-Generator/airflow_env/lib/python3.10/site-packages/airflow/example_dags/example_sla_dag.py took 0.260 seconds
[2024-05-24T17:15:08.306+0700] {processor.py:161} INFO - Started process (PID=5402) to work on /mnt/d/Programming/Vietnamese-Text-Generator/airflow_env/lib/python3.10/site-packages/airflow/example_dags/example_sla_dag.py
[2024-05-24T17:15:08.313+0700] {processor.py:830} INFO - Processing file /mnt/d/Programming/Vietnamese-Text-Generator/airflow_env/lib/python3.10/site-packages/airflow/example_dags/example_sla_dag.py for tasks to queue
[2024-05-24T17:15:08.328+0700] {logging_mixin.py:188} INFO - [2024-05-24T17:15:08.324+0700] {dagbag.py:540} INFO - Filling up the DagBag from /mnt/d/Programming/Vietnamese-Text-Generator/airflow_env/lib/python3.10/site-packages/airflow/example_dags/example_sla_dag.py
[2024-05-24T17:15:08.441+0700] {processor.py:840} INFO - DAG(s) 'example_sla_dag' retrieved from /mnt/d/Programming/Vietnamese-Text-Generator/airflow_env/lib/python3.10/site-packages/airflow/example_dags/example_sla_dag.py
[2024-05-24T17:15:08.534+0700] {logging_mixin.py:188} INFO - [2024-05-24T17:15:08.530+0700] {dag.py:3096} INFO - Sync 1 DAGs
[2024-05-24T17:15:08.664+0700] {logging_mixin.py:188} INFO - [2024-05-24T17:15:08.661+0700] {dag.py:3954} INFO - Setting next_dagrun for example_sla_dag to 2024-05-24 10:12:00+00:00, run_after=2024-05-24 10:14:00+00:00
[2024-05-24T17:15:08.860+0700] {processor.py:183} INFO - Processing /mnt/d/Programming/Vietnamese-Text-Generator/airflow_env/lib/python3.10/site-packages/airflow/example_dags/example_sla_dag.py took 0.602 seconds
[2024-05-24T17:16:19.176+0700] {processor.py:161} INFO - Started process (PID=5710) to work on /mnt/d/Programming/Vietnamese-Text-Generator/airflow_env/lib/python3.10/site-packages/airflow/example_dags/example_sla_dag.py
[2024-05-24T17:16:19.183+0700] {processor.py:830} INFO - Processing file /mnt/d/Programming/Vietnamese-Text-Generator/airflow_env/lib/python3.10/site-packages/airflow/example_dags/example_sla_dag.py for tasks to queue
[2024-05-24T17:16:19.198+0700] {logging_mixin.py:188} INFO - [2024-05-24T17:16:19.194+0700] {dagbag.py:540} INFO - Filling up the DagBag from /mnt/d/Programming/Vietnamese-Text-Generator/airflow_env/lib/python3.10/site-packages/airflow/example_dags/example_sla_dag.py
[2024-05-24T17:16:19.309+0700] {processor.py:840} INFO - DAG(s) 'example_sla_dag' retrieved from /mnt/d/Programming/Vietnamese-Text-Generator/airflow_env/lib/python3.10/site-packages/airflow/example_dags/example_sla_dag.py
[2024-05-24T17:16:19.401+0700] {logging_mixin.py:188} INFO - [2024-05-24T17:16:19.397+0700] {dag.py:3096} INFO - Sync 1 DAGs
[2024-05-24T17:16:19.529+0700] {logging_mixin.py:188} INFO - [2024-05-24T17:16:19.526+0700] {dag.py:3954} INFO - Setting next_dagrun for example_sla_dag to 2024-05-24 10:14:00+00:00, run_after=2024-05-24 10:16:00+00:00
[2024-05-24T17:16:19.750+0700] {processor.py:183} INFO - Processing /mnt/d/Programming/Vietnamese-Text-Generator/airflow_env/lib/python3.10/site-packages/airflow/example_dags/example_sla_dag.py took 0.629 seconds
[2024-05-24T17:17:31.381+0700] {processor.py:161} INFO - Started process (PID=6025) to work on /mnt/d/Programming/Vietnamese-Text-Generator/airflow_env/lib/python3.10/site-packages/airflow/example_dags/example_sla_dag.py
[2024-05-24T17:17:31.387+0700] {processor.py:830} INFO - Processing file /mnt/d/Programming/Vietnamese-Text-Generator/airflow_env/lib/python3.10/site-packages/airflow/example_dags/example_sla_dag.py for tasks to queue
[2024-05-24T17:17:31.399+0700] {logging_mixin.py:188} INFO - [2024-05-24T17:17:31.396+0700] {dagbag.py:540} INFO - Filling up the DagBag from /mnt/d/Programming/Vietnamese-Text-Generator/airflow_env/lib/python3.10/site-packages/airflow/example_dags/example_sla_dag.py
[2024-05-24T17:17:31.489+0700] {processor.py:840} INFO - DAG(s) 'example_sla_dag' retrieved from /mnt/d/Programming/Vietnamese-Text-Generator/airflow_env/lib/python3.10/site-packages/airflow/example_dags/example_sla_dag.py
[2024-05-24T17:17:31.571+0700] {logging_mixin.py:188} INFO - [2024-05-24T17:17:31.568+0700] {dag.py:3096} INFO - Sync 1 DAGs
[2024-05-24T17:17:31.687+0700] {logging_mixin.py:188} INFO - [2024-05-24T17:17:31.684+0700] {dag.py:3954} INFO - Setting next_dagrun for example_sla_dag to 2024-05-24 10:14:00+00:00, run_after=2024-05-24 10:16:00+00:00
[2024-05-24T17:17:31.869+0700] {processor.py:183} INFO - Processing /mnt/d/Programming/Vietnamese-Text-Generator/airflow_env/lib/python3.10/site-packages/airflow/example_dags/example_sla_dag.py took 0.527 seconds
[2024-05-24T17:18:42.362+0700] {processor.py:161} INFO - Started process (PID=6339) to work on /mnt/d/Programming/Vietnamese-Text-Generator/airflow_env/lib/python3.10/site-packages/airflow/example_dags/example_sla_dag.py
[2024-05-24T17:18:42.368+0700] {processor.py:830} INFO - Processing file /mnt/d/Programming/Vietnamese-Text-Generator/airflow_env/lib/python3.10/site-packages/airflow/example_dags/example_sla_dag.py for tasks to queue
[2024-05-24T17:18:42.381+0700] {logging_mixin.py:188} INFO - [2024-05-24T17:18:42.377+0700] {dagbag.py:540} INFO - Filling up the DagBag from /mnt/d/Programming/Vietnamese-Text-Generator/airflow_env/lib/python3.10/site-packages/airflow/example_dags/example_sla_dag.py
[2024-05-24T17:18:42.490+0700] {processor.py:840} INFO - DAG(s) 'example_sla_dag' retrieved from /mnt/d/Programming/Vietnamese-Text-Generator/airflow_env/lib/python3.10/site-packages/airflow/example_dags/example_sla_dag.py
[2024-05-24T17:18:42.642+0700] {logging_mixin.py:188} INFO - [2024-05-24T17:18:42.622+0700] {dag.py:3096} INFO - Sync 1 DAGs
[2024-05-24T17:18:42.867+0700] {logging_mixin.py:188} INFO - [2024-05-24T17:18:42.844+0700] {dag.py:3954} INFO - Setting next_dagrun for example_sla_dag to 2024-05-24 10:16:00+00:00, run_after=2024-05-24 10:18:00+00:00
[2024-05-24T17:18:42.960+0700] {processor.py:183} INFO - Processing /mnt/d/Programming/Vietnamese-Text-Generator/airflow_env/lib/python3.10/site-packages/airflow/example_dags/example_sla_dag.py took 0.646 seconds
[2024-05-24T17:19:52.016+0700] {processor.py:161} INFO - Started process (PID=6641) to work on /mnt/d/Programming/Vietnamese-Text-Generator/airflow_env/lib/python3.10/site-packages/airflow/example_dags/example_sla_dag.py
[2024-05-24T17:19:52.021+0700] {processor.py:830} INFO - Processing file /mnt/d/Programming/Vietnamese-Text-Generator/airflow_env/lib/python3.10/site-packages/airflow/example_dags/example_sla_dag.py for tasks to queue
[2024-05-24T17:19:52.034+0700] {logging_mixin.py:188} INFO - [2024-05-24T17:19:52.030+0700] {dagbag.py:540} INFO - Filling up the DagBag from /mnt/d/Programming/Vietnamese-Text-Generator/airflow_env/lib/python3.10/site-packages/airflow/example_dags/example_sla_dag.py
[2024-05-24T17:19:52.124+0700] {processor.py:840} INFO - DAG(s) 'example_sla_dag' retrieved from /mnt/d/Programming/Vietnamese-Text-Generator/airflow_env/lib/python3.10/site-packages/airflow/example_dags/example_sla_dag.py
[2024-05-24T17:19:52.198+0700] {logging_mixin.py:188} INFO - [2024-05-24T17:19:52.195+0700] {dag.py:3096} INFO - Sync 1 DAGs
[2024-05-24T17:19:52.321+0700] {logging_mixin.py:188} INFO - [2024-05-24T17:19:52.318+0700] {dag.py:3954} INFO - Setting next_dagrun for example_sla_dag to 2024-05-24 10:16:00+00:00, run_after=2024-05-24 10:18:00+00:00
[2024-05-24T17:19:52.523+0700] {processor.py:183} INFO - Processing /mnt/d/Programming/Vietnamese-Text-Generator/airflow_env/lib/python3.10/site-packages/airflow/example_dags/example_sla_dag.py took 0.548 seconds
[2024-05-24T17:21:01.657+0700] {processor.py:161} INFO - Started process (PID=6948) to work on /mnt/d/Programming/Vietnamese-Text-Generator/airflow_env/lib/python3.10/site-packages/airflow/example_dags/example_sla_dag.py
[2024-05-24T17:21:01.660+0700] {processor.py:830} INFO - Processing file /mnt/d/Programming/Vietnamese-Text-Generator/airflow_env/lib/python3.10/site-packages/airflow/example_dags/example_sla_dag.py for tasks to queue
[2024-05-24T17:21:01.667+0700] {logging_mixin.py:188} INFO - [2024-05-24T17:21:01.665+0700] {dagbag.py:540} INFO - Filling up the DagBag from /mnt/d/Programming/Vietnamese-Text-Generator/airflow_env/lib/python3.10/site-packages/airflow/example_dags/example_sla_dag.py
[2024-05-24T17:21:01.711+0700] {processor.py:840} INFO - DAG(s) 'example_sla_dag' retrieved from /mnt/d/Programming/Vietnamese-Text-Generator/airflow_env/lib/python3.10/site-packages/airflow/example_dags/example_sla_dag.py
[2024-05-24T17:21:01.750+0700] {logging_mixin.py:188} INFO - [2024-05-24T17:21:01.749+0700] {dag.py:3096} INFO - Sync 1 DAGs
[2024-05-24T17:21:01.796+0700] {logging_mixin.py:188} INFO - [2024-05-24T17:21:01.795+0700] {dag.py:3954} INFO - Setting next_dagrun for example_sla_dag to 2024-05-24 10:18:00+00:00, run_after=2024-05-24 10:20:00+00:00
[2024-05-24T17:21:01.879+0700] {processor.py:183} INFO - Processing /mnt/d/Programming/Vietnamese-Text-Generator/airflow_env/lib/python3.10/site-packages/airflow/example_dags/example_sla_dag.py took 0.256 seconds
[2024-05-24T17:23:12.295+0700] {processor.py:161} INFO - Started process (PID=7517) to work on /mnt/d/Programming/Vietnamese-Text-Generator/airflow_env/lib/python3.10/site-packages/airflow/example_dags/example_sla_dag.py
[2024-05-24T17:23:12.298+0700] {processor.py:830} INFO - Processing file /mnt/d/Programming/Vietnamese-Text-Generator/airflow_env/lib/python3.10/site-packages/airflow/example_dags/example_sla_dag.py for tasks to queue
[2024-05-24T17:23:12.305+0700] {logging_mixin.py:188} INFO - [2024-05-24T17:23:12.304+0700] {dagbag.py:540} INFO - Filling up the DagBag from /mnt/d/Programming/Vietnamese-Text-Generator/airflow_env/lib/python3.10/site-packages/airflow/example_dags/example_sla_dag.py
[2024-05-24T17:23:12.341+0700] {processor.py:840} INFO - DAG(s) 'example_sla_dag' retrieved from /mnt/d/Programming/Vietnamese-Text-Generator/airflow_env/lib/python3.10/site-packages/airflow/example_dags/example_sla_dag.py
[2024-05-24T17:23:12.385+0700] {logging_mixin.py:188} INFO - [2024-05-24T17:23:12.383+0700] {dag.py:3096} INFO - Sync 1 DAGs
[2024-05-24T17:23:12.464+0700] {logging_mixin.py:188} INFO - [2024-05-24T17:23:12.461+0700] {dag.py:3954} INFO - Setting next_dagrun for example_sla_dag to 2024-05-24 10:20:00+00:00, run_after=2024-05-24 10:22:00+00:00
[2024-05-24T17:23:12.557+0700] {processor.py:183} INFO - Processing /mnt/d/Programming/Vietnamese-Text-Generator/airflow_env/lib/python3.10/site-packages/airflow/example_dags/example_sla_dag.py took 0.284 seconds
[2024-05-24T17:24:15.518+0700] {processor.py:161} INFO - Started process (PID=7795) to work on /mnt/d/Programming/Vietnamese-Text-Generator/airflow_env/lib/python3.10/site-packages/airflow/example_dags/example_sla_dag.py
[2024-05-24T17:24:15.524+0700] {processor.py:830} INFO - Processing file /mnt/d/Programming/Vietnamese-Text-Generator/airflow_env/lib/python3.10/site-packages/airflow/example_dags/example_sla_dag.py for tasks to queue
[2024-05-24T17:24:15.535+0700] {logging_mixin.py:188} INFO - [2024-05-24T17:24:15.532+0700] {dagbag.py:540} INFO - Filling up the DagBag from /mnt/d/Programming/Vietnamese-Text-Generator/airflow_env/lib/python3.10/site-packages/airflow/example_dags/example_sla_dag.py
[2024-05-24T17:24:15.626+0700] {processor.py:840} INFO - DAG(s) 'example_sla_dag' retrieved from /mnt/d/Programming/Vietnamese-Text-Generator/airflow_env/lib/python3.10/site-packages/airflow/example_dags/example_sla_dag.py
[2024-05-24T17:24:15.708+0700] {logging_mixin.py:188} INFO - [2024-05-24T17:24:15.705+0700] {dag.py:3096} INFO - Sync 1 DAGs
[2024-05-24T17:24:15.829+0700] {logging_mixin.py:188} INFO - [2024-05-24T17:24:15.826+0700] {dag.py:3954} INFO - Setting next_dagrun for example_sla_dag to 2024-05-24 10:22:00+00:00, run_after=2024-05-24 10:24:00+00:00
[2024-05-24T17:24:16.026+0700] {processor.py:183} INFO - Processing /mnt/d/Programming/Vietnamese-Text-Generator/airflow_env/lib/python3.10/site-packages/airflow/example_dags/example_sla_dag.py took 0.547 seconds
[2024-05-24T17:47:02.023+0700] {processor.py:161} INFO - Started process (PID=8104) to work on /mnt/d/Programming/Vietnamese-Text-Generator/airflow_env/lib/python3.10/site-packages/airflow/example_dags/example_sla_dag.py
[2024-05-24T17:47:02.026+0700] {processor.py:830} INFO - Processing file /mnt/d/Programming/Vietnamese-Text-Generator/airflow_env/lib/python3.10/site-packages/airflow/example_dags/example_sla_dag.py for tasks to queue
[2024-05-24T17:47:02.032+0700] {logging_mixin.py:188} INFO - [2024-05-24T17:47:02.030+0700] {dagbag.py:540} INFO - Filling up the DagBag from /mnt/d/Programming/Vietnamese-Text-Generator/airflow_env/lib/python3.10/site-packages/airflow/example_dags/example_sla_dag.py
[2024-05-24T17:47:02.064+0700] {processor.py:840} INFO - DAG(s) 'example_sla_dag' retrieved from /mnt/d/Programming/Vietnamese-Text-Generator/airflow_env/lib/python3.10/site-packages/airflow/example_dags/example_sla_dag.py
[2024-05-24T17:47:02.102+0700] {logging_mixin.py:188} INFO - [2024-05-24T17:47:02.100+0700] {dag.py:3096} INFO - Sync 1 DAGs
[2024-05-24T17:47:02.146+0700] {logging_mixin.py:188} INFO - [2024-05-24T17:47:02.145+0700] {dag.py:3954} INFO - Setting next_dagrun for example_sla_dag to 2024-05-24 10:44:00+00:00, run_after=2024-05-24 10:46:00+00:00
[2024-05-24T17:47:02.206+0700] {processor.py:183} INFO - Processing /mnt/d/Programming/Vietnamese-Text-Generator/airflow_env/lib/python3.10/site-packages/airflow/example_dags/example_sla_dag.py took 0.198 seconds
[2024-05-24T17:48:12.245+0700] {processor.py:161} INFO - Started process (PID=8438) to work on /mnt/d/Programming/Vietnamese-Text-Generator/airflow_env/lib/python3.10/site-packages/airflow/example_dags/example_sla_dag.py
[2024-05-24T17:48:12.251+0700] {processor.py:830} INFO - Processing file /mnt/d/Programming/Vietnamese-Text-Generator/airflow_env/lib/python3.10/site-packages/airflow/example_dags/example_sla_dag.py for tasks to queue
[2024-05-24T17:48:12.263+0700] {logging_mixin.py:188} INFO - [2024-05-24T17:48:12.259+0700] {dagbag.py:540} INFO - Filling up the DagBag from /mnt/d/Programming/Vietnamese-Text-Generator/airflow_env/lib/python3.10/site-packages/airflow/example_dags/example_sla_dag.py
[2024-05-24T17:48:12.372+0700] {processor.py:840} INFO - DAG(s) 'example_sla_dag' retrieved from /mnt/d/Programming/Vietnamese-Text-Generator/airflow_env/lib/python3.10/site-packages/airflow/example_dags/example_sla_dag.py
[2024-05-24T17:48:12.471+0700] {logging_mixin.py:188} INFO - [2024-05-24T17:48:12.467+0700] {dag.py:3096} INFO - Sync 1 DAGs
[2024-05-24T17:48:12.608+0700] {logging_mixin.py:188} INFO - [2024-05-24T17:48:12.605+0700] {dag.py:3954} INFO - Setting next_dagrun for example_sla_dag to 2024-05-24 10:46:00+00:00, run_after=2024-05-24 10:48:00+00:00
[2024-05-24T17:48:12.813+0700] {processor.py:183} INFO - Processing /mnt/d/Programming/Vietnamese-Text-Generator/airflow_env/lib/python3.10/site-packages/airflow/example_dags/example_sla_dag.py took 0.613 seconds
[2024-05-24T17:49:17.300+0700] {processor.py:161} INFO - Started process (PID=8721) to work on /mnt/d/Programming/Vietnamese-Text-Generator/airflow_env/lib/python3.10/site-packages/airflow/example_dags/example_sla_dag.py
[2024-05-24T17:49:17.306+0700] {processor.py:830} INFO - Processing file /mnt/d/Programming/Vietnamese-Text-Generator/airflow_env/lib/python3.10/site-packages/airflow/example_dags/example_sla_dag.py for tasks to queue
[2024-05-24T17:49:17.321+0700] {logging_mixin.py:188} INFO - [2024-05-24T17:49:17.317+0700] {dagbag.py:540} INFO - Filling up the DagBag from /mnt/d/Programming/Vietnamese-Text-Generator/airflow_env/lib/python3.10/site-packages/airflow/example_dags/example_sla_dag.py
[2024-05-24T17:49:17.426+0700] {processor.py:840} INFO - DAG(s) 'example_sla_dag' retrieved from /mnt/d/Programming/Vietnamese-Text-Generator/airflow_env/lib/python3.10/site-packages/airflow/example_dags/example_sla_dag.py
[2024-05-24T17:49:17.517+0700] {logging_mixin.py:188} INFO - [2024-05-24T17:49:17.514+0700] {dag.py:3096} INFO - Sync 1 DAGs
[2024-05-24T17:49:17.647+0700] {logging_mixin.py:188} INFO - [2024-05-24T17:49:17.645+0700] {dag.py:3954} INFO - Setting next_dagrun for example_sla_dag to 2024-05-24 10:46:00+00:00, run_after=2024-05-24 10:48:00+00:00
[2024-05-24T17:49:17.829+0700] {processor.py:183} INFO - Processing /mnt/d/Programming/Vietnamese-Text-Generator/airflow_env/lib/python3.10/site-packages/airflow/example_dags/example_sla_dag.py took 0.572 seconds
[2024-05-24T17:51:27.908+0700] {processor.py:161} INFO - Started process (PID=9292) to work on /mnt/d/Programming/Vietnamese-Text-Generator/airflow_env/lib/python3.10/site-packages/airflow/example_dags/example_sla_dag.py
[2024-05-24T17:51:27.913+0700] {processor.py:830} INFO - Processing file /mnt/d/Programming/Vietnamese-Text-Generator/airflow_env/lib/python3.10/site-packages/airflow/example_dags/example_sla_dag.py for tasks to queue
[2024-05-24T17:51:27.925+0700] {logging_mixin.py:188} INFO - [2024-05-24T17:51:27.922+0700] {dagbag.py:540} INFO - Filling up the DagBag from /mnt/d/Programming/Vietnamese-Text-Generator/airflow_env/lib/python3.10/site-packages/airflow/example_dags/example_sla_dag.py
[2024-05-24T17:51:27.995+0700] {processor.py:840} INFO - DAG(s) 'example_sla_dag' retrieved from /mnt/d/Programming/Vietnamese-Text-Generator/airflow_env/lib/python3.10/site-packages/airflow/example_dags/example_sla_dag.py
[2024-05-24T17:51:28.057+0700] {logging_mixin.py:188} INFO - [2024-05-24T17:51:28.054+0700] {dag.py:3096} INFO - Sync 1 DAGs
[2024-05-24T17:51:28.163+0700] {logging_mixin.py:188} INFO - [2024-05-24T17:51:28.162+0700] {dag.py:3954} INFO - Setting next_dagrun for example_sla_dag to 2024-05-24 10:48:00+00:00, run_after=2024-05-24 10:50:00+00:00
[2024-05-24T17:51:28.244+0700] {processor.py:183} INFO - Processing /mnt/d/Programming/Vietnamese-Text-Generator/airflow_env/lib/python3.10/site-packages/airflow/example_dags/example_sla_dag.py took 0.370 seconds
[2024-05-24T17:52:39.346+0700] {processor.py:161} INFO - Started process (PID=9609) to work on /mnt/d/Programming/Vietnamese-Text-Generator/airflow_env/lib/python3.10/site-packages/airflow/example_dags/example_sla_dag.py
[2024-05-24T17:52:39.352+0700] {processor.py:830} INFO - Processing file /mnt/d/Programming/Vietnamese-Text-Generator/airflow_env/lib/python3.10/site-packages/airflow/example_dags/example_sla_dag.py for tasks to queue
[2024-05-24T17:52:39.365+0700] {logging_mixin.py:188} INFO - [2024-05-24T17:52:39.361+0700] {dagbag.py:540} INFO - Filling up the DagBag from /mnt/d/Programming/Vietnamese-Text-Generator/airflow_env/lib/python3.10/site-packages/airflow/example_dags/example_sla_dag.py
[2024-05-24T17:52:39.472+0700] {processor.py:840} INFO - DAG(s) 'example_sla_dag' retrieved from /mnt/d/Programming/Vietnamese-Text-Generator/airflow_env/lib/python3.10/site-packages/airflow/example_dags/example_sla_dag.py
[2024-05-24T17:52:39.562+0700] {logging_mixin.py:188} INFO - [2024-05-24T17:52:39.559+0700] {dag.py:3096} INFO - Sync 1 DAGs
[2024-05-24T17:52:39.688+0700] {logging_mixin.py:188} INFO - [2024-05-24T17:52:39.684+0700] {dag.py:3954} INFO - Setting next_dagrun for example_sla_dag to 2024-05-24 10:50:00+00:00, run_after=2024-05-24 10:52:00+00:00
[2024-05-24T17:52:39.903+0700] {processor.py:183} INFO - Processing /mnt/d/Programming/Vietnamese-Text-Generator/airflow_env/lib/python3.10/site-packages/airflow/example_dags/example_sla_dag.py took 0.600 seconds
[2024-05-24T17:53:47.266+0700] {processor.py:161} INFO - Started process (PID=9902) to work on /mnt/d/Programming/Vietnamese-Text-Generator/airflow_env/lib/python3.10/site-packages/airflow/example_dags/example_sla_dag.py
[2024-05-24T17:53:47.271+0700] {processor.py:830} INFO - Processing file /mnt/d/Programming/Vietnamese-Text-Generator/airflow_env/lib/python3.10/site-packages/airflow/example_dags/example_sla_dag.py for tasks to queue
[2024-05-24T17:53:47.283+0700] {logging_mixin.py:188} INFO - [2024-05-24T17:53:47.280+0700] {dagbag.py:540} INFO - Filling up the DagBag from /mnt/d/Programming/Vietnamese-Text-Generator/airflow_env/lib/python3.10/site-packages/airflow/example_dags/example_sla_dag.py
[2024-05-24T17:53:47.371+0700] {processor.py:840} INFO - DAG(s) 'example_sla_dag' retrieved from /mnt/d/Programming/Vietnamese-Text-Generator/airflow_env/lib/python3.10/site-packages/airflow/example_dags/example_sla_dag.py
[2024-05-24T17:53:47.454+0700] {logging_mixin.py:188} INFO - [2024-05-24T17:53:47.452+0700] {dag.py:3096} INFO - Sync 1 DAGs
[2024-05-24T17:53:47.587+0700] {logging_mixin.py:188} INFO - [2024-05-24T17:53:47.583+0700] {dag.py:3954} INFO - Setting next_dagrun for example_sla_dag to 2024-05-24 10:50:00+00:00, run_after=2024-05-24 10:52:00+00:00
[2024-05-24T17:53:47.803+0700] {processor.py:183} INFO - Processing /mnt/d/Programming/Vietnamese-Text-Generator/airflow_env/lib/python3.10/site-packages/airflow/example_dags/example_sla_dag.py took 0.575 seconds
[2024-05-24T17:54:56.861+0700] {processor.py:161} INFO - Started process (PID=10206) to work on /mnt/d/Programming/Vietnamese-Text-Generator/airflow_env/lib/python3.10/site-packages/airflow/example_dags/example_sla_dag.py
[2024-05-24T17:54:56.867+0700] {processor.py:830} INFO - Processing file /mnt/d/Programming/Vietnamese-Text-Generator/airflow_env/lib/python3.10/site-packages/airflow/example_dags/example_sla_dag.py for tasks to queue
[2024-05-24T17:54:56.881+0700] {logging_mixin.py:188} INFO - [2024-05-24T17:54:56.877+0700] {dagbag.py:540} INFO - Filling up the DagBag from /mnt/d/Programming/Vietnamese-Text-Generator/airflow_env/lib/python3.10/site-packages/airflow/example_dags/example_sla_dag.py
[2024-05-24T17:54:56.974+0700] {processor.py:840} INFO - DAG(s) 'example_sla_dag' retrieved from /mnt/d/Programming/Vietnamese-Text-Generator/airflow_env/lib/python3.10/site-packages/airflow/example_dags/example_sla_dag.py
[2024-05-24T17:54:57.066+0700] {logging_mixin.py:188} INFO - [2024-05-24T17:54:57.063+0700] {dag.py:3096} INFO - Sync 1 DAGs
[2024-05-24T17:54:57.192+0700] {logging_mixin.py:188} INFO - [2024-05-24T17:54:57.188+0700] {dag.py:3954} INFO - Setting next_dagrun for example_sla_dag to 2024-05-24 10:52:00+00:00, run_after=2024-05-24 10:54:00+00:00
[2024-05-24T17:54:57.287+0700] {processor.py:183} INFO - Processing /mnt/d/Programming/Vietnamese-Text-Generator/airflow_env/lib/python3.10/site-packages/airflow/example_dags/example_sla_dag.py took 0.470 seconds
[2024-05-24T17:56:05.324+0700] {processor.py:161} INFO - Started process (PID=10506) to work on /mnt/d/Programming/Vietnamese-Text-Generator/airflow_env/lib/python3.10/site-packages/airflow/example_dags/example_sla_dag.py
[2024-05-24T17:56:05.332+0700] {processor.py:830} INFO - Processing file /mnt/d/Programming/Vietnamese-Text-Generator/airflow_env/lib/python3.10/site-packages/airflow/example_dags/example_sla_dag.py for tasks to queue
[2024-05-24T17:56:05.348+0700] {logging_mixin.py:188} INFO - [2024-05-24T17:56:05.344+0700] {dagbag.py:540} INFO - Filling up the DagBag from /mnt/d/Programming/Vietnamese-Text-Generator/airflow_env/lib/python3.10/site-packages/airflow/example_dags/example_sla_dag.py
[2024-05-24T17:56:05.466+0700] {processor.py:840} INFO - DAG(s) 'example_sla_dag' retrieved from /mnt/d/Programming/Vietnamese-Text-Generator/airflow_env/lib/python3.10/site-packages/airflow/example_dags/example_sla_dag.py
[2024-05-24T17:56:05.567+0700] {logging_mixin.py:188} INFO - [2024-05-24T17:56:05.564+0700] {dag.py:3096} INFO - Sync 1 DAGs
[2024-05-24T17:56:05.698+0700] {logging_mixin.py:188} INFO - [2024-05-24T17:56:05.696+0700] {dag.py:3954} INFO - Setting next_dagrun for example_sla_dag to 2024-05-24 10:54:00+00:00, run_after=2024-05-24 10:56:00+00:00
[2024-05-24T17:56:05.890+0700] {processor.py:183} INFO - Processing /mnt/d/Programming/Vietnamese-Text-Generator/airflow_env/lib/python3.10/site-packages/airflow/example_dags/example_sla_dag.py took 0.614 seconds
[2024-05-24T17:57:15.161+0700] {processor.py:161} INFO - Started process (PID=10810) to work on /mnt/d/Programming/Vietnamese-Text-Generator/airflow_env/lib/python3.10/site-packages/airflow/example_dags/example_sla_dag.py
[2024-05-24T17:57:15.168+0700] {processor.py:830} INFO - Processing file /mnt/d/Programming/Vietnamese-Text-Generator/airflow_env/lib/python3.10/site-packages/airflow/example_dags/example_sla_dag.py for tasks to queue
[2024-05-24T17:57:15.181+0700] {logging_mixin.py:188} INFO - [2024-05-24T17:57:15.177+0700] {dagbag.py:540} INFO - Filling up the DagBag from /mnt/d/Programming/Vietnamese-Text-Generator/airflow_env/lib/python3.10/site-packages/airflow/example_dags/example_sla_dag.py
[2024-05-24T17:57:15.256+0700] {processor.py:840} INFO - DAG(s) 'example_sla_dag' retrieved from /mnt/d/Programming/Vietnamese-Text-Generator/airflow_env/lib/python3.10/site-packages/airflow/example_dags/example_sla_dag.py
[2024-05-24T17:57:15.325+0700] {logging_mixin.py:188} INFO - [2024-05-24T17:57:15.322+0700] {dag.py:3096} INFO - Sync 1 DAGs
[2024-05-24T17:57:15.433+0700] {logging_mixin.py:188} INFO - [2024-05-24T17:57:15.430+0700] {dag.py:3954} INFO - Setting next_dagrun for example_sla_dag to 2024-05-24 10:54:00+00:00, run_after=2024-05-24 10:56:00+00:00
[2024-05-24T17:57:15.597+0700] {processor.py:183} INFO - Processing /mnt/d/Programming/Vietnamese-Text-Generator/airflow_env/lib/python3.10/site-packages/airflow/example_dags/example_sla_dag.py took 0.486 seconds
[2024-05-24T17:58:25.693+0700] {processor.py:161} INFO - Started process (PID=11116) to work on /mnt/d/Programming/Vietnamese-Text-Generator/airflow_env/lib/python3.10/site-packages/airflow/example_dags/example_sla_dag.py
[2024-05-24T17:58:25.700+0700] {processor.py:830} INFO - Processing file /mnt/d/Programming/Vietnamese-Text-Generator/airflow_env/lib/python3.10/site-packages/airflow/example_dags/example_sla_dag.py for tasks to queue
[2024-05-24T17:58:25.713+0700] {logging_mixin.py:188} INFO - [2024-05-24T17:58:25.710+0700] {dagbag.py:540} INFO - Filling up the DagBag from /mnt/d/Programming/Vietnamese-Text-Generator/airflow_env/lib/python3.10/site-packages/airflow/example_dags/example_sla_dag.py
[2024-05-24T17:58:25.822+0700] {processor.py:840} INFO - DAG(s) 'example_sla_dag' retrieved from /mnt/d/Programming/Vietnamese-Text-Generator/airflow_env/lib/python3.10/site-packages/airflow/example_dags/example_sla_dag.py
[2024-05-24T17:58:25.915+0700] {logging_mixin.py:188} INFO - [2024-05-24T17:58:25.912+0700] {dag.py:3096} INFO - Sync 1 DAGs
[2024-05-24T17:58:26.043+0700] {logging_mixin.py:188} INFO - [2024-05-24T17:58:26.040+0700] {dag.py:3954} INFO - Setting next_dagrun for example_sla_dag to 2024-05-24 10:56:00+00:00, run_after=2024-05-24 10:58:00+00:00
[2024-05-24T17:58:26.208+0700] {processor.py:183} INFO - Processing /mnt/d/Programming/Vietnamese-Text-Generator/airflow_env/lib/python3.10/site-packages/airflow/example_dags/example_sla_dag.py took 0.559 seconds
[2024-05-24T17:59:31.599+0700] {processor.py:161} INFO - Started process (PID=11404) to work on /mnt/d/Programming/Vietnamese-Text-Generator/airflow_env/lib/python3.10/site-packages/airflow/example_dags/example_sla_dag.py
[2024-05-24T17:59:31.606+0700] {processor.py:830} INFO - Processing file /mnt/d/Programming/Vietnamese-Text-Generator/airflow_env/lib/python3.10/site-packages/airflow/example_dags/example_sla_dag.py for tasks to queue
[2024-05-24T17:59:31.619+0700] {logging_mixin.py:188} INFO - [2024-05-24T17:59:31.615+0700] {dagbag.py:540} INFO - Filling up the DagBag from /mnt/d/Programming/Vietnamese-Text-Generator/airflow_env/lib/python3.10/site-packages/airflow/example_dags/example_sla_dag.py
[2024-05-24T17:59:31.726+0700] {processor.py:840} INFO - DAG(s) 'example_sla_dag' retrieved from /mnt/d/Programming/Vietnamese-Text-Generator/airflow_env/lib/python3.10/site-packages/airflow/example_dags/example_sla_dag.py
[2024-05-24T17:59:31.777+0700] {logging_mixin.py:188} INFO - [2024-05-24T17:59:31.776+0700] {dag.py:3096} INFO - Sync 1 DAGs
[2024-05-24T17:59:31.834+0700] {logging_mixin.py:188} INFO - [2024-05-24T17:59:31.833+0700] {dag.py:3954} INFO - Setting next_dagrun for example_sla_dag to 2024-05-24 10:56:00+00:00, run_after=2024-05-24 10:58:00+00:00
[2024-05-24T17:59:31.988+0700] {processor.py:183} INFO - Processing /mnt/d/Programming/Vietnamese-Text-Generator/airflow_env/lib/python3.10/site-packages/airflow/example_dags/example_sla_dag.py took 0.432 seconds
[2024-05-24T18:00:39.897+0700] {processor.py:161} INFO - Started process (PID=11701) to work on /mnt/d/Programming/Vietnamese-Text-Generator/airflow_env/lib/python3.10/site-packages/airflow/example_dags/example_sla_dag.py
[2024-05-24T18:00:39.905+0700] {processor.py:830} INFO - Processing file /mnt/d/Programming/Vietnamese-Text-Generator/airflow_env/lib/python3.10/site-packages/airflow/example_dags/example_sla_dag.py for tasks to queue
[2024-05-24T18:00:39.917+0700] {logging_mixin.py:188} INFO - [2024-05-24T18:00:39.915+0700] {dagbag.py:540} INFO - Filling up the DagBag from /mnt/d/Programming/Vietnamese-Text-Generator/airflow_env/lib/python3.10/site-packages/airflow/example_dags/example_sla_dag.py
[2024-05-24T18:00:39.998+0700] {processor.py:840} INFO - DAG(s) 'example_sla_dag' retrieved from /mnt/d/Programming/Vietnamese-Text-Generator/airflow_env/lib/python3.10/site-packages/airflow/example_dags/example_sla_dag.py
[2024-05-24T18:00:40.063+0700] {logging_mixin.py:188} INFO - [2024-05-24T18:00:40.062+0700] {dag.py:3096} INFO - Sync 1 DAGs
[2024-05-24T18:00:40.123+0700] {logging_mixin.py:188} INFO - [2024-05-24T18:00:40.122+0700] {dag.py:3954} INFO - Setting next_dagrun for example_sla_dag to 2024-05-24 10:58:00+00:00, run_after=2024-05-24 11:00:00+00:00
[2024-05-24T18:00:40.194+0700] {processor.py:183} INFO - Processing /mnt/d/Programming/Vietnamese-Text-Generator/airflow_env/lib/python3.10/site-packages/airflow/example_dags/example_sla_dag.py took 0.358 seconds
[2024-05-24T18:01:50.480+0700] {processor.py:161} INFO - Started process (PID=12009) to work on /mnt/d/Programming/Vietnamese-Text-Generator/airflow_env/lib/python3.10/site-packages/airflow/example_dags/example_sla_dag.py
[2024-05-24T18:01:50.483+0700] {processor.py:830} INFO - Processing file /mnt/d/Programming/Vietnamese-Text-Generator/airflow_env/lib/python3.10/site-packages/airflow/example_dags/example_sla_dag.py for tasks to queue
[2024-05-24T18:01:50.490+0700] {logging_mixin.py:188} INFO - [2024-05-24T18:01:50.488+0700] {dagbag.py:540} INFO - Filling up the DagBag from /mnt/d/Programming/Vietnamese-Text-Generator/airflow_env/lib/python3.10/site-packages/airflow/example_dags/example_sla_dag.py
[2024-05-24T18:01:50.533+0700] {processor.py:840} INFO - DAG(s) 'example_sla_dag' retrieved from /mnt/d/Programming/Vietnamese-Text-Generator/airflow_env/lib/python3.10/site-packages/airflow/example_dags/example_sla_dag.py
[2024-05-24T18:01:50.568+0700] {logging_mixin.py:188} INFO - [2024-05-24T18:01:50.567+0700] {dag.py:3096} INFO - Sync 1 DAGs
[2024-05-24T18:01:50.636+0700] {logging_mixin.py:188} INFO - [2024-05-24T18:01:50.634+0700] {dag.py:3954} INFO - Setting next_dagrun for example_sla_dag to 2024-05-24 10:58:00+00:00, run_after=2024-05-24 11:00:00+00:00
[2024-05-24T18:01:50.772+0700] {processor.py:183} INFO - Processing /mnt/d/Programming/Vietnamese-Text-Generator/airflow_env/lib/python3.10/site-packages/airflow/example_dags/example_sla_dag.py took 0.320 seconds
[2024-05-24T18:02:57.723+0700] {processor.py:161} INFO - Started process (PID=12305) to work on /mnt/d/Programming/Vietnamese-Text-Generator/airflow_env/lib/python3.10/site-packages/airflow/example_dags/example_sla_dag.py
[2024-05-24T18:02:57.730+0700] {processor.py:830} INFO - Processing file /mnt/d/Programming/Vietnamese-Text-Generator/airflow_env/lib/python3.10/site-packages/airflow/example_dags/example_sla_dag.py for tasks to queue
[2024-05-24T18:02:57.745+0700] {logging_mixin.py:188} INFO - [2024-05-24T18:02:57.742+0700] {dagbag.py:540} INFO - Filling up the DagBag from /mnt/d/Programming/Vietnamese-Text-Generator/airflow_env/lib/python3.10/site-packages/airflow/example_dags/example_sla_dag.py
[2024-05-24T18:02:57.842+0700] {processor.py:840} INFO - DAG(s) 'example_sla_dag' retrieved from /mnt/d/Programming/Vietnamese-Text-Generator/airflow_env/lib/python3.10/site-packages/airflow/example_dags/example_sla_dag.py
[2024-05-24T18:02:57.919+0700] {logging_mixin.py:188} INFO - [2024-05-24T18:02:57.917+0700] {dag.py:3096} INFO - Sync 1 DAGs
[2024-05-24T18:02:58.039+0700] {logging_mixin.py:188} INFO - [2024-05-24T18:02:58.037+0700] {dag.py:3954} INFO - Setting next_dagrun for example_sla_dag to 2024-05-24 11:00:00+00:00, run_after=2024-05-24 11:02:00+00:00
[2024-05-24T18:02:58.238+0700] {processor.py:183} INFO - Processing /mnt/d/Programming/Vietnamese-Text-Generator/airflow_env/lib/python3.10/site-packages/airflow/example_dags/example_sla_dag.py took 0.566 seconds
[2024-05-24T18:04:11.596+0700] {processor.py:161} INFO - Started process (PID=12626) to work on /mnt/d/Programming/Vietnamese-Text-Generator/airflow_env/lib/python3.10/site-packages/airflow/example_dags/example_sla_dag.py
[2024-05-24T18:04:11.602+0700] {processor.py:830} INFO - Processing file /mnt/d/Programming/Vietnamese-Text-Generator/airflow_env/lib/python3.10/site-packages/airflow/example_dags/example_sla_dag.py for tasks to queue
[2024-05-24T18:04:11.614+0700] {logging_mixin.py:188} INFO - [2024-05-24T18:04:11.611+0700] {dagbag.py:540} INFO - Filling up the DagBag from /mnt/d/Programming/Vietnamese-Text-Generator/airflow_env/lib/python3.10/site-packages/airflow/example_dags/example_sla_dag.py
[2024-05-24T18:04:11.709+0700] {processor.py:840} INFO - DAG(s) 'example_sla_dag' retrieved from /mnt/d/Programming/Vietnamese-Text-Generator/airflow_env/lib/python3.10/site-packages/airflow/example_dags/example_sla_dag.py
[2024-05-24T18:04:11.793+0700] {logging_mixin.py:188} INFO - [2024-05-24T18:04:11.791+0700] {dag.py:3096} INFO - Sync 1 DAGs
[2024-05-24T18:04:11.904+0700] {logging_mixin.py:188} INFO - [2024-05-24T18:04:11.902+0700] {dag.py:3954} INFO - Setting next_dagrun for example_sla_dag to 2024-05-24 11:02:00+00:00, run_after=2024-05-24 11:04:00+00:00
[2024-05-24T18:04:12.086+0700] {processor.py:183} INFO - Processing /mnt/d/Programming/Vietnamese-Text-Generator/airflow_env/lib/python3.10/site-packages/airflow/example_dags/example_sla_dag.py took 0.528 seconds
[2024-05-24T18:05:22.933+0700] {processor.py:161} INFO - Started process (PID=12936) to work on /mnt/d/Programming/Vietnamese-Text-Generator/airflow_env/lib/python3.10/site-packages/airflow/example_dags/example_sla_dag.py
[2024-05-24T18:05:22.939+0700] {processor.py:830} INFO - Processing file /mnt/d/Programming/Vietnamese-Text-Generator/airflow_env/lib/python3.10/site-packages/airflow/example_dags/example_sla_dag.py for tasks to queue
[2024-05-24T18:05:22.960+0700] {logging_mixin.py:188} INFO - [2024-05-24T18:05:22.952+0700] {dagbag.py:540} INFO - Filling up the DagBag from /mnt/d/Programming/Vietnamese-Text-Generator/airflow_env/lib/python3.10/site-packages/airflow/example_dags/example_sla_dag.py
[2024-05-24T18:05:23.071+0700] {processor.py:840} INFO - DAG(s) 'example_sla_dag' retrieved from /mnt/d/Programming/Vietnamese-Text-Generator/airflow_env/lib/python3.10/site-packages/airflow/example_dags/example_sla_dag.py
[2024-05-24T18:05:23.169+0700] {logging_mixin.py:188} INFO - [2024-05-24T18:05:23.166+0700] {dag.py:3096} INFO - Sync 1 DAGs
[2024-05-24T18:05:23.285+0700] {logging_mixin.py:188} INFO - [2024-05-24T18:05:23.283+0700] {dag.py:3954} INFO - Setting next_dagrun for example_sla_dag to 2024-05-24 11:02:00+00:00, run_after=2024-05-24 11:04:00+00:00
[2024-05-24T18:05:23.450+0700] {processor.py:183} INFO - Processing /mnt/d/Programming/Vietnamese-Text-Generator/airflow_env/lib/python3.10/site-packages/airflow/example_dags/example_sla_dag.py took 0.565 seconds
