[2024-05-24T17:01:35.064+0700] {processor.py:161} INFO - Started process (PID=1776) to work on /mnt/d/Programming/Vietnamese-Text-Generator/airflow_env/lib/python3.10/site-packages/airflow/example_dags/example_task_group_decorator.py
[2024-05-24T17:01:35.066+0700] {processor.py:830} INFO - Processing file /mnt/d/Programming/Vietnamese-Text-Generator/airflow_env/lib/python3.10/site-packages/airflow/example_dags/example_task_group_decorator.py for tasks to queue
[2024-05-24T17:01:35.075+0700] {logging_mixin.py:188} INFO - [2024-05-24T17:01:35.073+0700] {dagbag.py:540} INFO - Filling up the DagBag from /mnt/d/Programming/Vietnamese-Text-Generator/airflow_env/lib/python3.10/site-packages/airflow/example_dags/example_task_group_decorator.py
[2024-05-24T17:01:35.168+0700] {processor.py:840} INFO - DAG(s) 'example_task_group_decorator' retrieved from /mnt/d/Programming/Vietnamese-Text-Generator/airflow_env/lib/python3.10/site-packages/airflow/example_dags/example_task_group_decorator.py
[2024-05-24T17:01:35.220+0700] {logging_mixin.py:188} INFO - [2024-05-24T17:01:35.219+0700] {dag.py:3096} INFO - Sync 1 DAGs
[2024-05-24T17:01:35.289+0700] {logging_mixin.py:188} INFO - [2024-05-24T17:01:35.288+0700] {dag.py:3954} INFO - Setting next_dagrun for example_task_group_decorator to 2024-05-23 00:00:00+00:00, run_after=2024-05-24 00:00:00+00:00
[2024-05-24T17:01:35.392+0700] {processor.py:183} INFO - Processing /mnt/d/Programming/Vietnamese-Text-Generator/airflow_env/lib/python3.10/site-packages/airflow/example_dags/example_task_group_decorator.py took 0.344 seconds
[2024-05-24T17:03:33.637+0700] {processor.py:161} INFO - Started process (PID=2284) to work on /mnt/d/Programming/Vietnamese-Text-Generator/airflow_env/lib/python3.10/site-packages/airflow/example_dags/example_task_group_decorator.py
[2024-05-24T17:03:33.643+0700] {processor.py:830} INFO - Processing file /mnt/d/Programming/Vietnamese-Text-Generator/airflow_env/lib/python3.10/site-packages/airflow/example_dags/example_task_group_decorator.py for tasks to queue
[2024-05-24T17:03:33.654+0700] {logging_mixin.py:188} INFO - [2024-05-24T17:03:33.652+0700] {dagbag.py:540} INFO - Filling up the DagBag from /mnt/d/Programming/Vietnamese-Text-Generator/airflow_env/lib/python3.10/site-packages/airflow/example_dags/example_task_group_decorator.py
[2024-05-24T17:03:33.726+0700] {processor.py:840} INFO - DAG(s) 'example_task_group_decorator' retrieved from /mnt/d/Programming/Vietnamese-Text-Generator/airflow_env/lib/python3.10/site-packages/airflow/example_dags/example_task_group_decorator.py
[2024-05-24T17:03:33.837+0700] {logging_mixin.py:188} INFO - [2024-05-24T17:03:33.834+0700] {dag.py:3096} INFO - Sync 1 DAGs
[2024-05-24T17:03:33.932+0700] {logging_mixin.py:188} INFO - [2024-05-24T17:03:33.930+0700] {dag.py:3954} INFO - Setting next_dagrun for example_task_group_decorator to 2024-05-23 00:00:00+00:00, run_after=2024-05-24 00:00:00+00:00
[2024-05-24T17:03:34.104+0700] {processor.py:183} INFO - Processing /mnt/d/Programming/Vietnamese-Text-Generator/airflow_env/lib/python3.10/site-packages/airflow/example_dags/example_task_group_decorator.py took 0.531 seconds
[2024-05-24T17:04:49.340+0700] {processor.py:161} INFO - Started process (PID=2614) to work on /mnt/d/Programming/Vietnamese-Text-Generator/airflow_env/lib/python3.10/site-packages/airflow/example_dags/example_task_group_decorator.py
[2024-05-24T17:04:49.343+0700] {processor.py:830} INFO - Processing file /mnt/d/Programming/Vietnamese-Text-Generator/airflow_env/lib/python3.10/site-packages/airflow/example_dags/example_task_group_decorator.py for tasks to queue
[2024-05-24T17:04:49.349+0700] {logging_mixin.py:188} INFO - [2024-05-24T17:04:49.347+0700] {dagbag.py:540} INFO - Filling up the DagBag from /mnt/d/Programming/Vietnamese-Text-Generator/airflow_env/lib/python3.10/site-packages/airflow/example_dags/example_task_group_decorator.py
[2024-05-24T17:04:49.412+0700] {processor.py:840} INFO - DAG(s) 'example_task_group_decorator' retrieved from /mnt/d/Programming/Vietnamese-Text-Generator/airflow_env/lib/python3.10/site-packages/airflow/example_dags/example_task_group_decorator.py
[2024-05-24T17:04:49.477+0700] {logging_mixin.py:188} INFO - [2024-05-24T17:04:49.474+0700] {dag.py:3096} INFO - Sync 1 DAGs
[2024-05-24T17:04:49.542+0700] {logging_mixin.py:188} INFO - [2024-05-24T17:04:49.540+0700] {dag.py:3954} INFO - Setting next_dagrun for example_task_group_decorator to 2024-05-23 00:00:00+00:00, run_after=2024-05-24 00:00:00+00:00
[2024-05-24T17:04:49.643+0700] {processor.py:183} INFO - Processing /mnt/d/Programming/Vietnamese-Text-Generator/airflow_env/lib/python3.10/site-packages/airflow/example_dags/example_task_group_decorator.py took 0.322 seconds
[2024-05-24T17:05:58.122+0700] {processor.py:161} INFO - Started process (PID=2915) to work on /mnt/d/Programming/Vietnamese-Text-Generator/airflow_env/lib/python3.10/site-packages/airflow/example_dags/example_task_group_decorator.py
[2024-05-24T17:05:58.128+0700] {processor.py:830} INFO - Processing file /mnt/d/Programming/Vietnamese-Text-Generator/airflow_env/lib/python3.10/site-packages/airflow/example_dags/example_task_group_decorator.py for tasks to queue
[2024-05-24T17:05:58.140+0700] {logging_mixin.py:188} INFO - [2024-05-24T17:05:58.136+0700] {dagbag.py:540} INFO - Filling up the DagBag from /mnt/d/Programming/Vietnamese-Text-Generator/airflow_env/lib/python3.10/site-packages/airflow/example_dags/example_task_group_decorator.py
[2024-05-24T17:05:58.255+0700] {processor.py:840} INFO - DAG(s) 'example_task_group_decorator' retrieved from /mnt/d/Programming/Vietnamese-Text-Generator/airflow_env/lib/python3.10/site-packages/airflow/example_dags/example_task_group_decorator.py
[2024-05-24T17:05:58.371+0700] {logging_mixin.py:188} INFO - [2024-05-24T17:05:58.368+0700] {dag.py:3096} INFO - Sync 1 DAGs
[2024-05-24T17:05:58.477+0700] {logging_mixin.py:188} INFO - [2024-05-24T17:05:58.474+0700] {dag.py:3954} INFO - Setting next_dagrun for example_task_group_decorator to 2024-05-23 00:00:00+00:00, run_after=2024-05-24 00:00:00+00:00
[2024-05-24T17:05:58.676+0700] {processor.py:183} INFO - Processing /mnt/d/Programming/Vietnamese-Text-Generator/airflow_env/lib/python3.10/site-packages/airflow/example_dags/example_task_group_decorator.py took 0.598 seconds
[2024-05-24T17:07:06.010+0700] {processor.py:161} INFO - Started process (PID=3289) to work on /mnt/d/Programming/Vietnamese-Text-Generator/airflow_env/lib/python3.10/site-packages/airflow/example_dags/example_task_group_decorator.py
[2024-05-24T17:07:06.015+0700] {processor.py:830} INFO - Processing file /mnt/d/Programming/Vietnamese-Text-Generator/airflow_env/lib/python3.10/site-packages/airflow/example_dags/example_task_group_decorator.py for tasks to queue
[2024-05-24T17:07:06.022+0700] {logging_mixin.py:188} INFO - [2024-05-24T17:07:06.020+0700] {dagbag.py:540} INFO - Filling up the DagBag from /mnt/d/Programming/Vietnamese-Text-Generator/airflow_env/lib/python3.10/site-packages/airflow/example_dags/example_task_group_decorator.py
[2024-05-24T17:07:06.098+0700] {processor.py:840} INFO - DAG(s) 'example_task_group_decorator' retrieved from /mnt/d/Programming/Vietnamese-Text-Generator/airflow_env/lib/python3.10/site-packages/airflow/example_dags/example_task_group_decorator.py
[2024-05-24T17:07:06.149+0700] {logging_mixin.py:188} INFO - [2024-05-24T17:07:06.148+0700] {dag.py:3096} INFO - Sync 1 DAGs
[2024-05-24T17:07:06.201+0700] {logging_mixin.py:188} INFO - [2024-05-24T17:07:06.200+0700] {dag.py:3954} INFO - Setting next_dagrun for example_task_group_decorator to 2024-05-23 00:00:00+00:00, run_after=2024-05-24 00:00:00+00:00
[2024-05-24T17:07:06.275+0700] {processor.py:183} INFO - Processing /mnt/d/Programming/Vietnamese-Text-Generator/airflow_env/lib/python3.10/site-packages/airflow/example_dags/example_task_group_decorator.py took 0.381 seconds
[2024-05-24T17:08:07.973+0700] {processor.py:161} INFO - Started process (PID=3563) to work on /mnt/d/Programming/Vietnamese-Text-Generator/airflow_env/lib/python3.10/site-packages/airflow/example_dags/example_task_group_decorator.py
[2024-05-24T17:08:07.980+0700] {processor.py:830} INFO - Processing file /mnt/d/Programming/Vietnamese-Text-Generator/airflow_env/lib/python3.10/site-packages/airflow/example_dags/example_task_group_decorator.py for tasks to queue
[2024-05-24T17:08:07.997+0700] {logging_mixin.py:188} INFO - [2024-05-24T17:08:07.992+0700] {dagbag.py:540} INFO - Filling up the DagBag from /mnt/d/Programming/Vietnamese-Text-Generator/airflow_env/lib/python3.10/site-packages/airflow/example_dags/example_task_group_decorator.py
[2024-05-24T17:08:08.103+0700] {processor.py:840} INFO - DAG(s) 'example_task_group_decorator' retrieved from /mnt/d/Programming/Vietnamese-Text-Generator/airflow_env/lib/python3.10/site-packages/airflow/example_dags/example_task_group_decorator.py
[2024-05-24T17:08:08.197+0700] {logging_mixin.py:188} INFO - [2024-05-24T17:08:08.195+0700] {dag.py:3096} INFO - Sync 1 DAGs
[2024-05-24T17:08:08.267+0700] {logging_mixin.py:188} INFO - [2024-05-24T17:08:08.264+0700] {dag.py:3954} INFO - Setting next_dagrun for example_task_group_decorator to 2024-05-23 00:00:00+00:00, run_after=2024-05-24 00:00:00+00:00
[2024-05-24T17:08:08.399+0700] {processor.py:183} INFO - Processing /mnt/d/Programming/Vietnamese-Text-Generator/airflow_env/lib/python3.10/site-packages/airflow/example_dags/example_task_group_decorator.py took 0.474 seconds
[2024-05-24T17:09:15.582+0700] {processor.py:161} INFO - Started process (PID=3859) to work on /mnt/d/Programming/Vietnamese-Text-Generator/airflow_env/lib/python3.10/site-packages/airflow/example_dags/example_task_group_decorator.py
[2024-05-24T17:09:15.589+0700] {processor.py:830} INFO - Processing file /mnt/d/Programming/Vietnamese-Text-Generator/airflow_env/lib/python3.10/site-packages/airflow/example_dags/example_task_group_decorator.py for tasks to queue
[2024-05-24T17:09:15.600+0700] {logging_mixin.py:188} INFO - [2024-05-24T17:09:15.597+0700] {dagbag.py:540} INFO - Filling up the DagBag from /mnt/d/Programming/Vietnamese-Text-Generator/airflow_env/lib/python3.10/site-packages/airflow/example_dags/example_task_group_decorator.py
[2024-05-24T17:09:15.717+0700] {processor.py:840} INFO - DAG(s) 'example_task_group_decorator' retrieved from /mnt/d/Programming/Vietnamese-Text-Generator/airflow_env/lib/python3.10/site-packages/airflow/example_dags/example_task_group_decorator.py
[2024-05-24T17:09:15.834+0700] {logging_mixin.py:188} INFO - [2024-05-24T17:09:15.830+0700] {dag.py:3096} INFO - Sync 1 DAGs
[2024-05-24T17:09:15.941+0700] {logging_mixin.py:188} INFO - [2024-05-24T17:09:15.938+0700] {dag.py:3954} INFO - Setting next_dagrun for example_task_group_decorator to 2024-05-23 00:00:00+00:00, run_after=2024-05-24 00:00:00+00:00
[2024-05-24T17:09:16.155+0700] {processor.py:183} INFO - Processing /mnt/d/Programming/Vietnamese-Text-Generator/airflow_env/lib/python3.10/site-packages/airflow/example_dags/example_task_group_decorator.py took 0.617 seconds
[2024-05-24T17:10:24.557+0700] {processor.py:161} INFO - Started process (PID=4159) to work on /mnt/d/Programming/Vietnamese-Text-Generator/airflow_env/lib/python3.10/site-packages/airflow/example_dags/example_task_group_decorator.py
[2024-05-24T17:10:24.562+0700] {processor.py:830} INFO - Processing file /mnt/d/Programming/Vietnamese-Text-Generator/airflow_env/lib/python3.10/site-packages/airflow/example_dags/example_task_group_decorator.py for tasks to queue
[2024-05-24T17:10:24.575+0700] {logging_mixin.py:188} INFO - [2024-05-24T17:10:24.571+0700] {dagbag.py:540} INFO - Filling up the DagBag from /mnt/d/Programming/Vietnamese-Text-Generator/airflow_env/lib/python3.10/site-packages/airflow/example_dags/example_task_group_decorator.py
[2024-05-24T17:10:24.693+0700] {processor.py:840} INFO - DAG(s) 'example_task_group_decorator' retrieved from /mnt/d/Programming/Vietnamese-Text-Generator/airflow_env/lib/python3.10/site-packages/airflow/example_dags/example_task_group_decorator.py
[2024-05-24T17:10:24.818+0700] {logging_mixin.py:188} INFO - [2024-05-24T17:10:24.815+0700] {dag.py:3096} INFO - Sync 1 DAGs
[2024-05-24T17:10:24.937+0700] {logging_mixin.py:188} INFO - [2024-05-24T17:10:24.933+0700] {dag.py:3954} INFO - Setting next_dagrun for example_task_group_decorator to 2024-05-23 00:00:00+00:00, run_after=2024-05-24 00:00:00+00:00
[2024-05-24T17:10:25.156+0700] {processor.py:183} INFO - Processing /mnt/d/Programming/Vietnamese-Text-Generator/airflow_env/lib/python3.10/site-packages/airflow/example_dags/example_task_group_decorator.py took 0.636 seconds
[2024-05-24T17:11:35.135+0700] {processor.py:161} INFO - Started process (PID=4471) to work on /mnt/d/Programming/Vietnamese-Text-Generator/airflow_env/lib/python3.10/site-packages/airflow/example_dags/example_task_group_decorator.py
[2024-05-24T17:11:35.141+0700] {processor.py:830} INFO - Processing file /mnt/d/Programming/Vietnamese-Text-Generator/airflow_env/lib/python3.10/site-packages/airflow/example_dags/example_task_group_decorator.py for tasks to queue
[2024-05-24T17:11:35.153+0700] {logging_mixin.py:188} INFO - [2024-05-24T17:11:35.149+0700] {dagbag.py:540} INFO - Filling up the DagBag from /mnt/d/Programming/Vietnamese-Text-Generator/airflow_env/lib/python3.10/site-packages/airflow/example_dags/example_task_group_decorator.py
[2024-05-24T17:11:35.263+0700] {processor.py:840} INFO - DAG(s) 'example_task_group_decorator' retrieved from /mnt/d/Programming/Vietnamese-Text-Generator/airflow_env/lib/python3.10/site-packages/airflow/example_dags/example_task_group_decorator.py
[2024-05-24T17:11:35.379+0700] {logging_mixin.py:188} INFO - [2024-05-24T17:11:35.375+0700] {dag.py:3096} INFO - Sync 1 DAGs
[2024-05-24T17:11:35.487+0700] {logging_mixin.py:188} INFO - [2024-05-24T17:11:35.484+0700] {dag.py:3954} INFO - Setting next_dagrun for example_task_group_decorator to 2024-05-23 00:00:00+00:00, run_after=2024-05-24 00:00:00+00:00
[2024-05-24T17:11:35.685+0700] {processor.py:183} INFO - Processing /mnt/d/Programming/Vietnamese-Text-Generator/airflow_env/lib/python3.10/site-packages/airflow/example_dags/example_task_group_decorator.py took 0.594 seconds
[2024-05-24T17:12:45.291+0700] {processor.py:161} INFO - Started process (PID=4776) to work on /mnt/d/Programming/Vietnamese-Text-Generator/airflow_env/lib/python3.10/site-packages/airflow/example_dags/example_task_group_decorator.py
[2024-05-24T17:12:45.297+0700] {processor.py:830} INFO - Processing file /mnt/d/Programming/Vietnamese-Text-Generator/airflow_env/lib/python3.10/site-packages/airflow/example_dags/example_task_group_decorator.py for tasks to queue
[2024-05-24T17:12:45.310+0700] {logging_mixin.py:188} INFO - [2024-05-24T17:12:45.306+0700] {dagbag.py:540} INFO - Filling up the DagBag from /mnt/d/Programming/Vietnamese-Text-Generator/airflow_env/lib/python3.10/site-packages/airflow/example_dags/example_task_group_decorator.py
[2024-05-24T17:12:45.418+0700] {processor.py:840} INFO - DAG(s) 'example_task_group_decorator' retrieved from /mnt/d/Programming/Vietnamese-Text-Generator/airflow_env/lib/python3.10/site-packages/airflow/example_dags/example_task_group_decorator.py
[2024-05-24T17:12:45.530+0700] {logging_mixin.py:188} INFO - [2024-05-24T17:12:45.526+0700] {dag.py:3096} INFO - Sync 1 DAGs
[2024-05-24T17:12:45.637+0700] {logging_mixin.py:188} INFO - [2024-05-24T17:12:45.633+0700] {dag.py:3954} INFO - Setting next_dagrun for example_task_group_decorator to 2024-05-23 00:00:00+00:00, run_after=2024-05-24 00:00:00+00:00
[2024-05-24T17:12:45.830+0700] {processor.py:183} INFO - Processing /mnt/d/Programming/Vietnamese-Text-Generator/airflow_env/lib/python3.10/site-packages/airflow/example_dags/example_task_group_decorator.py took 0.583 seconds
[2024-05-24T17:13:55.969+0700] {processor.py:161} INFO - Started process (PID=5084) to work on /mnt/d/Programming/Vietnamese-Text-Generator/airflow_env/lib/python3.10/site-packages/airflow/example_dags/example_task_group_decorator.py
[2024-05-24T17:13:55.975+0700] {processor.py:830} INFO - Processing file /mnt/d/Programming/Vietnamese-Text-Generator/airflow_env/lib/python3.10/site-packages/airflow/example_dags/example_task_group_decorator.py for tasks to queue
[2024-05-24T17:13:55.987+0700] {logging_mixin.py:188} INFO - [2024-05-24T17:13:55.983+0700] {dagbag.py:540} INFO - Filling up the DagBag from /mnt/d/Programming/Vietnamese-Text-Generator/airflow_env/lib/python3.10/site-packages/airflow/example_dags/example_task_group_decorator.py
[2024-05-24T17:13:56.100+0700] {processor.py:840} INFO - DAG(s) 'example_task_group_decorator' retrieved from /mnt/d/Programming/Vietnamese-Text-Generator/airflow_env/lib/python3.10/site-packages/airflow/example_dags/example_task_group_decorator.py
[2024-05-24T17:13:56.167+0700] {logging_mixin.py:188} INFO - [2024-05-24T17:13:56.166+0700] {dag.py:3096} INFO - Sync 1 DAGs
[2024-05-24T17:13:56.233+0700] {logging_mixin.py:188} INFO - [2024-05-24T17:13:56.231+0700] {dag.py:3954} INFO - Setting next_dagrun for example_task_group_decorator to 2024-05-23 00:00:00+00:00, run_after=2024-05-24 00:00:00+00:00
[2024-05-24T17:13:56.375+0700] {processor.py:183} INFO - Processing /mnt/d/Programming/Vietnamese-Text-Generator/airflow_env/lib/python3.10/site-packages/airflow/example_dags/example_task_group_decorator.py took 0.451 seconds
[2024-05-24T17:15:02.203+0700] {processor.py:161} INFO - Started process (PID=5376) to work on /mnt/d/Programming/Vietnamese-Text-Generator/airflow_env/lib/python3.10/site-packages/airflow/example_dags/example_task_group_decorator.py
[2024-05-24T17:15:02.210+0700] {processor.py:830} INFO - Processing file /mnt/d/Programming/Vietnamese-Text-Generator/airflow_env/lib/python3.10/site-packages/airflow/example_dags/example_task_group_decorator.py for tasks to queue
[2024-05-24T17:15:02.225+0700] {logging_mixin.py:188} INFO - [2024-05-24T17:15:02.221+0700] {dagbag.py:540} INFO - Filling up the DagBag from /mnt/d/Programming/Vietnamese-Text-Generator/airflow_env/lib/python3.10/site-packages/airflow/example_dags/example_task_group_decorator.py
[2024-05-24T17:15:02.341+0700] {processor.py:840} INFO - DAG(s) 'example_task_group_decorator' retrieved from /mnt/d/Programming/Vietnamese-Text-Generator/airflow_env/lib/python3.10/site-packages/airflow/example_dags/example_task_group_decorator.py
[2024-05-24T17:15:02.452+0700] {logging_mixin.py:188} INFO - [2024-05-24T17:15:02.449+0700] {dag.py:3096} INFO - Sync 1 DAGs
[2024-05-24T17:15:02.545+0700] {logging_mixin.py:188} INFO - [2024-05-24T17:15:02.542+0700] {dag.py:3954} INFO - Setting next_dagrun for example_task_group_decorator to 2024-05-23 00:00:00+00:00, run_after=2024-05-24 00:00:00+00:00
[2024-05-24T17:15:02.728+0700] {processor.py:183} INFO - Processing /mnt/d/Programming/Vietnamese-Text-Generator/airflow_env/lib/python3.10/site-packages/airflow/example_dags/example_task_group_decorator.py took 0.569 seconds
[2024-05-24T17:16:12.645+0700] {processor.py:161} INFO - Started process (PID=5682) to work on /mnt/d/Programming/Vietnamese-Text-Generator/airflow_env/lib/python3.10/site-packages/airflow/example_dags/example_task_group_decorator.py
[2024-05-24T17:16:12.651+0700] {processor.py:830} INFO - Processing file /mnt/d/Programming/Vietnamese-Text-Generator/airflow_env/lib/python3.10/site-packages/airflow/example_dags/example_task_group_decorator.py for tasks to queue
[2024-05-24T17:16:12.661+0700] {logging_mixin.py:188} INFO - [2024-05-24T17:16:12.658+0700] {dagbag.py:540} INFO - Filling up the DagBag from /mnt/d/Programming/Vietnamese-Text-Generator/airflow_env/lib/python3.10/site-packages/airflow/example_dags/example_task_group_decorator.py
[2024-05-24T17:16:12.759+0700] {processor.py:840} INFO - DAG(s) 'example_task_group_decorator' retrieved from /mnt/d/Programming/Vietnamese-Text-Generator/airflow_env/lib/python3.10/site-packages/airflow/example_dags/example_task_group_decorator.py
[2024-05-24T17:16:12.874+0700] {logging_mixin.py:188} INFO - [2024-05-24T17:16:12.871+0700] {dag.py:3096} INFO - Sync 1 DAGs
[2024-05-24T17:16:12.976+0700] {logging_mixin.py:188} INFO - [2024-05-24T17:16:12.973+0700] {dag.py:3954} INFO - Setting next_dagrun for example_task_group_decorator to 2024-05-23 00:00:00+00:00, run_after=2024-05-24 00:00:00+00:00
[2024-05-24T17:16:13.189+0700] {processor.py:183} INFO - Processing /mnt/d/Programming/Vietnamese-Text-Generator/airflow_env/lib/python3.10/site-packages/airflow/example_dags/example_task_group_decorator.py took 0.584 seconds
[2024-05-24T17:17:25.959+0700] {processor.py:161} INFO - Started process (PID=6001) to work on /mnt/d/Programming/Vietnamese-Text-Generator/airflow_env/lib/python3.10/site-packages/airflow/example_dags/example_task_group_decorator.py
[2024-05-24T17:17:25.965+0700] {processor.py:830} INFO - Processing file /mnt/d/Programming/Vietnamese-Text-Generator/airflow_env/lib/python3.10/site-packages/airflow/example_dags/example_task_group_decorator.py for tasks to queue
[2024-05-24T17:17:25.979+0700] {logging_mixin.py:188} INFO - [2024-05-24T17:17:25.975+0700] {dagbag.py:540} INFO - Filling up the DagBag from /mnt/d/Programming/Vietnamese-Text-Generator/airflow_env/lib/python3.10/site-packages/airflow/example_dags/example_task_group_decorator.py
[2024-05-24T17:17:26.085+0700] {processor.py:840} INFO - DAG(s) 'example_task_group_decorator' retrieved from /mnt/d/Programming/Vietnamese-Text-Generator/airflow_env/lib/python3.10/site-packages/airflow/example_dags/example_task_group_decorator.py
[2024-05-24T17:17:26.196+0700] {logging_mixin.py:188} INFO - [2024-05-24T17:17:26.194+0700] {dag.py:3096} INFO - Sync 1 DAGs
[2024-05-24T17:17:26.242+0700] {logging_mixin.py:188} INFO - [2024-05-24T17:17:26.241+0700] {dag.py:3954} INFO - Setting next_dagrun for example_task_group_decorator to 2024-05-23 00:00:00+00:00, run_after=2024-05-24 00:00:00+00:00
[2024-05-24T17:17:26.320+0700] {processor.py:183} INFO - Processing /mnt/d/Programming/Vietnamese-Text-Generator/airflow_env/lib/python3.10/site-packages/airflow/example_dags/example_task_group_decorator.py took 0.407 seconds
[2024-05-24T17:18:36.664+0700] {processor.py:161} INFO - Started process (PID=6315) to work on /mnt/d/Programming/Vietnamese-Text-Generator/airflow_env/lib/python3.10/site-packages/airflow/example_dags/example_task_group_decorator.py
[2024-05-24T17:18:36.675+0700] {processor.py:830} INFO - Processing file /mnt/d/Programming/Vietnamese-Text-Generator/airflow_env/lib/python3.10/site-packages/airflow/example_dags/example_task_group_decorator.py for tasks to queue
[2024-05-24T17:18:36.715+0700] {logging_mixin.py:188} INFO - [2024-05-24T17:18:36.705+0700] {dagbag.py:540} INFO - Filling up the DagBag from /mnt/d/Programming/Vietnamese-Text-Generator/airflow_env/lib/python3.10/site-packages/airflow/example_dags/example_task_group_decorator.py
[2024-05-24T17:18:36.822+0700] {processor.py:840} INFO - DAG(s) 'example_task_group_decorator' retrieved from /mnt/d/Programming/Vietnamese-Text-Generator/airflow_env/lib/python3.10/site-packages/airflow/example_dags/example_task_group_decorator.py
[2024-05-24T17:18:36.887+0700] {logging_mixin.py:188} INFO - [2024-05-24T17:18:36.886+0700] {dag.py:3096} INFO - Sync 1 DAGs
[2024-05-24T17:18:36.939+0700] {logging_mixin.py:188} INFO - [2024-05-24T17:18:36.936+0700] {dag.py:3954} INFO - Setting next_dagrun for example_task_group_decorator to 2024-05-23 00:00:00+00:00, run_after=2024-05-24 00:00:00+00:00
[2024-05-24T17:18:37.059+0700] {processor.py:183} INFO - Processing /mnt/d/Programming/Vietnamese-Text-Generator/airflow_env/lib/python3.10/site-packages/airflow/example_dags/example_task_group_decorator.py took 0.473 seconds
[2024-05-24T17:19:45.848+0700] {processor.py:161} INFO - Started process (PID=6615) to work on /mnt/d/Programming/Vietnamese-Text-Generator/airflow_env/lib/python3.10/site-packages/airflow/example_dags/example_task_group_decorator.py
[2024-05-24T17:19:45.855+0700] {processor.py:830} INFO - Processing file /mnt/d/Programming/Vietnamese-Text-Generator/airflow_env/lib/python3.10/site-packages/airflow/example_dags/example_task_group_decorator.py for tasks to queue
[2024-05-24T17:19:45.869+0700] {logging_mixin.py:188} INFO - [2024-05-24T17:19:45.865+0700] {dagbag.py:540} INFO - Filling up the DagBag from /mnt/d/Programming/Vietnamese-Text-Generator/airflow_env/lib/python3.10/site-packages/airflow/example_dags/example_task_group_decorator.py
[2024-05-24T17:19:45.997+0700] {processor.py:840} INFO - DAG(s) 'example_task_group_decorator' retrieved from /mnt/d/Programming/Vietnamese-Text-Generator/airflow_env/lib/python3.10/site-packages/airflow/example_dags/example_task_group_decorator.py
[2024-05-24T17:19:46.127+0700] {logging_mixin.py:188} INFO - [2024-05-24T17:19:46.123+0700] {dag.py:3096} INFO - Sync 1 DAGs
[2024-05-24T17:19:46.245+0700] {logging_mixin.py:188} INFO - [2024-05-24T17:19:46.240+0700] {dag.py:3954} INFO - Setting next_dagrun for example_task_group_decorator to 2024-05-23 00:00:00+00:00, run_after=2024-05-24 00:00:00+00:00
[2024-05-24T17:19:46.475+0700] {processor.py:183} INFO - Processing /mnt/d/Programming/Vietnamese-Text-Generator/airflow_env/lib/python3.10/site-packages/airflow/example_dags/example_task_group_decorator.py took 0.676 seconds
[2024-05-24T17:20:51.790+0700] {processor.py:161} INFO - Started process (PID=6908) to work on /mnt/d/Programming/Vietnamese-Text-Generator/airflow_env/lib/python3.10/site-packages/airflow/example_dags/example_task_group_decorator.py
[2024-05-24T17:20:51.796+0700] {processor.py:830} INFO - Processing file /mnt/d/Programming/Vietnamese-Text-Generator/airflow_env/lib/python3.10/site-packages/airflow/example_dags/example_task_group_decorator.py for tasks to queue
[2024-05-24T17:20:51.806+0700] {logging_mixin.py:188} INFO - [2024-05-24T17:20:51.803+0700] {dagbag.py:540} INFO - Filling up the DagBag from /mnt/d/Programming/Vietnamese-Text-Generator/airflow_env/lib/python3.10/site-packages/airflow/example_dags/example_task_group_decorator.py
[2024-05-24T17:20:51.913+0700] {processor.py:840} INFO - DAG(s) 'example_task_group_decorator' retrieved from /mnt/d/Programming/Vietnamese-Text-Generator/airflow_env/lib/python3.10/site-packages/airflow/example_dags/example_task_group_decorator.py
[2024-05-24T17:20:52.018+0700] {logging_mixin.py:188} INFO - [2024-05-24T17:20:52.015+0700] {dag.py:3096} INFO - Sync 1 DAGs
[2024-05-24T17:20:52.104+0700] {logging_mixin.py:188} INFO - [2024-05-24T17:20:52.102+0700] {dag.py:3954} INFO - Setting next_dagrun for example_task_group_decorator to 2024-05-23 00:00:00+00:00, run_after=2024-05-24 00:00:00+00:00
[2024-05-24T17:20:52.303+0700] {processor.py:183} INFO - Processing /mnt/d/Programming/Vietnamese-Text-Generator/airflow_env/lib/python3.10/site-packages/airflow/example_dags/example_task_group_decorator.py took 0.552 seconds
[2024-05-24T17:22:00.666+0700] {processor.py:161} INFO - Started process (PID=7203) to work on /mnt/d/Programming/Vietnamese-Text-Generator/airflow_env/lib/python3.10/site-packages/airflow/example_dags/example_task_group_decorator.py
[2024-05-24T17:22:00.673+0700] {processor.py:830} INFO - Processing file /mnt/d/Programming/Vietnamese-Text-Generator/airflow_env/lib/python3.10/site-packages/airflow/example_dags/example_task_group_decorator.py for tasks to queue
[2024-05-24T17:22:00.687+0700] {logging_mixin.py:188} INFO - [2024-05-24T17:22:00.683+0700] {dagbag.py:540} INFO - Filling up the DagBag from /mnt/d/Programming/Vietnamese-Text-Generator/airflow_env/lib/python3.10/site-packages/airflow/example_dags/example_task_group_decorator.py
[2024-05-24T17:22:00.802+0700] {processor.py:840} INFO - DAG(s) 'example_task_group_decorator' retrieved from /mnt/d/Programming/Vietnamese-Text-Generator/airflow_env/lib/python3.10/site-packages/airflow/example_dags/example_task_group_decorator.py
[2024-05-24T17:22:00.860+0700] {logging_mixin.py:188} INFO - [2024-05-24T17:22:00.858+0700] {dag.py:3096} INFO - Sync 1 DAGs
[2024-05-24T17:22:00.913+0700] {logging_mixin.py:188} INFO - [2024-05-24T17:22:00.912+0700] {dag.py:3954} INFO - Setting next_dagrun for example_task_group_decorator to 2024-05-23 00:00:00+00:00, run_after=2024-05-24 00:00:00+00:00
[2024-05-24T17:22:00.997+0700] {processor.py:183} INFO - Processing /mnt/d/Programming/Vietnamese-Text-Generator/airflow_env/lib/python3.10/site-packages/airflow/example_dags/example_task_group_decorator.py took 0.382 seconds
[2024-05-24T17:23:06.406+0700] {processor.py:161} INFO - Started process (PID=7492) to work on /mnt/d/Programming/Vietnamese-Text-Generator/airflow_env/lib/python3.10/site-packages/airflow/example_dags/example_task_group_decorator.py
[2024-05-24T17:23:06.408+0700] {processor.py:830} INFO - Processing file /mnt/d/Programming/Vietnamese-Text-Generator/airflow_env/lib/python3.10/site-packages/airflow/example_dags/example_task_group_decorator.py for tasks to queue
[2024-05-24T17:23:06.415+0700] {logging_mixin.py:188} INFO - [2024-05-24T17:23:06.413+0700] {dagbag.py:540} INFO - Filling up the DagBag from /mnt/d/Programming/Vietnamese-Text-Generator/airflow_env/lib/python3.10/site-packages/airflow/example_dags/example_task_group_decorator.py
[2024-05-24T17:23:06.466+0700] {processor.py:840} INFO - DAG(s) 'example_task_group_decorator' retrieved from /mnt/d/Programming/Vietnamese-Text-Generator/airflow_env/lib/python3.10/site-packages/airflow/example_dags/example_task_group_decorator.py
[2024-05-24T17:23:06.511+0700] {logging_mixin.py:188} INFO - [2024-05-24T17:23:06.509+0700] {dag.py:3096} INFO - Sync 1 DAGs
[2024-05-24T17:23:06.548+0700] {logging_mixin.py:188} INFO - [2024-05-24T17:23:06.547+0700] {dag.py:3954} INFO - Setting next_dagrun for example_task_group_decorator to 2024-05-23 00:00:00+00:00, run_after=2024-05-24 00:00:00+00:00
[2024-05-24T17:23:06.659+0700] {processor.py:183} INFO - Processing /mnt/d/Programming/Vietnamese-Text-Generator/airflow_env/lib/python3.10/site-packages/airflow/example_dags/example_task_group_decorator.py took 0.273 seconds
[2024-05-24T17:24:10.335+0700] {processor.py:161} INFO - Started process (PID=7771) to work on /mnt/d/Programming/Vietnamese-Text-Generator/airflow_env/lib/python3.10/site-packages/airflow/example_dags/example_task_group_decorator.py
[2024-05-24T17:24:10.342+0700] {processor.py:830} INFO - Processing file /mnt/d/Programming/Vietnamese-Text-Generator/airflow_env/lib/python3.10/site-packages/airflow/example_dags/example_task_group_decorator.py for tasks to queue
[2024-05-24T17:24:10.357+0700] {logging_mixin.py:188} INFO - [2024-05-24T17:24:10.353+0700] {dagbag.py:540} INFO - Filling up the DagBag from /mnt/d/Programming/Vietnamese-Text-Generator/airflow_env/lib/python3.10/site-packages/airflow/example_dags/example_task_group_decorator.py
[2024-05-24T17:24:10.458+0700] {processor.py:840} INFO - DAG(s) 'example_task_group_decorator' retrieved from /mnt/d/Programming/Vietnamese-Text-Generator/airflow_env/lib/python3.10/site-packages/airflow/example_dags/example_task_group_decorator.py
[2024-05-24T17:24:10.572+0700] {logging_mixin.py:188} INFO - [2024-05-24T17:24:10.569+0700] {dag.py:3096} INFO - Sync 1 DAGs
[2024-05-24T17:24:10.670+0700] {logging_mixin.py:188} INFO - [2024-05-24T17:24:10.666+0700] {dag.py:3954} INFO - Setting next_dagrun for example_task_group_decorator to 2024-05-23 00:00:00+00:00, run_after=2024-05-24 00:00:00+00:00
[2024-05-24T17:24:10.880+0700] {processor.py:183} INFO - Processing /mnt/d/Programming/Vietnamese-Text-Generator/airflow_env/lib/python3.10/site-packages/airflow/example_dags/example_task_group_decorator.py took 0.591 seconds
[2024-05-24T17:46:57.681+0700] {processor.py:161} INFO - Started process (PID=8084) to work on /mnt/d/Programming/Vietnamese-Text-Generator/airflow_env/lib/python3.10/site-packages/airflow/example_dags/example_task_group_decorator.py
[2024-05-24T17:46:57.683+0700] {processor.py:830} INFO - Processing file /mnt/d/Programming/Vietnamese-Text-Generator/airflow_env/lib/python3.10/site-packages/airflow/example_dags/example_task_group_decorator.py for tasks to queue
[2024-05-24T17:46:57.688+0700] {logging_mixin.py:188} INFO - [2024-05-24T17:46:57.686+0700] {dagbag.py:540} INFO - Filling up the DagBag from /mnt/d/Programming/Vietnamese-Text-Generator/airflow_env/lib/python3.10/site-packages/airflow/example_dags/example_task_group_decorator.py
[2024-05-24T17:46:57.724+0700] {processor.py:840} INFO - DAG(s) 'example_task_group_decorator' retrieved from /mnt/d/Programming/Vietnamese-Text-Generator/airflow_env/lib/python3.10/site-packages/airflow/example_dags/example_task_group_decorator.py
[2024-05-24T17:46:57.771+0700] {logging_mixin.py:188} INFO - [2024-05-24T17:46:57.769+0700] {dag.py:3096} INFO - Sync 1 DAGs
[2024-05-24T17:46:57.811+0700] {logging_mixin.py:188} INFO - [2024-05-24T17:46:57.810+0700] {dag.py:3954} INFO - Setting next_dagrun for example_task_group_decorator to 2024-05-23 00:00:00+00:00, run_after=2024-05-24 00:00:00+00:00
[2024-05-24T17:46:57.884+0700] {processor.py:183} INFO - Processing /mnt/d/Programming/Vietnamese-Text-Generator/airflow_env/lib/python3.10/site-packages/airflow/example_dags/example_task_group_decorator.py took 0.218 seconds
[2024-05-24T17:48:07.985+0700] {processor.py:161} INFO - Started process (PID=8419) to work on /mnt/d/Programming/Vietnamese-Text-Generator/airflow_env/lib/python3.10/site-packages/airflow/example_dags/example_task_group_decorator.py
[2024-05-24T17:48:07.991+0700] {processor.py:830} INFO - Processing file /mnt/d/Programming/Vietnamese-Text-Generator/airflow_env/lib/python3.10/site-packages/airflow/example_dags/example_task_group_decorator.py for tasks to queue
[2024-05-24T17:48:08.003+0700] {logging_mixin.py:188} INFO - [2024-05-24T17:48:07.999+0700] {dagbag.py:540} INFO - Filling up the DagBag from /mnt/d/Programming/Vietnamese-Text-Generator/airflow_env/lib/python3.10/site-packages/airflow/example_dags/example_task_group_decorator.py
[2024-05-24T17:48:08.141+0700] {processor.py:840} INFO - DAG(s) 'example_task_group_decorator' retrieved from /mnt/d/Programming/Vietnamese-Text-Generator/airflow_env/lib/python3.10/site-packages/airflow/example_dags/example_task_group_decorator.py
[2024-05-24T17:48:08.227+0700] {logging_mixin.py:188} INFO - [2024-05-24T17:48:08.225+0700] {dag.py:3096} INFO - Sync 1 DAGs
[2024-05-24T17:48:08.293+0700] {logging_mixin.py:188} INFO - [2024-05-24T17:48:08.291+0700] {dag.py:3954} INFO - Setting next_dagrun for example_task_group_decorator to 2024-05-23 00:00:00+00:00, run_after=2024-05-24 00:00:00+00:00
[2024-05-24T17:48:08.458+0700] {processor.py:183} INFO - Processing /mnt/d/Programming/Vietnamese-Text-Generator/airflow_env/lib/python3.10/site-packages/airflow/example_dags/example_task_group_decorator.py took 0.520 seconds
[2024-05-24T17:49:12.120+0700] {processor.py:161} INFO - Started process (PID=8699) to work on /mnt/d/Programming/Vietnamese-Text-Generator/airflow_env/lib/python3.10/site-packages/airflow/example_dags/example_task_group_decorator.py
[2024-05-24T17:49:12.126+0700] {processor.py:830} INFO - Processing file /mnt/d/Programming/Vietnamese-Text-Generator/airflow_env/lib/python3.10/site-packages/airflow/example_dags/example_task_group_decorator.py for tasks to queue
[2024-05-24T17:49:12.140+0700] {logging_mixin.py:188} INFO - [2024-05-24T17:49:12.136+0700] {dagbag.py:540} INFO - Filling up the DagBag from /mnt/d/Programming/Vietnamese-Text-Generator/airflow_env/lib/python3.10/site-packages/airflow/example_dags/example_task_group_decorator.py
[2024-05-24T17:49:12.268+0700] {processor.py:840} INFO - DAG(s) 'example_task_group_decorator' retrieved from /mnt/d/Programming/Vietnamese-Text-Generator/airflow_env/lib/python3.10/site-packages/airflow/example_dags/example_task_group_decorator.py
[2024-05-24T17:49:12.333+0700] {logging_mixin.py:188} INFO - [2024-05-24T17:49:12.331+0700] {dag.py:3096} INFO - Sync 1 DAGs
[2024-05-24T17:49:12.385+0700] {logging_mixin.py:188} INFO - [2024-05-24T17:49:12.383+0700] {dag.py:3954} INFO - Setting next_dagrun for example_task_group_decorator to 2024-05-23 00:00:00+00:00, run_after=2024-05-24 00:00:00+00:00
[2024-05-24T17:49:12.511+0700] {processor.py:183} INFO - Processing /mnt/d/Programming/Vietnamese-Text-Generator/airflow_env/lib/python3.10/site-packages/airflow/example_dags/example_task_group_decorator.py took 0.434 seconds
[2024-05-24T17:50:14.776+0700] {processor.py:161} INFO - Started process (PID=8975) to work on /mnt/d/Programming/Vietnamese-Text-Generator/airflow_env/lib/python3.10/site-packages/airflow/example_dags/example_task_group_decorator.py
[2024-05-24T17:50:14.782+0700] {processor.py:830} INFO - Processing file /mnt/d/Programming/Vietnamese-Text-Generator/airflow_env/lib/python3.10/site-packages/airflow/example_dags/example_task_group_decorator.py for tasks to queue
[2024-05-24T17:50:14.794+0700] {logging_mixin.py:188} INFO - [2024-05-24T17:50:14.790+0700] {dagbag.py:540} INFO - Filling up the DagBag from /mnt/d/Programming/Vietnamese-Text-Generator/airflow_env/lib/python3.10/site-packages/airflow/example_dags/example_task_group_decorator.py
[2024-05-24T17:50:14.905+0700] {processor.py:840} INFO - DAG(s) 'example_task_group_decorator' retrieved from /mnt/d/Programming/Vietnamese-Text-Generator/airflow_env/lib/python3.10/site-packages/airflow/example_dags/example_task_group_decorator.py
[2024-05-24T17:50:15.011+0700] {logging_mixin.py:188} INFO - [2024-05-24T17:50:15.008+0700] {dag.py:3096} INFO - Sync 1 DAGs
[2024-05-24T17:50:15.106+0700] {logging_mixin.py:188} INFO - [2024-05-24T17:50:15.104+0700] {dag.py:3954} INFO - Setting next_dagrun for example_task_group_decorator to 2024-05-23 00:00:00+00:00, run_after=2024-05-24 00:00:00+00:00
[2024-05-24T17:50:15.234+0700] {processor.py:183} INFO - Processing /mnt/d/Programming/Vietnamese-Text-Generator/airflow_env/lib/python3.10/site-packages/airflow/example_dags/example_task_group_decorator.py took 0.502 seconds
[2024-05-24T17:51:21.777+0700] {processor.py:161} INFO - Started process (PID=9266) to work on /mnt/d/Programming/Vietnamese-Text-Generator/airflow_env/lib/python3.10/site-packages/airflow/example_dags/example_task_group_decorator.py
[2024-05-24T17:51:21.783+0700] {processor.py:830} INFO - Processing file /mnt/d/Programming/Vietnamese-Text-Generator/airflow_env/lib/python3.10/site-packages/airflow/example_dags/example_task_group_decorator.py for tasks to queue
[2024-05-24T17:51:21.797+0700] {logging_mixin.py:188} INFO - [2024-05-24T17:51:21.793+0700] {dagbag.py:540} INFO - Filling up the DagBag from /mnt/d/Programming/Vietnamese-Text-Generator/airflow_env/lib/python3.10/site-packages/airflow/example_dags/example_task_group_decorator.py
[2024-05-24T17:51:21.905+0700] {processor.py:840} INFO - DAG(s) 'example_task_group_decorator' retrieved from /mnt/d/Programming/Vietnamese-Text-Generator/airflow_env/lib/python3.10/site-packages/airflow/example_dags/example_task_group_decorator.py
[2024-05-24T17:51:22.008+0700] {logging_mixin.py:188} INFO - [2024-05-24T17:51:22.004+0700] {dag.py:3096} INFO - Sync 1 DAGs
[2024-05-24T17:51:22.110+0700] {logging_mixin.py:188} INFO - [2024-05-24T17:51:22.107+0700] {dag.py:3954} INFO - Setting next_dagrun for example_task_group_decorator to 2024-05-23 00:00:00+00:00, run_after=2024-05-24 00:00:00+00:00
[2024-05-24T17:51:22.296+0700] {processor.py:183} INFO - Processing /mnt/d/Programming/Vietnamese-Text-Generator/airflow_env/lib/python3.10/site-packages/airflow/example_dags/example_task_group_decorator.py took 0.562 seconds
[2024-05-24T17:52:33.088+0700] {processor.py:161} INFO - Started process (PID=9582) to work on /mnt/d/Programming/Vietnamese-Text-Generator/airflow_env/lib/python3.10/site-packages/airflow/example_dags/example_task_group_decorator.py
[2024-05-24T17:52:33.095+0700] {processor.py:830} INFO - Processing file /mnt/d/Programming/Vietnamese-Text-Generator/airflow_env/lib/python3.10/site-packages/airflow/example_dags/example_task_group_decorator.py for tasks to queue
[2024-05-24T17:52:33.106+0700] {logging_mixin.py:188} INFO - [2024-05-24T17:52:33.103+0700] {dagbag.py:540} INFO - Filling up the DagBag from /mnt/d/Programming/Vietnamese-Text-Generator/airflow_env/lib/python3.10/site-packages/airflow/example_dags/example_task_group_decorator.py
[2024-05-24T17:52:33.221+0700] {processor.py:840} INFO - DAG(s) 'example_task_group_decorator' retrieved from /mnt/d/Programming/Vietnamese-Text-Generator/airflow_env/lib/python3.10/site-packages/airflow/example_dags/example_task_group_decorator.py
[2024-05-24T17:52:33.333+0700] {logging_mixin.py:188} INFO - [2024-05-24T17:52:33.330+0700] {dag.py:3096} INFO - Sync 1 DAGs
[2024-05-24T17:52:33.439+0700] {logging_mixin.py:188} INFO - [2024-05-24T17:52:33.436+0700] {dag.py:3954} INFO - Setting next_dagrun for example_task_group_decorator to 2024-05-23 00:00:00+00:00, run_after=2024-05-24 00:00:00+00:00
[2024-05-24T17:52:33.640+0700] {processor.py:183} INFO - Processing /mnt/d/Programming/Vietnamese-Text-Generator/airflow_env/lib/python3.10/site-packages/airflow/example_dags/example_task_group_decorator.py took 0.596 seconds
[2024-05-24T17:53:41.316+0700] {processor.py:161} INFO - Started process (PID=9877) to work on /mnt/d/Programming/Vietnamese-Text-Generator/airflow_env/lib/python3.10/site-packages/airflow/example_dags/example_task_group_decorator.py
[2024-05-24T17:53:41.322+0700] {processor.py:830} INFO - Processing file /mnt/d/Programming/Vietnamese-Text-Generator/airflow_env/lib/python3.10/site-packages/airflow/example_dags/example_task_group_decorator.py for tasks to queue
[2024-05-24T17:53:41.333+0700] {logging_mixin.py:188} INFO - [2024-05-24T17:53:41.330+0700] {dagbag.py:540} INFO - Filling up the DagBag from /mnt/d/Programming/Vietnamese-Text-Generator/airflow_env/lib/python3.10/site-packages/airflow/example_dags/example_task_group_decorator.py
[2024-05-24T17:53:41.443+0700] {processor.py:840} INFO - DAG(s) 'example_task_group_decorator' retrieved from /mnt/d/Programming/Vietnamese-Text-Generator/airflow_env/lib/python3.10/site-packages/airflow/example_dags/example_task_group_decorator.py
[2024-05-24T17:53:41.563+0700] {logging_mixin.py:188} INFO - [2024-05-24T17:53:41.560+0700] {dag.py:3096} INFO - Sync 1 DAGs
[2024-05-24T17:53:41.655+0700] {logging_mixin.py:188} INFO - [2024-05-24T17:53:41.652+0700] {dag.py:3954} INFO - Setting next_dagrun for example_task_group_decorator to 2024-05-23 00:00:00+00:00, run_after=2024-05-24 00:00:00+00:00
[2024-05-24T17:53:41.820+0700] {processor.py:183} INFO - Processing /mnt/d/Programming/Vietnamese-Text-Generator/airflow_env/lib/python3.10/site-packages/airflow/example_dags/example_task_group_decorator.py took 0.541 seconds
[2024-05-24T17:54:51.413+0700] {processor.py:161} INFO - Started process (PID=10183) to work on /mnt/d/Programming/Vietnamese-Text-Generator/airflow_env/lib/python3.10/site-packages/airflow/example_dags/example_task_group_decorator.py
[2024-05-24T17:54:51.418+0700] {processor.py:830} INFO - Processing file /mnt/d/Programming/Vietnamese-Text-Generator/airflow_env/lib/python3.10/site-packages/airflow/example_dags/example_task_group_decorator.py for tasks to queue
[2024-05-24T17:54:51.430+0700] {logging_mixin.py:188} INFO - [2024-05-24T17:54:51.426+0700] {dagbag.py:540} INFO - Filling up the DagBag from /mnt/d/Programming/Vietnamese-Text-Generator/airflow_env/lib/python3.10/site-packages/airflow/example_dags/example_task_group_decorator.py
[2024-05-24T17:54:51.532+0700] {processor.py:840} INFO - DAG(s) 'example_task_group_decorator' retrieved from /mnt/d/Programming/Vietnamese-Text-Generator/airflow_env/lib/python3.10/site-packages/airflow/example_dags/example_task_group_decorator.py
[2024-05-24T17:54:51.644+0700] {logging_mixin.py:188} INFO - [2024-05-24T17:54:51.641+0700] {dag.py:3096} INFO - Sync 1 DAGs
[2024-05-24T17:54:51.708+0700] {logging_mixin.py:188} INFO - [2024-05-24T17:54:51.706+0700] {dag.py:3954} INFO - Setting next_dagrun for example_task_group_decorator to 2024-05-23 00:00:00+00:00, run_after=2024-05-24 00:00:00+00:00
[2024-05-24T17:54:51.867+0700] {processor.py:183} INFO - Processing /mnt/d/Programming/Vietnamese-Text-Generator/airflow_env/lib/python3.10/site-packages/airflow/example_dags/example_task_group_decorator.py took 0.498 seconds
[2024-05-24T17:55:59.959+0700] {processor.py:161} INFO - Started process (PID=10483) to work on /mnt/d/Programming/Vietnamese-Text-Generator/airflow_env/lib/python3.10/site-packages/airflow/example_dags/example_task_group_decorator.py
[2024-05-24T17:55:59.965+0700] {processor.py:830} INFO - Processing file /mnt/d/Programming/Vietnamese-Text-Generator/airflow_env/lib/python3.10/site-packages/airflow/example_dags/example_task_group_decorator.py for tasks to queue
[2024-05-24T17:55:59.978+0700] {logging_mixin.py:188} INFO - [2024-05-24T17:55:59.975+0700] {dagbag.py:540} INFO - Filling up the DagBag from /mnt/d/Programming/Vietnamese-Text-Generator/airflow_env/lib/python3.10/site-packages/airflow/example_dags/example_task_group_decorator.py
[2024-05-24T17:56:00.102+0700] {processor.py:840} INFO - DAG(s) 'example_task_group_decorator' retrieved from /mnt/d/Programming/Vietnamese-Text-Generator/airflow_env/lib/python3.10/site-packages/airflow/example_dags/example_task_group_decorator.py
[2024-05-24T17:56:00.196+0700] {logging_mixin.py:188} INFO - [2024-05-24T17:56:00.194+0700] {dag.py:3096} INFO - Sync 1 DAGs
[2024-05-24T17:56:00.268+0700] {logging_mixin.py:188} INFO - [2024-05-24T17:56:00.266+0700] {dag.py:3954} INFO - Setting next_dagrun for example_task_group_decorator to 2024-05-23 00:00:00+00:00, run_after=2024-05-24 00:00:00+00:00
[2024-05-24T17:56:00.436+0700] {processor.py:183} INFO - Processing /mnt/d/Programming/Vietnamese-Text-Generator/airflow_env/lib/python3.10/site-packages/airflow/example_dags/example_task_group_decorator.py took 0.522 seconds
[2024-05-24T17:57:09.832+0700] {processor.py:161} INFO - Started process (PID=10787) to work on /mnt/d/Programming/Vietnamese-Text-Generator/airflow_env/lib/python3.10/site-packages/airflow/example_dags/example_task_group_decorator.py
[2024-05-24T17:57:09.838+0700] {processor.py:830} INFO - Processing file /mnt/d/Programming/Vietnamese-Text-Generator/airflow_env/lib/python3.10/site-packages/airflow/example_dags/example_task_group_decorator.py for tasks to queue
[2024-05-24T17:57:09.850+0700] {logging_mixin.py:188} INFO - [2024-05-24T17:57:09.846+0700] {dagbag.py:540} INFO - Filling up the DagBag from /mnt/d/Programming/Vietnamese-Text-Generator/airflow_env/lib/python3.10/site-packages/airflow/example_dags/example_task_group_decorator.py
[2024-05-24T17:57:09.965+0700] {processor.py:840} INFO - DAG(s) 'example_task_group_decorator' retrieved from /mnt/d/Programming/Vietnamese-Text-Generator/airflow_env/lib/python3.10/site-packages/airflow/example_dags/example_task_group_decorator.py
[2024-05-24T17:57:10.080+0700] {logging_mixin.py:188} INFO - [2024-05-24T17:57:10.077+0700] {dag.py:3096} INFO - Sync 1 DAGs
[2024-05-24T17:57:10.190+0700] {logging_mixin.py:188} INFO - [2024-05-24T17:57:10.187+0700] {dag.py:3954} INFO - Setting next_dagrun for example_task_group_decorator to 2024-05-23 00:00:00+00:00, run_after=2024-05-24 00:00:00+00:00
[2024-05-24T17:57:10.398+0700] {processor.py:183} INFO - Processing /mnt/d/Programming/Vietnamese-Text-Generator/airflow_env/lib/python3.10/site-packages/airflow/example_dags/example_task_group_decorator.py took 0.617 seconds
[2024-05-24T17:58:19.679+0700] {processor.py:161} INFO - Started process (PID=11091) to work on /mnt/d/Programming/Vietnamese-Text-Generator/airflow_env/lib/python3.10/site-packages/airflow/example_dags/example_task_group_decorator.py
[2024-05-24T17:58:19.685+0700] {processor.py:830} INFO - Processing file /mnt/d/Programming/Vietnamese-Text-Generator/airflow_env/lib/python3.10/site-packages/airflow/example_dags/example_task_group_decorator.py for tasks to queue
[2024-05-24T17:58:19.697+0700] {logging_mixin.py:188} INFO - [2024-05-24T17:58:19.694+0700] {dagbag.py:540} INFO - Filling up the DagBag from /mnt/d/Programming/Vietnamese-Text-Generator/airflow_env/lib/python3.10/site-packages/airflow/example_dags/example_task_group_decorator.py
[2024-05-24T17:58:19.771+0700] {processor.py:840} INFO - DAG(s) 'example_task_group_decorator' retrieved from /mnt/d/Programming/Vietnamese-Text-Generator/airflow_env/lib/python3.10/site-packages/airflow/example_dags/example_task_group_decorator.py
[2024-05-24T17:58:19.868+0700] {logging_mixin.py:188} INFO - [2024-05-24T17:58:19.866+0700] {dag.py:3096} INFO - Sync 1 DAGs
[2024-05-24T17:58:19.934+0700] {logging_mixin.py:188} INFO - [2024-05-24T17:58:19.932+0700] {dag.py:3954} INFO - Setting next_dagrun for example_task_group_decorator to 2024-05-23 00:00:00+00:00, run_after=2024-05-24 00:00:00+00:00
[2024-05-24T17:58:20.079+0700] {processor.py:183} INFO - Processing /mnt/d/Programming/Vietnamese-Text-Generator/airflow_env/lib/python3.10/site-packages/airflow/example_dags/example_task_group_decorator.py took 0.444 seconds
[2024-05-24T17:59:26.516+0700] {processor.py:161} INFO - Started process (PID=11382) to work on /mnt/d/Programming/Vietnamese-Text-Generator/airflow_env/lib/python3.10/site-packages/airflow/example_dags/example_task_group_decorator.py
[2024-05-24T17:59:26.523+0700] {processor.py:830} INFO - Processing file /mnt/d/Programming/Vietnamese-Text-Generator/airflow_env/lib/python3.10/site-packages/airflow/example_dags/example_task_group_decorator.py for tasks to queue
[2024-05-24T17:59:26.535+0700] {logging_mixin.py:188} INFO - [2024-05-24T17:59:26.531+0700] {dagbag.py:540} INFO - Filling up the DagBag from /mnt/d/Programming/Vietnamese-Text-Generator/airflow_env/lib/python3.10/site-packages/airflow/example_dags/example_task_group_decorator.py
[2024-05-24T17:59:26.641+0700] {processor.py:840} INFO - DAG(s) 'example_task_group_decorator' retrieved from /mnt/d/Programming/Vietnamese-Text-Generator/airflow_env/lib/python3.10/site-packages/airflow/example_dags/example_task_group_decorator.py
[2024-05-24T17:59:26.746+0700] {logging_mixin.py:188} INFO - [2024-05-24T17:59:26.743+0700] {dag.py:3096} INFO - Sync 1 DAGs
[2024-05-24T17:59:26.838+0700] {logging_mixin.py:188} INFO - [2024-05-24T17:59:26.835+0700] {dag.py:3954} INFO - Setting next_dagrun for example_task_group_decorator to 2024-05-23 00:00:00+00:00, run_after=2024-05-24 00:00:00+00:00
[2024-05-24T17:59:27.027+0700] {processor.py:183} INFO - Processing /mnt/d/Programming/Vietnamese-Text-Generator/airflow_env/lib/python3.10/site-packages/airflow/example_dags/example_task_group_decorator.py took 0.554 seconds
[2024-05-24T18:00:33.723+0700] {processor.py:161} INFO - Started process (PID=11673) to work on /mnt/d/Programming/Vietnamese-Text-Generator/airflow_env/lib/python3.10/site-packages/airflow/example_dags/example_task_group_decorator.py
[2024-05-24T18:00:33.730+0700] {processor.py:830} INFO - Processing file /mnt/d/Programming/Vietnamese-Text-Generator/airflow_env/lib/python3.10/site-packages/airflow/example_dags/example_task_group_decorator.py for tasks to queue
[2024-05-24T18:00:33.743+0700] {logging_mixin.py:188} INFO - [2024-05-24T18:00:33.739+0700] {dagbag.py:540} INFO - Filling up the DagBag from /mnt/d/Programming/Vietnamese-Text-Generator/airflow_env/lib/python3.10/site-packages/airflow/example_dags/example_task_group_decorator.py
[2024-05-24T18:00:33.856+0700] {processor.py:840} INFO - DAG(s) 'example_task_group_decorator' retrieved from /mnt/d/Programming/Vietnamese-Text-Generator/airflow_env/lib/python3.10/site-packages/airflow/example_dags/example_task_group_decorator.py
[2024-05-24T18:00:33.967+0700] {logging_mixin.py:188} INFO - [2024-05-24T18:00:33.964+0700] {dag.py:3096} INFO - Sync 1 DAGs
[2024-05-24T18:00:34.074+0700] {logging_mixin.py:188} INFO - [2024-05-24T18:00:34.071+0700] {dag.py:3954} INFO - Setting next_dagrun for example_task_group_decorator to 2024-05-23 00:00:00+00:00, run_after=2024-05-24 00:00:00+00:00
[2024-05-24T18:00:34.285+0700] {processor.py:183} INFO - Processing /mnt/d/Programming/Vietnamese-Text-Generator/airflow_env/lib/python3.10/site-packages/airflow/example_dags/example_task_group_decorator.py took 0.611 seconds
[2024-05-24T18:01:45.192+0700] {processor.py:161} INFO - Started process (PID=11986) to work on /mnt/d/Programming/Vietnamese-Text-Generator/airflow_env/lib/python3.10/site-packages/airflow/example_dags/example_task_group_decorator.py
[2024-05-24T18:01:45.199+0700] {processor.py:830} INFO - Processing file /mnt/d/Programming/Vietnamese-Text-Generator/airflow_env/lib/python3.10/site-packages/airflow/example_dags/example_task_group_decorator.py for tasks to queue
[2024-05-24T18:01:45.212+0700] {logging_mixin.py:188} INFO - [2024-05-24T18:01:45.208+0700] {dagbag.py:540} INFO - Filling up the DagBag from /mnt/d/Programming/Vietnamese-Text-Generator/airflow_env/lib/python3.10/site-packages/airflow/example_dags/example_task_group_decorator.py
[2024-05-24T18:01:45.342+0700] {processor.py:840} INFO - DAG(s) 'example_task_group_decorator' retrieved from /mnt/d/Programming/Vietnamese-Text-Generator/airflow_env/lib/python3.10/site-packages/airflow/example_dags/example_task_group_decorator.py
[2024-05-24T18:01:45.457+0700] {logging_mixin.py:188} INFO - [2024-05-24T18:01:45.454+0700] {dag.py:3096} INFO - Sync 1 DAGs
[2024-05-24T18:01:45.541+0700] {logging_mixin.py:188} INFO - [2024-05-24T18:01:45.539+0700] {dag.py:3954} INFO - Setting next_dagrun for example_task_group_decorator to 2024-05-23 00:00:00+00:00, run_after=2024-05-24 00:00:00+00:00
[2024-05-24T18:01:45.712+0700] {processor.py:183} INFO - Processing /mnt/d/Programming/Vietnamese-Text-Generator/airflow_env/lib/python3.10/site-packages/airflow/example_dags/example_task_group_decorator.py took 0.569 seconds
[2024-05-24T18:02:53.043+0700] {processor.py:161} INFO - Started process (PID=12284) to work on /mnt/d/Programming/Vietnamese-Text-Generator/airflow_env/lib/python3.10/site-packages/airflow/example_dags/example_task_group_decorator.py
[2024-05-24T18:02:53.058+0700] {processor.py:830} INFO - Processing file /mnt/d/Programming/Vietnamese-Text-Generator/airflow_env/lib/python3.10/site-packages/airflow/example_dags/example_task_group_decorator.py for tasks to queue
[2024-05-24T18:02:53.078+0700] {logging_mixin.py:188} INFO - [2024-05-24T18:02:53.074+0700] {dagbag.py:540} INFO - Filling up the DagBag from /mnt/d/Programming/Vietnamese-Text-Generator/airflow_env/lib/python3.10/site-packages/airflow/example_dags/example_task_group_decorator.py
[2024-05-24T18:02:53.145+0700] {processor.py:840} INFO - DAG(s) 'example_task_group_decorator' retrieved from /mnt/d/Programming/Vietnamese-Text-Generator/airflow_env/lib/python3.10/site-packages/airflow/example_dags/example_task_group_decorator.py
[2024-05-24T18:02:53.217+0700] {logging_mixin.py:188} INFO - [2024-05-24T18:02:53.215+0700] {dag.py:3096} INFO - Sync 1 DAGs
[2024-05-24T18:02:53.262+0700] {logging_mixin.py:188} INFO - [2024-05-24T18:02:53.261+0700] {dag.py:3954} INFO - Setting next_dagrun for example_task_group_decorator to 2024-05-23 00:00:00+00:00, run_after=2024-05-24 00:00:00+00:00
[2024-05-24T18:02:53.386+0700] {processor.py:183} INFO - Processing /mnt/d/Programming/Vietnamese-Text-Generator/airflow_env/lib/python3.10/site-packages/airflow/example_dags/example_task_group_decorator.py took 0.395 seconds
[2024-05-24T18:04:05.311+0700] {processor.py:161} INFO - Started process (PID=12599) to work on /mnt/d/Programming/Vietnamese-Text-Generator/airflow_env/lib/python3.10/site-packages/airflow/example_dags/example_task_group_decorator.py
[2024-05-24T18:04:05.317+0700] {processor.py:830} INFO - Processing file /mnt/d/Programming/Vietnamese-Text-Generator/airflow_env/lib/python3.10/site-packages/airflow/example_dags/example_task_group_decorator.py for tasks to queue
[2024-05-24T18:04:05.329+0700] {logging_mixin.py:188} INFO - [2024-05-24T18:04:05.325+0700] {dagbag.py:540} INFO - Filling up the DagBag from /mnt/d/Programming/Vietnamese-Text-Generator/airflow_env/lib/python3.10/site-packages/airflow/example_dags/example_task_group_decorator.py
[2024-05-24T18:04:05.452+0700] {processor.py:840} INFO - DAG(s) 'example_task_group_decorator' retrieved from /mnt/d/Programming/Vietnamese-Text-Generator/airflow_env/lib/python3.10/site-packages/airflow/example_dags/example_task_group_decorator.py
[2024-05-24T18:04:05.584+0700] {logging_mixin.py:188} INFO - [2024-05-24T18:04:05.580+0700] {dag.py:3096} INFO - Sync 1 DAGs
[2024-05-24T18:04:05.699+0700] {logging_mixin.py:188} INFO - [2024-05-24T18:04:05.695+0700] {dag.py:3954} INFO - Setting next_dagrun for example_task_group_decorator to 2024-05-23 00:00:00+00:00, run_after=2024-05-24 00:00:00+00:00
[2024-05-24T18:04:05.923+0700] {processor.py:183} INFO - Processing /mnt/d/Programming/Vietnamese-Text-Generator/airflow_env/lib/python3.10/site-packages/airflow/example_dags/example_task_group_decorator.py took 0.661 seconds
[2024-05-24T18:05:16.643+0700] {processor.py:161} INFO - Started process (PID=12909) to work on /mnt/d/Programming/Vietnamese-Text-Generator/airflow_env/lib/python3.10/site-packages/airflow/example_dags/example_task_group_decorator.py
[2024-05-24T18:05:16.649+0700] {processor.py:830} INFO - Processing file /mnt/d/Programming/Vietnamese-Text-Generator/airflow_env/lib/python3.10/site-packages/airflow/example_dags/example_task_group_decorator.py for tasks to queue
[2024-05-24T18:05:16.662+0700] {logging_mixin.py:188} INFO - [2024-05-24T18:05:16.658+0700] {dagbag.py:540} INFO - Filling up the DagBag from /mnt/d/Programming/Vietnamese-Text-Generator/airflow_env/lib/python3.10/site-packages/airflow/example_dags/example_task_group_decorator.py
[2024-05-24T18:05:16.767+0700] {processor.py:840} INFO - DAG(s) 'example_task_group_decorator' retrieved from /mnt/d/Programming/Vietnamese-Text-Generator/airflow_env/lib/python3.10/site-packages/airflow/example_dags/example_task_group_decorator.py
[2024-05-24T18:05:16.885+0700] {logging_mixin.py:188} INFO - [2024-05-24T18:05:16.882+0700] {dag.py:3096} INFO - Sync 1 DAGs
[2024-05-24T18:05:16.980+0700] {logging_mixin.py:188} INFO - [2024-05-24T18:05:16.976+0700] {dag.py:3954} INFO - Setting next_dagrun for example_task_group_decorator to 2024-05-23 00:00:00+00:00, run_after=2024-05-24 00:00:00+00:00
[2024-05-24T18:05:17.171+0700] {processor.py:183} INFO - Processing /mnt/d/Programming/Vietnamese-Text-Generator/airflow_env/lib/python3.10/site-packages/airflow/example_dags/example_task_group_decorator.py took 0.573 seconds
