[2024-05-24T17:01:50.879+0700] {processor.py:161} INFO - Started process (PID=1847) to work on /mnt/d/Programming/Vietnamese-Text-Generator/airflow_env/lib/python3.10/site-packages/airflow/example_dags/example_setup_teardown.py
[2024-05-24T17:01:50.887+0700] {processor.py:830} INFO - Processing file /mnt/d/Programming/Vietnamese-Text-Generator/airflow_env/lib/python3.10/site-packages/airflow/example_dags/example_setup_teardown.py for tasks to queue
[2024-05-24T17:01:50.899+0700] {logging_mixin.py:188} INFO - [2024-05-24T17:01:50.895+0700] {dagbag.py:540} INFO - Filling up the DagBag from /mnt/d/Programming/Vietnamese-Text-Generator/airflow_env/lib/python3.10/site-packages/airflow/example_dags/example_setup_teardown.py
[2024-05-24T17:01:50.977+0700] {processor.py:840} INFO - DAG(s) 'example_setup_teardown' retrieved from /mnt/d/Programming/Vietnamese-Text-Generator/airflow_env/lib/python3.10/site-packages/airflow/example_dags/example_setup_teardown.py
[2024-05-24T17:01:51.088+0700] {logging_mixin.py:188} INFO - [2024-05-24T17:01:51.086+0700] {dag.py:3096} INFO - Sync 1 DAGs
[2024-05-24T17:01:51.197+0700] {logging_mixin.py:188} INFO - [2024-05-24T17:01:51.194+0700] {dag.py:3954} INFO - Setting next_dagrun for example_setup_teardown to 2024-05-23 00:00:00+00:00, run_after=2024-05-24 00:00:00+00:00
[2024-05-24T17:01:51.414+0700] {processor.py:183} INFO - Processing /mnt/d/Programming/Vietnamese-Text-Generator/airflow_env/lib/python3.10/site-packages/airflow/example_dags/example_setup_teardown.py took 0.578 seconds
[2024-05-24T17:03:49.767+0700] {processor.py:161} INFO - Started process (PID=2353) to work on /mnt/d/Programming/Vietnamese-Text-Generator/airflow_env/lib/python3.10/site-packages/airflow/example_dags/example_setup_teardown.py
[2024-05-24T17:03:49.773+0700] {processor.py:830} INFO - Processing file /mnt/d/Programming/Vietnamese-Text-Generator/airflow_env/lib/python3.10/site-packages/airflow/example_dags/example_setup_teardown.py for tasks to queue
[2024-05-24T17:03:49.787+0700] {logging_mixin.py:188} INFO - [2024-05-24T17:03:49.782+0700] {dagbag.py:540} INFO - Filling up the DagBag from /mnt/d/Programming/Vietnamese-Text-Generator/airflow_env/lib/python3.10/site-packages/airflow/example_dags/example_setup_teardown.py
[2024-05-24T17:03:49.887+0700] {processor.py:840} INFO - DAG(s) 'example_setup_teardown' retrieved from /mnt/d/Programming/Vietnamese-Text-Generator/airflow_env/lib/python3.10/site-packages/airflow/example_dags/example_setup_teardown.py
[2024-05-24T17:03:49.993+0700] {logging_mixin.py:188} INFO - [2024-05-24T17:03:49.989+0700] {dag.py:3096} INFO - Sync 1 DAGs
[2024-05-24T17:03:50.113+0700] {logging_mixin.py:188} INFO - [2024-05-24T17:03:50.104+0700] {dag.py:3954} INFO - Setting next_dagrun for example_setup_teardown to 2024-05-23 00:00:00+00:00, run_after=2024-05-24 00:00:00+00:00
[2024-05-24T17:03:50.349+0700] {processor.py:183} INFO - Processing /mnt/d/Programming/Vietnamese-Text-Generator/airflow_env/lib/python3.10/site-packages/airflow/example_dags/example_setup_teardown.py took 0.632 seconds
[2024-05-24T17:05:03.324+0700] {processor.py:161} INFO - Started process (PID=2680) to work on /mnt/d/Programming/Vietnamese-Text-Generator/airflow_env/lib/python3.10/site-packages/airflow/example_dags/example_setup_teardown.py
[2024-05-24T17:05:03.327+0700] {processor.py:830} INFO - Processing file /mnt/d/Programming/Vietnamese-Text-Generator/airflow_env/lib/python3.10/site-packages/airflow/example_dags/example_setup_teardown.py for tasks to queue
[2024-05-24T17:05:03.332+0700] {logging_mixin.py:188} INFO - [2024-05-24T17:05:03.330+0700] {dagbag.py:540} INFO - Filling up the DagBag from /mnt/d/Programming/Vietnamese-Text-Generator/airflow_env/lib/python3.10/site-packages/airflow/example_dags/example_setup_teardown.py
[2024-05-24T17:05:03.369+0700] {processor.py:840} INFO - DAG(s) 'example_setup_teardown' retrieved from /mnt/d/Programming/Vietnamese-Text-Generator/airflow_env/lib/python3.10/site-packages/airflow/example_dags/example_setup_teardown.py
[2024-05-24T17:05:03.414+0700] {logging_mixin.py:188} INFO - [2024-05-24T17:05:03.413+0700] {dag.py:3096} INFO - Sync 1 DAGs
[2024-05-24T17:05:03.462+0700] {logging_mixin.py:188} INFO - [2024-05-24T17:05:03.461+0700] {dag.py:3954} INFO - Setting next_dagrun for example_setup_teardown to 2024-05-23 00:00:00+00:00, run_after=2024-05-24 00:00:00+00:00
[2024-05-24T17:05:03.529+0700] {processor.py:183} INFO - Processing /mnt/d/Programming/Vietnamese-Text-Generator/airflow_env/lib/python3.10/site-packages/airflow/example_dags/example_setup_teardown.py took 0.223 seconds
[2024-05-24T17:07:19.986+0700] {processor.py:161} INFO - Started process (PID=3353) to work on /mnt/d/Programming/Vietnamese-Text-Generator/airflow_env/lib/python3.10/site-packages/airflow/example_dags/example_setup_teardown.py
[2024-05-24T17:07:19.992+0700] {processor.py:830} INFO - Processing file /mnt/d/Programming/Vietnamese-Text-Generator/airflow_env/lib/python3.10/site-packages/airflow/example_dags/example_setup_teardown.py for tasks to queue
[2024-05-24T17:07:20.003+0700] {logging_mixin.py:188} INFO - [2024-05-24T17:07:20.000+0700] {dagbag.py:540} INFO - Filling up the DagBag from /mnt/d/Programming/Vietnamese-Text-Generator/airflow_env/lib/python3.10/site-packages/airflow/example_dags/example_setup_teardown.py
[2024-05-24T17:07:20.098+0700] {processor.py:840} INFO - DAG(s) 'example_setup_teardown' retrieved from /mnt/d/Programming/Vietnamese-Text-Generator/airflow_env/lib/python3.10/site-packages/airflow/example_dags/example_setup_teardown.py
[2024-05-24T17:07:20.196+0700] {logging_mixin.py:188} INFO - [2024-05-24T17:07:20.192+0700] {dag.py:3096} INFO - Sync 1 DAGs
[2024-05-24T17:07:20.301+0700] {logging_mixin.py:188} INFO - [2024-05-24T17:07:20.297+0700] {dag.py:3954} INFO - Setting next_dagrun for example_setup_teardown to 2024-05-23 00:00:00+00:00, run_after=2024-05-24 00:00:00+00:00
[2024-05-24T17:07:20.519+0700] {processor.py:183} INFO - Processing /mnt/d/Programming/Vietnamese-Text-Generator/airflow_env/lib/python3.10/site-packages/airflow/example_dags/example_setup_teardown.py took 0.572 seconds
[2024-05-24T17:09:30.479+0700] {processor.py:161} INFO - Started process (PID=3925) to work on /mnt/d/Programming/Vietnamese-Text-Generator/airflow_env/lib/python3.10/site-packages/airflow/example_dags/example_setup_teardown.py
[2024-05-24T17:09:30.482+0700] {processor.py:830} INFO - Processing file /mnt/d/Programming/Vietnamese-Text-Generator/airflow_env/lib/python3.10/site-packages/airflow/example_dags/example_setup_teardown.py for tasks to queue
[2024-05-24T17:09:30.487+0700] {logging_mixin.py:188} INFO - [2024-05-24T17:09:30.486+0700] {dagbag.py:540} INFO - Filling up the DagBag from /mnt/d/Programming/Vietnamese-Text-Generator/airflow_env/lib/python3.10/site-packages/airflow/example_dags/example_setup_teardown.py
[2024-05-24T17:09:30.528+0700] {processor.py:840} INFO - DAG(s) 'example_setup_teardown' retrieved from /mnt/d/Programming/Vietnamese-Text-Generator/airflow_env/lib/python3.10/site-packages/airflow/example_dags/example_setup_teardown.py
[2024-05-24T17:09:30.571+0700] {logging_mixin.py:188} INFO - [2024-05-24T17:09:30.570+0700] {dag.py:3096} INFO - Sync 1 DAGs
[2024-05-24T17:09:30.607+0700] {logging_mixin.py:188} INFO - [2024-05-24T17:09:30.605+0700] {dag.py:3954} INFO - Setting next_dagrun for example_setup_teardown to 2024-05-23 00:00:00+00:00, run_after=2024-05-24 00:00:00+00:00
[2024-05-24T17:09:30.741+0700] {processor.py:183} INFO - Processing /mnt/d/Programming/Vietnamese-Text-Generator/airflow_env/lib/python3.10/site-packages/airflow/example_dags/example_setup_teardown.py took 0.279 seconds
[2024-05-24T17:11:51.511+0700] {processor.py:161} INFO - Started process (PID=4543) to work on /mnt/d/Programming/Vietnamese-Text-Generator/airflow_env/lib/python3.10/site-packages/airflow/example_dags/example_setup_teardown.py
[2024-05-24T17:11:51.517+0700] {processor.py:830} INFO - Processing file /mnt/d/Programming/Vietnamese-Text-Generator/airflow_env/lib/python3.10/site-packages/airflow/example_dags/example_setup_teardown.py for tasks to queue
[2024-05-24T17:11:51.527+0700] {logging_mixin.py:188} INFO - [2024-05-24T17:11:51.524+0700] {dagbag.py:540} INFO - Filling up the DagBag from /mnt/d/Programming/Vietnamese-Text-Generator/airflow_env/lib/python3.10/site-packages/airflow/example_dags/example_setup_teardown.py
[2024-05-24T17:11:51.603+0700] {processor.py:840} INFO - DAG(s) 'example_setup_teardown' retrieved from /mnt/d/Programming/Vietnamese-Text-Generator/airflow_env/lib/python3.10/site-packages/airflow/example_dags/example_setup_teardown.py
[2024-05-24T17:11:51.690+0700] {logging_mixin.py:188} INFO - [2024-05-24T17:11:51.687+0700] {dag.py:3096} INFO - Sync 1 DAGs
[2024-05-24T17:11:51.793+0700] {logging_mixin.py:188} INFO - [2024-05-24T17:11:51.789+0700] {dag.py:3954} INFO - Setting next_dagrun for example_setup_teardown to 2024-05-23 00:00:00+00:00, run_after=2024-05-24 00:00:00+00:00
[2024-05-24T17:11:52.007+0700] {processor.py:183} INFO - Processing /mnt/d/Programming/Vietnamese-Text-Generator/airflow_env/lib/python3.10/site-packages/airflow/example_dags/example_setup_teardown.py took 0.535 seconds
[2024-05-24T17:14:07.301+0700] {processor.py:161} INFO - Started process (PID=5135) to work on /mnt/d/Programming/Vietnamese-Text-Generator/airflow_env/lib/python3.10/site-packages/airflow/example_dags/example_setup_teardown.py
[2024-05-24T17:14:07.307+0700] {processor.py:830} INFO - Processing file /mnt/d/Programming/Vietnamese-Text-Generator/airflow_env/lib/python3.10/site-packages/airflow/example_dags/example_setup_teardown.py for tasks to queue
[2024-05-24T17:14:07.318+0700] {logging_mixin.py:188} INFO - [2024-05-24T17:14:07.315+0700] {dagbag.py:540} INFO - Filling up the DagBag from /mnt/d/Programming/Vietnamese-Text-Generator/airflow_env/lib/python3.10/site-packages/airflow/example_dags/example_setup_teardown.py
[2024-05-24T17:14:07.402+0700] {processor.py:840} INFO - DAG(s) 'example_setup_teardown' retrieved from /mnt/d/Programming/Vietnamese-Text-Generator/airflow_env/lib/python3.10/site-packages/airflow/example_dags/example_setup_teardown.py
[2024-05-24T17:14:07.493+0700] {logging_mixin.py:188} INFO - [2024-05-24T17:14:07.489+0700] {dag.py:3096} INFO - Sync 1 DAGs
[2024-05-24T17:14:07.612+0700] {logging_mixin.py:188} INFO - [2024-05-24T17:14:07.608+0700] {dag.py:3954} INFO - Setting next_dagrun for example_setup_teardown to 2024-05-23 00:00:00+00:00, run_after=2024-05-24 00:00:00+00:00
[2024-05-24T17:14:07.851+0700] {processor.py:183} INFO - Processing /mnt/d/Programming/Vietnamese-Text-Generator/airflow_env/lib/python3.10/site-packages/airflow/example_dags/example_setup_teardown.py took 0.593 seconds
[2024-05-24T17:16:27.012+0700] {processor.py:161} INFO - Started process (PID=5744) to work on /mnt/d/Programming/Vietnamese-Text-Generator/airflow_env/lib/python3.10/site-packages/airflow/example_dags/example_setup_teardown.py
[2024-05-24T17:16:27.019+0700] {processor.py:830} INFO - Processing file /mnt/d/Programming/Vietnamese-Text-Generator/airflow_env/lib/python3.10/site-packages/airflow/example_dags/example_setup_teardown.py for tasks to queue
[2024-05-24T17:16:27.032+0700] {logging_mixin.py:188} INFO - [2024-05-24T17:16:27.027+0700] {dagbag.py:540} INFO - Filling up the DagBag from /mnt/d/Programming/Vietnamese-Text-Generator/airflow_env/lib/python3.10/site-packages/airflow/example_dags/example_setup_teardown.py
[2024-05-24T17:16:27.127+0700] {processor.py:840} INFO - DAG(s) 'example_setup_teardown' retrieved from /mnt/d/Programming/Vietnamese-Text-Generator/airflow_env/lib/python3.10/site-packages/airflow/example_dags/example_setup_teardown.py
[2024-05-24T17:16:27.212+0700] {logging_mixin.py:188} INFO - [2024-05-24T17:16:27.209+0700] {dag.py:3096} INFO - Sync 1 DAGs
[2024-05-24T17:16:27.291+0700] {logging_mixin.py:188} INFO - [2024-05-24T17:16:27.288+0700] {dag.py:3954} INFO - Setting next_dagrun for example_setup_teardown to 2024-05-23 00:00:00+00:00, run_after=2024-05-24 00:00:00+00:00
[2024-05-24T17:16:27.458+0700] {processor.py:183} INFO - Processing /mnt/d/Programming/Vietnamese-Text-Generator/airflow_env/lib/python3.10/site-packages/airflow/example_dags/example_setup_teardown.py took 0.496 seconds
[2024-05-24T17:18:49.969+0700] {processor.py:161} INFO - Started process (PID=6372) to work on /mnt/d/Programming/Vietnamese-Text-Generator/airflow_env/lib/python3.10/site-packages/airflow/example_dags/example_setup_teardown.py
[2024-05-24T17:18:49.973+0700] {processor.py:830} INFO - Processing file /mnt/d/Programming/Vietnamese-Text-Generator/airflow_env/lib/python3.10/site-packages/airflow/example_dags/example_setup_teardown.py for tasks to queue
[2024-05-24T17:18:49.982+0700] {logging_mixin.py:188} INFO - [2024-05-24T17:18:49.980+0700] {dagbag.py:540} INFO - Filling up the DagBag from /mnt/d/Programming/Vietnamese-Text-Generator/airflow_env/lib/python3.10/site-packages/airflow/example_dags/example_setup_teardown.py
[2024-05-24T17:18:50.026+0700] {processor.py:840} INFO - DAG(s) 'example_setup_teardown' retrieved from /mnt/d/Programming/Vietnamese-Text-Generator/airflow_env/lib/python3.10/site-packages/airflow/example_dags/example_setup_teardown.py
[2024-05-24T17:18:50.091+0700] {logging_mixin.py:188} INFO - [2024-05-24T17:18:50.088+0700] {dag.py:3096} INFO - Sync 1 DAGs
[2024-05-24T17:18:50.179+0700] {logging_mixin.py:188} INFO - [2024-05-24T17:18:50.177+0700] {dag.py:3954} INFO - Setting next_dagrun for example_setup_teardown to 2024-05-23 00:00:00+00:00, run_after=2024-05-24 00:00:00+00:00
[2024-05-24T17:18:50.308+0700] {processor.py:183} INFO - Processing /mnt/d/Programming/Vietnamese-Text-Generator/airflow_env/lib/python3.10/site-packages/airflow/example_dags/example_setup_teardown.py took 0.367 seconds
[2024-05-24T17:21:07.095+0700] {processor.py:161} INFO - Started process (PID=6971) to work on /mnt/d/Programming/Vietnamese-Text-Generator/airflow_env/lib/python3.10/site-packages/airflow/example_dags/example_setup_teardown.py
[2024-05-24T17:21:07.102+0700] {processor.py:830} INFO - Processing file /mnt/d/Programming/Vietnamese-Text-Generator/airflow_env/lib/python3.10/site-packages/airflow/example_dags/example_setup_teardown.py for tasks to queue
[2024-05-24T17:21:07.114+0700] {logging_mixin.py:188} INFO - [2024-05-24T17:21:07.110+0700] {dagbag.py:540} INFO - Filling up the DagBag from /mnt/d/Programming/Vietnamese-Text-Generator/airflow_env/lib/python3.10/site-packages/airflow/example_dags/example_setup_teardown.py
[2024-05-24T17:21:07.202+0700] {processor.py:840} INFO - DAG(s) 'example_setup_teardown' retrieved from /mnt/d/Programming/Vietnamese-Text-Generator/airflow_env/lib/python3.10/site-packages/airflow/example_dags/example_setup_teardown.py
[2024-05-24T17:21:07.301+0700] {logging_mixin.py:188} INFO - [2024-05-24T17:21:07.298+0700] {dag.py:3096} INFO - Sync 1 DAGs
[2024-05-24T17:21:07.408+0700] {logging_mixin.py:188} INFO - [2024-05-24T17:21:07.404+0700] {dag.py:3954} INFO - Setting next_dagrun for example_setup_teardown to 2024-05-23 00:00:00+00:00, run_after=2024-05-24 00:00:00+00:00
[2024-05-24T17:21:07.580+0700] {processor.py:183} INFO - Processing /mnt/d/Programming/Vietnamese-Text-Generator/airflow_env/lib/python3.10/site-packages/airflow/example_dags/example_setup_teardown.py took 0.529 seconds
[2024-05-24T17:23:19.694+0700] {processor.py:161} INFO - Started process (PID=7551) to work on /mnt/d/Programming/Vietnamese-Text-Generator/airflow_env/lib/python3.10/site-packages/airflow/example_dags/example_setup_teardown.py
[2024-05-24T17:23:19.700+0700] {processor.py:830} INFO - Processing file /mnt/d/Programming/Vietnamese-Text-Generator/airflow_env/lib/python3.10/site-packages/airflow/example_dags/example_setup_teardown.py for tasks to queue
[2024-05-24T17:23:19.711+0700] {logging_mixin.py:188} INFO - [2024-05-24T17:23:19.708+0700] {dagbag.py:540} INFO - Filling up the DagBag from /mnt/d/Programming/Vietnamese-Text-Generator/airflow_env/lib/python3.10/site-packages/airflow/example_dags/example_setup_teardown.py
[2024-05-24T17:23:19.799+0700] {processor.py:840} INFO - DAG(s) 'example_setup_teardown' retrieved from /mnt/d/Programming/Vietnamese-Text-Generator/airflow_env/lib/python3.10/site-packages/airflow/example_dags/example_setup_teardown.py
[2024-05-24T17:23:19.924+0700] {logging_mixin.py:188} INFO - [2024-05-24T17:23:19.920+0700] {dag.py:3096} INFO - Sync 1 DAGs
[2024-05-24T17:23:20.040+0700] {logging_mixin.py:188} INFO - [2024-05-24T17:23:20.037+0700] {dag.py:3954} INFO - Setting next_dagrun for example_setup_teardown to 2024-05-23 00:00:00+00:00, run_after=2024-05-24 00:00:00+00:00
[2024-05-24T17:23:20.252+0700] {processor.py:183} INFO - Processing /mnt/d/Programming/Vietnamese-Text-Generator/airflow_env/lib/python3.10/site-packages/airflow/example_dags/example_setup_teardown.py took 0.602 seconds
[2024-05-24T17:47:06.750+0700] {processor.py:161} INFO - Started process (PID=8126) to work on /mnt/d/Programming/Vietnamese-Text-Generator/airflow_env/lib/python3.10/site-packages/airflow/example_dags/example_setup_teardown.py
[2024-05-24T17:47:06.752+0700] {processor.py:830} INFO - Processing file /mnt/d/Programming/Vietnamese-Text-Generator/airflow_env/lib/python3.10/site-packages/airflow/example_dags/example_setup_teardown.py for tasks to queue
[2024-05-24T17:47:06.757+0700] {logging_mixin.py:188} INFO - [2024-05-24T17:47:06.756+0700] {dagbag.py:540} INFO - Filling up the DagBag from /mnt/d/Programming/Vietnamese-Text-Generator/airflow_env/lib/python3.10/site-packages/airflow/example_dags/example_setup_teardown.py
[2024-05-24T17:47:06.782+0700] {processor.py:840} INFO - DAG(s) 'example_setup_teardown' retrieved from /mnt/d/Programming/Vietnamese-Text-Generator/airflow_env/lib/python3.10/site-packages/airflow/example_dags/example_setup_teardown.py
[2024-05-24T17:47:06.817+0700] {logging_mixin.py:188} INFO - [2024-05-24T17:47:06.815+0700] {dag.py:3096} INFO - Sync 1 DAGs
[2024-05-24T17:47:06.850+0700] {logging_mixin.py:188} INFO - [2024-05-24T17:47:06.850+0700] {dag.py:3954} INFO - Setting next_dagrun for example_setup_teardown to 2024-05-23 00:00:00+00:00, run_after=2024-05-24 00:00:00+00:00
[2024-05-24T17:47:06.907+0700] {processor.py:183} INFO - Processing /mnt/d/Programming/Vietnamese-Text-Generator/airflow_env/lib/python3.10/site-packages/airflow/example_dags/example_setup_teardown.py took 0.169 seconds
[2024-05-24T17:48:20.398+0700] {processor.py:161} INFO - Started process (PID=8473) to work on /mnt/d/Programming/Vietnamese-Text-Generator/airflow_env/lib/python3.10/site-packages/airflow/example_dags/example_setup_teardown.py
[2024-05-24T17:48:20.404+0700] {processor.py:830} INFO - Processing file /mnt/d/Programming/Vietnamese-Text-Generator/airflow_env/lib/python3.10/site-packages/airflow/example_dags/example_setup_teardown.py for tasks to queue
[2024-05-24T17:48:20.416+0700] {logging_mixin.py:188} INFO - [2024-05-24T17:48:20.412+0700] {dagbag.py:540} INFO - Filling up the DagBag from /mnt/d/Programming/Vietnamese-Text-Generator/airflow_env/lib/python3.10/site-packages/airflow/example_dags/example_setup_teardown.py
[2024-05-24T17:48:20.498+0700] {processor.py:840} INFO - DAG(s) 'example_setup_teardown' retrieved from /mnt/d/Programming/Vietnamese-Text-Generator/airflow_env/lib/python3.10/site-packages/airflow/example_dags/example_setup_teardown.py
[2024-05-24T17:48:20.599+0700] {logging_mixin.py:188} INFO - [2024-05-24T17:48:20.596+0700] {dag.py:3096} INFO - Sync 1 DAGs
[2024-05-24T17:48:20.704+0700] {logging_mixin.py:188} INFO - [2024-05-24T17:48:20.702+0700] {dag.py:3954} INFO - Setting next_dagrun for example_setup_teardown to 2024-05-23 00:00:00+00:00, run_after=2024-05-24 00:00:00+00:00
[2024-05-24T17:48:20.884+0700] {processor.py:183} INFO - Processing /mnt/d/Programming/Vietnamese-Text-Generator/airflow_env/lib/python3.10/site-packages/airflow/example_dags/example_setup_teardown.py took 0.524 seconds
[2024-05-24T17:50:25.798+0700] {processor.py:161} INFO - Started process (PID=9025) to work on /mnt/d/Programming/Vietnamese-Text-Generator/airflow_env/lib/python3.10/site-packages/airflow/example_dags/example_setup_teardown.py
[2024-05-24T17:50:25.803+0700] {processor.py:830} INFO - Processing file /mnt/d/Programming/Vietnamese-Text-Generator/airflow_env/lib/python3.10/site-packages/airflow/example_dags/example_setup_teardown.py for tasks to queue
[2024-05-24T17:50:25.814+0700] {logging_mixin.py:188} INFO - [2024-05-24T17:50:25.810+0700] {dagbag.py:540} INFO - Filling up the DagBag from /mnt/d/Programming/Vietnamese-Text-Generator/airflow_env/lib/python3.10/site-packages/airflow/example_dags/example_setup_teardown.py
[2024-05-24T17:50:25.888+0700] {processor.py:840} INFO - DAG(s) 'example_setup_teardown' retrieved from /mnt/d/Programming/Vietnamese-Text-Generator/airflow_env/lib/python3.10/site-packages/airflow/example_dags/example_setup_teardown.py
[2024-05-24T17:50:25.980+0700] {logging_mixin.py:188} INFO - [2024-05-24T17:50:25.976+0700] {dag.py:3096} INFO - Sync 1 DAGs
[2024-05-24T17:50:26.084+0700] {logging_mixin.py:188} INFO - [2024-05-24T17:50:26.081+0700] {dag.py:3954} INFO - Setting next_dagrun for example_setup_teardown to 2024-05-23 00:00:00+00:00, run_after=2024-05-24 00:00:00+00:00
[2024-05-24T17:50:26.304+0700] {processor.py:183} INFO - Processing /mnt/d/Programming/Vietnamese-Text-Generator/airflow_env/lib/python3.10/site-packages/airflow/example_dags/example_setup_teardown.py took 0.544 seconds
[2024-05-24T17:52:45.500+0700] {processor.py:161} INFO - Started process (PID=9636) to work on /mnt/d/Programming/Vietnamese-Text-Generator/airflow_env/lib/python3.10/site-packages/airflow/example_dags/example_setup_teardown.py
[2024-05-24T17:52:45.508+0700] {processor.py:830} INFO - Processing file /mnt/d/Programming/Vietnamese-Text-Generator/airflow_env/lib/python3.10/site-packages/airflow/example_dags/example_setup_teardown.py for tasks to queue
[2024-05-24T17:52:45.520+0700] {logging_mixin.py:188} INFO - [2024-05-24T17:52:45.515+0700] {dagbag.py:540} INFO - Filling up the DagBag from /mnt/d/Programming/Vietnamese-Text-Generator/airflow_env/lib/python3.10/site-packages/airflow/example_dags/example_setup_teardown.py
[2024-05-24T17:52:45.606+0700] {processor.py:840} INFO - DAG(s) 'example_setup_teardown' retrieved from /mnt/d/Programming/Vietnamese-Text-Generator/airflow_env/lib/python3.10/site-packages/airflow/example_dags/example_setup_teardown.py
[2024-05-24T17:52:45.686+0700] {logging_mixin.py:188} INFO - [2024-05-24T17:52:45.684+0700] {dag.py:3096} INFO - Sync 1 DAGs
[2024-05-24T17:52:45.777+0700] {logging_mixin.py:188} INFO - [2024-05-24T17:52:45.774+0700] {dag.py:3954} INFO - Setting next_dagrun for example_setup_teardown to 2024-05-23 00:00:00+00:00, run_after=2024-05-24 00:00:00+00:00
[2024-05-24T17:52:45.956+0700] {processor.py:183} INFO - Processing /mnt/d/Programming/Vietnamese-Text-Generator/airflow_env/lib/python3.10/site-packages/airflow/example_dags/example_setup_teardown.py took 0.510 seconds
[2024-05-24T17:55:06.332+0700] {processor.py:161} INFO - Started process (PID=10250) to work on /mnt/d/Programming/Vietnamese-Text-Generator/airflow_env/lib/python3.10/site-packages/airflow/example_dags/example_setup_teardown.py
[2024-05-24T17:55:06.336+0700] {processor.py:830} INFO - Processing file /mnt/d/Programming/Vietnamese-Text-Generator/airflow_env/lib/python3.10/site-packages/airflow/example_dags/example_setup_teardown.py for tasks to queue
[2024-05-24T17:55:06.345+0700] {logging_mixin.py:188} INFO - [2024-05-24T17:55:06.342+0700] {dagbag.py:540} INFO - Filling up the DagBag from /mnt/d/Programming/Vietnamese-Text-Generator/airflow_env/lib/python3.10/site-packages/airflow/example_dags/example_setup_teardown.py
[2024-05-24T17:55:06.397+0700] {processor.py:840} INFO - DAG(s) 'example_setup_teardown' retrieved from /mnt/d/Programming/Vietnamese-Text-Generator/airflow_env/lib/python3.10/site-packages/airflow/example_dags/example_setup_teardown.py
[2024-05-24T17:55:06.454+0700] {logging_mixin.py:188} INFO - [2024-05-24T17:55:06.452+0700] {dag.py:3096} INFO - Sync 1 DAGs
[2024-05-24T17:55:06.495+0700] {logging_mixin.py:188} INFO - [2024-05-24T17:55:06.494+0700] {dag.py:3954} INFO - Setting next_dagrun for example_setup_teardown to 2024-05-23 00:00:00+00:00, run_after=2024-05-24 00:00:00+00:00
[2024-05-24T17:55:06.573+0700] {processor.py:183} INFO - Processing /mnt/d/Programming/Vietnamese-Text-Generator/airflow_env/lib/python3.10/site-packages/airflow/example_dags/example_setup_teardown.py took 0.270 seconds
[2024-05-24T17:57:24.935+0700] {processor.py:161} INFO - Started process (PID=10852) to work on /mnt/d/Programming/Vietnamese-Text-Generator/airflow_env/lib/python3.10/site-packages/airflow/example_dags/example_setup_teardown.py
[2024-05-24T17:57:24.939+0700] {processor.py:830} INFO - Processing file /mnt/d/Programming/Vietnamese-Text-Generator/airflow_env/lib/python3.10/site-packages/airflow/example_dags/example_setup_teardown.py for tasks to queue
[2024-05-24T17:57:24.946+0700] {logging_mixin.py:188} INFO - [2024-05-24T17:57:24.944+0700] {dagbag.py:540} INFO - Filling up the DagBag from /mnt/d/Programming/Vietnamese-Text-Generator/airflow_env/lib/python3.10/site-packages/airflow/example_dags/example_setup_teardown.py
[2024-05-24T17:57:24.998+0700] {processor.py:840} INFO - DAG(s) 'example_setup_teardown' retrieved from /mnt/d/Programming/Vietnamese-Text-Generator/airflow_env/lib/python3.10/site-packages/airflow/example_dags/example_setup_teardown.py
[2024-05-24T17:57:25.081+0700] {logging_mixin.py:188} INFO - [2024-05-24T17:57:25.077+0700] {dag.py:3096} INFO - Sync 1 DAGs
[2024-05-24T17:57:25.208+0700] {logging_mixin.py:188} INFO - [2024-05-24T17:57:25.206+0700] {dag.py:3954} INFO - Setting next_dagrun for example_setup_teardown to 2024-05-23 00:00:00+00:00, run_after=2024-05-24 00:00:00+00:00
[2024-05-24T17:57:25.338+0700] {processor.py:183} INFO - Processing /mnt/d/Programming/Vietnamese-Text-Generator/airflow_env/lib/python3.10/site-packages/airflow/example_dags/example_setup_teardown.py took 0.457 seconds
[2024-05-24T17:59:37.337+0700] {processor.py:161} INFO - Started process (PID=11428) to work on /mnt/d/Programming/Vietnamese-Text-Generator/airflow_env/lib/python3.10/site-packages/airflow/example_dags/example_setup_teardown.py
[2024-05-24T17:59:37.342+0700] {processor.py:830} INFO - Processing file /mnt/d/Programming/Vietnamese-Text-Generator/airflow_env/lib/python3.10/site-packages/airflow/example_dags/example_setup_teardown.py for tasks to queue
[2024-05-24T17:59:37.352+0700] {logging_mixin.py:188} INFO - [2024-05-24T17:59:37.348+0700] {dagbag.py:540} INFO - Filling up the DagBag from /mnt/d/Programming/Vietnamese-Text-Generator/airflow_env/lib/python3.10/site-packages/airflow/example_dags/example_setup_teardown.py
[2024-05-24T17:59:37.428+0700] {processor.py:840} INFO - DAG(s) 'example_setup_teardown' retrieved from /mnt/d/Programming/Vietnamese-Text-Generator/airflow_env/lib/python3.10/site-packages/airflow/example_dags/example_setup_teardown.py
[2024-05-24T17:59:37.499+0700] {logging_mixin.py:188} INFO - [2024-05-24T17:59:37.498+0700] {dag.py:3096} INFO - Sync 1 DAGs
[2024-05-24T17:59:37.546+0700] {logging_mixin.py:188} INFO - [2024-05-24T17:59:37.545+0700] {dag.py:3954} INFO - Setting next_dagrun for example_setup_teardown to 2024-05-23 00:00:00+00:00, run_after=2024-05-24 00:00:00+00:00
[2024-05-24T17:59:37.657+0700] {processor.py:183} INFO - Processing /mnt/d/Programming/Vietnamese-Text-Generator/airflow_env/lib/python3.10/site-packages/airflow/example_dags/example_setup_teardown.py took 0.353 seconds
[2024-05-24T18:01:55.317+0700] {processor.py:161} INFO - Started process (PID=12031) to work on /mnt/d/Programming/Vietnamese-Text-Generator/airflow_env/lib/python3.10/site-packages/airflow/example_dags/example_setup_teardown.py
[2024-05-24T18:01:55.324+0700] {processor.py:830} INFO - Processing file /mnt/d/Programming/Vietnamese-Text-Generator/airflow_env/lib/python3.10/site-packages/airflow/example_dags/example_setup_teardown.py for tasks to queue
[2024-05-24T18:01:55.337+0700] {logging_mixin.py:188} INFO - [2024-05-24T18:01:55.333+0700] {dagbag.py:540} INFO - Filling up the DagBag from /mnt/d/Programming/Vietnamese-Text-Generator/airflow_env/lib/python3.10/site-packages/airflow/example_dags/example_setup_teardown.py
[2024-05-24T18:01:55.424+0700] {processor.py:840} INFO - DAG(s) 'example_setup_teardown' retrieved from /mnt/d/Programming/Vietnamese-Text-Generator/airflow_env/lib/python3.10/site-packages/airflow/example_dags/example_setup_teardown.py
[2024-05-24T18:01:55.599+0700] {logging_mixin.py:188} INFO - [2024-05-24T18:01:55.597+0700] {dag.py:3096} INFO - Sync 1 DAGs
[2024-05-24T18:01:55.645+0700] {logging_mixin.py:188} INFO - [2024-05-24T18:01:55.644+0700] {dag.py:3954} INFO - Setting next_dagrun for example_setup_teardown to 2024-05-23 00:00:00+00:00, run_after=2024-05-24 00:00:00+00:00
[2024-05-24T18:01:55.726+0700] {processor.py:183} INFO - Processing /mnt/d/Programming/Vietnamese-Text-Generator/airflow_env/lib/python3.10/site-packages/airflow/example_dags/example_setup_teardown.py took 0.458 seconds
[2024-05-24T18:03:07.752+0700] {processor.py:161} INFO - Started process (PID=12347) to work on /mnt/d/Programming/Vietnamese-Text-Generator/airflow_env/lib/python3.10/site-packages/airflow/example_dags/example_setup_teardown.py
[2024-05-24T18:03:07.759+0700] {processor.py:830} INFO - Processing file /mnt/d/Programming/Vietnamese-Text-Generator/airflow_env/lib/python3.10/site-packages/airflow/example_dags/example_setup_teardown.py for tasks to queue
[2024-05-24T18:03:07.771+0700] {logging_mixin.py:188} INFO - [2024-05-24T18:03:07.767+0700] {dagbag.py:540} INFO - Filling up the DagBag from /mnt/d/Programming/Vietnamese-Text-Generator/airflow_env/lib/python3.10/site-packages/airflow/example_dags/example_setup_teardown.py
[2024-05-24T18:03:07.860+0700] {processor.py:840} INFO - DAG(s) 'example_setup_teardown' retrieved from /mnt/d/Programming/Vietnamese-Text-Generator/airflow_env/lib/python3.10/site-packages/airflow/example_dags/example_setup_teardown.py
[2024-05-24T18:03:07.958+0700] {logging_mixin.py:188} INFO - [2024-05-24T18:03:07.954+0700] {dag.py:3096} INFO - Sync 1 DAGs
[2024-05-24T18:03:08.047+0700] {logging_mixin.py:188} INFO - [2024-05-24T18:03:08.045+0700] {dag.py:3954} INFO - Setting next_dagrun for example_setup_teardown to 2024-05-23 00:00:00+00:00, run_after=2024-05-24 00:00:00+00:00
[2024-05-24T18:03:08.212+0700] {processor.py:183} INFO - Processing /mnt/d/Programming/Vietnamese-Text-Generator/airflow_env/lib/python3.10/site-packages/airflow/example_dags/example_setup_teardown.py took 0.506 seconds
[2024-05-24T18:05:30.895+0700] {processor.py:161} INFO - Started process (PID=12970) to work on /mnt/d/Programming/Vietnamese-Text-Generator/airflow_env/lib/python3.10/site-packages/airflow/example_dags/example_setup_teardown.py
[2024-05-24T18:05:30.902+0700] {processor.py:830} INFO - Processing file /mnt/d/Programming/Vietnamese-Text-Generator/airflow_env/lib/python3.10/site-packages/airflow/example_dags/example_setup_teardown.py for tasks to queue
[2024-05-24T18:05:30.914+0700] {logging_mixin.py:188} INFO - [2024-05-24T18:05:30.910+0700] {dagbag.py:540} INFO - Filling up the DagBag from /mnt/d/Programming/Vietnamese-Text-Generator/airflow_env/lib/python3.10/site-packages/airflow/example_dags/example_setup_teardown.py
[2024-05-24T18:05:30.983+0700] {processor.py:840} INFO - DAG(s) 'example_setup_teardown' retrieved from /mnt/d/Programming/Vietnamese-Text-Generator/airflow_env/lib/python3.10/site-packages/airflow/example_dags/example_setup_teardown.py
[2024-05-24T18:05:31.028+0700] {logging_mixin.py:188} INFO - [2024-05-24T18:05:31.027+0700] {dag.py:3096} INFO - Sync 1 DAGs
[2024-05-24T18:05:31.101+0700] {logging_mixin.py:188} INFO - [2024-05-24T18:05:31.098+0700] {dag.py:3954} INFO - Setting next_dagrun for example_setup_teardown to 2024-05-23 00:00:00+00:00, run_after=2024-05-24 00:00:00+00:00
[2024-05-24T18:05:31.271+0700] {processor.py:183} INFO - Processing /mnt/d/Programming/Vietnamese-Text-Generator/airflow_env/lib/python3.10/site-packages/airflow/example_dags/example_setup_teardown.py took 0.425 seconds
