[2024-05-24T17:02:19.300+0700] {processor.py:161} INFO - Started process (PID=1968) to work on /mnt/d/Programming/Vietnamese-Text-Generator/airflow_env/lib/python3.10/site-packages/airflow/example_dags/example_latest_only.py
[2024-05-24T17:02:19.308+0700] {processor.py:830} INFO - Processing file /mnt/d/Programming/Vietnamese-Text-Generator/airflow_env/lib/python3.10/site-packages/airflow/example_dags/example_latest_only.py for tasks to queue
[2024-05-24T17:02:19.322+0700] {logging_mixin.py:188} INFO - [2024-05-24T17:02:19.318+0700] {dagbag.py:540} INFO - Filling up the DagBag from /mnt/d/Programming/Vietnamese-Text-Generator/airflow_env/lib/python3.10/site-packages/airflow/example_dags/example_latest_only.py
[2024-05-24T17:02:19.417+0700] {processor.py:840} INFO - DAG(s) 'latest_only' retrieved from /mnt/d/Programming/Vietnamese-Text-Generator/airflow_env/lib/python3.10/site-packages/airflow/example_dags/example_latest_only.py
[2024-05-24T17:02:19.550+0700] {logging_mixin.py:188} INFO - [2024-05-24T17:02:19.545+0700] {dag.py:3096} INFO - Sync 1 DAGs
[2024-05-24T17:02:19.666+0700] {logging_mixin.py:188} INFO - [2024-05-24T17:02:19.662+0700] {dag.py:3954} INFO - Setting next_dagrun for latest_only to 2024-05-24 04:00:00+00:00, run_after=2024-05-24 08:00:00+00:00
[2024-05-24T17:02:19.930+0700] {processor.py:183} INFO - Processing /mnt/d/Programming/Vietnamese-Text-Generator/airflow_env/lib/python3.10/site-packages/airflow/example_dags/example_latest_only.py took 0.684 seconds
[2024-05-24T17:04:08.816+0700] {processor.py:161} INFO - Started process (PID=2436) to work on /mnt/d/Programming/Vietnamese-Text-Generator/airflow_env/lib/python3.10/site-packages/airflow/example_dags/example_latest_only.py
[2024-05-24T17:04:08.822+0700] {processor.py:830} INFO - Processing file /mnt/d/Programming/Vietnamese-Text-Generator/airflow_env/lib/python3.10/site-packages/airflow/example_dags/example_latest_only.py for tasks to queue
[2024-05-24T17:04:08.834+0700] {logging_mixin.py:188} INFO - [2024-05-24T17:04:08.831+0700] {dagbag.py:540} INFO - Filling up the DagBag from /mnt/d/Programming/Vietnamese-Text-Generator/airflow_env/lib/python3.10/site-packages/airflow/example_dags/example_latest_only.py
[2024-05-24T17:04:08.910+0700] {processor.py:840} INFO - DAG(s) 'latest_only' retrieved from /mnt/d/Programming/Vietnamese-Text-Generator/airflow_env/lib/python3.10/site-packages/airflow/example_dags/example_latest_only.py
[2024-05-24T17:04:08.997+0700] {logging_mixin.py:188} INFO - [2024-05-24T17:04:08.993+0700] {dag.py:3096} INFO - Sync 1 DAGs
[2024-05-24T17:04:09.102+0700] {logging_mixin.py:188} INFO - [2024-05-24T17:04:09.099+0700] {dag.py:3954} INFO - Setting next_dagrun for latest_only to 2024-05-24 04:00:00+00:00, run_after=2024-05-24 08:00:00+00:00
[2024-05-24T17:04:09.335+0700] {processor.py:183} INFO - Processing /mnt/d/Programming/Vietnamese-Text-Generator/airflow_env/lib/python3.10/site-packages/airflow/example_dags/example_latest_only.py took 0.559 seconds
[2024-05-24T17:06:27.751+0700] {processor.py:161} INFO - Started process (PID=3123) to work on /mnt/d/Programming/Vietnamese-Text-Generator/airflow_env/lib/python3.10/site-packages/airflow/example_dags/example_latest_only.py
[2024-05-24T17:06:27.757+0700] {processor.py:830} INFO - Processing file /mnt/d/Programming/Vietnamese-Text-Generator/airflow_env/lib/python3.10/site-packages/airflow/example_dags/example_latest_only.py for tasks to queue
[2024-05-24T17:06:27.768+0700] {logging_mixin.py:188} INFO - [2024-05-24T17:06:27.764+0700] {dagbag.py:540} INFO - Filling up the DagBag from /mnt/d/Programming/Vietnamese-Text-Generator/airflow_env/lib/python3.10/site-packages/airflow/example_dags/example_latest_only.py
[2024-05-24T17:06:27.833+0700] {processor.py:840} INFO - DAG(s) 'latest_only' retrieved from /mnt/d/Programming/Vietnamese-Text-Generator/airflow_env/lib/python3.10/site-packages/airflow/example_dags/example_latest_only.py
[2024-05-24T17:06:27.914+0700] {logging_mixin.py:188} INFO - [2024-05-24T17:06:27.911+0700] {dag.py:3096} INFO - Sync 1 DAGs
[2024-05-24T17:06:28.006+0700] {logging_mixin.py:188} INFO - [2024-05-24T17:06:28.004+0700] {dag.py:3954} INFO - Setting next_dagrun for latest_only to 2024-05-24 04:00:00+00:00, run_after=2024-05-24 08:00:00+00:00
[2024-05-24T17:06:28.194+0700] {processor.py:183} INFO - Processing /mnt/d/Programming/Vietnamese-Text-Generator/airflow_env/lib/python3.10/site-packages/airflow/example_dags/example_latest_only.py took 0.480 seconds
[2024-05-24T17:08:35.450+0700] {processor.py:161} INFO - Started process (PID=3682) to work on /mnt/d/Programming/Vietnamese-Text-Generator/airflow_env/lib/python3.10/site-packages/airflow/example_dags/example_latest_only.py
[2024-05-24T17:08:35.457+0700] {processor.py:830} INFO - Processing file /mnt/d/Programming/Vietnamese-Text-Generator/airflow_env/lib/python3.10/site-packages/airflow/example_dags/example_latest_only.py for tasks to queue
[2024-05-24T17:08:35.470+0700] {logging_mixin.py:188} INFO - [2024-05-24T17:08:35.466+0700] {dagbag.py:540} INFO - Filling up the DagBag from /mnt/d/Programming/Vietnamese-Text-Generator/airflow_env/lib/python3.10/site-packages/airflow/example_dags/example_latest_only.py
[2024-05-24T17:08:35.557+0700] {processor.py:840} INFO - DAG(s) 'latest_only' retrieved from /mnt/d/Programming/Vietnamese-Text-Generator/airflow_env/lib/python3.10/site-packages/airflow/example_dags/example_latest_only.py
[2024-05-24T17:08:35.649+0700] {logging_mixin.py:188} INFO - [2024-05-24T17:08:35.645+0700] {dag.py:3096} INFO - Sync 1 DAGs
[2024-05-24T17:08:35.724+0700] {logging_mixin.py:188} INFO - [2024-05-24T17:08:35.723+0700] {dag.py:3954} INFO - Setting next_dagrun for latest_only to 2024-05-24 04:00:00+00:00, run_after=2024-05-24 08:00:00+00:00
[2024-05-24T17:08:35.824+0700] {processor.py:183} INFO - Processing /mnt/d/Programming/Vietnamese-Text-Generator/airflow_env/lib/python3.10/site-packages/airflow/example_dags/example_latest_only.py took 0.423 seconds
[2024-05-24T17:10:55.039+0700] {processor.py:161} INFO - Started process (PID=4293) to work on /mnt/d/Programming/Vietnamese-Text-Generator/airflow_env/lib/python3.10/site-packages/airflow/example_dags/example_latest_only.py
[2024-05-24T17:10:55.045+0700] {processor.py:830} INFO - Processing file /mnt/d/Programming/Vietnamese-Text-Generator/airflow_env/lib/python3.10/site-packages/airflow/example_dags/example_latest_only.py for tasks to queue
[2024-05-24T17:10:55.054+0700] {logging_mixin.py:188} INFO - [2024-05-24T17:10:55.051+0700] {dagbag.py:540} INFO - Filling up the DagBag from /mnt/d/Programming/Vietnamese-Text-Generator/airflow_env/lib/python3.10/site-packages/airflow/example_dags/example_latest_only.py
[2024-05-24T17:10:55.124+0700] {processor.py:840} INFO - DAG(s) 'latest_only' retrieved from /mnt/d/Programming/Vietnamese-Text-Generator/airflow_env/lib/python3.10/site-packages/airflow/example_dags/example_latest_only.py
[2024-05-24T17:10:55.207+0700] {logging_mixin.py:188} INFO - [2024-05-24T17:10:55.204+0700] {dag.py:3096} INFO - Sync 1 DAGs
[2024-05-24T17:10:55.307+0700] {logging_mixin.py:188} INFO - [2024-05-24T17:10:55.304+0700] {dag.py:3954} INFO - Setting next_dagrun for latest_only to 2024-05-24 04:00:00+00:00, run_after=2024-05-24 08:00:00+00:00
[2024-05-24T17:10:55.508+0700] {processor.py:183} INFO - Processing /mnt/d/Programming/Vietnamese-Text-Generator/airflow_env/lib/python3.10/site-packages/airflow/example_dags/example_latest_only.py took 0.505 seconds
[2024-05-24T17:13:15.023+0700] {processor.py:161} INFO - Started process (PID=4905) to work on /mnt/d/Programming/Vietnamese-Text-Generator/airflow_env/lib/python3.10/site-packages/airflow/example_dags/example_latest_only.py
[2024-05-24T17:13:15.028+0700] {processor.py:830} INFO - Processing file /mnt/d/Programming/Vietnamese-Text-Generator/airflow_env/lib/python3.10/site-packages/airflow/example_dags/example_latest_only.py for tasks to queue
[2024-05-24T17:13:15.040+0700] {logging_mixin.py:188} INFO - [2024-05-24T17:13:15.036+0700] {dagbag.py:540} INFO - Filling up the DagBag from /mnt/d/Programming/Vietnamese-Text-Generator/airflow_env/lib/python3.10/site-packages/airflow/example_dags/example_latest_only.py
[2024-05-24T17:13:15.118+0700] {processor.py:840} INFO - DAG(s) 'latest_only' retrieved from /mnt/d/Programming/Vietnamese-Text-Generator/airflow_env/lib/python3.10/site-packages/airflow/example_dags/example_latest_only.py
[2024-05-24T17:13:15.210+0700] {logging_mixin.py:188} INFO - [2024-05-24T17:13:15.207+0700] {dag.py:3096} INFO - Sync 1 DAGs
[2024-05-24T17:13:15.314+0700] {logging_mixin.py:188} INFO - [2024-05-24T17:13:15.310+0700] {dag.py:3954} INFO - Setting next_dagrun for latest_only to 2024-05-24 04:00:00+00:00, run_after=2024-05-24 08:00:00+00:00
[2024-05-24T17:13:15.507+0700] {processor.py:183} INFO - Processing /mnt/d/Programming/Vietnamese-Text-Generator/airflow_env/lib/python3.10/site-packages/airflow/example_dags/example_latest_only.py took 0.528 seconds
[2024-05-24T17:15:30.092+0700] {processor.py:161} INFO - Started process (PID=5497) to work on /mnt/d/Programming/Vietnamese-Text-Generator/airflow_env/lib/python3.10/site-packages/airflow/example_dags/example_latest_only.py
[2024-05-24T17:15:30.098+0700] {processor.py:830} INFO - Processing file /mnt/d/Programming/Vietnamese-Text-Generator/airflow_env/lib/python3.10/site-packages/airflow/example_dags/example_latest_only.py for tasks to queue
[2024-05-24T17:15:30.109+0700] {logging_mixin.py:188} INFO - [2024-05-24T17:15:30.106+0700] {dagbag.py:540} INFO - Filling up the DagBag from /mnt/d/Programming/Vietnamese-Text-Generator/airflow_env/lib/python3.10/site-packages/airflow/example_dags/example_latest_only.py
[2024-05-24T17:15:30.181+0700] {processor.py:840} INFO - DAG(s) 'latest_only' retrieved from /mnt/d/Programming/Vietnamese-Text-Generator/airflow_env/lib/python3.10/site-packages/airflow/example_dags/example_latest_only.py
[2024-05-24T17:15:30.269+0700] {logging_mixin.py:188} INFO - [2024-05-24T17:15:30.266+0700] {dag.py:3096} INFO - Sync 1 DAGs
[2024-05-24T17:15:30.366+0700] {logging_mixin.py:188} INFO - [2024-05-24T17:15:30.363+0700] {dag.py:3954} INFO - Setting next_dagrun for latest_only to 2024-05-24 04:00:00+00:00, run_after=2024-05-24 08:00:00+00:00
[2024-05-24T17:15:30.579+0700] {processor.py:183} INFO - Processing /mnt/d/Programming/Vietnamese-Text-Generator/airflow_env/lib/python3.10/site-packages/airflow/example_dags/example_latest_only.py took 0.527 seconds
[2024-05-24T17:17:54.197+0700] {processor.py:161} INFO - Started process (PID=6129) to work on /mnt/d/Programming/Vietnamese-Text-Generator/airflow_env/lib/python3.10/site-packages/airflow/example_dags/example_latest_only.py
[2024-05-24T17:17:54.204+0700] {processor.py:830} INFO - Processing file /mnt/d/Programming/Vietnamese-Text-Generator/airflow_env/lib/python3.10/site-packages/airflow/example_dags/example_latest_only.py for tasks to queue
[2024-05-24T17:17:54.218+0700] {logging_mixin.py:188} INFO - [2024-05-24T17:17:54.214+0700] {dagbag.py:540} INFO - Filling up the DagBag from /mnt/d/Programming/Vietnamese-Text-Generator/airflow_env/lib/python3.10/site-packages/airflow/example_dags/example_latest_only.py
[2024-05-24T17:17:54.317+0700] {processor.py:840} INFO - DAG(s) 'latest_only' retrieved from /mnt/d/Programming/Vietnamese-Text-Generator/airflow_env/lib/python3.10/site-packages/airflow/example_dags/example_latest_only.py
[2024-05-24T17:17:54.442+0700] {logging_mixin.py:188} INFO - [2024-05-24T17:17:54.438+0700] {dag.py:3096} INFO - Sync 1 DAGs
[2024-05-24T17:17:54.548+0700] {logging_mixin.py:188} INFO - [2024-05-24T17:17:54.545+0700] {dag.py:3954} INFO - Setting next_dagrun for latest_only to 2024-05-24 04:00:00+00:00, run_after=2024-05-24 08:00:00+00:00
[2024-05-24T17:17:54.715+0700] {processor.py:183} INFO - Processing /mnt/d/Programming/Vietnamese-Text-Generator/airflow_env/lib/python3.10/site-packages/airflow/example_dags/example_latest_only.py took 0.572 seconds
[2024-05-24T17:20:12.882+0700] {processor.py:161} INFO - Started process (PID=6735) to work on /mnt/d/Programming/Vietnamese-Text-Generator/airflow_env/lib/python3.10/site-packages/airflow/example_dags/example_latest_only.py
[2024-05-24T17:20:12.889+0700] {processor.py:830} INFO - Processing file /mnt/d/Programming/Vietnamese-Text-Generator/airflow_env/lib/python3.10/site-packages/airflow/example_dags/example_latest_only.py for tasks to queue
[2024-05-24T17:20:12.902+0700] {logging_mixin.py:188} INFO - [2024-05-24T17:20:12.898+0700] {dagbag.py:540} INFO - Filling up the DagBag from /mnt/d/Programming/Vietnamese-Text-Generator/airflow_env/lib/python3.10/site-packages/airflow/example_dags/example_latest_only.py
[2024-05-24T17:20:13.000+0700] {processor.py:840} INFO - DAG(s) 'latest_only' retrieved from /mnt/d/Programming/Vietnamese-Text-Generator/airflow_env/lib/python3.10/site-packages/airflow/example_dags/example_latest_only.py
[2024-05-24T17:20:13.100+0700] {logging_mixin.py:188} INFO - [2024-05-24T17:20:13.096+0700] {dag.py:3096} INFO - Sync 1 DAGs
[2024-05-24T17:20:13.217+0700] {logging_mixin.py:188} INFO - [2024-05-24T17:20:13.213+0700] {dag.py:3954} INFO - Setting next_dagrun for latest_only to 2024-05-24 04:00:00+00:00, run_after=2024-05-24 08:00:00+00:00
[2024-05-24T17:20:13.436+0700] {processor.py:183} INFO - Processing /mnt/d/Programming/Vietnamese-Text-Generator/airflow_env/lib/python3.10/site-packages/airflow/example_dags/example_latest_only.py took 0.604 seconds
[2024-05-24T17:22:27.822+0700] {processor.py:161} INFO - Started process (PID=7322) to work on /mnt/d/Programming/Vietnamese-Text-Generator/airflow_env/lib/python3.10/site-packages/airflow/example_dags/example_latest_only.py
[2024-05-24T17:22:27.829+0700] {processor.py:830} INFO - Processing file /mnt/d/Programming/Vietnamese-Text-Generator/airflow_env/lib/python3.10/site-packages/airflow/example_dags/example_latest_only.py for tasks to queue
[2024-05-24T17:22:27.842+0700] {logging_mixin.py:188} INFO - [2024-05-24T17:22:27.838+0700] {dagbag.py:540} INFO - Filling up the DagBag from /mnt/d/Programming/Vietnamese-Text-Generator/airflow_env/lib/python3.10/site-packages/airflow/example_dags/example_latest_only.py
[2024-05-24T17:22:27.942+0700] {processor.py:840} INFO - DAG(s) 'latest_only' retrieved from /mnt/d/Programming/Vietnamese-Text-Generator/airflow_env/lib/python3.10/site-packages/airflow/example_dags/example_latest_only.py
[2024-05-24T17:22:28.047+0700] {logging_mixin.py:188} INFO - [2024-05-24T17:22:28.045+0700] {dag.py:3096} INFO - Sync 1 DAGs
[2024-05-24T17:22:28.158+0700] {logging_mixin.py:188} INFO - [2024-05-24T17:22:28.155+0700] {dag.py:3954} INFO - Setting next_dagrun for latest_only to 2024-05-24 04:00:00+00:00, run_after=2024-05-24 08:00:00+00:00
[2024-05-24T17:22:28.369+0700] {processor.py:183} INFO - Processing /mnt/d/Programming/Vietnamese-Text-Generator/airflow_env/lib/python3.10/site-packages/airflow/example_dags/example_latest_only.py took 0.604 seconds
[2024-05-24T17:24:34.107+0700] {processor.py:161} INFO - Started process (PID=7876) to work on /mnt/d/Programming/Vietnamese-Text-Generator/airflow_env/lib/python3.10/site-packages/airflow/example_dags/example_latest_only.py
[2024-05-24T17:24:34.112+0700] {processor.py:830} INFO - Processing file /mnt/d/Programming/Vietnamese-Text-Generator/airflow_env/lib/python3.10/site-packages/airflow/example_dags/example_latest_only.py for tasks to queue
[2024-05-24T17:24:34.121+0700] {logging_mixin.py:188} INFO - [2024-05-24T17:24:34.119+0700] {dagbag.py:540} INFO - Filling up the DagBag from /mnt/d/Programming/Vietnamese-Text-Generator/airflow_env/lib/python3.10/site-packages/airflow/example_dags/example_latest_only.py
[2024-05-24T17:24:34.183+0700] {processor.py:840} INFO - DAG(s) 'latest_only' retrieved from /mnt/d/Programming/Vietnamese-Text-Generator/airflow_env/lib/python3.10/site-packages/airflow/example_dags/example_latest_only.py
[2024-05-24T17:24:34.265+0700] {logging_mixin.py:188} INFO - [2024-05-24T17:24:34.262+0700] {dag.py:3096} INFO - Sync 1 DAGs
[2024-05-24T17:24:34.373+0700] {logging_mixin.py:188} INFO - [2024-05-24T17:24:34.370+0700] {dag.py:3954} INFO - Setting next_dagrun for latest_only to 2024-05-24 04:00:00+00:00, run_after=2024-05-24 08:00:00+00:00
[2024-05-24T17:24:34.555+0700] {processor.py:183} INFO - Processing /mnt/d/Programming/Vietnamese-Text-Generator/airflow_env/lib/python3.10/site-packages/airflow/example_dags/example_latest_only.py took 0.485 seconds
[2024-05-24T17:47:48.504+0700] {processor.py:161} INFO - Started process (PID=8330) to work on /mnt/d/Programming/Vietnamese-Text-Generator/airflow_env/lib/python3.10/site-packages/airflow/example_dags/example_latest_only.py
[2024-05-24T17:47:48.507+0700] {processor.py:830} INFO - Processing file /mnt/d/Programming/Vietnamese-Text-Generator/airflow_env/lib/python3.10/site-packages/airflow/example_dags/example_latest_only.py for tasks to queue
[2024-05-24T17:47:48.511+0700] {logging_mixin.py:188} INFO - [2024-05-24T17:47:48.509+0700] {dagbag.py:540} INFO - Filling up the DagBag from /mnt/d/Programming/Vietnamese-Text-Generator/airflow_env/lib/python3.10/site-packages/airflow/example_dags/example_latest_only.py
[2024-05-24T17:47:48.530+0700] {processor.py:840} INFO - DAG(s) 'latest_only' retrieved from /mnt/d/Programming/Vietnamese-Text-Generator/airflow_env/lib/python3.10/site-packages/airflow/example_dags/example_latest_only.py
[2024-05-24T17:47:48.561+0700] {logging_mixin.py:188} INFO - [2024-05-24T17:47:48.559+0700] {dag.py:3096} INFO - Sync 1 DAGs
[2024-05-24T17:47:48.595+0700] {logging_mixin.py:188} INFO - [2024-05-24T17:47:48.595+0700] {dag.py:3954} INFO - Setting next_dagrun for latest_only to 2024-05-24 04:00:00+00:00, run_after=2024-05-24 08:00:00+00:00
[2024-05-24T17:47:48.659+0700] {processor.py:183} INFO - Processing /mnt/d/Programming/Vietnamese-Text-Generator/airflow_env/lib/python3.10/site-packages/airflow/example_dags/example_latest_only.py took 0.168 seconds
[2024-05-24T17:49:37.057+0700] {processor.py:161} INFO - Started process (PID=8808) to work on /mnt/d/Programming/Vietnamese-Text-Generator/airflow_env/lib/python3.10/site-packages/airflow/example_dags/example_latest_only.py
[2024-05-24T17:49:37.064+0700] {processor.py:830} INFO - Processing file /mnt/d/Programming/Vietnamese-Text-Generator/airflow_env/lib/python3.10/site-packages/airflow/example_dags/example_latest_only.py for tasks to queue
[2024-05-24T17:49:37.077+0700] {logging_mixin.py:188} INFO - [2024-05-24T17:49:37.073+0700] {dagbag.py:540} INFO - Filling up the DagBag from /mnt/d/Programming/Vietnamese-Text-Generator/airflow_env/lib/python3.10/site-packages/airflow/example_dags/example_latest_only.py
[2024-05-24T17:49:37.168+0700] {processor.py:840} INFO - DAG(s) 'latest_only' retrieved from /mnt/d/Programming/Vietnamese-Text-Generator/airflow_env/lib/python3.10/site-packages/airflow/example_dags/example_latest_only.py
[2024-05-24T17:49:37.276+0700] {logging_mixin.py:188} INFO - [2024-05-24T17:49:37.272+0700] {dag.py:3096} INFO - Sync 1 DAGs
[2024-05-24T17:49:37.389+0700] {logging_mixin.py:188} INFO - [2024-05-24T17:49:37.385+0700] {dag.py:3954} INFO - Setting next_dagrun for latest_only to 2024-05-24 04:00:00+00:00, run_after=2024-05-24 08:00:00+00:00
[2024-05-24T17:49:37.625+0700] {processor.py:183} INFO - Processing /mnt/d/Programming/Vietnamese-Text-Generator/airflow_env/lib/python3.10/site-packages/airflow/example_dags/example_latest_only.py took 0.616 seconds
[2024-05-24T17:51:56.504+0700] {processor.py:161} INFO - Started process (PID=9416) to work on /mnt/d/Programming/Vietnamese-Text-Generator/airflow_env/lib/python3.10/site-packages/airflow/example_dags/example_latest_only.py
[2024-05-24T17:51:56.507+0700] {processor.py:830} INFO - Processing file /mnt/d/Programming/Vietnamese-Text-Generator/airflow_env/lib/python3.10/site-packages/airflow/example_dags/example_latest_only.py for tasks to queue
[2024-05-24T17:51:56.526+0700] {logging_mixin.py:188} INFO - [2024-05-24T17:51:56.517+0700] {dagbag.py:540} INFO - Filling up the DagBag from /mnt/d/Programming/Vietnamese-Text-Generator/airflow_env/lib/python3.10/site-packages/airflow/example_dags/example_latest_only.py
[2024-05-24T17:51:56.660+0700] {processor.py:840} INFO - DAG(s) 'latest_only' retrieved from /mnt/d/Programming/Vietnamese-Text-Generator/airflow_env/lib/python3.10/site-packages/airflow/example_dags/example_latest_only.py
[2024-05-24T17:51:56.738+0700] {logging_mixin.py:188} INFO - [2024-05-24T17:51:56.737+0700] {dag.py:3096} INFO - Sync 1 DAGs
[2024-05-24T17:51:56.842+0700] {logging_mixin.py:188} INFO - [2024-05-24T17:51:56.838+0700] {dag.py:3954} INFO - Setting next_dagrun for latest_only to 2024-05-24 04:00:00+00:00, run_after=2024-05-24 08:00:00+00:00
[2024-05-24T17:51:57.032+0700] {processor.py:183} INFO - Processing /mnt/d/Programming/Vietnamese-Text-Generator/airflow_env/lib/python3.10/site-packages/airflow/example_dags/example_latest_only.py took 0.563 seconds
[2024-05-24T17:54:09.364+0700] {processor.py:161} INFO - Started process (PID=9999) to work on /mnt/d/Programming/Vietnamese-Text-Generator/airflow_env/lib/python3.10/site-packages/airflow/example_dags/example_latest_only.py
[2024-05-24T17:54:09.370+0700] {processor.py:830} INFO - Processing file /mnt/d/Programming/Vietnamese-Text-Generator/airflow_env/lib/python3.10/site-packages/airflow/example_dags/example_latest_only.py for tasks to queue
[2024-05-24T17:54:09.382+0700] {logging_mixin.py:188} INFO - [2024-05-24T17:54:09.378+0700] {dagbag.py:540} INFO - Filling up the DagBag from /mnt/d/Programming/Vietnamese-Text-Generator/airflow_env/lib/python3.10/site-packages/airflow/example_dags/example_latest_only.py
[2024-05-24T17:54:09.451+0700] {processor.py:840} INFO - DAG(s) 'latest_only' retrieved from /mnt/d/Programming/Vietnamese-Text-Generator/airflow_env/lib/python3.10/site-packages/airflow/example_dags/example_latest_only.py
[2024-05-24T17:54:09.549+0700] {logging_mixin.py:188} INFO - [2024-05-24T17:54:09.547+0700] {dag.py:3096} INFO - Sync 1 DAGs
[2024-05-24T17:54:09.708+0700] {logging_mixin.py:188} INFO - [2024-05-24T17:54:09.706+0700] {dag.py:3954} INFO - Setting next_dagrun for latest_only to 2024-05-24 04:00:00+00:00, run_after=2024-05-24 08:00:00+00:00
[2024-05-24T17:54:09.818+0700] {processor.py:183} INFO - Processing /mnt/d/Programming/Vietnamese-Text-Generator/airflow_env/lib/python3.10/site-packages/airflow/example_dags/example_latest_only.py took 0.495 seconds
[2024-05-24T17:56:25.140+0700] {processor.py:161} INFO - Started process (PID=10593) to work on /mnt/d/Programming/Vietnamese-Text-Generator/airflow_env/lib/python3.10/site-packages/airflow/example_dags/example_latest_only.py
[2024-05-24T17:56:25.143+0700] {processor.py:830} INFO - Processing file /mnt/d/Programming/Vietnamese-Text-Generator/airflow_env/lib/python3.10/site-packages/airflow/example_dags/example_latest_only.py for tasks to queue
[2024-05-24T17:56:25.151+0700] {logging_mixin.py:188} INFO - [2024-05-24T17:56:25.149+0700] {dagbag.py:540} INFO - Filling up the DagBag from /mnt/d/Programming/Vietnamese-Text-Generator/airflow_env/lib/python3.10/site-packages/airflow/example_dags/example_latest_only.py
[2024-05-24T17:56:25.183+0700] {processor.py:840} INFO - DAG(s) 'latest_only' retrieved from /mnt/d/Programming/Vietnamese-Text-Generator/airflow_env/lib/python3.10/site-packages/airflow/example_dags/example_latest_only.py
[2024-05-24T17:56:25.230+0700] {logging_mixin.py:188} INFO - [2024-05-24T17:56:25.228+0700] {dag.py:3096} INFO - Sync 1 DAGs
[2024-05-24T17:56:25.260+0700] {logging_mixin.py:188} INFO - [2024-05-24T17:56:25.259+0700] {dag.py:3954} INFO - Setting next_dagrun for latest_only to 2024-05-24 04:00:00+00:00, run_after=2024-05-24 08:00:00+00:00
[2024-05-24T17:56:25.320+0700] {processor.py:183} INFO - Processing /mnt/d/Programming/Vietnamese-Text-Generator/airflow_env/lib/python3.10/site-packages/airflow/example_dags/example_latest_only.py took 0.204 seconds
[2024-05-24T17:58:43.066+0700] {processor.py:161} INFO - Started process (PID=11194) to work on /mnt/d/Programming/Vietnamese-Text-Generator/airflow_env/lib/python3.10/site-packages/airflow/example_dags/example_latest_only.py
[2024-05-24T17:58:43.074+0700] {processor.py:830} INFO - Processing file /mnt/d/Programming/Vietnamese-Text-Generator/airflow_env/lib/python3.10/site-packages/airflow/example_dags/example_latest_only.py for tasks to queue
[2024-05-24T17:58:43.085+0700] {logging_mixin.py:188} INFO - [2024-05-24T17:58:43.081+0700] {dagbag.py:540} INFO - Filling up the DagBag from /mnt/d/Programming/Vietnamese-Text-Generator/airflow_env/lib/python3.10/site-packages/airflow/example_dags/example_latest_only.py
[2024-05-24T17:58:43.169+0700] {processor.py:840} INFO - DAG(s) 'latest_only' retrieved from /mnt/d/Programming/Vietnamese-Text-Generator/airflow_env/lib/python3.10/site-packages/airflow/example_dags/example_latest_only.py
[2024-05-24T17:58:43.260+0700] {logging_mixin.py:188} INFO - [2024-05-24T17:58:43.257+0700] {dag.py:3096} INFO - Sync 1 DAGs
[2024-05-24T17:58:43.364+0700] {logging_mixin.py:188} INFO - [2024-05-24T17:58:43.361+0700] {dag.py:3954} INFO - Setting next_dagrun for latest_only to 2024-05-24 04:00:00+00:00, run_after=2024-05-24 08:00:00+00:00
[2024-05-24T17:58:43.576+0700] {processor.py:183} INFO - Processing /mnt/d/Programming/Vietnamese-Text-Generator/airflow_env/lib/python3.10/site-packages/airflow/example_dags/example_latest_only.py took 0.557 seconds
[2024-05-24T18:01:00.950+0700] {processor.py:161} INFO - Started process (PID=11794) to work on /mnt/d/Programming/Vietnamese-Text-Generator/airflow_env/lib/python3.10/site-packages/airflow/example_dags/example_latest_only.py
[2024-05-24T18:01:00.955+0700] {processor.py:830} INFO - Processing file /mnt/d/Programming/Vietnamese-Text-Generator/airflow_env/lib/python3.10/site-packages/airflow/example_dags/example_latest_only.py for tasks to queue
[2024-05-24T18:01:00.965+0700] {logging_mixin.py:188} INFO - [2024-05-24T18:01:00.962+0700] {dagbag.py:540} INFO - Filling up the DagBag from /mnt/d/Programming/Vietnamese-Text-Generator/airflow_env/lib/python3.10/site-packages/airflow/example_dags/example_latest_only.py
[2024-05-24T18:01:01.043+0700] {processor.py:840} INFO - DAG(s) 'latest_only' retrieved from /mnt/d/Programming/Vietnamese-Text-Generator/airflow_env/lib/python3.10/site-packages/airflow/example_dags/example_latest_only.py
[2024-05-24T18:01:01.127+0700] {logging_mixin.py:188} INFO - [2024-05-24T18:01:01.124+0700] {dag.py:3096} INFO - Sync 1 DAGs
[2024-05-24T18:01:01.237+0700] {logging_mixin.py:188} INFO - [2024-05-24T18:01:01.233+0700] {dag.py:3954} INFO - Setting next_dagrun for latest_only to 2024-05-24 04:00:00+00:00, run_after=2024-05-24 08:00:00+00:00
[2024-05-24T18:01:01.420+0700] {processor.py:183} INFO - Processing /mnt/d/Programming/Vietnamese-Text-Generator/airflow_env/lib/python3.10/site-packages/airflow/example_dags/example_latest_only.py took 0.514 seconds
[2024-05-24T18:03:24.451+0700] {processor.py:161} INFO - Started process (PID=12419) to work on /mnt/d/Programming/Vietnamese-Text-Generator/airflow_env/lib/python3.10/site-packages/airflow/example_dags/example_latest_only.py
[2024-05-24T18:03:24.458+0700] {processor.py:830} INFO - Processing file /mnt/d/Programming/Vietnamese-Text-Generator/airflow_env/lib/python3.10/site-packages/airflow/example_dags/example_latest_only.py for tasks to queue
[2024-05-24T18:03:24.471+0700] {logging_mixin.py:188} INFO - [2024-05-24T18:03:24.468+0700] {dagbag.py:540} INFO - Filling up the DagBag from /mnt/d/Programming/Vietnamese-Text-Generator/airflow_env/lib/python3.10/site-packages/airflow/example_dags/example_latest_only.py
[2024-05-24T18:03:24.582+0700] {processor.py:840} INFO - DAG(s) 'latest_only' retrieved from /mnt/d/Programming/Vietnamese-Text-Generator/airflow_env/lib/python3.10/site-packages/airflow/example_dags/example_latest_only.py
[2024-05-24T18:03:24.654+0700] {logging_mixin.py:188} INFO - [2024-05-24T18:03:24.652+0700] {dag.py:3096} INFO - Sync 1 DAGs
[2024-05-24T18:03:24.727+0700] {logging_mixin.py:188} INFO - [2024-05-24T18:03:24.724+0700] {dag.py:3954} INFO - Setting next_dagrun for latest_only to 2024-05-24 04:00:00+00:00, run_after=2024-05-24 08:00:00+00:00
[2024-05-24T18:03:24.865+0700] {processor.py:183} INFO - Processing /mnt/d/Programming/Vietnamese-Text-Generator/airflow_env/lib/python3.10/site-packages/airflow/example_dags/example_latest_only.py took 0.465 seconds
