[2024-05-24T17:02:26.622+0700] {processor.py:161} INFO - Started process (PID=1999) to work on /mnt/d/Programming/Vietnamese-Text-Generator/airflow_env/lib/python3.10/site-packages/airflow/example_dags/example_dynamic_task_mapping.py
[2024-05-24T17:02:26.630+0700] {processor.py:830} INFO - Processing file /mnt/d/Programming/Vietnamese-Text-Generator/airflow_env/lib/python3.10/site-packages/airflow/example_dags/example_dynamic_task_mapping.py for tasks to queue
[2024-05-24T17:02:26.650+0700] {logging_mixin.py:188} INFO - [2024-05-24T17:02:26.641+0700] {dagbag.py:540} INFO - Filling up the DagBag from /mnt/d/Programming/Vietnamese-Text-Generator/airflow_env/lib/python3.10/site-packages/airflow/example_dags/example_dynamic_task_mapping.py
[2024-05-24T17:02:26.793+0700] {processor.py:840} INFO - DAG(s) 'example_dynamic_task_mapping' retrieved from /mnt/d/Programming/Vietnamese-Text-Generator/airflow_env/lib/python3.10/site-packages/airflow/example_dags/example_dynamic_task_mapping.py
[2024-05-24T17:02:26.845+0700] {logging_mixin.py:188} INFO - [2024-05-24T17:02:26.844+0700] {dag.py:3096} INFO - Sync 1 DAGs
[2024-05-24T17:02:26.919+0700] {logging_mixin.py:188} INFO - [2024-05-24T17:02:26.917+0700] {dag.py:3954} INFO - Setting next_dagrun for example_dynamic_task_mapping to 2022-03-04 00:00:00+00:00, run_after=2022-03-05 00:00:00+00:00
[2024-05-24T17:02:27.054+0700] {processor.py:183} INFO - Processing /mnt/d/Programming/Vietnamese-Text-Generator/airflow_env/lib/python3.10/site-packages/airflow/example_dags/example_dynamic_task_mapping.py took 0.476 seconds
[2024-05-24T17:04:16.692+0700] {processor.py:161} INFO - Started process (PID=2470) to work on /mnt/d/Programming/Vietnamese-Text-Generator/airflow_env/lib/python3.10/site-packages/airflow/example_dags/example_dynamic_task_mapping.py
[2024-05-24T17:04:16.699+0700] {processor.py:830} INFO - Processing file /mnt/d/Programming/Vietnamese-Text-Generator/airflow_env/lib/python3.10/site-packages/airflow/example_dags/example_dynamic_task_mapping.py for tasks to queue
[2024-05-24T17:04:16.711+0700] {logging_mixin.py:188} INFO - [2024-05-24T17:04:16.707+0700] {dagbag.py:540} INFO - Filling up the DagBag from /mnt/d/Programming/Vietnamese-Text-Generator/airflow_env/lib/python3.10/site-packages/airflow/example_dags/example_dynamic_task_mapping.py
[2024-05-24T17:04:16.801+0700] {processor.py:840} INFO - DAG(s) 'example_dynamic_task_mapping' retrieved from /mnt/d/Programming/Vietnamese-Text-Generator/airflow_env/lib/python3.10/site-packages/airflow/example_dags/example_dynamic_task_mapping.py
[2024-05-24T17:04:16.900+0700] {logging_mixin.py:188} INFO - [2024-05-24T17:04:16.897+0700] {dag.py:3096} INFO - Sync 1 DAGs
[2024-05-24T17:04:17.004+0700] {logging_mixin.py:188} INFO - [2024-05-24T17:04:17.001+0700] {dag.py:3954} INFO - Setting next_dagrun for example_dynamic_task_mapping to 2022-03-04 00:00:00+00:00, run_after=2022-03-05 00:00:00+00:00
[2024-05-24T17:04:17.201+0700] {processor.py:183} INFO - Processing /mnt/d/Programming/Vietnamese-Text-Generator/airflow_env/lib/python3.10/site-packages/airflow/example_dags/example_dynamic_task_mapping.py took 0.549 seconds
[2024-05-24T17:06:33.857+0700] {processor.py:161} INFO - Started process (PID=3150) to work on /mnt/d/Programming/Vietnamese-Text-Generator/airflow_env/lib/python3.10/site-packages/airflow/example_dags/example_dynamic_task_mapping.py
[2024-05-24T17:06:33.866+0700] {processor.py:830} INFO - Processing file /mnt/d/Programming/Vietnamese-Text-Generator/airflow_env/lib/python3.10/site-packages/airflow/example_dags/example_dynamic_task_mapping.py for tasks to queue
[2024-05-24T17:06:33.908+0700] {logging_mixin.py:188} INFO - [2024-05-24T17:06:33.897+0700] {dagbag.py:540} INFO - Filling up the DagBag from /mnt/d/Programming/Vietnamese-Text-Generator/airflow_env/lib/python3.10/site-packages/airflow/example_dags/example_dynamic_task_mapping.py
[2024-05-24T17:06:34.000+0700] {processor.py:840} INFO - DAG(s) 'example_dynamic_task_mapping' retrieved from /mnt/d/Programming/Vietnamese-Text-Generator/airflow_env/lib/python3.10/site-packages/airflow/example_dags/example_dynamic_task_mapping.py
[2024-05-24T17:06:34.042+0700] {logging_mixin.py:188} INFO - [2024-05-24T17:06:34.040+0700] {dag.py:3096} INFO - Sync 1 DAGs
[2024-05-24T17:06:34.092+0700] {logging_mixin.py:188} INFO - [2024-05-24T17:06:34.089+0700] {dag.py:3954} INFO - Setting next_dagrun for example_dynamic_task_mapping to 2022-03-04 00:00:00+00:00, run_after=2022-03-05 00:00:00+00:00
[2024-05-24T17:06:34.219+0700] {processor.py:183} INFO - Processing /mnt/d/Programming/Vietnamese-Text-Generator/airflow_env/lib/python3.10/site-packages/airflow/example_dags/example_dynamic_task_mapping.py took 0.409 seconds
[2024-05-24T17:08:42.596+0700] {processor.py:161} INFO - Started process (PID=3715) to work on /mnt/d/Programming/Vietnamese-Text-Generator/airflow_env/lib/python3.10/site-packages/airflow/example_dags/example_dynamic_task_mapping.py
[2024-05-24T17:08:42.600+0700] {processor.py:830} INFO - Processing file /mnt/d/Programming/Vietnamese-Text-Generator/airflow_env/lib/python3.10/site-packages/airflow/example_dags/example_dynamic_task_mapping.py for tasks to queue
[2024-05-24T17:08:42.608+0700] {logging_mixin.py:188} INFO - [2024-05-24T17:08:42.606+0700] {dagbag.py:540} INFO - Filling up the DagBag from /mnt/d/Programming/Vietnamese-Text-Generator/airflow_env/lib/python3.10/site-packages/airflow/example_dags/example_dynamic_task_mapping.py
[2024-05-24T17:08:42.666+0700] {processor.py:840} INFO - DAG(s) 'example_dynamic_task_mapping' retrieved from /mnt/d/Programming/Vietnamese-Text-Generator/airflow_env/lib/python3.10/site-packages/airflow/example_dags/example_dynamic_task_mapping.py
[2024-05-24T17:08:42.733+0700] {logging_mixin.py:188} INFO - [2024-05-24T17:08:42.731+0700] {dag.py:3096} INFO - Sync 1 DAGs
[2024-05-24T17:08:42.808+0700] {logging_mixin.py:188} INFO - [2024-05-24T17:08:42.807+0700] {dag.py:3954} INFO - Setting next_dagrun for example_dynamic_task_mapping to 2022-03-04 00:00:00+00:00, run_after=2022-03-05 00:00:00+00:00
[2024-05-24T17:08:42.887+0700] {processor.py:183} INFO - Processing /mnt/d/Programming/Vietnamese-Text-Generator/airflow_env/lib/python3.10/site-packages/airflow/example_dags/example_dynamic_task_mapping.py took 0.320 seconds
[2024-05-24T17:11:01.016+0700] {processor.py:161} INFO - Started process (PID=4319) to work on /mnt/d/Programming/Vietnamese-Text-Generator/airflow_env/lib/python3.10/site-packages/airflow/example_dags/example_dynamic_task_mapping.py
[2024-05-24T17:11:01.023+0700] {processor.py:830} INFO - Processing file /mnt/d/Programming/Vietnamese-Text-Generator/airflow_env/lib/python3.10/site-packages/airflow/example_dags/example_dynamic_task_mapping.py for tasks to queue
[2024-05-24T17:11:01.036+0700] {logging_mixin.py:188} INFO - [2024-05-24T17:11:01.033+0700] {dagbag.py:540} INFO - Filling up the DagBag from /mnt/d/Programming/Vietnamese-Text-Generator/airflow_env/lib/python3.10/site-packages/airflow/example_dags/example_dynamic_task_mapping.py
[2024-05-24T17:11:01.127+0700] {processor.py:840} INFO - DAG(s) 'example_dynamic_task_mapping' retrieved from /mnt/d/Programming/Vietnamese-Text-Generator/airflow_env/lib/python3.10/site-packages/airflow/example_dags/example_dynamic_task_mapping.py
[2024-05-24T17:11:01.216+0700] {logging_mixin.py:188} INFO - [2024-05-24T17:11:01.213+0700] {dag.py:3096} INFO - Sync 1 DAGs
[2024-05-24T17:11:01.377+0700] {logging_mixin.py:188} INFO - [2024-05-24T17:11:01.376+0700] {dag.py:3954} INFO - Setting next_dagrun for example_dynamic_task_mapping to 2022-03-04 00:00:00+00:00, run_after=2022-03-05 00:00:00+00:00
[2024-05-24T17:11:01.465+0700] {processor.py:183} INFO - Processing /mnt/d/Programming/Vietnamese-Text-Generator/airflow_env/lib/python3.10/site-packages/airflow/example_dags/example_dynamic_task_mapping.py took 0.493 seconds
[2024-05-24T17:13:22.671+0700] {processor.py:161} INFO - Started process (PID=4939) to work on /mnt/d/Programming/Vietnamese-Text-Generator/airflow_env/lib/python3.10/site-packages/airflow/example_dags/example_dynamic_task_mapping.py
[2024-05-24T17:13:22.674+0700] {processor.py:830} INFO - Processing file /mnt/d/Programming/Vietnamese-Text-Generator/airflow_env/lib/python3.10/site-packages/airflow/example_dags/example_dynamic_task_mapping.py for tasks to queue
[2024-05-24T17:13:22.680+0700] {logging_mixin.py:188} INFO - [2024-05-24T17:13:22.678+0700] {dagbag.py:540} INFO - Filling up the DagBag from /mnt/d/Programming/Vietnamese-Text-Generator/airflow_env/lib/python3.10/site-packages/airflow/example_dags/example_dynamic_task_mapping.py
[2024-05-24T17:13:22.721+0700] {processor.py:840} INFO - DAG(s) 'example_dynamic_task_mapping' retrieved from /mnt/d/Programming/Vietnamese-Text-Generator/airflow_env/lib/python3.10/site-packages/airflow/example_dags/example_dynamic_task_mapping.py
[2024-05-24T17:13:22.793+0700] {logging_mixin.py:188} INFO - [2024-05-24T17:13:22.791+0700] {dag.py:3096} INFO - Sync 1 DAGs
[2024-05-24T17:13:22.879+0700] {logging_mixin.py:188} INFO - [2024-05-24T17:13:22.876+0700] {dag.py:3954} INFO - Setting next_dagrun for example_dynamic_task_mapping to 2022-03-04 00:00:00+00:00, run_after=2022-03-05 00:00:00+00:00
[2024-05-24T17:13:23.038+0700] {processor.py:183} INFO - Processing /mnt/d/Programming/Vietnamese-Text-Generator/airflow_env/lib/python3.10/site-packages/airflow/example_dags/example_dynamic_task_mapping.py took 0.397 seconds
[2024-05-24T17:15:36.118+0700] {processor.py:161} INFO - Started process (PID=5523) to work on /mnt/d/Programming/Vietnamese-Text-Generator/airflow_env/lib/python3.10/site-packages/airflow/example_dags/example_dynamic_task_mapping.py
[2024-05-24T17:15:36.125+0700] {processor.py:830} INFO - Processing file /mnt/d/Programming/Vietnamese-Text-Generator/airflow_env/lib/python3.10/site-packages/airflow/example_dags/example_dynamic_task_mapping.py for tasks to queue
[2024-05-24T17:15:36.139+0700] {logging_mixin.py:188} INFO - [2024-05-24T17:15:36.135+0700] {dagbag.py:540} INFO - Filling up the DagBag from /mnt/d/Programming/Vietnamese-Text-Generator/airflow_env/lib/python3.10/site-packages/airflow/example_dags/example_dynamic_task_mapping.py
[2024-05-24T17:15:36.241+0700] {processor.py:840} INFO - DAG(s) 'example_dynamic_task_mapping' retrieved from /mnt/d/Programming/Vietnamese-Text-Generator/airflow_env/lib/python3.10/site-packages/airflow/example_dags/example_dynamic_task_mapping.py
[2024-05-24T17:15:36.347+0700] {logging_mixin.py:188} INFO - [2024-05-24T17:15:36.344+0700] {dag.py:3096} INFO - Sync 1 DAGs
[2024-05-24T17:15:36.451+0700] {logging_mixin.py:188} INFO - [2024-05-24T17:15:36.449+0700] {dag.py:3954} INFO - Setting next_dagrun for example_dynamic_task_mapping to 2022-03-04 00:00:00+00:00, run_after=2022-03-05 00:00:00+00:00
[2024-05-24T17:15:36.647+0700] {processor.py:183} INFO - Processing /mnt/d/Programming/Vietnamese-Text-Generator/airflow_env/lib/python3.10/site-packages/airflow/example_dags/example_dynamic_task_mapping.py took 0.583 seconds
[2024-05-24T17:18:02.077+0700] {processor.py:161} INFO - Started process (PID=6162) to work on /mnt/d/Programming/Vietnamese-Text-Generator/airflow_env/lib/python3.10/site-packages/airflow/example_dags/example_dynamic_task_mapping.py
[2024-05-24T17:18:02.085+0700] {processor.py:830} INFO - Processing file /mnt/d/Programming/Vietnamese-Text-Generator/airflow_env/lib/python3.10/site-packages/airflow/example_dags/example_dynamic_task_mapping.py for tasks to queue
[2024-05-24T17:18:02.100+0700] {logging_mixin.py:188} INFO - [2024-05-24T17:18:02.095+0700] {dagbag.py:540} INFO - Filling up the DagBag from /mnt/d/Programming/Vietnamese-Text-Generator/airflow_env/lib/python3.10/site-packages/airflow/example_dags/example_dynamic_task_mapping.py
[2024-05-24T17:18:02.226+0700] {processor.py:840} INFO - DAG(s) 'example_dynamic_task_mapping' retrieved from /mnt/d/Programming/Vietnamese-Text-Generator/airflow_env/lib/python3.10/site-packages/airflow/example_dags/example_dynamic_task_mapping.py
[2024-05-24T17:18:02.353+0700] {logging_mixin.py:188} INFO - [2024-05-24T17:18:02.349+0700] {dag.py:3096} INFO - Sync 1 DAGs
[2024-05-24T17:18:02.492+0700] {logging_mixin.py:188} INFO - [2024-05-24T17:18:02.488+0700] {dag.py:3954} INFO - Setting next_dagrun for example_dynamic_task_mapping to 2022-03-04 00:00:00+00:00, run_after=2022-03-05 00:00:00+00:00
[2024-05-24T17:18:02.765+0700] {processor.py:183} INFO - Processing /mnt/d/Programming/Vietnamese-Text-Generator/airflow_env/lib/python3.10/site-packages/airflow/example_dags/example_dynamic_task_mapping.py took 0.746 seconds
[2024-05-24T17:20:18.993+0700] {processor.py:161} INFO - Started process (PID=6763) to work on /mnt/d/Programming/Vietnamese-Text-Generator/airflow_env/lib/python3.10/site-packages/airflow/example_dags/example_dynamic_task_mapping.py
[2024-05-24T17:20:18.999+0700] {processor.py:830} INFO - Processing file /mnt/d/Programming/Vietnamese-Text-Generator/airflow_env/lib/python3.10/site-packages/airflow/example_dags/example_dynamic_task_mapping.py for tasks to queue
[2024-05-24T17:20:19.010+0700] {logging_mixin.py:188} INFO - [2024-05-24T17:20:19.007+0700] {dagbag.py:540} INFO - Filling up the DagBag from /mnt/d/Programming/Vietnamese-Text-Generator/airflow_env/lib/python3.10/site-packages/airflow/example_dags/example_dynamic_task_mapping.py
[2024-05-24T17:20:19.102+0700] {processor.py:840} INFO - DAG(s) 'example_dynamic_task_mapping' retrieved from /mnt/d/Programming/Vietnamese-Text-Generator/airflow_env/lib/python3.10/site-packages/airflow/example_dags/example_dynamic_task_mapping.py
[2024-05-24T17:20:19.190+0700] {logging_mixin.py:188} INFO - [2024-05-24T17:20:19.187+0700] {dag.py:3096} INFO - Sync 1 DAGs
[2024-05-24T17:20:19.292+0700] {logging_mixin.py:188} INFO - [2024-05-24T17:20:19.289+0700] {dag.py:3954} INFO - Setting next_dagrun for example_dynamic_task_mapping to 2022-03-04 00:00:00+00:00, run_after=2022-03-05 00:00:00+00:00
[2024-05-24T17:20:19.474+0700] {processor.py:183} INFO - Processing /mnt/d/Programming/Vietnamese-Text-Generator/airflow_env/lib/python3.10/site-packages/airflow/example_dags/example_dynamic_task_mapping.py took 0.526 seconds
[2024-05-24T17:22:33.932+0700] {processor.py:161} INFO - Started process (PID=7349) to work on /mnt/d/Programming/Vietnamese-Text-Generator/airflow_env/lib/python3.10/site-packages/airflow/example_dags/example_dynamic_task_mapping.py
[2024-05-24T17:22:33.937+0700] {processor.py:830} INFO - Processing file /mnt/d/Programming/Vietnamese-Text-Generator/airflow_env/lib/python3.10/site-packages/airflow/example_dags/example_dynamic_task_mapping.py for tasks to queue
[2024-05-24T17:22:33.946+0700] {logging_mixin.py:188} INFO - [2024-05-24T17:22:33.943+0700] {dagbag.py:540} INFO - Filling up the DagBag from /mnt/d/Programming/Vietnamese-Text-Generator/airflow_env/lib/python3.10/site-packages/airflow/example_dags/example_dynamic_task_mapping.py
[2024-05-24T17:22:34.089+0700] {processor.py:840} INFO - DAG(s) 'example_dynamic_task_mapping' retrieved from /mnt/d/Programming/Vietnamese-Text-Generator/airflow_env/lib/python3.10/site-packages/airflow/example_dags/example_dynamic_task_mapping.py
[2024-05-24T17:22:34.140+0700] {logging_mixin.py:188} INFO - [2024-05-24T17:22:34.138+0700] {dag.py:3096} INFO - Sync 1 DAGs
[2024-05-24T17:22:34.194+0700] {logging_mixin.py:188} INFO - [2024-05-24T17:22:34.193+0700] {dag.py:3954} INFO - Setting next_dagrun for example_dynamic_task_mapping to 2022-03-04 00:00:00+00:00, run_after=2022-03-05 00:00:00+00:00
[2024-05-24T17:22:34.275+0700] {processor.py:183} INFO - Processing /mnt/d/Programming/Vietnamese-Text-Generator/airflow_env/lib/python3.10/site-packages/airflow/example_dags/example_dynamic_task_mapping.py took 0.378 seconds
[2024-05-24T17:24:40.938+0700] {processor.py:161} INFO - Started process (PID=7907) to work on /mnt/d/Programming/Vietnamese-Text-Generator/airflow_env/lib/python3.10/site-packages/airflow/example_dags/example_dynamic_task_mapping.py
[2024-05-24T17:24:40.945+0700] {processor.py:830} INFO - Processing file /mnt/d/Programming/Vietnamese-Text-Generator/airflow_env/lib/python3.10/site-packages/airflow/example_dags/example_dynamic_task_mapping.py for tasks to queue
[2024-05-24T17:24:40.959+0700] {logging_mixin.py:188} INFO - [2024-05-24T17:24:40.953+0700] {dagbag.py:540} INFO - Filling up the DagBag from /mnt/d/Programming/Vietnamese-Text-Generator/airflow_env/lib/python3.10/site-packages/airflow/example_dags/example_dynamic_task_mapping.py
[2024-05-24T17:24:41.050+0700] {processor.py:840} INFO - DAG(s) 'example_dynamic_task_mapping' retrieved from /mnt/d/Programming/Vietnamese-Text-Generator/airflow_env/lib/python3.10/site-packages/airflow/example_dags/example_dynamic_task_mapping.py
[2024-05-24T17:24:41.146+0700] {logging_mixin.py:188} INFO - [2024-05-24T17:24:41.142+0700] {dag.py:3096} INFO - Sync 1 DAGs
[2024-05-24T17:24:41.246+0700] {logging_mixin.py:188} INFO - [2024-05-24T17:24:41.243+0700] {dag.py:3954} INFO - Setting next_dagrun for example_dynamic_task_mapping to 2022-03-04 00:00:00+00:00, run_after=2022-03-05 00:00:00+00:00
[2024-05-24T17:24:41.460+0700] {processor.py:183} INFO - Processing /mnt/d/Programming/Vietnamese-Text-Generator/airflow_env/lib/python3.10/site-packages/airflow/example_dags/example_dynamic_task_mapping.py took 0.574 seconds
[2024-05-24T17:47:52.494+0700] {processor.py:161} INFO - Started process (PID=8351) to work on /mnt/d/Programming/Vietnamese-Text-Generator/airflow_env/lib/python3.10/site-packages/airflow/example_dags/example_dynamic_task_mapping.py
[2024-05-24T17:47:52.496+0700] {processor.py:830} INFO - Processing file /mnt/d/Programming/Vietnamese-Text-Generator/airflow_env/lib/python3.10/site-packages/airflow/example_dags/example_dynamic_task_mapping.py for tasks to queue
[2024-05-24T17:47:52.499+0700] {logging_mixin.py:188} INFO - [2024-05-24T17:47:52.498+0700] {dagbag.py:540} INFO - Filling up the DagBag from /mnt/d/Programming/Vietnamese-Text-Generator/airflow_env/lib/python3.10/site-packages/airflow/example_dags/example_dynamic_task_mapping.py
[2024-05-24T17:47:52.515+0700] {processor.py:840} INFO - DAG(s) 'example_dynamic_task_mapping' retrieved from /mnt/d/Programming/Vietnamese-Text-Generator/airflow_env/lib/python3.10/site-packages/airflow/example_dags/example_dynamic_task_mapping.py
[2024-05-24T17:47:52.535+0700] {logging_mixin.py:188} INFO - [2024-05-24T17:47:52.534+0700] {dag.py:3096} INFO - Sync 1 DAGs
[2024-05-24T17:47:52.562+0700] {logging_mixin.py:188} INFO - [2024-05-24T17:47:52.562+0700] {dag.py:3954} INFO - Setting next_dagrun for example_dynamic_task_mapping to 2022-03-04 00:00:00+00:00, run_after=2022-03-05 00:00:00+00:00
[2024-05-24T17:47:52.633+0700] {processor.py:183} INFO - Processing /mnt/d/Programming/Vietnamese-Text-Generator/airflow_env/lib/python3.10/site-packages/airflow/example_dags/example_dynamic_task_mapping.py took 0.148 seconds
[2024-05-24T17:49:43.076+0700] {processor.py:161} INFO - Started process (PID=8836) to work on /mnt/d/Programming/Vietnamese-Text-Generator/airflow_env/lib/python3.10/site-packages/airflow/example_dags/example_dynamic_task_mapping.py
[2024-05-24T17:49:43.080+0700] {processor.py:830} INFO - Processing file /mnt/d/Programming/Vietnamese-Text-Generator/airflow_env/lib/python3.10/site-packages/airflow/example_dags/example_dynamic_task_mapping.py for tasks to queue
[2024-05-24T17:49:43.086+0700] {logging_mixin.py:188} INFO - [2024-05-24T17:49:43.084+0700] {dagbag.py:540} INFO - Filling up the DagBag from /mnt/d/Programming/Vietnamese-Text-Generator/airflow_env/lib/python3.10/site-packages/airflow/example_dags/example_dynamic_task_mapping.py
[2024-05-24T17:49:43.130+0700] {processor.py:840} INFO - DAG(s) 'example_dynamic_task_mapping' retrieved from /mnt/d/Programming/Vietnamese-Text-Generator/airflow_env/lib/python3.10/site-packages/airflow/example_dags/example_dynamic_task_mapping.py
[2024-05-24T17:49:43.182+0700] {logging_mixin.py:188} INFO - [2024-05-24T17:49:43.179+0700] {dag.py:3096} INFO - Sync 1 DAGs
[2024-05-24T17:49:43.267+0700] {logging_mixin.py:188} INFO - [2024-05-24T17:49:43.264+0700] {dag.py:3954} INFO - Setting next_dagrun for example_dynamic_task_mapping to 2022-03-04 00:00:00+00:00, run_after=2022-03-05 00:00:00+00:00
[2024-05-24T17:49:43.357+0700] {processor.py:183} INFO - Processing /mnt/d/Programming/Vietnamese-Text-Generator/airflow_env/lib/python3.10/site-packages/airflow/example_dags/example_dynamic_task_mapping.py took 0.306 seconds
[2024-05-24T17:52:03.062+0700] {processor.py:161} INFO - Started process (PID=9448) to work on /mnt/d/Programming/Vietnamese-Text-Generator/airflow_env/lib/python3.10/site-packages/airflow/example_dags/example_dynamic_task_mapping.py
[2024-05-24T17:52:03.065+0700] {processor.py:830} INFO - Processing file /mnt/d/Programming/Vietnamese-Text-Generator/airflow_env/lib/python3.10/site-packages/airflow/example_dags/example_dynamic_task_mapping.py for tasks to queue
[2024-05-24T17:52:03.071+0700] {logging_mixin.py:188} INFO - [2024-05-24T17:52:03.070+0700] {dagbag.py:540} INFO - Filling up the DagBag from /mnt/d/Programming/Vietnamese-Text-Generator/airflow_env/lib/python3.10/site-packages/airflow/example_dags/example_dynamic_task_mapping.py
[2024-05-24T17:52:03.109+0700] {processor.py:840} INFO - DAG(s) 'example_dynamic_task_mapping' retrieved from /mnt/d/Programming/Vietnamese-Text-Generator/airflow_env/lib/python3.10/site-packages/airflow/example_dags/example_dynamic_task_mapping.py
[2024-05-24T17:52:03.153+0700] {logging_mixin.py:188} INFO - [2024-05-24T17:52:03.151+0700] {dag.py:3096} INFO - Sync 1 DAGs
[2024-05-24T17:52:03.204+0700] {logging_mixin.py:188} INFO - [2024-05-24T17:52:03.203+0700] {dag.py:3954} INFO - Setting next_dagrun for example_dynamic_task_mapping to 2022-03-04 00:00:00+00:00, run_after=2022-03-05 00:00:00+00:00
[2024-05-24T17:52:03.303+0700] {processor.py:183} INFO - Processing /mnt/d/Programming/Vietnamese-Text-Generator/airflow_env/lib/python3.10/site-packages/airflow/example_dags/example_dynamic_task_mapping.py took 0.263 seconds
[2024-05-24T17:54:16.033+0700] {processor.py:161} INFO - Started process (PID=10027) to work on /mnt/d/Programming/Vietnamese-Text-Generator/airflow_env/lib/python3.10/site-packages/airflow/example_dags/example_dynamic_task_mapping.py
[2024-05-24T17:54:16.040+0700] {processor.py:830} INFO - Processing file /mnt/d/Programming/Vietnamese-Text-Generator/airflow_env/lib/python3.10/site-packages/airflow/example_dags/example_dynamic_task_mapping.py for tasks to queue
[2024-05-24T17:54:16.051+0700] {logging_mixin.py:188} INFO - [2024-05-24T17:54:16.047+0700] {dagbag.py:540} INFO - Filling up the DagBag from /mnt/d/Programming/Vietnamese-Text-Generator/airflow_env/lib/python3.10/site-packages/airflow/example_dags/example_dynamic_task_mapping.py
[2024-05-24T17:54:16.131+0700] {processor.py:840} INFO - DAG(s) 'example_dynamic_task_mapping' retrieved from /mnt/d/Programming/Vietnamese-Text-Generator/airflow_env/lib/python3.10/site-packages/airflow/example_dags/example_dynamic_task_mapping.py
[2024-05-24T17:54:16.227+0700] {logging_mixin.py:188} INFO - [2024-05-24T17:54:16.224+0700] {dag.py:3096} INFO - Sync 1 DAGs
[2024-05-24T17:54:16.325+0700] {logging_mixin.py:188} INFO - [2024-05-24T17:54:16.322+0700] {dag.py:3954} INFO - Setting next_dagrun for example_dynamic_task_mapping to 2022-03-04 00:00:00+00:00, run_after=2022-03-05 00:00:00+00:00
[2024-05-24T17:54:16.547+0700] {processor.py:183} INFO - Processing /mnt/d/Programming/Vietnamese-Text-Generator/airflow_env/lib/python3.10/site-packages/airflow/example_dags/example_dynamic_task_mapping.py took 0.562 seconds
[2024-05-24T17:56:38.071+0700] {processor.py:161} INFO - Started process (PID=10648) to work on /mnt/d/Programming/Vietnamese-Text-Generator/airflow_env/lib/python3.10/site-packages/airflow/example_dags/example_dynamic_task_mapping.py
[2024-05-24T17:56:38.075+0700] {processor.py:830} INFO - Processing file /mnt/d/Programming/Vietnamese-Text-Generator/airflow_env/lib/python3.10/site-packages/airflow/example_dags/example_dynamic_task_mapping.py for tasks to queue
[2024-05-24T17:56:38.084+0700] {logging_mixin.py:188} INFO - [2024-05-24T17:56:38.081+0700] {dagbag.py:540} INFO - Filling up the DagBag from /mnt/d/Programming/Vietnamese-Text-Generator/airflow_env/lib/python3.10/site-packages/airflow/example_dags/example_dynamic_task_mapping.py
[2024-05-24T17:56:38.148+0700] {processor.py:840} INFO - DAG(s) 'example_dynamic_task_mapping' retrieved from /mnt/d/Programming/Vietnamese-Text-Generator/airflow_env/lib/python3.10/site-packages/airflow/example_dags/example_dynamic_task_mapping.py
[2024-05-24T17:56:38.201+0700] {logging_mixin.py:188} INFO - [2024-05-24T17:56:38.199+0700] {dag.py:3096} INFO - Sync 1 DAGs
[2024-05-24T17:56:38.259+0700] {logging_mixin.py:188} INFO - [2024-05-24T17:56:38.258+0700] {dag.py:3954} INFO - Setting next_dagrun for example_dynamic_task_mapping to 2022-03-04 00:00:00+00:00, run_after=2022-03-05 00:00:00+00:00
[2024-05-24T17:56:38.363+0700] {processor.py:183} INFO - Processing /mnt/d/Programming/Vietnamese-Text-Generator/airflow_env/lib/python3.10/site-packages/airflow/example_dags/example_dynamic_task_mapping.py took 0.345 seconds
[2024-05-24T17:58:50.698+0700] {processor.py:161} INFO - Started process (PID=11228) to work on /mnt/d/Programming/Vietnamese-Text-Generator/airflow_env/lib/python3.10/site-packages/airflow/example_dags/example_dynamic_task_mapping.py
[2024-05-24T17:58:50.704+0700] {processor.py:830} INFO - Processing file /mnt/d/Programming/Vietnamese-Text-Generator/airflow_env/lib/python3.10/site-packages/airflow/example_dags/example_dynamic_task_mapping.py for tasks to queue
[2024-05-24T17:58:50.715+0700] {logging_mixin.py:188} INFO - [2024-05-24T17:58:50.711+0700] {dagbag.py:540} INFO - Filling up the DagBag from /mnt/d/Programming/Vietnamese-Text-Generator/airflow_env/lib/python3.10/site-packages/airflow/example_dags/example_dynamic_task_mapping.py
[2024-05-24T17:58:50.804+0700] {processor.py:840} INFO - DAG(s) 'example_dynamic_task_mapping' retrieved from /mnt/d/Programming/Vietnamese-Text-Generator/airflow_env/lib/python3.10/site-packages/airflow/example_dags/example_dynamic_task_mapping.py
[2024-05-24T17:58:50.905+0700] {logging_mixin.py:188} INFO - [2024-05-24T17:58:50.902+0700] {dag.py:3096} INFO - Sync 1 DAGs
[2024-05-24T17:58:51.008+0700] {logging_mixin.py:188} INFO - [2024-05-24T17:58:51.004+0700] {dag.py:3954} INFO - Setting next_dagrun for example_dynamic_task_mapping to 2022-03-04 00:00:00+00:00, run_after=2022-03-05 00:00:00+00:00
[2024-05-24T17:58:51.225+0700] {processor.py:183} INFO - Processing /mnt/d/Programming/Vietnamese-Text-Generator/airflow_env/lib/python3.10/site-packages/airflow/example_dags/example_dynamic_task_mapping.py took 0.563 seconds
[2024-05-24T18:01:07.854+0700] {processor.py:161} INFO - Started process (PID=11824) to work on /mnt/d/Programming/Vietnamese-Text-Generator/airflow_env/lib/python3.10/site-packages/airflow/example_dags/example_dynamic_task_mapping.py
[2024-05-24T18:01:07.860+0700] {processor.py:830} INFO - Processing file /mnt/d/Programming/Vietnamese-Text-Generator/airflow_env/lib/python3.10/site-packages/airflow/example_dags/example_dynamic_task_mapping.py for tasks to queue
[2024-05-24T18:01:07.872+0700] {logging_mixin.py:188} INFO - [2024-05-24T18:01:07.868+0700] {dagbag.py:540} INFO - Filling up the DagBag from /mnt/d/Programming/Vietnamese-Text-Generator/airflow_env/lib/python3.10/site-packages/airflow/example_dags/example_dynamic_task_mapping.py
[2024-05-24T18:01:07.964+0700] {processor.py:840} INFO - DAG(s) 'example_dynamic_task_mapping' retrieved from /mnt/d/Programming/Vietnamese-Text-Generator/airflow_env/lib/python3.10/site-packages/airflow/example_dags/example_dynamic_task_mapping.py
[2024-05-24T18:01:08.054+0700] {logging_mixin.py:188} INFO - [2024-05-24T18:01:08.050+0700] {dag.py:3096} INFO - Sync 1 DAGs
[2024-05-24T18:01:08.159+0700] {logging_mixin.py:188} INFO - [2024-05-24T18:01:08.156+0700] {dag.py:3954} INFO - Setting next_dagrun for example_dynamic_task_mapping to 2022-03-04 00:00:00+00:00, run_after=2022-03-05 00:00:00+00:00
[2024-05-24T18:01:08.302+0700] {processor.py:183} INFO - Processing /mnt/d/Programming/Vietnamese-Text-Generator/airflow_env/lib/python3.10/site-packages/airflow/example_dags/example_dynamic_task_mapping.py took 0.490 seconds
[2024-05-24T18:03:31.397+0700] {processor.py:161} INFO - Started process (PID=12449) to work on /mnt/d/Programming/Vietnamese-Text-Generator/airflow_env/lib/python3.10/site-packages/airflow/example_dags/example_dynamic_task_mapping.py
[2024-05-24T18:03:31.404+0700] {processor.py:830} INFO - Processing file /mnt/d/Programming/Vietnamese-Text-Generator/airflow_env/lib/python3.10/site-packages/airflow/example_dags/example_dynamic_task_mapping.py for tasks to queue
[2024-05-24T18:03:31.414+0700] {logging_mixin.py:188} INFO - [2024-05-24T18:03:31.411+0700] {dagbag.py:540} INFO - Filling up the DagBag from /mnt/d/Programming/Vietnamese-Text-Generator/airflow_env/lib/python3.10/site-packages/airflow/example_dags/example_dynamic_task_mapping.py
[2024-05-24T18:03:31.503+0700] {processor.py:840} INFO - DAG(s) 'example_dynamic_task_mapping' retrieved from /mnt/d/Programming/Vietnamese-Text-Generator/airflow_env/lib/python3.10/site-packages/airflow/example_dags/example_dynamic_task_mapping.py
[2024-05-24T18:03:31.596+0700] {logging_mixin.py:188} INFO - [2024-05-24T18:03:31.594+0700] {dag.py:3096} INFO - Sync 1 DAGs
[2024-05-24T18:03:31.695+0700] {logging_mixin.py:188} INFO - [2024-05-24T18:03:31.693+0700] {dag.py:3954} INFO - Setting next_dagrun for example_dynamic_task_mapping to 2022-03-04 00:00:00+00:00, run_after=2022-03-05 00:00:00+00:00
[2024-05-24T18:03:31.837+0700] {processor.py:183} INFO - Processing /mnt/d/Programming/Vietnamese-Text-Generator/airflow_env/lib/python3.10/site-packages/airflow/example_dags/example_dynamic_task_mapping.py took 0.490 seconds
