[2024-05-24T17:01:49.050+0700] {processor.py:161} INFO - Started process (PID=1839) to work on /mnt/d/Programming/Vietnamese-Text-Generator/airflow_env/lib/python3.10/site-packages/airflow/example_dags/example_setup_teardown_taskflow.py
[2024-05-24T17:01:49.056+0700] {processor.py:830} INFO - Processing file /mnt/d/Programming/Vietnamese-Text-Generator/airflow_env/lib/python3.10/site-packages/airflow/example_dags/example_setup_teardown_taskflow.py for tasks to queue
[2024-05-24T17:01:49.073+0700] {logging_mixin.py:188} INFO - [2024-05-24T17:01:49.066+0700] {dagbag.py:540} INFO - Filling up the DagBag from /mnt/d/Programming/Vietnamese-Text-Generator/airflow_env/lib/python3.10/site-packages/airflow/example_dags/example_setup_teardown_taskflow.py
[2024-05-24T17:01:49.193+0700] {processor.py:840} INFO - DAG(s) 'example_setup_teardown_taskflow' retrieved from /mnt/d/Programming/Vietnamese-Text-Generator/airflow_env/lib/python3.10/site-packages/airflow/example_dags/example_setup_teardown_taskflow.py
[2024-05-24T17:01:49.306+0700] {logging_mixin.py:188} INFO - [2024-05-24T17:01:49.304+0700] {dag.py:3096} INFO - Sync 1 DAGs
[2024-05-24T17:01:49.401+0700] {logging_mixin.py:188} INFO - [2024-05-24T17:01:49.398+0700] {dag.py:3954} INFO - Setting next_dagrun for example_setup_teardown_taskflow to 2024-05-23 00:00:00+00:00, run_after=2024-05-24 00:00:00+00:00
[2024-05-24T17:01:49.586+0700] {processor.py:183} INFO - Processing /mnt/d/Programming/Vietnamese-Text-Generator/airflow_env/lib/python3.10/site-packages/airflow/example_dags/example_setup_teardown_taskflow.py took 0.578 seconds
[2024-05-24T17:03:47.718+0700] {processor.py:161} INFO - Started process (PID=2344) to work on /mnt/d/Programming/Vietnamese-Text-Generator/airflow_env/lib/python3.10/site-packages/airflow/example_dags/example_setup_teardown_taskflow.py
[2024-05-24T17:03:47.726+0700] {processor.py:830} INFO - Processing file /mnt/d/Programming/Vietnamese-Text-Generator/airflow_env/lib/python3.10/site-packages/airflow/example_dags/example_setup_teardown_taskflow.py for tasks to queue
[2024-05-24T17:03:47.738+0700] {logging_mixin.py:188} INFO - [2024-05-24T17:03:47.734+0700] {dagbag.py:540} INFO - Filling up the DagBag from /mnt/d/Programming/Vietnamese-Text-Generator/airflow_env/lib/python3.10/site-packages/airflow/example_dags/example_setup_teardown_taskflow.py
[2024-05-24T17:03:47.848+0700] {processor.py:840} INFO - DAG(s) 'example_setup_teardown_taskflow' retrieved from /mnt/d/Programming/Vietnamese-Text-Generator/airflow_env/lib/python3.10/site-packages/airflow/example_dags/example_setup_teardown_taskflow.py
[2024-05-24T17:03:47.958+0700] {logging_mixin.py:188} INFO - [2024-05-24T17:03:47.954+0700] {dag.py:3096} INFO - Sync 1 DAGs
[2024-05-24T17:03:48.082+0700] {logging_mixin.py:188} INFO - [2024-05-24T17:03:48.078+0700] {dag.py:3954} INFO - Setting next_dagrun for example_setup_teardown_taskflow to 2024-05-23 00:00:00+00:00, run_after=2024-05-24 00:00:00+00:00
[2024-05-24T17:03:48.277+0700] {processor.py:183} INFO - Processing /mnt/d/Programming/Vietnamese-Text-Generator/airflow_env/lib/python3.10/site-packages/airflow/example_dags/example_setup_teardown_taskflow.py took 0.610 seconds
[2024-05-24T17:05:01.602+0700] {processor.py:161} INFO - Started process (PID=2669) to work on /mnt/d/Programming/Vietnamese-Text-Generator/airflow_env/lib/python3.10/site-packages/airflow/example_dags/example_setup_teardown_taskflow.py
[2024-05-24T17:05:01.609+0700] {processor.py:830} INFO - Processing file /mnt/d/Programming/Vietnamese-Text-Generator/airflow_env/lib/python3.10/site-packages/airflow/example_dags/example_setup_teardown_taskflow.py for tasks to queue
[2024-05-24T17:05:01.622+0700] {logging_mixin.py:188} INFO - [2024-05-24T17:05:01.618+0700] {dagbag.py:540} INFO - Filling up the DagBag from /mnt/d/Programming/Vietnamese-Text-Generator/airflow_env/lib/python3.10/site-packages/airflow/example_dags/example_setup_teardown_taskflow.py
[2024-05-24T17:05:01.734+0700] {processor.py:840} INFO - DAG(s) 'example_setup_teardown_taskflow' retrieved from /mnt/d/Programming/Vietnamese-Text-Generator/airflow_env/lib/python3.10/site-packages/airflow/example_dags/example_setup_teardown_taskflow.py
[2024-05-24T17:05:01.805+0700] {logging_mixin.py:188} INFO - [2024-05-24T17:05:01.803+0700] {dag.py:3096} INFO - Sync 1 DAGs
[2024-05-24T17:05:01.887+0700] {logging_mixin.py:188} INFO - [2024-05-24T17:05:01.884+0700] {dag.py:3954} INFO - Setting next_dagrun for example_setup_teardown_taskflow to 2024-05-23 00:00:00+00:00, run_after=2024-05-24 00:00:00+00:00
[2024-05-24T17:05:02.041+0700] {processor.py:183} INFO - Processing /mnt/d/Programming/Vietnamese-Text-Generator/airflow_env/lib/python3.10/site-packages/airflow/example_dags/example_setup_teardown_taskflow.py took 0.487 seconds
[2024-05-24T17:07:17.978+0700] {processor.py:161} INFO - Started process (PID=3344) to work on /mnt/d/Programming/Vietnamese-Text-Generator/airflow_env/lib/python3.10/site-packages/airflow/example_dags/example_setup_teardown_taskflow.py
[2024-05-24T17:07:17.984+0700] {processor.py:830} INFO - Processing file /mnt/d/Programming/Vietnamese-Text-Generator/airflow_env/lib/python3.10/site-packages/airflow/example_dags/example_setup_teardown_taskflow.py for tasks to queue
[2024-05-24T17:07:17.997+0700] {logging_mixin.py:188} INFO - [2024-05-24T17:07:17.993+0700] {dagbag.py:540} INFO - Filling up the DagBag from /mnt/d/Programming/Vietnamese-Text-Generator/airflow_env/lib/python3.10/site-packages/airflow/example_dags/example_setup_teardown_taskflow.py
[2024-05-24T17:07:18.084+0700] {processor.py:840} INFO - DAG(s) 'example_setup_teardown_taskflow' retrieved from /mnt/d/Programming/Vietnamese-Text-Generator/airflow_env/lib/python3.10/site-packages/airflow/example_dags/example_setup_teardown_taskflow.py
[2024-05-24T17:07:18.186+0700] {logging_mixin.py:188} INFO - [2024-05-24T17:07:18.183+0700] {dag.py:3096} INFO - Sync 1 DAGs
[2024-05-24T17:07:18.290+0700] {logging_mixin.py:188} INFO - [2024-05-24T17:07:18.286+0700] {dag.py:3954} INFO - Setting next_dagrun for example_setup_teardown_taskflow to 2024-05-23 00:00:00+00:00, run_after=2024-05-24 00:00:00+00:00
[2024-05-24T17:07:18.513+0700] {processor.py:183} INFO - Processing /mnt/d/Programming/Vietnamese-Text-Generator/airflow_env/lib/python3.10/site-packages/airflow/example_dags/example_setup_teardown_taskflow.py took 0.580 seconds
[2024-05-24T17:09:28.690+0700] {processor.py:161} INFO - Started process (PID=3917) to work on /mnt/d/Programming/Vietnamese-Text-Generator/airflow_env/lib/python3.10/site-packages/airflow/example_dags/example_setup_teardown_taskflow.py
[2024-05-24T17:09:28.697+0700] {processor.py:830} INFO - Processing file /mnt/d/Programming/Vietnamese-Text-Generator/airflow_env/lib/python3.10/site-packages/airflow/example_dags/example_setup_teardown_taskflow.py for tasks to queue
[2024-05-24T17:09:28.709+0700] {logging_mixin.py:188} INFO - [2024-05-24T17:09:28.705+0700] {dagbag.py:540} INFO - Filling up the DagBag from /mnt/d/Programming/Vietnamese-Text-Generator/airflow_env/lib/python3.10/site-packages/airflow/example_dags/example_setup_teardown_taskflow.py
[2024-05-24T17:09:28.803+0700] {processor.py:840} INFO - DAG(s) 'example_setup_teardown_taskflow' retrieved from /mnt/d/Programming/Vietnamese-Text-Generator/airflow_env/lib/python3.10/site-packages/airflow/example_dags/example_setup_teardown_taskflow.py
[2024-05-24T17:09:28.897+0700] {logging_mixin.py:188} INFO - [2024-05-24T17:09:28.894+0700] {dag.py:3096} INFO - Sync 1 DAGs
[2024-05-24T17:09:28.990+0700] {logging_mixin.py:188} INFO - [2024-05-24T17:09:28.987+0700] {dag.py:3954} INFO - Setting next_dagrun for example_setup_teardown_taskflow to 2024-05-23 00:00:00+00:00, run_after=2024-05-24 00:00:00+00:00
[2024-05-24T17:09:29.170+0700] {processor.py:183} INFO - Processing /mnt/d/Programming/Vietnamese-Text-Generator/airflow_env/lib/python3.10/site-packages/airflow/example_dags/example_setup_teardown_taskflow.py took 0.524 seconds
[2024-05-24T17:11:49.473+0700] {processor.py:161} INFO - Started process (PID=4534) to work on /mnt/d/Programming/Vietnamese-Text-Generator/airflow_env/lib/python3.10/site-packages/airflow/example_dags/example_setup_teardown_taskflow.py
[2024-05-24T17:11:49.480+0700] {processor.py:830} INFO - Processing file /mnt/d/Programming/Vietnamese-Text-Generator/airflow_env/lib/python3.10/site-packages/airflow/example_dags/example_setup_teardown_taskflow.py for tasks to queue
[2024-05-24T17:11:49.492+0700] {logging_mixin.py:188} INFO - [2024-05-24T17:11:49.488+0700] {dagbag.py:540} INFO - Filling up the DagBag from /mnt/d/Programming/Vietnamese-Text-Generator/airflow_env/lib/python3.10/site-packages/airflow/example_dags/example_setup_teardown_taskflow.py
[2024-05-24T17:11:49.596+0700] {processor.py:840} INFO - DAG(s) 'example_setup_teardown_taskflow' retrieved from /mnt/d/Programming/Vietnamese-Text-Generator/airflow_env/lib/python3.10/site-packages/airflow/example_dags/example_setup_teardown_taskflow.py
[2024-05-24T17:11:49.697+0700] {logging_mixin.py:188} INFO - [2024-05-24T17:11:49.694+0700] {dag.py:3096} INFO - Sync 1 DAGs
[2024-05-24T17:11:49.802+0700] {logging_mixin.py:188} INFO - [2024-05-24T17:11:49.798+0700] {dag.py:3954} INFO - Setting next_dagrun for example_setup_teardown_taskflow to 2024-05-23 00:00:00+00:00, run_after=2024-05-24 00:00:00+00:00
[2024-05-24T17:11:50.014+0700] {processor.py:183} INFO - Processing /mnt/d/Programming/Vietnamese-Text-Generator/airflow_env/lib/python3.10/site-packages/airflow/example_dags/example_setup_teardown_taskflow.py took 0.579 seconds
[2024-05-24T17:14:05.225+0700] {processor.py:161} INFO - Started process (PID=5127) to work on /mnt/d/Programming/Vietnamese-Text-Generator/airflow_env/lib/python3.10/site-packages/airflow/example_dags/example_setup_teardown_taskflow.py
[2024-05-24T17:14:05.232+0700] {processor.py:830} INFO - Processing file /mnt/d/Programming/Vietnamese-Text-Generator/airflow_env/lib/python3.10/site-packages/airflow/example_dags/example_setup_teardown_taskflow.py for tasks to queue
[2024-05-24T17:14:05.244+0700] {logging_mixin.py:188} INFO - [2024-05-24T17:14:05.240+0700] {dagbag.py:540} INFO - Filling up the DagBag from /mnt/d/Programming/Vietnamese-Text-Generator/airflow_env/lib/python3.10/site-packages/airflow/example_dags/example_setup_teardown_taskflow.py
[2024-05-24T17:14:05.339+0700] {processor.py:840} INFO - DAG(s) 'example_setup_teardown_taskflow' retrieved from /mnt/d/Programming/Vietnamese-Text-Generator/airflow_env/lib/python3.10/site-packages/airflow/example_dags/example_setup_teardown_taskflow.py
[2024-05-24T17:14:05.416+0700] {logging_mixin.py:188} INFO - [2024-05-24T17:14:05.413+0700] {dag.py:3096} INFO - Sync 1 DAGs
[2024-05-24T17:14:05.495+0700] {logging_mixin.py:188} INFO - [2024-05-24T17:14:05.493+0700] {dag.py:3954} INFO - Setting next_dagrun for example_setup_teardown_taskflow to 2024-05-23 00:00:00+00:00, run_after=2024-05-24 00:00:00+00:00
[2024-05-24T17:14:05.657+0700] {processor.py:183} INFO - Processing /mnt/d/Programming/Vietnamese-Text-Generator/airflow_env/lib/python3.10/site-packages/airflow/example_dags/example_setup_teardown_taskflow.py took 0.479 seconds
[2024-05-24T17:16:25.152+0700] {processor.py:161} INFO - Started process (PID=5736) to work on /mnt/d/Programming/Vietnamese-Text-Generator/airflow_env/lib/python3.10/site-packages/airflow/example_dags/example_setup_teardown_taskflow.py
[2024-05-24T17:16:25.159+0700] {processor.py:830} INFO - Processing file /mnt/d/Programming/Vietnamese-Text-Generator/airflow_env/lib/python3.10/site-packages/airflow/example_dags/example_setup_teardown_taskflow.py for tasks to queue
[2024-05-24T17:16:25.171+0700] {logging_mixin.py:188} INFO - [2024-05-24T17:16:25.167+0700] {dagbag.py:540} INFO - Filling up the DagBag from /mnt/d/Programming/Vietnamese-Text-Generator/airflow_env/lib/python3.10/site-packages/airflow/example_dags/example_setup_teardown_taskflow.py
[2024-05-24T17:16:25.274+0700] {processor.py:840} INFO - DAG(s) 'example_setup_teardown_taskflow' retrieved from /mnt/d/Programming/Vietnamese-Text-Generator/airflow_env/lib/python3.10/site-packages/airflow/example_dags/example_setup_teardown_taskflow.py
[2024-05-24T17:16:25.376+0700] {logging_mixin.py:188} INFO - [2024-05-24T17:16:25.372+0700] {dag.py:3096} INFO - Sync 1 DAGs
[2024-05-24T17:16:25.456+0700] {logging_mixin.py:188} INFO - [2024-05-24T17:16:25.454+0700] {dag.py:3954} INFO - Setting next_dagrun for example_setup_teardown_taskflow to 2024-05-23 00:00:00+00:00, run_after=2024-05-24 00:00:00+00:00
[2024-05-24T17:16:25.616+0700] {processor.py:183} INFO - Processing /mnt/d/Programming/Vietnamese-Text-Generator/airflow_env/lib/python3.10/site-packages/airflow/example_dags/example_setup_teardown_taskflow.py took 0.513 seconds
[2024-05-24T17:17:37.935+0700] {processor.py:161} INFO - Started process (PID=6055) to work on /mnt/d/Programming/Vietnamese-Text-Generator/airflow_env/lib/python3.10/site-packages/airflow/example_dags/example_setup_teardown_taskflow.py
[2024-05-24T17:17:37.942+0700] {processor.py:830} INFO - Processing file /mnt/d/Programming/Vietnamese-Text-Generator/airflow_env/lib/python3.10/site-packages/airflow/example_dags/example_setup_teardown_taskflow.py for tasks to queue
[2024-05-24T17:17:37.953+0700] {logging_mixin.py:188} INFO - [2024-05-24T17:17:37.950+0700] {dagbag.py:540} INFO - Filling up the DagBag from /mnt/d/Programming/Vietnamese-Text-Generator/airflow_env/lib/python3.10/site-packages/airflow/example_dags/example_setup_teardown_taskflow.py
[2024-05-24T17:17:38.019+0700] {processor.py:840} INFO - DAG(s) 'example_setup_teardown_taskflow' retrieved from /mnt/d/Programming/Vietnamese-Text-Generator/airflow_env/lib/python3.10/site-packages/airflow/example_dags/example_setup_teardown_taskflow.py
[2024-05-24T17:17:38.089+0700] {logging_mixin.py:188} INFO - [2024-05-24T17:17:38.087+0700] {dag.py:3096} INFO - Sync 1 DAGs
[2024-05-24T17:17:38.168+0700] {logging_mixin.py:188} INFO - [2024-05-24T17:17:38.166+0700] {dag.py:3954} INFO - Setting next_dagrun for example_setup_teardown_taskflow to 2024-05-23 00:00:00+00:00, run_after=2024-05-24 00:00:00+00:00
[2024-05-24T17:17:38.283+0700] {processor.py:183} INFO - Processing /mnt/d/Programming/Vietnamese-Text-Generator/airflow_env/lib/python3.10/site-packages/airflow/example_dags/example_setup_teardown_taskflow.py took 0.392 seconds
[2024-05-24T17:19:56.035+0700] {processor.py:161} INFO - Started process (PID=6659) to work on /mnt/d/Programming/Vietnamese-Text-Generator/airflow_env/lib/python3.10/site-packages/airflow/example_dags/example_setup_teardown_taskflow.py
[2024-05-24T17:19:56.039+0700] {processor.py:830} INFO - Processing file /mnt/d/Programming/Vietnamese-Text-Generator/airflow_env/lib/python3.10/site-packages/airflow/example_dags/example_setup_teardown_taskflow.py for tasks to queue
[2024-05-24T17:19:56.046+0700] {logging_mixin.py:188} INFO - [2024-05-24T17:19:56.044+0700] {dagbag.py:540} INFO - Filling up the DagBag from /mnt/d/Programming/Vietnamese-Text-Generator/airflow_env/lib/python3.10/site-packages/airflow/example_dags/example_setup_teardown_taskflow.py
[2024-05-24T17:19:56.106+0700] {processor.py:840} INFO - DAG(s) 'example_setup_teardown_taskflow' retrieved from /mnt/d/Programming/Vietnamese-Text-Generator/airflow_env/lib/python3.10/site-packages/airflow/example_dags/example_setup_teardown_taskflow.py
[2024-05-24T17:19:56.180+0700] {logging_mixin.py:188} INFO - [2024-05-24T17:19:56.179+0700] {dag.py:3096} INFO - Sync 1 DAGs
[2024-05-24T17:19:56.248+0700] {logging_mixin.py:188} INFO - [2024-05-24T17:19:56.246+0700] {dag.py:3954} INFO - Setting next_dagrun for example_setup_teardown_taskflow to 2024-05-23 00:00:00+00:00, run_after=2024-05-24 00:00:00+00:00
[2024-05-24T17:19:56.384+0700] {processor.py:183} INFO - Processing /mnt/d/Programming/Vietnamese-Text-Generator/airflow_env/lib/python3.10/site-packages/airflow/example_dags/example_setup_teardown_taskflow.py took 0.411 seconds
[2024-05-24T17:22:07.977+0700] {processor.py:161} INFO - Started process (PID=7235) to work on /mnt/d/Programming/Vietnamese-Text-Generator/airflow_env/lib/python3.10/site-packages/airflow/example_dags/example_setup_teardown_taskflow.py
[2024-05-24T17:22:07.980+0700] {processor.py:830} INFO - Processing file /mnt/d/Programming/Vietnamese-Text-Generator/airflow_env/lib/python3.10/site-packages/airflow/example_dags/example_setup_teardown_taskflow.py for tasks to queue
[2024-05-24T17:22:07.985+0700] {logging_mixin.py:188} INFO - [2024-05-24T17:22:07.983+0700] {dagbag.py:540} INFO - Filling up the DagBag from /mnt/d/Programming/Vietnamese-Text-Generator/airflow_env/lib/python3.10/site-packages/airflow/example_dags/example_setup_teardown_taskflow.py
[2024-05-24T17:22:08.017+0700] {processor.py:840} INFO - DAG(s) 'example_setup_teardown_taskflow' retrieved from /mnt/d/Programming/Vietnamese-Text-Generator/airflow_env/lib/python3.10/site-packages/airflow/example_dags/example_setup_teardown_taskflow.py
[2024-05-24T17:22:08.057+0700] {logging_mixin.py:188} INFO - [2024-05-24T17:22:08.056+0700] {dag.py:3096} INFO - Sync 1 DAGs
[2024-05-24T17:22:08.089+0700] {logging_mixin.py:188} INFO - [2024-05-24T17:22:08.089+0700] {dag.py:3954} INFO - Setting next_dagrun for example_setup_teardown_taskflow to 2024-05-23 00:00:00+00:00, run_after=2024-05-24 00:00:00+00:00
[2024-05-24T17:22:08.255+0700] {processor.py:183} INFO - Processing /mnt/d/Programming/Vietnamese-Text-Generator/airflow_env/lib/python3.10/site-packages/airflow/example_dags/example_setup_teardown_taskflow.py took 0.313 seconds
[2024-05-24T17:23:18.548+0700] {processor.py:161} INFO - Started process (PID=7545) to work on /mnt/d/Programming/Vietnamese-Text-Generator/airflow_env/lib/python3.10/site-packages/airflow/example_dags/example_setup_teardown_taskflow.py
[2024-05-24T17:23:18.555+0700] {processor.py:830} INFO - Processing file /mnt/d/Programming/Vietnamese-Text-Generator/airflow_env/lib/python3.10/site-packages/airflow/example_dags/example_setup_teardown_taskflow.py for tasks to queue
[2024-05-24T17:23:18.569+0700] {logging_mixin.py:188} INFO - [2024-05-24T17:23:18.565+0700] {dagbag.py:540} INFO - Filling up the DagBag from /mnt/d/Programming/Vietnamese-Text-Generator/airflow_env/lib/python3.10/site-packages/airflow/example_dags/example_setup_teardown_taskflow.py
[2024-05-24T17:23:18.679+0700] {processor.py:840} INFO - DAG(s) 'example_setup_teardown_taskflow' retrieved from /mnt/d/Programming/Vietnamese-Text-Generator/airflow_env/lib/python3.10/site-packages/airflow/example_dags/example_setup_teardown_taskflow.py
[2024-05-24T17:23:18.749+0700] {logging_mixin.py:188} INFO - [2024-05-24T17:23:18.746+0700] {dag.py:3096} INFO - Sync 1 DAGs
[2024-05-24T17:23:18.820+0700] {logging_mixin.py:188} INFO - [2024-05-24T17:23:18.818+0700] {dag.py:3954} INFO - Setting next_dagrun for example_setup_teardown_taskflow to 2024-05-23 00:00:00+00:00, run_after=2024-05-24 00:00:00+00:00
[2024-05-24T17:23:18.975+0700] {processor.py:183} INFO - Processing /mnt/d/Programming/Vietnamese-Text-Generator/airflow_env/lib/python3.10/site-packages/airflow/example_dags/example_setup_teardown_taskflow.py took 0.481 seconds
[2024-05-24T17:47:05.932+0700] {processor.py:161} INFO - Started process (PID=8122) to work on /mnt/d/Programming/Vietnamese-Text-Generator/airflow_env/lib/python3.10/site-packages/airflow/example_dags/example_setup_teardown_taskflow.py
[2024-05-24T17:47:05.934+0700] {processor.py:830} INFO - Processing file /mnt/d/Programming/Vietnamese-Text-Generator/airflow_env/lib/python3.10/site-packages/airflow/example_dags/example_setup_teardown_taskflow.py for tasks to queue
[2024-05-24T17:47:05.938+0700] {logging_mixin.py:188} INFO - [2024-05-24T17:47:05.937+0700] {dagbag.py:540} INFO - Filling up the DagBag from /mnt/d/Programming/Vietnamese-Text-Generator/airflow_env/lib/python3.10/site-packages/airflow/example_dags/example_setup_teardown_taskflow.py
[2024-05-24T17:47:05.963+0700] {processor.py:840} INFO - DAG(s) 'example_setup_teardown_taskflow' retrieved from /mnt/d/Programming/Vietnamese-Text-Generator/airflow_env/lib/python3.10/site-packages/airflow/example_dags/example_setup_teardown_taskflow.py
[2024-05-24T17:47:05.996+0700] {logging_mixin.py:188} INFO - [2024-05-24T17:47:05.995+0700] {dag.py:3096} INFO - Sync 1 DAGs
[2024-05-24T17:47:06.030+0700] {logging_mixin.py:188} INFO - [2024-05-24T17:47:06.030+0700] {dag.py:3954} INFO - Setting next_dagrun for example_setup_teardown_taskflow to 2024-05-23 00:00:00+00:00, run_after=2024-05-24 00:00:00+00:00
[2024-05-24T17:47:06.099+0700] {processor.py:183} INFO - Processing /mnt/d/Programming/Vietnamese-Text-Generator/airflow_env/lib/python3.10/site-packages/airflow/example_dags/example_setup_teardown_taskflow.py took 0.180 seconds
[2024-05-24T17:48:18.596+0700] {processor.py:161} INFO - Started process (PID=8465) to work on /mnt/d/Programming/Vietnamese-Text-Generator/airflow_env/lib/python3.10/site-packages/airflow/example_dags/example_setup_teardown_taskflow.py
[2024-05-24T17:48:18.603+0700] {processor.py:830} INFO - Processing file /mnt/d/Programming/Vietnamese-Text-Generator/airflow_env/lib/python3.10/site-packages/airflow/example_dags/example_setup_teardown_taskflow.py for tasks to queue
[2024-05-24T17:48:18.615+0700] {logging_mixin.py:188} INFO - [2024-05-24T17:48:18.611+0700] {dagbag.py:540} INFO - Filling up the DagBag from /mnt/d/Programming/Vietnamese-Text-Generator/airflow_env/lib/python3.10/site-packages/airflow/example_dags/example_setup_teardown_taskflow.py
[2024-05-24T17:48:18.723+0700] {processor.py:840} INFO - DAG(s) 'example_setup_teardown_taskflow' retrieved from /mnt/d/Programming/Vietnamese-Text-Generator/airflow_env/lib/python3.10/site-packages/airflow/example_dags/example_setup_teardown_taskflow.py
[2024-05-24T17:48:18.836+0700] {logging_mixin.py:188} INFO - [2024-05-24T17:48:18.832+0700] {dag.py:3096} INFO - Sync 1 DAGs
[2024-05-24T17:48:18.941+0700] {logging_mixin.py:188} INFO - [2024-05-24T17:48:18.938+0700] {dag.py:3954} INFO - Setting next_dagrun for example_setup_teardown_taskflow to 2024-05-23 00:00:00+00:00, run_after=2024-05-24 00:00:00+00:00
[2024-05-24T17:48:19.167+0700] {processor.py:183} INFO - Processing /mnt/d/Programming/Vietnamese-Text-Generator/airflow_env/lib/python3.10/site-packages/airflow/example_dags/example_setup_teardown_taskflow.py took 0.620 seconds
[2024-05-24T17:50:24.119+0700] {processor.py:161} INFO - Started process (PID=9017) to work on /mnt/d/Programming/Vietnamese-Text-Generator/airflow_env/lib/python3.10/site-packages/airflow/example_dags/example_setup_teardown_taskflow.py
[2024-05-24T17:50:24.127+0700] {processor.py:830} INFO - Processing file /mnt/d/Programming/Vietnamese-Text-Generator/airflow_env/lib/python3.10/site-packages/airflow/example_dags/example_setup_teardown_taskflow.py for tasks to queue
[2024-05-24T17:50:24.141+0700] {logging_mixin.py:188} INFO - [2024-05-24T17:50:24.138+0700] {dagbag.py:540} INFO - Filling up the DagBag from /mnt/d/Programming/Vietnamese-Text-Generator/airflow_env/lib/python3.10/site-packages/airflow/example_dags/example_setup_teardown_taskflow.py
[2024-05-24T17:50:24.178+0700] {processor.py:840} INFO - DAG(s) 'example_setup_teardown_taskflow' retrieved from /mnt/d/Programming/Vietnamese-Text-Generator/airflow_env/lib/python3.10/site-packages/airflow/example_dags/example_setup_teardown_taskflow.py
[2024-05-24T17:50:24.214+0700] {logging_mixin.py:188} INFO - [2024-05-24T17:50:24.212+0700] {dag.py:3096} INFO - Sync 1 DAGs
[2024-05-24T17:50:24.252+0700] {logging_mixin.py:188} INFO - [2024-05-24T17:50:24.251+0700] {dag.py:3954} INFO - Setting next_dagrun for example_setup_teardown_taskflow to 2024-05-23 00:00:00+00:00, run_after=2024-05-24 00:00:00+00:00
[2024-05-24T17:50:24.331+0700] {processor.py:183} INFO - Processing /mnt/d/Programming/Vietnamese-Text-Generator/airflow_env/lib/python3.10/site-packages/airflow/example_dags/example_setup_teardown_taskflow.py took 0.261 seconds
[2024-05-24T17:51:37.949+0700] {processor.py:161} INFO - Started process (PID=9335) to work on /mnt/d/Programming/Vietnamese-Text-Generator/airflow_env/lib/python3.10/site-packages/airflow/example_dags/example_setup_teardown_taskflow.py
[2024-05-24T17:51:37.955+0700] {processor.py:830} INFO - Processing file /mnt/d/Programming/Vietnamese-Text-Generator/airflow_env/lib/python3.10/site-packages/airflow/example_dags/example_setup_teardown_taskflow.py for tasks to queue
[2024-05-24T17:51:37.967+0700] {logging_mixin.py:188} INFO - [2024-05-24T17:51:37.963+0700] {dagbag.py:540} INFO - Filling up the DagBag from /mnt/d/Programming/Vietnamese-Text-Generator/airflow_env/lib/python3.10/site-packages/airflow/example_dags/example_setup_teardown_taskflow.py
[2024-05-24T17:51:38.067+0700] {processor.py:840} INFO - DAG(s) 'example_setup_teardown_taskflow' retrieved from /mnt/d/Programming/Vietnamese-Text-Generator/airflow_env/lib/python3.10/site-packages/airflow/example_dags/example_setup_teardown_taskflow.py
[2024-05-24T17:51:38.203+0700] {logging_mixin.py:188} INFO - [2024-05-24T17:51:38.200+0700] {dag.py:3096} INFO - Sync 1 DAGs
[2024-05-24T17:51:38.285+0700] {logging_mixin.py:188} INFO - [2024-05-24T17:51:38.283+0700] {dag.py:3954} INFO - Setting next_dagrun for example_setup_teardown_taskflow to 2024-05-23 00:00:00+00:00, run_after=2024-05-24 00:00:00+00:00
[2024-05-24T17:51:38.364+0700] {processor.py:183} INFO - Processing /mnt/d/Programming/Vietnamese-Text-Generator/airflow_env/lib/python3.10/site-packages/airflow/example_dags/example_setup_teardown_taskflow.py took 0.460 seconds
[2024-05-24T17:53:51.266+0700] {processor.py:161} INFO - Started process (PID=9920) to work on /mnt/d/Programming/Vietnamese-Text-Generator/airflow_env/lib/python3.10/site-packages/airflow/example_dags/example_setup_teardown_taskflow.py
[2024-05-24T17:53:51.272+0700] {processor.py:830} INFO - Processing file /mnt/d/Programming/Vietnamese-Text-Generator/airflow_env/lib/python3.10/site-packages/airflow/example_dags/example_setup_teardown_taskflow.py for tasks to queue
[2024-05-24T17:53:51.281+0700] {logging_mixin.py:188} INFO - [2024-05-24T17:53:51.278+0700] {dagbag.py:540} INFO - Filling up the DagBag from /mnt/d/Programming/Vietnamese-Text-Generator/airflow_env/lib/python3.10/site-packages/airflow/example_dags/example_setup_teardown_taskflow.py
[2024-05-24T17:53:51.354+0700] {processor.py:840} INFO - DAG(s) 'example_setup_teardown_taskflow' retrieved from /mnt/d/Programming/Vietnamese-Text-Generator/airflow_env/lib/python3.10/site-packages/airflow/example_dags/example_setup_teardown_taskflow.py
[2024-05-24T17:53:51.439+0700] {logging_mixin.py:188} INFO - [2024-05-24T17:53:51.435+0700] {dag.py:3096} INFO - Sync 1 DAGs
[2024-05-24T17:53:51.547+0700] {logging_mixin.py:188} INFO - [2024-05-24T17:53:51.544+0700] {dag.py:3954} INFO - Setting next_dagrun for example_setup_teardown_taskflow to 2024-05-23 00:00:00+00:00, run_after=2024-05-24 00:00:00+00:00
[2024-05-24T17:53:51.759+0700] {processor.py:183} INFO - Processing /mnt/d/Programming/Vietnamese-Text-Generator/airflow_env/lib/python3.10/site-packages/airflow/example_dags/example_setup_teardown_taskflow.py took 0.533 seconds
[2024-05-24T17:55:04.725+0700] {processor.py:161} INFO - Started process (PID=10243) to work on /mnt/d/Programming/Vietnamese-Text-Generator/airflow_env/lib/python3.10/site-packages/airflow/example_dags/example_setup_teardown_taskflow.py
[2024-05-24T17:55:04.729+0700] {processor.py:830} INFO - Processing file /mnt/d/Programming/Vietnamese-Text-Generator/airflow_env/lib/python3.10/site-packages/airflow/example_dags/example_setup_teardown_taskflow.py for tasks to queue
[2024-05-24T17:55:04.736+0700] {logging_mixin.py:188} INFO - [2024-05-24T17:55:04.734+0700] {dagbag.py:540} INFO - Filling up the DagBag from /mnt/d/Programming/Vietnamese-Text-Generator/airflow_env/lib/python3.10/site-packages/airflow/example_dags/example_setup_teardown_taskflow.py
[2024-05-24T17:55:04.789+0700] {processor.py:840} INFO - DAG(s) 'example_setup_teardown_taskflow' retrieved from /mnt/d/Programming/Vietnamese-Text-Generator/airflow_env/lib/python3.10/site-packages/airflow/example_dags/example_setup_teardown_taskflow.py
[2024-05-24T17:55:04.866+0700] {logging_mixin.py:188} INFO - [2024-05-24T17:55:04.864+0700] {dag.py:3096} INFO - Sync 1 DAGs
[2024-05-24T17:55:04.924+0700] {logging_mixin.py:188} INFO - [2024-05-24T17:55:04.922+0700] {dag.py:3954} INFO - Setting next_dagrun for example_setup_teardown_taskflow to 2024-05-23 00:00:00+00:00, run_after=2024-05-24 00:00:00+00:00
[2024-05-24T17:55:05.005+0700] {processor.py:183} INFO - Processing /mnt/d/Programming/Vietnamese-Text-Generator/airflow_env/lib/python3.10/site-packages/airflow/example_dags/example_setup_teardown_taskflow.py took 0.306 seconds
[2024-05-24T17:57:22.802+0700] {processor.py:161} INFO - Started process (PID=10843) to work on /mnt/d/Programming/Vietnamese-Text-Generator/airflow_env/lib/python3.10/site-packages/airflow/example_dags/example_setup_teardown_taskflow.py
[2024-05-24T17:57:22.810+0700] {processor.py:830} INFO - Processing file /mnt/d/Programming/Vietnamese-Text-Generator/airflow_env/lib/python3.10/site-packages/airflow/example_dags/example_setup_teardown_taskflow.py for tasks to queue
[2024-05-24T17:57:22.821+0700] {logging_mixin.py:188} INFO - [2024-05-24T17:57:22.817+0700] {dagbag.py:540} INFO - Filling up the DagBag from /mnt/d/Programming/Vietnamese-Text-Generator/airflow_env/lib/python3.10/site-packages/airflow/example_dags/example_setup_teardown_taskflow.py
[2024-05-24T17:57:22.916+0700] {processor.py:840} INFO - DAG(s) 'example_setup_teardown_taskflow' retrieved from /mnt/d/Programming/Vietnamese-Text-Generator/airflow_env/lib/python3.10/site-packages/airflow/example_dags/example_setup_teardown_taskflow.py
[2024-05-24T17:57:23.016+0700] {logging_mixin.py:188} INFO - [2024-05-24T17:57:23.013+0700] {dag.py:3096} INFO - Sync 1 DAGs
[2024-05-24T17:57:23.113+0700] {logging_mixin.py:188} INFO - [2024-05-24T17:57:23.110+0700] {dag.py:3954} INFO - Setting next_dagrun for example_setup_teardown_taskflow to 2024-05-23 00:00:00+00:00, run_after=2024-05-24 00:00:00+00:00
[2024-05-24T17:57:23.298+0700] {processor.py:183} INFO - Processing /mnt/d/Programming/Vietnamese-Text-Generator/airflow_env/lib/python3.10/site-packages/airflow/example_dags/example_setup_teardown_taskflow.py took 0.548 seconds
[2024-05-24T17:59:35.521+0700] {processor.py:161} INFO - Started process (PID=11421) to work on /mnt/d/Programming/Vietnamese-Text-Generator/airflow_env/lib/python3.10/site-packages/airflow/example_dags/example_setup_teardown_taskflow.py
[2024-05-24T17:59:35.525+0700] {processor.py:830} INFO - Processing file /mnt/d/Programming/Vietnamese-Text-Generator/airflow_env/lib/python3.10/site-packages/airflow/example_dags/example_setup_teardown_taskflow.py for tasks to queue
[2024-05-24T17:59:35.535+0700] {logging_mixin.py:188} INFO - [2024-05-24T17:59:35.532+0700] {dagbag.py:540} INFO - Filling up the DagBag from /mnt/d/Programming/Vietnamese-Text-Generator/airflow_env/lib/python3.10/site-packages/airflow/example_dags/example_setup_teardown_taskflow.py
[2024-05-24T17:59:35.636+0700] {processor.py:840} INFO - DAG(s) 'example_setup_teardown_taskflow' retrieved from /mnt/d/Programming/Vietnamese-Text-Generator/airflow_env/lib/python3.10/site-packages/airflow/example_dags/example_setup_teardown_taskflow.py
[2024-05-24T17:59:35.742+0700] {logging_mixin.py:188} INFO - [2024-05-24T17:59:35.740+0700] {dag.py:3096} INFO - Sync 1 DAGs
[2024-05-24T17:59:35.855+0700] {logging_mixin.py:188} INFO - [2024-05-24T17:59:35.852+0700] {dag.py:3954} INFO - Setting next_dagrun for example_setup_teardown_taskflow to 2024-05-23 00:00:00+00:00, run_after=2024-05-24 00:00:00+00:00
[2024-05-24T17:59:35.998+0700] {processor.py:183} INFO - Processing /mnt/d/Programming/Vietnamese-Text-Generator/airflow_env/lib/python3.10/site-packages/airflow/example_dags/example_setup_teardown_taskflow.py took 0.513 seconds
[2024-05-24T18:00:45.705+0700] {processor.py:161} INFO - Started process (PID=11727) to work on /mnt/d/Programming/Vietnamese-Text-Generator/airflow_env/lib/python3.10/site-packages/airflow/example_dags/example_setup_teardown_taskflow.py
[2024-05-24T18:00:45.712+0700] {processor.py:830} INFO - Processing file /mnt/d/Programming/Vietnamese-Text-Generator/airflow_env/lib/python3.10/site-packages/airflow/example_dags/example_setup_teardown_taskflow.py for tasks to queue
[2024-05-24T18:00:45.724+0700] {logging_mixin.py:188} INFO - [2024-05-24T18:00:45.720+0700] {dagbag.py:540} INFO - Filling up the DagBag from /mnt/d/Programming/Vietnamese-Text-Generator/airflow_env/lib/python3.10/site-packages/airflow/example_dags/example_setup_teardown_taskflow.py
[2024-05-24T18:00:45.807+0700] {processor.py:840} INFO - DAG(s) 'example_setup_teardown_taskflow' retrieved from /mnt/d/Programming/Vietnamese-Text-Generator/airflow_env/lib/python3.10/site-packages/airflow/example_dags/example_setup_teardown_taskflow.py
[2024-05-24T18:00:45.936+0700] {logging_mixin.py:188} INFO - [2024-05-24T18:00:45.932+0700] {dag.py:3096} INFO - Sync 1 DAGs
[2024-05-24T18:00:46.063+0700] {logging_mixin.py:188} INFO - [2024-05-24T18:00:46.060+0700] {dag.py:3954} INFO - Setting next_dagrun for example_setup_teardown_taskflow to 2024-05-23 00:00:00+00:00, run_after=2024-05-24 00:00:00+00:00
[2024-05-24T18:00:46.270+0700] {processor.py:183} INFO - Processing /mnt/d/Programming/Vietnamese-Text-Generator/airflow_env/lib/python3.10/site-packages/airflow/example_dags/example_setup_teardown_taskflow.py took 0.609 seconds
[2024-05-24T18:03:05.765+0700] {processor.py:161} INFO - Started process (PID=12339) to work on /mnt/d/Programming/Vietnamese-Text-Generator/airflow_env/lib/python3.10/site-packages/airflow/example_dags/example_setup_teardown_taskflow.py
[2024-05-24T18:03:05.773+0700] {processor.py:830} INFO - Processing file /mnt/d/Programming/Vietnamese-Text-Generator/airflow_env/lib/python3.10/site-packages/airflow/example_dags/example_setup_teardown_taskflow.py for tasks to queue
[2024-05-24T18:03:05.785+0700] {logging_mixin.py:188} INFO - [2024-05-24T18:03:05.781+0700] {dagbag.py:540} INFO - Filling up the DagBag from /mnt/d/Programming/Vietnamese-Text-Generator/airflow_env/lib/python3.10/site-packages/airflow/example_dags/example_setup_teardown_taskflow.py
[2024-05-24T18:03:05.892+0700] {processor.py:840} INFO - DAG(s) 'example_setup_teardown_taskflow' retrieved from /mnt/d/Programming/Vietnamese-Text-Generator/airflow_env/lib/python3.10/site-packages/airflow/example_dags/example_setup_teardown_taskflow.py
[2024-05-24T18:03:06.002+0700] {logging_mixin.py:188} INFO - [2024-05-24T18:03:05.998+0700] {dag.py:3096} INFO - Sync 1 DAGs
[2024-05-24T18:03:06.119+0700] {logging_mixin.py:188} INFO - [2024-05-24T18:03:06.115+0700] {dag.py:3954} INFO - Setting next_dagrun for example_setup_teardown_taskflow to 2024-05-23 00:00:00+00:00, run_after=2024-05-24 00:00:00+00:00
[2024-05-24T18:03:06.334+0700] {processor.py:183} INFO - Processing /mnt/d/Programming/Vietnamese-Text-Generator/airflow_env/lib/python3.10/site-packages/airflow/example_dags/example_setup_teardown_taskflow.py took 0.617 seconds
[2024-05-24T18:04:19.834+0700] {processor.py:161} INFO - Started process (PID=12661) to work on /mnt/d/Programming/Vietnamese-Text-Generator/airflow_env/lib/python3.10/site-packages/airflow/example_dags/example_setup_teardown_taskflow.py
[2024-05-24T18:04:19.840+0700] {processor.py:830} INFO - Processing file /mnt/d/Programming/Vietnamese-Text-Generator/airflow_env/lib/python3.10/site-packages/airflow/example_dags/example_setup_teardown_taskflow.py for tasks to queue
[2024-05-24T18:04:19.852+0700] {logging_mixin.py:188} INFO - [2024-05-24T18:04:19.848+0700] {dagbag.py:540} INFO - Filling up the DagBag from /mnt/d/Programming/Vietnamese-Text-Generator/airflow_env/lib/python3.10/site-packages/airflow/example_dags/example_setup_teardown_taskflow.py
[2024-05-24T18:04:19.957+0700] {processor.py:840} INFO - DAG(s) 'example_setup_teardown_taskflow' retrieved from /mnt/d/Programming/Vietnamese-Text-Generator/airflow_env/lib/python3.10/site-packages/airflow/example_dags/example_setup_teardown_taskflow.py
[2024-05-24T18:04:20.057+0700] {logging_mixin.py:188} INFO - [2024-05-24T18:04:20.054+0700] {dag.py:3096} INFO - Sync 1 DAGs
[2024-05-24T18:04:20.160+0700] {logging_mixin.py:188} INFO - [2024-05-24T18:04:20.156+0700] {dag.py:3954} INFO - Setting next_dagrun for example_setup_teardown_taskflow to 2024-05-23 00:00:00+00:00, run_after=2024-05-24 00:00:00+00:00
[2024-05-24T18:04:20.359+0700] {processor.py:183} INFO - Processing /mnt/d/Programming/Vietnamese-Text-Generator/airflow_env/lib/python3.10/site-packages/airflow/example_dags/example_setup_teardown_taskflow.py took 0.571 seconds
