[2024-05-24T17:01:27.819+0700] {processor.py:161} INFO - Started process (PID=1745) to work on /mnt/d/Programming/Vietnamese-Text-Generator/airflow_env/lib/python3.10/site-packages/airflow/example_dags/example_xcom.py
[2024-05-24T17:01:27.823+0700] {processor.py:830} INFO - Processing file /mnt/d/Programming/Vietnamese-Text-Generator/airflow_env/lib/python3.10/site-packages/airflow/example_dags/example_xcom.py for tasks to queue
[2024-05-24T17:01:27.831+0700] {logging_mixin.py:188} INFO - [2024-05-24T17:01:27.829+0700] {dagbag.py:540} INFO - Filling up the DagBag from /mnt/d/Programming/Vietnamese-Text-Generator/airflow_env/lib/python3.10/site-packages/airflow/example_dags/example_xcom.py
[2024-05-24T17:01:27.997+0700] {processor.py:840} INFO - DAG(s) 'example_xcom' retrieved from /mnt/d/Programming/Vietnamese-Text-Generator/airflow_env/lib/python3.10/site-packages/airflow/example_dags/example_xcom.py
[2024-05-24T17:01:28.188+0700] {logging_mixin.py:188} INFO - [2024-05-24T17:01:28.185+0700] {dag.py:3096} INFO - Sync 1 DAGs
[2024-05-24T17:01:28.228+0700] {logging_mixin.py:188} INFO - [2024-05-24T17:01:28.227+0700] {dag.py:3954} INFO - Setting next_dagrun for example_xcom to 2021-01-01 00:00:00+00:00, run_after=2021-01-01 00:00:00+00:00
[2024-05-24T17:01:28.315+0700] {processor.py:183} INFO - Processing /mnt/d/Programming/Vietnamese-Text-Generator/airflow_env/lib/python3.10/site-packages/airflow/example_dags/example_xcom.py took 0.518 seconds
[2024-05-24T17:03:26.735+0700] {processor.py:161} INFO - Started process (PID=2253) to work on /mnt/d/Programming/Vietnamese-Text-Generator/airflow_env/lib/python3.10/site-packages/airflow/example_dags/example_xcom.py
[2024-05-24T17:03:26.741+0700] {processor.py:830} INFO - Processing file /mnt/d/Programming/Vietnamese-Text-Generator/airflow_env/lib/python3.10/site-packages/airflow/example_dags/example_xcom.py for tasks to queue
[2024-05-24T17:03:26.752+0700] {logging_mixin.py:188} INFO - [2024-05-24T17:03:26.749+0700] {dagbag.py:540} INFO - Filling up the DagBag from /mnt/d/Programming/Vietnamese-Text-Generator/airflow_env/lib/python3.10/site-packages/airflow/example_dags/example_xcom.py
[2024-05-24T17:03:26.832+0700] {processor.py:840} INFO - DAG(s) 'example_xcom' retrieved from /mnt/d/Programming/Vietnamese-Text-Generator/airflow_env/lib/python3.10/site-packages/airflow/example_dags/example_xcom.py
[2024-05-24T17:03:26.918+0700] {logging_mixin.py:188} INFO - [2024-05-24T17:03:26.915+0700] {dag.py:3096} INFO - Sync 1 DAGs
[2024-05-24T17:03:26.980+0700] {logging_mixin.py:188} INFO - [2024-05-24T17:03:26.977+0700] {dag.py:3954} INFO - Setting next_dagrun for example_xcom to 2021-01-01 00:00:00+00:00, run_after=2021-01-01 00:00:00+00:00
[2024-05-24T17:03:27.120+0700] {processor.py:183} INFO - Processing /mnt/d/Programming/Vietnamese-Text-Generator/airflow_env/lib/python3.10/site-packages/airflow/example_dags/example_xcom.py took 0.423 seconds
[2024-05-24T17:04:41.537+0700] {processor.py:161} INFO - Started process (PID=2581) to work on /mnt/d/Programming/Vietnamese-Text-Generator/airflow_env/lib/python3.10/site-packages/airflow/example_dags/example_xcom.py
[2024-05-24T17:04:41.540+0700] {processor.py:830} INFO - Processing file /mnt/d/Programming/Vietnamese-Text-Generator/airflow_env/lib/python3.10/site-packages/airflow/example_dags/example_xcom.py for tasks to queue
[2024-05-24T17:04:41.545+0700] {logging_mixin.py:188} INFO - [2024-05-24T17:04:41.543+0700] {dagbag.py:540} INFO - Filling up the DagBag from /mnt/d/Programming/Vietnamese-Text-Generator/airflow_env/lib/python3.10/site-packages/airflow/example_dags/example_xcom.py
[2024-05-24T17:04:41.584+0700] {processor.py:840} INFO - DAG(s) 'example_xcom' retrieved from /mnt/d/Programming/Vietnamese-Text-Generator/airflow_env/lib/python3.10/site-packages/airflow/example_dags/example_xcom.py
[2024-05-24T17:04:41.624+0700] {logging_mixin.py:188} INFO - [2024-05-24T17:04:41.623+0700] {dag.py:3096} INFO - Sync 1 DAGs
[2024-05-24T17:04:41.662+0700] {logging_mixin.py:188} INFO - [2024-05-24T17:04:41.661+0700] {dag.py:3954} INFO - Setting next_dagrun for example_xcom to 2021-01-01 00:00:00+00:00, run_after=2021-01-01 00:00:00+00:00
[2024-05-24T17:04:41.754+0700] {processor.py:183} INFO - Processing /mnt/d/Programming/Vietnamese-Text-Generator/airflow_env/lib/python3.10/site-packages/airflow/example_dags/example_xcom.py took 0.238 seconds
[2024-05-24T17:05:49.134+0700] {processor.py:161} INFO - Started process (PID=2877) to work on /mnt/d/Programming/Vietnamese-Text-Generator/airflow_env/lib/python3.10/site-packages/airflow/example_dags/example_xcom.py
[2024-05-24T17:05:49.145+0700] {processor.py:830} INFO - Processing file /mnt/d/Programming/Vietnamese-Text-Generator/airflow_env/lib/python3.10/site-packages/airflow/example_dags/example_xcom.py for tasks to queue
[2024-05-24T17:05:49.159+0700] {logging_mixin.py:188} INFO - [2024-05-24T17:05:49.155+0700] {dagbag.py:540} INFO - Filling up the DagBag from /mnt/d/Programming/Vietnamese-Text-Generator/airflow_env/lib/python3.10/site-packages/airflow/example_dags/example_xcom.py
[2024-05-24T17:05:49.253+0700] {processor.py:840} INFO - DAG(s) 'example_xcom' retrieved from /mnt/d/Programming/Vietnamese-Text-Generator/airflow_env/lib/python3.10/site-packages/airflow/example_dags/example_xcom.py
[2024-05-24T17:05:49.350+0700] {logging_mixin.py:188} INFO - [2024-05-24T17:05:49.347+0700] {dag.py:3096} INFO - Sync 1 DAGs
[2024-05-24T17:05:49.428+0700] {logging_mixin.py:188} INFO - [2024-05-24T17:05:49.425+0700] {dag.py:3954} INFO - Setting next_dagrun for example_xcom to 2021-01-01 00:00:00+00:00, run_after=2021-01-01 00:00:00+00:00
[2024-05-24T17:05:49.590+0700] {processor.py:183} INFO - Processing /mnt/d/Programming/Vietnamese-Text-Generator/airflow_env/lib/python3.10/site-packages/airflow/example_dags/example_xcom.py took 0.517 seconds
[2024-05-24T17:06:58.073+0700] {processor.py:161} INFO - Started process (PID=3256) to work on /mnt/d/Programming/Vietnamese-Text-Generator/airflow_env/lib/python3.10/site-packages/airflow/example_dags/example_xcom.py
[2024-05-24T17:06:58.079+0700] {processor.py:830} INFO - Processing file /mnt/d/Programming/Vietnamese-Text-Generator/airflow_env/lib/python3.10/site-packages/airflow/example_dags/example_xcom.py for tasks to queue
[2024-05-24T17:06:58.089+0700] {logging_mixin.py:188} INFO - [2024-05-24T17:06:58.086+0700] {dagbag.py:540} INFO - Filling up the DagBag from /mnt/d/Programming/Vietnamese-Text-Generator/airflow_env/lib/python3.10/site-packages/airflow/example_dags/example_xcom.py
[2024-05-24T17:06:58.169+0700] {processor.py:840} INFO - DAG(s) 'example_xcom' retrieved from /mnt/d/Programming/Vietnamese-Text-Generator/airflow_env/lib/python3.10/site-packages/airflow/example_dags/example_xcom.py
[2024-05-24T17:06:58.259+0700] {logging_mixin.py:188} INFO - [2024-05-24T17:06:58.256+0700] {dag.py:3096} INFO - Sync 1 DAGs
[2024-05-24T17:06:58.349+0700] {logging_mixin.py:188} INFO - [2024-05-24T17:06:58.344+0700] {dag.py:3954} INFO - Setting next_dagrun for example_xcom to 2021-01-01 00:00:00+00:00, run_after=2021-01-01 00:00:00+00:00
[2024-05-24T17:06:58.538+0700] {processor.py:183} INFO - Processing /mnt/d/Programming/Vietnamese-Text-Generator/airflow_env/lib/python3.10/site-packages/airflow/example_dags/example_xcom.py took 0.509 seconds
[2024-05-24T17:08:00.977+0700] {processor.py:161} INFO - Started process (PID=3532) to work on /mnt/d/Programming/Vietnamese-Text-Generator/airflow_env/lib/python3.10/site-packages/airflow/example_dags/example_xcom.py
[2024-05-24T17:08:00.984+0700] {processor.py:830} INFO - Processing file /mnt/d/Programming/Vietnamese-Text-Generator/airflow_env/lib/python3.10/site-packages/airflow/example_dags/example_xcom.py for tasks to queue
[2024-05-24T17:08:00.997+0700] {logging_mixin.py:188} INFO - [2024-05-24T17:08:00.993+0700] {dagbag.py:540} INFO - Filling up the DagBag from /mnt/d/Programming/Vietnamese-Text-Generator/airflow_env/lib/python3.10/site-packages/airflow/example_dags/example_xcom.py
[2024-05-24T17:08:01.094+0700] {processor.py:840} INFO - DAG(s) 'example_xcom' retrieved from /mnt/d/Programming/Vietnamese-Text-Generator/airflow_env/lib/python3.10/site-packages/airflow/example_dags/example_xcom.py
[2024-05-24T17:08:01.189+0700] {logging_mixin.py:188} INFO - [2024-05-24T17:08:01.187+0700] {dag.py:3096} INFO - Sync 1 DAGs
[2024-05-24T17:08:01.269+0700] {logging_mixin.py:188} INFO - [2024-05-24T17:08:01.266+0700] {dag.py:3954} INFO - Setting next_dagrun for example_xcom to 2021-01-01 00:00:00+00:00, run_after=2021-01-01 00:00:00+00:00
[2024-05-24T17:08:01.459+0700] {processor.py:183} INFO - Processing /mnt/d/Programming/Vietnamese-Text-Generator/airflow_env/lib/python3.10/site-packages/airflow/example_dags/example_xcom.py took 0.536 seconds
[2024-05-24T17:09:08.806+0700] {processor.py:161} INFO - Started process (PID=3828) to work on /mnt/d/Programming/Vietnamese-Text-Generator/airflow_env/lib/python3.10/site-packages/airflow/example_dags/example_xcom.py
[2024-05-24T17:09:08.813+0700] {processor.py:830} INFO - Processing file /mnt/d/Programming/Vietnamese-Text-Generator/airflow_env/lib/python3.10/site-packages/airflow/example_dags/example_xcom.py for tasks to queue
[2024-05-24T17:09:08.824+0700] {logging_mixin.py:188} INFO - [2024-05-24T17:09:08.820+0700] {dagbag.py:540} INFO - Filling up the DagBag from /mnt/d/Programming/Vietnamese-Text-Generator/airflow_env/lib/python3.10/site-packages/airflow/example_dags/example_xcom.py
[2024-05-24T17:09:08.944+0700] {processor.py:840} INFO - DAG(s) 'example_xcom' retrieved from /mnt/d/Programming/Vietnamese-Text-Generator/airflow_env/lib/python3.10/site-packages/airflow/example_dags/example_xcom.py
[2024-05-24T17:09:09.055+0700] {logging_mixin.py:188} INFO - [2024-05-24T17:09:09.054+0700] {dag.py:3096} INFO - Sync 1 DAGs
[2024-05-24T17:09:09.097+0700] {logging_mixin.py:188} INFO - [2024-05-24T17:09:09.096+0700] {dag.py:3954} INFO - Setting next_dagrun for example_xcom to 2021-01-01 00:00:00+00:00, run_after=2021-01-01 00:00:00+00:00
[2024-05-24T17:09:09.176+0700] {processor.py:183} INFO - Processing /mnt/d/Programming/Vietnamese-Text-Generator/airflow_env/lib/python3.10/site-packages/airflow/example_dags/example_xcom.py took 0.414 seconds
[2024-05-24T17:10:17.209+0700] {processor.py:161} INFO - Started process (PID=4127) to work on /mnt/d/Programming/Vietnamese-Text-Generator/airflow_env/lib/python3.10/site-packages/airflow/example_dags/example_xcom.py
[2024-05-24T17:10:17.215+0700] {processor.py:830} INFO - Processing file /mnt/d/Programming/Vietnamese-Text-Generator/airflow_env/lib/python3.10/site-packages/airflow/example_dags/example_xcom.py for tasks to queue
[2024-05-24T17:10:17.227+0700] {logging_mixin.py:188} INFO - [2024-05-24T17:10:17.223+0700] {dagbag.py:540} INFO - Filling up the DagBag from /mnt/d/Programming/Vietnamese-Text-Generator/airflow_env/lib/python3.10/site-packages/airflow/example_dags/example_xcom.py
[2024-05-24T17:10:17.320+0700] {processor.py:840} INFO - DAG(s) 'example_xcom' retrieved from /mnt/d/Programming/Vietnamese-Text-Generator/airflow_env/lib/python3.10/site-packages/airflow/example_dags/example_xcom.py
[2024-05-24T17:10:17.417+0700] {logging_mixin.py:188} INFO - [2024-05-24T17:10:17.414+0700] {dag.py:3096} INFO - Sync 1 DAGs
[2024-05-24T17:10:17.509+0700] {logging_mixin.py:188} INFO - [2024-05-24T17:10:17.505+0700] {dag.py:3954} INFO - Setting next_dagrun for example_xcom to 2021-01-01 00:00:00+00:00, run_after=2021-01-01 00:00:00+00:00
[2024-05-24T17:10:17.709+0700] {processor.py:183} INFO - Processing /mnt/d/Programming/Vietnamese-Text-Generator/airflow_env/lib/python3.10/site-packages/airflow/example_dags/example_xcom.py took 0.545 seconds
[2024-05-24T17:11:27.286+0700] {processor.py:161} INFO - Started process (PID=4437) to work on /mnt/d/Programming/Vietnamese-Text-Generator/airflow_env/lib/python3.10/site-packages/airflow/example_dags/example_xcom.py
[2024-05-24T17:11:27.291+0700] {processor.py:830} INFO - Processing file /mnt/d/Programming/Vietnamese-Text-Generator/airflow_env/lib/python3.10/site-packages/airflow/example_dags/example_xcom.py for tasks to queue
[2024-05-24T17:11:27.303+0700] {logging_mixin.py:188} INFO - [2024-05-24T17:11:27.299+0700] {dagbag.py:540} INFO - Filling up the DagBag from /mnt/d/Programming/Vietnamese-Text-Generator/airflow_env/lib/python3.10/site-packages/airflow/example_dags/example_xcom.py
[2024-05-24T17:11:27.397+0700] {processor.py:840} INFO - DAG(s) 'example_xcom' retrieved from /mnt/d/Programming/Vietnamese-Text-Generator/airflow_env/lib/python3.10/site-packages/airflow/example_dags/example_xcom.py
[2024-05-24T17:11:27.491+0700] {logging_mixin.py:188} INFO - [2024-05-24T17:11:27.488+0700] {dag.py:3096} INFO - Sync 1 DAGs
[2024-05-24T17:11:27.603+0700] {logging_mixin.py:188} INFO - [2024-05-24T17:11:27.599+0700] {dag.py:3954} INFO - Setting next_dagrun for example_xcom to 2021-01-01 00:00:00+00:00, run_after=2021-01-01 00:00:00+00:00
[2024-05-24T17:11:27.785+0700] {processor.py:183} INFO - Processing /mnt/d/Programming/Vietnamese-Text-Generator/airflow_env/lib/python3.10/site-packages/airflow/example_dags/example_xcom.py took 0.539 seconds
[2024-05-24T17:12:39.200+0700] {processor.py:161} INFO - Started process (PID=4749) to work on /mnt/d/Programming/Vietnamese-Text-Generator/airflow_env/lib/python3.10/site-packages/airflow/example_dags/example_xcom.py
[2024-05-24T17:12:39.206+0700] {processor.py:830} INFO - Processing file /mnt/d/Programming/Vietnamese-Text-Generator/airflow_env/lib/python3.10/site-packages/airflow/example_dags/example_xcom.py for tasks to queue
[2024-05-24T17:12:39.216+0700] {logging_mixin.py:188} INFO - [2024-05-24T17:12:39.213+0700] {dagbag.py:540} INFO - Filling up the DagBag from /mnt/d/Programming/Vietnamese-Text-Generator/airflow_env/lib/python3.10/site-packages/airflow/example_dags/example_xcom.py
[2024-05-24T17:12:39.296+0700] {processor.py:840} INFO - DAG(s) 'example_xcom' retrieved from /mnt/d/Programming/Vietnamese-Text-Generator/airflow_env/lib/python3.10/site-packages/airflow/example_dags/example_xcom.py
[2024-05-24T17:12:39.382+0700] {logging_mixin.py:188} INFO - [2024-05-24T17:12:39.379+0700] {dag.py:3096} INFO - Sync 1 DAGs
[2024-05-24T17:12:39.458+0700] {logging_mixin.py:188} INFO - [2024-05-24T17:12:39.455+0700] {dag.py:3954} INFO - Setting next_dagrun for example_xcom to 2021-01-01 00:00:00+00:00, run_after=2021-01-01 00:00:00+00:00
[2024-05-24T17:12:39.639+0700] {processor.py:183} INFO - Processing /mnt/d/Programming/Vietnamese-Text-Generator/airflow_env/lib/python3.10/site-packages/airflow/example_dags/example_xcom.py took 0.478 seconds
[2024-05-24T17:13:47.895+0700] {processor.py:161} INFO - Started process (PID=5049) to work on /mnt/d/Programming/Vietnamese-Text-Generator/airflow_env/lib/python3.10/site-packages/airflow/example_dags/example_xcom.py
[2024-05-24T17:13:47.901+0700] {processor.py:830} INFO - Processing file /mnt/d/Programming/Vietnamese-Text-Generator/airflow_env/lib/python3.10/site-packages/airflow/example_dags/example_xcom.py for tasks to queue
[2024-05-24T17:13:47.915+0700] {logging_mixin.py:188} INFO - [2024-05-24T17:13:47.911+0700] {dagbag.py:540} INFO - Filling up the DagBag from /mnt/d/Programming/Vietnamese-Text-Generator/airflow_env/lib/python3.10/site-packages/airflow/example_dags/example_xcom.py
[2024-05-24T17:13:48.004+0700] {processor.py:840} INFO - DAG(s) 'example_xcom' retrieved from /mnt/d/Programming/Vietnamese-Text-Generator/airflow_env/lib/python3.10/site-packages/airflow/example_dags/example_xcom.py
[2024-05-24T17:13:48.073+0700] {logging_mixin.py:188} INFO - [2024-05-24T17:13:48.070+0700] {dag.py:3096} INFO - Sync 1 DAGs
[2024-05-24T17:13:48.139+0700] {logging_mixin.py:188} INFO - [2024-05-24T17:13:48.136+0700] {dag.py:3954} INFO - Setting next_dagrun for example_xcom to 2021-01-01 00:00:00+00:00, run_after=2021-01-01 00:00:00+00:00
[2024-05-24T17:13:48.308+0700] {processor.py:183} INFO - Processing /mnt/d/Programming/Vietnamese-Text-Generator/airflow_env/lib/python3.10/site-packages/airflow/example_dags/example_xcom.py took 0.454 seconds
[2024-05-24T17:14:54.879+0700] {processor.py:161} INFO - Started process (PID=5341) to work on /mnt/d/Programming/Vietnamese-Text-Generator/airflow_env/lib/python3.10/site-packages/airflow/example_dags/example_xcom.py
[2024-05-24T17:14:54.885+0700] {processor.py:830} INFO - Processing file /mnt/d/Programming/Vietnamese-Text-Generator/airflow_env/lib/python3.10/site-packages/airflow/example_dags/example_xcom.py for tasks to queue
[2024-05-24T17:14:54.896+0700] {logging_mixin.py:188} INFO - [2024-05-24T17:14:54.892+0700] {dagbag.py:540} INFO - Filling up the DagBag from /mnt/d/Programming/Vietnamese-Text-Generator/airflow_env/lib/python3.10/site-packages/airflow/example_dags/example_xcom.py
[2024-05-24T17:14:54.990+0700] {processor.py:840} INFO - DAG(s) 'example_xcom' retrieved from /mnt/d/Programming/Vietnamese-Text-Generator/airflow_env/lib/python3.10/site-packages/airflow/example_dags/example_xcom.py
[2024-05-24T17:14:55.087+0700] {logging_mixin.py:188} INFO - [2024-05-24T17:14:55.083+0700] {dag.py:3096} INFO - Sync 1 DAGs
[2024-05-24T17:14:55.173+0700] {logging_mixin.py:188} INFO - [2024-05-24T17:14:55.170+0700] {dag.py:3954} INFO - Setting next_dagrun for example_xcom to 2021-01-01 00:00:00+00:00, run_after=2021-01-01 00:00:00+00:00
[2024-05-24T17:14:55.386+0700] {processor.py:183} INFO - Processing /mnt/d/Programming/Vietnamese-Text-Generator/airflow_env/lib/python3.10/site-packages/airflow/example_dags/example_xcom.py took 0.544 seconds
[2024-05-24T17:16:04.956+0700] {processor.py:161} INFO - Started process (PID=5649) to work on /mnt/d/Programming/Vietnamese-Text-Generator/airflow_env/lib/python3.10/site-packages/airflow/example_dags/example_xcom.py
[2024-05-24T17:16:04.962+0700] {processor.py:830} INFO - Processing file /mnt/d/Programming/Vietnamese-Text-Generator/airflow_env/lib/python3.10/site-packages/airflow/example_dags/example_xcom.py for tasks to queue
[2024-05-24T17:16:04.974+0700] {logging_mixin.py:188} INFO - [2024-05-24T17:16:04.970+0700] {dagbag.py:540} INFO - Filling up the DagBag from /mnt/d/Programming/Vietnamese-Text-Generator/airflow_env/lib/python3.10/site-packages/airflow/example_dags/example_xcom.py
[2024-05-24T17:16:05.070+0700] {processor.py:840} INFO - DAG(s) 'example_xcom' retrieved from /mnt/d/Programming/Vietnamese-Text-Generator/airflow_env/lib/python3.10/site-packages/airflow/example_dags/example_xcom.py
[2024-05-24T17:16:05.151+0700] {logging_mixin.py:188} INFO - [2024-05-24T17:16:05.149+0700] {dag.py:3096} INFO - Sync 1 DAGs
[2024-05-24T17:16:05.213+0700] {logging_mixin.py:188} INFO - [2024-05-24T17:16:05.210+0700] {dag.py:3954} INFO - Setting next_dagrun for example_xcom to 2021-01-01 00:00:00+00:00, run_after=2021-01-01 00:00:00+00:00
[2024-05-24T17:16:05.375+0700] {processor.py:183} INFO - Processing /mnt/d/Programming/Vietnamese-Text-Generator/airflow_env/lib/python3.10/site-packages/airflow/example_dags/example_xcom.py took 0.464 seconds
[2024-05-24T17:17:18.284+0700] {processor.py:161} INFO - Started process (PID=5966) to work on /mnt/d/Programming/Vietnamese-Text-Generator/airflow_env/lib/python3.10/site-packages/airflow/example_dags/example_xcom.py
[2024-05-24T17:17:18.290+0700] {processor.py:830} INFO - Processing file /mnt/d/Programming/Vietnamese-Text-Generator/airflow_env/lib/python3.10/site-packages/airflow/example_dags/example_xcom.py for tasks to queue
[2024-05-24T17:17:18.301+0700] {logging_mixin.py:188} INFO - [2024-05-24T17:17:18.297+0700] {dagbag.py:540} INFO - Filling up the DagBag from /mnt/d/Programming/Vietnamese-Text-Generator/airflow_env/lib/python3.10/site-packages/airflow/example_dags/example_xcom.py
[2024-05-24T17:17:18.382+0700] {processor.py:840} INFO - DAG(s) 'example_xcom' retrieved from /mnt/d/Programming/Vietnamese-Text-Generator/airflow_env/lib/python3.10/site-packages/airflow/example_dags/example_xcom.py
[2024-05-24T17:17:18.470+0700] {logging_mixin.py:188} INFO - [2024-05-24T17:17:18.468+0700] {dag.py:3096} INFO - Sync 1 DAGs
[2024-05-24T17:17:18.549+0700] {logging_mixin.py:188} INFO - [2024-05-24T17:17:18.546+0700] {dag.py:3954} INFO - Setting next_dagrun for example_xcom to 2021-01-01 00:00:00+00:00, run_after=2021-01-01 00:00:00+00:00
[2024-05-24T17:17:18.738+0700] {processor.py:183} INFO - Processing /mnt/d/Programming/Vietnamese-Text-Generator/airflow_env/lib/python3.10/site-packages/airflow/example_dags/example_xcom.py took 0.499 seconds
[2024-05-24T17:18:30.443+0700] {processor.py:161} INFO - Started process (PID=6288) to work on /mnt/d/Programming/Vietnamese-Text-Generator/airflow_env/lib/python3.10/site-packages/airflow/example_dags/example_xcom.py
[2024-05-24T17:18:30.446+0700] {processor.py:830} INFO - Processing file /mnt/d/Programming/Vietnamese-Text-Generator/airflow_env/lib/python3.10/site-packages/airflow/example_dags/example_xcom.py for tasks to queue
[2024-05-24T17:18:30.450+0700] {logging_mixin.py:188} INFO - [2024-05-24T17:18:30.449+0700] {dagbag.py:540} INFO - Filling up the DagBag from /mnt/d/Programming/Vietnamese-Text-Generator/airflow_env/lib/python3.10/site-packages/airflow/example_dags/example_xcom.py
[2024-05-24T17:18:30.483+0700] {processor.py:840} INFO - DAG(s) 'example_xcom' retrieved from /mnt/d/Programming/Vietnamese-Text-Generator/airflow_env/lib/python3.10/site-packages/airflow/example_dags/example_xcom.py
[2024-05-24T17:18:30.521+0700] {logging_mixin.py:188} INFO - [2024-05-24T17:18:30.520+0700] {dag.py:3096} INFO - Sync 1 DAGs
[2024-05-24T17:18:30.554+0700] {logging_mixin.py:188} INFO - [2024-05-24T17:18:30.553+0700] {dag.py:3954} INFO - Setting next_dagrun for example_xcom to 2021-01-01 00:00:00+00:00, run_after=2021-01-01 00:00:00+00:00
[2024-05-24T17:18:30.663+0700] {processor.py:183} INFO - Processing /mnt/d/Programming/Vietnamese-Text-Generator/airflow_env/lib/python3.10/site-packages/airflow/example_dags/example_xcom.py took 0.237 seconds
[2024-05-24T17:19:39.173+0700] {processor.py:161} INFO - Started process (PID=6586) to work on /mnt/d/Programming/Vietnamese-Text-Generator/airflow_env/lib/python3.10/site-packages/airflow/example_dags/example_xcom.py
[2024-05-24T17:19:39.181+0700] {processor.py:830} INFO - Processing file /mnt/d/Programming/Vietnamese-Text-Generator/airflow_env/lib/python3.10/site-packages/airflow/example_dags/example_xcom.py for tasks to queue
[2024-05-24T17:19:39.191+0700] {logging_mixin.py:188} INFO - [2024-05-24T17:19:39.188+0700] {dagbag.py:540} INFO - Filling up the DagBag from /mnt/d/Programming/Vietnamese-Text-Generator/airflow_env/lib/python3.10/site-packages/airflow/example_dags/example_xcom.py
[2024-05-24T17:19:39.260+0700] {processor.py:840} INFO - DAG(s) 'example_xcom' retrieved from /mnt/d/Programming/Vietnamese-Text-Generator/airflow_env/lib/python3.10/site-packages/airflow/example_dags/example_xcom.py
[2024-05-24T17:19:39.341+0700] {logging_mixin.py:188} INFO - [2024-05-24T17:19:39.338+0700] {dag.py:3096} INFO - Sync 1 DAGs
[2024-05-24T17:19:39.426+0700] {logging_mixin.py:188} INFO - [2024-05-24T17:19:39.422+0700] {dag.py:3954} INFO - Setting next_dagrun for example_xcom to 2021-01-01 00:00:00+00:00, run_after=2021-01-01 00:00:00+00:00
[2024-05-24T17:19:39.624+0700] {processor.py:183} INFO - Processing /mnt/d/Programming/Vietnamese-Text-Generator/airflow_env/lib/python3.10/site-packages/airflow/example_dags/example_xcom.py took 0.492 seconds
[2024-05-24T17:20:45.887+0700] {processor.py:161} INFO - Started process (PID=6881) to work on /mnt/d/Programming/Vietnamese-Text-Generator/airflow_env/lib/python3.10/site-packages/airflow/example_dags/example_xcom.py
[2024-05-24T17:20:45.895+0700] {processor.py:830} INFO - Processing file /mnt/d/Programming/Vietnamese-Text-Generator/airflow_env/lib/python3.10/site-packages/airflow/example_dags/example_xcom.py for tasks to queue
[2024-05-24T17:20:45.912+0700] {logging_mixin.py:188} INFO - [2024-05-24T17:20:45.907+0700] {dagbag.py:540} INFO - Filling up the DagBag from /mnt/d/Programming/Vietnamese-Text-Generator/airflow_env/lib/python3.10/site-packages/airflow/example_dags/example_xcom.py
[2024-05-24T17:20:46.022+0700] {processor.py:840} INFO - DAG(s) 'example_xcom' retrieved from /mnt/d/Programming/Vietnamese-Text-Generator/airflow_env/lib/python3.10/site-packages/airflow/example_dags/example_xcom.py
[2024-05-24T17:20:46.115+0700] {logging_mixin.py:188} INFO - [2024-05-24T17:20:46.112+0700] {dag.py:3096} INFO - Sync 1 DAGs
[2024-05-24T17:20:46.180+0700] {logging_mixin.py:188} INFO - [2024-05-24T17:20:46.177+0700] {dag.py:3954} INFO - Setting next_dagrun for example_xcom to 2021-01-01 00:00:00+00:00, run_after=2021-01-01 00:00:00+00:00
[2024-05-24T17:20:46.355+0700] {processor.py:183} INFO - Processing /mnt/d/Programming/Vietnamese-Text-Generator/airflow_env/lib/python3.10/site-packages/airflow/example_dags/example_xcom.py took 0.521 seconds
[2024-05-24T17:21:52.864+0700] {processor.py:161} INFO - Started process (PID=7170) to work on /mnt/d/Programming/Vietnamese-Text-Generator/airflow_env/lib/python3.10/site-packages/airflow/example_dags/example_xcom.py
[2024-05-24T17:21:52.870+0700] {processor.py:830} INFO - Processing file /mnt/d/Programming/Vietnamese-Text-Generator/airflow_env/lib/python3.10/site-packages/airflow/example_dags/example_xcom.py for tasks to queue
[2024-05-24T17:21:52.881+0700] {logging_mixin.py:188} INFO - [2024-05-24T17:21:52.878+0700] {dagbag.py:540} INFO - Filling up the DagBag from /mnt/d/Programming/Vietnamese-Text-Generator/airflow_env/lib/python3.10/site-packages/airflow/example_dags/example_xcom.py
[2024-05-24T17:21:52.960+0700] {processor.py:840} INFO - DAG(s) 'example_xcom' retrieved from /mnt/d/Programming/Vietnamese-Text-Generator/airflow_env/lib/python3.10/site-packages/airflow/example_dags/example_xcom.py
[2024-05-24T17:21:53.044+0700] {logging_mixin.py:188} INFO - [2024-05-24T17:21:53.042+0700] {dag.py:3096} INFO - Sync 1 DAGs
[2024-05-24T17:21:53.121+0700] {logging_mixin.py:188} INFO - [2024-05-24T17:21:53.118+0700] {dag.py:3954} INFO - Setting next_dagrun for example_xcom to 2021-01-01 00:00:00+00:00, run_after=2021-01-01 00:00:00+00:00
[2024-05-24T17:21:53.335+0700] {processor.py:183} INFO - Processing /mnt/d/Programming/Vietnamese-Text-Generator/airflow_env/lib/python3.10/site-packages/airflow/example_dags/example_xcom.py took 0.511 seconds
[2024-05-24T17:22:59.048+0700] {processor.py:161} INFO - Started process (PID=7458) to work on /mnt/d/Programming/Vietnamese-Text-Generator/airflow_env/lib/python3.10/site-packages/airflow/example_dags/example_xcom.py
[2024-05-24T17:22:59.054+0700] {processor.py:830} INFO - Processing file /mnt/d/Programming/Vietnamese-Text-Generator/airflow_env/lib/python3.10/site-packages/airflow/example_dags/example_xcom.py for tasks to queue
[2024-05-24T17:22:59.066+0700] {logging_mixin.py:188} INFO - [2024-05-24T17:22:59.062+0700] {dagbag.py:540} INFO - Filling up the DagBag from /mnt/d/Programming/Vietnamese-Text-Generator/airflow_env/lib/python3.10/site-packages/airflow/example_dags/example_xcom.py
[2024-05-24T17:22:59.162+0700] {processor.py:840} INFO - DAG(s) 'example_xcom' retrieved from /mnt/d/Programming/Vietnamese-Text-Generator/airflow_env/lib/python3.10/site-packages/airflow/example_dags/example_xcom.py
[2024-05-24T17:22:59.262+0700] {logging_mixin.py:188} INFO - [2024-05-24T17:22:59.258+0700] {dag.py:3096} INFO - Sync 1 DAGs
[2024-05-24T17:22:59.348+0700] {logging_mixin.py:188} INFO - [2024-05-24T17:22:59.345+0700] {dag.py:3954} INFO - Setting next_dagrun for example_xcom to 2021-01-01 00:00:00+00:00, run_after=2021-01-01 00:00:00+00:00
[2024-05-24T17:22:59.563+0700] {processor.py:183} INFO - Processing /mnt/d/Programming/Vietnamese-Text-Generator/airflow_env/lib/python3.10/site-packages/airflow/example_dags/example_xcom.py took 0.559 seconds
[2024-05-24T17:24:04.416+0700] {processor.py:161} INFO - Started process (PID=7745) to work on /mnt/d/Programming/Vietnamese-Text-Generator/airflow_env/lib/python3.10/site-packages/airflow/example_dags/example_xcom.py
[2024-05-24T17:24:04.423+0700] {processor.py:830} INFO - Processing file /mnt/d/Programming/Vietnamese-Text-Generator/airflow_env/lib/python3.10/site-packages/airflow/example_dags/example_xcom.py for tasks to queue
[2024-05-24T17:24:04.433+0700] {logging_mixin.py:188} INFO - [2024-05-24T17:24:04.430+0700] {dagbag.py:540} INFO - Filling up the DagBag from /mnt/d/Programming/Vietnamese-Text-Generator/airflow_env/lib/python3.10/site-packages/airflow/example_dags/example_xcom.py
[2024-05-24T17:24:04.509+0700] {processor.py:840} INFO - DAG(s) 'example_xcom' retrieved from /mnt/d/Programming/Vietnamese-Text-Generator/airflow_env/lib/python3.10/site-packages/airflow/example_dags/example_xcom.py
[2024-05-24T17:24:04.596+0700] {logging_mixin.py:188} INFO - [2024-05-24T17:24:04.594+0700] {dag.py:3096} INFO - Sync 1 DAGs
[2024-05-24T17:24:04.677+0700] {logging_mixin.py:188} INFO - [2024-05-24T17:24:04.673+0700] {dag.py:3954} INFO - Setting next_dagrun for example_xcom to 2021-01-01 00:00:00+00:00, run_after=2021-01-01 00:00:00+00:00
[2024-05-24T17:24:04.896+0700] {processor.py:183} INFO - Processing /mnt/d/Programming/Vietnamese-Text-Generator/airflow_env/lib/python3.10/site-packages/airflow/example_dags/example_xcom.py took 0.527 seconds
[2024-05-24T17:46:53.686+0700] {processor.py:161} INFO - Started process (PID=8062) to work on /mnt/d/Programming/Vietnamese-Text-Generator/airflow_env/lib/python3.10/site-packages/airflow/example_dags/example_xcom.py
[2024-05-24T17:46:53.689+0700] {processor.py:830} INFO - Processing file /mnt/d/Programming/Vietnamese-Text-Generator/airflow_env/lib/python3.10/site-packages/airflow/example_dags/example_xcom.py for tasks to queue
[2024-05-24T17:46:53.694+0700] {logging_mixin.py:188} INFO - [2024-05-24T17:46:53.692+0700] {dagbag.py:540} INFO - Filling up the DagBag from /mnt/d/Programming/Vietnamese-Text-Generator/airflow_env/lib/python3.10/site-packages/airflow/example_dags/example_xcom.py
[2024-05-24T17:46:53.718+0700] {processor.py:840} INFO - DAG(s) 'example_xcom' retrieved from /mnt/d/Programming/Vietnamese-Text-Generator/airflow_env/lib/python3.10/site-packages/airflow/example_dags/example_xcom.py
[2024-05-24T17:46:53.757+0700] {logging_mixin.py:188} INFO - [2024-05-24T17:46:53.756+0700] {dag.py:3096} INFO - Sync 1 DAGs
[2024-05-24T17:46:53.788+0700] {logging_mixin.py:188} INFO - [2024-05-24T17:46:53.787+0700] {dag.py:3954} INFO - Setting next_dagrun for example_xcom to 2021-01-01 00:00:00+00:00, run_after=2021-01-01 00:00:00+00:00
[2024-05-24T17:46:53.857+0700] {processor.py:183} INFO - Processing /mnt/d/Programming/Vietnamese-Text-Generator/airflow_env/lib/python3.10/site-packages/airflow/example_dags/example_xcom.py took 0.187 seconds
[2024-05-24T17:48:01.196+0700] {processor.py:161} INFO - Started process (PID=8390) to work on /mnt/d/Programming/Vietnamese-Text-Generator/airflow_env/lib/python3.10/site-packages/airflow/example_dags/example_xcom.py
[2024-05-24T17:48:01.202+0700] {processor.py:830} INFO - Processing file /mnt/d/Programming/Vietnamese-Text-Generator/airflow_env/lib/python3.10/site-packages/airflow/example_dags/example_xcom.py for tasks to queue
[2024-05-24T17:48:01.215+0700] {logging_mixin.py:188} INFO - [2024-05-24T17:48:01.211+0700] {dagbag.py:540} INFO - Filling up the DagBag from /mnt/d/Programming/Vietnamese-Text-Generator/airflow_env/lib/python3.10/site-packages/airflow/example_dags/example_xcom.py
[2024-05-24T17:48:01.324+0700] {processor.py:840} INFO - DAG(s) 'example_xcom' retrieved from /mnt/d/Programming/Vietnamese-Text-Generator/airflow_env/lib/python3.10/site-packages/airflow/example_dags/example_xcom.py
[2024-05-24T17:48:01.431+0700] {logging_mixin.py:188} INFO - [2024-05-24T17:48:01.427+0700] {dag.py:3096} INFO - Sync 1 DAGs
[2024-05-24T17:48:01.527+0700] {logging_mixin.py:188} INFO - [2024-05-24T17:48:01.524+0700] {dag.py:3954} INFO - Setting next_dagrun for example_xcom to 2021-01-01 00:00:00+00:00, run_after=2021-01-01 00:00:00+00:00
[2024-05-24T17:48:01.745+0700] {processor.py:183} INFO - Processing /mnt/d/Programming/Vietnamese-Text-Generator/airflow_env/lib/python3.10/site-packages/airflow/example_dags/example_xcom.py took 0.596 seconds
[2024-05-24T17:49:04.325+0700] {processor.py:161} INFO - Started process (PID=8665) to work on /mnt/d/Programming/Vietnamese-Text-Generator/airflow_env/lib/python3.10/site-packages/airflow/example_dags/example_xcom.py
[2024-05-24T17:49:04.330+0700] {processor.py:830} INFO - Processing file /mnt/d/Programming/Vietnamese-Text-Generator/airflow_env/lib/python3.10/site-packages/airflow/example_dags/example_xcom.py for tasks to queue
[2024-05-24T17:49:04.340+0700] {logging_mixin.py:188} INFO - [2024-05-24T17:49:04.337+0700] {dagbag.py:540} INFO - Filling up the DagBag from /mnt/d/Programming/Vietnamese-Text-Generator/airflow_env/lib/python3.10/site-packages/airflow/example_dags/example_xcom.py
[2024-05-24T17:49:04.407+0700] {processor.py:840} INFO - DAG(s) 'example_xcom' retrieved from /mnt/d/Programming/Vietnamese-Text-Generator/airflow_env/lib/python3.10/site-packages/airflow/example_dags/example_xcom.py
[2024-05-24T17:49:04.492+0700] {logging_mixin.py:188} INFO - [2024-05-24T17:49:04.488+0700] {dag.py:3096} INFO - Sync 1 DAGs
[2024-05-24T17:49:04.569+0700] {logging_mixin.py:188} INFO - [2024-05-24T17:49:04.566+0700] {dag.py:3954} INFO - Setting next_dagrun for example_xcom to 2021-01-01 00:00:00+00:00, run_after=2021-01-01 00:00:00+00:00
[2024-05-24T17:49:04.751+0700] {processor.py:183} INFO - Processing /mnt/d/Programming/Vietnamese-Text-Generator/airflow_env/lib/python3.10/site-packages/airflow/example_dags/example_xcom.py took 0.462 seconds
[2024-05-24T17:50:07.519+0700] {processor.py:161} INFO - Started process (PID=8944) to work on /mnt/d/Programming/Vietnamese-Text-Generator/airflow_env/lib/python3.10/site-packages/airflow/example_dags/example_xcom.py
[2024-05-24T17:50:07.524+0700] {processor.py:830} INFO - Processing file /mnt/d/Programming/Vietnamese-Text-Generator/airflow_env/lib/python3.10/site-packages/airflow/example_dags/example_xcom.py for tasks to queue
[2024-05-24T17:50:07.531+0700] {logging_mixin.py:188} INFO - [2024-05-24T17:50:07.529+0700] {dagbag.py:540} INFO - Filling up the DagBag from /mnt/d/Programming/Vietnamese-Text-Generator/airflow_env/lib/python3.10/site-packages/airflow/example_dags/example_xcom.py
[2024-05-24T17:50:07.580+0700] {processor.py:840} INFO - DAG(s) 'example_xcom' retrieved from /mnt/d/Programming/Vietnamese-Text-Generator/airflow_env/lib/python3.10/site-packages/airflow/example_dags/example_xcom.py
[2024-05-24T17:50:07.639+0700] {logging_mixin.py:188} INFO - [2024-05-24T17:50:07.637+0700] {dag.py:3096} INFO - Sync 1 DAGs
[2024-05-24T17:50:07.677+0700] {logging_mixin.py:188} INFO - [2024-05-24T17:50:07.676+0700] {dag.py:3954} INFO - Setting next_dagrun for example_xcom to 2021-01-01 00:00:00+00:00, run_after=2021-01-01 00:00:00+00:00
[2024-05-24T17:50:07.742+0700] {processor.py:183} INFO - Processing /mnt/d/Programming/Vietnamese-Text-Generator/airflow_env/lib/python3.10/site-packages/airflow/example_dags/example_xcom.py took 0.249 seconds
[2024-05-24T17:51:14.167+0700] {processor.py:161} INFO - Started process (PID=9231) to work on /mnt/d/Programming/Vietnamese-Text-Generator/airflow_env/lib/python3.10/site-packages/airflow/example_dags/example_xcom.py
[2024-05-24T17:51:14.174+0700] {processor.py:830} INFO - Processing file /mnt/d/Programming/Vietnamese-Text-Generator/airflow_env/lib/python3.10/site-packages/airflow/example_dags/example_xcom.py for tasks to queue
[2024-05-24T17:51:14.185+0700] {logging_mixin.py:188} INFO - [2024-05-24T17:51:14.181+0700] {dagbag.py:540} INFO - Filling up the DagBag from /mnt/d/Programming/Vietnamese-Text-Generator/airflow_env/lib/python3.10/site-packages/airflow/example_dags/example_xcom.py
[2024-05-24T17:51:14.287+0700] {processor.py:840} INFO - DAG(s) 'example_xcom' retrieved from /mnt/d/Programming/Vietnamese-Text-Generator/airflow_env/lib/python3.10/site-packages/airflow/example_dags/example_xcom.py
[2024-05-24T17:51:14.381+0700] {logging_mixin.py:188} INFO - [2024-05-24T17:51:14.379+0700] {dag.py:3096} INFO - Sync 1 DAGs
[2024-05-24T17:51:14.439+0700] {logging_mixin.py:188} INFO - [2024-05-24T17:51:14.437+0700] {dag.py:3954} INFO - Setting next_dagrun for example_xcom to 2021-01-01 00:00:00+00:00, run_after=2021-01-01 00:00:00+00:00
[2024-05-24T17:51:14.582+0700] {processor.py:183} INFO - Processing /mnt/d/Programming/Vietnamese-Text-Generator/airflow_env/lib/python3.10/site-packages/airflow/example_dags/example_xcom.py took 0.458 seconds
[2024-05-24T17:52:26.177+0700] {processor.py:161} INFO - Started process (PID=9550) to work on /mnt/d/Programming/Vietnamese-Text-Generator/airflow_env/lib/python3.10/site-packages/airflow/example_dags/example_xcom.py
[2024-05-24T17:52:26.180+0700] {processor.py:830} INFO - Processing file /mnt/d/Programming/Vietnamese-Text-Generator/airflow_env/lib/python3.10/site-packages/airflow/example_dags/example_xcom.py for tasks to queue
[2024-05-24T17:52:26.187+0700] {logging_mixin.py:188} INFO - [2024-05-24T17:52:26.185+0700] {dagbag.py:540} INFO - Filling up the DagBag from /mnt/d/Programming/Vietnamese-Text-Generator/airflow_env/lib/python3.10/site-packages/airflow/example_dags/example_xcom.py
[2024-05-24T17:52:26.233+0700] {processor.py:840} INFO - DAG(s) 'example_xcom' retrieved from /mnt/d/Programming/Vietnamese-Text-Generator/airflow_env/lib/python3.10/site-packages/airflow/example_dags/example_xcom.py
[2024-05-24T17:52:26.280+0700] {logging_mixin.py:188} INFO - [2024-05-24T17:52:26.279+0700] {dag.py:3096} INFO - Sync 1 DAGs
[2024-05-24T17:52:26.307+0700] {logging_mixin.py:188} INFO - [2024-05-24T17:52:26.306+0700] {dag.py:3954} INFO - Setting next_dagrun for example_xcom to 2021-01-01 00:00:00+00:00, run_after=2021-01-01 00:00:00+00:00
[2024-05-24T17:52:26.423+0700] {processor.py:183} INFO - Processing /mnt/d/Programming/Vietnamese-Text-Generator/airflow_env/lib/python3.10/site-packages/airflow/example_dags/example_xcom.py took 0.270 seconds
[2024-05-24T17:53:33.525+0700] {processor.py:161} INFO - Started process (PID=9844) to work on /mnt/d/Programming/Vietnamese-Text-Generator/airflow_env/lib/python3.10/site-packages/airflow/example_dags/example_xcom.py
[2024-05-24T17:53:33.530+0700] {processor.py:830} INFO - Processing file /mnt/d/Programming/Vietnamese-Text-Generator/airflow_env/lib/python3.10/site-packages/airflow/example_dags/example_xcom.py for tasks to queue
[2024-05-24T17:53:33.540+0700] {logging_mixin.py:188} INFO - [2024-05-24T17:53:33.537+0700] {dagbag.py:540} INFO - Filling up the DagBag from /mnt/d/Programming/Vietnamese-Text-Generator/airflow_env/lib/python3.10/site-packages/airflow/example_dags/example_xcom.py
[2024-05-24T17:53:33.618+0700] {processor.py:840} INFO - DAG(s) 'example_xcom' retrieved from /mnt/d/Programming/Vietnamese-Text-Generator/airflow_env/lib/python3.10/site-packages/airflow/example_dags/example_xcom.py
[2024-05-24T17:53:33.708+0700] {logging_mixin.py:188} INFO - [2024-05-24T17:53:33.705+0700] {dag.py:3096} INFO - Sync 1 DAGs
[2024-05-24T17:53:33.786+0700] {logging_mixin.py:188} INFO - [2024-05-24T17:53:33.783+0700] {dag.py:3954} INFO - Setting next_dagrun for example_xcom to 2021-01-01 00:00:00+00:00, run_after=2021-01-01 00:00:00+00:00
[2024-05-24T17:53:33.968+0700] {processor.py:183} INFO - Processing /mnt/d/Programming/Vietnamese-Text-Generator/airflow_env/lib/python3.10/site-packages/airflow/example_dags/example_xcom.py took 0.489 seconds
[2024-05-24T17:54:43.757+0700] {processor.py:161} INFO - Started process (PID=10149) to work on /mnt/d/Programming/Vietnamese-Text-Generator/airflow_env/lib/python3.10/site-packages/airflow/example_dags/example_xcom.py
[2024-05-24T17:54:43.764+0700] {processor.py:830} INFO - Processing file /mnt/d/Programming/Vietnamese-Text-Generator/airflow_env/lib/python3.10/site-packages/airflow/example_dags/example_xcom.py for tasks to queue
[2024-05-24T17:54:43.775+0700] {logging_mixin.py:188} INFO - [2024-05-24T17:54:43.771+0700] {dagbag.py:540} INFO - Filling up the DagBag from /mnt/d/Programming/Vietnamese-Text-Generator/airflow_env/lib/python3.10/site-packages/airflow/example_dags/example_xcom.py
[2024-05-24T17:54:43.870+0700] {processor.py:840} INFO - DAG(s) 'example_xcom' retrieved from /mnt/d/Programming/Vietnamese-Text-Generator/airflow_env/lib/python3.10/site-packages/airflow/example_dags/example_xcom.py
[2024-05-24T17:54:43.972+0700] {logging_mixin.py:188} INFO - [2024-05-24T17:54:43.969+0700] {dag.py:3096} INFO - Sync 1 DAGs
[2024-05-24T17:54:44.059+0700] {logging_mixin.py:188} INFO - [2024-05-24T17:54:44.056+0700] {dag.py:3954} INFO - Setting next_dagrun for example_xcom to 2021-01-01 00:00:00+00:00, run_after=2021-01-01 00:00:00+00:00
[2024-05-24T17:54:44.277+0700] {processor.py:183} INFO - Processing /mnt/d/Programming/Vietnamese-Text-Generator/airflow_env/lib/python3.10/site-packages/airflow/example_dags/example_xcom.py took 0.564 seconds
[2024-05-24T17:55:53.258+0700] {processor.py:161} INFO - Started process (PID=10454) to work on /mnt/d/Programming/Vietnamese-Text-Generator/airflow_env/lib/python3.10/site-packages/airflow/example_dags/example_xcom.py
[2024-05-24T17:55:53.263+0700] {processor.py:830} INFO - Processing file /mnt/d/Programming/Vietnamese-Text-Generator/airflow_env/lib/python3.10/site-packages/airflow/example_dags/example_xcom.py for tasks to queue
[2024-05-24T17:55:53.273+0700] {logging_mixin.py:188} INFO - [2024-05-24T17:55:53.270+0700] {dagbag.py:540} INFO - Filling up the DagBag from /mnt/d/Programming/Vietnamese-Text-Generator/airflow_env/lib/python3.10/site-packages/airflow/example_dags/example_xcom.py
[2024-05-24T17:55:53.350+0700] {processor.py:840} INFO - DAG(s) 'example_xcom' retrieved from /mnt/d/Programming/Vietnamese-Text-Generator/airflow_env/lib/python3.10/site-packages/airflow/example_dags/example_xcom.py
[2024-05-24T17:55:53.436+0700] {logging_mixin.py:188} INFO - [2024-05-24T17:55:53.434+0700] {dag.py:3096} INFO - Sync 1 DAGs
[2024-05-24T17:55:53.513+0700] {logging_mixin.py:188} INFO - [2024-05-24T17:55:53.510+0700] {dag.py:3954} INFO - Setting next_dagrun for example_xcom to 2021-01-01 00:00:00+00:00, run_after=2021-01-01 00:00:00+00:00
[2024-05-24T17:55:53.693+0700] {processor.py:183} INFO - Processing /mnt/d/Programming/Vietnamese-Text-Generator/airflow_env/lib/python3.10/site-packages/airflow/example_dags/example_xcom.py took 0.473 seconds
[2024-05-24T17:57:03.522+0700] {processor.py:161} INFO - Started process (PID=10760) to work on /mnt/d/Programming/Vietnamese-Text-Generator/airflow_env/lib/python3.10/site-packages/airflow/example_dags/example_xcom.py
[2024-05-24T17:57:03.526+0700] {processor.py:830} INFO - Processing file /mnt/d/Programming/Vietnamese-Text-Generator/airflow_env/lib/python3.10/site-packages/airflow/example_dags/example_xcom.py for tasks to queue
[2024-05-24T17:57:03.536+0700] {logging_mixin.py:188} INFO - [2024-05-24T17:57:03.533+0700] {dagbag.py:540} INFO - Filling up the DagBag from /mnt/d/Programming/Vietnamese-Text-Generator/airflow_env/lib/python3.10/site-packages/airflow/example_dags/example_xcom.py
[2024-05-24T17:57:03.605+0700] {processor.py:840} INFO - DAG(s) 'example_xcom' retrieved from /mnt/d/Programming/Vietnamese-Text-Generator/airflow_env/lib/python3.10/site-packages/airflow/example_dags/example_xcom.py
[2024-05-24T17:57:03.688+0700] {logging_mixin.py:188} INFO - [2024-05-24T17:57:03.686+0700] {dag.py:3096} INFO - Sync 1 DAGs
[2024-05-24T17:57:03.761+0700] {logging_mixin.py:188} INFO - [2024-05-24T17:57:03.759+0700] {dag.py:3954} INFO - Setting next_dagrun for example_xcom to 2021-01-01 00:00:00+00:00, run_after=2021-01-01 00:00:00+00:00
[2024-05-24T17:57:03.929+0700] {processor.py:183} INFO - Processing /mnt/d/Programming/Vietnamese-Text-Generator/airflow_env/lib/python3.10/site-packages/airflow/example_dags/example_xcom.py took 0.443 seconds
[2024-05-24T17:58:12.277+0700] {processor.py:161} INFO - Started process (PID=11059) to work on /mnt/d/Programming/Vietnamese-Text-Generator/airflow_env/lib/python3.10/site-packages/airflow/example_dags/example_xcom.py
[2024-05-24T17:58:12.283+0700] {processor.py:830} INFO - Processing file /mnt/d/Programming/Vietnamese-Text-Generator/airflow_env/lib/python3.10/site-packages/airflow/example_dags/example_xcom.py for tasks to queue
[2024-05-24T17:58:12.293+0700] {logging_mixin.py:188} INFO - [2024-05-24T17:58:12.289+0700] {dagbag.py:540} INFO - Filling up the DagBag from /mnt/d/Programming/Vietnamese-Text-Generator/airflow_env/lib/python3.10/site-packages/airflow/example_dags/example_xcom.py
[2024-05-24T17:58:12.370+0700] {processor.py:840} INFO - DAG(s) 'example_xcom' retrieved from /mnt/d/Programming/Vietnamese-Text-Generator/airflow_env/lib/python3.10/site-packages/airflow/example_dags/example_xcom.py
[2024-05-24T17:58:12.465+0700] {logging_mixin.py:188} INFO - [2024-05-24T17:58:12.462+0700] {dag.py:3096} INFO - Sync 1 DAGs
[2024-05-24T17:58:12.544+0700] {logging_mixin.py:188} INFO - [2024-05-24T17:58:12.541+0700] {dag.py:3954} INFO - Setting next_dagrun for example_xcom to 2021-01-01 00:00:00+00:00, run_after=2021-01-01 00:00:00+00:00
[2024-05-24T17:58:12.724+0700] {processor.py:183} INFO - Processing /mnt/d/Programming/Vietnamese-Text-Generator/airflow_env/lib/python3.10/site-packages/airflow/example_dags/example_xcom.py took 0.484 seconds
[2024-05-24T17:59:19.035+0700] {processor.py:161} INFO - Started process (PID=11349) to work on /mnt/d/Programming/Vietnamese-Text-Generator/airflow_env/lib/python3.10/site-packages/airflow/example_dags/example_xcom.py
[2024-05-24T17:59:19.040+0700] {processor.py:830} INFO - Processing file /mnt/d/Programming/Vietnamese-Text-Generator/airflow_env/lib/python3.10/site-packages/airflow/example_dags/example_xcom.py for tasks to queue
[2024-05-24T17:59:19.051+0700] {logging_mixin.py:188} INFO - [2024-05-24T17:59:19.048+0700] {dagbag.py:540} INFO - Filling up the DagBag from /mnt/d/Programming/Vietnamese-Text-Generator/airflow_env/lib/python3.10/site-packages/airflow/example_dags/example_xcom.py
[2024-05-24T17:59:19.125+0700] {processor.py:840} INFO - DAG(s) 'example_xcom' retrieved from /mnt/d/Programming/Vietnamese-Text-Generator/airflow_env/lib/python3.10/site-packages/airflow/example_dags/example_xcom.py
[2024-05-24T17:59:19.214+0700] {logging_mixin.py:188} INFO - [2024-05-24T17:59:19.211+0700] {dag.py:3096} INFO - Sync 1 DAGs
[2024-05-24T17:59:19.300+0700] {logging_mixin.py:188} INFO - [2024-05-24T17:59:19.297+0700] {dag.py:3954} INFO - Setting next_dagrun for example_xcom to 2021-01-01 00:00:00+00:00, run_after=2021-01-01 00:00:00+00:00
[2024-05-24T17:59:19.509+0700] {processor.py:183} INFO - Processing /mnt/d/Programming/Vietnamese-Text-Generator/airflow_env/lib/python3.10/site-packages/airflow/example_dags/example_xcom.py took 0.517 seconds
[2024-05-24T18:00:26.845+0700] {processor.py:161} INFO - Started process (PID=11643) to work on /mnt/d/Programming/Vietnamese-Text-Generator/airflow_env/lib/python3.10/site-packages/airflow/example_dags/example_xcom.py
[2024-05-24T18:00:26.852+0700] {processor.py:830} INFO - Processing file /mnt/d/Programming/Vietnamese-Text-Generator/airflow_env/lib/python3.10/site-packages/airflow/example_dags/example_xcom.py for tasks to queue
[2024-05-24T18:00:26.865+0700] {logging_mixin.py:188} INFO - [2024-05-24T18:00:26.860+0700] {dagbag.py:540} INFO - Filling up the DagBag from /mnt/d/Programming/Vietnamese-Text-Generator/airflow_env/lib/python3.10/site-packages/airflow/example_dags/example_xcom.py
[2024-05-24T18:00:26.967+0700] {processor.py:840} INFO - DAG(s) 'example_xcom' retrieved from /mnt/d/Programming/Vietnamese-Text-Generator/airflow_env/lib/python3.10/site-packages/airflow/example_dags/example_xcom.py
[2024-05-24T18:00:27.081+0700] {logging_mixin.py:188} INFO - [2024-05-24T18:00:27.075+0700] {dag.py:3096} INFO - Sync 1 DAGs
[2024-05-24T18:00:27.181+0700] {logging_mixin.py:188} INFO - [2024-05-24T18:00:27.177+0700] {dag.py:3954} INFO - Setting next_dagrun for example_xcom to 2021-01-01 00:00:00+00:00, run_after=2021-01-01 00:00:00+00:00
[2024-05-24T18:00:27.397+0700] {processor.py:183} INFO - Processing /mnt/d/Programming/Vietnamese-Text-Generator/airflow_env/lib/python3.10/site-packages/airflow/example_dags/example_xcom.py took 0.599 seconds
[2024-05-24T18:01:37.720+0700] {processor.py:161} INFO - Started process (PID=11952) to work on /mnt/d/Programming/Vietnamese-Text-Generator/airflow_env/lib/python3.10/site-packages/airflow/example_dags/example_xcom.py
[2024-05-24T18:01:37.724+0700] {processor.py:830} INFO - Processing file /mnt/d/Programming/Vietnamese-Text-Generator/airflow_env/lib/python3.10/site-packages/airflow/example_dags/example_xcom.py for tasks to queue
[2024-05-24T18:01:37.732+0700] {logging_mixin.py:188} INFO - [2024-05-24T18:01:37.730+0700] {dagbag.py:540} INFO - Filling up the DagBag from /mnt/d/Programming/Vietnamese-Text-Generator/airflow_env/lib/python3.10/site-packages/airflow/example_dags/example_xcom.py
[2024-05-24T18:01:37.792+0700] {processor.py:840} INFO - DAG(s) 'example_xcom' retrieved from /mnt/d/Programming/Vietnamese-Text-Generator/airflow_env/lib/python3.10/site-packages/airflow/example_dags/example_xcom.py
[2024-05-24T18:01:37.872+0700] {logging_mixin.py:188} INFO - [2024-05-24T18:01:37.869+0700] {dag.py:3096} INFO - Sync 1 DAGs
[2024-05-24T18:01:37.933+0700] {logging_mixin.py:188} INFO - [2024-05-24T18:01:37.930+0700] {dag.py:3954} INFO - Setting next_dagrun for example_xcom to 2021-01-01 00:00:00+00:00, run_after=2021-01-01 00:00:00+00:00
[2024-05-24T18:01:38.085+0700] {processor.py:183} INFO - Processing /mnt/d/Programming/Vietnamese-Text-Generator/airflow_env/lib/python3.10/site-packages/airflow/example_dags/example_xcom.py took 0.394 seconds
[2024-05-24T18:02:46.077+0700] {processor.py:161} INFO - Started process (PID=12251) to work on /mnt/d/Programming/Vietnamese-Text-Generator/airflow_env/lib/python3.10/site-packages/airflow/example_dags/example_xcom.py
[2024-05-24T18:02:46.083+0700] {processor.py:830} INFO - Processing file /mnt/d/Programming/Vietnamese-Text-Generator/airflow_env/lib/python3.10/site-packages/airflow/example_dags/example_xcom.py for tasks to queue
[2024-05-24T18:02:46.094+0700] {logging_mixin.py:188} INFO - [2024-05-24T18:02:46.091+0700] {dagbag.py:540} INFO - Filling up the DagBag from /mnt/d/Programming/Vietnamese-Text-Generator/airflow_env/lib/python3.10/site-packages/airflow/example_dags/example_xcom.py
[2024-05-24T18:02:46.172+0700] {processor.py:840} INFO - DAG(s) 'example_xcom' retrieved from /mnt/d/Programming/Vietnamese-Text-Generator/airflow_env/lib/python3.10/site-packages/airflow/example_dags/example_xcom.py
[2024-05-24T18:02:46.257+0700] {logging_mixin.py:188} INFO - [2024-05-24T18:02:46.254+0700] {dag.py:3096} INFO - Sync 1 DAGs
[2024-05-24T18:02:46.333+0700] {logging_mixin.py:188} INFO - [2024-05-24T18:02:46.331+0700] {dag.py:3954} INFO - Setting next_dagrun for example_xcom to 2021-01-01 00:00:00+00:00, run_after=2021-01-01 00:00:00+00:00
[2024-05-24T18:02:46.521+0700] {processor.py:183} INFO - Processing /mnt/d/Programming/Vietnamese-Text-Generator/airflow_env/lib/python3.10/site-packages/airflow/example_dags/example_xcom.py took 0.482 seconds
[2024-05-24T18:03:59.207+0700] {processor.py:161} INFO - Started process (PID=12572) to work on /mnt/d/Programming/Vietnamese-Text-Generator/airflow_env/lib/python3.10/site-packages/airflow/example_dags/example_xcom.py
[2024-05-24T18:03:59.213+0700] {processor.py:830} INFO - Processing file /mnt/d/Programming/Vietnamese-Text-Generator/airflow_env/lib/python3.10/site-packages/airflow/example_dags/example_xcom.py for tasks to queue
[2024-05-24T18:03:59.225+0700] {logging_mixin.py:188} INFO - [2024-05-24T18:03:59.222+0700] {dagbag.py:540} INFO - Filling up the DagBag from /mnt/d/Programming/Vietnamese-Text-Generator/airflow_env/lib/python3.10/site-packages/airflow/example_dags/example_xcom.py
[2024-05-24T18:03:59.281+0700] {processor.py:840} INFO - DAG(s) 'example_xcom' retrieved from /mnt/d/Programming/Vietnamese-Text-Generator/airflow_env/lib/python3.10/site-packages/airflow/example_dags/example_xcom.py
[2024-05-24T18:03:59.329+0700] {logging_mixin.py:188} INFO - [2024-05-24T18:03:59.328+0700] {dag.py:3096} INFO - Sync 1 DAGs
[2024-05-24T18:03:59.368+0700] {logging_mixin.py:188} INFO - [2024-05-24T18:03:59.367+0700] {dag.py:3954} INFO - Setting next_dagrun for example_xcom to 2021-01-01 00:00:00+00:00, run_after=2021-01-01 00:00:00+00:00
[2024-05-24T18:03:59.546+0700] {processor.py:183} INFO - Processing /mnt/d/Programming/Vietnamese-Text-Generator/airflow_env/lib/python3.10/site-packages/airflow/example_dags/example_xcom.py took 0.382 seconds
[2024-05-24T18:05:08.814+0700] {processor.py:161} INFO - Started process (PID=12876) to work on /mnt/d/Programming/Vietnamese-Text-Generator/airflow_env/lib/python3.10/site-packages/airflow/example_dags/example_xcom.py
[2024-05-24T18:05:08.820+0700] {processor.py:830} INFO - Processing file /mnt/d/Programming/Vietnamese-Text-Generator/airflow_env/lib/python3.10/site-packages/airflow/example_dags/example_xcom.py for tasks to queue
[2024-05-24T18:05:08.832+0700] {logging_mixin.py:188} INFO - [2024-05-24T18:05:08.827+0700] {dagbag.py:540} INFO - Filling up the DagBag from /mnt/d/Programming/Vietnamese-Text-Generator/airflow_env/lib/python3.10/site-packages/airflow/example_dags/example_xcom.py
[2024-05-24T18:05:08.896+0700] {processor.py:840} INFO - DAG(s) 'example_xcom' retrieved from /mnt/d/Programming/Vietnamese-Text-Generator/airflow_env/lib/python3.10/site-packages/airflow/example_dags/example_xcom.py
[2024-05-24T18:05:08.974+0700] {logging_mixin.py:188} INFO - [2024-05-24T18:05:08.971+0700] {dag.py:3096} INFO - Sync 1 DAGs
[2024-05-24T18:05:09.074+0700] {logging_mixin.py:188} INFO - [2024-05-24T18:05:09.071+0700] {dag.py:3954} INFO - Setting next_dagrun for example_xcom to 2021-01-01 00:00:00+00:00, run_after=2021-01-01 00:00:00+00:00
[2024-05-24T18:05:09.240+0700] {processor.py:183} INFO - Processing /mnt/d/Programming/Vietnamese-Text-Generator/airflow_env/lib/python3.10/site-packages/airflow/example_dags/example_xcom.py took 0.467 seconds
