[2024-05-24T17:01:29.779+0700] {processor.py:161} INFO - Started process (PID=1753) to work on /mnt/d/Programming/Vietnamese-Text-Generator/airflow_env/lib/python3.10/site-packages/airflow/example_dags/example_trigger_target_dag.py
[2024-05-24T17:01:29.783+0700] {processor.py:830} INFO - Processing file /mnt/d/Programming/Vietnamese-Text-Generator/airflow_env/lib/python3.10/site-packages/airflow/example_dags/example_trigger_target_dag.py for tasks to queue
[2024-05-24T17:01:29.789+0700] {logging_mixin.py:188} INFO - [2024-05-24T17:01:29.788+0700] {dagbag.py:540} INFO - Filling up the DagBag from /mnt/d/Programming/Vietnamese-Text-Generator/airflow_env/lib/python3.10/site-packages/airflow/example_dags/example_trigger_target_dag.py
[2024-05-24T17:01:29.986+0700] {processor.py:840} INFO - DAG(s) 'example_trigger_target_dag' retrieved from /mnt/d/Programming/Vietnamese-Text-Generator/airflow_env/lib/python3.10/site-packages/airflow/example_dags/example_trigger_target_dag.py
[2024-05-24T17:01:30.139+0700] {logging_mixin.py:188} INFO - [2024-05-24T17:01:30.138+0700] {dag.py:3096} INFO - Sync 1 DAGs
[2024-05-24T17:01:30.169+0700] {logging_mixin.py:188} INFO - [2024-05-24T17:01:30.168+0700] {dag.py:3954} INFO - Setting next_dagrun for example_trigger_target_dag to None, run_after=None
[2024-05-24T17:01:30.261+0700] {processor.py:183} INFO - Processing /mnt/d/Programming/Vietnamese-Text-Generator/airflow_env/lib/python3.10/site-packages/airflow/example_dags/example_trigger_target_dag.py took 0.507 seconds
[2024-05-24T17:03:28.543+0700] {processor.py:161} INFO - Started process (PID=2261) to work on /mnt/d/Programming/Vietnamese-Text-Generator/airflow_env/lib/python3.10/site-packages/airflow/example_dags/example_trigger_target_dag.py
[2024-05-24T17:03:28.548+0700] {processor.py:830} INFO - Processing file /mnt/d/Programming/Vietnamese-Text-Generator/airflow_env/lib/python3.10/site-packages/airflow/example_dags/example_trigger_target_dag.py for tasks to queue
[2024-05-24T17:03:28.558+0700] {logging_mixin.py:188} INFO - [2024-05-24T17:03:28.555+0700] {dagbag.py:540} INFO - Filling up the DagBag from /mnt/d/Programming/Vietnamese-Text-Generator/airflow_env/lib/python3.10/site-packages/airflow/example_dags/example_trigger_target_dag.py
[2024-05-24T17:03:28.622+0700] {processor.py:840} INFO - DAG(s) 'example_trigger_target_dag' retrieved from /mnt/d/Programming/Vietnamese-Text-Generator/airflow_env/lib/python3.10/site-packages/airflow/example_dags/example_trigger_target_dag.py
[2024-05-24T17:03:28.745+0700] {logging_mixin.py:188} INFO - [2024-05-24T17:03:28.741+0700] {dag.py:3096} INFO - Sync 1 DAGs
[2024-05-24T17:03:28.817+0700] {logging_mixin.py:188} INFO - [2024-05-24T17:03:28.815+0700] {dag.py:3954} INFO - Setting next_dagrun for example_trigger_target_dag to None, run_after=None
[2024-05-24T17:03:29.017+0700] {processor.py:183} INFO - Processing /mnt/d/Programming/Vietnamese-Text-Generator/airflow_env/lib/python3.10/site-packages/airflow/example_dags/example_trigger_target_dag.py took 0.522 seconds
[2024-05-24T17:04:43.555+0700] {processor.py:161} INFO - Started process (PID=2589) to work on /mnt/d/Programming/Vietnamese-Text-Generator/airflow_env/lib/python3.10/site-packages/airflow/example_dags/example_trigger_target_dag.py
[2024-05-24T17:04:43.557+0700] {processor.py:830} INFO - Processing file /mnt/d/Programming/Vietnamese-Text-Generator/airflow_env/lib/python3.10/site-packages/airflow/example_dags/example_trigger_target_dag.py for tasks to queue
[2024-05-24T17:04:43.560+0700] {logging_mixin.py:188} INFO - [2024-05-24T17:04:43.559+0700] {dagbag.py:540} INFO - Filling up the DagBag from /mnt/d/Programming/Vietnamese-Text-Generator/airflow_env/lib/python3.10/site-packages/airflow/example_dags/example_trigger_target_dag.py
[2024-05-24T17:04:43.581+0700] {processor.py:840} INFO - DAG(s) 'example_trigger_target_dag' retrieved from /mnt/d/Programming/Vietnamese-Text-Generator/airflow_env/lib/python3.10/site-packages/airflow/example_dags/example_trigger_target_dag.py
[2024-05-24T17:04:43.610+0700] {logging_mixin.py:188} INFO - [2024-05-24T17:04:43.609+0700] {dag.py:3096} INFO - Sync 1 DAGs
[2024-05-24T17:04:43.627+0700] {logging_mixin.py:188} INFO - [2024-05-24T17:04:43.626+0700] {dag.py:3954} INFO - Setting next_dagrun for example_trigger_target_dag to None, run_after=None
[2024-05-24T17:04:43.715+0700] {processor.py:183} INFO - Processing /mnt/d/Programming/Vietnamese-Text-Generator/airflow_env/lib/python3.10/site-packages/airflow/example_dags/example_trigger_target_dag.py took 0.189 seconds
[2024-05-24T17:05:52.537+0700] {processor.py:161} INFO - Started process (PID=2892) to work on /mnt/d/Programming/Vietnamese-Text-Generator/airflow_env/lib/python3.10/site-packages/airflow/example_dags/example_trigger_target_dag.py
[2024-05-24T17:05:52.540+0700] {processor.py:830} INFO - Processing file /mnt/d/Programming/Vietnamese-Text-Generator/airflow_env/lib/python3.10/site-packages/airflow/example_dags/example_trigger_target_dag.py for tasks to queue
[2024-05-24T17:05:52.545+0700] {logging_mixin.py:188} INFO - [2024-05-24T17:05:52.543+0700] {dagbag.py:540} INFO - Filling up the DagBag from /mnt/d/Programming/Vietnamese-Text-Generator/airflow_env/lib/python3.10/site-packages/airflow/example_dags/example_trigger_target_dag.py
[2024-05-24T17:05:52.569+0700] {processor.py:840} INFO - DAG(s) 'example_trigger_target_dag' retrieved from /mnt/d/Programming/Vietnamese-Text-Generator/airflow_env/lib/python3.10/site-packages/airflow/example_dags/example_trigger_target_dag.py
[2024-05-24T17:05:52.607+0700] {logging_mixin.py:188} INFO - [2024-05-24T17:05:52.606+0700] {dag.py:3096} INFO - Sync 1 DAGs
[2024-05-24T17:05:52.628+0700] {logging_mixin.py:188} INFO - [2024-05-24T17:05:52.626+0700] {dag.py:3954} INFO - Setting next_dagrun for example_trigger_target_dag to None, run_after=None
[2024-05-24T17:05:52.759+0700] {processor.py:183} INFO - Processing /mnt/d/Programming/Vietnamese-Text-Generator/airflow_env/lib/python3.10/site-packages/airflow/example_dags/example_trigger_target_dag.py took 0.237 seconds
[2024-05-24T17:07:00.137+0700] {processor.py:161} INFO - Started process (PID=3264) to work on /mnt/d/Programming/Vietnamese-Text-Generator/airflow_env/lib/python3.10/site-packages/airflow/example_dags/example_trigger_target_dag.py
[2024-05-24T17:07:00.143+0700] {processor.py:830} INFO - Processing file /mnt/d/Programming/Vietnamese-Text-Generator/airflow_env/lib/python3.10/site-packages/airflow/example_dags/example_trigger_target_dag.py for tasks to queue
[2024-05-24T17:07:00.153+0700] {logging_mixin.py:188} INFO - [2024-05-24T17:07:00.150+0700] {dagbag.py:540} INFO - Filling up the DagBag from /mnt/d/Programming/Vietnamese-Text-Generator/airflow_env/lib/python3.10/site-packages/airflow/example_dags/example_trigger_target_dag.py
[2024-05-24T17:07:00.227+0700] {processor.py:840} INFO - DAG(s) 'example_trigger_target_dag' retrieved from /mnt/d/Programming/Vietnamese-Text-Generator/airflow_env/lib/python3.10/site-packages/airflow/example_dags/example_trigger_target_dag.py
[2024-05-24T17:07:00.311+0700] {logging_mixin.py:188} INFO - [2024-05-24T17:07:00.309+0700] {dag.py:3096} INFO - Sync 1 DAGs
[2024-05-24T17:07:00.363+0700] {logging_mixin.py:188} INFO - [2024-05-24T17:07:00.360+0700] {dag.py:3954} INFO - Setting next_dagrun for example_trigger_target_dag to None, run_after=None
[2024-05-24T17:07:00.549+0700] {processor.py:183} INFO - Processing /mnt/d/Programming/Vietnamese-Text-Generator/airflow_env/lib/python3.10/site-packages/airflow/example_dags/example_trigger_target_dag.py took 0.451 seconds
[2024-05-24T17:08:01.976+0700] {processor.py:161} INFO - Started process (PID=3537) to work on /mnt/d/Programming/Vietnamese-Text-Generator/airflow_env/lib/python3.10/site-packages/airflow/example_dags/example_trigger_target_dag.py
[2024-05-24T17:08:01.982+0700] {processor.py:830} INFO - Processing file /mnt/d/Programming/Vietnamese-Text-Generator/airflow_env/lib/python3.10/site-packages/airflow/example_dags/example_trigger_target_dag.py for tasks to queue
[2024-05-24T17:08:01.995+0700] {logging_mixin.py:188} INFO - [2024-05-24T17:08:01.991+0700] {dagbag.py:540} INFO - Filling up the DagBag from /mnt/d/Programming/Vietnamese-Text-Generator/airflow_env/lib/python3.10/site-packages/airflow/example_dags/example_trigger_target_dag.py
[2024-05-24T17:08:02.075+0700] {processor.py:840} INFO - DAG(s) 'example_trigger_target_dag' retrieved from /mnt/d/Programming/Vietnamese-Text-Generator/airflow_env/lib/python3.10/site-packages/airflow/example_dags/example_trigger_target_dag.py
[2024-05-24T17:08:02.170+0700] {logging_mixin.py:188} INFO - [2024-05-24T17:08:02.166+0700] {dag.py:3096} INFO - Sync 1 DAGs
[2024-05-24T17:08:02.223+0700] {logging_mixin.py:188} INFO - [2024-05-24T17:08:02.220+0700] {dag.py:3954} INFO - Setting next_dagrun for example_trigger_target_dag to None, run_after=None
[2024-05-24T17:08:02.419+0700] {processor.py:183} INFO - Processing /mnt/d/Programming/Vietnamese-Text-Generator/airflow_env/lib/python3.10/site-packages/airflow/example_dags/example_trigger_target_dag.py took 0.487 seconds
[2024-05-24T17:09:10.516+0700] {processor.py:161} INFO - Started process (PID=3836) to work on /mnt/d/Programming/Vietnamese-Text-Generator/airflow_env/lib/python3.10/site-packages/airflow/example_dags/example_trigger_target_dag.py
[2024-05-24T17:09:10.524+0700] {processor.py:830} INFO - Processing file /mnt/d/Programming/Vietnamese-Text-Generator/airflow_env/lib/python3.10/site-packages/airflow/example_dags/example_trigger_target_dag.py for tasks to queue
[2024-05-24T17:09:10.538+0700] {logging_mixin.py:188} INFO - [2024-05-24T17:09:10.533+0700] {dagbag.py:540} INFO - Filling up the DagBag from /mnt/d/Programming/Vietnamese-Text-Generator/airflow_env/lib/python3.10/site-packages/airflow/example_dags/example_trigger_target_dag.py
[2024-05-24T17:09:10.639+0700] {processor.py:840} INFO - DAG(s) 'example_trigger_target_dag' retrieved from /mnt/d/Programming/Vietnamese-Text-Generator/airflow_env/lib/python3.10/site-packages/airflow/example_dags/example_trigger_target_dag.py
[2024-05-24T17:09:10.731+0700] {logging_mixin.py:188} INFO - [2024-05-24T17:09:10.728+0700] {dag.py:3096} INFO - Sync 1 DAGs
[2024-05-24T17:09:10.781+0700] {logging_mixin.py:188} INFO - [2024-05-24T17:09:10.778+0700] {dag.py:3954} INFO - Setting next_dagrun for example_trigger_target_dag to None, run_after=None
[2024-05-24T17:09:10.986+0700] {processor.py:183} INFO - Processing /mnt/d/Programming/Vietnamese-Text-Generator/airflow_env/lib/python3.10/site-packages/airflow/example_dags/example_trigger_target_dag.py took 0.519 seconds
[2024-05-24T17:10:19.287+0700] {processor.py:161} INFO - Started process (PID=4136) to work on /mnt/d/Programming/Vietnamese-Text-Generator/airflow_env/lib/python3.10/site-packages/airflow/example_dags/example_trigger_target_dag.py
[2024-05-24T17:10:19.294+0700] {processor.py:830} INFO - Processing file /mnt/d/Programming/Vietnamese-Text-Generator/airflow_env/lib/python3.10/site-packages/airflow/example_dags/example_trigger_target_dag.py for tasks to queue
[2024-05-24T17:10:19.311+0700] {logging_mixin.py:188} INFO - [2024-05-24T17:10:19.307+0700] {dagbag.py:540} INFO - Filling up the DagBag from /mnt/d/Programming/Vietnamese-Text-Generator/airflow_env/lib/python3.10/site-packages/airflow/example_dags/example_trigger_target_dag.py
[2024-05-24T17:10:19.412+0700] {processor.py:840} INFO - DAG(s) 'example_trigger_target_dag' retrieved from /mnt/d/Programming/Vietnamese-Text-Generator/airflow_env/lib/python3.10/site-packages/airflow/example_dags/example_trigger_target_dag.py
[2024-05-24T17:10:19.506+0700] {logging_mixin.py:188} INFO - [2024-05-24T17:10:19.503+0700] {dag.py:3096} INFO - Sync 1 DAGs
[2024-05-24T17:10:19.558+0700] {logging_mixin.py:188} INFO - [2024-05-24T17:10:19.555+0700] {dag.py:3954} INFO - Setting next_dagrun for example_trigger_target_dag to None, run_after=None
[2024-05-24T17:10:19.746+0700] {processor.py:183} INFO - Processing /mnt/d/Programming/Vietnamese-Text-Generator/airflow_env/lib/python3.10/site-packages/airflow/example_dags/example_trigger_target_dag.py took 0.510 seconds
[2024-05-24T17:11:29.244+0700] {processor.py:161} INFO - Started process (PID=4446) to work on /mnt/d/Programming/Vietnamese-Text-Generator/airflow_env/lib/python3.10/site-packages/airflow/example_dags/example_trigger_target_dag.py
[2024-05-24T17:11:29.250+0700] {processor.py:830} INFO - Processing file /mnt/d/Programming/Vietnamese-Text-Generator/airflow_env/lib/python3.10/site-packages/airflow/example_dags/example_trigger_target_dag.py for tasks to queue
[2024-05-24T17:11:29.262+0700] {logging_mixin.py:188} INFO - [2024-05-24T17:11:29.259+0700] {dagbag.py:540} INFO - Filling up the DagBag from /mnt/d/Programming/Vietnamese-Text-Generator/airflow_env/lib/python3.10/site-packages/airflow/example_dags/example_trigger_target_dag.py
[2024-05-24T17:11:29.367+0700] {processor.py:840} INFO - DAG(s) 'example_trigger_target_dag' retrieved from /mnt/d/Programming/Vietnamese-Text-Generator/airflow_env/lib/python3.10/site-packages/airflow/example_dags/example_trigger_target_dag.py
[2024-05-24T17:11:29.461+0700] {logging_mixin.py:188} INFO - [2024-05-24T17:11:29.458+0700] {dag.py:3096} INFO - Sync 1 DAGs
[2024-05-24T17:11:29.507+0700] {logging_mixin.py:188} INFO - [2024-05-24T17:11:29.505+0700] {dag.py:3954} INFO - Setting next_dagrun for example_trigger_target_dag to None, run_after=None
[2024-05-24T17:11:29.693+0700] {processor.py:183} INFO - Processing /mnt/d/Programming/Vietnamese-Text-Generator/airflow_env/lib/python3.10/site-packages/airflow/example_dags/example_trigger_target_dag.py took 0.493 seconds
[2024-05-24T17:12:41.303+0700] {processor.py:161} INFO - Started process (PID=4758) to work on /mnt/d/Programming/Vietnamese-Text-Generator/airflow_env/lib/python3.10/site-packages/airflow/example_dags/example_trigger_target_dag.py
[2024-05-24T17:12:41.310+0700] {processor.py:830} INFO - Processing file /mnt/d/Programming/Vietnamese-Text-Generator/airflow_env/lib/python3.10/site-packages/airflow/example_dags/example_trigger_target_dag.py for tasks to queue
[2024-05-24T17:12:41.321+0700] {logging_mixin.py:188} INFO - [2024-05-24T17:12:41.317+0700] {dagbag.py:540} INFO - Filling up the DagBag from /mnt/d/Programming/Vietnamese-Text-Generator/airflow_env/lib/python3.10/site-packages/airflow/example_dags/example_trigger_target_dag.py
[2024-05-24T17:12:41.410+0700] {processor.py:840} INFO - DAG(s) 'example_trigger_target_dag' retrieved from /mnt/d/Programming/Vietnamese-Text-Generator/airflow_env/lib/python3.10/site-packages/airflow/example_dags/example_trigger_target_dag.py
[2024-05-24T17:12:41.500+0700] {logging_mixin.py:188} INFO - [2024-05-24T17:12:41.497+0700] {dag.py:3096} INFO - Sync 1 DAGs
[2024-05-24T17:12:41.547+0700] {logging_mixin.py:188} INFO - [2024-05-24T17:12:41.544+0700] {dag.py:3954} INFO - Setting next_dagrun for example_trigger_target_dag to None, run_after=None
[2024-05-24T17:12:41.730+0700] {processor.py:183} INFO - Processing /mnt/d/Programming/Vietnamese-Text-Generator/airflow_env/lib/python3.10/site-packages/airflow/example_dags/example_trigger_target_dag.py took 0.471 seconds
[2024-05-24T17:13:50.036+0700] {processor.py:161} INFO - Started process (PID=5058) to work on /mnt/d/Programming/Vietnamese-Text-Generator/airflow_env/lib/python3.10/site-packages/airflow/example_dags/example_trigger_target_dag.py
[2024-05-24T17:13:50.042+0700] {processor.py:830} INFO - Processing file /mnt/d/Programming/Vietnamese-Text-Generator/airflow_env/lib/python3.10/site-packages/airflow/example_dags/example_trigger_target_dag.py for tasks to queue
[2024-05-24T17:13:50.055+0700] {logging_mixin.py:188} INFO - [2024-05-24T17:13:50.051+0700] {dagbag.py:540} INFO - Filling up the DagBag from /mnt/d/Programming/Vietnamese-Text-Generator/airflow_env/lib/python3.10/site-packages/airflow/example_dags/example_trigger_target_dag.py
[2024-05-24T17:13:50.144+0700] {processor.py:840} INFO - DAG(s) 'example_trigger_target_dag' retrieved from /mnt/d/Programming/Vietnamese-Text-Generator/airflow_env/lib/python3.10/site-packages/airflow/example_dags/example_trigger_target_dag.py
[2024-05-24T17:13:50.234+0700] {logging_mixin.py:188} INFO - [2024-05-24T17:13:50.231+0700] {dag.py:3096} INFO - Sync 1 DAGs
[2024-05-24T17:13:50.284+0700] {logging_mixin.py:188} INFO - [2024-05-24T17:13:50.281+0700] {dag.py:3954} INFO - Setting next_dagrun for example_trigger_target_dag to None, run_after=None
[2024-05-24T17:13:50.496+0700] {processor.py:183} INFO - Processing /mnt/d/Programming/Vietnamese-Text-Generator/airflow_env/lib/python3.10/site-packages/airflow/example_dags/example_trigger_target_dag.py took 0.507 seconds
[2024-05-24T17:14:56.439+0700] {processor.py:161} INFO - Started process (PID=5348) to work on /mnt/d/Programming/Vietnamese-Text-Generator/airflow_env/lib/python3.10/site-packages/airflow/example_dags/example_trigger_target_dag.py
[2024-05-24T17:14:56.445+0700] {processor.py:830} INFO - Processing file /mnt/d/Programming/Vietnamese-Text-Generator/airflow_env/lib/python3.10/site-packages/airflow/example_dags/example_trigger_target_dag.py for tasks to queue
[2024-05-24T17:14:56.456+0700] {logging_mixin.py:188} INFO - [2024-05-24T17:14:56.453+0700] {dagbag.py:540} INFO - Filling up the DagBag from /mnt/d/Programming/Vietnamese-Text-Generator/airflow_env/lib/python3.10/site-packages/airflow/example_dags/example_trigger_target_dag.py
[2024-05-24T17:14:56.543+0700] {processor.py:840} INFO - DAG(s) 'example_trigger_target_dag' retrieved from /mnt/d/Programming/Vietnamese-Text-Generator/airflow_env/lib/python3.10/site-packages/airflow/example_dags/example_trigger_target_dag.py
[2024-05-24T17:14:56.634+0700] {logging_mixin.py:188} INFO - [2024-05-24T17:14:56.631+0700] {dag.py:3096} INFO - Sync 1 DAGs
[2024-05-24T17:14:56.683+0700] {logging_mixin.py:188} INFO - [2024-05-24T17:14:56.680+0700] {dag.py:3954} INFO - Setting next_dagrun for example_trigger_target_dag to None, run_after=None
[2024-05-24T17:14:56.902+0700] {processor.py:183} INFO - Processing /mnt/d/Programming/Vietnamese-Text-Generator/airflow_env/lib/python3.10/site-packages/airflow/example_dags/example_trigger_target_dag.py took 0.508 seconds
[2024-05-24T17:16:06.816+0700] {processor.py:161} INFO - Started process (PID=5657) to work on /mnt/d/Programming/Vietnamese-Text-Generator/airflow_env/lib/python3.10/site-packages/airflow/example_dags/example_trigger_target_dag.py
[2024-05-24T17:16:06.823+0700] {processor.py:830} INFO - Processing file /mnt/d/Programming/Vietnamese-Text-Generator/airflow_env/lib/python3.10/site-packages/airflow/example_dags/example_trigger_target_dag.py for tasks to queue
[2024-05-24T17:16:06.834+0700] {logging_mixin.py:188} INFO - [2024-05-24T17:16:06.831+0700] {dagbag.py:540} INFO - Filling up the DagBag from /mnt/d/Programming/Vietnamese-Text-Generator/airflow_env/lib/python3.10/site-packages/airflow/example_dags/example_trigger_target_dag.py
[2024-05-24T17:16:06.929+0700] {processor.py:840} INFO - DAG(s) 'example_trigger_target_dag' retrieved from /mnt/d/Programming/Vietnamese-Text-Generator/airflow_env/lib/python3.10/site-packages/airflow/example_dags/example_trigger_target_dag.py
[2024-05-24T17:16:07.023+0700] {logging_mixin.py:188} INFO - [2024-05-24T17:16:07.020+0700] {dag.py:3096} INFO - Sync 1 DAGs
[2024-05-24T17:16:07.068+0700] {logging_mixin.py:188} INFO - [2024-05-24T17:16:07.065+0700] {dag.py:3954} INFO - Setting next_dagrun for example_trigger_target_dag to None, run_after=None
[2024-05-24T17:16:07.273+0700] {processor.py:183} INFO - Processing /mnt/d/Programming/Vietnamese-Text-Generator/airflow_env/lib/python3.10/site-packages/airflow/example_dags/example_trigger_target_dag.py took 0.501 seconds
[2024-05-24T17:17:20.212+0700] {processor.py:161} INFO - Started process (PID=5975) to work on /mnt/d/Programming/Vietnamese-Text-Generator/airflow_env/lib/python3.10/site-packages/airflow/example_dags/example_trigger_target_dag.py
[2024-05-24T17:17:20.218+0700] {processor.py:830} INFO - Processing file /mnt/d/Programming/Vietnamese-Text-Generator/airflow_env/lib/python3.10/site-packages/airflow/example_dags/example_trigger_target_dag.py for tasks to queue
[2024-05-24T17:17:20.228+0700] {logging_mixin.py:188} INFO - [2024-05-24T17:17:20.225+0700] {dagbag.py:540} INFO - Filling up the DagBag from /mnt/d/Programming/Vietnamese-Text-Generator/airflow_env/lib/python3.10/site-packages/airflow/example_dags/example_trigger_target_dag.py
[2024-05-24T17:17:20.302+0700] {processor.py:840} INFO - DAG(s) 'example_trigger_target_dag' retrieved from /mnt/d/Programming/Vietnamese-Text-Generator/airflow_env/lib/python3.10/site-packages/airflow/example_dags/example_trigger_target_dag.py
[2024-05-24T17:17:20.387+0700] {logging_mixin.py:188} INFO - [2024-05-24T17:17:20.384+0700] {dag.py:3096} INFO - Sync 1 DAGs
[2024-05-24T17:17:20.433+0700] {logging_mixin.py:188} INFO - [2024-05-24T17:17:20.431+0700] {dag.py:3954} INFO - Setting next_dagrun for example_trigger_target_dag to None, run_after=None
[2024-05-24T17:17:20.616+0700] {processor.py:183} INFO - Processing /mnt/d/Programming/Vietnamese-Text-Generator/airflow_env/lib/python3.10/site-packages/airflow/example_dags/example_trigger_target_dag.py took 0.444 seconds
[2024-05-24T17:18:32.201+0700] {processor.py:161} INFO - Started process (PID=6295) to work on /mnt/d/Programming/Vietnamese-Text-Generator/airflow_env/lib/python3.10/site-packages/airflow/example_dags/example_trigger_target_dag.py
[2024-05-24T17:18:32.204+0700] {processor.py:830} INFO - Processing file /mnt/d/Programming/Vietnamese-Text-Generator/airflow_env/lib/python3.10/site-packages/airflow/example_dags/example_trigger_target_dag.py for tasks to queue
[2024-05-24T17:18:32.208+0700] {logging_mixin.py:188} INFO - [2024-05-24T17:18:32.207+0700] {dagbag.py:540} INFO - Filling up the DagBag from /mnt/d/Programming/Vietnamese-Text-Generator/airflow_env/lib/python3.10/site-packages/airflow/example_dags/example_trigger_target_dag.py
[2024-05-24T17:18:32.266+0700] {processor.py:840} INFO - DAG(s) 'example_trigger_target_dag' retrieved from /mnt/d/Programming/Vietnamese-Text-Generator/airflow_env/lib/python3.10/site-packages/airflow/example_dags/example_trigger_target_dag.py
[2024-05-24T17:18:32.309+0700] {logging_mixin.py:188} INFO - [2024-05-24T17:18:32.308+0700] {dag.py:3096} INFO - Sync 1 DAGs
[2024-05-24T17:18:32.340+0700] {logging_mixin.py:188} INFO - [2024-05-24T17:18:32.339+0700] {dag.py:3954} INFO - Setting next_dagrun for example_trigger_target_dag to None, run_after=None
[2024-05-24T17:18:32.455+0700] {processor.py:183} INFO - Processing /mnt/d/Programming/Vietnamese-Text-Generator/airflow_env/lib/python3.10/site-packages/airflow/example_dags/example_trigger_target_dag.py took 0.317 seconds
[2024-05-24T17:19:41.076+0700] {processor.py:161} INFO - Started process (PID=6594) to work on /mnt/d/Programming/Vietnamese-Text-Generator/airflow_env/lib/python3.10/site-packages/airflow/example_dags/example_trigger_target_dag.py
[2024-05-24T17:19:41.082+0700] {processor.py:830} INFO - Processing file /mnt/d/Programming/Vietnamese-Text-Generator/airflow_env/lib/python3.10/site-packages/airflow/example_dags/example_trigger_target_dag.py for tasks to queue
[2024-05-24T17:19:41.093+0700] {logging_mixin.py:188} INFO - [2024-05-24T17:19:41.090+0700] {dagbag.py:540} INFO - Filling up the DagBag from /mnt/d/Programming/Vietnamese-Text-Generator/airflow_env/lib/python3.10/site-packages/airflow/example_dags/example_trigger_target_dag.py
[2024-05-24T17:19:41.168+0700] {processor.py:840} INFO - DAG(s) 'example_trigger_target_dag' retrieved from /mnt/d/Programming/Vietnamese-Text-Generator/airflow_env/lib/python3.10/site-packages/airflow/example_dags/example_trigger_target_dag.py
[2024-05-24T17:19:41.258+0700] {logging_mixin.py:188} INFO - [2024-05-24T17:19:41.254+0700] {dag.py:3096} INFO - Sync 1 DAGs
[2024-05-24T17:19:41.313+0700] {logging_mixin.py:188} INFO - [2024-05-24T17:19:41.309+0700] {dag.py:3954} INFO - Setting next_dagrun for example_trigger_target_dag to None, run_after=None
[2024-05-24T17:19:41.521+0700] {processor.py:183} INFO - Processing /mnt/d/Programming/Vietnamese-Text-Generator/airflow_env/lib/python3.10/site-packages/airflow/example_dags/example_trigger_target_dag.py took 0.484 seconds
[2024-05-24T17:20:47.038+0700] {processor.py:161} INFO - Started process (PID=6887) to work on /mnt/d/Programming/Vietnamese-Text-Generator/airflow_env/lib/python3.10/site-packages/airflow/example_dags/example_trigger_target_dag.py
[2024-05-24T17:20:47.043+0700] {processor.py:830} INFO - Processing file /mnt/d/Programming/Vietnamese-Text-Generator/airflow_env/lib/python3.10/site-packages/airflow/example_dags/example_trigger_target_dag.py for tasks to queue
[2024-05-24T17:20:47.053+0700] {logging_mixin.py:188} INFO - [2024-05-24T17:20:47.050+0700] {dagbag.py:540} INFO - Filling up the DagBag from /mnt/d/Programming/Vietnamese-Text-Generator/airflow_env/lib/python3.10/site-packages/airflow/example_dags/example_trigger_target_dag.py
[2024-05-24T17:20:47.128+0700] {processor.py:840} INFO - DAG(s) 'example_trigger_target_dag' retrieved from /mnt/d/Programming/Vietnamese-Text-Generator/airflow_env/lib/python3.10/site-packages/airflow/example_dags/example_trigger_target_dag.py
[2024-05-24T17:20:47.280+0700] {logging_mixin.py:188} INFO - [2024-05-24T17:20:47.276+0700] {dag.py:3096} INFO - Sync 1 DAGs
[2024-05-24T17:20:47.340+0700] {logging_mixin.py:188} INFO - [2024-05-24T17:20:47.338+0700] {dag.py:3954} INFO - Setting next_dagrun for example_trigger_target_dag to None, run_after=None
[2024-05-24T17:20:47.428+0700] {processor.py:183} INFO - Processing /mnt/d/Programming/Vietnamese-Text-Generator/airflow_env/lib/python3.10/site-packages/airflow/example_dags/example_trigger_target_dag.py took 0.429 seconds
[2024-05-24T17:21:54.923+0700] {processor.py:161} INFO - Started process (PID=7179) to work on /mnt/d/Programming/Vietnamese-Text-Generator/airflow_env/lib/python3.10/site-packages/airflow/example_dags/example_trigger_target_dag.py
[2024-05-24T17:21:54.929+0700] {processor.py:830} INFO - Processing file /mnt/d/Programming/Vietnamese-Text-Generator/airflow_env/lib/python3.10/site-packages/airflow/example_dags/example_trigger_target_dag.py for tasks to queue
[2024-05-24T17:21:54.940+0700] {logging_mixin.py:188} INFO - [2024-05-24T17:21:54.937+0700] {dagbag.py:540} INFO - Filling up the DagBag from /mnt/d/Programming/Vietnamese-Text-Generator/airflow_env/lib/python3.10/site-packages/airflow/example_dags/example_trigger_target_dag.py
[2024-05-24T17:21:55.026+0700] {processor.py:840} INFO - DAG(s) 'example_trigger_target_dag' retrieved from /mnt/d/Programming/Vietnamese-Text-Generator/airflow_env/lib/python3.10/site-packages/airflow/example_dags/example_trigger_target_dag.py
[2024-05-24T17:21:55.109+0700] {logging_mixin.py:188} INFO - [2024-05-24T17:21:55.106+0700] {dag.py:3096} INFO - Sync 1 DAGs
[2024-05-24T17:21:55.156+0700] {logging_mixin.py:188} INFO - [2024-05-24T17:21:55.153+0700] {dag.py:3954} INFO - Setting next_dagrun for example_trigger_target_dag to None, run_after=None
[2024-05-24T17:21:55.340+0700] {processor.py:183} INFO - Processing /mnt/d/Programming/Vietnamese-Text-Generator/airflow_env/lib/python3.10/site-packages/airflow/example_dags/example_trigger_target_dag.py took 0.463 seconds
[2024-05-24T17:23:00.656+0700] {processor.py:161} INFO - Started process (PID=7466) to work on /mnt/d/Programming/Vietnamese-Text-Generator/airflow_env/lib/python3.10/site-packages/airflow/example_dags/example_trigger_target_dag.py
[2024-05-24T17:23:00.661+0700] {processor.py:830} INFO - Processing file /mnt/d/Programming/Vietnamese-Text-Generator/airflow_env/lib/python3.10/site-packages/airflow/example_dags/example_trigger_target_dag.py for tasks to queue
[2024-05-24T17:23:00.672+0700] {logging_mixin.py:188} INFO - [2024-05-24T17:23:00.668+0700] {dagbag.py:540} INFO - Filling up the DagBag from /mnt/d/Programming/Vietnamese-Text-Generator/airflow_env/lib/python3.10/site-packages/airflow/example_dags/example_trigger_target_dag.py
[2024-05-24T17:23:00.763+0700] {processor.py:840} INFO - DAG(s) 'example_trigger_target_dag' retrieved from /mnt/d/Programming/Vietnamese-Text-Generator/airflow_env/lib/python3.10/site-packages/airflow/example_dags/example_trigger_target_dag.py
[2024-05-24T17:23:00.904+0700] {logging_mixin.py:188} INFO - [2024-05-24T17:23:00.892+0700] {dag.py:3096} INFO - Sync 1 DAGs
[2024-05-24T17:23:00.961+0700] {logging_mixin.py:188} INFO - [2024-05-24T17:23:00.958+0700] {dag.py:3954} INFO - Setting next_dagrun for example_trigger_target_dag to None, run_after=None
[2024-05-24T17:23:01.065+0700] {processor.py:183} INFO - Processing /mnt/d/Programming/Vietnamese-Text-Generator/airflow_env/lib/python3.10/site-packages/airflow/example_dags/example_trigger_target_dag.py took 0.445 seconds
[2024-05-24T17:24:05.596+0700] {processor.py:161} INFO - Started process (PID=7751) to work on /mnt/d/Programming/Vietnamese-Text-Generator/airflow_env/lib/python3.10/site-packages/airflow/example_dags/example_trigger_target_dag.py
[2024-05-24T17:24:05.601+0700] {processor.py:830} INFO - Processing file /mnt/d/Programming/Vietnamese-Text-Generator/airflow_env/lib/python3.10/site-packages/airflow/example_dags/example_trigger_target_dag.py for tasks to queue
[2024-05-24T17:24:05.612+0700] {logging_mixin.py:188} INFO - [2024-05-24T17:24:05.609+0700] {dagbag.py:540} INFO - Filling up the DagBag from /mnt/d/Programming/Vietnamese-Text-Generator/airflow_env/lib/python3.10/site-packages/airflow/example_dags/example_trigger_target_dag.py
[2024-05-24T17:24:05.686+0700] {processor.py:840} INFO - DAG(s) 'example_trigger_target_dag' retrieved from /mnt/d/Programming/Vietnamese-Text-Generator/airflow_env/lib/python3.10/site-packages/airflow/example_dags/example_trigger_target_dag.py
[2024-05-24T17:24:05.768+0700] {logging_mixin.py:188} INFO - [2024-05-24T17:24:05.765+0700] {dag.py:3096} INFO - Sync 1 DAGs
[2024-05-24T17:24:05.824+0700] {logging_mixin.py:188} INFO - [2024-05-24T17:24:05.821+0700] {dag.py:3954} INFO - Setting next_dagrun for example_trigger_target_dag to None, run_after=None
[2024-05-24T17:24:05.984+0700] {processor.py:183} INFO - Processing /mnt/d/Programming/Vietnamese-Text-Generator/airflow_env/lib/python3.10/site-packages/airflow/example_dags/example_trigger_target_dag.py took 0.430 seconds
[2024-05-24T17:46:55.136+0700] {processor.py:161} INFO - Started process (PID=8069) to work on /mnt/d/Programming/Vietnamese-Text-Generator/airflow_env/lib/python3.10/site-packages/airflow/example_dags/example_trigger_target_dag.py
[2024-05-24T17:46:55.141+0700] {processor.py:830} INFO - Processing file /mnt/d/Programming/Vietnamese-Text-Generator/airflow_env/lib/python3.10/site-packages/airflow/example_dags/example_trigger_target_dag.py for tasks to queue
[2024-05-24T17:46:55.146+0700] {logging_mixin.py:188} INFO - [2024-05-24T17:46:55.144+0700] {dagbag.py:540} INFO - Filling up the DagBag from /mnt/d/Programming/Vietnamese-Text-Generator/airflow_env/lib/python3.10/site-packages/airflow/example_dags/example_trigger_target_dag.py
[2024-05-24T17:46:55.221+0700] {processor.py:840} INFO - DAG(s) 'example_trigger_target_dag' retrieved from /mnt/d/Programming/Vietnamese-Text-Generator/airflow_env/lib/python3.10/site-packages/airflow/example_dags/example_trigger_target_dag.py
[2024-05-24T17:46:55.269+0700] {logging_mixin.py:188} INFO - [2024-05-24T17:46:55.268+0700] {dag.py:3096} INFO - Sync 1 DAGs
[2024-05-24T17:46:55.302+0700] {logging_mixin.py:188} INFO - [2024-05-24T17:46:55.300+0700] {dag.py:3954} INFO - Setting next_dagrun for example_trigger_target_dag to None, run_after=None
[2024-05-24T17:46:55.382+0700] {processor.py:183} INFO - Processing /mnt/d/Programming/Vietnamese-Text-Generator/airflow_env/lib/python3.10/site-packages/airflow/example_dags/example_trigger_target_dag.py took 0.289 seconds
[2024-05-24T17:48:03.214+0700] {processor.py:161} INFO - Started process (PID=8399) to work on /mnt/d/Programming/Vietnamese-Text-Generator/airflow_env/lib/python3.10/site-packages/airflow/example_dags/example_trigger_target_dag.py
[2024-05-24T17:48:03.216+0700] {processor.py:830} INFO - Processing file /mnt/d/Programming/Vietnamese-Text-Generator/airflow_env/lib/python3.10/site-packages/airflow/example_dags/example_trigger_target_dag.py for tasks to queue
[2024-05-24T17:48:03.222+0700] {logging_mixin.py:188} INFO - [2024-05-24T17:48:03.220+0700] {dagbag.py:540} INFO - Filling up the DagBag from /mnt/d/Programming/Vietnamese-Text-Generator/airflow_env/lib/python3.10/site-packages/airflow/example_dags/example_trigger_target_dag.py
[2024-05-24T17:48:03.256+0700] {processor.py:840} INFO - DAG(s) 'example_trigger_target_dag' retrieved from /mnt/d/Programming/Vietnamese-Text-Generator/airflow_env/lib/python3.10/site-packages/airflow/example_dags/example_trigger_target_dag.py
[2024-05-24T17:48:03.295+0700] {logging_mixin.py:188} INFO - [2024-05-24T17:48:03.293+0700] {dag.py:3096} INFO - Sync 1 DAGs
[2024-05-24T17:48:03.321+0700] {logging_mixin.py:188} INFO - [2024-05-24T17:48:03.320+0700] {dag.py:3954} INFO - Setting next_dagrun for example_trigger_target_dag to None, run_after=None
[2024-05-24T17:48:03.392+0700] {processor.py:183} INFO - Processing /mnt/d/Programming/Vietnamese-Text-Generator/airflow_env/lib/python3.10/site-packages/airflow/example_dags/example_trigger_target_dag.py took 0.197 seconds
[2024-05-24T17:49:06.295+0700] {processor.py:161} INFO - Started process (PID=8674) to work on /mnt/d/Programming/Vietnamese-Text-Generator/airflow_env/lib/python3.10/site-packages/airflow/example_dags/example_trigger_target_dag.py
[2024-05-24T17:49:06.300+0700] {processor.py:830} INFO - Processing file /mnt/d/Programming/Vietnamese-Text-Generator/airflow_env/lib/python3.10/site-packages/airflow/example_dags/example_trigger_target_dag.py for tasks to queue
[2024-05-24T17:49:06.311+0700] {logging_mixin.py:188} INFO - [2024-05-24T17:49:06.308+0700] {dagbag.py:540} INFO - Filling up the DagBag from /mnt/d/Programming/Vietnamese-Text-Generator/airflow_env/lib/python3.10/site-packages/airflow/example_dags/example_trigger_target_dag.py
[2024-05-24T17:49:06.389+0700] {processor.py:840} INFO - DAG(s) 'example_trigger_target_dag' retrieved from /mnt/d/Programming/Vietnamese-Text-Generator/airflow_env/lib/python3.10/site-packages/airflow/example_dags/example_trigger_target_dag.py
[2024-05-24T17:49:06.467+0700] {logging_mixin.py:188} INFO - [2024-05-24T17:49:06.465+0700] {dag.py:3096} INFO - Sync 1 DAGs
[2024-05-24T17:49:06.513+0700] {logging_mixin.py:188} INFO - [2024-05-24T17:49:06.511+0700] {dag.py:3954} INFO - Setting next_dagrun for example_trigger_target_dag to None, run_after=None
[2024-05-24T17:49:06.692+0700] {processor.py:183} INFO - Processing /mnt/d/Programming/Vietnamese-Text-Generator/airflow_env/lib/python3.10/site-packages/airflow/example_dags/example_trigger_target_dag.py took 0.435 seconds
[2024-05-24T17:50:09.057+0700] {processor.py:161} INFO - Started process (PID=8950) to work on /mnt/d/Programming/Vietnamese-Text-Generator/airflow_env/lib/python3.10/site-packages/airflow/example_dags/example_trigger_target_dag.py
[2024-05-24T17:50:09.063+0700] {processor.py:830} INFO - Processing file /mnt/d/Programming/Vietnamese-Text-Generator/airflow_env/lib/python3.10/site-packages/airflow/example_dags/example_trigger_target_dag.py for tasks to queue
[2024-05-24T17:50:09.075+0700] {logging_mixin.py:188} INFO - [2024-05-24T17:50:09.071+0700] {dagbag.py:540} INFO - Filling up the DagBag from /mnt/d/Programming/Vietnamese-Text-Generator/airflow_env/lib/python3.10/site-packages/airflow/example_dags/example_trigger_target_dag.py
[2024-05-24T17:50:09.162+0700] {processor.py:840} INFO - DAG(s) 'example_trigger_target_dag' retrieved from /mnt/d/Programming/Vietnamese-Text-Generator/airflow_env/lib/python3.10/site-packages/airflow/example_dags/example_trigger_target_dag.py
[2024-05-24T17:50:09.258+0700] {logging_mixin.py:188} INFO - [2024-05-24T17:50:09.255+0700] {dag.py:3096} INFO - Sync 1 DAGs
[2024-05-24T17:50:09.308+0700] {logging_mixin.py:188} INFO - [2024-05-24T17:50:09.305+0700] {dag.py:3954} INFO - Setting next_dagrun for example_trigger_target_dag to None, run_after=None
[2024-05-24T17:50:09.525+0700] {processor.py:183} INFO - Processing /mnt/d/Programming/Vietnamese-Text-Generator/airflow_env/lib/python3.10/site-packages/airflow/example_dags/example_trigger_target_dag.py took 0.512 seconds
[2024-05-24T17:51:16.093+0700] {processor.py:161} INFO - Started process (PID=9240) to work on /mnt/d/Programming/Vietnamese-Text-Generator/airflow_env/lib/python3.10/site-packages/airflow/example_dags/example_trigger_target_dag.py
[2024-05-24T17:51:16.099+0700] {processor.py:830} INFO - Processing file /mnt/d/Programming/Vietnamese-Text-Generator/airflow_env/lib/python3.10/site-packages/airflow/example_dags/example_trigger_target_dag.py for tasks to queue
[2024-05-24T17:51:16.111+0700] {logging_mixin.py:188} INFO - [2024-05-24T17:51:16.107+0700] {dagbag.py:540} INFO - Filling up the DagBag from /mnt/d/Programming/Vietnamese-Text-Generator/airflow_env/lib/python3.10/site-packages/airflow/example_dags/example_trigger_target_dag.py
[2024-05-24T17:51:16.200+0700] {processor.py:840} INFO - DAG(s) 'example_trigger_target_dag' retrieved from /mnt/d/Programming/Vietnamese-Text-Generator/airflow_env/lib/python3.10/site-packages/airflow/example_dags/example_trigger_target_dag.py
[2024-05-24T17:51:16.299+0700] {logging_mixin.py:188} INFO - [2024-05-24T17:51:16.295+0700] {dag.py:3096} INFO - Sync 1 DAGs
[2024-05-24T17:51:16.345+0700] {logging_mixin.py:188} INFO - [2024-05-24T17:51:16.342+0700] {dag.py:3954} INFO - Setting next_dagrun for example_trigger_target_dag to None, run_after=None
[2024-05-24T17:51:16.549+0700] {processor.py:183} INFO - Processing /mnt/d/Programming/Vietnamese-Text-Generator/airflow_env/lib/python3.10/site-packages/airflow/example_dags/example_trigger_target_dag.py took 0.503 seconds
[2024-05-24T17:52:27.258+0700] {processor.py:161} INFO - Started process (PID=9558) to work on /mnt/d/Programming/Vietnamese-Text-Generator/airflow_env/lib/python3.10/site-packages/airflow/example_dags/example_trigger_target_dag.py
[2024-05-24T17:52:27.264+0700] {processor.py:830} INFO - Processing file /mnt/d/Programming/Vietnamese-Text-Generator/airflow_env/lib/python3.10/site-packages/airflow/example_dags/example_trigger_target_dag.py for tasks to queue
[2024-05-24T17:52:27.274+0700] {logging_mixin.py:188} INFO - [2024-05-24T17:52:27.271+0700] {dagbag.py:540} INFO - Filling up the DagBag from /mnt/d/Programming/Vietnamese-Text-Generator/airflow_env/lib/python3.10/site-packages/airflow/example_dags/example_trigger_target_dag.py
[2024-05-24T17:52:27.351+0700] {processor.py:840} INFO - DAG(s) 'example_trigger_target_dag' retrieved from /mnt/d/Programming/Vietnamese-Text-Generator/airflow_env/lib/python3.10/site-packages/airflow/example_dags/example_trigger_target_dag.py
[2024-05-24T17:52:27.449+0700] {logging_mixin.py:188} INFO - [2024-05-24T17:52:27.445+0700] {dag.py:3096} INFO - Sync 1 DAGs
[2024-05-24T17:52:27.502+0700] {logging_mixin.py:188} INFO - [2024-05-24T17:52:27.498+0700] {dag.py:3954} INFO - Setting next_dagrun for example_trigger_target_dag to None, run_after=None
[2024-05-24T17:52:27.720+0700] {processor.py:183} INFO - Processing /mnt/d/Programming/Vietnamese-Text-Generator/airflow_env/lib/python3.10/site-packages/airflow/example_dags/example_trigger_target_dag.py took 0.509 seconds
[2024-05-24T17:53:35.590+0700] {processor.py:161} INFO - Started process (PID=9852) to work on /mnt/d/Programming/Vietnamese-Text-Generator/airflow_env/lib/python3.10/site-packages/airflow/example_dags/example_trigger_target_dag.py
[2024-05-24T17:53:35.596+0700] {processor.py:830} INFO - Processing file /mnt/d/Programming/Vietnamese-Text-Generator/airflow_env/lib/python3.10/site-packages/airflow/example_dags/example_trigger_target_dag.py for tasks to queue
[2024-05-24T17:53:35.608+0700] {logging_mixin.py:188} INFO - [2024-05-24T17:53:35.605+0700] {dagbag.py:540} INFO - Filling up the DagBag from /mnt/d/Programming/Vietnamese-Text-Generator/airflow_env/lib/python3.10/site-packages/airflow/example_dags/example_trigger_target_dag.py
[2024-05-24T17:53:35.697+0700] {processor.py:840} INFO - DAG(s) 'example_trigger_target_dag' retrieved from /mnt/d/Programming/Vietnamese-Text-Generator/airflow_env/lib/python3.10/site-packages/airflow/example_dags/example_trigger_target_dag.py
[2024-05-24T17:53:35.797+0700] {logging_mixin.py:188} INFO - [2024-05-24T17:53:35.793+0700] {dag.py:3096} INFO - Sync 1 DAGs
[2024-05-24T17:53:35.851+0700] {logging_mixin.py:188} INFO - [2024-05-24T17:53:35.848+0700] {dag.py:3954} INFO - Setting next_dagrun for example_trigger_target_dag to None, run_after=None
[2024-05-24T17:53:36.022+0700] {processor.py:183} INFO - Processing /mnt/d/Programming/Vietnamese-Text-Generator/airflow_env/lib/python3.10/site-packages/airflow/example_dags/example_trigger_target_dag.py took 0.475 seconds
[2024-05-24T17:54:45.356+0700] {processor.py:161} INFO - Started process (PID=10156) to work on /mnt/d/Programming/Vietnamese-Text-Generator/airflow_env/lib/python3.10/site-packages/airflow/example_dags/example_trigger_target_dag.py
[2024-05-24T17:54:45.363+0700] {processor.py:830} INFO - Processing file /mnt/d/Programming/Vietnamese-Text-Generator/airflow_env/lib/python3.10/site-packages/airflow/example_dags/example_trigger_target_dag.py for tasks to queue
[2024-05-24T17:54:45.376+0700] {logging_mixin.py:188} INFO - [2024-05-24T17:54:45.372+0700] {dagbag.py:540} INFO - Filling up the DagBag from /mnt/d/Programming/Vietnamese-Text-Generator/airflow_env/lib/python3.10/site-packages/airflow/example_dags/example_trigger_target_dag.py
[2024-05-24T17:54:45.466+0700] {processor.py:840} INFO - DAG(s) 'example_trigger_target_dag' retrieved from /mnt/d/Programming/Vietnamese-Text-Generator/airflow_env/lib/python3.10/site-packages/airflow/example_dags/example_trigger_target_dag.py
[2024-05-24T17:54:45.558+0700] {logging_mixin.py:188} INFO - [2024-05-24T17:54:45.555+0700] {dag.py:3096} INFO - Sync 1 DAGs
[2024-05-24T17:54:45.606+0700] {logging_mixin.py:188} INFO - [2024-05-24T17:54:45.603+0700] {dag.py:3954} INFO - Setting next_dagrun for example_trigger_target_dag to None, run_after=None
[2024-05-24T17:54:45.815+0700] {processor.py:183} INFO - Processing /mnt/d/Programming/Vietnamese-Text-Generator/airflow_env/lib/python3.10/site-packages/airflow/example_dags/example_trigger_target_dag.py took 0.506 seconds
[2024-05-24T17:55:55.180+0700] {processor.py:161} INFO - Started process (PID=10462) to work on /mnt/d/Programming/Vietnamese-Text-Generator/airflow_env/lib/python3.10/site-packages/airflow/example_dags/example_trigger_target_dag.py
[2024-05-24T17:55:55.185+0700] {processor.py:830} INFO - Processing file /mnt/d/Programming/Vietnamese-Text-Generator/airflow_env/lib/python3.10/site-packages/airflow/example_dags/example_trigger_target_dag.py for tasks to queue
[2024-05-24T17:55:55.196+0700] {logging_mixin.py:188} INFO - [2024-05-24T17:55:55.193+0700] {dagbag.py:540} INFO - Filling up the DagBag from /mnt/d/Programming/Vietnamese-Text-Generator/airflow_env/lib/python3.10/site-packages/airflow/example_dags/example_trigger_target_dag.py
[2024-05-24T17:55:55.275+0700] {processor.py:840} INFO - DAG(s) 'example_trigger_target_dag' retrieved from /mnt/d/Programming/Vietnamese-Text-Generator/airflow_env/lib/python3.10/site-packages/airflow/example_dags/example_trigger_target_dag.py
[2024-05-24T17:55:55.368+0700] {logging_mixin.py:188} INFO - [2024-05-24T17:55:55.365+0700] {dag.py:3096} INFO - Sync 1 DAGs
[2024-05-24T17:55:55.418+0700] {logging_mixin.py:188} INFO - [2024-05-24T17:55:55.415+0700] {dag.py:3954} INFO - Setting next_dagrun for example_trigger_target_dag to None, run_after=None
[2024-05-24T17:55:55.621+0700] {processor.py:183} INFO - Processing /mnt/d/Programming/Vietnamese-Text-Generator/airflow_env/lib/python3.10/site-packages/airflow/example_dags/example_trigger_target_dag.py took 0.480 seconds
[2024-05-24T17:57:05.354+0700] {processor.py:161} INFO - Started process (PID=10768) to work on /mnt/d/Programming/Vietnamese-Text-Generator/airflow_env/lib/python3.10/site-packages/airflow/example_dags/example_trigger_target_dag.py
[2024-05-24T17:57:05.360+0700] {processor.py:830} INFO - Processing file /mnt/d/Programming/Vietnamese-Text-Generator/airflow_env/lib/python3.10/site-packages/airflow/example_dags/example_trigger_target_dag.py for tasks to queue
[2024-05-24T17:57:05.370+0700] {logging_mixin.py:188} INFO - [2024-05-24T17:57:05.367+0700] {dagbag.py:540} INFO - Filling up the DagBag from /mnt/d/Programming/Vietnamese-Text-Generator/airflow_env/lib/python3.10/site-packages/airflow/example_dags/example_trigger_target_dag.py
[2024-05-24T17:57:05.462+0700] {processor.py:840} INFO - DAG(s) 'example_trigger_target_dag' retrieved from /mnt/d/Programming/Vietnamese-Text-Generator/airflow_env/lib/python3.10/site-packages/airflow/example_dags/example_trigger_target_dag.py
[2024-05-24T17:57:05.555+0700] {logging_mixin.py:188} INFO - [2024-05-24T17:57:05.551+0700] {dag.py:3096} INFO - Sync 1 DAGs
[2024-05-24T17:57:05.598+0700] {logging_mixin.py:188} INFO - [2024-05-24T17:57:05.595+0700] {dag.py:3954} INFO - Setting next_dagrun for example_trigger_target_dag to None, run_after=None
[2024-05-24T17:57:05.748+0700] {processor.py:183} INFO - Processing /mnt/d/Programming/Vietnamese-Text-Generator/airflow_env/lib/python3.10/site-packages/airflow/example_dags/example_trigger_target_dag.py took 0.437 seconds
[2024-05-24T17:58:14.211+0700] {processor.py:161} INFO - Started process (PID=11067) to work on /mnt/d/Programming/Vietnamese-Text-Generator/airflow_env/lib/python3.10/site-packages/airflow/example_dags/example_trigger_target_dag.py
[2024-05-24T17:58:14.218+0700] {processor.py:830} INFO - Processing file /mnt/d/Programming/Vietnamese-Text-Generator/airflow_env/lib/python3.10/site-packages/airflow/example_dags/example_trigger_target_dag.py for tasks to queue
[2024-05-24T17:58:14.229+0700] {logging_mixin.py:188} INFO - [2024-05-24T17:58:14.225+0700] {dagbag.py:540} INFO - Filling up the DagBag from /mnt/d/Programming/Vietnamese-Text-Generator/airflow_env/lib/python3.10/site-packages/airflow/example_dags/example_trigger_target_dag.py
[2024-05-24T17:58:14.316+0700] {processor.py:840} INFO - DAG(s) 'example_trigger_target_dag' retrieved from /mnt/d/Programming/Vietnamese-Text-Generator/airflow_env/lib/python3.10/site-packages/airflow/example_dags/example_trigger_target_dag.py
[2024-05-24T17:58:14.410+0700] {logging_mixin.py:188} INFO - [2024-05-24T17:58:14.407+0700] {dag.py:3096} INFO - Sync 1 DAGs
[2024-05-24T17:58:14.463+0700] {logging_mixin.py:188} INFO - [2024-05-24T17:58:14.459+0700] {dag.py:3954} INFO - Setting next_dagrun for example_trigger_target_dag to None, run_after=None
[2024-05-24T17:58:14.647+0700] {processor.py:183} INFO - Processing /mnt/d/Programming/Vietnamese-Text-Generator/airflow_env/lib/python3.10/site-packages/airflow/example_dags/example_trigger_target_dag.py took 0.479 seconds
[2024-05-24T17:59:20.757+0700] {processor.py:161} INFO - Started process (PID=11357) to work on /mnt/d/Programming/Vietnamese-Text-Generator/airflow_env/lib/python3.10/site-packages/airflow/example_dags/example_trigger_target_dag.py
[2024-05-24T17:59:20.763+0700] {processor.py:830} INFO - Processing file /mnt/d/Programming/Vietnamese-Text-Generator/airflow_env/lib/python3.10/site-packages/airflow/example_dags/example_trigger_target_dag.py for tasks to queue
[2024-05-24T17:59:20.774+0700] {logging_mixin.py:188} INFO - [2024-05-24T17:59:20.770+0700] {dagbag.py:540} INFO - Filling up the DagBag from /mnt/d/Programming/Vietnamese-Text-Generator/airflow_env/lib/python3.10/site-packages/airflow/example_dags/example_trigger_target_dag.py
[2024-05-24T17:59:20.846+0700] {processor.py:840} INFO - DAG(s) 'example_trigger_target_dag' retrieved from /mnt/d/Programming/Vietnamese-Text-Generator/airflow_env/lib/python3.10/site-packages/airflow/example_dags/example_trigger_target_dag.py
[2024-05-24T17:59:20.926+0700] {logging_mixin.py:188} INFO - [2024-05-24T17:59:20.923+0700] {dag.py:3096} INFO - Sync 1 DAGs
[2024-05-24T17:59:20.971+0700] {logging_mixin.py:188} INFO - [2024-05-24T17:59:20.968+0700] {dag.py:3954} INFO - Setting next_dagrun for example_trigger_target_dag to None, run_after=None
[2024-05-24T17:59:21.161+0700] {processor.py:183} INFO - Processing /mnt/d/Programming/Vietnamese-Text-Generator/airflow_env/lib/python3.10/site-packages/airflow/example_dags/example_trigger_target_dag.py took 0.442 seconds
[2024-05-24T18:00:28.795+0700] {processor.py:161} INFO - Started process (PID=11652) to work on /mnt/d/Programming/Vietnamese-Text-Generator/airflow_env/lib/python3.10/site-packages/airflow/example_dags/example_trigger_target_dag.py
[2024-05-24T18:00:28.801+0700] {processor.py:830} INFO - Processing file /mnt/d/Programming/Vietnamese-Text-Generator/airflow_env/lib/python3.10/site-packages/airflow/example_dags/example_trigger_target_dag.py for tasks to queue
[2024-05-24T18:00:28.813+0700] {logging_mixin.py:188} INFO - [2024-05-24T18:00:28.809+0700] {dagbag.py:540} INFO - Filling up the DagBag from /mnt/d/Programming/Vietnamese-Text-Generator/airflow_env/lib/python3.10/site-packages/airflow/example_dags/example_trigger_target_dag.py
[2024-05-24T18:00:28.893+0700] {processor.py:840} INFO - DAG(s) 'example_trigger_target_dag' retrieved from /mnt/d/Programming/Vietnamese-Text-Generator/airflow_env/lib/python3.10/site-packages/airflow/example_dags/example_trigger_target_dag.py
[2024-05-24T18:00:28.989+0700] {logging_mixin.py:188} INFO - [2024-05-24T18:00:28.985+0700] {dag.py:3096} INFO - Sync 1 DAGs
[2024-05-24T18:00:29.043+0700] {logging_mixin.py:188} INFO - [2024-05-24T18:00:29.039+0700] {dag.py:3954} INFO - Setting next_dagrun for example_trigger_target_dag to None, run_after=None
[2024-05-24T18:00:29.277+0700] {processor.py:183} INFO - Processing /mnt/d/Programming/Vietnamese-Text-Generator/airflow_env/lib/python3.10/site-packages/airflow/example_dags/example_trigger_target_dag.py took 0.524 seconds
[2024-05-24T18:01:39.363+0700] {processor.py:161} INFO - Started process (PID=11959) to work on /mnt/d/Programming/Vietnamese-Text-Generator/airflow_env/lib/python3.10/site-packages/airflow/example_dags/example_trigger_target_dag.py
[2024-05-24T18:01:39.370+0700] {processor.py:830} INFO - Processing file /mnt/d/Programming/Vietnamese-Text-Generator/airflow_env/lib/python3.10/site-packages/airflow/example_dags/example_trigger_target_dag.py for tasks to queue
[2024-05-24T18:01:39.382+0700] {logging_mixin.py:188} INFO - [2024-05-24T18:01:39.378+0700] {dagbag.py:540} INFO - Filling up the DagBag from /mnt/d/Programming/Vietnamese-Text-Generator/airflow_env/lib/python3.10/site-packages/airflow/example_dags/example_trigger_target_dag.py
[2024-05-24T18:01:39.461+0700] {processor.py:840} INFO - DAG(s) 'example_trigger_target_dag' retrieved from /mnt/d/Programming/Vietnamese-Text-Generator/airflow_env/lib/python3.10/site-packages/airflow/example_dags/example_trigger_target_dag.py
[2024-05-24T18:01:39.572+0700] {logging_mixin.py:188} INFO - [2024-05-24T18:01:39.569+0700] {dag.py:3096} INFO - Sync 1 DAGs
[2024-05-24T18:01:39.623+0700] {logging_mixin.py:188} INFO - [2024-05-24T18:01:39.620+0700] {dag.py:3954} INFO - Setting next_dagrun for example_trigger_target_dag to None, run_after=None
[2024-05-24T18:01:39.801+0700] {processor.py:183} INFO - Processing /mnt/d/Programming/Vietnamese-Text-Generator/airflow_env/lib/python3.10/site-packages/airflow/example_dags/example_trigger_target_dag.py took 0.483 seconds
[2024-05-24T18:02:48.158+0700] {processor.py:161} INFO - Started process (PID=12260) to work on /mnt/d/Programming/Vietnamese-Text-Generator/airflow_env/lib/python3.10/site-packages/airflow/example_dags/example_trigger_target_dag.py
[2024-05-24T18:02:48.163+0700] {processor.py:830} INFO - Processing file /mnt/d/Programming/Vietnamese-Text-Generator/airflow_env/lib/python3.10/site-packages/airflow/example_dags/example_trigger_target_dag.py for tasks to queue
[2024-05-24T18:02:48.173+0700] {logging_mixin.py:188} INFO - [2024-05-24T18:02:48.171+0700] {dagbag.py:540} INFO - Filling up the DagBag from /mnt/d/Programming/Vietnamese-Text-Generator/airflow_env/lib/python3.10/site-packages/airflow/example_dags/example_trigger_target_dag.py
[2024-05-24T18:02:48.239+0700] {processor.py:840} INFO - DAG(s) 'example_trigger_target_dag' retrieved from /mnt/d/Programming/Vietnamese-Text-Generator/airflow_env/lib/python3.10/site-packages/airflow/example_dags/example_trigger_target_dag.py
[2024-05-24T18:02:48.294+0700] {logging_mixin.py:188} INFO - [2024-05-24T18:02:48.292+0700] {dag.py:3096} INFO - Sync 1 DAGs
[2024-05-24T18:02:48.319+0700] {logging_mixin.py:188} INFO - [2024-05-24T18:02:48.318+0700] {dag.py:3954} INFO - Setting next_dagrun for example_trigger_target_dag to None, run_after=None
[2024-05-24T18:02:48.422+0700] {processor.py:183} INFO - Processing /mnt/d/Programming/Vietnamese-Text-Generator/airflow_env/lib/python3.10/site-packages/airflow/example_dags/example_trigger_target_dag.py took 0.313 seconds
[2024-05-24T18:04:00.029+0700] {processor.py:161} INFO - Started process (PID=12576) to work on /mnt/d/Programming/Vietnamese-Text-Generator/airflow_env/lib/python3.10/site-packages/airflow/example_dags/example_trigger_target_dag.py
[2024-05-24T18:04:00.035+0700] {processor.py:830} INFO - Processing file /mnt/d/Programming/Vietnamese-Text-Generator/airflow_env/lib/python3.10/site-packages/airflow/example_dags/example_trigger_target_dag.py for tasks to queue
[2024-05-24T18:04:00.047+0700] {logging_mixin.py:188} INFO - [2024-05-24T18:04:00.044+0700] {dagbag.py:540} INFO - Filling up the DagBag from /mnt/d/Programming/Vietnamese-Text-Generator/airflow_env/lib/python3.10/site-packages/airflow/example_dags/example_trigger_target_dag.py
[2024-05-24T18:04:00.106+0700] {processor.py:840} INFO - DAG(s) 'example_trigger_target_dag' retrieved from /mnt/d/Programming/Vietnamese-Text-Generator/airflow_env/lib/python3.10/site-packages/airflow/example_dags/example_trigger_target_dag.py
[2024-05-24T18:04:00.178+0700] {logging_mixin.py:188} INFO - [2024-05-24T18:04:00.175+0700] {dag.py:3096} INFO - Sync 1 DAGs
[2024-05-24T18:04:00.219+0700] {logging_mixin.py:188} INFO - [2024-05-24T18:04:00.218+0700] {dag.py:3954} INFO - Setting next_dagrun for example_trigger_target_dag to None, run_after=None
[2024-05-24T18:04:00.311+0700] {processor.py:183} INFO - Processing /mnt/d/Programming/Vietnamese-Text-Generator/airflow_env/lib/python3.10/site-packages/airflow/example_dags/example_trigger_target_dag.py took 0.316 seconds
[2024-05-24T18:05:10.926+0700] {processor.py:161} INFO - Started process (PID=12885) to work on /mnt/d/Programming/Vietnamese-Text-Generator/airflow_env/lib/python3.10/site-packages/airflow/example_dags/example_trigger_target_dag.py
[2024-05-24T18:05:10.932+0700] {processor.py:830} INFO - Processing file /mnt/d/Programming/Vietnamese-Text-Generator/airflow_env/lib/python3.10/site-packages/airflow/example_dags/example_trigger_target_dag.py for tasks to queue
[2024-05-24T18:05:10.942+0700] {logging_mixin.py:188} INFO - [2024-05-24T18:05:10.939+0700] {dagbag.py:540} INFO - Filling up the DagBag from /mnt/d/Programming/Vietnamese-Text-Generator/airflow_env/lib/python3.10/site-packages/airflow/example_dags/example_trigger_target_dag.py
[2024-05-24T18:05:11.026+0700] {processor.py:840} INFO - DAG(s) 'example_trigger_target_dag' retrieved from /mnt/d/Programming/Vietnamese-Text-Generator/airflow_env/lib/python3.10/site-packages/airflow/example_dags/example_trigger_target_dag.py
[2024-05-24T18:05:11.117+0700] {logging_mixin.py:188} INFO - [2024-05-24T18:05:11.114+0700] {dag.py:3096} INFO - Sync 1 DAGs
[2024-05-24T18:05:11.166+0700] {logging_mixin.py:188} INFO - [2024-05-24T18:05:11.163+0700] {dag.py:3954} INFO - Setting next_dagrun for example_trigger_target_dag to None, run_after=None
[2024-05-24T18:05:11.346+0700] {processor.py:183} INFO - Processing /mnt/d/Programming/Vietnamese-Text-Generator/airflow_env/lib/python3.10/site-packages/airflow/example_dags/example_trigger_target_dag.py took 0.460 seconds
