[2024-05-24T17:02:44.311+0700] {processor.py:161} INFO - Started process (PID=2070) to work on /mnt/d/Programming/Vietnamese-Text-Generator/airflow_env/lib/python3.10/site-packages/airflow/example_dags/example_branch_python_dop_operator_3.py
[2024-05-24T17:02:44.318+0700] {processor.py:830} INFO - Processing file /mnt/d/Programming/Vietnamese-Text-Generator/airflow_env/lib/python3.10/site-packages/airflow/example_dags/example_branch_python_dop_operator_3.py for tasks to queue
[2024-05-24T17:02:44.338+0700] {logging_mixin.py:188} INFO - [2024-05-24T17:02:44.331+0700] {dagbag.py:540} INFO - Filling up the DagBag from /mnt/d/Programming/Vietnamese-Text-Generator/airflow_env/lib/python3.10/site-packages/airflow/example_dags/example_branch_python_dop_operator_3.py
[2024-05-24T17:02:44.501+0700] {processor.py:840} INFO - DAG(s) 'example_branch_dop_operator_v3' retrieved from /mnt/d/Programming/Vietnamese-Text-Generator/airflow_env/lib/python3.10/site-packages/airflow/example_dags/example_branch_python_dop_operator_3.py
[2024-05-24T17:02:44.568+0700] {logging_mixin.py:188} INFO - [2024-05-24T17:02:44.561+0700] {dag.py:3096} INFO - Sync 1 DAGs
[2024-05-24T17:02:44.658+0700] {logging_mixin.py:188} INFO - [2024-05-24T17:02:44.657+0700] {dag.py:3954} INFO - Setting next_dagrun for example_branch_dop_operator_v3 to 2024-05-24 10:01:00+00:00, run_after=2024-05-24 10:02:00+00:00
[2024-05-24T17:02:44.822+0700] {processor.py:183} INFO - Processing /mnt/d/Programming/Vietnamese-Text-Generator/airflow_env/lib/python3.10/site-packages/airflow/example_dags/example_branch_python_dop_operator_3.py took 0.565 seconds
[2024-05-24T17:05:13.178+0700] {processor.py:161} INFO - Started process (PID=2720) to work on /mnt/d/Programming/Vietnamese-Text-Generator/airflow_env/lib/python3.10/site-packages/airflow/example_dags/example_branch_python_dop_operator_3.py
[2024-05-24T17:05:13.184+0700] {processor.py:830} INFO - Processing file /mnt/d/Programming/Vietnamese-Text-Generator/airflow_env/lib/python3.10/site-packages/airflow/example_dags/example_branch_python_dop_operator_3.py for tasks to queue
[2024-05-24T17:05:13.196+0700] {logging_mixin.py:188} INFO - [2024-05-24T17:05:13.191+0700] {dagbag.py:540} INFO - Filling up the DagBag from /mnt/d/Programming/Vietnamese-Text-Generator/airflow_env/lib/python3.10/site-packages/airflow/example_dags/example_branch_python_dop_operator_3.py
[2024-05-24T17:05:13.304+0700] {processor.py:840} INFO - DAG(s) 'example_branch_dop_operator_v3' retrieved from /mnt/d/Programming/Vietnamese-Text-Generator/airflow_env/lib/python3.10/site-packages/airflow/example_dags/example_branch_python_dop_operator_3.py
[2024-05-24T17:05:13.403+0700] {logging_mixin.py:188} INFO - [2024-05-24T17:05:13.401+0700] {dag.py:3096} INFO - Sync 1 DAGs
[2024-05-24T17:05:13.499+0700] {logging_mixin.py:188} INFO - [2024-05-24T17:05:13.497+0700] {dag.py:3954} INFO - Setting next_dagrun for example_branch_dop_operator_v3 to 2024-05-24 10:04:00+00:00, run_after=2024-05-24 10:05:00+00:00
[2024-05-24T17:05:13.652+0700] {processor.py:183} INFO - Processing /mnt/d/Programming/Vietnamese-Text-Generator/airflow_env/lib/python3.10/site-packages/airflow/example_dags/example_branch_python_dop_operator_3.py took 0.517 seconds
[2024-05-24T17:07:28.519+0700] {processor.py:161} INFO - Started process (PID=3388) to work on /mnt/d/Programming/Vietnamese-Text-Generator/airflow_env/lib/python3.10/site-packages/airflow/example_dags/example_branch_python_dop_operator_3.py
[2024-05-24T17:07:28.527+0700] {processor.py:830} INFO - Processing file /mnt/d/Programming/Vietnamese-Text-Generator/airflow_env/lib/python3.10/site-packages/airflow/example_dags/example_branch_python_dop_operator_3.py for tasks to queue
[2024-05-24T17:07:28.539+0700] {logging_mixin.py:188} INFO - [2024-05-24T17:07:28.536+0700] {dagbag.py:540} INFO - Filling up the DagBag from /mnt/d/Programming/Vietnamese-Text-Generator/airflow_env/lib/python3.10/site-packages/airflow/example_dags/example_branch_python_dop_operator_3.py
[2024-05-24T17:07:28.657+0700] {processor.py:840} INFO - DAG(s) 'example_branch_dop_operator_v3' retrieved from /mnt/d/Programming/Vietnamese-Text-Generator/airflow_env/lib/python3.10/site-packages/airflow/example_dags/example_branch_python_dop_operator_3.py
[2024-05-24T17:07:28.761+0700] {logging_mixin.py:188} INFO - [2024-05-24T17:07:28.757+0700] {dag.py:3096} INFO - Sync 1 DAGs
[2024-05-24T17:07:28.913+0700] {logging_mixin.py:188} INFO - [2024-05-24T17:07:28.910+0700] {dag.py:3954} INFO - Setting next_dagrun for example_branch_dop_operator_v3 to 2024-05-24 10:06:00+00:00, run_after=2024-05-24 10:07:00+00:00
[2024-05-24T17:07:29.107+0700] {processor.py:183} INFO - Processing /mnt/d/Programming/Vietnamese-Text-Generator/airflow_env/lib/python3.10/site-packages/airflow/example_dags/example_branch_python_dop_operator_3.py took 0.637 seconds
[2024-05-24T17:09:42.005+0700] {processor.py:161} INFO - Started process (PID=3972) to work on /mnt/d/Programming/Vietnamese-Text-Generator/airflow_env/lib/python3.10/site-packages/airflow/example_dags/example_branch_python_dop_operator_3.py
[2024-05-24T17:09:42.012+0700] {processor.py:830} INFO - Processing file /mnt/d/Programming/Vietnamese-Text-Generator/airflow_env/lib/python3.10/site-packages/airflow/example_dags/example_branch_python_dop_operator_3.py for tasks to queue
[2024-05-24T17:09:42.025+0700] {logging_mixin.py:188} INFO - [2024-05-24T17:09:42.021+0700] {dagbag.py:540} INFO - Filling up the DagBag from /mnt/d/Programming/Vietnamese-Text-Generator/airflow_env/lib/python3.10/site-packages/airflow/example_dags/example_branch_python_dop_operator_3.py
[2024-05-24T17:09:42.137+0700] {processor.py:840} INFO - DAG(s) 'example_branch_dop_operator_v3' retrieved from /mnt/d/Programming/Vietnamese-Text-Generator/airflow_env/lib/python3.10/site-packages/airflow/example_dags/example_branch_python_dop_operator_3.py
[2024-05-24T17:09:42.230+0700] {logging_mixin.py:188} INFO - [2024-05-24T17:09:42.227+0700] {dag.py:3096} INFO - Sync 1 DAGs
[2024-05-24T17:09:42.337+0700] {logging_mixin.py:188} INFO - [2024-05-24T17:09:42.335+0700] {dag.py:3954} INFO - Setting next_dagrun for example_branch_dop_operator_v3 to 2024-05-24 10:08:00+00:00, run_after=2024-05-24 10:09:00+00:00
[2024-05-24T17:09:42.510+0700] {processor.py:183} INFO - Processing /mnt/d/Programming/Vietnamese-Text-Generator/airflow_env/lib/python3.10/site-packages/airflow/example_dags/example_branch_python_dop_operator_3.py took 0.553 seconds
[2024-05-24T17:12:03.324+0700] {processor.py:161} INFO - Started process (PID=4591) to work on /mnt/d/Programming/Vietnamese-Text-Generator/airflow_env/lib/python3.10/site-packages/airflow/example_dags/example_branch_python_dop_operator_3.py
[2024-05-24T17:12:03.331+0700] {processor.py:830} INFO - Processing file /mnt/d/Programming/Vietnamese-Text-Generator/airflow_env/lib/python3.10/site-packages/airflow/example_dags/example_branch_python_dop_operator_3.py for tasks to queue
[2024-05-24T17:12:03.343+0700] {logging_mixin.py:188} INFO - [2024-05-24T17:12:03.339+0700] {dagbag.py:540} INFO - Filling up the DagBag from /mnt/d/Programming/Vietnamese-Text-Generator/airflow_env/lib/python3.10/site-packages/airflow/example_dags/example_branch_python_dop_operator_3.py
[2024-05-24T17:12:03.452+0700] {processor.py:840} INFO - DAG(s) 'example_branch_dop_operator_v3' retrieved from /mnt/d/Programming/Vietnamese-Text-Generator/airflow_env/lib/python3.10/site-packages/airflow/example_dags/example_branch_python_dop_operator_3.py
[2024-05-24T17:12:03.546+0700] {logging_mixin.py:188} INFO - [2024-05-24T17:12:03.542+0700] {dag.py:3096} INFO - Sync 1 DAGs
[2024-05-24T17:12:03.684+0700] {logging_mixin.py:188} INFO - [2024-05-24T17:12:03.680+0700] {dag.py:3954} INFO - Setting next_dagrun for example_branch_dop_operator_v3 to 2024-05-24 10:11:00+00:00, run_after=2024-05-24 10:12:00+00:00
[2024-05-24T17:12:03.902+0700] {processor.py:183} INFO - Processing /mnt/d/Programming/Vietnamese-Text-Generator/airflow_env/lib/python3.10/site-packages/airflow/example_dags/example_branch_python_dop_operator_3.py took 0.627 seconds
[2024-05-24T17:14:18.410+0700] {processor.py:161} INFO - Started process (PID=5182) to work on /mnt/d/Programming/Vietnamese-Text-Generator/airflow_env/lib/python3.10/site-packages/airflow/example_dags/example_branch_python_dop_operator_3.py
[2024-05-24T17:14:18.416+0700] {processor.py:830} INFO - Processing file /mnt/d/Programming/Vietnamese-Text-Generator/airflow_env/lib/python3.10/site-packages/airflow/example_dags/example_branch_python_dop_operator_3.py for tasks to queue
[2024-05-24T17:14:18.426+0700] {logging_mixin.py:188} INFO - [2024-05-24T17:14:18.423+0700] {dagbag.py:540} INFO - Filling up the DagBag from /mnt/d/Programming/Vietnamese-Text-Generator/airflow_env/lib/python3.10/site-packages/airflow/example_dags/example_branch_python_dop_operator_3.py
[2024-05-24T17:14:18.524+0700] {processor.py:840} INFO - DAG(s) 'example_branch_dop_operator_v3' retrieved from /mnt/d/Programming/Vietnamese-Text-Generator/airflow_env/lib/python3.10/site-packages/airflow/example_dags/example_branch_python_dop_operator_3.py
[2024-05-24T17:14:18.615+0700] {logging_mixin.py:188} INFO - [2024-05-24T17:14:18.612+0700] {dag.py:3096} INFO - Sync 1 DAGs
[2024-05-24T17:14:18.753+0700] {logging_mixin.py:188} INFO - [2024-05-24T17:14:18.749+0700] {dag.py:3954} INFO - Setting next_dagrun for example_branch_dop_operator_v3 to 2024-05-24 10:13:00+00:00, run_after=2024-05-24 10:14:00+00:00
[2024-05-24T17:14:18.977+0700] {processor.py:183} INFO - Processing /mnt/d/Programming/Vietnamese-Text-Generator/airflow_env/lib/python3.10/site-packages/airflow/example_dags/example_branch_python_dop_operator_3.py took 0.611 seconds
[2024-05-24T17:16:40.417+0700] {processor.py:161} INFO - Started process (PID=5800) to work on /mnt/d/Programming/Vietnamese-Text-Generator/airflow_env/lib/python3.10/site-packages/airflow/example_dags/example_branch_python_dop_operator_3.py
[2024-05-24T17:16:40.426+0700] {processor.py:830} INFO - Processing file /mnt/d/Programming/Vietnamese-Text-Generator/airflow_env/lib/python3.10/site-packages/airflow/example_dags/example_branch_python_dop_operator_3.py for tasks to queue
[2024-05-24T17:16:40.446+0700] {logging_mixin.py:188} INFO - [2024-05-24T17:16:40.441+0700] {dagbag.py:540} INFO - Filling up the DagBag from /mnt/d/Programming/Vietnamese-Text-Generator/airflow_env/lib/python3.10/site-packages/airflow/example_dags/example_branch_python_dop_operator_3.py
[2024-05-24T17:16:40.556+0700] {processor.py:840} INFO - DAG(s) 'example_branch_dop_operator_v3' retrieved from /mnt/d/Programming/Vietnamese-Text-Generator/airflow_env/lib/python3.10/site-packages/airflow/example_dags/example_branch_python_dop_operator_3.py
[2024-05-24T17:16:40.594+0700] {logging_mixin.py:188} INFO - [2024-05-24T17:16:40.593+0700] {dag.py:3096} INFO - Sync 1 DAGs
[2024-05-24T17:16:40.643+0700] {logging_mixin.py:188} INFO - [2024-05-24T17:16:40.642+0700] {dag.py:3954} INFO - Setting next_dagrun for example_branch_dop_operator_v3 to 2024-05-24 10:15:00+00:00, run_after=2024-05-24 10:16:00+00:00
[2024-05-24T17:16:40.714+0700] {processor.py:183} INFO - Processing /mnt/d/Programming/Vietnamese-Text-Generator/airflow_env/lib/python3.10/site-packages/airflow/example_dags/example_branch_python_dop_operator_3.py took 0.346 seconds
[2024-05-24T17:19:02.344+0700] {processor.py:161} INFO - Started process (PID=6425) to work on /mnt/d/Programming/Vietnamese-Text-Generator/airflow_env/lib/python3.10/site-packages/airflow/example_dags/example_branch_python_dop_operator_3.py
[2024-05-24T17:19:02.349+0700] {processor.py:830} INFO - Processing file /mnt/d/Programming/Vietnamese-Text-Generator/airflow_env/lib/python3.10/site-packages/airflow/example_dags/example_branch_python_dop_operator_3.py for tasks to queue
[2024-05-24T17:19:02.360+0700] {logging_mixin.py:188} INFO - [2024-05-24T17:19:02.357+0700] {dagbag.py:540} INFO - Filling up the DagBag from /mnt/d/Programming/Vietnamese-Text-Generator/airflow_env/lib/python3.10/site-packages/airflow/example_dags/example_branch_python_dop_operator_3.py
[2024-05-24T17:19:02.454+0700] {processor.py:840} INFO - DAG(s) 'example_branch_dop_operator_v3' retrieved from /mnt/d/Programming/Vietnamese-Text-Generator/airflow_env/lib/python3.10/site-packages/airflow/example_dags/example_branch_python_dop_operator_3.py
[2024-05-24T17:19:02.547+0700] {logging_mixin.py:188} INFO - [2024-05-24T17:19:02.544+0700] {dag.py:3096} INFO - Sync 1 DAGs
[2024-05-24T17:19:02.681+0700] {logging_mixin.py:188} INFO - [2024-05-24T17:19:02.678+0700] {dag.py:3954} INFO - Setting next_dagrun for example_branch_dop_operator_v3 to 2024-05-24 10:18:00+00:00, run_after=2024-05-24 10:19:00+00:00
[2024-05-24T17:19:02.910+0700] {processor.py:183} INFO - Processing /mnt/d/Programming/Vietnamese-Text-Generator/airflow_env/lib/python3.10/site-packages/airflow/example_dags/example_branch_python_dop_operator_3.py took 0.605 seconds
[2024-05-24T17:21:17.987+0700] {processor.py:161} INFO - Started process (PID=7018) to work on /mnt/d/Programming/Vietnamese-Text-Generator/airflow_env/lib/python3.10/site-packages/airflow/example_dags/example_branch_python_dop_operator_3.py
[2024-05-24T17:21:17.994+0700] {processor.py:830} INFO - Processing file /mnt/d/Programming/Vietnamese-Text-Generator/airflow_env/lib/python3.10/site-packages/airflow/example_dags/example_branch_python_dop_operator_3.py for tasks to queue
[2024-05-24T17:21:18.007+0700] {logging_mixin.py:188} INFO - [2024-05-24T17:21:18.004+0700] {dagbag.py:540} INFO - Filling up the DagBag from /mnt/d/Programming/Vietnamese-Text-Generator/airflow_env/lib/python3.10/site-packages/airflow/example_dags/example_branch_python_dop_operator_3.py
[2024-05-24T17:21:18.102+0700] {processor.py:840} INFO - DAG(s) 'example_branch_dop_operator_v3' retrieved from /mnt/d/Programming/Vietnamese-Text-Generator/airflow_env/lib/python3.10/site-packages/airflow/example_dags/example_branch_python_dop_operator_3.py
[2024-05-24T17:21:18.193+0700] {logging_mixin.py:188} INFO - [2024-05-24T17:21:18.190+0700] {dag.py:3096} INFO - Sync 1 DAGs
[2024-05-24T17:21:18.310+0700] {logging_mixin.py:188} INFO - [2024-05-24T17:21:18.307+0700] {dag.py:3954} INFO - Setting next_dagrun for example_branch_dop_operator_v3 to 2024-05-24 10:20:00+00:00, run_after=2024-05-24 10:21:00+00:00
[2024-05-24T17:21:18.511+0700] {processor.py:183} INFO - Processing /mnt/d/Programming/Vietnamese-Text-Generator/airflow_env/lib/python3.10/site-packages/airflow/example_dags/example_branch_python_dop_operator_3.py took 0.565 seconds
[2024-05-24T17:23:30.378+0700] {processor.py:161} INFO - Started process (PID=7595) to work on /mnt/d/Programming/Vietnamese-Text-Generator/airflow_env/lib/python3.10/site-packages/airflow/example_dags/example_branch_python_dop_operator_3.py
[2024-05-24T17:23:30.384+0700] {processor.py:830} INFO - Processing file /mnt/d/Programming/Vietnamese-Text-Generator/airflow_env/lib/python3.10/site-packages/airflow/example_dags/example_branch_python_dop_operator_3.py for tasks to queue
[2024-05-24T17:23:30.394+0700] {logging_mixin.py:188} INFO - [2024-05-24T17:23:30.391+0700] {dagbag.py:540} INFO - Filling up the DagBag from /mnt/d/Programming/Vietnamese-Text-Generator/airflow_env/lib/python3.10/site-packages/airflow/example_dags/example_branch_python_dop_operator_3.py
[2024-05-24T17:23:30.486+0700] {processor.py:840} INFO - DAG(s) 'example_branch_dop_operator_v3' retrieved from /mnt/d/Programming/Vietnamese-Text-Generator/airflow_env/lib/python3.10/site-packages/airflow/example_dags/example_branch_python_dop_operator_3.py
[2024-05-24T17:23:30.598+0700] {logging_mixin.py:188} INFO - [2024-05-24T17:23:30.595+0700] {dag.py:3096} INFO - Sync 1 DAGs
[2024-05-24T17:23:30.709+0700] {logging_mixin.py:188} INFO - [2024-05-24T17:23:30.708+0700] {dag.py:3954} INFO - Setting next_dagrun for example_branch_dop_operator_v3 to 2024-05-24 10:22:00+00:00, run_after=2024-05-24 10:23:00+00:00
[2024-05-24T17:23:30.768+0700] {processor.py:183} INFO - Processing /mnt/d/Programming/Vietnamese-Text-Generator/airflow_env/lib/python3.10/site-packages/airflow/example_dags/example_branch_python_dop_operator_3.py took 0.430 seconds
[2024-05-24T17:47:12.857+0700] {processor.py:161} INFO - Started process (PID=8154) to work on /mnt/d/Programming/Vietnamese-Text-Generator/airflow_env/lib/python3.10/site-packages/airflow/example_dags/example_branch_python_dop_operator_3.py
[2024-05-24T17:47:12.859+0700] {processor.py:830} INFO - Processing file /mnt/d/Programming/Vietnamese-Text-Generator/airflow_env/lib/python3.10/site-packages/airflow/example_dags/example_branch_python_dop_operator_3.py for tasks to queue
[2024-05-24T17:47:12.863+0700] {logging_mixin.py:188} INFO - [2024-05-24T17:47:12.862+0700] {dagbag.py:540} INFO - Filling up the DagBag from /mnt/d/Programming/Vietnamese-Text-Generator/airflow_env/lib/python3.10/site-packages/airflow/example_dags/example_branch_python_dop_operator_3.py
[2024-05-24T17:47:12.898+0700] {processor.py:840} INFO - DAG(s) 'example_branch_dop_operator_v3' retrieved from /mnt/d/Programming/Vietnamese-Text-Generator/airflow_env/lib/python3.10/site-packages/airflow/example_dags/example_branch_python_dop_operator_3.py
[2024-05-24T17:47:12.935+0700] {logging_mixin.py:188} INFO - [2024-05-24T17:47:12.934+0700] {dag.py:3096} INFO - Sync 1 DAGs
[2024-05-24T17:47:12.973+0700] {logging_mixin.py:188} INFO - [2024-05-24T17:47:12.973+0700] {dag.py:3954} INFO - Setting next_dagrun for example_branch_dop_operator_v3 to 2024-05-24 10:46:00+00:00, run_after=2024-05-24 10:47:00+00:00
[2024-05-24T17:47:13.039+0700] {processor.py:183} INFO - Processing /mnt/d/Programming/Vietnamese-Text-Generator/airflow_env/lib/python3.10/site-packages/airflow/example_dags/example_branch_python_dop_operator_3.py took 0.196 seconds
[2024-05-24T17:48:31.430+0700] {processor.py:161} INFO - Started process (PID=8521) to work on /mnt/d/Programming/Vietnamese-Text-Generator/airflow_env/lib/python3.10/site-packages/airflow/example_dags/example_branch_python_dop_operator_3.py
[2024-05-24T17:48:31.437+0700] {processor.py:830} INFO - Processing file /mnt/d/Programming/Vietnamese-Text-Generator/airflow_env/lib/python3.10/site-packages/airflow/example_dags/example_branch_python_dop_operator_3.py for tasks to queue
[2024-05-24T17:48:31.449+0700] {logging_mixin.py:188} INFO - [2024-05-24T17:48:31.445+0700] {dagbag.py:540} INFO - Filling up the DagBag from /mnt/d/Programming/Vietnamese-Text-Generator/airflow_env/lib/python3.10/site-packages/airflow/example_dags/example_branch_python_dop_operator_3.py
[2024-05-24T17:48:31.572+0700] {processor.py:840} INFO - DAG(s) 'example_branch_dop_operator_v3' retrieved from /mnt/d/Programming/Vietnamese-Text-Generator/airflow_env/lib/python3.10/site-packages/airflow/example_dags/example_branch_python_dop_operator_3.py
[2024-05-24T17:48:31.647+0700] {logging_mixin.py:188} INFO - [2024-05-24T17:48:31.644+0700] {dag.py:3096} INFO - Sync 1 DAGs
[2024-05-24T17:48:31.758+0700] {logging_mixin.py:188} INFO - [2024-05-24T17:48:31.755+0700] {dag.py:3954} INFO - Setting next_dagrun for example_branch_dop_operator_v3 to 2024-05-24 10:47:00+00:00, run_after=2024-05-24 10:48:00+00:00
[2024-05-24T17:48:31.927+0700] {processor.py:183} INFO - Processing /mnt/d/Programming/Vietnamese-Text-Generator/airflow_env/lib/python3.10/site-packages/airflow/example_dags/example_branch_python_dop_operator_3.py took 0.547 seconds
[2024-05-24T17:50:38.962+0700] {processor.py:161} INFO - Started process (PID=9078) to work on /mnt/d/Programming/Vietnamese-Text-Generator/airflow_env/lib/python3.10/site-packages/airflow/example_dags/example_branch_python_dop_operator_3.py
[2024-05-24T17:50:38.968+0700] {processor.py:830} INFO - Processing file /mnt/d/Programming/Vietnamese-Text-Generator/airflow_env/lib/python3.10/site-packages/airflow/example_dags/example_branch_python_dop_operator_3.py for tasks to queue
[2024-05-24T17:50:38.980+0700] {logging_mixin.py:188} INFO - [2024-05-24T17:50:38.976+0700] {dagbag.py:540} INFO - Filling up the DagBag from /mnt/d/Programming/Vietnamese-Text-Generator/airflow_env/lib/python3.10/site-packages/airflow/example_dags/example_branch_python_dop_operator_3.py
[2024-05-24T17:50:39.086+0700] {processor.py:840} INFO - DAG(s) 'example_branch_dop_operator_v3' retrieved from /mnt/d/Programming/Vietnamese-Text-Generator/airflow_env/lib/python3.10/site-packages/airflow/example_dags/example_branch_python_dop_operator_3.py
[2024-05-24T17:50:39.184+0700] {logging_mixin.py:188} INFO - [2024-05-24T17:50:39.176+0700] {dag.py:3096} INFO - Sync 1 DAGs
[2024-05-24T17:50:39.318+0700] {logging_mixin.py:188} INFO - [2024-05-24T17:50:39.315+0700] {dag.py:3954} INFO - Setting next_dagrun for example_branch_dop_operator_v3 to 2024-05-24 10:49:00+00:00, run_after=2024-05-24 10:50:00+00:00
[2024-05-24T17:50:39.531+0700] {processor.py:183} INFO - Processing /mnt/d/Programming/Vietnamese-Text-Generator/airflow_env/lib/python3.10/site-packages/airflow/example_dags/example_branch_python_dop_operator_3.py took 0.614 seconds
[2024-05-24T17:52:57.352+0700] {processor.py:161} INFO - Started process (PID=9686) to work on /mnt/d/Programming/Vietnamese-Text-Generator/airflow_env/lib/python3.10/site-packages/airflow/example_dags/example_branch_python_dop_operator_3.py
[2024-05-24T17:52:57.358+0700] {processor.py:830} INFO - Processing file /mnt/d/Programming/Vietnamese-Text-Generator/airflow_env/lib/python3.10/site-packages/airflow/example_dags/example_branch_python_dop_operator_3.py for tasks to queue
[2024-05-24T17:52:57.368+0700] {logging_mixin.py:188} INFO - [2024-05-24T17:52:57.365+0700] {dagbag.py:540} INFO - Filling up the DagBag from /mnt/d/Programming/Vietnamese-Text-Generator/airflow_env/lib/python3.10/site-packages/airflow/example_dags/example_branch_python_dop_operator_3.py
[2024-05-24T17:52:57.456+0700] {processor.py:840} INFO - DAG(s) 'example_branch_dop_operator_v3' retrieved from /mnt/d/Programming/Vietnamese-Text-Generator/airflow_env/lib/python3.10/site-packages/airflow/example_dags/example_branch_python_dop_operator_3.py
[2024-05-24T17:52:57.528+0700] {logging_mixin.py:188} INFO - [2024-05-24T17:52:57.526+0700] {dag.py:3096} INFO - Sync 1 DAGs
[2024-05-24T17:52:57.643+0700] {logging_mixin.py:188} INFO - [2024-05-24T17:52:57.641+0700] {dag.py:3954} INFO - Setting next_dagrun for example_branch_dop_operator_v3 to 2024-05-24 10:51:00+00:00, run_after=2024-05-24 10:52:00+00:00
[2024-05-24T17:52:57.857+0700] {processor.py:183} INFO - Processing /mnt/d/Programming/Vietnamese-Text-Generator/airflow_env/lib/python3.10/site-packages/airflow/example_dags/example_branch_python_dop_operator_3.py took 0.552 seconds
[2024-05-24T17:55:16.756+0700] {processor.py:161} INFO - Started process (PID=10293) to work on /mnt/d/Programming/Vietnamese-Text-Generator/airflow_env/lib/python3.10/site-packages/airflow/example_dags/example_branch_python_dop_operator_3.py
[2024-05-24T17:55:16.763+0700] {processor.py:830} INFO - Processing file /mnt/d/Programming/Vietnamese-Text-Generator/airflow_env/lib/python3.10/site-packages/airflow/example_dags/example_branch_python_dop_operator_3.py for tasks to queue
[2024-05-24T17:55:16.782+0700] {logging_mixin.py:188} INFO - [2024-05-24T17:55:16.776+0700] {dagbag.py:540} INFO - Filling up the DagBag from /mnt/d/Programming/Vietnamese-Text-Generator/airflow_env/lib/python3.10/site-packages/airflow/example_dags/example_branch_python_dop_operator_3.py
[2024-05-24T17:55:16.875+0700] {processor.py:840} INFO - DAG(s) 'example_branch_dop_operator_v3' retrieved from /mnt/d/Programming/Vietnamese-Text-Generator/airflow_env/lib/python3.10/site-packages/airflow/example_dags/example_branch_python_dop_operator_3.py
[2024-05-24T17:55:16.919+0700] {logging_mixin.py:188} INFO - [2024-05-24T17:55:16.919+0700] {dag.py:3096} INFO - Sync 1 DAGs
[2024-05-24T17:55:16.958+0700] {logging_mixin.py:188} INFO - [2024-05-24T17:55:16.957+0700] {dag.py:3954} INFO - Setting next_dagrun for example_branch_dop_operator_v3 to 2024-05-24 10:54:00+00:00, run_after=2024-05-24 10:55:00+00:00
[2024-05-24T17:55:17.075+0700] {processor.py:183} INFO - Processing /mnt/d/Programming/Vietnamese-Text-Generator/airflow_env/lib/python3.10/site-packages/airflow/example_dags/example_branch_python_dop_operator_3.py took 0.353 seconds
[2024-05-24T17:57:36.911+0700] {processor.py:161} INFO - Started process (PID=10905) to work on /mnt/d/Programming/Vietnamese-Text-Generator/airflow_env/lib/python3.10/site-packages/airflow/example_dags/example_branch_python_dop_operator_3.py
[2024-05-24T17:57:36.918+0700] {processor.py:830} INFO - Processing file /mnt/d/Programming/Vietnamese-Text-Generator/airflow_env/lib/python3.10/site-packages/airflow/example_dags/example_branch_python_dop_operator_3.py for tasks to queue
[2024-05-24T17:57:36.930+0700] {logging_mixin.py:188} INFO - [2024-05-24T17:57:36.926+0700] {dagbag.py:540} INFO - Filling up the DagBag from /mnt/d/Programming/Vietnamese-Text-Generator/airflow_env/lib/python3.10/site-packages/airflow/example_dags/example_branch_python_dop_operator_3.py
[2024-05-24T17:57:37.043+0700] {processor.py:840} INFO - DAG(s) 'example_branch_dop_operator_v3' retrieved from /mnt/d/Programming/Vietnamese-Text-Generator/airflow_env/lib/python3.10/site-packages/airflow/example_dags/example_branch_python_dop_operator_3.py
[2024-05-24T17:57:37.136+0700] {logging_mixin.py:188} INFO - [2024-05-24T17:57:37.133+0700] {dag.py:3096} INFO - Sync 1 DAGs
[2024-05-24T17:57:37.268+0700] {logging_mixin.py:188} INFO - [2024-05-24T17:57:37.265+0700] {dag.py:3954} INFO - Setting next_dagrun for example_branch_dop_operator_v3 to 2024-05-24 10:56:00+00:00, run_after=2024-05-24 10:57:00+00:00
[2024-05-24T17:57:37.463+0700] {processor.py:183} INFO - Processing /mnt/d/Programming/Vietnamese-Text-Generator/airflow_env/lib/python3.10/site-packages/airflow/example_dags/example_branch_python_dop_operator_3.py took 0.602 seconds
[2024-05-24T17:59:51.716+0700] {processor.py:161} INFO - Started process (PID=11490) to work on /mnt/d/Programming/Vietnamese-Text-Generator/airflow_env/lib/python3.10/site-packages/airflow/example_dags/example_branch_python_dop_operator_3.py
[2024-05-24T17:59:51.722+0700] {processor.py:830} INFO - Processing file /mnt/d/Programming/Vietnamese-Text-Generator/airflow_env/lib/python3.10/site-packages/airflow/example_dags/example_branch_python_dop_operator_3.py for tasks to queue
[2024-05-24T17:59:51.734+0700] {logging_mixin.py:188} INFO - [2024-05-24T17:59:51.730+0700] {dagbag.py:540} INFO - Filling up the DagBag from /mnt/d/Programming/Vietnamese-Text-Generator/airflow_env/lib/python3.10/site-packages/airflow/example_dags/example_branch_python_dop_operator_3.py
[2024-05-24T17:59:51.829+0700] {processor.py:840} INFO - DAG(s) 'example_branch_dop_operator_v3' retrieved from /mnt/d/Programming/Vietnamese-Text-Generator/airflow_env/lib/python3.10/site-packages/airflow/example_dags/example_branch_python_dop_operator_3.py
[2024-05-24T17:59:51.911+0700] {logging_mixin.py:188} INFO - [2024-05-24T17:59:51.908+0700] {dag.py:3096} INFO - Sync 1 DAGs
[2024-05-24T17:59:52.045+0700] {logging_mixin.py:188} INFO - [2024-05-24T17:59:52.042+0700] {dag.py:3954} INFO - Setting next_dagrun for example_branch_dop_operator_v3 to 2024-05-24 10:58:00+00:00, run_after=2024-05-24 10:59:00+00:00
[2024-05-24T17:59:52.260+0700] {processor.py:183} INFO - Processing /mnt/d/Programming/Vietnamese-Text-Generator/airflow_env/lib/python3.10/site-packages/airflow/example_dags/example_branch_python_dop_operator_3.py took 0.589 seconds
[2024-05-24T18:02:11.178+0700] {processor.py:161} INFO - Started process (PID=12098) to work on /mnt/d/Programming/Vietnamese-Text-Generator/airflow_env/lib/python3.10/site-packages/airflow/example_dags/example_branch_python_dop_operator_3.py
[2024-05-24T18:02:11.183+0700] {processor.py:830} INFO - Processing file /mnt/d/Programming/Vietnamese-Text-Generator/airflow_env/lib/python3.10/site-packages/airflow/example_dags/example_branch_python_dop_operator_3.py for tasks to queue
[2024-05-24T18:02:11.194+0700] {logging_mixin.py:188} INFO - [2024-05-24T18:02:11.190+0700] {dagbag.py:540} INFO - Filling up the DagBag from /mnt/d/Programming/Vietnamese-Text-Generator/airflow_env/lib/python3.10/site-packages/airflow/example_dags/example_branch_python_dop_operator_3.py
[2024-05-24T18:02:11.286+0700] {processor.py:840} INFO - DAG(s) 'example_branch_dop_operator_v3' retrieved from /mnt/d/Programming/Vietnamese-Text-Generator/airflow_env/lib/python3.10/site-packages/airflow/example_dags/example_branch_python_dop_operator_3.py
[2024-05-24T18:02:11.369+0700] {logging_mixin.py:188} INFO - [2024-05-24T18:02:11.366+0700] {dag.py:3096} INFO - Sync 1 DAGs
[2024-05-24T18:02:11.487+0700] {logging_mixin.py:188} INFO - [2024-05-24T18:02:11.484+0700] {dag.py:3954} INFO - Setting next_dagrun for example_branch_dop_operator_v3 to 2024-05-24 11:01:00+00:00, run_after=2024-05-24 11:02:00+00:00
[2024-05-24T18:02:11.671+0700] {processor.py:183} INFO - Processing /mnt/d/Programming/Vietnamese-Text-Generator/airflow_env/lib/python3.10/site-packages/airflow/example_dags/example_branch_python_dop_operator_3.py took 0.531 seconds
[2024-05-24T18:04:33.232+0700] {processor.py:161} INFO - Started process (PID=12716) to work on /mnt/d/Programming/Vietnamese-Text-Generator/airflow_env/lib/python3.10/site-packages/airflow/example_dags/example_branch_python_dop_operator_3.py
[2024-05-24T18:04:33.238+0700] {processor.py:830} INFO - Processing file /mnt/d/Programming/Vietnamese-Text-Generator/airflow_env/lib/python3.10/site-packages/airflow/example_dags/example_branch_python_dop_operator_3.py for tasks to queue
[2024-05-24T18:04:33.250+0700] {logging_mixin.py:188} INFO - [2024-05-24T18:04:33.246+0700] {dagbag.py:540} INFO - Filling up the DagBag from /mnt/d/Programming/Vietnamese-Text-Generator/airflow_env/lib/python3.10/site-packages/airflow/example_dags/example_branch_python_dop_operator_3.py
[2024-05-24T18:04:33.352+0700] {processor.py:840} INFO - DAG(s) 'example_branch_dop_operator_v3' retrieved from /mnt/d/Programming/Vietnamese-Text-Generator/airflow_env/lib/python3.10/site-packages/airflow/example_dags/example_branch_python_dop_operator_3.py
[2024-05-24T18:04:33.443+0700] {logging_mixin.py:188} INFO - [2024-05-24T18:04:33.440+0700] {dag.py:3096} INFO - Sync 1 DAGs
[2024-05-24T18:04:33.565+0700] {logging_mixin.py:188} INFO - [2024-05-24T18:04:33.562+0700] {dag.py:3954} INFO - Setting next_dagrun for example_branch_dop_operator_v3 to 2024-05-24 11:03:00+00:00, run_after=2024-05-24 11:04:00+00:00
[2024-05-24T18:04:33.752+0700] {processor.py:183} INFO - Processing /mnt/d/Programming/Vietnamese-Text-Generator/airflow_env/lib/python3.10/site-packages/airflow/example_dags/example_branch_python_dop_operator_3.py took 0.564 seconds
