[2024-05-24T17:01:53.424+0700] {processor.py:161} INFO - Started process (PID=1857) to work on /mnt/d/Programming/Vietnamese-Text-Generator/airflow_env/lib/python3.10/site-packages/airflow/example_dags/example_sensors.py
[2024-05-24T17:01:53.431+0700] {processor.py:830} INFO - Processing file /mnt/d/Programming/Vietnamese-Text-Generator/airflow_env/lib/python3.10/site-packages/airflow/example_dags/example_sensors.py for tasks to queue
[2024-05-24T17:01:53.443+0700] {logging_mixin.py:188} INFO - [2024-05-24T17:01:53.439+0700] {dagbag.py:540} INFO - Filling up the DagBag from /mnt/d/Programming/Vietnamese-Text-Generator/airflow_env/lib/python3.10/site-packages/airflow/example_dags/example_sensors.py
[2024-05-24T17:01:53.531+0700] {processor.py:840} INFO - DAG(s) 'example_sensors' retrieved from /mnt/d/Programming/Vietnamese-Text-Generator/airflow_env/lib/python3.10/site-packages/airflow/example_dags/example_sensors.py
[2024-05-24T17:01:53.672+0700] {logging_mixin.py:188} INFO - [2024-05-24T17:01:53.668+0700] {dag.py:3096} INFO - Sync 1 DAGs
[2024-05-24T17:01:53.723+0700] {logging_mixin.py:188} INFO - [2024-05-24T17:01:53.720+0700] {dag.py:3954} INFO - Setting next_dagrun for example_sensors to None, run_after=None
[2024-05-24T17:01:53.942+0700] {processor.py:183} INFO - Processing /mnt/d/Programming/Vietnamese-Text-Generator/airflow_env/lib/python3.10/site-packages/airflow/example_dags/example_sensors.py took 0.562 seconds
[2024-05-24T17:03:51.683+0700] {processor.py:161} INFO - Started process (PID=2361) to work on /mnt/d/Programming/Vietnamese-Text-Generator/airflow_env/lib/python3.10/site-packages/airflow/example_dags/example_sensors.py
[2024-05-24T17:03:51.689+0700] {processor.py:830} INFO - Processing file /mnt/d/Programming/Vietnamese-Text-Generator/airflow_env/lib/python3.10/site-packages/airflow/example_dags/example_sensors.py for tasks to queue
[2024-05-24T17:03:51.703+0700] {logging_mixin.py:188} INFO - [2024-05-24T17:03:51.698+0700] {dagbag.py:540} INFO - Filling up the DagBag from /mnt/d/Programming/Vietnamese-Text-Generator/airflow_env/lib/python3.10/site-packages/airflow/example_dags/example_sensors.py
[2024-05-24T17:03:51.788+0700] {processor.py:840} INFO - DAG(s) 'example_sensors' retrieved from /mnt/d/Programming/Vietnamese-Text-Generator/airflow_env/lib/python3.10/site-packages/airflow/example_dags/example_sensors.py
[2024-05-24T17:03:51.891+0700] {logging_mixin.py:188} INFO - [2024-05-24T17:03:51.888+0700] {dag.py:3096} INFO - Sync 1 DAGs
[2024-05-24T17:03:51.935+0700] {logging_mixin.py:188} INFO - [2024-05-24T17:03:51.931+0700] {dag.py:3954} INFO - Setting next_dagrun for example_sensors to None, run_after=None
[2024-05-24T17:03:52.125+0700] {processor.py:183} INFO - Processing /mnt/d/Programming/Vietnamese-Text-Generator/airflow_env/lib/python3.10/site-packages/airflow/example_dags/example_sensors.py took 0.487 seconds
[2024-05-24T17:06:08.808+0700] {processor.py:161} INFO - Started process (PID=2962) to work on /mnt/d/Programming/Vietnamese-Text-Generator/airflow_env/lib/python3.10/site-packages/airflow/example_dags/example_sensors.py
[2024-05-24T17:06:08.816+0700] {processor.py:830} INFO - Processing file /mnt/d/Programming/Vietnamese-Text-Generator/airflow_env/lib/python3.10/site-packages/airflow/example_dags/example_sensors.py for tasks to queue
[2024-05-24T17:06:08.829+0700] {logging_mixin.py:188} INFO - [2024-05-24T17:06:08.825+0700] {dagbag.py:540} INFO - Filling up the DagBag from /mnt/d/Programming/Vietnamese-Text-Generator/airflow_env/lib/python3.10/site-packages/airflow/example_dags/example_sensors.py
[2024-05-24T17:06:08.931+0700] {processor.py:840} INFO - DAG(s) 'example_sensors' retrieved from /mnt/d/Programming/Vietnamese-Text-Generator/airflow_env/lib/python3.10/site-packages/airflow/example_dags/example_sensors.py
[2024-05-24T17:06:09.050+0700] {logging_mixin.py:188} INFO - [2024-05-24T17:06:09.047+0700] {dag.py:3096} INFO - Sync 1 DAGs
[2024-05-24T17:06:09.105+0700] {logging_mixin.py:188} INFO - [2024-05-24T17:06:09.102+0700] {dag.py:3954} INFO - Setting next_dagrun for example_sensors to None, run_after=None
[2024-05-24T17:06:09.347+0700] {processor.py:183} INFO - Processing /mnt/d/Programming/Vietnamese-Text-Generator/airflow_env/lib/python3.10/site-packages/airflow/example_dags/example_sensors.py took 0.585 seconds
[2024-05-24T17:08:17.472+0700] {processor.py:161} INFO - Started process (PID=3604) to work on /mnt/d/Programming/Vietnamese-Text-Generator/airflow_env/lib/python3.10/site-packages/airflow/example_dags/example_sensors.py
[2024-05-24T17:08:17.478+0700] {processor.py:830} INFO - Processing file /mnt/d/Programming/Vietnamese-Text-Generator/airflow_env/lib/python3.10/site-packages/airflow/example_dags/example_sensors.py for tasks to queue
[2024-05-24T17:08:17.490+0700] {logging_mixin.py:188} INFO - [2024-05-24T17:08:17.486+0700] {dagbag.py:540} INFO - Filling up the DagBag from /mnt/d/Programming/Vietnamese-Text-Generator/airflow_env/lib/python3.10/site-packages/airflow/example_dags/example_sensors.py
[2024-05-24T17:08:17.599+0700] {processor.py:840} INFO - DAG(s) 'example_sensors' retrieved from /mnt/d/Programming/Vietnamese-Text-Generator/airflow_env/lib/python3.10/site-packages/airflow/example_dags/example_sensors.py
[2024-05-24T17:08:17.719+0700] {logging_mixin.py:188} INFO - [2024-05-24T17:08:17.716+0700] {dag.py:3096} INFO - Sync 1 DAGs
[2024-05-24T17:08:17.768+0700] {logging_mixin.py:188} INFO - [2024-05-24T17:08:17.765+0700] {dag.py:3954} INFO - Setting next_dagrun for example_sensors to None, run_after=None
[2024-05-24T17:08:17.958+0700] {processor.py:183} INFO - Processing /mnt/d/Programming/Vietnamese-Text-Generator/airflow_env/lib/python3.10/site-packages/airflow/example_dags/example_sensors.py took 0.541 seconds
[2024-05-24T17:09:32.271+0700] {processor.py:161} INFO - Started process (PID=3932) to work on /mnt/d/Programming/Vietnamese-Text-Generator/airflow_env/lib/python3.10/site-packages/airflow/example_dags/example_sensors.py
[2024-05-24T17:09:32.278+0700] {processor.py:830} INFO - Processing file /mnt/d/Programming/Vietnamese-Text-Generator/airflow_env/lib/python3.10/site-packages/airflow/example_dags/example_sensors.py for tasks to queue
[2024-05-24T17:09:32.292+0700] {logging_mixin.py:188} INFO - [2024-05-24T17:09:32.288+0700] {dagbag.py:540} INFO - Filling up the DagBag from /mnt/d/Programming/Vietnamese-Text-Generator/airflow_env/lib/python3.10/site-packages/airflow/example_dags/example_sensors.py
[2024-05-24T17:09:32.399+0700] {processor.py:840} INFO - DAG(s) 'example_sensors' retrieved from /mnt/d/Programming/Vietnamese-Text-Generator/airflow_env/lib/python3.10/site-packages/airflow/example_dags/example_sensors.py
[2024-05-24T17:09:32.518+0700] {logging_mixin.py:188} INFO - [2024-05-24T17:09:32.514+0700] {dag.py:3096} INFO - Sync 1 DAGs
[2024-05-24T17:09:32.565+0700] {logging_mixin.py:188} INFO - [2024-05-24T17:09:32.563+0700] {dag.py:3954} INFO - Setting next_dagrun for example_sensors to None, run_after=None
[2024-05-24T17:09:32.751+0700] {processor.py:183} INFO - Processing /mnt/d/Programming/Vietnamese-Text-Generator/airflow_env/lib/python3.10/site-packages/airflow/example_dags/example_sensors.py took 0.529 seconds
[2024-05-24T17:11:53.447+0700] {processor.py:161} INFO - Started process (PID=4551) to work on /mnt/d/Programming/Vietnamese-Text-Generator/airflow_env/lib/python3.10/site-packages/airflow/example_dags/example_sensors.py
[2024-05-24T17:11:53.453+0700] {processor.py:830} INFO - Processing file /mnt/d/Programming/Vietnamese-Text-Generator/airflow_env/lib/python3.10/site-packages/airflow/example_dags/example_sensors.py for tasks to queue
[2024-05-24T17:11:53.463+0700] {logging_mixin.py:188} INFO - [2024-05-24T17:11:53.460+0700] {dagbag.py:540} INFO - Filling up the DagBag from /mnt/d/Programming/Vietnamese-Text-Generator/airflow_env/lib/python3.10/site-packages/airflow/example_dags/example_sensors.py
[2024-05-24T17:11:53.553+0700] {processor.py:840} INFO - DAG(s) 'example_sensors' retrieved from /mnt/d/Programming/Vietnamese-Text-Generator/airflow_env/lib/python3.10/site-packages/airflow/example_dags/example_sensors.py
[2024-05-24T17:11:53.649+0700] {logging_mixin.py:188} INFO - [2024-05-24T17:11:53.646+0700] {dag.py:3096} INFO - Sync 1 DAGs
[2024-05-24T17:11:53.692+0700] {logging_mixin.py:188} INFO - [2024-05-24T17:11:53.690+0700] {dag.py:3954} INFO - Setting next_dagrun for example_sensors to None, run_after=None
[2024-05-24T17:11:53.860+0700] {processor.py:183} INFO - Processing /mnt/d/Programming/Vietnamese-Text-Generator/airflow_env/lib/python3.10/site-packages/airflow/example_dags/example_sensors.py took 0.450 seconds
[2024-05-24T17:14:09.318+0700] {processor.py:161} INFO - Started process (PID=5144) to work on /mnt/d/Programming/Vietnamese-Text-Generator/airflow_env/lib/python3.10/site-packages/airflow/example_dags/example_sensors.py
[2024-05-24T17:14:09.324+0700] {processor.py:830} INFO - Processing file /mnt/d/Programming/Vietnamese-Text-Generator/airflow_env/lib/python3.10/site-packages/airflow/example_dags/example_sensors.py for tasks to queue
[2024-05-24T17:14:09.334+0700] {logging_mixin.py:188} INFO - [2024-05-24T17:14:09.331+0700] {dagbag.py:540} INFO - Filling up the DagBag from /mnt/d/Programming/Vietnamese-Text-Generator/airflow_env/lib/python3.10/site-packages/airflow/example_dags/example_sensors.py
[2024-05-24T17:14:09.441+0700] {processor.py:840} INFO - DAG(s) 'example_sensors' retrieved from /mnt/d/Programming/Vietnamese-Text-Generator/airflow_env/lib/python3.10/site-packages/airflow/example_dags/example_sensors.py
[2024-05-24T17:14:09.534+0700] {logging_mixin.py:188} INFO - [2024-05-24T17:14:09.532+0700] {dag.py:3096} INFO - Sync 1 DAGs
[2024-05-24T17:14:09.577+0700] {logging_mixin.py:188} INFO - [2024-05-24T17:14:09.575+0700] {dag.py:3954} INFO - Setting next_dagrun for example_sensors to None, run_after=None
[2024-05-24T17:14:09.758+0700] {processor.py:183} INFO - Processing /mnt/d/Programming/Vietnamese-Text-Generator/airflow_env/lib/python3.10/site-packages/airflow/example_dags/example_sensors.py took 0.485 seconds
[2024-05-24T17:16:28.720+0700] {processor.py:161} INFO - Started process (PID=5751) to work on /mnt/d/Programming/Vietnamese-Text-Generator/airflow_env/lib/python3.10/site-packages/airflow/example_dags/example_sensors.py
[2024-05-24T17:16:28.726+0700] {processor.py:830} INFO - Processing file /mnt/d/Programming/Vietnamese-Text-Generator/airflow_env/lib/python3.10/site-packages/airflow/example_dags/example_sensors.py for tasks to queue
[2024-05-24T17:16:28.738+0700] {logging_mixin.py:188} INFO - [2024-05-24T17:16:28.733+0700] {dagbag.py:540} INFO - Filling up the DagBag from /mnt/d/Programming/Vietnamese-Text-Generator/airflow_env/lib/python3.10/site-packages/airflow/example_dags/example_sensors.py
[2024-05-24T17:16:28.816+0700] {processor.py:840} INFO - DAG(s) 'example_sensors' retrieved from /mnt/d/Programming/Vietnamese-Text-Generator/airflow_env/lib/python3.10/site-packages/airflow/example_dags/example_sensors.py
[2024-05-24T17:16:28.912+0700] {logging_mixin.py:188} INFO - [2024-05-24T17:16:28.910+0700] {dag.py:3096} INFO - Sync 1 DAGs
[2024-05-24T17:16:28.957+0700] {logging_mixin.py:188} INFO - [2024-05-24T17:16:28.954+0700] {dag.py:3954} INFO - Setting next_dagrun for example_sensors to None, run_after=None
[2024-05-24T17:16:29.139+0700] {processor.py:183} INFO - Processing /mnt/d/Programming/Vietnamese-Text-Generator/airflow_env/lib/python3.10/site-packages/airflow/example_dags/example_sensors.py took 0.464 seconds
[2024-05-24T17:18:51.988+0700] {processor.py:161} INFO - Started process (PID=6380) to work on /mnt/d/Programming/Vietnamese-Text-Generator/airflow_env/lib/python3.10/site-packages/airflow/example_dags/example_sensors.py
[2024-05-24T17:18:51.991+0700] {processor.py:830} INFO - Processing file /mnt/d/Programming/Vietnamese-Text-Generator/airflow_env/lib/python3.10/site-packages/airflow/example_dags/example_sensors.py for tasks to queue
[2024-05-24T17:18:51.998+0700] {logging_mixin.py:188} INFO - [2024-05-24T17:18:51.996+0700] {dagbag.py:540} INFO - Filling up the DagBag from /mnt/d/Programming/Vietnamese-Text-Generator/airflow_env/lib/python3.10/site-packages/airflow/example_dags/example_sensors.py
[2024-05-24T17:18:52.032+0700] {processor.py:840} INFO - DAG(s) 'example_sensors' retrieved from /mnt/d/Programming/Vietnamese-Text-Generator/airflow_env/lib/python3.10/site-packages/airflow/example_dags/example_sensors.py
[2024-05-24T17:18:52.067+0700] {logging_mixin.py:188} INFO - [2024-05-24T17:18:52.066+0700] {dag.py:3096} INFO - Sync 1 DAGs
[2024-05-24T17:18:52.084+0700] {logging_mixin.py:188} INFO - [2024-05-24T17:18:52.083+0700] {dag.py:3954} INFO - Setting next_dagrun for example_sensors to None, run_after=None
[2024-05-24T17:18:52.157+0700] {processor.py:183} INFO - Processing /mnt/d/Programming/Vietnamese-Text-Generator/airflow_env/lib/python3.10/site-packages/airflow/example_dags/example_sensors.py took 0.229 seconds
[2024-05-24T17:21:08.598+0700] {processor.py:161} INFO - Started process (PID=6978) to work on /mnt/d/Programming/Vietnamese-Text-Generator/airflow_env/lib/python3.10/site-packages/airflow/example_dags/example_sensors.py
[2024-05-24T17:21:08.605+0700] {processor.py:830} INFO - Processing file /mnt/d/Programming/Vietnamese-Text-Generator/airflow_env/lib/python3.10/site-packages/airflow/example_dags/example_sensors.py for tasks to queue
[2024-05-24T17:21:08.619+0700] {logging_mixin.py:188} INFO - [2024-05-24T17:21:08.613+0700] {dagbag.py:540} INFO - Filling up the DagBag from /mnt/d/Programming/Vietnamese-Text-Generator/airflow_env/lib/python3.10/site-packages/airflow/example_dags/example_sensors.py
[2024-05-24T17:21:08.683+0700] {processor.py:840} INFO - DAG(s) 'example_sensors' retrieved from /mnt/d/Programming/Vietnamese-Text-Generator/airflow_env/lib/python3.10/site-packages/airflow/example_dags/example_sensors.py
[2024-05-24T17:21:08.738+0700] {logging_mixin.py:188} INFO - [2024-05-24T17:21:08.737+0700] {dag.py:3096} INFO - Sync 1 DAGs
[2024-05-24T17:21:08.767+0700] {logging_mixin.py:188} INFO - [2024-05-24T17:21:08.766+0700] {dag.py:3954} INFO - Setting next_dagrun for example_sensors to None, run_after=None
[2024-05-24T17:21:08.849+0700] {processor.py:183} INFO - Processing /mnt/d/Programming/Vietnamese-Text-Generator/airflow_env/lib/python3.10/site-packages/airflow/example_dags/example_sensors.py took 0.367 seconds
[2024-05-24T17:23:21.816+0700] {processor.py:161} INFO - Started process (PID=7560) to work on /mnt/d/Programming/Vietnamese-Text-Generator/airflow_env/lib/python3.10/site-packages/airflow/example_dags/example_sensors.py
[2024-05-24T17:23:21.821+0700] {processor.py:830} INFO - Processing file /mnt/d/Programming/Vietnamese-Text-Generator/airflow_env/lib/python3.10/site-packages/airflow/example_dags/example_sensors.py for tasks to queue
[2024-05-24T17:23:21.832+0700] {logging_mixin.py:188} INFO - [2024-05-24T17:23:21.829+0700] {dagbag.py:540} INFO - Filling up the DagBag from /mnt/d/Programming/Vietnamese-Text-Generator/airflow_env/lib/python3.10/site-packages/airflow/example_dags/example_sensors.py
[2024-05-24T17:23:21.910+0700] {processor.py:840} INFO - DAG(s) 'example_sensors' retrieved from /mnt/d/Programming/Vietnamese-Text-Generator/airflow_env/lib/python3.10/site-packages/airflow/example_dags/example_sensors.py
[2024-05-24T17:23:22.012+0700] {logging_mixin.py:188} INFO - [2024-05-24T17:23:22.010+0700] {dag.py:3096} INFO - Sync 1 DAGs
[2024-05-24T17:23:22.059+0700] {logging_mixin.py:188} INFO - [2024-05-24T17:23:22.056+0700] {dag.py:3954} INFO - Setting next_dagrun for example_sensors to None, run_after=None
[2024-05-24T17:23:22.321+0700] {processor.py:183} INFO - Processing /mnt/d/Programming/Vietnamese-Text-Generator/airflow_env/lib/python3.10/site-packages/airflow/example_dags/example_sensors.py took 0.546 seconds
[2024-05-24T17:47:07.652+0700] {processor.py:161} INFO - Started process (PID=8131) to work on /mnt/d/Programming/Vietnamese-Text-Generator/airflow_env/lib/python3.10/site-packages/airflow/example_dags/example_sensors.py
[2024-05-24T17:47:07.654+0700] {processor.py:830} INFO - Processing file /mnt/d/Programming/Vietnamese-Text-Generator/airflow_env/lib/python3.10/site-packages/airflow/example_dags/example_sensors.py for tasks to queue
[2024-05-24T17:47:07.658+0700] {logging_mixin.py:188} INFO - [2024-05-24T17:47:07.657+0700] {dagbag.py:540} INFO - Filling up the DagBag from /mnt/d/Programming/Vietnamese-Text-Generator/airflow_env/lib/python3.10/site-packages/airflow/example_dags/example_sensors.py
[2024-05-24T17:47:07.680+0700] {processor.py:840} INFO - DAG(s) 'example_sensors' retrieved from /mnt/d/Programming/Vietnamese-Text-Generator/airflow_env/lib/python3.10/site-packages/airflow/example_dags/example_sensors.py
[2024-05-24T17:47:07.718+0700] {logging_mixin.py:188} INFO - [2024-05-24T17:47:07.716+0700] {dag.py:3096} INFO - Sync 1 DAGs
[2024-05-24T17:47:07.735+0700] {logging_mixin.py:188} INFO - [2024-05-24T17:47:07.733+0700] {dag.py:3954} INFO - Setting next_dagrun for example_sensors to None, run_after=None
[2024-05-24T17:47:07.803+0700] {processor.py:183} INFO - Processing /mnt/d/Programming/Vietnamese-Text-Generator/airflow_env/lib/python3.10/site-packages/airflow/example_dags/example_sensors.py took 0.168 seconds
[2024-05-24T17:48:22.520+0700] {processor.py:161} INFO - Started process (PID=8482) to work on /mnt/d/Programming/Vietnamese-Text-Generator/airflow_env/lib/python3.10/site-packages/airflow/example_dags/example_sensors.py
[2024-05-24T17:48:22.523+0700] {processor.py:830} INFO - Processing file /mnt/d/Programming/Vietnamese-Text-Generator/airflow_env/lib/python3.10/site-packages/airflow/example_dags/example_sensors.py for tasks to queue
[2024-05-24T17:48:22.528+0700] {logging_mixin.py:188} INFO - [2024-05-24T17:48:22.527+0700] {dagbag.py:540} INFO - Filling up the DagBag from /mnt/d/Programming/Vietnamese-Text-Generator/airflow_env/lib/python3.10/site-packages/airflow/example_dags/example_sensors.py
[2024-05-24T17:48:22.562+0700] {processor.py:840} INFO - DAG(s) 'example_sensors' retrieved from /mnt/d/Programming/Vietnamese-Text-Generator/airflow_env/lib/python3.10/site-packages/airflow/example_dags/example_sensors.py
[2024-05-24T17:48:22.607+0700] {logging_mixin.py:188} INFO - [2024-05-24T17:48:22.606+0700] {dag.py:3096} INFO - Sync 1 DAGs
[2024-05-24T17:48:22.628+0700] {logging_mixin.py:188} INFO - [2024-05-24T17:48:22.626+0700] {dag.py:3954} INFO - Setting next_dagrun for example_sensors to None, run_after=None
[2024-05-24T17:48:22.720+0700] {processor.py:183} INFO - Processing /mnt/d/Programming/Vietnamese-Text-Generator/airflow_env/lib/python3.10/site-packages/airflow/example_dags/example_sensors.py took 0.220 seconds
[2024-05-24T17:50:27.863+0700] {processor.py:161} INFO - Started process (PID=9033) to work on /mnt/d/Programming/Vietnamese-Text-Generator/airflow_env/lib/python3.10/site-packages/airflow/example_dags/example_sensors.py
[2024-05-24T17:50:27.870+0700] {processor.py:830} INFO - Processing file /mnt/d/Programming/Vietnamese-Text-Generator/airflow_env/lib/python3.10/site-packages/airflow/example_dags/example_sensors.py for tasks to queue
[2024-05-24T17:50:27.881+0700] {logging_mixin.py:188} INFO - [2024-05-24T17:50:27.878+0700] {dagbag.py:540} INFO - Filling up the DagBag from /mnt/d/Programming/Vietnamese-Text-Generator/airflow_env/lib/python3.10/site-packages/airflow/example_dags/example_sensors.py
[2024-05-24T17:50:27.977+0700] {processor.py:840} INFO - DAG(s) 'example_sensors' retrieved from /mnt/d/Programming/Vietnamese-Text-Generator/airflow_env/lib/python3.10/site-packages/airflow/example_dags/example_sensors.py
[2024-05-24T17:50:28.095+0700] {logging_mixin.py:188} INFO - [2024-05-24T17:50:28.092+0700] {dag.py:3096} INFO - Sync 1 DAGs
[2024-05-24T17:50:28.147+0700] {logging_mixin.py:188} INFO - [2024-05-24T17:50:28.144+0700] {dag.py:3954} INFO - Setting next_dagrun for example_sensors to None, run_after=None
[2024-05-24T17:50:28.232+0700] {processor.py:183} INFO - Processing /mnt/d/Programming/Vietnamese-Text-Generator/airflow_env/lib/python3.10/site-packages/airflow/example_dags/example_sensors.py took 0.411 seconds
[2024-05-24T17:52:47.496+0700] {processor.py:161} INFO - Started process (PID=9645) to work on /mnt/d/Programming/Vietnamese-Text-Generator/airflow_env/lib/python3.10/site-packages/airflow/example_dags/example_sensors.py
[2024-05-24T17:52:47.502+0700] {processor.py:830} INFO - Processing file /mnt/d/Programming/Vietnamese-Text-Generator/airflow_env/lib/python3.10/site-packages/airflow/example_dags/example_sensors.py for tasks to queue
[2024-05-24T17:52:47.513+0700] {logging_mixin.py:188} INFO - [2024-05-24T17:52:47.510+0700] {dagbag.py:540} INFO - Filling up the DagBag from /mnt/d/Programming/Vietnamese-Text-Generator/airflow_env/lib/python3.10/site-packages/airflow/example_dags/example_sensors.py
[2024-05-24T17:52:47.596+0700] {processor.py:840} INFO - DAG(s) 'example_sensors' retrieved from /mnt/d/Programming/Vietnamese-Text-Generator/airflow_env/lib/python3.10/site-packages/airflow/example_dags/example_sensors.py
[2024-05-24T17:52:47.705+0700] {logging_mixin.py:188} INFO - [2024-05-24T17:52:47.702+0700] {dag.py:3096} INFO - Sync 1 DAGs
[2024-05-24T17:52:47.751+0700] {logging_mixin.py:188} INFO - [2024-05-24T17:52:47.748+0700] {dag.py:3954} INFO - Setting next_dagrun for example_sensors to None, run_after=None
[2024-05-24T17:52:47.940+0700] {processor.py:183} INFO - Processing /mnt/d/Programming/Vietnamese-Text-Generator/airflow_env/lib/python3.10/site-packages/airflow/example_dags/example_sensors.py took 0.486 seconds
[2024-05-24T17:55:08.100+0700] {processor.py:161} INFO - Started process (PID=10257) to work on /mnt/d/Programming/Vietnamese-Text-Generator/airflow_env/lib/python3.10/site-packages/airflow/example_dags/example_sensors.py
[2024-05-24T17:55:08.107+0700] {processor.py:830} INFO - Processing file /mnt/d/Programming/Vietnamese-Text-Generator/airflow_env/lib/python3.10/site-packages/airflow/example_dags/example_sensors.py for tasks to queue
[2024-05-24T17:55:08.121+0700] {logging_mixin.py:188} INFO - [2024-05-24T17:55:08.117+0700] {dagbag.py:540} INFO - Filling up the DagBag from /mnt/d/Programming/Vietnamese-Text-Generator/airflow_env/lib/python3.10/site-packages/airflow/example_dags/example_sensors.py
[2024-05-24T17:55:08.207+0700] {processor.py:840} INFO - DAG(s) 'example_sensors' retrieved from /mnt/d/Programming/Vietnamese-Text-Generator/airflow_env/lib/python3.10/site-packages/airflow/example_dags/example_sensors.py
[2024-05-24T17:55:08.315+0700] {logging_mixin.py:188} INFO - [2024-05-24T17:55:08.313+0700] {dag.py:3096} INFO - Sync 1 DAGs
[2024-05-24T17:55:08.360+0700] {logging_mixin.py:188} INFO - [2024-05-24T17:55:08.358+0700] {dag.py:3954} INFO - Setting next_dagrun for example_sensors to None, run_after=None
[2024-05-24T17:55:08.533+0700] {processor.py:183} INFO - Processing /mnt/d/Programming/Vietnamese-Text-Generator/airflow_env/lib/python3.10/site-packages/airflow/example_dags/example_sensors.py took 0.476 seconds
[2024-05-24T17:57:25.781+0700] {processor.py:161} INFO - Started process (PID=10857) to work on /mnt/d/Programming/Vietnamese-Text-Generator/airflow_env/lib/python3.10/site-packages/airflow/example_dags/example_sensors.py
[2024-05-24T17:57:25.787+0700] {processor.py:830} INFO - Processing file /mnt/d/Programming/Vietnamese-Text-Generator/airflow_env/lib/python3.10/site-packages/airflow/example_dags/example_sensors.py for tasks to queue
[2024-05-24T17:57:25.796+0700] {logging_mixin.py:188} INFO - [2024-05-24T17:57:25.793+0700] {dagbag.py:540} INFO - Filling up the DagBag from /mnt/d/Programming/Vietnamese-Text-Generator/airflow_env/lib/python3.10/site-packages/airflow/example_dags/example_sensors.py
[2024-05-24T17:57:25.874+0700] {processor.py:840} INFO - DAG(s) 'example_sensors' retrieved from /mnt/d/Programming/Vietnamese-Text-Generator/airflow_env/lib/python3.10/site-packages/airflow/example_dags/example_sensors.py
[2024-05-24T17:57:25.965+0700] {logging_mixin.py:188} INFO - [2024-05-24T17:57:25.964+0700] {dag.py:3096} INFO - Sync 1 DAGs
[2024-05-24T17:57:25.993+0700] {logging_mixin.py:188} INFO - [2024-05-24T17:57:25.991+0700] {dag.py:3954} INFO - Setting next_dagrun for example_sensors to None, run_after=None
[2024-05-24T17:57:26.064+0700] {processor.py:183} INFO - Processing /mnt/d/Programming/Vietnamese-Text-Generator/airflow_env/lib/python3.10/site-packages/airflow/example_dags/example_sensors.py took 0.314 seconds
[2024-05-24T17:59:38.986+0700] {processor.py:161} INFO - Started process (PID=11436) to work on /mnt/d/Programming/Vietnamese-Text-Generator/airflow_env/lib/python3.10/site-packages/airflow/example_dags/example_sensors.py
[2024-05-24T17:59:38.990+0700] {processor.py:830} INFO - Processing file /mnt/d/Programming/Vietnamese-Text-Generator/airflow_env/lib/python3.10/site-packages/airflow/example_dags/example_sensors.py for tasks to queue
[2024-05-24T17:59:39.002+0700] {logging_mixin.py:188} INFO - [2024-05-24T17:59:39.000+0700] {dagbag.py:540} INFO - Filling up the DagBag from /mnt/d/Programming/Vietnamese-Text-Generator/airflow_env/lib/python3.10/site-packages/airflow/example_dags/example_sensors.py
[2024-05-24T17:59:39.067+0700] {processor.py:840} INFO - DAG(s) 'example_sensors' retrieved from /mnt/d/Programming/Vietnamese-Text-Generator/airflow_env/lib/python3.10/site-packages/airflow/example_dags/example_sensors.py
[2024-05-24T17:59:39.198+0700] {logging_mixin.py:188} INFO - [2024-05-24T17:59:39.196+0700] {dag.py:3096} INFO - Sync 1 DAGs
[2024-05-24T17:59:39.272+0700] {logging_mixin.py:188} INFO - [2024-05-24T17:59:39.270+0700] {dag.py:3954} INFO - Setting next_dagrun for example_sensors to None, run_after=None
[2024-05-24T17:59:39.407+0700] {processor.py:183} INFO - Processing /mnt/d/Programming/Vietnamese-Text-Generator/airflow_env/lib/python3.10/site-packages/airflow/example_dags/example_sensors.py took 0.449 seconds
[2024-05-24T18:01:57.229+0700] {processor.py:161} INFO - Started process (PID=12041) to work on /mnt/d/Programming/Vietnamese-Text-Generator/airflow_env/lib/python3.10/site-packages/airflow/example_dags/example_sensors.py
[2024-05-24T18:01:57.236+0700] {processor.py:830} INFO - Processing file /mnt/d/Programming/Vietnamese-Text-Generator/airflow_env/lib/python3.10/site-packages/airflow/example_dags/example_sensors.py for tasks to queue
[2024-05-24T18:01:57.249+0700] {logging_mixin.py:188} INFO - [2024-05-24T18:01:57.245+0700] {dagbag.py:540} INFO - Filling up the DagBag from /mnt/d/Programming/Vietnamese-Text-Generator/airflow_env/lib/python3.10/site-packages/airflow/example_dags/example_sensors.py
[2024-05-24T18:01:57.353+0700] {processor.py:840} INFO - DAG(s) 'example_sensors' retrieved from /mnt/d/Programming/Vietnamese-Text-Generator/airflow_env/lib/python3.10/site-packages/airflow/example_dags/example_sensors.py
[2024-05-24T18:01:57.441+0700] {logging_mixin.py:188} INFO - [2024-05-24T18:01:57.438+0700] {dag.py:3096} INFO - Sync 1 DAGs
[2024-05-24T18:01:57.474+0700] {logging_mixin.py:188} INFO - [2024-05-24T18:01:57.472+0700] {dag.py:3954} INFO - Setting next_dagrun for example_sensors to None, run_after=None
[2024-05-24T18:01:57.647+0700] {processor.py:183} INFO - Processing /mnt/d/Programming/Vietnamese-Text-Generator/airflow_env/lib/python3.10/site-packages/airflow/example_dags/example_sensors.py took 0.475 seconds
[2024-05-24T18:04:21.811+0700] {processor.py:161} INFO - Started process (PID=12669) to work on /mnt/d/Programming/Vietnamese-Text-Generator/airflow_env/lib/python3.10/site-packages/airflow/example_dags/example_sensors.py
[2024-05-24T18:04:21.817+0700] {processor.py:830} INFO - Processing file /mnt/d/Programming/Vietnamese-Text-Generator/airflow_env/lib/python3.10/site-packages/airflow/example_dags/example_sensors.py for tasks to queue
[2024-05-24T18:04:21.829+0700] {logging_mixin.py:188} INFO - [2024-05-24T18:04:21.825+0700] {dagbag.py:540} INFO - Filling up the DagBag from /mnt/d/Programming/Vietnamese-Text-Generator/airflow_env/lib/python3.10/site-packages/airflow/example_dags/example_sensors.py
[2024-05-24T18:04:21.911+0700] {processor.py:840} INFO - DAG(s) 'example_sensors' retrieved from /mnt/d/Programming/Vietnamese-Text-Generator/airflow_env/lib/python3.10/site-packages/airflow/example_dags/example_sensors.py
[2024-05-24T18:04:22.021+0700] {logging_mixin.py:188} INFO - [2024-05-24T18:04:22.017+0700] {dag.py:3096} INFO - Sync 1 DAGs
[2024-05-24T18:04:22.070+0700] {logging_mixin.py:188} INFO - [2024-05-24T18:04:22.066+0700] {dag.py:3954} INFO - Setting next_dagrun for example_sensors to None, run_after=None
[2024-05-24T18:04:22.259+0700] {processor.py:183} INFO - Processing /mnt/d/Programming/Vietnamese-Text-Generator/airflow_env/lib/python3.10/site-packages/airflow/example_dags/example_sensors.py took 0.492 seconds
