[2024-05-24T17:01:43.127+0700] {processor.py:161} INFO - Started process (PID=1812) to work on /mnt/d/Programming/Vietnamese-Text-Generator/airflow_env/lib/python3.10/site-packages/airflow/example_dags/example_skip_dag.py
[2024-05-24T17:01:43.135+0700] {processor.py:830} INFO - Processing file /mnt/d/Programming/Vietnamese-Text-Generator/airflow_env/lib/python3.10/site-packages/airflow/example_dags/example_skip_dag.py for tasks to queue
[2024-05-24T17:01:43.149+0700] {logging_mixin.py:188} INFO - [2024-05-24T17:01:43.144+0700] {dagbag.py:540} INFO - Filling up the DagBag from /mnt/d/Programming/Vietnamese-Text-Generator/airflow_env/lib/python3.10/site-packages/airflow/example_dags/example_skip_dag.py
[2024-05-24T17:01:43.241+0700] {processor.py:840} INFO - DAG(s) 'example_skip_dag' retrieved from /mnt/d/Programming/Vietnamese-Text-Generator/airflow_env/lib/python3.10/site-packages/airflow/example_dags/example_skip_dag.py
[2024-05-24T17:01:43.380+0700] {logging_mixin.py:188} INFO - [2024-05-24T17:01:43.377+0700] {dag.py:3096} INFO - Sync 1 DAGs
[2024-05-24T17:01:43.500+0700] {logging_mixin.py:188} INFO - [2024-05-24T17:01:43.497+0700] {dag.py:3954} INFO - Setting next_dagrun for example_skip_dag to 2024-05-23 00:00:00+00:00, run_after=2024-05-24 00:00:00+00:00
[2024-05-24T17:01:43.701+0700] {processor.py:183} INFO - Processing /mnt/d/Programming/Vietnamese-Text-Generator/airflow_env/lib/python3.10/site-packages/airflow/example_dags/example_skip_dag.py took 0.617 seconds
[2024-05-24T17:03:41.565+0700] {processor.py:161} INFO - Started process (PID=2318) to work on /mnt/d/Programming/Vietnamese-Text-Generator/airflow_env/lib/python3.10/site-packages/airflow/example_dags/example_skip_dag.py
[2024-05-24T17:03:41.571+0700] {processor.py:830} INFO - Processing file /mnt/d/Programming/Vietnamese-Text-Generator/airflow_env/lib/python3.10/site-packages/airflow/example_dags/example_skip_dag.py for tasks to queue
[2024-05-24T17:03:41.582+0700] {logging_mixin.py:188} INFO - [2024-05-24T17:03:41.579+0700] {dagbag.py:540} INFO - Filling up the DagBag from /mnt/d/Programming/Vietnamese-Text-Generator/airflow_env/lib/python3.10/site-packages/airflow/example_dags/example_skip_dag.py
[2024-05-24T17:03:41.658+0700] {processor.py:840} INFO - DAG(s) 'example_skip_dag' retrieved from /mnt/d/Programming/Vietnamese-Text-Generator/airflow_env/lib/python3.10/site-packages/airflow/example_dags/example_skip_dag.py
[2024-05-24T17:03:41.746+0700] {logging_mixin.py:188} INFO - [2024-05-24T17:03:41.743+0700] {dag.py:3096} INFO - Sync 1 DAGs
[2024-05-24T17:03:41.841+0700] {logging_mixin.py:188} INFO - [2024-05-24T17:03:41.838+0700] {dag.py:3954} INFO - Setting next_dagrun for example_skip_dag to 2024-05-23 00:00:00+00:00, run_after=2024-05-24 00:00:00+00:00
[2024-05-24T17:03:42.029+0700] {processor.py:183} INFO - Processing /mnt/d/Programming/Vietnamese-Text-Generator/airflow_env/lib/python3.10/site-packages/airflow/example_dags/example_skip_dag.py took 0.503 seconds
[2024-05-24T17:04:55.855+0700] {processor.py:161} INFO - Started process (PID=2642) to work on /mnt/d/Programming/Vietnamese-Text-Generator/airflow_env/lib/python3.10/site-packages/airflow/example_dags/example_skip_dag.py
[2024-05-24T17:04:55.860+0700] {processor.py:830} INFO - Processing file /mnt/d/Programming/Vietnamese-Text-Generator/airflow_env/lib/python3.10/site-packages/airflow/example_dags/example_skip_dag.py for tasks to queue
[2024-05-24T17:04:55.878+0700] {logging_mixin.py:188} INFO - [2024-05-24T17:04:55.869+0700] {dagbag.py:540} INFO - Filling up the DagBag from /mnt/d/Programming/Vietnamese-Text-Generator/airflow_env/lib/python3.10/site-packages/airflow/example_dags/example_skip_dag.py
[2024-05-24T17:04:55.919+0700] {processor.py:840} INFO - DAG(s) 'example_skip_dag' retrieved from /mnt/d/Programming/Vietnamese-Text-Generator/airflow_env/lib/python3.10/site-packages/airflow/example_dags/example_skip_dag.py
[2024-05-24T17:04:56.014+0700] {logging_mixin.py:188} INFO - [2024-05-24T17:04:56.013+0700] {dag.py:3096} INFO - Sync 1 DAGs
[2024-05-24T17:04:56.081+0700] {logging_mixin.py:188} INFO - [2024-05-24T17:04:56.079+0700] {dag.py:3954} INFO - Setting next_dagrun for example_skip_dag to 2024-05-23 00:00:00+00:00, run_after=2024-05-24 00:00:00+00:00
[2024-05-24T17:04:56.214+0700] {processor.py:183} INFO - Processing /mnt/d/Programming/Vietnamese-Text-Generator/airflow_env/lib/python3.10/site-packages/airflow/example_dags/example_skip_dag.py took 0.443 seconds
[2024-05-24T17:06:05.929+0700] {processor.py:161} INFO - Started process (PID=2949) to work on /mnt/d/Programming/Vietnamese-Text-Generator/airflow_env/lib/python3.10/site-packages/airflow/example_dags/example_skip_dag.py
[2024-05-24T17:06:05.935+0700] {processor.py:830} INFO - Processing file /mnt/d/Programming/Vietnamese-Text-Generator/airflow_env/lib/python3.10/site-packages/airflow/example_dags/example_skip_dag.py for tasks to queue
[2024-05-24T17:06:05.946+0700] {logging_mixin.py:188} INFO - [2024-05-24T17:06:05.943+0700] {dagbag.py:540} INFO - Filling up the DagBag from /mnt/d/Programming/Vietnamese-Text-Generator/airflow_env/lib/python3.10/site-packages/airflow/example_dags/example_skip_dag.py
[2024-05-24T17:06:06.024+0700] {processor.py:840} INFO - DAG(s) 'example_skip_dag' retrieved from /mnt/d/Programming/Vietnamese-Text-Generator/airflow_env/lib/python3.10/site-packages/airflow/example_dags/example_skip_dag.py
[2024-05-24T17:06:06.116+0700] {logging_mixin.py:188} INFO - [2024-05-24T17:06:06.113+0700] {dag.py:3096} INFO - Sync 1 DAGs
[2024-05-24T17:06:06.211+0700] {logging_mixin.py:188} INFO - [2024-05-24T17:06:06.208+0700] {dag.py:3954} INFO - Setting next_dagrun for example_skip_dag to 2024-05-23 00:00:00+00:00, run_after=2024-05-24 00:00:00+00:00
[2024-05-24T17:06:06.430+0700] {processor.py:183} INFO - Processing /mnt/d/Programming/Vietnamese-Text-Generator/airflow_env/lib/python3.10/site-packages/airflow/example_dags/example_skip_dag.py took 0.539 seconds
[2024-05-24T17:07:12.893+0700] {processor.py:161} INFO - Started process (PID=3322) to work on /mnt/d/Programming/Vietnamese-Text-Generator/airflow_env/lib/python3.10/site-packages/airflow/example_dags/example_skip_dag.py
[2024-05-24T17:07:12.896+0700] {processor.py:830} INFO - Processing file /mnt/d/Programming/Vietnamese-Text-Generator/airflow_env/lib/python3.10/site-packages/airflow/example_dags/example_skip_dag.py for tasks to queue
[2024-05-24T17:07:12.902+0700] {logging_mixin.py:188} INFO - [2024-05-24T17:07:12.900+0700] {dagbag.py:540} INFO - Filling up the DagBag from /mnt/d/Programming/Vietnamese-Text-Generator/airflow_env/lib/python3.10/site-packages/airflow/example_dags/example_skip_dag.py
[2024-05-24T17:07:12.927+0700] {processor.py:840} INFO - DAG(s) 'example_skip_dag' retrieved from /mnt/d/Programming/Vietnamese-Text-Generator/airflow_env/lib/python3.10/site-packages/airflow/example_dags/example_skip_dag.py
[2024-05-24T17:07:12.977+0700] {logging_mixin.py:188} INFO - [2024-05-24T17:07:12.975+0700] {dag.py:3096} INFO - Sync 1 DAGs
[2024-05-24T17:07:13.049+0700] {logging_mixin.py:188} INFO - [2024-05-24T17:07:13.046+0700] {dag.py:3954} INFO - Setting next_dagrun for example_skip_dag to 2024-05-23 00:00:00+00:00, run_after=2024-05-24 00:00:00+00:00
[2024-05-24T17:07:13.213+0700] {processor.py:183} INFO - Processing /mnt/d/Programming/Vietnamese-Text-Generator/airflow_env/lib/python3.10/site-packages/airflow/example_dags/example_skip_dag.py took 0.334 seconds
[2024-05-24T17:08:15.630+0700] {processor.py:161} INFO - Started process (PID=3597) to work on /mnt/d/Programming/Vietnamese-Text-Generator/airflow_env/lib/python3.10/site-packages/airflow/example_dags/example_skip_dag.py
[2024-05-24T17:08:15.633+0700] {processor.py:830} INFO - Processing file /mnt/d/Programming/Vietnamese-Text-Generator/airflow_env/lib/python3.10/site-packages/airflow/example_dags/example_skip_dag.py for tasks to queue
[2024-05-24T17:08:15.637+0700] {logging_mixin.py:188} INFO - [2024-05-24T17:08:15.636+0700] {dagbag.py:540} INFO - Filling up the DagBag from /mnt/d/Programming/Vietnamese-Text-Generator/airflow_env/lib/python3.10/site-packages/airflow/example_dags/example_skip_dag.py
[2024-05-24T17:08:15.675+0700] {processor.py:840} INFO - DAG(s) 'example_skip_dag' retrieved from /mnt/d/Programming/Vietnamese-Text-Generator/airflow_env/lib/python3.10/site-packages/airflow/example_dags/example_skip_dag.py
[2024-05-24T17:08:15.720+0700] {logging_mixin.py:188} INFO - [2024-05-24T17:08:15.719+0700] {dag.py:3096} INFO - Sync 1 DAGs
[2024-05-24T17:08:15.753+0700] {logging_mixin.py:188} INFO - [2024-05-24T17:08:15.752+0700] {dag.py:3954} INFO - Setting next_dagrun for example_skip_dag to 2024-05-23 00:00:00+00:00, run_after=2024-05-24 00:00:00+00:00
[2024-05-24T17:08:15.827+0700] {processor.py:183} INFO - Processing /mnt/d/Programming/Vietnamese-Text-Generator/airflow_env/lib/python3.10/site-packages/airflow/example_dags/example_skip_dag.py took 0.214 seconds
[2024-05-24T17:09:22.840+0700] {processor.py:161} INFO - Started process (PID=3892) to work on /mnt/d/Programming/Vietnamese-Text-Generator/airflow_env/lib/python3.10/site-packages/airflow/example_dags/example_skip_dag.py
[2024-05-24T17:09:22.847+0700] {processor.py:830} INFO - Processing file /mnt/d/Programming/Vietnamese-Text-Generator/airflow_env/lib/python3.10/site-packages/airflow/example_dags/example_skip_dag.py for tasks to queue
[2024-05-24T17:09:22.862+0700] {logging_mixin.py:188} INFO - [2024-05-24T17:09:22.858+0700] {dagbag.py:540} INFO - Filling up the DagBag from /mnt/d/Programming/Vietnamese-Text-Generator/airflow_env/lib/python3.10/site-packages/airflow/example_dags/example_skip_dag.py
[2024-05-24T17:09:22.950+0700] {processor.py:840} INFO - DAG(s) 'example_skip_dag' retrieved from /mnt/d/Programming/Vietnamese-Text-Generator/airflow_env/lib/python3.10/site-packages/airflow/example_dags/example_skip_dag.py
[2024-05-24T17:09:23.037+0700] {logging_mixin.py:188} INFO - [2024-05-24T17:09:23.034+0700] {dag.py:3096} INFO - Sync 1 DAGs
[2024-05-24T17:09:23.137+0700] {logging_mixin.py:188} INFO - [2024-05-24T17:09:23.133+0700] {dag.py:3954} INFO - Setting next_dagrun for example_skip_dag to 2024-05-23 00:00:00+00:00, run_after=2024-05-24 00:00:00+00:00
[2024-05-24T17:09:23.316+0700] {processor.py:183} INFO - Processing /mnt/d/Programming/Vietnamese-Text-Generator/airflow_env/lib/python3.10/site-packages/airflow/example_dags/example_skip_dag.py took 0.528 seconds
[2024-05-24T17:10:32.733+0700] {processor.py:161} INFO - Started process (PID=4194) to work on /mnt/d/Programming/Vietnamese-Text-Generator/airflow_env/lib/python3.10/site-packages/airflow/example_dags/example_skip_dag.py
[2024-05-24T17:10:32.741+0700] {processor.py:830} INFO - Processing file /mnt/d/Programming/Vietnamese-Text-Generator/airflow_env/lib/python3.10/site-packages/airflow/example_dags/example_skip_dag.py for tasks to queue
[2024-05-24T17:10:32.754+0700] {logging_mixin.py:188} INFO - [2024-05-24T17:10:32.750+0700] {dagbag.py:540} INFO - Filling up the DagBag from /mnt/d/Programming/Vietnamese-Text-Generator/airflow_env/lib/python3.10/site-packages/airflow/example_dags/example_skip_dag.py
[2024-05-24T17:10:32.872+0700] {processor.py:840} INFO - DAG(s) 'example_skip_dag' retrieved from /mnt/d/Programming/Vietnamese-Text-Generator/airflow_env/lib/python3.10/site-packages/airflow/example_dags/example_skip_dag.py
[2024-05-24T17:10:32.955+0700] {logging_mixin.py:188} INFO - [2024-05-24T17:10:32.953+0700] {dag.py:3096} INFO - Sync 1 DAGs
[2024-05-24T17:10:33.043+0700] {logging_mixin.py:188} INFO - [2024-05-24T17:10:33.040+0700] {dag.py:3954} INFO - Setting next_dagrun for example_skip_dag to 2024-05-23 00:00:00+00:00, run_after=2024-05-24 00:00:00+00:00
[2024-05-24T17:10:33.218+0700] {processor.py:183} INFO - Processing /mnt/d/Programming/Vietnamese-Text-Generator/airflow_env/lib/python3.10/site-packages/airflow/example_dags/example_skip_dag.py took 0.535 seconds
[2024-05-24T17:11:43.276+0700] {processor.py:161} INFO - Started process (PID=4508) to work on /mnt/d/Programming/Vietnamese-Text-Generator/airflow_env/lib/python3.10/site-packages/airflow/example_dags/example_skip_dag.py
[2024-05-24T17:11:43.283+0700] {processor.py:830} INFO - Processing file /mnt/d/Programming/Vietnamese-Text-Generator/airflow_env/lib/python3.10/site-packages/airflow/example_dags/example_skip_dag.py for tasks to queue
[2024-05-24T17:11:43.299+0700] {logging_mixin.py:188} INFO - [2024-05-24T17:11:43.295+0700] {dagbag.py:540} INFO - Filling up the DagBag from /mnt/d/Programming/Vietnamese-Text-Generator/airflow_env/lib/python3.10/site-packages/airflow/example_dags/example_skip_dag.py
[2024-05-24T17:11:43.385+0700] {processor.py:840} INFO - DAG(s) 'example_skip_dag' retrieved from /mnt/d/Programming/Vietnamese-Text-Generator/airflow_env/lib/python3.10/site-packages/airflow/example_dags/example_skip_dag.py
[2024-05-24T17:11:43.485+0700] {logging_mixin.py:188} INFO - [2024-05-24T17:11:43.483+0700] {dag.py:3096} INFO - Sync 1 DAGs
[2024-05-24T17:11:43.591+0700] {logging_mixin.py:188} INFO - [2024-05-24T17:11:43.588+0700] {dag.py:3954} INFO - Setting next_dagrun for example_skip_dag to 2024-05-23 00:00:00+00:00, run_after=2024-05-24 00:00:00+00:00
[2024-05-24T17:11:43.783+0700] {processor.py:183} INFO - Processing /mnt/d/Programming/Vietnamese-Text-Generator/airflow_env/lib/python3.10/site-packages/airflow/example_dags/example_skip_dag.py took 0.560 seconds
[2024-05-24T17:12:53.325+0700] {processor.py:161} INFO - Started process (PID=4810) to work on /mnt/d/Programming/Vietnamese-Text-Generator/airflow_env/lib/python3.10/site-packages/airflow/example_dags/example_skip_dag.py
[2024-05-24T17:12:53.332+0700] {processor.py:830} INFO - Processing file /mnt/d/Programming/Vietnamese-Text-Generator/airflow_env/lib/python3.10/site-packages/airflow/example_dags/example_skip_dag.py for tasks to queue
[2024-05-24T17:12:53.345+0700] {logging_mixin.py:188} INFO - [2024-05-24T17:12:53.341+0700] {dagbag.py:540} INFO - Filling up the DagBag from /mnt/d/Programming/Vietnamese-Text-Generator/airflow_env/lib/python3.10/site-packages/airflow/example_dags/example_skip_dag.py
[2024-05-24T17:12:53.434+0700] {processor.py:840} INFO - DAG(s) 'example_skip_dag' retrieved from /mnt/d/Programming/Vietnamese-Text-Generator/airflow_env/lib/python3.10/site-packages/airflow/example_dags/example_skip_dag.py
[2024-05-24T17:12:53.531+0700] {logging_mixin.py:188} INFO - [2024-05-24T17:12:53.528+0700] {dag.py:3096} INFO - Sync 1 DAGs
[2024-05-24T17:12:53.635+0700] {logging_mixin.py:188} INFO - [2024-05-24T17:12:53.632+0700] {dag.py:3954} INFO - Setting next_dagrun for example_skip_dag to 2024-05-23 00:00:00+00:00, run_after=2024-05-24 00:00:00+00:00
[2024-05-24T17:12:53.831+0700] {processor.py:183} INFO - Processing /mnt/d/Programming/Vietnamese-Text-Generator/airflow_env/lib/python3.10/site-packages/airflow/example_dags/example_skip_dag.py took 0.550 seconds
[2024-05-24T17:14:01.834+0700] {processor.py:161} INFO - Started process (PID=5110) to work on /mnt/d/Programming/Vietnamese-Text-Generator/airflow_env/lib/python3.10/site-packages/airflow/example_dags/example_skip_dag.py
[2024-05-24T17:14:01.841+0700] {processor.py:830} INFO - Processing file /mnt/d/Programming/Vietnamese-Text-Generator/airflow_env/lib/python3.10/site-packages/airflow/example_dags/example_skip_dag.py for tasks to queue
[2024-05-24T17:14:01.856+0700] {logging_mixin.py:188} INFO - [2024-05-24T17:14:01.851+0700] {dagbag.py:540} INFO - Filling up the DagBag from /mnt/d/Programming/Vietnamese-Text-Generator/airflow_env/lib/python3.10/site-packages/airflow/example_dags/example_skip_dag.py
[2024-05-24T17:14:01.950+0700] {processor.py:840} INFO - DAG(s) 'example_skip_dag' retrieved from /mnt/d/Programming/Vietnamese-Text-Generator/airflow_env/lib/python3.10/site-packages/airflow/example_dags/example_skip_dag.py
[2024-05-24T17:14:02.046+0700] {logging_mixin.py:188} INFO - [2024-05-24T17:14:02.043+0700] {dag.py:3096} INFO - Sync 1 DAGs
[2024-05-24T17:14:02.150+0700] {logging_mixin.py:188} INFO - [2024-05-24T17:14:02.146+0700] {dag.py:3954} INFO - Setting next_dagrun for example_skip_dag to 2024-05-23 00:00:00+00:00, run_after=2024-05-24 00:00:00+00:00
[2024-05-24T17:14:02.367+0700] {processor.py:183} INFO - Processing /mnt/d/Programming/Vietnamese-Text-Generator/airflow_env/lib/python3.10/site-packages/airflow/example_dags/example_skip_dag.py took 0.582 seconds
[2024-05-24T17:15:10.263+0700] {processor.py:161} INFO - Started process (PID=5410) to work on /mnt/d/Programming/Vietnamese-Text-Generator/airflow_env/lib/python3.10/site-packages/airflow/example_dags/example_skip_dag.py
[2024-05-24T17:15:10.268+0700] {processor.py:830} INFO - Processing file /mnt/d/Programming/Vietnamese-Text-Generator/airflow_env/lib/python3.10/site-packages/airflow/example_dags/example_skip_dag.py for tasks to queue
[2024-05-24T17:15:10.279+0700] {logging_mixin.py:188} INFO - [2024-05-24T17:15:10.276+0700] {dagbag.py:540} INFO - Filling up the DagBag from /mnt/d/Programming/Vietnamese-Text-Generator/airflow_env/lib/python3.10/site-packages/airflow/example_dags/example_skip_dag.py
[2024-05-24T17:15:10.360+0700] {processor.py:840} INFO - DAG(s) 'example_skip_dag' retrieved from /mnt/d/Programming/Vietnamese-Text-Generator/airflow_env/lib/python3.10/site-packages/airflow/example_dags/example_skip_dag.py
[2024-05-24T17:15:10.448+0700] {logging_mixin.py:188} INFO - [2024-05-24T17:15:10.445+0700] {dag.py:3096} INFO - Sync 1 DAGs
[2024-05-24T17:15:10.541+0700] {logging_mixin.py:188} INFO - [2024-05-24T17:15:10.538+0700] {dag.py:3954} INFO - Setting next_dagrun for example_skip_dag to 2024-05-23 00:00:00+00:00, run_after=2024-05-24 00:00:00+00:00
[2024-05-24T17:15:10.729+0700] {processor.py:183} INFO - Processing /mnt/d/Programming/Vietnamese-Text-Generator/airflow_env/lib/python3.10/site-packages/airflow/example_dags/example_skip_dag.py took 0.503 seconds
[2024-05-24T17:16:20.887+0700] {processor.py:161} INFO - Started process (PID=5718) to work on /mnt/d/Programming/Vietnamese-Text-Generator/airflow_env/lib/python3.10/site-packages/airflow/example_dags/example_skip_dag.py
[2024-05-24T17:16:20.893+0700] {processor.py:830} INFO - Processing file /mnt/d/Programming/Vietnamese-Text-Generator/airflow_env/lib/python3.10/site-packages/airflow/example_dags/example_skip_dag.py for tasks to queue
[2024-05-24T17:16:20.907+0700] {logging_mixin.py:188} INFO - [2024-05-24T17:16:20.903+0700] {dagbag.py:540} INFO - Filling up the DagBag from /mnt/d/Programming/Vietnamese-Text-Generator/airflow_env/lib/python3.10/site-packages/airflow/example_dags/example_skip_dag.py
[2024-05-24T17:16:20.997+0700] {processor.py:840} INFO - DAG(s) 'example_skip_dag' retrieved from /mnt/d/Programming/Vietnamese-Text-Generator/airflow_env/lib/python3.10/site-packages/airflow/example_dags/example_skip_dag.py
[2024-05-24T17:16:21.097+0700] {logging_mixin.py:188} INFO - [2024-05-24T17:16:21.093+0700] {dag.py:3096} INFO - Sync 1 DAGs
[2024-05-24T17:16:21.201+0700] {logging_mixin.py:188} INFO - [2024-05-24T17:16:21.197+0700] {dag.py:3954} INFO - Setting next_dagrun for example_skip_dag to 2024-05-23 00:00:00+00:00, run_after=2024-05-24 00:00:00+00:00
[2024-05-24T17:16:21.403+0700] {processor.py:183} INFO - Processing /mnt/d/Programming/Vietnamese-Text-Generator/airflow_env/lib/python3.10/site-packages/airflow/example_dags/example_skip_dag.py took 0.561 seconds
[2024-05-24T17:17:32.494+0700] {processor.py:161} INFO - Started process (PID=6030) to work on /mnt/d/Programming/Vietnamese-Text-Generator/airflow_env/lib/python3.10/site-packages/airflow/example_dags/example_skip_dag.py
[2024-05-24T17:17:32.499+0700] {processor.py:830} INFO - Processing file /mnt/d/Programming/Vietnamese-Text-Generator/airflow_env/lib/python3.10/site-packages/airflow/example_dags/example_skip_dag.py for tasks to queue
[2024-05-24T17:17:32.509+0700] {logging_mixin.py:188} INFO - [2024-05-24T17:17:32.506+0700] {dagbag.py:540} INFO - Filling up the DagBag from /mnt/d/Programming/Vietnamese-Text-Generator/airflow_env/lib/python3.10/site-packages/airflow/example_dags/example_skip_dag.py
[2024-05-24T17:17:32.585+0700] {processor.py:840} INFO - DAG(s) 'example_skip_dag' retrieved from /mnt/d/Programming/Vietnamese-Text-Generator/airflow_env/lib/python3.10/site-packages/airflow/example_dags/example_skip_dag.py
[2024-05-24T17:17:32.672+0700] {logging_mixin.py:188} INFO - [2024-05-24T17:17:32.668+0700] {dag.py:3096} INFO - Sync 1 DAGs
[2024-05-24T17:17:32.766+0700] {logging_mixin.py:188} INFO - [2024-05-24T17:17:32.763+0700] {dag.py:3954} INFO - Setting next_dagrun for example_skip_dag to 2024-05-23 00:00:00+00:00, run_after=2024-05-24 00:00:00+00:00
[2024-05-24T17:17:32.948+0700] {processor.py:183} INFO - Processing /mnt/d/Programming/Vietnamese-Text-Generator/airflow_env/lib/python3.10/site-packages/airflow/example_dags/example_skip_dag.py took 0.494 seconds
[2024-05-24T17:18:44.109+0700] {processor.py:161} INFO - Started process (PID=6347) to work on /mnt/d/Programming/Vietnamese-Text-Generator/airflow_env/lib/python3.10/site-packages/airflow/example_dags/example_skip_dag.py
[2024-05-24T17:18:44.116+0700] {processor.py:830} INFO - Processing file /mnt/d/Programming/Vietnamese-Text-Generator/airflow_env/lib/python3.10/site-packages/airflow/example_dags/example_skip_dag.py for tasks to queue
[2024-05-24T17:18:44.137+0700] {logging_mixin.py:188} INFO - [2024-05-24T17:18:44.131+0700] {dagbag.py:540} INFO - Filling up the DagBag from /mnt/d/Programming/Vietnamese-Text-Generator/airflow_env/lib/python3.10/site-packages/airflow/example_dags/example_skip_dag.py
[2024-05-24T17:18:44.240+0700] {processor.py:840} INFO - DAG(s) 'example_skip_dag' retrieved from /mnt/d/Programming/Vietnamese-Text-Generator/airflow_env/lib/python3.10/site-packages/airflow/example_dags/example_skip_dag.py
[2024-05-24T17:18:44.274+0700] {logging_mixin.py:188} INFO - [2024-05-24T17:18:44.273+0700] {dag.py:3096} INFO - Sync 1 DAGs
[2024-05-24T17:18:44.314+0700] {logging_mixin.py:188} INFO - [2024-05-24T17:18:44.312+0700] {dag.py:3954} INFO - Setting next_dagrun for example_skip_dag to 2024-05-23 00:00:00+00:00, run_after=2024-05-24 00:00:00+00:00
[2024-05-24T17:18:44.394+0700] {processor.py:183} INFO - Processing /mnt/d/Programming/Vietnamese-Text-Generator/airflow_env/lib/python3.10/site-packages/airflow/example_dags/example_skip_dag.py took 0.335 seconds
[2024-05-24T17:19:54.008+0700] {processor.py:161} INFO - Started process (PID=6650) to work on /mnt/d/Programming/Vietnamese-Text-Generator/airflow_env/lib/python3.10/site-packages/airflow/example_dags/example_skip_dag.py
[2024-05-24T17:19:54.015+0700] {processor.py:830} INFO - Processing file /mnt/d/Programming/Vietnamese-Text-Generator/airflow_env/lib/python3.10/site-packages/airflow/example_dags/example_skip_dag.py for tasks to queue
[2024-05-24T17:19:54.019+0700] {logging_mixin.py:188} INFO - [2024-05-24T17:19:54.018+0700] {dagbag.py:540} INFO - Filling up the DagBag from /mnt/d/Programming/Vietnamese-Text-Generator/airflow_env/lib/python3.10/site-packages/airflow/example_dags/example_skip_dag.py
[2024-05-24T17:19:54.045+0700] {processor.py:840} INFO - DAG(s) 'example_skip_dag' retrieved from /mnt/d/Programming/Vietnamese-Text-Generator/airflow_env/lib/python3.10/site-packages/airflow/example_dags/example_skip_dag.py
[2024-05-24T17:19:54.101+0700] {logging_mixin.py:188} INFO - [2024-05-24T17:19:54.100+0700] {dag.py:3096} INFO - Sync 1 DAGs
[2024-05-24T17:19:54.148+0700] {logging_mixin.py:188} INFO - [2024-05-24T17:19:54.147+0700] {dag.py:3954} INFO - Setting next_dagrun for example_skip_dag to 2024-05-23 00:00:00+00:00, run_after=2024-05-24 00:00:00+00:00
[2024-05-24T17:19:54.221+0700] {processor.py:183} INFO - Processing /mnt/d/Programming/Vietnamese-Text-Generator/airflow_env/lib/python3.10/site-packages/airflow/example_dags/example_skip_dag.py took 0.231 seconds
[2024-05-24T17:21:03.334+0700] {processor.py:161} INFO - Started process (PID=6956) to work on /mnt/d/Programming/Vietnamese-Text-Generator/airflow_env/lib/python3.10/site-packages/airflow/example_dags/example_skip_dag.py
[2024-05-24T17:21:03.337+0700] {processor.py:830} INFO - Processing file /mnt/d/Programming/Vietnamese-Text-Generator/airflow_env/lib/python3.10/site-packages/airflow/example_dags/example_skip_dag.py for tasks to queue
[2024-05-24T17:21:03.342+0700] {logging_mixin.py:188} INFO - [2024-05-24T17:21:03.341+0700] {dagbag.py:540} INFO - Filling up the DagBag from /mnt/d/Programming/Vietnamese-Text-Generator/airflow_env/lib/python3.10/site-packages/airflow/example_dags/example_skip_dag.py
[2024-05-24T17:21:03.385+0700] {processor.py:840} INFO - DAG(s) 'example_skip_dag' retrieved from /mnt/d/Programming/Vietnamese-Text-Generator/airflow_env/lib/python3.10/site-packages/airflow/example_dags/example_skip_dag.py
[2024-05-24T17:21:03.457+0700] {logging_mixin.py:188} INFO - [2024-05-24T17:21:03.455+0700] {dag.py:3096} INFO - Sync 1 DAGs
[2024-05-24T17:21:03.520+0700] {logging_mixin.py:188} INFO - [2024-05-24T17:21:03.519+0700] {dag.py:3954} INFO - Setting next_dagrun for example_skip_dag to 2024-05-23 00:00:00+00:00, run_after=2024-05-24 00:00:00+00:00
[2024-05-24T17:21:03.664+0700] {processor.py:183} INFO - Processing /mnt/d/Programming/Vietnamese-Text-Generator/airflow_env/lib/python3.10/site-packages/airflow/example_dags/example_skip_dag.py took 0.349 seconds
[2024-05-24T17:23:14.090+0700] {processor.py:161} INFO - Started process (PID=7525) to work on /mnt/d/Programming/Vietnamese-Text-Generator/airflow_env/lib/python3.10/site-packages/airflow/example_dags/example_skip_dag.py
[2024-05-24T17:23:14.093+0700] {processor.py:830} INFO - Processing file /mnt/d/Programming/Vietnamese-Text-Generator/airflow_env/lib/python3.10/site-packages/airflow/example_dags/example_skip_dag.py for tasks to queue
[2024-05-24T17:23:14.099+0700] {logging_mixin.py:188} INFO - [2024-05-24T17:23:14.098+0700] {dagbag.py:540} INFO - Filling up the DagBag from /mnt/d/Programming/Vietnamese-Text-Generator/airflow_env/lib/python3.10/site-packages/airflow/example_dags/example_skip_dag.py
[2024-05-24T17:23:14.129+0700] {processor.py:840} INFO - DAG(s) 'example_skip_dag' retrieved from /mnt/d/Programming/Vietnamese-Text-Generator/airflow_env/lib/python3.10/site-packages/airflow/example_dags/example_skip_dag.py
[2024-05-24T17:23:14.169+0700] {logging_mixin.py:188} INFO - [2024-05-24T17:23:14.169+0700] {dag.py:3096} INFO - Sync 1 DAGs
[2024-05-24T17:23:14.201+0700] {logging_mixin.py:188} INFO - [2024-05-24T17:23:14.201+0700] {dag.py:3954} INFO - Setting next_dagrun for example_skip_dag to 2024-05-23 00:00:00+00:00, run_after=2024-05-24 00:00:00+00:00
[2024-05-24T17:23:14.275+0700] {processor.py:183} INFO - Processing /mnt/d/Programming/Vietnamese-Text-Generator/airflow_env/lib/python3.10/site-packages/airflow/example_dags/example_skip_dag.py took 0.214 seconds
[2024-05-24T17:24:17.198+0700] {processor.py:161} INFO - Started process (PID=7802) to work on /mnt/d/Programming/Vietnamese-Text-Generator/airflow_env/lib/python3.10/site-packages/airflow/example_dags/example_skip_dag.py
[2024-05-24T17:24:17.203+0700] {processor.py:830} INFO - Processing file /mnt/d/Programming/Vietnamese-Text-Generator/airflow_env/lib/python3.10/site-packages/airflow/example_dags/example_skip_dag.py for tasks to queue
[2024-05-24T17:24:17.213+0700] {logging_mixin.py:188} INFO - [2024-05-24T17:24:17.210+0700] {dagbag.py:540} INFO - Filling up the DagBag from /mnt/d/Programming/Vietnamese-Text-Generator/airflow_env/lib/python3.10/site-packages/airflow/example_dags/example_skip_dag.py
[2024-05-24T17:24:17.280+0700] {processor.py:840} INFO - DAG(s) 'example_skip_dag' retrieved from /mnt/d/Programming/Vietnamese-Text-Generator/airflow_env/lib/python3.10/site-packages/airflow/example_dags/example_skip_dag.py
[2024-05-24T17:24:17.368+0700] {logging_mixin.py:188} INFO - [2024-05-24T17:24:17.366+0700] {dag.py:3096} INFO - Sync 1 DAGs
[2024-05-24T17:24:17.441+0700] {logging_mixin.py:188} INFO - [2024-05-24T17:24:17.437+0700] {dag.py:3954} INFO - Setting next_dagrun for example_skip_dag to 2024-05-23 00:00:00+00:00, run_after=2024-05-24 00:00:00+00:00
[2024-05-24T17:24:17.611+0700] {processor.py:183} INFO - Processing /mnt/d/Programming/Vietnamese-Text-Generator/airflow_env/lib/python3.10/site-packages/airflow/example_dags/example_skip_dag.py took 0.448 seconds
[2024-05-24T17:47:37.349+0700] {processor.py:161} INFO - Started process (PID=8274) to work on /mnt/d/Programming/Vietnamese-Text-Generator/airflow_env/lib/python3.10/site-packages/airflow/example_dags/example_skip_dag.py
[2024-05-24T17:47:37.351+0700] {processor.py:830} INFO - Processing file /mnt/d/Programming/Vietnamese-Text-Generator/airflow_env/lib/python3.10/site-packages/airflow/example_dags/example_skip_dag.py for tasks to queue
[2024-05-24T17:47:37.356+0700] {logging_mixin.py:188} INFO - [2024-05-24T17:47:37.354+0700] {dagbag.py:540} INFO - Filling up the DagBag from /mnt/d/Programming/Vietnamese-Text-Generator/airflow_env/lib/python3.10/site-packages/airflow/example_dags/example_skip_dag.py
[2024-05-24T17:47:37.377+0700] {processor.py:840} INFO - DAG(s) 'example_skip_dag' retrieved from /mnt/d/Programming/Vietnamese-Text-Generator/airflow_env/lib/python3.10/site-packages/airflow/example_dags/example_skip_dag.py
[2024-05-24T17:47:37.409+0700] {logging_mixin.py:188} INFO - [2024-05-24T17:47:37.407+0700] {dag.py:3096} INFO - Sync 1 DAGs
[2024-05-24T17:47:37.442+0700] {logging_mixin.py:188} INFO - [2024-05-24T17:47:37.441+0700] {dag.py:3954} INFO - Setting next_dagrun for example_skip_dag to 2024-05-23 00:00:00+00:00, run_after=2024-05-24 00:00:00+00:00
[2024-05-24T17:47:37.510+0700] {processor.py:183} INFO - Processing /mnt/d/Programming/Vietnamese-Text-Generator/airflow_env/lib/python3.10/site-packages/airflow/example_dags/example_skip_dag.py took 0.173 seconds
[2024-05-24T17:49:19.313+0700] {processor.py:161} INFO - Started process (PID=8730) to work on /mnt/d/Programming/Vietnamese-Text-Generator/airflow_env/lib/python3.10/site-packages/airflow/example_dags/example_skip_dag.py
[2024-05-24T17:49:19.319+0700] {processor.py:830} INFO - Processing file /mnt/d/Programming/Vietnamese-Text-Generator/airflow_env/lib/python3.10/site-packages/airflow/example_dags/example_skip_dag.py for tasks to queue
[2024-05-24T17:49:19.331+0700] {logging_mixin.py:188} INFO - [2024-05-24T17:49:19.328+0700] {dagbag.py:540} INFO - Filling up the DagBag from /mnt/d/Programming/Vietnamese-Text-Generator/airflow_env/lib/python3.10/site-packages/airflow/example_dags/example_skip_dag.py
[2024-05-24T17:49:19.412+0700] {processor.py:840} INFO - DAG(s) 'example_skip_dag' retrieved from /mnt/d/Programming/Vietnamese-Text-Generator/airflow_env/lib/python3.10/site-packages/airflow/example_dags/example_skip_dag.py
[2024-05-24T17:49:19.511+0700] {logging_mixin.py:188} INFO - [2024-05-24T17:49:19.507+0700] {dag.py:3096} INFO - Sync 1 DAGs
[2024-05-24T17:49:19.622+0700] {logging_mixin.py:188} INFO - [2024-05-24T17:49:19.619+0700] {dag.py:3954} INFO - Setting next_dagrun for example_skip_dag to 2024-05-23 00:00:00+00:00, run_after=2024-05-24 00:00:00+00:00
[2024-05-24T17:49:19.796+0700] {processor.py:183} INFO - Processing /mnt/d/Programming/Vietnamese-Text-Generator/airflow_env/lib/python3.10/site-packages/airflow/example_dags/example_skip_dag.py took 0.525 seconds
[2024-05-24T17:51:28.886+0700] {processor.py:161} INFO - Started process (PID=9298) to work on /mnt/d/Programming/Vietnamese-Text-Generator/airflow_env/lib/python3.10/site-packages/airflow/example_dags/example_skip_dag.py
[2024-05-24T17:51:28.892+0700] {processor.py:830} INFO - Processing file /mnt/d/Programming/Vietnamese-Text-Generator/airflow_env/lib/python3.10/site-packages/airflow/example_dags/example_skip_dag.py for tasks to queue
[2024-05-24T17:51:28.898+0700] {logging_mixin.py:188} INFO - [2024-05-24T17:51:28.896+0700] {dagbag.py:540} INFO - Filling up the DagBag from /mnt/d/Programming/Vietnamese-Text-Generator/airflow_env/lib/python3.10/site-packages/airflow/example_dags/example_skip_dag.py
[2024-05-24T17:51:28.928+0700] {processor.py:840} INFO - DAG(s) 'example_skip_dag' retrieved from /mnt/d/Programming/Vietnamese-Text-Generator/airflow_env/lib/python3.10/site-packages/airflow/example_dags/example_skip_dag.py
[2024-05-24T17:51:28.969+0700] {logging_mixin.py:188} INFO - [2024-05-24T17:51:28.968+0700] {dag.py:3096} INFO - Sync 1 DAGs
[2024-05-24T17:51:29.025+0700] {logging_mixin.py:188} INFO - [2024-05-24T17:51:29.024+0700] {dag.py:3954} INFO - Setting next_dagrun for example_skip_dag to 2024-05-23 00:00:00+00:00, run_after=2024-05-24 00:00:00+00:00
[2024-05-24T17:51:29.117+0700] {processor.py:183} INFO - Processing /mnt/d/Programming/Vietnamese-Text-Generator/airflow_env/lib/python3.10/site-packages/airflow/example_dags/example_skip_dag.py took 0.261 seconds
[2024-05-24T17:52:41.444+0700] {processor.py:161} INFO - Started process (PID=9618) to work on /mnt/d/Programming/Vietnamese-Text-Generator/airflow_env/lib/python3.10/site-packages/airflow/example_dags/example_skip_dag.py
[2024-05-24T17:52:41.446+0700] {processor.py:830} INFO - Processing file /mnt/d/Programming/Vietnamese-Text-Generator/airflow_env/lib/python3.10/site-packages/airflow/example_dags/example_skip_dag.py for tasks to queue
[2024-05-24T17:52:41.451+0700] {logging_mixin.py:188} INFO - [2024-05-24T17:52:41.450+0700] {dagbag.py:540} INFO - Filling up the DagBag from /mnt/d/Programming/Vietnamese-Text-Generator/airflow_env/lib/python3.10/site-packages/airflow/example_dags/example_skip_dag.py
[2024-05-24T17:52:41.473+0700] {processor.py:840} INFO - DAG(s) 'example_skip_dag' retrieved from /mnt/d/Programming/Vietnamese-Text-Generator/airflow_env/lib/python3.10/site-packages/airflow/example_dags/example_skip_dag.py
[2024-05-24T17:52:41.508+0700] {logging_mixin.py:188} INFO - [2024-05-24T17:52:41.507+0700] {dag.py:3096} INFO - Sync 1 DAGs
[2024-05-24T17:52:41.546+0700] {logging_mixin.py:188} INFO - [2024-05-24T17:52:41.545+0700] {dag.py:3954} INFO - Setting next_dagrun for example_skip_dag to 2024-05-23 00:00:00+00:00, run_after=2024-05-24 00:00:00+00:00
[2024-05-24T17:52:41.613+0700] {processor.py:183} INFO - Processing /mnt/d/Programming/Vietnamese-Text-Generator/airflow_env/lib/python3.10/site-packages/airflow/example_dags/example_skip_dag.py took 0.190 seconds
[2024-05-24T17:53:49.410+0700] {processor.py:161} INFO - Started process (PID=9911) to work on /mnt/d/Programming/Vietnamese-Text-Generator/airflow_env/lib/python3.10/site-packages/airflow/example_dags/example_skip_dag.py
[2024-05-24T17:53:49.417+0700] {processor.py:830} INFO - Processing file /mnt/d/Programming/Vietnamese-Text-Generator/airflow_env/lib/python3.10/site-packages/airflow/example_dags/example_skip_dag.py for tasks to queue
[2024-05-24T17:53:49.430+0700] {logging_mixin.py:188} INFO - [2024-05-24T17:53:49.426+0700] {dagbag.py:540} INFO - Filling up the DagBag from /mnt/d/Programming/Vietnamese-Text-Generator/airflow_env/lib/python3.10/site-packages/airflow/example_dags/example_skip_dag.py
[2024-05-24T17:53:49.529+0700] {processor.py:840} INFO - DAG(s) 'example_skip_dag' retrieved from /mnt/d/Programming/Vietnamese-Text-Generator/airflow_env/lib/python3.10/site-packages/airflow/example_dags/example_skip_dag.py
[2024-05-24T17:53:49.624+0700] {logging_mixin.py:188} INFO - [2024-05-24T17:53:49.621+0700] {dag.py:3096} INFO - Sync 1 DAGs
[2024-05-24T17:53:49.699+0700] {logging_mixin.py:188} INFO - [2024-05-24T17:53:49.696+0700] {dag.py:3954} INFO - Setting next_dagrun for example_skip_dag to 2024-05-23 00:00:00+00:00, run_after=2024-05-24 00:00:00+00:00
[2024-05-24T17:53:49.839+0700] {processor.py:183} INFO - Processing /mnt/d/Programming/Vietnamese-Text-Generator/airflow_env/lib/python3.10/site-packages/airflow/example_dags/example_skip_dag.py took 0.478 seconds
[2024-05-24T17:54:58.800+0700] {processor.py:161} INFO - Started process (PID=10214) to work on /mnt/d/Programming/Vietnamese-Text-Generator/airflow_env/lib/python3.10/site-packages/airflow/example_dags/example_skip_dag.py
[2024-05-24T17:54:58.807+0700] {processor.py:830} INFO - Processing file /mnt/d/Programming/Vietnamese-Text-Generator/airflow_env/lib/python3.10/site-packages/airflow/example_dags/example_skip_dag.py for tasks to queue
[2024-05-24T17:54:58.820+0700] {logging_mixin.py:188} INFO - [2024-05-24T17:54:58.817+0700] {dagbag.py:540} INFO - Filling up the DagBag from /mnt/d/Programming/Vietnamese-Text-Generator/airflow_env/lib/python3.10/site-packages/airflow/example_dags/example_skip_dag.py
[2024-05-24T17:54:58.888+0700] {processor.py:840} INFO - DAG(s) 'example_skip_dag' retrieved from /mnt/d/Programming/Vietnamese-Text-Generator/airflow_env/lib/python3.10/site-packages/airflow/example_dags/example_skip_dag.py
[2024-05-24T17:54:58.968+0700] {logging_mixin.py:188} INFO - [2024-05-24T17:54:58.965+0700] {dag.py:3096} INFO - Sync 1 DAGs
[2024-05-24T17:54:59.060+0700] {logging_mixin.py:188} INFO - [2024-05-24T17:54:59.058+0700] {dag.py:3954} INFO - Setting next_dagrun for example_skip_dag to 2024-05-23 00:00:00+00:00, run_after=2024-05-24 00:00:00+00:00
[2024-05-24T17:54:59.245+0700] {processor.py:183} INFO - Processing /mnt/d/Programming/Vietnamese-Text-Generator/airflow_env/lib/python3.10/site-packages/airflow/example_dags/example_skip_dag.py took 0.494 seconds
[2024-05-24T17:56:07.268+0700] {processor.py:161} INFO - Started process (PID=10514) to work on /mnt/d/Programming/Vietnamese-Text-Generator/airflow_env/lib/python3.10/site-packages/airflow/example_dags/example_skip_dag.py
[2024-05-24T17:56:07.275+0700] {processor.py:830} INFO - Processing file /mnt/d/Programming/Vietnamese-Text-Generator/airflow_env/lib/python3.10/site-packages/airflow/example_dags/example_skip_dag.py for tasks to queue
[2024-05-24T17:56:07.287+0700] {logging_mixin.py:188} INFO - [2024-05-24T17:56:07.283+0700] {dagbag.py:540} INFO - Filling up the DagBag from /mnt/d/Programming/Vietnamese-Text-Generator/airflow_env/lib/python3.10/site-packages/airflow/example_dags/example_skip_dag.py
[2024-05-24T17:56:07.384+0700] {processor.py:840} INFO - DAG(s) 'example_skip_dag' retrieved from /mnt/d/Programming/Vietnamese-Text-Generator/airflow_env/lib/python3.10/site-packages/airflow/example_dags/example_skip_dag.py
[2024-05-24T17:56:07.490+0700] {logging_mixin.py:188} INFO - [2024-05-24T17:56:07.487+0700] {dag.py:3096} INFO - Sync 1 DAGs
[2024-05-24T17:56:07.591+0700] {logging_mixin.py:188} INFO - [2024-05-24T17:56:07.588+0700] {dag.py:3954} INFO - Setting next_dagrun for example_skip_dag to 2024-05-23 00:00:00+00:00, run_after=2024-05-24 00:00:00+00:00
[2024-05-24T17:56:07.801+0700] {processor.py:183} INFO - Processing /mnt/d/Programming/Vietnamese-Text-Generator/airflow_env/lib/python3.10/site-packages/airflow/example_dags/example_skip_dag.py took 0.580 seconds
[2024-05-24T17:57:17.020+0700] {processor.py:161} INFO - Started process (PID=10819) to work on /mnt/d/Programming/Vietnamese-Text-Generator/airflow_env/lib/python3.10/site-packages/airflow/example_dags/example_skip_dag.py
[2024-05-24T17:57:17.025+0700] {processor.py:830} INFO - Processing file /mnt/d/Programming/Vietnamese-Text-Generator/airflow_env/lib/python3.10/site-packages/airflow/example_dags/example_skip_dag.py for tasks to queue
[2024-05-24T17:57:17.040+0700] {logging_mixin.py:188} INFO - [2024-05-24T17:57:17.035+0700] {dagbag.py:540} INFO - Filling up the DagBag from /mnt/d/Programming/Vietnamese-Text-Generator/airflow_env/lib/python3.10/site-packages/airflow/example_dags/example_skip_dag.py
[2024-05-24T17:57:17.120+0700] {processor.py:840} INFO - DAG(s) 'example_skip_dag' retrieved from /mnt/d/Programming/Vietnamese-Text-Generator/airflow_env/lib/python3.10/site-packages/airflow/example_dags/example_skip_dag.py
[2024-05-24T17:57:17.224+0700] {logging_mixin.py:188} INFO - [2024-05-24T17:57:17.221+0700] {dag.py:3096} INFO - Sync 1 DAGs
[2024-05-24T17:57:17.319+0700] {logging_mixin.py:188} INFO - [2024-05-24T17:57:17.316+0700] {dag.py:3954} INFO - Setting next_dagrun for example_skip_dag to 2024-05-23 00:00:00+00:00, run_after=2024-05-24 00:00:00+00:00
[2024-05-24T17:57:17.510+0700] {processor.py:183} INFO - Processing /mnt/d/Programming/Vietnamese-Text-Generator/airflow_env/lib/python3.10/site-packages/airflow/example_dags/example_skip_dag.py took 0.533 seconds
[2024-05-24T17:58:27.104+0700] {processor.py:161} INFO - Started process (PID=11122) to work on /mnt/d/Programming/Vietnamese-Text-Generator/airflow_env/lib/python3.10/site-packages/airflow/example_dags/example_skip_dag.py
[2024-05-24T17:58:27.111+0700] {processor.py:830} INFO - Processing file /mnt/d/Programming/Vietnamese-Text-Generator/airflow_env/lib/python3.10/site-packages/airflow/example_dags/example_skip_dag.py for tasks to queue
[2024-05-24T17:58:27.122+0700] {logging_mixin.py:188} INFO - [2024-05-24T17:58:27.119+0700] {dagbag.py:540} INFO - Filling up the DagBag from /mnt/d/Programming/Vietnamese-Text-Generator/airflow_env/lib/python3.10/site-packages/airflow/example_dags/example_skip_dag.py
[2024-05-24T17:58:27.205+0700] {processor.py:840} INFO - DAG(s) 'example_skip_dag' retrieved from /mnt/d/Programming/Vietnamese-Text-Generator/airflow_env/lib/python3.10/site-packages/airflow/example_dags/example_skip_dag.py
[2024-05-24T17:58:27.312+0700] {logging_mixin.py:188} INFO - [2024-05-24T17:58:27.309+0700] {dag.py:3096} INFO - Sync 1 DAGs
[2024-05-24T17:58:27.426+0700] {logging_mixin.py:188} INFO - [2024-05-24T17:58:27.422+0700] {dag.py:3954} INFO - Setting next_dagrun for example_skip_dag to 2024-05-23 00:00:00+00:00, run_after=2024-05-24 00:00:00+00:00
[2024-05-24T17:58:27.632+0700] {processor.py:183} INFO - Processing /mnt/d/Programming/Vietnamese-Text-Generator/airflow_env/lib/python3.10/site-packages/airflow/example_dags/example_skip_dag.py took 0.576 seconds
[2024-05-24T18:00:41.745+0700] {processor.py:161} INFO - Started process (PID=11709) to work on /mnt/d/Programming/Vietnamese-Text-Generator/airflow_env/lib/python3.10/site-packages/airflow/example_dags/example_skip_dag.py
[2024-05-24T18:00:41.753+0700] {processor.py:830} INFO - Processing file /mnt/d/Programming/Vietnamese-Text-Generator/airflow_env/lib/python3.10/site-packages/airflow/example_dags/example_skip_dag.py for tasks to queue
[2024-05-24T18:00:41.777+0700] {logging_mixin.py:188} INFO - [2024-05-24T18:00:41.770+0700] {dagbag.py:540} INFO - Filling up the DagBag from /mnt/d/Programming/Vietnamese-Text-Generator/airflow_env/lib/python3.10/site-packages/airflow/example_dags/example_skip_dag.py
[2024-05-24T18:00:41.853+0700] {processor.py:840} INFO - DAG(s) 'example_skip_dag' retrieved from /mnt/d/Programming/Vietnamese-Text-Generator/airflow_env/lib/python3.10/site-packages/airflow/example_dags/example_skip_dag.py
[2024-05-24T18:00:42.004+0700] {logging_mixin.py:188} INFO - [2024-05-24T18:00:42.001+0700] {dag.py:3096} INFO - Sync 1 DAGs
[2024-05-24T18:00:42.062+0700] {logging_mixin.py:188} INFO - [2024-05-24T18:00:42.060+0700] {dag.py:3954} INFO - Setting next_dagrun for example_skip_dag to 2024-05-23 00:00:00+00:00, run_after=2024-05-24 00:00:00+00:00
[2024-05-24T18:00:42.261+0700] {processor.py:183} INFO - Processing /mnt/d/Programming/Vietnamese-Text-Generator/airflow_env/lib/python3.10/site-packages/airflow/example_dags/example_skip_dag.py took 0.577 seconds
[2024-05-24T18:01:51.590+0700] {processor.py:161} INFO - Started process (PID=12015) to work on /mnt/d/Programming/Vietnamese-Text-Generator/airflow_env/lib/python3.10/site-packages/airflow/example_dags/example_skip_dag.py
[2024-05-24T18:01:51.597+0700] {processor.py:830} INFO - Processing file /mnt/d/Programming/Vietnamese-Text-Generator/airflow_env/lib/python3.10/site-packages/airflow/example_dags/example_skip_dag.py for tasks to queue
[2024-05-24T18:01:51.607+0700] {logging_mixin.py:188} INFO - [2024-05-24T18:01:51.604+0700] {dagbag.py:540} INFO - Filling up the DagBag from /mnt/d/Programming/Vietnamese-Text-Generator/airflow_env/lib/python3.10/site-packages/airflow/example_dags/example_skip_dag.py
[2024-05-24T18:01:51.684+0700] {processor.py:840} INFO - DAG(s) 'example_skip_dag' retrieved from /mnt/d/Programming/Vietnamese-Text-Generator/airflow_env/lib/python3.10/site-packages/airflow/example_dags/example_skip_dag.py
[2024-05-24T18:01:51.811+0700] {logging_mixin.py:188} INFO - [2024-05-24T18:01:51.807+0700] {dag.py:3096} INFO - Sync 1 DAGs
[2024-05-24T18:01:51.919+0700] {logging_mixin.py:188} INFO - [2024-05-24T18:01:51.916+0700] {dag.py:3954} INFO - Setting next_dagrun for example_skip_dag to 2024-05-23 00:00:00+00:00, run_after=2024-05-24 00:00:00+00:00
[2024-05-24T18:01:52.127+0700] {processor.py:183} INFO - Processing /mnt/d/Programming/Vietnamese-Text-Generator/airflow_env/lib/python3.10/site-packages/airflow/example_dags/example_skip_dag.py took 0.583 seconds
[2024-05-24T18:02:59.864+0700] {processor.py:161} INFO - Started process (PID=12314) to work on /mnt/d/Programming/Vietnamese-Text-Generator/airflow_env/lib/python3.10/site-packages/airflow/example_dags/example_skip_dag.py
[2024-05-24T18:02:59.870+0700] {processor.py:830} INFO - Processing file /mnt/d/Programming/Vietnamese-Text-Generator/airflow_env/lib/python3.10/site-packages/airflow/example_dags/example_skip_dag.py for tasks to queue
[2024-05-24T18:02:59.884+0700] {logging_mixin.py:188} INFO - [2024-05-24T18:02:59.880+0700] {dagbag.py:540} INFO - Filling up the DagBag from /mnt/d/Programming/Vietnamese-Text-Generator/airflow_env/lib/python3.10/site-packages/airflow/example_dags/example_skip_dag.py
[2024-05-24T18:02:59.984+0700] {processor.py:840} INFO - DAG(s) 'example_skip_dag' retrieved from /mnt/d/Programming/Vietnamese-Text-Generator/airflow_env/lib/python3.10/site-packages/airflow/example_dags/example_skip_dag.py
[2024-05-24T18:03:00.118+0700] {logging_mixin.py:188} INFO - [2024-05-24T18:03:00.115+0700] {dag.py:3096} INFO - Sync 1 DAGs
[2024-05-24T18:03:00.188+0700] {logging_mixin.py:188} INFO - [2024-05-24T18:03:00.186+0700] {dag.py:3954} INFO - Setting next_dagrun for example_skip_dag to 2024-05-23 00:00:00+00:00, run_after=2024-05-24 00:00:00+00:00
[2024-05-24T18:03:00.276+0700] {processor.py:183} INFO - Processing /mnt/d/Programming/Vietnamese-Text-Generator/airflow_env/lib/python3.10/site-packages/airflow/example_dags/example_skip_dag.py took 0.453 seconds
[2024-05-24T18:04:13.704+0700] {processor.py:161} INFO - Started process (PID=12635) to work on /mnt/d/Programming/Vietnamese-Text-Generator/airflow_env/lib/python3.10/site-packages/airflow/example_dags/example_skip_dag.py
[2024-05-24T18:04:13.710+0700] {processor.py:830} INFO - Processing file /mnt/d/Programming/Vietnamese-Text-Generator/airflow_env/lib/python3.10/site-packages/airflow/example_dags/example_skip_dag.py for tasks to queue
[2024-05-24T18:04:13.723+0700] {logging_mixin.py:188} INFO - [2024-05-24T18:04:13.719+0700] {dagbag.py:540} INFO - Filling up the DagBag from /mnt/d/Programming/Vietnamese-Text-Generator/airflow_env/lib/python3.10/site-packages/airflow/example_dags/example_skip_dag.py
[2024-05-24T18:04:13.813+0700] {processor.py:840} INFO - DAG(s) 'example_skip_dag' retrieved from /mnt/d/Programming/Vietnamese-Text-Generator/airflow_env/lib/python3.10/site-packages/airflow/example_dags/example_skip_dag.py
[2024-05-24T18:04:13.914+0700] {logging_mixin.py:188} INFO - [2024-05-24T18:04:13.910+0700] {dag.py:3096} INFO - Sync 1 DAGs
[2024-05-24T18:04:14.000+0700] {logging_mixin.py:188} INFO - [2024-05-24T18:04:13.998+0700] {dag.py:3954} INFO - Setting next_dagrun for example_skip_dag to 2024-05-23 00:00:00+00:00, run_after=2024-05-24 00:00:00+00:00
[2024-05-24T18:04:14.151+0700] {processor.py:183} INFO - Processing /mnt/d/Programming/Vietnamese-Text-Generator/airflow_env/lib/python3.10/site-packages/airflow/example_dags/example_skip_dag.py took 0.492 seconds
[2024-05-24T18:05:24.974+0700] {processor.py:161} INFO - Started process (PID=12945) to work on /mnt/d/Programming/Vietnamese-Text-Generator/airflow_env/lib/python3.10/site-packages/airflow/example_dags/example_skip_dag.py
[2024-05-24T18:05:24.980+0700] {processor.py:830} INFO - Processing file /mnt/d/Programming/Vietnamese-Text-Generator/airflow_env/lib/python3.10/site-packages/airflow/example_dags/example_skip_dag.py for tasks to queue
[2024-05-24T18:05:24.991+0700] {logging_mixin.py:188} INFO - [2024-05-24T18:05:24.987+0700] {dagbag.py:540} INFO - Filling up the DagBag from /mnt/d/Programming/Vietnamese-Text-Generator/airflow_env/lib/python3.10/site-packages/airflow/example_dags/example_skip_dag.py
[2024-05-24T18:05:25.072+0700] {processor.py:840} INFO - DAG(s) 'example_skip_dag' retrieved from /mnt/d/Programming/Vietnamese-Text-Generator/airflow_env/lib/python3.10/site-packages/airflow/example_dags/example_skip_dag.py
[2024-05-24T18:05:25.169+0700] {logging_mixin.py:188} INFO - [2024-05-24T18:05:25.166+0700] {dag.py:3096} INFO - Sync 1 DAGs
[2024-05-24T18:05:25.282+0700] {logging_mixin.py:188} INFO - [2024-05-24T18:05:25.279+0700] {dag.py:3954} INFO - Setting next_dagrun for example_skip_dag to 2024-05-23 00:00:00+00:00, run_after=2024-05-24 00:00:00+00:00
[2024-05-24T18:05:25.499+0700] {processor.py:183} INFO - Processing /mnt/d/Programming/Vietnamese-Text-Generator/airflow_env/lib/python3.10/site-packages/airflow/example_dags/example_skip_dag.py took 0.568 seconds
