[2024-05-24T17:01:32.201+0700] {processor.py:161} INFO - Started process (PID=1763) to work on /mnt/d/Programming/Vietnamese-Text-Generator/airflow_env/lib/python3.10/site-packages/airflow/example_dags/example_trigger_controller_dag.py
[2024-05-24T17:01:32.203+0700] {processor.py:830} INFO - Processing file /mnt/d/Programming/Vietnamese-Text-Generator/airflow_env/lib/python3.10/site-packages/airflow/example_dags/example_trigger_controller_dag.py for tasks to queue
[2024-05-24T17:01:32.207+0700] {logging_mixin.py:188} INFO - [2024-05-24T17:01:32.206+0700] {dagbag.py:540} INFO - Filling up the DagBag from /mnt/d/Programming/Vietnamese-Text-Generator/airflow_env/lib/python3.10/site-packages/airflow/example_dags/example_trigger_controller_dag.py
[2024-05-24T17:01:32.444+0700] {processor.py:840} INFO - DAG(s) 'example_trigger_controller_dag' retrieved from /mnt/d/Programming/Vietnamese-Text-Generator/airflow_env/lib/python3.10/site-packages/airflow/example_dags/example_trigger_controller_dag.py
[2024-05-24T17:01:32.586+0700] {logging_mixin.py:188} INFO - [2024-05-24T17:01:32.582+0700] {dag.py:3096} INFO - Sync 1 DAGs
[2024-05-24T17:01:32.703+0700] {logging_mixin.py:188} INFO - [2024-05-24T17:01:32.701+0700] {dag.py:3954} INFO - Setting next_dagrun for example_trigger_controller_dag to 2021-01-01 00:00:00+00:00, run_after=2021-01-01 00:00:00+00:00
[2024-05-24T17:01:32.773+0700] {processor.py:183} INFO - Processing /mnt/d/Programming/Vietnamese-Text-Generator/airflow_env/lib/python3.10/site-packages/airflow/example_dags/example_trigger_controller_dag.py took 0.594 seconds
[2024-05-24T17:03:30.151+0700] {processor.py:161} INFO - Started process (PID=2268) to work on /mnt/d/Programming/Vietnamese-Text-Generator/airflow_env/lib/python3.10/site-packages/airflow/example_dags/example_trigger_controller_dag.py
[2024-05-24T17:03:30.154+0700] {processor.py:830} INFO - Processing file /mnt/d/Programming/Vietnamese-Text-Generator/airflow_env/lib/python3.10/site-packages/airflow/example_dags/example_trigger_controller_dag.py for tasks to queue
[2024-05-24T17:03:30.159+0700] {logging_mixin.py:188} INFO - [2024-05-24T17:03:30.158+0700] {dagbag.py:540} INFO - Filling up the DagBag from /mnt/d/Programming/Vietnamese-Text-Generator/airflow_env/lib/python3.10/site-packages/airflow/example_dags/example_trigger_controller_dag.py
[2024-05-24T17:03:30.197+0700] {processor.py:840} INFO - DAG(s) 'example_trigger_controller_dag' retrieved from /mnt/d/Programming/Vietnamese-Text-Generator/airflow_env/lib/python3.10/site-packages/airflow/example_dags/example_trigger_controller_dag.py
[2024-05-24T17:03:30.250+0700] {logging_mixin.py:188} INFO - [2024-05-24T17:03:30.248+0700] {dag.py:3096} INFO - Sync 1 DAGs
[2024-05-24T17:03:30.318+0700] {logging_mixin.py:188} INFO - [2024-05-24T17:03:30.315+0700] {dag.py:3954} INFO - Setting next_dagrun for example_trigger_controller_dag to 2021-01-01 00:00:00+00:00, run_after=2021-01-01 00:00:00+00:00
[2024-05-24T17:03:30.479+0700] {processor.py:183} INFO - Processing /mnt/d/Programming/Vietnamese-Text-Generator/airflow_env/lib/python3.10/site-packages/airflow/example_dags/example_trigger_controller_dag.py took 0.350 seconds
[2024-05-24T17:04:45.125+0700] {processor.py:161} INFO - Started process (PID=2596) to work on /mnt/d/Programming/Vietnamese-Text-Generator/airflow_env/lib/python3.10/site-packages/airflow/example_dags/example_trigger_controller_dag.py
[2024-05-24T17:04:45.139+0700] {processor.py:830} INFO - Processing file /mnt/d/Programming/Vietnamese-Text-Generator/airflow_env/lib/python3.10/site-packages/airflow/example_dags/example_trigger_controller_dag.py for tasks to queue
[2024-05-24T17:04:45.156+0700] {logging_mixin.py:188} INFO - [2024-05-24T17:04:45.151+0700] {dagbag.py:540} INFO - Filling up the DagBag from /mnt/d/Programming/Vietnamese-Text-Generator/airflow_env/lib/python3.10/site-packages/airflow/example_dags/example_trigger_controller_dag.py
[2024-05-24T17:04:45.275+0700] {processor.py:840} INFO - DAG(s) 'example_trigger_controller_dag' retrieved from /mnt/d/Programming/Vietnamese-Text-Generator/airflow_env/lib/python3.10/site-packages/airflow/example_dags/example_trigger_controller_dag.py
[2024-05-24T17:04:45.354+0700] {logging_mixin.py:188} INFO - [2024-05-24T17:04:45.352+0700] {dag.py:3096} INFO - Sync 1 DAGs
[2024-05-24T17:04:45.592+0700] {logging_mixin.py:188} INFO - [2024-05-24T17:04:45.589+0700] {dag.py:3954} INFO - Setting next_dagrun for example_trigger_controller_dag to 2021-01-01 00:00:00+00:00, run_after=2021-01-01 00:00:00+00:00
[2024-05-24T17:04:45.755+0700] {processor.py:183} INFO - Processing /mnt/d/Programming/Vietnamese-Text-Generator/airflow_env/lib/python3.10/site-packages/airflow/example_dags/example_trigger_controller_dag.py took 0.681 seconds
[2024-05-24T17:05:54.192+0700] {processor.py:161} INFO - Started process (PID=2899) to work on /mnt/d/Programming/Vietnamese-Text-Generator/airflow_env/lib/python3.10/site-packages/airflow/example_dags/example_trigger_controller_dag.py
[2024-05-24T17:05:54.199+0700] {processor.py:830} INFO - Processing file /mnt/d/Programming/Vietnamese-Text-Generator/airflow_env/lib/python3.10/site-packages/airflow/example_dags/example_trigger_controller_dag.py for tasks to queue
[2024-05-24T17:05:54.210+0700] {logging_mixin.py:188} INFO - [2024-05-24T17:05:54.206+0700] {dagbag.py:540} INFO - Filling up the DagBag from /mnt/d/Programming/Vietnamese-Text-Generator/airflow_env/lib/python3.10/site-packages/airflow/example_dags/example_trigger_controller_dag.py
[2024-05-24T17:05:54.296+0700] {processor.py:840} INFO - DAG(s) 'example_trigger_controller_dag' retrieved from /mnt/d/Programming/Vietnamese-Text-Generator/airflow_env/lib/python3.10/site-packages/airflow/example_dags/example_trigger_controller_dag.py
[2024-05-24T17:05:54.390+0700] {logging_mixin.py:188} INFO - [2024-05-24T17:05:54.387+0700] {dag.py:3096} INFO - Sync 1 DAGs
[2024-05-24T17:05:54.463+0700] {logging_mixin.py:188} INFO - [2024-05-24T17:05:54.461+0700] {dag.py:3954} INFO - Setting next_dagrun for example_trigger_controller_dag to 2021-01-01 00:00:00+00:00, run_after=2021-01-01 00:00:00+00:00
[2024-05-24T17:05:54.641+0700] {processor.py:183} INFO - Processing /mnt/d/Programming/Vietnamese-Text-Generator/airflow_env/lib/python3.10/site-packages/airflow/example_dags/example_trigger_controller_dag.py took 0.495 seconds
[2024-05-24T17:07:02.050+0700] {processor.py:161} INFO - Started process (PID=3273) to work on /mnt/d/Programming/Vietnamese-Text-Generator/airflow_env/lib/python3.10/site-packages/airflow/example_dags/example_trigger_controller_dag.py
[2024-05-24T17:07:02.057+0700] {processor.py:830} INFO - Processing file /mnt/d/Programming/Vietnamese-Text-Generator/airflow_env/lib/python3.10/site-packages/airflow/example_dags/example_trigger_controller_dag.py for tasks to queue
[2024-05-24T17:07:02.068+0700] {logging_mixin.py:188} INFO - [2024-05-24T17:07:02.064+0700] {dagbag.py:540} INFO - Filling up the DagBag from /mnt/d/Programming/Vietnamese-Text-Generator/airflow_env/lib/python3.10/site-packages/airflow/example_dags/example_trigger_controller_dag.py
[2024-05-24T17:07:02.139+0700] {processor.py:840} INFO - DAG(s) 'example_trigger_controller_dag' retrieved from /mnt/d/Programming/Vietnamese-Text-Generator/airflow_env/lib/python3.10/site-packages/airflow/example_dags/example_trigger_controller_dag.py
[2024-05-24T17:07:02.225+0700] {logging_mixin.py:188} INFO - [2024-05-24T17:07:02.222+0700] {dag.py:3096} INFO - Sync 1 DAGs
[2024-05-24T17:07:02.288+0700] {logging_mixin.py:188} INFO - [2024-05-24T17:07:02.286+0700] {dag.py:3954} INFO - Setting next_dagrun for example_trigger_controller_dag to 2021-01-01 00:00:00+00:00, run_after=2021-01-01 00:00:00+00:00
[2024-05-24T17:07:02.422+0700] {processor.py:183} INFO - Processing /mnt/d/Programming/Vietnamese-Text-Generator/airflow_env/lib/python3.10/site-packages/airflow/example_dags/example_trigger_controller_dag.py took 0.412 seconds
[2024-05-24T17:08:03.957+0700] {processor.py:161} INFO - Started process (PID=3545) to work on /mnt/d/Programming/Vietnamese-Text-Generator/airflow_env/lib/python3.10/site-packages/airflow/example_dags/example_trigger_controller_dag.py
[2024-05-24T17:08:03.963+0700] {processor.py:830} INFO - Processing file /mnt/d/Programming/Vietnamese-Text-Generator/airflow_env/lib/python3.10/site-packages/airflow/example_dags/example_trigger_controller_dag.py for tasks to queue
[2024-05-24T17:08:03.976+0700] {logging_mixin.py:188} INFO - [2024-05-24T17:08:03.972+0700] {dagbag.py:540} INFO - Filling up the DagBag from /mnt/d/Programming/Vietnamese-Text-Generator/airflow_env/lib/python3.10/site-packages/airflow/example_dags/example_trigger_controller_dag.py
[2024-05-24T17:08:04.050+0700] {processor.py:840} INFO - DAG(s) 'example_trigger_controller_dag' retrieved from /mnt/d/Programming/Vietnamese-Text-Generator/airflow_env/lib/python3.10/site-packages/airflow/example_dags/example_trigger_controller_dag.py
[2024-05-24T17:08:04.138+0700] {logging_mixin.py:188} INFO - [2024-05-24T17:08:04.134+0700] {dag.py:3096} INFO - Sync 1 DAGs
[2024-05-24T17:08:04.224+0700] {logging_mixin.py:188} INFO - [2024-05-24T17:08:04.221+0700] {dag.py:3954} INFO - Setting next_dagrun for example_trigger_controller_dag to 2021-01-01 00:00:00+00:00, run_after=2021-01-01 00:00:00+00:00
[2024-05-24T17:08:04.437+0700] {processor.py:183} INFO - Processing /mnt/d/Programming/Vietnamese-Text-Generator/airflow_env/lib/python3.10/site-packages/airflow/example_dags/example_trigger_controller_dag.py took 0.526 seconds
[2024-05-24T17:09:12.488+0700] {processor.py:161} INFO - Started process (PID=3844) to work on /mnt/d/Programming/Vietnamese-Text-Generator/airflow_env/lib/python3.10/site-packages/airflow/example_dags/example_trigger_controller_dag.py
[2024-05-24T17:09:12.494+0700] {processor.py:830} INFO - Processing file /mnt/d/Programming/Vietnamese-Text-Generator/airflow_env/lib/python3.10/site-packages/airflow/example_dags/example_trigger_controller_dag.py for tasks to queue
[2024-05-24T17:09:12.508+0700] {logging_mixin.py:188} INFO - [2024-05-24T17:09:12.504+0700] {dagbag.py:540} INFO - Filling up the DagBag from /mnt/d/Programming/Vietnamese-Text-Generator/airflow_env/lib/python3.10/site-packages/airflow/example_dags/example_trigger_controller_dag.py
[2024-05-24T17:09:12.606+0700] {processor.py:840} INFO - DAG(s) 'example_trigger_controller_dag' retrieved from /mnt/d/Programming/Vietnamese-Text-Generator/airflow_env/lib/python3.10/site-packages/airflow/example_dags/example_trigger_controller_dag.py
[2024-05-24T17:09:12.699+0700] {logging_mixin.py:188} INFO - [2024-05-24T17:09:12.696+0700] {dag.py:3096} INFO - Sync 1 DAGs
[2024-05-24T17:09:12.797+0700] {logging_mixin.py:188} INFO - [2024-05-24T17:09:12.794+0700] {dag.py:3954} INFO - Setting next_dagrun for example_trigger_controller_dag to 2021-01-01 00:00:00+00:00, run_after=2021-01-01 00:00:00+00:00
[2024-05-24T17:09:12.910+0700] {processor.py:183} INFO - Processing /mnt/d/Programming/Vietnamese-Text-Generator/airflow_env/lib/python3.10/site-packages/airflow/example_dags/example_trigger_controller_dag.py took 0.463 seconds
[2024-05-24T17:10:20.510+0700] {processor.py:161} INFO - Started process (PID=4142) to work on /mnt/d/Programming/Vietnamese-Text-Generator/airflow_env/lib/python3.10/site-packages/airflow/example_dags/example_trigger_controller_dag.py
[2024-05-24T17:10:20.517+0700] {processor.py:830} INFO - Processing file /mnt/d/Programming/Vietnamese-Text-Generator/airflow_env/lib/python3.10/site-packages/airflow/example_dags/example_trigger_controller_dag.py for tasks to queue
[2024-05-24T17:10:20.529+0700] {logging_mixin.py:188} INFO - [2024-05-24T17:10:20.526+0700] {dagbag.py:540} INFO - Filling up the DagBag from /mnt/d/Programming/Vietnamese-Text-Generator/airflow_env/lib/python3.10/site-packages/airflow/example_dags/example_trigger_controller_dag.py
[2024-05-24T17:10:20.603+0700] {processor.py:840} INFO - DAG(s) 'example_trigger_controller_dag' retrieved from /mnt/d/Programming/Vietnamese-Text-Generator/airflow_env/lib/python3.10/site-packages/airflow/example_dags/example_trigger_controller_dag.py
[2024-05-24T17:10:20.695+0700] {logging_mixin.py:188} INFO - [2024-05-24T17:10:20.692+0700] {dag.py:3096} INFO - Sync 1 DAGs
[2024-05-24T17:10:20.757+0700] {logging_mixin.py:188} INFO - [2024-05-24T17:10:20.755+0700] {dag.py:3954} INFO - Setting next_dagrun for example_trigger_controller_dag to 2021-01-01 00:00:00+00:00, run_after=2021-01-01 00:00:00+00:00
[2024-05-24T17:10:20.914+0700] {processor.py:183} INFO - Processing /mnt/d/Programming/Vietnamese-Text-Generator/airflow_env/lib/python3.10/site-packages/airflow/example_dags/example_trigger_controller_dag.py took 0.448 seconds
[2024-05-24T17:11:31.296+0700] {processor.py:161} INFO - Started process (PID=4455) to work on /mnt/d/Programming/Vietnamese-Text-Generator/airflow_env/lib/python3.10/site-packages/airflow/example_dags/example_trigger_controller_dag.py
[2024-05-24T17:11:31.302+0700] {processor.py:830} INFO - Processing file /mnt/d/Programming/Vietnamese-Text-Generator/airflow_env/lib/python3.10/site-packages/airflow/example_dags/example_trigger_controller_dag.py for tasks to queue
[2024-05-24T17:11:31.313+0700] {logging_mixin.py:188} INFO - [2024-05-24T17:11:31.309+0700] {dagbag.py:540} INFO - Filling up the DagBag from /mnt/d/Programming/Vietnamese-Text-Generator/airflow_env/lib/python3.10/site-packages/airflow/example_dags/example_trigger_controller_dag.py
[2024-05-24T17:11:31.382+0700] {processor.py:840} INFO - DAG(s) 'example_trigger_controller_dag' retrieved from /mnt/d/Programming/Vietnamese-Text-Generator/airflow_env/lib/python3.10/site-packages/airflow/example_dags/example_trigger_controller_dag.py
[2024-05-24T17:11:31.464+0700] {logging_mixin.py:188} INFO - [2024-05-24T17:11:31.461+0700] {dag.py:3096} INFO - Sync 1 DAGs
[2024-05-24T17:11:31.541+0700] {logging_mixin.py:188} INFO - [2024-05-24T17:11:31.538+0700] {dag.py:3954} INFO - Setting next_dagrun for example_trigger_controller_dag to 2021-01-01 00:00:00+00:00, run_after=2021-01-01 00:00:00+00:00
[2024-05-24T17:11:31.724+0700] {processor.py:183} INFO - Processing /mnt/d/Programming/Vietnamese-Text-Generator/airflow_env/lib/python3.10/site-packages/airflow/example_dags/example_trigger_controller_dag.py took 0.467 seconds
[2024-05-24T17:12:42.391+0700] {processor.py:161} INFO - Started process (PID=4763) to work on /mnt/d/Programming/Vietnamese-Text-Generator/airflow_env/lib/python3.10/site-packages/airflow/example_dags/example_trigger_controller_dag.py
[2024-05-24T17:12:42.396+0700] {processor.py:830} INFO - Processing file /mnt/d/Programming/Vietnamese-Text-Generator/airflow_env/lib/python3.10/site-packages/airflow/example_dags/example_trigger_controller_dag.py for tasks to queue
[2024-05-24T17:12:42.406+0700] {logging_mixin.py:188} INFO - [2024-05-24T17:12:42.403+0700] {dagbag.py:540} INFO - Filling up the DagBag from /mnt/d/Programming/Vietnamese-Text-Generator/airflow_env/lib/python3.10/site-packages/airflow/example_dags/example_trigger_controller_dag.py
[2024-05-24T17:12:42.490+0700] {processor.py:840} INFO - DAG(s) 'example_trigger_controller_dag' retrieved from /mnt/d/Programming/Vietnamese-Text-Generator/airflow_env/lib/python3.10/site-packages/airflow/example_dags/example_trigger_controller_dag.py
[2024-05-24T17:12:42.583+0700] {logging_mixin.py:188} INFO - [2024-05-24T17:12:42.580+0700] {dag.py:3096} INFO - Sync 1 DAGs
[2024-05-24T17:12:42.669+0700] {logging_mixin.py:188} INFO - [2024-05-24T17:12:42.666+0700] {dag.py:3954} INFO - Setting next_dagrun for example_trigger_controller_dag to 2021-01-01 00:00:00+00:00, run_after=2021-01-01 00:00:00+00:00
[2024-05-24T17:12:42.865+0700] {processor.py:183} INFO - Processing /mnt/d/Programming/Vietnamese-Text-Generator/airflow_env/lib/python3.10/site-packages/airflow/example_dags/example_trigger_controller_dag.py took 0.512 seconds
[2024-05-24T17:13:51.953+0700] {processor.py:161} INFO - Started process (PID=5067) to work on /mnt/d/Programming/Vietnamese-Text-Generator/airflow_env/lib/python3.10/site-packages/airflow/example_dags/example_trigger_controller_dag.py
[2024-05-24T17:13:51.958+0700] {processor.py:830} INFO - Processing file /mnt/d/Programming/Vietnamese-Text-Generator/airflow_env/lib/python3.10/site-packages/airflow/example_dags/example_trigger_controller_dag.py for tasks to queue
[2024-05-24T17:13:51.969+0700] {logging_mixin.py:188} INFO - [2024-05-24T17:13:51.965+0700] {dagbag.py:540} INFO - Filling up the DagBag from /mnt/d/Programming/Vietnamese-Text-Generator/airflow_env/lib/python3.10/site-packages/airflow/example_dags/example_trigger_controller_dag.py
[2024-05-24T17:13:52.038+0700] {processor.py:840} INFO - DAG(s) 'example_trigger_controller_dag' retrieved from /mnt/d/Programming/Vietnamese-Text-Generator/airflow_env/lib/python3.10/site-packages/airflow/example_dags/example_trigger_controller_dag.py
[2024-05-24T17:13:52.121+0700] {logging_mixin.py:188} INFO - [2024-05-24T17:13:52.118+0700] {dag.py:3096} INFO - Sync 1 DAGs
[2024-05-24T17:13:52.196+0700] {logging_mixin.py:188} INFO - [2024-05-24T17:13:52.193+0700] {dag.py:3954} INFO - Setting next_dagrun for example_trigger_controller_dag to 2021-01-01 00:00:00+00:00, run_after=2021-01-01 00:00:00+00:00
[2024-05-24T17:13:52.379+0700] {processor.py:183} INFO - Processing /mnt/d/Programming/Vietnamese-Text-Generator/airflow_env/lib/python3.10/site-packages/airflow/example_dags/example_trigger_controller_dag.py took 0.465 seconds
[2024-05-24T17:14:58.344+0700] {processor.py:161} INFO - Started process (PID=5356) to work on /mnt/d/Programming/Vietnamese-Text-Generator/airflow_env/lib/python3.10/site-packages/airflow/example_dags/example_trigger_controller_dag.py
[2024-05-24T17:14:58.352+0700] {processor.py:830} INFO - Processing file /mnt/d/Programming/Vietnamese-Text-Generator/airflow_env/lib/python3.10/site-packages/airflow/example_dags/example_trigger_controller_dag.py for tasks to queue
[2024-05-24T17:14:58.365+0700] {logging_mixin.py:188} INFO - [2024-05-24T17:14:58.361+0700] {dagbag.py:540} INFO - Filling up the DagBag from /mnt/d/Programming/Vietnamese-Text-Generator/airflow_env/lib/python3.10/site-packages/airflow/example_dags/example_trigger_controller_dag.py
[2024-05-24T17:14:58.443+0700] {processor.py:840} INFO - DAG(s) 'example_trigger_controller_dag' retrieved from /mnt/d/Programming/Vietnamese-Text-Generator/airflow_env/lib/python3.10/site-packages/airflow/example_dags/example_trigger_controller_dag.py
[2024-05-24T17:14:58.535+0700] {logging_mixin.py:188} INFO - [2024-05-24T17:14:58.532+0700] {dag.py:3096} INFO - Sync 1 DAGs
[2024-05-24T17:14:58.620+0700] {logging_mixin.py:188} INFO - [2024-05-24T17:14:58.616+0700] {dag.py:3954} INFO - Setting next_dagrun for example_trigger_controller_dag to 2021-01-01 00:00:00+00:00, run_after=2021-01-01 00:00:00+00:00
[2024-05-24T17:14:58.834+0700] {processor.py:183} INFO - Processing /mnt/d/Programming/Vietnamese-Text-Generator/airflow_env/lib/python3.10/site-packages/airflow/example_dags/example_trigger_controller_dag.py took 0.534 seconds
[2024-05-24T17:16:08.740+0700] {processor.py:161} INFO - Started process (PID=5665) to work on /mnt/d/Programming/Vietnamese-Text-Generator/airflow_env/lib/python3.10/site-packages/airflow/example_dags/example_trigger_controller_dag.py
[2024-05-24T17:16:08.746+0700] {processor.py:830} INFO - Processing file /mnt/d/Programming/Vietnamese-Text-Generator/airflow_env/lib/python3.10/site-packages/airflow/example_dags/example_trigger_controller_dag.py for tasks to queue
[2024-05-24T17:16:08.756+0700] {logging_mixin.py:188} INFO - [2024-05-24T17:16:08.753+0700] {dagbag.py:540} INFO - Filling up the DagBag from /mnt/d/Programming/Vietnamese-Text-Generator/airflow_env/lib/python3.10/site-packages/airflow/example_dags/example_trigger_controller_dag.py
[2024-05-24T17:16:08.825+0700] {processor.py:840} INFO - DAG(s) 'example_trigger_controller_dag' retrieved from /mnt/d/Programming/Vietnamese-Text-Generator/airflow_env/lib/python3.10/site-packages/airflow/example_dags/example_trigger_controller_dag.py
[2024-05-24T17:16:08.907+0700] {logging_mixin.py:188} INFO - [2024-05-24T17:16:08.904+0700] {dag.py:3096} INFO - Sync 1 DAGs
[2024-05-24T17:16:08.983+0700] {logging_mixin.py:188} INFO - [2024-05-24T17:16:08.980+0700] {dag.py:3954} INFO - Setting next_dagrun for example_trigger_controller_dag to 2021-01-01 00:00:00+00:00, run_after=2021-01-01 00:00:00+00:00
[2024-05-24T17:16:09.185+0700] {processor.py:183} INFO - Processing /mnt/d/Programming/Vietnamese-Text-Generator/airflow_env/lib/python3.10/site-packages/airflow/example_dags/example_trigger_controller_dag.py took 0.488 seconds
[2024-05-24T17:17:22.067+0700] {processor.py:161} INFO - Started process (PID=5985) to work on /mnt/d/Programming/Vietnamese-Text-Generator/airflow_env/lib/python3.10/site-packages/airflow/example_dags/example_trigger_controller_dag.py
[2024-05-24T17:17:22.073+0700] {processor.py:830} INFO - Processing file /mnt/d/Programming/Vietnamese-Text-Generator/airflow_env/lib/python3.10/site-packages/airflow/example_dags/example_trigger_controller_dag.py for tasks to queue
[2024-05-24T17:17:22.085+0700] {logging_mixin.py:188} INFO - [2024-05-24T17:17:22.081+0700] {dagbag.py:540} INFO - Filling up the DagBag from /mnt/d/Programming/Vietnamese-Text-Generator/airflow_env/lib/python3.10/site-packages/airflow/example_dags/example_trigger_controller_dag.py
[2024-05-24T17:17:22.168+0700] {processor.py:840} INFO - DAG(s) 'example_trigger_controller_dag' retrieved from /mnt/d/Programming/Vietnamese-Text-Generator/airflow_env/lib/python3.10/site-packages/airflow/example_dags/example_trigger_controller_dag.py
[2024-05-24T17:17:22.267+0700] {logging_mixin.py:188} INFO - [2024-05-24T17:17:22.263+0700] {dag.py:3096} INFO - Sync 1 DAGs
[2024-05-24T17:17:22.350+0700] {logging_mixin.py:188} INFO - [2024-05-24T17:17:22.346+0700] {dag.py:3954} INFO - Setting next_dagrun for example_trigger_controller_dag to 2021-01-01 00:00:00+00:00, run_after=2021-01-01 00:00:00+00:00
[2024-05-24T17:17:22.547+0700] {processor.py:183} INFO - Processing /mnt/d/Programming/Vietnamese-Text-Generator/airflow_env/lib/python3.10/site-packages/airflow/example_dags/example_trigger_controller_dag.py took 0.524 seconds
[2024-05-24T17:18:33.240+0700] {processor.py:161} INFO - Started process (PID=6300) to work on /mnt/d/Programming/Vietnamese-Text-Generator/airflow_env/lib/python3.10/site-packages/airflow/example_dags/example_trigger_controller_dag.py
[2024-05-24T17:18:33.247+0700] {processor.py:830} INFO - Processing file /mnt/d/Programming/Vietnamese-Text-Generator/airflow_env/lib/python3.10/site-packages/airflow/example_dags/example_trigger_controller_dag.py for tasks to queue
[2024-05-24T17:18:33.263+0700] {logging_mixin.py:188} INFO - [2024-05-24T17:18:33.259+0700] {dagbag.py:540} INFO - Filling up the DagBag from /mnt/d/Programming/Vietnamese-Text-Generator/airflow_env/lib/python3.10/site-packages/airflow/example_dags/example_trigger_controller_dag.py
[2024-05-24T17:18:33.441+0700] {processor.py:840} INFO - DAG(s) 'example_trigger_controller_dag' retrieved from /mnt/d/Programming/Vietnamese-Text-Generator/airflow_env/lib/python3.10/site-packages/airflow/example_dags/example_trigger_controller_dag.py
[2024-05-24T17:18:33.496+0700] {logging_mixin.py:188} INFO - [2024-05-24T17:18:33.495+0700] {dag.py:3096} INFO - Sync 1 DAGs
[2024-05-24T17:18:33.549+0700] {logging_mixin.py:188} INFO - [2024-05-24T17:18:33.547+0700] {dag.py:3954} INFO - Setting next_dagrun for example_trigger_controller_dag to 2021-01-01 00:00:00+00:00, run_after=2021-01-01 00:00:00+00:00
[2024-05-24T17:18:33.856+0700] {processor.py:183} INFO - Processing /mnt/d/Programming/Vietnamese-Text-Generator/airflow_env/lib/python3.10/site-packages/airflow/example_dags/example_trigger_controller_dag.py took 0.664 seconds
[2024-05-24T17:19:43.034+0700] {processor.py:161} INFO - Started process (PID=6603) to work on /mnt/d/Programming/Vietnamese-Text-Generator/airflow_env/lib/python3.10/site-packages/airflow/example_dags/example_trigger_controller_dag.py
[2024-05-24T17:19:43.041+0700] {processor.py:830} INFO - Processing file /mnt/d/Programming/Vietnamese-Text-Generator/airflow_env/lib/python3.10/site-packages/airflow/example_dags/example_trigger_controller_dag.py for tasks to queue
[2024-05-24T17:19:43.052+0700] {logging_mixin.py:188} INFO - [2024-05-24T17:19:43.049+0700] {dagbag.py:540} INFO - Filling up the DagBag from /mnt/d/Programming/Vietnamese-Text-Generator/airflow_env/lib/python3.10/site-packages/airflow/example_dags/example_trigger_controller_dag.py
[2024-05-24T17:19:43.194+0700] {processor.py:840} INFO - DAG(s) 'example_trigger_controller_dag' retrieved from /mnt/d/Programming/Vietnamese-Text-Generator/airflow_env/lib/python3.10/site-packages/airflow/example_dags/example_trigger_controller_dag.py
[2024-05-24T17:19:43.243+0700] {logging_mixin.py:188} INFO - [2024-05-24T17:19:43.241+0700] {dag.py:3096} INFO - Sync 1 DAGs
[2024-05-24T17:19:43.291+0700] {logging_mixin.py:188} INFO - [2024-05-24T17:19:43.290+0700] {dag.py:3954} INFO - Setting next_dagrun for example_trigger_controller_dag to 2021-01-01 00:00:00+00:00, run_after=2021-01-01 00:00:00+00:00
[2024-05-24T17:19:43.378+0700] {processor.py:183} INFO - Processing /mnt/d/Programming/Vietnamese-Text-Generator/airflow_env/lib/python3.10/site-packages/airflow/example_dags/example_trigger_controller_dag.py took 0.391 seconds
[2024-05-24T17:20:47.917+0700] {processor.py:161} INFO - Started process (PID=6891) to work on /mnt/d/Programming/Vietnamese-Text-Generator/airflow_env/lib/python3.10/site-packages/airflow/example_dags/example_trigger_controller_dag.py
[2024-05-24T17:20:47.924+0700] {processor.py:830} INFO - Processing file /mnt/d/Programming/Vietnamese-Text-Generator/airflow_env/lib/python3.10/site-packages/airflow/example_dags/example_trigger_controller_dag.py for tasks to queue
[2024-05-24T17:20:47.935+0700] {logging_mixin.py:188} INFO - [2024-05-24T17:20:47.931+0700] {dagbag.py:540} INFO - Filling up the DagBag from /mnt/d/Programming/Vietnamese-Text-Generator/airflow_env/lib/python3.10/site-packages/airflow/example_dags/example_trigger_controller_dag.py
[2024-05-24T17:20:48.004+0700] {processor.py:840} INFO - DAG(s) 'example_trigger_controller_dag' retrieved from /mnt/d/Programming/Vietnamese-Text-Generator/airflow_env/lib/python3.10/site-packages/airflow/example_dags/example_trigger_controller_dag.py
[2024-05-24T17:20:48.092+0700] {logging_mixin.py:188} INFO - [2024-05-24T17:20:48.089+0700] {dag.py:3096} INFO - Sync 1 DAGs
[2024-05-24T17:20:48.176+0700] {logging_mixin.py:188} INFO - [2024-05-24T17:20:48.173+0700] {dag.py:3954} INFO - Setting next_dagrun for example_trigger_controller_dag to 2021-01-01 00:00:00+00:00, run_after=2021-01-01 00:00:00+00:00
[2024-05-24T17:20:48.360+0700] {processor.py:183} INFO - Processing /mnt/d/Programming/Vietnamese-Text-Generator/airflow_env/lib/python3.10/site-packages/airflow/example_dags/example_trigger_controller_dag.py took 0.487 seconds
[2024-05-24T17:21:56.816+0700] {processor.py:161} INFO - Started process (PID=7187) to work on /mnt/d/Programming/Vietnamese-Text-Generator/airflow_env/lib/python3.10/site-packages/airflow/example_dags/example_trigger_controller_dag.py
[2024-05-24T17:21:56.818+0700] {processor.py:830} INFO - Processing file /mnt/d/Programming/Vietnamese-Text-Generator/airflow_env/lib/python3.10/site-packages/airflow/example_dags/example_trigger_controller_dag.py for tasks to queue
[2024-05-24T17:21:56.823+0700] {logging_mixin.py:188} INFO - [2024-05-24T17:21:56.821+0700] {dagbag.py:540} INFO - Filling up the DagBag from /mnt/d/Programming/Vietnamese-Text-Generator/airflow_env/lib/python3.10/site-packages/airflow/example_dags/example_trigger_controller_dag.py
[2024-05-24T17:21:56.857+0700] {processor.py:840} INFO - DAG(s) 'example_trigger_controller_dag' retrieved from /mnt/d/Programming/Vietnamese-Text-Generator/airflow_env/lib/python3.10/site-packages/airflow/example_dags/example_trigger_controller_dag.py
[2024-05-24T17:21:56.899+0700] {logging_mixin.py:188} INFO - [2024-05-24T17:21:56.898+0700] {dag.py:3096} INFO - Sync 1 DAGs
[2024-05-24T17:21:56.931+0700] {logging_mixin.py:188} INFO - [2024-05-24T17:21:56.930+0700] {dag.py:3954} INFO - Setting next_dagrun for example_trigger_controller_dag to 2021-01-01 00:00:00+00:00, run_after=2021-01-01 00:00:00+00:00
[2024-05-24T17:21:56.994+0700] {processor.py:183} INFO - Processing /mnt/d/Programming/Vietnamese-Text-Generator/airflow_env/lib/python3.10/site-packages/airflow/example_dags/example_trigger_controller_dag.py took 0.196 seconds
[2024-05-24T17:23:02.398+0700] {processor.py:161} INFO - Started process (PID=7473) to work on /mnt/d/Programming/Vietnamese-Text-Generator/airflow_env/lib/python3.10/site-packages/airflow/example_dags/example_trigger_controller_dag.py
[2024-05-24T17:23:02.403+0700] {processor.py:830} INFO - Processing file /mnt/d/Programming/Vietnamese-Text-Generator/airflow_env/lib/python3.10/site-packages/airflow/example_dags/example_trigger_controller_dag.py for tasks to queue
[2024-05-24T17:23:02.415+0700] {logging_mixin.py:188} INFO - [2024-05-24T17:23:02.412+0700] {dagbag.py:540} INFO - Filling up the DagBag from /mnt/d/Programming/Vietnamese-Text-Generator/airflow_env/lib/python3.10/site-packages/airflow/example_dags/example_trigger_controller_dag.py
[2024-05-24T17:23:02.538+0700] {processor.py:840} INFO - DAG(s) 'example_trigger_controller_dag' retrieved from /mnt/d/Programming/Vietnamese-Text-Generator/airflow_env/lib/python3.10/site-packages/airflow/example_dags/example_trigger_controller_dag.py
[2024-05-24T17:23:02.621+0700] {logging_mixin.py:188} INFO - [2024-05-24T17:23:02.618+0700] {dag.py:3096} INFO - Sync 1 DAGs
[2024-05-24T17:23:02.700+0700] {logging_mixin.py:188} INFO - [2024-05-24T17:23:02.697+0700] {dag.py:3954} INFO - Setting next_dagrun for example_trigger_controller_dag to 2021-01-01 00:00:00+00:00, run_after=2021-01-01 00:00:00+00:00
[2024-05-24T17:23:02.867+0700] {processor.py:183} INFO - Processing /mnt/d/Programming/Vietnamese-Text-Generator/airflow_env/lib/python3.10/site-packages/airflow/example_dags/example_trigger_controller_dag.py took 0.509 seconds
[2024-05-24T17:24:07.234+0700] {processor.py:161} INFO - Started process (PID=7758) to work on /mnt/d/Programming/Vietnamese-Text-Generator/airflow_env/lib/python3.10/site-packages/airflow/example_dags/example_trigger_controller_dag.py
[2024-05-24T17:24:07.241+0700] {processor.py:830} INFO - Processing file /mnt/d/Programming/Vietnamese-Text-Generator/airflow_env/lib/python3.10/site-packages/airflow/example_dags/example_trigger_controller_dag.py for tasks to queue
[2024-05-24T17:24:07.254+0700] {logging_mixin.py:188} INFO - [2024-05-24T17:24:07.249+0700] {dagbag.py:540} INFO - Filling up the DagBag from /mnt/d/Programming/Vietnamese-Text-Generator/airflow_env/lib/python3.10/site-packages/airflow/example_dags/example_trigger_controller_dag.py
[2024-05-24T17:24:07.351+0700] {processor.py:840} INFO - DAG(s) 'example_trigger_controller_dag' retrieved from /mnt/d/Programming/Vietnamese-Text-Generator/airflow_env/lib/python3.10/site-packages/airflow/example_dags/example_trigger_controller_dag.py
[2024-05-24T17:24:07.454+0700] {logging_mixin.py:188} INFO - [2024-05-24T17:24:07.451+0700] {dag.py:3096} INFO - Sync 1 DAGs
[2024-05-24T17:24:07.544+0700] {logging_mixin.py:188} INFO - [2024-05-24T17:24:07.540+0700] {dag.py:3954} INFO - Setting next_dagrun for example_trigger_controller_dag to 2021-01-01 00:00:00+00:00, run_after=2021-01-01 00:00:00+00:00
[2024-05-24T17:24:07.778+0700] {processor.py:183} INFO - Processing /mnt/d/Programming/Vietnamese-Text-Generator/airflow_env/lib/python3.10/site-packages/airflow/example_dags/example_trigger_controller_dag.py took 0.594 seconds
[2024-05-24T17:46:56.630+0700] {processor.py:161} INFO - Started process (PID=8078) to work on /mnt/d/Programming/Vietnamese-Text-Generator/airflow_env/lib/python3.10/site-packages/airflow/example_dags/example_trigger_controller_dag.py
[2024-05-24T17:46:56.635+0700] {processor.py:830} INFO - Processing file /mnt/d/Programming/Vietnamese-Text-Generator/airflow_env/lib/python3.10/site-packages/airflow/example_dags/example_trigger_controller_dag.py for tasks to queue
[2024-05-24T17:46:56.640+0700] {logging_mixin.py:188} INFO - [2024-05-24T17:46:56.638+0700] {dagbag.py:540} INFO - Filling up the DagBag from /mnt/d/Programming/Vietnamese-Text-Generator/airflow_env/lib/python3.10/site-packages/airflow/example_dags/example_trigger_controller_dag.py
[2024-05-24T17:46:56.680+0700] {processor.py:840} INFO - DAG(s) 'example_trigger_controller_dag' retrieved from /mnt/d/Programming/Vietnamese-Text-Generator/airflow_env/lib/python3.10/site-packages/airflow/example_dags/example_trigger_controller_dag.py
[2024-05-24T17:46:56.728+0700] {logging_mixin.py:188} INFO - [2024-05-24T17:46:56.727+0700] {dag.py:3096} INFO - Sync 1 DAGs
[2024-05-24T17:46:56.770+0700] {logging_mixin.py:188} INFO - [2024-05-24T17:46:56.769+0700] {dag.py:3954} INFO - Setting next_dagrun for example_trigger_controller_dag to 2021-01-01 00:00:00+00:00, run_after=2021-01-01 00:00:00+00:00
[2024-05-24T17:46:56.860+0700] {processor.py:183} INFO - Processing /mnt/d/Programming/Vietnamese-Text-Generator/airflow_env/lib/python3.10/site-packages/airflow/example_dags/example_trigger_controller_dag.py took 0.253 seconds
[2024-05-24T17:48:05.140+0700] {processor.py:161} INFO - Started process (PID=8407) to work on /mnt/d/Programming/Vietnamese-Text-Generator/airflow_env/lib/python3.10/site-packages/airflow/example_dags/example_trigger_controller_dag.py
[2024-05-24T17:48:05.148+0700] {processor.py:830} INFO - Processing file /mnt/d/Programming/Vietnamese-Text-Generator/airflow_env/lib/python3.10/site-packages/airflow/example_dags/example_trigger_controller_dag.py for tasks to queue
[2024-05-24T17:48:05.159+0700] {logging_mixin.py:188} INFO - [2024-05-24T17:48:05.155+0700] {dagbag.py:540} INFO - Filling up the DagBag from /mnt/d/Programming/Vietnamese-Text-Generator/airflow_env/lib/python3.10/site-packages/airflow/example_dags/example_trigger_controller_dag.py
[2024-05-24T17:48:05.227+0700] {processor.py:840} INFO - DAG(s) 'example_trigger_controller_dag' retrieved from /mnt/d/Programming/Vietnamese-Text-Generator/airflow_env/lib/python3.10/site-packages/airflow/example_dags/example_trigger_controller_dag.py
[2024-05-24T17:48:05.318+0700] {logging_mixin.py:188} INFO - [2024-05-24T17:48:05.315+0700] {dag.py:3096} INFO - Sync 1 DAGs
[2024-05-24T17:48:05.401+0700] {logging_mixin.py:188} INFO - [2024-05-24T17:48:05.398+0700] {dag.py:3954} INFO - Setting next_dagrun for example_trigger_controller_dag to 2021-01-01 00:00:00+00:00, run_after=2021-01-01 00:00:00+00:00
[2024-05-24T17:48:05.599+0700] {processor.py:183} INFO - Processing /mnt/d/Programming/Vietnamese-Text-Generator/airflow_env/lib/python3.10/site-packages/airflow/example_dags/example_trigger_controller_dag.py took 0.509 seconds
[2024-05-24T17:49:08.150+0700] {processor.py:161} INFO - Started process (PID=8682) to work on /mnt/d/Programming/Vietnamese-Text-Generator/airflow_env/lib/python3.10/site-packages/airflow/example_dags/example_trigger_controller_dag.py
[2024-05-24T17:49:08.158+0700] {processor.py:830} INFO - Processing file /mnt/d/Programming/Vietnamese-Text-Generator/airflow_env/lib/python3.10/site-packages/airflow/example_dags/example_trigger_controller_dag.py for tasks to queue
[2024-05-24T17:49:08.172+0700] {logging_mixin.py:188} INFO - [2024-05-24T17:49:08.168+0700] {dagbag.py:540} INFO - Filling up the DagBag from /mnt/d/Programming/Vietnamese-Text-Generator/airflow_env/lib/python3.10/site-packages/airflow/example_dags/example_trigger_controller_dag.py
[2024-05-24T17:49:08.246+0700] {processor.py:840} INFO - DAG(s) 'example_trigger_controller_dag' retrieved from /mnt/d/Programming/Vietnamese-Text-Generator/airflow_env/lib/python3.10/site-packages/airflow/example_dags/example_trigger_controller_dag.py
[2024-05-24T17:49:08.332+0700] {logging_mixin.py:188} INFO - [2024-05-24T17:49:08.329+0700] {dag.py:3096} INFO - Sync 1 DAGs
[2024-05-24T17:49:08.405+0700] {logging_mixin.py:188} INFO - [2024-05-24T17:49:08.402+0700] {dag.py:3954} INFO - Setting next_dagrun for example_trigger_controller_dag to 2021-01-01 00:00:00+00:00, run_after=2021-01-01 00:00:00+00:00
[2024-05-24T17:49:08.586+0700] {processor.py:183} INFO - Processing /mnt/d/Programming/Vietnamese-Text-Generator/airflow_env/lib/python3.10/site-packages/airflow/example_dags/example_trigger_controller_dag.py took 0.484 seconds
[2024-05-24T17:50:11.094+0700] {processor.py:161} INFO - Started process (PID=8959) to work on /mnt/d/Programming/Vietnamese-Text-Generator/airflow_env/lib/python3.10/site-packages/airflow/example_dags/example_trigger_controller_dag.py
[2024-05-24T17:50:11.101+0700] {processor.py:830} INFO - Processing file /mnt/d/Programming/Vietnamese-Text-Generator/airflow_env/lib/python3.10/site-packages/airflow/example_dags/example_trigger_controller_dag.py for tasks to queue
[2024-05-24T17:50:11.112+0700] {logging_mixin.py:188} INFO - [2024-05-24T17:50:11.109+0700] {dagbag.py:540} INFO - Filling up the DagBag from /mnt/d/Programming/Vietnamese-Text-Generator/airflow_env/lib/python3.10/site-packages/airflow/example_dags/example_trigger_controller_dag.py
[2024-05-24T17:50:11.185+0700] {processor.py:840} INFO - DAG(s) 'example_trigger_controller_dag' retrieved from /mnt/d/Programming/Vietnamese-Text-Generator/airflow_env/lib/python3.10/site-packages/airflow/example_dags/example_trigger_controller_dag.py
[2024-05-24T17:50:11.274+0700] {logging_mixin.py:188} INFO - [2024-05-24T17:50:11.270+0700] {dag.py:3096} INFO - Sync 1 DAGs
[2024-05-24T17:50:11.359+0700] {logging_mixin.py:188} INFO - [2024-05-24T17:50:11.355+0700] {dag.py:3954} INFO - Setting next_dagrun for example_trigger_controller_dag to 2021-01-01 00:00:00+00:00, run_after=2021-01-01 00:00:00+00:00
[2024-05-24T17:50:11.546+0700] {processor.py:183} INFO - Processing /mnt/d/Programming/Vietnamese-Text-Generator/airflow_env/lib/python3.10/site-packages/airflow/example_dags/example_trigger_controller_dag.py took 0.499 seconds
[2024-05-24T17:51:18.022+0700] {processor.py:161} INFO - Started process (PID=9248) to work on /mnt/d/Programming/Vietnamese-Text-Generator/airflow_env/lib/python3.10/site-packages/airflow/example_dags/example_trigger_controller_dag.py
[2024-05-24T17:51:18.028+0700] {processor.py:830} INFO - Processing file /mnt/d/Programming/Vietnamese-Text-Generator/airflow_env/lib/python3.10/site-packages/airflow/example_dags/example_trigger_controller_dag.py for tasks to queue
[2024-05-24T17:51:18.040+0700] {logging_mixin.py:188} INFO - [2024-05-24T17:51:18.037+0700] {dagbag.py:540} INFO - Filling up the DagBag from /mnt/d/Programming/Vietnamese-Text-Generator/airflow_env/lib/python3.10/site-packages/airflow/example_dags/example_trigger_controller_dag.py
[2024-05-24T17:51:18.143+0700] {processor.py:840} INFO - DAG(s) 'example_trigger_controller_dag' retrieved from /mnt/d/Programming/Vietnamese-Text-Generator/airflow_env/lib/python3.10/site-packages/airflow/example_dags/example_trigger_controller_dag.py
[2024-05-24T17:51:18.238+0700] {logging_mixin.py:188} INFO - [2024-05-24T17:51:18.235+0700] {dag.py:3096} INFO - Sync 1 DAGs
[2024-05-24T17:51:18.310+0700] {logging_mixin.py:188} INFO - [2024-05-24T17:51:18.308+0700] {dag.py:3954} INFO - Setting next_dagrun for example_trigger_controller_dag to 2021-01-01 00:00:00+00:00, run_after=2021-01-01 00:00:00+00:00
[2024-05-24T17:51:18.388+0700] {processor.py:183} INFO - Processing /mnt/d/Programming/Vietnamese-Text-Generator/airflow_env/lib/python3.10/site-packages/airflow/example_dags/example_trigger_controller_dag.py took 0.410 seconds
[2024-05-24T17:52:29.394+0700] {processor.py:161} INFO - Started process (PID=9567) to work on /mnt/d/Programming/Vietnamese-Text-Generator/airflow_env/lib/python3.10/site-packages/airflow/example_dags/example_trigger_controller_dag.py
[2024-05-24T17:52:29.399+0700] {processor.py:830} INFO - Processing file /mnt/d/Programming/Vietnamese-Text-Generator/airflow_env/lib/python3.10/site-packages/airflow/example_dags/example_trigger_controller_dag.py for tasks to queue
[2024-05-24T17:52:29.410+0700] {logging_mixin.py:188} INFO - [2024-05-24T17:52:29.407+0700] {dagbag.py:540} INFO - Filling up the DagBag from /mnt/d/Programming/Vietnamese-Text-Generator/airflow_env/lib/python3.10/site-packages/airflow/example_dags/example_trigger_controller_dag.py
[2024-05-24T17:52:29.484+0700] {processor.py:840} INFO - DAG(s) 'example_trigger_controller_dag' retrieved from /mnt/d/Programming/Vietnamese-Text-Generator/airflow_env/lib/python3.10/site-packages/airflow/example_dags/example_trigger_controller_dag.py
[2024-05-24T17:52:29.580+0700] {logging_mixin.py:188} INFO - [2024-05-24T17:52:29.578+0700] {dag.py:3096} INFO - Sync 1 DAGs
[2024-05-24T17:52:29.661+0700] {logging_mixin.py:188} INFO - [2024-05-24T17:52:29.658+0700] {dag.py:3954} INFO - Setting next_dagrun for example_trigger_controller_dag to 2021-01-01 00:00:00+00:00, run_after=2021-01-01 00:00:00+00:00
[2024-05-24T17:52:29.861+0700] {processor.py:183} INFO - Processing /mnt/d/Programming/Vietnamese-Text-Generator/airflow_env/lib/python3.10/site-packages/airflow/example_dags/example_trigger_controller_dag.py took 0.511 seconds
[2024-05-24T17:53:37.351+0700] {processor.py:161} INFO - Started process (PID=9860) to work on /mnt/d/Programming/Vietnamese-Text-Generator/airflow_env/lib/python3.10/site-packages/airflow/example_dags/example_trigger_controller_dag.py
[2024-05-24T17:53:37.358+0700] {processor.py:830} INFO - Processing file /mnt/d/Programming/Vietnamese-Text-Generator/airflow_env/lib/python3.10/site-packages/airflow/example_dags/example_trigger_controller_dag.py for tasks to queue
[2024-05-24T17:53:37.369+0700] {logging_mixin.py:188} INFO - [2024-05-24T17:53:37.365+0700] {dagbag.py:540} INFO - Filling up the DagBag from /mnt/d/Programming/Vietnamese-Text-Generator/airflow_env/lib/python3.10/site-packages/airflow/example_dags/example_trigger_controller_dag.py
[2024-05-24T17:53:37.454+0700] {processor.py:840} INFO - DAG(s) 'example_trigger_controller_dag' retrieved from /mnt/d/Programming/Vietnamese-Text-Generator/airflow_env/lib/python3.10/site-packages/airflow/example_dags/example_trigger_controller_dag.py
[2024-05-24T17:53:37.559+0700] {logging_mixin.py:188} INFO - [2024-05-24T17:53:37.556+0700] {dag.py:3096} INFO - Sync 1 DAGs
[2024-05-24T17:53:37.645+0700] {logging_mixin.py:188} INFO - [2024-05-24T17:53:37.641+0700] {dag.py:3954} INFO - Setting next_dagrun for example_trigger_controller_dag to 2021-01-01 00:00:00+00:00, run_after=2021-01-01 00:00:00+00:00
[2024-05-24T17:53:37.837+0700] {processor.py:183} INFO - Processing /mnt/d/Programming/Vietnamese-Text-Generator/airflow_env/lib/python3.10/site-packages/airflow/example_dags/example_trigger_controller_dag.py took 0.529 seconds
[2024-05-24T17:54:47.369+0700] {processor.py:161} INFO - Started process (PID=10164) to work on /mnt/d/Programming/Vietnamese-Text-Generator/airflow_env/lib/python3.10/site-packages/airflow/example_dags/example_trigger_controller_dag.py
[2024-05-24T17:54:47.373+0700] {processor.py:830} INFO - Processing file /mnt/d/Programming/Vietnamese-Text-Generator/airflow_env/lib/python3.10/site-packages/airflow/example_dags/example_trigger_controller_dag.py for tasks to queue
[2024-05-24T17:54:47.383+0700] {logging_mixin.py:188} INFO - [2024-05-24T17:54:47.380+0700] {dagbag.py:540} INFO - Filling up the DagBag from /mnt/d/Programming/Vietnamese-Text-Generator/airflow_env/lib/python3.10/site-packages/airflow/example_dags/example_trigger_controller_dag.py
[2024-05-24T17:54:47.441+0700] {processor.py:840} INFO - DAG(s) 'example_trigger_controller_dag' retrieved from /mnt/d/Programming/Vietnamese-Text-Generator/airflow_env/lib/python3.10/site-packages/airflow/example_dags/example_trigger_controller_dag.py
[2024-05-24T17:54:47.538+0700] {logging_mixin.py:188} INFO - [2024-05-24T17:54:47.535+0700] {dag.py:3096} INFO - Sync 1 DAGs
[2024-05-24T17:54:47.625+0700] {logging_mixin.py:188} INFO - [2024-05-24T17:54:47.621+0700] {dag.py:3954} INFO - Setting next_dagrun for example_trigger_controller_dag to 2021-01-01 00:00:00+00:00, run_after=2021-01-01 00:00:00+00:00
[2024-05-24T17:54:47.836+0700] {processor.py:183} INFO - Processing /mnt/d/Programming/Vietnamese-Text-Generator/airflow_env/lib/python3.10/site-packages/airflow/example_dags/example_trigger_controller_dag.py took 0.501 seconds
[2024-05-24T17:55:56.326+0700] {processor.py:161} INFO - Started process (PID=10467) to work on /mnt/d/Programming/Vietnamese-Text-Generator/airflow_env/lib/python3.10/site-packages/airflow/example_dags/example_trigger_controller_dag.py
[2024-05-24T17:55:56.332+0700] {processor.py:830} INFO - Processing file /mnt/d/Programming/Vietnamese-Text-Generator/airflow_env/lib/python3.10/site-packages/airflow/example_dags/example_trigger_controller_dag.py for tasks to queue
[2024-05-24T17:55:56.344+0700] {logging_mixin.py:188} INFO - [2024-05-24T17:55:56.340+0700] {dagbag.py:540} INFO - Filling up the DagBag from /mnt/d/Programming/Vietnamese-Text-Generator/airflow_env/lib/python3.10/site-packages/airflow/example_dags/example_trigger_controller_dag.py
[2024-05-24T17:55:56.428+0700] {processor.py:840} INFO - DAG(s) 'example_trigger_controller_dag' retrieved from /mnt/d/Programming/Vietnamese-Text-Generator/airflow_env/lib/python3.10/site-packages/airflow/example_dags/example_trigger_controller_dag.py
[2024-05-24T17:55:56.522+0700] {logging_mixin.py:188} INFO - [2024-05-24T17:55:56.518+0700] {dag.py:3096} INFO - Sync 1 DAGs
[2024-05-24T17:55:56.607+0700] {logging_mixin.py:188} INFO - [2024-05-24T17:55:56.604+0700] {dag.py:3954} INFO - Setting next_dagrun for example_trigger_controller_dag to 2021-01-01 00:00:00+00:00, run_after=2021-01-01 00:00:00+00:00
[2024-05-24T17:55:56.790+0700] {processor.py:183} INFO - Processing /mnt/d/Programming/Vietnamese-Text-Generator/airflow_env/lib/python3.10/site-packages/airflow/example_dags/example_trigger_controller_dag.py took 0.511 seconds
[2024-05-24T17:57:07.112+0700] {processor.py:161} INFO - Started process (PID=10776) to work on /mnt/d/Programming/Vietnamese-Text-Generator/airflow_env/lib/python3.10/site-packages/airflow/example_dags/example_trigger_controller_dag.py
[2024-05-24T17:57:07.114+0700] {processor.py:830} INFO - Processing file /mnt/d/Programming/Vietnamese-Text-Generator/airflow_env/lib/python3.10/site-packages/airflow/example_dags/example_trigger_controller_dag.py for tasks to queue
[2024-05-24T17:57:07.117+0700] {logging_mixin.py:188} INFO - [2024-05-24T17:57:07.116+0700] {dagbag.py:540} INFO - Filling up the DagBag from /mnt/d/Programming/Vietnamese-Text-Generator/airflow_env/lib/python3.10/site-packages/airflow/example_dags/example_trigger_controller_dag.py
[2024-05-24T17:57:07.136+0700] {processor.py:840} INFO - DAG(s) 'example_trigger_controller_dag' retrieved from /mnt/d/Programming/Vietnamese-Text-Generator/airflow_env/lib/python3.10/site-packages/airflow/example_dags/example_trigger_controller_dag.py
[2024-05-24T17:57:07.180+0700] {logging_mixin.py:188} INFO - [2024-05-24T17:57:07.177+0700] {dag.py:3096} INFO - Sync 1 DAGs
[2024-05-24T17:57:07.260+0700] {logging_mixin.py:188} INFO - [2024-05-24T17:57:07.257+0700] {dag.py:3954} INFO - Setting next_dagrun for example_trigger_controller_dag to 2021-01-01 00:00:00+00:00, run_after=2021-01-01 00:00:00+00:00
[2024-05-24T17:57:07.465+0700] {processor.py:183} INFO - Processing /mnt/d/Programming/Vietnamese-Text-Generator/airflow_env/lib/python3.10/site-packages/airflow/example_dags/example_trigger_controller_dag.py took 0.364 seconds
[2024-05-24T17:58:16.164+0700] {processor.py:161} INFO - Started process (PID=11075) to work on /mnt/d/Programming/Vietnamese-Text-Generator/airflow_env/lib/python3.10/site-packages/airflow/example_dags/example_trigger_controller_dag.py
[2024-05-24T17:58:16.170+0700] {processor.py:830} INFO - Processing file /mnt/d/Programming/Vietnamese-Text-Generator/airflow_env/lib/python3.10/site-packages/airflow/example_dags/example_trigger_controller_dag.py for tasks to queue
[2024-05-24T17:58:16.181+0700] {logging_mixin.py:188} INFO - [2024-05-24T17:58:16.178+0700] {dagbag.py:540} INFO - Filling up the DagBag from /mnt/d/Programming/Vietnamese-Text-Generator/airflow_env/lib/python3.10/site-packages/airflow/example_dags/example_trigger_controller_dag.py
[2024-05-24T17:58:16.262+0700] {processor.py:840} INFO - DAG(s) 'example_trigger_controller_dag' retrieved from /mnt/d/Programming/Vietnamese-Text-Generator/airflow_env/lib/python3.10/site-packages/airflow/example_dags/example_trigger_controller_dag.py
[2024-05-24T17:58:16.356+0700] {logging_mixin.py:188} INFO - [2024-05-24T17:58:16.353+0700] {dag.py:3096} INFO - Sync 1 DAGs
[2024-05-24T17:58:16.447+0700] {logging_mixin.py:188} INFO - [2024-05-24T17:58:16.443+0700] {dag.py:3954} INFO - Setting next_dagrun for example_trigger_controller_dag to 2021-01-01 00:00:00+00:00, run_after=2021-01-01 00:00:00+00:00
[2024-05-24T17:58:16.657+0700] {processor.py:183} INFO - Processing /mnt/d/Programming/Vietnamese-Text-Generator/airflow_env/lib/python3.10/site-packages/airflow/example_dags/example_trigger_controller_dag.py took 0.538 seconds
[2024-05-24T17:59:22.606+0700] {processor.py:161} INFO - Started process (PID=11365) to work on /mnt/d/Programming/Vietnamese-Text-Generator/airflow_env/lib/python3.10/site-packages/airflow/example_dags/example_trigger_controller_dag.py
[2024-05-24T17:59:22.612+0700] {processor.py:830} INFO - Processing file /mnt/d/Programming/Vietnamese-Text-Generator/airflow_env/lib/python3.10/site-packages/airflow/example_dags/example_trigger_controller_dag.py for tasks to queue
[2024-05-24T17:59:22.623+0700] {logging_mixin.py:188} INFO - [2024-05-24T17:59:22.620+0700] {dagbag.py:540} INFO - Filling up the DagBag from /mnt/d/Programming/Vietnamese-Text-Generator/airflow_env/lib/python3.10/site-packages/airflow/example_dags/example_trigger_controller_dag.py
[2024-05-24T17:59:22.708+0700] {processor.py:840} INFO - DAG(s) 'example_trigger_controller_dag' retrieved from /mnt/d/Programming/Vietnamese-Text-Generator/airflow_env/lib/python3.10/site-packages/airflow/example_dags/example_trigger_controller_dag.py
[2024-05-24T17:59:22.801+0700] {logging_mixin.py:188} INFO - [2024-05-24T17:59:22.798+0700] {dag.py:3096} INFO - Sync 1 DAGs
[2024-05-24T17:59:22.880+0700] {logging_mixin.py:188} INFO - [2024-05-24T17:59:22.877+0700] {dag.py:3954} INFO - Setting next_dagrun for example_trigger_controller_dag to 2021-01-01 00:00:00+00:00, run_after=2021-01-01 00:00:00+00:00
[2024-05-24T17:59:23.073+0700] {processor.py:183} INFO - Processing /mnt/d/Programming/Vietnamese-Text-Generator/airflow_env/lib/python3.10/site-packages/airflow/example_dags/example_trigger_controller_dag.py took 0.512 seconds
[2024-05-24T18:00:30.763+0700] {processor.py:161} INFO - Started process (PID=11660) to work on /mnt/d/Programming/Vietnamese-Text-Generator/airflow_env/lib/python3.10/site-packages/airflow/example_dags/example_trigger_controller_dag.py
[2024-05-24T18:00:30.768+0700] {processor.py:830} INFO - Processing file /mnt/d/Programming/Vietnamese-Text-Generator/airflow_env/lib/python3.10/site-packages/airflow/example_dags/example_trigger_controller_dag.py for tasks to queue
[2024-05-24T18:00:30.778+0700] {logging_mixin.py:188} INFO - [2024-05-24T18:00:30.775+0700] {dagbag.py:540} INFO - Filling up the DagBag from /mnt/d/Programming/Vietnamese-Text-Generator/airflow_env/lib/python3.10/site-packages/airflow/example_dags/example_trigger_controller_dag.py
[2024-05-24T18:00:30.854+0700] {processor.py:840} INFO - DAG(s) 'example_trigger_controller_dag' retrieved from /mnt/d/Programming/Vietnamese-Text-Generator/airflow_env/lib/python3.10/site-packages/airflow/example_dags/example_trigger_controller_dag.py
[2024-05-24T18:00:30.936+0700] {logging_mixin.py:188} INFO - [2024-05-24T18:00:30.933+0700] {dag.py:3096} INFO - Sync 1 DAGs
[2024-05-24T18:00:31.012+0700] {logging_mixin.py:188} INFO - [2024-05-24T18:00:31.009+0700] {dag.py:3954} INFO - Setting next_dagrun for example_trigger_controller_dag to 2021-01-01 00:00:00+00:00, run_after=2021-01-01 00:00:00+00:00
[2024-05-24T18:00:31.187+0700] {processor.py:183} INFO - Processing /mnt/d/Programming/Vietnamese-Text-Generator/airflow_env/lib/python3.10/site-packages/airflow/example_dags/example_trigger_controller_dag.py took 0.463 seconds
[2024-05-24T18:01:41.321+0700] {processor.py:161} INFO - Started process (PID=11967) to work on /mnt/d/Programming/Vietnamese-Text-Generator/airflow_env/lib/python3.10/site-packages/airflow/example_dags/example_trigger_controller_dag.py
[2024-05-24T18:01:41.327+0700] {processor.py:830} INFO - Processing file /mnt/d/Programming/Vietnamese-Text-Generator/airflow_env/lib/python3.10/site-packages/airflow/example_dags/example_trigger_controller_dag.py for tasks to queue
[2024-05-24T18:01:41.338+0700] {logging_mixin.py:188} INFO - [2024-05-24T18:01:41.335+0700] {dagbag.py:540} INFO - Filling up the DagBag from /mnt/d/Programming/Vietnamese-Text-Generator/airflow_env/lib/python3.10/site-packages/airflow/example_dags/example_trigger_controller_dag.py
[2024-05-24T18:01:41.421+0700] {processor.py:840} INFO - DAG(s) 'example_trigger_controller_dag' retrieved from /mnt/d/Programming/Vietnamese-Text-Generator/airflow_env/lib/python3.10/site-packages/airflow/example_dags/example_trigger_controller_dag.py
[2024-05-24T18:01:41.514+0700] {logging_mixin.py:188} INFO - [2024-05-24T18:01:41.511+0700] {dag.py:3096} INFO - Sync 1 DAGs
[2024-05-24T18:01:41.590+0700] {logging_mixin.py:188} INFO - [2024-05-24T18:01:41.588+0700] {dag.py:3954} INFO - Setting next_dagrun for example_trigger_controller_dag to 2021-01-01 00:00:00+00:00, run_after=2021-01-01 00:00:00+00:00
[2024-05-24T18:01:41.737+0700] {processor.py:183} INFO - Processing /mnt/d/Programming/Vietnamese-Text-Generator/airflow_env/lib/python3.10/site-packages/airflow/example_dags/example_trigger_controller_dag.py took 0.462 seconds
[2024-05-24T18:02:49.850+0700] {processor.py:161} INFO - Started process (PID=12269) to work on /mnt/d/Programming/Vietnamese-Text-Generator/airflow_env/lib/python3.10/site-packages/airflow/example_dags/example_trigger_controller_dag.py
[2024-05-24T18:02:49.859+0700] {processor.py:830} INFO - Processing file /mnt/d/Programming/Vietnamese-Text-Generator/airflow_env/lib/python3.10/site-packages/airflow/example_dags/example_trigger_controller_dag.py for tasks to queue
[2024-05-24T18:02:49.873+0700] {logging_mixin.py:188} INFO - [2024-05-24T18:02:49.868+0700] {dagbag.py:540} INFO - Filling up the DagBag from /mnt/d/Programming/Vietnamese-Text-Generator/airflow_env/lib/python3.10/site-packages/airflow/example_dags/example_trigger_controller_dag.py
[2024-05-24T18:02:49.949+0700] {processor.py:840} INFO - DAG(s) 'example_trigger_controller_dag' retrieved from /mnt/d/Programming/Vietnamese-Text-Generator/airflow_env/lib/python3.10/site-packages/airflow/example_dags/example_trigger_controller_dag.py
[2024-05-24T18:02:50.031+0700] {logging_mixin.py:188} INFO - [2024-05-24T18:02:50.029+0700] {dag.py:3096} INFO - Sync 1 DAGs
[2024-05-24T18:02:50.118+0700] {logging_mixin.py:188} INFO - [2024-05-24T18:02:50.115+0700] {dag.py:3954} INFO - Setting next_dagrun for example_trigger_controller_dag to 2021-01-01 00:00:00+00:00, run_after=2021-01-01 00:00:00+00:00
[2024-05-24T18:02:50.288+0700] {processor.py:183} INFO - Processing /mnt/d/Programming/Vietnamese-Text-Generator/airflow_env/lib/python3.10/site-packages/airflow/example_dags/example_trigger_controller_dag.py took 0.486 seconds
[2024-05-24T18:04:01.858+0700] {processor.py:161} INFO - Started process (PID=12584) to work on /mnt/d/Programming/Vietnamese-Text-Generator/airflow_env/lib/python3.10/site-packages/airflow/example_dags/example_trigger_controller_dag.py
[2024-05-24T18:04:01.861+0700] {processor.py:830} INFO - Processing file /mnt/d/Programming/Vietnamese-Text-Generator/airflow_env/lib/python3.10/site-packages/airflow/example_dags/example_trigger_controller_dag.py for tasks to queue
[2024-05-24T18:04:01.866+0700] {logging_mixin.py:188} INFO - [2024-05-24T18:04:01.864+0700] {dagbag.py:540} INFO - Filling up the DagBag from /mnt/d/Programming/Vietnamese-Text-Generator/airflow_env/lib/python3.10/site-packages/airflow/example_dags/example_trigger_controller_dag.py
[2024-05-24T18:04:01.889+0700] {processor.py:840} INFO - DAG(s) 'example_trigger_controller_dag' retrieved from /mnt/d/Programming/Vietnamese-Text-Generator/airflow_env/lib/python3.10/site-packages/airflow/example_dags/example_trigger_controller_dag.py
[2024-05-24T18:04:01.915+0700] {logging_mixin.py:188} INFO - [2024-05-24T18:04:01.915+0700] {dag.py:3096} INFO - Sync 1 DAGs
[2024-05-24T18:04:01.951+0700] {logging_mixin.py:188} INFO - [2024-05-24T18:04:01.950+0700] {dag.py:3954} INFO - Setting next_dagrun for example_trigger_controller_dag to 2021-01-01 00:00:00+00:00, run_after=2021-01-01 00:00:00+00:00
[2024-05-24T18:04:02.026+0700] {processor.py:183} INFO - Processing /mnt/d/Programming/Vietnamese-Text-Generator/airflow_env/lib/python3.10/site-packages/airflow/example_dags/example_trigger_controller_dag.py took 0.193 seconds
[2024-05-24T18:05:12.893+0700] {processor.py:161} INFO - Started process (PID=12893) to work on /mnt/d/Programming/Vietnamese-Text-Generator/airflow_env/lib/python3.10/site-packages/airflow/example_dags/example_trigger_controller_dag.py
[2024-05-24T18:05:12.899+0700] {processor.py:830} INFO - Processing file /mnt/d/Programming/Vietnamese-Text-Generator/airflow_env/lib/python3.10/site-packages/airflow/example_dags/example_trigger_controller_dag.py for tasks to queue
[2024-05-24T18:05:12.911+0700] {logging_mixin.py:188} INFO - [2024-05-24T18:05:12.907+0700] {dagbag.py:540} INFO - Filling up the DagBag from /mnt/d/Programming/Vietnamese-Text-Generator/airflow_env/lib/python3.10/site-packages/airflow/example_dags/example_trigger_controller_dag.py
[2024-05-24T18:05:12.993+0700] {processor.py:840} INFO - DAG(s) 'example_trigger_controller_dag' retrieved from /mnt/d/Programming/Vietnamese-Text-Generator/airflow_env/lib/python3.10/site-packages/airflow/example_dags/example_trigger_controller_dag.py
[2024-05-24T18:05:13.087+0700] {logging_mixin.py:188} INFO - [2024-05-24T18:05:13.083+0700] {dag.py:3096} INFO - Sync 1 DAGs
[2024-05-24T18:05:13.171+0700] {logging_mixin.py:188} INFO - [2024-05-24T18:05:13.168+0700] {dag.py:3954} INFO - Setting next_dagrun for example_trigger_controller_dag to 2021-01-01 00:00:00+00:00, run_after=2021-01-01 00:00:00+00:00
[2024-05-24T18:05:13.385+0700] {processor.py:183} INFO - Processing /mnt/d/Programming/Vietnamese-Text-Generator/airflow_env/lib/python3.10/site-packages/airflow/example_dags/example_trigger_controller_dag.py took 0.541 seconds
