[2024-05-24T17:01:36.776+0700] {processor.py:161} INFO - Started process (PID=1785) to work on /mnt/d/Programming/Vietnamese-Text-Generator/airflow_env/lib/python3.10/site-packages/airflow/example_dags/example_task_group.py
[2024-05-24T17:01:36.779+0700] {processor.py:830} INFO - Processing file /mnt/d/Programming/Vietnamese-Text-Generator/airflow_env/lib/python3.10/site-packages/airflow/example_dags/example_task_group.py for tasks to queue
[2024-05-24T17:01:36.794+0700] {logging_mixin.py:188} INFO - [2024-05-24T17:01:36.793+0700] {dagbag.py:540} INFO - Filling up the DagBag from /mnt/d/Programming/Vietnamese-Text-Generator/airflow_env/lib/python3.10/site-packages/airflow/example_dags/example_task_group.py
[2024-05-24T17:01:36.888+0700] {processor.py:840} INFO - DAG(s) 'example_task_group' retrieved from /mnt/d/Programming/Vietnamese-Text-Generator/airflow_env/lib/python3.10/site-packages/airflow/example_dags/example_task_group.py
[2024-05-24T17:01:36.956+0700] {logging_mixin.py:188} INFO - [2024-05-24T17:01:36.955+0700] {dag.py:3096} INFO - Sync 1 DAGs
[2024-05-24T17:01:37.004+0700] {logging_mixin.py:188} INFO - [2024-05-24T17:01:37.003+0700] {dag.py:3954} INFO - Setting next_dagrun for example_task_group to 2024-05-23 00:00:00+00:00, run_after=2024-05-24 00:00:00+00:00
[2024-05-24T17:01:37.079+0700] {processor.py:183} INFO - Processing /mnt/d/Programming/Vietnamese-Text-Generator/airflow_env/lib/python3.10/site-packages/airflow/example_dags/example_task_group.py took 0.343 seconds
[2024-05-24T17:03:36.028+0700] {processor.py:161} INFO - Started process (PID=2294) to work on /mnt/d/Programming/Vietnamese-Text-Generator/airflow_env/lib/python3.10/site-packages/airflow/example_dags/example_task_group.py
[2024-05-24T17:03:36.036+0700] {processor.py:830} INFO - Processing file /mnt/d/Programming/Vietnamese-Text-Generator/airflow_env/lib/python3.10/site-packages/airflow/example_dags/example_task_group.py for tasks to queue
[2024-05-24T17:03:36.050+0700] {logging_mixin.py:188} INFO - [2024-05-24T17:03:36.046+0700] {dagbag.py:540} INFO - Filling up the DagBag from /mnt/d/Programming/Vietnamese-Text-Generator/airflow_env/lib/python3.10/site-packages/airflow/example_dags/example_task_group.py
[2024-05-24T17:03:36.152+0700] {processor.py:840} INFO - DAG(s) 'example_task_group' retrieved from /mnt/d/Programming/Vietnamese-Text-Generator/airflow_env/lib/python3.10/site-packages/airflow/example_dags/example_task_group.py
[2024-05-24T17:03:36.224+0700] {logging_mixin.py:188} INFO - [2024-05-24T17:03:36.221+0700] {dag.py:3096} INFO - Sync 1 DAGs
[2024-05-24T17:03:36.306+0700] {logging_mixin.py:188} INFO - [2024-05-24T17:03:36.303+0700] {dag.py:3954} INFO - Setting next_dagrun for example_task_group to 2024-05-23 00:00:00+00:00, run_after=2024-05-24 00:00:00+00:00
[2024-05-24T17:03:36.461+0700] {processor.py:183} INFO - Processing /mnt/d/Programming/Vietnamese-Text-Generator/airflow_env/lib/python3.10/site-packages/airflow/example_dags/example_task_group.py took 0.493 seconds
[2024-05-24T17:04:51.061+0700] {processor.py:161} INFO - Started process (PID=2622) to work on /mnt/d/Programming/Vietnamese-Text-Generator/airflow_env/lib/python3.10/site-packages/airflow/example_dags/example_task_group.py
[2024-05-24T17:04:51.064+0700] {processor.py:830} INFO - Processing file /mnt/d/Programming/Vietnamese-Text-Generator/airflow_env/lib/python3.10/site-packages/airflow/example_dags/example_task_group.py for tasks to queue
[2024-05-24T17:04:51.075+0700] {logging_mixin.py:188} INFO - [2024-05-24T17:04:51.072+0700] {dagbag.py:540} INFO - Filling up the DagBag from /mnt/d/Programming/Vietnamese-Text-Generator/airflow_env/lib/python3.10/site-packages/airflow/example_dags/example_task_group.py
[2024-05-24T17:04:51.121+0700] {processor.py:840} INFO - DAG(s) 'example_task_group' retrieved from /mnt/d/Programming/Vietnamese-Text-Generator/airflow_env/lib/python3.10/site-packages/airflow/example_dags/example_task_group.py
[2024-05-24T17:04:51.188+0700] {logging_mixin.py:188} INFO - [2024-05-24T17:04:51.186+0700] {dag.py:3096} INFO - Sync 1 DAGs
[2024-05-24T17:04:51.261+0700] {logging_mixin.py:188} INFO - [2024-05-24T17:04:51.259+0700] {dag.py:3954} INFO - Setting next_dagrun for example_task_group to 2024-05-23 00:00:00+00:00, run_after=2024-05-24 00:00:00+00:00
[2024-05-24T17:04:51.417+0700] {processor.py:183} INFO - Processing /mnt/d/Programming/Vietnamese-Text-Generator/airflow_env/lib/python3.10/site-packages/airflow/example_dags/example_task_group.py took 0.380 seconds
[2024-05-24T17:06:00.154+0700] {processor.py:161} INFO - Started process (PID=2924) to work on /mnt/d/Programming/Vietnamese-Text-Generator/airflow_env/lib/python3.10/site-packages/airflow/example_dags/example_task_group.py
[2024-05-24T17:06:00.161+0700] {processor.py:830} INFO - Processing file /mnt/d/Programming/Vietnamese-Text-Generator/airflow_env/lib/python3.10/site-packages/airflow/example_dags/example_task_group.py for tasks to queue
[2024-05-24T17:06:00.175+0700] {logging_mixin.py:188} INFO - [2024-05-24T17:06:00.171+0700] {dagbag.py:540} INFO - Filling up the DagBag from /mnt/d/Programming/Vietnamese-Text-Generator/airflow_env/lib/python3.10/site-packages/airflow/example_dags/example_task_group.py
[2024-05-24T17:06:00.240+0700] {processor.py:840} INFO - DAG(s) 'example_task_group' retrieved from /mnt/d/Programming/Vietnamese-Text-Generator/airflow_env/lib/python3.10/site-packages/airflow/example_dags/example_task_group.py
[2024-05-24T17:06:00.338+0700] {logging_mixin.py:188} INFO - [2024-05-24T17:06:00.335+0700] {dag.py:3096} INFO - Sync 1 DAGs
[2024-05-24T17:06:00.440+0700] {logging_mixin.py:188} INFO - [2024-05-24T17:06:00.437+0700] {dag.py:3954} INFO - Setting next_dagrun for example_task_group to 2024-05-23 00:00:00+00:00, run_after=2024-05-24 00:00:00+00:00
[2024-05-24T17:06:00.638+0700] {processor.py:183} INFO - Processing /mnt/d/Programming/Vietnamese-Text-Generator/airflow_env/lib/python3.10/site-packages/airflow/example_dags/example_task_group.py took 0.524 seconds
[2024-05-24T17:07:07.766+0700] {processor.py:161} INFO - Started process (PID=3297) to work on /mnt/d/Programming/Vietnamese-Text-Generator/airflow_env/lib/python3.10/site-packages/airflow/example_dags/example_task_group.py
[2024-05-24T17:07:07.773+0700] {processor.py:830} INFO - Processing file /mnt/d/Programming/Vietnamese-Text-Generator/airflow_env/lib/python3.10/site-packages/airflow/example_dags/example_task_group.py for tasks to queue
[2024-05-24T17:07:07.790+0700] {logging_mixin.py:188} INFO - [2024-05-24T17:07:07.784+0700] {dagbag.py:540} INFO - Filling up the DagBag from /mnt/d/Programming/Vietnamese-Text-Generator/airflow_env/lib/python3.10/site-packages/airflow/example_dags/example_task_group.py
[2024-05-24T17:07:07.880+0700] {processor.py:840} INFO - DAG(s) 'example_task_group' retrieved from /mnt/d/Programming/Vietnamese-Text-Generator/airflow_env/lib/python3.10/site-packages/airflow/example_dags/example_task_group.py
[2024-05-24T17:07:07.973+0700] {logging_mixin.py:188} INFO - [2024-05-24T17:07:07.971+0700] {dag.py:3096} INFO - Sync 1 DAGs
[2024-05-24T17:07:08.042+0700] {logging_mixin.py:188} INFO - [2024-05-24T17:07:08.039+0700] {dag.py:3954} INFO - Setting next_dagrun for example_task_group to 2024-05-23 00:00:00+00:00, run_after=2024-05-24 00:00:00+00:00
[2024-05-24T17:07:08.181+0700] {processor.py:183} INFO - Processing /mnt/d/Programming/Vietnamese-Text-Generator/airflow_env/lib/python3.10/site-packages/airflow/example_dags/example_task_group.py took 0.465 seconds
[2024-05-24T17:08:09.971+0700] {processor.py:161} INFO - Started process (PID=3571) to work on /mnt/d/Programming/Vietnamese-Text-Generator/airflow_env/lib/python3.10/site-packages/airflow/example_dags/example_task_group.py
[2024-05-24T17:08:09.978+0700] {processor.py:830} INFO - Processing file /mnt/d/Programming/Vietnamese-Text-Generator/airflow_env/lib/python3.10/site-packages/airflow/example_dags/example_task_group.py for tasks to queue
[2024-05-24T17:08:09.994+0700] {logging_mixin.py:188} INFO - [2024-05-24T17:08:09.990+0700] {dagbag.py:540} INFO - Filling up the DagBag from /mnt/d/Programming/Vietnamese-Text-Generator/airflow_env/lib/python3.10/site-packages/airflow/example_dags/example_task_group.py
[2024-05-24T17:08:10.155+0700] {processor.py:840} INFO - DAG(s) 'example_task_group' retrieved from /mnt/d/Programming/Vietnamese-Text-Generator/airflow_env/lib/python3.10/site-packages/airflow/example_dags/example_task_group.py
[2024-05-24T17:08:10.209+0700] {logging_mixin.py:188} INFO - [2024-05-24T17:08:10.208+0700] {dag.py:3096} INFO - Sync 1 DAGs
[2024-05-24T17:08:10.260+0700] {logging_mixin.py:188} INFO - [2024-05-24T17:08:10.259+0700] {dag.py:3954} INFO - Setting next_dagrun for example_task_group to 2024-05-23 00:00:00+00:00, run_after=2024-05-24 00:00:00+00:00
[2024-05-24T17:08:10.350+0700] {processor.py:183} INFO - Processing /mnt/d/Programming/Vietnamese-Text-Generator/airflow_env/lib/python3.10/site-packages/airflow/example_dags/example_task_group.py took 0.430 seconds
[2024-05-24T17:09:17.738+0700] {processor.py:161} INFO - Started process (PID=3868) to work on /mnt/d/Programming/Vietnamese-Text-Generator/airflow_env/lib/python3.10/site-packages/airflow/example_dags/example_task_group.py
[2024-05-24T17:09:17.743+0700] {processor.py:830} INFO - Processing file /mnt/d/Programming/Vietnamese-Text-Generator/airflow_env/lib/python3.10/site-packages/airflow/example_dags/example_task_group.py for tasks to queue
[2024-05-24T17:09:17.754+0700] {logging_mixin.py:188} INFO - [2024-05-24T17:09:17.751+0700] {dagbag.py:540} INFO - Filling up the DagBag from /mnt/d/Programming/Vietnamese-Text-Generator/airflow_env/lib/python3.10/site-packages/airflow/example_dags/example_task_group.py
[2024-05-24T17:09:17.836+0700] {processor.py:840} INFO - DAG(s) 'example_task_group' retrieved from /mnt/d/Programming/Vietnamese-Text-Generator/airflow_env/lib/python3.10/site-packages/airflow/example_dags/example_task_group.py
[2024-05-24T17:09:17.935+0700] {logging_mixin.py:188} INFO - [2024-05-24T17:09:17.931+0700] {dag.py:3096} INFO - Sync 1 DAGs
[2024-05-24T17:09:18.040+0700] {logging_mixin.py:188} INFO - [2024-05-24T17:09:18.037+0700] {dag.py:3954} INFO - Setting next_dagrun for example_task_group to 2024-05-23 00:00:00+00:00, run_after=2024-05-24 00:00:00+00:00
[2024-05-24T17:09:18.222+0700] {processor.py:183} INFO - Processing /mnt/d/Programming/Vietnamese-Text-Generator/airflow_env/lib/python3.10/site-packages/airflow/example_dags/example_task_group.py took 0.524 seconds
[2024-05-24T17:10:26.662+0700] {processor.py:161} INFO - Started process (PID=4168) to work on /mnt/d/Programming/Vietnamese-Text-Generator/airflow_env/lib/python3.10/site-packages/airflow/example_dags/example_task_group.py
[2024-05-24T17:10:26.668+0700] {processor.py:830} INFO - Processing file /mnt/d/Programming/Vietnamese-Text-Generator/airflow_env/lib/python3.10/site-packages/airflow/example_dags/example_task_group.py for tasks to queue
[2024-05-24T17:10:26.680+0700] {logging_mixin.py:188} INFO - [2024-05-24T17:10:26.676+0700] {dagbag.py:540} INFO - Filling up the DagBag from /mnt/d/Programming/Vietnamese-Text-Generator/airflow_env/lib/python3.10/site-packages/airflow/example_dags/example_task_group.py
[2024-05-24T17:10:26.757+0700] {processor.py:840} INFO - DAG(s) 'example_task_group' retrieved from /mnt/d/Programming/Vietnamese-Text-Generator/airflow_env/lib/python3.10/site-packages/airflow/example_dags/example_task_group.py
[2024-05-24T17:10:26.851+0700] {logging_mixin.py:188} INFO - [2024-05-24T17:10:26.848+0700] {dag.py:3096} INFO - Sync 1 DAGs
[2024-05-24T17:10:26.941+0700] {logging_mixin.py:188} INFO - [2024-05-24T17:10:26.939+0700] {dag.py:3954} INFO - Setting next_dagrun for example_task_group to 2024-05-23 00:00:00+00:00, run_after=2024-05-24 00:00:00+00:00
[2024-05-24T17:10:27.129+0700] {processor.py:183} INFO - Processing /mnt/d/Programming/Vietnamese-Text-Generator/airflow_env/lib/python3.10/site-packages/airflow/example_dags/example_task_group.py took 0.507 seconds
[2024-05-24T17:11:37.272+0700] {processor.py:161} INFO - Started process (PID=4482) to work on /mnt/d/Programming/Vietnamese-Text-Generator/airflow_env/lib/python3.10/site-packages/airflow/example_dags/example_task_group.py
[2024-05-24T17:11:37.279+0700] {processor.py:830} INFO - Processing file /mnt/d/Programming/Vietnamese-Text-Generator/airflow_env/lib/python3.10/site-packages/airflow/example_dags/example_task_group.py for tasks to queue
[2024-05-24T17:11:37.290+0700] {logging_mixin.py:188} INFO - [2024-05-24T17:11:37.286+0700] {dagbag.py:540} INFO - Filling up the DagBag from /mnt/d/Programming/Vietnamese-Text-Generator/airflow_env/lib/python3.10/site-packages/airflow/example_dags/example_task_group.py
[2024-05-24T17:11:37.388+0700] {processor.py:840} INFO - DAG(s) 'example_task_group' retrieved from /mnt/d/Programming/Vietnamese-Text-Generator/airflow_env/lib/python3.10/site-packages/airflow/example_dags/example_task_group.py
[2024-05-24T17:11:37.487+0700] {logging_mixin.py:188} INFO - [2024-05-24T17:11:37.483+0700] {dag.py:3096} INFO - Sync 1 DAGs
[2024-05-24T17:11:37.597+0700] {logging_mixin.py:188} INFO - [2024-05-24T17:11:37.594+0700] {dag.py:3954} INFO - Setting next_dagrun for example_task_group to 2024-05-23 00:00:00+00:00, run_after=2024-05-24 00:00:00+00:00
[2024-05-24T17:11:37.806+0700] {processor.py:183} INFO - Processing /mnt/d/Programming/Vietnamese-Text-Generator/airflow_env/lib/python3.10/site-packages/airflow/example_dags/example_task_group.py took 0.578 seconds
[2024-05-24T17:12:47.442+0700] {processor.py:161} INFO - Started process (PID=4785) to work on /mnt/d/Programming/Vietnamese-Text-Generator/airflow_env/lib/python3.10/site-packages/airflow/example_dags/example_task_group.py
[2024-05-24T17:12:47.448+0700] {processor.py:830} INFO - Processing file /mnt/d/Programming/Vietnamese-Text-Generator/airflow_env/lib/python3.10/site-packages/airflow/example_dags/example_task_group.py for tasks to queue
[2024-05-24T17:12:47.463+0700] {logging_mixin.py:188} INFO - [2024-05-24T17:12:47.459+0700] {dagbag.py:540} INFO - Filling up the DagBag from /mnt/d/Programming/Vietnamese-Text-Generator/airflow_env/lib/python3.10/site-packages/airflow/example_dags/example_task_group.py
[2024-05-24T17:12:47.555+0700] {processor.py:840} INFO - DAG(s) 'example_task_group' retrieved from /mnt/d/Programming/Vietnamese-Text-Generator/airflow_env/lib/python3.10/site-packages/airflow/example_dags/example_task_group.py
[2024-05-24T17:12:47.654+0700] {logging_mixin.py:188} INFO - [2024-05-24T17:12:47.651+0700] {dag.py:3096} INFO - Sync 1 DAGs
[2024-05-24T17:12:47.758+0700] {logging_mixin.py:188} INFO - [2024-05-24T17:12:47.754+0700] {dag.py:3954} INFO - Setting next_dagrun for example_task_group to 2024-05-23 00:00:00+00:00, run_after=2024-05-24 00:00:00+00:00
[2024-05-24T17:12:47.959+0700] {processor.py:183} INFO - Processing /mnt/d/Programming/Vietnamese-Text-Generator/airflow_env/lib/python3.10/site-packages/airflow/example_dags/example_task_group.py took 0.562 seconds
[2024-05-24T17:13:57.893+0700] {processor.py:161} INFO - Started process (PID=5092) to work on /mnt/d/Programming/Vietnamese-Text-Generator/airflow_env/lib/python3.10/site-packages/airflow/example_dags/example_task_group.py
[2024-05-24T17:13:57.899+0700] {processor.py:830} INFO - Processing file /mnt/d/Programming/Vietnamese-Text-Generator/airflow_env/lib/python3.10/site-packages/airflow/example_dags/example_task_group.py for tasks to queue
[2024-05-24T17:13:57.909+0700] {logging_mixin.py:188} INFO - [2024-05-24T17:13:57.906+0700] {dagbag.py:540} INFO - Filling up the DagBag from /mnt/d/Programming/Vietnamese-Text-Generator/airflow_env/lib/python3.10/site-packages/airflow/example_dags/example_task_group.py
[2024-05-24T17:13:57.981+0700] {processor.py:840} INFO - DAG(s) 'example_task_group' retrieved from /mnt/d/Programming/Vietnamese-Text-Generator/airflow_env/lib/python3.10/site-packages/airflow/example_dags/example_task_group.py
[2024-05-24T17:13:58.070+0700] {logging_mixin.py:188} INFO - [2024-05-24T17:13:58.067+0700] {dag.py:3096} INFO - Sync 1 DAGs
[2024-05-24T17:13:58.164+0700] {logging_mixin.py:188} INFO - [2024-05-24T17:13:58.161+0700] {dag.py:3954} INFO - Setting next_dagrun for example_task_group to 2024-05-23 00:00:00+00:00, run_after=2024-05-24 00:00:00+00:00
[2024-05-24T17:13:58.346+0700] {processor.py:183} INFO - Processing /mnt/d/Programming/Vietnamese-Text-Generator/airflow_env/lib/python3.10/site-packages/airflow/example_dags/example_task_group.py took 0.492 seconds
[2024-05-24T17:15:03.897+0700] {processor.py:161} INFO - Started process (PID=5383) to work on /mnt/d/Programming/Vietnamese-Text-Generator/airflow_env/lib/python3.10/site-packages/airflow/example_dags/example_task_group.py
[2024-05-24T17:15:03.904+0700] {processor.py:830} INFO - Processing file /mnt/d/Programming/Vietnamese-Text-Generator/airflow_env/lib/python3.10/site-packages/airflow/example_dags/example_task_group.py for tasks to queue
[2024-05-24T17:15:03.921+0700] {logging_mixin.py:188} INFO - [2024-05-24T17:15:03.917+0700] {dagbag.py:540} INFO - Filling up the DagBag from /mnt/d/Programming/Vietnamese-Text-Generator/airflow_env/lib/python3.10/site-packages/airflow/example_dags/example_task_group.py
[2024-05-24T17:15:04.016+0700] {processor.py:840} INFO - DAG(s) 'example_task_group' retrieved from /mnt/d/Programming/Vietnamese-Text-Generator/airflow_env/lib/python3.10/site-packages/airflow/example_dags/example_task_group.py
[2024-05-24T17:15:04.119+0700] {logging_mixin.py:188} INFO - [2024-05-24T17:15:04.115+0700] {dag.py:3096} INFO - Sync 1 DAGs
[2024-05-24T17:15:04.226+0700] {logging_mixin.py:188} INFO - [2024-05-24T17:15:04.223+0700] {dag.py:3954} INFO - Setting next_dagrun for example_task_group to 2024-05-23 00:00:00+00:00, run_after=2024-05-24 00:00:00+00:00
[2024-05-24T17:15:04.416+0700] {processor.py:183} INFO - Processing /mnt/d/Programming/Vietnamese-Text-Generator/airflow_env/lib/python3.10/site-packages/airflow/example_dags/example_task_group.py took 0.564 seconds
[2024-05-24T17:16:14.716+0700] {processor.py:161} INFO - Started process (PID=5690) to work on /mnt/d/Programming/Vietnamese-Text-Generator/airflow_env/lib/python3.10/site-packages/airflow/example_dags/example_task_group.py
[2024-05-24T17:16:14.723+0700] {processor.py:830} INFO - Processing file /mnt/d/Programming/Vietnamese-Text-Generator/airflow_env/lib/python3.10/site-packages/airflow/example_dags/example_task_group.py for tasks to queue
[2024-05-24T17:16:14.734+0700] {logging_mixin.py:188} INFO - [2024-05-24T17:16:14.730+0700] {dagbag.py:540} INFO - Filling up the DagBag from /mnt/d/Programming/Vietnamese-Text-Generator/airflow_env/lib/python3.10/site-packages/airflow/example_dags/example_task_group.py
[2024-05-24T17:16:14.827+0700] {processor.py:840} INFO - DAG(s) 'example_task_group' retrieved from /mnt/d/Programming/Vietnamese-Text-Generator/airflow_env/lib/python3.10/site-packages/airflow/example_dags/example_task_group.py
[2024-05-24T17:16:14.929+0700] {logging_mixin.py:188} INFO - [2024-05-24T17:16:14.925+0700] {dag.py:3096} INFO - Sync 1 DAGs
[2024-05-24T17:16:15.034+0700] {logging_mixin.py:188} INFO - [2024-05-24T17:16:15.030+0700] {dag.py:3954} INFO - Setting next_dagrun for example_task_group to 2024-05-23 00:00:00+00:00, run_after=2024-05-24 00:00:00+00:00
[2024-05-24T17:16:15.228+0700] {processor.py:183} INFO - Processing /mnt/d/Programming/Vietnamese-Text-Generator/airflow_env/lib/python3.10/site-packages/airflow/example_dags/example_task_group.py took 0.557 seconds
[2024-05-24T17:17:27.719+0700] {processor.py:161} INFO - Started process (PID=6009) to work on /mnt/d/Programming/Vietnamese-Text-Generator/airflow_env/lib/python3.10/site-packages/airflow/example_dags/example_task_group.py
[2024-05-24T17:17:27.726+0700] {processor.py:830} INFO - Processing file /mnt/d/Programming/Vietnamese-Text-Generator/airflow_env/lib/python3.10/site-packages/airflow/example_dags/example_task_group.py for tasks to queue
[2024-05-24T17:17:27.741+0700] {logging_mixin.py:188} INFO - [2024-05-24T17:17:27.737+0700] {dagbag.py:540} INFO - Filling up the DagBag from /mnt/d/Programming/Vietnamese-Text-Generator/airflow_env/lib/python3.10/site-packages/airflow/example_dags/example_task_group.py
[2024-05-24T17:17:27.830+0700] {processor.py:840} INFO - DAG(s) 'example_task_group' retrieved from /mnt/d/Programming/Vietnamese-Text-Generator/airflow_env/lib/python3.10/site-packages/airflow/example_dags/example_task_group.py
[2024-05-24T17:17:27.928+0700] {logging_mixin.py:188} INFO - [2024-05-24T17:17:27.925+0700] {dag.py:3096} INFO - Sync 1 DAGs
[2024-05-24T17:17:28.027+0700] {logging_mixin.py:188} INFO - [2024-05-24T17:17:28.024+0700] {dag.py:3954} INFO - Setting next_dagrun for example_task_group to 2024-05-23 00:00:00+00:00, run_after=2024-05-24 00:00:00+00:00
[2024-05-24T17:17:28.113+0700] {processor.py:183} INFO - Processing /mnt/d/Programming/Vietnamese-Text-Generator/airflow_env/lib/python3.10/site-packages/airflow/example_dags/example_task_group.py took 0.443 seconds
[2024-05-24T17:18:38.179+0700] {processor.py:161} INFO - Started process (PID=6322) to work on /mnt/d/Programming/Vietnamese-Text-Generator/airflow_env/lib/python3.10/site-packages/airflow/example_dags/example_task_group.py
[2024-05-24T17:18:38.183+0700] {processor.py:830} INFO - Processing file /mnt/d/Programming/Vietnamese-Text-Generator/airflow_env/lib/python3.10/site-packages/airflow/example_dags/example_task_group.py for tasks to queue
[2024-05-24T17:18:38.191+0700] {logging_mixin.py:188} INFO - [2024-05-24T17:18:38.189+0700] {dagbag.py:540} INFO - Filling up the DagBag from /mnt/d/Programming/Vietnamese-Text-Generator/airflow_env/lib/python3.10/site-packages/airflow/example_dags/example_task_group.py
[2024-05-24T17:18:38.255+0700] {processor.py:840} INFO - DAG(s) 'example_task_group' retrieved from /mnt/d/Programming/Vietnamese-Text-Generator/airflow_env/lib/python3.10/site-packages/airflow/example_dags/example_task_group.py
[2024-05-24T17:18:38.321+0700] {logging_mixin.py:188} INFO - [2024-05-24T17:18:38.318+0700] {dag.py:3096} INFO - Sync 1 DAGs
[2024-05-24T17:18:38.409+0700] {logging_mixin.py:188} INFO - [2024-05-24T17:18:38.407+0700] {dag.py:3954} INFO - Setting next_dagrun for example_task_group to 2024-05-23 00:00:00+00:00, run_after=2024-05-24 00:00:00+00:00
[2024-05-24T17:18:38.618+0700] {processor.py:183} INFO - Processing /mnt/d/Programming/Vietnamese-Text-Generator/airflow_env/lib/python3.10/site-packages/airflow/example_dags/example_task_group.py took 0.464 seconds
[2024-05-24T17:19:48.030+0700] {processor.py:161} INFO - Started process (PID=6625) to work on /mnt/d/Programming/Vietnamese-Text-Generator/airflow_env/lib/python3.10/site-packages/airflow/example_dags/example_task_group.py
[2024-05-24T17:19:48.036+0700] {processor.py:830} INFO - Processing file /mnt/d/Programming/Vietnamese-Text-Generator/airflow_env/lib/python3.10/site-packages/airflow/example_dags/example_task_group.py for tasks to queue
[2024-05-24T17:19:48.047+0700] {logging_mixin.py:188} INFO - [2024-05-24T17:19:48.044+0700] {dagbag.py:540} INFO - Filling up the DagBag from /mnt/d/Programming/Vietnamese-Text-Generator/airflow_env/lib/python3.10/site-packages/airflow/example_dags/example_task_group.py
[2024-05-24T17:19:48.114+0700] {processor.py:840} INFO - DAG(s) 'example_task_group' retrieved from /mnt/d/Programming/Vietnamese-Text-Generator/airflow_env/lib/python3.10/site-packages/airflow/example_dags/example_task_group.py
[2024-05-24T17:19:48.196+0700] {logging_mixin.py:188} INFO - [2024-05-24T17:19:48.193+0700] {dag.py:3096} INFO - Sync 1 DAGs
[2024-05-24T17:19:48.287+0700] {logging_mixin.py:188} INFO - [2024-05-24T17:19:48.284+0700] {dag.py:3954} INFO - Setting next_dagrun for example_task_group to 2024-05-23 00:00:00+00:00, run_after=2024-05-24 00:00:00+00:00
[2024-05-24T17:19:48.553+0700] {processor.py:183} INFO - Processing /mnt/d/Programming/Vietnamese-Text-Generator/airflow_env/lib/python3.10/site-packages/airflow/example_dags/example_task_group.py took 0.563 seconds
[2024-05-24T17:20:57.685+0700] {processor.py:161} INFO - Started process (PID=6931) to work on /mnt/d/Programming/Vietnamese-Text-Generator/airflow_env/lib/python3.10/site-packages/airflow/example_dags/example_task_group.py
[2024-05-24T17:20:57.691+0700] {processor.py:830} INFO - Processing file /mnt/d/Programming/Vietnamese-Text-Generator/airflow_env/lib/python3.10/site-packages/airflow/example_dags/example_task_group.py for tasks to queue
[2024-05-24T17:20:57.702+0700] {logging_mixin.py:188} INFO - [2024-05-24T17:20:57.699+0700] {dagbag.py:540} INFO - Filling up the DagBag from /mnt/d/Programming/Vietnamese-Text-Generator/airflow_env/lib/python3.10/site-packages/airflow/example_dags/example_task_group.py
[2024-05-24T17:20:57.791+0700] {processor.py:840} INFO - DAG(s) 'example_task_group' retrieved from /mnt/d/Programming/Vietnamese-Text-Generator/airflow_env/lib/python3.10/site-packages/airflow/example_dags/example_task_group.py
[2024-05-24T17:20:57.924+0700] {logging_mixin.py:188} INFO - [2024-05-24T17:20:57.921+0700] {dag.py:3096} INFO - Sync 1 DAGs
[2024-05-24T17:20:58.002+0700] {logging_mixin.py:188} INFO - [2024-05-24T17:20:58.001+0700] {dag.py:3954} INFO - Setting next_dagrun for example_task_group to 2024-05-23 00:00:00+00:00, run_after=2024-05-24 00:00:00+00:00
[2024-05-24T17:20:58.087+0700] {processor.py:183} INFO - Processing /mnt/d/Programming/Vietnamese-Text-Generator/airflow_env/lib/python3.10/site-packages/airflow/example_dags/example_task_group.py took 0.444 seconds
[2024-05-24T17:22:01.875+0700] {processor.py:161} INFO - Started process (PID=7209) to work on /mnt/d/Programming/Vietnamese-Text-Generator/airflow_env/lib/python3.10/site-packages/airflow/example_dags/example_task_group.py
[2024-05-24T17:22:01.882+0700] {processor.py:830} INFO - Processing file /mnt/d/Programming/Vietnamese-Text-Generator/airflow_env/lib/python3.10/site-packages/airflow/example_dags/example_task_group.py for tasks to queue
[2024-05-24T17:22:01.897+0700] {logging_mixin.py:188} INFO - [2024-05-24T17:22:01.892+0700] {dagbag.py:540} INFO - Filling up the DagBag from /mnt/d/Programming/Vietnamese-Text-Generator/airflow_env/lib/python3.10/site-packages/airflow/example_dags/example_task_group.py
[2024-05-24T17:22:02.061+0700] {processor.py:840} INFO - DAG(s) 'example_task_group' retrieved from /mnt/d/Programming/Vietnamese-Text-Generator/airflow_env/lib/python3.10/site-packages/airflow/example_dags/example_task_group.py
[2024-05-24T17:22:02.124+0700] {logging_mixin.py:188} INFO - [2024-05-24T17:22:02.123+0700] {dag.py:3096} INFO - Sync 1 DAGs
[2024-05-24T17:22:02.173+0700] {logging_mixin.py:188} INFO - [2024-05-24T17:22:02.172+0700] {dag.py:3954} INFO - Setting next_dagrun for example_task_group to 2024-05-23 00:00:00+00:00, run_after=2024-05-24 00:00:00+00:00
[2024-05-24T17:22:02.263+0700] {processor.py:183} INFO - Processing /mnt/d/Programming/Vietnamese-Text-Generator/airflow_env/lib/python3.10/site-packages/airflow/example_dags/example_task_group.py took 0.438 seconds
[2024-05-24T17:23:08.258+0700] {processor.py:161} INFO - Started process (PID=7500) to work on /mnt/d/Programming/Vietnamese-Text-Generator/airflow_env/lib/python3.10/site-packages/airflow/example_dags/example_task_group.py
[2024-05-24T17:23:08.265+0700] {processor.py:830} INFO - Processing file /mnt/d/Programming/Vietnamese-Text-Generator/airflow_env/lib/python3.10/site-packages/airflow/example_dags/example_task_group.py for tasks to queue
[2024-05-24T17:23:08.280+0700] {logging_mixin.py:188} INFO - [2024-05-24T17:23:08.275+0700] {dagbag.py:540} INFO - Filling up the DagBag from /mnt/d/Programming/Vietnamese-Text-Generator/airflow_env/lib/python3.10/site-packages/airflow/example_dags/example_task_group.py
[2024-05-24T17:23:08.377+0700] {processor.py:840} INFO - DAG(s) 'example_task_group' retrieved from /mnt/d/Programming/Vietnamese-Text-Generator/airflow_env/lib/python3.10/site-packages/airflow/example_dags/example_task_group.py
[2024-05-24T17:23:08.474+0700] {logging_mixin.py:188} INFO - [2024-05-24T17:23:08.471+0700] {dag.py:3096} INFO - Sync 1 DAGs
[2024-05-24T17:23:08.567+0700] {logging_mixin.py:188} INFO - [2024-05-24T17:23:08.564+0700] {dag.py:3954} INFO - Setting next_dagrun for example_task_group to 2024-05-23 00:00:00+00:00, run_after=2024-05-24 00:00:00+00:00
[2024-05-24T17:23:08.754+0700] {processor.py:183} INFO - Processing /mnt/d/Programming/Vietnamese-Text-Generator/airflow_env/lib/python3.10/site-packages/airflow/example_dags/example_task_group.py took 0.546 seconds
[2024-05-24T17:24:11.519+0700] {processor.py:161} INFO - Started process (PID=7777) to work on /mnt/d/Programming/Vietnamese-Text-Generator/airflow_env/lib/python3.10/site-packages/airflow/example_dags/example_task_group.py
[2024-05-24T17:24:11.522+0700] {processor.py:830} INFO - Processing file /mnt/d/Programming/Vietnamese-Text-Generator/airflow_env/lib/python3.10/site-packages/airflow/example_dags/example_task_group.py for tasks to queue
[2024-05-24T17:24:11.529+0700] {logging_mixin.py:188} INFO - [2024-05-24T17:24:11.527+0700] {dagbag.py:540} INFO - Filling up the DagBag from /mnt/d/Programming/Vietnamese-Text-Generator/airflow_env/lib/python3.10/site-packages/airflow/example_dags/example_task_group.py
[2024-05-24T17:24:11.561+0700] {processor.py:840} INFO - DAG(s) 'example_task_group' retrieved from /mnt/d/Programming/Vietnamese-Text-Generator/airflow_env/lib/python3.10/site-packages/airflow/example_dags/example_task_group.py
[2024-05-24T17:24:11.616+0700] {logging_mixin.py:188} INFO - [2024-05-24T17:24:11.615+0700] {dag.py:3096} INFO - Sync 1 DAGs
[2024-05-24T17:24:11.658+0700] {logging_mixin.py:188} INFO - [2024-05-24T17:24:11.657+0700] {dag.py:3954} INFO - Setting next_dagrun for example_task_group to 2024-05-23 00:00:00+00:00, run_after=2024-05-24 00:00:00+00:00
[2024-05-24T17:24:11.726+0700] {processor.py:183} INFO - Processing /mnt/d/Programming/Vietnamese-Text-Generator/airflow_env/lib/python3.10/site-packages/airflow/example_dags/example_task_group.py took 0.227 seconds
[2024-05-24T17:46:59.188+0700] {processor.py:161} INFO - Started process (PID=8091) to work on /mnt/d/Programming/Vietnamese-Text-Generator/airflow_env/lib/python3.10/site-packages/airflow/example_dags/example_task_group.py
[2024-05-24T17:46:59.190+0700] {processor.py:830} INFO - Processing file /mnt/d/Programming/Vietnamese-Text-Generator/airflow_env/lib/python3.10/site-packages/airflow/example_dags/example_task_group.py for tasks to queue
[2024-05-24T17:46:59.197+0700] {logging_mixin.py:188} INFO - [2024-05-24T17:46:59.196+0700] {dagbag.py:540} INFO - Filling up the DagBag from /mnt/d/Programming/Vietnamese-Text-Generator/airflow_env/lib/python3.10/site-packages/airflow/example_dags/example_task_group.py
[2024-05-24T17:46:59.228+0700] {processor.py:840} INFO - DAG(s) 'example_task_group' retrieved from /mnt/d/Programming/Vietnamese-Text-Generator/airflow_env/lib/python3.10/site-packages/airflow/example_dags/example_task_group.py
[2024-05-24T17:46:59.283+0700] {logging_mixin.py:188} INFO - [2024-05-24T17:46:59.281+0700] {dag.py:3096} INFO - Sync 1 DAGs
[2024-05-24T17:46:59.336+0700] {logging_mixin.py:188} INFO - [2024-05-24T17:46:59.335+0700] {dag.py:3954} INFO - Setting next_dagrun for example_task_group to 2024-05-23 00:00:00+00:00, run_after=2024-05-24 00:00:00+00:00
[2024-05-24T17:46:59.415+0700] {processor.py:183} INFO - Processing /mnt/d/Programming/Vietnamese-Text-Generator/airflow_env/lib/python3.10/site-packages/airflow/example_dags/example_task_group.py took 0.238 seconds
[2024-05-24T17:48:09.058+0700] {processor.py:161} INFO - Started process (PID=8425) to work on /mnt/d/Programming/Vietnamese-Text-Generator/airflow_env/lib/python3.10/site-packages/airflow/example_dags/example_task_group.py
[2024-05-24T17:48:09.063+0700] {processor.py:830} INFO - Processing file /mnt/d/Programming/Vietnamese-Text-Generator/airflow_env/lib/python3.10/site-packages/airflow/example_dags/example_task_group.py for tasks to queue
[2024-05-24T17:48:09.072+0700] {logging_mixin.py:188} INFO - [2024-05-24T17:48:09.069+0700] {dagbag.py:540} INFO - Filling up the DagBag from /mnt/d/Programming/Vietnamese-Text-Generator/airflow_env/lib/python3.10/site-packages/airflow/example_dags/example_task_group.py
[2024-05-24T17:48:09.138+0700] {processor.py:840} INFO - DAG(s) 'example_task_group' retrieved from /mnt/d/Programming/Vietnamese-Text-Generator/airflow_env/lib/python3.10/site-packages/airflow/example_dags/example_task_group.py
[2024-05-24T17:48:09.219+0700] {logging_mixin.py:188} INFO - [2024-05-24T17:48:09.216+0700] {dag.py:3096} INFO - Sync 1 DAGs
[2024-05-24T17:48:09.312+0700] {logging_mixin.py:188} INFO - [2024-05-24T17:48:09.309+0700] {dag.py:3954} INFO - Setting next_dagrun for example_task_group to 2024-05-23 00:00:00+00:00, run_after=2024-05-24 00:00:00+00:00
[2024-05-24T17:48:09.485+0700] {processor.py:183} INFO - Processing /mnt/d/Programming/Vietnamese-Text-Generator/airflow_env/lib/python3.10/site-packages/airflow/example_dags/example_task_group.py took 0.461 seconds
[2024-05-24T17:49:13.873+0700] {processor.py:161} INFO - Started process (PID=8706) to work on /mnt/d/Programming/Vietnamese-Text-Generator/airflow_env/lib/python3.10/site-packages/airflow/example_dags/example_task_group.py
[2024-05-24T17:49:13.879+0700] {processor.py:830} INFO - Processing file /mnt/d/Programming/Vietnamese-Text-Generator/airflow_env/lib/python3.10/site-packages/airflow/example_dags/example_task_group.py for tasks to queue
[2024-05-24T17:49:13.894+0700] {logging_mixin.py:188} INFO - [2024-05-24T17:49:13.891+0700] {dagbag.py:540} INFO - Filling up the DagBag from /mnt/d/Programming/Vietnamese-Text-Generator/airflow_env/lib/python3.10/site-packages/airflow/example_dags/example_task_group.py
[2024-05-24T17:49:13.974+0700] {processor.py:840} INFO - DAG(s) 'example_task_group' retrieved from /mnt/d/Programming/Vietnamese-Text-Generator/airflow_env/lib/python3.10/site-packages/airflow/example_dags/example_task_group.py
[2024-05-24T17:49:14.069+0700] {logging_mixin.py:188} INFO - [2024-05-24T17:49:14.066+0700] {dag.py:3096} INFO - Sync 1 DAGs
[2024-05-24T17:49:14.165+0700] {logging_mixin.py:188} INFO - [2024-05-24T17:49:14.162+0700] {dag.py:3954} INFO - Setting next_dagrun for example_task_group to 2024-05-23 00:00:00+00:00, run_after=2024-05-24 00:00:00+00:00
[2024-05-24T17:49:14.355+0700] {processor.py:183} INFO - Processing /mnt/d/Programming/Vietnamese-Text-Generator/airflow_env/lib/python3.10/site-packages/airflow/example_dags/example_task_group.py took 0.524 seconds
[2024-05-24T17:50:16.758+0700] {processor.py:161} INFO - Started process (PID=8984) to work on /mnt/d/Programming/Vietnamese-Text-Generator/airflow_env/lib/python3.10/site-packages/airflow/example_dags/example_task_group.py
[2024-05-24T17:50:16.763+0700] {processor.py:830} INFO - Processing file /mnt/d/Programming/Vietnamese-Text-Generator/airflow_env/lib/python3.10/site-packages/airflow/example_dags/example_task_group.py for tasks to queue
[2024-05-24T17:50:16.773+0700] {logging_mixin.py:188} INFO - [2024-05-24T17:50:16.770+0700] {dagbag.py:540} INFO - Filling up the DagBag from /mnt/d/Programming/Vietnamese-Text-Generator/airflow_env/lib/python3.10/site-packages/airflow/example_dags/example_task_group.py
[2024-05-24T17:50:16.850+0700] {processor.py:840} INFO - DAG(s) 'example_task_group' retrieved from /mnt/d/Programming/Vietnamese-Text-Generator/airflow_env/lib/python3.10/site-packages/airflow/example_dags/example_task_group.py
[2024-05-24T17:50:16.947+0700] {logging_mixin.py:188} INFO - [2024-05-24T17:50:16.944+0700] {dag.py:3096} INFO - Sync 1 DAGs
[2024-05-24T17:50:17.041+0700] {logging_mixin.py:188} INFO - [2024-05-24T17:50:17.038+0700] {dag.py:3954} INFO - Setting next_dagrun for example_task_group to 2024-05-23 00:00:00+00:00, run_after=2024-05-24 00:00:00+00:00
[2024-05-24T17:50:17.271+0700] {processor.py:183} INFO - Processing /mnt/d/Programming/Vietnamese-Text-Generator/airflow_env/lib/python3.10/site-packages/airflow/example_dags/example_task_group.py took 0.556 seconds
[2024-05-24T17:51:23.964+0700] {processor.py:161} INFO - Started process (PID=9275) to work on /mnt/d/Programming/Vietnamese-Text-Generator/airflow_env/lib/python3.10/site-packages/airflow/example_dags/example_task_group.py
[2024-05-24T17:51:23.970+0700] {processor.py:830} INFO - Processing file /mnt/d/Programming/Vietnamese-Text-Generator/airflow_env/lib/python3.10/site-packages/airflow/example_dags/example_task_group.py for tasks to queue
[2024-05-24T17:51:23.984+0700] {logging_mixin.py:188} INFO - [2024-05-24T17:51:23.980+0700] {dagbag.py:540} INFO - Filling up the DagBag from /mnt/d/Programming/Vietnamese-Text-Generator/airflow_env/lib/python3.10/site-packages/airflow/example_dags/example_task_group.py
[2024-05-24T17:51:24.081+0700] {processor.py:840} INFO - DAG(s) 'example_task_group' retrieved from /mnt/d/Programming/Vietnamese-Text-Generator/airflow_env/lib/python3.10/site-packages/airflow/example_dags/example_task_group.py
[2024-05-24T17:51:24.223+0700] {logging_mixin.py:188} INFO - [2024-05-24T17:51:24.220+0700] {dag.py:3096} INFO - Sync 1 DAGs
[2024-05-24T17:51:24.317+0700] {logging_mixin.py:188} INFO - [2024-05-24T17:51:24.315+0700] {dag.py:3954} INFO - Setting next_dagrun for example_task_group to 2024-05-23 00:00:00+00:00, run_after=2024-05-24 00:00:00+00:00
[2024-05-24T17:51:24.502+0700] {processor.py:183} INFO - Processing /mnt/d/Programming/Vietnamese-Text-Generator/airflow_env/lib/python3.10/site-packages/airflow/example_dags/example_task_group.py took 0.585 seconds
[2024-05-24T17:52:35.302+0700] {processor.py:161} INFO - Started process (PID=9592) to work on /mnt/d/Programming/Vietnamese-Text-Generator/airflow_env/lib/python3.10/site-packages/airflow/example_dags/example_task_group.py
[2024-05-24T17:52:35.308+0700] {processor.py:830} INFO - Processing file /mnt/d/Programming/Vietnamese-Text-Generator/airflow_env/lib/python3.10/site-packages/airflow/example_dags/example_task_group.py for tasks to queue
[2024-05-24T17:52:35.320+0700] {logging_mixin.py:188} INFO - [2024-05-24T17:52:35.315+0700] {dagbag.py:540} INFO - Filling up the DagBag from /mnt/d/Programming/Vietnamese-Text-Generator/airflow_env/lib/python3.10/site-packages/airflow/example_dags/example_task_group.py
[2024-05-24T17:52:35.428+0700] {processor.py:840} INFO - DAG(s) 'example_task_group' retrieved from /mnt/d/Programming/Vietnamese-Text-Generator/airflow_env/lib/python3.10/site-packages/airflow/example_dags/example_task_group.py
[2024-05-24T17:52:35.531+0700] {logging_mixin.py:188} INFO - [2024-05-24T17:52:35.528+0700] {dag.py:3096} INFO - Sync 1 DAGs
[2024-05-24T17:52:35.603+0700] {logging_mixin.py:188} INFO - [2024-05-24T17:52:35.601+0700] {dag.py:3954} INFO - Setting next_dagrun for example_task_group to 2024-05-23 00:00:00+00:00, run_after=2024-05-24 00:00:00+00:00
[2024-05-24T17:52:35.731+0700] {processor.py:183} INFO - Processing /mnt/d/Programming/Vietnamese-Text-Generator/airflow_env/lib/python3.10/site-packages/airflow/example_dags/example_task_group.py took 0.473 seconds
[2024-05-24T17:53:43.214+0700] {processor.py:161} INFO - Started process (PID=9885) to work on /mnt/d/Programming/Vietnamese-Text-Generator/airflow_env/lib/python3.10/site-packages/airflow/example_dags/example_task_group.py
[2024-05-24T17:53:43.221+0700] {processor.py:830} INFO - Processing file /mnt/d/Programming/Vietnamese-Text-Generator/airflow_env/lib/python3.10/site-packages/airflow/example_dags/example_task_group.py for tasks to queue
[2024-05-24T17:53:43.234+0700] {logging_mixin.py:188} INFO - [2024-05-24T17:53:43.230+0700] {dagbag.py:540} INFO - Filling up the DagBag from /mnt/d/Programming/Vietnamese-Text-Generator/airflow_env/lib/python3.10/site-packages/airflow/example_dags/example_task_group.py
[2024-05-24T17:53:43.325+0700] {processor.py:840} INFO - DAG(s) 'example_task_group' retrieved from /mnt/d/Programming/Vietnamese-Text-Generator/airflow_env/lib/python3.10/site-packages/airflow/example_dags/example_task_group.py
[2024-05-24T17:53:43.421+0700] {logging_mixin.py:188} INFO - [2024-05-24T17:53:43.418+0700] {dag.py:3096} INFO - Sync 1 DAGs
[2024-05-24T17:53:43.526+0700] {logging_mixin.py:188} INFO - [2024-05-24T17:53:43.522+0700] {dag.py:3954} INFO - Setting next_dagrun for example_task_group to 2024-05-23 00:00:00+00:00, run_after=2024-05-24 00:00:00+00:00
[2024-05-24T17:53:43.711+0700] {processor.py:183} INFO - Processing /mnt/d/Programming/Vietnamese-Text-Generator/airflow_env/lib/python3.10/site-packages/airflow/example_dags/example_task_group.py took 0.539 seconds
[2024-05-24T17:54:52.757+0700] {processor.py:161} INFO - Started process (PID=10189) to work on /mnt/d/Programming/Vietnamese-Text-Generator/airflow_env/lib/python3.10/site-packages/airflow/example_dags/example_task_group.py
[2024-05-24T17:54:52.763+0700] {processor.py:830} INFO - Processing file /mnt/d/Programming/Vietnamese-Text-Generator/airflow_env/lib/python3.10/site-packages/airflow/example_dags/example_task_group.py for tasks to queue
[2024-05-24T17:54:52.775+0700] {logging_mixin.py:188} INFO - [2024-05-24T17:54:52.771+0700] {dagbag.py:540} INFO - Filling up the DagBag from /mnt/d/Programming/Vietnamese-Text-Generator/airflow_env/lib/python3.10/site-packages/airflow/example_dags/example_task_group.py
[2024-05-24T17:54:52.857+0700] {processor.py:840} INFO - DAG(s) 'example_task_group' retrieved from /mnt/d/Programming/Vietnamese-Text-Generator/airflow_env/lib/python3.10/site-packages/airflow/example_dags/example_task_group.py
[2024-05-24T17:54:52.947+0700] {logging_mixin.py:188} INFO - [2024-05-24T17:54:52.945+0700] {dag.py:3096} INFO - Sync 1 DAGs
[2024-05-24T17:54:53.047+0700] {logging_mixin.py:188} INFO - [2024-05-24T17:54:53.044+0700] {dag.py:3954} INFO - Setting next_dagrun for example_task_group to 2024-05-23 00:00:00+00:00, run_after=2024-05-24 00:00:00+00:00
[2024-05-24T17:54:53.236+0700] {processor.py:183} INFO - Processing /mnt/d/Programming/Vietnamese-Text-Generator/airflow_env/lib/python3.10/site-packages/airflow/example_dags/example_task_group.py took 0.522 seconds
[2024-05-24T17:56:01.111+0700] {processor.py:161} INFO - Started process (PID=10488) to work on /mnt/d/Programming/Vietnamese-Text-Generator/airflow_env/lib/python3.10/site-packages/airflow/example_dags/example_task_group.py
[2024-05-24T17:56:01.117+0700] {processor.py:830} INFO - Processing file /mnt/d/Programming/Vietnamese-Text-Generator/airflow_env/lib/python3.10/site-packages/airflow/example_dags/example_task_group.py for tasks to queue
[2024-05-24T17:56:01.129+0700] {logging_mixin.py:188} INFO - [2024-05-24T17:56:01.125+0700] {dagbag.py:540} INFO - Filling up the DagBag from /mnt/d/Programming/Vietnamese-Text-Generator/airflow_env/lib/python3.10/site-packages/airflow/example_dags/example_task_group.py
[2024-05-24T17:56:01.205+0700] {processor.py:840} INFO - DAG(s) 'example_task_group' retrieved from /mnt/d/Programming/Vietnamese-Text-Generator/airflow_env/lib/python3.10/site-packages/airflow/example_dags/example_task_group.py
[2024-05-24T17:56:01.304+0700] {logging_mixin.py:188} INFO - [2024-05-24T17:56:01.301+0700] {dag.py:3096} INFO - Sync 1 DAGs
[2024-05-24T17:56:01.418+0700] {logging_mixin.py:188} INFO - [2024-05-24T17:56:01.415+0700] {dag.py:3954} INFO - Setting next_dagrun for example_task_group to 2024-05-23 00:00:00+00:00, run_after=2024-05-24 00:00:00+00:00
[2024-05-24T17:56:01.608+0700] {processor.py:183} INFO - Processing /mnt/d/Programming/Vietnamese-Text-Generator/airflow_env/lib/python3.10/site-packages/airflow/example_dags/example_task_group.py took 0.548 seconds
[2024-05-24T17:57:11.262+0700] {processor.py:161} INFO - Started process (PID=10794) to work on /mnt/d/Programming/Vietnamese-Text-Generator/airflow_env/lib/python3.10/site-packages/airflow/example_dags/example_task_group.py
[2024-05-24T17:57:11.268+0700] {processor.py:830} INFO - Processing file /mnt/d/Programming/Vietnamese-Text-Generator/airflow_env/lib/python3.10/site-packages/airflow/example_dags/example_task_group.py for tasks to queue
[2024-05-24T17:57:11.279+0700] {logging_mixin.py:188} INFO - [2024-05-24T17:57:11.276+0700] {dagbag.py:540} INFO - Filling up the DagBag from /mnt/d/Programming/Vietnamese-Text-Generator/airflow_env/lib/python3.10/site-packages/airflow/example_dags/example_task_group.py
[2024-05-24T17:57:11.368+0700] {processor.py:840} INFO - DAG(s) 'example_task_group' retrieved from /mnt/d/Programming/Vietnamese-Text-Generator/airflow_env/lib/python3.10/site-packages/airflow/example_dags/example_task_group.py
[2024-05-24T17:57:11.466+0700] {logging_mixin.py:188} INFO - [2024-05-24T17:57:11.463+0700] {dag.py:3096} INFO - Sync 1 DAGs
[2024-05-24T17:57:11.566+0700] {logging_mixin.py:188} INFO - [2024-05-24T17:57:11.563+0700] {dag.py:3954} INFO - Setting next_dagrun for example_task_group to 2024-05-23 00:00:00+00:00, run_after=2024-05-24 00:00:00+00:00
[2024-05-24T17:57:11.756+0700] {processor.py:183} INFO - Processing /mnt/d/Programming/Vietnamese-Text-Generator/airflow_env/lib/python3.10/site-packages/airflow/example_dags/example_task_group.py took 0.540 seconds
[2024-05-24T17:58:21.685+0700] {processor.py:161} INFO - Started process (PID=11099) to work on /mnt/d/Programming/Vietnamese-Text-Generator/airflow_env/lib/python3.10/site-packages/airflow/example_dags/example_task_group.py
[2024-05-24T17:58:21.692+0700] {processor.py:830} INFO - Processing file /mnt/d/Programming/Vietnamese-Text-Generator/airflow_env/lib/python3.10/site-packages/airflow/example_dags/example_task_group.py for tasks to queue
[2024-05-24T17:58:21.706+0700] {logging_mixin.py:188} INFO - [2024-05-24T17:58:21.703+0700] {dagbag.py:540} INFO - Filling up the DagBag from /mnt/d/Programming/Vietnamese-Text-Generator/airflow_env/lib/python3.10/site-packages/airflow/example_dags/example_task_group.py
[2024-05-24T17:58:21.780+0700] {processor.py:840} INFO - DAG(s) 'example_task_group' retrieved from /mnt/d/Programming/Vietnamese-Text-Generator/airflow_env/lib/python3.10/site-packages/airflow/example_dags/example_task_group.py
[2024-05-24T17:58:21.867+0700] {logging_mixin.py:188} INFO - [2024-05-24T17:58:21.864+0700] {dag.py:3096} INFO - Sync 1 DAGs
[2024-05-24T17:58:21.958+0700] {logging_mixin.py:188} INFO - [2024-05-24T17:58:21.955+0700] {dag.py:3954} INFO - Setting next_dagrun for example_task_group to 2024-05-23 00:00:00+00:00, run_after=2024-05-24 00:00:00+00:00
[2024-05-24T17:58:22.150+0700] {processor.py:183} INFO - Processing /mnt/d/Programming/Vietnamese-Text-Generator/airflow_env/lib/python3.10/site-packages/airflow/example_dags/example_task_group.py took 0.502 seconds
[2024-05-24T17:59:28.538+0700] {processor.py:161} INFO - Started process (PID=11390) to work on /mnt/d/Programming/Vietnamese-Text-Generator/airflow_env/lib/python3.10/site-packages/airflow/example_dags/example_task_group.py
[2024-05-24T17:59:28.544+0700] {processor.py:830} INFO - Processing file /mnt/d/Programming/Vietnamese-Text-Generator/airflow_env/lib/python3.10/site-packages/airflow/example_dags/example_task_group.py for tasks to queue
[2024-05-24T17:59:28.554+0700] {logging_mixin.py:188} INFO - [2024-05-24T17:59:28.551+0700] {dagbag.py:540} INFO - Filling up the DagBag from /mnt/d/Programming/Vietnamese-Text-Generator/airflow_env/lib/python3.10/site-packages/airflow/example_dags/example_task_group.py
[2024-05-24T17:59:28.632+0700] {processor.py:840} INFO - DAG(s) 'example_task_group' retrieved from /mnt/d/Programming/Vietnamese-Text-Generator/airflow_env/lib/python3.10/site-packages/airflow/example_dags/example_task_group.py
[2024-05-24T17:59:28.720+0700] {logging_mixin.py:188} INFO - [2024-05-24T17:59:28.717+0700] {dag.py:3096} INFO - Sync 1 DAGs
[2024-05-24T17:59:28.812+0700] {logging_mixin.py:188} INFO - [2024-05-24T17:59:28.809+0700] {dag.py:3954} INFO - Setting next_dagrun for example_task_group to 2024-05-23 00:00:00+00:00, run_after=2024-05-24 00:00:00+00:00
[2024-05-24T17:59:28.983+0700] {processor.py:183} INFO - Processing /mnt/d/Programming/Vietnamese-Text-Generator/airflow_env/lib/python3.10/site-packages/airflow/example_dags/example_task_group.py took 0.491 seconds
[2024-05-24T18:00:35.607+0700] {processor.py:161} INFO - Started process (PID=11681) to work on /mnt/d/Programming/Vietnamese-Text-Generator/airflow_env/lib/python3.10/site-packages/airflow/example_dags/example_task_group.py
[2024-05-24T18:00:35.613+0700] {processor.py:830} INFO - Processing file /mnt/d/Programming/Vietnamese-Text-Generator/airflow_env/lib/python3.10/site-packages/airflow/example_dags/example_task_group.py for tasks to queue
[2024-05-24T18:00:35.631+0700] {logging_mixin.py:188} INFO - [2024-05-24T18:00:35.624+0700] {dagbag.py:540} INFO - Filling up the DagBag from /mnt/d/Programming/Vietnamese-Text-Generator/airflow_env/lib/python3.10/site-packages/airflow/example_dags/example_task_group.py
[2024-05-24T18:00:35.720+0700] {processor.py:840} INFO - DAG(s) 'example_task_group' retrieved from /mnt/d/Programming/Vietnamese-Text-Generator/airflow_env/lib/python3.10/site-packages/airflow/example_dags/example_task_group.py
[2024-05-24T18:00:35.820+0700] {logging_mixin.py:188} INFO - [2024-05-24T18:00:35.817+0700] {dag.py:3096} INFO - Sync 1 DAGs
[2024-05-24T18:00:35.926+0700] {logging_mixin.py:188} INFO - [2024-05-24T18:00:35.923+0700] {dag.py:3954} INFO - Setting next_dagrun for example_task_group to 2024-05-23 00:00:00+00:00, run_after=2024-05-24 00:00:00+00:00
[2024-05-24T18:00:36.110+0700] {processor.py:183} INFO - Processing /mnt/d/Programming/Vietnamese-Text-Generator/airflow_env/lib/python3.10/site-packages/airflow/example_dags/example_task_group.py took 0.547 seconds
[2024-05-24T18:01:47.206+0700] {processor.py:161} INFO - Started process (PID=11994) to work on /mnt/d/Programming/Vietnamese-Text-Generator/airflow_env/lib/python3.10/site-packages/airflow/example_dags/example_task_group.py
[2024-05-24T18:01:47.215+0700] {processor.py:830} INFO - Processing file /mnt/d/Programming/Vietnamese-Text-Generator/airflow_env/lib/python3.10/site-packages/airflow/example_dags/example_task_group.py for tasks to queue
[2024-05-24T18:01:47.228+0700] {logging_mixin.py:188} INFO - [2024-05-24T18:01:47.224+0700] {dagbag.py:540} INFO - Filling up the DagBag from /mnt/d/Programming/Vietnamese-Text-Generator/airflow_env/lib/python3.10/site-packages/airflow/example_dags/example_task_group.py
[2024-05-24T18:01:47.329+0700] {processor.py:840} INFO - DAG(s) 'example_task_group' retrieved from /mnt/d/Programming/Vietnamese-Text-Generator/airflow_env/lib/python3.10/site-packages/airflow/example_dags/example_task_group.py
[2024-05-24T18:01:47.435+0700] {logging_mixin.py:188} INFO - [2024-05-24T18:01:47.432+0700] {dag.py:3096} INFO - Sync 1 DAGs
[2024-05-24T18:01:47.598+0700] {logging_mixin.py:188} INFO - [2024-05-24T18:01:47.595+0700] {dag.py:3954} INFO - Setting next_dagrun for example_task_group to 2024-05-23 00:00:00+00:00, run_after=2024-05-24 00:00:00+00:00
[2024-05-24T18:01:47.697+0700] {processor.py:183} INFO - Processing /mnt/d/Programming/Vietnamese-Text-Generator/airflow_env/lib/python3.10/site-packages/airflow/example_dags/example_task_group.py took 0.534 seconds
[2024-05-24T18:02:54.789+0700] {processor.py:161} INFO - Started process (PID=12292) to work on /mnt/d/Programming/Vietnamese-Text-Generator/airflow_env/lib/python3.10/site-packages/airflow/example_dags/example_task_group.py
[2024-05-24T18:02:54.793+0700] {processor.py:830} INFO - Processing file /mnt/d/Programming/Vietnamese-Text-Generator/airflow_env/lib/python3.10/site-packages/airflow/example_dags/example_task_group.py for tasks to queue
[2024-05-24T18:02:54.799+0700] {logging_mixin.py:188} INFO - [2024-05-24T18:02:54.798+0700] {dagbag.py:540} INFO - Filling up the DagBag from /mnt/d/Programming/Vietnamese-Text-Generator/airflow_env/lib/python3.10/site-packages/airflow/example_dags/example_task_group.py
[2024-05-24T18:02:54.831+0700] {processor.py:840} INFO - DAG(s) 'example_task_group' retrieved from /mnt/d/Programming/Vietnamese-Text-Generator/airflow_env/lib/python3.10/site-packages/airflow/example_dags/example_task_group.py
[2024-05-24T18:02:54.886+0700] {logging_mixin.py:188} INFO - [2024-05-24T18:02:54.884+0700] {dag.py:3096} INFO - Sync 1 DAGs
[2024-05-24T18:02:54.998+0700] {logging_mixin.py:188} INFO - [2024-05-24T18:02:54.995+0700] {dag.py:3954} INFO - Setting next_dagrun for example_task_group to 2024-05-23 00:00:00+00:00, run_after=2024-05-24 00:00:00+00:00
[2024-05-24T18:02:55.098+0700] {processor.py:183} INFO - Processing /mnt/d/Programming/Vietnamese-Text-Generator/airflow_env/lib/python3.10/site-packages/airflow/example_dags/example_task_group.py took 0.333 seconds
[2024-05-24T18:04:07.628+0700] {processor.py:161} INFO - Started process (PID=12609) to work on /mnt/d/Programming/Vietnamese-Text-Generator/airflow_env/lib/python3.10/site-packages/airflow/example_dags/example_task_group.py
[2024-05-24T18:04:07.635+0700] {processor.py:830} INFO - Processing file /mnt/d/Programming/Vietnamese-Text-Generator/airflow_env/lib/python3.10/site-packages/airflow/example_dags/example_task_group.py for tasks to queue
[2024-05-24T18:04:07.647+0700] {logging_mixin.py:188} INFO - [2024-05-24T18:04:07.643+0700] {dagbag.py:540} INFO - Filling up the DagBag from /mnt/d/Programming/Vietnamese-Text-Generator/airflow_env/lib/python3.10/site-packages/airflow/example_dags/example_task_group.py
[2024-05-24T18:04:07.733+0700] {processor.py:840} INFO - DAG(s) 'example_task_group' retrieved from /mnt/d/Programming/Vietnamese-Text-Generator/airflow_env/lib/python3.10/site-packages/airflow/example_dags/example_task_group.py
[2024-05-24T18:04:07.820+0700] {logging_mixin.py:188} INFO - [2024-05-24T18:04:07.818+0700] {dag.py:3096} INFO - Sync 1 DAGs
[2024-05-24T18:04:07.908+0700] {logging_mixin.py:188} INFO - [2024-05-24T18:04:07.905+0700] {dag.py:3954} INFO - Setting next_dagrun for example_task_group to 2024-05-23 00:00:00+00:00, run_after=2024-05-24 00:00:00+00:00
[2024-05-24T18:04:08.086+0700] {processor.py:183} INFO - Processing /mnt/d/Programming/Vietnamese-Text-Generator/airflow_env/lib/python3.10/site-packages/airflow/example_dags/example_task_group.py took 0.507 seconds
[2024-05-24T18:05:18.699+0700] {processor.py:161} INFO - Started process (PID=12918) to work on /mnt/d/Programming/Vietnamese-Text-Generator/airflow_env/lib/python3.10/site-packages/airflow/example_dags/example_task_group.py
[2024-05-24T18:05:18.705+0700] {processor.py:830} INFO - Processing file /mnt/d/Programming/Vietnamese-Text-Generator/airflow_env/lib/python3.10/site-packages/airflow/example_dags/example_task_group.py for tasks to queue
[2024-05-24T18:05:18.719+0700] {logging_mixin.py:188} INFO - [2024-05-24T18:05:18.715+0700] {dagbag.py:540} INFO - Filling up the DagBag from /mnt/d/Programming/Vietnamese-Text-Generator/airflow_env/lib/python3.10/site-packages/airflow/example_dags/example_task_group.py
[2024-05-24T18:05:18.812+0700] {processor.py:840} INFO - DAG(s) 'example_task_group' retrieved from /mnt/d/Programming/Vietnamese-Text-Generator/airflow_env/lib/python3.10/site-packages/airflow/example_dags/example_task_group.py
[2024-05-24T18:05:18.920+0700] {logging_mixin.py:188} INFO - [2024-05-24T18:05:18.917+0700] {dag.py:3096} INFO - Sync 1 DAGs
[2024-05-24T18:05:19.025+0700] {logging_mixin.py:188} INFO - [2024-05-24T18:05:19.022+0700] {dag.py:3954} INFO - Setting next_dagrun for example_task_group to 2024-05-23 00:00:00+00:00, run_after=2024-05-24 00:00:00+00:00
[2024-05-24T18:05:19.214+0700] {processor.py:183} INFO - Processing /mnt/d/Programming/Vietnamese-Text-Generator/airflow_env/lib/python3.10/site-packages/airflow/example_dags/example_task_group.py took 0.562 seconds
