[2024-05-24T17:02:49.535+0700] {processor.py:161} INFO - Started process (PID=2092) to work on /mnt/d/Programming/Vietnamese-Text-Generator/airflow_env/lib/python3.10/site-packages/airflow/example_dags/example_branch_operator.py
[2024-05-24T17:02:49.541+0700] {processor.py:830} INFO - Processing file /mnt/d/Programming/Vietnamese-Text-Generator/airflow_env/lib/python3.10/site-packages/airflow/example_dags/example_branch_operator.py for tasks to queue
[2024-05-24T17:02:49.555+0700] {logging_mixin.py:188} INFO - [2024-05-24T17:02:49.551+0700] {dagbag.py:540} INFO - Filling up the DagBag from /mnt/d/Programming/Vietnamese-Text-Generator/airflow_env/lib/python3.10/site-packages/airflow/example_dags/example_branch_operator.py
[2024-05-24T17:02:49.820+0700] {processor.py:840} INFO - DAG(s) 'example_branch_operator' retrieved from /mnt/d/Programming/Vietnamese-Text-Generator/airflow_env/lib/python3.10/site-packages/airflow/example_dags/example_branch_operator.py
[2024-05-24T17:02:52.428+0700] {logging_mixin.py:188} INFO - [2024-05-24T17:02:52.426+0700] {dag.py:3096} INFO - Sync 1 DAGs
[2024-05-24T17:02:52.476+0700] {logging_mixin.py:188} INFO - [2024-05-24T17:02:52.474+0700] {dag.py:3954} INFO - Setting next_dagrun for example_branch_operator to 2024-05-23 00:00:00+00:00, run_after=2024-05-24 00:00:00+00:00
[2024-05-24T17:02:52.601+0700] {processor.py:183} INFO - Processing /mnt/d/Programming/Vietnamese-Text-Generator/airflow_env/lib/python3.10/site-packages/airflow/example_dags/example_branch_operator.py took 3.111 seconds
[2024-05-24T17:05:17.423+0700] {processor.py:161} INFO - Started process (PID=2739) to work on /mnt/d/Programming/Vietnamese-Text-Generator/airflow_env/lib/python3.10/site-packages/airflow/example_dags/example_branch_operator.py
[2024-05-24T17:05:17.429+0700] {processor.py:830} INFO - Processing file /mnt/d/Programming/Vietnamese-Text-Generator/airflow_env/lib/python3.10/site-packages/airflow/example_dags/example_branch_operator.py for tasks to queue
[2024-05-24T17:05:17.439+0700] {logging_mixin.py:188} INFO - [2024-05-24T17:05:17.436+0700] {dagbag.py:540} INFO - Filling up the DagBag from /mnt/d/Programming/Vietnamese-Text-Generator/airflow_env/lib/python3.10/site-packages/airflow/example_dags/example_branch_operator.py
[2024-05-24T17:05:17.599+0700] {processor.py:840} INFO - DAG(s) 'example_branch_operator' retrieved from /mnt/d/Programming/Vietnamese-Text-Generator/airflow_env/lib/python3.10/site-packages/airflow/example_dags/example_branch_operator.py
[2024-05-24T17:05:17.709+0700] {logging_mixin.py:188} INFO - [2024-05-24T17:05:17.706+0700] {dag.py:3096} INFO - Sync 1 DAGs
[2024-05-24T17:05:17.829+0700] {logging_mixin.py:188} INFO - [2024-05-24T17:05:17.825+0700] {dag.py:3954} INFO - Setting next_dagrun for example_branch_operator to 2024-05-23 00:00:00+00:00, run_after=2024-05-24 00:00:00+00:00
[2024-05-24T17:05:18.013+0700] {processor.py:183} INFO - Processing /mnt/d/Programming/Vietnamese-Text-Generator/airflow_env/lib/python3.10/site-packages/airflow/example_dags/example_branch_operator.py took 0.640 seconds
[2024-05-24T17:07:32.246+0700] {processor.py:161} INFO - Started process (PID=3405) to work on /mnt/d/Programming/Vietnamese-Text-Generator/airflow_env/lib/python3.10/site-packages/airflow/example_dags/example_branch_operator.py
[2024-05-24T17:07:32.252+0700] {processor.py:830} INFO - Processing file /mnt/d/Programming/Vietnamese-Text-Generator/airflow_env/lib/python3.10/site-packages/airflow/example_dags/example_branch_operator.py for tasks to queue
[2024-05-24T17:07:32.265+0700] {logging_mixin.py:188} INFO - [2024-05-24T17:07:32.262+0700] {dagbag.py:540} INFO - Filling up the DagBag from /mnt/d/Programming/Vietnamese-Text-Generator/airflow_env/lib/python3.10/site-packages/airflow/example_dags/example_branch_operator.py
[2024-05-24T17:07:32.434+0700] {processor.py:840} INFO - DAG(s) 'example_branch_operator' retrieved from /mnt/d/Programming/Vietnamese-Text-Generator/airflow_env/lib/python3.10/site-packages/airflow/example_dags/example_branch_operator.py
[2024-05-24T17:07:32.557+0700] {logging_mixin.py:188} INFO - [2024-05-24T17:07:32.554+0700] {dag.py:3096} INFO - Sync 1 DAGs
[2024-05-24T17:07:32.666+0700] {logging_mixin.py:188} INFO - [2024-05-24T17:07:32.653+0700] {dag.py:3954} INFO - Setting next_dagrun for example_branch_operator to 2024-05-23 00:00:00+00:00, run_after=2024-05-24 00:00:00+00:00
[2024-05-24T17:07:32.768+0700] {processor.py:183} INFO - Processing /mnt/d/Programming/Vietnamese-Text-Generator/airflow_env/lib/python3.10/site-packages/airflow/example_dags/example_branch_operator.py took 0.572 seconds
[2024-05-24T17:09:46.044+0700] {processor.py:161} INFO - Started process (PID=3989) to work on /mnt/d/Programming/Vietnamese-Text-Generator/airflow_env/lib/python3.10/site-packages/airflow/example_dags/example_branch_operator.py
[2024-05-24T17:09:46.051+0700] {processor.py:830} INFO - Processing file /mnt/d/Programming/Vietnamese-Text-Generator/airflow_env/lib/python3.10/site-packages/airflow/example_dags/example_branch_operator.py for tasks to queue
[2024-05-24T17:09:46.065+0700] {logging_mixin.py:188} INFO - [2024-05-24T17:09:46.061+0700] {dagbag.py:540} INFO - Filling up the DagBag from /mnt/d/Programming/Vietnamese-Text-Generator/airflow_env/lib/python3.10/site-packages/airflow/example_dags/example_branch_operator.py
[2024-05-24T17:09:46.262+0700] {processor.py:840} INFO - DAG(s) 'example_branch_operator' retrieved from /mnt/d/Programming/Vietnamese-Text-Generator/airflow_env/lib/python3.10/site-packages/airflow/example_dags/example_branch_operator.py
[2024-05-24T17:09:46.432+0700] {logging_mixin.py:188} INFO - [2024-05-24T17:09:46.430+0700] {dag.py:3096} INFO - Sync 1 DAGs
[2024-05-24T17:09:46.472+0700] {logging_mixin.py:188} INFO - [2024-05-24T17:09:46.471+0700] {dag.py:3954} INFO - Setting next_dagrun for example_branch_operator to 2024-05-23 00:00:00+00:00, run_after=2024-05-24 00:00:00+00:00
[2024-05-24T17:09:46.568+0700] {processor.py:183} INFO - Processing /mnt/d/Programming/Vietnamese-Text-Generator/airflow_env/lib/python3.10/site-packages/airflow/example_dags/example_branch_operator.py took 0.569 seconds
[2024-05-24T17:12:07.489+0700] {processor.py:161} INFO - Started process (PID=4609) to work on /mnt/d/Programming/Vietnamese-Text-Generator/airflow_env/lib/python3.10/site-packages/airflow/example_dags/example_branch_operator.py
[2024-05-24T17:12:07.496+0700] {processor.py:830} INFO - Processing file /mnt/d/Programming/Vietnamese-Text-Generator/airflow_env/lib/python3.10/site-packages/airflow/example_dags/example_branch_operator.py for tasks to queue
[2024-05-24T17:12:07.507+0700] {logging_mixin.py:188} INFO - [2024-05-24T17:12:07.503+0700] {dagbag.py:540} INFO - Filling up the DagBag from /mnt/d/Programming/Vietnamese-Text-Generator/airflow_env/lib/python3.10/site-packages/airflow/example_dags/example_branch_operator.py
[2024-05-24T17:12:07.701+0700] {processor.py:840} INFO - DAG(s) 'example_branch_operator' retrieved from /mnt/d/Programming/Vietnamese-Text-Generator/airflow_env/lib/python3.10/site-packages/airflow/example_dags/example_branch_operator.py
[2024-05-24T17:12:07.838+0700] {logging_mixin.py:188} INFO - [2024-05-24T17:12:07.834+0700] {dag.py:3096} INFO - Sync 1 DAGs
[2024-05-24T17:12:07.919+0700] {logging_mixin.py:188} INFO - [2024-05-24T17:12:07.916+0700] {dag.py:3954} INFO - Setting next_dagrun for example_branch_operator to 2024-05-23 00:00:00+00:00, run_after=2024-05-24 00:00:00+00:00
[2024-05-24T17:12:08.118+0700] {processor.py:183} INFO - Processing /mnt/d/Programming/Vietnamese-Text-Generator/airflow_env/lib/python3.10/site-packages/airflow/example_dags/example_branch_operator.py took 0.673 seconds
[2024-05-24T17:14:22.147+0700] {processor.py:161} INFO - Started process (PID=5198) to work on /mnt/d/Programming/Vietnamese-Text-Generator/airflow_env/lib/python3.10/site-packages/airflow/example_dags/example_branch_operator.py
[2024-05-24T17:14:22.154+0700] {processor.py:830} INFO - Processing file /mnt/d/Programming/Vietnamese-Text-Generator/airflow_env/lib/python3.10/site-packages/airflow/example_dags/example_branch_operator.py for tasks to queue
[2024-05-24T17:14:22.166+0700] {logging_mixin.py:188} INFO - [2024-05-24T17:14:22.162+0700] {dagbag.py:540} INFO - Filling up the DagBag from /mnt/d/Programming/Vietnamese-Text-Generator/airflow_env/lib/python3.10/site-packages/airflow/example_dags/example_branch_operator.py
[2024-05-24T17:14:22.371+0700] {processor.py:840} INFO - DAG(s) 'example_branch_operator' retrieved from /mnt/d/Programming/Vietnamese-Text-Generator/airflow_env/lib/python3.10/site-packages/airflow/example_dags/example_branch_operator.py
[2024-05-24T17:14:22.500+0700] {logging_mixin.py:188} INFO - [2024-05-24T17:14:22.497+0700] {dag.py:3096} INFO - Sync 1 DAGs
[2024-05-24T17:14:22.583+0700] {logging_mixin.py:188} INFO - [2024-05-24T17:14:22.579+0700] {dag.py:3954} INFO - Setting next_dagrun for example_branch_operator to 2024-05-23 00:00:00+00:00, run_after=2024-05-24 00:00:00+00:00
[2024-05-24T17:14:22.776+0700] {processor.py:183} INFO - Processing /mnt/d/Programming/Vietnamese-Text-Generator/airflow_env/lib/python3.10/site-packages/airflow/example_dags/example_branch_operator.py took 0.678 seconds
[2024-05-24T17:16:44.557+0700] {processor.py:161} INFO - Started process (PID=5818) to work on /mnt/d/Programming/Vietnamese-Text-Generator/airflow_env/lib/python3.10/site-packages/airflow/example_dags/example_branch_operator.py
[2024-05-24T17:16:44.565+0700] {processor.py:830} INFO - Processing file /mnt/d/Programming/Vietnamese-Text-Generator/airflow_env/lib/python3.10/site-packages/airflow/example_dags/example_branch_operator.py for tasks to queue
[2024-05-24T17:16:44.579+0700] {logging_mixin.py:188} INFO - [2024-05-24T17:16:44.575+0700] {dagbag.py:540} INFO - Filling up the DagBag from /mnt/d/Programming/Vietnamese-Text-Generator/airflow_env/lib/python3.10/site-packages/airflow/example_dags/example_branch_operator.py
[2024-05-24T17:16:44.796+0700] {processor.py:840} INFO - DAG(s) 'example_branch_operator' retrieved from /mnt/d/Programming/Vietnamese-Text-Generator/airflow_env/lib/python3.10/site-packages/airflow/example_dags/example_branch_operator.py
[2024-05-24T17:16:44.920+0700] {logging_mixin.py:188} INFO - [2024-05-24T17:16:44.917+0700] {dag.py:3096} INFO - Sync 1 DAGs
[2024-05-24T17:16:45.007+0700] {logging_mixin.py:188} INFO - [2024-05-24T17:16:45.004+0700] {dag.py:3954} INFO - Setting next_dagrun for example_branch_operator to 2024-05-23 00:00:00+00:00, run_after=2024-05-24 00:00:00+00:00
[2024-05-24T17:16:45.219+0700] {processor.py:183} INFO - Processing /mnt/d/Programming/Vietnamese-Text-Generator/airflow_env/lib/python3.10/site-packages/airflow/example_dags/example_branch_operator.py took 0.712 seconds
[2024-05-24T17:19:05.938+0700] {processor.py:161} INFO - Started process (PID=6440) to work on /mnt/d/Programming/Vietnamese-Text-Generator/airflow_env/lib/python3.10/site-packages/airflow/example_dags/example_branch_operator.py
[2024-05-24T17:19:05.940+0700] {processor.py:830} INFO - Processing file /mnt/d/Programming/Vietnamese-Text-Generator/airflow_env/lib/python3.10/site-packages/airflow/example_dags/example_branch_operator.py for tasks to queue
[2024-05-24T17:19:05.944+0700] {logging_mixin.py:188} INFO - [2024-05-24T17:19:05.943+0700] {dagbag.py:540} INFO - Filling up the DagBag from /mnt/d/Programming/Vietnamese-Text-Generator/airflow_env/lib/python3.10/site-packages/airflow/example_dags/example_branch_operator.py
[2024-05-24T17:19:06.023+0700] {processor.py:840} INFO - DAG(s) 'example_branch_operator' retrieved from /mnt/d/Programming/Vietnamese-Text-Generator/airflow_env/lib/python3.10/site-packages/airflow/example_dags/example_branch_operator.py
[2024-05-24T17:19:06.085+0700] {logging_mixin.py:188} INFO - [2024-05-24T17:19:06.084+0700] {dag.py:3096} INFO - Sync 1 DAGs
[2024-05-24T17:19:06.116+0700] {logging_mixin.py:188} INFO - [2024-05-24T17:19:06.115+0700] {dag.py:3954} INFO - Setting next_dagrun for example_branch_operator to 2024-05-23 00:00:00+00:00, run_after=2024-05-24 00:00:00+00:00
[2024-05-24T17:19:06.190+0700] {processor.py:183} INFO - Processing /mnt/d/Programming/Vietnamese-Text-Generator/airflow_env/lib/python3.10/site-packages/airflow/example_dags/example_branch_operator.py took 0.324 seconds
[2024-05-24T17:21:21.380+0700] {processor.py:161} INFO - Started process (PID=7032) to work on /mnt/d/Programming/Vietnamese-Text-Generator/airflow_env/lib/python3.10/site-packages/airflow/example_dags/example_branch_operator.py
[2024-05-24T17:21:21.390+0700] {processor.py:830} INFO - Processing file /mnt/d/Programming/Vietnamese-Text-Generator/airflow_env/lib/python3.10/site-packages/airflow/example_dags/example_branch_operator.py for tasks to queue
[2024-05-24T17:21:21.409+0700] {logging_mixin.py:188} INFO - [2024-05-24T17:21:21.401+0700] {dagbag.py:540} INFO - Filling up the DagBag from /mnt/d/Programming/Vietnamese-Text-Generator/airflow_env/lib/python3.10/site-packages/airflow/example_dags/example_branch_operator.py
[2024-05-24T17:21:21.614+0700] {processor.py:840} INFO - DAG(s) 'example_branch_operator' retrieved from /mnt/d/Programming/Vietnamese-Text-Generator/airflow_env/lib/python3.10/site-packages/airflow/example_dags/example_branch_operator.py
[2024-05-24T17:21:21.767+0700] {logging_mixin.py:188} INFO - [2024-05-24T17:21:21.763+0700] {dag.py:3096} INFO - Sync 1 DAGs
[2024-05-24T17:21:21.870+0700] {logging_mixin.py:188} INFO - [2024-05-24T17:21:21.868+0700] {dag.py:3954} INFO - Setting next_dagrun for example_branch_operator to 2024-05-23 00:00:00+00:00, run_after=2024-05-24 00:00:00+00:00
[2024-05-24T17:21:22.050+0700] {processor.py:183} INFO - Processing /mnt/d/Programming/Vietnamese-Text-Generator/airflow_env/lib/python3.10/site-packages/airflow/example_dags/example_branch_operator.py took 0.729 seconds
[2024-05-24T17:23:34.114+0700] {processor.py:161} INFO - Started process (PID=7612) to work on /mnt/d/Programming/Vietnamese-Text-Generator/airflow_env/lib/python3.10/site-packages/airflow/example_dags/example_branch_operator.py
[2024-05-24T17:23:34.116+0700] {processor.py:830} INFO - Processing file /mnt/d/Programming/Vietnamese-Text-Generator/airflow_env/lib/python3.10/site-packages/airflow/example_dags/example_branch_operator.py for tasks to queue
[2024-05-24T17:23:34.121+0700] {logging_mixin.py:188} INFO - [2024-05-24T17:23:34.120+0700] {dagbag.py:540} INFO - Filling up the DagBag from /mnt/d/Programming/Vietnamese-Text-Generator/airflow_env/lib/python3.10/site-packages/airflow/example_dags/example_branch_operator.py
[2024-05-24T17:23:34.193+0700] {processor.py:840} INFO - DAG(s) 'example_branch_operator' retrieved from /mnt/d/Programming/Vietnamese-Text-Generator/airflow_env/lib/python3.10/site-packages/airflow/example_dags/example_branch_operator.py
[2024-05-24T17:23:34.231+0700] {logging_mixin.py:188} INFO - [2024-05-24T17:23:34.231+0700] {dag.py:3096} INFO - Sync 1 DAGs
[2024-05-24T17:23:34.275+0700] {logging_mixin.py:188} INFO - [2024-05-24T17:23:34.272+0700] {dag.py:3954} INFO - Setting next_dagrun for example_branch_operator to 2024-05-23 00:00:00+00:00, run_after=2024-05-24 00:00:00+00:00
[2024-05-24T17:23:34.409+0700] {processor.py:183} INFO - Processing /mnt/d/Programming/Vietnamese-Text-Generator/airflow_env/lib/python3.10/site-packages/airflow/example_dags/example_branch_operator.py took 0.310 seconds
[2024-05-24T17:47:15.564+0700] {processor.py:161} INFO - Started process (PID=8169) to work on /mnt/d/Programming/Vietnamese-Text-Generator/airflow_env/lib/python3.10/site-packages/airflow/example_dags/example_branch_operator.py
[2024-05-24T17:47:15.566+0700] {processor.py:830} INFO - Processing file /mnt/d/Programming/Vietnamese-Text-Generator/airflow_env/lib/python3.10/site-packages/airflow/example_dags/example_branch_operator.py for tasks to queue
[2024-05-24T17:47:15.570+0700] {logging_mixin.py:188} INFO - [2024-05-24T17:47:15.569+0700] {dagbag.py:540} INFO - Filling up the DagBag from /mnt/d/Programming/Vietnamese-Text-Generator/airflow_env/lib/python3.10/site-packages/airflow/example_dags/example_branch_operator.py
[2024-05-24T17:47:15.618+0700] {processor.py:840} INFO - DAG(s) 'example_branch_operator' retrieved from /mnt/d/Programming/Vietnamese-Text-Generator/airflow_env/lib/python3.10/site-packages/airflow/example_dags/example_branch_operator.py
[2024-05-24T17:47:15.657+0700] {logging_mixin.py:188} INFO - [2024-05-24T17:47:15.656+0700] {dag.py:3096} INFO - Sync 1 DAGs
[2024-05-24T17:47:15.684+0700] {logging_mixin.py:188} INFO - [2024-05-24T17:47:15.683+0700] {dag.py:3954} INFO - Setting next_dagrun for example_branch_operator to 2024-05-23 00:00:00+00:00, run_after=2024-05-24 00:00:00+00:00
[2024-05-24T17:47:15.742+0700] {processor.py:183} INFO - Processing /mnt/d/Programming/Vietnamese-Text-Generator/airflow_env/lib/python3.10/site-packages/airflow/example_dags/example_branch_operator.py took 0.189 seconds
[2024-05-24T17:48:35.679+0700] {processor.py:161} INFO - Started process (PID=8539) to work on /mnt/d/Programming/Vietnamese-Text-Generator/airflow_env/lib/python3.10/site-packages/airflow/example_dags/example_branch_operator.py
[2024-05-24T17:48:35.686+0700] {processor.py:830} INFO - Processing file /mnt/d/Programming/Vietnamese-Text-Generator/airflow_env/lib/python3.10/site-packages/airflow/example_dags/example_branch_operator.py for tasks to queue
[2024-05-24T17:48:35.699+0700] {logging_mixin.py:188} INFO - [2024-05-24T17:48:35.695+0700] {dagbag.py:540} INFO - Filling up the DagBag from /mnt/d/Programming/Vietnamese-Text-Generator/airflow_env/lib/python3.10/site-packages/airflow/example_dags/example_branch_operator.py
[2024-05-24T17:48:35.879+0700] {processor.py:840} INFO - DAG(s) 'example_branch_operator' retrieved from /mnt/d/Programming/Vietnamese-Text-Generator/airflow_env/lib/python3.10/site-packages/airflow/example_dags/example_branch_operator.py
[2024-05-24T17:48:35.924+0700] {logging_mixin.py:188} INFO - [2024-05-24T17:48:35.923+0700] {dag.py:3096} INFO - Sync 1 DAGs
[2024-05-24T17:48:35.956+0700] {logging_mixin.py:188} INFO - [2024-05-24T17:48:35.954+0700] {dag.py:3954} INFO - Setting next_dagrun for example_branch_operator to 2024-05-23 00:00:00+00:00, run_after=2024-05-24 00:00:00+00:00
[2024-05-24T17:48:36.099+0700] {processor.py:183} INFO - Processing /mnt/d/Programming/Vietnamese-Text-Generator/airflow_env/lib/python3.10/site-packages/airflow/example_dags/example_branch_operator.py took 0.469 seconds
[2024-05-24T17:50:43.199+0700] {processor.py:161} INFO - Started process (PID=9096) to work on /mnt/d/Programming/Vietnamese-Text-Generator/airflow_env/lib/python3.10/site-packages/airflow/example_dags/example_branch_operator.py
[2024-05-24T17:50:43.205+0700] {processor.py:830} INFO - Processing file /mnt/d/Programming/Vietnamese-Text-Generator/airflow_env/lib/python3.10/site-packages/airflow/example_dags/example_branch_operator.py for tasks to queue
[2024-05-24T17:50:43.216+0700] {logging_mixin.py:188} INFO - [2024-05-24T17:50:43.213+0700] {dagbag.py:540} INFO - Filling up the DagBag from /mnt/d/Programming/Vietnamese-Text-Generator/airflow_env/lib/python3.10/site-packages/airflow/example_dags/example_branch_operator.py
[2024-05-24T17:50:43.372+0700] {processor.py:840} INFO - DAG(s) 'example_branch_operator' retrieved from /mnt/d/Programming/Vietnamese-Text-Generator/airflow_env/lib/python3.10/site-packages/airflow/example_dags/example_branch_operator.py
[2024-05-24T17:50:43.484+0700] {logging_mixin.py:188} INFO - [2024-05-24T17:50:43.481+0700] {dag.py:3096} INFO - Sync 1 DAGs
[2024-05-24T17:50:43.564+0700] {logging_mixin.py:188} INFO - [2024-05-24T17:50:43.562+0700] {dag.py:3954} INFO - Setting next_dagrun for example_branch_operator to 2024-05-23 00:00:00+00:00, run_after=2024-05-24 00:00:00+00:00
[2024-05-24T17:50:43.756+0700] {processor.py:183} INFO - Processing /mnt/d/Programming/Vietnamese-Text-Generator/airflow_env/lib/python3.10/site-packages/airflow/example_dags/example_branch_operator.py took 0.598 seconds
[2024-05-24T17:53:01.606+0700] {processor.py:161} INFO - Started process (PID=9704) to work on /mnt/d/Programming/Vietnamese-Text-Generator/airflow_env/lib/python3.10/site-packages/airflow/example_dags/example_branch_operator.py
[2024-05-24T17:53:01.615+0700] {processor.py:830} INFO - Processing file /mnt/d/Programming/Vietnamese-Text-Generator/airflow_env/lib/python3.10/site-packages/airflow/example_dags/example_branch_operator.py for tasks to queue
[2024-05-24T17:53:01.628+0700] {logging_mixin.py:188} INFO - [2024-05-24T17:53:01.624+0700] {dagbag.py:540} INFO - Filling up the DagBag from /mnt/d/Programming/Vietnamese-Text-Generator/airflow_env/lib/python3.10/site-packages/airflow/example_dags/example_branch_operator.py
[2024-05-24T17:53:01.791+0700] {processor.py:840} INFO - DAG(s) 'example_branch_operator' retrieved from /mnt/d/Programming/Vietnamese-Text-Generator/airflow_env/lib/python3.10/site-packages/airflow/example_dags/example_branch_operator.py
[2024-05-24T17:53:01.900+0700] {logging_mixin.py:188} INFO - [2024-05-24T17:53:01.897+0700] {dag.py:3096} INFO - Sync 1 DAGs
[2024-05-24T17:53:01.995+0700] {logging_mixin.py:188} INFO - [2024-05-24T17:53:01.992+0700] {dag.py:3954} INFO - Setting next_dagrun for example_branch_operator to 2024-05-23 00:00:00+00:00, run_after=2024-05-24 00:00:00+00:00
[2024-05-24T17:53:02.160+0700] {processor.py:183} INFO - Processing /mnt/d/Programming/Vietnamese-Text-Generator/airflow_env/lib/python3.10/site-packages/airflow/example_dags/example_branch_operator.py took 0.603 seconds
[2024-05-24T17:55:20.159+0700] {processor.py:161} INFO - Started process (PID=10308) to work on /mnt/d/Programming/Vietnamese-Text-Generator/airflow_env/lib/python3.10/site-packages/airflow/example_dags/example_branch_operator.py
[2024-05-24T17:55:20.166+0700] {processor.py:830} INFO - Processing file /mnt/d/Programming/Vietnamese-Text-Generator/airflow_env/lib/python3.10/site-packages/airflow/example_dags/example_branch_operator.py for tasks to queue
[2024-05-24T17:55:20.180+0700] {logging_mixin.py:188} INFO - [2024-05-24T17:55:20.175+0700] {dagbag.py:540} INFO - Filling up the DagBag from /mnt/d/Programming/Vietnamese-Text-Generator/airflow_env/lib/python3.10/site-packages/airflow/example_dags/example_branch_operator.py
[2024-05-24T17:55:20.387+0700] {processor.py:840} INFO - DAG(s) 'example_branch_operator' retrieved from /mnt/d/Programming/Vietnamese-Text-Generator/airflow_env/lib/python3.10/site-packages/airflow/example_dags/example_branch_operator.py
[2024-05-24T17:55:20.526+0700] {logging_mixin.py:188} INFO - [2024-05-24T17:55:20.522+0700] {dag.py:3096} INFO - Sync 1 DAGs
[2024-05-24T17:55:20.611+0700] {logging_mixin.py:188} INFO - [2024-05-24T17:55:20.608+0700] {dag.py:3954} INFO - Setting next_dagrun for example_branch_operator to 2024-05-23 00:00:00+00:00, run_after=2024-05-24 00:00:00+00:00
[2024-05-24T17:55:20.822+0700] {processor.py:183} INFO - Processing /mnt/d/Programming/Vietnamese-Text-Generator/airflow_env/lib/python3.10/site-packages/airflow/example_dags/example_branch_operator.py took 0.711 seconds
[2024-05-24T17:57:41.183+0700] {processor.py:161} INFO - Started process (PID=10923) to work on /mnt/d/Programming/Vietnamese-Text-Generator/airflow_env/lib/python3.10/site-packages/airflow/example_dags/example_branch_operator.py
[2024-05-24T17:57:41.190+0700] {processor.py:830} INFO - Processing file /mnt/d/Programming/Vietnamese-Text-Generator/airflow_env/lib/python3.10/site-packages/airflow/example_dags/example_branch_operator.py for tasks to queue
[2024-05-24T17:57:41.203+0700] {logging_mixin.py:188} INFO - [2024-05-24T17:57:41.198+0700] {dagbag.py:540} INFO - Filling up the DagBag from /mnt/d/Programming/Vietnamese-Text-Generator/airflow_env/lib/python3.10/site-packages/airflow/example_dags/example_branch_operator.py
[2024-05-24T17:57:41.348+0700] {processor.py:840} INFO - DAG(s) 'example_branch_operator' retrieved from /mnt/d/Programming/Vietnamese-Text-Generator/airflow_env/lib/python3.10/site-packages/airflow/example_dags/example_branch_operator.py
[2024-05-24T17:57:41.391+0700] {logging_mixin.py:188} INFO - [2024-05-24T17:57:41.390+0700] {dag.py:3096} INFO - Sync 1 DAGs
[2024-05-24T17:57:41.424+0700] {logging_mixin.py:188} INFO - [2024-05-24T17:57:41.423+0700] {dag.py:3954} INFO - Setting next_dagrun for example_branch_operator to 2024-05-23 00:00:00+00:00, run_after=2024-05-24 00:00:00+00:00
[2024-05-24T17:57:41.544+0700] {processor.py:183} INFO - Processing /mnt/d/Programming/Vietnamese-Text-Generator/airflow_env/lib/python3.10/site-packages/airflow/example_dags/example_branch_operator.py took 0.410 seconds
[2024-05-24T17:59:55.873+0700] {processor.py:161} INFO - Started process (PID=11508) to work on /mnt/d/Programming/Vietnamese-Text-Generator/airflow_env/lib/python3.10/site-packages/airflow/example_dags/example_branch_operator.py
[2024-05-24T17:59:55.880+0700] {processor.py:830} INFO - Processing file /mnt/d/Programming/Vietnamese-Text-Generator/airflow_env/lib/python3.10/site-packages/airflow/example_dags/example_branch_operator.py for tasks to queue
[2024-05-24T17:59:55.891+0700] {logging_mixin.py:188} INFO - [2024-05-24T17:59:55.888+0700] {dagbag.py:540} INFO - Filling up the DagBag from /mnt/d/Programming/Vietnamese-Text-Generator/airflow_env/lib/python3.10/site-packages/airflow/example_dags/example_branch_operator.py
[2024-05-24T17:59:56.079+0700] {processor.py:840} INFO - DAG(s) 'example_branch_operator' retrieved from /mnt/d/Programming/Vietnamese-Text-Generator/airflow_env/lib/python3.10/site-packages/airflow/example_dags/example_branch_operator.py
[2024-05-24T17:59:56.197+0700] {logging_mixin.py:188} INFO - [2024-05-24T17:59:56.194+0700] {dag.py:3096} INFO - Sync 1 DAGs
[2024-05-24T17:59:56.287+0700] {logging_mixin.py:188} INFO - [2024-05-24T17:59:56.283+0700] {dag.py:3954} INFO - Setting next_dagrun for example_branch_operator to 2024-05-23 00:00:00+00:00, run_after=2024-05-24 00:00:00+00:00
[2024-05-24T17:59:56.503+0700] {processor.py:183} INFO - Processing /mnt/d/Programming/Vietnamese-Text-Generator/airflow_env/lib/python3.10/site-packages/airflow/example_dags/example_branch_operator.py took 0.674 seconds
[2024-05-24T18:02:15.313+0700] {processor.py:161} INFO - Started process (PID=12115) to work on /mnt/d/Programming/Vietnamese-Text-Generator/airflow_env/lib/python3.10/site-packages/airflow/example_dags/example_branch_operator.py
[2024-05-24T18:02:15.319+0700] {processor.py:830} INFO - Processing file /mnt/d/Programming/Vietnamese-Text-Generator/airflow_env/lib/python3.10/site-packages/airflow/example_dags/example_branch_operator.py for tasks to queue
[2024-05-24T18:02:15.329+0700] {logging_mixin.py:188} INFO - [2024-05-24T18:02:15.326+0700] {dagbag.py:540} INFO - Filling up the DagBag from /mnt/d/Programming/Vietnamese-Text-Generator/airflow_env/lib/python3.10/site-packages/airflow/example_dags/example_branch_operator.py
[2024-05-24T18:02:15.485+0700] {processor.py:840} INFO - DAG(s) 'example_branch_operator' retrieved from /mnt/d/Programming/Vietnamese-Text-Generator/airflow_env/lib/python3.10/site-packages/airflow/example_dags/example_branch_operator.py
[2024-05-24T18:02:15.599+0700] {logging_mixin.py:188} INFO - [2024-05-24T18:02:15.596+0700] {dag.py:3096} INFO - Sync 1 DAGs
[2024-05-24T18:02:15.680+0700] {logging_mixin.py:188} INFO - [2024-05-24T18:02:15.677+0700] {dag.py:3954} INFO - Setting next_dagrun for example_branch_operator to 2024-05-23 00:00:00+00:00, run_after=2024-05-24 00:00:00+00:00
[2024-05-24T18:02:15.869+0700] {processor.py:183} INFO - Processing /mnt/d/Programming/Vietnamese-Text-Generator/airflow_env/lib/python3.10/site-packages/airflow/example_dags/example_branch_operator.py took 0.594 seconds
[2024-05-24T18:04:37.464+0700] {processor.py:161} INFO - Started process (PID=12734) to work on /mnt/d/Programming/Vietnamese-Text-Generator/airflow_env/lib/python3.10/site-packages/airflow/example_dags/example_branch_operator.py
[2024-05-24T18:04:37.472+0700] {processor.py:830} INFO - Processing file /mnt/d/Programming/Vietnamese-Text-Generator/airflow_env/lib/python3.10/site-packages/airflow/example_dags/example_branch_operator.py for tasks to queue
[2024-05-24T18:04:37.486+0700] {logging_mixin.py:188} INFO - [2024-05-24T18:04:37.481+0700] {dagbag.py:540} INFO - Filling up the DagBag from /mnt/d/Programming/Vietnamese-Text-Generator/airflow_env/lib/python3.10/site-packages/airflow/example_dags/example_branch_operator.py
[2024-05-24T18:04:37.673+0700] {processor.py:840} INFO - DAG(s) 'example_branch_operator' retrieved from /mnt/d/Programming/Vietnamese-Text-Generator/airflow_env/lib/python3.10/site-packages/airflow/example_dags/example_branch_operator.py
[2024-05-24T18:04:37.790+0700] {logging_mixin.py:188} INFO - [2024-05-24T18:04:37.787+0700] {dag.py:3096} INFO - Sync 1 DAGs
[2024-05-24T18:04:37.873+0700] {logging_mixin.py:188} INFO - [2024-05-24T18:04:37.870+0700] {dag.py:3954} INFO - Setting next_dagrun for example_branch_operator to 2024-05-23 00:00:00+00:00, run_after=2024-05-24 00:00:00+00:00
[2024-05-24T18:04:38.083+0700] {processor.py:183} INFO - Processing /mnt/d/Programming/Vietnamese-Text-Generator/airflow_env/lib/python3.10/site-packages/airflow/example_dags/example_branch_operator.py took 0.669 seconds
