[2024-05-24T17:01:55.530+0700] {processor.py:161} INFO - Started process (PID=1866) to work on /mnt/d/Programming/Vietnamese-Text-Generator/airflow_env/lib/python3.10/site-packages/airflow/example_dags/example_sensor_decorator.py
[2024-05-24T17:01:55.537+0700] {processor.py:830} INFO - Processing file /mnt/d/Programming/Vietnamese-Text-Generator/airflow_env/lib/python3.10/site-packages/airflow/example_dags/example_sensor_decorator.py for tasks to queue
[2024-05-24T17:01:55.553+0700] {logging_mixin.py:188} INFO - [2024-05-24T17:01:55.547+0700] {dagbag.py:540} INFO - Filling up the DagBag from /mnt/d/Programming/Vietnamese-Text-Generator/airflow_env/lib/python3.10/site-packages/airflow/example_dags/example_sensor_decorator.py
[2024-05-24T17:01:55.646+0700] {processor.py:840} INFO - DAG(s) 'example_sensor_decorator' retrieved from /mnt/d/Programming/Vietnamese-Text-Generator/airflow_env/lib/python3.10/site-packages/airflow/example_dags/example_sensor_decorator.py
[2024-05-24T17:01:55.814+0700] {logging_mixin.py:188} INFO - [2024-05-24T17:01:55.810+0700] {dag.py:3096} INFO - Sync 1 DAGs
[2024-05-24T17:01:55.897+0700] {logging_mixin.py:188} INFO - [2024-05-24T17:01:55.894+0700] {dag.py:3954} INFO - Setting next_dagrun for example_sensor_decorator to None, run_after=None
[2024-05-24T17:01:56.180+0700] {processor.py:183} INFO - Processing /mnt/d/Programming/Vietnamese-Text-Generator/airflow_env/lib/python3.10/site-packages/airflow/example_dags/example_sensor_decorator.py took 0.709 seconds
[2024-05-24T17:03:53.122+0700] {processor.py:161} INFO - Started process (PID=2367) to work on /mnt/d/Programming/Vietnamese-Text-Generator/airflow_env/lib/python3.10/site-packages/airflow/example_dags/example_sensor_decorator.py
[2024-05-24T17:03:53.128+0700] {processor.py:830} INFO - Processing file /mnt/d/Programming/Vietnamese-Text-Generator/airflow_env/lib/python3.10/site-packages/airflow/example_dags/example_sensor_decorator.py for tasks to queue
[2024-05-24T17:03:53.140+0700] {logging_mixin.py:188} INFO - [2024-05-24T17:03:53.137+0700] {dagbag.py:540} INFO - Filling up the DagBag from /mnt/d/Programming/Vietnamese-Text-Generator/airflow_env/lib/python3.10/site-packages/airflow/example_dags/example_sensor_decorator.py
[2024-05-24T17:03:53.220+0700] {processor.py:840} INFO - DAG(s) 'example_sensor_decorator' retrieved from /mnt/d/Programming/Vietnamese-Text-Generator/airflow_env/lib/python3.10/site-packages/airflow/example_dags/example_sensor_decorator.py
[2024-05-24T17:03:53.305+0700] {logging_mixin.py:188} INFO - [2024-05-24T17:03:53.302+0700] {dag.py:3096} INFO - Sync 1 DAGs
[2024-05-24T17:03:53.360+0700] {logging_mixin.py:188} INFO - [2024-05-24T17:03:53.357+0700] {dag.py:3954} INFO - Setting next_dagrun for example_sensor_decorator to None, run_after=None
[2024-05-24T17:03:53.548+0700] {processor.py:183} INFO - Processing /mnt/d/Programming/Vietnamese-Text-Generator/airflow_env/lib/python3.10/site-packages/airflow/example_dags/example_sensor_decorator.py took 0.473 seconds
[2024-05-24T17:06:10.774+0700] {processor.py:161} INFO - Started process (PID=2970) to work on /mnt/d/Programming/Vietnamese-Text-Generator/airflow_env/lib/python3.10/site-packages/airflow/example_dags/example_sensor_decorator.py
[2024-05-24T17:06:10.779+0700] {processor.py:830} INFO - Processing file /mnt/d/Programming/Vietnamese-Text-Generator/airflow_env/lib/python3.10/site-packages/airflow/example_dags/example_sensor_decorator.py for tasks to queue
[2024-05-24T17:06:10.791+0700] {logging_mixin.py:188} INFO - [2024-05-24T17:06:10.787+0700] {dagbag.py:540} INFO - Filling up the DagBag from /mnt/d/Programming/Vietnamese-Text-Generator/airflow_env/lib/python3.10/site-packages/airflow/example_dags/example_sensor_decorator.py
[2024-05-24T17:06:10.867+0700] {processor.py:840} INFO - DAG(s) 'example_sensor_decorator' retrieved from /mnt/d/Programming/Vietnamese-Text-Generator/airflow_env/lib/python3.10/site-packages/airflow/example_dags/example_sensor_decorator.py
[2024-05-24T17:06:10.951+0700] {logging_mixin.py:188} INFO - [2024-05-24T17:06:10.948+0700] {dag.py:3096} INFO - Sync 1 DAGs
[2024-05-24T17:06:10.997+0700] {logging_mixin.py:188} INFO - [2024-05-24T17:06:10.994+0700] {dag.py:3954} INFO - Setting next_dagrun for example_sensor_decorator to None, run_after=None
[2024-05-24T17:06:11.191+0700] {processor.py:183} INFO - Processing /mnt/d/Programming/Vietnamese-Text-Generator/airflow_env/lib/python3.10/site-packages/airflow/example_dags/example_sensor_decorator.py took 0.457 seconds
[2024-05-24T17:08:18.958+0700] {processor.py:161} INFO - Started process (PID=3611) to work on /mnt/d/Programming/Vietnamese-Text-Generator/airflow_env/lib/python3.10/site-packages/airflow/example_dags/example_sensor_decorator.py
[2024-05-24T17:08:18.964+0700] {processor.py:830} INFO - Processing file /mnt/d/Programming/Vietnamese-Text-Generator/airflow_env/lib/python3.10/site-packages/airflow/example_dags/example_sensor_decorator.py for tasks to queue
[2024-05-24T17:08:18.973+0700] {logging_mixin.py:188} INFO - [2024-05-24T17:08:18.970+0700] {dagbag.py:540} INFO - Filling up the DagBag from /mnt/d/Programming/Vietnamese-Text-Generator/airflow_env/lib/python3.10/site-packages/airflow/example_dags/example_sensor_decorator.py
[2024-05-24T17:08:19.041+0700] {processor.py:840} INFO - DAG(s) 'example_sensor_decorator' retrieved from /mnt/d/Programming/Vietnamese-Text-Generator/airflow_env/lib/python3.10/site-packages/airflow/example_dags/example_sensor_decorator.py
[2024-05-24T17:08:19.125+0700] {logging_mixin.py:188} INFO - [2024-05-24T17:08:19.122+0700] {dag.py:3096} INFO - Sync 1 DAGs
[2024-05-24T17:08:19.180+0700] {logging_mixin.py:188} INFO - [2024-05-24T17:08:19.177+0700] {dag.py:3954} INFO - Setting next_dagrun for example_sensor_decorator to None, run_after=None
[2024-05-24T17:08:19.378+0700] {processor.py:183} INFO - Processing /mnt/d/Programming/Vietnamese-Text-Generator/airflow_env/lib/python3.10/site-packages/airflow/example_dags/example_sensor_decorator.py took 0.462 seconds
[2024-05-24T17:10:36.455+0700] {processor.py:161} INFO - Started process (PID=4212) to work on /mnt/d/Programming/Vietnamese-Text-Generator/airflow_env/lib/python3.10/site-packages/airflow/example_dags/example_sensor_decorator.py
[2024-05-24T17:10:36.461+0700] {processor.py:830} INFO - Processing file /mnt/d/Programming/Vietnamese-Text-Generator/airflow_env/lib/python3.10/site-packages/airflow/example_dags/example_sensor_decorator.py for tasks to queue
[2024-05-24T17:10:36.474+0700] {logging_mixin.py:188} INFO - [2024-05-24T17:10:36.470+0700] {dagbag.py:540} INFO - Filling up the DagBag from /mnt/d/Programming/Vietnamese-Text-Generator/airflow_env/lib/python3.10/site-packages/airflow/example_dags/example_sensor_decorator.py
[2024-05-24T17:10:36.555+0700] {processor.py:840} INFO - DAG(s) 'example_sensor_decorator' retrieved from /mnt/d/Programming/Vietnamese-Text-Generator/airflow_env/lib/python3.10/site-packages/airflow/example_dags/example_sensor_decorator.py
[2024-05-24T17:10:36.648+0700] {logging_mixin.py:188} INFO - [2024-05-24T17:10:36.645+0700] {dag.py:3096} INFO - Sync 1 DAGs
[2024-05-24T17:10:36.701+0700] {logging_mixin.py:188} INFO - [2024-05-24T17:10:36.697+0700] {dag.py:3954} INFO - Setting next_dagrun for example_sensor_decorator to None, run_after=None
[2024-05-24T17:10:36.911+0700] {processor.py:183} INFO - Processing /mnt/d/Programming/Vietnamese-Text-Generator/airflow_env/lib/python3.10/site-packages/airflow/example_dags/example_sensor_decorator.py took 0.500 seconds
[2024-05-24T17:12:59.368+0700] {processor.py:161} INFO - Started process (PID=4836) to work on /mnt/d/Programming/Vietnamese-Text-Generator/airflow_env/lib/python3.10/site-packages/airflow/example_dags/example_sensor_decorator.py
[2024-05-24T17:12:59.374+0700] {processor.py:830} INFO - Processing file /mnt/d/Programming/Vietnamese-Text-Generator/airflow_env/lib/python3.10/site-packages/airflow/example_dags/example_sensor_decorator.py for tasks to queue
[2024-05-24T17:12:59.384+0700] {logging_mixin.py:188} INFO - [2024-05-24T17:12:59.381+0700] {dagbag.py:540} INFO - Filling up the DagBag from /mnt/d/Programming/Vietnamese-Text-Generator/airflow_env/lib/python3.10/site-packages/airflow/example_dags/example_sensor_decorator.py
[2024-05-24T17:12:59.461+0700] {processor.py:840} INFO - DAG(s) 'example_sensor_decorator' retrieved from /mnt/d/Programming/Vietnamese-Text-Generator/airflow_env/lib/python3.10/site-packages/airflow/example_dags/example_sensor_decorator.py
[2024-05-24T17:12:59.543+0700] {logging_mixin.py:188} INFO - [2024-05-24T17:12:59.540+0700] {dag.py:3096} INFO - Sync 1 DAGs
[2024-05-24T17:12:59.584+0700] {logging_mixin.py:188} INFO - [2024-05-24T17:12:59.581+0700] {dag.py:3954} INFO - Setting next_dagrun for example_sensor_decorator to None, run_after=None
[2024-05-24T17:12:59.757+0700] {processor.py:183} INFO - Processing /mnt/d/Programming/Vietnamese-Text-Generator/airflow_env/lib/python3.10/site-packages/airflow/example_dags/example_sensor_decorator.py took 0.425 seconds
[2024-05-24T17:15:14.262+0700] {processor.py:161} INFO - Started process (PID=5427) to work on /mnt/d/Programming/Vietnamese-Text-Generator/airflow_env/lib/python3.10/site-packages/airflow/example_dags/example_sensor_decorator.py
[2024-05-24T17:15:14.268+0700] {processor.py:830} INFO - Processing file /mnt/d/Programming/Vietnamese-Text-Generator/airflow_env/lib/python3.10/site-packages/airflow/example_dags/example_sensor_decorator.py for tasks to queue
[2024-05-24T17:15:14.280+0700] {logging_mixin.py:188} INFO - [2024-05-24T17:15:14.277+0700] {dagbag.py:540} INFO - Filling up the DagBag from /mnt/d/Programming/Vietnamese-Text-Generator/airflow_env/lib/python3.10/site-packages/airflow/example_dags/example_sensor_decorator.py
[2024-05-24T17:15:14.371+0700] {processor.py:840} INFO - DAG(s) 'example_sensor_decorator' retrieved from /mnt/d/Programming/Vietnamese-Text-Generator/airflow_env/lib/python3.10/site-packages/airflow/example_dags/example_sensor_decorator.py
[2024-05-24T17:15:14.457+0700] {logging_mixin.py:188} INFO - [2024-05-24T17:15:14.454+0700] {dag.py:3096} INFO - Sync 1 DAGs
[2024-05-24T17:15:14.503+0700] {logging_mixin.py:188} INFO - [2024-05-24T17:15:14.500+0700] {dag.py:3954} INFO - Setting next_dagrun for example_sensor_decorator to None, run_after=None
[2024-05-24T17:15:14.710+0700] {processor.py:183} INFO - Processing /mnt/d/Programming/Vietnamese-Text-Generator/airflow_env/lib/python3.10/site-packages/airflow/example_dags/example_sensor_decorator.py took 0.501 seconds
[2024-05-24T17:17:39.585+0700] {processor.py:161} INFO - Started process (PID=6063) to work on /mnt/d/Programming/Vietnamese-Text-Generator/airflow_env/lib/python3.10/site-packages/airflow/example_dags/example_sensor_decorator.py
[2024-05-24T17:17:39.589+0700] {processor.py:830} INFO - Processing file /mnt/d/Programming/Vietnamese-Text-Generator/airflow_env/lib/python3.10/site-packages/airflow/example_dags/example_sensor_decorator.py for tasks to queue
[2024-05-24T17:17:39.597+0700] {logging_mixin.py:188} INFO - [2024-05-24T17:17:39.594+0700] {dagbag.py:540} INFO - Filling up the DagBag from /mnt/d/Programming/Vietnamese-Text-Generator/airflow_env/lib/python3.10/site-packages/airflow/example_dags/example_sensor_decorator.py
[2024-05-24T17:17:39.645+0700] {processor.py:840} INFO - DAG(s) 'example_sensor_decorator' retrieved from /mnt/d/Programming/Vietnamese-Text-Generator/airflow_env/lib/python3.10/site-packages/airflow/example_dags/example_sensor_decorator.py
[2024-05-24T17:17:39.686+0700] {logging_mixin.py:188} INFO - [2024-05-24T17:17:39.685+0700] {dag.py:3096} INFO - Sync 1 DAGs
[2024-05-24T17:17:39.711+0700] {logging_mixin.py:188} INFO - [2024-05-24T17:17:39.710+0700] {dag.py:3954} INFO - Setting next_dagrun for example_sensor_decorator to None, run_after=None
[2024-05-24T17:17:39.792+0700] {processor.py:183} INFO - Processing /mnt/d/Programming/Vietnamese-Text-Generator/airflow_env/lib/python3.10/site-packages/airflow/example_dags/example_sensor_decorator.py took 0.230 seconds
[2024-05-24T17:19:57.917+0700] {processor.py:161} INFO - Started process (PID=6669) to work on /mnt/d/Programming/Vietnamese-Text-Generator/airflow_env/lib/python3.10/site-packages/airflow/example_dags/example_sensor_decorator.py
[2024-05-24T17:19:57.921+0700] {processor.py:830} INFO - Processing file /mnt/d/Programming/Vietnamese-Text-Generator/airflow_env/lib/python3.10/site-packages/airflow/example_dags/example_sensor_decorator.py for tasks to queue
[2024-05-24T17:19:57.930+0700] {logging_mixin.py:188} INFO - [2024-05-24T17:19:57.927+0700] {dagbag.py:540} INFO - Filling up the DagBag from /mnt/d/Programming/Vietnamese-Text-Generator/airflow_env/lib/python3.10/site-packages/airflow/example_dags/example_sensor_decorator.py
[2024-05-24T17:19:57.970+0700] {processor.py:840} INFO - DAG(s) 'example_sensor_decorator' retrieved from /mnt/d/Programming/Vietnamese-Text-Generator/airflow_env/lib/python3.10/site-packages/airflow/example_dags/example_sensor_decorator.py
[2024-05-24T17:19:58.001+0700] {logging_mixin.py:188} INFO - [2024-05-24T17:19:58.000+0700] {dag.py:3096} INFO - Sync 1 DAGs
[2024-05-24T17:19:58.022+0700] {logging_mixin.py:188} INFO - [2024-05-24T17:19:58.021+0700] {dag.py:3954} INFO - Setting next_dagrun for example_sensor_decorator to None, run_after=None
[2024-05-24T17:19:58.113+0700] {processor.py:183} INFO - Processing /mnt/d/Programming/Vietnamese-Text-Generator/airflow_env/lib/python3.10/site-packages/airflow/example_dags/example_sensor_decorator.py took 0.286 seconds
[2024-05-24T17:22:09.711+0700] {processor.py:161} INFO - Started process (PID=7242) to work on /mnt/d/Programming/Vietnamese-Text-Generator/airflow_env/lib/python3.10/site-packages/airflow/example_dags/example_sensor_decorator.py
[2024-05-24T17:22:09.714+0700] {processor.py:830} INFO - Processing file /mnt/d/Programming/Vietnamese-Text-Generator/airflow_env/lib/python3.10/site-packages/airflow/example_dags/example_sensor_decorator.py for tasks to queue
[2024-05-24T17:22:09.720+0700] {logging_mixin.py:188} INFO - [2024-05-24T17:22:09.719+0700] {dagbag.py:540} INFO - Filling up the DagBag from /mnt/d/Programming/Vietnamese-Text-Generator/airflow_env/lib/python3.10/site-packages/airflow/example_dags/example_sensor_decorator.py
[2024-05-24T17:22:09.753+0700] {processor.py:840} INFO - DAG(s) 'example_sensor_decorator' retrieved from /mnt/d/Programming/Vietnamese-Text-Generator/airflow_env/lib/python3.10/site-packages/airflow/example_dags/example_sensor_decorator.py
[2024-05-24T17:22:09.785+0700] {logging_mixin.py:188} INFO - [2024-05-24T17:22:09.784+0700] {dag.py:3096} INFO - Sync 1 DAGs
[2024-05-24T17:22:09.802+0700] {logging_mixin.py:188} INFO - [2024-05-24T17:22:09.801+0700] {dag.py:3954} INFO - Setting next_dagrun for example_sensor_decorator to None, run_after=None
[2024-05-24T17:22:09.967+0700] {processor.py:183} INFO - Processing /mnt/d/Programming/Vietnamese-Text-Generator/airflow_env/lib/python3.10/site-packages/airflow/example_dags/example_sensor_decorator.py took 0.313 seconds
[2024-05-24T17:24:19.105+0700] {processor.py:161} INFO - Started process (PID=7811) to work on /mnt/d/Programming/Vietnamese-Text-Generator/airflow_env/lib/python3.10/site-packages/airflow/example_dags/example_sensor_decorator.py
[2024-05-24T17:24:19.108+0700] {processor.py:830} INFO - Processing file /mnt/d/Programming/Vietnamese-Text-Generator/airflow_env/lib/python3.10/site-packages/airflow/example_dags/example_sensor_decorator.py for tasks to queue
[2024-05-24T17:24:19.115+0700] {logging_mixin.py:188} INFO - [2024-05-24T17:24:19.113+0700] {dagbag.py:540} INFO - Filling up the DagBag from /mnt/d/Programming/Vietnamese-Text-Generator/airflow_env/lib/python3.10/site-packages/airflow/example_dags/example_sensor_decorator.py
[2024-05-24T17:24:19.153+0700] {processor.py:840} INFO - DAG(s) 'example_sensor_decorator' retrieved from /mnt/d/Programming/Vietnamese-Text-Generator/airflow_env/lib/python3.10/site-packages/airflow/example_dags/example_sensor_decorator.py
[2024-05-24T17:24:19.201+0700] {logging_mixin.py:188} INFO - [2024-05-24T17:24:19.200+0700] {dag.py:3096} INFO - Sync 1 DAGs
[2024-05-24T17:24:19.219+0700] {logging_mixin.py:188} INFO - [2024-05-24T17:24:19.218+0700] {dag.py:3954} INFO - Setting next_dagrun for example_sensor_decorator to None, run_after=None
[2024-05-24T17:24:19.312+0700] {processor.py:183} INFO - Processing /mnt/d/Programming/Vietnamese-Text-Generator/airflow_env/lib/python3.10/site-packages/airflow/example_dags/example_sensor_decorator.py took 0.230 seconds
[2024-05-24T17:47:38.574+0700] {processor.py:161} INFO - Started process (PID=8280) to work on /mnt/d/Programming/Vietnamese-Text-Generator/airflow_env/lib/python3.10/site-packages/airflow/example_dags/example_sensor_decorator.py
[2024-05-24T17:47:38.576+0700] {processor.py:830} INFO - Processing file /mnt/d/Programming/Vietnamese-Text-Generator/airflow_env/lib/python3.10/site-packages/airflow/example_dags/example_sensor_decorator.py for tasks to queue
[2024-05-24T17:47:38.580+0700] {logging_mixin.py:188} INFO - [2024-05-24T17:47:38.578+0700] {dagbag.py:540} INFO - Filling up the DagBag from /mnt/d/Programming/Vietnamese-Text-Generator/airflow_env/lib/python3.10/site-packages/airflow/example_dags/example_sensor_decorator.py
[2024-05-24T17:47:38.600+0700] {processor.py:840} INFO - DAG(s) 'example_sensor_decorator' retrieved from /mnt/d/Programming/Vietnamese-Text-Generator/airflow_env/lib/python3.10/site-packages/airflow/example_dags/example_sensor_decorator.py
[2024-05-24T17:47:38.636+0700] {logging_mixin.py:188} INFO - [2024-05-24T17:47:38.634+0700] {dag.py:3096} INFO - Sync 1 DAGs
[2024-05-24T17:47:38.652+0700] {logging_mixin.py:188} INFO - [2024-05-24T17:47:38.651+0700] {dag.py:3954} INFO - Setting next_dagrun for example_sensor_decorator to None, run_after=None
[2024-05-24T17:47:38.718+0700] {processor.py:183} INFO - Processing /mnt/d/Programming/Vietnamese-Text-Generator/airflow_env/lib/python3.10/site-packages/airflow/example_dags/example_sensor_decorator.py took 0.155 seconds
[2024-05-24T17:49:21.345+0700] {processor.py:161} INFO - Started process (PID=8738) to work on /mnt/d/Programming/Vietnamese-Text-Generator/airflow_env/lib/python3.10/site-packages/airflow/example_dags/example_sensor_decorator.py
[2024-05-24T17:49:21.352+0700] {processor.py:830} INFO - Processing file /mnt/d/Programming/Vietnamese-Text-Generator/airflow_env/lib/python3.10/site-packages/airflow/example_dags/example_sensor_decorator.py for tasks to queue
[2024-05-24T17:49:21.365+0700] {logging_mixin.py:188} INFO - [2024-05-24T17:49:21.361+0700] {dagbag.py:540} INFO - Filling up the DagBag from /mnt/d/Programming/Vietnamese-Text-Generator/airflow_env/lib/python3.10/site-packages/airflow/example_dags/example_sensor_decorator.py
[2024-05-24T17:49:21.458+0700] {processor.py:840} INFO - DAG(s) 'example_sensor_decorator' retrieved from /mnt/d/Programming/Vietnamese-Text-Generator/airflow_env/lib/python3.10/site-packages/airflow/example_dags/example_sensor_decorator.py
[2024-05-24T17:49:21.551+0700] {logging_mixin.py:188} INFO - [2024-05-24T17:49:21.547+0700] {dag.py:3096} INFO - Sync 1 DAGs
[2024-05-24T17:49:21.599+0700] {logging_mixin.py:188} INFO - [2024-05-24T17:49:21.596+0700] {dag.py:3954} INFO - Setting next_dagrun for example_sensor_decorator to None, run_after=None
[2024-05-24T17:49:21.808+0700] {processor.py:183} INFO - Processing /mnt/d/Programming/Vietnamese-Text-Generator/airflow_env/lib/python3.10/site-packages/airflow/example_dags/example_sensor_decorator.py took 0.511 seconds
[2024-05-24T17:51:39.479+0700] {processor.py:161} INFO - Started process (PID=9342) to work on /mnt/d/Programming/Vietnamese-Text-Generator/airflow_env/lib/python3.10/site-packages/airflow/example_dags/example_sensor_decorator.py
[2024-05-24T17:51:39.485+0700] {processor.py:830} INFO - Processing file /mnt/d/Programming/Vietnamese-Text-Generator/airflow_env/lib/python3.10/site-packages/airflow/example_dags/example_sensor_decorator.py for tasks to queue
[2024-05-24T17:51:39.500+0700] {logging_mixin.py:188} INFO - [2024-05-24T17:51:39.496+0700] {dagbag.py:540} INFO - Filling up the DagBag from /mnt/d/Programming/Vietnamese-Text-Generator/airflow_env/lib/python3.10/site-packages/airflow/example_dags/example_sensor_decorator.py
[2024-05-24T17:51:39.581+0700] {processor.py:840} INFO - DAG(s) 'example_sensor_decorator' retrieved from /mnt/d/Programming/Vietnamese-Text-Generator/airflow_env/lib/python3.10/site-packages/airflow/example_dags/example_sensor_decorator.py
[2024-05-24T17:51:39.625+0700] {logging_mixin.py:188} INFO - [2024-05-24T17:51:39.625+0700] {dag.py:3096} INFO - Sync 1 DAGs
[2024-05-24T17:51:39.642+0700] {logging_mixin.py:188} INFO - [2024-05-24T17:51:39.641+0700] {dag.py:3954} INFO - Setting next_dagrun for example_sensor_decorator to None, run_after=None
[2024-05-24T17:51:39.710+0700] {processor.py:183} INFO - Processing /mnt/d/Programming/Vietnamese-Text-Generator/airflow_env/lib/python3.10/site-packages/airflow/example_dags/example_sensor_decorator.py took 0.279 seconds
[2024-05-24T17:53:53.294+0700] {processor.py:161} INFO - Started process (PID=9929) to work on /mnt/d/Programming/Vietnamese-Text-Generator/airflow_env/lib/python3.10/site-packages/airflow/example_dags/example_sensor_decorator.py
[2024-05-24T17:53:53.299+0700] {processor.py:830} INFO - Processing file /mnt/d/Programming/Vietnamese-Text-Generator/airflow_env/lib/python3.10/site-packages/airflow/example_dags/example_sensor_decorator.py for tasks to queue
[2024-05-24T17:53:53.310+0700] {logging_mixin.py:188} INFO - [2024-05-24T17:53:53.306+0700] {dagbag.py:540} INFO - Filling up the DagBag from /mnt/d/Programming/Vietnamese-Text-Generator/airflow_env/lib/python3.10/site-packages/airflow/example_dags/example_sensor_decorator.py
[2024-05-24T17:53:53.384+0700] {processor.py:840} INFO - DAG(s) 'example_sensor_decorator' retrieved from /mnt/d/Programming/Vietnamese-Text-Generator/airflow_env/lib/python3.10/site-packages/airflow/example_dags/example_sensor_decorator.py
[2024-05-24T17:53:53.463+0700] {logging_mixin.py:188} INFO - [2024-05-24T17:53:53.461+0700] {dag.py:3096} INFO - Sync 1 DAGs
[2024-05-24T17:53:53.508+0700] {logging_mixin.py:188} INFO - [2024-05-24T17:53:53.505+0700] {dag.py:3954} INFO - Setting next_dagrun for example_sensor_decorator to None, run_after=None
[2024-05-24T17:53:53.725+0700] {processor.py:183} INFO - Processing /mnt/d/Programming/Vietnamese-Text-Generator/airflow_env/lib/python3.10/site-packages/airflow/example_dags/example_sensor_decorator.py took 0.469 seconds
[2024-05-24T17:56:11.508+0700] {processor.py:161} INFO - Started process (PID=10532) to work on /mnt/d/Programming/Vietnamese-Text-Generator/airflow_env/lib/python3.10/site-packages/airflow/example_dags/example_sensor_decorator.py
[2024-05-24T17:56:11.514+0700] {processor.py:830} INFO - Processing file /mnt/d/Programming/Vietnamese-Text-Generator/airflow_env/lib/python3.10/site-packages/airflow/example_dags/example_sensor_decorator.py for tasks to queue
[2024-05-24T17:56:11.525+0700] {logging_mixin.py:188} INFO - [2024-05-24T17:56:11.521+0700] {dagbag.py:540} INFO - Filling up the DagBag from /mnt/d/Programming/Vietnamese-Text-Generator/airflow_env/lib/python3.10/site-packages/airflow/example_dags/example_sensor_decorator.py
[2024-05-24T17:56:11.600+0700] {processor.py:840} INFO - DAG(s) 'example_sensor_decorator' retrieved from /mnt/d/Programming/Vietnamese-Text-Generator/airflow_env/lib/python3.10/site-packages/airflow/example_dags/example_sensor_decorator.py
[2024-05-24T17:56:11.680+0700] {logging_mixin.py:188} INFO - [2024-05-24T17:56:11.677+0700] {dag.py:3096} INFO - Sync 1 DAGs
[2024-05-24T17:56:11.725+0700] {logging_mixin.py:188} INFO - [2024-05-24T17:56:11.722+0700] {dag.py:3954} INFO - Setting next_dagrun for example_sensor_decorator to None, run_after=None
[2024-05-24T17:56:11.936+0700] {processor.py:183} INFO - Processing /mnt/d/Programming/Vietnamese-Text-Generator/airflow_env/lib/python3.10/site-packages/airflow/example_dags/example_sensor_decorator.py took 0.467 seconds
[2024-05-24T17:57:27.504+0700] {processor.py:161} INFO - Started process (PID=10866) to work on /mnt/d/Programming/Vietnamese-Text-Generator/airflow_env/lib/python3.10/site-packages/airflow/example_dags/example_sensor_decorator.py
[2024-05-24T17:57:27.509+0700] {processor.py:830} INFO - Processing file /mnt/d/Programming/Vietnamese-Text-Generator/airflow_env/lib/python3.10/site-packages/airflow/example_dags/example_sensor_decorator.py for tasks to queue
[2024-05-24T17:57:27.519+0700] {logging_mixin.py:188} INFO - [2024-05-24T17:57:27.516+0700] {dagbag.py:540} INFO - Filling up the DagBag from /mnt/d/Programming/Vietnamese-Text-Generator/airflow_env/lib/python3.10/site-packages/airflow/example_dags/example_sensor_decorator.py
[2024-05-24T17:57:27.585+0700] {processor.py:840} INFO - DAG(s) 'example_sensor_decorator' retrieved from /mnt/d/Programming/Vietnamese-Text-Generator/airflow_env/lib/python3.10/site-packages/airflow/example_dags/example_sensor_decorator.py
[2024-05-24T17:57:27.655+0700] {logging_mixin.py:188} INFO - [2024-05-24T17:57:27.652+0700] {dag.py:3096} INFO - Sync 1 DAGs
[2024-05-24T17:57:27.703+0700] {logging_mixin.py:188} INFO - [2024-05-24T17:57:27.700+0700] {dag.py:3954} INFO - Setting next_dagrun for example_sensor_decorator to None, run_after=None
[2024-05-24T17:57:27.852+0700] {processor.py:183} INFO - Processing /mnt/d/Programming/Vietnamese-Text-Generator/airflow_env/lib/python3.10/site-packages/airflow/example_dags/example_sensor_decorator.py took 0.382 seconds
[2024-05-24T17:59:40.929+0700] {processor.py:161} INFO - Started process (PID=11446) to work on /mnt/d/Programming/Vietnamese-Text-Generator/airflow_env/lib/python3.10/site-packages/airflow/example_dags/example_sensor_decorator.py
[2024-05-24T17:59:40.931+0700] {processor.py:830} INFO - Processing file /mnt/d/Programming/Vietnamese-Text-Generator/airflow_env/lib/python3.10/site-packages/airflow/example_dags/example_sensor_decorator.py for tasks to queue
[2024-05-24T17:59:40.937+0700] {logging_mixin.py:188} INFO - [2024-05-24T17:59:40.936+0700] {dagbag.py:540} INFO - Filling up the DagBag from /mnt/d/Programming/Vietnamese-Text-Generator/airflow_env/lib/python3.10/site-packages/airflow/example_dags/example_sensor_decorator.py
[2024-05-24T17:59:40.970+0700] {processor.py:840} INFO - DAG(s) 'example_sensor_decorator' retrieved from /mnt/d/Programming/Vietnamese-Text-Generator/airflow_env/lib/python3.10/site-packages/airflow/example_dags/example_sensor_decorator.py
[2024-05-24T17:59:41.023+0700] {logging_mixin.py:188} INFO - [2024-05-24T17:59:41.022+0700] {dag.py:3096} INFO - Sync 1 DAGs
[2024-05-24T17:59:41.044+0700] {logging_mixin.py:188} INFO - [2024-05-24T17:59:41.042+0700] {dag.py:3954} INFO - Setting next_dagrun for example_sensor_decorator to None, run_after=None
[2024-05-24T17:59:41.189+0700] {processor.py:183} INFO - Processing /mnt/d/Programming/Vietnamese-Text-Generator/airflow_env/lib/python3.10/site-packages/airflow/example_dags/example_sensor_decorator.py took 0.278 seconds
[2024-05-24T18:01:59.184+0700] {processor.py:161} INFO - Started process (PID=12049) to work on /mnt/d/Programming/Vietnamese-Text-Generator/airflow_env/lib/python3.10/site-packages/airflow/example_dags/example_sensor_decorator.py
[2024-05-24T18:01:59.191+0700] {processor.py:830} INFO - Processing file /mnt/d/Programming/Vietnamese-Text-Generator/airflow_env/lib/python3.10/site-packages/airflow/example_dags/example_sensor_decorator.py for tasks to queue
[2024-05-24T18:01:59.205+0700] {logging_mixin.py:188} INFO - [2024-05-24T18:01:59.201+0700] {dagbag.py:540} INFO - Filling up the DagBag from /mnt/d/Programming/Vietnamese-Text-Generator/airflow_env/lib/python3.10/site-packages/airflow/example_dags/example_sensor_decorator.py
[2024-05-24T18:01:59.291+0700] {processor.py:840} INFO - DAG(s) 'example_sensor_decorator' retrieved from /mnt/d/Programming/Vietnamese-Text-Generator/airflow_env/lib/python3.10/site-packages/airflow/example_dags/example_sensor_decorator.py
[2024-05-24T18:01:59.379+0700] {logging_mixin.py:188} INFO - [2024-05-24T18:01:59.377+0700] {dag.py:3096} INFO - Sync 1 DAGs
[2024-05-24T18:01:59.427+0700] {logging_mixin.py:188} INFO - [2024-05-24T18:01:59.423+0700] {dag.py:3954} INFO - Setting next_dagrun for example_sensor_decorator to None, run_after=None
[2024-05-24T18:01:59.638+0700] {processor.py:183} INFO - Processing /mnt/d/Programming/Vietnamese-Text-Generator/airflow_env/lib/python3.10/site-packages/airflow/example_dags/example_sensor_decorator.py took 0.504 seconds
[2024-05-24T18:04:23.753+0700] {processor.py:161} INFO - Started process (PID=12677) to work on /mnt/d/Programming/Vietnamese-Text-Generator/airflow_env/lib/python3.10/site-packages/airflow/example_dags/example_sensor_decorator.py
[2024-05-24T18:04:23.760+0700] {processor.py:830} INFO - Processing file /mnt/d/Programming/Vietnamese-Text-Generator/airflow_env/lib/python3.10/site-packages/airflow/example_dags/example_sensor_decorator.py for tasks to queue
[2024-05-24T18:04:23.772+0700] {logging_mixin.py:188} INFO - [2024-05-24T18:04:23.769+0700] {dagbag.py:540} INFO - Filling up the DagBag from /mnt/d/Programming/Vietnamese-Text-Generator/airflow_env/lib/python3.10/site-packages/airflow/example_dags/example_sensor_decorator.py
[2024-05-24T18:04:23.861+0700] {processor.py:840} INFO - DAG(s) 'example_sensor_decorator' retrieved from /mnt/d/Programming/Vietnamese-Text-Generator/airflow_env/lib/python3.10/site-packages/airflow/example_dags/example_sensor_decorator.py
[2024-05-24T18:04:23.956+0700] {logging_mixin.py:188} INFO - [2024-05-24T18:04:23.953+0700] {dag.py:3096} INFO - Sync 1 DAGs
[2024-05-24T18:04:23.995+0700] {logging_mixin.py:188} INFO - [2024-05-24T18:04:23.994+0700] {dag.py:3954} INFO - Setting next_dagrun for example_sensor_decorator to None, run_after=None
[2024-05-24T18:04:24.158+0700] {processor.py:183} INFO - Processing /mnt/d/Programming/Vietnamese-Text-Generator/airflow_env/lib/python3.10/site-packages/airflow/example_dags/example_sensor_decorator.py took 0.450 seconds
