[2024-05-24T17:03:02.379+0700] {processor.py:161} INFO - Started process (PID=2148) to work on /mnt/d/Programming/Vietnamese-Text-Generator/airflow_env/lib/python3.10/site-packages/airflow/example_dags/example_bash_decorator.py
[2024-05-24T17:03:02.383+0700] {processor.py:830} INFO - Processing file /mnt/d/Programming/Vietnamese-Text-Generator/airflow_env/lib/python3.10/site-packages/airflow/example_dags/example_bash_decorator.py for tasks to queue
[2024-05-24T17:03:02.388+0700] {logging_mixin.py:188} INFO - [2024-05-24T17:03:02.387+0700] {dagbag.py:540} INFO - Filling up the DagBag from /mnt/d/Programming/Vietnamese-Text-Generator/airflow_env/lib/python3.10/site-packages/airflow/example_dags/example_bash_decorator.py
[2024-05-24T17:03:02.445+0700] {processor.py:840} INFO - DAG(s) 'example_bash_decorator' retrieved from /mnt/d/Programming/Vietnamese-Text-Generator/airflow_env/lib/python3.10/site-packages/airflow/example_dags/example_bash_decorator.py
[2024-05-24T17:03:04.585+0700] {logging_mixin.py:188} INFO - [2024-05-24T17:03:04.584+0700] {dag.py:3096} INFO - Sync 1 DAGs
[2024-05-24T17:03:04.604+0700] {logging_mixin.py:188} INFO - [2024-05-24T17:03:04.601+0700] {dag.py:3954} INFO - Setting next_dagrun for example_bash_decorator to None, run_after=None
[2024-05-24T17:03:04.782+0700] {processor.py:183} INFO - Processing /mnt/d/Programming/Vietnamese-Text-Generator/airflow_env/lib/python3.10/site-packages/airflow/example_dags/example_bash_decorator.py took 2.433 seconds
[2024-05-24T17:05:26.909+0700] {processor.py:161} INFO - Started process (PID=2779) to work on /mnt/d/Programming/Vietnamese-Text-Generator/airflow_env/lib/python3.10/site-packages/airflow/example_dags/example_bash_decorator.py
[2024-05-24T17:05:26.916+0700] {processor.py:830} INFO - Processing file /mnt/d/Programming/Vietnamese-Text-Generator/airflow_env/lib/python3.10/site-packages/airflow/example_dags/example_bash_decorator.py for tasks to queue
[2024-05-24T17:05:26.929+0700] {logging_mixin.py:188} INFO - [2024-05-24T17:05:26.925+0700] {dagbag.py:540} INFO - Filling up the DagBag from /mnt/d/Programming/Vietnamese-Text-Generator/airflow_env/lib/python3.10/site-packages/airflow/example_dags/example_bash_decorator.py
[2024-05-24T17:05:27.067+0700] {processor.py:840} INFO - DAG(s) 'example_bash_decorator' retrieved from /mnt/d/Programming/Vietnamese-Text-Generator/airflow_env/lib/python3.10/site-packages/airflow/example_dags/example_bash_decorator.py
[2024-05-24T17:05:27.185+0700] {logging_mixin.py:188} INFO - [2024-05-24T17:05:27.182+0700] {dag.py:3096} INFO - Sync 1 DAGs
[2024-05-24T17:05:27.236+0700] {logging_mixin.py:188} INFO - [2024-05-24T17:05:27.234+0700] {dag.py:3954} INFO - Setting next_dagrun for example_bash_decorator to None, run_after=None
[2024-05-24T17:05:27.372+0700] {processor.py:183} INFO - Processing /mnt/d/Programming/Vietnamese-Text-Generator/airflow_env/lib/python3.10/site-packages/airflow/example_dags/example_bash_decorator.py took 0.517 seconds
[2024-05-24T17:07:41.634+0700] {processor.py:161} INFO - Started process (PID=3445) to work on /mnt/d/Programming/Vietnamese-Text-Generator/airflow_env/lib/python3.10/site-packages/airflow/example_dags/example_bash_decorator.py
[2024-05-24T17:07:41.640+0700] {processor.py:830} INFO - Processing file /mnt/d/Programming/Vietnamese-Text-Generator/airflow_env/lib/python3.10/site-packages/airflow/example_dags/example_bash_decorator.py for tasks to queue
[2024-05-24T17:07:41.652+0700] {logging_mixin.py:188} INFO - [2024-05-24T17:07:41.648+0700] {dagbag.py:540} INFO - Filling up the DagBag from /mnt/d/Programming/Vietnamese-Text-Generator/airflow_env/lib/python3.10/site-packages/airflow/example_dags/example_bash_decorator.py
[2024-05-24T17:07:41.782+0700] {processor.py:840} INFO - DAG(s) 'example_bash_decorator' retrieved from /mnt/d/Programming/Vietnamese-Text-Generator/airflow_env/lib/python3.10/site-packages/airflow/example_dags/example_bash_decorator.py
[2024-05-24T17:07:41.851+0700] {logging_mixin.py:188} INFO - [2024-05-24T17:07:41.849+0700] {dag.py:3096} INFO - Sync 1 DAGs
[2024-05-24T17:07:41.880+0700] {logging_mixin.py:188} INFO - [2024-05-24T17:07:41.877+0700] {dag.py:3954} INFO - Setting next_dagrun for example_bash_decorator to None, run_after=None
[2024-05-24T17:07:42.011+0700] {processor.py:183} INFO - Processing /mnt/d/Programming/Vietnamese-Text-Generator/airflow_env/lib/python3.10/site-packages/airflow/example_dags/example_bash_decorator.py took 0.425 seconds
[2024-05-24T17:09:53.557+0700] {processor.py:161} INFO - Started process (PID=4023) to work on /mnt/d/Programming/Vietnamese-Text-Generator/airflow_env/lib/python3.10/site-packages/airflow/example_dags/example_bash_decorator.py
[2024-05-24T17:09:53.564+0700] {processor.py:830} INFO - Processing file /mnt/d/Programming/Vietnamese-Text-Generator/airflow_env/lib/python3.10/site-packages/airflow/example_dags/example_bash_decorator.py for tasks to queue
[2024-05-24T17:09:53.577+0700] {logging_mixin.py:188} INFO - [2024-05-24T17:09:53.572+0700] {dagbag.py:540} INFO - Filling up the DagBag from /mnt/d/Programming/Vietnamese-Text-Generator/airflow_env/lib/python3.10/site-packages/airflow/example_dags/example_bash_decorator.py
[2024-05-24T17:09:53.718+0700] {processor.py:840} INFO - DAG(s) 'example_bash_decorator' retrieved from /mnt/d/Programming/Vietnamese-Text-Generator/airflow_env/lib/python3.10/site-packages/airflow/example_dags/example_bash_decorator.py
[2024-05-24T17:09:53.821+0700] {logging_mixin.py:188} INFO - [2024-05-24T17:09:53.819+0700] {dag.py:3096} INFO - Sync 1 DAGs
[2024-05-24T17:09:53.856+0700] {logging_mixin.py:188} INFO - [2024-05-24T17:09:53.854+0700] {dag.py:3954} INFO - Setting next_dagrun for example_bash_decorator to None, run_after=None
[2024-05-24T17:09:54.017+0700] {processor.py:183} INFO - Processing /mnt/d/Programming/Vietnamese-Text-Generator/airflow_env/lib/python3.10/site-packages/airflow/example_dags/example_bash_decorator.py took 0.510 seconds
[2024-05-24T17:12:16.852+0700] {processor.py:161} INFO - Started process (PID=4650) to work on /mnt/d/Programming/Vietnamese-Text-Generator/airflow_env/lib/python3.10/site-packages/airflow/example_dags/example_bash_decorator.py
[2024-05-24T17:12:16.861+0700] {processor.py:830} INFO - Processing file /mnt/d/Programming/Vietnamese-Text-Generator/airflow_env/lib/python3.10/site-packages/airflow/example_dags/example_bash_decorator.py for tasks to queue
[2024-05-24T17:12:16.879+0700] {logging_mixin.py:188} INFO - [2024-05-24T17:12:16.871+0700] {dagbag.py:540} INFO - Filling up the DagBag from /mnt/d/Programming/Vietnamese-Text-Generator/airflow_env/lib/python3.10/site-packages/airflow/example_dags/example_bash_decorator.py
[2024-05-24T17:12:17.047+0700] {processor.py:840} INFO - DAG(s) 'example_bash_decorator' retrieved from /mnt/d/Programming/Vietnamese-Text-Generator/airflow_env/lib/python3.10/site-packages/airflow/example_dags/example_bash_decorator.py
[2024-05-24T17:12:17.184+0700] {logging_mixin.py:188} INFO - [2024-05-24T17:12:17.180+0700] {dag.py:3096} INFO - Sync 1 DAGs
[2024-05-24T17:12:17.239+0700] {logging_mixin.py:188} INFO - [2024-05-24T17:12:17.235+0700] {dag.py:3954} INFO - Setting next_dagrun for example_bash_decorator to None, run_after=None
[2024-05-24T17:12:17.470+0700] {processor.py:183} INFO - Processing /mnt/d/Programming/Vietnamese-Text-Generator/airflow_env/lib/python3.10/site-packages/airflow/example_dags/example_bash_decorator.py took 0.670 seconds
[2024-05-24T17:14:31.120+0700] {processor.py:161} INFO - Started process (PID=5237) to work on /mnt/d/Programming/Vietnamese-Text-Generator/airflow_env/lib/python3.10/site-packages/airflow/example_dags/example_bash_decorator.py
[2024-05-24T17:14:31.131+0700] {processor.py:830} INFO - Processing file /mnt/d/Programming/Vietnamese-Text-Generator/airflow_env/lib/python3.10/site-packages/airflow/example_dags/example_bash_decorator.py for tasks to queue
[2024-05-24T17:14:31.147+0700] {logging_mixin.py:188} INFO - [2024-05-24T17:14:31.142+0700] {dagbag.py:540} INFO - Filling up the DagBag from /mnt/d/Programming/Vietnamese-Text-Generator/airflow_env/lib/python3.10/site-packages/airflow/example_dags/example_bash_decorator.py
[2024-05-24T17:14:31.285+0700] {processor.py:840} INFO - DAG(s) 'example_bash_decorator' retrieved from /mnt/d/Programming/Vietnamese-Text-Generator/airflow_env/lib/python3.10/site-packages/airflow/example_dags/example_bash_decorator.py
[2024-05-24T17:14:31.404+0700] {logging_mixin.py:188} INFO - [2024-05-24T17:14:31.400+0700] {dag.py:3096} INFO - Sync 1 DAGs
[2024-05-24T17:14:31.471+0700] {logging_mixin.py:188} INFO - [2024-05-24T17:14:31.468+0700] {dag.py:3954} INFO - Setting next_dagrun for example_bash_decorator to None, run_after=None
[2024-05-24T17:14:31.635+0700] {processor.py:183} INFO - Processing /mnt/d/Programming/Vietnamese-Text-Generator/airflow_env/lib/python3.10/site-packages/airflow/example_dags/example_bash_decorator.py took 0.570 seconds
[2024-05-24T17:16:54.366+0700] {processor.py:161} INFO - Started process (PID=5860) to work on /mnt/d/Programming/Vietnamese-Text-Generator/airflow_env/lib/python3.10/site-packages/airflow/example_dags/example_bash_decorator.py
[2024-05-24T17:16:54.372+0700] {processor.py:830} INFO - Processing file /mnt/d/Programming/Vietnamese-Text-Generator/airflow_env/lib/python3.10/site-packages/airflow/example_dags/example_bash_decorator.py for tasks to queue
[2024-05-24T17:16:54.384+0700] {logging_mixin.py:188} INFO - [2024-05-24T17:16:54.380+0700] {dagbag.py:540} INFO - Filling up the DagBag from /mnt/d/Programming/Vietnamese-Text-Generator/airflow_env/lib/python3.10/site-packages/airflow/example_dags/example_bash_decorator.py
[2024-05-24T17:16:54.519+0700] {processor.py:840} INFO - DAG(s) 'example_bash_decorator' retrieved from /mnt/d/Programming/Vietnamese-Text-Generator/airflow_env/lib/python3.10/site-packages/airflow/example_dags/example_bash_decorator.py
[2024-05-24T17:16:54.599+0700] {logging_mixin.py:188} INFO - [2024-05-24T17:16:54.597+0700] {dag.py:3096} INFO - Sync 1 DAGs
[2024-05-24T17:16:54.637+0700] {logging_mixin.py:188} INFO - [2024-05-24T17:16:54.635+0700] {dag.py:3954} INFO - Setting next_dagrun for example_bash_decorator to None, run_after=None
[2024-05-24T17:16:54.798+0700] {processor.py:183} INFO - Processing /mnt/d/Programming/Vietnamese-Text-Generator/airflow_env/lib/python3.10/site-packages/airflow/example_dags/example_bash_decorator.py took 0.478 seconds
[2024-05-24T17:19:15.690+0700] {processor.py:161} INFO - Started process (PID=6485) to work on /mnt/d/Programming/Vietnamese-Text-Generator/airflow_env/lib/python3.10/site-packages/airflow/example_dags/example_bash_decorator.py
[2024-05-24T17:19:15.696+0700] {processor.py:830} INFO - Processing file /mnt/d/Programming/Vietnamese-Text-Generator/airflow_env/lib/python3.10/site-packages/airflow/example_dags/example_bash_decorator.py for tasks to queue
[2024-05-24T17:19:15.708+0700] {logging_mixin.py:188} INFO - [2024-05-24T17:19:15.705+0700] {dagbag.py:540} INFO - Filling up the DagBag from /mnt/d/Programming/Vietnamese-Text-Generator/airflow_env/lib/python3.10/site-packages/airflow/example_dags/example_bash_decorator.py
[2024-05-24T17:19:15.830+0700] {processor.py:840} INFO - DAG(s) 'example_bash_decorator' retrieved from /mnt/d/Programming/Vietnamese-Text-Generator/airflow_env/lib/python3.10/site-packages/airflow/example_dags/example_bash_decorator.py
[2024-05-24T17:19:15.927+0700] {logging_mixin.py:188} INFO - [2024-05-24T17:19:15.925+0700] {dag.py:3096} INFO - Sync 1 DAGs
[2024-05-24T17:19:15.960+0700] {logging_mixin.py:188} INFO - [2024-05-24T17:19:15.958+0700] {dag.py:3954} INFO - Setting next_dagrun for example_bash_decorator to None, run_after=None
[2024-05-24T17:19:16.102+0700] {processor.py:183} INFO - Processing /mnt/d/Programming/Vietnamese-Text-Generator/airflow_env/lib/python3.10/site-packages/airflow/example_dags/example_bash_decorator.py took 0.456 seconds
[2024-05-24T17:21:30.195+0700] {processor.py:161} INFO - Started process (PID=7072) to work on /mnt/d/Programming/Vietnamese-Text-Generator/airflow_env/lib/python3.10/site-packages/airflow/example_dags/example_bash_decorator.py
[2024-05-24T17:21:30.201+0700] {processor.py:830} INFO - Processing file /mnt/d/Programming/Vietnamese-Text-Generator/airflow_env/lib/python3.10/site-packages/airflow/example_dags/example_bash_decorator.py for tasks to queue
[2024-05-24T17:21:30.207+0700] {logging_mixin.py:188} INFO - [2024-05-24T17:21:30.206+0700] {dagbag.py:540} INFO - Filling up the DagBag from /mnt/d/Programming/Vietnamese-Text-Generator/airflow_env/lib/python3.10/site-packages/airflow/example_dags/example_bash_decorator.py
[2024-05-24T17:21:30.266+0700] {processor.py:840} INFO - DAG(s) 'example_bash_decorator' retrieved from /mnt/d/Programming/Vietnamese-Text-Generator/airflow_env/lib/python3.10/site-packages/airflow/example_dags/example_bash_decorator.py
[2024-05-24T17:21:30.307+0700] {logging_mixin.py:188} INFO - [2024-05-24T17:21:30.306+0700] {dag.py:3096} INFO - Sync 1 DAGs
[2024-05-24T17:21:30.325+0700] {logging_mixin.py:188} INFO - [2024-05-24T17:21:30.324+0700] {dag.py:3954} INFO - Setting next_dagrun for example_bash_decorator to None, run_after=None
[2024-05-24T17:21:30.414+0700] {processor.py:183} INFO - Processing /mnt/d/Programming/Vietnamese-Text-Generator/airflow_env/lib/python3.10/site-packages/airflow/example_dags/example_bash_decorator.py took 0.236 seconds
[2024-05-24T17:23:43.162+0700] {processor.py:161} INFO - Started process (PID=7650) to work on /mnt/d/Programming/Vietnamese-Text-Generator/airflow_env/lib/python3.10/site-packages/airflow/example_dags/example_bash_decorator.py
[2024-05-24T17:23:43.168+0700] {processor.py:830} INFO - Processing file /mnt/d/Programming/Vietnamese-Text-Generator/airflow_env/lib/python3.10/site-packages/airflow/example_dags/example_bash_decorator.py for tasks to queue
[2024-05-24T17:23:43.180+0700] {logging_mixin.py:188} INFO - [2024-05-24T17:23:43.176+0700] {dagbag.py:540} INFO - Filling up the DagBag from /mnt/d/Programming/Vietnamese-Text-Generator/airflow_env/lib/python3.10/site-packages/airflow/example_dags/example_bash_decorator.py
[2024-05-24T17:23:43.315+0700] {processor.py:840} INFO - DAG(s) 'example_bash_decorator' retrieved from /mnt/d/Programming/Vietnamese-Text-Generator/airflow_env/lib/python3.10/site-packages/airflow/example_dags/example_bash_decorator.py
[2024-05-24T17:23:43.426+0700] {logging_mixin.py:188} INFO - [2024-05-24T17:23:43.423+0700] {dag.py:3096} INFO - Sync 1 DAGs
[2024-05-24T17:23:43.474+0700] {logging_mixin.py:188} INFO - [2024-05-24T17:23:43.472+0700] {dag.py:3954} INFO - Setting next_dagrun for example_bash_decorator to None, run_after=None
[2024-05-24T17:23:43.637+0700] {processor.py:183} INFO - Processing /mnt/d/Programming/Vietnamese-Text-Generator/airflow_env/lib/python3.10/site-packages/airflow/example_dags/example_bash_decorator.py took 0.525 seconds
[2024-05-24T17:47:22.049+0700] {processor.py:161} INFO - Started process (PID=8199) to work on /mnt/d/Programming/Vietnamese-Text-Generator/airflow_env/lib/python3.10/site-packages/airflow/example_dags/example_bash_decorator.py
[2024-05-24T17:47:22.051+0700] {processor.py:830} INFO - Processing file /mnt/d/Programming/Vietnamese-Text-Generator/airflow_env/lib/python3.10/site-packages/airflow/example_dags/example_bash_decorator.py for tasks to queue
[2024-05-24T17:47:22.056+0700] {logging_mixin.py:188} INFO - [2024-05-24T17:47:22.054+0700] {dagbag.py:540} INFO - Filling up the DagBag from /mnt/d/Programming/Vietnamese-Text-Generator/airflow_env/lib/python3.10/site-packages/airflow/example_dags/example_bash_decorator.py
[2024-05-24T17:47:22.090+0700] {processor.py:840} INFO - DAG(s) 'example_bash_decorator' retrieved from /mnt/d/Programming/Vietnamese-Text-Generator/airflow_env/lib/python3.10/site-packages/airflow/example_dags/example_bash_decorator.py
[2024-05-24T17:47:22.125+0700] {logging_mixin.py:188} INFO - [2024-05-24T17:47:22.123+0700] {dag.py:3096} INFO - Sync 1 DAGs
[2024-05-24T17:47:22.142+0700] {logging_mixin.py:188} INFO - [2024-05-24T17:47:22.140+0700] {dag.py:3954} INFO - Setting next_dagrun for example_bash_decorator to None, run_after=None
[2024-05-24T17:47:22.204+0700] {processor.py:183} INFO - Processing /mnt/d/Programming/Vietnamese-Text-Generator/airflow_env/lib/python3.10/site-packages/airflow/example_dags/example_bash_decorator.py took 0.167 seconds
[2024-05-24T17:48:42.495+0700] {processor.py:161} INFO - Started process (PID=8569) to work on /mnt/d/Programming/Vietnamese-Text-Generator/airflow_env/lib/python3.10/site-packages/airflow/example_dags/example_bash_decorator.py
[2024-05-24T17:48:42.500+0700] {processor.py:830} INFO - Processing file /mnt/d/Programming/Vietnamese-Text-Generator/airflow_env/lib/python3.10/site-packages/airflow/example_dags/example_bash_decorator.py for tasks to queue
[2024-05-24T17:48:42.510+0700] {logging_mixin.py:188} INFO - [2024-05-24T17:48:42.507+0700] {dagbag.py:540} INFO - Filling up the DagBag from /mnt/d/Programming/Vietnamese-Text-Generator/airflow_env/lib/python3.10/site-packages/airflow/example_dags/example_bash_decorator.py
[2024-05-24T17:48:42.611+0700] {processor.py:840} INFO - DAG(s) 'example_bash_decorator' retrieved from /mnt/d/Programming/Vietnamese-Text-Generator/airflow_env/lib/python3.10/site-packages/airflow/example_dags/example_bash_decorator.py
[2024-05-24T17:48:42.703+0700] {logging_mixin.py:188} INFO - [2024-05-24T17:48:42.700+0700] {dag.py:3096} INFO - Sync 1 DAGs
[2024-05-24T17:48:42.755+0700] {logging_mixin.py:188} INFO - [2024-05-24T17:48:42.753+0700] {dag.py:3954} INFO - Setting next_dagrun for example_bash_decorator to None, run_after=None
[2024-05-24T17:48:42.927+0700] {processor.py:183} INFO - Processing /mnt/d/Programming/Vietnamese-Text-Generator/airflow_env/lib/python3.10/site-packages/airflow/example_dags/example_bash_decorator.py took 0.467 seconds
[2024-05-24T17:50:52.793+0700] {processor.py:161} INFO - Started process (PID=9138) to work on /mnt/d/Programming/Vietnamese-Text-Generator/airflow_env/lib/python3.10/site-packages/airflow/example_dags/example_bash_decorator.py
[2024-05-24T17:50:52.807+0700] {processor.py:830} INFO - Processing file /mnt/d/Programming/Vietnamese-Text-Generator/airflow_env/lib/python3.10/site-packages/airflow/example_dags/example_bash_decorator.py for tasks to queue
[2024-05-24T17:50:52.817+0700] {logging_mixin.py:188} INFO - [2024-05-24T17:50:52.815+0700] {dagbag.py:540} INFO - Filling up the DagBag from /mnt/d/Programming/Vietnamese-Text-Generator/airflow_env/lib/python3.10/site-packages/airflow/example_dags/example_bash_decorator.py
[2024-05-24T17:50:52.923+0700] {processor.py:840} INFO - DAG(s) 'example_bash_decorator' retrieved from /mnt/d/Programming/Vietnamese-Text-Generator/airflow_env/lib/python3.10/site-packages/airflow/example_dags/example_bash_decorator.py
[2024-05-24T17:50:53.010+0700] {logging_mixin.py:188} INFO - [2024-05-24T17:50:53.008+0700] {dag.py:3096} INFO - Sync 1 DAGs
[2024-05-24T17:50:53.037+0700] {logging_mixin.py:188} INFO - [2024-05-24T17:50:53.035+0700] {dag.py:3954} INFO - Setting next_dagrun for example_bash_decorator to None, run_after=None
[2024-05-24T17:50:53.189+0700] {processor.py:183} INFO - Processing /mnt/d/Programming/Vietnamese-Text-Generator/airflow_env/lib/python3.10/site-packages/airflow/example_dags/example_bash_decorator.py took 0.462 seconds
[2024-05-24T17:53:11.300+0700] {processor.py:161} INFO - Started process (PID=9745) to work on /mnt/d/Programming/Vietnamese-Text-Generator/airflow_env/lib/python3.10/site-packages/airflow/example_dags/example_bash_decorator.py
[2024-05-24T17:53:11.306+0700] {processor.py:830} INFO - Processing file /mnt/d/Programming/Vietnamese-Text-Generator/airflow_env/lib/python3.10/site-packages/airflow/example_dags/example_bash_decorator.py for tasks to queue
[2024-05-24T17:53:11.319+0700] {logging_mixin.py:188} INFO - [2024-05-24T17:53:11.315+0700] {dagbag.py:540} INFO - Filling up the DagBag from /mnt/d/Programming/Vietnamese-Text-Generator/airflow_env/lib/python3.10/site-packages/airflow/example_dags/example_bash_decorator.py
[2024-05-24T17:53:11.452+0700] {processor.py:840} INFO - DAG(s) 'example_bash_decorator' retrieved from /mnt/d/Programming/Vietnamese-Text-Generator/airflow_env/lib/python3.10/site-packages/airflow/example_dags/example_bash_decorator.py
[2024-05-24T17:53:11.557+0700] {logging_mixin.py:188} INFO - [2024-05-24T17:53:11.554+0700] {dag.py:3096} INFO - Sync 1 DAGs
[2024-05-24T17:53:11.613+0700] {logging_mixin.py:188} INFO - [2024-05-24T17:53:11.610+0700] {dag.py:3954} INFO - Setting next_dagrun for example_bash_decorator to None, run_after=None
[2024-05-24T17:53:11.822+0700] {processor.py:183} INFO - Processing /mnt/d/Programming/Vietnamese-Text-Generator/airflow_env/lib/python3.10/site-packages/airflow/example_dags/example_bash_decorator.py took 0.574 seconds
[2024-05-24T17:55:30.693+0700] {processor.py:161} INFO - Started process (PID=10355) to work on /mnt/d/Programming/Vietnamese-Text-Generator/airflow_env/lib/python3.10/site-packages/airflow/example_dags/example_bash_decorator.py
[2024-05-24T17:55:30.700+0700] {processor.py:830} INFO - Processing file /mnt/d/Programming/Vietnamese-Text-Generator/airflow_env/lib/python3.10/site-packages/airflow/example_dags/example_bash_decorator.py for tasks to queue
[2024-05-24T17:55:30.711+0700] {logging_mixin.py:188} INFO - [2024-05-24T17:55:30.707+0700] {dagbag.py:540} INFO - Filling up the DagBag from /mnt/d/Programming/Vietnamese-Text-Generator/airflow_env/lib/python3.10/site-packages/airflow/example_dags/example_bash_decorator.py
[2024-05-24T17:55:30.846+0700] {processor.py:840} INFO - DAG(s) 'example_bash_decorator' retrieved from /mnt/d/Programming/Vietnamese-Text-Generator/airflow_env/lib/python3.10/site-packages/airflow/example_dags/example_bash_decorator.py
[2024-05-24T17:55:30.940+0700] {logging_mixin.py:188} INFO - [2024-05-24T17:55:30.937+0700] {dag.py:3096} INFO - Sync 1 DAGs
[2024-05-24T17:55:30.986+0700] {logging_mixin.py:188} INFO - [2024-05-24T17:55:30.983+0700] {dag.py:3954} INFO - Setting next_dagrun for example_bash_decorator to None, run_after=None
[2024-05-24T17:55:31.170+0700] {processor.py:183} INFO - Processing /mnt/d/Programming/Vietnamese-Text-Generator/airflow_env/lib/python3.10/site-packages/airflow/example_dags/example_bash_decorator.py took 0.521 seconds
[2024-05-24T17:57:49.629+0700] {processor.py:161} INFO - Started process (PID=10959) to work on /mnt/d/Programming/Vietnamese-Text-Generator/airflow_env/lib/python3.10/site-packages/airflow/example_dags/example_bash_decorator.py
[2024-05-24T17:57:49.636+0700] {processor.py:830} INFO - Processing file /mnt/d/Programming/Vietnamese-Text-Generator/airflow_env/lib/python3.10/site-packages/airflow/example_dags/example_bash_decorator.py for tasks to queue
[2024-05-24T17:57:49.649+0700] {logging_mixin.py:188} INFO - [2024-05-24T17:57:49.645+0700] {dagbag.py:540} INFO - Filling up the DagBag from /mnt/d/Programming/Vietnamese-Text-Generator/airflow_env/lib/python3.10/site-packages/airflow/example_dags/example_bash_decorator.py
[2024-05-24T17:57:49.781+0700] {processor.py:840} INFO - DAG(s) 'example_bash_decorator' retrieved from /mnt/d/Programming/Vietnamese-Text-Generator/airflow_env/lib/python3.10/site-packages/airflow/example_dags/example_bash_decorator.py
[2024-05-24T17:57:49.885+0700] {logging_mixin.py:188} INFO - [2024-05-24T17:57:49.882+0700] {dag.py:3096} INFO - Sync 1 DAGs
[2024-05-24T17:57:49.931+0700] {logging_mixin.py:188} INFO - [2024-05-24T17:57:49.928+0700] {dag.py:3954} INFO - Setting next_dagrun for example_bash_decorator to None, run_after=None
[2024-05-24T17:57:50.120+0700] {processor.py:183} INFO - Processing /mnt/d/Programming/Vietnamese-Text-Generator/airflow_env/lib/python3.10/site-packages/airflow/example_dags/example_bash_decorator.py took 0.535 seconds
[2024-05-24T18:00:05.648+0700] {processor.py:161} INFO - Started process (PID=11551) to work on /mnt/d/Programming/Vietnamese-Text-Generator/airflow_env/lib/python3.10/site-packages/airflow/example_dags/example_bash_decorator.py
[2024-05-24T18:00:05.654+0700] {processor.py:830} INFO - Processing file /mnt/d/Programming/Vietnamese-Text-Generator/airflow_env/lib/python3.10/site-packages/airflow/example_dags/example_bash_decorator.py for tasks to queue
[2024-05-24T18:00:05.666+0700] {logging_mixin.py:188} INFO - [2024-05-24T18:00:05.662+0700] {dagbag.py:540} INFO - Filling up the DagBag from /mnt/d/Programming/Vietnamese-Text-Generator/airflow_env/lib/python3.10/site-packages/airflow/example_dags/example_bash_decorator.py
[2024-05-24T18:00:05.794+0700] {processor.py:840} INFO - DAG(s) 'example_bash_decorator' retrieved from /mnt/d/Programming/Vietnamese-Text-Generator/airflow_env/lib/python3.10/site-packages/airflow/example_dags/example_bash_decorator.py
[2024-05-24T18:00:05.892+0700] {logging_mixin.py:188} INFO - [2024-05-24T18:00:05.889+0700] {dag.py:3096} INFO - Sync 1 DAGs
[2024-05-24T18:00:05.942+0700] {logging_mixin.py:188} INFO - [2024-05-24T18:00:05.940+0700] {dag.py:3954} INFO - Setting next_dagrun for example_bash_decorator to None, run_after=None
[2024-05-24T18:00:06.137+0700] {processor.py:183} INFO - Processing /mnt/d/Programming/Vietnamese-Text-Generator/airflow_env/lib/python3.10/site-packages/airflow/example_dags/example_bash_decorator.py took 0.532 seconds
[2024-05-24T18:02:24.410+0700] {processor.py:161} INFO - Started process (PID=12154) to work on /mnt/d/Programming/Vietnamese-Text-Generator/airflow_env/lib/python3.10/site-packages/airflow/example_dags/example_bash_decorator.py
[2024-05-24T18:02:24.417+0700] {processor.py:830} INFO - Processing file /mnt/d/Programming/Vietnamese-Text-Generator/airflow_env/lib/python3.10/site-packages/airflow/example_dags/example_bash_decorator.py for tasks to queue
[2024-05-24T18:02:24.429+0700] {logging_mixin.py:188} INFO - [2024-05-24T18:02:24.425+0700] {dagbag.py:540} INFO - Filling up the DagBag from /mnt/d/Programming/Vietnamese-Text-Generator/airflow_env/lib/python3.10/site-packages/airflow/example_dags/example_bash_decorator.py
[2024-05-24T18:02:24.529+0700] {processor.py:840} INFO - DAG(s) 'example_bash_decorator' retrieved from /mnt/d/Programming/Vietnamese-Text-Generator/airflow_env/lib/python3.10/site-packages/airflow/example_dags/example_bash_decorator.py
[2024-05-24T18:02:24.618+0700] {logging_mixin.py:188} INFO - [2024-05-24T18:02:24.616+0700] {dag.py:3096} INFO - Sync 1 DAGs
[2024-05-24T18:02:24.662+0700] {logging_mixin.py:188} INFO - [2024-05-24T18:02:24.660+0700] {dag.py:3954} INFO - Setting next_dagrun for example_bash_decorator to None, run_after=None
[2024-05-24T18:02:24.828+0700] {processor.py:183} INFO - Processing /mnt/d/Programming/Vietnamese-Text-Generator/airflow_env/lib/python3.10/site-packages/airflow/example_dags/example_bash_decorator.py took 0.484 seconds
[2024-05-24T18:04:47.229+0700] {processor.py:161} INFO - Started process (PID=12776) to work on /mnt/d/Programming/Vietnamese-Text-Generator/airflow_env/lib/python3.10/site-packages/airflow/example_dags/example_bash_decorator.py
[2024-05-24T18:04:47.234+0700] {processor.py:830} INFO - Processing file /mnt/d/Programming/Vietnamese-Text-Generator/airflow_env/lib/python3.10/site-packages/airflow/example_dags/example_bash_decorator.py for tasks to queue
[2024-05-24T18:04:47.245+0700] {logging_mixin.py:188} INFO - [2024-05-24T18:04:47.241+0700] {dagbag.py:540} INFO - Filling up the DagBag from /mnt/d/Programming/Vietnamese-Text-Generator/airflow_env/lib/python3.10/site-packages/airflow/example_dags/example_bash_decorator.py
[2024-05-24T18:04:47.366+0700] {processor.py:840} INFO - DAG(s) 'example_bash_decorator' retrieved from /mnt/d/Programming/Vietnamese-Text-Generator/airflow_env/lib/python3.10/site-packages/airflow/example_dags/example_bash_decorator.py
[2024-05-24T18:04:47.471+0700] {logging_mixin.py:188} INFO - [2024-05-24T18:04:47.467+0700] {dag.py:3096} INFO - Sync 1 DAGs
[2024-05-24T18:04:47.519+0700] {logging_mixin.py:188} INFO - [2024-05-24T18:04:47.516+0700] {dag.py:3954} INFO - Setting next_dagrun for example_bash_decorator to None, run_after=None
[2024-05-24T18:04:47.706+0700] {processor.py:183} INFO - Processing /mnt/d/Programming/Vietnamese-Text-Generator/airflow_env/lib/python3.10/site-packages/airflow/example_dags/example_bash_decorator.py took 0.515 seconds
