[2024-05-24T17:01:44.885+0700] {processor.py:161} INFO - Started process (PID=1819) to work on /mnt/d/Programming/Vietnamese-Text-Generator/airflow_env/lib/python3.10/site-packages/airflow/example_dags/example_short_circuit_operator.py
[2024-05-24T17:01:44.892+0700] {processor.py:830} INFO - Processing file /mnt/d/Programming/Vietnamese-Text-Generator/airflow_env/lib/python3.10/site-packages/airflow/example_dags/example_short_circuit_operator.py for tasks to queue
[2024-05-24T17:01:44.905+0700] {logging_mixin.py:188} INFO - [2024-05-24T17:01:44.901+0700] {dagbag.py:540} INFO - Filling up the DagBag from /mnt/d/Programming/Vietnamese-Text-Generator/airflow_env/lib/python3.10/site-packages/airflow/example_dags/example_short_circuit_operator.py
[2024-05-24T17:01:45.001+0700] {processor.py:840} INFO - DAG(s) 'example_short_circuit_operator' retrieved from /mnt/d/Programming/Vietnamese-Text-Generator/airflow_env/lib/python3.10/site-packages/airflow/example_dags/example_short_circuit_operator.py
[2024-05-24T17:01:45.132+0700] {logging_mixin.py:188} INFO - [2024-05-24T17:01:45.129+0700] {dag.py:3096} INFO - Sync 1 DAGs
[2024-05-24T17:01:45.230+0700] {logging_mixin.py:188} INFO - [2024-05-24T17:01:45.228+0700] {dag.py:3954} INFO - Setting next_dagrun for example_short_circuit_operator to 2024-05-23 00:00:00+00:00, run_after=2024-05-24 00:00:00+00:00
[2024-05-24T17:01:45.414+0700] {processor.py:183} INFO - Processing /mnt/d/Programming/Vietnamese-Text-Generator/airflow_env/lib/python3.10/site-packages/airflow/example_dags/example_short_circuit_operator.py took 0.578 seconds
[2024-05-24T17:03:43.525+0700] {processor.py:161} INFO - Started process (PID=2326) to work on /mnt/d/Programming/Vietnamese-Text-Generator/airflow_env/lib/python3.10/site-packages/airflow/example_dags/example_short_circuit_operator.py
[2024-05-24T17:03:43.531+0700] {processor.py:830} INFO - Processing file /mnt/d/Programming/Vietnamese-Text-Generator/airflow_env/lib/python3.10/site-packages/airflow/example_dags/example_short_circuit_operator.py for tasks to queue
[2024-05-24T17:03:43.542+0700] {logging_mixin.py:188} INFO - [2024-05-24T17:03:43.538+0700] {dagbag.py:540} INFO - Filling up the DagBag from /mnt/d/Programming/Vietnamese-Text-Generator/airflow_env/lib/python3.10/site-packages/airflow/example_dags/example_short_circuit_operator.py
[2024-05-24T17:03:43.616+0700] {processor.py:840} INFO - DAG(s) 'example_short_circuit_operator' retrieved from /mnt/d/Programming/Vietnamese-Text-Generator/airflow_env/lib/python3.10/site-packages/airflow/example_dags/example_short_circuit_operator.py
[2024-05-24T17:03:43.710+0700] {logging_mixin.py:188} INFO - [2024-05-24T17:03:43.708+0700] {dag.py:3096} INFO - Sync 1 DAGs
[2024-05-24T17:03:43.809+0700] {logging_mixin.py:188} INFO - [2024-05-24T17:03:43.806+0700] {dag.py:3954} INFO - Setting next_dagrun for example_short_circuit_operator to 2024-05-23 00:00:00+00:00, run_after=2024-05-24 00:00:00+00:00
[2024-05-24T17:03:43.982+0700] {processor.py:183} INFO - Processing /mnt/d/Programming/Vietnamese-Text-Generator/airflow_env/lib/python3.10/site-packages/airflow/example_dags/example_short_circuit_operator.py took 0.497 seconds
[2024-05-24T17:04:57.927+0700] {processor.py:161} INFO - Started process (PID=2651) to work on /mnt/d/Programming/Vietnamese-Text-Generator/airflow_env/lib/python3.10/site-packages/airflow/example_dags/example_short_circuit_operator.py
[2024-05-24T17:04:57.930+0700] {processor.py:830} INFO - Processing file /mnt/d/Programming/Vietnamese-Text-Generator/airflow_env/lib/python3.10/site-packages/airflow/example_dags/example_short_circuit_operator.py for tasks to queue
[2024-05-24T17:04:57.935+0700] {logging_mixin.py:188} INFO - [2024-05-24T17:04:57.933+0700] {dagbag.py:540} INFO - Filling up the DagBag from /mnt/d/Programming/Vietnamese-Text-Generator/airflow_env/lib/python3.10/site-packages/airflow/example_dags/example_short_circuit_operator.py
[2024-05-24T17:04:57.971+0700] {processor.py:840} INFO - DAG(s) 'example_short_circuit_operator' retrieved from /mnt/d/Programming/Vietnamese-Text-Generator/airflow_env/lib/python3.10/site-packages/airflow/example_dags/example_short_circuit_operator.py
[2024-05-24T17:04:58.021+0700] {logging_mixin.py:188} INFO - [2024-05-24T17:04:58.019+0700] {dag.py:3096} INFO - Sync 1 DAGs
[2024-05-24T17:04:58.064+0700] {logging_mixin.py:188} INFO - [2024-05-24T17:04:58.063+0700] {dag.py:3954} INFO - Setting next_dagrun for example_short_circuit_operator to 2024-05-23 00:00:00+00:00, run_after=2024-05-24 00:00:00+00:00
[2024-05-24T17:04:58.127+0700] {processor.py:183} INFO - Processing /mnt/d/Programming/Vietnamese-Text-Generator/airflow_env/lib/python3.10/site-packages/airflow/example_dags/example_short_circuit_operator.py took 0.219 seconds
[2024-05-24T17:06:07.063+0700] {processor.py:161} INFO - Started process (PID=2954) to work on /mnt/d/Programming/Vietnamese-Text-Generator/airflow_env/lib/python3.10/site-packages/airflow/example_dags/example_short_circuit_operator.py
[2024-05-24T17:06:07.068+0700] {processor.py:830} INFO - Processing file /mnt/d/Programming/Vietnamese-Text-Generator/airflow_env/lib/python3.10/site-packages/airflow/example_dags/example_short_circuit_operator.py for tasks to queue
[2024-05-24T17:06:07.078+0700] {logging_mixin.py:188} INFO - [2024-05-24T17:06:07.075+0700] {dagbag.py:540} INFO - Filling up the DagBag from /mnt/d/Programming/Vietnamese-Text-Generator/airflow_env/lib/python3.10/site-packages/airflow/example_dags/example_short_circuit_operator.py
[2024-05-24T17:06:07.158+0700] {processor.py:840} INFO - DAG(s) 'example_short_circuit_operator' retrieved from /mnt/d/Programming/Vietnamese-Text-Generator/airflow_env/lib/python3.10/site-packages/airflow/example_dags/example_short_circuit_operator.py
[2024-05-24T17:06:07.248+0700] {logging_mixin.py:188} INFO - [2024-05-24T17:06:07.246+0700] {dag.py:3096} INFO - Sync 1 DAGs
[2024-05-24T17:06:07.368+0700] {logging_mixin.py:188} INFO - [2024-05-24T17:06:07.367+0700] {dag.py:3954} INFO - Setting next_dagrun for example_short_circuit_operator to 2024-05-23 00:00:00+00:00, run_after=2024-05-24 00:00:00+00:00
[2024-05-24T17:06:07.450+0700] {processor.py:183} INFO - Processing /mnt/d/Programming/Vietnamese-Text-Generator/airflow_env/lib/python3.10/site-packages/airflow/example_dags/example_short_circuit_operator.py took 0.427 seconds
[2024-05-24T17:07:14.116+0700] {processor.py:161} INFO - Started process (PID=3327) to work on /mnt/d/Programming/Vietnamese-Text-Generator/airflow_env/lib/python3.10/site-packages/airflow/example_dags/example_short_circuit_operator.py
[2024-05-24T17:07:14.122+0700] {processor.py:830} INFO - Processing file /mnt/d/Programming/Vietnamese-Text-Generator/airflow_env/lib/python3.10/site-packages/airflow/example_dags/example_short_circuit_operator.py for tasks to queue
[2024-05-24T17:07:14.134+0700] {logging_mixin.py:188} INFO - [2024-05-24T17:07:14.130+0700] {dagbag.py:540} INFO - Filling up the DagBag from /mnt/d/Programming/Vietnamese-Text-Generator/airflow_env/lib/python3.10/site-packages/airflow/example_dags/example_short_circuit_operator.py
[2024-05-24T17:07:14.229+0700] {processor.py:840} INFO - DAG(s) 'example_short_circuit_operator' retrieved from /mnt/d/Programming/Vietnamese-Text-Generator/airflow_env/lib/python3.10/site-packages/airflow/example_dags/example_short_circuit_operator.py
[2024-05-24T17:07:14.325+0700] {logging_mixin.py:188} INFO - [2024-05-24T17:07:14.322+0700] {dag.py:3096} INFO - Sync 1 DAGs
[2024-05-24T17:07:14.426+0700] {logging_mixin.py:188} INFO - [2024-05-24T17:07:14.423+0700] {dag.py:3954} INFO - Setting next_dagrun for example_short_circuit_operator to 2024-05-23 00:00:00+00:00, run_after=2024-05-24 00:00:00+00:00
[2024-05-24T17:07:14.571+0700] {processor.py:183} INFO - Processing /mnt/d/Programming/Vietnamese-Text-Generator/airflow_env/lib/python3.10/site-packages/airflow/example_dags/example_short_circuit_operator.py took 0.500 seconds
[2024-05-24T17:09:24.589+0700] {processor.py:161} INFO - Started process (PID=3899) to work on /mnt/d/Programming/Vietnamese-Text-Generator/airflow_env/lib/python3.10/site-packages/airflow/example_dags/example_short_circuit_operator.py
[2024-05-24T17:09:24.595+0700] {processor.py:830} INFO - Processing file /mnt/d/Programming/Vietnamese-Text-Generator/airflow_env/lib/python3.10/site-packages/airflow/example_dags/example_short_circuit_operator.py for tasks to queue
[2024-05-24T17:09:24.607+0700] {logging_mixin.py:188} INFO - [2024-05-24T17:09:24.603+0700] {dagbag.py:540} INFO - Filling up the DagBag from /mnt/d/Programming/Vietnamese-Text-Generator/airflow_env/lib/python3.10/site-packages/airflow/example_dags/example_short_circuit_operator.py
[2024-05-24T17:09:24.702+0700] {processor.py:840} INFO - DAG(s) 'example_short_circuit_operator' retrieved from /mnt/d/Programming/Vietnamese-Text-Generator/airflow_env/lib/python3.10/site-packages/airflow/example_dags/example_short_circuit_operator.py
[2024-05-24T17:09:24.812+0700] {logging_mixin.py:188} INFO - [2024-05-24T17:09:24.808+0700] {dag.py:3096} INFO - Sync 1 DAGs
[2024-05-24T17:09:24.961+0700] {logging_mixin.py:188} INFO - [2024-05-24T17:09:24.954+0700] {dag.py:3954} INFO - Setting next_dagrun for example_short_circuit_operator to 2024-05-23 00:00:00+00:00, run_after=2024-05-24 00:00:00+00:00
[2024-05-24T17:09:25.108+0700] {processor.py:183} INFO - Processing /mnt/d/Programming/Vietnamese-Text-Generator/airflow_env/lib/python3.10/site-packages/airflow/example_dags/example_short_circuit_operator.py took 0.564 seconds
[2024-05-24T17:10:34.570+0700] {processor.py:161} INFO - Started process (PID=4204) to work on /mnt/d/Programming/Vietnamese-Text-Generator/airflow_env/lib/python3.10/site-packages/airflow/example_dags/example_short_circuit_operator.py
[2024-05-24T17:10:34.575+0700] {processor.py:830} INFO - Processing file /mnt/d/Programming/Vietnamese-Text-Generator/airflow_env/lib/python3.10/site-packages/airflow/example_dags/example_short_circuit_operator.py for tasks to queue
[2024-05-24T17:10:34.584+0700] {logging_mixin.py:188} INFO - [2024-05-24T17:10:34.581+0700] {dagbag.py:540} INFO - Filling up the DagBag from /mnt/d/Programming/Vietnamese-Text-Generator/airflow_env/lib/python3.10/site-packages/airflow/example_dags/example_short_circuit_operator.py
[2024-05-24T17:10:34.706+0700] {processor.py:840} INFO - DAG(s) 'example_short_circuit_operator' retrieved from /mnt/d/Programming/Vietnamese-Text-Generator/airflow_env/lib/python3.10/site-packages/airflow/example_dags/example_short_circuit_operator.py
[2024-05-24T17:10:34.804+0700] {logging_mixin.py:188} INFO - [2024-05-24T17:10:34.802+0700] {dag.py:3096} INFO - Sync 1 DAGs
[2024-05-24T17:10:34.861+0700] {logging_mixin.py:188} INFO - [2024-05-24T17:10:34.860+0700] {dag.py:3954} INFO - Setting next_dagrun for example_short_circuit_operator to 2024-05-23 00:00:00+00:00, run_after=2024-05-24 00:00:00+00:00
[2024-05-24T17:10:34.949+0700] {processor.py:183} INFO - Processing /mnt/d/Programming/Vietnamese-Text-Generator/airflow_env/lib/python3.10/site-packages/airflow/example_dags/example_short_circuit_operator.py took 0.413 seconds
[2024-05-24T17:11:45.341+0700] {processor.py:161} INFO - Started process (PID=4516) to work on /mnt/d/Programming/Vietnamese-Text-Generator/airflow_env/lib/python3.10/site-packages/airflow/example_dags/example_short_circuit_operator.py
[2024-05-24T17:11:45.348+0700] {processor.py:830} INFO - Processing file /mnt/d/Programming/Vietnamese-Text-Generator/airflow_env/lib/python3.10/site-packages/airflow/example_dags/example_short_circuit_operator.py for tasks to queue
[2024-05-24T17:11:45.361+0700] {logging_mixin.py:188} INFO - [2024-05-24T17:11:45.357+0700] {dagbag.py:540} INFO - Filling up the DagBag from /mnt/d/Programming/Vietnamese-Text-Generator/airflow_env/lib/python3.10/site-packages/airflow/example_dags/example_short_circuit_operator.py
[2024-05-24T17:11:45.463+0700] {processor.py:840} INFO - DAG(s) 'example_short_circuit_operator' retrieved from /mnt/d/Programming/Vietnamese-Text-Generator/airflow_env/lib/python3.10/site-packages/airflow/example_dags/example_short_circuit_operator.py
[2024-05-24T17:11:45.579+0700] {logging_mixin.py:188} INFO - [2024-05-24T17:11:45.576+0700] {dag.py:3096} INFO - Sync 1 DAGs
[2024-05-24T17:11:45.683+0700] {logging_mixin.py:188} INFO - [2024-05-24T17:11:45.680+0700] {dag.py:3954} INFO - Setting next_dagrun for example_short_circuit_operator to 2024-05-23 00:00:00+00:00, run_after=2024-05-24 00:00:00+00:00
[2024-05-24T17:11:45.871+0700] {processor.py:183} INFO - Processing /mnt/d/Programming/Vietnamese-Text-Generator/airflow_env/lib/python3.10/site-packages/airflow/example_dags/example_short_circuit_operator.py took 0.580 seconds
[2024-05-24T17:12:55.359+0700] {processor.py:161} INFO - Started process (PID=4819) to work on /mnt/d/Programming/Vietnamese-Text-Generator/airflow_env/lib/python3.10/site-packages/airflow/example_dags/example_short_circuit_operator.py
[2024-05-24T17:12:55.365+0700] {processor.py:830} INFO - Processing file /mnt/d/Programming/Vietnamese-Text-Generator/airflow_env/lib/python3.10/site-packages/airflow/example_dags/example_short_circuit_operator.py for tasks to queue
[2024-05-24T17:12:55.377+0700] {logging_mixin.py:188} INFO - [2024-05-24T17:12:55.373+0700] {dagbag.py:540} INFO - Filling up the DagBag from /mnt/d/Programming/Vietnamese-Text-Generator/airflow_env/lib/python3.10/site-packages/airflow/example_dags/example_short_circuit_operator.py
[2024-05-24T17:12:55.472+0700] {processor.py:840} INFO - DAG(s) 'example_short_circuit_operator' retrieved from /mnt/d/Programming/Vietnamese-Text-Generator/airflow_env/lib/python3.10/site-packages/airflow/example_dags/example_short_circuit_operator.py
[2024-05-24T17:12:55.576+0700] {logging_mixin.py:188} INFO - [2024-05-24T17:12:55.572+0700] {dag.py:3096} INFO - Sync 1 DAGs
[2024-05-24T17:12:55.681+0700] {logging_mixin.py:188} INFO - [2024-05-24T17:12:55.677+0700] {dag.py:3954} INFO - Setting next_dagrun for example_short_circuit_operator to 2024-05-23 00:00:00+00:00, run_after=2024-05-24 00:00:00+00:00
[2024-05-24T17:12:55.888+0700] {processor.py:183} INFO - Processing /mnt/d/Programming/Vietnamese-Text-Generator/airflow_env/lib/python3.10/site-packages/airflow/example_dags/example_short_circuit_operator.py took 0.572 seconds
[2024-05-24T17:14:03.865+0700] {processor.py:161} INFO - Started process (PID=5118) to work on /mnt/d/Programming/Vietnamese-Text-Generator/airflow_env/lib/python3.10/site-packages/airflow/example_dags/example_short_circuit_operator.py
[2024-05-24T17:14:03.871+0700] {processor.py:830} INFO - Processing file /mnt/d/Programming/Vietnamese-Text-Generator/airflow_env/lib/python3.10/site-packages/airflow/example_dags/example_short_circuit_operator.py for tasks to queue
[2024-05-24T17:14:03.882+0700] {logging_mixin.py:188} INFO - [2024-05-24T17:14:03.878+0700] {dagbag.py:540} INFO - Filling up the DagBag from /mnt/d/Programming/Vietnamese-Text-Generator/airflow_env/lib/python3.10/site-packages/airflow/example_dags/example_short_circuit_operator.py
[2024-05-24T17:14:03.959+0700] {processor.py:840} INFO - DAG(s) 'example_short_circuit_operator' retrieved from /mnt/d/Programming/Vietnamese-Text-Generator/airflow_env/lib/python3.10/site-packages/airflow/example_dags/example_short_circuit_operator.py
[2024-05-24T17:14:04.051+0700] {logging_mixin.py:188} INFO - [2024-05-24T17:14:04.048+0700] {dag.py:3096} INFO - Sync 1 DAGs
[2024-05-24T17:14:04.146+0700] {logging_mixin.py:188} INFO - [2024-05-24T17:14:04.143+0700] {dag.py:3954} INFO - Setting next_dagrun for example_short_circuit_operator to 2024-05-23 00:00:00+00:00, run_after=2024-05-24 00:00:00+00:00
[2024-05-24T17:14:04.355+0700] {processor.py:183} INFO - Processing /mnt/d/Programming/Vietnamese-Text-Generator/airflow_env/lib/python3.10/site-packages/airflow/example_dags/example_short_circuit_operator.py took 0.528 seconds
[2024-05-24T17:16:23.070+0700] {processor.py:161} INFO - Started process (PID=5727) to work on /mnt/d/Programming/Vietnamese-Text-Generator/airflow_env/lib/python3.10/site-packages/airflow/example_dags/example_short_circuit_operator.py
[2024-05-24T17:16:23.076+0700] {processor.py:830} INFO - Processing file /mnt/d/Programming/Vietnamese-Text-Generator/airflow_env/lib/python3.10/site-packages/airflow/example_dags/example_short_circuit_operator.py for tasks to queue
[2024-05-24T17:16:23.087+0700] {logging_mixin.py:188} INFO - [2024-05-24T17:16:23.084+0700] {dagbag.py:540} INFO - Filling up the DagBag from /mnt/d/Programming/Vietnamese-Text-Generator/airflow_env/lib/python3.10/site-packages/airflow/example_dags/example_short_circuit_operator.py
[2024-05-24T17:16:23.177+0700] {processor.py:840} INFO - DAG(s) 'example_short_circuit_operator' retrieved from /mnt/d/Programming/Vietnamese-Text-Generator/airflow_env/lib/python3.10/site-packages/airflow/example_dags/example_short_circuit_operator.py
[2024-05-24T17:16:23.283+0700] {logging_mixin.py:188} INFO - [2024-05-24T17:16:23.279+0700] {dag.py:3096} INFO - Sync 1 DAGs
[2024-05-24T17:16:23.386+0700] {logging_mixin.py:188} INFO - [2024-05-24T17:16:23.383+0700] {dag.py:3954} INFO - Setting next_dagrun for example_short_circuit_operator to 2024-05-23 00:00:00+00:00, run_after=2024-05-24 00:00:00+00:00
[2024-05-24T17:16:23.597+0700] {processor.py:183} INFO - Processing /mnt/d/Programming/Vietnamese-Text-Generator/airflow_env/lib/python3.10/site-packages/airflow/example_dags/example_short_circuit_operator.py took 0.569 seconds
[2024-05-24T17:17:33.762+0700] {processor.py:161} INFO - Started process (PID=6036) to work on /mnt/d/Programming/Vietnamese-Text-Generator/airflow_env/lib/python3.10/site-packages/airflow/example_dags/example_short_circuit_operator.py
[2024-05-24T17:17:33.768+0700] {processor.py:830} INFO - Processing file /mnt/d/Programming/Vietnamese-Text-Generator/airflow_env/lib/python3.10/site-packages/airflow/example_dags/example_short_circuit_operator.py for tasks to queue
[2024-05-24T17:17:33.778+0700] {logging_mixin.py:188} INFO - [2024-05-24T17:17:33.775+0700] {dagbag.py:540} INFO - Filling up the DagBag from /mnt/d/Programming/Vietnamese-Text-Generator/airflow_env/lib/python3.10/site-packages/airflow/example_dags/example_short_circuit_operator.py
[2024-05-24T17:17:33.865+0700] {processor.py:840} INFO - DAG(s) 'example_short_circuit_operator' retrieved from /mnt/d/Programming/Vietnamese-Text-Generator/airflow_env/lib/python3.10/site-packages/airflow/example_dags/example_short_circuit_operator.py
[2024-05-24T17:17:33.970+0700] {logging_mixin.py:188} INFO - [2024-05-24T17:17:33.967+0700] {dag.py:3096} INFO - Sync 1 DAGs
[2024-05-24T17:17:34.075+0700] {logging_mixin.py:188} INFO - [2024-05-24T17:17:34.071+0700] {dag.py:3954} INFO - Setting next_dagrun for example_short_circuit_operator to 2024-05-23 00:00:00+00:00, run_after=2024-05-24 00:00:00+00:00
[2024-05-24T17:17:34.290+0700] {processor.py:183} INFO - Processing /mnt/d/Programming/Vietnamese-Text-Generator/airflow_env/lib/python3.10/site-packages/airflow/example_dags/example_short_circuit_operator.py took 0.567 seconds
[2024-05-24T17:18:46.242+0700] {processor.py:161} INFO - Started process (PID=6356) to work on /mnt/d/Programming/Vietnamese-Text-Generator/airflow_env/lib/python3.10/site-packages/airflow/example_dags/example_short_circuit_operator.py
[2024-05-24T17:18:46.249+0700] {processor.py:830} INFO - Processing file /mnt/d/Programming/Vietnamese-Text-Generator/airflow_env/lib/python3.10/site-packages/airflow/example_dags/example_short_circuit_operator.py for tasks to queue
[2024-05-24T17:18:46.262+0700] {logging_mixin.py:188} INFO - [2024-05-24T17:18:46.258+0700] {dagbag.py:540} INFO - Filling up the DagBag from /mnt/d/Programming/Vietnamese-Text-Generator/airflow_env/lib/python3.10/site-packages/airflow/example_dags/example_short_circuit_operator.py
[2024-05-24T17:18:46.359+0700] {processor.py:840} INFO - DAG(s) 'example_short_circuit_operator' retrieved from /mnt/d/Programming/Vietnamese-Text-Generator/airflow_env/lib/python3.10/site-packages/airflow/example_dags/example_short_circuit_operator.py
[2024-05-24T17:18:46.495+0700] {logging_mixin.py:188} INFO - [2024-05-24T17:18:46.491+0700] {dag.py:3096} INFO - Sync 1 DAGs
[2024-05-24T17:18:46.585+0700] {logging_mixin.py:188} INFO - [2024-05-24T17:18:46.582+0700] {dag.py:3954} INFO - Setting next_dagrun for example_short_circuit_operator to 2024-05-23 00:00:00+00:00, run_after=2024-05-24 00:00:00+00:00
[2024-05-24T17:18:46.753+0700] {processor.py:183} INFO - Processing /mnt/d/Programming/Vietnamese-Text-Generator/airflow_env/lib/python3.10/site-packages/airflow/example_dags/example_short_circuit_operator.py took 0.561 seconds
[2024-05-24T17:19:55.147+0700] {processor.py:161} INFO - Started process (PID=6655) to work on /mnt/d/Programming/Vietnamese-Text-Generator/airflow_env/lib/python3.10/site-packages/airflow/example_dags/example_short_circuit_operator.py
[2024-05-24T17:19:55.163+0700] {processor.py:830} INFO - Processing file /mnt/d/Programming/Vietnamese-Text-Generator/airflow_env/lib/python3.10/site-packages/airflow/example_dags/example_short_circuit_operator.py for tasks to queue
[2024-05-24T17:19:55.191+0700] {logging_mixin.py:188} INFO - [2024-05-24T17:19:55.185+0700] {dagbag.py:540} INFO - Filling up the DagBag from /mnt/d/Programming/Vietnamese-Text-Generator/airflow_env/lib/python3.10/site-packages/airflow/example_dags/example_short_circuit_operator.py
[2024-05-24T17:19:55.244+0700] {processor.py:840} INFO - DAG(s) 'example_short_circuit_operator' retrieved from /mnt/d/Programming/Vietnamese-Text-Generator/airflow_env/lib/python3.10/site-packages/airflow/example_dags/example_short_circuit_operator.py
[2024-05-24T17:19:55.293+0700] {logging_mixin.py:188} INFO - [2024-05-24T17:19:55.292+0700] {dag.py:3096} INFO - Sync 1 DAGs
[2024-05-24T17:19:55.327+0700] {logging_mixin.py:188} INFO - [2024-05-24T17:19:55.326+0700] {dag.py:3954} INFO - Setting next_dagrun for example_short_circuit_operator to 2024-05-23 00:00:00+00:00, run_after=2024-05-24 00:00:00+00:00
[2024-05-24T17:19:55.412+0700] {processor.py:183} INFO - Processing /mnt/d/Programming/Vietnamese-Text-Generator/airflow_env/lib/python3.10/site-packages/airflow/example_dags/example_short_circuit_operator.py took 0.337 seconds
[2024-05-24T17:22:05.919+0700] {processor.py:161} INFO - Started process (PID=7226) to work on /mnt/d/Programming/Vietnamese-Text-Generator/airflow_env/lib/python3.10/site-packages/airflow/example_dags/example_short_circuit_operator.py
[2024-05-24T17:22:05.926+0700] {processor.py:830} INFO - Processing file /mnt/d/Programming/Vietnamese-Text-Generator/airflow_env/lib/python3.10/site-packages/airflow/example_dags/example_short_circuit_operator.py for tasks to queue
[2024-05-24T17:22:05.938+0700] {logging_mixin.py:188} INFO - [2024-05-24T17:22:05.934+0700] {dagbag.py:540} INFO - Filling up the DagBag from /mnt/d/Programming/Vietnamese-Text-Generator/airflow_env/lib/python3.10/site-packages/airflow/example_dags/example_short_circuit_operator.py
[2024-05-24T17:22:06.033+0700] {processor.py:840} INFO - DAG(s) 'example_short_circuit_operator' retrieved from /mnt/d/Programming/Vietnamese-Text-Generator/airflow_env/lib/python3.10/site-packages/airflow/example_dags/example_short_circuit_operator.py
[2024-05-24T17:22:06.122+0700] {logging_mixin.py:188} INFO - [2024-05-24T17:22:06.119+0700] {dag.py:3096} INFO - Sync 1 DAGs
[2024-05-24T17:22:06.261+0700] {logging_mixin.py:188} INFO - [2024-05-24T17:22:06.257+0700] {dag.py:3954} INFO - Setting next_dagrun for example_short_circuit_operator to 2024-05-23 00:00:00+00:00, run_after=2024-05-24 00:00:00+00:00
[2024-05-24T17:22:06.466+0700] {processor.py:183} INFO - Processing /mnt/d/Programming/Vietnamese-Text-Generator/airflow_env/lib/python3.10/site-packages/airflow/example_dags/example_short_circuit_operator.py took 0.596 seconds
[2024-05-24T17:23:15.389+0700] {processor.py:161} INFO - Started process (PID=7532) to work on /mnt/d/Programming/Vietnamese-Text-Generator/airflow_env/lib/python3.10/site-packages/airflow/example_dags/example_short_circuit_operator.py
[2024-05-24T17:23:15.392+0700] {processor.py:830} INFO - Processing file /mnt/d/Programming/Vietnamese-Text-Generator/airflow_env/lib/python3.10/site-packages/airflow/example_dags/example_short_circuit_operator.py for tasks to queue
[2024-05-24T17:23:15.397+0700] {logging_mixin.py:188} INFO - [2024-05-24T17:23:15.395+0700] {dagbag.py:540} INFO - Filling up the DagBag from /mnt/d/Programming/Vietnamese-Text-Generator/airflow_env/lib/python3.10/site-packages/airflow/example_dags/example_short_circuit_operator.py
[2024-05-24T17:23:15.426+0700] {processor.py:840} INFO - DAG(s) 'example_short_circuit_operator' retrieved from /mnt/d/Programming/Vietnamese-Text-Generator/airflow_env/lib/python3.10/site-packages/airflow/example_dags/example_short_circuit_operator.py
[2024-05-24T17:23:15.469+0700] {logging_mixin.py:188} INFO - [2024-05-24T17:23:15.468+0700] {dag.py:3096} INFO - Sync 1 DAGs
[2024-05-24T17:23:15.511+0700] {logging_mixin.py:188} INFO - [2024-05-24T17:23:15.510+0700] {dag.py:3954} INFO - Setting next_dagrun for example_short_circuit_operator to 2024-05-23 00:00:00+00:00, run_after=2024-05-24 00:00:00+00:00
[2024-05-24T17:23:15.587+0700] {processor.py:183} INFO - Processing /mnt/d/Programming/Vietnamese-Text-Generator/airflow_env/lib/python3.10/site-packages/airflow/example_dags/example_short_circuit_operator.py took 0.220 seconds
[2024-05-24T17:47:03.167+0700] {processor.py:161} INFO - Started process (PID=8109) to work on /mnt/d/Programming/Vietnamese-Text-Generator/airflow_env/lib/python3.10/site-packages/airflow/example_dags/example_short_circuit_operator.py
[2024-05-24T17:47:03.171+0700] {processor.py:830} INFO - Processing file /mnt/d/Programming/Vietnamese-Text-Generator/airflow_env/lib/python3.10/site-packages/airflow/example_dags/example_short_circuit_operator.py for tasks to queue
[2024-05-24T17:47:03.177+0700] {logging_mixin.py:188} INFO - [2024-05-24T17:47:03.175+0700] {dagbag.py:540} INFO - Filling up the DagBag from /mnt/d/Programming/Vietnamese-Text-Generator/airflow_env/lib/python3.10/site-packages/airflow/example_dags/example_short_circuit_operator.py
[2024-05-24T17:47:03.204+0700] {processor.py:840} INFO - DAG(s) 'example_short_circuit_operator' retrieved from /mnt/d/Programming/Vietnamese-Text-Generator/airflow_env/lib/python3.10/site-packages/airflow/example_dags/example_short_circuit_operator.py
[2024-05-24T17:47:03.237+0700] {logging_mixin.py:188} INFO - [2024-05-24T17:47:03.236+0700] {dag.py:3096} INFO - Sync 1 DAGs
[2024-05-24T17:47:03.270+0700] {logging_mixin.py:188} INFO - [2024-05-24T17:47:03.270+0700] {dag.py:3954} INFO - Setting next_dagrun for example_short_circuit_operator to 2024-05-23 00:00:00+00:00, run_after=2024-05-24 00:00:00+00:00
[2024-05-24T17:47:03.335+0700] {processor.py:183} INFO - Processing /mnt/d/Programming/Vietnamese-Text-Generator/airflow_env/lib/python3.10/site-packages/airflow/example_dags/example_short_circuit_operator.py took 0.187 seconds
[2024-05-24T17:48:14.227+0700] {processor.py:161} INFO - Started process (PID=8447) to work on /mnt/d/Programming/Vietnamese-Text-Generator/airflow_env/lib/python3.10/site-packages/airflow/example_dags/example_short_circuit_operator.py
[2024-05-24T17:48:14.233+0700] {processor.py:830} INFO - Processing file /mnt/d/Programming/Vietnamese-Text-Generator/airflow_env/lib/python3.10/site-packages/airflow/example_dags/example_short_circuit_operator.py for tasks to queue
[2024-05-24T17:48:14.246+0700] {logging_mixin.py:188} INFO - [2024-05-24T17:48:14.241+0700] {dagbag.py:540} INFO - Filling up the DagBag from /mnt/d/Programming/Vietnamese-Text-Generator/airflow_env/lib/python3.10/site-packages/airflow/example_dags/example_short_circuit_operator.py
[2024-05-24T17:48:14.337+0700] {processor.py:840} INFO - DAG(s) 'example_short_circuit_operator' retrieved from /mnt/d/Programming/Vietnamese-Text-Generator/airflow_env/lib/python3.10/site-packages/airflow/example_dags/example_short_circuit_operator.py
[2024-05-24T17:48:14.431+0700] {logging_mixin.py:188} INFO - [2024-05-24T17:48:14.428+0700] {dag.py:3096} INFO - Sync 1 DAGs
[2024-05-24T17:48:14.536+0700] {logging_mixin.py:188} INFO - [2024-05-24T17:48:14.532+0700] {dag.py:3954} INFO - Setting next_dagrun for example_short_circuit_operator to 2024-05-23 00:00:00+00:00, run_after=2024-05-24 00:00:00+00:00
[2024-05-24T17:48:14.734+0700] {processor.py:183} INFO - Processing /mnt/d/Programming/Vietnamese-Text-Generator/airflow_env/lib/python3.10/site-packages/airflow/example_dags/example_short_circuit_operator.py took 0.553 seconds
[2024-05-24T17:50:20.061+0700] {processor.py:161} INFO - Started process (PID=9000) to work on /mnt/d/Programming/Vietnamese-Text-Generator/airflow_env/lib/python3.10/site-packages/airflow/example_dags/example_short_circuit_operator.py
[2024-05-24T17:50:20.068+0700] {processor.py:830} INFO - Processing file /mnt/d/Programming/Vietnamese-Text-Generator/airflow_env/lib/python3.10/site-packages/airflow/example_dags/example_short_circuit_operator.py for tasks to queue
[2024-05-24T17:50:20.083+0700] {logging_mixin.py:188} INFO - [2024-05-24T17:50:20.080+0700] {dagbag.py:540} INFO - Filling up the DagBag from /mnt/d/Programming/Vietnamese-Text-Generator/airflow_env/lib/python3.10/site-packages/airflow/example_dags/example_short_circuit_operator.py
[2024-05-24T17:50:20.164+0700] {processor.py:840} INFO - DAG(s) 'example_short_circuit_operator' retrieved from /mnt/d/Programming/Vietnamese-Text-Generator/airflow_env/lib/python3.10/site-packages/airflow/example_dags/example_short_circuit_operator.py
[2024-05-24T17:50:20.257+0700] {logging_mixin.py:188} INFO - [2024-05-24T17:50:20.254+0700] {dag.py:3096} INFO - Sync 1 DAGs
[2024-05-24T17:50:20.356+0700] {logging_mixin.py:188} INFO - [2024-05-24T17:50:20.353+0700] {dag.py:3954} INFO - Setting next_dagrun for example_short_circuit_operator to 2024-05-23 00:00:00+00:00, run_after=2024-05-24 00:00:00+00:00
[2024-05-24T17:50:20.556+0700] {processor.py:183} INFO - Processing /mnt/d/Programming/Vietnamese-Text-Generator/airflow_env/lib/python3.10/site-packages/airflow/example_dags/example_short_circuit_operator.py took 0.540 seconds
[2024-05-24T17:51:30.357+0700] {processor.py:161} INFO - Started process (PID=9305) to work on /mnt/d/Programming/Vietnamese-Text-Generator/airflow_env/lib/python3.10/site-packages/airflow/example_dags/example_short_circuit_operator.py
[2024-05-24T17:51:30.360+0700] {processor.py:830} INFO - Processing file /mnt/d/Programming/Vietnamese-Text-Generator/airflow_env/lib/python3.10/site-packages/airflow/example_dags/example_short_circuit_operator.py for tasks to queue
[2024-05-24T17:51:30.365+0700] {logging_mixin.py:188} INFO - [2024-05-24T17:51:30.363+0700] {dagbag.py:540} INFO - Filling up the DagBag from /mnt/d/Programming/Vietnamese-Text-Generator/airflow_env/lib/python3.10/site-packages/airflow/example_dags/example_short_circuit_operator.py
[2024-05-24T17:51:30.397+0700] {processor.py:840} INFO - DAG(s) 'example_short_circuit_operator' retrieved from /mnt/d/Programming/Vietnamese-Text-Generator/airflow_env/lib/python3.10/site-packages/airflow/example_dags/example_short_circuit_operator.py
[2024-05-24T17:51:30.438+0700] {logging_mixin.py:188} INFO - [2024-05-24T17:51:30.437+0700] {dag.py:3096} INFO - Sync 1 DAGs
[2024-05-24T17:51:30.473+0700] {logging_mixin.py:188} INFO - [2024-05-24T17:51:30.471+0700] {dag.py:3954} INFO - Setting next_dagrun for example_short_circuit_operator to 2024-05-23 00:00:00+00:00, run_after=2024-05-24 00:00:00+00:00
[2024-05-24T17:51:30.543+0700] {processor.py:183} INFO - Processing /mnt/d/Programming/Vietnamese-Text-Generator/airflow_env/lib/python3.10/site-packages/airflow/example_dags/example_short_circuit_operator.py took 0.211 seconds
[2024-05-24T17:52:43.188+0700] {processor.py:161} INFO - Started process (PID=9625) to work on /mnt/d/Programming/Vietnamese-Text-Generator/airflow_env/lib/python3.10/site-packages/airflow/example_dags/example_short_circuit_operator.py
[2024-05-24T17:52:43.195+0700] {processor.py:830} INFO - Processing file /mnt/d/Programming/Vietnamese-Text-Generator/airflow_env/lib/python3.10/site-packages/airflow/example_dags/example_short_circuit_operator.py for tasks to queue
[2024-05-24T17:52:43.208+0700] {logging_mixin.py:188} INFO - [2024-05-24T17:52:43.204+0700] {dagbag.py:540} INFO - Filling up the DagBag from /mnt/d/Programming/Vietnamese-Text-Generator/airflow_env/lib/python3.10/site-packages/airflow/example_dags/example_short_circuit_operator.py
[2024-05-24T17:52:43.309+0700] {processor.py:840} INFO - DAG(s) 'example_short_circuit_operator' retrieved from /mnt/d/Programming/Vietnamese-Text-Generator/airflow_env/lib/python3.10/site-packages/airflow/example_dags/example_short_circuit_operator.py
[2024-05-24T17:52:43.428+0700] {logging_mixin.py:188} INFO - [2024-05-24T17:52:43.424+0700] {dag.py:3096} INFO - Sync 1 DAGs
[2024-05-24T17:52:43.545+0700] {logging_mixin.py:188} INFO - [2024-05-24T17:52:43.541+0700] {dag.py:3954} INFO - Setting next_dagrun for example_short_circuit_operator to 2024-05-23 00:00:00+00:00, run_after=2024-05-24 00:00:00+00:00
[2024-05-24T17:52:43.777+0700] {processor.py:183} INFO - Processing /mnt/d/Programming/Vietnamese-Text-Generator/airflow_env/lib/python3.10/site-packages/airflow/example_dags/example_short_circuit_operator.py took 0.637 seconds
[2024-05-24T17:55:00.694+0700] {processor.py:161} INFO - Started process (PID=10222) to work on /mnt/d/Programming/Vietnamese-Text-Generator/airflow_env/lib/python3.10/site-packages/airflow/example_dags/example_short_circuit_operator.py
[2024-05-24T17:55:00.700+0700] {processor.py:830} INFO - Processing file /mnt/d/Programming/Vietnamese-Text-Generator/airflow_env/lib/python3.10/site-packages/airflow/example_dags/example_short_circuit_operator.py for tasks to queue
[2024-05-24T17:55:00.711+0700] {logging_mixin.py:188} INFO - [2024-05-24T17:55:00.708+0700] {dagbag.py:540} INFO - Filling up the DagBag from /mnt/d/Programming/Vietnamese-Text-Generator/airflow_env/lib/python3.10/site-packages/airflow/example_dags/example_short_circuit_operator.py
[2024-05-24T17:55:00.781+0700] {processor.py:840} INFO - DAG(s) 'example_short_circuit_operator' retrieved from /mnt/d/Programming/Vietnamese-Text-Generator/airflow_env/lib/python3.10/site-packages/airflow/example_dags/example_short_circuit_operator.py
[2024-05-24T17:55:00.870+0700] {logging_mixin.py:188} INFO - [2024-05-24T17:55:00.868+0700] {dag.py:3096} INFO - Sync 1 DAGs
[2024-05-24T17:55:00.961+0700] {logging_mixin.py:188} INFO - [2024-05-24T17:55:00.958+0700] {dag.py:3954} INFO - Setting next_dagrun for example_short_circuit_operator to 2024-05-23 00:00:00+00:00, run_after=2024-05-24 00:00:00+00:00
[2024-05-24T17:55:01.131+0700] {processor.py:183} INFO - Processing /mnt/d/Programming/Vietnamese-Text-Generator/airflow_env/lib/python3.10/site-packages/airflow/example_dags/example_short_circuit_operator.py took 0.477 seconds
[2024-05-24T17:56:09.515+0700] {processor.py:161} INFO - Started process (PID=10524) to work on /mnt/d/Programming/Vietnamese-Text-Generator/airflow_env/lib/python3.10/site-packages/airflow/example_dags/example_short_circuit_operator.py
[2024-05-24T17:56:09.523+0700] {processor.py:830} INFO - Processing file /mnt/d/Programming/Vietnamese-Text-Generator/airflow_env/lib/python3.10/site-packages/airflow/example_dags/example_short_circuit_operator.py for tasks to queue
[2024-05-24T17:56:09.537+0700] {logging_mixin.py:188} INFO - [2024-05-24T17:56:09.533+0700] {dagbag.py:540} INFO - Filling up the DagBag from /mnt/d/Programming/Vietnamese-Text-Generator/airflow_env/lib/python3.10/site-packages/airflow/example_dags/example_short_circuit_operator.py
[2024-05-24T17:56:09.636+0700] {processor.py:840} INFO - DAG(s) 'example_short_circuit_operator' retrieved from /mnt/d/Programming/Vietnamese-Text-Generator/airflow_env/lib/python3.10/site-packages/airflow/example_dags/example_short_circuit_operator.py
[2024-05-24T17:56:09.749+0700] {logging_mixin.py:188} INFO - [2024-05-24T17:56:09.746+0700] {dag.py:3096} INFO - Sync 1 DAGs
[2024-05-24T17:56:09.852+0700] {logging_mixin.py:188} INFO - [2024-05-24T17:56:09.848+0700] {dag.py:3954} INFO - Setting next_dagrun for example_short_circuit_operator to 2024-05-23 00:00:00+00:00, run_after=2024-05-24 00:00:00+00:00
[2024-05-24T17:56:10.071+0700] {processor.py:183} INFO - Processing /mnt/d/Programming/Vietnamese-Text-Generator/airflow_env/lib/python3.10/site-packages/airflow/example_dags/example_short_circuit_operator.py took 0.609 seconds
[2024-05-24T17:57:19.013+0700] {processor.py:161} INFO - Started process (PID=10827) to work on /mnt/d/Programming/Vietnamese-Text-Generator/airflow_env/lib/python3.10/site-packages/airflow/example_dags/example_short_circuit_operator.py
[2024-05-24T17:57:19.019+0700] {processor.py:830} INFO - Processing file /mnt/d/Programming/Vietnamese-Text-Generator/airflow_env/lib/python3.10/site-packages/airflow/example_dags/example_short_circuit_operator.py for tasks to queue
[2024-05-24T17:57:19.029+0700] {logging_mixin.py:188} INFO - [2024-05-24T17:57:19.026+0700] {dagbag.py:540} INFO - Filling up the DagBag from /mnt/d/Programming/Vietnamese-Text-Generator/airflow_env/lib/python3.10/site-packages/airflow/example_dags/example_short_circuit_operator.py
[2024-05-24T17:57:19.118+0700] {processor.py:840} INFO - DAG(s) 'example_short_circuit_operator' retrieved from /mnt/d/Programming/Vietnamese-Text-Generator/airflow_env/lib/python3.10/site-packages/airflow/example_dags/example_short_circuit_operator.py
[2024-05-24T17:57:19.222+0700] {logging_mixin.py:188} INFO - [2024-05-24T17:57:19.219+0700] {dag.py:3096} INFO - Sync 1 DAGs
[2024-05-24T17:57:19.325+0700] {logging_mixin.py:188} INFO - [2024-05-24T17:57:19.321+0700] {dag.py:3954} INFO - Setting next_dagrun for example_short_circuit_operator to 2024-05-23 00:00:00+00:00, run_after=2024-05-24 00:00:00+00:00
[2024-05-24T17:57:19.543+0700] {processor.py:183} INFO - Processing /mnt/d/Programming/Vietnamese-Text-Generator/airflow_env/lib/python3.10/site-packages/airflow/example_dags/example_short_circuit_operator.py took 0.570 seconds
[2024-05-24T17:58:28.249+0700] {processor.py:161} INFO - Started process (PID=11128) to work on /mnt/d/Programming/Vietnamese-Text-Generator/airflow_env/lib/python3.10/site-packages/airflow/example_dags/example_short_circuit_operator.py
[2024-05-24T17:58:28.256+0700] {processor.py:830} INFO - Processing file /mnt/d/Programming/Vietnamese-Text-Generator/airflow_env/lib/python3.10/site-packages/airflow/example_dags/example_short_circuit_operator.py for tasks to queue
[2024-05-24T17:58:28.268+0700] {logging_mixin.py:188} INFO - [2024-05-24T17:58:28.264+0700] {dagbag.py:540} INFO - Filling up the DagBag from /mnt/d/Programming/Vietnamese-Text-Generator/airflow_env/lib/python3.10/site-packages/airflow/example_dags/example_short_circuit_operator.py
[2024-05-24T17:58:28.349+0700] {processor.py:840} INFO - DAG(s) 'example_short_circuit_operator' retrieved from /mnt/d/Programming/Vietnamese-Text-Generator/airflow_env/lib/python3.10/site-packages/airflow/example_dags/example_short_circuit_operator.py
[2024-05-24T17:58:28.406+0700] {logging_mixin.py:188} INFO - [2024-05-24T17:58:28.404+0700] {dag.py:3096} INFO - Sync 1 DAGs
[2024-05-24T17:58:28.476+0700] {logging_mixin.py:188} INFO - [2024-05-24T17:58:28.474+0700] {dag.py:3954} INFO - Setting next_dagrun for example_short_circuit_operator to 2024-05-23 00:00:00+00:00, run_after=2024-05-24 00:00:00+00:00
[2024-05-24T17:58:28.622+0700] {processor.py:183} INFO - Processing /mnt/d/Programming/Vietnamese-Text-Generator/airflow_env/lib/python3.10/site-packages/airflow/example_dags/example_short_circuit_operator.py took 0.435 seconds
[2024-05-24T18:00:42.614+0700] {processor.py:161} INFO - Started process (PID=11714) to work on /mnt/d/Programming/Vietnamese-Text-Generator/airflow_env/lib/python3.10/site-packages/airflow/example_dags/example_short_circuit_operator.py
[2024-05-24T18:00:42.619+0700] {processor.py:830} INFO - Processing file /mnt/d/Programming/Vietnamese-Text-Generator/airflow_env/lib/python3.10/site-packages/airflow/example_dags/example_short_circuit_operator.py for tasks to queue
[2024-05-24T18:00:42.627+0700] {logging_mixin.py:188} INFO - [2024-05-24T18:00:42.625+0700] {dagbag.py:540} INFO - Filling up the DagBag from /mnt/d/Programming/Vietnamese-Text-Generator/airflow_env/lib/python3.10/site-packages/airflow/example_dags/example_short_circuit_operator.py
[2024-05-24T18:00:42.689+0700] {processor.py:840} INFO - DAG(s) 'example_short_circuit_operator' retrieved from /mnt/d/Programming/Vietnamese-Text-Generator/airflow_env/lib/python3.10/site-packages/airflow/example_dags/example_short_circuit_operator.py
[2024-05-24T18:00:42.743+0700] {logging_mixin.py:188} INFO - [2024-05-24T18:00:42.741+0700] {dag.py:3096} INFO - Sync 1 DAGs
[2024-05-24T18:00:42.794+0700] {logging_mixin.py:188} INFO - [2024-05-24T18:00:42.793+0700] {dag.py:3954} INFO - Setting next_dagrun for example_short_circuit_operator to 2024-05-23 00:00:00+00:00, run_after=2024-05-24 00:00:00+00:00
[2024-05-24T18:00:42.979+0700] {processor.py:183} INFO - Processing /mnt/d/Programming/Vietnamese-Text-Generator/airflow_env/lib/python3.10/site-packages/airflow/example_dags/example_short_circuit_operator.py took 0.395 seconds
[2024-05-24T18:01:53.654+0700] {processor.py:161} INFO - Started process (PID=12024) to work on /mnt/d/Programming/Vietnamese-Text-Generator/airflow_env/lib/python3.10/site-packages/airflow/example_dags/example_short_circuit_operator.py
[2024-05-24T18:01:53.660+0700] {processor.py:830} INFO - Processing file /mnt/d/Programming/Vietnamese-Text-Generator/airflow_env/lib/python3.10/site-packages/airflow/example_dags/example_short_circuit_operator.py for tasks to queue
[2024-05-24T18:01:53.673+0700] {logging_mixin.py:188} INFO - [2024-05-24T18:01:53.669+0700] {dagbag.py:540} INFO - Filling up the DagBag from /mnt/d/Programming/Vietnamese-Text-Generator/airflow_env/lib/python3.10/site-packages/airflow/example_dags/example_short_circuit_operator.py
[2024-05-24T18:01:53.752+0700] {processor.py:840} INFO - DAG(s) 'example_short_circuit_operator' retrieved from /mnt/d/Programming/Vietnamese-Text-Generator/airflow_env/lib/python3.10/site-packages/airflow/example_dags/example_short_circuit_operator.py
[2024-05-24T18:01:53.838+0700] {logging_mixin.py:188} INFO - [2024-05-24T18:01:53.836+0700] {dag.py:3096} INFO - Sync 1 DAGs
[2024-05-24T18:01:53.913+0700] {logging_mixin.py:188} INFO - [2024-05-24T18:01:53.910+0700] {dag.py:3954} INFO - Setting next_dagrun for example_short_circuit_operator to 2024-05-23 00:00:00+00:00, run_after=2024-05-24 00:00:00+00:00
[2024-05-24T18:01:54.077+0700] {processor.py:183} INFO - Processing /mnt/d/Programming/Vietnamese-Text-Generator/airflow_env/lib/python3.10/site-packages/airflow/example_dags/example_short_circuit_operator.py took 0.470 seconds
[2024-05-24T18:03:01.826+0700] {processor.py:161} INFO - Started process (PID=12322) to work on /mnt/d/Programming/Vietnamese-Text-Generator/airflow_env/lib/python3.10/site-packages/airflow/example_dags/example_short_circuit_operator.py
[2024-05-24T18:03:01.832+0700] {processor.py:830} INFO - Processing file /mnt/d/Programming/Vietnamese-Text-Generator/airflow_env/lib/python3.10/site-packages/airflow/example_dags/example_short_circuit_operator.py for tasks to queue
[2024-05-24T18:03:01.844+0700] {logging_mixin.py:188} INFO - [2024-05-24T18:03:01.841+0700] {dagbag.py:540} INFO - Filling up the DagBag from /mnt/d/Programming/Vietnamese-Text-Generator/airflow_env/lib/python3.10/site-packages/airflow/example_dags/example_short_circuit_operator.py
[2024-05-24T18:03:01.935+0700] {processor.py:840} INFO - DAG(s) 'example_short_circuit_operator' retrieved from /mnt/d/Programming/Vietnamese-Text-Generator/airflow_env/lib/python3.10/site-packages/airflow/example_dags/example_short_circuit_operator.py
[2024-05-24T18:03:02.039+0700] {logging_mixin.py:188} INFO - [2024-05-24T18:03:02.036+0700] {dag.py:3096} INFO - Sync 1 DAGs
[2024-05-24T18:03:02.134+0700] {logging_mixin.py:188} INFO - [2024-05-24T18:03:02.132+0700] {dag.py:3954} INFO - Setting next_dagrun for example_short_circuit_operator to 2024-05-23 00:00:00+00:00, run_after=2024-05-24 00:00:00+00:00
[2024-05-24T18:03:02.281+0700] {processor.py:183} INFO - Processing /mnt/d/Programming/Vietnamese-Text-Generator/airflow_env/lib/python3.10/site-packages/airflow/example_dags/example_short_circuit_operator.py took 0.500 seconds
[2024-05-24T18:04:15.587+0700] {processor.py:161} INFO - Started process (PID=12643) to work on /mnt/d/Programming/Vietnamese-Text-Generator/airflow_env/lib/python3.10/site-packages/airflow/example_dags/example_short_circuit_operator.py
[2024-05-24T18:04:15.594+0700] {processor.py:830} INFO - Processing file /mnt/d/Programming/Vietnamese-Text-Generator/airflow_env/lib/python3.10/site-packages/airflow/example_dags/example_short_circuit_operator.py for tasks to queue
[2024-05-24T18:04:15.606+0700] {logging_mixin.py:188} INFO - [2024-05-24T18:04:15.602+0700] {dagbag.py:540} INFO - Filling up the DagBag from /mnt/d/Programming/Vietnamese-Text-Generator/airflow_env/lib/python3.10/site-packages/airflow/example_dags/example_short_circuit_operator.py
[2024-05-24T18:04:15.703+0700] {processor.py:840} INFO - DAG(s) 'example_short_circuit_operator' retrieved from /mnt/d/Programming/Vietnamese-Text-Generator/airflow_env/lib/python3.10/site-packages/airflow/example_dags/example_short_circuit_operator.py
[2024-05-24T18:04:15.807+0700] {logging_mixin.py:188} INFO - [2024-05-24T18:04:15.803+0700] {dag.py:3096} INFO - Sync 1 DAGs
[2024-05-24T18:04:15.909+0700] {logging_mixin.py:188} INFO - [2024-05-24T18:04:15.906+0700] {dag.py:3954} INFO - Setting next_dagrun for example_short_circuit_operator to 2024-05-23 00:00:00+00:00, run_after=2024-05-24 00:00:00+00:00
[2024-05-24T18:04:16.122+0700] {processor.py:183} INFO - Processing /mnt/d/Programming/Vietnamese-Text-Generator/airflow_env/lib/python3.10/site-packages/airflow/example_dags/example_short_circuit_operator.py took 0.580 seconds
[2024-05-24T18:05:26.912+0700] {processor.py:161} INFO - Started process (PID=12953) to work on /mnt/d/Programming/Vietnamese-Text-Generator/airflow_env/lib/python3.10/site-packages/airflow/example_dags/example_short_circuit_operator.py
[2024-05-24T18:05:26.918+0700] {processor.py:830} INFO - Processing file /mnt/d/Programming/Vietnamese-Text-Generator/airflow_env/lib/python3.10/site-packages/airflow/example_dags/example_short_circuit_operator.py for tasks to queue
[2024-05-24T18:05:26.929+0700] {logging_mixin.py:188} INFO - [2024-05-24T18:05:26.926+0700] {dagbag.py:540} INFO - Filling up the DagBag from /mnt/d/Programming/Vietnamese-Text-Generator/airflow_env/lib/python3.10/site-packages/airflow/example_dags/example_short_circuit_operator.py
[2024-05-24T18:05:27.014+0700] {processor.py:840} INFO - DAG(s) 'example_short_circuit_operator' retrieved from /mnt/d/Programming/Vietnamese-Text-Generator/airflow_env/lib/python3.10/site-packages/airflow/example_dags/example_short_circuit_operator.py
[2024-05-24T18:05:27.118+0700] {logging_mixin.py:188} INFO - [2024-05-24T18:05:27.115+0700] {dag.py:3096} INFO - Sync 1 DAGs
[2024-05-24T18:05:27.196+0700] {logging_mixin.py:188} INFO - [2024-05-24T18:05:27.194+0700] {dag.py:3954} INFO - Setting next_dagrun for example_short_circuit_operator to 2024-05-23 00:00:00+00:00, run_after=2024-05-24 00:00:00+00:00
[2024-05-24T18:05:27.343+0700] {processor.py:183} INFO - Processing /mnt/d/Programming/Vietnamese-Text-Generator/airflow_env/lib/python3.10/site-packages/airflow/example_dags/example_short_circuit_operator.py took 0.479 seconds
