[2024-05-24T17:02:14.032+0700] {processor.py:161} INFO - Started process (PID=1942) to work on /mnt/d/Programming/Vietnamese-Text-Generator/airflow_env/lib/python3.10/site-packages/airflow/example_dags/example_nested_branch_dag.py
[2024-05-24T17:02:14.042+0700] {processor.py:830} INFO - Processing file /mnt/d/Programming/Vietnamese-Text-Generator/airflow_env/lib/python3.10/site-packages/airflow/example_dags/example_nested_branch_dag.py for tasks to queue
[2024-05-24T17:02:14.055+0700] {logging_mixin.py:188} INFO - [2024-05-24T17:02:14.051+0700] {dagbag.py:540} INFO - Filling up the DagBag from /mnt/d/Programming/Vietnamese-Text-Generator/airflow_env/lib/python3.10/site-packages/airflow/example_dags/example_nested_branch_dag.py
[2024-05-24T17:02:14.197+0700] {processor.py:840} INFO - DAG(s) 'example_nested_branch_dag' retrieved from /mnt/d/Programming/Vietnamese-Text-Generator/airflow_env/lib/python3.10/site-packages/airflow/example_dags/example_nested_branch_dag.py
[2024-05-24T17:02:14.333+0700] {logging_mixin.py:188} INFO - [2024-05-24T17:02:14.330+0700] {dag.py:3096} INFO - Sync 1 DAGs
[2024-05-24T17:02:14.406+0700] {logging_mixin.py:188} INFO - [2024-05-24T17:02:14.404+0700] {dag.py:3954} INFO - Setting next_dagrun for example_nested_branch_dag to 2024-05-23 00:00:00+00:00, run_after=2024-05-24 00:00:00+00:00
[2024-05-24T17:02:14.568+0700] {processor.py:183} INFO - Processing /mnt/d/Programming/Vietnamese-Text-Generator/airflow_env/lib/python3.10/site-packages/airflow/example_dags/example_nested_branch_dag.py took 0.590 seconds
[2024-05-24T17:04:03.238+0700] {processor.py:161} INFO - Started process (PID=2412) to work on /mnt/d/Programming/Vietnamese-Text-Generator/airflow_env/lib/python3.10/site-packages/airflow/example_dags/example_nested_branch_dag.py
[2024-05-24T17:04:03.243+0700] {processor.py:830} INFO - Processing file /mnt/d/Programming/Vietnamese-Text-Generator/airflow_env/lib/python3.10/site-packages/airflow/example_dags/example_nested_branch_dag.py for tasks to queue
[2024-05-24T17:04:03.254+0700] {logging_mixin.py:188} INFO - [2024-05-24T17:04:03.251+0700] {dagbag.py:540} INFO - Filling up the DagBag from /mnt/d/Programming/Vietnamese-Text-Generator/airflow_env/lib/python3.10/site-packages/airflow/example_dags/example_nested_branch_dag.py
[2024-05-24T17:04:03.361+0700] {processor.py:840} INFO - DAG(s) 'example_nested_branch_dag' retrieved from /mnt/d/Programming/Vietnamese-Text-Generator/airflow_env/lib/python3.10/site-packages/airflow/example_dags/example_nested_branch_dag.py
[2024-05-24T17:04:03.463+0700] {logging_mixin.py:188} INFO - [2024-05-24T17:04:03.460+0700] {dag.py:3096} INFO - Sync 1 DAGs
[2024-05-24T17:04:03.547+0700] {logging_mixin.py:188} INFO - [2024-05-24T17:04:03.543+0700] {dag.py:3954} INFO - Setting next_dagrun for example_nested_branch_dag to 2024-05-23 00:00:00+00:00, run_after=2024-05-24 00:00:00+00:00
[2024-05-24T17:04:03.748+0700] {processor.py:183} INFO - Processing /mnt/d/Programming/Vietnamese-Text-Generator/airflow_env/lib/python3.10/site-packages/airflow/example_dags/example_nested_branch_dag.py took 0.549 seconds
[2024-05-24T17:06:22.033+0700] {processor.py:161} INFO - Started process (PID=3020) to work on /mnt/d/Programming/Vietnamese-Text-Generator/airflow_env/lib/python3.10/site-packages/airflow/example_dags/example_nested_branch_dag.py
[2024-05-24T17:06:22.040+0700] {processor.py:830} INFO - Processing file /mnt/d/Programming/Vietnamese-Text-Generator/airflow_env/lib/python3.10/site-packages/airflow/example_dags/example_nested_branch_dag.py for tasks to queue
[2024-05-24T17:06:22.050+0700] {logging_mixin.py:188} INFO - [2024-05-24T17:06:22.047+0700] {dagbag.py:540} INFO - Filling up the DagBag from /mnt/d/Programming/Vietnamese-Text-Generator/airflow_env/lib/python3.10/site-packages/airflow/example_dags/example_nested_branch_dag.py
[2024-05-24T17:06:22.156+0700] {processor.py:840} INFO - DAG(s) 'example_nested_branch_dag' retrieved from /mnt/d/Programming/Vietnamese-Text-Generator/airflow_env/lib/python3.10/site-packages/airflow/example_dags/example_nested_branch_dag.py
[2024-05-24T17:06:22.262+0700] {logging_mixin.py:188} INFO - [2024-05-24T17:06:22.258+0700] {dag.py:3096} INFO - Sync 1 DAGs
[2024-05-24T17:06:22.359+0700] {logging_mixin.py:188} INFO - [2024-05-24T17:06:22.356+0700] {dag.py:3954} INFO - Setting next_dagrun for example_nested_branch_dag to 2024-05-23 00:00:00+00:00, run_after=2024-05-24 00:00:00+00:00
[2024-05-24T17:06:22.575+0700] {processor.py:183} INFO - Processing /mnt/d/Programming/Vietnamese-Text-Generator/airflow_env/lib/python3.10/site-packages/airflow/example_dags/example_nested_branch_dag.py took 0.582 seconds
[2024-05-24T17:08:29.899+0700] {processor.py:161} INFO - Started process (PID=3658) to work on /mnt/d/Programming/Vietnamese-Text-Generator/airflow_env/lib/python3.10/site-packages/airflow/example_dags/example_nested_branch_dag.py
[2024-05-24T17:08:29.907+0700] {processor.py:830} INFO - Processing file /mnt/d/Programming/Vietnamese-Text-Generator/airflow_env/lib/python3.10/site-packages/airflow/example_dags/example_nested_branch_dag.py for tasks to queue
[2024-05-24T17:08:29.919+0700] {logging_mixin.py:188} INFO - [2024-05-24T17:08:29.915+0700] {dagbag.py:540} INFO - Filling up the DagBag from /mnt/d/Programming/Vietnamese-Text-Generator/airflow_env/lib/python3.10/site-packages/airflow/example_dags/example_nested_branch_dag.py
[2024-05-24T17:08:30.026+0700] {processor.py:840} INFO - DAG(s) 'example_nested_branch_dag' retrieved from /mnt/d/Programming/Vietnamese-Text-Generator/airflow_env/lib/python3.10/site-packages/airflow/example_dags/example_nested_branch_dag.py
[2024-05-24T17:08:30.118+0700] {logging_mixin.py:188} INFO - [2024-05-24T17:08:30.115+0700] {dag.py:3096} INFO - Sync 1 DAGs
[2024-05-24T17:08:30.204+0700] {logging_mixin.py:188} INFO - [2024-05-24T17:08:30.202+0700] {dag.py:3954} INFO - Setting next_dagrun for example_nested_branch_dag to 2024-05-23 00:00:00+00:00, run_after=2024-05-24 00:00:00+00:00
[2024-05-24T17:08:30.405+0700] {processor.py:183} INFO - Processing /mnt/d/Programming/Vietnamese-Text-Generator/airflow_env/lib/python3.10/site-packages/airflow/example_dags/example_nested_branch_dag.py took 0.551 seconds
[2024-05-24T17:10:47.478+0700] {processor.py:161} INFO - Started process (PID=4259) to work on /mnt/d/Programming/Vietnamese-Text-Generator/airflow_env/lib/python3.10/site-packages/airflow/example_dags/example_nested_branch_dag.py
[2024-05-24T17:10:47.484+0700] {processor.py:830} INFO - Processing file /mnt/d/Programming/Vietnamese-Text-Generator/airflow_env/lib/python3.10/site-packages/airflow/example_dags/example_nested_branch_dag.py for tasks to queue
[2024-05-24T17:10:47.497+0700] {logging_mixin.py:188} INFO - [2024-05-24T17:10:47.493+0700] {dagbag.py:540} INFO - Filling up the DagBag from /mnt/d/Programming/Vietnamese-Text-Generator/airflow_env/lib/python3.10/site-packages/airflow/example_dags/example_nested_branch_dag.py
[2024-05-24T17:10:47.599+0700] {processor.py:840} INFO - DAG(s) 'example_nested_branch_dag' retrieved from /mnt/d/Programming/Vietnamese-Text-Generator/airflow_env/lib/python3.10/site-packages/airflow/example_dags/example_nested_branch_dag.py
[2024-05-24T17:10:47.684+0700] {logging_mixin.py:188} INFO - [2024-05-24T17:10:47.682+0700] {dag.py:3096} INFO - Sync 1 DAGs
[2024-05-24T17:10:47.750+0700] {logging_mixin.py:188} INFO - [2024-05-24T17:10:47.749+0700] {dag.py:3954} INFO - Setting next_dagrun for example_nested_branch_dag to 2024-05-23 00:00:00+00:00, run_after=2024-05-24 00:00:00+00:00
[2024-05-24T17:10:47.852+0700] {processor.py:183} INFO - Processing /mnt/d/Programming/Vietnamese-Text-Generator/airflow_env/lib/python3.10/site-packages/airflow/example_dags/example_nested_branch_dag.py took 0.419 seconds
[2024-05-24T17:13:09.241+0700] {processor.py:161} INFO - Started process (PID=4879) to work on /mnt/d/Programming/Vietnamese-Text-Generator/airflow_env/lib/python3.10/site-packages/airflow/example_dags/example_nested_branch_dag.py
[2024-05-24T17:13:09.249+0700] {processor.py:830} INFO - Processing file /mnt/d/Programming/Vietnamese-Text-Generator/airflow_env/lib/python3.10/site-packages/airflow/example_dags/example_nested_branch_dag.py for tasks to queue
[2024-05-24T17:13:09.265+0700] {logging_mixin.py:188} INFO - [2024-05-24T17:13:09.259+0700] {dagbag.py:540} INFO - Filling up the DagBag from /mnt/d/Programming/Vietnamese-Text-Generator/airflow_env/lib/python3.10/site-packages/airflow/example_dags/example_nested_branch_dag.py
[2024-05-24T17:13:09.401+0700] {processor.py:840} INFO - DAG(s) 'example_nested_branch_dag' retrieved from /mnt/d/Programming/Vietnamese-Text-Generator/airflow_env/lib/python3.10/site-packages/airflow/example_dags/example_nested_branch_dag.py
[2024-05-24T17:13:09.442+0700] {logging_mixin.py:188} INFO - [2024-05-24T17:13:09.441+0700] {dag.py:3096} INFO - Sync 1 DAGs
[2024-05-24T17:13:09.476+0700] {logging_mixin.py:188} INFO - [2024-05-24T17:13:09.474+0700] {dag.py:3954} INFO - Setting next_dagrun for example_nested_branch_dag to 2024-05-23 00:00:00+00:00, run_after=2024-05-24 00:00:00+00:00
[2024-05-24T17:13:09.542+0700] {processor.py:183} INFO - Processing /mnt/d/Programming/Vietnamese-Text-Generator/airflow_env/lib/python3.10/site-packages/airflow/example_dags/example_nested_branch_dag.py took 0.350 seconds
[2024-05-24T17:15:25.214+0700] {processor.py:161} INFO - Started process (PID=5475) to work on /mnt/d/Programming/Vietnamese-Text-Generator/airflow_env/lib/python3.10/site-packages/airflow/example_dags/example_nested_branch_dag.py
[2024-05-24T17:15:25.220+0700] {processor.py:830} INFO - Processing file /mnt/d/Programming/Vietnamese-Text-Generator/airflow_env/lib/python3.10/site-packages/airflow/example_dags/example_nested_branch_dag.py for tasks to queue
[2024-05-24T17:15:25.233+0700] {logging_mixin.py:188} INFO - [2024-05-24T17:15:25.228+0700] {dagbag.py:540} INFO - Filling up the DagBag from /mnt/d/Programming/Vietnamese-Text-Generator/airflow_env/lib/python3.10/site-packages/airflow/example_dags/example_nested_branch_dag.py
[2024-05-24T17:15:25.358+0700] {processor.py:840} INFO - DAG(s) 'example_nested_branch_dag' retrieved from /mnt/d/Programming/Vietnamese-Text-Generator/airflow_env/lib/python3.10/site-packages/airflow/example_dags/example_nested_branch_dag.py
[2024-05-24T17:15:25.449+0700] {logging_mixin.py:188} INFO - [2024-05-24T17:15:25.446+0700] {dag.py:3096} INFO - Sync 1 DAGs
[2024-05-24T17:15:25.543+0700] {logging_mixin.py:188} INFO - [2024-05-24T17:15:25.540+0700] {dag.py:3954} INFO - Setting next_dagrun for example_nested_branch_dag to 2024-05-23 00:00:00+00:00, run_after=2024-05-24 00:00:00+00:00
[2024-05-24T17:15:25.741+0700] {processor.py:183} INFO - Processing /mnt/d/Programming/Vietnamese-Text-Generator/airflow_env/lib/python3.10/site-packages/airflow/example_dags/example_nested_branch_dag.py took 0.572 seconds
[2024-05-24T17:17:48.491+0700] {processor.py:161} INFO - Started process (PID=6102) to work on /mnt/d/Programming/Vietnamese-Text-Generator/airflow_env/lib/python3.10/site-packages/airflow/example_dags/example_nested_branch_dag.py
[2024-05-24T17:17:48.497+0700] {processor.py:830} INFO - Processing file /mnt/d/Programming/Vietnamese-Text-Generator/airflow_env/lib/python3.10/site-packages/airflow/example_dags/example_nested_branch_dag.py for tasks to queue
[2024-05-24T17:17:48.508+0700] {logging_mixin.py:188} INFO - [2024-05-24T17:17:48.505+0700] {dagbag.py:540} INFO - Filling up the DagBag from /mnt/d/Programming/Vietnamese-Text-Generator/airflow_env/lib/python3.10/site-packages/airflow/example_dags/example_nested_branch_dag.py
[2024-05-24T17:17:48.644+0700] {processor.py:840} INFO - DAG(s) 'example_nested_branch_dag' retrieved from /mnt/d/Programming/Vietnamese-Text-Generator/airflow_env/lib/python3.10/site-packages/airflow/example_dags/example_nested_branch_dag.py
[2024-05-24T17:17:48.758+0700] {logging_mixin.py:188} INFO - [2024-05-24T17:17:48.754+0700] {dag.py:3096} INFO - Sync 1 DAGs
[2024-05-24T17:17:48.858+0700] {logging_mixin.py:188} INFO - [2024-05-24T17:17:48.855+0700] {dag.py:3954} INFO - Setting next_dagrun for example_nested_branch_dag to 2024-05-23 00:00:00+00:00, run_after=2024-05-24 00:00:00+00:00
[2024-05-24T17:17:49.108+0700] {processor.py:183} INFO - Processing /mnt/d/Programming/Vietnamese-Text-Generator/airflow_env/lib/python3.10/site-packages/airflow/example_dags/example_nested_branch_dag.py took 0.665 seconds
[2024-05-24T17:20:07.535+0700] {processor.py:161} INFO - Started process (PID=6712) to work on /mnt/d/Programming/Vietnamese-Text-Generator/airflow_env/lib/python3.10/site-packages/airflow/example_dags/example_nested_branch_dag.py
[2024-05-24T17:20:07.541+0700] {processor.py:830} INFO - Processing file /mnt/d/Programming/Vietnamese-Text-Generator/airflow_env/lib/python3.10/site-packages/airflow/example_dags/example_nested_branch_dag.py for tasks to queue
[2024-05-24T17:20:07.551+0700] {logging_mixin.py:188} INFO - [2024-05-24T17:20:07.548+0700] {dagbag.py:540} INFO - Filling up the DagBag from /mnt/d/Programming/Vietnamese-Text-Generator/airflow_env/lib/python3.10/site-packages/airflow/example_dags/example_nested_branch_dag.py
[2024-05-24T17:20:07.660+0700] {processor.py:840} INFO - DAG(s) 'example_nested_branch_dag' retrieved from /mnt/d/Programming/Vietnamese-Text-Generator/airflow_env/lib/python3.10/site-packages/airflow/example_dags/example_nested_branch_dag.py
[2024-05-24T17:20:07.753+0700] {logging_mixin.py:188} INFO - [2024-05-24T17:20:07.751+0700] {dag.py:3096} INFO - Sync 1 DAGs
[2024-05-24T17:20:07.836+0700] {logging_mixin.py:188} INFO - [2024-05-24T17:20:07.833+0700] {dag.py:3954} INFO - Setting next_dagrun for example_nested_branch_dag to 2024-05-23 00:00:00+00:00, run_after=2024-05-24 00:00:00+00:00
[2024-05-24T17:20:08.032+0700] {processor.py:183} INFO - Processing /mnt/d/Programming/Vietnamese-Text-Generator/airflow_env/lib/python3.10/site-packages/airflow/example_dags/example_nested_branch_dag.py took 0.539 seconds
[2024-05-24T17:22:21.815+0700] {processor.py:161} INFO - Started process (PID=7297) to work on /mnt/d/Programming/Vietnamese-Text-Generator/airflow_env/lib/python3.10/site-packages/airflow/example_dags/example_nested_branch_dag.py
[2024-05-24T17:22:21.821+0700] {processor.py:830} INFO - Processing file /mnt/d/Programming/Vietnamese-Text-Generator/airflow_env/lib/python3.10/site-packages/airflow/example_dags/example_nested_branch_dag.py for tasks to queue
[2024-05-24T17:22:21.833+0700] {logging_mixin.py:188} INFO - [2024-05-24T17:22:21.830+0700] {dagbag.py:540} INFO - Filling up the DagBag from /mnt/d/Programming/Vietnamese-Text-Generator/airflow_env/lib/python3.10/site-packages/airflow/example_dags/example_nested_branch_dag.py
[2024-05-24T17:22:21.945+0700] {processor.py:840} INFO - DAG(s) 'example_nested_branch_dag' retrieved from /mnt/d/Programming/Vietnamese-Text-Generator/airflow_env/lib/python3.10/site-packages/airflow/example_dags/example_nested_branch_dag.py
[2024-05-24T17:22:22.034+0700] {logging_mixin.py:188} INFO - [2024-05-24T17:22:22.031+0700] {dag.py:3096} INFO - Sync 1 DAGs
[2024-05-24T17:22:22.117+0700] {logging_mixin.py:188} INFO - [2024-05-24T17:22:22.113+0700] {dag.py:3954} INFO - Setting next_dagrun for example_nested_branch_dag to 2024-05-23 00:00:00+00:00, run_after=2024-05-24 00:00:00+00:00
[2024-05-24T17:22:22.314+0700] {processor.py:183} INFO - Processing /mnt/d/Programming/Vietnamese-Text-Generator/airflow_env/lib/python3.10/site-packages/airflow/example_dags/example_nested_branch_dag.py took 0.548 seconds
[2024-05-24T17:24:28.947+0700] {processor.py:161} INFO - Started process (PID=7853) to work on /mnt/d/Programming/Vietnamese-Text-Generator/airflow_env/lib/python3.10/site-packages/airflow/example_dags/example_nested_branch_dag.py
[2024-05-24T17:24:28.953+0700] {processor.py:830} INFO - Processing file /mnt/d/Programming/Vietnamese-Text-Generator/airflow_env/lib/python3.10/site-packages/airflow/example_dags/example_nested_branch_dag.py for tasks to queue
[2024-05-24T17:24:28.964+0700] {logging_mixin.py:188} INFO - [2024-05-24T17:24:28.961+0700] {dagbag.py:540} INFO - Filling up the DagBag from /mnt/d/Programming/Vietnamese-Text-Generator/airflow_env/lib/python3.10/site-packages/airflow/example_dags/example_nested_branch_dag.py
[2024-05-24T17:24:29.083+0700] {processor.py:840} INFO - DAG(s) 'example_nested_branch_dag' retrieved from /mnt/d/Programming/Vietnamese-Text-Generator/airflow_env/lib/python3.10/site-packages/airflow/example_dags/example_nested_branch_dag.py
[2024-05-24T17:24:29.175+0700] {logging_mixin.py:188} INFO - [2024-05-24T17:24:29.172+0700] {dag.py:3096} INFO - Sync 1 DAGs
[2024-05-24T17:24:29.257+0700] {logging_mixin.py:188} INFO - [2024-05-24T17:24:29.254+0700] {dag.py:3954} INFO - Setting next_dagrun for example_nested_branch_dag to 2024-05-23 00:00:00+00:00, run_after=2024-05-24 00:00:00+00:00
[2024-05-24T17:24:29.476+0700] {processor.py:183} INFO - Processing /mnt/d/Programming/Vietnamese-Text-Generator/airflow_env/lib/python3.10/site-packages/airflow/example_dags/example_nested_branch_dag.py took 0.568 seconds
[2024-05-24T17:47:45.482+0700] {processor.py:161} INFO - Started process (PID=8315) to work on /mnt/d/Programming/Vietnamese-Text-Generator/airflow_env/lib/python3.10/site-packages/airflow/example_dags/example_nested_branch_dag.py
[2024-05-24T17:47:45.484+0700] {processor.py:830} INFO - Processing file /mnt/d/Programming/Vietnamese-Text-Generator/airflow_env/lib/python3.10/site-packages/airflow/example_dags/example_nested_branch_dag.py for tasks to queue
[2024-05-24T17:47:45.488+0700] {logging_mixin.py:188} INFO - [2024-05-24T17:47:45.487+0700] {dagbag.py:540} INFO - Filling up the DagBag from /mnt/d/Programming/Vietnamese-Text-Generator/airflow_env/lib/python3.10/site-packages/airflow/example_dags/example_nested_branch_dag.py
[2024-05-24T17:47:45.519+0700] {processor.py:840} INFO - DAG(s) 'example_nested_branch_dag' retrieved from /mnt/d/Programming/Vietnamese-Text-Generator/airflow_env/lib/python3.10/site-packages/airflow/example_dags/example_nested_branch_dag.py
[2024-05-24T17:47:45.551+0700] {logging_mixin.py:188} INFO - [2024-05-24T17:47:45.550+0700] {dag.py:3096} INFO - Sync 1 DAGs
[2024-05-24T17:47:45.582+0700] {logging_mixin.py:188} INFO - [2024-05-24T17:47:45.581+0700] {dag.py:3954} INFO - Setting next_dagrun for example_nested_branch_dag to 2024-05-23 00:00:00+00:00, run_after=2024-05-24 00:00:00+00:00
[2024-05-24T17:47:45.646+0700] {processor.py:183} INFO - Processing /mnt/d/Programming/Vietnamese-Text-Generator/airflow_env/lib/python3.10/site-packages/airflow/example_dags/example_nested_branch_dag.py took 0.176 seconds
[2024-05-24T17:49:31.158+0700] {processor.py:161} INFO - Started process (PID=8783) to work on /mnt/d/Programming/Vietnamese-Text-Generator/airflow_env/lib/python3.10/site-packages/airflow/example_dags/example_nested_branch_dag.py
[2024-05-24T17:49:31.164+0700] {processor.py:830} INFO - Processing file /mnt/d/Programming/Vietnamese-Text-Generator/airflow_env/lib/python3.10/site-packages/airflow/example_dags/example_nested_branch_dag.py for tasks to queue
[2024-05-24T17:49:31.175+0700] {logging_mixin.py:188} INFO - [2024-05-24T17:49:31.172+0700] {dagbag.py:540} INFO - Filling up the DagBag from /mnt/d/Programming/Vietnamese-Text-Generator/airflow_env/lib/python3.10/site-packages/airflow/example_dags/example_nested_branch_dag.py
[2024-05-24T17:49:31.290+0700] {processor.py:840} INFO - DAG(s) 'example_nested_branch_dag' retrieved from /mnt/d/Programming/Vietnamese-Text-Generator/airflow_env/lib/python3.10/site-packages/airflow/example_dags/example_nested_branch_dag.py
[2024-05-24T17:49:31.391+0700] {logging_mixin.py:188} INFO - [2024-05-24T17:49:31.387+0700] {dag.py:3096} INFO - Sync 1 DAGs
[2024-05-24T17:49:31.488+0700] {logging_mixin.py:188} INFO - [2024-05-24T17:49:31.484+0700] {dag.py:3954} INFO - Setting next_dagrun for example_nested_branch_dag to 2024-05-23 00:00:00+00:00, run_after=2024-05-24 00:00:00+00:00
[2024-05-24T17:49:31.682+0700] {processor.py:183} INFO - Processing /mnt/d/Programming/Vietnamese-Text-Generator/airflow_env/lib/python3.10/site-packages/airflow/example_dags/example_nested_branch_dag.py took 0.566 seconds
[2024-05-24T17:51:51.692+0700] {processor.py:161} INFO - Started process (PID=9395) to work on /mnt/d/Programming/Vietnamese-Text-Generator/airflow_env/lib/python3.10/site-packages/airflow/example_dags/example_nested_branch_dag.py
[2024-05-24T17:51:51.700+0700] {processor.py:830} INFO - Processing file /mnt/d/Programming/Vietnamese-Text-Generator/airflow_env/lib/python3.10/site-packages/airflow/example_dags/example_nested_branch_dag.py for tasks to queue
[2024-05-24T17:51:51.715+0700] {logging_mixin.py:188} INFO - [2024-05-24T17:51:51.711+0700] {dagbag.py:540} INFO - Filling up the DagBag from /mnt/d/Programming/Vietnamese-Text-Generator/airflow_env/lib/python3.10/site-packages/airflow/example_dags/example_nested_branch_dag.py
[2024-05-24T17:51:51.869+0700] {processor.py:840} INFO - DAG(s) 'example_nested_branch_dag' retrieved from /mnt/d/Programming/Vietnamese-Text-Generator/airflow_env/lib/python3.10/site-packages/airflow/example_dags/example_nested_branch_dag.py
[2024-05-24T17:51:51.994+0700] {logging_mixin.py:188} INFO - [2024-05-24T17:51:51.989+0700] {dag.py:3096} INFO - Sync 1 DAGs
[2024-05-24T17:51:52.173+0700] {logging_mixin.py:188} INFO - [2024-05-24T17:51:52.168+0700] {dag.py:3954} INFO - Setting next_dagrun for example_nested_branch_dag to 2024-05-23 00:00:00+00:00, run_after=2024-05-24 00:00:00+00:00
[2024-05-24T17:51:52.425+0700] {processor.py:183} INFO - Processing /mnt/d/Programming/Vietnamese-Text-Generator/airflow_env/lib/python3.10/site-packages/airflow/example_dags/example_nested_branch_dag.py took 0.797 seconds
[2024-05-24T17:54:04.381+0700] {processor.py:161} INFO - Started process (PID=9977) to work on /mnt/d/Programming/Vietnamese-Text-Generator/airflow_env/lib/python3.10/site-packages/airflow/example_dags/example_nested_branch_dag.py
[2024-05-24T17:54:04.385+0700] {processor.py:830} INFO - Processing file /mnt/d/Programming/Vietnamese-Text-Generator/airflow_env/lib/python3.10/site-packages/airflow/example_dags/example_nested_branch_dag.py for tasks to queue
[2024-05-24T17:54:04.395+0700] {logging_mixin.py:188} INFO - [2024-05-24T17:54:04.393+0700] {dagbag.py:540} INFO - Filling up the DagBag from /mnt/d/Programming/Vietnamese-Text-Generator/airflow_env/lib/python3.10/site-packages/airflow/example_dags/example_nested_branch_dag.py
[2024-05-24T17:54:04.480+0700] {processor.py:840} INFO - DAG(s) 'example_nested_branch_dag' retrieved from /mnt/d/Programming/Vietnamese-Text-Generator/airflow_env/lib/python3.10/site-packages/airflow/example_dags/example_nested_branch_dag.py
[2024-05-24T17:54:04.570+0700] {logging_mixin.py:188} INFO - [2024-05-24T17:54:04.567+0700] {dag.py:3096} INFO - Sync 1 DAGs
[2024-05-24T17:54:04.650+0700] {logging_mixin.py:188} INFO - [2024-05-24T17:54:04.647+0700] {dag.py:3954} INFO - Setting next_dagrun for example_nested_branch_dag to 2024-05-23 00:00:00+00:00, run_after=2024-05-24 00:00:00+00:00
[2024-05-24T17:54:04.853+0700] {processor.py:183} INFO - Processing /mnt/d/Programming/Vietnamese-Text-Generator/airflow_env/lib/python3.10/site-packages/airflow/example_dags/example_nested_branch_dag.py took 0.506 seconds
[2024-05-24T17:56:20.992+0700] {processor.py:161} INFO - Started process (PID=10575) to work on /mnt/d/Programming/Vietnamese-Text-Generator/airflow_env/lib/python3.10/site-packages/airflow/example_dags/example_nested_branch_dag.py
[2024-05-24T17:56:20.994+0700] {processor.py:830} INFO - Processing file /mnt/d/Programming/Vietnamese-Text-Generator/airflow_env/lib/python3.10/site-packages/airflow/example_dags/example_nested_branch_dag.py for tasks to queue
[2024-05-24T17:56:20.998+0700] {logging_mixin.py:188} INFO - [2024-05-24T17:56:20.996+0700] {dagbag.py:540} INFO - Filling up the DagBag from /mnt/d/Programming/Vietnamese-Text-Generator/airflow_env/lib/python3.10/site-packages/airflow/example_dags/example_nested_branch_dag.py
[2024-05-24T17:56:21.045+0700] {processor.py:840} INFO - DAG(s) 'example_nested_branch_dag' retrieved from /mnt/d/Programming/Vietnamese-Text-Generator/airflow_env/lib/python3.10/site-packages/airflow/example_dags/example_nested_branch_dag.py
[2024-05-24T17:56:21.096+0700] {logging_mixin.py:188} INFO - [2024-05-24T17:56:21.095+0700] {dag.py:3096} INFO - Sync 1 DAGs
[2024-05-24T17:56:21.162+0700] {logging_mixin.py:188} INFO - [2024-05-24T17:56:21.160+0700] {dag.py:3954} INFO - Setting next_dagrun for example_nested_branch_dag to 2024-05-23 00:00:00+00:00, run_after=2024-05-24 00:00:00+00:00
[2024-05-24T17:56:21.256+0700] {processor.py:183} INFO - Processing /mnt/d/Programming/Vietnamese-Text-Generator/airflow_env/lib/python3.10/site-packages/airflow/example_dags/example_nested_branch_dag.py took 0.278 seconds
[2024-05-24T17:58:38.186+0700] {processor.py:161} INFO - Started process (PID=11173) to work on /mnt/d/Programming/Vietnamese-Text-Generator/airflow_env/lib/python3.10/site-packages/airflow/example_dags/example_nested_branch_dag.py
[2024-05-24T17:58:38.192+0700] {processor.py:830} INFO - Processing file /mnt/d/Programming/Vietnamese-Text-Generator/airflow_env/lib/python3.10/site-packages/airflow/example_dags/example_nested_branch_dag.py for tasks to queue
[2024-05-24T17:58:38.206+0700] {logging_mixin.py:188} INFO - [2024-05-24T17:58:38.202+0700] {dagbag.py:540} INFO - Filling up the DagBag from /mnt/d/Programming/Vietnamese-Text-Generator/airflow_env/lib/python3.10/site-packages/airflow/example_dags/example_nested_branch_dag.py
[2024-05-24T17:58:38.297+0700] {processor.py:840} INFO - DAG(s) 'example_nested_branch_dag' retrieved from /mnt/d/Programming/Vietnamese-Text-Generator/airflow_env/lib/python3.10/site-packages/airflow/example_dags/example_nested_branch_dag.py
[2024-05-24T17:58:38.335+0700] {logging_mixin.py:188} INFO - [2024-05-24T17:58:38.334+0700] {dag.py:3096} INFO - Sync 1 DAGs
[2024-05-24T17:58:38.370+0700] {logging_mixin.py:188} INFO - [2024-05-24T17:58:38.369+0700] {dag.py:3954} INFO - Setting next_dagrun for example_nested_branch_dag to 2024-05-23 00:00:00+00:00, run_after=2024-05-24 00:00:00+00:00
[2024-05-24T17:58:38.477+0700] {processor.py:183} INFO - Processing /mnt/d/Programming/Vietnamese-Text-Generator/airflow_env/lib/python3.10/site-packages/airflow/example_dags/example_nested_branch_dag.py took 0.351 seconds
[2024-05-24T18:00:55.405+0700] {processor.py:161} INFO - Started process (PID=11770) to work on /mnt/d/Programming/Vietnamese-Text-Generator/airflow_env/lib/python3.10/site-packages/airflow/example_dags/example_nested_branch_dag.py
[2024-05-24T18:00:55.412+0700] {processor.py:830} INFO - Processing file /mnt/d/Programming/Vietnamese-Text-Generator/airflow_env/lib/python3.10/site-packages/airflow/example_dags/example_nested_branch_dag.py for tasks to queue
[2024-05-24T18:00:55.423+0700] {logging_mixin.py:188} INFO - [2024-05-24T18:00:55.420+0700] {dagbag.py:540} INFO - Filling up the DagBag from /mnt/d/Programming/Vietnamese-Text-Generator/airflow_env/lib/python3.10/site-packages/airflow/example_dags/example_nested_branch_dag.py
[2024-05-24T18:00:55.541+0700] {processor.py:840} INFO - DAG(s) 'example_nested_branch_dag' retrieved from /mnt/d/Programming/Vietnamese-Text-Generator/airflow_env/lib/python3.10/site-packages/airflow/example_dags/example_nested_branch_dag.py
[2024-05-24T18:00:55.640+0700] {logging_mixin.py:188} INFO - [2024-05-24T18:00:55.636+0700] {dag.py:3096} INFO - Sync 1 DAGs
[2024-05-24T18:00:55.727+0700] {logging_mixin.py:188} INFO - [2024-05-24T18:00:55.724+0700] {dag.py:3954} INFO - Setting next_dagrun for example_nested_branch_dag to 2024-05-23 00:00:00+00:00, run_after=2024-05-24 00:00:00+00:00
[2024-05-24T18:00:55.924+0700] {processor.py:183} INFO - Processing /mnt/d/Programming/Vietnamese-Text-Generator/airflow_env/lib/python3.10/site-packages/airflow/example_dags/example_nested_branch_dag.py took 0.563 seconds
[2024-05-24T18:03:18.909+0700] {processor.py:161} INFO - Started process (PID=12396) to work on /mnt/d/Programming/Vietnamese-Text-Generator/airflow_env/lib/python3.10/site-packages/airflow/example_dags/example_nested_branch_dag.py
[2024-05-24T18:03:18.916+0700] {processor.py:830} INFO - Processing file /mnt/d/Programming/Vietnamese-Text-Generator/airflow_env/lib/python3.10/site-packages/airflow/example_dags/example_nested_branch_dag.py for tasks to queue
[2024-05-24T18:03:18.928+0700] {logging_mixin.py:188} INFO - [2024-05-24T18:03:18.924+0700] {dagbag.py:540} INFO - Filling up the DagBag from /mnt/d/Programming/Vietnamese-Text-Generator/airflow_env/lib/python3.10/site-packages/airflow/example_dags/example_nested_branch_dag.py
[2024-05-24T18:03:19.034+0700] {processor.py:840} INFO - DAG(s) 'example_nested_branch_dag' retrieved from /mnt/d/Programming/Vietnamese-Text-Generator/airflow_env/lib/python3.10/site-packages/airflow/example_dags/example_nested_branch_dag.py
[2024-05-24T18:03:19.095+0700] {logging_mixin.py:188} INFO - [2024-05-24T18:03:19.094+0700] {dag.py:3096} INFO - Sync 1 DAGs
[2024-05-24T18:03:19.128+0700] {logging_mixin.py:188} INFO - [2024-05-24T18:03:19.127+0700] {dag.py:3954} INFO - Setting next_dagrun for example_nested_branch_dag to 2024-05-23 00:00:00+00:00, run_after=2024-05-24 00:00:00+00:00
[2024-05-24T18:03:19.187+0700] {processor.py:183} INFO - Processing /mnt/d/Programming/Vietnamese-Text-Generator/airflow_env/lib/python3.10/site-packages/airflow/example_dags/example_nested_branch_dag.py took 0.317 seconds
