[2024-05-24T17:01:25.749+0700] {processor.py:161} INFO - Started process (PID=1736) to work on /mnt/d/Programming/Vietnamese-Text-Generator/airflow_env/lib/python3.10/site-packages/airflow/example_dags/example_xcomargs.py
[2024-05-24T17:01:25.755+0700] {processor.py:830} INFO - Processing file /mnt/d/Programming/Vietnamese-Text-Generator/airflow_env/lib/python3.10/site-packages/airflow/example_dags/example_xcomargs.py for tasks to queue
[2024-05-24T17:01:25.765+0700] {logging_mixin.py:188} INFO - [2024-05-24T17:01:25.762+0700] {dagbag.py:540} INFO - Filling up the DagBag from /mnt/d/Programming/Vietnamese-Text-Generator/airflow_env/lib/python3.10/site-packages/airflow/example_dags/example_xcomargs.py
[2024-05-24T17:01:26.090+0700] {processor.py:840} INFO - DAG(s) 'example_xcom_args_with_operators', 'example_xcom_args' retrieved from /mnt/d/Programming/Vietnamese-Text-Generator/airflow_env/lib/python3.10/site-packages/airflow/example_dags/example_xcomargs.py
[2024-05-24T17:01:26.221+0700] {logging_mixin.py:188} INFO - [2024-05-24T17:01:26.220+0700] {dag.py:3096} INFO - Sync 2 DAGs
[2024-05-24T17:01:26.238+0700] {logging_mixin.py:188} INFO - [2024-05-24T17:01:26.237+0700] {dag.py:3954} INFO - Setting next_dagrun for example_xcom_args to None, run_after=None
[2024-05-24T17:01:26.245+0700] {logging_mixin.py:188} INFO - [2024-05-24T17:01:26.244+0700] {dag.py:3954} INFO - Setting next_dagrun for example_xcom_args_with_operators to None, run_after=None
[2024-05-24T17:01:26.313+0700] {processor.py:183} INFO - Processing /mnt/d/Programming/Vietnamese-Text-Generator/airflow_env/lib/python3.10/site-packages/airflow/example_dags/example_xcomargs.py took 0.602 seconds
[2024-05-24T17:03:25.171+0700] {processor.py:161} INFO - Started process (PID=2246) to work on /mnt/d/Programming/Vietnamese-Text-Generator/airflow_env/lib/python3.10/site-packages/airflow/example_dags/example_xcomargs.py
[2024-05-24T17:03:25.178+0700] {processor.py:830} INFO - Processing file /mnt/d/Programming/Vietnamese-Text-Generator/airflow_env/lib/python3.10/site-packages/airflow/example_dags/example_xcomargs.py for tasks to queue
[2024-05-24T17:03:25.189+0700] {logging_mixin.py:188} INFO - [2024-05-24T17:03:25.185+0700] {dagbag.py:540} INFO - Filling up the DagBag from /mnt/d/Programming/Vietnamese-Text-Generator/airflow_env/lib/python3.10/site-packages/airflow/example_dags/example_xcomargs.py
[2024-05-24T17:03:25.281+0700] {processor.py:840} INFO - DAG(s) 'example_xcom_args', 'example_xcom_args_with_operators' retrieved from /mnt/d/Programming/Vietnamese-Text-Generator/airflow_env/lib/python3.10/site-packages/airflow/example_dags/example_xcomargs.py
[2024-05-24T17:03:25.385+0700] {logging_mixin.py:188} INFO - [2024-05-24T17:03:25.382+0700] {dag.py:3096} INFO - Sync 2 DAGs
[2024-05-24T17:03:25.430+0700] {logging_mixin.py:188} INFO - [2024-05-24T17:03:25.427+0700] {dag.py:3954} INFO - Setting next_dagrun for example_xcom_args to None, run_after=None
[2024-05-24T17:03:25.449+0700] {logging_mixin.py:188} INFO - [2024-05-24T17:03:25.446+0700] {dag.py:3954} INFO - Setting next_dagrun for example_xcom_args_with_operators to None, run_after=None
[2024-05-24T17:03:25.626+0700] {processor.py:183} INFO - Processing /mnt/d/Programming/Vietnamese-Text-Generator/airflow_env/lib/python3.10/site-packages/airflow/example_dags/example_xcomargs.py took 0.498 seconds
[2024-05-24T17:04:39.868+0700] {processor.py:161} INFO - Started process (PID=2573) to work on /mnt/d/Programming/Vietnamese-Text-Generator/airflow_env/lib/python3.10/site-packages/airflow/example_dags/example_xcomargs.py
[2024-05-24T17:04:39.879+0700] {processor.py:830} INFO - Processing file /mnt/d/Programming/Vietnamese-Text-Generator/airflow_env/lib/python3.10/site-packages/airflow/example_dags/example_xcomargs.py for tasks to queue
[2024-05-24T17:04:39.899+0700] {logging_mixin.py:188} INFO - [2024-05-24T17:04:39.895+0700] {dagbag.py:540} INFO - Filling up the DagBag from /mnt/d/Programming/Vietnamese-Text-Generator/airflow_env/lib/python3.10/site-packages/airflow/example_dags/example_xcomargs.py
[2024-05-24T17:04:40.005+0700] {processor.py:840} INFO - DAG(s) 'example_xcom_args', 'example_xcom_args_with_operators' retrieved from /mnt/d/Programming/Vietnamese-Text-Generator/airflow_env/lib/python3.10/site-packages/airflow/example_dags/example_xcomargs.py
[2024-05-24T17:04:40.127+0700] {logging_mixin.py:188} INFO - [2024-05-24T17:04:40.123+0700] {dag.py:3096} INFO - Sync 2 DAGs
[2024-05-24T17:04:40.186+0700] {logging_mixin.py:188} INFO - [2024-05-24T17:04:40.183+0700] {dag.py:3954} INFO - Setting next_dagrun for example_xcom_args to None, run_after=None
[2024-05-24T17:04:40.207+0700] {logging_mixin.py:188} INFO - [2024-05-24T17:04:40.204+0700] {dag.py:3954} INFO - Setting next_dagrun for example_xcom_args_with_operators to None, run_after=None
[2024-05-24T17:04:40.410+0700] {processor.py:183} INFO - Processing /mnt/d/Programming/Vietnamese-Text-Generator/airflow_env/lib/python3.10/site-packages/airflow/example_dags/example_xcomargs.py took 0.625 seconds
[2024-05-24T17:05:47.300+0700] {processor.py:161} INFO - Started process (PID=2869) to work on /mnt/d/Programming/Vietnamese-Text-Generator/airflow_env/lib/python3.10/site-packages/airflow/example_dags/example_xcomargs.py
[2024-05-24T17:05:47.307+0700] {processor.py:830} INFO - Processing file /mnt/d/Programming/Vietnamese-Text-Generator/airflow_env/lib/python3.10/site-packages/airflow/example_dags/example_xcomargs.py for tasks to queue
[2024-05-24T17:05:47.320+0700] {logging_mixin.py:188} INFO - [2024-05-24T17:05:47.316+0700] {dagbag.py:540} INFO - Filling up the DagBag from /mnt/d/Programming/Vietnamese-Text-Generator/airflow_env/lib/python3.10/site-packages/airflow/example_dags/example_xcomargs.py
[2024-05-24T17:05:47.420+0700] {processor.py:840} INFO - DAG(s) 'example_xcom_args', 'example_xcom_args_with_operators' retrieved from /mnt/d/Programming/Vietnamese-Text-Generator/airflow_env/lib/python3.10/site-packages/airflow/example_dags/example_xcomargs.py
[2024-05-24T17:05:47.543+0700] {logging_mixin.py:188} INFO - [2024-05-24T17:05:47.539+0700] {dag.py:3096} INFO - Sync 2 DAGs
[2024-05-24T17:05:47.601+0700] {logging_mixin.py:188} INFO - [2024-05-24T17:05:47.599+0700] {dag.py:3954} INFO - Setting next_dagrun for example_xcom_args to None, run_after=None
[2024-05-24T17:05:47.616+0700] {logging_mixin.py:188} INFO - [2024-05-24T17:05:47.614+0700] {dag.py:3954} INFO - Setting next_dagrun for example_xcom_args_with_operators to None, run_after=None
[2024-05-24T17:05:47.692+0700] {processor.py:183} INFO - Processing /mnt/d/Programming/Vietnamese-Text-Generator/airflow_env/lib/python3.10/site-packages/airflow/example_dags/example_xcomargs.py took 0.440 seconds
[2024-05-24T17:06:56.945+0700] {processor.py:161} INFO - Started process (PID=3250) to work on /mnt/d/Programming/Vietnamese-Text-Generator/airflow_env/lib/python3.10/site-packages/airflow/example_dags/example_xcomargs.py
[2024-05-24T17:06:56.952+0700] {processor.py:830} INFO - Processing file /mnt/d/Programming/Vietnamese-Text-Generator/airflow_env/lib/python3.10/site-packages/airflow/example_dags/example_xcomargs.py for tasks to queue
[2024-05-24T17:06:56.964+0700] {logging_mixin.py:188} INFO - [2024-05-24T17:06:56.960+0700] {dagbag.py:540} INFO - Filling up the DagBag from /mnt/d/Programming/Vietnamese-Text-Generator/airflow_env/lib/python3.10/site-packages/airflow/example_dags/example_xcomargs.py
[2024-05-24T17:06:57.063+0700] {processor.py:840} INFO - DAG(s) 'example_xcom_args', 'example_xcom_args_with_operators' retrieved from /mnt/d/Programming/Vietnamese-Text-Generator/airflow_env/lib/python3.10/site-packages/airflow/example_dags/example_xcomargs.py
[2024-05-24T17:06:57.182+0700] {logging_mixin.py:188} INFO - [2024-05-24T17:06:57.178+0700] {dag.py:3096} INFO - Sync 2 DAGs
[2024-05-24T17:06:57.232+0700] {logging_mixin.py:188} INFO - [2024-05-24T17:06:57.228+0700] {dag.py:3954} INFO - Setting next_dagrun for example_xcom_args to None, run_after=None
[2024-05-24T17:06:57.254+0700] {logging_mixin.py:188} INFO - [2024-05-24T17:06:57.250+0700] {dag.py:3954} INFO - Setting next_dagrun for example_xcom_args_with_operators to None, run_after=None
[2024-05-24T17:06:57.445+0700] {processor.py:183} INFO - Processing /mnt/d/Programming/Vietnamese-Text-Generator/airflow_env/lib/python3.10/site-packages/airflow/example_dags/example_xcomargs.py took 0.544 seconds
[2024-05-24T17:07:59.000+0700] {processor.py:161} INFO - Started process (PID=3524) to work on /mnt/d/Programming/Vietnamese-Text-Generator/airflow_env/lib/python3.10/site-packages/airflow/example_dags/example_xcomargs.py
[2024-05-24T17:07:59.007+0700] {processor.py:830} INFO - Processing file /mnt/d/Programming/Vietnamese-Text-Generator/airflow_env/lib/python3.10/site-packages/airflow/example_dags/example_xcomargs.py for tasks to queue
[2024-05-24T17:07:59.018+0700] {logging_mixin.py:188} INFO - [2024-05-24T17:07:59.015+0700] {dagbag.py:540} INFO - Filling up the DagBag from /mnt/d/Programming/Vietnamese-Text-Generator/airflow_env/lib/python3.10/site-packages/airflow/example_dags/example_xcomargs.py
[2024-05-24T17:07:59.113+0700] {processor.py:840} INFO - DAG(s) 'example_xcom_args', 'example_xcom_args_with_operators' retrieved from /mnt/d/Programming/Vietnamese-Text-Generator/airflow_env/lib/python3.10/site-packages/airflow/example_dags/example_xcomargs.py
[2024-05-24T17:07:59.216+0700] {logging_mixin.py:188} INFO - [2024-05-24T17:07:59.212+0700] {dag.py:3096} INFO - Sync 2 DAGs
[2024-05-24T17:07:59.262+0700] {logging_mixin.py:188} INFO - [2024-05-24T17:07:59.259+0700] {dag.py:3954} INFO - Setting next_dagrun for example_xcom_args to None, run_after=None
[2024-05-24T17:07:59.281+0700] {logging_mixin.py:188} INFO - [2024-05-24T17:07:59.279+0700] {dag.py:3954} INFO - Setting next_dagrun for example_xcom_args_with_operators to None, run_after=None
[2024-05-24T17:07:59.492+0700] {processor.py:183} INFO - Processing /mnt/d/Programming/Vietnamese-Text-Generator/airflow_env/lib/python3.10/site-packages/airflow/example_dags/example_xcomargs.py took 0.535 seconds
[2024-05-24T17:09:06.766+0700] {processor.py:161} INFO - Started process (PID=3820) to work on /mnt/d/Programming/Vietnamese-Text-Generator/airflow_env/lib/python3.10/site-packages/airflow/example_dags/example_xcomargs.py
[2024-05-24T17:09:06.773+0700] {processor.py:830} INFO - Processing file /mnt/d/Programming/Vietnamese-Text-Generator/airflow_env/lib/python3.10/site-packages/airflow/example_dags/example_xcomargs.py for tasks to queue
[2024-05-24T17:09:06.786+0700] {logging_mixin.py:188} INFO - [2024-05-24T17:09:06.782+0700] {dagbag.py:540} INFO - Filling up the DagBag from /mnt/d/Programming/Vietnamese-Text-Generator/airflow_env/lib/python3.10/site-packages/airflow/example_dags/example_xcomargs.py
[2024-05-24T17:09:06.886+0700] {processor.py:840} INFO - DAG(s) 'example_xcom_args', 'example_xcom_args_with_operators' retrieved from /mnt/d/Programming/Vietnamese-Text-Generator/airflow_env/lib/python3.10/site-packages/airflow/example_dags/example_xcomargs.py
[2024-05-24T17:09:07.007+0700] {logging_mixin.py:188} INFO - [2024-05-24T17:09:07.004+0700] {dag.py:3096} INFO - Sync 2 DAGs
[2024-05-24T17:09:07.058+0700] {logging_mixin.py:188} INFO - [2024-05-24T17:09:07.055+0700] {dag.py:3954} INFO - Setting next_dagrun for example_xcom_args to None, run_after=None
[2024-05-24T17:09:07.080+0700] {logging_mixin.py:188} INFO - [2024-05-24T17:09:07.076+0700] {dag.py:3954} INFO - Setting next_dagrun for example_xcom_args_with_operators to None, run_after=None
[2024-05-24T17:09:07.280+0700] {processor.py:183} INFO - Processing /mnt/d/Programming/Vietnamese-Text-Generator/airflow_env/lib/python3.10/site-packages/airflow/example_dags/example_xcomargs.py took 0.558 seconds
[2024-05-24T17:10:15.189+0700] {processor.py:161} INFO - Started process (PID=4119) to work on /mnt/d/Programming/Vietnamese-Text-Generator/airflow_env/lib/python3.10/site-packages/airflow/example_dags/example_xcomargs.py
[2024-05-24T17:10:15.195+0700] {processor.py:830} INFO - Processing file /mnt/d/Programming/Vietnamese-Text-Generator/airflow_env/lib/python3.10/site-packages/airflow/example_dags/example_xcomargs.py for tasks to queue
[2024-05-24T17:10:15.206+0700] {logging_mixin.py:188} INFO - [2024-05-24T17:10:15.203+0700] {dagbag.py:540} INFO - Filling up the DagBag from /mnt/d/Programming/Vietnamese-Text-Generator/airflow_env/lib/python3.10/site-packages/airflow/example_dags/example_xcomargs.py
[2024-05-24T17:10:15.309+0700] {processor.py:840} INFO - DAG(s) 'example_xcom_args_with_operators', 'example_xcom_args' retrieved from /mnt/d/Programming/Vietnamese-Text-Generator/airflow_env/lib/python3.10/site-packages/airflow/example_dags/example_xcomargs.py
[2024-05-24T17:10:15.424+0700] {logging_mixin.py:188} INFO - [2024-05-24T17:10:15.420+0700] {dag.py:3096} INFO - Sync 2 DAGs
[2024-05-24T17:10:15.482+0700] {logging_mixin.py:188} INFO - [2024-05-24T17:10:15.478+0700] {dag.py:3954} INFO - Setting next_dagrun for example_xcom_args to None, run_after=None
[2024-05-24T17:10:15.504+0700] {logging_mixin.py:188} INFO - [2024-05-24T17:10:15.501+0700] {dag.py:3954} INFO - Setting next_dagrun for example_xcom_args_with_operators to None, run_after=None
[2024-05-24T17:10:15.702+0700] {processor.py:183} INFO - Processing /mnt/d/Programming/Vietnamese-Text-Generator/airflow_env/lib/python3.10/site-packages/airflow/example_dags/example_xcomargs.py took 0.557 seconds
[2024-05-24T17:11:26.188+0700] {processor.py:161} INFO - Started process (PID=4431) to work on /mnt/d/Programming/Vietnamese-Text-Generator/airflow_env/lib/python3.10/site-packages/airflow/example_dags/example_xcomargs.py
[2024-05-24T17:11:26.194+0700] {processor.py:830} INFO - Processing file /mnt/d/Programming/Vietnamese-Text-Generator/airflow_env/lib/python3.10/site-packages/airflow/example_dags/example_xcomargs.py for tasks to queue
[2024-05-24T17:11:26.205+0700] {logging_mixin.py:188} INFO - [2024-05-24T17:11:26.202+0700] {dagbag.py:540} INFO - Filling up the DagBag from /mnt/d/Programming/Vietnamese-Text-Generator/airflow_env/lib/python3.10/site-packages/airflow/example_dags/example_xcomargs.py
[2024-05-24T17:11:26.303+0700] {processor.py:840} INFO - DAG(s) 'example_xcom_args', 'example_xcom_args_with_operators' retrieved from /mnt/d/Programming/Vietnamese-Text-Generator/airflow_env/lib/python3.10/site-packages/airflow/example_dags/example_xcomargs.py
[2024-05-24T17:11:26.418+0700] {logging_mixin.py:188} INFO - [2024-05-24T17:11:26.415+0700] {dag.py:3096} INFO - Sync 2 DAGs
[2024-05-24T17:11:26.469+0700] {logging_mixin.py:188} INFO - [2024-05-24T17:11:26.466+0700] {dag.py:3954} INFO - Setting next_dagrun for example_xcom_args to None, run_after=None
[2024-05-24T17:11:26.490+0700] {logging_mixin.py:188} INFO - [2024-05-24T17:11:26.487+0700] {dag.py:3954} INFO - Setting next_dagrun for example_xcom_args_with_operators to None, run_after=None
[2024-05-24T17:11:26.700+0700] {processor.py:183} INFO - Processing /mnt/d/Programming/Vietnamese-Text-Generator/airflow_env/lib/python3.10/site-packages/airflow/example_dags/example_xcomargs.py took 0.556 seconds
[2024-05-24T17:12:37.312+0700] {processor.py:161} INFO - Started process (PID=4741) to work on /mnt/d/Programming/Vietnamese-Text-Generator/airflow_env/lib/python3.10/site-packages/airflow/example_dags/example_xcomargs.py
[2024-05-24T17:12:37.318+0700] {processor.py:830} INFO - Processing file /mnt/d/Programming/Vietnamese-Text-Generator/airflow_env/lib/python3.10/site-packages/airflow/example_dags/example_xcomargs.py for tasks to queue
[2024-05-24T17:12:37.330+0700] {logging_mixin.py:188} INFO - [2024-05-24T17:12:37.326+0700] {dagbag.py:540} INFO - Filling up the DagBag from /mnt/d/Programming/Vietnamese-Text-Generator/airflow_env/lib/python3.10/site-packages/airflow/example_dags/example_xcomargs.py
[2024-05-24T17:12:37.426+0700] {processor.py:840} INFO - DAG(s) 'example_xcom_args_with_operators', 'example_xcom_args' retrieved from /mnt/d/Programming/Vietnamese-Text-Generator/airflow_env/lib/python3.10/site-packages/airflow/example_dags/example_xcomargs.py
[2024-05-24T17:12:37.535+0700] {logging_mixin.py:188} INFO - [2024-05-24T17:12:37.533+0700] {dag.py:3096} INFO - Sync 2 DAGs
[2024-05-24T17:12:37.584+0700] {logging_mixin.py:188} INFO - [2024-05-24T17:12:37.581+0700] {dag.py:3954} INFO - Setting next_dagrun for example_xcom_args to None, run_after=None
[2024-05-24T17:12:37.605+0700] {logging_mixin.py:188} INFO - [2024-05-24T17:12:37.602+0700] {dag.py:3954} INFO - Setting next_dagrun for example_xcom_args_with_operators to None, run_after=None
[2024-05-24T17:12:37.800+0700] {processor.py:183} INFO - Processing /mnt/d/Programming/Vietnamese-Text-Generator/airflow_env/lib/python3.10/site-packages/airflow/example_dags/example_xcomargs.py took 0.532 seconds
[2024-05-24T17:13:46.756+0700] {processor.py:161} INFO - Started process (PID=5044) to work on /mnt/d/Programming/Vietnamese-Text-Generator/airflow_env/lib/python3.10/site-packages/airflow/example_dags/example_xcomargs.py
[2024-05-24T17:13:46.761+0700] {processor.py:830} INFO - Processing file /mnt/d/Programming/Vietnamese-Text-Generator/airflow_env/lib/python3.10/site-packages/airflow/example_dags/example_xcomargs.py for tasks to queue
[2024-05-24T17:13:46.771+0700] {logging_mixin.py:188} INFO - [2024-05-24T17:13:46.768+0700] {dagbag.py:540} INFO - Filling up the DagBag from /mnt/d/Programming/Vietnamese-Text-Generator/airflow_env/lib/python3.10/site-packages/airflow/example_dags/example_xcomargs.py
[2024-05-24T17:13:46.854+0700] {processor.py:840} INFO - DAG(s) 'example_xcom_args', 'example_xcom_args_with_operators' retrieved from /mnt/d/Programming/Vietnamese-Text-Generator/airflow_env/lib/python3.10/site-packages/airflow/example_dags/example_xcomargs.py
[2024-05-24T17:13:46.956+0700] {logging_mixin.py:188} INFO - [2024-05-24T17:13:46.953+0700] {dag.py:3096} INFO - Sync 2 DAGs
[2024-05-24T17:13:47.000+0700] {logging_mixin.py:188} INFO - [2024-05-24T17:13:46.997+0700] {dag.py:3954} INFO - Setting next_dagrun for example_xcom_args to None, run_after=None
[2024-05-24T17:13:47.019+0700] {logging_mixin.py:188} INFO - [2024-05-24T17:13:47.016+0700] {dag.py:3954} INFO - Setting next_dagrun for example_xcom_args_with_operators to None, run_after=None
[2024-05-24T17:13:47.216+0700] {processor.py:183} INFO - Processing /mnt/d/Programming/Vietnamese-Text-Generator/airflow_env/lib/python3.10/site-packages/airflow/example_dags/example_xcomargs.py took 0.499 seconds
[2024-05-24T17:14:52.852+0700] {processor.py:161} INFO - Started process (PID=5331) to work on /mnt/d/Programming/Vietnamese-Text-Generator/airflow_env/lib/python3.10/site-packages/airflow/example_dags/example_xcomargs.py
[2024-05-24T17:14:52.859+0700] {processor.py:830} INFO - Processing file /mnt/d/Programming/Vietnamese-Text-Generator/airflow_env/lib/python3.10/site-packages/airflow/example_dags/example_xcomargs.py for tasks to queue
[2024-05-24T17:14:52.870+0700] {logging_mixin.py:188} INFO - [2024-05-24T17:14:52.866+0700] {dagbag.py:540} INFO - Filling up the DagBag from /mnt/d/Programming/Vietnamese-Text-Generator/airflow_env/lib/python3.10/site-packages/airflow/example_dags/example_xcomargs.py
[2024-05-24T17:14:52.966+0700] {processor.py:840} INFO - DAG(s) 'example_xcom_args', 'example_xcom_args_with_operators' retrieved from /mnt/d/Programming/Vietnamese-Text-Generator/airflow_env/lib/python3.10/site-packages/airflow/example_dags/example_xcomargs.py
[2024-05-24T17:14:53.084+0700] {logging_mixin.py:188} INFO - [2024-05-24T17:14:53.080+0700] {dag.py:3096} INFO - Sync 2 DAGs
[2024-05-24T17:14:53.140+0700] {logging_mixin.py:188} INFO - [2024-05-24T17:14:53.137+0700] {dag.py:3954} INFO - Setting next_dagrun for example_xcom_args to None, run_after=None
[2024-05-24T17:14:53.162+0700] {logging_mixin.py:188} INFO - [2024-05-24T17:14:53.159+0700] {dag.py:3954} INFO - Setting next_dagrun for example_xcom_args_with_operators to None, run_after=None
[2024-05-24T17:14:53.372+0700] {processor.py:183} INFO - Processing /mnt/d/Programming/Vietnamese-Text-Generator/airflow_env/lib/python3.10/site-packages/airflow/example_dags/example_xcomargs.py took 0.564 seconds
[2024-05-24T17:16:02.871+0700] {processor.py:161} INFO - Started process (PID=5640) to work on /mnt/d/Programming/Vietnamese-Text-Generator/airflow_env/lib/python3.10/site-packages/airflow/example_dags/example_xcomargs.py
[2024-05-24T17:16:02.877+0700] {processor.py:830} INFO - Processing file /mnt/d/Programming/Vietnamese-Text-Generator/airflow_env/lib/python3.10/site-packages/airflow/example_dags/example_xcomargs.py for tasks to queue
[2024-05-24T17:16:02.887+0700] {logging_mixin.py:188} INFO - [2024-05-24T17:16:02.884+0700] {dagbag.py:540} INFO - Filling up the DagBag from /mnt/d/Programming/Vietnamese-Text-Generator/airflow_env/lib/python3.10/site-packages/airflow/example_dags/example_xcomargs.py
[2024-05-24T17:16:02.974+0700] {processor.py:840} INFO - DAG(s) 'example_xcom_args_with_operators', 'example_xcom_args' retrieved from /mnt/d/Programming/Vietnamese-Text-Generator/airflow_env/lib/python3.10/site-packages/airflow/example_dags/example_xcomargs.py
[2024-05-24T17:16:03.072+0700] {logging_mixin.py:188} INFO - [2024-05-24T17:16:03.070+0700] {dag.py:3096} INFO - Sync 2 DAGs
[2024-05-24T17:16:03.116+0700] {logging_mixin.py:188} INFO - [2024-05-24T17:16:03.114+0700] {dag.py:3954} INFO - Setting next_dagrun for example_xcom_args to None, run_after=None
[2024-05-24T17:16:03.133+0700] {logging_mixin.py:188} INFO - [2024-05-24T17:16:03.131+0700] {dag.py:3954} INFO - Setting next_dagrun for example_xcom_args_with_operators to None, run_after=None
[2024-05-24T17:16:03.313+0700] {processor.py:183} INFO - Processing /mnt/d/Programming/Vietnamese-Text-Generator/airflow_env/lib/python3.10/site-packages/airflow/example_dags/example_xcomargs.py took 0.481 seconds
[2024-05-24T17:17:16.322+0700] {processor.py:161} INFO - Started process (PID=5958) to work on /mnt/d/Programming/Vietnamese-Text-Generator/airflow_env/lib/python3.10/site-packages/airflow/example_dags/example_xcomargs.py
[2024-05-24T17:17:16.329+0700] {processor.py:830} INFO - Processing file /mnt/d/Programming/Vietnamese-Text-Generator/airflow_env/lib/python3.10/site-packages/airflow/example_dags/example_xcomargs.py for tasks to queue
[2024-05-24T17:17:16.341+0700] {logging_mixin.py:188} INFO - [2024-05-24T17:17:16.337+0700] {dagbag.py:540} INFO - Filling up the DagBag from /mnt/d/Programming/Vietnamese-Text-Generator/airflow_env/lib/python3.10/site-packages/airflow/example_dags/example_xcomargs.py
[2024-05-24T17:17:16.442+0700] {processor.py:840} INFO - DAG(s) 'example_xcom_args', 'example_xcom_args_with_operators' retrieved from /mnt/d/Programming/Vietnamese-Text-Generator/airflow_env/lib/python3.10/site-packages/airflow/example_dags/example_xcomargs.py
[2024-05-24T17:17:16.554+0700] {logging_mixin.py:188} INFO - [2024-05-24T17:17:16.551+0700] {dag.py:3096} INFO - Sync 2 DAGs
[2024-05-24T17:17:16.606+0700] {logging_mixin.py:188} INFO - [2024-05-24T17:17:16.603+0700] {dag.py:3954} INFO - Setting next_dagrun for example_xcom_args to None, run_after=None
[2024-05-24T17:17:16.625+0700] {logging_mixin.py:188} INFO - [2024-05-24T17:17:16.623+0700] {dag.py:3954} INFO - Setting next_dagrun for example_xcom_args_with_operators to None, run_after=None
[2024-05-24T17:17:16.829+0700] {processor.py:183} INFO - Processing /mnt/d/Programming/Vietnamese-Text-Generator/airflow_env/lib/python3.10/site-packages/airflow/example_dags/example_xcomargs.py took 0.551 seconds
[2024-05-24T17:18:28.755+0700] {processor.py:161} INFO - Started process (PID=6280) to work on /mnt/d/Programming/Vietnamese-Text-Generator/airflow_env/lib/python3.10/site-packages/airflow/example_dags/example_xcomargs.py
[2024-05-24T17:18:28.760+0700] {processor.py:830} INFO - Processing file /mnt/d/Programming/Vietnamese-Text-Generator/airflow_env/lib/python3.10/site-packages/airflow/example_dags/example_xcomargs.py for tasks to queue
[2024-05-24T17:18:28.767+0700] {logging_mixin.py:188} INFO - [2024-05-24T17:18:28.765+0700] {dagbag.py:540} INFO - Filling up the DagBag from /mnt/d/Programming/Vietnamese-Text-Generator/airflow_env/lib/python3.10/site-packages/airflow/example_dags/example_xcomargs.py
[2024-05-24T17:18:28.829+0700] {processor.py:840} INFO - DAG(s) 'example_xcom_args_with_operators', 'example_xcom_args' retrieved from /mnt/d/Programming/Vietnamese-Text-Generator/airflow_env/lib/python3.10/site-packages/airflow/example_dags/example_xcomargs.py
[2024-05-24T17:18:28.910+0700] {logging_mixin.py:188} INFO - [2024-05-24T17:18:28.908+0700] {dag.py:3096} INFO - Sync 2 DAGs
[2024-05-24T17:18:28.949+0700] {logging_mixin.py:188} INFO - [2024-05-24T17:18:28.946+0700] {dag.py:3954} INFO - Setting next_dagrun for example_xcom_args to None, run_after=None
[2024-05-24T17:18:28.965+0700] {logging_mixin.py:188} INFO - [2024-05-24T17:18:28.963+0700] {dag.py:3954} INFO - Setting next_dagrun for example_xcom_args_with_operators to None, run_after=None
[2024-05-24T17:18:29.147+0700] {processor.py:183} INFO - Processing /mnt/d/Programming/Vietnamese-Text-Generator/airflow_env/lib/python3.10/site-packages/airflow/example_dags/example_xcomargs.py took 0.423 seconds
[2024-05-24T17:19:37.962+0700] {processor.py:161} INFO - Started process (PID=6581) to work on /mnt/d/Programming/Vietnamese-Text-Generator/airflow_env/lib/python3.10/site-packages/airflow/example_dags/example_xcomargs.py
[2024-05-24T17:19:37.965+0700] {processor.py:830} INFO - Processing file /mnt/d/Programming/Vietnamese-Text-Generator/airflow_env/lib/python3.10/site-packages/airflow/example_dags/example_xcomargs.py for tasks to queue
[2024-05-24T17:19:37.971+0700] {logging_mixin.py:188} INFO - [2024-05-24T17:19:37.969+0700] {dagbag.py:540} INFO - Filling up the DagBag from /mnt/d/Programming/Vietnamese-Text-Generator/airflow_env/lib/python3.10/site-packages/airflow/example_dags/example_xcomargs.py
[2024-05-24T17:19:38.015+0700] {processor.py:840} INFO - DAG(s) 'example_xcom_args_with_operators', 'example_xcom_args' retrieved from /mnt/d/Programming/Vietnamese-Text-Generator/airflow_env/lib/python3.10/site-packages/airflow/example_dags/example_xcomargs.py
[2024-05-24T17:19:38.060+0700] {logging_mixin.py:188} INFO - [2024-05-24T17:19:38.059+0700] {dag.py:3096} INFO - Sync 2 DAGs
[2024-05-24T17:19:38.077+0700] {logging_mixin.py:188} INFO - [2024-05-24T17:19:38.076+0700] {dag.py:3954} INFO - Setting next_dagrun for example_xcom_args to None, run_after=None
[2024-05-24T17:19:38.085+0700] {logging_mixin.py:188} INFO - [2024-05-24T17:19:38.083+0700] {dag.py:3954} INFO - Setting next_dagrun for example_xcom_args_with_operators to None, run_after=None
[2024-05-24T17:19:38.236+0700] {processor.py:183} INFO - Processing /mnt/d/Programming/Vietnamese-Text-Generator/airflow_env/lib/python3.10/site-packages/airflow/example_dags/example_xcomargs.py took 0.293 seconds
[2024-05-24T17:20:43.939+0700] {processor.py:161} INFO - Started process (PID=6873) to work on /mnt/d/Programming/Vietnamese-Text-Generator/airflow_env/lib/python3.10/site-packages/airflow/example_dags/example_xcomargs.py
[2024-05-24T17:20:43.947+0700] {processor.py:830} INFO - Processing file /mnt/d/Programming/Vietnamese-Text-Generator/airflow_env/lib/python3.10/site-packages/airflow/example_dags/example_xcomargs.py for tasks to queue
[2024-05-24T17:20:43.960+0700] {logging_mixin.py:188} INFO - [2024-05-24T17:20:43.956+0700] {dagbag.py:540} INFO - Filling up the DagBag from /mnt/d/Programming/Vietnamese-Text-Generator/airflow_env/lib/python3.10/site-packages/airflow/example_dags/example_xcomargs.py
[2024-05-24T17:20:44.066+0700] {processor.py:840} INFO - DAG(s) 'example_xcom_args', 'example_xcom_args_with_operators' retrieved from /mnt/d/Programming/Vietnamese-Text-Generator/airflow_env/lib/python3.10/site-packages/airflow/example_dags/example_xcomargs.py
[2024-05-24T17:20:44.195+0700] {logging_mixin.py:188} INFO - [2024-05-24T17:20:44.191+0700] {dag.py:3096} INFO - Sync 2 DAGs
[2024-05-24T17:20:44.243+0700] {logging_mixin.py:188} INFO - [2024-05-24T17:20:44.241+0700] {dag.py:3954} INFO - Setting next_dagrun for example_xcom_args to None, run_after=None
[2024-05-24T17:20:44.262+0700] {logging_mixin.py:188} INFO - [2024-05-24T17:20:44.259+0700] {dag.py:3954} INFO - Setting next_dagrun for example_xcom_args_with_operators to None, run_after=None
[2024-05-24T17:20:44.420+0700] {processor.py:183} INFO - Processing /mnt/d/Programming/Vietnamese-Text-Generator/airflow_env/lib/python3.10/site-packages/airflow/example_dags/example_xcomargs.py took 0.533 seconds
[2024-05-24T17:21:51.235+0700] {processor.py:161} INFO - Started process (PID=7163) to work on /mnt/d/Programming/Vietnamese-Text-Generator/airflow_env/lib/python3.10/site-packages/airflow/example_dags/example_xcomargs.py
[2024-05-24T17:21:51.241+0700] {processor.py:830} INFO - Processing file /mnt/d/Programming/Vietnamese-Text-Generator/airflow_env/lib/python3.10/site-packages/airflow/example_dags/example_xcomargs.py for tasks to queue
[2024-05-24T17:21:51.253+0700] {logging_mixin.py:188} INFO - [2024-05-24T17:21:51.249+0700] {dagbag.py:540} INFO - Filling up the DagBag from /mnt/d/Programming/Vietnamese-Text-Generator/airflow_env/lib/python3.10/site-packages/airflow/example_dags/example_xcomargs.py
[2024-05-24T17:21:51.342+0700] {processor.py:840} INFO - DAG(s) 'example_xcom_args', 'example_xcom_args_with_operators' retrieved from /mnt/d/Programming/Vietnamese-Text-Generator/airflow_env/lib/python3.10/site-packages/airflow/example_dags/example_xcomargs.py
[2024-05-24T17:21:51.401+0700] {logging_mixin.py:188} INFO - [2024-05-24T17:21:51.399+0700] {dag.py:3096} INFO - Sync 2 DAGs
[2024-05-24T17:21:51.427+0700] {logging_mixin.py:188} INFO - [2024-05-24T17:21:51.425+0700] {dag.py:3954} INFO - Setting next_dagrun for example_xcom_args to None, run_after=None
[2024-05-24T17:21:51.436+0700] {logging_mixin.py:188} INFO - [2024-05-24T17:21:51.435+0700] {dag.py:3954} INFO - Setting next_dagrun for example_xcom_args_with_operators to None, run_after=None
[2024-05-24T17:21:51.524+0700] {processor.py:183} INFO - Processing /mnt/d/Programming/Vietnamese-Text-Generator/airflow_env/lib/python3.10/site-packages/airflow/example_dags/example_xcomargs.py took 0.333 seconds
[2024-05-24T17:22:56.994+0700] {processor.py:161} INFO - Started process (PID=7450) to work on /mnt/d/Programming/Vietnamese-Text-Generator/airflow_env/lib/python3.10/site-packages/airflow/example_dags/example_xcomargs.py
[2024-05-24T17:22:57.000+0700] {processor.py:830} INFO - Processing file /mnt/d/Programming/Vietnamese-Text-Generator/airflow_env/lib/python3.10/site-packages/airflow/example_dags/example_xcomargs.py for tasks to queue
[2024-05-24T17:22:57.010+0700] {logging_mixin.py:188} INFO - [2024-05-24T17:22:57.006+0700] {dagbag.py:540} INFO - Filling up the DagBag from /mnt/d/Programming/Vietnamese-Text-Generator/airflow_env/lib/python3.10/site-packages/airflow/example_dags/example_xcomargs.py
[2024-05-24T17:22:57.108+0700] {processor.py:840} INFO - DAG(s) 'example_xcom_args_with_operators', 'example_xcom_args' retrieved from /mnt/d/Programming/Vietnamese-Text-Generator/airflow_env/lib/python3.10/site-packages/airflow/example_dags/example_xcomargs.py
[2024-05-24T17:22:57.212+0700] {logging_mixin.py:188} INFO - [2024-05-24T17:22:57.209+0700] {dag.py:3096} INFO - Sync 2 DAGs
[2024-05-24T17:22:57.257+0700] {logging_mixin.py:188} INFO - [2024-05-24T17:22:57.254+0700] {dag.py:3954} INFO - Setting next_dagrun for example_xcom_args to None, run_after=None
[2024-05-24T17:22:57.276+0700] {logging_mixin.py:188} INFO - [2024-05-24T17:22:57.273+0700] {dag.py:3954} INFO - Setting next_dagrun for example_xcom_args_with_operators to None, run_after=None
[2024-05-24T17:22:57.442+0700] {processor.py:183} INFO - Processing /mnt/d/Programming/Vietnamese-Text-Generator/airflow_env/lib/python3.10/site-packages/airflow/example_dags/example_xcomargs.py took 0.488 seconds
[2024-05-24T17:24:02.390+0700] {processor.py:161} INFO - Started process (PID=7737) to work on /mnt/d/Programming/Vietnamese-Text-Generator/airflow_env/lib/python3.10/site-packages/airflow/example_dags/example_xcomargs.py
[2024-05-24T17:24:02.397+0700] {processor.py:830} INFO - Processing file /mnt/d/Programming/Vietnamese-Text-Generator/airflow_env/lib/python3.10/site-packages/airflow/example_dags/example_xcomargs.py for tasks to queue
[2024-05-24T17:24:02.410+0700] {logging_mixin.py:188} INFO - [2024-05-24T17:24:02.406+0700] {dagbag.py:540} INFO - Filling up the DagBag from /mnt/d/Programming/Vietnamese-Text-Generator/airflow_env/lib/python3.10/site-packages/airflow/example_dags/example_xcomargs.py
[2024-05-24T17:24:02.502+0700] {processor.py:840} INFO - DAG(s) 'example_xcom_args_with_operators', 'example_xcom_args' retrieved from /mnt/d/Programming/Vietnamese-Text-Generator/airflow_env/lib/python3.10/site-packages/airflow/example_dags/example_xcomargs.py
[2024-05-24T17:24:02.609+0700] {logging_mixin.py:188} INFO - [2024-05-24T17:24:02.606+0700] {dag.py:3096} INFO - Sync 2 DAGs
[2024-05-24T17:24:02.659+0700] {logging_mixin.py:188} INFO - [2024-05-24T17:24:02.656+0700] {dag.py:3954} INFO - Setting next_dagrun for example_xcom_args to None, run_after=None
[2024-05-24T17:24:02.680+0700] {logging_mixin.py:188} INFO - [2024-05-24T17:24:02.677+0700] {dag.py:3954} INFO - Setting next_dagrun for example_xcom_args_with_operators to None, run_after=None
[2024-05-24T17:24:02.885+0700] {processor.py:183} INFO - Processing /mnt/d/Programming/Vietnamese-Text-Generator/airflow_env/lib/python3.10/site-packages/airflow/example_dags/example_xcomargs.py took 0.546 seconds
[2024-05-24T17:46:52.219+0700] {processor.py:161} INFO - Started process (PID=8055) to work on /mnt/d/Programming/Vietnamese-Text-Generator/airflow_env/lib/python3.10/site-packages/airflow/example_dags/example_xcomargs.py
[2024-05-24T17:46:52.221+0700] {processor.py:830} INFO - Processing file /mnt/d/Programming/Vietnamese-Text-Generator/airflow_env/lib/python3.10/site-packages/airflow/example_dags/example_xcomargs.py for tasks to queue
[2024-05-24T17:46:52.225+0700] {logging_mixin.py:188} INFO - [2024-05-24T17:46:52.224+0700] {dagbag.py:540} INFO - Filling up the DagBag from /mnt/d/Programming/Vietnamese-Text-Generator/airflow_env/lib/python3.10/site-packages/airflow/example_dags/example_xcomargs.py
[2024-05-24T17:46:52.247+0700] {processor.py:840} INFO - DAG(s) 'example_xcom_args_with_operators', 'example_xcom_args' retrieved from /mnt/d/Programming/Vietnamese-Text-Generator/airflow_env/lib/python3.10/site-packages/airflow/example_dags/example_xcomargs.py
[2024-05-24T17:46:52.288+0700] {logging_mixin.py:188} INFO - [2024-05-24T17:46:52.286+0700] {dag.py:3096} INFO - Sync 2 DAGs
[2024-05-24T17:46:52.309+0700] {logging_mixin.py:188} INFO - [2024-05-24T17:46:52.308+0700] {dag.py:3954} INFO - Setting next_dagrun for example_xcom_args to None, run_after=None
[2024-05-24T17:46:52.318+0700] {logging_mixin.py:188} INFO - [2024-05-24T17:46:52.316+0700] {dag.py:3954} INFO - Setting next_dagrun for example_xcom_args_with_operators to None, run_after=None
[2024-05-24T17:46:52.409+0700] {processor.py:183} INFO - Processing /mnt/d/Programming/Vietnamese-Text-Generator/airflow_env/lib/python3.10/site-packages/airflow/example_dags/example_xcomargs.py took 0.207 seconds
[2024-05-24T17:47:36.210+0700] {processor.py:161} INFO - Started process (PID=8267) to work on /mnt/d/Programming/Vietnamese-Text-Generator/airflow_env/lib/python3.10/site-packages/airflow/example_dags/example_xcomargs.py
[2024-05-24T17:47:36.212+0700] {processor.py:830} INFO - Processing file /mnt/d/Programming/Vietnamese-Text-Generator/airflow_env/lib/python3.10/site-packages/airflow/example_dags/example_xcomargs.py for tasks to queue
[2024-05-24T17:47:36.216+0700] {logging_mixin.py:188} INFO - [2024-05-24T17:47:36.215+0700] {dagbag.py:540} INFO - Filling up the DagBag from /mnt/d/Programming/Vietnamese-Text-Generator/airflow_env/lib/python3.10/site-packages/airflow/example_dags/example_xcomargs.py
[2024-05-24T17:47:36.251+0700] {processor.py:840} INFO - DAG(s) 'example_xcom_args_with_operators', 'example_xcom_args' retrieved from /mnt/d/Programming/Vietnamese-Text-Generator/airflow_env/lib/python3.10/site-packages/airflow/example_dags/example_xcomargs.py
[2024-05-24T17:47:36.294+0700] {logging_mixin.py:188} INFO - [2024-05-24T17:47:36.293+0700] {dag.py:3096} INFO - Sync 2 DAGs
[2024-05-24T17:47:36.308+0700] {logging_mixin.py:188} INFO - [2024-05-24T17:47:36.307+0700] {dag.py:3954} INFO - Setting next_dagrun for example_xcom_args to None, run_after=None
[2024-05-24T17:47:36.314+0700] {logging_mixin.py:188} INFO - [2024-05-24T17:47:36.313+0700] {dag.py:3954} INFO - Setting next_dagrun for example_xcom_args_with_operators to None, run_after=None
[2024-05-24T17:47:36.376+0700] {processor.py:183} INFO - Processing /mnt/d/Programming/Vietnamese-Text-Generator/airflow_env/lib/python3.10/site-packages/airflow/example_dags/example_xcomargs.py took 0.181 seconds
[2024-05-24T17:49:02.306+0700] {processor.py:161} INFO - Started process (PID=8657) to work on /mnt/d/Programming/Vietnamese-Text-Generator/airflow_env/lib/python3.10/site-packages/airflow/example_dags/example_xcomargs.py
[2024-05-24T17:49:02.311+0700] {processor.py:830} INFO - Processing file /mnt/d/Programming/Vietnamese-Text-Generator/airflow_env/lib/python3.10/site-packages/airflow/example_dags/example_xcomargs.py for tasks to queue
[2024-05-24T17:49:02.321+0700] {logging_mixin.py:188} INFO - [2024-05-24T17:49:02.318+0700] {dagbag.py:540} INFO - Filling up the DagBag from /mnt/d/Programming/Vietnamese-Text-Generator/airflow_env/lib/python3.10/site-packages/airflow/example_dags/example_xcomargs.py
[2024-05-24T17:49:02.404+0700] {processor.py:840} INFO - DAG(s) 'example_xcom_args_with_operators', 'example_xcom_args' retrieved from /mnt/d/Programming/Vietnamese-Text-Generator/airflow_env/lib/python3.10/site-packages/airflow/example_dags/example_xcomargs.py
[2024-05-24T17:49:02.513+0700] {logging_mixin.py:188} INFO - [2024-05-24T17:49:02.510+0700] {dag.py:3096} INFO - Sync 2 DAGs
[2024-05-24T17:49:02.559+0700] {logging_mixin.py:188} INFO - [2024-05-24T17:49:02.557+0700] {dag.py:3954} INFO - Setting next_dagrun for example_xcom_args to None, run_after=None
[2024-05-24T17:49:02.577+0700] {logging_mixin.py:188} INFO - [2024-05-24T17:49:02.574+0700] {dag.py:3954} INFO - Setting next_dagrun for example_xcom_args_with_operators to None, run_after=None
[2024-05-24T17:49:02.738+0700] {processor.py:183} INFO - Processing /mnt/d/Programming/Vietnamese-Text-Generator/airflow_env/lib/python3.10/site-packages/airflow/example_dags/example_xcomargs.py took 0.470 seconds
[2024-05-24T17:50:05.928+0700] {processor.py:161} INFO - Started process (PID=8937) to work on /mnt/d/Programming/Vietnamese-Text-Generator/airflow_env/lib/python3.10/site-packages/airflow/example_dags/example_xcomargs.py
[2024-05-24T17:50:05.933+0700] {processor.py:830} INFO - Processing file /mnt/d/Programming/Vietnamese-Text-Generator/airflow_env/lib/python3.10/site-packages/airflow/example_dags/example_xcomargs.py for tasks to queue
[2024-05-24T17:50:05.942+0700] {logging_mixin.py:188} INFO - [2024-05-24T17:50:05.939+0700] {dagbag.py:540} INFO - Filling up the DagBag from /mnt/d/Programming/Vietnamese-Text-Generator/airflow_env/lib/python3.10/site-packages/airflow/example_dags/example_xcomargs.py
[2024-05-24T17:50:06.001+0700] {processor.py:840} INFO - DAG(s) 'example_xcom_args', 'example_xcom_args_with_operators' retrieved from /mnt/d/Programming/Vietnamese-Text-Generator/airflow_env/lib/python3.10/site-packages/airflow/example_dags/example_xcomargs.py
[2024-05-24T17:50:06.068+0700] {logging_mixin.py:188} INFO - [2024-05-24T17:50:06.067+0700] {dag.py:3096} INFO - Sync 2 DAGs
[2024-05-24T17:50:06.096+0700] {logging_mixin.py:188} INFO - [2024-05-24T17:50:06.094+0700] {dag.py:3954} INFO - Setting next_dagrun for example_xcom_args to None, run_after=None
[2024-05-24T17:50:06.104+0700] {logging_mixin.py:188} INFO - [2024-05-24T17:50:06.103+0700] {dag.py:3954} INFO - Setting next_dagrun for example_xcom_args_with_operators to None, run_after=None
[2024-05-24T17:50:06.178+0700] {processor.py:183} INFO - Processing /mnt/d/Programming/Vietnamese-Text-Generator/airflow_env/lib/python3.10/site-packages/airflow/example_dags/example_xcomargs.py took 0.282 seconds
[2024-05-24T17:51:12.112+0700] {processor.py:161} INFO - Started process (PID=9223) to work on /mnt/d/Programming/Vietnamese-Text-Generator/airflow_env/lib/python3.10/site-packages/airflow/example_dags/example_xcomargs.py
[2024-05-24T17:51:12.118+0700] {processor.py:830} INFO - Processing file /mnt/d/Programming/Vietnamese-Text-Generator/airflow_env/lib/python3.10/site-packages/airflow/example_dags/example_xcomargs.py for tasks to queue
[2024-05-24T17:51:12.131+0700] {logging_mixin.py:188} INFO - [2024-05-24T17:51:12.127+0700] {dagbag.py:540} INFO - Filling up the DagBag from /mnt/d/Programming/Vietnamese-Text-Generator/airflow_env/lib/python3.10/site-packages/airflow/example_dags/example_xcomargs.py
[2024-05-24T17:51:12.231+0700] {processor.py:840} INFO - DAG(s) 'example_xcom_args', 'example_xcom_args_with_operators' retrieved from /mnt/d/Programming/Vietnamese-Text-Generator/airflow_env/lib/python3.10/site-packages/airflow/example_dags/example_xcomargs.py
[2024-05-24T17:51:12.351+0700] {logging_mixin.py:188} INFO - [2024-05-24T17:51:12.347+0700] {dag.py:3096} INFO - Sync 2 DAGs
[2024-05-24T17:51:12.404+0700] {logging_mixin.py:188} INFO - [2024-05-24T17:51:12.402+0700] {dag.py:3954} INFO - Setting next_dagrun for example_xcom_args to None, run_after=None
[2024-05-24T17:51:12.424+0700] {logging_mixin.py:188} INFO - [2024-05-24T17:51:12.422+0700] {dag.py:3954} INFO - Setting next_dagrun for example_xcom_args_with_operators to None, run_after=None
[2024-05-24T17:51:12.618+0700] {processor.py:183} INFO - Processing /mnt/d/Programming/Vietnamese-Text-Generator/airflow_env/lib/python3.10/site-packages/airflow/example_dags/example_xcomargs.py took 0.553 seconds
[2024-05-24T17:52:24.102+0700] {processor.py:161} INFO - Started process (PID=9542) to work on /mnt/d/Programming/Vietnamese-Text-Generator/airflow_env/lib/python3.10/site-packages/airflow/example_dags/example_xcomargs.py
[2024-05-24T17:52:24.109+0700] {processor.py:830} INFO - Processing file /mnt/d/Programming/Vietnamese-Text-Generator/airflow_env/lib/python3.10/site-packages/airflow/example_dags/example_xcomargs.py for tasks to queue
[2024-05-24T17:52:24.122+0700] {logging_mixin.py:188} INFO - [2024-05-24T17:52:24.118+0700] {dagbag.py:540} INFO - Filling up the DagBag from /mnt/d/Programming/Vietnamese-Text-Generator/airflow_env/lib/python3.10/site-packages/airflow/example_dags/example_xcomargs.py
[2024-05-24T17:52:24.249+0700] {processor.py:840} INFO - DAG(s) 'example_xcom_args_with_operators', 'example_xcom_args' retrieved from /mnt/d/Programming/Vietnamese-Text-Generator/airflow_env/lib/python3.10/site-packages/airflow/example_dags/example_xcomargs.py
[2024-05-24T17:52:24.355+0700] {logging_mixin.py:188} INFO - [2024-05-24T17:52:24.352+0700] {dag.py:3096} INFO - Sync 2 DAGs
[2024-05-24T17:52:24.403+0700] {logging_mixin.py:188} INFO - [2024-05-24T17:52:24.400+0700] {dag.py:3954} INFO - Setting next_dagrun for example_xcom_args to None, run_after=None
[2024-05-24T17:52:24.423+0700] {logging_mixin.py:188} INFO - [2024-05-24T17:52:24.420+0700] {dag.py:3954} INFO - Setting next_dagrun for example_xcom_args_with_operators to None, run_after=None
[2024-05-24T17:52:24.618+0700] {processor.py:183} INFO - Processing /mnt/d/Programming/Vietnamese-Text-Generator/airflow_env/lib/python3.10/site-packages/airflow/example_dags/example_xcomargs.py took 0.565 seconds
[2024-05-24T17:53:31.563+0700] {processor.py:161} INFO - Started process (PID=9835) to work on /mnt/d/Programming/Vietnamese-Text-Generator/airflow_env/lib/python3.10/site-packages/airflow/example_dags/example_xcomargs.py
[2024-05-24T17:53:31.570+0700] {processor.py:830} INFO - Processing file /mnt/d/Programming/Vietnamese-Text-Generator/airflow_env/lib/python3.10/site-packages/airflow/example_dags/example_xcomargs.py for tasks to queue
[2024-05-24T17:53:31.583+0700] {logging_mixin.py:188} INFO - [2024-05-24T17:53:31.579+0700] {dagbag.py:540} INFO - Filling up the DagBag from /mnt/d/Programming/Vietnamese-Text-Generator/airflow_env/lib/python3.10/site-packages/airflow/example_dags/example_xcomargs.py
[2024-05-24T17:53:31.689+0700] {processor.py:840} INFO - DAG(s) 'example_xcom_args', 'example_xcom_args_with_operators' retrieved from /mnt/d/Programming/Vietnamese-Text-Generator/airflow_env/lib/python3.10/site-packages/airflow/example_dags/example_xcomargs.py
[2024-05-24T17:53:31.815+0700] {logging_mixin.py:188} INFO - [2024-05-24T17:53:31.811+0700] {dag.py:3096} INFO - Sync 2 DAGs
[2024-05-24T17:53:31.877+0700] {logging_mixin.py:188} INFO - [2024-05-24T17:53:31.873+0700] {dag.py:3954} INFO - Setting next_dagrun for example_xcom_args to None, run_after=None
[2024-05-24T17:53:31.900+0700] {logging_mixin.py:188} INFO - [2024-05-24T17:53:31.897+0700] {dag.py:3954} INFO - Setting next_dagrun for example_xcom_args_with_operators to None, run_after=None
[2024-05-24T17:53:32.099+0700] {processor.py:183} INFO - Processing /mnt/d/Programming/Vietnamese-Text-Generator/airflow_env/lib/python3.10/site-packages/airflow/example_dags/example_xcomargs.py took 0.582 seconds
[2024-05-24T17:54:41.829+0700] {processor.py:161} INFO - Started process (PID=10140) to work on /mnt/d/Programming/Vietnamese-Text-Generator/airflow_env/lib/python3.10/site-packages/airflow/example_dags/example_xcomargs.py
[2024-05-24T17:54:41.834+0700] {processor.py:830} INFO - Processing file /mnt/d/Programming/Vietnamese-Text-Generator/airflow_env/lib/python3.10/site-packages/airflow/example_dags/example_xcomargs.py for tasks to queue
[2024-05-24T17:54:41.846+0700] {logging_mixin.py:188} INFO - [2024-05-24T17:54:41.842+0700] {dagbag.py:540} INFO - Filling up the DagBag from /mnt/d/Programming/Vietnamese-Text-Generator/airflow_env/lib/python3.10/site-packages/airflow/example_dags/example_xcomargs.py
[2024-05-24T17:54:41.940+0700] {processor.py:840} INFO - DAG(s) 'example_xcom_args', 'example_xcom_args_with_operators' retrieved from /mnt/d/Programming/Vietnamese-Text-Generator/airflow_env/lib/python3.10/site-packages/airflow/example_dags/example_xcomargs.py
[2024-05-24T17:54:42.051+0700] {logging_mixin.py:188} INFO - [2024-05-24T17:54:42.047+0700] {dag.py:3096} INFO - Sync 2 DAGs
[2024-05-24T17:54:42.105+0700] {logging_mixin.py:188} INFO - [2024-05-24T17:54:42.102+0700] {dag.py:3954} INFO - Setting next_dagrun for example_xcom_args to None, run_after=None
[2024-05-24T17:54:42.126+0700] {logging_mixin.py:188} INFO - [2024-05-24T17:54:42.123+0700] {dag.py:3954} INFO - Setting next_dagrun for example_xcom_args_with_operators to None, run_after=None
[2024-05-24T17:54:42.320+0700] {processor.py:183} INFO - Processing /mnt/d/Programming/Vietnamese-Text-Generator/airflow_env/lib/python3.10/site-packages/airflow/example_dags/example_xcomargs.py took 0.535 seconds
[2024-05-24T17:55:51.242+0700] {processor.py:161} INFO - Started process (PID=10445) to work on /mnt/d/Programming/Vietnamese-Text-Generator/airflow_env/lib/python3.10/site-packages/airflow/example_dags/example_xcomargs.py
[2024-05-24T17:55:51.249+0700] {processor.py:830} INFO - Processing file /mnt/d/Programming/Vietnamese-Text-Generator/airflow_env/lib/python3.10/site-packages/airflow/example_dags/example_xcomargs.py for tasks to queue
[2024-05-24T17:55:51.263+0700] {logging_mixin.py:188} INFO - [2024-05-24T17:55:51.260+0700] {dagbag.py:540} INFO - Filling up the DagBag from /mnt/d/Programming/Vietnamese-Text-Generator/airflow_env/lib/python3.10/site-packages/airflow/example_dags/example_xcomargs.py
[2024-05-24T17:55:51.355+0700] {processor.py:840} INFO - DAG(s) 'example_xcom_args_with_operators', 'example_xcom_args' retrieved from /mnt/d/Programming/Vietnamese-Text-Generator/airflow_env/lib/python3.10/site-packages/airflow/example_dags/example_xcomargs.py
[2024-05-24T17:55:51.480+0700] {logging_mixin.py:188} INFO - [2024-05-24T17:55:51.476+0700] {dag.py:3096} INFO - Sync 2 DAGs
[2024-05-24T17:55:51.539+0700] {logging_mixin.py:188} INFO - [2024-05-24T17:55:51.535+0700] {dag.py:3954} INFO - Setting next_dagrun for example_xcom_args to None, run_after=None
[2024-05-24T17:55:51.561+0700] {logging_mixin.py:188} INFO - [2024-05-24T17:55:51.558+0700] {dag.py:3954} INFO - Setting next_dagrun for example_xcom_args_with_operators to None, run_after=None
[2024-05-24T17:55:51.755+0700] {processor.py:183} INFO - Processing /mnt/d/Programming/Vietnamese-Text-Generator/airflow_env/lib/python3.10/site-packages/airflow/example_dags/example_xcomargs.py took 0.561 seconds
[2024-05-24T17:57:01.455+0700] {processor.py:161} INFO - Started process (PID=10751) to work on /mnt/d/Programming/Vietnamese-Text-Generator/airflow_env/lib/python3.10/site-packages/airflow/example_dags/example_xcomargs.py
[2024-05-24T17:57:01.461+0700] {processor.py:830} INFO - Processing file /mnt/d/Programming/Vietnamese-Text-Generator/airflow_env/lib/python3.10/site-packages/airflow/example_dags/example_xcomargs.py for tasks to queue
[2024-05-24T17:57:01.471+0700] {logging_mixin.py:188} INFO - [2024-05-24T17:57:01.468+0700] {dagbag.py:540} INFO - Filling up the DagBag from /mnt/d/Programming/Vietnamese-Text-Generator/airflow_env/lib/python3.10/site-packages/airflow/example_dags/example_xcomargs.py
[2024-05-24T17:57:01.556+0700] {processor.py:840} INFO - DAG(s) 'example_xcom_args', 'example_xcom_args_with_operators' retrieved from /mnt/d/Programming/Vietnamese-Text-Generator/airflow_env/lib/python3.10/site-packages/airflow/example_dags/example_xcomargs.py
[2024-05-24T17:57:01.670+0700] {logging_mixin.py:188} INFO - [2024-05-24T17:57:01.667+0700] {dag.py:3096} INFO - Sync 2 DAGs
[2024-05-24T17:57:01.721+0700] {logging_mixin.py:188} INFO - [2024-05-24T17:57:01.718+0700] {dag.py:3954} INFO - Setting next_dagrun for example_xcom_args to None, run_after=None
[2024-05-24T17:57:01.742+0700] {logging_mixin.py:188} INFO - [2024-05-24T17:57:01.739+0700] {dag.py:3954} INFO - Setting next_dagrun for example_xcom_args_with_operators to None, run_after=None
[2024-05-24T17:57:01.972+0700] {processor.py:183} INFO - Processing /mnt/d/Programming/Vietnamese-Text-Generator/airflow_env/lib/python3.10/site-packages/airflow/example_dags/example_xcomargs.py took 0.557 seconds
[2024-05-24T17:58:11.045+0700] {processor.py:161} INFO - Started process (PID=11053) to work on /mnt/d/Programming/Vietnamese-Text-Generator/airflow_env/lib/python3.10/site-packages/airflow/example_dags/example_xcomargs.py
[2024-05-24T17:58:11.049+0700] {processor.py:830} INFO - Processing file /mnt/d/Programming/Vietnamese-Text-Generator/airflow_env/lib/python3.10/site-packages/airflow/example_dags/example_xcomargs.py for tasks to queue
[2024-05-24T17:58:11.055+0700] {logging_mixin.py:188} INFO - [2024-05-24T17:58:11.053+0700] {dagbag.py:540} INFO - Filling up the DagBag from /mnt/d/Programming/Vietnamese-Text-Generator/airflow_env/lib/python3.10/site-packages/airflow/example_dags/example_xcomargs.py
[2024-05-24T17:58:11.109+0700] {processor.py:840} INFO - DAG(s) 'example_xcom_args_with_operators', 'example_xcom_args' retrieved from /mnt/d/Programming/Vietnamese-Text-Generator/airflow_env/lib/python3.10/site-packages/airflow/example_dags/example_xcomargs.py
[2024-05-24T17:58:11.155+0700] {logging_mixin.py:188} INFO - [2024-05-24T17:58:11.153+0700] {dag.py:3096} INFO - Sync 2 DAGs
[2024-05-24T17:58:11.177+0700] {logging_mixin.py:188} INFO - [2024-05-24T17:58:11.175+0700] {dag.py:3954} INFO - Setting next_dagrun for example_xcom_args to None, run_after=None
[2024-05-24T17:58:11.185+0700] {logging_mixin.py:188} INFO - [2024-05-24T17:58:11.184+0700] {dag.py:3954} INFO - Setting next_dagrun for example_xcom_args_with_operators to None, run_after=None
[2024-05-24T17:58:11.355+0700] {processor.py:183} INFO - Processing /mnt/d/Programming/Vietnamese-Text-Generator/airflow_env/lib/python3.10/site-packages/airflow/example_dags/example_xcomargs.py took 0.343 seconds
[2024-05-24T17:59:17.027+0700] {processor.py:161} INFO - Started process (PID=11341) to work on /mnt/d/Programming/Vietnamese-Text-Generator/airflow_env/lib/python3.10/site-packages/airflow/example_dags/example_xcomargs.py
[2024-05-24T17:59:17.033+0700] {processor.py:830} INFO - Processing file /mnt/d/Programming/Vietnamese-Text-Generator/airflow_env/lib/python3.10/site-packages/airflow/example_dags/example_xcomargs.py for tasks to queue
[2024-05-24T17:59:17.045+0700] {logging_mixin.py:188} INFO - [2024-05-24T17:59:17.041+0700] {dagbag.py:540} INFO - Filling up the DagBag from /mnt/d/Programming/Vietnamese-Text-Generator/airflow_env/lib/python3.10/site-packages/airflow/example_dags/example_xcomargs.py
[2024-05-24T17:59:17.127+0700] {processor.py:840} INFO - DAG(s) 'example_xcom_args', 'example_xcom_args_with_operators' retrieved from /mnt/d/Programming/Vietnamese-Text-Generator/airflow_env/lib/python3.10/site-packages/airflow/example_dags/example_xcomargs.py
[2024-05-24T17:59:17.237+0700] {logging_mixin.py:188} INFO - [2024-05-24T17:59:17.234+0700] {dag.py:3096} INFO - Sync 2 DAGs
[2024-05-24T17:59:17.290+0700] {logging_mixin.py:188} INFO - [2024-05-24T17:59:17.287+0700] {dag.py:3954} INFO - Setting next_dagrun for example_xcom_args to None, run_after=None
[2024-05-24T17:59:17.311+0700] {logging_mixin.py:188} INFO - [2024-05-24T17:59:17.308+0700] {dag.py:3954} INFO - Setting next_dagrun for example_xcom_args_with_operators to None, run_after=None
[2024-05-24T17:59:17.512+0700] {processor.py:183} INFO - Processing /mnt/d/Programming/Vietnamese-Text-Generator/airflow_env/lib/python3.10/site-packages/airflow/example_dags/example_xcomargs.py took 0.528 seconds
[2024-05-24T18:00:24.808+0700] {processor.py:161} INFO - Started process (PID=11635) to work on /mnt/d/Programming/Vietnamese-Text-Generator/airflow_env/lib/python3.10/site-packages/airflow/example_dags/example_xcomargs.py
[2024-05-24T18:00:24.815+0700] {processor.py:830} INFO - Processing file /mnt/d/Programming/Vietnamese-Text-Generator/airflow_env/lib/python3.10/site-packages/airflow/example_dags/example_xcomargs.py for tasks to queue
[2024-05-24T18:00:24.827+0700] {logging_mixin.py:188} INFO - [2024-05-24T18:00:24.823+0700] {dagbag.py:540} INFO - Filling up the DagBag from /mnt/d/Programming/Vietnamese-Text-Generator/airflow_env/lib/python3.10/site-packages/airflow/example_dags/example_xcomargs.py
[2024-05-24T18:00:24.935+0700] {processor.py:840} INFO - DAG(s) 'example_xcom_args', 'example_xcom_args_with_operators' retrieved from /mnt/d/Programming/Vietnamese-Text-Generator/airflow_env/lib/python3.10/site-packages/airflow/example_dags/example_xcomargs.py
[2024-05-24T18:00:25.063+0700] {logging_mixin.py:188} INFO - [2024-05-24T18:00:25.059+0700] {dag.py:3096} INFO - Sync 2 DAGs
[2024-05-24T18:00:25.114+0700] {logging_mixin.py:188} INFO - [2024-05-24T18:00:25.111+0700] {dag.py:3954} INFO - Setting next_dagrun for example_xcom_args to None, run_after=None
[2024-05-24T18:00:25.133+0700] {logging_mixin.py:188} INFO - [2024-05-24T18:00:25.131+0700] {dag.py:3954} INFO - Setting next_dagrun for example_xcom_args_with_operators to None, run_after=None
[2024-05-24T18:00:25.319+0700] {processor.py:183} INFO - Processing /mnt/d/Programming/Vietnamese-Text-Generator/airflow_env/lib/python3.10/site-packages/airflow/example_dags/example_xcomargs.py took 0.559 seconds
[2024-05-24T18:01:32.879+0700] {processor.py:161} INFO - Started process (PID=11932) to work on /mnt/d/Programming/Vietnamese-Text-Generator/airflow_env/lib/python3.10/site-packages/airflow/example_dags/example_xcomargs.py
[2024-05-24T18:01:32.886+0700] {processor.py:830} INFO - Processing file /mnt/d/Programming/Vietnamese-Text-Generator/airflow_env/lib/python3.10/site-packages/airflow/example_dags/example_xcomargs.py for tasks to queue
[2024-05-24T18:01:32.897+0700] {logging_mixin.py:188} INFO - [2024-05-24T18:01:32.894+0700] {dagbag.py:540} INFO - Filling up the DagBag from /mnt/d/Programming/Vietnamese-Text-Generator/airflow_env/lib/python3.10/site-packages/airflow/example_dags/example_xcomargs.py
[2024-05-24T18:01:32.992+0700] {processor.py:840} INFO - DAG(s) 'example_xcom_args', 'example_xcom_args_with_operators' retrieved from /mnt/d/Programming/Vietnamese-Text-Generator/airflow_env/lib/python3.10/site-packages/airflow/example_dags/example_xcomargs.py
[2024-05-24T18:01:33.107+0700] {logging_mixin.py:188} INFO - [2024-05-24T18:01:33.104+0700] {dag.py:3096} INFO - Sync 2 DAGs
[2024-05-24T18:01:33.157+0700] {logging_mixin.py:188} INFO - [2024-05-24T18:01:33.154+0700] {dag.py:3954} INFO - Setting next_dagrun for example_xcom_args to None, run_after=None
[2024-05-24T18:01:33.178+0700] {logging_mixin.py:188} INFO - [2024-05-24T18:01:33.175+0700] {dag.py:3954} INFO - Setting next_dagrun for example_xcom_args_with_operators to None, run_after=None
[2024-05-24T18:01:33.375+0700] {processor.py:183} INFO - Processing /mnt/d/Programming/Vietnamese-Text-Generator/airflow_env/lib/python3.10/site-packages/airflow/example_dags/example_xcomargs.py took 0.540 seconds
[2024-05-24T18:02:44.081+0700] {processor.py:161} INFO - Started process (PID=12243) to work on /mnt/d/Programming/Vietnamese-Text-Generator/airflow_env/lib/python3.10/site-packages/airflow/example_dags/example_xcomargs.py
[2024-05-24T18:02:44.088+0700] {processor.py:830} INFO - Processing file /mnt/d/Programming/Vietnamese-Text-Generator/airflow_env/lib/python3.10/site-packages/airflow/example_dags/example_xcomargs.py for tasks to queue
[2024-05-24T18:02:44.101+0700] {logging_mixin.py:188} INFO - [2024-05-24T18:02:44.097+0700] {dagbag.py:540} INFO - Filling up the DagBag from /mnt/d/Programming/Vietnamese-Text-Generator/airflow_env/lib/python3.10/site-packages/airflow/example_dags/example_xcomargs.py
[2024-05-24T18:02:44.198+0700] {processor.py:840} INFO - DAG(s) 'example_xcom_args', 'example_xcom_args_with_operators' retrieved from /mnt/d/Programming/Vietnamese-Text-Generator/airflow_env/lib/python3.10/site-packages/airflow/example_dags/example_xcomargs.py
[2024-05-24T18:02:44.304+0700] {logging_mixin.py:188} INFO - [2024-05-24T18:02:44.301+0700] {dag.py:3096} INFO - Sync 2 DAGs
[2024-05-24T18:02:44.350+0700] {logging_mixin.py:188} INFO - [2024-05-24T18:02:44.348+0700] {dag.py:3954} INFO - Setting next_dagrun for example_xcom_args to None, run_after=None
[2024-05-24T18:02:44.370+0700] {logging_mixin.py:188} INFO - [2024-05-24T18:02:44.367+0700] {dag.py:3954} INFO - Setting next_dagrun for example_xcom_args_with_operators to None, run_after=None
[2024-05-24T18:02:44.582+0700] {processor.py:183} INFO - Processing /mnt/d/Programming/Vietnamese-Text-Generator/airflow_env/lib/python3.10/site-packages/airflow/example_dags/example_xcomargs.py took 0.552 seconds
[2024-05-24T18:03:57.303+0700] {processor.py:161} INFO - Started process (PID=12564) to work on /mnt/d/Programming/Vietnamese-Text-Generator/airflow_env/lib/python3.10/site-packages/airflow/example_dags/example_xcomargs.py
[2024-05-24T18:03:57.309+0700] {processor.py:830} INFO - Processing file /mnt/d/Programming/Vietnamese-Text-Generator/airflow_env/lib/python3.10/site-packages/airflow/example_dags/example_xcomargs.py for tasks to queue
[2024-05-24T18:03:57.322+0700] {logging_mixin.py:188} INFO - [2024-05-24T18:03:57.318+0700] {dagbag.py:540} INFO - Filling up the DagBag from /mnt/d/Programming/Vietnamese-Text-Generator/airflow_env/lib/python3.10/site-packages/airflow/example_dags/example_xcomargs.py
[2024-05-24T18:03:57.420+0700] {processor.py:840} INFO - DAG(s) 'example_xcom_args', 'example_xcom_args_with_operators' retrieved from /mnt/d/Programming/Vietnamese-Text-Generator/airflow_env/lib/python3.10/site-packages/airflow/example_dags/example_xcomargs.py
[2024-05-24T18:03:57.539+0700] {logging_mixin.py:188} INFO - [2024-05-24T18:03:57.536+0700] {dag.py:3096} INFO - Sync 2 DAGs
[2024-05-24T18:03:57.597+0700] {logging_mixin.py:188} INFO - [2024-05-24T18:03:57.593+0700] {dag.py:3954} INFO - Setting next_dagrun for example_xcom_args to None, run_after=None
[2024-05-24T18:03:57.620+0700] {logging_mixin.py:188} INFO - [2024-05-24T18:03:57.617+0700] {dag.py:3954} INFO - Setting next_dagrun for example_xcom_args_with_operators to None, run_after=None
[2024-05-24T18:03:57.828+0700] {processor.py:183} INFO - Processing /mnt/d/Programming/Vietnamese-Text-Generator/airflow_env/lib/python3.10/site-packages/airflow/example_dags/example_xcomargs.py took 0.563 seconds
[2024-05-24T18:05:07.035+0700] {processor.py:161} INFO - Started process (PID=12868) to work on /mnt/d/Programming/Vietnamese-Text-Generator/airflow_env/lib/python3.10/site-packages/airflow/example_dags/example_xcomargs.py
[2024-05-24T18:05:07.038+0700] {processor.py:830} INFO - Processing file /mnt/d/Programming/Vietnamese-Text-Generator/airflow_env/lib/python3.10/site-packages/airflow/example_dags/example_xcomargs.py for tasks to queue
[2024-05-24T18:05:07.048+0700] {logging_mixin.py:188} INFO - [2024-05-24T18:05:07.046+0700] {dagbag.py:540} INFO - Filling up the DagBag from /mnt/d/Programming/Vietnamese-Text-Generator/airflow_env/lib/python3.10/site-packages/airflow/example_dags/example_xcomargs.py
[2024-05-24T18:05:07.092+0700] {processor.py:840} INFO - DAG(s) 'example_xcom_args_with_operators', 'example_xcom_args' retrieved from /mnt/d/Programming/Vietnamese-Text-Generator/airflow_env/lib/python3.10/site-packages/airflow/example_dags/example_xcomargs.py
[2024-05-24T18:05:07.158+0700] {logging_mixin.py:188} INFO - [2024-05-24T18:05:07.155+0700] {dag.py:3096} INFO - Sync 2 DAGs
[2024-05-24T18:05:07.203+0700] {logging_mixin.py:188} INFO - [2024-05-24T18:05:07.200+0700] {dag.py:3954} INFO - Setting next_dagrun for example_xcom_args to None, run_after=None
[2024-05-24T18:05:07.221+0700] {logging_mixin.py:188} INFO - [2024-05-24T18:05:07.219+0700] {dag.py:3954} INFO - Setting next_dagrun for example_xcom_args_with_operators to None, run_after=None
[2024-05-24T18:05:07.363+0700] {processor.py:183} INFO - Processing /mnt/d/Programming/Vietnamese-Text-Generator/airflow_env/lib/python3.10/site-packages/airflow/example_dags/example_xcomargs.py took 0.351 seconds
