[2024-05-24T17:02:54.243+0700] {processor.py:161} INFO - Started process (PID=2113) to work on /mnt/d/Programming/Vietnamese-Text-Generator/airflow_env/lib/python3.10/site-packages/airflow/example_dags/example_branch_labels.py
[2024-05-24T17:02:54.247+0700] {processor.py:830} INFO - Processing file /mnt/d/Programming/Vietnamese-Text-Generator/airflow_env/lib/python3.10/site-packages/airflow/example_dags/example_branch_labels.py for tasks to queue
[2024-05-24T17:02:54.256+0700] {logging_mixin.py:188} INFO - [2024-05-24T17:02:54.253+0700] {dagbag.py:540} INFO - Filling up the DagBag from /mnt/d/Programming/Vietnamese-Text-Generator/airflow_env/lib/python3.10/site-packages/airflow/example_dags/example_branch_labels.py
[2024-05-24T17:02:54.322+0700] {processor.py:840} INFO - DAG(s) 'example_branch_labels' retrieved from /mnt/d/Programming/Vietnamese-Text-Generator/airflow_env/lib/python3.10/site-packages/airflow/example_dags/example_branch_labels.py
[2024-05-24T17:02:54.392+0700] {logging_mixin.py:188} INFO - [2024-05-24T17:02:54.390+0700] {dag.py:3096} INFO - Sync 1 DAGs
[2024-05-24T17:02:54.456+0700] {logging_mixin.py:188} INFO - [2024-05-24T17:02:54.454+0700] {dag.py:3954} INFO - Setting next_dagrun for example_branch_labels to 2024-05-23 00:00:00+00:00, run_after=2024-05-24 00:00:00+00:00
[2024-05-24T17:02:54.616+0700] {processor.py:183} INFO - Processing /mnt/d/Programming/Vietnamese-Text-Generator/airflow_env/lib/python3.10/site-packages/airflow/example_dags/example_branch_labels.py took 0.403 seconds
[2024-05-24T17:05:19.441+0700] {processor.py:161} INFO - Started process (PID=2748) to work on /mnt/d/Programming/Vietnamese-Text-Generator/airflow_env/lib/python3.10/site-packages/airflow/example_dags/example_branch_labels.py
[2024-05-24T17:05:19.445+0700] {processor.py:830} INFO - Processing file /mnt/d/Programming/Vietnamese-Text-Generator/airflow_env/lib/python3.10/site-packages/airflow/example_dags/example_branch_labels.py for tasks to queue
[2024-05-24T17:05:19.449+0700] {logging_mixin.py:188} INFO - [2024-05-24T17:05:19.448+0700] {dagbag.py:540} INFO - Filling up the DagBag from /mnt/d/Programming/Vietnamese-Text-Generator/airflow_env/lib/python3.10/site-packages/airflow/example_dags/example_branch_labels.py
[2024-05-24T17:05:19.488+0700] {processor.py:840} INFO - DAG(s) 'example_branch_labels' retrieved from /mnt/d/Programming/Vietnamese-Text-Generator/airflow_env/lib/python3.10/site-packages/airflow/example_dags/example_branch_labels.py
[2024-05-24T17:05:19.524+0700] {logging_mixin.py:188} INFO - [2024-05-24T17:05:19.523+0700] {dag.py:3096} INFO - Sync 1 DAGs
[2024-05-24T17:05:19.562+0700] {logging_mixin.py:188} INFO - [2024-05-24T17:05:19.561+0700] {dag.py:3954} INFO - Setting next_dagrun for example_branch_labels to 2024-05-23 00:00:00+00:00, run_after=2024-05-24 00:00:00+00:00
[2024-05-24T17:05:19.646+0700] {processor.py:183} INFO - Processing /mnt/d/Programming/Vietnamese-Text-Generator/airflow_env/lib/python3.10/site-packages/airflow/example_dags/example_branch_labels.py took 0.230 seconds
[2024-05-24T17:07:34.195+0700] {processor.py:161} INFO - Started process (PID=3413) to work on /mnt/d/Programming/Vietnamese-Text-Generator/airflow_env/lib/python3.10/site-packages/airflow/example_dags/example_branch_labels.py
[2024-05-24T17:07:34.201+0700] {processor.py:830} INFO - Processing file /mnt/d/Programming/Vietnamese-Text-Generator/airflow_env/lib/python3.10/site-packages/airflow/example_dags/example_branch_labels.py for tasks to queue
[2024-05-24T17:07:34.212+0700] {logging_mixin.py:188} INFO - [2024-05-24T17:07:34.209+0700] {dagbag.py:540} INFO - Filling up the DagBag from /mnt/d/Programming/Vietnamese-Text-Generator/airflow_env/lib/python3.10/site-packages/airflow/example_dags/example_branch_labels.py
[2024-05-24T17:07:34.330+0700] {processor.py:840} INFO - DAG(s) 'example_branch_labels' retrieved from /mnt/d/Programming/Vietnamese-Text-Generator/airflow_env/lib/python3.10/site-packages/airflow/example_dags/example_branch_labels.py
[2024-05-24T17:07:34.429+0700] {logging_mixin.py:188} INFO - [2024-05-24T17:07:34.425+0700] {dag.py:3096} INFO - Sync 1 DAGs
[2024-05-24T17:07:34.515+0700] {logging_mixin.py:188} INFO - [2024-05-24T17:07:34.511+0700] {dag.py:3954} INFO - Setting next_dagrun for example_branch_labels to 2024-05-23 00:00:00+00:00, run_after=2024-05-24 00:00:00+00:00
[2024-05-24T17:07:34.725+0700] {processor.py:183} INFO - Processing /mnt/d/Programming/Vietnamese-Text-Generator/airflow_env/lib/python3.10/site-packages/airflow/example_dags/example_branch_labels.py took 0.569 seconds
[2024-05-24T17:09:48.088+0700] {processor.py:161} INFO - Started process (PID=3998) to work on /mnt/d/Programming/Vietnamese-Text-Generator/airflow_env/lib/python3.10/site-packages/airflow/example_dags/example_branch_labels.py
[2024-05-24T17:09:48.095+0700] {processor.py:830} INFO - Processing file /mnt/d/Programming/Vietnamese-Text-Generator/airflow_env/lib/python3.10/site-packages/airflow/example_dags/example_branch_labels.py for tasks to queue
[2024-05-24T17:09:48.109+0700] {logging_mixin.py:188} INFO - [2024-05-24T17:09:48.104+0700] {dagbag.py:540} INFO - Filling up the DagBag from /mnt/d/Programming/Vietnamese-Text-Generator/airflow_env/lib/python3.10/site-packages/airflow/example_dags/example_branch_labels.py
[2024-05-24T17:09:48.219+0700] {processor.py:840} INFO - DAG(s) 'example_branch_labels' retrieved from /mnt/d/Programming/Vietnamese-Text-Generator/airflow_env/lib/python3.10/site-packages/airflow/example_dags/example_branch_labels.py
[2024-05-24T17:09:48.316+0700] {logging_mixin.py:188} INFO - [2024-05-24T17:09:48.313+0700] {dag.py:3096} INFO - Sync 1 DAGs
[2024-05-24T17:09:48.409+0700] {logging_mixin.py:188} INFO - [2024-05-24T17:09:48.406+0700] {dag.py:3954} INFO - Setting next_dagrun for example_branch_labels to 2024-05-23 00:00:00+00:00, run_after=2024-05-24 00:00:00+00:00
[2024-05-24T17:09:48.601+0700] {processor.py:183} INFO - Processing /mnt/d/Programming/Vietnamese-Text-Generator/airflow_env/lib/python3.10/site-packages/airflow/example_dags/example_branch_labels.py took 0.563 seconds
[2024-05-24T17:12:09.625+0700] {processor.py:161} INFO - Started process (PID=4618) to work on /mnt/d/Programming/Vietnamese-Text-Generator/airflow_env/lib/python3.10/site-packages/airflow/example_dags/example_branch_labels.py
[2024-05-24T17:12:09.631+0700] {processor.py:830} INFO - Processing file /mnt/d/Programming/Vietnamese-Text-Generator/airflow_env/lib/python3.10/site-packages/airflow/example_dags/example_branch_labels.py for tasks to queue
[2024-05-24T17:12:09.641+0700] {logging_mixin.py:188} INFO - [2024-05-24T17:12:09.638+0700] {dagbag.py:540} INFO - Filling up the DagBag from /mnt/d/Programming/Vietnamese-Text-Generator/airflow_env/lib/python3.10/site-packages/airflow/example_dags/example_branch_labels.py
[2024-05-24T17:12:09.745+0700] {processor.py:840} INFO - DAG(s) 'example_branch_labels' retrieved from /mnt/d/Programming/Vietnamese-Text-Generator/airflow_env/lib/python3.10/site-packages/airflow/example_dags/example_branch_labels.py
[2024-05-24T17:12:09.846+0700] {logging_mixin.py:188} INFO - [2024-05-24T17:12:09.842+0700] {dag.py:3096} INFO - Sync 1 DAGs
[2024-05-24T17:12:09.932+0700] {logging_mixin.py:188} INFO - [2024-05-24T17:12:09.928+0700] {dag.py:3954} INFO - Setting next_dagrun for example_branch_labels to 2024-05-23 00:00:00+00:00, run_after=2024-05-24 00:00:00+00:00
[2024-05-24T17:12:10.138+0700] {processor.py:183} INFO - Processing /mnt/d/Programming/Vietnamese-Text-Generator/airflow_env/lib/python3.10/site-packages/airflow/example_dags/example_branch_labels.py took 0.552 seconds
[2024-05-24T17:14:24.239+0700] {processor.py:161} INFO - Started process (PID=5207) to work on /mnt/d/Programming/Vietnamese-Text-Generator/airflow_env/lib/python3.10/site-packages/airflow/example_dags/example_branch_labels.py
[2024-05-24T17:14:24.245+0700] {processor.py:830} INFO - Processing file /mnt/d/Programming/Vietnamese-Text-Generator/airflow_env/lib/python3.10/site-packages/airflow/example_dags/example_branch_labels.py for tasks to queue
[2024-05-24T17:14:24.256+0700] {logging_mixin.py:188} INFO - [2024-05-24T17:14:24.252+0700] {dagbag.py:540} INFO - Filling up the DagBag from /mnt/d/Programming/Vietnamese-Text-Generator/airflow_env/lib/python3.10/site-packages/airflow/example_dags/example_branch_labels.py
[2024-05-24T17:14:24.355+0700] {processor.py:840} INFO - DAG(s) 'example_branch_labels' retrieved from /mnt/d/Programming/Vietnamese-Text-Generator/airflow_env/lib/python3.10/site-packages/airflow/example_dags/example_branch_labels.py
[2024-05-24T17:14:24.442+0700] {logging_mixin.py:188} INFO - [2024-05-24T17:14:24.439+0700] {dag.py:3096} INFO - Sync 1 DAGs
[2024-05-24T17:14:24.518+0700] {logging_mixin.py:188} INFO - [2024-05-24T17:14:24.516+0700] {dag.py:3954} INFO - Setting next_dagrun for example_branch_labels to 2024-05-23 00:00:00+00:00, run_after=2024-05-24 00:00:00+00:00
[2024-05-24T17:14:24.658+0700] {processor.py:183} INFO - Processing /mnt/d/Programming/Vietnamese-Text-Generator/airflow_env/lib/python3.10/site-packages/airflow/example_dags/example_branch_labels.py took 0.463 seconds
[2024-05-24T17:16:46.664+0700] {processor.py:161} INFO - Started process (PID=5827) to work on /mnt/d/Programming/Vietnamese-Text-Generator/airflow_env/lib/python3.10/site-packages/airflow/example_dags/example_branch_labels.py
[2024-05-24T17:16:46.671+0700] {processor.py:830} INFO - Processing file /mnt/d/Programming/Vietnamese-Text-Generator/airflow_env/lib/python3.10/site-packages/airflow/example_dags/example_branch_labels.py for tasks to queue
[2024-05-24T17:16:46.684+0700] {logging_mixin.py:188} INFO - [2024-05-24T17:16:46.680+0700] {dagbag.py:540} INFO - Filling up the DagBag from /mnt/d/Programming/Vietnamese-Text-Generator/airflow_env/lib/python3.10/site-packages/airflow/example_dags/example_branch_labels.py
[2024-05-24T17:16:46.803+0700] {processor.py:840} INFO - DAG(s) 'example_branch_labels' retrieved from /mnt/d/Programming/Vietnamese-Text-Generator/airflow_env/lib/python3.10/site-packages/airflow/example_dags/example_branch_labels.py
[2024-05-24T17:16:46.900+0700] {logging_mixin.py:188} INFO - [2024-05-24T17:16:46.897+0700] {dag.py:3096} INFO - Sync 1 DAGs
[2024-05-24T17:16:46.986+0700] {logging_mixin.py:188} INFO - [2024-05-24T17:16:46.982+0700] {dag.py:3954} INFO - Setting next_dagrun for example_branch_labels to 2024-05-23 00:00:00+00:00, run_after=2024-05-24 00:00:00+00:00
[2024-05-24T17:16:47.188+0700] {processor.py:183} INFO - Processing /mnt/d/Programming/Vietnamese-Text-Generator/airflow_env/lib/python3.10/site-packages/airflow/example_dags/example_branch_labels.py took 0.571 seconds
[2024-05-24T17:19:07.718+0700] {processor.py:161} INFO - Started process (PID=6448) to work on /mnt/d/Programming/Vietnamese-Text-Generator/airflow_env/lib/python3.10/site-packages/airflow/example_dags/example_branch_labels.py
[2024-05-24T17:19:07.725+0700] {processor.py:830} INFO - Processing file /mnt/d/Programming/Vietnamese-Text-Generator/airflow_env/lib/python3.10/site-packages/airflow/example_dags/example_branch_labels.py for tasks to queue
[2024-05-24T17:19:07.736+0700] {logging_mixin.py:188} INFO - [2024-05-24T17:19:07.733+0700] {dagbag.py:540} INFO - Filling up the DagBag from /mnt/d/Programming/Vietnamese-Text-Generator/airflow_env/lib/python3.10/site-packages/airflow/example_dags/example_branch_labels.py
[2024-05-24T17:19:07.858+0700] {processor.py:840} INFO - DAG(s) 'example_branch_labels' retrieved from /mnt/d/Programming/Vietnamese-Text-Generator/airflow_env/lib/python3.10/site-packages/airflow/example_dags/example_branch_labels.py
[2024-05-24T17:19:07.952+0700] {logging_mixin.py:188} INFO - [2024-05-24T17:19:07.950+0700] {dag.py:3096} INFO - Sync 1 DAGs
[2024-05-24T17:19:07.996+0700] {logging_mixin.py:188} INFO - [2024-05-24T17:19:07.994+0700] {dag.py:3954} INFO - Setting next_dagrun for example_branch_labels to 2024-05-23 00:00:00+00:00, run_after=2024-05-24 00:00:00+00:00
[2024-05-24T17:19:08.117+0700] {processor.py:183} INFO - Processing /mnt/d/Programming/Vietnamese-Text-Generator/airflow_env/lib/python3.10/site-packages/airflow/example_dags/example_branch_labels.py took 0.443 seconds
[2024-05-24T17:21:23.434+0700] {processor.py:161} INFO - Started process (PID=7041) to work on /mnt/d/Programming/Vietnamese-Text-Generator/airflow_env/lib/python3.10/site-packages/airflow/example_dags/example_branch_labels.py
[2024-05-24T17:21:23.437+0700] {processor.py:830} INFO - Processing file /mnt/d/Programming/Vietnamese-Text-Generator/airflow_env/lib/python3.10/site-packages/airflow/example_dags/example_branch_labels.py for tasks to queue
[2024-05-24T17:21:23.443+0700] {logging_mixin.py:188} INFO - [2024-05-24T17:21:23.441+0700] {dagbag.py:540} INFO - Filling up the DagBag from /mnt/d/Programming/Vietnamese-Text-Generator/airflow_env/lib/python3.10/site-packages/airflow/example_dags/example_branch_labels.py
[2024-05-24T17:21:23.484+0700] {processor.py:840} INFO - DAG(s) 'example_branch_labels' retrieved from /mnt/d/Programming/Vietnamese-Text-Generator/airflow_env/lib/python3.10/site-packages/airflow/example_dags/example_branch_labels.py
[2024-05-24T17:21:23.520+0700] {logging_mixin.py:188} INFO - [2024-05-24T17:21:23.518+0700] {dag.py:3096} INFO - Sync 1 DAGs
[2024-05-24T17:21:23.561+0700] {logging_mixin.py:188} INFO - [2024-05-24T17:21:23.559+0700] {dag.py:3954} INFO - Setting next_dagrun for example_branch_labels to 2024-05-23 00:00:00+00:00, run_after=2024-05-24 00:00:00+00:00
[2024-05-24T17:21:23.637+0700] {processor.py:183} INFO - Processing /mnt/d/Programming/Vietnamese-Text-Generator/airflow_env/lib/python3.10/site-packages/airflow/example_dags/example_branch_labels.py took 0.222 seconds
[2024-05-24T17:23:35.960+0700] {processor.py:161} INFO - Started process (PID=7619) to work on /mnt/d/Programming/Vietnamese-Text-Generator/airflow_env/lib/python3.10/site-packages/airflow/example_dags/example_branch_labels.py
[2024-05-24T17:23:35.966+0700] {processor.py:830} INFO - Processing file /mnt/d/Programming/Vietnamese-Text-Generator/airflow_env/lib/python3.10/site-packages/airflow/example_dags/example_branch_labels.py for tasks to queue
[2024-05-24T17:23:35.978+0700] {logging_mixin.py:188} INFO - [2024-05-24T17:23:35.974+0700] {dagbag.py:540} INFO - Filling up the DagBag from /mnt/d/Programming/Vietnamese-Text-Generator/airflow_env/lib/python3.10/site-packages/airflow/example_dags/example_branch_labels.py
[2024-05-24T17:23:36.089+0700] {processor.py:840} INFO - DAG(s) 'example_branch_labels' retrieved from /mnt/d/Programming/Vietnamese-Text-Generator/airflow_env/lib/python3.10/site-packages/airflow/example_dags/example_branch_labels.py
[2024-05-24T17:23:36.188+0700] {logging_mixin.py:188} INFO - [2024-05-24T17:23:36.185+0700] {dag.py:3096} INFO - Sync 1 DAGs
[2024-05-24T17:23:36.279+0700] {logging_mixin.py:188} INFO - [2024-05-24T17:23:36.275+0700] {dag.py:3954} INFO - Setting next_dagrun for example_branch_labels to 2024-05-23 00:00:00+00:00, run_after=2024-05-24 00:00:00+00:00
[2024-05-24T17:23:36.500+0700] {processor.py:183} INFO - Processing /mnt/d/Programming/Vietnamese-Text-Generator/airflow_env/lib/python3.10/site-packages/airflow/example_dags/example_branch_labels.py took 0.592 seconds
[2024-05-24T17:47:17.005+0700] {processor.py:161} INFO - Started process (PID=8176) to work on /mnt/d/Programming/Vietnamese-Text-Generator/airflow_env/lib/python3.10/site-packages/airflow/example_dags/example_branch_labels.py
[2024-05-24T17:47:17.007+0700] {processor.py:830} INFO - Processing file /mnt/d/Programming/Vietnamese-Text-Generator/airflow_env/lib/python3.10/site-packages/airflow/example_dags/example_branch_labels.py for tasks to queue
[2024-05-24T17:47:17.011+0700] {logging_mixin.py:188} INFO - [2024-05-24T17:47:17.010+0700] {dagbag.py:540} INFO - Filling up the DagBag from /mnt/d/Programming/Vietnamese-Text-Generator/airflow_env/lib/python3.10/site-packages/airflow/example_dags/example_branch_labels.py
[2024-05-24T17:47:17.038+0700] {processor.py:840} INFO - DAG(s) 'example_branch_labels' retrieved from /mnt/d/Programming/Vietnamese-Text-Generator/airflow_env/lib/python3.10/site-packages/airflow/example_dags/example_branch_labels.py
[2024-05-24T17:47:17.073+0700] {logging_mixin.py:188} INFO - [2024-05-24T17:47:17.071+0700] {dag.py:3096} INFO - Sync 1 DAGs
[2024-05-24T17:47:17.103+0700] {logging_mixin.py:188} INFO - [2024-05-24T17:47:17.102+0700] {dag.py:3954} INFO - Setting next_dagrun for example_branch_labels to 2024-05-23 00:00:00+00:00, run_after=2024-05-24 00:00:00+00:00
[2024-05-24T17:47:17.169+0700] {processor.py:183} INFO - Processing /mnt/d/Programming/Vietnamese-Text-Generator/airflow_env/lib/python3.10/site-packages/airflow/example_dags/example_branch_labels.py took 0.177 seconds
[2024-05-24T17:48:36.645+0700] {processor.py:161} INFO - Started process (PID=8543) to work on /mnt/d/Programming/Vietnamese-Text-Generator/airflow_env/lib/python3.10/site-packages/airflow/example_dags/example_branch_labels.py
[2024-05-24T17:48:36.653+0700] {processor.py:830} INFO - Processing file /mnt/d/Programming/Vietnamese-Text-Generator/airflow_env/lib/python3.10/site-packages/airflow/example_dags/example_branch_labels.py for tasks to queue
[2024-05-24T17:48:36.667+0700] {logging_mixin.py:188} INFO - [2024-05-24T17:48:36.663+0700] {dagbag.py:540} INFO - Filling up the DagBag from /mnt/d/Programming/Vietnamese-Text-Generator/airflow_env/lib/python3.10/site-packages/airflow/example_dags/example_branch_labels.py
[2024-05-24T17:48:36.788+0700] {processor.py:840} INFO - DAG(s) 'example_branch_labels' retrieved from /mnt/d/Programming/Vietnamese-Text-Generator/airflow_env/lib/python3.10/site-packages/airflow/example_dags/example_branch_labels.py
[2024-05-24T17:48:36.894+0700] {logging_mixin.py:188} INFO - [2024-05-24T17:48:36.892+0700] {dag.py:3096} INFO - Sync 1 DAGs
[2024-05-24T17:48:36.978+0700] {logging_mixin.py:188} INFO - [2024-05-24T17:48:36.976+0700] {dag.py:3954} INFO - Setting next_dagrun for example_branch_labels to 2024-05-23 00:00:00+00:00, run_after=2024-05-24 00:00:00+00:00
[2024-05-24T17:48:37.167+0700] {processor.py:183} INFO - Processing /mnt/d/Programming/Vietnamese-Text-Generator/airflow_env/lib/python3.10/site-packages/airflow/example_dags/example_branch_labels.py took 0.572 seconds
[2024-05-24T17:50:45.278+0700] {processor.py:161} INFO - Started process (PID=9105) to work on /mnt/d/Programming/Vietnamese-Text-Generator/airflow_env/lib/python3.10/site-packages/airflow/example_dags/example_branch_labels.py
[2024-05-24T17:50:45.284+0700] {processor.py:830} INFO - Processing file /mnt/d/Programming/Vietnamese-Text-Generator/airflow_env/lib/python3.10/site-packages/airflow/example_dags/example_branch_labels.py for tasks to queue
[2024-05-24T17:50:45.296+0700] {logging_mixin.py:188} INFO - [2024-05-24T17:50:45.292+0700] {dagbag.py:540} INFO - Filling up the DagBag from /mnt/d/Programming/Vietnamese-Text-Generator/airflow_env/lib/python3.10/site-packages/airflow/example_dags/example_branch_labels.py
[2024-05-24T17:50:45.411+0700] {processor.py:840} INFO - DAG(s) 'example_branch_labels' retrieved from /mnt/d/Programming/Vietnamese-Text-Generator/airflow_env/lib/python3.10/site-packages/airflow/example_dags/example_branch_labels.py
[2024-05-24T17:50:45.505+0700] {logging_mixin.py:188} INFO - [2024-05-24T17:50:45.503+0700] {dag.py:3096} INFO - Sync 1 DAGs
[2024-05-24T17:50:45.596+0700] {logging_mixin.py:188} INFO - [2024-05-24T17:50:45.593+0700] {dag.py:3954} INFO - Setting next_dagrun for example_branch_labels to 2024-05-23 00:00:00+00:00, run_after=2024-05-24 00:00:00+00:00
[2024-05-24T17:50:45.793+0700] {processor.py:183} INFO - Processing /mnt/d/Programming/Vietnamese-Text-Generator/airflow_env/lib/python3.10/site-packages/airflow/example_dags/example_branch_labels.py took 0.558 seconds
[2024-05-24T17:53:03.527+0700] {processor.py:161} INFO - Started process (PID=9712) to work on /mnt/d/Programming/Vietnamese-Text-Generator/airflow_env/lib/python3.10/site-packages/airflow/example_dags/example_branch_labels.py
[2024-05-24T17:53:03.532+0700] {processor.py:830} INFO - Processing file /mnt/d/Programming/Vietnamese-Text-Generator/airflow_env/lib/python3.10/site-packages/airflow/example_dags/example_branch_labels.py for tasks to queue
[2024-05-24T17:53:03.541+0700] {logging_mixin.py:188} INFO - [2024-05-24T17:53:03.538+0700] {dagbag.py:540} INFO - Filling up the DagBag from /mnt/d/Programming/Vietnamese-Text-Generator/airflow_env/lib/python3.10/site-packages/airflow/example_dags/example_branch_labels.py
[2024-05-24T17:53:03.635+0700] {processor.py:840} INFO - DAG(s) 'example_branch_labels' retrieved from /mnt/d/Programming/Vietnamese-Text-Generator/airflow_env/lib/python3.10/site-packages/airflow/example_dags/example_branch_labels.py
[2024-05-24T17:53:03.690+0700] {logging_mixin.py:188} INFO - [2024-05-24T17:53:03.689+0700] {dag.py:3096} INFO - Sync 1 DAGs
[2024-05-24T17:53:03.734+0700] {logging_mixin.py:188} INFO - [2024-05-24T17:53:03.733+0700] {dag.py:3954} INFO - Setting next_dagrun for example_branch_labels to 2024-05-23 00:00:00+00:00, run_after=2024-05-24 00:00:00+00:00
[2024-05-24T17:53:03.799+0700] {processor.py:183} INFO - Processing /mnt/d/Programming/Vietnamese-Text-Generator/airflow_env/lib/python3.10/site-packages/airflow/example_dags/example_branch_labels.py took 0.306 seconds
[2024-05-24T17:55:22.429+0700] {processor.py:161} INFO - Started process (PID=10318) to work on /mnt/d/Programming/Vietnamese-Text-Generator/airflow_env/lib/python3.10/site-packages/airflow/example_dags/example_branch_labels.py
[2024-05-24T17:55:22.435+0700] {processor.py:830} INFO - Processing file /mnt/d/Programming/Vietnamese-Text-Generator/airflow_env/lib/python3.10/site-packages/airflow/example_dags/example_branch_labels.py for tasks to queue
[2024-05-24T17:55:22.444+0700] {logging_mixin.py:188} INFO - [2024-05-24T17:55:22.441+0700] {dagbag.py:540} INFO - Filling up the DagBag from /mnt/d/Programming/Vietnamese-Text-Generator/airflow_env/lib/python3.10/site-packages/airflow/example_dags/example_branch_labels.py
[2024-05-24T17:55:22.547+0700] {processor.py:840} INFO - DAG(s) 'example_branch_labels' retrieved from /mnt/d/Programming/Vietnamese-Text-Generator/airflow_env/lib/python3.10/site-packages/airflow/example_dags/example_branch_labels.py
[2024-05-24T17:55:22.637+0700] {logging_mixin.py:188} INFO - [2024-05-24T17:55:22.634+0700] {dag.py:3096} INFO - Sync 1 DAGs
[2024-05-24T17:55:22.716+0700] {logging_mixin.py:188} INFO - [2024-05-24T17:55:22.714+0700] {dag.py:3954} INFO - Setting next_dagrun for example_branch_labels to 2024-05-23 00:00:00+00:00, run_after=2024-05-24 00:00:00+00:00
[2024-05-24T17:55:22.891+0700] {processor.py:183} INFO - Processing /mnt/d/Programming/Vietnamese-Text-Generator/airflow_env/lib/python3.10/site-packages/airflow/example_dags/example_branch_labels.py took 0.500 seconds
[2024-05-24T17:57:42.964+0700] {processor.py:161} INFO - Started process (PID=10930) to work on /mnt/d/Programming/Vietnamese-Text-Generator/airflow_env/lib/python3.10/site-packages/airflow/example_dags/example_branch_labels.py
[2024-05-24T17:57:42.971+0700] {processor.py:830} INFO - Processing file /mnt/d/Programming/Vietnamese-Text-Generator/airflow_env/lib/python3.10/site-packages/airflow/example_dags/example_branch_labels.py for tasks to queue
[2024-05-24T17:57:42.982+0700] {logging_mixin.py:188} INFO - [2024-05-24T17:57:42.979+0700] {dagbag.py:540} INFO - Filling up the DagBag from /mnt/d/Programming/Vietnamese-Text-Generator/airflow_env/lib/python3.10/site-packages/airflow/example_dags/example_branch_labels.py
[2024-05-24T17:57:43.101+0700] {processor.py:840} INFO - DAG(s) 'example_branch_labels' retrieved from /mnt/d/Programming/Vietnamese-Text-Generator/airflow_env/lib/python3.10/site-packages/airflow/example_dags/example_branch_labels.py
[2024-05-24T17:57:43.221+0700] {logging_mixin.py:188} INFO - [2024-05-24T17:57:43.218+0700] {dag.py:3096} INFO - Sync 1 DAGs
[2024-05-24T17:57:43.308+0700] {logging_mixin.py:188} INFO - [2024-05-24T17:57:43.305+0700] {dag.py:3954} INFO - Setting next_dagrun for example_branch_labels to 2024-05-23 00:00:00+00:00, run_after=2024-05-24 00:00:00+00:00
[2024-05-24T17:57:43.503+0700] {processor.py:183} INFO - Processing /mnt/d/Programming/Vietnamese-Text-Generator/airflow_env/lib/python3.10/site-packages/airflow/example_dags/example_branch_labels.py took 0.582 seconds
[2024-05-24T17:59:58.043+0700] {processor.py:161} INFO - Started process (PID=11517) to work on /mnt/d/Programming/Vietnamese-Text-Generator/airflow_env/lib/python3.10/site-packages/airflow/example_dags/example_branch_labels.py
[2024-05-24T17:59:58.049+0700] {processor.py:830} INFO - Processing file /mnt/d/Programming/Vietnamese-Text-Generator/airflow_env/lib/python3.10/site-packages/airflow/example_dags/example_branch_labels.py for tasks to queue
[2024-05-24T17:59:58.061+0700] {logging_mixin.py:188} INFO - [2024-05-24T17:59:58.057+0700] {dagbag.py:540} INFO - Filling up the DagBag from /mnt/d/Programming/Vietnamese-Text-Generator/airflow_env/lib/python3.10/site-packages/airflow/example_dags/example_branch_labels.py
[2024-05-24T17:59:58.196+0700] {processor.py:840} INFO - DAG(s) 'example_branch_labels' retrieved from /mnt/d/Programming/Vietnamese-Text-Generator/airflow_env/lib/python3.10/site-packages/airflow/example_dags/example_branch_labels.py
[2024-05-24T17:59:58.305+0700] {logging_mixin.py:188} INFO - [2024-05-24T17:59:58.302+0700] {dag.py:3096} INFO - Sync 1 DAGs
[2024-05-24T17:59:58.402+0700] {logging_mixin.py:188} INFO - [2024-05-24T17:59:58.399+0700] {dag.py:3954} INFO - Setting next_dagrun for example_branch_labels to 2024-05-23 00:00:00+00:00, run_after=2024-05-24 00:00:00+00:00
[2024-05-24T17:59:58.636+0700] {processor.py:183} INFO - Processing /mnt/d/Programming/Vietnamese-Text-Generator/airflow_env/lib/python3.10/site-packages/airflow/example_dags/example_branch_labels.py took 0.639 seconds
[2024-05-24T18:02:17.334+0700] {processor.py:161} INFO - Started process (PID=12124) to work on /mnt/d/Programming/Vietnamese-Text-Generator/airflow_env/lib/python3.10/site-packages/airflow/example_dags/example_branch_labels.py
[2024-05-24T18:02:17.340+0700] {processor.py:830} INFO - Processing file /mnt/d/Programming/Vietnamese-Text-Generator/airflow_env/lib/python3.10/site-packages/airflow/example_dags/example_branch_labels.py for tasks to queue
[2024-05-24T18:02:17.350+0700] {logging_mixin.py:188} INFO - [2024-05-24T18:02:17.346+0700] {dagbag.py:540} INFO - Filling up the DagBag from /mnt/d/Programming/Vietnamese-Text-Generator/airflow_env/lib/python3.10/site-packages/airflow/example_dags/example_branch_labels.py
[2024-05-24T18:02:17.465+0700] {processor.py:840} INFO - DAG(s) 'example_branch_labels' retrieved from /mnt/d/Programming/Vietnamese-Text-Generator/airflow_env/lib/python3.10/site-packages/airflow/example_dags/example_branch_labels.py
[2024-05-24T18:02:17.558+0700] {logging_mixin.py:188} INFO - [2024-05-24T18:02:17.556+0700] {dag.py:3096} INFO - Sync 1 DAGs
[2024-05-24T18:02:17.642+0700] {logging_mixin.py:188} INFO - [2024-05-24T18:02:17.639+0700] {dag.py:3954} INFO - Setting next_dagrun for example_branch_labels to 2024-05-23 00:00:00+00:00, run_after=2024-05-24 00:00:00+00:00
[2024-05-24T18:02:17.818+0700] {processor.py:183} INFO - Processing /mnt/d/Programming/Vietnamese-Text-Generator/airflow_env/lib/python3.10/site-packages/airflow/example_dags/example_branch_labels.py took 0.527 seconds
[2024-05-24T18:04:39.544+0700] {processor.py:161} INFO - Started process (PID=12743) to work on /mnt/d/Programming/Vietnamese-Text-Generator/airflow_env/lib/python3.10/site-packages/airflow/example_dags/example_branch_labels.py
[2024-05-24T18:04:39.550+0700] {processor.py:830} INFO - Processing file /mnt/d/Programming/Vietnamese-Text-Generator/airflow_env/lib/python3.10/site-packages/airflow/example_dags/example_branch_labels.py for tasks to queue
[2024-05-24T18:04:39.562+0700] {logging_mixin.py:188} INFO - [2024-05-24T18:04:39.558+0700] {dagbag.py:540} INFO - Filling up the DagBag from /mnt/d/Programming/Vietnamese-Text-Generator/airflow_env/lib/python3.10/site-packages/airflow/example_dags/example_branch_labels.py
[2024-05-24T18:04:39.674+0700] {processor.py:840} INFO - DAG(s) 'example_branch_labels' retrieved from /mnt/d/Programming/Vietnamese-Text-Generator/airflow_env/lib/python3.10/site-packages/airflow/example_dags/example_branch_labels.py
[2024-05-24T18:04:39.767+0700] {logging_mixin.py:188} INFO - [2024-05-24T18:04:39.764+0700] {dag.py:3096} INFO - Sync 1 DAGs
[2024-05-24T18:04:39.855+0700] {logging_mixin.py:188} INFO - [2024-05-24T18:04:39.852+0700] {dag.py:3954} INFO - Setting next_dagrun for example_branch_labels to 2024-05-23 00:00:00+00:00, run_after=2024-05-24 00:00:00+00:00
[2024-05-24T18:04:40.035+0700] {processor.py:183} INFO - Processing /mnt/d/Programming/Vietnamese-Text-Generator/airflow_env/lib/python3.10/site-packages/airflow/example_dags/example_branch_labels.py took 0.536 seconds
