[2024-05-24T17:02:42.494+0700] {processor.py:161} INFO - Started process (PID=2063) to work on /mnt/d/Programming/Vietnamese-Text-Generator/airflow_env/lib/python3.10/site-packages/airflow/example_dags/example_complex.py
[2024-05-24T17:02:42.496+0700] {processor.py:830} INFO - Processing file /mnt/d/Programming/Vietnamese-Text-Generator/airflow_env/lib/python3.10/site-packages/airflow/example_dags/example_complex.py for tasks to queue
[2024-05-24T17:02:42.500+0700] {logging_mixin.py:188} INFO - [2024-05-24T17:02:42.499+0700] {dagbag.py:540} INFO - Filling up the DagBag from /mnt/d/Programming/Vietnamese-Text-Generator/airflow_env/lib/python3.10/site-packages/airflow/example_dags/example_complex.py
[2024-05-24T17:02:42.540+0700] {processor.py:840} INFO - DAG(s) 'example_complex' retrieved from /mnt/d/Programming/Vietnamese-Text-Generator/airflow_env/lib/python3.10/site-packages/airflow/example_dags/example_complex.py
[2024-05-24T17:02:42.603+0700] {logging_mixin.py:188} INFO - [2024-05-24T17:02:42.602+0700] {dag.py:3096} INFO - Sync 1 DAGs
[2024-05-24T17:02:42.620+0700] {logging_mixin.py:188} INFO - [2024-05-24T17:02:42.619+0700] {dag.py:3954} INFO - Setting next_dagrun for example_complex to None, run_after=None
[2024-05-24T17:02:42.678+0700] {processor.py:183} INFO - Processing /mnt/d/Programming/Vietnamese-Text-Generator/airflow_env/lib/python3.10/site-packages/airflow/example_dags/example_complex.py took 0.203 seconds
[2024-05-24T17:05:11.165+0700] {processor.py:161} INFO - Started process (PID=2711) to work on /mnt/d/Programming/Vietnamese-Text-Generator/airflow_env/lib/python3.10/site-packages/airflow/example_dags/example_complex.py
[2024-05-24T17:05:11.172+0700] {processor.py:830} INFO - Processing file /mnt/d/Programming/Vietnamese-Text-Generator/airflow_env/lib/python3.10/site-packages/airflow/example_dags/example_complex.py for tasks to queue
[2024-05-24T17:05:11.183+0700] {logging_mixin.py:188} INFO - [2024-05-24T17:05:11.180+0700] {dagbag.py:540} INFO - Filling up the DagBag from /mnt/d/Programming/Vietnamese-Text-Generator/airflow_env/lib/python3.10/site-packages/airflow/example_dags/example_complex.py
[2024-05-24T17:05:11.285+0700] {processor.py:840} INFO - DAG(s) 'example_complex' retrieved from /mnt/d/Programming/Vietnamese-Text-Generator/airflow_env/lib/python3.10/site-packages/airflow/example_dags/example_complex.py
[2024-05-24T17:05:11.430+0700] {logging_mixin.py:188} INFO - [2024-05-24T17:05:11.427+0700] {dag.py:3096} INFO - Sync 1 DAGs
[2024-05-24T17:05:11.480+0700] {logging_mixin.py:188} INFO - [2024-05-24T17:05:11.477+0700] {dag.py:3954} INFO - Setting next_dagrun for example_complex to None, run_after=None
[2024-05-24T17:05:11.686+0700] {processor.py:183} INFO - Processing /mnt/d/Programming/Vietnamese-Text-Generator/airflow_env/lib/python3.10/site-packages/airflow/example_dags/example_complex.py took 0.565 seconds
[2024-05-24T17:07:26.512+0700] {processor.py:161} INFO - Started process (PID=3380) to work on /mnt/d/Programming/Vietnamese-Text-Generator/airflow_env/lib/python3.10/site-packages/airflow/example_dags/example_complex.py
[2024-05-24T17:07:26.517+0700] {processor.py:830} INFO - Processing file /mnt/d/Programming/Vietnamese-Text-Generator/airflow_env/lib/python3.10/site-packages/airflow/example_dags/example_complex.py for tasks to queue
[2024-05-24T17:07:26.527+0700] {logging_mixin.py:188} INFO - [2024-05-24T17:07:26.524+0700] {dagbag.py:540} INFO - Filling up the DagBag from /mnt/d/Programming/Vietnamese-Text-Generator/airflow_env/lib/python3.10/site-packages/airflow/example_dags/example_complex.py
[2024-05-24T17:07:26.620+0700] {processor.py:840} INFO - DAG(s) 'example_complex' retrieved from /mnt/d/Programming/Vietnamese-Text-Generator/airflow_env/lib/python3.10/site-packages/airflow/example_dags/example_complex.py
[2024-05-24T17:07:26.738+0700] {logging_mixin.py:188} INFO - [2024-05-24T17:07:26.736+0700] {dag.py:3096} INFO - Sync 1 DAGs
[2024-05-24T17:07:26.772+0700] {logging_mixin.py:188} INFO - [2024-05-24T17:07:26.770+0700] {dag.py:3954} INFO - Setting next_dagrun for example_complex to None, run_after=None
[2024-05-24T17:07:26.936+0700] {processor.py:183} INFO - Processing /mnt/d/Programming/Vietnamese-Text-Generator/airflow_env/lib/python3.10/site-packages/airflow/example_dags/example_complex.py took 0.463 seconds
[2024-05-24T17:09:40.051+0700] {processor.py:161} INFO - Started process (PID=3964) to work on /mnt/d/Programming/Vietnamese-Text-Generator/airflow_env/lib/python3.10/site-packages/airflow/example_dags/example_complex.py
[2024-05-24T17:09:40.056+0700] {processor.py:830} INFO - Processing file /mnt/d/Programming/Vietnamese-Text-Generator/airflow_env/lib/python3.10/site-packages/airflow/example_dags/example_complex.py for tasks to queue
[2024-05-24T17:09:40.067+0700] {logging_mixin.py:188} INFO - [2024-05-24T17:09:40.064+0700] {dagbag.py:540} INFO - Filling up the DagBag from /mnt/d/Programming/Vietnamese-Text-Generator/airflow_env/lib/python3.10/site-packages/airflow/example_dags/example_complex.py
[2024-05-24T17:09:40.150+0700] {processor.py:840} INFO - DAG(s) 'example_complex' retrieved from /mnt/d/Programming/Vietnamese-Text-Generator/airflow_env/lib/python3.10/site-packages/airflow/example_dags/example_complex.py
[2024-05-24T17:09:40.270+0700] {logging_mixin.py:188} INFO - [2024-05-24T17:09:40.267+0700] {dag.py:3096} INFO - Sync 1 DAGs
[2024-05-24T17:09:40.319+0700] {logging_mixin.py:188} INFO - [2024-05-24T17:09:40.317+0700] {dag.py:3954} INFO - Setting next_dagrun for example_complex to None, run_after=None
[2024-05-24T17:09:40.491+0700] {processor.py:183} INFO - Processing /mnt/d/Programming/Vietnamese-Text-Generator/airflow_env/lib/python3.10/site-packages/airflow/example_dags/example_complex.py took 0.480 seconds
[2024-05-24T17:12:01.286+0700] {processor.py:161} INFO - Started process (PID=4583) to work on /mnt/d/Programming/Vietnamese-Text-Generator/airflow_env/lib/python3.10/site-packages/airflow/example_dags/example_complex.py
[2024-05-24T17:12:01.293+0700] {processor.py:830} INFO - Processing file /mnt/d/Programming/Vietnamese-Text-Generator/airflow_env/lib/python3.10/site-packages/airflow/example_dags/example_complex.py for tasks to queue
[2024-05-24T17:12:01.306+0700] {logging_mixin.py:188} INFO - [2024-05-24T17:12:01.302+0700] {dagbag.py:540} INFO - Filling up the DagBag from /mnt/d/Programming/Vietnamese-Text-Generator/airflow_env/lib/python3.10/site-packages/airflow/example_dags/example_complex.py
[2024-05-24T17:12:01.412+0700] {processor.py:840} INFO - DAG(s) 'example_complex' retrieved from /mnt/d/Programming/Vietnamese-Text-Generator/airflow_env/lib/python3.10/site-packages/airflow/example_dags/example_complex.py
[2024-05-24T17:12:01.548+0700] {logging_mixin.py:188} INFO - [2024-05-24T17:12:01.545+0700] {dag.py:3096} INFO - Sync 1 DAGs
[2024-05-24T17:12:01.597+0700] {logging_mixin.py:188} INFO - [2024-05-24T17:12:01.594+0700] {dag.py:3954} INFO - Setting next_dagrun for example_complex to None, run_after=None
[2024-05-24T17:12:01.807+0700] {processor.py:183} INFO - Processing /mnt/d/Programming/Vietnamese-Text-Generator/airflow_env/lib/python3.10/site-packages/airflow/example_dags/example_complex.py took 0.569 seconds
[2024-05-24T17:14:16.543+0700] {processor.py:161} INFO - Started process (PID=5174) to work on /mnt/d/Programming/Vietnamese-Text-Generator/airflow_env/lib/python3.10/site-packages/airflow/example_dags/example_complex.py
[2024-05-24T17:14:16.549+0700] {processor.py:830} INFO - Processing file /mnt/d/Programming/Vietnamese-Text-Generator/airflow_env/lib/python3.10/site-packages/airflow/example_dags/example_complex.py for tasks to queue
[2024-05-24T17:14:16.561+0700] {logging_mixin.py:188} INFO - [2024-05-24T17:14:16.557+0700] {dagbag.py:540} INFO - Filling up the DagBag from /mnt/d/Programming/Vietnamese-Text-Generator/airflow_env/lib/python3.10/site-packages/airflow/example_dags/example_complex.py
[2024-05-24T17:14:16.663+0700] {processor.py:840} INFO - DAG(s) 'example_complex' retrieved from /mnt/d/Programming/Vietnamese-Text-Generator/airflow_env/lib/python3.10/site-packages/airflow/example_dags/example_complex.py
[2024-05-24T17:14:16.781+0700] {logging_mixin.py:188} INFO - [2024-05-24T17:14:16.778+0700] {dag.py:3096} INFO - Sync 1 DAGs
[2024-05-24T17:14:16.830+0700] {logging_mixin.py:188} INFO - [2024-05-24T17:14:16.827+0700] {dag.py:3954} INFO - Setting next_dagrun for example_complex to None, run_after=None
[2024-05-24T17:14:17.007+0700] {processor.py:183} INFO - Processing /mnt/d/Programming/Vietnamese-Text-Generator/airflow_env/lib/python3.10/site-packages/airflow/example_dags/example_complex.py took 0.509 seconds
[2024-05-24T17:16:38.633+0700] {processor.py:161} INFO - Started process (PID=5792) to work on /mnt/d/Programming/Vietnamese-Text-Generator/airflow_env/lib/python3.10/site-packages/airflow/example_dags/example_complex.py
[2024-05-24T17:16:38.640+0700] {processor.py:830} INFO - Processing file /mnt/d/Programming/Vietnamese-Text-Generator/airflow_env/lib/python3.10/site-packages/airflow/example_dags/example_complex.py for tasks to queue
[2024-05-24T17:16:38.658+0700] {logging_mixin.py:188} INFO - [2024-05-24T17:16:38.652+0700] {dagbag.py:540} INFO - Filling up the DagBag from /mnt/d/Programming/Vietnamese-Text-Generator/airflow_env/lib/python3.10/site-packages/airflow/example_dags/example_complex.py
[2024-05-24T17:16:38.801+0700] {processor.py:840} INFO - DAG(s) 'example_complex' retrieved from /mnt/d/Programming/Vietnamese-Text-Generator/airflow_env/lib/python3.10/site-packages/airflow/example_dags/example_complex.py
[2024-05-24T17:16:38.863+0700] {logging_mixin.py:188} INFO - [2024-05-24T17:16:38.862+0700] {dag.py:3096} INFO - Sync 1 DAGs
[2024-05-24T17:16:38.878+0700] {logging_mixin.py:188} INFO - [2024-05-24T17:16:38.877+0700] {dag.py:3954} INFO - Setting next_dagrun for example_complex to None, run_after=None
[2024-05-24T17:16:38.953+0700] {processor.py:183} INFO - Processing /mnt/d/Programming/Vietnamese-Text-Generator/airflow_env/lib/python3.10/site-packages/airflow/example_dags/example_complex.py took 0.368 seconds
[2024-05-24T17:19:00.634+0700] {processor.py:161} INFO - Started process (PID=6417) to work on /mnt/d/Programming/Vietnamese-Text-Generator/airflow_env/lib/python3.10/site-packages/airflow/example_dags/example_complex.py
[2024-05-24T17:19:00.636+0700] {processor.py:830} INFO - Processing file /mnt/d/Programming/Vietnamese-Text-Generator/airflow_env/lib/python3.10/site-packages/airflow/example_dags/example_complex.py for tasks to queue
[2024-05-24T17:19:00.641+0700] {logging_mixin.py:188} INFO - [2024-05-24T17:19:00.639+0700] {dagbag.py:540} INFO - Filling up the DagBag from /mnt/d/Programming/Vietnamese-Text-Generator/airflow_env/lib/python3.10/site-packages/airflow/example_dags/example_complex.py
[2024-05-24T17:19:00.685+0700] {processor.py:840} INFO - DAG(s) 'example_complex' retrieved from /mnt/d/Programming/Vietnamese-Text-Generator/airflow_env/lib/python3.10/site-packages/airflow/example_dags/example_complex.py
[2024-05-24T17:19:00.747+0700] {logging_mixin.py:188} INFO - [2024-05-24T17:19:00.746+0700] {dag.py:3096} INFO - Sync 1 DAGs
[2024-05-24T17:19:00.772+0700] {logging_mixin.py:188} INFO - [2024-05-24T17:19:00.771+0700] {dag.py:3954} INFO - Setting next_dagrun for example_complex to None, run_after=None
[2024-05-24T17:19:00.925+0700] {processor.py:183} INFO - Processing /mnt/d/Programming/Vietnamese-Text-Generator/airflow_env/lib/python3.10/site-packages/airflow/example_dags/example_complex.py took 0.310 seconds
[2024-05-24T17:21:15.931+0700] {processor.py:161} INFO - Started process (PID=7009) to work on /mnt/d/Programming/Vietnamese-Text-Generator/airflow_env/lib/python3.10/site-packages/airflow/example_dags/example_complex.py
[2024-05-24T17:21:15.937+0700] {processor.py:830} INFO - Processing file /mnt/d/Programming/Vietnamese-Text-Generator/airflow_env/lib/python3.10/site-packages/airflow/example_dags/example_complex.py for tasks to queue
[2024-05-24T17:21:15.950+0700] {logging_mixin.py:188} INFO - [2024-05-24T17:21:15.946+0700] {dagbag.py:540} INFO - Filling up the DagBag from /mnt/d/Programming/Vietnamese-Text-Generator/airflow_env/lib/python3.10/site-packages/airflow/example_dags/example_complex.py
[2024-05-24T17:21:16.047+0700] {processor.py:840} INFO - DAG(s) 'example_complex' retrieved from /mnt/d/Programming/Vietnamese-Text-Generator/airflow_env/lib/python3.10/site-packages/airflow/example_dags/example_complex.py
[2024-05-24T17:21:16.180+0700] {logging_mixin.py:188} INFO - [2024-05-24T17:21:16.177+0700] {dag.py:3096} INFO - Sync 1 DAGs
[2024-05-24T17:21:16.227+0700] {logging_mixin.py:188} INFO - [2024-05-24T17:21:16.221+0700] {dag.py:3954} INFO - Setting next_dagrun for example_complex to None, run_after=None
[2024-05-24T17:21:16.434+0700] {processor.py:183} INFO - Processing /mnt/d/Programming/Vietnamese-Text-Generator/airflow_env/lib/python3.10/site-packages/airflow/example_dags/example_complex.py took 0.549 seconds
[2024-05-24T17:23:28.638+0700] {processor.py:161} INFO - Started process (PID=7587) to work on /mnt/d/Programming/Vietnamese-Text-Generator/airflow_env/lib/python3.10/site-packages/airflow/example_dags/example_complex.py
[2024-05-24T17:23:28.643+0700] {processor.py:830} INFO - Processing file /mnt/d/Programming/Vietnamese-Text-Generator/airflow_env/lib/python3.10/site-packages/airflow/example_dags/example_complex.py for tasks to queue
[2024-05-24T17:23:28.647+0700] {logging_mixin.py:188} INFO - [2024-05-24T17:23:28.646+0700] {dagbag.py:540} INFO - Filling up the DagBag from /mnt/d/Programming/Vietnamese-Text-Generator/airflow_env/lib/python3.10/site-packages/airflow/example_dags/example_complex.py
[2024-05-24T17:23:28.690+0700] {processor.py:840} INFO - DAG(s) 'example_complex' retrieved from /mnt/d/Programming/Vietnamese-Text-Generator/airflow_env/lib/python3.10/site-packages/airflow/example_dags/example_complex.py
[2024-05-24T17:23:28.767+0700] {logging_mixin.py:188} INFO - [2024-05-24T17:23:28.765+0700] {dag.py:3096} INFO - Sync 1 DAGs
[2024-05-24T17:23:28.793+0700] {logging_mixin.py:188} INFO - [2024-05-24T17:23:28.792+0700] {dag.py:3954} INFO - Setting next_dagrun for example_complex to None, run_after=None
[2024-05-24T17:23:28.944+0700] {processor.py:183} INFO - Processing /mnt/d/Programming/Vietnamese-Text-Generator/airflow_env/lib/python3.10/site-packages/airflow/example_dags/example_complex.py took 0.359 seconds
[2024-05-24T17:47:11.569+0700] {processor.py:161} INFO - Started process (PID=8148) to work on /mnt/d/Programming/Vietnamese-Text-Generator/airflow_env/lib/python3.10/site-packages/airflow/example_dags/example_complex.py
[2024-05-24T17:47:11.571+0700] {processor.py:830} INFO - Processing file /mnt/d/Programming/Vietnamese-Text-Generator/airflow_env/lib/python3.10/site-packages/airflow/example_dags/example_complex.py for tasks to queue
[2024-05-24T17:47:11.576+0700] {logging_mixin.py:188} INFO - [2024-05-24T17:47:11.574+0700] {dagbag.py:540} INFO - Filling up the DagBag from /mnt/d/Programming/Vietnamese-Text-Generator/airflow_env/lib/python3.10/site-packages/airflow/example_dags/example_complex.py
[2024-05-24T17:47:11.598+0700] {processor.py:840} INFO - DAG(s) 'example_complex' retrieved from /mnt/d/Programming/Vietnamese-Text-Generator/airflow_env/lib/python3.10/site-packages/airflow/example_dags/example_complex.py
[2024-05-24T17:47:11.641+0700] {logging_mixin.py:188} INFO - [2024-05-24T17:47:11.640+0700] {dag.py:3096} INFO - Sync 1 DAGs
[2024-05-24T17:47:11.658+0700] {logging_mixin.py:188} INFO - [2024-05-24T17:47:11.656+0700] {dag.py:3954} INFO - Setting next_dagrun for example_complex to None, run_after=None
[2024-05-24T17:47:11.724+0700] {processor.py:183} INFO - Processing /mnt/d/Programming/Vietnamese-Text-Generator/airflow_env/lib/python3.10/site-packages/airflow/example_dags/example_complex.py took 0.169 seconds
[2024-05-24T17:48:29.421+0700] {processor.py:161} INFO - Started process (PID=8512) to work on /mnt/d/Programming/Vietnamese-Text-Generator/airflow_env/lib/python3.10/site-packages/airflow/example_dags/example_complex.py
[2024-05-24T17:48:29.427+0700] {processor.py:830} INFO - Processing file /mnt/d/Programming/Vietnamese-Text-Generator/airflow_env/lib/python3.10/site-packages/airflow/example_dags/example_complex.py for tasks to queue
[2024-05-24T17:48:29.438+0700] {logging_mixin.py:188} INFO - [2024-05-24T17:48:29.435+0700] {dagbag.py:540} INFO - Filling up the DagBag from /mnt/d/Programming/Vietnamese-Text-Generator/airflow_env/lib/python3.10/site-packages/airflow/example_dags/example_complex.py
[2024-05-24T17:48:29.536+0700] {processor.py:840} INFO - DAG(s) 'example_complex' retrieved from /mnt/d/Programming/Vietnamese-Text-Generator/airflow_env/lib/python3.10/site-packages/airflow/example_dags/example_complex.py
[2024-05-24T17:48:29.666+0700] {logging_mixin.py:188} INFO - [2024-05-24T17:48:29.663+0700] {dag.py:3096} INFO - Sync 1 DAGs
[2024-05-24T17:48:29.707+0700] {logging_mixin.py:188} INFO - [2024-05-24T17:48:29.704+0700] {dag.py:3954} INFO - Setting next_dagrun for example_complex to None, run_after=None
[2024-05-24T17:48:29.834+0700] {processor.py:183} INFO - Processing /mnt/d/Programming/Vietnamese-Text-Generator/airflow_env/lib/python3.10/site-packages/airflow/example_dags/example_complex.py took 0.458 seconds
[2024-05-24T17:50:37.076+0700] {processor.py:161} INFO - Started process (PID=9070) to work on /mnt/d/Programming/Vietnamese-Text-Generator/airflow_env/lib/python3.10/site-packages/airflow/example_dags/example_complex.py
[2024-05-24T17:50:37.083+0700] {processor.py:830} INFO - Processing file /mnt/d/Programming/Vietnamese-Text-Generator/airflow_env/lib/python3.10/site-packages/airflow/example_dags/example_complex.py for tasks to queue
[2024-05-24T17:50:37.094+0700] {logging_mixin.py:188} INFO - [2024-05-24T17:50:37.091+0700] {dagbag.py:540} INFO - Filling up the DagBag from /mnt/d/Programming/Vietnamese-Text-Generator/airflow_env/lib/python3.10/site-packages/airflow/example_dags/example_complex.py
[2024-05-24T17:50:37.196+0700] {processor.py:840} INFO - DAG(s) 'example_complex' retrieved from /mnt/d/Programming/Vietnamese-Text-Generator/airflow_env/lib/python3.10/site-packages/airflow/example_dags/example_complex.py
[2024-05-24T17:50:37.311+0700] {logging_mixin.py:188} INFO - [2024-05-24T17:50:37.308+0700] {dag.py:3096} INFO - Sync 1 DAGs
[2024-05-24T17:50:37.355+0700] {logging_mixin.py:188} INFO - [2024-05-24T17:50:37.352+0700] {dag.py:3954} INFO - Setting next_dagrun for example_complex to None, run_after=None
[2024-05-24T17:50:37.537+0700] {processor.py:183} INFO - Processing /mnt/d/Programming/Vietnamese-Text-Generator/airflow_env/lib/python3.10/site-packages/airflow/example_dags/example_complex.py took 0.507 seconds
[2024-05-24T17:52:55.521+0700] {processor.py:161} INFO - Started process (PID=9678) to work on /mnt/d/Programming/Vietnamese-Text-Generator/airflow_env/lib/python3.10/site-packages/airflow/example_dags/example_complex.py
[2024-05-24T17:52:55.527+0700] {processor.py:830} INFO - Processing file /mnt/d/Programming/Vietnamese-Text-Generator/airflow_env/lib/python3.10/site-packages/airflow/example_dags/example_complex.py for tasks to queue
[2024-05-24T17:52:55.540+0700] {logging_mixin.py:188} INFO - [2024-05-24T17:52:55.536+0700] {dagbag.py:540} INFO - Filling up the DagBag from /mnt/d/Programming/Vietnamese-Text-Generator/airflow_env/lib/python3.10/site-packages/airflow/example_dags/example_complex.py
[2024-05-24T17:52:55.644+0700] {processor.py:840} INFO - DAG(s) 'example_complex' retrieved from /mnt/d/Programming/Vietnamese-Text-Generator/airflow_env/lib/python3.10/site-packages/airflow/example_dags/example_complex.py
[2024-05-24T17:52:55.747+0700] {logging_mixin.py:188} INFO - [2024-05-24T17:52:55.746+0700] {dag.py:3096} INFO - Sync 1 DAGs
[2024-05-24T17:52:55.771+0700] {logging_mixin.py:188} INFO - [2024-05-24T17:52:55.770+0700] {dag.py:3954} INFO - Setting next_dagrun for example_complex to None, run_after=None
[2024-05-24T17:52:55.883+0700] {processor.py:183} INFO - Processing /mnt/d/Programming/Vietnamese-Text-Generator/airflow_env/lib/python3.10/site-packages/airflow/example_dags/example_complex.py took 0.405 seconds
[2024-05-24T17:55:16.169+0700] {processor.py:161} INFO - Started process (PID=10290) to work on /mnt/d/Programming/Vietnamese-Text-Generator/airflow_env/lib/python3.10/site-packages/airflow/example_dags/example_complex.py
[2024-05-24T17:55:16.171+0700] {processor.py:830} INFO - Processing file /mnt/d/Programming/Vietnamese-Text-Generator/airflow_env/lib/python3.10/site-packages/airflow/example_dags/example_complex.py for tasks to queue
[2024-05-24T17:55:16.175+0700] {logging_mixin.py:188} INFO - [2024-05-24T17:55:16.174+0700] {dagbag.py:540} INFO - Filling up the DagBag from /mnt/d/Programming/Vietnamese-Text-Generator/airflow_env/lib/python3.10/site-packages/airflow/example_dags/example_complex.py
[2024-05-24T17:55:16.202+0700] {processor.py:840} INFO - DAG(s) 'example_complex' retrieved from /mnt/d/Programming/Vietnamese-Text-Generator/airflow_env/lib/python3.10/site-packages/airflow/example_dags/example_complex.py
[2024-05-24T17:55:16.246+0700] {logging_mixin.py:188} INFO - [2024-05-24T17:55:16.245+0700] {dag.py:3096} INFO - Sync 1 DAGs
[2024-05-24T17:55:16.272+0700] {logging_mixin.py:188} INFO - [2024-05-24T17:55:16.271+0700] {dag.py:3954} INFO - Setting next_dagrun for example_complex to None, run_after=None
[2024-05-24T17:55:16.354+0700] {processor.py:183} INFO - Processing /mnt/d/Programming/Vietnamese-Text-Generator/airflow_env/lib/python3.10/site-packages/airflow/example_dags/example_complex.py took 0.220 seconds
[2024-05-24T17:57:34.977+0700] {processor.py:161} INFO - Started process (PID=10896) to work on /mnt/d/Programming/Vietnamese-Text-Generator/airflow_env/lib/python3.10/site-packages/airflow/example_dags/example_complex.py
[2024-05-24T17:57:34.983+0700] {processor.py:830} INFO - Processing file /mnt/d/Programming/Vietnamese-Text-Generator/airflow_env/lib/python3.10/site-packages/airflow/example_dags/example_complex.py for tasks to queue
[2024-05-24T17:57:34.995+0700] {logging_mixin.py:188} INFO - [2024-05-24T17:57:34.991+0700] {dagbag.py:540} INFO - Filling up the DagBag from /mnt/d/Programming/Vietnamese-Text-Generator/airflow_env/lib/python3.10/site-packages/airflow/example_dags/example_complex.py
[2024-05-24T17:57:35.097+0700] {processor.py:840} INFO - DAG(s) 'example_complex' retrieved from /mnt/d/Programming/Vietnamese-Text-Generator/airflow_env/lib/python3.10/site-packages/airflow/example_dags/example_complex.py
[2024-05-24T17:57:35.235+0700] {logging_mixin.py:188} INFO - [2024-05-24T17:57:35.232+0700] {dag.py:3096} INFO - Sync 1 DAGs
[2024-05-24T17:57:35.281+0700] {logging_mixin.py:188} INFO - [2024-05-24T17:57:35.278+0700] {dag.py:3954} INFO - Setting next_dagrun for example_complex to None, run_after=None
[2024-05-24T17:57:35.464+0700] {processor.py:183} INFO - Processing /mnt/d/Programming/Vietnamese-Text-Generator/airflow_env/lib/python3.10/site-packages/airflow/example_dags/example_complex.py took 0.531 seconds
[2024-05-24T17:59:49.662+0700] {processor.py:161} INFO - Started process (PID=11481) to work on /mnt/d/Programming/Vietnamese-Text-Generator/airflow_env/lib/python3.10/site-packages/airflow/example_dags/example_complex.py
[2024-05-24T17:59:49.668+0700] {processor.py:830} INFO - Processing file /mnt/d/Programming/Vietnamese-Text-Generator/airflow_env/lib/python3.10/site-packages/airflow/example_dags/example_complex.py for tasks to queue
[2024-05-24T17:59:49.680+0700] {logging_mixin.py:188} INFO - [2024-05-24T17:59:49.676+0700] {dagbag.py:540} INFO - Filling up the DagBag from /mnt/d/Programming/Vietnamese-Text-Generator/airflow_env/lib/python3.10/site-packages/airflow/example_dags/example_complex.py
[2024-05-24T17:59:49.780+0700] {processor.py:840} INFO - DAG(s) 'example_complex' retrieved from /mnt/d/Programming/Vietnamese-Text-Generator/airflow_env/lib/python3.10/site-packages/airflow/example_dags/example_complex.py
[2024-05-24T17:59:49.915+0700] {logging_mixin.py:188} INFO - [2024-05-24T17:59:49.911+0700] {dag.py:3096} INFO - Sync 1 DAGs
[2024-05-24T17:59:49.962+0700] {logging_mixin.py:188} INFO - [2024-05-24T17:59:49.959+0700] {dag.py:3954} INFO - Setting next_dagrun for example_complex to None, run_after=None
[2024-05-24T17:59:50.176+0700] {processor.py:183} INFO - Processing /mnt/d/Programming/Vietnamese-Text-Generator/airflow_env/lib/python3.10/site-packages/airflow/example_dags/example_complex.py took 0.559 seconds
[2024-05-24T18:02:09.641+0700] {processor.py:161} INFO - Started process (PID=12091) to work on /mnt/d/Programming/Vietnamese-Text-Generator/airflow_env/lib/python3.10/site-packages/airflow/example_dags/example_complex.py
[2024-05-24T18:02:09.647+0700] {processor.py:830} INFO - Processing file /mnt/d/Programming/Vietnamese-Text-Generator/airflow_env/lib/python3.10/site-packages/airflow/example_dags/example_complex.py for tasks to queue
[2024-05-24T18:02:09.660+0700] {logging_mixin.py:188} INFO - [2024-05-24T18:02:09.655+0700] {dagbag.py:540} INFO - Filling up the DagBag from /mnt/d/Programming/Vietnamese-Text-Generator/airflow_env/lib/python3.10/site-packages/airflow/example_dags/example_complex.py
[2024-05-24T18:02:09.764+0700] {processor.py:840} INFO - DAG(s) 'example_complex' retrieved from /mnt/d/Programming/Vietnamese-Text-Generator/airflow_env/lib/python3.10/site-packages/airflow/example_dags/example_complex.py
[2024-05-24T18:02:09.849+0700] {logging_mixin.py:188} INFO - [2024-05-24T18:02:09.847+0700] {dag.py:3096} INFO - Sync 1 DAGs
[2024-05-24T18:02:09.880+0700] {logging_mixin.py:188} INFO - [2024-05-24T18:02:09.878+0700] {dag.py:3954} INFO - Setting next_dagrun for example_complex to None, run_after=None
[2024-05-24T18:02:10.009+0700] {processor.py:183} INFO - Processing /mnt/d/Programming/Vietnamese-Text-Generator/airflow_env/lib/python3.10/site-packages/airflow/example_dags/example_complex.py took 0.412 seconds
[2024-05-24T18:04:31.356+0700] {processor.py:161} INFO - Started process (PID=12708) to work on /mnt/d/Programming/Vietnamese-Text-Generator/airflow_env/lib/python3.10/site-packages/airflow/example_dags/example_complex.py
[2024-05-24T18:04:31.361+0700] {processor.py:830} INFO - Processing file /mnt/d/Programming/Vietnamese-Text-Generator/airflow_env/lib/python3.10/site-packages/airflow/example_dags/example_complex.py for tasks to queue
[2024-05-24T18:04:31.373+0700] {logging_mixin.py:188} INFO - [2024-05-24T18:04:31.369+0700] {dagbag.py:540} INFO - Filling up the DagBag from /mnt/d/Programming/Vietnamese-Text-Generator/airflow_env/lib/python3.10/site-packages/airflow/example_dags/example_complex.py
[2024-05-24T18:04:31.469+0700] {processor.py:840} INFO - DAG(s) 'example_complex' retrieved from /mnt/d/Programming/Vietnamese-Text-Generator/airflow_env/lib/python3.10/site-packages/airflow/example_dags/example_complex.py
[2024-05-24T18:04:31.589+0700] {logging_mixin.py:188} INFO - [2024-05-24T18:04:31.586+0700] {dag.py:3096} INFO - Sync 1 DAGs
[2024-05-24T18:04:31.633+0700] {logging_mixin.py:188} INFO - [2024-05-24T18:04:31.630+0700] {dag.py:3954} INFO - Setting next_dagrun for example_complex to None, run_after=None
[2024-05-24T18:04:31.807+0700] {processor.py:183} INFO - Processing /mnt/d/Programming/Vietnamese-Text-Generator/airflow_env/lib/python3.10/site-packages/airflow/example_dags/example_complex.py took 0.500 seconds
