[2024-05-24T17:01:34.201+0700] {processor.py:161} INFO - Started process (PID=1772) to work on /mnt/d/Programming/Vietnamese-Text-Generator/airflow_env/lib/python3.10/site-packages/airflow/example_dags/example_time_delta_sensor_async.py
[2024-05-24T17:01:34.207+0700] {processor.py:830} INFO - Processing file /mnt/d/Programming/Vietnamese-Text-Generator/airflow_env/lib/python3.10/site-packages/airflow/example_dags/example_time_delta_sensor_async.py for tasks to queue
[2024-05-24T17:01:34.215+0700] {logging_mixin.py:188} INFO - [2024-05-24T17:01:34.213+0700] {dagbag.py:540} INFO - Filling up the DagBag from /mnt/d/Programming/Vietnamese-Text-Generator/airflow_env/lib/python3.10/site-packages/airflow/example_dags/example_time_delta_sensor_async.py
[2024-05-24T17:01:34.350+0700] {processor.py:840} INFO - DAG(s) 'example_time_delta_sensor_async' retrieved from /mnt/d/Programming/Vietnamese-Text-Generator/airflow_env/lib/python3.10/site-packages/airflow/example_dags/example_time_delta_sensor_async.py
[2024-05-24T17:01:34.424+0700] {logging_mixin.py:188} INFO - [2024-05-24T17:01:34.423+0700] {dag.py:3096} INFO - Sync 1 DAGs
[2024-05-24T17:01:34.465+0700] {logging_mixin.py:188} INFO - [2024-05-24T17:01:34.464+0700] {dag.py:3954} INFO - Setting next_dagrun for example_time_delta_sensor_async to None, run_after=None
[2024-05-24T17:01:34.623+0700] {processor.py:183} INFO - Processing /mnt/d/Programming/Vietnamese-Text-Generator/airflow_env/lib/python3.10/site-packages/airflow/example_dags/example_time_delta_sensor_async.py took 0.458 seconds
[2024-05-24T17:03:31.862+0700] {processor.py:161} INFO - Started process (PID=2275) to work on /mnt/d/Programming/Vietnamese-Text-Generator/airflow_env/lib/python3.10/site-packages/airflow/example_dags/example_time_delta_sensor_async.py
[2024-05-24T17:03:31.868+0700] {processor.py:830} INFO - Processing file /mnt/d/Programming/Vietnamese-Text-Generator/airflow_env/lib/python3.10/site-packages/airflow/example_dags/example_time_delta_sensor_async.py for tasks to queue
[2024-05-24T17:03:31.883+0700] {logging_mixin.py:188} INFO - [2024-05-24T17:03:31.881+0700] {dagbag.py:540} INFO - Filling up the DagBag from /mnt/d/Programming/Vietnamese-Text-Generator/airflow_env/lib/python3.10/site-packages/airflow/example_dags/example_time_delta_sensor_async.py
[2024-05-24T17:03:31.963+0700] {processor.py:840} INFO - DAG(s) 'example_time_delta_sensor_async' retrieved from /mnt/d/Programming/Vietnamese-Text-Generator/airflow_env/lib/python3.10/site-packages/airflow/example_dags/example_time_delta_sensor_async.py
[2024-05-24T17:03:32.020+0700] {logging_mixin.py:188} INFO - [2024-05-24T17:03:32.016+0700] {dag.py:3096} INFO - Sync 1 DAGs
[2024-05-24T17:03:32.061+0700] {logging_mixin.py:188} INFO - [2024-05-24T17:03:32.059+0700] {dag.py:3954} INFO - Setting next_dagrun for example_time_delta_sensor_async to None, run_after=None
[2024-05-24T17:03:32.194+0700] {processor.py:183} INFO - Processing /mnt/d/Programming/Vietnamese-Text-Generator/airflow_env/lib/python3.10/site-packages/airflow/example_dags/example_time_delta_sensor_async.py took 0.378 seconds
[2024-05-24T17:04:47.527+0700] {processor.py:161} INFO - Started process (PID=2606) to work on /mnt/d/Programming/Vietnamese-Text-Generator/airflow_env/lib/python3.10/site-packages/airflow/example_dags/example_time_delta_sensor_async.py
[2024-05-24T17:04:47.530+0700] {processor.py:830} INFO - Processing file /mnt/d/Programming/Vietnamese-Text-Generator/airflow_env/lib/python3.10/site-packages/airflow/example_dags/example_time_delta_sensor_async.py for tasks to queue
[2024-05-24T17:04:47.541+0700] {logging_mixin.py:188} INFO - [2024-05-24T17:04:47.538+0700] {dagbag.py:540} INFO - Filling up the DagBag from /mnt/d/Programming/Vietnamese-Text-Generator/airflow_env/lib/python3.10/site-packages/airflow/example_dags/example_time_delta_sensor_async.py
[2024-05-24T17:04:47.594+0700] {processor.py:840} INFO - DAG(s) 'example_time_delta_sensor_async' retrieved from /mnt/d/Programming/Vietnamese-Text-Generator/airflow_env/lib/python3.10/site-packages/airflow/example_dags/example_time_delta_sensor_async.py
[2024-05-24T17:04:47.676+0700] {logging_mixin.py:188} INFO - [2024-05-24T17:04:47.673+0700] {dag.py:3096} INFO - Sync 1 DAGs
[2024-05-24T17:04:47.730+0700] {logging_mixin.py:188} INFO - [2024-05-24T17:04:47.728+0700] {dag.py:3954} INFO - Setting next_dagrun for example_time_delta_sensor_async to None, run_after=None
[2024-05-24T17:04:47.904+0700] {processor.py:183} INFO - Processing /mnt/d/Programming/Vietnamese-Text-Generator/airflow_env/lib/python3.10/site-packages/airflow/example_dags/example_time_delta_sensor_async.py took 0.406 seconds
[2024-05-24T17:05:56.268+0700] {processor.py:161} INFO - Started process (PID=2907) to work on /mnt/d/Programming/Vietnamese-Text-Generator/airflow_env/lib/python3.10/site-packages/airflow/example_dags/example_time_delta_sensor_async.py
[2024-05-24T17:05:56.275+0700] {processor.py:830} INFO - Processing file /mnt/d/Programming/Vietnamese-Text-Generator/airflow_env/lib/python3.10/site-packages/airflow/example_dags/example_time_delta_sensor_async.py for tasks to queue
[2024-05-24T17:05:56.286+0700] {logging_mixin.py:188} INFO - [2024-05-24T17:05:56.283+0700] {dagbag.py:540} INFO - Filling up the DagBag from /mnt/d/Programming/Vietnamese-Text-Generator/airflow_env/lib/python3.10/site-packages/airflow/example_dags/example_time_delta_sensor_async.py
[2024-05-24T17:05:56.378+0700] {processor.py:840} INFO - DAG(s) 'example_time_delta_sensor_async' retrieved from /mnt/d/Programming/Vietnamese-Text-Generator/airflow_env/lib/python3.10/site-packages/airflow/example_dags/example_time_delta_sensor_async.py
[2024-05-24T17:05:56.480+0700] {logging_mixin.py:188} INFO - [2024-05-24T17:05:56.477+0700] {dag.py:3096} INFO - Sync 1 DAGs
[2024-05-24T17:05:56.530+0700] {logging_mixin.py:188} INFO - [2024-05-24T17:05:56.526+0700] {dag.py:3954} INFO - Setting next_dagrun for example_time_delta_sensor_async to None, run_after=None
[2024-05-24T17:05:56.743+0700] {processor.py:183} INFO - Processing /mnt/d/Programming/Vietnamese-Text-Generator/airflow_env/lib/python3.10/site-packages/airflow/example_dags/example_time_delta_sensor_async.py took 0.520 seconds
[2024-05-24T17:07:03.846+0700] {processor.py:161} INFO - Started process (PID=3280) to work on /mnt/d/Programming/Vietnamese-Text-Generator/airflow_env/lib/python3.10/site-packages/airflow/example_dags/example_time_delta_sensor_async.py
[2024-05-24T17:07:03.853+0700] {processor.py:830} INFO - Processing file /mnt/d/Programming/Vietnamese-Text-Generator/airflow_env/lib/python3.10/site-packages/airflow/example_dags/example_time_delta_sensor_async.py for tasks to queue
[2024-05-24T17:07:03.865+0700] {logging_mixin.py:188} INFO - [2024-05-24T17:07:03.861+0700] {dagbag.py:540} INFO - Filling up the DagBag from /mnt/d/Programming/Vietnamese-Text-Generator/airflow_env/lib/python3.10/site-packages/airflow/example_dags/example_time_delta_sensor_async.py
[2024-05-24T17:07:03.940+0700] {processor.py:840} INFO - DAG(s) 'example_time_delta_sensor_async' retrieved from /mnt/d/Programming/Vietnamese-Text-Generator/airflow_env/lib/python3.10/site-packages/airflow/example_dags/example_time_delta_sensor_async.py
[2024-05-24T17:07:04.022+0700] {logging_mixin.py:188} INFO - [2024-05-24T17:07:04.019+0700] {dag.py:3096} INFO - Sync 1 DAGs
[2024-05-24T17:07:04.074+0700] {logging_mixin.py:188} INFO - [2024-05-24T17:07:04.071+0700] {dag.py:3954} INFO - Setting next_dagrun for example_time_delta_sensor_async to None, run_after=None
[2024-05-24T17:07:04.250+0700] {processor.py:183} INFO - Processing /mnt/d/Programming/Vietnamese-Text-Generator/airflow_env/lib/python3.10/site-packages/airflow/example_dags/example_time_delta_sensor_async.py took 0.452 seconds
[2024-05-24T17:08:06.074+0700] {processor.py:161} INFO - Started process (PID=3554) to work on /mnt/d/Programming/Vietnamese-Text-Generator/airflow_env/lib/python3.10/site-packages/airflow/example_dags/example_time_delta_sensor_async.py
[2024-05-24T17:08:06.081+0700] {processor.py:830} INFO - Processing file /mnt/d/Programming/Vietnamese-Text-Generator/airflow_env/lib/python3.10/site-packages/airflow/example_dags/example_time_delta_sensor_async.py for tasks to queue
[2024-05-24T17:08:06.094+0700] {logging_mixin.py:188} INFO - [2024-05-24T17:08:06.090+0700] {dagbag.py:540} INFO - Filling up the DagBag from /mnt/d/Programming/Vietnamese-Text-Generator/airflow_env/lib/python3.10/site-packages/airflow/example_dags/example_time_delta_sensor_async.py
[2024-05-24T17:08:06.188+0700] {processor.py:840} INFO - DAG(s) 'example_time_delta_sensor_async' retrieved from /mnt/d/Programming/Vietnamese-Text-Generator/airflow_env/lib/python3.10/site-packages/airflow/example_dags/example_time_delta_sensor_async.py
[2024-05-24T17:08:06.294+0700] {logging_mixin.py:188} INFO - [2024-05-24T17:08:06.290+0700] {dag.py:3096} INFO - Sync 1 DAGs
[2024-05-24T17:08:06.344+0700] {logging_mixin.py:188} INFO - [2024-05-24T17:08:06.342+0700] {dag.py:3954} INFO - Setting next_dagrun for example_time_delta_sensor_async to None, run_after=None
[2024-05-24T17:08:06.504+0700] {processor.py:183} INFO - Processing /mnt/d/Programming/Vietnamese-Text-Generator/airflow_env/lib/python3.10/site-packages/airflow/example_dags/example_time_delta_sensor_async.py took 0.479 seconds
[2024-05-24T17:09:13.618+0700] {processor.py:161} INFO - Started process (PID=3849) to work on /mnt/d/Programming/Vietnamese-Text-Generator/airflow_env/lib/python3.10/site-packages/airflow/example_dags/example_time_delta_sensor_async.py
[2024-05-24T17:09:13.625+0700] {processor.py:830} INFO - Processing file /mnt/d/Programming/Vietnamese-Text-Generator/airflow_env/lib/python3.10/site-packages/airflow/example_dags/example_time_delta_sensor_async.py for tasks to queue
[2024-05-24T17:09:13.638+0700] {logging_mixin.py:188} INFO - [2024-05-24T17:09:13.634+0700] {dagbag.py:540} INFO - Filling up the DagBag from /mnt/d/Programming/Vietnamese-Text-Generator/airflow_env/lib/python3.10/site-packages/airflow/example_dags/example_time_delta_sensor_async.py
[2024-05-24T17:09:13.734+0700] {processor.py:840} INFO - DAG(s) 'example_time_delta_sensor_async' retrieved from /mnt/d/Programming/Vietnamese-Text-Generator/airflow_env/lib/python3.10/site-packages/airflow/example_dags/example_time_delta_sensor_async.py
[2024-05-24T17:09:13.827+0700] {logging_mixin.py:188} INFO - [2024-05-24T17:09:13.825+0700] {dag.py:3096} INFO - Sync 1 DAGs
[2024-05-24T17:09:13.890+0700] {logging_mixin.py:188} INFO - [2024-05-24T17:09:13.887+0700] {dag.py:3954} INFO - Setting next_dagrun for example_time_delta_sensor_async to None, run_after=None
[2024-05-24T17:09:14.091+0700] {processor.py:183} INFO - Processing /mnt/d/Programming/Vietnamese-Text-Generator/airflow_env/lib/python3.10/site-packages/airflow/example_dags/example_time_delta_sensor_async.py took 0.521 seconds
[2024-05-24T17:10:22.509+0700] {processor.py:161} INFO - Started process (PID=4150) to work on /mnt/d/Programming/Vietnamese-Text-Generator/airflow_env/lib/python3.10/site-packages/airflow/example_dags/example_time_delta_sensor_async.py
[2024-05-24T17:10:22.516+0700] {processor.py:830} INFO - Processing file /mnt/d/Programming/Vietnamese-Text-Generator/airflow_env/lib/python3.10/site-packages/airflow/example_dags/example_time_delta_sensor_async.py for tasks to queue
[2024-05-24T17:10:22.529+0700] {logging_mixin.py:188} INFO - [2024-05-24T17:10:22.525+0700] {dagbag.py:540} INFO - Filling up the DagBag from /mnt/d/Programming/Vietnamese-Text-Generator/airflow_env/lib/python3.10/site-packages/airflow/example_dags/example_time_delta_sensor_async.py
[2024-05-24T17:10:22.623+0700] {processor.py:840} INFO - DAG(s) 'example_time_delta_sensor_async' retrieved from /mnt/d/Programming/Vietnamese-Text-Generator/airflow_env/lib/python3.10/site-packages/airflow/example_dags/example_time_delta_sensor_async.py
[2024-05-24T17:10:22.722+0700] {logging_mixin.py:188} INFO - [2024-05-24T17:10:22.719+0700] {dag.py:3096} INFO - Sync 1 DAGs
[2024-05-24T17:10:22.779+0700] {logging_mixin.py:188} INFO - [2024-05-24T17:10:22.777+0700] {dag.py:3954} INFO - Setting next_dagrun for example_time_delta_sensor_async to None, run_after=None
[2024-05-24T17:10:22.977+0700] {processor.py:183} INFO - Processing /mnt/d/Programming/Vietnamese-Text-Generator/airflow_env/lib/python3.10/site-packages/airflow/example_dags/example_time_delta_sensor_async.py took 0.518 seconds
[2024-05-24T17:11:33.248+0700] {processor.py:161} INFO - Started process (PID=4463) to work on /mnt/d/Programming/Vietnamese-Text-Generator/airflow_env/lib/python3.10/site-packages/airflow/example_dags/example_time_delta_sensor_async.py
[2024-05-24T17:11:33.255+0700] {processor.py:830} INFO - Processing file /mnt/d/Programming/Vietnamese-Text-Generator/airflow_env/lib/python3.10/site-packages/airflow/example_dags/example_time_delta_sensor_async.py for tasks to queue
[2024-05-24T17:11:33.266+0700] {logging_mixin.py:188} INFO - [2024-05-24T17:11:33.262+0700] {dagbag.py:540} INFO - Filling up the DagBag from /mnt/d/Programming/Vietnamese-Text-Generator/airflow_env/lib/python3.10/site-packages/airflow/example_dags/example_time_delta_sensor_async.py
[2024-05-24T17:11:33.349+0700] {processor.py:840} INFO - DAG(s) 'example_time_delta_sensor_async' retrieved from /mnt/d/Programming/Vietnamese-Text-Generator/airflow_env/lib/python3.10/site-packages/airflow/example_dags/example_time_delta_sensor_async.py
[2024-05-24T17:11:33.444+0700] {logging_mixin.py:188} INFO - [2024-05-24T17:11:33.440+0700] {dag.py:3096} INFO - Sync 1 DAGs
[2024-05-24T17:11:33.494+0700] {logging_mixin.py:188} INFO - [2024-05-24T17:11:33.490+0700] {dag.py:3954} INFO - Setting next_dagrun for example_time_delta_sensor_async to None, run_after=None
[2024-05-24T17:11:33.708+0700] {processor.py:183} INFO - Processing /mnt/d/Programming/Vietnamese-Text-Generator/airflow_env/lib/python3.10/site-packages/airflow/example_dags/example_time_delta_sensor_async.py took 0.504 seconds
[2024-05-24T17:12:44.357+0700] {processor.py:161} INFO - Started process (PID=4771) to work on /mnt/d/Programming/Vietnamese-Text-Generator/airflow_env/lib/python3.10/site-packages/airflow/example_dags/example_time_delta_sensor_async.py
[2024-05-24T17:12:44.362+0700] {processor.py:830} INFO - Processing file /mnt/d/Programming/Vietnamese-Text-Generator/airflow_env/lib/python3.10/site-packages/airflow/example_dags/example_time_delta_sensor_async.py for tasks to queue
[2024-05-24T17:12:44.373+0700] {logging_mixin.py:188} INFO - [2024-05-24T17:12:44.369+0700] {dagbag.py:540} INFO - Filling up the DagBag from /mnt/d/Programming/Vietnamese-Text-Generator/airflow_env/lib/python3.10/site-packages/airflow/example_dags/example_time_delta_sensor_async.py
[2024-05-24T17:12:44.436+0700] {processor.py:840} INFO - DAG(s) 'example_time_delta_sensor_async' retrieved from /mnt/d/Programming/Vietnamese-Text-Generator/airflow_env/lib/python3.10/site-packages/airflow/example_dags/example_time_delta_sensor_async.py
[2024-05-24T17:12:44.520+0700] {logging_mixin.py:188} INFO - [2024-05-24T17:12:44.517+0700] {dag.py:3096} INFO - Sync 1 DAGs
[2024-05-24T17:12:44.573+0700] {logging_mixin.py:188} INFO - [2024-05-24T17:12:44.572+0700] {dag.py:3954} INFO - Setting next_dagrun for example_time_delta_sensor_async to None, run_after=None
[2024-05-24T17:12:44.661+0700] {processor.py:183} INFO - Processing /mnt/d/Programming/Vietnamese-Text-Generator/airflow_env/lib/python3.10/site-packages/airflow/example_dags/example_time_delta_sensor_async.py took 0.346 seconds
[2024-05-24T17:13:53.908+0700] {processor.py:161} INFO - Started process (PID=5075) to work on /mnt/d/Programming/Vietnamese-Text-Generator/airflow_env/lib/python3.10/site-packages/airflow/example_dags/example_time_delta_sensor_async.py
[2024-05-24T17:13:53.913+0700] {processor.py:830} INFO - Processing file /mnt/d/Programming/Vietnamese-Text-Generator/airflow_env/lib/python3.10/site-packages/airflow/example_dags/example_time_delta_sensor_async.py for tasks to queue
[2024-05-24T17:13:53.925+0700] {logging_mixin.py:188} INFO - [2024-05-24T17:13:53.921+0700] {dagbag.py:540} INFO - Filling up the DagBag from /mnt/d/Programming/Vietnamese-Text-Generator/airflow_env/lib/python3.10/site-packages/airflow/example_dags/example_time_delta_sensor_async.py
[2024-05-24T17:13:54.013+0700] {processor.py:840} INFO - DAG(s) 'example_time_delta_sensor_async' retrieved from /mnt/d/Programming/Vietnamese-Text-Generator/airflow_env/lib/python3.10/site-packages/airflow/example_dags/example_time_delta_sensor_async.py
[2024-05-24T17:13:54.107+0700] {logging_mixin.py:188} INFO - [2024-05-24T17:13:54.104+0700] {dag.py:3096} INFO - Sync 1 DAGs
[2024-05-24T17:13:54.158+0700] {logging_mixin.py:188} INFO - [2024-05-24T17:13:54.154+0700] {dag.py:3954} INFO - Setting next_dagrun for example_time_delta_sensor_async to None, run_after=None
[2024-05-24T17:13:54.360+0700] {processor.py:183} INFO - Processing /mnt/d/Programming/Vietnamese-Text-Generator/airflow_env/lib/python3.10/site-packages/airflow/example_dags/example_time_delta_sensor_async.py took 0.496 seconds
[2024-05-24T17:15:00.250+0700] {processor.py:161} INFO - Started process (PID=5364) to work on /mnt/d/Programming/Vietnamese-Text-Generator/airflow_env/lib/python3.10/site-packages/airflow/example_dags/example_time_delta_sensor_async.py
[2024-05-24T17:15:00.255+0700] {processor.py:830} INFO - Processing file /mnt/d/Programming/Vietnamese-Text-Generator/airflow_env/lib/python3.10/site-packages/airflow/example_dags/example_time_delta_sensor_async.py for tasks to queue
[2024-05-24T17:15:00.265+0700] {logging_mixin.py:188} INFO - [2024-05-24T17:15:00.262+0700] {dagbag.py:540} INFO - Filling up the DagBag from /mnt/d/Programming/Vietnamese-Text-Generator/airflow_env/lib/python3.10/site-packages/airflow/example_dags/example_time_delta_sensor_async.py
[2024-05-24T17:15:00.336+0700] {processor.py:840} INFO - DAG(s) 'example_time_delta_sensor_async' retrieved from /mnt/d/Programming/Vietnamese-Text-Generator/airflow_env/lib/python3.10/site-packages/airflow/example_dags/example_time_delta_sensor_async.py
[2024-05-24T17:15:00.416+0700] {logging_mixin.py:188} INFO - [2024-05-24T17:15:00.413+0700] {dag.py:3096} INFO - Sync 1 DAGs
[2024-05-24T17:15:00.461+0700] {logging_mixin.py:188} INFO - [2024-05-24T17:15:00.459+0700] {dag.py:3954} INFO - Setting next_dagrun for example_time_delta_sensor_async to None, run_after=None
[2024-05-24T17:15:00.633+0700] {processor.py:183} INFO - Processing /mnt/d/Programming/Vietnamese-Text-Generator/airflow_env/lib/python3.10/site-packages/airflow/example_dags/example_time_delta_sensor_async.py took 0.422 seconds
[2024-05-24T17:16:10.816+0700] {processor.py:161} INFO - Started process (PID=5674) to work on /mnt/d/Programming/Vietnamese-Text-Generator/airflow_env/lib/python3.10/site-packages/airflow/example_dags/example_time_delta_sensor_async.py
[2024-05-24T17:16:10.822+0700] {processor.py:830} INFO - Processing file /mnt/d/Programming/Vietnamese-Text-Generator/airflow_env/lib/python3.10/site-packages/airflow/example_dags/example_time_delta_sensor_async.py for tasks to queue
[2024-05-24T17:16:10.833+0700] {logging_mixin.py:188} INFO - [2024-05-24T17:16:10.829+0700] {dagbag.py:540} INFO - Filling up the DagBag from /mnt/d/Programming/Vietnamese-Text-Generator/airflow_env/lib/python3.10/site-packages/airflow/example_dags/example_time_delta_sensor_async.py
[2024-05-24T17:16:10.906+0700] {processor.py:840} INFO - DAG(s) 'example_time_delta_sensor_async' retrieved from /mnt/d/Programming/Vietnamese-Text-Generator/airflow_env/lib/python3.10/site-packages/airflow/example_dags/example_time_delta_sensor_async.py
[2024-05-24T17:16:10.996+0700] {logging_mixin.py:188} INFO - [2024-05-24T17:16:10.993+0700] {dag.py:3096} INFO - Sync 1 DAGs
[2024-05-24T17:16:11.038+0700] {logging_mixin.py:188} INFO - [2024-05-24T17:16:11.036+0700] {dag.py:3954} INFO - Setting next_dagrun for example_time_delta_sensor_async to None, run_after=None
[2024-05-24T17:16:11.167+0700] {processor.py:183} INFO - Processing /mnt/d/Programming/Vietnamese-Text-Generator/airflow_env/lib/python3.10/site-packages/airflow/example_dags/example_time_delta_sensor_async.py took 0.391 seconds
[2024-05-24T17:17:24.077+0700] {processor.py:161} INFO - Started process (PID=5993) to work on /mnt/d/Programming/Vietnamese-Text-Generator/airflow_env/lib/python3.10/site-packages/airflow/example_dags/example_time_delta_sensor_async.py
[2024-05-24T17:17:24.083+0700] {processor.py:830} INFO - Processing file /mnt/d/Programming/Vietnamese-Text-Generator/airflow_env/lib/python3.10/site-packages/airflow/example_dags/example_time_delta_sensor_async.py for tasks to queue
[2024-05-24T17:17:24.097+0700] {logging_mixin.py:188} INFO - [2024-05-24T17:17:24.093+0700] {dagbag.py:540} INFO - Filling up the DagBag from /mnt/d/Programming/Vietnamese-Text-Generator/airflow_env/lib/python3.10/site-packages/airflow/example_dags/example_time_delta_sensor_async.py
[2024-05-24T17:17:24.185+0700] {processor.py:840} INFO - DAG(s) 'example_time_delta_sensor_async' retrieved from /mnt/d/Programming/Vietnamese-Text-Generator/airflow_env/lib/python3.10/site-packages/airflow/example_dags/example_time_delta_sensor_async.py
[2024-05-24T17:17:24.283+0700] {logging_mixin.py:188} INFO - [2024-05-24T17:17:24.280+0700] {dag.py:3096} INFO - Sync 1 DAGs
[2024-05-24T17:17:24.339+0700] {logging_mixin.py:188} INFO - [2024-05-24T17:17:24.335+0700] {dag.py:3954} INFO - Setting next_dagrun for example_time_delta_sensor_async to None, run_after=None
[2024-05-24T17:17:24.550+0700] {processor.py:183} INFO - Processing /mnt/d/Programming/Vietnamese-Text-Generator/airflow_env/lib/python3.10/site-packages/airflow/example_dags/example_time_delta_sensor_async.py took 0.518 seconds
[2024-05-24T17:18:35.223+0700] {processor.py:161} INFO - Started process (PID=6309) to work on /mnt/d/Programming/Vietnamese-Text-Generator/airflow_env/lib/python3.10/site-packages/airflow/example_dags/example_time_delta_sensor_async.py
[2024-05-24T17:18:35.225+0700] {processor.py:830} INFO - Processing file /mnt/d/Programming/Vietnamese-Text-Generator/airflow_env/lib/python3.10/site-packages/airflow/example_dags/example_time_delta_sensor_async.py for tasks to queue
[2024-05-24T17:18:35.236+0700] {logging_mixin.py:188} INFO - [2024-05-24T17:18:35.229+0700] {dagbag.py:540} INFO - Filling up the DagBag from /mnt/d/Programming/Vietnamese-Text-Generator/airflow_env/lib/python3.10/site-packages/airflow/example_dags/example_time_delta_sensor_async.py
[2024-05-24T17:18:35.268+0700] {processor.py:840} INFO - DAG(s) 'example_time_delta_sensor_async' retrieved from /mnt/d/Programming/Vietnamese-Text-Generator/airflow_env/lib/python3.10/site-packages/airflow/example_dags/example_time_delta_sensor_async.py
[2024-05-24T17:18:35.322+0700] {logging_mixin.py:188} INFO - [2024-05-24T17:18:35.321+0700] {dag.py:3096} INFO - Sync 1 DAGs
[2024-05-24T17:18:35.349+0700] {logging_mixin.py:188} INFO - [2024-05-24T17:18:35.348+0700] {dag.py:3954} INFO - Setting next_dagrun for example_time_delta_sensor_async to None, run_after=None
[2024-05-24T17:18:35.450+0700] {processor.py:183} INFO - Processing /mnt/d/Programming/Vietnamese-Text-Generator/airflow_env/lib/python3.10/site-packages/airflow/example_dags/example_time_delta_sensor_async.py took 0.254 seconds
[2024-05-24T17:19:43.850+0700] {processor.py:161} INFO - Started process (PID=6607) to work on /mnt/d/Programming/Vietnamese-Text-Generator/airflow_env/lib/python3.10/site-packages/airflow/example_dags/example_time_delta_sensor_async.py
[2024-05-24T17:19:43.856+0700] {processor.py:830} INFO - Processing file /mnt/d/Programming/Vietnamese-Text-Generator/airflow_env/lib/python3.10/site-packages/airflow/example_dags/example_time_delta_sensor_async.py for tasks to queue
[2024-05-24T17:19:43.866+0700] {logging_mixin.py:188} INFO - [2024-05-24T17:19:43.863+0700] {dagbag.py:540} INFO - Filling up the DagBag from /mnt/d/Programming/Vietnamese-Text-Generator/airflow_env/lib/python3.10/site-packages/airflow/example_dags/example_time_delta_sensor_async.py
[2024-05-24T17:19:43.949+0700] {processor.py:840} INFO - DAG(s) 'example_time_delta_sensor_async' retrieved from /mnt/d/Programming/Vietnamese-Text-Generator/airflow_env/lib/python3.10/site-packages/airflow/example_dags/example_time_delta_sensor_async.py
[2024-05-24T17:19:44.036+0700] {logging_mixin.py:188} INFO - [2024-05-24T17:19:44.032+0700] {dag.py:3096} INFO - Sync 1 DAGs
[2024-05-24T17:19:44.086+0700] {logging_mixin.py:188} INFO - [2024-05-24T17:19:44.083+0700] {dag.py:3954} INFO - Setting next_dagrun for example_time_delta_sensor_async to None, run_after=None
[2024-05-24T17:19:44.279+0700] {processor.py:183} INFO - Processing /mnt/d/Programming/Vietnamese-Text-Generator/airflow_env/lib/python3.10/site-packages/airflow/example_dags/example_time_delta_sensor_async.py took 0.472 seconds
[2024-05-24T17:20:49.904+0700] {processor.py:161} INFO - Started process (PID=6900) to work on /mnt/d/Programming/Vietnamese-Text-Generator/airflow_env/lib/python3.10/site-packages/airflow/example_dags/example_time_delta_sensor_async.py
[2024-05-24T17:20:49.911+0700] {processor.py:830} INFO - Processing file /mnt/d/Programming/Vietnamese-Text-Generator/airflow_env/lib/python3.10/site-packages/airflow/example_dags/example_time_delta_sensor_async.py for tasks to queue
[2024-05-24T17:20:49.923+0700] {logging_mixin.py:188} INFO - [2024-05-24T17:20:49.919+0700] {dagbag.py:540} INFO - Filling up the DagBag from /mnt/d/Programming/Vietnamese-Text-Generator/airflow_env/lib/python3.10/site-packages/airflow/example_dags/example_time_delta_sensor_async.py
[2024-05-24T17:20:49.999+0700] {processor.py:840} INFO - DAG(s) 'example_time_delta_sensor_async' retrieved from /mnt/d/Programming/Vietnamese-Text-Generator/airflow_env/lib/python3.10/site-packages/airflow/example_dags/example_time_delta_sensor_async.py
[2024-05-24T17:20:50.094+0700] {logging_mixin.py:188} INFO - [2024-05-24T17:20:50.091+0700] {dag.py:3096} INFO - Sync 1 DAGs
[2024-05-24T17:20:50.143+0700] {logging_mixin.py:188} INFO - [2024-05-24T17:20:50.140+0700] {dag.py:3954} INFO - Setting next_dagrun for example_time_delta_sensor_async to None, run_after=None
[2024-05-24T17:20:50.328+0700] {processor.py:183} INFO - Processing /mnt/d/Programming/Vietnamese-Text-Generator/airflow_env/lib/python3.10/site-packages/airflow/example_dags/example_time_delta_sensor_async.py took 0.470 seconds
[2024-05-24T17:21:58.527+0700] {processor.py:161} INFO - Started process (PID=7194) to work on /mnt/d/Programming/Vietnamese-Text-Generator/airflow_env/lib/python3.10/site-packages/airflow/example_dags/example_time_delta_sensor_async.py
[2024-05-24T17:21:58.534+0700] {processor.py:830} INFO - Processing file /mnt/d/Programming/Vietnamese-Text-Generator/airflow_env/lib/python3.10/site-packages/airflow/example_dags/example_time_delta_sensor_async.py for tasks to queue
[2024-05-24T17:21:58.547+0700] {logging_mixin.py:188} INFO - [2024-05-24T17:21:58.543+0700] {dagbag.py:540} INFO - Filling up the DagBag from /mnt/d/Programming/Vietnamese-Text-Generator/airflow_env/lib/python3.10/site-packages/airflow/example_dags/example_time_delta_sensor_async.py
[2024-05-24T17:21:58.647+0700] {processor.py:840} INFO - DAG(s) 'example_time_delta_sensor_async' retrieved from /mnt/d/Programming/Vietnamese-Text-Generator/airflow_env/lib/python3.10/site-packages/airflow/example_dags/example_time_delta_sensor_async.py
[2024-05-24T17:21:58.759+0700] {logging_mixin.py:188} INFO - [2024-05-24T17:21:58.755+0700] {dag.py:3096} INFO - Sync 1 DAGs
[2024-05-24T17:21:58.817+0700] {logging_mixin.py:188} INFO - [2024-05-24T17:21:58.814+0700] {dag.py:3954} INFO - Setting next_dagrun for example_time_delta_sensor_async to None, run_after=None
[2024-05-24T17:21:59.049+0700] {processor.py:183} INFO - Processing /mnt/d/Programming/Vietnamese-Text-Generator/airflow_env/lib/python3.10/site-packages/airflow/example_dags/example_time_delta_sensor_async.py took 0.572 seconds
[2024-05-24T17:23:04.453+0700] {processor.py:161} INFO - Started process (PID=7484) to work on /mnt/d/Programming/Vietnamese-Text-Generator/airflow_env/lib/python3.10/site-packages/airflow/example_dags/example_time_delta_sensor_async.py
[2024-05-24T17:23:04.459+0700] {processor.py:830} INFO - Processing file /mnt/d/Programming/Vietnamese-Text-Generator/airflow_env/lib/python3.10/site-packages/airflow/example_dags/example_time_delta_sensor_async.py for tasks to queue
[2024-05-24T17:23:04.471+0700] {logging_mixin.py:188} INFO - [2024-05-24T17:23:04.467+0700] {dagbag.py:540} INFO - Filling up the DagBag from /mnt/d/Programming/Vietnamese-Text-Generator/airflow_env/lib/python3.10/site-packages/airflow/example_dags/example_time_delta_sensor_async.py
[2024-05-24T17:23:04.563+0700] {processor.py:840} INFO - DAG(s) 'example_time_delta_sensor_async' retrieved from /mnt/d/Programming/Vietnamese-Text-Generator/airflow_env/lib/python3.10/site-packages/airflow/example_dags/example_time_delta_sensor_async.py
[2024-05-24T17:23:04.656+0700] {logging_mixin.py:188} INFO - [2024-05-24T17:23:04.653+0700] {dag.py:3096} INFO - Sync 1 DAGs
[2024-05-24T17:23:04.708+0700] {logging_mixin.py:188} INFO - [2024-05-24T17:23:04.705+0700] {dag.py:3954} INFO - Setting next_dagrun for example_time_delta_sensor_async to None, run_after=None
[2024-05-24T17:23:04.917+0700] {processor.py:183} INFO - Processing /mnt/d/Programming/Vietnamese-Text-Generator/airflow_env/lib/python3.10/site-packages/airflow/example_dags/example_time_delta_sensor_async.py took 0.508 seconds
[2024-05-24T17:24:09.299+0700] {processor.py:161} INFO - Started process (PID=7766) to work on /mnt/d/Programming/Vietnamese-Text-Generator/airflow_env/lib/python3.10/site-packages/airflow/example_dags/example_time_delta_sensor_async.py
[2024-05-24T17:24:09.306+0700] {processor.py:830} INFO - Processing file /mnt/d/Programming/Vietnamese-Text-Generator/airflow_env/lib/python3.10/site-packages/airflow/example_dags/example_time_delta_sensor_async.py for tasks to queue
[2024-05-24T17:24:09.320+0700] {logging_mixin.py:188} INFO - [2024-05-24T17:24:09.315+0700] {dagbag.py:540} INFO - Filling up the DagBag from /mnt/d/Programming/Vietnamese-Text-Generator/airflow_env/lib/python3.10/site-packages/airflow/example_dags/example_time_delta_sensor_async.py
[2024-05-24T17:24:09.394+0700] {processor.py:840} INFO - DAG(s) 'example_time_delta_sensor_async' retrieved from /mnt/d/Programming/Vietnamese-Text-Generator/airflow_env/lib/python3.10/site-packages/airflow/example_dags/example_time_delta_sensor_async.py
[2024-05-24T17:24:09.492+0700] {logging_mixin.py:188} INFO - [2024-05-24T17:24:09.489+0700] {dag.py:3096} INFO - Sync 1 DAGs
[2024-05-24T17:24:09.538+0700] {logging_mixin.py:188} INFO - [2024-05-24T17:24:09.536+0700] {dag.py:3954} INFO - Setting next_dagrun for example_time_delta_sensor_async to None, run_after=None
[2024-05-24T17:24:09.762+0700] {processor.py:183} INFO - Processing /mnt/d/Programming/Vietnamese-Text-Generator/airflow_env/lib/python3.10/site-packages/airflow/example_dags/example_time_delta_sensor_async.py took 0.517 seconds
[2024-05-24T17:46:57.231+0700] {processor.py:161} INFO - Started process (PID=8081) to work on /mnt/d/Programming/Vietnamese-Text-Generator/airflow_env/lib/python3.10/site-packages/airflow/example_dags/example_time_delta_sensor_async.py
[2024-05-24T17:46:57.235+0700] {processor.py:830} INFO - Processing file /mnt/d/Programming/Vietnamese-Text-Generator/airflow_env/lib/python3.10/site-packages/airflow/example_dags/example_time_delta_sensor_async.py for tasks to queue
[2024-05-24T17:46:57.241+0700] {logging_mixin.py:188} INFO - [2024-05-24T17:46:57.239+0700] {dagbag.py:540} INFO - Filling up the DagBag from /mnt/d/Programming/Vietnamese-Text-Generator/airflow_env/lib/python3.10/site-packages/airflow/example_dags/example_time_delta_sensor_async.py
[2024-05-24T17:46:57.270+0700] {processor.py:840} INFO - DAG(s) 'example_time_delta_sensor_async' retrieved from /mnt/d/Programming/Vietnamese-Text-Generator/airflow_env/lib/python3.10/site-packages/airflow/example_dags/example_time_delta_sensor_async.py
[2024-05-24T17:46:57.310+0700] {logging_mixin.py:188} INFO - [2024-05-24T17:46:57.309+0700] {dag.py:3096} INFO - Sync 1 DAGs
[2024-05-24T17:46:57.330+0700] {logging_mixin.py:188} INFO - [2024-05-24T17:46:57.329+0700] {dag.py:3954} INFO - Setting next_dagrun for example_time_delta_sensor_async to None, run_after=None
[2024-05-24T17:46:57.408+0700] {processor.py:183} INFO - Processing /mnt/d/Programming/Vietnamese-Text-Generator/airflow_env/lib/python3.10/site-packages/airflow/example_dags/example_time_delta_sensor_async.py took 0.198 seconds
[2024-05-24T17:48:06.994+0700] {processor.py:161} INFO - Started process (PID=8415) to work on /mnt/d/Programming/Vietnamese-Text-Generator/airflow_env/lib/python3.10/site-packages/airflow/example_dags/example_time_delta_sensor_async.py
[2024-05-24T17:48:07.001+0700] {processor.py:830} INFO - Processing file /mnt/d/Programming/Vietnamese-Text-Generator/airflow_env/lib/python3.10/site-packages/airflow/example_dags/example_time_delta_sensor_async.py for tasks to queue
[2024-05-24T17:48:07.012+0700] {logging_mixin.py:188} INFO - [2024-05-24T17:48:07.008+0700] {dagbag.py:540} INFO - Filling up the DagBag from /mnt/d/Programming/Vietnamese-Text-Generator/airflow_env/lib/python3.10/site-packages/airflow/example_dags/example_time_delta_sensor_async.py
[2024-05-24T17:48:07.080+0700] {processor.py:840} INFO - DAG(s) 'example_time_delta_sensor_async' retrieved from /mnt/d/Programming/Vietnamese-Text-Generator/airflow_env/lib/python3.10/site-packages/airflow/example_dags/example_time_delta_sensor_async.py
[2024-05-24T17:48:07.159+0700] {logging_mixin.py:188} INFO - [2024-05-24T17:48:07.156+0700] {dag.py:3096} INFO - Sync 1 DAGs
[2024-05-24T17:48:07.207+0700] {logging_mixin.py:188} INFO - [2024-05-24T17:48:07.203+0700] {dag.py:3954} INFO - Setting next_dagrun for example_time_delta_sensor_async to None, run_after=None
[2024-05-24T17:48:07.386+0700] {processor.py:183} INFO - Processing /mnt/d/Programming/Vietnamese-Text-Generator/airflow_env/lib/python3.10/site-packages/airflow/example_dags/example_time_delta_sensor_async.py took 0.436 seconds
[2024-05-24T17:49:10.201+0700] {processor.py:161} INFO - Started process (PID=8690) to work on /mnt/d/Programming/Vietnamese-Text-Generator/airflow_env/lib/python3.10/site-packages/airflow/example_dags/example_time_delta_sensor_async.py
[2024-05-24T17:49:10.207+0700] {processor.py:830} INFO - Processing file /mnt/d/Programming/Vietnamese-Text-Generator/airflow_env/lib/python3.10/site-packages/airflow/example_dags/example_time_delta_sensor_async.py for tasks to queue
[2024-05-24T17:49:10.219+0700] {logging_mixin.py:188} INFO - [2024-05-24T17:49:10.215+0700] {dagbag.py:540} INFO - Filling up the DagBag from /mnt/d/Programming/Vietnamese-Text-Generator/airflow_env/lib/python3.10/site-packages/airflow/example_dags/example_time_delta_sensor_async.py
[2024-05-24T17:49:10.305+0700] {processor.py:840} INFO - DAG(s) 'example_time_delta_sensor_async' retrieved from /mnt/d/Programming/Vietnamese-Text-Generator/airflow_env/lib/python3.10/site-packages/airflow/example_dags/example_time_delta_sensor_async.py
[2024-05-24T17:49:10.402+0700] {logging_mixin.py:188} INFO - [2024-05-24T17:49:10.398+0700] {dag.py:3096} INFO - Sync 1 DAGs
[2024-05-24T17:49:10.451+0700] {logging_mixin.py:188} INFO - [2024-05-24T17:49:10.448+0700] {dag.py:3954} INFO - Setting next_dagrun for example_time_delta_sensor_async to None, run_after=None
[2024-05-24T17:49:10.645+0700] {processor.py:183} INFO - Processing /mnt/d/Programming/Vietnamese-Text-Generator/airflow_env/lib/python3.10/site-packages/airflow/example_dags/example_time_delta_sensor_async.py took 0.489 seconds
[2024-05-24T17:50:13.009+0700] {processor.py:161} INFO - Started process (PID=8967) to work on /mnt/d/Programming/Vietnamese-Text-Generator/airflow_env/lib/python3.10/site-packages/airflow/example_dags/example_time_delta_sensor_async.py
[2024-05-24T17:50:13.016+0700] {processor.py:830} INFO - Processing file /mnt/d/Programming/Vietnamese-Text-Generator/airflow_env/lib/python3.10/site-packages/airflow/example_dags/example_time_delta_sensor_async.py for tasks to queue
[2024-05-24T17:50:13.028+0700] {logging_mixin.py:188} INFO - [2024-05-24T17:50:13.024+0700] {dagbag.py:540} INFO - Filling up the DagBag from /mnt/d/Programming/Vietnamese-Text-Generator/airflow_env/lib/python3.10/site-packages/airflow/example_dags/example_time_delta_sensor_async.py
[2024-05-24T17:50:13.113+0700] {processor.py:840} INFO - DAG(s) 'example_time_delta_sensor_async' retrieved from /mnt/d/Programming/Vietnamese-Text-Generator/airflow_env/lib/python3.10/site-packages/airflow/example_dags/example_time_delta_sensor_async.py
[2024-05-24T17:50:13.186+0700] {logging_mixin.py:188} INFO - [2024-05-24T17:50:13.184+0700] {dag.py:3096} INFO - Sync 1 DAGs
[2024-05-24T17:50:13.221+0700] {logging_mixin.py:188} INFO - [2024-05-24T17:50:13.219+0700] {dag.py:3954} INFO - Setting next_dagrun for example_time_delta_sensor_async to None, run_after=None
[2024-05-24T17:50:13.384+0700] {processor.py:183} INFO - Processing /mnt/d/Programming/Vietnamese-Text-Generator/airflow_env/lib/python3.10/site-packages/airflow/example_dags/example_time_delta_sensor_async.py took 0.419 seconds
[2024-05-24T17:51:19.858+0700] {processor.py:161} INFO - Started process (PID=9258) to work on /mnt/d/Programming/Vietnamese-Text-Generator/airflow_env/lib/python3.10/site-packages/airflow/example_dags/example_time_delta_sensor_async.py
[2024-05-24T17:51:19.864+0700] {processor.py:830} INFO - Processing file /mnt/d/Programming/Vietnamese-Text-Generator/airflow_env/lib/python3.10/site-packages/airflow/example_dags/example_time_delta_sensor_async.py for tasks to queue
[2024-05-24T17:51:19.876+0700] {logging_mixin.py:188} INFO - [2024-05-24T17:51:19.872+0700] {dagbag.py:540} INFO - Filling up the DagBag from /mnt/d/Programming/Vietnamese-Text-Generator/airflow_env/lib/python3.10/site-packages/airflow/example_dags/example_time_delta_sensor_async.py
[2024-05-24T17:51:19.964+0700] {processor.py:840} INFO - DAG(s) 'example_time_delta_sensor_async' retrieved from /mnt/d/Programming/Vietnamese-Text-Generator/airflow_env/lib/python3.10/site-packages/airflow/example_dags/example_time_delta_sensor_async.py
[2024-05-24T17:51:20.057+0700] {logging_mixin.py:188} INFO - [2024-05-24T17:51:20.054+0700] {dag.py:3096} INFO - Sync 1 DAGs
[2024-05-24T17:51:20.107+0700] {logging_mixin.py:188} INFO - [2024-05-24T17:51:20.103+0700] {dag.py:3954} INFO - Setting next_dagrun for example_time_delta_sensor_async to None, run_after=None
[2024-05-24T17:51:20.304+0700] {processor.py:183} INFO - Processing /mnt/d/Programming/Vietnamese-Text-Generator/airflow_env/lib/python3.10/site-packages/airflow/example_dags/example_time_delta_sensor_async.py took 0.489 seconds
[2024-05-24T17:52:31.326+0700] {processor.py:161} INFO - Started process (PID=9575) to work on /mnt/d/Programming/Vietnamese-Text-Generator/airflow_env/lib/python3.10/site-packages/airflow/example_dags/example_time_delta_sensor_async.py
[2024-05-24T17:52:31.332+0700] {processor.py:830} INFO - Processing file /mnt/d/Programming/Vietnamese-Text-Generator/airflow_env/lib/python3.10/site-packages/airflow/example_dags/example_time_delta_sensor_async.py for tasks to queue
[2024-05-24T17:52:31.344+0700] {logging_mixin.py:188} INFO - [2024-05-24T17:52:31.339+0700] {dagbag.py:540} INFO - Filling up the DagBag from /mnt/d/Programming/Vietnamese-Text-Generator/airflow_env/lib/python3.10/site-packages/airflow/example_dags/example_time_delta_sensor_async.py
[2024-05-24T17:52:31.435+0700] {processor.py:840} INFO - DAG(s) 'example_time_delta_sensor_async' retrieved from /mnt/d/Programming/Vietnamese-Text-Generator/airflow_env/lib/python3.10/site-packages/airflow/example_dags/example_time_delta_sensor_async.py
[2024-05-24T17:52:31.528+0700] {logging_mixin.py:188} INFO - [2024-05-24T17:52:31.525+0700] {dag.py:3096} INFO - Sync 1 DAGs
[2024-05-24T17:52:31.576+0700] {logging_mixin.py:188} INFO - [2024-05-24T17:52:31.573+0700] {dag.py:3954} INFO - Setting next_dagrun for example_time_delta_sensor_async to None, run_after=None
[2024-05-24T17:52:31.781+0700] {processor.py:183} INFO - Processing /mnt/d/Programming/Vietnamese-Text-Generator/airflow_env/lib/python3.10/site-packages/airflow/example_dags/example_time_delta_sensor_async.py took 0.499 seconds
[2024-05-24T17:53:39.243+0700] {processor.py:161} INFO - Started process (PID=9868) to work on /mnt/d/Programming/Vietnamese-Text-Generator/airflow_env/lib/python3.10/site-packages/airflow/example_dags/example_time_delta_sensor_async.py
[2024-05-24T17:53:39.250+0700] {processor.py:830} INFO - Processing file /mnt/d/Programming/Vietnamese-Text-Generator/airflow_env/lib/python3.10/site-packages/airflow/example_dags/example_time_delta_sensor_async.py for tasks to queue
[2024-05-24T17:53:39.261+0700] {logging_mixin.py:188} INFO - [2024-05-24T17:53:39.257+0700] {dagbag.py:540} INFO - Filling up the DagBag from /mnt/d/Programming/Vietnamese-Text-Generator/airflow_env/lib/python3.10/site-packages/airflow/example_dags/example_time_delta_sensor_async.py
[2024-05-24T17:53:39.350+0700] {processor.py:840} INFO - DAG(s) 'example_time_delta_sensor_async' retrieved from /mnt/d/Programming/Vietnamese-Text-Generator/airflow_env/lib/python3.10/site-packages/airflow/example_dags/example_time_delta_sensor_async.py
[2024-05-24T17:53:39.453+0700] {logging_mixin.py:188} INFO - [2024-05-24T17:53:39.449+0700] {dag.py:3096} INFO - Sync 1 DAGs
[2024-05-24T17:53:39.509+0700] {logging_mixin.py:188} INFO - [2024-05-24T17:53:39.505+0700] {dag.py:3954} INFO - Setting next_dagrun for example_time_delta_sensor_async to None, run_after=None
[2024-05-24T17:53:39.722+0700] {processor.py:183} INFO - Processing /mnt/d/Programming/Vietnamese-Text-Generator/airflow_env/lib/python3.10/site-packages/airflow/example_dags/example_time_delta_sensor_async.py took 0.517 seconds
[2024-05-24T17:54:49.319+0700] {processor.py:161} INFO - Started process (PID=10173) to work on /mnt/d/Programming/Vietnamese-Text-Generator/airflow_env/lib/python3.10/site-packages/airflow/example_dags/example_time_delta_sensor_async.py
[2024-05-24T17:54:49.326+0700] {processor.py:830} INFO - Processing file /mnt/d/Programming/Vietnamese-Text-Generator/airflow_env/lib/python3.10/site-packages/airflow/example_dags/example_time_delta_sensor_async.py for tasks to queue
[2024-05-24T17:54:49.336+0700] {logging_mixin.py:188} INFO - [2024-05-24T17:54:49.333+0700] {dagbag.py:540} INFO - Filling up the DagBag from /mnt/d/Programming/Vietnamese-Text-Generator/airflow_env/lib/python3.10/site-packages/airflow/example_dags/example_time_delta_sensor_async.py
[2024-05-24T17:54:49.410+0700] {processor.py:840} INFO - DAG(s) 'example_time_delta_sensor_async' retrieved from /mnt/d/Programming/Vietnamese-Text-Generator/airflow_env/lib/python3.10/site-packages/airflow/example_dags/example_time_delta_sensor_async.py
[2024-05-24T17:54:49.505+0700] {logging_mixin.py:188} INFO - [2024-05-24T17:54:49.502+0700] {dag.py:3096} INFO - Sync 1 DAGs
[2024-05-24T17:54:49.554+0700] {logging_mixin.py:188} INFO - [2024-05-24T17:54:49.551+0700] {dag.py:3954} INFO - Setting next_dagrun for example_time_delta_sensor_async to None, run_after=None
[2024-05-24T17:54:49.769+0700] {processor.py:183} INFO - Processing /mnt/d/Programming/Vietnamese-Text-Generator/airflow_env/lib/python3.10/site-packages/airflow/example_dags/example_time_delta_sensor_async.py took 0.494 seconds
[2024-05-24T17:55:58.248+0700] {processor.py:161} INFO - Started process (PID=10475) to work on /mnt/d/Programming/Vietnamese-Text-Generator/airflow_env/lib/python3.10/site-packages/airflow/example_dags/example_time_delta_sensor_async.py
[2024-05-24T17:55:58.253+0700] {processor.py:830} INFO - Processing file /mnt/d/Programming/Vietnamese-Text-Generator/airflow_env/lib/python3.10/site-packages/airflow/example_dags/example_time_delta_sensor_async.py for tasks to queue
[2024-05-24T17:55:58.264+0700] {logging_mixin.py:188} INFO - [2024-05-24T17:55:58.261+0700] {dagbag.py:540} INFO - Filling up the DagBag from /mnt/d/Programming/Vietnamese-Text-Generator/airflow_env/lib/python3.10/site-packages/airflow/example_dags/example_time_delta_sensor_async.py
[2024-05-24T17:55:58.310+0700] {processor.py:840} INFO - DAG(s) 'example_time_delta_sensor_async' retrieved from /mnt/d/Programming/Vietnamese-Text-Generator/airflow_env/lib/python3.10/site-packages/airflow/example_dags/example_time_delta_sensor_async.py
[2024-05-24T17:55:58.354+0700] {logging_mixin.py:188} INFO - [2024-05-24T17:55:58.353+0700] {dag.py:3096} INFO - Sync 1 DAGs
[2024-05-24T17:55:58.381+0700] {logging_mixin.py:188} INFO - [2024-05-24T17:55:58.380+0700] {dag.py:3954} INFO - Setting next_dagrun for example_time_delta_sensor_async to None, run_after=None
[2024-05-24T17:55:58.527+0700] {processor.py:183} INFO - Processing /mnt/d/Programming/Vietnamese-Text-Generator/airflow_env/lib/python3.10/site-packages/airflow/example_dags/example_time_delta_sensor_async.py took 0.318 seconds
[2024-05-24T17:57:08.858+0700] {processor.py:161} INFO - Started process (PID=10783) to work on /mnt/d/Programming/Vietnamese-Text-Generator/airflow_env/lib/python3.10/site-packages/airflow/example_dags/example_time_delta_sensor_async.py
[2024-05-24T17:57:08.864+0700] {processor.py:830} INFO - Processing file /mnt/d/Programming/Vietnamese-Text-Generator/airflow_env/lib/python3.10/site-packages/airflow/example_dags/example_time_delta_sensor_async.py for tasks to queue
[2024-05-24T17:57:08.877+0700] {logging_mixin.py:188} INFO - [2024-05-24T17:57:08.873+0700] {dagbag.py:540} INFO - Filling up the DagBag from /mnt/d/Programming/Vietnamese-Text-Generator/airflow_env/lib/python3.10/site-packages/airflow/example_dags/example_time_delta_sensor_async.py
[2024-05-24T17:57:08.956+0700] {processor.py:840} INFO - DAG(s) 'example_time_delta_sensor_async' retrieved from /mnt/d/Programming/Vietnamese-Text-Generator/airflow_env/lib/python3.10/site-packages/airflow/example_dags/example_time_delta_sensor_async.py
[2024-05-24T17:57:09.048+0700] {logging_mixin.py:188} INFO - [2024-05-24T17:57:09.044+0700] {dag.py:3096} INFO - Sync 1 DAGs
[2024-05-24T17:57:09.088+0700] {logging_mixin.py:188} INFO - [2024-05-24T17:57:09.085+0700] {dag.py:3954} INFO - Setting next_dagrun for example_time_delta_sensor_async to None, run_after=None
[2024-05-24T17:57:09.256+0700] {processor.py:183} INFO - Processing /mnt/d/Programming/Vietnamese-Text-Generator/airflow_env/lib/python3.10/site-packages/airflow/example_dags/example_time_delta_sensor_async.py took 0.441 seconds
[2024-05-24T17:58:18.073+0700] {processor.py:161} INFO - Started process (PID=11083) to work on /mnt/d/Programming/Vietnamese-Text-Generator/airflow_env/lib/python3.10/site-packages/airflow/example_dags/example_time_delta_sensor_async.py
[2024-05-24T17:58:18.078+0700] {processor.py:830} INFO - Processing file /mnt/d/Programming/Vietnamese-Text-Generator/airflow_env/lib/python3.10/site-packages/airflow/example_dags/example_time_delta_sensor_async.py for tasks to queue
[2024-05-24T17:58:18.087+0700] {logging_mixin.py:188} INFO - [2024-05-24T17:58:18.085+0700] {dagbag.py:540} INFO - Filling up the DagBag from /mnt/d/Programming/Vietnamese-Text-Generator/airflow_env/lib/python3.10/site-packages/airflow/example_dags/example_time_delta_sensor_async.py
[2024-05-24T17:58:18.133+0700] {processor.py:840} INFO - DAG(s) 'example_time_delta_sensor_async' retrieved from /mnt/d/Programming/Vietnamese-Text-Generator/airflow_env/lib/python3.10/site-packages/airflow/example_dags/example_time_delta_sensor_async.py
[2024-05-24T17:58:18.167+0700] {logging_mixin.py:188} INFO - [2024-05-24T17:58:18.166+0700] {dag.py:3096} INFO - Sync 1 DAGs
[2024-05-24T17:58:18.185+0700] {logging_mixin.py:188} INFO - [2024-05-24T17:58:18.184+0700] {dag.py:3954} INFO - Setting next_dagrun for example_time_delta_sensor_async to None, run_after=None
[2024-05-24T17:58:18.248+0700] {processor.py:183} INFO - Processing /mnt/d/Programming/Vietnamese-Text-Generator/airflow_env/lib/python3.10/site-packages/airflow/example_dags/example_time_delta_sensor_async.py took 0.220 seconds
[2024-05-24T17:59:24.618+0700] {processor.py:161} INFO - Started process (PID=11373) to work on /mnt/d/Programming/Vietnamese-Text-Generator/airflow_env/lib/python3.10/site-packages/airflow/example_dags/example_time_delta_sensor_async.py
[2024-05-24T17:59:24.624+0700] {processor.py:830} INFO - Processing file /mnt/d/Programming/Vietnamese-Text-Generator/airflow_env/lib/python3.10/site-packages/airflow/example_dags/example_time_delta_sensor_async.py for tasks to queue
[2024-05-24T17:59:24.637+0700] {logging_mixin.py:188} INFO - [2024-05-24T17:59:24.634+0700] {dagbag.py:540} INFO - Filling up the DagBag from /mnt/d/Programming/Vietnamese-Text-Generator/airflow_env/lib/python3.10/site-packages/airflow/example_dags/example_time_delta_sensor_async.py
[2024-05-24T17:59:24.713+0700] {processor.py:840} INFO - DAG(s) 'example_time_delta_sensor_async' retrieved from /mnt/d/Programming/Vietnamese-Text-Generator/airflow_env/lib/python3.10/site-packages/airflow/example_dags/example_time_delta_sensor_async.py
[2024-05-24T17:59:24.797+0700] {logging_mixin.py:188} INFO - [2024-05-24T17:59:24.795+0700] {dag.py:3096} INFO - Sync 1 DAGs
[2024-05-24T17:59:24.848+0700] {logging_mixin.py:188} INFO - [2024-05-24T17:59:24.845+0700] {dag.py:3954} INFO - Setting next_dagrun for example_time_delta_sensor_async to None, run_after=None
[2024-05-24T17:59:25.026+0700] {processor.py:183} INFO - Processing /mnt/d/Programming/Vietnamese-Text-Generator/airflow_env/lib/python3.10/site-packages/airflow/example_dags/example_time_delta_sensor_async.py took 0.454 seconds
[2024-05-24T18:00:31.837+0700] {processor.py:161} INFO - Started process (PID=11665) to work on /mnt/d/Programming/Vietnamese-Text-Generator/airflow_env/lib/python3.10/site-packages/airflow/example_dags/example_time_delta_sensor_async.py
[2024-05-24T18:00:31.843+0700] {processor.py:830} INFO - Processing file /mnt/d/Programming/Vietnamese-Text-Generator/airflow_env/lib/python3.10/site-packages/airflow/example_dags/example_time_delta_sensor_async.py for tasks to queue
[2024-05-24T18:00:31.856+0700] {logging_mixin.py:188} INFO - [2024-05-24T18:00:31.852+0700] {dagbag.py:540} INFO - Filling up the DagBag from /mnt/d/Programming/Vietnamese-Text-Generator/airflow_env/lib/python3.10/site-packages/airflow/example_dags/example_time_delta_sensor_async.py
[2024-05-24T18:00:31.928+0700] {processor.py:840} INFO - DAG(s) 'example_time_delta_sensor_async' retrieved from /mnt/d/Programming/Vietnamese-Text-Generator/airflow_env/lib/python3.10/site-packages/airflow/example_dags/example_time_delta_sensor_async.py
[2024-05-24T18:00:32.005+0700] {logging_mixin.py:188} INFO - [2024-05-24T18:00:32.002+0700] {dag.py:3096} INFO - Sync 1 DAGs
[2024-05-24T18:00:32.049+0700] {logging_mixin.py:188} INFO - [2024-05-24T18:00:32.046+0700] {dag.py:3954} INFO - Setting next_dagrun for example_time_delta_sensor_async to None, run_after=None
[2024-05-24T18:00:32.233+0700] {processor.py:183} INFO - Processing /mnt/d/Programming/Vietnamese-Text-Generator/airflow_env/lib/python3.10/site-packages/airflow/example_dags/example_time_delta_sensor_async.py took 0.438 seconds
[2024-05-24T18:01:43.263+0700] {processor.py:161} INFO - Started process (PID=11976) to work on /mnt/d/Programming/Vietnamese-Text-Generator/airflow_env/lib/python3.10/site-packages/airflow/example_dags/example_time_delta_sensor_async.py
[2024-05-24T18:01:43.270+0700] {processor.py:830} INFO - Processing file /mnt/d/Programming/Vietnamese-Text-Generator/airflow_env/lib/python3.10/site-packages/airflow/example_dags/example_time_delta_sensor_async.py for tasks to queue
[2024-05-24T18:01:43.284+0700] {logging_mixin.py:188} INFO - [2024-05-24T18:01:43.280+0700] {dagbag.py:540} INFO - Filling up the DagBag from /mnt/d/Programming/Vietnamese-Text-Generator/airflow_env/lib/python3.10/site-packages/airflow/example_dags/example_time_delta_sensor_async.py
[2024-05-24T18:01:43.361+0700] {processor.py:840} INFO - DAG(s) 'example_time_delta_sensor_async' retrieved from /mnt/d/Programming/Vietnamese-Text-Generator/airflow_env/lib/python3.10/site-packages/airflow/example_dags/example_time_delta_sensor_async.py
[2024-05-24T18:01:43.452+0700] {logging_mixin.py:188} INFO - [2024-05-24T18:01:43.449+0700] {dag.py:3096} INFO - Sync 1 DAGs
[2024-05-24T18:01:43.531+0700] {logging_mixin.py:188} INFO - [2024-05-24T18:01:43.503+0700] {dag.py:3954} INFO - Setting next_dagrun for example_time_delta_sensor_async to None, run_after=None
[2024-05-24T18:01:43.607+0700] {processor.py:183} INFO - Processing /mnt/d/Programming/Vietnamese-Text-Generator/airflow_env/lib/python3.10/site-packages/airflow/example_dags/example_time_delta_sensor_async.py took 0.389 seconds
[2024-05-24T18:02:51.783+0700] {processor.py:161} INFO - Started process (PID=12279) to work on /mnt/d/Programming/Vietnamese-Text-Generator/airflow_env/lib/python3.10/site-packages/airflow/example_dags/example_time_delta_sensor_async.py
[2024-05-24T18:02:51.789+0700] {processor.py:830} INFO - Processing file /mnt/d/Programming/Vietnamese-Text-Generator/airflow_env/lib/python3.10/site-packages/airflow/example_dags/example_time_delta_sensor_async.py for tasks to queue
[2024-05-24T18:02:51.801+0700] {logging_mixin.py:188} INFO - [2024-05-24T18:02:51.798+0700] {dagbag.py:540} INFO - Filling up the DagBag from /mnt/d/Programming/Vietnamese-Text-Generator/airflow_env/lib/python3.10/site-packages/airflow/example_dags/example_time_delta_sensor_async.py
[2024-05-24T18:02:51.867+0700] {processor.py:840} INFO - DAG(s) 'example_time_delta_sensor_async' retrieved from /mnt/d/Programming/Vietnamese-Text-Generator/airflow_env/lib/python3.10/site-packages/airflow/example_dags/example_time_delta_sensor_async.py
[2024-05-24T18:02:51.956+0700] {logging_mixin.py:188} INFO - [2024-05-24T18:02:51.953+0700] {dag.py:3096} INFO - Sync 1 DAGs
[2024-05-24T18:02:52.001+0700] {logging_mixin.py:188} INFO - [2024-05-24T18:02:51.998+0700] {dag.py:3954} INFO - Setting next_dagrun for example_time_delta_sensor_async to None, run_after=None
[2024-05-24T18:02:52.182+0700] {processor.py:183} INFO - Processing /mnt/d/Programming/Vietnamese-Text-Generator/airflow_env/lib/python3.10/site-packages/airflow/example_dags/example_time_delta_sensor_async.py took 0.439 seconds
[2024-05-24T18:04:03.393+0700] {processor.py:161} INFO - Started process (PID=12591) to work on /mnt/d/Programming/Vietnamese-Text-Generator/airflow_env/lib/python3.10/site-packages/airflow/example_dags/example_time_delta_sensor_async.py
[2024-05-24T18:04:03.399+0700] {processor.py:830} INFO - Processing file /mnt/d/Programming/Vietnamese-Text-Generator/airflow_env/lib/python3.10/site-packages/airflow/example_dags/example_time_delta_sensor_async.py for tasks to queue
[2024-05-24T18:04:03.415+0700] {logging_mixin.py:188} INFO - [2024-05-24T18:04:03.408+0700] {dagbag.py:540} INFO - Filling up the DagBag from /mnt/d/Programming/Vietnamese-Text-Generator/airflow_env/lib/python3.10/site-packages/airflow/example_dags/example_time_delta_sensor_async.py
[2024-05-24T18:04:03.506+0700] {processor.py:840} INFO - DAG(s) 'example_time_delta_sensor_async' retrieved from /mnt/d/Programming/Vietnamese-Text-Generator/airflow_env/lib/python3.10/site-packages/airflow/example_dags/example_time_delta_sensor_async.py
[2024-05-24T18:04:03.637+0700] {logging_mixin.py:188} INFO - [2024-05-24T18:04:03.635+0700] {dag.py:3096} INFO - Sync 1 DAGs
[2024-05-24T18:04:03.677+0700] {logging_mixin.py:188} INFO - [2024-05-24T18:04:03.675+0700] {dag.py:3954} INFO - Setting next_dagrun for example_time_delta_sensor_async to None, run_after=None
[2024-05-24T18:04:03.838+0700] {processor.py:183} INFO - Processing /mnt/d/Programming/Vietnamese-Text-Generator/airflow_env/lib/python3.10/site-packages/airflow/example_dags/example_time_delta_sensor_async.py took 0.492 seconds
[2024-05-24T18:05:14.803+0700] {processor.py:161} INFO - Started process (PID=12901) to work on /mnt/d/Programming/Vietnamese-Text-Generator/airflow_env/lib/python3.10/site-packages/airflow/example_dags/example_time_delta_sensor_async.py
[2024-05-24T18:05:14.809+0700] {processor.py:830} INFO - Processing file /mnt/d/Programming/Vietnamese-Text-Generator/airflow_env/lib/python3.10/site-packages/airflow/example_dags/example_time_delta_sensor_async.py for tasks to queue
[2024-05-24T18:05:14.820+0700] {logging_mixin.py:188} INFO - [2024-05-24T18:05:14.816+0700] {dagbag.py:540} INFO - Filling up the DagBag from /mnt/d/Programming/Vietnamese-Text-Generator/airflow_env/lib/python3.10/site-packages/airflow/example_dags/example_time_delta_sensor_async.py
[2024-05-24T18:05:14.908+0700] {processor.py:840} INFO - DAG(s) 'example_time_delta_sensor_async' retrieved from /mnt/d/Programming/Vietnamese-Text-Generator/airflow_env/lib/python3.10/site-packages/airflow/example_dags/example_time_delta_sensor_async.py
[2024-05-24T18:05:14.993+0700] {logging_mixin.py:188} INFO - [2024-05-24T18:05:14.991+0700] {dag.py:3096} INFO - Sync 1 DAGs
[2024-05-24T18:05:15.027+0700] {logging_mixin.py:188} INFO - [2024-05-24T18:05:15.025+0700] {dag.py:3954} INFO - Setting next_dagrun for example_time_delta_sensor_async to None, run_after=None
[2024-05-24T18:05:15.167+0700] {processor.py:183} INFO - Processing /mnt/d/Programming/Vietnamese-Text-Generator/airflow_env/lib/python3.10/site-packages/airflow/example_dags/example_time_delta_sensor_async.py took 0.410 seconds
