[2024-05-24T17:02:23.137+0700] {processor.py:161} INFO - Started process (PID=1984) to work on /mnt/d/Programming/Vietnamese-Text-Generator/airflow_env/lib/python3.10/site-packages/airflow/example_dags/example_external_task_marker_dag.py
[2024-05-24T17:02:23.143+0700] {processor.py:830} INFO - Processing file /mnt/d/Programming/Vietnamese-Text-Generator/airflow_env/lib/python3.10/site-packages/airflow/example_dags/example_external_task_marker_dag.py for tasks to queue
[2024-05-24T17:02:23.159+0700] {logging_mixin.py:188} INFO - [2024-05-24T17:02:23.155+0700] {dagbag.py:540} INFO - Filling up the DagBag from /mnt/d/Programming/Vietnamese-Text-Generator/airflow_env/lib/python3.10/site-packages/airflow/example_dags/example_external_task_marker_dag.py
[2024-05-24T17:02:23.209+0700] {processor.py:840} INFO - DAG(s) 'example_external_task_marker_parent', 'example_external_task_marker_child' retrieved from /mnt/d/Programming/Vietnamese-Text-Generator/airflow_env/lib/python3.10/site-packages/airflow/example_dags/example_external_task_marker_dag.py
[2024-05-24T17:02:23.268+0700] {logging_mixin.py:188} INFO - [2024-05-24T17:02:23.266+0700] {dag.py:3096} INFO - Sync 2 DAGs
[2024-05-24T17:02:23.310+0700] {logging_mixin.py:188} INFO - [2024-05-24T17:02:23.308+0700] {dag.py:3954} INFO - Setting next_dagrun for example_external_task_marker_child to None, run_after=None
[2024-05-24T17:02:23.329+0700] {logging_mixin.py:188} INFO - [2024-05-24T17:02:23.327+0700] {dag.py:3954} INFO - Setting next_dagrun for example_external_task_marker_parent to None, run_after=None
[2024-05-24T17:02:23.459+0700] {processor.py:183} INFO - Processing /mnt/d/Programming/Vietnamese-Text-Generator/airflow_env/lib/python3.10/site-packages/airflow/example_dags/example_external_task_marker_dag.py took 0.372 seconds
[2024-05-24T17:04:12.619+0700] {processor.py:161} INFO - Started process (PID=2452) to work on /mnt/d/Programming/Vietnamese-Text-Generator/airflow_env/lib/python3.10/site-packages/airflow/example_dags/example_external_task_marker_dag.py
[2024-05-24T17:04:12.625+0700] {processor.py:830} INFO - Processing file /mnt/d/Programming/Vietnamese-Text-Generator/airflow_env/lib/python3.10/site-packages/airflow/example_dags/example_external_task_marker_dag.py for tasks to queue
[2024-05-24T17:04:12.637+0700] {logging_mixin.py:188} INFO - [2024-05-24T17:04:12.633+0700] {dagbag.py:540} INFO - Filling up the DagBag from /mnt/d/Programming/Vietnamese-Text-Generator/airflow_env/lib/python3.10/site-packages/airflow/example_dags/example_external_task_marker_dag.py
[2024-05-24T17:04:12.730+0700] {processor.py:840} INFO - DAG(s) 'example_external_task_marker_child', 'example_external_task_marker_parent' retrieved from /mnt/d/Programming/Vietnamese-Text-Generator/airflow_env/lib/python3.10/site-packages/airflow/example_dags/example_external_task_marker_dag.py
[2024-05-24T17:04:12.844+0700] {logging_mixin.py:188} INFO - [2024-05-24T17:04:12.840+0700] {dag.py:3096} INFO - Sync 2 DAGs
[2024-05-24T17:04:12.895+0700] {logging_mixin.py:188} INFO - [2024-05-24T17:04:12.891+0700] {dag.py:3954} INFO - Setting next_dagrun for example_external_task_marker_child to None, run_after=None
[2024-05-24T17:04:12.916+0700] {logging_mixin.py:188} INFO - [2024-05-24T17:04:12.913+0700] {dag.py:3954} INFO - Setting next_dagrun for example_external_task_marker_parent to None, run_after=None
[2024-05-24T17:04:13.090+0700] {processor.py:183} INFO - Processing /mnt/d/Programming/Vietnamese-Text-Generator/airflow_env/lib/python3.10/site-packages/airflow/example_dags/example_external_task_marker_dag.py took 0.514 seconds
[2024-05-24T17:06:29.759+0700] {processor.py:161} INFO - Started process (PID=3132) to work on /mnt/d/Programming/Vietnamese-Text-Generator/airflow_env/lib/python3.10/site-packages/airflow/example_dags/example_external_task_marker_dag.py
[2024-05-24T17:06:29.766+0700] {processor.py:830} INFO - Processing file /mnt/d/Programming/Vietnamese-Text-Generator/airflow_env/lib/python3.10/site-packages/airflow/example_dags/example_external_task_marker_dag.py for tasks to queue
[2024-05-24T17:06:29.779+0700] {logging_mixin.py:188} INFO - [2024-05-24T17:06:29.775+0700] {dagbag.py:540} INFO - Filling up the DagBag from /mnt/d/Programming/Vietnamese-Text-Generator/airflow_env/lib/python3.10/site-packages/airflow/example_dags/example_external_task_marker_dag.py
[2024-05-24T17:06:29.878+0700] {processor.py:840} INFO - DAG(s) 'example_external_task_marker_child', 'example_external_task_marker_parent' retrieved from /mnt/d/Programming/Vietnamese-Text-Generator/airflow_env/lib/python3.10/site-packages/airflow/example_dags/example_external_task_marker_dag.py
[2024-05-24T17:06:30.003+0700] {logging_mixin.py:188} INFO - [2024-05-24T17:06:29.999+0700] {dag.py:3096} INFO - Sync 2 DAGs
[2024-05-24T17:06:30.061+0700] {logging_mixin.py:188} INFO - [2024-05-24T17:06:30.057+0700] {dag.py:3954} INFO - Setting next_dagrun for example_external_task_marker_child to None, run_after=None
[2024-05-24T17:06:30.088+0700] {logging_mixin.py:188} INFO - [2024-05-24T17:06:30.084+0700] {dag.py:3954} INFO - Setting next_dagrun for example_external_task_marker_parent to None, run_after=None
[2024-05-24T17:06:30.304+0700] {processor.py:183} INFO - Processing /mnt/d/Programming/Vietnamese-Text-Generator/airflow_env/lib/python3.10/site-packages/airflow/example_dags/example_external_task_marker_dag.py took 0.598 seconds
[2024-05-24T17:08:38.841+0700] {processor.py:161} INFO - Started process (PID=3699) to work on /mnt/d/Programming/Vietnamese-Text-Generator/airflow_env/lib/python3.10/site-packages/airflow/example_dags/example_external_task_marker_dag.py
[2024-05-24T17:08:38.847+0700] {processor.py:830} INFO - Processing file /mnt/d/Programming/Vietnamese-Text-Generator/airflow_env/lib/python3.10/site-packages/airflow/example_dags/example_external_task_marker_dag.py for tasks to queue
[2024-05-24T17:08:38.859+0700] {logging_mixin.py:188} INFO - [2024-05-24T17:08:38.855+0700] {dagbag.py:540} INFO - Filling up the DagBag from /mnt/d/Programming/Vietnamese-Text-Generator/airflow_env/lib/python3.10/site-packages/airflow/example_dags/example_external_task_marker_dag.py
[2024-05-24T17:08:38.936+0700] {processor.py:840} INFO - DAG(s) 'example_external_task_marker_child', 'example_external_task_marker_parent' retrieved from /mnt/d/Programming/Vietnamese-Text-Generator/airflow_env/lib/python3.10/site-packages/airflow/example_dags/example_external_task_marker_dag.py
[2024-05-24T17:08:39.045+0700] {logging_mixin.py:188} INFO - [2024-05-24T17:08:39.041+0700] {dag.py:3096} INFO - Sync 2 DAGs
[2024-05-24T17:08:39.085+0700] {logging_mixin.py:188} INFO - [2024-05-24T17:08:39.083+0700] {dag.py:3954} INFO - Setting next_dagrun for example_external_task_marker_child to None, run_after=None
[2024-05-24T17:08:39.100+0700] {logging_mixin.py:188} INFO - [2024-05-24T17:08:39.097+0700] {dag.py:3954} INFO - Setting next_dagrun for example_external_task_marker_parent to None, run_after=None
[2024-05-24T17:08:39.220+0700] {processor.py:183} INFO - Processing /mnt/d/Programming/Vietnamese-Text-Generator/airflow_env/lib/python3.10/site-packages/airflow/example_dags/example_external_task_marker_dag.py took 0.427 seconds
[2024-05-24T17:10:57.032+0700] {processor.py:161} INFO - Started process (PID=4302) to work on /mnt/d/Programming/Vietnamese-Text-Generator/airflow_env/lib/python3.10/site-packages/airflow/example_dags/example_external_task_marker_dag.py
[2024-05-24T17:10:57.038+0700] {processor.py:830} INFO - Processing file /mnt/d/Programming/Vietnamese-Text-Generator/airflow_env/lib/python3.10/site-packages/airflow/example_dags/example_external_task_marker_dag.py for tasks to queue
[2024-05-24T17:10:57.050+0700] {logging_mixin.py:188} INFO - [2024-05-24T17:10:57.046+0700] {dagbag.py:540} INFO - Filling up the DagBag from /mnt/d/Programming/Vietnamese-Text-Generator/airflow_env/lib/python3.10/site-packages/airflow/example_dags/example_external_task_marker_dag.py
[2024-05-24T17:10:57.138+0700] {processor.py:840} INFO - DAG(s) 'example_external_task_marker_parent', 'example_external_task_marker_child' retrieved from /mnt/d/Programming/Vietnamese-Text-Generator/airflow_env/lib/python3.10/site-packages/airflow/example_dags/example_external_task_marker_dag.py
[2024-05-24T17:10:57.253+0700] {logging_mixin.py:188} INFO - [2024-05-24T17:10:57.250+0700] {dag.py:3096} INFO - Sync 2 DAGs
[2024-05-24T17:10:57.308+0700] {logging_mixin.py:188} INFO - [2024-05-24T17:10:57.305+0700] {dag.py:3954} INFO - Setting next_dagrun for example_external_task_marker_child to None, run_after=None
[2024-05-24T17:10:57.331+0700] {logging_mixin.py:188} INFO - [2024-05-24T17:10:57.327+0700] {dag.py:3954} INFO - Setting next_dagrun for example_external_task_marker_parent to None, run_after=None
[2024-05-24T17:10:57.535+0700] {processor.py:183} INFO - Processing /mnt/d/Programming/Vietnamese-Text-Generator/airflow_env/lib/python3.10/site-packages/airflow/example_dags/example_external_task_marker_dag.py took 0.542 seconds
[2024-05-24T17:13:18.805+0700] {processor.py:161} INFO - Started process (PID=4923) to work on /mnt/d/Programming/Vietnamese-Text-Generator/airflow_env/lib/python3.10/site-packages/airflow/example_dags/example_external_task_marker_dag.py
[2024-05-24T17:13:18.811+0700] {processor.py:830} INFO - Processing file /mnt/d/Programming/Vietnamese-Text-Generator/airflow_env/lib/python3.10/site-packages/airflow/example_dags/example_external_task_marker_dag.py for tasks to queue
[2024-05-24T17:13:18.820+0700] {logging_mixin.py:188} INFO - [2024-05-24T17:13:18.817+0700] {dagbag.py:540} INFO - Filling up the DagBag from /mnt/d/Programming/Vietnamese-Text-Generator/airflow_env/lib/python3.10/site-packages/airflow/example_dags/example_external_task_marker_dag.py
[2024-05-24T17:13:18.904+0700] {processor.py:840} INFO - DAG(s) 'example_external_task_marker_parent', 'example_external_task_marker_child' retrieved from /mnt/d/Programming/Vietnamese-Text-Generator/airflow_env/lib/python3.10/site-packages/airflow/example_dags/example_external_task_marker_dag.py
[2024-05-24T17:13:19.014+0700] {logging_mixin.py:188} INFO - [2024-05-24T17:13:19.011+0700] {dag.py:3096} INFO - Sync 2 DAGs
[2024-05-24T17:13:19.062+0700] {logging_mixin.py:188} INFO - [2024-05-24T17:13:19.059+0700] {dag.py:3954} INFO - Setting next_dagrun for example_external_task_marker_child to None, run_after=None
[2024-05-24T17:13:19.080+0700] {logging_mixin.py:188} INFO - [2024-05-24T17:13:19.077+0700] {dag.py:3954} INFO - Setting next_dagrun for example_external_task_marker_parent to None, run_after=None
[2024-05-24T17:13:19.256+0700] {processor.py:183} INFO - Processing /mnt/d/Programming/Vietnamese-Text-Generator/airflow_env/lib/python3.10/site-packages/airflow/example_dags/example_external_task_marker_dag.py took 0.490 seconds
[2024-05-24T17:15:33.557+0700] {processor.py:161} INFO - Started process (PID=5512) to work on /mnt/d/Programming/Vietnamese-Text-Generator/airflow_env/lib/python3.10/site-packages/airflow/example_dags/example_external_task_marker_dag.py
[2024-05-24T17:15:33.564+0700] {processor.py:830} INFO - Processing file /mnt/d/Programming/Vietnamese-Text-Generator/airflow_env/lib/python3.10/site-packages/airflow/example_dags/example_external_task_marker_dag.py for tasks to queue
[2024-05-24T17:15:33.575+0700] {logging_mixin.py:188} INFO - [2024-05-24T17:15:33.571+0700] {dagbag.py:540} INFO - Filling up the DagBag from /mnt/d/Programming/Vietnamese-Text-Generator/airflow_env/lib/python3.10/site-packages/airflow/example_dags/example_external_task_marker_dag.py
[2024-05-24T17:15:33.660+0700] {processor.py:840} INFO - DAG(s) 'example_external_task_marker_child', 'example_external_task_marker_parent' retrieved from /mnt/d/Programming/Vietnamese-Text-Generator/airflow_env/lib/python3.10/site-packages/airflow/example_dags/example_external_task_marker_dag.py
[2024-05-24T17:15:33.787+0700] {logging_mixin.py:188} INFO - [2024-05-24T17:15:33.786+0700] {dag.py:3096} INFO - Sync 2 DAGs
[2024-05-24T17:15:33.813+0700] {logging_mixin.py:188} INFO - [2024-05-24T17:15:33.812+0700] {dag.py:3954} INFO - Setting next_dagrun for example_external_task_marker_child to None, run_after=None
[2024-05-24T17:15:33.822+0700] {logging_mixin.py:188} INFO - [2024-05-24T17:15:33.821+0700] {dag.py:3954} INFO - Setting next_dagrun for example_external_task_marker_parent to None, run_after=None
[2024-05-24T17:15:33.889+0700] {processor.py:183} INFO - Processing /mnt/d/Programming/Vietnamese-Text-Generator/airflow_env/lib/python3.10/site-packages/airflow/example_dags/example_external_task_marker_dag.py took 0.374 seconds
[2024-05-24T17:17:58.074+0700] {processor.py:161} INFO - Started process (PID=6145) to work on /mnt/d/Programming/Vietnamese-Text-Generator/airflow_env/lib/python3.10/site-packages/airflow/example_dags/example_external_task_marker_dag.py
[2024-05-24T17:17:58.081+0700] {processor.py:830} INFO - Processing file /mnt/d/Programming/Vietnamese-Text-Generator/airflow_env/lib/python3.10/site-packages/airflow/example_dags/example_external_task_marker_dag.py for tasks to queue
[2024-05-24T17:17:58.097+0700] {logging_mixin.py:188} INFO - [2024-05-24T17:17:58.091+0700] {dagbag.py:540} INFO - Filling up the DagBag from /mnt/d/Programming/Vietnamese-Text-Generator/airflow_env/lib/python3.10/site-packages/airflow/example_dags/example_external_task_marker_dag.py
[2024-05-24T17:17:58.200+0700] {processor.py:840} INFO - DAG(s) 'example_external_task_marker_child', 'example_external_task_marker_parent' retrieved from /mnt/d/Programming/Vietnamese-Text-Generator/airflow_env/lib/python3.10/site-packages/airflow/example_dags/example_external_task_marker_dag.py
[2024-05-24T17:17:58.339+0700] {logging_mixin.py:188} INFO - [2024-05-24T17:17:58.336+0700] {dag.py:3096} INFO - Sync 2 DAGs
[2024-05-24T17:17:58.400+0700] {logging_mixin.py:188} INFO - [2024-05-24T17:17:58.397+0700] {dag.py:3954} INFO - Setting next_dagrun for example_external_task_marker_child to None, run_after=None
[2024-05-24T17:17:58.426+0700] {logging_mixin.py:188} INFO - [2024-05-24T17:17:58.423+0700] {dag.py:3954} INFO - Setting next_dagrun for example_external_task_marker_parent to None, run_after=None
[2024-05-24T17:17:58.664+0700] {processor.py:183} INFO - Processing /mnt/d/Programming/Vietnamese-Text-Generator/airflow_env/lib/python3.10/site-packages/airflow/example_dags/example_external_task_marker_dag.py took 0.651 seconds
[2024-05-24T17:20:15.846+0700] {processor.py:161} INFO - Started process (PID=6750) to work on /mnt/d/Programming/Vietnamese-Text-Generator/airflow_env/lib/python3.10/site-packages/airflow/example_dags/example_external_task_marker_dag.py
[2024-05-24T17:20:15.853+0700] {processor.py:830} INFO - Processing file /mnt/d/Programming/Vietnamese-Text-Generator/airflow_env/lib/python3.10/site-packages/airflow/example_dags/example_external_task_marker_dag.py for tasks to queue
[2024-05-24T17:20:15.866+0700] {logging_mixin.py:188} INFO - [2024-05-24T17:20:15.861+0700] {dagbag.py:540} INFO - Filling up the DagBag from /mnt/d/Programming/Vietnamese-Text-Generator/airflow_env/lib/python3.10/site-packages/airflow/example_dags/example_external_task_marker_dag.py
[2024-05-24T17:20:15.949+0700] {processor.py:840} INFO - DAG(s) 'example_external_task_marker_child', 'example_external_task_marker_parent' retrieved from /mnt/d/Programming/Vietnamese-Text-Generator/airflow_env/lib/python3.10/site-packages/airflow/example_dags/example_external_task_marker_dag.py
[2024-05-24T17:20:16.065+0700] {logging_mixin.py:188} INFO - [2024-05-24T17:20:16.062+0700] {dag.py:3096} INFO - Sync 2 DAGs
[2024-05-24T17:20:16.118+0700] {logging_mixin.py:188} INFO - [2024-05-24T17:20:16.115+0700] {dag.py:3954} INFO - Setting next_dagrun for example_external_task_marker_child to None, run_after=None
[2024-05-24T17:20:16.139+0700] {logging_mixin.py:188} INFO - [2024-05-24T17:20:16.136+0700] {dag.py:3954} INFO - Setting next_dagrun for example_external_task_marker_parent to None, run_after=None
[2024-05-24T17:20:16.333+0700] {processor.py:183} INFO - Processing /mnt/d/Programming/Vietnamese-Text-Generator/airflow_env/lib/python3.10/site-packages/airflow/example_dags/example_external_task_marker_dag.py took 0.531 seconds
[2024-05-24T17:22:31.597+0700] {processor.py:161} INFO - Started process (PID=7338) to work on /mnt/d/Programming/Vietnamese-Text-Generator/airflow_env/lib/python3.10/site-packages/airflow/example_dags/example_external_task_marker_dag.py
[2024-05-24T17:22:31.605+0700] {processor.py:830} INFO - Processing file /mnt/d/Programming/Vietnamese-Text-Generator/airflow_env/lib/python3.10/site-packages/airflow/example_dags/example_external_task_marker_dag.py for tasks to queue
[2024-05-24T17:22:31.618+0700] {logging_mixin.py:188} INFO - [2024-05-24T17:22:31.614+0700] {dagbag.py:540} INFO - Filling up the DagBag from /mnt/d/Programming/Vietnamese-Text-Generator/airflow_env/lib/python3.10/site-packages/airflow/example_dags/example_external_task_marker_dag.py
[2024-05-24T17:22:31.717+0700] {processor.py:840} INFO - DAG(s) 'example_external_task_marker_child', 'example_external_task_marker_parent' retrieved from /mnt/d/Programming/Vietnamese-Text-Generator/airflow_env/lib/python3.10/site-packages/airflow/example_dags/example_external_task_marker_dag.py
[2024-05-24T17:22:31.855+0700] {logging_mixin.py:188} INFO - [2024-05-24T17:22:31.851+0700] {dag.py:3096} INFO - Sync 2 DAGs
[2024-05-24T17:22:31.908+0700] {logging_mixin.py:188} INFO - [2024-05-24T17:22:31.905+0700] {dag.py:3954} INFO - Setting next_dagrun for example_external_task_marker_child to None, run_after=None
[2024-05-24T17:22:31.928+0700] {logging_mixin.py:188} INFO - [2024-05-24T17:22:31.926+0700] {dag.py:3954} INFO - Setting next_dagrun for example_external_task_marker_parent to None, run_after=None
[2024-05-24T17:22:32.113+0700] {processor.py:183} INFO - Processing /mnt/d/Programming/Vietnamese-Text-Generator/airflow_env/lib/python3.10/site-packages/airflow/example_dags/example_external_task_marker_dag.py took 0.565 seconds
[2024-05-24T17:24:37.019+0700] {processor.py:161} INFO - Started process (PID=7891) to work on /mnt/d/Programming/Vietnamese-Text-Generator/airflow_env/lib/python3.10/site-packages/airflow/example_dags/example_external_task_marker_dag.py
[2024-05-24T17:24:37.025+0700] {processor.py:830} INFO - Processing file /mnt/d/Programming/Vietnamese-Text-Generator/airflow_env/lib/python3.10/site-packages/airflow/example_dags/example_external_task_marker_dag.py for tasks to queue
[2024-05-24T17:24:37.036+0700] {logging_mixin.py:188} INFO - [2024-05-24T17:24:37.033+0700] {dagbag.py:540} INFO - Filling up the DagBag from /mnt/d/Programming/Vietnamese-Text-Generator/airflow_env/lib/python3.10/site-packages/airflow/example_dags/example_external_task_marker_dag.py
[2024-05-24T17:24:37.111+0700] {processor.py:840} INFO - DAG(s) 'example_external_task_marker_parent', 'example_external_task_marker_child' retrieved from /mnt/d/Programming/Vietnamese-Text-Generator/airflow_env/lib/python3.10/site-packages/airflow/example_dags/example_external_task_marker_dag.py
[2024-05-24T17:24:37.223+0700] {logging_mixin.py:188} INFO - [2024-05-24T17:24:37.220+0700] {dag.py:3096} INFO - Sync 2 DAGs
[2024-05-24T17:24:37.276+0700] {logging_mixin.py:188} INFO - [2024-05-24T17:24:37.273+0700] {dag.py:3954} INFO - Setting next_dagrun for example_external_task_marker_child to None, run_after=None
[2024-05-24T17:24:37.300+0700] {logging_mixin.py:188} INFO - [2024-05-24T17:24:37.297+0700] {dag.py:3954} INFO - Setting next_dagrun for example_external_task_marker_parent to None, run_after=None
[2024-05-24T17:24:37.511+0700] {processor.py:183} INFO - Processing /mnt/d/Programming/Vietnamese-Text-Generator/airflow_env/lib/python3.10/site-packages/airflow/example_dags/example_external_task_marker_dag.py took 0.539 seconds
[2024-05-24T17:47:50.078+0700] {processor.py:161} INFO - Started process (PID=8339) to work on /mnt/d/Programming/Vietnamese-Text-Generator/airflow_env/lib/python3.10/site-packages/airflow/example_dags/example_external_task_marker_dag.py
[2024-05-24T17:47:50.080+0700] {processor.py:830} INFO - Processing file /mnt/d/Programming/Vietnamese-Text-Generator/airflow_env/lib/python3.10/site-packages/airflow/example_dags/example_external_task_marker_dag.py for tasks to queue
[2024-05-24T17:47:50.084+0700] {logging_mixin.py:188} INFO - [2024-05-24T17:47:50.082+0700] {dagbag.py:540} INFO - Filling up the DagBag from /mnt/d/Programming/Vietnamese-Text-Generator/airflow_env/lib/python3.10/site-packages/airflow/example_dags/example_external_task_marker_dag.py
[2024-05-24T17:47:50.107+0700] {processor.py:840} INFO - DAG(s) 'example_external_task_marker_parent', 'example_external_task_marker_child' retrieved from /mnt/d/Programming/Vietnamese-Text-Generator/airflow_env/lib/python3.10/site-packages/airflow/example_dags/example_external_task_marker_dag.py
[2024-05-24T17:47:50.150+0700] {logging_mixin.py:188} INFO - [2024-05-24T17:47:50.148+0700] {dag.py:3096} INFO - Sync 2 DAGs
[2024-05-24T17:47:50.167+0700] {logging_mixin.py:188} INFO - [2024-05-24T17:47:50.166+0700] {dag.py:3954} INFO - Setting next_dagrun for example_external_task_marker_child to None, run_after=None
[2024-05-24T17:47:50.176+0700] {logging_mixin.py:188} INFO - [2024-05-24T17:47:50.174+0700] {dag.py:3954} INFO - Setting next_dagrun for example_external_task_marker_parent to None, run_after=None
[2024-05-24T17:47:50.240+0700] {processor.py:183} INFO - Processing /mnt/d/Programming/Vietnamese-Text-Generator/airflow_env/lib/python3.10/site-packages/airflow/example_dags/example_external_task_marker_dag.py took 0.173 seconds
[2024-05-24T17:49:40.654+0700] {processor.py:161} INFO - Started process (PID=8824) to work on /mnt/d/Programming/Vietnamese-Text-Generator/airflow_env/lib/python3.10/site-packages/airflow/example_dags/example_external_task_marker_dag.py
[2024-05-24T17:49:40.656+0700] {processor.py:830} INFO - Processing file /mnt/d/Programming/Vietnamese-Text-Generator/airflow_env/lib/python3.10/site-packages/airflow/example_dags/example_external_task_marker_dag.py for tasks to queue
[2024-05-24T17:49:40.661+0700] {logging_mixin.py:188} INFO - [2024-05-24T17:49:40.660+0700] {dagbag.py:540} INFO - Filling up the DagBag from /mnt/d/Programming/Vietnamese-Text-Generator/airflow_env/lib/python3.10/site-packages/airflow/example_dags/example_external_task_marker_dag.py
[2024-05-24T17:49:40.688+0700] {processor.py:840} INFO - DAG(s) 'example_external_task_marker_parent', 'example_external_task_marker_child' retrieved from /mnt/d/Programming/Vietnamese-Text-Generator/airflow_env/lib/python3.10/site-packages/airflow/example_dags/example_external_task_marker_dag.py
[2024-05-24T17:49:40.729+0700] {logging_mixin.py:188} INFO - [2024-05-24T17:49:40.728+0700] {dag.py:3096} INFO - Sync 2 DAGs
[2024-05-24T17:49:40.749+0700] {logging_mixin.py:188} INFO - [2024-05-24T17:49:40.748+0700] {dag.py:3954} INFO - Setting next_dagrun for example_external_task_marker_child to None, run_after=None
[2024-05-24T17:49:40.759+0700] {logging_mixin.py:188} INFO - [2024-05-24T17:49:40.757+0700] {dag.py:3954} INFO - Setting next_dagrun for example_external_task_marker_parent to None, run_after=None
[2024-05-24T17:49:40.835+0700] {processor.py:183} INFO - Processing /mnt/d/Programming/Vietnamese-Text-Generator/airflow_env/lib/python3.10/site-packages/airflow/example_dags/example_external_task_marker_dag.py took 0.194 seconds
[2024-05-24T17:51:58.953+0700] {processor.py:161} INFO - Started process (PID=9428) to work on /mnt/d/Programming/Vietnamese-Text-Generator/airflow_env/lib/python3.10/site-packages/airflow/example_dags/example_external_task_marker_dag.py
[2024-05-24T17:51:58.967+0700] {processor.py:830} INFO - Processing file /mnt/d/Programming/Vietnamese-Text-Generator/airflow_env/lib/python3.10/site-packages/airflow/example_dags/example_external_task_marker_dag.py for tasks to queue
[2024-05-24T17:51:58.977+0700] {logging_mixin.py:188} INFO - [2024-05-24T17:51:58.975+0700] {dagbag.py:540} INFO - Filling up the DagBag from /mnt/d/Programming/Vietnamese-Text-Generator/airflow_env/lib/python3.10/site-packages/airflow/example_dags/example_external_task_marker_dag.py
[2024-05-24T17:51:59.208+0700] {processor.py:840} INFO - DAG(s) 'example_external_task_marker_child', 'example_external_task_marker_parent' retrieved from /mnt/d/Programming/Vietnamese-Text-Generator/airflow_env/lib/python3.10/site-packages/airflow/example_dags/example_external_task_marker_dag.py
[2024-05-24T17:51:59.296+0700] {logging_mixin.py:188} INFO - [2024-05-24T17:51:59.293+0700] {dag.py:3096} INFO - Sync 2 DAGs
[2024-05-24T17:51:59.576+0700] {logging_mixin.py:188} INFO - [2024-05-24T17:51:59.551+0700] {dag.py:3954} INFO - Setting next_dagrun for example_external_task_marker_child to None, run_after=None
[2024-05-24T17:51:59.612+0700] {logging_mixin.py:188} INFO - [2024-05-24T17:51:59.608+0700] {dag.py:3954} INFO - Setting next_dagrun for example_external_task_marker_parent to None, run_after=None
[2024-05-24T17:51:59.948+0700] {processor.py:183} INFO - Processing /mnt/d/Programming/Vietnamese-Text-Generator/airflow_env/lib/python3.10/site-packages/airflow/example_dags/example_external_task_marker_dag.py took 1.024 seconds
[2024-05-24T17:54:12.695+0700] {processor.py:161} INFO - Started process (PID=10013) to work on /mnt/d/Programming/Vietnamese-Text-Generator/airflow_env/lib/python3.10/site-packages/airflow/example_dags/example_external_task_marker_dag.py
[2024-05-24T17:54:12.702+0700] {processor.py:830} INFO - Processing file /mnt/d/Programming/Vietnamese-Text-Generator/airflow_env/lib/python3.10/site-packages/airflow/example_dags/example_external_task_marker_dag.py for tasks to queue
[2024-05-24T17:54:12.715+0700] {logging_mixin.py:188} INFO - [2024-05-24T17:54:12.711+0700] {dagbag.py:540} INFO - Filling up the DagBag from /mnt/d/Programming/Vietnamese-Text-Generator/airflow_env/lib/python3.10/site-packages/airflow/example_dags/example_external_task_marker_dag.py
[2024-05-24T17:54:12.789+0700] {processor.py:840} INFO - DAG(s) 'example_external_task_marker_child', 'example_external_task_marker_parent' retrieved from /mnt/d/Programming/Vietnamese-Text-Generator/airflow_env/lib/python3.10/site-packages/airflow/example_dags/example_external_task_marker_dag.py
[2024-05-24T17:54:12.899+0700] {logging_mixin.py:188} INFO - [2024-05-24T17:54:12.897+0700] {dag.py:3096} INFO - Sync 2 DAGs
[2024-05-24T17:54:12.947+0700] {logging_mixin.py:188} INFO - [2024-05-24T17:54:12.944+0700] {dag.py:3954} INFO - Setting next_dagrun for example_external_task_marker_child to None, run_after=None
[2024-05-24T17:54:12.968+0700] {logging_mixin.py:188} INFO - [2024-05-24T17:54:12.966+0700] {dag.py:3954} INFO - Setting next_dagrun for example_external_task_marker_parent to None, run_after=None
[2024-05-24T17:54:13.150+0700] {processor.py:183} INFO - Processing /mnt/d/Programming/Vietnamese-Text-Generator/airflow_env/lib/python3.10/site-packages/airflow/example_dags/example_external_task_marker_dag.py took 0.515 seconds
[2024-05-24T17:56:28.580+0700] {processor.py:161} INFO - Started process (PID=10610) to work on /mnt/d/Programming/Vietnamese-Text-Generator/airflow_env/lib/python3.10/site-packages/airflow/example_dags/example_external_task_marker_dag.py
[2024-05-24T17:56:28.588+0700] {processor.py:830} INFO - Processing file /mnt/d/Programming/Vietnamese-Text-Generator/airflow_env/lib/python3.10/site-packages/airflow/example_dags/example_external_task_marker_dag.py for tasks to queue
[2024-05-24T17:56:28.600+0700] {logging_mixin.py:188} INFO - [2024-05-24T17:56:28.597+0700] {dagbag.py:540} INFO - Filling up the DagBag from /mnt/d/Programming/Vietnamese-Text-Generator/airflow_env/lib/python3.10/site-packages/airflow/example_dags/example_external_task_marker_dag.py
[2024-05-24T17:56:28.682+0700] {processor.py:840} INFO - DAG(s) 'example_external_task_marker_parent', 'example_external_task_marker_child' retrieved from /mnt/d/Programming/Vietnamese-Text-Generator/airflow_env/lib/python3.10/site-packages/airflow/example_dags/example_external_task_marker_dag.py
[2024-05-24T17:56:28.816+0700] {logging_mixin.py:188} INFO - [2024-05-24T17:56:28.812+0700] {dag.py:3096} INFO - Sync 2 DAGs
[2024-05-24T17:56:28.877+0700] {logging_mixin.py:188} INFO - [2024-05-24T17:56:28.874+0700] {dag.py:3954} INFO - Setting next_dagrun for example_external_task_marker_child to None, run_after=None
[2024-05-24T17:56:28.894+0700] {logging_mixin.py:188} INFO - [2024-05-24T17:56:28.892+0700] {dag.py:3954} INFO - Setting next_dagrun for example_external_task_marker_parent to None, run_after=None
[2024-05-24T17:56:29.067+0700] {processor.py:183} INFO - Processing /mnt/d/Programming/Vietnamese-Text-Generator/airflow_env/lib/python3.10/site-packages/airflow/example_dags/example_external_task_marker_dag.py took 0.535 seconds
[2024-05-24T17:58:46.896+0700] {processor.py:161} INFO - Started process (PID=11211) to work on /mnt/d/Programming/Vietnamese-Text-Generator/airflow_env/lib/python3.10/site-packages/airflow/example_dags/example_external_task_marker_dag.py
[2024-05-24T17:58:46.903+0700] {processor.py:830} INFO - Processing file /mnt/d/Programming/Vietnamese-Text-Generator/airflow_env/lib/python3.10/site-packages/airflow/example_dags/example_external_task_marker_dag.py for tasks to queue
[2024-05-24T17:58:46.914+0700] {logging_mixin.py:188} INFO - [2024-05-24T17:58:46.911+0700] {dagbag.py:540} INFO - Filling up the DagBag from /mnt/d/Programming/Vietnamese-Text-Generator/airflow_env/lib/python3.10/site-packages/airflow/example_dags/example_external_task_marker_dag.py
[2024-05-24T17:58:47.004+0700] {processor.py:840} INFO - DAG(s) 'example_external_task_marker_child', 'example_external_task_marker_parent' retrieved from /mnt/d/Programming/Vietnamese-Text-Generator/airflow_env/lib/python3.10/site-packages/airflow/example_dags/example_external_task_marker_dag.py
[2024-05-24T17:58:47.111+0700] {logging_mixin.py:188} INFO - [2024-05-24T17:58:47.108+0700] {dag.py:3096} INFO - Sync 2 DAGs
[2024-05-24T17:58:47.161+0700] {logging_mixin.py:188} INFO - [2024-05-24T17:58:47.157+0700] {dag.py:3954} INFO - Setting next_dagrun for example_external_task_marker_child to None, run_after=None
[2024-05-24T17:58:47.181+0700] {logging_mixin.py:188} INFO - [2024-05-24T17:58:47.177+0700] {dag.py:3954} INFO - Setting next_dagrun for example_external_task_marker_parent to None, run_after=None
[2024-05-24T17:58:47.356+0700] {processor.py:183} INFO - Processing /mnt/d/Programming/Vietnamese-Text-Generator/airflow_env/lib/python3.10/site-packages/airflow/example_dags/example_external_task_marker_dag.py took 0.504 seconds
[2024-05-24T18:01:04.428+0700] {processor.py:161} INFO - Started process (PID=11809) to work on /mnt/d/Programming/Vietnamese-Text-Generator/airflow_env/lib/python3.10/site-packages/airflow/example_dags/example_external_task_marker_dag.py
[2024-05-24T18:01:04.433+0700] {processor.py:830} INFO - Processing file /mnt/d/Programming/Vietnamese-Text-Generator/airflow_env/lib/python3.10/site-packages/airflow/example_dags/example_external_task_marker_dag.py for tasks to queue
[2024-05-24T18:01:04.442+0700] {logging_mixin.py:188} INFO - [2024-05-24T18:01:04.439+0700] {dagbag.py:540} INFO - Filling up the DagBag from /mnt/d/Programming/Vietnamese-Text-Generator/airflow_env/lib/python3.10/site-packages/airflow/example_dags/example_external_task_marker_dag.py
[2024-05-24T18:01:04.505+0700] {processor.py:840} INFO - DAG(s) 'example_external_task_marker_parent', 'example_external_task_marker_child' retrieved from /mnt/d/Programming/Vietnamese-Text-Generator/airflow_env/lib/python3.10/site-packages/airflow/example_dags/example_external_task_marker_dag.py
[2024-05-24T18:01:04.607+0700] {logging_mixin.py:188} INFO - [2024-05-24T18:01:04.605+0700] {dag.py:3096} INFO - Sync 2 DAGs
[2024-05-24T18:01:04.651+0700] {logging_mixin.py:188} INFO - [2024-05-24T18:01:04.649+0700] {dag.py:3954} INFO - Setting next_dagrun for example_external_task_marker_child to None, run_after=None
[2024-05-24T18:01:04.669+0700] {logging_mixin.py:188} INFO - [2024-05-24T18:01:04.667+0700] {dag.py:3954} INFO - Setting next_dagrun for example_external_task_marker_parent to None, run_after=None
[2024-05-24T18:01:04.823+0700] {processor.py:183} INFO - Processing /mnt/d/Programming/Vietnamese-Text-Generator/airflow_env/lib/python3.10/site-packages/airflow/example_dags/example_external_task_marker_dag.py took 0.436 seconds
[2024-05-24T18:03:27.617+0700] {processor.py:161} INFO - Started process (PID=12433) to work on /mnt/d/Programming/Vietnamese-Text-Generator/airflow_env/lib/python3.10/site-packages/airflow/example_dags/example_external_task_marker_dag.py
[2024-05-24T18:03:27.624+0700] {processor.py:830} INFO - Processing file /mnt/d/Programming/Vietnamese-Text-Generator/airflow_env/lib/python3.10/site-packages/airflow/example_dags/example_external_task_marker_dag.py for tasks to queue
[2024-05-24T18:03:27.635+0700] {logging_mixin.py:188} INFO - [2024-05-24T18:03:27.631+0700] {dagbag.py:540} INFO - Filling up the DagBag from /mnt/d/Programming/Vietnamese-Text-Generator/airflow_env/lib/python3.10/site-packages/airflow/example_dags/example_external_task_marker_dag.py
[2024-05-24T18:03:27.724+0700] {processor.py:840} INFO - DAG(s) 'example_external_task_marker_parent', 'example_external_task_marker_child' retrieved from /mnt/d/Programming/Vietnamese-Text-Generator/airflow_env/lib/python3.10/site-packages/airflow/example_dags/example_external_task_marker_dag.py
[2024-05-24T18:03:27.843+0700] {logging_mixin.py:188} INFO - [2024-05-24T18:03:27.836+0700] {dag.py:3096} INFO - Sync 2 DAGs
[2024-05-24T18:03:27.888+0700] {logging_mixin.py:188} INFO - [2024-05-24T18:03:27.886+0700] {dag.py:3954} INFO - Setting next_dagrun for example_external_task_marker_child to None, run_after=None
[2024-05-24T18:03:27.905+0700] {logging_mixin.py:188} INFO - [2024-05-24T18:03:27.903+0700] {dag.py:3954} INFO - Setting next_dagrun for example_external_task_marker_parent to None, run_after=None
[2024-05-24T18:03:28.058+0700] {processor.py:183} INFO - Processing /mnt/d/Programming/Vietnamese-Text-Generator/airflow_env/lib/python3.10/site-packages/airflow/example_dags/example_external_task_marker_dag.py took 0.486 seconds
