[2024-05-24T17:01:47.027+0700] {processor.py:161} INFO - Started process (PID=1828) to work on /mnt/d/Programming/Vietnamese-Text-Generator/airflow_env/lib/python3.10/site-packages/airflow/example_dags/example_short_circuit_decorator.py
[2024-05-24T17:01:47.033+0700] {processor.py:830} INFO - Processing file /mnt/d/Programming/Vietnamese-Text-Generator/airflow_env/lib/python3.10/site-packages/airflow/example_dags/example_short_circuit_decorator.py for tasks to queue
[2024-05-24T17:01:47.043+0700] {logging_mixin.py:188} INFO - [2024-05-24T17:01:47.040+0700] {dagbag.py:540} INFO - Filling up the DagBag from /mnt/d/Programming/Vietnamese-Text-Generator/airflow_env/lib/python3.10/site-packages/airflow/example_dags/example_short_circuit_decorator.py
[2024-05-24T17:01:47.124+0700] {processor.py:840} INFO - DAG(s) 'example_short_circuit_decorator' retrieved from /mnt/d/Programming/Vietnamese-Text-Generator/airflow_env/lib/python3.10/site-packages/airflow/example_dags/example_short_circuit_decorator.py
[2024-05-24T17:01:47.239+0700] {logging_mixin.py:188} INFO - [2024-05-24T17:01:47.236+0700] {dag.py:3096} INFO - Sync 1 DAGs
[2024-05-24T17:01:47.339+0700] {logging_mixin.py:188} INFO - [2024-05-24T17:01:47.336+0700] {dag.py:3954} INFO - Setting next_dagrun for example_short_circuit_decorator to 2024-05-23 00:00:00+00:00, run_after=2024-05-24 00:00:00+00:00
[2024-05-24T17:01:47.548+0700] {processor.py:183} INFO - Processing /mnt/d/Programming/Vietnamese-Text-Generator/airflow_env/lib/python3.10/site-packages/airflow/example_dags/example_short_circuit_decorator.py took 0.559 seconds
[2024-05-24T17:03:45.454+0700] {processor.py:161} INFO - Started process (PID=2335) to work on /mnt/d/Programming/Vietnamese-Text-Generator/airflow_env/lib/python3.10/site-packages/airflow/example_dags/example_short_circuit_decorator.py
[2024-05-24T17:03:45.460+0700] {processor.py:830} INFO - Processing file /mnt/d/Programming/Vietnamese-Text-Generator/airflow_env/lib/python3.10/site-packages/airflow/example_dags/example_short_circuit_decorator.py for tasks to queue
[2024-05-24T17:03:45.470+0700] {logging_mixin.py:188} INFO - [2024-05-24T17:03:45.467+0700] {dagbag.py:540} INFO - Filling up the DagBag from /mnt/d/Programming/Vietnamese-Text-Generator/airflow_env/lib/python3.10/site-packages/airflow/example_dags/example_short_circuit_decorator.py
[2024-05-24T17:03:45.552+0700] {processor.py:840} INFO - DAG(s) 'example_short_circuit_decorator' retrieved from /mnt/d/Programming/Vietnamese-Text-Generator/airflow_env/lib/python3.10/site-packages/airflow/example_dags/example_short_circuit_decorator.py
[2024-05-24T17:03:45.657+0700] {logging_mixin.py:188} INFO - [2024-05-24T17:03:45.653+0700] {dag.py:3096} INFO - Sync 1 DAGs
[2024-05-24T17:03:45.761+0700] {logging_mixin.py:188} INFO - [2024-05-24T17:03:45.758+0700] {dag.py:3954} INFO - Setting next_dagrun for example_short_circuit_decorator to 2024-05-23 00:00:00+00:00, run_after=2024-05-24 00:00:00+00:00
[2024-05-24T17:03:45.971+0700] {processor.py:183} INFO - Processing /mnt/d/Programming/Vietnamese-Text-Generator/airflow_env/lib/python3.10/site-packages/airflow/example_dags/example_short_circuit_decorator.py took 0.555 seconds
[2024-05-24T17:04:59.583+0700] {processor.py:161} INFO - Started process (PID=2659) to work on /mnt/d/Programming/Vietnamese-Text-Generator/airflow_env/lib/python3.10/site-packages/airflow/example_dags/example_short_circuit_decorator.py
[2024-05-24T17:04:59.590+0700] {processor.py:830} INFO - Processing file /mnt/d/Programming/Vietnamese-Text-Generator/airflow_env/lib/python3.10/site-packages/airflow/example_dags/example_short_circuit_decorator.py for tasks to queue
[2024-05-24T17:04:59.602+0700] {logging_mixin.py:188} INFO - [2024-05-24T17:04:59.598+0700] {dagbag.py:540} INFO - Filling up the DagBag from /mnt/d/Programming/Vietnamese-Text-Generator/airflow_env/lib/python3.10/site-packages/airflow/example_dags/example_short_circuit_decorator.py
[2024-05-24T17:04:59.695+0700] {processor.py:840} INFO - DAG(s) 'example_short_circuit_decorator' retrieved from /mnt/d/Programming/Vietnamese-Text-Generator/airflow_env/lib/python3.10/site-packages/airflow/example_dags/example_short_circuit_decorator.py
[2024-05-24T17:04:59.803+0700] {logging_mixin.py:188} INFO - [2024-05-24T17:04:59.800+0700] {dag.py:3096} INFO - Sync 1 DAGs
[2024-05-24T17:04:59.906+0700] {logging_mixin.py:188} INFO - [2024-05-24T17:04:59.903+0700] {dag.py:3954} INFO - Setting next_dagrun for example_short_circuit_decorator to 2024-05-23 00:00:00+00:00, run_after=2024-05-24 00:00:00+00:00
[2024-05-24T17:05:00.088+0700] {processor.py:183} INFO - Processing /mnt/d/Programming/Vietnamese-Text-Generator/airflow_env/lib/python3.10/site-packages/airflow/example_dags/example_short_circuit_decorator.py took 0.551 seconds
[2024-05-24T17:07:15.917+0700] {processor.py:161} INFO - Started process (PID=3336) to work on /mnt/d/Programming/Vietnamese-Text-Generator/airflow_env/lib/python3.10/site-packages/airflow/example_dags/example_short_circuit_decorator.py
[2024-05-24T17:07:15.924+0700] {processor.py:830} INFO - Processing file /mnt/d/Programming/Vietnamese-Text-Generator/airflow_env/lib/python3.10/site-packages/airflow/example_dags/example_short_circuit_decorator.py for tasks to queue
[2024-05-24T17:07:15.937+0700] {logging_mixin.py:188} INFO - [2024-05-24T17:07:15.933+0700] {dagbag.py:540} INFO - Filling up the DagBag from /mnt/d/Programming/Vietnamese-Text-Generator/airflow_env/lib/python3.10/site-packages/airflow/example_dags/example_short_circuit_decorator.py
[2024-05-24T17:07:16.041+0700] {processor.py:840} INFO - DAG(s) 'example_short_circuit_decorator' retrieved from /mnt/d/Programming/Vietnamese-Text-Generator/airflow_env/lib/python3.10/site-packages/airflow/example_dags/example_short_circuit_decorator.py
[2024-05-24T17:07:16.146+0700] {logging_mixin.py:188} INFO - [2024-05-24T17:07:16.143+0700] {dag.py:3096} INFO - Sync 1 DAGs
[2024-05-24T17:07:16.252+0700] {logging_mixin.py:188} INFO - [2024-05-24T17:07:16.249+0700] {dag.py:3954} INFO - Setting next_dagrun for example_short_circuit_decorator to 2024-05-23 00:00:00+00:00, run_after=2024-05-24 00:00:00+00:00
[2024-05-24T17:07:16.467+0700] {processor.py:183} INFO - Processing /mnt/d/Programming/Vietnamese-Text-Generator/airflow_env/lib/python3.10/site-packages/airflow/example_dags/example_short_circuit_decorator.py took 0.599 seconds
[2024-05-24T17:09:26.522+0700] {processor.py:161} INFO - Started process (PID=3908) to work on /mnt/d/Programming/Vietnamese-Text-Generator/airflow_env/lib/python3.10/site-packages/airflow/example_dags/example_short_circuit_decorator.py
[2024-05-24T17:09:26.529+0700] {processor.py:830} INFO - Processing file /mnt/d/Programming/Vietnamese-Text-Generator/airflow_env/lib/python3.10/site-packages/airflow/example_dags/example_short_circuit_decorator.py for tasks to queue
[2024-05-24T17:09:26.542+0700] {logging_mixin.py:188} INFO - [2024-05-24T17:09:26.538+0700] {dagbag.py:540} INFO - Filling up the DagBag from /mnt/d/Programming/Vietnamese-Text-Generator/airflow_env/lib/python3.10/site-packages/airflow/example_dags/example_short_circuit_decorator.py
[2024-05-24T17:09:26.640+0700] {processor.py:840} INFO - DAG(s) 'example_short_circuit_decorator' retrieved from /mnt/d/Programming/Vietnamese-Text-Generator/airflow_env/lib/python3.10/site-packages/airflow/example_dags/example_short_circuit_decorator.py
[2024-05-24T17:09:26.744+0700] {logging_mixin.py:188} INFO - [2024-05-24T17:09:26.741+0700] {dag.py:3096} INFO - Sync 1 DAGs
[2024-05-24T17:09:26.856+0700] {logging_mixin.py:188} INFO - [2024-05-24T17:09:26.853+0700] {dag.py:3954} INFO - Setting next_dagrun for example_short_circuit_decorator to 2024-05-23 00:00:00+00:00, run_after=2024-05-24 00:00:00+00:00
[2024-05-24T17:09:27.051+0700] {processor.py:183} INFO - Processing /mnt/d/Programming/Vietnamese-Text-Generator/airflow_env/lib/python3.10/site-packages/airflow/example_dags/example_short_circuit_decorator.py took 0.578 seconds
[2024-05-24T17:11:47.308+0700] {processor.py:161} INFO - Started process (PID=4525) to work on /mnt/d/Programming/Vietnamese-Text-Generator/airflow_env/lib/python3.10/site-packages/airflow/example_dags/example_short_circuit_decorator.py
[2024-05-24T17:11:47.315+0700] {processor.py:830} INFO - Processing file /mnt/d/Programming/Vietnamese-Text-Generator/airflow_env/lib/python3.10/site-packages/airflow/example_dags/example_short_circuit_decorator.py for tasks to queue
[2024-05-24T17:11:47.328+0700] {logging_mixin.py:188} INFO - [2024-05-24T17:11:47.324+0700] {dagbag.py:540} INFO - Filling up the DagBag from /mnt/d/Programming/Vietnamese-Text-Generator/airflow_env/lib/python3.10/site-packages/airflow/example_dags/example_short_circuit_decorator.py
[2024-05-24T17:11:47.440+0700] {processor.py:840} INFO - DAG(s) 'example_short_circuit_decorator' retrieved from /mnt/d/Programming/Vietnamese-Text-Generator/airflow_env/lib/python3.10/site-packages/airflow/example_dags/example_short_circuit_decorator.py
[2024-05-24T17:11:47.554+0700] {logging_mixin.py:188} INFO - [2024-05-24T17:11:47.550+0700] {dag.py:3096} INFO - Sync 1 DAGs
[2024-05-24T17:11:47.669+0700] {logging_mixin.py:188} INFO - [2024-05-24T17:11:47.665+0700] {dag.py:3954} INFO - Setting next_dagrun for example_short_circuit_decorator to 2024-05-23 00:00:00+00:00, run_after=2024-05-24 00:00:00+00:00
[2024-05-24T17:11:47.888+0700] {processor.py:183} INFO - Processing /mnt/d/Programming/Vietnamese-Text-Generator/airflow_env/lib/python3.10/site-packages/airflow/example_dags/example_short_circuit_decorator.py took 0.628 seconds
[2024-05-24T17:12:57.304+0700] {processor.py:161} INFO - Started process (PID=4827) to work on /mnt/d/Programming/Vietnamese-Text-Generator/airflow_env/lib/python3.10/site-packages/airflow/example_dags/example_short_circuit_decorator.py
[2024-05-24T17:12:57.310+0700] {processor.py:830} INFO - Processing file /mnt/d/Programming/Vietnamese-Text-Generator/airflow_env/lib/python3.10/site-packages/airflow/example_dags/example_short_circuit_decorator.py for tasks to queue
[2024-05-24T17:12:57.320+0700] {logging_mixin.py:188} INFO - [2024-05-24T17:12:57.317+0700] {dagbag.py:540} INFO - Filling up the DagBag from /mnt/d/Programming/Vietnamese-Text-Generator/airflow_env/lib/python3.10/site-packages/airflow/example_dags/example_short_circuit_decorator.py
[2024-05-24T17:12:57.402+0700] {processor.py:840} INFO - DAG(s) 'example_short_circuit_decorator' retrieved from /mnt/d/Programming/Vietnamese-Text-Generator/airflow_env/lib/python3.10/site-packages/airflow/example_dags/example_short_circuit_decorator.py
[2024-05-24T17:12:57.495+0700] {logging_mixin.py:188} INFO - [2024-05-24T17:12:57.491+0700] {dag.py:3096} INFO - Sync 1 DAGs
[2024-05-24T17:12:57.587+0700] {logging_mixin.py:188} INFO - [2024-05-24T17:12:57.584+0700] {dag.py:3954} INFO - Setting next_dagrun for example_short_circuit_decorator to 2024-05-23 00:00:00+00:00, run_after=2024-05-24 00:00:00+00:00
[2024-05-24T17:12:57.768+0700] {processor.py:183} INFO - Processing /mnt/d/Programming/Vietnamese-Text-Generator/airflow_env/lib/python3.10/site-packages/airflow/example_dags/example_short_circuit_decorator.py took 0.502 seconds
[2024-05-24T17:15:12.191+0700] {processor.py:161} INFO - Started process (PID=5418) to work on /mnt/d/Programming/Vietnamese-Text-Generator/airflow_env/lib/python3.10/site-packages/airflow/example_dags/example_short_circuit_decorator.py
[2024-05-24T17:15:12.197+0700] {processor.py:830} INFO - Processing file /mnt/d/Programming/Vietnamese-Text-Generator/airflow_env/lib/python3.10/site-packages/airflow/example_dags/example_short_circuit_decorator.py for tasks to queue
[2024-05-24T17:15:12.209+0700] {logging_mixin.py:188} INFO - [2024-05-24T17:15:12.205+0700] {dagbag.py:540} INFO - Filling up the DagBag from /mnt/d/Programming/Vietnamese-Text-Generator/airflow_env/lib/python3.10/site-packages/airflow/example_dags/example_short_circuit_decorator.py
[2024-05-24T17:15:12.309+0700] {processor.py:840} INFO - DAG(s) 'example_short_circuit_decorator' retrieved from /mnt/d/Programming/Vietnamese-Text-Generator/airflow_env/lib/python3.10/site-packages/airflow/example_dags/example_short_circuit_decorator.py
[2024-05-24T17:15:12.401+0700] {logging_mixin.py:188} INFO - [2024-05-24T17:15:12.399+0700] {dag.py:3096} INFO - Sync 1 DAGs
[2024-05-24T17:15:12.499+0700] {logging_mixin.py:188} INFO - [2024-05-24T17:15:12.496+0700] {dag.py:3954} INFO - Setting next_dagrun for example_short_circuit_decorator to 2024-05-23 00:00:00+00:00, run_after=2024-05-24 00:00:00+00:00
[2024-05-24T17:15:12.681+0700] {processor.py:183} INFO - Processing /mnt/d/Programming/Vietnamese-Text-Generator/airflow_env/lib/python3.10/site-packages/airflow/example_dags/example_short_circuit_decorator.py took 0.539 seconds
[2024-05-24T17:17:35.881+0700] {processor.py:161} INFO - Started process (PID=6047) to work on /mnt/d/Programming/Vietnamese-Text-Generator/airflow_env/lib/python3.10/site-packages/airflow/example_dags/example_short_circuit_decorator.py
[2024-05-24T17:17:35.887+0700] {processor.py:830} INFO - Processing file /mnt/d/Programming/Vietnamese-Text-Generator/airflow_env/lib/python3.10/site-packages/airflow/example_dags/example_short_circuit_decorator.py for tasks to queue
[2024-05-24T17:17:35.897+0700] {logging_mixin.py:188} INFO - [2024-05-24T17:17:35.894+0700] {dagbag.py:540} INFO - Filling up the DagBag from /mnt/d/Programming/Vietnamese-Text-Generator/airflow_env/lib/python3.10/site-packages/airflow/example_dags/example_short_circuit_decorator.py
[2024-05-24T17:17:35.984+0700] {processor.py:840} INFO - DAG(s) 'example_short_circuit_decorator' retrieved from /mnt/d/Programming/Vietnamese-Text-Generator/airflow_env/lib/python3.10/site-packages/airflow/example_dags/example_short_circuit_decorator.py
[2024-05-24T17:17:36.087+0700] {logging_mixin.py:188} INFO - [2024-05-24T17:17:36.084+0700] {dag.py:3096} INFO - Sync 1 DAGs
[2024-05-24T17:17:36.191+0700] {logging_mixin.py:188} INFO - [2024-05-24T17:17:36.188+0700] {dag.py:3954} INFO - Setting next_dagrun for example_short_circuit_decorator to 2024-05-23 00:00:00+00:00, run_after=2024-05-24 00:00:00+00:00
[2024-05-24T17:17:36.400+0700] {processor.py:183} INFO - Processing /mnt/d/Programming/Vietnamese-Text-Generator/airflow_env/lib/python3.10/site-packages/airflow/example_dags/example_short_circuit_decorator.py took 0.559 seconds
[2024-05-24T17:18:48.260+0700] {processor.py:161} INFO - Started process (PID=6364) to work on /mnt/d/Programming/Vietnamese-Text-Generator/airflow_env/lib/python3.10/site-packages/airflow/example_dags/example_short_circuit_decorator.py
[2024-05-24T17:18:48.264+0700] {processor.py:830} INFO - Processing file /mnt/d/Programming/Vietnamese-Text-Generator/airflow_env/lib/python3.10/site-packages/airflow/example_dags/example_short_circuit_decorator.py for tasks to queue
[2024-05-24T17:18:48.271+0700] {logging_mixin.py:188} INFO - [2024-05-24T17:18:48.269+0700] {dagbag.py:540} INFO - Filling up the DagBag from /mnt/d/Programming/Vietnamese-Text-Generator/airflow_env/lib/python3.10/site-packages/airflow/example_dags/example_short_circuit_decorator.py
[2024-05-24T17:18:48.326+0700] {processor.py:840} INFO - DAG(s) 'example_short_circuit_decorator' retrieved from /mnt/d/Programming/Vietnamese-Text-Generator/airflow_env/lib/python3.10/site-packages/airflow/example_dags/example_short_circuit_decorator.py
[2024-05-24T17:18:48.384+0700] {logging_mixin.py:188} INFO - [2024-05-24T17:18:48.383+0700] {dag.py:3096} INFO - Sync 1 DAGs
[2024-05-24T17:18:48.420+0700] {logging_mixin.py:188} INFO - [2024-05-24T17:18:48.419+0700] {dag.py:3954} INFO - Setting next_dagrun for example_short_circuit_decorator to 2024-05-23 00:00:00+00:00, run_after=2024-05-24 00:00:00+00:00
[2024-05-24T17:18:48.507+0700] {processor.py:183} INFO - Processing /mnt/d/Programming/Vietnamese-Text-Generator/airflow_env/lib/python3.10/site-packages/airflow/example_dags/example_short_circuit_decorator.py took 0.278 seconds
[2024-05-24T17:21:05.162+0700] {processor.py:161} INFO - Started process (PID=6963) to work on /mnt/d/Programming/Vietnamese-Text-Generator/airflow_env/lib/python3.10/site-packages/airflow/example_dags/example_short_circuit_decorator.py
[2024-05-24T17:21:05.173+0700] {processor.py:830} INFO - Processing file /mnt/d/Programming/Vietnamese-Text-Generator/airflow_env/lib/python3.10/site-packages/airflow/example_dags/example_short_circuit_decorator.py for tasks to queue
[2024-05-24T17:21:05.193+0700] {logging_mixin.py:188} INFO - [2024-05-24T17:21:05.187+0700] {dagbag.py:540} INFO - Filling up the DagBag from /mnt/d/Programming/Vietnamese-Text-Generator/airflow_env/lib/python3.10/site-packages/airflow/example_dags/example_short_circuit_decorator.py
[2024-05-24T17:21:05.276+0700] {processor.py:840} INFO - DAG(s) 'example_short_circuit_decorator' retrieved from /mnt/d/Programming/Vietnamese-Text-Generator/airflow_env/lib/python3.10/site-packages/airflow/example_dags/example_short_circuit_decorator.py
[2024-05-24T17:21:05.345+0700] {logging_mixin.py:188} INFO - [2024-05-24T17:21:05.343+0700] {dag.py:3096} INFO - Sync 1 DAGs
[2024-05-24T17:21:05.428+0700] {logging_mixin.py:188} INFO - [2024-05-24T17:21:05.425+0700] {dag.py:3954} INFO - Setting next_dagrun for example_short_circuit_decorator to 2024-05-23 00:00:00+00:00, run_after=2024-05-24 00:00:00+00:00
[2024-05-24T17:21:05.606+0700] {processor.py:183} INFO - Processing /mnt/d/Programming/Vietnamese-Text-Generator/airflow_env/lib/python3.10/site-packages/airflow/example_dags/example_short_circuit_decorator.py took 0.507 seconds
[2024-05-24T17:23:17.063+0700] {processor.py:161} INFO - Started process (PID=7539) to work on /mnt/d/Programming/Vietnamese-Text-Generator/airflow_env/lib/python3.10/site-packages/airflow/example_dags/example_short_circuit_decorator.py
[2024-05-24T17:23:17.065+0700] {processor.py:830} INFO - Processing file /mnt/d/Programming/Vietnamese-Text-Generator/airflow_env/lib/python3.10/site-packages/airflow/example_dags/example_short_circuit_decorator.py for tasks to queue
[2024-05-24T17:23:17.070+0700] {logging_mixin.py:188} INFO - [2024-05-24T17:23:17.069+0700] {dagbag.py:540} INFO - Filling up the DagBag from /mnt/d/Programming/Vietnamese-Text-Generator/airflow_env/lib/python3.10/site-packages/airflow/example_dags/example_short_circuit_decorator.py
[2024-05-24T17:23:17.107+0700] {processor.py:840} INFO - DAG(s) 'example_short_circuit_decorator' retrieved from /mnt/d/Programming/Vietnamese-Text-Generator/airflow_env/lib/python3.10/site-packages/airflow/example_dags/example_short_circuit_decorator.py
[2024-05-24T17:23:17.157+0700] {logging_mixin.py:188} INFO - [2024-05-24T17:23:17.156+0700] {dag.py:3096} INFO - Sync 1 DAGs
[2024-05-24T17:23:17.204+0700] {logging_mixin.py:188} INFO - [2024-05-24T17:23:17.203+0700] {dag.py:3954} INFO - Setting next_dagrun for example_short_circuit_decorator to 2024-05-23 00:00:00+00:00, run_after=2024-05-24 00:00:00+00:00
[2024-05-24T17:23:17.265+0700] {processor.py:183} INFO - Processing /mnt/d/Programming/Vietnamese-Text-Generator/airflow_env/lib/python3.10/site-packages/airflow/example_dags/example_short_circuit_decorator.py took 0.220 seconds
[2024-05-24T17:47:04.634+0700] {processor.py:161} INFO - Started process (PID=8116) to work on /mnt/d/Programming/Vietnamese-Text-Generator/airflow_env/lib/python3.10/site-packages/airflow/example_dags/example_short_circuit_decorator.py
[2024-05-24T17:47:04.636+0700] {processor.py:830} INFO - Processing file /mnt/d/Programming/Vietnamese-Text-Generator/airflow_env/lib/python3.10/site-packages/airflow/example_dags/example_short_circuit_decorator.py for tasks to queue
[2024-05-24T17:47:04.641+0700] {logging_mixin.py:188} INFO - [2024-05-24T17:47:04.640+0700] {dagbag.py:540} INFO - Filling up the DagBag from /mnt/d/Programming/Vietnamese-Text-Generator/airflow_env/lib/python3.10/site-packages/airflow/example_dags/example_short_circuit_decorator.py
[2024-05-24T17:47:04.663+0700] {processor.py:840} INFO - DAG(s) 'example_short_circuit_decorator' retrieved from /mnt/d/Programming/Vietnamese-Text-Generator/airflow_env/lib/python3.10/site-packages/airflow/example_dags/example_short_circuit_decorator.py
[2024-05-24T17:47:04.697+0700] {logging_mixin.py:188} INFO - [2024-05-24T17:47:04.696+0700] {dag.py:3096} INFO - Sync 1 DAGs
[2024-05-24T17:47:04.733+0700] {logging_mixin.py:188} INFO - [2024-05-24T17:47:04.732+0700] {dag.py:3954} INFO - Setting next_dagrun for example_short_circuit_decorator to 2024-05-23 00:00:00+00:00, run_after=2024-05-24 00:00:00+00:00
[2024-05-24T17:47:04.799+0700] {processor.py:183} INFO - Processing /mnt/d/Programming/Vietnamese-Text-Generator/airflow_env/lib/python3.10/site-packages/airflow/example_dags/example_short_circuit_decorator.py took 0.180 seconds
[2024-05-24T17:48:16.423+0700] {processor.py:161} INFO - Started process (PID=8456) to work on /mnt/d/Programming/Vietnamese-Text-Generator/airflow_env/lib/python3.10/site-packages/airflow/example_dags/example_short_circuit_decorator.py
[2024-05-24T17:48:16.430+0700] {processor.py:830} INFO - Processing file /mnt/d/Programming/Vietnamese-Text-Generator/airflow_env/lib/python3.10/site-packages/airflow/example_dags/example_short_circuit_decorator.py for tasks to queue
[2024-05-24T17:48:16.445+0700] {logging_mixin.py:188} INFO - [2024-05-24T17:48:16.439+0700] {dagbag.py:540} INFO - Filling up the DagBag from /mnt/d/Programming/Vietnamese-Text-Generator/airflow_env/lib/python3.10/site-packages/airflow/example_dags/example_short_circuit_decorator.py
[2024-05-24T17:48:16.554+0700] {processor.py:840} INFO - DAG(s) 'example_short_circuit_decorator' retrieved from /mnt/d/Programming/Vietnamese-Text-Generator/airflow_env/lib/python3.10/site-packages/airflow/example_dags/example_short_circuit_decorator.py
[2024-05-24T17:48:16.671+0700] {logging_mixin.py:188} INFO - [2024-05-24T17:48:16.667+0700] {dag.py:3096} INFO - Sync 1 DAGs
[2024-05-24T17:48:16.792+0700] {logging_mixin.py:188} INFO - [2024-05-24T17:48:16.788+0700] {dag.py:3954} INFO - Setting next_dagrun for example_short_circuit_decorator to 2024-05-23 00:00:00+00:00, run_after=2024-05-24 00:00:00+00:00
[2024-05-24T17:48:17.024+0700] {processor.py:183} INFO - Processing /mnt/d/Programming/Vietnamese-Text-Generator/airflow_env/lib/python3.10/site-packages/airflow/example_dags/example_short_circuit_decorator.py took 0.654 seconds
[2024-05-24T17:50:22.199+0700] {processor.py:161} INFO - Started process (PID=9009) to work on /mnt/d/Programming/Vietnamese-Text-Generator/airflow_env/lib/python3.10/site-packages/airflow/example_dags/example_short_circuit_decorator.py
[2024-05-24T17:50:22.205+0700] {processor.py:830} INFO - Processing file /mnt/d/Programming/Vietnamese-Text-Generator/airflow_env/lib/python3.10/site-packages/airflow/example_dags/example_short_circuit_decorator.py for tasks to queue
[2024-05-24T17:50:22.217+0700] {logging_mixin.py:188} INFO - [2024-05-24T17:50:22.213+0700] {dagbag.py:540} INFO - Filling up the DagBag from /mnt/d/Programming/Vietnamese-Text-Generator/airflow_env/lib/python3.10/site-packages/airflow/example_dags/example_short_circuit_decorator.py
[2024-05-24T17:50:22.312+0700] {processor.py:840} INFO - DAG(s) 'example_short_circuit_decorator' retrieved from /mnt/d/Programming/Vietnamese-Text-Generator/airflow_env/lib/python3.10/site-packages/airflow/example_dags/example_short_circuit_decorator.py
[2024-05-24T17:50:22.374+0700] {logging_mixin.py:188} INFO - [2024-05-24T17:50:22.372+0700] {dag.py:3096} INFO - Sync 1 DAGs
[2024-05-24T17:50:22.438+0700] {logging_mixin.py:188} INFO - [2024-05-24T17:50:22.435+0700] {dag.py:3954} INFO - Setting next_dagrun for example_short_circuit_decorator to 2024-05-23 00:00:00+00:00, run_after=2024-05-24 00:00:00+00:00
[2024-05-24T17:50:22.609+0700] {processor.py:183} INFO - Processing /mnt/d/Programming/Vietnamese-Text-Generator/airflow_env/lib/python3.10/site-packages/airflow/example_dags/example_short_circuit_decorator.py took 0.453 seconds
[2024-05-24T17:51:35.763+0700] {processor.py:161} INFO - Started process (PID=9326) to work on /mnt/d/Programming/Vietnamese-Text-Generator/airflow_env/lib/python3.10/site-packages/airflow/example_dags/example_short_circuit_decorator.py
[2024-05-24T17:51:35.770+0700] {processor.py:830} INFO - Processing file /mnt/d/Programming/Vietnamese-Text-Generator/airflow_env/lib/python3.10/site-packages/airflow/example_dags/example_short_circuit_decorator.py for tasks to queue
[2024-05-24T17:51:35.781+0700] {logging_mixin.py:188} INFO - [2024-05-24T17:51:35.777+0700] {dagbag.py:540} INFO - Filling up the DagBag from /mnt/d/Programming/Vietnamese-Text-Generator/airflow_env/lib/python3.10/site-packages/airflow/example_dags/example_short_circuit_decorator.py
[2024-05-24T17:51:35.873+0700] {processor.py:840} INFO - DAG(s) 'example_short_circuit_decorator' retrieved from /mnt/d/Programming/Vietnamese-Text-Generator/airflow_env/lib/python3.10/site-packages/airflow/example_dags/example_short_circuit_decorator.py
[2024-05-24T17:51:35.963+0700] {logging_mixin.py:188} INFO - [2024-05-24T17:51:35.961+0700] {dag.py:3096} INFO - Sync 1 DAGs
[2024-05-24T17:51:36.058+0700] {logging_mixin.py:188} INFO - [2024-05-24T17:51:36.055+0700] {dag.py:3954} INFO - Setting next_dagrun for example_short_circuit_decorator to 2024-05-23 00:00:00+00:00, run_after=2024-05-24 00:00:00+00:00
[2024-05-24T17:51:36.264+0700] {processor.py:183} INFO - Processing /mnt/d/Programming/Vietnamese-Text-Generator/airflow_env/lib/python3.10/site-packages/airflow/example_dags/example_short_circuit_decorator.py took 0.549 seconds
[2024-05-24T17:52:44.437+0700] {processor.py:161} INFO - Started process (PID=9631) to work on /mnt/d/Programming/Vietnamese-Text-Generator/airflow_env/lib/python3.10/site-packages/airflow/example_dags/example_short_circuit_decorator.py
[2024-05-24T17:52:44.443+0700] {processor.py:830} INFO - Processing file /mnt/d/Programming/Vietnamese-Text-Generator/airflow_env/lib/python3.10/site-packages/airflow/example_dags/example_short_circuit_decorator.py for tasks to queue
[2024-05-24T17:52:44.451+0700] {logging_mixin.py:188} INFO - [2024-05-24T17:52:44.449+0700] {dagbag.py:540} INFO - Filling up the DagBag from /mnt/d/Programming/Vietnamese-Text-Generator/airflow_env/lib/python3.10/site-packages/airflow/example_dags/example_short_circuit_decorator.py
[2024-05-24T17:52:44.500+0700] {processor.py:840} INFO - DAG(s) 'example_short_circuit_decorator' retrieved from /mnt/d/Programming/Vietnamese-Text-Generator/airflow_env/lib/python3.10/site-packages/airflow/example_dags/example_short_circuit_decorator.py
[2024-05-24T17:52:44.554+0700] {logging_mixin.py:188} INFO - [2024-05-24T17:52:44.553+0700] {dag.py:3096} INFO - Sync 1 DAGs
[2024-05-24T17:52:44.617+0700] {logging_mixin.py:188} INFO - [2024-05-24T17:52:44.616+0700] {dag.py:3954} INFO - Setting next_dagrun for example_short_circuit_decorator to 2024-05-23 00:00:00+00:00, run_after=2024-05-24 00:00:00+00:00
[2024-05-24T17:52:44.753+0700] {processor.py:183} INFO - Processing /mnt/d/Programming/Vietnamese-Text-Generator/airflow_env/lib/python3.10/site-packages/airflow/example_dags/example_short_circuit_decorator.py took 0.373 seconds
[2024-05-24T17:55:02.810+0700] {processor.py:161} INFO - Started process (PID=10234) to work on /mnt/d/Programming/Vietnamese-Text-Generator/airflow_env/lib/python3.10/site-packages/airflow/example_dags/example_short_circuit_decorator.py
[2024-05-24T17:55:02.817+0700] {processor.py:830} INFO - Processing file /mnt/d/Programming/Vietnamese-Text-Generator/airflow_env/lib/python3.10/site-packages/airflow/example_dags/example_short_circuit_decorator.py for tasks to queue
[2024-05-24T17:55:02.830+0700] {logging_mixin.py:188} INFO - [2024-05-24T17:55:02.826+0700] {dagbag.py:540} INFO - Filling up the DagBag from /mnt/d/Programming/Vietnamese-Text-Generator/airflow_env/lib/python3.10/site-packages/airflow/example_dags/example_short_circuit_decorator.py
[2024-05-24T17:55:02.936+0700] {processor.py:840} INFO - DAG(s) 'example_short_circuit_decorator' retrieved from /mnt/d/Programming/Vietnamese-Text-Generator/airflow_env/lib/python3.10/site-packages/airflow/example_dags/example_short_circuit_decorator.py
[2024-05-24T17:55:03.013+0700] {logging_mixin.py:188} INFO - [2024-05-24T17:55:03.009+0700] {dag.py:3096} INFO - Sync 1 DAGs
[2024-05-24T17:55:03.088+0700] {logging_mixin.py:188} INFO - [2024-05-24T17:55:03.086+0700] {dag.py:3954} INFO - Setting next_dagrun for example_short_circuit_decorator to 2024-05-23 00:00:00+00:00, run_after=2024-05-24 00:00:00+00:00
[2024-05-24T17:55:03.225+0700] {processor.py:183} INFO - Processing /mnt/d/Programming/Vietnamese-Text-Generator/airflow_env/lib/python3.10/site-packages/airflow/example_dags/example_short_circuit_decorator.py took 0.463 seconds
[2024-05-24T17:57:20.863+0700] {processor.py:161} INFO - Started process (PID=10835) to work on /mnt/d/Programming/Vietnamese-Text-Generator/airflow_env/lib/python3.10/site-packages/airflow/example_dags/example_short_circuit_decorator.py
[2024-05-24T17:57:20.869+0700] {processor.py:830} INFO - Processing file /mnt/d/Programming/Vietnamese-Text-Generator/airflow_env/lib/python3.10/site-packages/airflow/example_dags/example_short_circuit_decorator.py for tasks to queue
[2024-05-24T17:57:20.879+0700] {logging_mixin.py:188} INFO - [2024-05-24T17:57:20.876+0700] {dagbag.py:540} INFO - Filling up the DagBag from /mnt/d/Programming/Vietnamese-Text-Generator/airflow_env/lib/python3.10/site-packages/airflow/example_dags/example_short_circuit_decorator.py
[2024-05-24T17:57:20.972+0700] {processor.py:840} INFO - DAG(s) 'example_short_circuit_decorator' retrieved from /mnt/d/Programming/Vietnamese-Text-Generator/airflow_env/lib/python3.10/site-packages/airflow/example_dags/example_short_circuit_decorator.py
[2024-05-24T17:57:21.075+0700] {logging_mixin.py:188} INFO - [2024-05-24T17:57:21.072+0700] {dag.py:3096} INFO - Sync 1 DAGs
[2024-05-24T17:57:21.182+0700] {logging_mixin.py:188} INFO - [2024-05-24T17:57:21.179+0700] {dag.py:3954} INFO - Setting next_dagrun for example_short_circuit_decorator to 2024-05-23 00:00:00+00:00, run_after=2024-05-24 00:00:00+00:00
[2024-05-24T17:57:21.375+0700] {processor.py:183} INFO - Processing /mnt/d/Programming/Vietnamese-Text-Generator/airflow_env/lib/python3.10/site-packages/airflow/example_dags/example_short_circuit_decorator.py took 0.550 seconds
[2024-05-24T17:59:33.412+0700] {processor.py:161} INFO - Started process (PID=11412) to work on /mnt/d/Programming/Vietnamese-Text-Generator/airflow_env/lib/python3.10/site-packages/airflow/example_dags/example_short_circuit_decorator.py
[2024-05-24T17:59:33.419+0700] {processor.py:830} INFO - Processing file /mnt/d/Programming/Vietnamese-Text-Generator/airflow_env/lib/python3.10/site-packages/airflow/example_dags/example_short_circuit_decorator.py for tasks to queue
[2024-05-24T17:59:33.430+0700] {logging_mixin.py:188} INFO - [2024-05-24T17:59:33.426+0700] {dagbag.py:540} INFO - Filling up the DagBag from /mnt/d/Programming/Vietnamese-Text-Generator/airflow_env/lib/python3.10/site-packages/airflow/example_dags/example_short_circuit_decorator.py
[2024-05-24T17:59:33.526+0700] {processor.py:840} INFO - DAG(s) 'example_short_circuit_decorator' retrieved from /mnt/d/Programming/Vietnamese-Text-Generator/airflow_env/lib/python3.10/site-packages/airflow/example_dags/example_short_circuit_decorator.py
[2024-05-24T17:59:33.628+0700] {logging_mixin.py:188} INFO - [2024-05-24T17:59:33.624+0700] {dag.py:3096} INFO - Sync 1 DAGs
[2024-05-24T17:59:33.729+0700] {logging_mixin.py:188} INFO - [2024-05-24T17:59:33.725+0700] {dag.py:3954} INFO - Setting next_dagrun for example_short_circuit_decorator to 2024-05-23 00:00:00+00:00, run_after=2024-05-24 00:00:00+00:00
[2024-05-24T17:59:33.938+0700] {processor.py:183} INFO - Processing /mnt/d/Programming/Vietnamese-Text-Generator/airflow_env/lib/python3.10/site-packages/airflow/example_dags/example_short_circuit_decorator.py took 0.571 seconds
[2024-05-24T18:00:44.457+0700] {processor.py:161} INFO - Started process (PID=11721) to work on /mnt/d/Programming/Vietnamese-Text-Generator/airflow_env/lib/python3.10/site-packages/airflow/example_dags/example_short_circuit_decorator.py
[2024-05-24T18:00:44.477+0700] {processor.py:830} INFO - Processing file /mnt/d/Programming/Vietnamese-Text-Generator/airflow_env/lib/python3.10/site-packages/airflow/example_dags/example_short_circuit_decorator.py for tasks to queue
[2024-05-24T18:00:44.541+0700] {logging_mixin.py:188} INFO - [2024-05-24T18:00:44.531+0700] {dagbag.py:540} INFO - Filling up the DagBag from /mnt/d/Programming/Vietnamese-Text-Generator/airflow_env/lib/python3.10/site-packages/airflow/example_dags/example_short_circuit_decorator.py
[2024-05-24T18:00:44.593+0700] {processor.py:840} INFO - DAG(s) 'example_short_circuit_decorator' retrieved from /mnt/d/Programming/Vietnamese-Text-Generator/airflow_env/lib/python3.10/site-packages/airflow/example_dags/example_short_circuit_decorator.py
[2024-05-24T18:00:44.644+0700] {logging_mixin.py:188} INFO - [2024-05-24T18:00:44.643+0700] {dag.py:3096} INFO - Sync 1 DAGs
[2024-05-24T18:00:44.707+0700] {logging_mixin.py:188} INFO - [2024-05-24T18:00:44.705+0700] {dag.py:3954} INFO - Setting next_dagrun for example_short_circuit_decorator to 2024-05-23 00:00:00+00:00, run_after=2024-05-24 00:00:00+00:00
[2024-05-24T18:00:44.821+0700] {processor.py:183} INFO - Processing /mnt/d/Programming/Vietnamese-Text-Generator/airflow_env/lib/python3.10/site-packages/airflow/example_dags/example_short_circuit_decorator.py took 0.427 seconds
[2024-05-24T18:03:03.684+0700] {processor.py:161} INFO - Started process (PID=12330) to work on /mnt/d/Programming/Vietnamese-Text-Generator/airflow_env/lib/python3.10/site-packages/airflow/example_dags/example_short_circuit_decorator.py
[2024-05-24T18:03:03.689+0700] {processor.py:830} INFO - Processing file /mnt/d/Programming/Vietnamese-Text-Generator/airflow_env/lib/python3.10/site-packages/airflow/example_dags/example_short_circuit_decorator.py for tasks to queue
[2024-05-24T18:03:03.699+0700] {logging_mixin.py:188} INFO - [2024-05-24T18:03:03.696+0700] {dagbag.py:540} INFO - Filling up the DagBag from /mnt/d/Programming/Vietnamese-Text-Generator/airflow_env/lib/python3.10/site-packages/airflow/example_dags/example_short_circuit_decorator.py
[2024-05-24T18:03:03.794+0700] {processor.py:840} INFO - DAG(s) 'example_short_circuit_decorator' retrieved from /mnt/d/Programming/Vietnamese-Text-Generator/airflow_env/lib/python3.10/site-packages/airflow/example_dags/example_short_circuit_decorator.py
[2024-05-24T18:03:03.896+0700] {logging_mixin.py:188} INFO - [2024-05-24T18:03:03.893+0700] {dag.py:3096} INFO - Sync 1 DAGs
[2024-05-24T18:03:03.983+0700] {logging_mixin.py:188} INFO - [2024-05-24T18:03:03.981+0700] {dag.py:3954} INFO - Setting next_dagrun for example_short_circuit_decorator to 2024-05-23 00:00:00+00:00, run_after=2024-05-24 00:00:00+00:00
[2024-05-24T18:03:04.110+0700] {processor.py:183} INFO - Processing /mnt/d/Programming/Vietnamese-Text-Generator/airflow_env/lib/python3.10/site-packages/airflow/example_dags/example_short_circuit_decorator.py took 0.470 seconds
[2024-05-24T18:04:17.663+0700] {processor.py:161} INFO - Started process (PID=12652) to work on /mnt/d/Programming/Vietnamese-Text-Generator/airflow_env/lib/python3.10/site-packages/airflow/example_dags/example_short_circuit_decorator.py
[2024-05-24T18:04:17.670+0700] {processor.py:830} INFO - Processing file /mnt/d/Programming/Vietnamese-Text-Generator/airflow_env/lib/python3.10/site-packages/airflow/example_dags/example_short_circuit_decorator.py for tasks to queue
[2024-05-24T18:04:17.682+0700] {logging_mixin.py:188} INFO - [2024-05-24T18:04:17.677+0700] {dagbag.py:540} INFO - Filling up the DagBag from /mnt/d/Programming/Vietnamese-Text-Generator/airflow_env/lib/python3.10/site-packages/airflow/example_dags/example_short_circuit_decorator.py
[2024-05-24T18:04:17.779+0700] {processor.py:840} INFO - DAG(s) 'example_short_circuit_decorator' retrieved from /mnt/d/Programming/Vietnamese-Text-Generator/airflow_env/lib/python3.10/site-packages/airflow/example_dags/example_short_circuit_decorator.py
[2024-05-24T18:04:17.875+0700] {logging_mixin.py:188} INFO - [2024-05-24T18:04:17.873+0700] {dag.py:3096} INFO - Sync 1 DAGs
[2024-05-24T18:04:17.966+0700] {logging_mixin.py:188} INFO - [2024-05-24T18:04:17.963+0700] {dag.py:3954} INFO - Setting next_dagrun for example_short_circuit_decorator to 2024-05-23 00:00:00+00:00, run_after=2024-05-24 00:00:00+00:00
[2024-05-24T18:04:18.166+0700] {processor.py:183} INFO - Processing /mnt/d/Programming/Vietnamese-Text-Generator/airflow_env/lib/python3.10/site-packages/airflow/example_dags/example_short_circuit_decorator.py took 0.548 seconds
[2024-05-24T18:05:28.950+0700] {processor.py:161} INFO - Started process (PID=12962) to work on /mnt/d/Programming/Vietnamese-Text-Generator/airflow_env/lib/python3.10/site-packages/airflow/example_dags/example_short_circuit_decorator.py
[2024-05-24T18:05:28.957+0700] {processor.py:830} INFO - Processing file /mnt/d/Programming/Vietnamese-Text-Generator/airflow_env/lib/python3.10/site-packages/airflow/example_dags/example_short_circuit_decorator.py for tasks to queue
[2024-05-24T18:05:28.969+0700] {logging_mixin.py:188} INFO - [2024-05-24T18:05:28.965+0700] {dagbag.py:540} INFO - Filling up the DagBag from /mnt/d/Programming/Vietnamese-Text-Generator/airflow_env/lib/python3.10/site-packages/airflow/example_dags/example_short_circuit_decorator.py
[2024-05-24T18:05:29.059+0700] {processor.py:840} INFO - DAG(s) 'example_short_circuit_decorator' retrieved from /mnt/d/Programming/Vietnamese-Text-Generator/airflow_env/lib/python3.10/site-packages/airflow/example_dags/example_short_circuit_decorator.py
[2024-05-24T18:05:29.169+0700] {logging_mixin.py:188} INFO - [2024-05-24T18:05:29.166+0700] {dag.py:3096} INFO - Sync 1 DAGs
[2024-05-24T18:05:29.267+0700] {logging_mixin.py:188} INFO - [2024-05-24T18:05:29.265+0700] {dag.py:3954} INFO - Setting next_dagrun for example_short_circuit_decorator to 2024-05-23 00:00:00+00:00, run_after=2024-05-24 00:00:00+00:00
[2024-05-24T18:05:29.446+0700] {processor.py:183} INFO - Processing /mnt/d/Programming/Vietnamese-Text-Generator/airflow_env/lib/python3.10/site-packages/airflow/example_dags/example_short_circuit_decorator.py took 0.539 seconds
