[2024-05-24T17:02:30.345+0700] {processor.py:161} INFO - Started process (PID=2014) to work on /mnt/d/Programming/Vietnamese-Text-Generator/airflow_env/lib/python3.10/site-packages/airflow/example_dags/example_datasets.py
[2024-05-24T17:02:30.353+0700] {processor.py:830} INFO - Processing file /mnt/d/Programming/Vietnamese-Text-Generator/airflow_env/lib/python3.10/site-packages/airflow/example_dags/example_datasets.py for tasks to queue
[2024-05-24T17:02:30.368+0700] {logging_mixin.py:188} INFO - [2024-05-24T17:02:30.364+0700] {dagbag.py:540} INFO - Filling up the DagBag from /mnt/d/Programming/Vietnamese-Text-Generator/airflow_env/lib/python3.10/site-packages/airflow/example_dags/example_datasets.py
[2024-05-24T17:02:30.549+0700] {processor.py:840} INFO - DAG(s) 'consume_1_and_2_with_dataset_expressions', 'dataset_produces_1', 'consume_1_or_2_with_dataset_expressions', 'dataset_consumes_1_never_scheduled', 'dataset_consumes_unknown_never_scheduled', 'consume_1_or_both_2_and_3_with_dataset_expressions', 'dataset_consumes_1', 'dataset_produces_2', 'conditional_dataset_and_time_based_timetable', 'dataset_consumes_1_and_2' retrieved from /mnt/d/Programming/Vietnamese-Text-Generator/airflow_env/lib/python3.10/site-packages/airflow/example_dags/example_datasets.py
[2024-05-24T17:02:30.862+0700] {logging_mixin.py:188} INFO - [2024-05-24T17:02:30.858+0700] {dag.py:3096} INFO - Sync 10 DAGs
[2024-05-24T17:02:30.989+0700] {logging_mixin.py:188} INFO - [2024-05-24T17:02:30.985+0700] {dag.py:3954} INFO - Setting next_dagrun for conditional_dataset_and_time_based_timetable to 2024-05-22 01:00:00+00:00, run_after=2024-05-22 01:00:00+00:00
[2024-05-24T17:02:31.016+0700] {logging_mixin.py:188} INFO - [2024-05-24T17:02:31.013+0700] {dag.py:3954} INFO - Setting next_dagrun for consume_1_and_2_with_dataset_expressions to None, run_after=None
[2024-05-24T17:02:31.034+0700] {logging_mixin.py:188} INFO - [2024-05-24T17:02:31.030+0700] {dag.py:3954} INFO - Setting next_dagrun for consume_1_or_2_with_dataset_expressions to None, run_after=None
[2024-05-24T17:02:31.062+0700] {logging_mixin.py:188} INFO - [2024-05-24T17:02:31.058+0700] {dag.py:3954} INFO - Setting next_dagrun for consume_1_or_both_2_and_3_with_dataset_expressions to None, run_after=None
[2024-05-24T17:02:31.078+0700] {logging_mixin.py:188} INFO - [2024-05-24T17:02:31.074+0700] {dag.py:3954} INFO - Setting next_dagrun for dataset_consumes_1 to None, run_after=None
[2024-05-24T17:02:31.094+0700] {logging_mixin.py:188} INFO - [2024-05-24T17:02:31.090+0700] {dag.py:3954} INFO - Setting next_dagrun for dataset_consumes_1_and_2 to None, run_after=None
[2024-05-24T17:02:31.110+0700] {logging_mixin.py:188} INFO - [2024-05-24T17:02:31.106+0700] {dag.py:3954} INFO - Setting next_dagrun for dataset_consumes_1_never_scheduled to None, run_after=None
[2024-05-24T17:02:31.129+0700] {logging_mixin.py:188} INFO - [2024-05-24T17:02:31.124+0700] {dag.py:3954} INFO - Setting next_dagrun for dataset_consumes_unknown_never_scheduled to None, run_after=None
[2024-05-24T17:02:31.152+0700] {logging_mixin.py:188} INFO - [2024-05-24T17:02:31.147+0700] {dag.py:3954} INFO - Setting next_dagrun for dataset_produces_1 to 2024-05-23 00:00:00+00:00, run_after=2024-05-24 00:00:00+00:00
[2024-05-24T17:02:31.170+0700] {logging_mixin.py:188} INFO - [2024-05-24T17:02:31.166+0700] {dag.py:3954} INFO - Setting next_dagrun for dataset_produces_2 to None, run_after=None
[2024-05-24T17:02:31.551+0700] {processor.py:183} INFO - Processing /mnt/d/Programming/Vietnamese-Text-Generator/airflow_env/lib/python3.10/site-packages/airflow/example_dags/example_datasets.py took 1.260 seconds
[2024-05-24T17:04:19.598+0700] {processor.py:161} INFO - Started process (PID=2483) to work on /mnt/d/Programming/Vietnamese-Text-Generator/airflow_env/lib/python3.10/site-packages/airflow/example_dags/example_datasets.py
[2024-05-24T17:04:19.604+0700] {processor.py:830} INFO - Processing file /mnt/d/Programming/Vietnamese-Text-Generator/airflow_env/lib/python3.10/site-packages/airflow/example_dags/example_datasets.py for tasks to queue
[2024-05-24T17:04:19.620+0700] {logging_mixin.py:188} INFO - [2024-05-24T17:04:19.617+0700] {dagbag.py:540} INFO - Filling up the DagBag from /mnt/d/Programming/Vietnamese-Text-Generator/airflow_env/lib/python3.10/site-packages/airflow/example_dags/example_datasets.py
[2024-05-24T17:04:19.760+0700] {processor.py:840} INFO - DAG(s) 'dataset_consumes_1_and_2', 'dataset_consumes_1_never_scheduled', 'dataset_produces_1', 'dataset_consumes_unknown_never_scheduled', 'dataset_consumes_1', 'consume_1_and_2_with_dataset_expressions', 'conditional_dataset_and_time_based_timetable', 'dataset_produces_2', 'consume_1_or_both_2_and_3_with_dataset_expressions', 'consume_1_or_2_with_dataset_expressions' retrieved from /mnt/d/Programming/Vietnamese-Text-Generator/airflow_env/lib/python3.10/site-packages/airflow/example_dags/example_datasets.py
[2024-05-24T17:04:19.948+0700] {logging_mixin.py:188} INFO - [2024-05-24T17:04:19.946+0700] {dag.py:3096} INFO - Sync 10 DAGs
[2024-05-24T17:04:20.013+0700] {logging_mixin.py:188} INFO - [2024-05-24T17:04:20.009+0700] {dag.py:3954} INFO - Setting next_dagrun for conditional_dataset_and_time_based_timetable to 2024-05-22 01:00:00+00:00, run_after=2024-05-22 01:00:00+00:00
[2024-05-24T17:04:20.029+0700] {logging_mixin.py:188} INFO - [2024-05-24T17:04:20.026+0700] {dag.py:3954} INFO - Setting next_dagrun for consume_1_and_2_with_dataset_expressions to None, run_after=None
[2024-05-24T17:04:20.041+0700] {logging_mixin.py:188} INFO - [2024-05-24T17:04:20.038+0700] {dag.py:3954} INFO - Setting next_dagrun for consume_1_or_2_with_dataset_expressions to None, run_after=None
[2024-05-24T17:04:20.053+0700] {logging_mixin.py:188} INFO - [2024-05-24T17:04:20.050+0700] {dag.py:3954} INFO - Setting next_dagrun for consume_1_or_both_2_and_3_with_dataset_expressions to None, run_after=None
[2024-05-24T17:04:20.065+0700] {logging_mixin.py:188} INFO - [2024-05-24T17:04:20.062+0700] {dag.py:3954} INFO - Setting next_dagrun for dataset_consumes_1 to None, run_after=None
[2024-05-24T17:04:20.077+0700] {logging_mixin.py:188} INFO - [2024-05-24T17:04:20.074+0700] {dag.py:3954} INFO - Setting next_dagrun for dataset_consumes_1_and_2 to None, run_after=None
[2024-05-24T17:04:20.088+0700] {logging_mixin.py:188} INFO - [2024-05-24T17:04:20.086+0700] {dag.py:3954} INFO - Setting next_dagrun for dataset_consumes_1_never_scheduled to None, run_after=None
[2024-05-24T17:04:20.103+0700] {logging_mixin.py:188} INFO - [2024-05-24T17:04:20.100+0700] {dag.py:3954} INFO - Setting next_dagrun for dataset_consumes_unknown_never_scheduled to None, run_after=None
[2024-05-24T17:04:20.118+0700] {logging_mixin.py:188} INFO - [2024-05-24T17:04:20.115+0700] {dag.py:3954} INFO - Setting next_dagrun for dataset_produces_1 to 2024-05-23 00:00:00+00:00, run_after=2024-05-24 00:00:00+00:00
[2024-05-24T17:04:20.129+0700] {logging_mixin.py:188} INFO - [2024-05-24T17:04:20.127+0700] {dag.py:3954} INFO - Setting next_dagrun for dataset_produces_2 to None, run_after=None
[2024-05-24T17:04:20.368+0700] {processor.py:183} INFO - Processing /mnt/d/Programming/Vietnamese-Text-Generator/airflow_env/lib/python3.10/site-packages/airflow/example_dags/example_datasets.py took 0.815 seconds
[2024-05-24T17:06:37.603+0700] {processor.py:161} INFO - Started process (PID=3166) to work on /mnt/d/Programming/Vietnamese-Text-Generator/airflow_env/lib/python3.10/site-packages/airflow/example_dags/example_datasets.py
[2024-05-24T17:06:37.609+0700] {processor.py:830} INFO - Processing file /mnt/d/Programming/Vietnamese-Text-Generator/airflow_env/lib/python3.10/site-packages/airflow/example_dags/example_datasets.py for tasks to queue
[2024-05-24T17:06:37.621+0700] {logging_mixin.py:188} INFO - [2024-05-24T17:06:37.617+0700] {dagbag.py:540} INFO - Filling up the DagBag from /mnt/d/Programming/Vietnamese-Text-Generator/airflow_env/lib/python3.10/site-packages/airflow/example_dags/example_datasets.py
[2024-05-24T17:06:37.769+0700] {processor.py:840} INFO - DAG(s) 'conditional_dataset_and_time_based_timetable', 'dataset_produces_2', 'dataset_consumes_unknown_never_scheduled', 'dataset_consumes_1_and_2', 'consume_1_or_both_2_and_3_with_dataset_expressions', 'consume_1_or_2_with_dataset_expressions', 'dataset_produces_1', 'dataset_consumes_1_never_scheduled', 'consume_1_and_2_with_dataset_expressions', 'dataset_consumes_1' retrieved from /mnt/d/Programming/Vietnamese-Text-Generator/airflow_env/lib/python3.10/site-packages/airflow/example_dags/example_datasets.py
[2024-05-24T17:06:38.053+0700] {logging_mixin.py:188} INFO - [2024-05-24T17:06:38.049+0700] {dag.py:3096} INFO - Sync 10 DAGs
[2024-05-24T17:06:38.148+0700] {logging_mixin.py:188} INFO - [2024-05-24T17:06:38.144+0700] {dag.py:3954} INFO - Setting next_dagrun for conditional_dataset_and_time_based_timetable to 2024-05-22 01:00:00+00:00, run_after=2024-05-22 01:00:00+00:00
[2024-05-24T17:06:38.168+0700] {logging_mixin.py:188} INFO - [2024-05-24T17:06:38.165+0700] {dag.py:3954} INFO - Setting next_dagrun for consume_1_and_2_with_dataset_expressions to None, run_after=None
[2024-05-24T17:06:38.180+0700] {logging_mixin.py:188} INFO - [2024-05-24T17:06:38.177+0700] {dag.py:3954} INFO - Setting next_dagrun for consume_1_or_2_with_dataset_expressions to None, run_after=None
[2024-05-24T17:06:38.192+0700] {logging_mixin.py:188} INFO - [2024-05-24T17:06:38.190+0700] {dag.py:3954} INFO - Setting next_dagrun for consume_1_or_both_2_and_3_with_dataset_expressions to None, run_after=None
[2024-05-24T17:06:38.207+0700] {logging_mixin.py:188} INFO - [2024-05-24T17:06:38.204+0700] {dag.py:3954} INFO - Setting next_dagrun for dataset_consumes_1 to None, run_after=None
[2024-05-24T17:06:38.222+0700] {logging_mixin.py:188} INFO - [2024-05-24T17:06:38.219+0700] {dag.py:3954} INFO - Setting next_dagrun for dataset_consumes_1_and_2 to None, run_after=None
[2024-05-24T17:06:38.238+0700] {logging_mixin.py:188} INFO - [2024-05-24T17:06:38.235+0700] {dag.py:3954} INFO - Setting next_dagrun for dataset_consumes_1_never_scheduled to None, run_after=None
[2024-05-24T17:06:38.254+0700] {logging_mixin.py:188} INFO - [2024-05-24T17:06:38.251+0700] {dag.py:3954} INFO - Setting next_dagrun for dataset_consumes_unknown_never_scheduled to None, run_after=None
[2024-05-24T17:06:38.273+0700] {logging_mixin.py:188} INFO - [2024-05-24T17:06:38.269+0700] {dag.py:3954} INFO - Setting next_dagrun for dataset_produces_1 to 2024-05-23 00:00:00+00:00, run_after=2024-05-24 00:00:00+00:00
[2024-05-24T17:06:38.288+0700] {logging_mixin.py:188} INFO - [2024-05-24T17:06:38.284+0700] {dag.py:3954} INFO - Setting next_dagrun for dataset_produces_2 to None, run_after=None
[2024-05-24T17:06:38.577+0700] {processor.py:183} INFO - Processing /mnt/d/Programming/Vietnamese-Text-Generator/airflow_env/lib/python3.10/site-packages/airflow/example_dags/example_datasets.py took 1.022 seconds
[2024-05-24T17:08:46.470+0700] {processor.py:161} INFO - Started process (PID=3731) to work on /mnt/d/Programming/Vietnamese-Text-Generator/airflow_env/lib/python3.10/site-packages/airflow/example_dags/example_datasets.py
[2024-05-24T17:08:46.477+0700] {processor.py:830} INFO - Processing file /mnt/d/Programming/Vietnamese-Text-Generator/airflow_env/lib/python3.10/site-packages/airflow/example_dags/example_datasets.py for tasks to queue
[2024-05-24T17:08:46.491+0700] {logging_mixin.py:188} INFO - [2024-05-24T17:08:46.487+0700] {dagbag.py:540} INFO - Filling up the DagBag from /mnt/d/Programming/Vietnamese-Text-Generator/airflow_env/lib/python3.10/site-packages/airflow/example_dags/example_datasets.py
[2024-05-24T17:08:46.642+0700] {processor.py:840} INFO - DAG(s) 'dataset_consumes_unknown_never_scheduled', 'consume_1_or_both_2_and_3_with_dataset_expressions', 'consume_1_or_2_with_dataset_expressions', 'conditional_dataset_and_time_based_timetable', 'dataset_produces_2', 'dataset_consumes_1_and_2', 'dataset_consumes_1_never_scheduled', 'dataset_produces_1', 'dataset_consumes_1', 'consume_1_and_2_with_dataset_expressions' retrieved from /mnt/d/Programming/Vietnamese-Text-Generator/airflow_env/lib/python3.10/site-packages/airflow/example_dags/example_datasets.py
[2024-05-24T17:08:46.905+0700] {logging_mixin.py:188} INFO - [2024-05-24T17:08:46.902+0700] {dag.py:3096} INFO - Sync 10 DAGs
[2024-05-24T17:08:47.004+0700] {logging_mixin.py:188} INFO - [2024-05-24T17:08:47.000+0700] {dag.py:3954} INFO - Setting next_dagrun for conditional_dataset_and_time_based_timetable to 2024-05-22 01:00:00+00:00, run_after=2024-05-22 01:00:00+00:00
[2024-05-24T17:08:47.027+0700] {logging_mixin.py:188} INFO - [2024-05-24T17:08:47.024+0700] {dag.py:3954} INFO - Setting next_dagrun for consume_1_and_2_with_dataset_expressions to None, run_after=None
[2024-05-24T17:08:47.043+0700] {logging_mixin.py:188} INFO - [2024-05-24T17:08:47.039+0700] {dag.py:3954} INFO - Setting next_dagrun for consume_1_or_2_with_dataset_expressions to None, run_after=None
[2024-05-24T17:08:47.058+0700] {logging_mixin.py:188} INFO - [2024-05-24T17:08:47.054+0700] {dag.py:3954} INFO - Setting next_dagrun for consume_1_or_both_2_and_3_with_dataset_expressions to None, run_after=None
[2024-05-24T17:08:47.073+0700] {logging_mixin.py:188} INFO - [2024-05-24T17:08:47.070+0700] {dag.py:3954} INFO - Setting next_dagrun for dataset_consumes_1 to None, run_after=None
[2024-05-24T17:08:47.088+0700] {logging_mixin.py:188} INFO - [2024-05-24T17:08:47.085+0700] {dag.py:3954} INFO - Setting next_dagrun for dataset_consumes_1_and_2 to None, run_after=None
[2024-05-24T17:08:47.103+0700] {logging_mixin.py:188} INFO - [2024-05-24T17:08:47.100+0700] {dag.py:3954} INFO - Setting next_dagrun for dataset_consumes_1_never_scheduled to None, run_after=None
[2024-05-24T17:08:47.119+0700] {logging_mixin.py:188} INFO - [2024-05-24T17:08:47.115+0700] {dag.py:3954} INFO - Setting next_dagrun for dataset_consumes_unknown_never_scheduled to None, run_after=None
[2024-05-24T17:08:47.138+0700] {logging_mixin.py:188} INFO - [2024-05-24T17:08:47.134+0700] {dag.py:3954} INFO - Setting next_dagrun for dataset_produces_1 to 2024-05-23 00:00:00+00:00, run_after=2024-05-24 00:00:00+00:00
[2024-05-24T17:08:47.153+0700] {logging_mixin.py:188} INFO - [2024-05-24T17:08:47.150+0700] {dag.py:3954} INFO - Setting next_dagrun for dataset_produces_2 to None, run_after=None
[2024-05-24T17:08:47.437+0700] {processor.py:183} INFO - Processing /mnt/d/Programming/Vietnamese-Text-Generator/airflow_env/lib/python3.10/site-packages/airflow/example_dags/example_datasets.py took 1.017 seconds
[2024-05-24T17:11:04.890+0700] {processor.py:161} INFO - Started process (PID=4338) to work on /mnt/d/Programming/Vietnamese-Text-Generator/airflow_env/lib/python3.10/site-packages/airflow/example_dags/example_datasets.py
[2024-05-24T17:11:04.897+0700] {processor.py:830} INFO - Processing file /mnt/d/Programming/Vietnamese-Text-Generator/airflow_env/lib/python3.10/site-packages/airflow/example_dags/example_datasets.py for tasks to queue
[2024-05-24T17:11:04.908+0700] {logging_mixin.py:188} INFO - [2024-05-24T17:11:04.905+0700] {dagbag.py:540} INFO - Filling up the DagBag from /mnt/d/Programming/Vietnamese-Text-Generator/airflow_env/lib/python3.10/site-packages/airflow/example_dags/example_datasets.py
[2024-05-24T17:11:05.048+0700] {processor.py:840} INFO - DAG(s) 'dataset_consumes_unknown_never_scheduled', 'dataset_consumes_1', 'consume_1_or_both_2_and_3_with_dataset_expressions', 'consume_1_and_2_with_dataset_expressions', 'dataset_consumes_1_and_2', 'dataset_produces_2', 'consume_1_or_2_with_dataset_expressions', 'conditional_dataset_and_time_based_timetable', 'dataset_consumes_1_never_scheduled', 'dataset_produces_1' retrieved from /mnt/d/Programming/Vietnamese-Text-Generator/airflow_env/lib/python3.10/site-packages/airflow/example_dags/example_datasets.py
[2024-05-24T17:11:05.293+0700] {logging_mixin.py:188} INFO - [2024-05-24T17:11:05.290+0700] {dag.py:3096} INFO - Sync 10 DAGs
[2024-05-24T17:11:05.392+0700] {logging_mixin.py:188} INFO - [2024-05-24T17:11:05.388+0700] {dag.py:3954} INFO - Setting next_dagrun for conditional_dataset_and_time_based_timetable to 2024-05-22 01:00:00+00:00, run_after=2024-05-22 01:00:00+00:00
[2024-05-24T17:11:05.414+0700] {logging_mixin.py:188} INFO - [2024-05-24T17:11:05.410+0700] {dag.py:3954} INFO - Setting next_dagrun for consume_1_and_2_with_dataset_expressions to None, run_after=None
[2024-05-24T17:11:05.429+0700] {logging_mixin.py:188} INFO - [2024-05-24T17:11:05.426+0700] {dag.py:3954} INFO - Setting next_dagrun for consume_1_or_2_with_dataset_expressions to None, run_after=None
[2024-05-24T17:11:05.444+0700] {logging_mixin.py:188} INFO - [2024-05-24T17:11:05.441+0700] {dag.py:3954} INFO - Setting next_dagrun for consume_1_or_both_2_and_3_with_dataset_expressions to None, run_after=None
[2024-05-24T17:11:05.459+0700] {logging_mixin.py:188} INFO - [2024-05-24T17:11:05.456+0700] {dag.py:3954} INFO - Setting next_dagrun for dataset_consumes_1 to None, run_after=None
[2024-05-24T17:11:05.475+0700] {logging_mixin.py:188} INFO - [2024-05-24T17:11:05.472+0700] {dag.py:3954} INFO - Setting next_dagrun for dataset_consumes_1_and_2 to None, run_after=None
[2024-05-24T17:11:05.490+0700] {logging_mixin.py:188} INFO - [2024-05-24T17:11:05.487+0700] {dag.py:3954} INFO - Setting next_dagrun for dataset_consumes_1_never_scheduled to None, run_after=None
[2024-05-24T17:11:05.506+0700] {logging_mixin.py:188} INFO - [2024-05-24T17:11:05.502+0700] {dag.py:3954} INFO - Setting next_dagrun for dataset_consumes_unknown_never_scheduled to None, run_after=None
[2024-05-24T17:11:05.524+0700] {logging_mixin.py:188} INFO - [2024-05-24T17:11:05.521+0700] {dag.py:3954} INFO - Setting next_dagrun for dataset_produces_1 to 2024-05-23 00:00:00+00:00, run_after=2024-05-24 00:00:00+00:00
[2024-05-24T17:11:05.540+0700] {logging_mixin.py:188} INFO - [2024-05-24T17:11:05.536+0700] {dag.py:3954} INFO - Setting next_dagrun for dataset_produces_2 to None, run_after=None
[2024-05-24T17:11:05.824+0700] {processor.py:183} INFO - Processing /mnt/d/Programming/Vietnamese-Text-Generator/airflow_env/lib/python3.10/site-packages/airflow/example_dags/example_datasets.py took 0.984 seconds
[2024-05-24T17:13:26.134+0700] {processor.py:161} INFO - Started process (PID=4954) to work on /mnt/d/Programming/Vietnamese-Text-Generator/airflow_env/lib/python3.10/site-packages/airflow/example_dags/example_datasets.py
[2024-05-24T17:13:26.138+0700] {processor.py:830} INFO - Processing file /mnt/d/Programming/Vietnamese-Text-Generator/airflow_env/lib/python3.10/site-packages/airflow/example_dags/example_datasets.py for tasks to queue
[2024-05-24T17:13:26.144+0700] {logging_mixin.py:188} INFO - [2024-05-24T17:13:26.142+0700] {dagbag.py:540} INFO - Filling up the DagBag from /mnt/d/Programming/Vietnamese-Text-Generator/airflow_env/lib/python3.10/site-packages/airflow/example_dags/example_datasets.py
[2024-05-24T17:13:26.200+0700] {processor.py:840} INFO - DAG(s) 'dataset_produces_1', 'consume_1_or_both_2_and_3_with_dataset_expressions', 'conditional_dataset_and_time_based_timetable', 'dataset_consumes_1_never_scheduled', 'consume_1_or_2_with_dataset_expressions', 'consume_1_and_2_with_dataset_expressions', 'dataset_consumes_1_and_2', 'dataset_consumes_unknown_never_scheduled', 'dataset_consumes_1', 'dataset_produces_2' retrieved from /mnt/d/Programming/Vietnamese-Text-Generator/airflow_env/lib/python3.10/site-packages/airflow/example_dags/example_datasets.py
[2024-05-24T17:13:26.302+0700] {logging_mixin.py:188} INFO - [2024-05-24T17:13:26.301+0700] {dag.py:3096} INFO - Sync 10 DAGs
[2024-05-24T17:13:26.347+0700] {logging_mixin.py:188} INFO - [2024-05-24T17:13:26.346+0700] {dag.py:3954} INFO - Setting next_dagrun for conditional_dataset_and_time_based_timetable to 2024-05-22 01:00:00+00:00, run_after=2024-05-22 01:00:00+00:00
[2024-05-24T17:13:26.355+0700] {logging_mixin.py:188} INFO - [2024-05-24T17:13:26.354+0700] {dag.py:3954} INFO - Setting next_dagrun for consume_1_and_2_with_dataset_expressions to None, run_after=None
[2024-05-24T17:13:26.360+0700] {logging_mixin.py:188} INFO - [2024-05-24T17:13:26.359+0700] {dag.py:3954} INFO - Setting next_dagrun for consume_1_or_2_with_dataset_expressions to None, run_after=None
[2024-05-24T17:13:26.365+0700] {logging_mixin.py:188} INFO - [2024-05-24T17:13:26.364+0700] {dag.py:3954} INFO - Setting next_dagrun for consume_1_or_both_2_and_3_with_dataset_expressions to None, run_after=None
[2024-05-24T17:13:26.370+0700] {logging_mixin.py:188} INFO - [2024-05-24T17:13:26.369+0700] {dag.py:3954} INFO - Setting next_dagrun for dataset_consumes_1 to None, run_after=None
[2024-05-24T17:13:26.376+0700] {logging_mixin.py:188} INFO - [2024-05-24T17:13:26.374+0700] {dag.py:3954} INFO - Setting next_dagrun for dataset_consumes_1_and_2 to None, run_after=None
[2024-05-24T17:13:26.382+0700] {logging_mixin.py:188} INFO - [2024-05-24T17:13:26.380+0700] {dag.py:3954} INFO - Setting next_dagrun for dataset_consumes_1_never_scheduled to None, run_after=None
[2024-05-24T17:13:26.387+0700] {logging_mixin.py:188} INFO - [2024-05-24T17:13:26.386+0700] {dag.py:3954} INFO - Setting next_dagrun for dataset_consumes_unknown_never_scheduled to None, run_after=None
[2024-05-24T17:13:26.394+0700] {logging_mixin.py:188} INFO - [2024-05-24T17:13:26.393+0700] {dag.py:3954} INFO - Setting next_dagrun for dataset_produces_1 to 2024-05-23 00:00:00+00:00, run_after=2024-05-24 00:00:00+00:00
[2024-05-24T17:13:26.399+0700] {logging_mixin.py:188} INFO - [2024-05-24T17:13:26.398+0700] {dag.py:3954} INFO - Setting next_dagrun for dataset_produces_2 to None, run_after=None
[2024-05-24T17:13:26.511+0700] {processor.py:183} INFO - Processing /mnt/d/Programming/Vietnamese-Text-Generator/airflow_env/lib/python3.10/site-packages/airflow/example_dags/example_datasets.py took 0.429 seconds
[2024-05-24T17:15:39.879+0700] {processor.py:161} INFO - Started process (PID=5539) to work on /mnt/d/Programming/Vietnamese-Text-Generator/airflow_env/lib/python3.10/site-packages/airflow/example_dags/example_datasets.py
[2024-05-24T17:15:39.887+0700] {processor.py:830} INFO - Processing file /mnt/d/Programming/Vietnamese-Text-Generator/airflow_env/lib/python3.10/site-packages/airflow/example_dags/example_datasets.py for tasks to queue
[2024-05-24T17:15:39.899+0700] {logging_mixin.py:188} INFO - [2024-05-24T17:15:39.895+0700] {dagbag.py:540} INFO - Filling up the DagBag from /mnt/d/Programming/Vietnamese-Text-Generator/airflow_env/lib/python3.10/site-packages/airflow/example_dags/example_datasets.py
[2024-05-24T17:15:40.051+0700] {processor.py:840} INFO - DAG(s) 'conditional_dataset_and_time_based_timetable', 'dataset_consumes_1_never_scheduled', 'consume_1_and_2_with_dataset_expressions', 'dataset_consumes_1_and_2', 'dataset_produces_1', 'consume_1_or_2_with_dataset_expressions', 'dataset_consumes_unknown_never_scheduled', 'dataset_produces_2', 'dataset_consumes_1', 'consume_1_or_both_2_and_3_with_dataset_expressions' retrieved from /mnt/d/Programming/Vietnamese-Text-Generator/airflow_env/lib/python3.10/site-packages/airflow/example_dags/example_datasets.py
[2024-05-24T17:15:40.318+0700] {logging_mixin.py:188} INFO - [2024-05-24T17:15:40.315+0700] {dag.py:3096} INFO - Sync 10 DAGs
[2024-05-24T17:15:40.388+0700] {logging_mixin.py:188} INFO - [2024-05-24T17:15:40.387+0700] {dag.py:3954} INFO - Setting next_dagrun for conditional_dataset_and_time_based_timetable to 2024-05-22 01:00:00+00:00, run_after=2024-05-22 01:00:00+00:00
[2024-05-24T17:15:40.399+0700] {logging_mixin.py:188} INFO - [2024-05-24T17:15:40.397+0700] {dag.py:3954} INFO - Setting next_dagrun for consume_1_and_2_with_dataset_expressions to None, run_after=None
[2024-05-24T17:15:40.404+0700] {logging_mixin.py:188} INFO - [2024-05-24T17:15:40.403+0700] {dag.py:3954} INFO - Setting next_dagrun for consume_1_or_2_with_dataset_expressions to None, run_after=None
[2024-05-24T17:15:40.408+0700] {logging_mixin.py:188} INFO - [2024-05-24T17:15:40.407+0700] {dag.py:3954} INFO - Setting next_dagrun for consume_1_or_both_2_and_3_with_dataset_expressions to None, run_after=None
[2024-05-24T17:15:40.412+0700] {logging_mixin.py:188} INFO - [2024-05-24T17:15:40.411+0700] {dag.py:3954} INFO - Setting next_dagrun for dataset_consumes_1 to None, run_after=None
[2024-05-24T17:15:40.416+0700] {logging_mixin.py:188} INFO - [2024-05-24T17:15:40.415+0700] {dag.py:3954} INFO - Setting next_dagrun for dataset_consumes_1_and_2 to None, run_after=None
[2024-05-24T17:15:40.419+0700] {logging_mixin.py:188} INFO - [2024-05-24T17:15:40.419+0700] {dag.py:3954} INFO - Setting next_dagrun for dataset_consumes_1_never_scheduled to None, run_after=None
[2024-05-24T17:15:40.423+0700] {logging_mixin.py:188} INFO - [2024-05-24T17:15:40.422+0700] {dag.py:3954} INFO - Setting next_dagrun for dataset_consumes_unknown_never_scheduled to None, run_after=None
[2024-05-24T17:15:40.428+0700] {logging_mixin.py:188} INFO - [2024-05-24T17:15:40.427+0700] {dag.py:3954} INFO - Setting next_dagrun for dataset_produces_1 to 2024-05-23 00:00:00+00:00, run_after=2024-05-24 00:00:00+00:00
[2024-05-24T17:15:40.431+0700] {logging_mixin.py:188} INFO - [2024-05-24T17:15:40.431+0700] {dag.py:3954} INFO - Setting next_dagrun for dataset_produces_2 to None, run_after=None
[2024-05-24T17:15:40.587+0700] {processor.py:183} INFO - Processing /mnt/d/Programming/Vietnamese-Text-Generator/airflow_env/lib/python3.10/site-packages/airflow/example_dags/example_datasets.py took 0.760 seconds
[2024-05-24T17:18:06.516+0700] {processor.py:161} INFO - Started process (PID=6180) to work on /mnt/d/Programming/Vietnamese-Text-Generator/airflow_env/lib/python3.10/site-packages/airflow/example_dags/example_datasets.py
[2024-05-24T17:18:06.524+0700] {processor.py:830} INFO - Processing file /mnt/d/Programming/Vietnamese-Text-Generator/airflow_env/lib/python3.10/site-packages/airflow/example_dags/example_datasets.py for tasks to queue
[2024-05-24T17:18:06.541+0700] {logging_mixin.py:188} INFO - [2024-05-24T17:18:06.537+0700] {dagbag.py:540} INFO - Filling up the DagBag from /mnt/d/Programming/Vietnamese-Text-Generator/airflow_env/lib/python3.10/site-packages/airflow/example_dags/example_datasets.py
[2024-05-24T17:18:06.722+0700] {processor.py:840} INFO - DAG(s) 'conditional_dataset_and_time_based_timetable', 'dataset_produces_2', 'dataset_consumes_1_never_scheduled', 'dataset_consumes_1_and_2', 'dataset_consumes_1', 'consume_1_and_2_with_dataset_expressions', 'consume_1_or_2_with_dataset_expressions', 'consume_1_or_both_2_and_3_with_dataset_expressions', 'dataset_produces_1', 'dataset_consumes_unknown_never_scheduled' retrieved from /mnt/d/Programming/Vietnamese-Text-Generator/airflow_env/lib/python3.10/site-packages/airflow/example_dags/example_datasets.py
[2024-05-24T17:18:06.949+0700] {logging_mixin.py:188} INFO - [2024-05-24T17:18:06.946+0700] {dag.py:3096} INFO - Sync 10 DAGs
[2024-05-24T17:18:07.032+0700] {logging_mixin.py:188} INFO - [2024-05-24T17:18:07.030+0700] {dag.py:3954} INFO - Setting next_dagrun for conditional_dataset_and_time_based_timetable to 2024-05-22 01:00:00+00:00, run_after=2024-05-22 01:00:00+00:00
[2024-05-24T17:18:07.050+0700] {logging_mixin.py:188} INFO - [2024-05-24T17:18:07.048+0700] {dag.py:3954} INFO - Setting next_dagrun for consume_1_and_2_with_dataset_expressions to None, run_after=None
[2024-05-24T17:18:07.062+0700] {logging_mixin.py:188} INFO - [2024-05-24T17:18:07.060+0700] {dag.py:3954} INFO - Setting next_dagrun for consume_1_or_2_with_dataset_expressions to None, run_after=None
[2024-05-24T17:18:07.073+0700] {logging_mixin.py:188} INFO - [2024-05-24T17:18:07.070+0700] {dag.py:3954} INFO - Setting next_dagrun for consume_1_or_both_2_and_3_with_dataset_expressions to None, run_after=None
[2024-05-24T17:18:07.088+0700] {logging_mixin.py:188} INFO - [2024-05-24T17:18:07.084+0700] {dag.py:3954} INFO - Setting next_dagrun for dataset_consumes_1 to None, run_after=None
[2024-05-24T17:18:07.100+0700] {logging_mixin.py:188} INFO - [2024-05-24T17:18:07.097+0700] {dag.py:3954} INFO - Setting next_dagrun for dataset_consumes_1_and_2 to None, run_after=None
[2024-05-24T17:18:07.115+0700] {logging_mixin.py:188} INFO - [2024-05-24T17:18:07.112+0700] {dag.py:3954} INFO - Setting next_dagrun for dataset_consumes_1_never_scheduled to None, run_after=None
[2024-05-24T17:18:07.129+0700] {logging_mixin.py:188} INFO - [2024-05-24T17:18:07.126+0700] {dag.py:3954} INFO - Setting next_dagrun for dataset_consumes_unknown_never_scheduled to None, run_after=None
[2024-05-24T17:18:07.148+0700] {logging_mixin.py:188} INFO - [2024-05-24T17:18:07.145+0700] {dag.py:3954} INFO - Setting next_dagrun for dataset_produces_1 to 2024-05-23 00:00:00+00:00, run_after=2024-05-24 00:00:00+00:00
[2024-05-24T17:18:07.162+0700] {logging_mixin.py:188} INFO - [2024-05-24T17:18:07.159+0700] {dag.py:3954} INFO - Setting next_dagrun for dataset_produces_2 to None, run_after=None
[2024-05-24T17:18:07.466+0700] {processor.py:183} INFO - Processing /mnt/d/Programming/Vietnamese-Text-Generator/airflow_env/lib/python3.10/site-packages/airflow/example_dags/example_datasets.py took 1.006 seconds
[2024-05-24T17:20:22.644+0700] {processor.py:161} INFO - Started process (PID=6779) to work on /mnt/d/Programming/Vietnamese-Text-Generator/airflow_env/lib/python3.10/site-packages/airflow/example_dags/example_datasets.py
[2024-05-24T17:20:22.651+0700] {processor.py:830} INFO - Processing file /mnt/d/Programming/Vietnamese-Text-Generator/airflow_env/lib/python3.10/site-packages/airflow/example_dags/example_datasets.py for tasks to queue
[2024-05-24T17:20:22.665+0700] {logging_mixin.py:188} INFO - [2024-05-24T17:20:22.661+0700] {dagbag.py:540} INFO - Filling up the DagBag from /mnt/d/Programming/Vietnamese-Text-Generator/airflow_env/lib/python3.10/site-packages/airflow/example_dags/example_datasets.py
[2024-05-24T17:20:22.824+0700] {processor.py:840} INFO - DAG(s) 'conditional_dataset_and_time_based_timetable', 'dataset_produces_1', 'dataset_consumes_1_and_2', 'consume_1_or_both_2_and_3_with_dataset_expressions', 'dataset_consumes_unknown_never_scheduled', 'consume_1_and_2_with_dataset_expressions', 'dataset_consumes_1_never_scheduled', 'consume_1_or_2_with_dataset_expressions', 'dataset_produces_2', 'dataset_consumes_1' retrieved from /mnt/d/Programming/Vietnamese-Text-Generator/airflow_env/lib/python3.10/site-packages/airflow/example_dags/example_datasets.py
[2024-05-24T17:20:23.111+0700] {logging_mixin.py:188} INFO - [2024-05-24T17:20:23.108+0700] {dag.py:3096} INFO - Sync 10 DAGs
[2024-05-24T17:20:23.221+0700] {logging_mixin.py:188} INFO - [2024-05-24T17:20:23.217+0700] {dag.py:3954} INFO - Setting next_dagrun for conditional_dataset_and_time_based_timetable to 2024-05-22 01:00:00+00:00, run_after=2024-05-22 01:00:00+00:00
[2024-05-24T17:20:23.245+0700] {logging_mixin.py:188} INFO - [2024-05-24T17:20:23.241+0700] {dag.py:3954} INFO - Setting next_dagrun for consume_1_and_2_with_dataset_expressions to None, run_after=None
[2024-05-24T17:20:23.261+0700] {logging_mixin.py:188} INFO - [2024-05-24T17:20:23.257+0700] {dag.py:3954} INFO - Setting next_dagrun for consume_1_or_2_with_dataset_expressions to None, run_after=None
[2024-05-24T17:20:23.276+0700] {logging_mixin.py:188} INFO - [2024-05-24T17:20:23.274+0700] {dag.py:3954} INFO - Setting next_dagrun for consume_1_or_both_2_and_3_with_dataset_expressions to None, run_after=None
[2024-05-24T17:20:23.291+0700] {logging_mixin.py:188} INFO - [2024-05-24T17:20:23.287+0700] {dag.py:3954} INFO - Setting next_dagrun for dataset_consumes_1 to None, run_after=None
[2024-05-24T17:20:23.303+0700] {logging_mixin.py:188} INFO - [2024-05-24T17:20:23.301+0700] {dag.py:3954} INFO - Setting next_dagrun for dataset_consumes_1_and_2 to None, run_after=None
[2024-05-24T17:20:23.316+0700] {logging_mixin.py:188} INFO - [2024-05-24T17:20:23.314+0700] {dag.py:3954} INFO - Setting next_dagrun for dataset_consumes_1_never_scheduled to None, run_after=None
[2024-05-24T17:20:23.328+0700] {logging_mixin.py:188} INFO - [2024-05-24T17:20:23.326+0700] {dag.py:3954} INFO - Setting next_dagrun for dataset_consumes_unknown_never_scheduled to None, run_after=None
[2024-05-24T17:20:23.345+0700] {logging_mixin.py:188} INFO - [2024-05-24T17:20:23.341+0700] {dag.py:3954} INFO - Setting next_dagrun for dataset_produces_1 to 2024-05-23 00:00:00+00:00, run_after=2024-05-24 00:00:00+00:00
[2024-05-24T17:20:23.356+0700] {logging_mixin.py:188} INFO - [2024-05-24T17:20:23.354+0700] {dag.py:3954} INFO - Setting next_dagrun for dataset_produces_2 to None, run_after=None
[2024-05-24T17:20:23.590+0700] {processor.py:183} INFO - Processing /mnt/d/Programming/Vietnamese-Text-Generator/airflow_env/lib/python3.10/site-packages/airflow/example_dags/example_datasets.py took 1.000 seconds
[2024-05-24T17:22:37.889+0700] {processor.py:161} INFO - Started process (PID=7366) to work on /mnt/d/Programming/Vietnamese-Text-Generator/airflow_env/lib/python3.10/site-packages/airflow/example_dags/example_datasets.py
[2024-05-24T17:22:37.895+0700] {processor.py:830} INFO - Processing file /mnt/d/Programming/Vietnamese-Text-Generator/airflow_env/lib/python3.10/site-packages/airflow/example_dags/example_datasets.py for tasks to queue
[2024-05-24T17:22:37.907+0700] {logging_mixin.py:188} INFO - [2024-05-24T17:22:37.903+0700] {dagbag.py:540} INFO - Filling up the DagBag from /mnt/d/Programming/Vietnamese-Text-Generator/airflow_env/lib/python3.10/site-packages/airflow/example_dags/example_datasets.py
[2024-05-24T17:22:38.051+0700] {processor.py:840} INFO - DAG(s) 'consume_1_or_both_2_and_3_with_dataset_expressions', 'dataset_consumes_1_never_scheduled', 'dataset_consumes_1_and_2', 'consume_1_and_2_with_dataset_expressions', 'dataset_produces_2', 'dataset_produces_1', 'dataset_consumes_1', 'consume_1_or_2_with_dataset_expressions', 'dataset_consumes_unknown_never_scheduled', 'conditional_dataset_and_time_based_timetable' retrieved from /mnt/d/Programming/Vietnamese-Text-Generator/airflow_env/lib/python3.10/site-packages/airflow/example_dags/example_datasets.py
[2024-05-24T17:22:38.323+0700] {logging_mixin.py:188} INFO - [2024-05-24T17:22:38.320+0700] {dag.py:3096} INFO - Sync 10 DAGs
[2024-05-24T17:22:38.418+0700] {logging_mixin.py:188} INFO - [2024-05-24T17:22:38.415+0700] {dag.py:3954} INFO - Setting next_dagrun for conditional_dataset_and_time_based_timetable to 2024-05-22 01:00:00+00:00, run_after=2024-05-22 01:00:00+00:00
[2024-05-24T17:22:38.437+0700] {logging_mixin.py:188} INFO - [2024-05-24T17:22:38.434+0700] {dag.py:3954} INFO - Setting next_dagrun for consume_1_and_2_with_dataset_expressions to None, run_after=None
[2024-05-24T17:22:38.456+0700] {logging_mixin.py:188} INFO - [2024-05-24T17:22:38.453+0700] {dag.py:3954} INFO - Setting next_dagrun for consume_1_or_2_with_dataset_expressions to None, run_after=None
[2024-05-24T17:22:38.468+0700] {logging_mixin.py:188} INFO - [2024-05-24T17:22:38.465+0700] {dag.py:3954} INFO - Setting next_dagrun for consume_1_or_both_2_and_3_with_dataset_expressions to None, run_after=None
[2024-05-24T17:22:38.482+0700] {logging_mixin.py:188} INFO - [2024-05-24T17:22:38.479+0700] {dag.py:3954} INFO - Setting next_dagrun for dataset_consumes_1 to None, run_after=None
[2024-05-24T17:22:38.496+0700] {logging_mixin.py:188} INFO - [2024-05-24T17:22:38.493+0700] {dag.py:3954} INFO - Setting next_dagrun for dataset_consumes_1_and_2 to None, run_after=None
[2024-05-24T17:22:38.509+0700] {logging_mixin.py:188} INFO - [2024-05-24T17:22:38.506+0700] {dag.py:3954} INFO - Setting next_dagrun for dataset_consumes_1_never_scheduled to None, run_after=None
[2024-05-24T17:22:38.524+0700] {logging_mixin.py:188} INFO - [2024-05-24T17:22:38.521+0700] {dag.py:3954} INFO - Setting next_dagrun for dataset_consumes_unknown_never_scheduled to None, run_after=None
[2024-05-24T17:22:38.543+0700] {logging_mixin.py:188} INFO - [2024-05-24T17:22:38.539+0700] {dag.py:3954} INFO - Setting next_dagrun for dataset_produces_1 to 2024-05-23 00:00:00+00:00, run_after=2024-05-24 00:00:00+00:00
[2024-05-24T17:22:38.558+0700] {logging_mixin.py:188} INFO - [2024-05-24T17:22:38.554+0700] {dag.py:3954} INFO - Setting next_dagrun for dataset_produces_2 to None, run_after=None
[2024-05-24T17:22:38.860+0700] {processor.py:183} INFO - Processing /mnt/d/Programming/Vietnamese-Text-Generator/airflow_env/lib/python3.10/site-packages/airflow/example_dags/example_datasets.py took 1.016 seconds
[2024-05-24T17:24:44.873+0700] {processor.py:161} INFO - Started process (PID=7924) to work on /mnt/d/Programming/Vietnamese-Text-Generator/airflow_env/lib/python3.10/site-packages/airflow/example_dags/example_datasets.py
[2024-05-24T17:24:44.880+0700] {processor.py:830} INFO - Processing file /mnt/d/Programming/Vietnamese-Text-Generator/airflow_env/lib/python3.10/site-packages/airflow/example_dags/example_datasets.py for tasks to queue
[2024-05-24T17:24:44.891+0700] {logging_mixin.py:188} INFO - [2024-05-24T17:24:44.887+0700] {dagbag.py:540} INFO - Filling up the DagBag from /mnt/d/Programming/Vietnamese-Text-Generator/airflow_env/lib/python3.10/site-packages/airflow/example_dags/example_datasets.py
[2024-05-24T17:24:45.023+0700] {processor.py:840} INFO - DAG(s) 'conditional_dataset_and_time_based_timetable', 'dataset_consumes_1_and_2', 'dataset_consumes_1_never_scheduled', 'consume_1_or_2_with_dataset_expressions', 'dataset_produces_2', 'consume_1_or_both_2_and_3_with_dataset_expressions', 'dataset_produces_1', 'dataset_consumes_1', 'consume_1_and_2_with_dataset_expressions', 'dataset_consumes_unknown_never_scheduled' retrieved from /mnt/d/Programming/Vietnamese-Text-Generator/airflow_env/lib/python3.10/site-packages/airflow/example_dags/example_datasets.py
[2024-05-24T17:24:45.234+0700] {logging_mixin.py:188} INFO - [2024-05-24T17:24:45.233+0700] {dag.py:3096} INFO - Sync 10 DAGs
[2024-05-24T17:24:45.267+0700] {logging_mixin.py:188} INFO - [2024-05-24T17:24:45.266+0700] {dag.py:3954} INFO - Setting next_dagrun for conditional_dataset_and_time_based_timetable to 2024-05-22 01:00:00+00:00, run_after=2024-05-22 01:00:00+00:00
[2024-05-24T17:24:45.273+0700] {logging_mixin.py:188} INFO - [2024-05-24T17:24:45.272+0700] {dag.py:3954} INFO - Setting next_dagrun for consume_1_and_2_with_dataset_expressions to None, run_after=None
[2024-05-24T17:24:45.276+0700] {logging_mixin.py:188} INFO - [2024-05-24T17:24:45.276+0700] {dag.py:3954} INFO - Setting next_dagrun for consume_1_or_2_with_dataset_expressions to None, run_after=None
[2024-05-24T17:24:45.280+0700] {logging_mixin.py:188} INFO - [2024-05-24T17:24:45.279+0700] {dag.py:3954} INFO - Setting next_dagrun for consume_1_or_both_2_and_3_with_dataset_expressions to None, run_after=None
[2024-05-24T17:24:45.284+0700] {logging_mixin.py:188} INFO - [2024-05-24T17:24:45.283+0700] {dag.py:3954} INFO - Setting next_dagrun for dataset_consumes_1 to None, run_after=None
[2024-05-24T17:24:45.288+0700] {logging_mixin.py:188} INFO - [2024-05-24T17:24:45.287+0700] {dag.py:3954} INFO - Setting next_dagrun for dataset_consumes_1_and_2 to None, run_after=None
[2024-05-24T17:24:45.291+0700] {logging_mixin.py:188} INFO - [2024-05-24T17:24:45.290+0700] {dag.py:3954} INFO - Setting next_dagrun for dataset_consumes_1_never_scheduled to None, run_after=None
[2024-05-24T17:24:45.295+0700] {logging_mixin.py:188} INFO - [2024-05-24T17:24:45.294+0700] {dag.py:3954} INFO - Setting next_dagrun for dataset_consumes_unknown_never_scheduled to None, run_after=None
[2024-05-24T17:24:45.299+0700] {logging_mixin.py:188} INFO - [2024-05-24T17:24:45.299+0700] {dag.py:3954} INFO - Setting next_dagrun for dataset_produces_1 to 2024-05-23 00:00:00+00:00, run_after=2024-05-24 00:00:00+00:00
[2024-05-24T17:24:45.304+0700] {logging_mixin.py:188} INFO - [2024-05-24T17:24:45.303+0700] {dag.py:3954} INFO - Setting next_dagrun for dataset_produces_2 to None, run_after=None
[2024-05-24T17:24:45.394+0700] {processor.py:183} INFO - Processing /mnt/d/Programming/Vietnamese-Text-Generator/airflow_env/lib/python3.10/site-packages/airflow/example_dags/example_datasets.py took 0.571 seconds
[2024-05-24T17:47:55.118+0700] {processor.py:161} INFO - Started process (PID=8363) to work on /mnt/d/Programming/Vietnamese-Text-Generator/airflow_env/lib/python3.10/site-packages/airflow/example_dags/example_datasets.py
[2024-05-24T17:47:55.119+0700] {processor.py:830} INFO - Processing file /mnt/d/Programming/Vietnamese-Text-Generator/airflow_env/lib/python3.10/site-packages/airflow/example_dags/example_datasets.py for tasks to queue
[2024-05-24T17:47:55.123+0700] {logging_mixin.py:188} INFO - [2024-05-24T17:47:55.122+0700] {dagbag.py:540} INFO - Filling up the DagBag from /mnt/d/Programming/Vietnamese-Text-Generator/airflow_env/lib/python3.10/site-packages/airflow/example_dags/example_datasets.py
[2024-05-24T17:47:55.160+0700] {processor.py:840} INFO - DAG(s) 'dataset_produces_2', 'consume_1_or_2_with_dataset_expressions', 'dataset_consumes_1', 'consume_1_or_both_2_and_3_with_dataset_expressions', 'dataset_consumes_unknown_never_scheduled', 'conditional_dataset_and_time_based_timetable', 'consume_1_and_2_with_dataset_expressions', 'dataset_produces_1', 'dataset_consumes_1_never_scheduled', 'dataset_consumes_1_and_2' retrieved from /mnt/d/Programming/Vietnamese-Text-Generator/airflow_env/lib/python3.10/site-packages/airflow/example_dags/example_datasets.py
[2024-05-24T17:47:55.262+0700] {logging_mixin.py:188} INFO - [2024-05-24T17:47:55.260+0700] {dag.py:3096} INFO - Sync 10 DAGs
[2024-05-24T17:47:55.294+0700] {logging_mixin.py:188} INFO - [2024-05-24T17:47:55.292+0700] {dag.py:3954} INFO - Setting next_dagrun for conditional_dataset_and_time_based_timetable to 2024-05-22 01:00:00+00:00, run_after=2024-05-22 01:00:00+00:00
[2024-05-24T17:47:55.303+0700] {logging_mixin.py:188} INFO - [2024-05-24T17:47:55.302+0700] {dag.py:3954} INFO - Setting next_dagrun for consume_1_and_2_with_dataset_expressions to None, run_after=None
[2024-05-24T17:47:55.309+0700] {logging_mixin.py:188} INFO - [2024-05-24T17:47:55.308+0700] {dag.py:3954} INFO - Setting next_dagrun for consume_1_or_2_with_dataset_expressions to None, run_after=None
[2024-05-24T17:47:55.313+0700] {logging_mixin.py:188} INFO - [2024-05-24T17:47:55.312+0700] {dag.py:3954} INFO - Setting next_dagrun for consume_1_or_both_2_and_3_with_dataset_expressions to None, run_after=None
[2024-05-24T17:47:55.316+0700] {logging_mixin.py:188} INFO - [2024-05-24T17:47:55.315+0700] {dag.py:3954} INFO - Setting next_dagrun for dataset_consumes_1 to None, run_after=None
[2024-05-24T17:47:55.319+0700] {logging_mixin.py:188} INFO - [2024-05-24T17:47:55.318+0700] {dag.py:3954} INFO - Setting next_dagrun for dataset_consumes_1_and_2 to None, run_after=None
[2024-05-24T17:47:55.322+0700] {logging_mixin.py:188} INFO - [2024-05-24T17:47:55.322+0700] {dag.py:3954} INFO - Setting next_dagrun for dataset_consumes_1_never_scheduled to None, run_after=None
[2024-05-24T17:47:55.325+0700] {logging_mixin.py:188} INFO - [2024-05-24T17:47:55.325+0700] {dag.py:3954} INFO - Setting next_dagrun for dataset_consumes_unknown_never_scheduled to None, run_after=None
[2024-05-24T17:47:55.329+0700] {logging_mixin.py:188} INFO - [2024-05-24T17:47:55.329+0700] {dag.py:3954} INFO - Setting next_dagrun for dataset_produces_1 to 2024-05-23 00:00:00+00:00, run_after=2024-05-24 00:00:00+00:00
[2024-05-24T17:47:55.333+0700] {logging_mixin.py:188} INFO - [2024-05-24T17:47:55.332+0700] {dag.py:3954} INFO - Setting next_dagrun for dataset_produces_2 to None, run_after=None
[2024-05-24T17:47:55.423+0700] {processor.py:183} INFO - Processing /mnt/d/Programming/Vietnamese-Text-Generator/airflow_env/lib/python3.10/site-packages/airflow/example_dags/example_datasets.py took 0.316 seconds
[2024-05-24T17:49:45.829+0700] {processor.py:161} INFO - Started process (PID=8848) to work on /mnt/d/Programming/Vietnamese-Text-Generator/airflow_env/lib/python3.10/site-packages/airflow/example_dags/example_datasets.py
[2024-05-24T17:49:45.836+0700] {processor.py:830} INFO - Processing file /mnt/d/Programming/Vietnamese-Text-Generator/airflow_env/lib/python3.10/site-packages/airflow/example_dags/example_datasets.py for tasks to queue
[2024-05-24T17:49:45.850+0700] {logging_mixin.py:188} INFO - [2024-05-24T17:49:45.845+0700] {dagbag.py:540} INFO - Filling up the DagBag from /mnt/d/Programming/Vietnamese-Text-Generator/airflow_env/lib/python3.10/site-packages/airflow/example_dags/example_datasets.py
[2024-05-24T17:49:45.953+0700] {processor.py:840} INFO - DAG(s) 'dataset_produces_1', 'dataset_produces_2', 'dataset_consumes_unknown_never_scheduled', 'consume_1_or_2_with_dataset_expressions', 'consume_1_or_both_2_and_3_with_dataset_expressions', 'consume_1_and_2_with_dataset_expressions', 'conditional_dataset_and_time_based_timetable', 'dataset_consumes_1_never_scheduled', 'dataset_consumes_1_and_2', 'dataset_consumes_1' retrieved from /mnt/d/Programming/Vietnamese-Text-Generator/airflow_env/lib/python3.10/site-packages/airflow/example_dags/example_datasets.py
[2024-05-24T17:49:46.069+0700] {logging_mixin.py:188} INFO - [2024-05-24T17:49:46.067+0700] {dag.py:3096} INFO - Sync 10 DAGs
[2024-05-24T17:49:46.116+0700] {logging_mixin.py:188} INFO - [2024-05-24T17:49:46.115+0700] {dag.py:3954} INFO - Setting next_dagrun for conditional_dataset_and_time_based_timetable to 2024-05-22 01:00:00+00:00, run_after=2024-05-22 01:00:00+00:00
[2024-05-24T17:49:46.126+0700] {logging_mixin.py:188} INFO - [2024-05-24T17:49:46.125+0700] {dag.py:3954} INFO - Setting next_dagrun for consume_1_and_2_with_dataset_expressions to None, run_after=None
[2024-05-24T17:49:46.134+0700] {logging_mixin.py:188} INFO - [2024-05-24T17:49:46.132+0700] {dag.py:3954} INFO - Setting next_dagrun for consume_1_or_2_with_dataset_expressions to None, run_after=None
[2024-05-24T17:49:46.140+0700] {logging_mixin.py:188} INFO - [2024-05-24T17:49:46.139+0700] {dag.py:3954} INFO - Setting next_dagrun for consume_1_or_both_2_and_3_with_dataset_expressions to None, run_after=None
[2024-05-24T17:49:46.147+0700] {logging_mixin.py:188} INFO - [2024-05-24T17:49:46.145+0700] {dag.py:3954} INFO - Setting next_dagrun for dataset_consumes_1 to None, run_after=None
[2024-05-24T17:49:46.154+0700] {logging_mixin.py:188} INFO - [2024-05-24T17:49:46.152+0700] {dag.py:3954} INFO - Setting next_dagrun for dataset_consumes_1_and_2 to None, run_after=None
[2024-05-24T17:49:46.161+0700] {logging_mixin.py:188} INFO - [2024-05-24T17:49:46.159+0700] {dag.py:3954} INFO - Setting next_dagrun for dataset_consumes_1_never_scheduled to None, run_after=None
[2024-05-24T17:49:46.171+0700] {logging_mixin.py:188} INFO - [2024-05-24T17:49:46.168+0700] {dag.py:3954} INFO - Setting next_dagrun for dataset_consumes_unknown_never_scheduled to None, run_after=None
[2024-05-24T17:49:46.182+0700] {logging_mixin.py:188} INFO - [2024-05-24T17:49:46.179+0700] {dag.py:3954} INFO - Setting next_dagrun for dataset_produces_1 to 2024-05-23 00:00:00+00:00, run_after=2024-05-24 00:00:00+00:00
[2024-05-24T17:49:46.189+0700] {logging_mixin.py:188} INFO - [2024-05-24T17:49:46.188+0700] {dag.py:3954} INFO - Setting next_dagrun for dataset_produces_2 to None, run_after=None
[2024-05-24T17:49:46.306+0700] {processor.py:183} INFO - Processing /mnt/d/Programming/Vietnamese-Text-Generator/airflow_env/lib/python3.10/site-packages/airflow/example_dags/example_datasets.py took 0.535 seconds
[2024-05-24T17:52:05.214+0700] {processor.py:161} INFO - Started process (PID=9458) to work on /mnt/d/Programming/Vietnamese-Text-Generator/airflow_env/lib/python3.10/site-packages/airflow/example_dags/example_datasets.py
[2024-05-24T17:52:05.217+0700] {processor.py:830} INFO - Processing file /mnt/d/Programming/Vietnamese-Text-Generator/airflow_env/lib/python3.10/site-packages/airflow/example_dags/example_datasets.py for tasks to queue
[2024-05-24T17:52:05.226+0700] {logging_mixin.py:188} INFO - [2024-05-24T17:52:05.224+0700] {dagbag.py:540} INFO - Filling up the DagBag from /mnt/d/Programming/Vietnamese-Text-Generator/airflow_env/lib/python3.10/site-packages/airflow/example_dags/example_datasets.py
[2024-05-24T17:52:05.297+0700] {processor.py:840} INFO - DAG(s) 'consume_1_or_both_2_and_3_with_dataset_expressions', 'consume_1_and_2_with_dataset_expressions', 'dataset_consumes_1_and_2', 'dataset_consumes_unknown_never_scheduled', 'dataset_produces_1', 'dataset_consumes_1_never_scheduled', 'dataset_consumes_1', 'consume_1_or_2_with_dataset_expressions', 'conditional_dataset_and_time_based_timetable', 'dataset_produces_2' retrieved from /mnt/d/Programming/Vietnamese-Text-Generator/airflow_env/lib/python3.10/site-packages/airflow/example_dags/example_datasets.py
[2024-05-24T17:52:05.459+0700] {logging_mixin.py:188} INFO - [2024-05-24T17:52:05.457+0700] {dag.py:3096} INFO - Sync 10 DAGs
[2024-05-24T17:52:05.502+0700] {logging_mixin.py:188} INFO - [2024-05-24T17:52:05.501+0700] {dag.py:3954} INFO - Setting next_dagrun for conditional_dataset_and_time_based_timetable to 2024-05-22 01:00:00+00:00, run_after=2024-05-22 01:00:00+00:00
[2024-05-24T17:52:05.512+0700] {logging_mixin.py:188} INFO - [2024-05-24T17:52:05.510+0700] {dag.py:3954} INFO - Setting next_dagrun for consume_1_and_2_with_dataset_expressions to None, run_after=None
[2024-05-24T17:52:05.516+0700] {logging_mixin.py:188} INFO - [2024-05-24T17:52:05.515+0700] {dag.py:3954} INFO - Setting next_dagrun for consume_1_or_2_with_dataset_expressions to None, run_after=None
[2024-05-24T17:52:05.520+0700] {logging_mixin.py:188} INFO - [2024-05-24T17:52:05.519+0700] {dag.py:3954} INFO - Setting next_dagrun for consume_1_or_both_2_and_3_with_dataset_expressions to None, run_after=None
[2024-05-24T17:52:05.525+0700] {logging_mixin.py:188} INFO - [2024-05-24T17:52:05.524+0700] {dag.py:3954} INFO - Setting next_dagrun for dataset_consumes_1 to None, run_after=None
[2024-05-24T17:52:05.530+0700] {logging_mixin.py:188} INFO - [2024-05-24T17:52:05.529+0700] {dag.py:3954} INFO - Setting next_dagrun for dataset_consumes_1_and_2 to None, run_after=None
[2024-05-24T17:52:05.535+0700] {logging_mixin.py:188} INFO - [2024-05-24T17:52:05.534+0700] {dag.py:3954} INFO - Setting next_dagrun for dataset_consumes_1_never_scheduled to None, run_after=None
[2024-05-24T17:52:05.541+0700] {logging_mixin.py:188} INFO - [2024-05-24T17:52:05.540+0700] {dag.py:3954} INFO - Setting next_dagrun for dataset_consumes_unknown_never_scheduled to None, run_after=None
[2024-05-24T17:52:05.548+0700] {logging_mixin.py:188} INFO - [2024-05-24T17:52:05.547+0700] {dag.py:3954} INFO - Setting next_dagrun for dataset_produces_1 to 2024-05-23 00:00:00+00:00, run_after=2024-05-24 00:00:00+00:00
[2024-05-24T17:52:05.554+0700] {logging_mixin.py:188} INFO - [2024-05-24T17:52:05.552+0700] {dag.py:3954} INFO - Setting next_dagrun for dataset_produces_2 to None, run_after=None
[2024-05-24T17:52:05.691+0700] {processor.py:183} INFO - Processing /mnt/d/Programming/Vietnamese-Text-Generator/airflow_env/lib/python3.10/site-packages/airflow/example_dags/example_datasets.py took 0.500 seconds
[2024-05-24T17:54:19.938+0700] {processor.py:161} INFO - Started process (PID=10044) to work on /mnt/d/Programming/Vietnamese-Text-Generator/airflow_env/lib/python3.10/site-packages/airflow/example_dags/example_datasets.py
[2024-05-24T17:54:19.944+0700] {processor.py:830} INFO - Processing file /mnt/d/Programming/Vietnamese-Text-Generator/airflow_env/lib/python3.10/site-packages/airflow/example_dags/example_datasets.py for tasks to queue
[2024-05-24T17:54:19.956+0700] {logging_mixin.py:188} INFO - [2024-05-24T17:54:19.952+0700] {dagbag.py:540} INFO - Filling up the DagBag from /mnt/d/Programming/Vietnamese-Text-Generator/airflow_env/lib/python3.10/site-packages/airflow/example_dags/example_datasets.py
[2024-05-24T17:54:20.100+0700] {processor.py:840} INFO - DAG(s) 'dataset_consumes_1', 'dataset_consumes_1_and_2', 'consume_1_or_both_2_and_3_with_dataset_expressions', 'dataset_consumes_unknown_never_scheduled', 'dataset_produces_2', 'conditional_dataset_and_time_based_timetable', 'consume_1_or_2_with_dataset_expressions', 'consume_1_and_2_with_dataset_expressions', 'dataset_consumes_1_never_scheduled', 'dataset_produces_1' retrieved from /mnt/d/Programming/Vietnamese-Text-Generator/airflow_env/lib/python3.10/site-packages/airflow/example_dags/example_datasets.py
[2024-05-24T17:54:20.357+0700] {logging_mixin.py:188} INFO - [2024-05-24T17:54:20.354+0700] {dag.py:3096} INFO - Sync 10 DAGs
[2024-05-24T17:54:20.456+0700] {logging_mixin.py:188} INFO - [2024-05-24T17:54:20.452+0700] {dag.py:3954} INFO - Setting next_dagrun for conditional_dataset_and_time_based_timetable to 2024-05-22 01:00:00+00:00, run_after=2024-05-22 01:00:00+00:00
[2024-05-24T17:54:20.478+0700] {logging_mixin.py:188} INFO - [2024-05-24T17:54:20.475+0700] {dag.py:3954} INFO - Setting next_dagrun for consume_1_and_2_with_dataset_expressions to None, run_after=None
[2024-05-24T17:54:20.493+0700] {logging_mixin.py:188} INFO - [2024-05-24T17:54:20.489+0700] {dag.py:3954} INFO - Setting next_dagrun for consume_1_or_2_with_dataset_expressions to None, run_after=None
[2024-05-24T17:54:20.508+0700] {logging_mixin.py:188} INFO - [2024-05-24T17:54:20.504+0700] {dag.py:3954} INFO - Setting next_dagrun for consume_1_or_both_2_and_3_with_dataset_expressions to None, run_after=None
[2024-05-24T17:54:20.523+0700] {logging_mixin.py:188} INFO - [2024-05-24T17:54:20.520+0700] {dag.py:3954} INFO - Setting next_dagrun for dataset_consumes_1 to None, run_after=None
[2024-05-24T17:54:20.538+0700] {logging_mixin.py:188} INFO - [2024-05-24T17:54:20.535+0700] {dag.py:3954} INFO - Setting next_dagrun for dataset_consumes_1_and_2 to None, run_after=None
[2024-05-24T17:54:20.554+0700] {logging_mixin.py:188} INFO - [2024-05-24T17:54:20.550+0700] {dag.py:3954} INFO - Setting next_dagrun for dataset_consumes_1_never_scheduled to None, run_after=None
[2024-05-24T17:54:20.569+0700] {logging_mixin.py:188} INFO - [2024-05-24T17:54:20.566+0700] {dag.py:3954} INFO - Setting next_dagrun for dataset_consumes_unknown_never_scheduled to None, run_after=None
[2024-05-24T17:54:20.588+0700] {logging_mixin.py:188} INFO - [2024-05-24T17:54:20.585+0700] {dag.py:3954} INFO - Setting next_dagrun for dataset_produces_1 to 2024-05-23 00:00:00+00:00, run_after=2024-05-24 00:00:00+00:00
[2024-05-24T17:54:20.603+0700] {logging_mixin.py:188} INFO - [2024-05-24T17:54:20.600+0700] {dag.py:3954} INFO - Setting next_dagrun for dataset_produces_2 to None, run_after=None
[2024-05-24T17:54:20.884+0700] {processor.py:183} INFO - Processing /mnt/d/Programming/Vietnamese-Text-Generator/airflow_env/lib/python3.10/site-packages/airflow/example_dags/example_datasets.py took 0.989 seconds
[2024-05-24T17:56:40.691+0700] {processor.py:161} INFO - Started process (PID=10660) to work on /mnt/d/Programming/Vietnamese-Text-Generator/airflow_env/lib/python3.10/site-packages/airflow/example_dags/example_datasets.py
[2024-05-24T17:56:40.695+0700] {processor.py:830} INFO - Processing file /mnt/d/Programming/Vietnamese-Text-Generator/airflow_env/lib/python3.10/site-packages/airflow/example_dags/example_datasets.py for tasks to queue
[2024-05-24T17:56:40.704+0700] {logging_mixin.py:188} INFO - [2024-05-24T17:56:40.701+0700] {dagbag.py:540} INFO - Filling up the DagBag from /mnt/d/Programming/Vietnamese-Text-Generator/airflow_env/lib/python3.10/site-packages/airflow/example_dags/example_datasets.py
[2024-05-24T17:56:40.821+0700] {processor.py:840} INFO - DAG(s) 'dataset_consumes_1', 'dataset_produces_1', 'dataset_consumes_unknown_never_scheduled', 'conditional_dataset_and_time_based_timetable', 'consume_1_and_2_with_dataset_expressions', 'consume_1_or_both_2_and_3_with_dataset_expressions', 'dataset_consumes_1_never_scheduled', 'dataset_consumes_1_and_2', 'consume_1_or_2_with_dataset_expressions', 'dataset_produces_2' retrieved from /mnt/d/Programming/Vietnamese-Text-Generator/airflow_env/lib/python3.10/site-packages/airflow/example_dags/example_datasets.py
[2024-05-24T17:56:41.077+0700] {logging_mixin.py:188} INFO - [2024-05-24T17:56:41.074+0700] {dag.py:3096} INFO - Sync 10 DAGs
[2024-05-24T17:56:41.173+0700] {logging_mixin.py:188} INFO - [2024-05-24T17:56:41.170+0700] {dag.py:3954} INFO - Setting next_dagrun for conditional_dataset_and_time_based_timetable to 2024-05-22 01:00:00+00:00, run_after=2024-05-22 01:00:00+00:00
[2024-05-24T17:56:41.195+0700] {logging_mixin.py:188} INFO - [2024-05-24T17:56:41.192+0700] {dag.py:3954} INFO - Setting next_dagrun for consume_1_and_2_with_dataset_expressions to None, run_after=None
[2024-05-24T17:56:41.208+0700] {logging_mixin.py:188} INFO - [2024-05-24T17:56:41.205+0700] {dag.py:3954} INFO - Setting next_dagrun for consume_1_or_2_with_dataset_expressions to None, run_after=None
[2024-05-24T17:56:41.218+0700] {logging_mixin.py:188} INFO - [2024-05-24T17:56:41.216+0700] {dag.py:3954} INFO - Setting next_dagrun for consume_1_or_both_2_and_3_with_dataset_expressions to None, run_after=None
[2024-05-24T17:56:41.226+0700] {logging_mixin.py:188} INFO - [2024-05-24T17:56:41.224+0700] {dag.py:3954} INFO - Setting next_dagrun for dataset_consumes_1 to None, run_after=None
[2024-05-24T17:56:41.233+0700] {logging_mixin.py:188} INFO - [2024-05-24T17:56:41.231+0700] {dag.py:3954} INFO - Setting next_dagrun for dataset_consumes_1_and_2 to None, run_after=None
[2024-05-24T17:56:41.241+0700] {logging_mixin.py:188} INFO - [2024-05-24T17:56:41.239+0700] {dag.py:3954} INFO - Setting next_dagrun for dataset_consumes_1_never_scheduled to None, run_after=None
[2024-05-24T17:56:41.248+0700] {logging_mixin.py:188} INFO - [2024-05-24T17:56:41.247+0700] {dag.py:3954} INFO - Setting next_dagrun for dataset_consumes_unknown_never_scheduled to None, run_after=None
[2024-05-24T17:56:41.258+0700] {logging_mixin.py:188} INFO - [2024-05-24T17:56:41.257+0700] {dag.py:3954} INFO - Setting next_dagrun for dataset_produces_1 to 2024-05-23 00:00:00+00:00, run_after=2024-05-24 00:00:00+00:00
[2024-05-24T17:56:41.266+0700] {logging_mixin.py:188} INFO - [2024-05-24T17:56:41.264+0700] {dag.py:3954} INFO - Setting next_dagrun for dataset_produces_2 to None, run_after=None
[2024-05-24T17:56:41.478+0700] {processor.py:183} INFO - Processing /mnt/d/Programming/Vietnamese-Text-Generator/airflow_env/lib/python3.10/site-packages/airflow/example_dags/example_datasets.py took 0.819 seconds
[2024-05-24T17:58:54.678+0700] {processor.py:161} INFO - Started process (PID=11245) to work on /mnt/d/Programming/Vietnamese-Text-Generator/airflow_env/lib/python3.10/site-packages/airflow/example_dags/example_datasets.py
[2024-05-24T17:58:54.685+0700] {processor.py:830} INFO - Processing file /mnt/d/Programming/Vietnamese-Text-Generator/airflow_env/lib/python3.10/site-packages/airflow/example_dags/example_datasets.py for tasks to queue
[2024-05-24T17:58:54.697+0700] {logging_mixin.py:188} INFO - [2024-05-24T17:58:54.694+0700] {dagbag.py:540} INFO - Filling up the DagBag from /mnt/d/Programming/Vietnamese-Text-Generator/airflow_env/lib/python3.10/site-packages/airflow/example_dags/example_datasets.py
[2024-05-24T17:58:54.842+0700] {processor.py:840} INFO - DAG(s) 'dataset_consumes_1_and_2', 'dataset_consumes_unknown_never_scheduled', 'dataset_consumes_1_never_scheduled', 'dataset_consumes_1', 'consume_1_or_2_with_dataset_expressions', 'consume_1_or_both_2_and_3_with_dataset_expressions', 'dataset_produces_2', 'conditional_dataset_and_time_based_timetable', 'dataset_produces_1', 'consume_1_and_2_with_dataset_expressions' retrieved from /mnt/d/Programming/Vietnamese-Text-Generator/airflow_env/lib/python3.10/site-packages/airflow/example_dags/example_datasets.py
[2024-05-24T17:58:55.114+0700] {logging_mixin.py:188} INFO - [2024-05-24T17:58:55.111+0700] {dag.py:3096} INFO - Sync 10 DAGs
[2024-05-24T17:58:55.206+0700] {logging_mixin.py:188} INFO - [2024-05-24T17:58:55.202+0700] {dag.py:3954} INFO - Setting next_dagrun for conditional_dataset_and_time_based_timetable to 2024-05-22 01:00:00+00:00, run_after=2024-05-22 01:00:00+00:00
[2024-05-24T17:58:55.228+0700] {logging_mixin.py:188} INFO - [2024-05-24T17:58:55.224+0700] {dag.py:3954} INFO - Setting next_dagrun for consume_1_and_2_with_dataset_expressions to None, run_after=None
[2024-05-24T17:58:55.243+0700] {logging_mixin.py:188} INFO - [2024-05-24T17:58:55.239+0700] {dag.py:3954} INFO - Setting next_dagrun for consume_1_or_2_with_dataset_expressions to None, run_after=None
[2024-05-24T17:58:55.258+0700] {logging_mixin.py:188} INFO - [2024-05-24T17:58:55.255+0700] {dag.py:3954} INFO - Setting next_dagrun for consume_1_or_both_2_and_3_with_dataset_expressions to None, run_after=None
[2024-05-24T17:58:55.272+0700] {logging_mixin.py:188} INFO - [2024-05-24T17:58:55.269+0700] {dag.py:3954} INFO - Setting next_dagrun for dataset_consumes_1 to None, run_after=None
[2024-05-24T17:58:55.287+0700] {logging_mixin.py:188} INFO - [2024-05-24T17:58:55.284+0700] {dag.py:3954} INFO - Setting next_dagrun for dataset_consumes_1_and_2 to None, run_after=None
[2024-05-24T17:58:55.302+0700] {logging_mixin.py:188} INFO - [2024-05-24T17:58:55.299+0700] {dag.py:3954} INFO - Setting next_dagrun for dataset_consumes_1_never_scheduled to None, run_after=None
[2024-05-24T17:58:55.317+0700] {logging_mixin.py:188} INFO - [2024-05-24T17:58:55.314+0700] {dag.py:3954} INFO - Setting next_dagrun for dataset_consumes_unknown_never_scheduled to None, run_after=None
[2024-05-24T17:58:55.335+0700] {logging_mixin.py:188} INFO - [2024-05-24T17:58:55.332+0700] {dag.py:3954} INFO - Setting next_dagrun for dataset_produces_1 to 2024-05-23 00:00:00+00:00, run_after=2024-05-24 00:00:00+00:00
[2024-05-24T17:58:55.350+0700] {logging_mixin.py:188} INFO - [2024-05-24T17:58:55.346+0700] {dag.py:3954} INFO - Setting next_dagrun for dataset_produces_2 to None, run_after=None
[2024-05-24T17:58:55.647+0700] {processor.py:183} INFO - Processing /mnt/d/Programming/Vietnamese-Text-Generator/airflow_env/lib/python3.10/site-packages/airflow/example_dags/example_datasets.py took 1.016 seconds
[2024-05-24T18:01:11.825+0700] {processor.py:161} INFO - Started process (PID=11841) to work on /mnt/d/Programming/Vietnamese-Text-Generator/airflow_env/lib/python3.10/site-packages/airflow/example_dags/example_datasets.py
[2024-05-24T18:01:11.831+0700] {processor.py:830} INFO - Processing file /mnt/d/Programming/Vietnamese-Text-Generator/airflow_env/lib/python3.10/site-packages/airflow/example_dags/example_datasets.py for tasks to queue
[2024-05-24T18:01:11.842+0700] {logging_mixin.py:188} INFO - [2024-05-24T18:01:11.838+0700] {dagbag.py:540} INFO - Filling up the DagBag from /mnt/d/Programming/Vietnamese-Text-Generator/airflow_env/lib/python3.10/site-packages/airflow/example_dags/example_datasets.py
[2024-05-24T18:01:11.983+0700] {processor.py:840} INFO - DAG(s) 'consume_1_or_both_2_and_3_with_dataset_expressions', 'conditional_dataset_and_time_based_timetable', 'consume_1_and_2_with_dataset_expressions', 'dataset_consumes_1', 'dataset_consumes_1_never_scheduled', 'dataset_produces_2', 'dataset_produces_1', 'dataset_consumes_unknown_never_scheduled', 'consume_1_or_2_with_dataset_expressions', 'dataset_consumes_1_and_2' retrieved from /mnt/d/Programming/Vietnamese-Text-Generator/airflow_env/lib/python3.10/site-packages/airflow/example_dags/example_datasets.py
[2024-05-24T18:01:12.230+0700] {logging_mixin.py:188} INFO - [2024-05-24T18:01:12.227+0700] {dag.py:3096} INFO - Sync 10 DAGs
[2024-05-24T18:01:12.319+0700] {logging_mixin.py:188} INFO - [2024-05-24T18:01:12.317+0700] {dag.py:3954} INFO - Setting next_dagrun for conditional_dataset_and_time_based_timetable to 2024-05-22 01:00:00+00:00, run_after=2024-05-22 01:00:00+00:00
[2024-05-24T18:01:12.339+0700] {logging_mixin.py:188} INFO - [2024-05-24T18:01:12.336+0700] {dag.py:3954} INFO - Setting next_dagrun for consume_1_and_2_with_dataset_expressions to None, run_after=None
[2024-05-24T18:01:12.351+0700] {logging_mixin.py:188} INFO - [2024-05-24T18:01:12.349+0700] {dag.py:3954} INFO - Setting next_dagrun for consume_1_or_2_with_dataset_expressions to None, run_after=None
[2024-05-24T18:01:12.364+0700] {logging_mixin.py:188} INFO - [2024-05-24T18:01:12.361+0700] {dag.py:3954} INFO - Setting next_dagrun for consume_1_or_both_2_and_3_with_dataset_expressions to None, run_after=None
[2024-05-24T18:01:12.376+0700] {logging_mixin.py:188} INFO - [2024-05-24T18:01:12.373+0700] {dag.py:3954} INFO - Setting next_dagrun for dataset_consumes_1 to None, run_after=None
[2024-05-24T18:01:12.389+0700] {logging_mixin.py:188} INFO - [2024-05-24T18:01:12.386+0700] {dag.py:3954} INFO - Setting next_dagrun for dataset_consumes_1_and_2 to None, run_after=None
[2024-05-24T18:01:12.401+0700] {logging_mixin.py:188} INFO - [2024-05-24T18:01:12.398+0700] {dag.py:3954} INFO - Setting next_dagrun for dataset_consumes_1_never_scheduled to None, run_after=None
[2024-05-24T18:01:12.413+0700] {logging_mixin.py:188} INFO - [2024-05-24T18:01:12.411+0700] {dag.py:3954} INFO - Setting next_dagrun for dataset_consumes_unknown_never_scheduled to None, run_after=None
[2024-05-24T18:01:12.430+0700] {logging_mixin.py:188} INFO - [2024-05-24T18:01:12.427+0700] {dag.py:3954} INFO - Setting next_dagrun for dataset_produces_1 to 2024-05-23 00:00:00+00:00, run_after=2024-05-24 00:00:00+00:00
[2024-05-24T18:01:12.443+0700] {logging_mixin.py:188} INFO - [2024-05-24T18:01:12.440+0700] {dag.py:3954} INFO - Setting next_dagrun for dataset_produces_2 to None, run_after=None
[2024-05-24T18:01:12.713+0700] {processor.py:183} INFO - Processing /mnt/d/Programming/Vietnamese-Text-Generator/airflow_env/lib/python3.10/site-packages/airflow/example_dags/example_datasets.py took 0.934 seconds
[2024-05-24T18:03:35.240+0700] {processor.py:161} INFO - Started process (PID=12466) to work on /mnt/d/Programming/Vietnamese-Text-Generator/airflow_env/lib/python3.10/site-packages/airflow/example_dags/example_datasets.py
[2024-05-24T18:03:35.246+0700] {processor.py:830} INFO - Processing file /mnt/d/Programming/Vietnamese-Text-Generator/airflow_env/lib/python3.10/site-packages/airflow/example_dags/example_datasets.py for tasks to queue
[2024-05-24T18:03:35.256+0700] {logging_mixin.py:188} INFO - [2024-05-24T18:03:35.253+0700] {dagbag.py:540} INFO - Filling up the DagBag from /mnt/d/Programming/Vietnamese-Text-Generator/airflow_env/lib/python3.10/site-packages/airflow/example_dags/example_datasets.py
[2024-05-24T18:03:35.401+0700] {processor.py:840} INFO - DAG(s) 'dataset_consumes_unknown_never_scheduled', 'dataset_consumes_1', 'dataset_produces_2', 'dataset_consumes_1_never_scheduled', 'dataset_consumes_1_and_2', 'consume_1_or_2_with_dataset_expressions', 'conditional_dataset_and_time_based_timetable', 'consume_1_or_both_2_and_3_with_dataset_expressions', 'dataset_produces_1', 'consume_1_and_2_with_dataset_expressions' retrieved from /mnt/d/Programming/Vietnamese-Text-Generator/airflow_env/lib/python3.10/site-packages/airflow/example_dags/example_datasets.py
[2024-05-24T18:03:35.676+0700] {logging_mixin.py:188} INFO - [2024-05-24T18:03:35.672+0700] {dag.py:3096} INFO - Sync 10 DAGs
[2024-05-24T18:03:35.771+0700] {logging_mixin.py:188} INFO - [2024-05-24T18:03:35.768+0700] {dag.py:3954} INFO - Setting next_dagrun for conditional_dataset_and_time_based_timetable to 2024-05-22 01:00:00+00:00, run_after=2024-05-22 01:00:00+00:00
[2024-05-24T18:03:35.793+0700] {logging_mixin.py:188} INFO - [2024-05-24T18:03:35.789+0700] {dag.py:3954} INFO - Setting next_dagrun for consume_1_and_2_with_dataset_expressions to None, run_after=None
[2024-05-24T18:03:35.810+0700] {logging_mixin.py:188} INFO - [2024-05-24T18:03:35.806+0700] {dag.py:3954} INFO - Setting next_dagrun for consume_1_or_2_with_dataset_expressions to None, run_after=None
[2024-05-24T18:03:35.825+0700] {logging_mixin.py:188} INFO - [2024-05-24T18:03:35.822+0700] {dag.py:3954} INFO - Setting next_dagrun for consume_1_or_both_2_and_3_with_dataset_expressions to None, run_after=None
[2024-05-24T18:03:35.839+0700] {logging_mixin.py:188} INFO - [2024-05-24T18:03:35.836+0700] {dag.py:3954} INFO - Setting next_dagrun for dataset_consumes_1 to None, run_after=None
[2024-05-24T18:03:35.854+0700] {logging_mixin.py:188} INFO - [2024-05-24T18:03:35.851+0700] {dag.py:3954} INFO - Setting next_dagrun for dataset_consumes_1_and_2 to None, run_after=None
[2024-05-24T18:03:35.869+0700] {logging_mixin.py:188} INFO - [2024-05-24T18:03:35.866+0700] {dag.py:3954} INFO - Setting next_dagrun for dataset_consumes_1_never_scheduled to None, run_after=None
[2024-05-24T18:03:35.883+0700] {logging_mixin.py:188} INFO - [2024-05-24T18:03:35.880+0700] {dag.py:3954} INFO - Setting next_dagrun for dataset_consumes_unknown_never_scheduled to None, run_after=None
[2024-05-24T18:03:35.902+0700] {logging_mixin.py:188} INFO - [2024-05-24T18:03:35.898+0700] {dag.py:3954} INFO - Setting next_dagrun for dataset_produces_1 to 2024-05-23 00:00:00+00:00, run_after=2024-05-24 00:00:00+00:00
[2024-05-24T18:03:35.917+0700] {logging_mixin.py:188} INFO - [2024-05-24T18:03:35.914+0700] {dag.py:3954} INFO - Setting next_dagrun for dataset_produces_2 to None, run_after=None
[2024-05-24T18:03:36.230+0700] {processor.py:183} INFO - Processing /mnt/d/Programming/Vietnamese-Text-Generator/airflow_env/lib/python3.10/site-packages/airflow/example_dags/example_datasets.py took 1.029 seconds
