[2024-05-24T17:02:02.549+0700] {processor.py:161} INFO - Started process (PID=1895) to work on /mnt/d/Programming/Vietnamese-Text-Generator/airflow_env/lib/python3.10/site-packages/airflow/example_dags/example_python_decorator.py
[2024-05-24T17:02:02.552+0700] {processor.py:830} INFO - Processing file /mnt/d/Programming/Vietnamese-Text-Generator/airflow_env/lib/python3.10/site-packages/airflow/example_dags/example_python_decorator.py for tasks to queue
[2024-05-24T17:02:02.557+0700] {logging_mixin.py:188} INFO - [2024-05-24T17:02:02.556+0700] {dagbag.py:540} INFO - Filling up the DagBag from /mnt/d/Programming/Vietnamese-Text-Generator/airflow_env/lib/python3.10/site-packages/airflow/example_dags/example_python_decorator.py
[2024-05-24T17:02:02.616+0700] {processor.py:840} INFO - DAG(s) 'example_python_decorator' retrieved from /mnt/d/Programming/Vietnamese-Text-Generator/airflow_env/lib/python3.10/site-packages/airflow/example_dags/example_python_decorator.py
[2024-05-24T17:02:04.063+0700] {logging_mixin.py:188} INFO - [2024-05-24T17:02:04.060+0700] {dag.py:3096} INFO - Sync 1 DAGs
[2024-05-24T17:02:04.099+0700] {logging_mixin.py:188} INFO - [2024-05-24T17:02:04.096+0700] {dag.py:3954} INFO - Setting next_dagrun for example_python_decorator to None, run_after=None
[2024-05-24T17:02:04.273+0700] {processor.py:183} INFO - Processing /mnt/d/Programming/Vietnamese-Text-Generator/airflow_env/lib/python3.10/site-packages/airflow/example_dags/example_python_decorator.py took 1.746 seconds
[2024-05-24T17:03:57.168+0700] {processor.py:161} INFO - Started process (PID=2385) to work on /mnt/d/Programming/Vietnamese-Text-Generator/airflow_env/lib/python3.10/site-packages/airflow/example_dags/example_python_decorator.py
[2024-05-24T17:03:57.174+0700] {processor.py:830} INFO - Processing file /mnt/d/Programming/Vietnamese-Text-Generator/airflow_env/lib/python3.10/site-packages/airflow/example_dags/example_python_decorator.py for tasks to queue
[2024-05-24T17:03:57.185+0700] {logging_mixin.py:188} INFO - [2024-05-24T17:03:57.181+0700] {dagbag.py:540} INFO - Filling up the DagBag from /mnt/d/Programming/Vietnamese-Text-Generator/airflow_env/lib/python3.10/site-packages/airflow/example_dags/example_python_decorator.py
[2024-05-24T17:03:57.315+0700] {processor.py:840} INFO - DAG(s) 'example_python_decorator' retrieved from /mnt/d/Programming/Vietnamese-Text-Generator/airflow_env/lib/python3.10/site-packages/airflow/example_dags/example_python_decorator.py
[2024-05-24T17:03:57.407+0700] {logging_mixin.py:188} INFO - [2024-05-24T17:03:57.405+0700] {dag.py:3096} INFO - Sync 1 DAGs
[2024-05-24T17:03:57.454+0700] {logging_mixin.py:188} INFO - [2024-05-24T17:03:57.451+0700] {dag.py:3954} INFO - Setting next_dagrun for example_python_decorator to None, run_after=None
[2024-05-24T17:03:57.645+0700] {processor.py:183} INFO - Processing /mnt/d/Programming/Vietnamese-Text-Generator/airflow_env/lib/python3.10/site-packages/airflow/example_dags/example_python_decorator.py took 0.516 seconds
[2024-05-24T17:06:14.050+0700] {processor.py:161} INFO - Started process (PID=2984) to work on /mnt/d/Programming/Vietnamese-Text-Generator/airflow_env/lib/python3.10/site-packages/airflow/example_dags/example_python_decorator.py
[2024-05-24T17:06:14.056+0700] {processor.py:830} INFO - Processing file /mnt/d/Programming/Vietnamese-Text-Generator/airflow_env/lib/python3.10/site-packages/airflow/example_dags/example_python_decorator.py for tasks to queue
[2024-05-24T17:06:14.067+0700] {logging_mixin.py:188} INFO - [2024-05-24T17:06:14.064+0700] {dagbag.py:540} INFO - Filling up the DagBag from /mnt/d/Programming/Vietnamese-Text-Generator/airflow_env/lib/python3.10/site-packages/airflow/example_dags/example_python_decorator.py
[2024-05-24T17:06:14.186+0700] {processor.py:840} INFO - DAG(s) 'example_python_decorator' retrieved from /mnt/d/Programming/Vietnamese-Text-Generator/airflow_env/lib/python3.10/site-packages/airflow/example_dags/example_python_decorator.py
[2024-05-24T17:06:14.278+0700] {logging_mixin.py:188} INFO - [2024-05-24T17:06:14.275+0700] {dag.py:3096} INFO - Sync 1 DAGs
[2024-05-24T17:06:14.325+0700] {logging_mixin.py:188} INFO - [2024-05-24T17:06:14.324+0700] {dag.py:3954} INFO - Setting next_dagrun for example_python_decorator to None, run_after=None
[2024-05-24T17:06:14.444+0700] {processor.py:183} INFO - Processing /mnt/d/Programming/Vietnamese-Text-Generator/airflow_env/lib/python3.10/site-packages/airflow/example_dags/example_python_decorator.py took 0.440 seconds
[2024-05-24T17:08:22.708+0700] {processor.py:161} INFO - Started process (PID=3627) to work on /mnt/d/Programming/Vietnamese-Text-Generator/airflow_env/lib/python3.10/site-packages/airflow/example_dags/example_python_decorator.py
[2024-05-24T17:08:22.715+0700] {processor.py:830} INFO - Processing file /mnt/d/Programming/Vietnamese-Text-Generator/airflow_env/lib/python3.10/site-packages/airflow/example_dags/example_python_decorator.py for tasks to queue
[2024-05-24T17:08:22.727+0700] {logging_mixin.py:188} INFO - [2024-05-24T17:08:22.723+0700] {dagbag.py:540} INFO - Filling up the DagBag from /mnt/d/Programming/Vietnamese-Text-Generator/airflow_env/lib/python3.10/site-packages/airflow/example_dags/example_python_decorator.py
[2024-05-24T17:08:22.891+0700] {processor.py:840} INFO - DAG(s) 'example_python_decorator' retrieved from /mnt/d/Programming/Vietnamese-Text-Generator/airflow_env/lib/python3.10/site-packages/airflow/example_dags/example_python_decorator.py
[2024-05-24T17:08:23.008+0700] {logging_mixin.py:188} INFO - [2024-05-24T17:08:23.004+0700] {dag.py:3096} INFO - Sync 1 DAGs
[2024-05-24T17:08:23.065+0700] {logging_mixin.py:188} INFO - [2024-05-24T17:08:23.061+0700] {dag.py:3954} INFO - Setting next_dagrun for example_python_decorator to None, run_after=None
[2024-05-24T17:08:23.282+0700] {processor.py:183} INFO - Processing /mnt/d/Programming/Vietnamese-Text-Generator/airflow_env/lib/python3.10/site-packages/airflow/example_dags/example_python_decorator.py took 0.622 seconds
[2024-05-24T17:10:40.254+0700] {processor.py:161} INFO - Started process (PID=4228) to work on /mnt/d/Programming/Vietnamese-Text-Generator/airflow_env/lib/python3.10/site-packages/airflow/example_dags/example_python_decorator.py
[2024-05-24T17:10:40.256+0700] {processor.py:830} INFO - Processing file /mnt/d/Programming/Vietnamese-Text-Generator/airflow_env/lib/python3.10/site-packages/airflow/example_dags/example_python_decorator.py for tasks to queue
[2024-05-24T17:10:40.342+0700] {logging_mixin.py:188} INFO - [2024-05-24T17:10:40.340+0700] {dagbag.py:540} INFO - Filling up the DagBag from /mnt/d/Programming/Vietnamese-Text-Generator/airflow_env/lib/python3.10/site-packages/airflow/example_dags/example_python_decorator.py
[2024-05-24T17:10:40.407+0700] {processor.py:840} INFO - DAG(s) 'example_python_decorator' retrieved from /mnt/d/Programming/Vietnamese-Text-Generator/airflow_env/lib/python3.10/site-packages/airflow/example_dags/example_python_decorator.py
[2024-05-24T17:10:40.449+0700] {logging_mixin.py:188} INFO - [2024-05-24T17:10:40.448+0700] {dag.py:3096} INFO - Sync 1 DAGs
[2024-05-24T17:10:40.477+0700] {logging_mixin.py:188} INFO - [2024-05-24T17:10:40.475+0700] {dag.py:3954} INFO - Setting next_dagrun for example_python_decorator to None, run_after=None
[2024-05-24T17:10:40.672+0700] {processor.py:183} INFO - Processing /mnt/d/Programming/Vietnamese-Text-Generator/airflow_env/lib/python3.10/site-packages/airflow/example_dags/example_python_decorator.py took 0.436 seconds
[2024-05-24T17:13:03.185+0700] {processor.py:161} INFO - Started process (PID=4852) to work on /mnt/d/Programming/Vietnamese-Text-Generator/airflow_env/lib/python3.10/site-packages/airflow/example_dags/example_python_decorator.py
[2024-05-24T17:13:03.190+0700] {processor.py:830} INFO - Processing file /mnt/d/Programming/Vietnamese-Text-Generator/airflow_env/lib/python3.10/site-packages/airflow/example_dags/example_python_decorator.py for tasks to queue
[2024-05-24T17:13:03.201+0700] {logging_mixin.py:188} INFO - [2024-05-24T17:13:03.197+0700] {dagbag.py:540} INFO - Filling up the DagBag from /mnt/d/Programming/Vietnamese-Text-Generator/airflow_env/lib/python3.10/site-packages/airflow/example_dags/example_python_decorator.py
[2024-05-24T17:13:03.320+0700] {processor.py:840} INFO - DAG(s) 'example_python_decorator' retrieved from /mnt/d/Programming/Vietnamese-Text-Generator/airflow_env/lib/python3.10/site-packages/airflow/example_dags/example_python_decorator.py
[2024-05-24T17:13:03.410+0700] {logging_mixin.py:188} INFO - [2024-05-24T17:13:03.407+0700] {dag.py:3096} INFO - Sync 1 DAGs
[2024-05-24T17:13:03.461+0700] {logging_mixin.py:188} INFO - [2024-05-24T17:13:03.458+0700] {dag.py:3954} INFO - Setting next_dagrun for example_python_decorator to None, run_after=None
[2024-05-24T17:13:03.665+0700] {processor.py:183} INFO - Processing /mnt/d/Programming/Vietnamese-Text-Generator/airflow_env/lib/python3.10/site-packages/airflow/example_dags/example_python_decorator.py took 0.520 seconds
[2024-05-24T17:15:18.055+0700] {processor.py:161} INFO - Started process (PID=5444) to work on /mnt/d/Programming/Vietnamese-Text-Generator/airflow_env/lib/python3.10/site-packages/airflow/example_dags/example_python_decorator.py
[2024-05-24T17:15:18.061+0700] {processor.py:830} INFO - Processing file /mnt/d/Programming/Vietnamese-Text-Generator/airflow_env/lib/python3.10/site-packages/airflow/example_dags/example_python_decorator.py for tasks to queue
[2024-05-24T17:15:18.071+0700] {logging_mixin.py:188} INFO - [2024-05-24T17:15:18.068+0700] {dagbag.py:540} INFO - Filling up the DagBag from /mnt/d/Programming/Vietnamese-Text-Generator/airflow_env/lib/python3.10/site-packages/airflow/example_dags/example_python_decorator.py
[2024-05-24T17:15:18.182+0700] {processor.py:840} INFO - DAG(s) 'example_python_decorator' retrieved from /mnt/d/Programming/Vietnamese-Text-Generator/airflow_env/lib/python3.10/site-packages/airflow/example_dags/example_python_decorator.py
[2024-05-24T17:15:18.273+0700] {logging_mixin.py:188} INFO - [2024-05-24T17:15:18.270+0700] {dag.py:3096} INFO - Sync 1 DAGs
[2024-05-24T17:15:18.319+0700] {logging_mixin.py:188} INFO - [2024-05-24T17:15:18.316+0700] {dag.py:3954} INFO - Setting next_dagrun for example_python_decorator to None, run_after=None
[2024-05-24T17:15:18.502+0700] {processor.py:183} INFO - Processing /mnt/d/Programming/Vietnamese-Text-Generator/airflow_env/lib/python3.10/site-packages/airflow/example_dags/example_python_decorator.py took 0.487 seconds
[2024-05-24T17:17:41.801+0700] {processor.py:161} INFO - Started process (PID=6073) to work on /mnt/d/Programming/Vietnamese-Text-Generator/airflow_env/lib/python3.10/site-packages/airflow/example_dags/example_python_decorator.py
[2024-05-24T17:17:41.803+0700] {processor.py:830} INFO - Processing file /mnt/d/Programming/Vietnamese-Text-Generator/airflow_env/lib/python3.10/site-packages/airflow/example_dags/example_python_decorator.py for tasks to queue
[2024-05-24T17:17:41.808+0700] {logging_mixin.py:188} INFO - [2024-05-24T17:17:41.807+0700] {dagbag.py:540} INFO - Filling up the DagBag from /mnt/d/Programming/Vietnamese-Text-Generator/airflow_env/lib/python3.10/site-packages/airflow/example_dags/example_python_decorator.py
[2024-05-24T17:17:41.862+0700] {processor.py:840} INFO - DAG(s) 'example_python_decorator' retrieved from /mnt/d/Programming/Vietnamese-Text-Generator/airflow_env/lib/python3.10/site-packages/airflow/example_dags/example_python_decorator.py
[2024-05-24T17:17:41.901+0700] {logging_mixin.py:188} INFO - [2024-05-24T17:17:41.900+0700] {dag.py:3096} INFO - Sync 1 DAGs
[2024-05-24T17:17:41.923+0700] {logging_mixin.py:188} INFO - [2024-05-24T17:17:41.922+0700] {dag.py:3954} INFO - Setting next_dagrun for example_python_decorator to None, run_after=None
[2024-05-24T17:17:42.041+0700] {processor.py:183} INFO - Processing /mnt/d/Programming/Vietnamese-Text-Generator/airflow_env/lib/python3.10/site-packages/airflow/example_dags/example_python_decorator.py took 0.259 seconds
[2024-05-24T17:20:01.489+0700] {processor.py:161} INFO - Started process (PID=6685) to work on /mnt/d/Programming/Vietnamese-Text-Generator/airflow_env/lib/python3.10/site-packages/airflow/example_dags/example_python_decorator.py
[2024-05-24T17:20:01.497+0700] {processor.py:830} INFO - Processing file /mnt/d/Programming/Vietnamese-Text-Generator/airflow_env/lib/python3.10/site-packages/airflow/example_dags/example_python_decorator.py for tasks to queue
[2024-05-24T17:20:01.512+0700] {logging_mixin.py:188} INFO - [2024-05-24T17:20:01.507+0700] {dagbag.py:540} INFO - Filling up the DagBag from /mnt/d/Programming/Vietnamese-Text-Generator/airflow_env/lib/python3.10/site-packages/airflow/example_dags/example_python_decorator.py
[2024-05-24T17:20:01.676+0700] {processor.py:840} INFO - DAG(s) 'example_python_decorator' retrieved from /mnt/d/Programming/Vietnamese-Text-Generator/airflow_env/lib/python3.10/site-packages/airflow/example_dags/example_python_decorator.py
[2024-05-24T17:20:01.789+0700] {logging_mixin.py:188} INFO - [2024-05-24T17:20:01.785+0700] {dag.py:3096} INFO - Sync 1 DAGs
[2024-05-24T17:20:01.842+0700] {logging_mixin.py:188} INFO - [2024-05-24T17:20:01.839+0700] {dag.py:3954} INFO - Setting next_dagrun for example_python_decorator to None, run_after=None
[2024-05-24T17:20:02.065+0700] {processor.py:183} INFO - Processing /mnt/d/Programming/Vietnamese-Text-Generator/airflow_env/lib/python3.10/site-packages/airflow/example_dags/example_python_decorator.py took 0.621 seconds
[2024-05-24T17:22:13.719+0700] {processor.py:161} INFO - Started process (PID=7261) to work on /mnt/d/Programming/Vietnamese-Text-Generator/airflow_env/lib/python3.10/site-packages/airflow/example_dags/example_python_decorator.py
[2024-05-24T17:22:13.726+0700] {processor.py:830} INFO - Processing file /mnt/d/Programming/Vietnamese-Text-Generator/airflow_env/lib/python3.10/site-packages/airflow/example_dags/example_python_decorator.py for tasks to queue
[2024-05-24T17:22:13.738+0700] {logging_mixin.py:188} INFO - [2024-05-24T17:22:13.734+0700] {dagbag.py:540} INFO - Filling up the DagBag from /mnt/d/Programming/Vietnamese-Text-Generator/airflow_env/lib/python3.10/site-packages/airflow/example_dags/example_python_decorator.py
[2024-05-24T17:22:13.895+0700] {processor.py:840} INFO - DAG(s) 'example_python_decorator' retrieved from /mnt/d/Programming/Vietnamese-Text-Generator/airflow_env/lib/python3.10/site-packages/airflow/example_dags/example_python_decorator.py
[2024-05-24T17:22:14.012+0700] {logging_mixin.py:188} INFO - [2024-05-24T17:22:14.008+0700] {dag.py:3096} INFO - Sync 1 DAGs
[2024-05-24T17:22:14.060+0700] {logging_mixin.py:188} INFO - [2024-05-24T17:22:14.058+0700] {dag.py:3954} INFO - Setting next_dagrun for example_python_decorator to None, run_after=None
[2024-05-24T17:22:14.239+0700] {processor.py:183} INFO - Processing /mnt/d/Programming/Vietnamese-Text-Generator/airflow_env/lib/python3.10/site-packages/airflow/example_dags/example_python_decorator.py took 0.572 seconds
[2024-05-24T17:24:21.365+0700] {processor.py:161} INFO - Started process (PID=7821) to work on /mnt/d/Programming/Vietnamese-Text-Generator/airflow_env/lib/python3.10/site-packages/airflow/example_dags/example_python_decorator.py
[2024-05-24T17:24:21.369+0700] {processor.py:830} INFO - Processing file /mnt/d/Programming/Vietnamese-Text-Generator/airflow_env/lib/python3.10/site-packages/airflow/example_dags/example_python_decorator.py for tasks to queue
[2024-05-24T17:24:21.375+0700] {logging_mixin.py:188} INFO - [2024-05-24T17:24:21.373+0700] {dagbag.py:540} INFO - Filling up the DagBag from /mnt/d/Programming/Vietnamese-Text-Generator/airflow_env/lib/python3.10/site-packages/airflow/example_dags/example_python_decorator.py
[2024-05-24T17:24:21.450+0700] {processor.py:840} INFO - DAG(s) 'example_python_decorator' retrieved from /mnt/d/Programming/Vietnamese-Text-Generator/airflow_env/lib/python3.10/site-packages/airflow/example_dags/example_python_decorator.py
[2024-05-24T17:24:21.550+0700] {logging_mixin.py:188} INFO - [2024-05-24T17:24:21.547+0700] {dag.py:3096} INFO - Sync 1 DAGs
[2024-05-24T17:24:21.612+0700] {logging_mixin.py:188} INFO - [2024-05-24T17:24:21.609+0700] {dag.py:3954} INFO - Setting next_dagrun for example_python_decorator to None, run_after=None
[2024-05-24T17:24:21.777+0700] {processor.py:183} INFO - Processing /mnt/d/Programming/Vietnamese-Text-Generator/airflow_env/lib/python3.10/site-packages/airflow/example_dags/example_python_decorator.py took 0.434 seconds
[2024-05-24T17:47:41.173+0700] {processor.py:161} INFO - Started process (PID=8294) to work on /mnt/d/Programming/Vietnamese-Text-Generator/airflow_env/lib/python3.10/site-packages/airflow/example_dags/example_python_decorator.py
[2024-05-24T17:47:41.175+0700] {processor.py:830} INFO - Processing file /mnt/d/Programming/Vietnamese-Text-Generator/airflow_env/lib/python3.10/site-packages/airflow/example_dags/example_python_decorator.py for tasks to queue
[2024-05-24T17:47:41.180+0700] {logging_mixin.py:188} INFO - [2024-05-24T17:47:41.178+0700] {dagbag.py:540} INFO - Filling up the DagBag from /mnt/d/Programming/Vietnamese-Text-Generator/airflow_env/lib/python3.10/site-packages/airflow/example_dags/example_python_decorator.py
[2024-05-24T17:47:41.216+0700] {processor.py:840} INFO - DAG(s) 'example_python_decorator' retrieved from /mnt/d/Programming/Vietnamese-Text-Generator/airflow_env/lib/python3.10/site-packages/airflow/example_dags/example_python_decorator.py
[2024-05-24T17:47:41.251+0700] {logging_mixin.py:188} INFO - [2024-05-24T17:47:41.249+0700] {dag.py:3096} INFO - Sync 1 DAGs
[2024-05-24T17:47:41.268+0700] {logging_mixin.py:188} INFO - [2024-05-24T17:47:41.266+0700] {dag.py:3954} INFO - Setting next_dagrun for example_python_decorator to None, run_after=None
[2024-05-24T17:47:41.334+0700] {processor.py:183} INFO - Processing /mnt/d/Programming/Vietnamese-Text-Generator/airflow_env/lib/python3.10/site-packages/airflow/example_dags/example_python_decorator.py took 0.175 seconds
[2024-05-24T17:49:25.115+0700] {processor.py:161} INFO - Started process (PID=8757) to work on /mnt/d/Programming/Vietnamese-Text-Generator/airflow_env/lib/python3.10/site-packages/airflow/example_dags/example_python_decorator.py
[2024-05-24T17:49:25.121+0700] {processor.py:830} INFO - Processing file /mnt/d/Programming/Vietnamese-Text-Generator/airflow_env/lib/python3.10/site-packages/airflow/example_dags/example_python_decorator.py for tasks to queue
[2024-05-24T17:49:25.133+0700] {logging_mixin.py:188} INFO - [2024-05-24T17:49:25.129+0700] {dagbag.py:540} INFO - Filling up the DagBag from /mnt/d/Programming/Vietnamese-Text-Generator/airflow_env/lib/python3.10/site-packages/airflow/example_dags/example_python_decorator.py
[2024-05-24T17:49:25.256+0700] {processor.py:840} INFO - DAG(s) 'example_python_decorator' retrieved from /mnt/d/Programming/Vietnamese-Text-Generator/airflow_env/lib/python3.10/site-packages/airflow/example_dags/example_python_decorator.py
[2024-05-24T17:49:25.348+0700] {logging_mixin.py:188} INFO - [2024-05-24T17:49:25.346+0700] {dag.py:3096} INFO - Sync 1 DAGs
[2024-05-24T17:49:25.396+0700] {logging_mixin.py:188} INFO - [2024-05-24T17:49:25.393+0700] {dag.py:3954} INFO - Setting next_dagrun for example_python_decorator to None, run_after=None
[2024-05-24T17:49:25.576+0700] {processor.py:183} INFO - Processing /mnt/d/Programming/Vietnamese-Text-Generator/airflow_env/lib/python3.10/site-packages/airflow/example_dags/example_python_decorator.py took 0.505 seconds
[2024-05-24T17:51:43.412+0700] {processor.py:161} INFO - Started process (PID=9359) to work on /mnt/d/Programming/Vietnamese-Text-Generator/airflow_env/lib/python3.10/site-packages/airflow/example_dags/example_python_decorator.py
[2024-05-24T17:51:43.418+0700] {processor.py:830} INFO - Processing file /mnt/d/Programming/Vietnamese-Text-Generator/airflow_env/lib/python3.10/site-packages/airflow/example_dags/example_python_decorator.py for tasks to queue
[2024-05-24T17:51:43.430+0700] {logging_mixin.py:188} INFO - [2024-05-24T17:51:43.425+0700] {dagbag.py:540} INFO - Filling up the DagBag from /mnt/d/Programming/Vietnamese-Text-Generator/airflow_env/lib/python3.10/site-packages/airflow/example_dags/example_python_decorator.py
[2024-05-24T17:51:43.556+0700] {processor.py:840} INFO - DAG(s) 'example_python_decorator' retrieved from /mnt/d/Programming/Vietnamese-Text-Generator/airflow_env/lib/python3.10/site-packages/airflow/example_dags/example_python_decorator.py
[2024-05-24T17:51:43.648+0700] {logging_mixin.py:188} INFO - [2024-05-24T17:51:43.644+0700] {dag.py:3096} INFO - Sync 1 DAGs
[2024-05-24T17:51:43.692+0700] {logging_mixin.py:188} INFO - [2024-05-24T17:51:43.690+0700] {dag.py:3954} INFO - Setting next_dagrun for example_python_decorator to None, run_after=None
[2024-05-24T17:51:43.901+0700] {processor.py:183} INFO - Processing /mnt/d/Programming/Vietnamese-Text-Generator/airflow_env/lib/python3.10/site-packages/airflow/example_dags/example_python_decorator.py took 0.534 seconds
[2024-05-24T17:53:56.936+0700] {processor.py:161} INFO - Started process (PID=9945) to work on /mnt/d/Programming/Vietnamese-Text-Generator/airflow_env/lib/python3.10/site-packages/airflow/example_dags/example_python_decorator.py
[2024-05-24T17:53:56.941+0700] {processor.py:830} INFO - Processing file /mnt/d/Programming/Vietnamese-Text-Generator/airflow_env/lib/python3.10/site-packages/airflow/example_dags/example_python_decorator.py for tasks to queue
[2024-05-24T17:53:56.951+0700] {logging_mixin.py:188} INFO - [2024-05-24T17:53:56.948+0700] {dagbag.py:540} INFO - Filling up the DagBag from /mnt/d/Programming/Vietnamese-Text-Generator/airflow_env/lib/python3.10/site-packages/airflow/example_dags/example_python_decorator.py
[2024-05-24T17:53:57.071+0700] {processor.py:840} INFO - DAG(s) 'example_python_decorator' retrieved from /mnt/d/Programming/Vietnamese-Text-Generator/airflow_env/lib/python3.10/site-packages/airflow/example_dags/example_python_decorator.py
[2024-05-24T17:53:57.162+0700] {logging_mixin.py:188} INFO - [2024-05-24T17:53:57.160+0700] {dag.py:3096} INFO - Sync 1 DAGs
[2024-05-24T17:53:57.206+0700] {logging_mixin.py:188} INFO - [2024-05-24T17:53:57.203+0700] {dag.py:3954} INFO - Setting next_dagrun for example_python_decorator to None, run_after=None
[2024-05-24T17:53:57.376+0700] {processor.py:183} INFO - Processing /mnt/d/Programming/Vietnamese-Text-Generator/airflow_env/lib/python3.10/site-packages/airflow/example_dags/example_python_decorator.py took 0.478 seconds
[2024-05-24T17:56:15.232+0700] {processor.py:161} INFO - Started process (PID=10549) to work on /mnt/d/Programming/Vietnamese-Text-Generator/airflow_env/lib/python3.10/site-packages/airflow/example_dags/example_python_decorator.py
[2024-05-24T17:56:15.236+0700] {processor.py:830} INFO - Processing file /mnt/d/Programming/Vietnamese-Text-Generator/airflow_env/lib/python3.10/site-packages/airflow/example_dags/example_python_decorator.py for tasks to queue
[2024-05-24T17:56:15.244+0700] {logging_mixin.py:188} INFO - [2024-05-24T17:56:15.242+0700] {dagbag.py:540} INFO - Filling up the DagBag from /mnt/d/Programming/Vietnamese-Text-Generator/airflow_env/lib/python3.10/site-packages/airflow/example_dags/example_python_decorator.py
[2024-05-24T17:56:15.337+0700] {processor.py:840} INFO - DAG(s) 'example_python_decorator' retrieved from /mnt/d/Programming/Vietnamese-Text-Generator/airflow_env/lib/python3.10/site-packages/airflow/example_dags/example_python_decorator.py
[2024-05-24T17:56:15.410+0700] {logging_mixin.py:188} INFO - [2024-05-24T17:56:15.408+0700] {dag.py:3096} INFO - Sync 1 DAGs
[2024-05-24T17:56:15.445+0700] {logging_mixin.py:188} INFO - [2024-05-24T17:56:15.443+0700] {dag.py:3954} INFO - Setting next_dagrun for example_python_decorator to None, run_after=None
[2024-05-24T17:56:15.580+0700] {processor.py:183} INFO - Processing /mnt/d/Programming/Vietnamese-Text-Generator/airflow_env/lib/python3.10/site-packages/airflow/example_dags/example_python_decorator.py took 0.378 seconds
[2024-05-24T17:58:31.788+0700] {processor.py:161} INFO - Started process (PID=11143) to work on /mnt/d/Programming/Vietnamese-Text-Generator/airflow_env/lib/python3.10/site-packages/airflow/example_dags/example_python_decorator.py
[2024-05-24T17:58:31.794+0700] {processor.py:830} INFO - Processing file /mnt/d/Programming/Vietnamese-Text-Generator/airflow_env/lib/python3.10/site-packages/airflow/example_dags/example_python_decorator.py for tasks to queue
[2024-05-24T17:58:31.813+0700] {logging_mixin.py:188} INFO - [2024-05-24T17:58:31.809+0700] {dagbag.py:540} INFO - Filling up the DagBag from /mnt/d/Programming/Vietnamese-Text-Generator/airflow_env/lib/python3.10/site-packages/airflow/example_dags/example_python_decorator.py
[2024-05-24T17:58:31.925+0700] {processor.py:840} INFO - DAG(s) 'example_python_decorator' retrieved from /mnt/d/Programming/Vietnamese-Text-Generator/airflow_env/lib/python3.10/site-packages/airflow/example_dags/example_python_decorator.py
[2024-05-24T17:58:31.963+0700] {logging_mixin.py:188} INFO - [2024-05-24T17:58:31.962+0700] {dag.py:3096} INFO - Sync 1 DAGs
[2024-05-24T17:58:31.981+0700] {logging_mixin.py:188} INFO - [2024-05-24T17:58:31.980+0700] {dag.py:3954} INFO - Setting next_dagrun for example_python_decorator to None, run_after=None
[2024-05-24T17:58:32.117+0700] {processor.py:183} INFO - Processing /mnt/d/Programming/Vietnamese-Text-Generator/airflow_env/lib/python3.10/site-packages/airflow/example_dags/example_python_decorator.py took 0.364 seconds
[2024-05-24T18:00:49.812+0700] {processor.py:161} INFO - Started process (PID=11744) to work on /mnt/d/Programming/Vietnamese-Text-Generator/airflow_env/lib/python3.10/site-packages/airflow/example_dags/example_python_decorator.py
[2024-05-24T18:00:49.814+0700] {processor.py:830} INFO - Processing file /mnt/d/Programming/Vietnamese-Text-Generator/airflow_env/lib/python3.10/site-packages/airflow/example_dags/example_python_decorator.py for tasks to queue
[2024-05-24T18:00:49.819+0700] {logging_mixin.py:188} INFO - [2024-05-24T18:00:49.818+0700] {dagbag.py:540} INFO - Filling up the DagBag from /mnt/d/Programming/Vietnamese-Text-Generator/airflow_env/lib/python3.10/site-packages/airflow/example_dags/example_python_decorator.py
[2024-05-24T18:00:49.863+0700] {processor.py:840} INFO - DAG(s) 'example_python_decorator' retrieved from /mnt/d/Programming/Vietnamese-Text-Generator/airflow_env/lib/python3.10/site-packages/airflow/example_dags/example_python_decorator.py
[2024-05-24T18:00:49.899+0700] {logging_mixin.py:188} INFO - [2024-05-24T18:00:49.898+0700] {dag.py:3096} INFO - Sync 1 DAGs
[2024-05-24T18:00:49.917+0700] {logging_mixin.py:188} INFO - [2024-05-24T18:00:49.916+0700] {dag.py:3954} INFO - Setting next_dagrun for example_python_decorator to None, run_after=None
[2024-05-24T18:00:50.051+0700] {processor.py:183} INFO - Processing /mnt/d/Programming/Vietnamese-Text-Generator/airflow_env/lib/python3.10/site-packages/airflow/example_dags/example_python_decorator.py took 0.260 seconds
[2024-05-24T18:03:11.577+0700] {processor.py:161} INFO - Started process (PID=12364) to work on /mnt/d/Programming/Vietnamese-Text-Generator/airflow_env/lib/python3.10/site-packages/airflow/example_dags/example_python_decorator.py
[2024-05-24T18:03:11.584+0700] {processor.py:830} INFO - Processing file /mnt/d/Programming/Vietnamese-Text-Generator/airflow_env/lib/python3.10/site-packages/airflow/example_dags/example_python_decorator.py for tasks to queue
[2024-05-24T18:03:11.595+0700] {logging_mixin.py:188} INFO - [2024-05-24T18:03:11.591+0700] {dagbag.py:540} INFO - Filling up the DagBag from /mnt/d/Programming/Vietnamese-Text-Generator/airflow_env/lib/python3.10/site-packages/airflow/example_dags/example_python_decorator.py
[2024-05-24T18:03:11.736+0700] {processor.py:840} INFO - DAG(s) 'example_python_decorator' retrieved from /mnt/d/Programming/Vietnamese-Text-Generator/airflow_env/lib/python3.10/site-packages/airflow/example_dags/example_python_decorator.py
[2024-05-24T18:03:11.836+0700] {logging_mixin.py:188} INFO - [2024-05-24T18:03:11.833+0700] {dag.py:3096} INFO - Sync 1 DAGs
[2024-05-24T18:03:11.885+0700] {logging_mixin.py:188} INFO - [2024-05-24T18:03:11.882+0700] {dag.py:3954} INFO - Setting next_dagrun for example_python_decorator to None, run_after=None
[2024-05-24T18:03:12.065+0700] {processor.py:183} INFO - Processing /mnt/d/Programming/Vietnamese-Text-Generator/airflow_env/lib/python3.10/site-packages/airflow/example_dags/example_python_decorator.py took 0.530 seconds
[2024-05-24T18:05:34.166+0700] {processor.py:161} INFO - Started process (PID=12984) to work on /mnt/d/Programming/Vietnamese-Text-Generator/airflow_env/lib/python3.10/site-packages/airflow/example_dags/example_python_decorator.py
[2024-05-24T18:05:34.177+0700] {processor.py:830} INFO - Processing file /mnt/d/Programming/Vietnamese-Text-Generator/airflow_env/lib/python3.10/site-packages/airflow/example_dags/example_python_decorator.py for tasks to queue
[2024-05-24T18:05:34.194+0700] {logging_mixin.py:188} INFO - [2024-05-24T18:05:34.188+0700] {dagbag.py:540} INFO - Filling up the DagBag from /mnt/d/Programming/Vietnamese-Text-Generator/airflow_env/lib/python3.10/site-packages/airflow/example_dags/example_python_decorator.py
[2024-05-24T18:05:34.340+0700] {processor.py:840} INFO - DAG(s) 'example_python_decorator' retrieved from /mnt/d/Programming/Vietnamese-Text-Generator/airflow_env/lib/python3.10/site-packages/airflow/example_dags/example_python_decorator.py
[2024-05-24T18:05:34.458+0700] {logging_mixin.py:188} INFO - [2024-05-24T18:05:34.454+0700] {dag.py:3096} INFO - Sync 1 DAGs
[2024-05-24T18:05:34.539+0700] {logging_mixin.py:188} INFO - [2024-05-24T18:05:34.535+0700] {dag.py:3954} INFO - Setting next_dagrun for example_python_decorator to None, run_after=None
[2024-05-24T18:05:34.685+0700] {processor.py:183} INFO - Processing /mnt/d/Programming/Vietnamese-Text-Generator/airflow_env/lib/python3.10/site-packages/airflow/example_dags/example_python_decorator.py took 0.591 seconds
