[2024-05-24T17:02:46.181+0700] {processor.py:161} INFO - Started process (PID=2079) to work on /mnt/d/Programming/Vietnamese-Text-Generator/airflow_env/lib/python3.10/site-packages/airflow/example_dags/example_branch_operator_decorator.py
[2024-05-24T17:02:46.183+0700] {processor.py:830} INFO - Processing file /mnt/d/Programming/Vietnamese-Text-Generator/airflow_env/lib/python3.10/site-packages/airflow/example_dags/example_branch_operator_decorator.py for tasks to queue
[2024-05-24T17:02:46.187+0700] {logging_mixin.py:188} INFO - [2024-05-24T17:02:46.186+0700] {dagbag.py:540} INFO - Filling up the DagBag from /mnt/d/Programming/Vietnamese-Text-Generator/airflow_env/lib/python3.10/site-packages/airflow/example_dags/example_branch_operator_decorator.py
[2024-05-24T17:02:46.259+0700] {processor.py:840} INFO - DAG(s) 'example_branch_python_operator_decorator' retrieved from /mnt/d/Programming/Vietnamese-Text-Generator/airflow_env/lib/python3.10/site-packages/airflow/example_dags/example_branch_operator_decorator.py
[2024-05-24T17:02:48.514+0700] {logging_mixin.py:188} INFO - [2024-05-24T17:02:48.513+0700] {dag.py:3096} INFO - Sync 1 DAGs
[2024-05-24T17:02:48.545+0700] {logging_mixin.py:188} INFO - [2024-05-24T17:02:48.544+0700] {dag.py:3954} INFO - Setting next_dagrun for example_branch_python_operator_decorator to 2024-05-23 00:00:00+00:00, run_after=2024-05-24 00:00:00+00:00
[2024-05-24T17:02:48.758+0700] {processor.py:183} INFO - Processing /mnt/d/Programming/Vietnamese-Text-Generator/airflow_env/lib/python3.10/site-packages/airflow/example_dags/example_branch_operator_decorator.py took 2.597 seconds
[2024-05-24T17:05:15.134+0700] {processor.py:161} INFO - Started process (PID=2729) to work on /mnt/d/Programming/Vietnamese-Text-Generator/airflow_env/lib/python3.10/site-packages/airflow/example_dags/example_branch_operator_decorator.py
[2024-05-24T17:05:15.140+0700] {processor.py:830} INFO - Processing file /mnt/d/Programming/Vietnamese-Text-Generator/airflow_env/lib/python3.10/site-packages/airflow/example_dags/example_branch_operator_decorator.py for tasks to queue
[2024-05-24T17:05:15.153+0700] {logging_mixin.py:188} INFO - [2024-05-24T17:05:15.149+0700] {dagbag.py:540} INFO - Filling up the DagBag from /mnt/d/Programming/Vietnamese-Text-Generator/airflow_env/lib/python3.10/site-packages/airflow/example_dags/example_branch_operator_decorator.py
[2024-05-24T17:05:15.377+0700] {processor.py:840} INFO - DAG(s) 'example_branch_python_operator_decorator' retrieved from /mnt/d/Programming/Vietnamese-Text-Generator/airflow_env/lib/python3.10/site-packages/airflow/example_dags/example_branch_operator_decorator.py
[2024-05-24T17:05:15.501+0700] {logging_mixin.py:188} INFO - [2024-05-24T17:05:15.498+0700] {dag.py:3096} INFO - Sync 1 DAGs
[2024-05-24T17:05:15.586+0700] {logging_mixin.py:188} INFO - [2024-05-24T17:05:15.582+0700] {dag.py:3954} INFO - Setting next_dagrun for example_branch_python_operator_decorator to 2024-05-23 00:00:00+00:00, run_after=2024-05-24 00:00:00+00:00
[2024-05-24T17:05:15.801+0700] {processor.py:183} INFO - Processing /mnt/d/Programming/Vietnamese-Text-Generator/airflow_env/lib/python3.10/site-packages/airflow/example_dags/example_branch_operator_decorator.py took 0.716 seconds
[2024-05-24T17:07:30.089+0700] {processor.py:161} INFO - Started process (PID=3395) to work on /mnt/d/Programming/Vietnamese-Text-Generator/airflow_env/lib/python3.10/site-packages/airflow/example_dags/example_branch_operator_decorator.py
[2024-05-24T17:07:30.097+0700] {processor.py:830} INFO - Processing file /mnt/d/Programming/Vietnamese-Text-Generator/airflow_env/lib/python3.10/site-packages/airflow/example_dags/example_branch_operator_decorator.py for tasks to queue
[2024-05-24T17:07:30.109+0700] {logging_mixin.py:188} INFO - [2024-05-24T17:07:30.105+0700] {dagbag.py:540} INFO - Filling up the DagBag from /mnt/d/Programming/Vietnamese-Text-Generator/airflow_env/lib/python3.10/site-packages/airflow/example_dags/example_branch_operator_decorator.py
[2024-05-24T17:07:30.294+0700] {processor.py:840} INFO - DAG(s) 'example_branch_python_operator_decorator' retrieved from /mnt/d/Programming/Vietnamese-Text-Generator/airflow_env/lib/python3.10/site-packages/airflow/example_dags/example_branch_operator_decorator.py
[2024-05-24T17:07:30.386+0700] {logging_mixin.py:188} INFO - [2024-05-24T17:07:30.383+0700] {dag.py:3096} INFO - Sync 1 DAGs
[2024-05-24T17:07:30.449+0700] {logging_mixin.py:188} INFO - [2024-05-24T17:07:30.446+0700] {dag.py:3954} INFO - Setting next_dagrun for example_branch_python_operator_decorator to 2024-05-23 00:00:00+00:00, run_after=2024-05-24 00:00:00+00:00
[2024-05-24T17:07:30.605+0700] {processor.py:183} INFO - Processing /mnt/d/Programming/Vietnamese-Text-Generator/airflow_env/lib/python3.10/site-packages/airflow/example_dags/example_branch_operator_decorator.py took 0.569 seconds
[2024-05-24T17:09:44.018+0700] {processor.py:161} INFO - Started process (PID=3981) to work on /mnt/d/Programming/Vietnamese-Text-Generator/airflow_env/lib/python3.10/site-packages/airflow/example_dags/example_branch_operator_decorator.py
[2024-05-24T17:09:44.024+0700] {processor.py:830} INFO - Processing file /mnt/d/Programming/Vietnamese-Text-Generator/airflow_env/lib/python3.10/site-packages/airflow/example_dags/example_branch_operator_decorator.py for tasks to queue
[2024-05-24T17:09:44.037+0700] {logging_mixin.py:188} INFO - [2024-05-24T17:09:44.033+0700] {dagbag.py:540} INFO - Filling up the DagBag from /mnt/d/Programming/Vietnamese-Text-Generator/airflow_env/lib/python3.10/site-packages/airflow/example_dags/example_branch_operator_decorator.py
[2024-05-24T17:09:44.248+0700] {processor.py:840} INFO - DAG(s) 'example_branch_python_operator_decorator' retrieved from /mnt/d/Programming/Vietnamese-Text-Generator/airflow_env/lib/python3.10/site-packages/airflow/example_dags/example_branch_operator_decorator.py
[2024-05-24T17:09:44.370+0700] {logging_mixin.py:188} INFO - [2024-05-24T17:09:44.367+0700] {dag.py:3096} INFO - Sync 1 DAGs
[2024-05-24T17:09:44.435+0700] {logging_mixin.py:188} INFO - [2024-05-24T17:09:44.433+0700] {dag.py:3954} INFO - Setting next_dagrun for example_branch_python_operator_decorator to 2024-05-23 00:00:00+00:00, run_after=2024-05-24 00:00:00+00:00
[2024-05-24T17:09:44.596+0700] {processor.py:183} INFO - Processing /mnt/d/Programming/Vietnamese-Text-Generator/airflow_env/lib/python3.10/site-packages/airflow/example_dags/example_branch_operator_decorator.py took 0.620 seconds
[2024-05-24T17:12:05.313+0700] {processor.py:161} INFO - Started process (PID=4600) to work on /mnt/d/Programming/Vietnamese-Text-Generator/airflow_env/lib/python3.10/site-packages/airflow/example_dags/example_branch_operator_decorator.py
[2024-05-24T17:12:05.318+0700] {processor.py:830} INFO - Processing file /mnt/d/Programming/Vietnamese-Text-Generator/airflow_env/lib/python3.10/site-packages/airflow/example_dags/example_branch_operator_decorator.py for tasks to queue
[2024-05-24T17:12:05.328+0700] {logging_mixin.py:188} INFO - [2024-05-24T17:12:05.325+0700] {dagbag.py:540} INFO - Filling up the DagBag from /mnt/d/Programming/Vietnamese-Text-Generator/airflow_env/lib/python3.10/site-packages/airflow/example_dags/example_branch_operator_decorator.py
[2024-05-24T17:12:05.505+0700] {processor.py:840} INFO - DAG(s) 'example_branch_python_operator_decorator' retrieved from /mnt/d/Programming/Vietnamese-Text-Generator/airflow_env/lib/python3.10/site-packages/airflow/example_dags/example_branch_operator_decorator.py
[2024-05-24T17:12:05.616+0700] {logging_mixin.py:188} INFO - [2024-05-24T17:12:05.613+0700] {dag.py:3096} INFO - Sync 1 DAGs
[2024-05-24T17:12:05.695+0700] {logging_mixin.py:188} INFO - [2024-05-24T17:12:05.692+0700] {dag.py:3954} INFO - Setting next_dagrun for example_branch_python_operator_decorator to 2024-05-23 00:00:00+00:00, run_after=2024-05-24 00:00:00+00:00
[2024-05-24T17:12:05.881+0700] {processor.py:183} INFO - Processing /mnt/d/Programming/Vietnamese-Text-Generator/airflow_env/lib/python3.10/site-packages/airflow/example_dags/example_branch_operator_decorator.py took 0.607 seconds
[2024-05-24T17:14:19.868+0700] {processor.py:161} INFO - Started process (PID=5189) to work on /mnt/d/Programming/Vietnamese-Text-Generator/airflow_env/lib/python3.10/site-packages/airflow/example_dags/example_branch_operator_decorator.py
[2024-05-24T17:14:19.877+0700] {processor.py:830} INFO - Processing file /mnt/d/Programming/Vietnamese-Text-Generator/airflow_env/lib/python3.10/site-packages/airflow/example_dags/example_branch_operator_decorator.py for tasks to queue
[2024-05-24T17:14:19.890+0700] {logging_mixin.py:188} INFO - [2024-05-24T17:14:19.886+0700] {dagbag.py:540} INFO - Filling up the DagBag from /mnt/d/Programming/Vietnamese-Text-Generator/airflow_env/lib/python3.10/site-packages/airflow/example_dags/example_branch_operator_decorator.py
[2024-05-24T17:14:20.065+0700] {processor.py:840} INFO - DAG(s) 'example_branch_python_operator_decorator' retrieved from /mnt/d/Programming/Vietnamese-Text-Generator/airflow_env/lib/python3.10/site-packages/airflow/example_dags/example_branch_operator_decorator.py
[2024-05-24T17:14:20.154+0700] {logging_mixin.py:188} INFO - [2024-05-24T17:14:20.152+0700] {dag.py:3096} INFO - Sync 1 DAGs
[2024-05-24T17:14:20.215+0700] {logging_mixin.py:188} INFO - [2024-05-24T17:14:20.212+0700] {dag.py:3954} INFO - Setting next_dagrun for example_branch_python_operator_decorator to 2024-05-23 00:00:00+00:00, run_after=2024-05-24 00:00:00+00:00
[2024-05-24T17:14:20.365+0700] {processor.py:183} INFO - Processing /mnt/d/Programming/Vietnamese-Text-Generator/airflow_env/lib/python3.10/site-packages/airflow/example_dags/example_branch_operator_decorator.py took 0.543 seconds
[2024-05-24T17:16:42.220+0700] {processor.py:161} INFO - Started process (PID=5808) to work on /mnt/d/Programming/Vietnamese-Text-Generator/airflow_env/lib/python3.10/site-packages/airflow/example_dags/example_branch_operator_decorator.py
[2024-05-24T17:16:42.229+0700] {processor.py:830} INFO - Processing file /mnt/d/Programming/Vietnamese-Text-Generator/airflow_env/lib/python3.10/site-packages/airflow/example_dags/example_branch_operator_decorator.py for tasks to queue
[2024-05-24T17:16:42.244+0700] {logging_mixin.py:188} INFO - [2024-05-24T17:16:42.240+0700] {dagbag.py:540} INFO - Filling up the DagBag from /mnt/d/Programming/Vietnamese-Text-Generator/airflow_env/lib/python3.10/site-packages/airflow/example_dags/example_branch_operator_decorator.py
[2024-05-24T17:16:42.450+0700] {processor.py:840} INFO - DAG(s) 'example_branch_python_operator_decorator' retrieved from /mnt/d/Programming/Vietnamese-Text-Generator/airflow_env/lib/python3.10/site-packages/airflow/example_dags/example_branch_operator_decorator.py
[2024-05-24T17:16:42.586+0700] {logging_mixin.py:188} INFO - [2024-05-24T17:16:42.582+0700] {dag.py:3096} INFO - Sync 1 DAGs
[2024-05-24T17:16:42.683+0700] {logging_mixin.py:188} INFO - [2024-05-24T17:16:42.680+0700] {dag.py:3954} INFO - Setting next_dagrun for example_branch_python_operator_decorator to 2024-05-23 00:00:00+00:00, run_after=2024-05-24 00:00:00+00:00
[2024-05-24T17:16:42.926+0700] {processor.py:183} INFO - Processing /mnt/d/Programming/Vietnamese-Text-Generator/airflow_env/lib/python3.10/site-packages/airflow/example_dags/example_branch_operator_decorator.py took 0.764 seconds
[2024-05-24T17:19:03.501+0700] {processor.py:161} INFO - Started process (PID=6430) to work on /mnt/d/Programming/Vietnamese-Text-Generator/airflow_env/lib/python3.10/site-packages/airflow/example_dags/example_branch_operator_decorator.py
[2024-05-24T17:19:03.507+0700] {processor.py:830} INFO - Processing file /mnt/d/Programming/Vietnamese-Text-Generator/airflow_env/lib/python3.10/site-packages/airflow/example_dags/example_branch_operator_decorator.py for tasks to queue
[2024-05-24T17:19:03.517+0700] {logging_mixin.py:188} INFO - [2024-05-24T17:19:03.513+0700] {dagbag.py:540} INFO - Filling up the DagBag from /mnt/d/Programming/Vietnamese-Text-Generator/airflow_env/lib/python3.10/site-packages/airflow/example_dags/example_branch_operator_decorator.py
[2024-05-24T17:19:03.707+0700] {processor.py:840} INFO - DAG(s) 'example_branch_python_operator_decorator' retrieved from /mnt/d/Programming/Vietnamese-Text-Generator/airflow_env/lib/python3.10/site-packages/airflow/example_dags/example_branch_operator_decorator.py
[2024-05-24T17:19:03.855+0700] {logging_mixin.py:188} INFO - [2024-05-24T17:19:03.852+0700] {dag.py:3096} INFO - Sync 1 DAGs
[2024-05-24T17:19:03.946+0700] {logging_mixin.py:188} INFO - [2024-05-24T17:19:03.943+0700] {dag.py:3954} INFO - Setting next_dagrun for example_branch_python_operator_decorator to 2024-05-23 00:00:00+00:00, run_after=2024-05-24 00:00:00+00:00
[2024-05-24T17:19:04.156+0700] {processor.py:183} INFO - Processing /mnt/d/Programming/Vietnamese-Text-Generator/airflow_env/lib/python3.10/site-packages/airflow/example_dags/example_branch_operator_decorator.py took 0.694 seconds
[2024-05-24T17:21:19.416+0700] {processor.py:161} INFO - Started process (PID=7024) to work on /mnt/d/Programming/Vietnamese-Text-Generator/airflow_env/lib/python3.10/site-packages/airflow/example_dags/example_branch_operator_decorator.py
[2024-05-24T17:21:19.418+0700] {processor.py:830} INFO - Processing file /mnt/d/Programming/Vietnamese-Text-Generator/airflow_env/lib/python3.10/site-packages/airflow/example_dags/example_branch_operator_decorator.py for tasks to queue
[2024-05-24T17:21:19.424+0700] {logging_mixin.py:188} INFO - [2024-05-24T17:21:19.422+0700] {dagbag.py:540} INFO - Filling up the DagBag from /mnt/d/Programming/Vietnamese-Text-Generator/airflow_env/lib/python3.10/site-packages/airflow/example_dags/example_branch_operator_decorator.py
[2024-05-24T17:21:19.519+0700] {processor.py:840} INFO - DAG(s) 'example_branch_python_operator_decorator' retrieved from /mnt/d/Programming/Vietnamese-Text-Generator/airflow_env/lib/python3.10/site-packages/airflow/example_dags/example_branch_operator_decorator.py
[2024-05-24T17:21:19.560+0700] {logging_mixin.py:188} INFO - [2024-05-24T17:21:19.559+0700] {dag.py:3096} INFO - Sync 1 DAGs
[2024-05-24T17:21:19.595+0700] {logging_mixin.py:188} INFO - [2024-05-24T17:21:19.594+0700] {dag.py:3954} INFO - Setting next_dagrun for example_branch_python_operator_decorator to 2024-05-23 00:00:00+00:00, run_after=2024-05-24 00:00:00+00:00
[2024-05-24T17:21:19.750+0700] {processor.py:183} INFO - Processing /mnt/d/Programming/Vietnamese-Text-Generator/airflow_env/lib/python3.10/site-packages/airflow/example_dags/example_branch_operator_decorator.py took 0.353 seconds
[2024-05-24T17:23:32.166+0700] {processor.py:161} INFO - Started process (PID=7603) to work on /mnt/d/Programming/Vietnamese-Text-Generator/airflow_env/lib/python3.10/site-packages/airflow/example_dags/example_branch_operator_decorator.py
[2024-05-24T17:23:32.173+0700] {processor.py:830} INFO - Processing file /mnt/d/Programming/Vietnamese-Text-Generator/airflow_env/lib/python3.10/site-packages/airflow/example_dags/example_branch_operator_decorator.py for tasks to queue
[2024-05-24T17:23:32.187+0700] {logging_mixin.py:188} INFO - [2024-05-24T17:23:32.183+0700] {dagbag.py:540} INFO - Filling up the DagBag from /mnt/d/Programming/Vietnamese-Text-Generator/airflow_env/lib/python3.10/site-packages/airflow/example_dags/example_branch_operator_decorator.py
[2024-05-24T17:23:32.369+0700] {processor.py:840} INFO - DAG(s) 'example_branch_python_operator_decorator' retrieved from /mnt/d/Programming/Vietnamese-Text-Generator/airflow_env/lib/python3.10/site-packages/airflow/example_dags/example_branch_operator_decorator.py
[2024-05-24T17:23:32.460+0700] {logging_mixin.py:188} INFO - [2024-05-24T17:23:32.458+0700] {dag.py:3096} INFO - Sync 1 DAGs
[2024-05-24T17:23:32.524+0700] {logging_mixin.py:188} INFO - [2024-05-24T17:23:32.521+0700] {dag.py:3954} INFO - Setting next_dagrun for example_branch_python_operator_decorator to 2024-05-23 00:00:00+00:00, run_after=2024-05-24 00:00:00+00:00
[2024-05-24T17:23:32.690+0700] {processor.py:183} INFO - Processing /mnt/d/Programming/Vietnamese-Text-Generator/airflow_env/lib/python3.10/site-packages/airflow/example_dags/example_branch_operator_decorator.py took 0.573 seconds
[2024-05-24T17:47:14.254+0700] {processor.py:161} INFO - Started process (PID=8161) to work on /mnt/d/Programming/Vietnamese-Text-Generator/airflow_env/lib/python3.10/site-packages/airflow/example_dags/example_branch_operator_decorator.py
[2024-05-24T17:47:14.256+0700] {processor.py:830} INFO - Processing file /mnt/d/Programming/Vietnamese-Text-Generator/airflow_env/lib/python3.10/site-packages/airflow/example_dags/example_branch_operator_decorator.py for tasks to queue
[2024-05-24T17:47:14.260+0700] {logging_mixin.py:188} INFO - [2024-05-24T17:47:14.259+0700] {dagbag.py:540} INFO - Filling up the DagBag from /mnt/d/Programming/Vietnamese-Text-Generator/airflow_env/lib/python3.10/site-packages/airflow/example_dags/example_branch_operator_decorator.py
[2024-05-24T17:47:14.322+0700] {processor.py:840} INFO - DAG(s) 'example_branch_python_operator_decorator' retrieved from /mnt/d/Programming/Vietnamese-Text-Generator/airflow_env/lib/python3.10/site-packages/airflow/example_dags/example_branch_operator_decorator.py
[2024-05-24T17:47:14.364+0700] {logging_mixin.py:188} INFO - [2024-05-24T17:47:14.362+0700] {dag.py:3096} INFO - Sync 1 DAGs
[2024-05-24T17:47:14.394+0700] {logging_mixin.py:188} INFO - [2024-05-24T17:47:14.392+0700] {dag.py:3954} INFO - Setting next_dagrun for example_branch_python_operator_decorator to 2024-05-23 00:00:00+00:00, run_after=2024-05-24 00:00:00+00:00
[2024-05-24T17:47:14.460+0700] {processor.py:183} INFO - Processing /mnt/d/Programming/Vietnamese-Text-Generator/airflow_env/lib/python3.10/site-packages/airflow/example_dags/example_branch_operator_decorator.py took 0.222 seconds
[2024-05-24T17:48:33.427+0700] {processor.py:161} INFO - Started process (PID=8529) to work on /mnt/d/Programming/Vietnamese-Text-Generator/airflow_env/lib/python3.10/site-packages/airflow/example_dags/example_branch_operator_decorator.py
[2024-05-24T17:48:33.434+0700] {processor.py:830} INFO - Processing file /mnt/d/Programming/Vietnamese-Text-Generator/airflow_env/lib/python3.10/site-packages/airflow/example_dags/example_branch_operator_decorator.py for tasks to queue
[2024-05-24T17:48:33.447+0700] {logging_mixin.py:188} INFO - [2024-05-24T17:48:33.443+0700] {dagbag.py:540} INFO - Filling up the DagBag from /mnt/d/Programming/Vietnamese-Text-Generator/airflow_env/lib/python3.10/site-packages/airflow/example_dags/example_branch_operator_decorator.py
[2024-05-24T17:48:33.646+0700] {processor.py:840} INFO - DAG(s) 'example_branch_python_operator_decorator' retrieved from /mnt/d/Programming/Vietnamese-Text-Generator/airflow_env/lib/python3.10/site-packages/airflow/example_dags/example_branch_operator_decorator.py
[2024-05-24T17:48:33.769+0700] {logging_mixin.py:188} INFO - [2024-05-24T17:48:33.766+0700] {dag.py:3096} INFO - Sync 1 DAGs
[2024-05-24T17:48:33.855+0700] {logging_mixin.py:188} INFO - [2024-05-24T17:48:33.852+0700] {dag.py:3954} INFO - Setting next_dagrun for example_branch_python_operator_decorator to 2024-05-23 00:00:00+00:00, run_after=2024-05-24 00:00:00+00:00
[2024-05-24T17:48:34.030+0700] {processor.py:183} INFO - Processing /mnt/d/Programming/Vietnamese-Text-Generator/airflow_env/lib/python3.10/site-packages/airflow/example_dags/example_branch_operator_decorator.py took 0.652 seconds
[2024-05-24T17:50:40.969+0700] {processor.py:161} INFO - Started process (PID=9087) to work on /mnt/d/Programming/Vietnamese-Text-Generator/airflow_env/lib/python3.10/site-packages/airflow/example_dags/example_branch_operator_decorator.py
[2024-05-24T17:50:40.975+0700] {processor.py:830} INFO - Processing file /mnt/d/Programming/Vietnamese-Text-Generator/airflow_env/lib/python3.10/site-packages/airflow/example_dags/example_branch_operator_decorator.py for tasks to queue
[2024-05-24T17:50:40.987+0700] {logging_mixin.py:188} INFO - [2024-05-24T17:50:40.983+0700] {dagbag.py:540} INFO - Filling up the DagBag from /mnt/d/Programming/Vietnamese-Text-Generator/airflow_env/lib/python3.10/site-packages/airflow/example_dags/example_branch_operator_decorator.py
[2024-05-24T17:50:41.187+0700] {processor.py:840} INFO - DAG(s) 'example_branch_python_operator_decorator' retrieved from /mnt/d/Programming/Vietnamese-Text-Generator/airflow_env/lib/python3.10/site-packages/airflow/example_dags/example_branch_operator_decorator.py
[2024-05-24T17:50:41.310+0700] {logging_mixin.py:188} INFO - [2024-05-24T17:50:41.307+0700] {dag.py:3096} INFO - Sync 1 DAGs
[2024-05-24T17:50:41.398+0700] {logging_mixin.py:188} INFO - [2024-05-24T17:50:41.394+0700] {dag.py:3954} INFO - Setting next_dagrun for example_branch_python_operator_decorator to 2024-05-23 00:00:00+00:00, run_after=2024-05-24 00:00:00+00:00
[2024-05-24T17:50:41.588+0700] {processor.py:183} INFO - Processing /mnt/d/Programming/Vietnamese-Text-Generator/airflow_env/lib/python3.10/site-packages/airflow/example_dags/example_branch_operator_decorator.py took 0.662 seconds
[2024-05-24T17:52:59.417+0700] {processor.py:161} INFO - Started process (PID=9695) to work on /mnt/d/Programming/Vietnamese-Text-Generator/airflow_env/lib/python3.10/site-packages/airflow/example_dags/example_branch_operator_decorator.py
[2024-05-24T17:52:59.423+0700] {processor.py:830} INFO - Processing file /mnt/d/Programming/Vietnamese-Text-Generator/airflow_env/lib/python3.10/site-packages/airflow/example_dags/example_branch_operator_decorator.py for tasks to queue
[2024-05-24T17:52:59.434+0700] {logging_mixin.py:188} INFO - [2024-05-24T17:52:59.431+0700] {dagbag.py:540} INFO - Filling up the DagBag from /mnt/d/Programming/Vietnamese-Text-Generator/airflow_env/lib/python3.10/site-packages/airflow/example_dags/example_branch_operator_decorator.py
[2024-05-24T17:52:59.642+0700] {processor.py:840} INFO - DAG(s) 'example_branch_python_operator_decorator' retrieved from /mnt/d/Programming/Vietnamese-Text-Generator/airflow_env/lib/python3.10/site-packages/airflow/example_dags/example_branch_operator_decorator.py
[2024-05-24T17:52:59.770+0700] {logging_mixin.py:188} INFO - [2024-05-24T17:52:59.766+0700] {dag.py:3096} INFO - Sync 1 DAGs
[2024-05-24T17:52:59.857+0700] {logging_mixin.py:188} INFO - [2024-05-24T17:52:59.853+0700] {dag.py:3954} INFO - Setting next_dagrun for example_branch_python_operator_decorator to 2024-05-23 00:00:00+00:00, run_after=2024-05-24 00:00:00+00:00
[2024-05-24T17:53:00.081+0700] {processor.py:183} INFO - Processing /mnt/d/Programming/Vietnamese-Text-Generator/airflow_env/lib/python3.10/site-packages/airflow/example_dags/example_branch_operator_decorator.py took 0.710 seconds
[2024-05-24T17:55:18.469+0700] {processor.py:161} INFO - Started process (PID=10301) to work on /mnt/d/Programming/Vietnamese-Text-Generator/airflow_env/lib/python3.10/site-packages/airflow/example_dags/example_branch_operator_decorator.py
[2024-05-24T17:55:18.472+0700] {processor.py:830} INFO - Processing file /mnt/d/Programming/Vietnamese-Text-Generator/airflow_env/lib/python3.10/site-packages/airflow/example_dags/example_branch_operator_decorator.py for tasks to queue
[2024-05-24T17:55:18.479+0700] {logging_mixin.py:188} INFO - [2024-05-24T17:55:18.477+0700] {dagbag.py:540} INFO - Filling up the DagBag from /mnt/d/Programming/Vietnamese-Text-Generator/airflow_env/lib/python3.10/site-packages/airflow/example_dags/example_branch_operator_decorator.py
[2024-05-24T17:55:18.589+0700] {processor.py:840} INFO - DAG(s) 'example_branch_python_operator_decorator' retrieved from /mnt/d/Programming/Vietnamese-Text-Generator/airflow_env/lib/python3.10/site-packages/airflow/example_dags/example_branch_operator_decorator.py
[2024-05-24T17:55:18.670+0700] {logging_mixin.py:188} INFO - [2024-05-24T17:55:18.668+0700] {dag.py:3096} INFO - Sync 1 DAGs
[2024-05-24T17:55:18.733+0700] {logging_mixin.py:188} INFO - [2024-05-24T17:55:18.730+0700] {dag.py:3954} INFO - Setting next_dagrun for example_branch_python_operator_decorator to 2024-05-23 00:00:00+00:00, run_after=2024-05-24 00:00:00+00:00
[2024-05-24T17:55:18.880+0700] {processor.py:183} INFO - Processing /mnt/d/Programming/Vietnamese-Text-Generator/airflow_env/lib/python3.10/site-packages/airflow/example_dags/example_branch_operator_decorator.py took 0.442 seconds
[2024-05-24T17:57:38.918+0700] {processor.py:161} INFO - Started process (PID=10913) to work on /mnt/d/Programming/Vietnamese-Text-Generator/airflow_env/lib/python3.10/site-packages/airflow/example_dags/example_branch_operator_decorator.py
[2024-05-24T17:57:38.925+0700] {processor.py:830} INFO - Processing file /mnt/d/Programming/Vietnamese-Text-Generator/airflow_env/lib/python3.10/site-packages/airflow/example_dags/example_branch_operator_decorator.py for tasks to queue
[2024-05-24T17:57:38.936+0700] {logging_mixin.py:188} INFO - [2024-05-24T17:57:38.932+0700] {dagbag.py:540} INFO - Filling up the DagBag from /mnt/d/Programming/Vietnamese-Text-Generator/airflow_env/lib/python3.10/site-packages/airflow/example_dags/example_branch_operator_decorator.py
[2024-05-24T17:57:39.135+0700] {processor.py:840} INFO - DAG(s) 'example_branch_python_operator_decorator' retrieved from /mnt/d/Programming/Vietnamese-Text-Generator/airflow_env/lib/python3.10/site-packages/airflow/example_dags/example_branch_operator_decorator.py
[2024-05-24T17:57:39.261+0700] {logging_mixin.py:188} INFO - [2024-05-24T17:57:39.257+0700] {dag.py:3096} INFO - Sync 1 DAGs
[2024-05-24T17:57:39.353+0700] {logging_mixin.py:188} INFO - [2024-05-24T17:57:39.350+0700] {dag.py:3954} INFO - Setting next_dagrun for example_branch_python_operator_decorator to 2024-05-23 00:00:00+00:00, run_after=2024-05-24 00:00:00+00:00
[2024-05-24T17:57:39.551+0700] {processor.py:183} INFO - Processing /mnt/d/Programming/Vietnamese-Text-Generator/airflow_env/lib/python3.10/site-packages/airflow/example_dags/example_branch_operator_decorator.py took 0.682 seconds
[2024-05-24T17:59:53.718+0700] {processor.py:161} INFO - Started process (PID=11499) to work on /mnt/d/Programming/Vietnamese-Text-Generator/airflow_env/lib/python3.10/site-packages/airflow/example_dags/example_branch_operator_decorator.py
[2024-05-24T17:59:53.726+0700] {processor.py:830} INFO - Processing file /mnt/d/Programming/Vietnamese-Text-Generator/airflow_env/lib/python3.10/site-packages/airflow/example_dags/example_branch_operator_decorator.py for tasks to queue
[2024-05-24T17:59:53.739+0700] {logging_mixin.py:188} INFO - [2024-05-24T17:59:53.735+0700] {dagbag.py:540} INFO - Filling up the DagBag from /mnt/d/Programming/Vietnamese-Text-Generator/airflow_env/lib/python3.10/site-packages/airflow/example_dags/example_branch_operator_decorator.py
[2024-05-24T17:59:53.910+0700] {processor.py:840} INFO - DAG(s) 'example_branch_python_operator_decorator' retrieved from /mnt/d/Programming/Vietnamese-Text-Generator/airflow_env/lib/python3.10/site-packages/airflow/example_dags/example_branch_operator_decorator.py
[2024-05-24T17:59:54.024+0700] {logging_mixin.py:188} INFO - [2024-05-24T17:59:54.021+0700] {dag.py:3096} INFO - Sync 1 DAGs
[2024-05-24T17:59:54.107+0700] {logging_mixin.py:188} INFO - [2024-05-24T17:59:54.104+0700] {dag.py:3954} INFO - Setting next_dagrun for example_branch_python_operator_decorator to 2024-05-23 00:00:00+00:00, run_after=2024-05-24 00:00:00+00:00
[2024-05-24T17:59:54.281+0700] {processor.py:183} INFO - Processing /mnt/d/Programming/Vietnamese-Text-Generator/airflow_env/lib/python3.10/site-packages/airflow/example_dags/example_branch_operator_decorator.py took 0.609 seconds
[2024-05-24T18:02:13.066+0700] {processor.py:161} INFO - Started process (PID=12106) to work on /mnt/d/Programming/Vietnamese-Text-Generator/airflow_env/lib/python3.10/site-packages/airflow/example_dags/example_branch_operator_decorator.py
[2024-05-24T18:02:13.072+0700] {processor.py:830} INFO - Processing file /mnt/d/Programming/Vietnamese-Text-Generator/airflow_env/lib/python3.10/site-packages/airflow/example_dags/example_branch_operator_decorator.py for tasks to queue
[2024-05-24T18:02:13.084+0700] {logging_mixin.py:188} INFO - [2024-05-24T18:02:13.081+0700] {dagbag.py:540} INFO - Filling up the DagBag from /mnt/d/Programming/Vietnamese-Text-Generator/airflow_env/lib/python3.10/site-packages/airflow/example_dags/example_branch_operator_decorator.py
[2024-05-24T18:02:13.278+0700] {processor.py:840} INFO - DAG(s) 'example_branch_python_operator_decorator' retrieved from /mnt/d/Programming/Vietnamese-Text-Generator/airflow_env/lib/python3.10/site-packages/airflow/example_dags/example_branch_operator_decorator.py
[2024-05-24T18:02:13.398+0700] {logging_mixin.py:188} INFO - [2024-05-24T18:02:13.395+0700] {dag.py:3096} INFO - Sync 1 DAGs
[2024-05-24T18:02:13.490+0700] {logging_mixin.py:188} INFO - [2024-05-24T18:02:13.487+0700] {dag.py:3954} INFO - Setting next_dagrun for example_branch_python_operator_decorator to 2024-05-23 00:00:00+00:00, run_after=2024-05-24 00:00:00+00:00
[2024-05-24T18:02:13.697+0700] {processor.py:183} INFO - Processing /mnt/d/Programming/Vietnamese-Text-Generator/airflow_env/lib/python3.10/site-packages/airflow/example_dags/example_branch_operator_decorator.py took 0.676 seconds
[2024-05-24T18:04:35.243+0700] {processor.py:161} INFO - Started process (PID=12725) to work on /mnt/d/Programming/Vietnamese-Text-Generator/airflow_env/lib/python3.10/site-packages/airflow/example_dags/example_branch_operator_decorator.py
[2024-05-24T18:04:35.249+0700] {processor.py:830} INFO - Processing file /mnt/d/Programming/Vietnamese-Text-Generator/airflow_env/lib/python3.10/site-packages/airflow/example_dags/example_branch_operator_decorator.py for tasks to queue
[2024-05-24T18:04:35.261+0700] {logging_mixin.py:188} INFO - [2024-05-24T18:04:35.257+0700] {dagbag.py:540} INFO - Filling up the DagBag from /mnt/d/Programming/Vietnamese-Text-Generator/airflow_env/lib/python3.10/site-packages/airflow/example_dags/example_branch_operator_decorator.py
[2024-05-24T18:04:35.462+0700] {processor.py:840} INFO - DAG(s) 'example_branch_python_operator_decorator' retrieved from /mnt/d/Programming/Vietnamese-Text-Generator/airflow_env/lib/python3.10/site-packages/airflow/example_dags/example_branch_operator_decorator.py
[2024-05-24T18:04:35.586+0700] {logging_mixin.py:188} INFO - [2024-05-24T18:04:35.582+0700] {dag.py:3096} INFO - Sync 1 DAGs
[2024-05-24T18:04:35.671+0700] {logging_mixin.py:188} INFO - [2024-05-24T18:04:35.667+0700] {dag.py:3954} INFO - Setting next_dagrun for example_branch_python_operator_decorator to 2024-05-23 00:00:00+00:00, run_after=2024-05-24 00:00:00+00:00
[2024-05-24T18:04:35.867+0700] {processor.py:183} INFO - Processing /mnt/d/Programming/Vietnamese-Text-Generator/airflow_env/lib/python3.10/site-packages/airflow/example_dags/example_branch_operator_decorator.py took 0.669 seconds
