[2024-05-24T17:02:58.337+0700] {processor.py:161} INFO - Started process (PID=2130) to work on /mnt/d/Programming/Vietnamese-Text-Generator/airflow_env/lib/python3.10/site-packages/airflow/example_dags/example_branch_datetime_operator.py
[2024-05-24T17:02:58.343+0700] {processor.py:830} INFO - Processing file /mnt/d/Programming/Vietnamese-Text-Generator/airflow_env/lib/python3.10/site-packages/airflow/example_dags/example_branch_datetime_operator.py for tasks to queue
[2024-05-24T17:02:58.355+0700] {logging_mixin.py:188} INFO - [2024-05-24T17:02:58.351+0700] {dagbag.py:540} INFO - Filling up the DagBag from /mnt/d/Programming/Vietnamese-Text-Generator/airflow_env/lib/python3.10/site-packages/airflow/example_dags/example_branch_datetime_operator.py
[2024-05-24T17:02:58.527+0700] {processor.py:840} INFO - DAG(s) 'example_branch_datetime_operator_2', 'example_branch_datetime_operator', 'example_branch_datetime_operator_3' retrieved from /mnt/d/Programming/Vietnamese-Text-Generator/airflow_env/lib/python3.10/site-packages/airflow/example_dags/example_branch_datetime_operator.py
[2024-05-24T17:02:58.663+0700] {logging_mixin.py:188} INFO - [2024-05-24T17:02:58.660+0700] {dag.py:3096} INFO - Sync 3 DAGs
[2024-05-24T17:02:58.755+0700] {logging_mixin.py:188} INFO - [2024-05-24T17:02:58.752+0700] {dag.py:3954} INFO - Setting next_dagrun for example_branch_datetime_operator to 2024-05-23 00:00:00+00:00, run_after=2024-05-24 00:00:00+00:00
[2024-05-24T17:02:58.798+0700] {logging_mixin.py:188} INFO - [2024-05-24T17:02:58.788+0700] {dag.py:3954} INFO - Setting next_dagrun for example_branch_datetime_operator_2 to 2024-05-23 00:00:00+00:00, run_after=2024-05-24 00:00:00+00:00
[2024-05-24T17:02:58.860+0700] {logging_mixin.py:188} INFO - [2024-05-24T17:02:58.856+0700] {dag.py:3954} INFO - Setting next_dagrun for example_branch_datetime_operator_3 to 2024-05-23 00:00:00+00:00, run_after=2024-05-24 00:00:00+00:00
[2024-05-24T17:02:58.981+0700] {processor.py:183} INFO - Processing /mnt/d/Programming/Vietnamese-Text-Generator/airflow_env/lib/python3.10/site-packages/airflow/example_dags/example_branch_datetime_operator.py took 0.688 seconds
[2024-05-24T17:05:23.448+0700] {processor.py:161} INFO - Started process (PID=2765) to work on /mnt/d/Programming/Vietnamese-Text-Generator/airflow_env/lib/python3.10/site-packages/airflow/example_dags/example_branch_datetime_operator.py
[2024-05-24T17:05:23.450+0700] {processor.py:830} INFO - Processing file /mnt/d/Programming/Vietnamese-Text-Generator/airflow_env/lib/python3.10/site-packages/airflow/example_dags/example_branch_datetime_operator.py for tasks to queue
[2024-05-24T17:05:23.456+0700] {logging_mixin.py:188} INFO - [2024-05-24T17:05:23.454+0700] {dagbag.py:540} INFO - Filling up the DagBag from /mnt/d/Programming/Vietnamese-Text-Generator/airflow_env/lib/python3.10/site-packages/airflow/example_dags/example_branch_datetime_operator.py
[2024-05-24T17:05:23.511+0700] {processor.py:840} INFO - DAG(s) 'example_branch_datetime_operator_3', 'example_branch_datetime_operator', 'example_branch_datetime_operator_2' retrieved from /mnt/d/Programming/Vietnamese-Text-Generator/airflow_env/lib/python3.10/site-packages/airflow/example_dags/example_branch_datetime_operator.py
[2024-05-24T17:05:23.593+0700] {logging_mixin.py:188} INFO - [2024-05-24T17:05:23.591+0700] {dag.py:3096} INFO - Sync 3 DAGs
[2024-05-24T17:05:23.666+0700] {logging_mixin.py:188} INFO - [2024-05-24T17:05:23.664+0700] {dag.py:3954} INFO - Setting next_dagrun for example_branch_datetime_operator to 2024-05-23 00:00:00+00:00, run_after=2024-05-24 00:00:00+00:00
[2024-05-24T17:05:23.684+0700] {logging_mixin.py:188} INFO - [2024-05-24T17:05:23.682+0700] {dag.py:3954} INFO - Setting next_dagrun for example_branch_datetime_operator_2 to 2024-05-23 00:00:00+00:00, run_after=2024-05-24 00:00:00+00:00
[2024-05-24T17:05:23.697+0700] {logging_mixin.py:188} INFO - [2024-05-24T17:05:23.695+0700] {dag.py:3954} INFO - Setting next_dagrun for example_branch_datetime_operator_3 to 2024-05-23 00:00:00+00:00, run_after=2024-05-24 00:00:00+00:00
[2024-05-24T17:05:23.823+0700] {processor.py:183} INFO - Processing /mnt/d/Programming/Vietnamese-Text-Generator/airflow_env/lib/python3.10/site-packages/airflow/example_dags/example_branch_datetime_operator.py took 0.394 seconds
[2024-05-24T17:07:37.640+0700] {processor.py:161} INFO - Started process (PID=3428) to work on /mnt/d/Programming/Vietnamese-Text-Generator/airflow_env/lib/python3.10/site-packages/airflow/example_dags/example_branch_datetime_operator.py
[2024-05-24T17:07:37.647+0700] {processor.py:830} INFO - Processing file /mnt/d/Programming/Vietnamese-Text-Generator/airflow_env/lib/python3.10/site-packages/airflow/example_dags/example_branch_datetime_operator.py for tasks to queue
[2024-05-24T17:07:37.659+0700] {logging_mixin.py:188} INFO - [2024-05-24T17:07:37.656+0700] {dagbag.py:540} INFO - Filling up the DagBag from /mnt/d/Programming/Vietnamese-Text-Generator/airflow_env/lib/python3.10/site-packages/airflow/example_dags/example_branch_datetime_operator.py
[2024-05-24T17:07:37.858+0700] {processor.py:840} INFO - DAG(s) 'example_branch_datetime_operator_3', 'example_branch_datetime_operator', 'example_branch_datetime_operator_2' retrieved from /mnt/d/Programming/Vietnamese-Text-Generator/airflow_env/lib/python3.10/site-packages/airflow/example_dags/example_branch_datetime_operator.py
[2024-05-24T17:07:38.016+0700] {logging_mixin.py:188} INFO - [2024-05-24T17:07:38.015+0700] {dag.py:3096} INFO - Sync 3 DAGs
[2024-05-24T17:07:38.062+0700] {logging_mixin.py:188} INFO - [2024-05-24T17:07:38.060+0700] {dag.py:3954} INFO - Setting next_dagrun for example_branch_datetime_operator to 2024-05-23 00:00:00+00:00, run_after=2024-05-24 00:00:00+00:00
[2024-05-24T17:07:38.077+0700] {logging_mixin.py:188} INFO - [2024-05-24T17:07:38.075+0700] {dag.py:3954} INFO - Setting next_dagrun for example_branch_datetime_operator_2 to 2024-05-23 00:00:00+00:00, run_after=2024-05-24 00:00:00+00:00
[2024-05-24T17:07:38.084+0700] {logging_mixin.py:188} INFO - [2024-05-24T17:07:38.083+0700] {dag.py:3954} INFO - Setting next_dagrun for example_branch_datetime_operator_3 to 2024-05-23 00:00:00+00:00, run_after=2024-05-24 00:00:00+00:00
[2024-05-24T17:07:38.166+0700] {processor.py:183} INFO - Processing /mnt/d/Programming/Vietnamese-Text-Generator/airflow_env/lib/python3.10/site-packages/airflow/example_dags/example_branch_datetime_operator.py took 0.570 seconds
[2024-05-24T17:09:49.921+0700] {processor.py:161} INFO - Started process (PID=4007) to work on /mnt/d/Programming/Vietnamese-Text-Generator/airflow_env/lib/python3.10/site-packages/airflow/example_dags/example_branch_datetime_operator.py
[2024-05-24T17:09:49.923+0700] {processor.py:830} INFO - Processing file /mnt/d/Programming/Vietnamese-Text-Generator/airflow_env/lib/python3.10/site-packages/airflow/example_dags/example_branch_datetime_operator.py for tasks to queue
[2024-05-24T17:09:49.929+0700] {logging_mixin.py:188} INFO - [2024-05-24T17:09:49.927+0700] {dagbag.py:540} INFO - Filling up the DagBag from /mnt/d/Programming/Vietnamese-Text-Generator/airflow_env/lib/python3.10/site-packages/airflow/example_dags/example_branch_datetime_operator.py
[2024-05-24T17:09:49.997+0700] {processor.py:840} INFO - DAG(s) 'example_branch_datetime_operator_3', 'example_branch_datetime_operator', 'example_branch_datetime_operator_2' retrieved from /mnt/d/Programming/Vietnamese-Text-Generator/airflow_env/lib/python3.10/site-packages/airflow/example_dags/example_branch_datetime_operator.py
[2024-05-24T17:09:50.063+0700] {logging_mixin.py:188} INFO - [2024-05-24T17:09:50.062+0700] {dag.py:3096} INFO - Sync 3 DAGs
[2024-05-24T17:09:50.114+0700] {logging_mixin.py:188} INFO - [2024-05-24T17:09:50.113+0700] {dag.py:3954} INFO - Setting next_dagrun for example_branch_datetime_operator to 2024-05-23 00:00:00+00:00, run_after=2024-05-24 00:00:00+00:00
[2024-05-24T17:09:50.128+0700] {logging_mixin.py:188} INFO - [2024-05-24T17:09:50.126+0700] {dag.py:3954} INFO - Setting next_dagrun for example_branch_datetime_operator_2 to 2024-05-23 00:00:00+00:00, run_after=2024-05-24 00:00:00+00:00
[2024-05-24T17:09:50.136+0700] {logging_mixin.py:188} INFO - [2024-05-24T17:09:50.135+0700] {dag.py:3954} INFO - Setting next_dagrun for example_branch_datetime_operator_3 to 2024-05-23 00:00:00+00:00, run_after=2024-05-24 00:00:00+00:00
[2024-05-24T17:09:50.304+0700] {processor.py:183} INFO - Processing /mnt/d/Programming/Vietnamese-Text-Generator/airflow_env/lib/python3.10/site-packages/airflow/example_dags/example_branch_datetime_operator.py took 0.404 seconds
[2024-05-24T17:12:13.502+0700] {processor.py:161} INFO - Started process (PID=4635) to work on /mnt/d/Programming/Vietnamese-Text-Generator/airflow_env/lib/python3.10/site-packages/airflow/example_dags/example_branch_datetime_operator.py
[2024-05-24T17:12:13.508+0700] {processor.py:830} INFO - Processing file /mnt/d/Programming/Vietnamese-Text-Generator/airflow_env/lib/python3.10/site-packages/airflow/example_dags/example_branch_datetime_operator.py for tasks to queue
[2024-05-24T17:12:13.520+0700] {logging_mixin.py:188} INFO - [2024-05-24T17:12:13.517+0700] {dagbag.py:540} INFO - Filling up the DagBag from /mnt/d/Programming/Vietnamese-Text-Generator/airflow_env/lib/python3.10/site-packages/airflow/example_dags/example_branch_datetime_operator.py
[2024-05-24T17:12:13.703+0700] {processor.py:840} INFO - DAG(s) 'example_branch_datetime_operator_2', 'example_branch_datetime_operator', 'example_branch_datetime_operator_3' retrieved from /mnt/d/Programming/Vietnamese-Text-Generator/airflow_env/lib/python3.10/site-packages/airflow/example_dags/example_branch_datetime_operator.py
[2024-05-24T17:12:13.829+0700] {logging_mixin.py:188} INFO - [2024-05-24T17:12:13.826+0700] {dag.py:3096} INFO - Sync 3 DAGs
[2024-05-24T17:12:13.954+0700] {logging_mixin.py:188} INFO - [2024-05-24T17:12:13.951+0700] {dag.py:3954} INFO - Setting next_dagrun for example_branch_datetime_operator to 2024-05-23 00:00:00+00:00, run_after=2024-05-24 00:00:00+00:00
[2024-05-24T17:12:13.976+0700] {logging_mixin.py:188} INFO - [2024-05-24T17:12:13.974+0700] {dag.py:3954} INFO - Setting next_dagrun for example_branch_datetime_operator_2 to 2024-05-23 00:00:00+00:00, run_after=2024-05-24 00:00:00+00:00
[2024-05-24T17:12:13.991+0700] {logging_mixin.py:188} INFO - [2024-05-24T17:12:13.989+0700] {dag.py:3954} INFO - Setting next_dagrun for example_branch_datetime_operator_3 to 2024-05-23 00:00:00+00:00, run_after=2024-05-24 00:00:00+00:00
[2024-05-24T17:12:14.189+0700] {processor.py:183} INFO - Processing /mnt/d/Programming/Vietnamese-Text-Generator/airflow_env/lib/python3.10/site-packages/airflow/example_dags/example_branch_datetime_operator.py took 0.732 seconds
[2024-05-24T17:14:27.961+0700] {processor.py:161} INFO - Started process (PID=5223) to work on /mnt/d/Programming/Vietnamese-Text-Generator/airflow_env/lib/python3.10/site-packages/airflow/example_dags/example_branch_datetime_operator.py
[2024-05-24T17:14:27.964+0700] {processor.py:830} INFO - Processing file /mnt/d/Programming/Vietnamese-Text-Generator/airflow_env/lib/python3.10/site-packages/airflow/example_dags/example_branch_datetime_operator.py for tasks to queue
[2024-05-24T17:14:27.969+0700] {logging_mixin.py:188} INFO - [2024-05-24T17:14:27.967+0700] {dagbag.py:540} INFO - Filling up the DagBag from /mnt/d/Programming/Vietnamese-Text-Generator/airflow_env/lib/python3.10/site-packages/airflow/example_dags/example_branch_datetime_operator.py
[2024-05-24T17:14:28.056+0700] {processor.py:840} INFO - DAG(s) 'example_branch_datetime_operator_3', 'example_branch_datetime_operator', 'example_branch_datetime_operator_2' retrieved from /mnt/d/Programming/Vietnamese-Text-Generator/airflow_env/lib/python3.10/site-packages/airflow/example_dags/example_branch_datetime_operator.py
[2024-05-24T17:14:28.158+0700] {logging_mixin.py:188} INFO - [2024-05-24T17:14:28.156+0700] {dag.py:3096} INFO - Sync 3 DAGs
[2024-05-24T17:14:28.224+0700] {logging_mixin.py:188} INFO - [2024-05-24T17:14:28.222+0700] {dag.py:3954} INFO - Setting next_dagrun for example_branch_datetime_operator to 2024-05-23 00:00:00+00:00, run_after=2024-05-24 00:00:00+00:00
[2024-05-24T17:14:28.239+0700] {logging_mixin.py:188} INFO - [2024-05-24T17:14:28.238+0700] {dag.py:3954} INFO - Setting next_dagrun for example_branch_datetime_operator_2 to 2024-05-23 00:00:00+00:00, run_after=2024-05-24 00:00:00+00:00
[2024-05-24T17:14:28.250+0700] {logging_mixin.py:188} INFO - [2024-05-24T17:14:28.248+0700] {dag.py:3954} INFO - Setting next_dagrun for example_branch_datetime_operator_3 to 2024-05-23 00:00:00+00:00, run_after=2024-05-24 00:00:00+00:00
[2024-05-24T17:14:28.331+0700] {processor.py:183} INFO - Processing /mnt/d/Programming/Vietnamese-Text-Generator/airflow_env/lib/python3.10/site-packages/airflow/example_dags/example_branch_datetime_operator.py took 0.406 seconds
[2024-05-24T17:16:50.476+0700] {processor.py:161} INFO - Started process (PID=5843) to work on /mnt/d/Programming/Vietnamese-Text-Generator/airflow_env/lib/python3.10/site-packages/airflow/example_dags/example_branch_datetime_operator.py
[2024-05-24T17:16:50.480+0700] {processor.py:830} INFO - Processing file /mnt/d/Programming/Vietnamese-Text-Generator/airflow_env/lib/python3.10/site-packages/airflow/example_dags/example_branch_datetime_operator.py for tasks to queue
[2024-05-24T17:16:50.489+0700] {logging_mixin.py:188} INFO - [2024-05-24T17:16:50.486+0700] {dagbag.py:540} INFO - Filling up the DagBag from /mnt/d/Programming/Vietnamese-Text-Generator/airflow_env/lib/python3.10/site-packages/airflow/example_dags/example_branch_datetime_operator.py
[2024-05-24T17:16:50.604+0700] {processor.py:840} INFO - DAG(s) 'example_branch_datetime_operator', 'example_branch_datetime_operator_3', 'example_branch_datetime_operator_2' retrieved from /mnt/d/Programming/Vietnamese-Text-Generator/airflow_env/lib/python3.10/site-packages/airflow/example_dags/example_branch_datetime_operator.py
[2024-05-24T17:16:50.692+0700] {logging_mixin.py:188} INFO - [2024-05-24T17:16:50.691+0700] {dag.py:3096} INFO - Sync 3 DAGs
[2024-05-24T17:16:50.735+0700] {logging_mixin.py:188} INFO - [2024-05-24T17:16:50.734+0700] {dag.py:3954} INFO - Setting next_dagrun for example_branch_datetime_operator to 2024-05-23 00:00:00+00:00, run_after=2024-05-24 00:00:00+00:00
[2024-05-24T17:16:50.744+0700] {logging_mixin.py:188} INFO - [2024-05-24T17:16:50.743+0700] {dag.py:3954} INFO - Setting next_dagrun for example_branch_datetime_operator_2 to 2024-05-23 00:00:00+00:00, run_after=2024-05-24 00:00:00+00:00
[2024-05-24T17:16:50.750+0700] {logging_mixin.py:188} INFO - [2024-05-24T17:16:50.749+0700] {dag.py:3954} INFO - Setting next_dagrun for example_branch_datetime_operator_3 to 2024-05-23 00:00:00+00:00, run_after=2024-05-24 00:00:00+00:00
[2024-05-24T17:16:50.815+0700] {processor.py:183} INFO - Processing /mnt/d/Programming/Vietnamese-Text-Generator/airflow_env/lib/python3.10/site-packages/airflow/example_dags/example_branch_datetime_operator.py took 0.370 seconds
[2024-05-24T17:19:11.729+0700] {processor.py:161} INFO - Started process (PID=6467) to work on /mnt/d/Programming/Vietnamese-Text-Generator/airflow_env/lib/python3.10/site-packages/airflow/example_dags/example_branch_datetime_operator.py
[2024-05-24T17:19:11.736+0700] {processor.py:830} INFO - Processing file /mnt/d/Programming/Vietnamese-Text-Generator/airflow_env/lib/python3.10/site-packages/airflow/example_dags/example_branch_datetime_operator.py for tasks to queue
[2024-05-24T17:19:11.750+0700] {logging_mixin.py:188} INFO - [2024-05-24T17:19:11.745+0700] {dagbag.py:540} INFO - Filling up the DagBag from /mnt/d/Programming/Vietnamese-Text-Generator/airflow_env/lib/python3.10/site-packages/airflow/example_dags/example_branch_datetime_operator.py
[2024-05-24T17:19:11.917+0700] {processor.py:840} INFO - DAG(s) 'example_branch_datetime_operator_2', 'example_branch_datetime_operator_3', 'example_branch_datetime_operator' retrieved from /mnt/d/Programming/Vietnamese-Text-Generator/airflow_env/lib/python3.10/site-packages/airflow/example_dags/example_branch_datetime_operator.py
[2024-05-24T17:19:12.053+0700] {logging_mixin.py:188} INFO - [2024-05-24T17:19:12.050+0700] {dag.py:3096} INFO - Sync 3 DAGs
[2024-05-24T17:19:12.151+0700] {logging_mixin.py:188} INFO - [2024-05-24T17:19:12.148+0700] {dag.py:3954} INFO - Setting next_dagrun for example_branch_datetime_operator to 2024-05-23 00:00:00+00:00, run_after=2024-05-24 00:00:00+00:00
[2024-05-24T17:19:12.180+0700] {logging_mixin.py:188} INFO - [2024-05-24T17:19:12.176+0700] {dag.py:3954} INFO - Setting next_dagrun for example_branch_datetime_operator_2 to 2024-05-23 00:00:00+00:00, run_after=2024-05-24 00:00:00+00:00
[2024-05-24T17:19:12.199+0700] {logging_mixin.py:188} INFO - [2024-05-24T17:19:12.196+0700] {dag.py:3954} INFO - Setting next_dagrun for example_branch_datetime_operator_3 to 2024-05-23 00:00:00+00:00, run_after=2024-05-24 00:00:00+00:00
[2024-05-24T17:19:12.415+0700] {processor.py:183} INFO - Processing /mnt/d/Programming/Vietnamese-Text-Generator/airflow_env/lib/python3.10/site-packages/airflow/example_dags/example_branch_datetime_operator.py took 0.726 seconds
[2024-05-24T17:21:26.747+0700] {processor.py:161} INFO - Started process (PID=7055) to work on /mnt/d/Programming/Vietnamese-Text-Generator/airflow_env/lib/python3.10/site-packages/airflow/example_dags/example_branch_datetime_operator.py
[2024-05-24T17:21:26.754+0700] {processor.py:830} INFO - Processing file /mnt/d/Programming/Vietnamese-Text-Generator/airflow_env/lib/python3.10/site-packages/airflow/example_dags/example_branch_datetime_operator.py for tasks to queue
[2024-05-24T17:21:26.768+0700] {logging_mixin.py:188} INFO - [2024-05-24T17:21:26.764+0700] {dagbag.py:540} INFO - Filling up the DagBag from /mnt/d/Programming/Vietnamese-Text-Generator/airflow_env/lib/python3.10/site-packages/airflow/example_dags/example_branch_datetime_operator.py
[2024-05-24T17:21:26.957+0700] {processor.py:840} INFO - DAG(s) 'example_branch_datetime_operator', 'example_branch_datetime_operator_3', 'example_branch_datetime_operator_2' retrieved from /mnt/d/Programming/Vietnamese-Text-Generator/airflow_env/lib/python3.10/site-packages/airflow/example_dags/example_branch_datetime_operator.py
[2024-05-24T17:21:27.140+0700] {logging_mixin.py:188} INFO - [2024-05-24T17:21:27.136+0700] {dag.py:3096} INFO - Sync 3 DAGs
[2024-05-24T17:21:27.269+0700] {logging_mixin.py:188} INFO - [2024-05-24T17:21:27.265+0700] {dag.py:3954} INFO - Setting next_dagrun for example_branch_datetime_operator to 2024-05-23 00:00:00+00:00, run_after=2024-05-24 00:00:00+00:00
[2024-05-24T17:21:27.300+0700] {logging_mixin.py:188} INFO - [2024-05-24T17:21:27.297+0700] {dag.py:3954} INFO - Setting next_dagrun for example_branch_datetime_operator_2 to 2024-05-23 00:00:00+00:00, run_after=2024-05-24 00:00:00+00:00
[2024-05-24T17:21:27.318+0700] {logging_mixin.py:188} INFO - [2024-05-24T17:21:27.315+0700] {dag.py:3954} INFO - Setting next_dagrun for example_branch_datetime_operator_3 to 2024-05-23 00:00:00+00:00, run_after=2024-05-24 00:00:00+00:00
[2024-05-24T17:21:27.496+0700] {processor.py:183} INFO - Processing /mnt/d/Programming/Vietnamese-Text-Generator/airflow_env/lib/python3.10/site-packages/airflow/example_dags/example_branch_datetime_operator.py took 0.806 seconds
[2024-05-24T17:23:39.442+0700] {processor.py:161} INFO - Started process (PID=7635) to work on /mnt/d/Programming/Vietnamese-Text-Generator/airflow_env/lib/python3.10/site-packages/airflow/example_dags/example_branch_datetime_operator.py
[2024-05-24T17:23:39.446+0700] {processor.py:830} INFO - Processing file /mnt/d/Programming/Vietnamese-Text-Generator/airflow_env/lib/python3.10/site-packages/airflow/example_dags/example_branch_datetime_operator.py for tasks to queue
[2024-05-24T17:23:39.451+0700] {logging_mixin.py:188} INFO - [2024-05-24T17:23:39.449+0700] {dagbag.py:540} INFO - Filling up the DagBag from /mnt/d/Programming/Vietnamese-Text-Generator/airflow_env/lib/python3.10/site-packages/airflow/example_dags/example_branch_datetime_operator.py
[2024-05-24T17:23:39.520+0700] {processor.py:840} INFO - DAG(s) 'example_branch_datetime_operator_3', 'example_branch_datetime_operator', 'example_branch_datetime_operator_2' retrieved from /mnt/d/Programming/Vietnamese-Text-Generator/airflow_env/lib/python3.10/site-packages/airflow/example_dags/example_branch_datetime_operator.py
[2024-05-24T17:23:39.572+0700] {logging_mixin.py:188} INFO - [2024-05-24T17:23:39.571+0700] {dag.py:3096} INFO - Sync 3 DAGs
[2024-05-24T17:23:39.607+0700] {logging_mixin.py:188} INFO - [2024-05-24T17:23:39.606+0700] {dag.py:3954} INFO - Setting next_dagrun for example_branch_datetime_operator to 2024-05-23 00:00:00+00:00, run_after=2024-05-24 00:00:00+00:00
[2024-05-24T17:23:39.616+0700] {logging_mixin.py:188} INFO - [2024-05-24T17:23:39.615+0700] {dag.py:3954} INFO - Setting next_dagrun for example_branch_datetime_operator_2 to 2024-05-23 00:00:00+00:00, run_after=2024-05-24 00:00:00+00:00
[2024-05-24T17:23:39.623+0700] {logging_mixin.py:188} INFO - [2024-05-24T17:23:39.622+0700] {dag.py:3954} INFO - Setting next_dagrun for example_branch_datetime_operator_3 to 2024-05-23 00:00:00+00:00, run_after=2024-05-24 00:00:00+00:00
[2024-05-24T17:23:39.746+0700] {processor.py:183} INFO - Processing /mnt/d/Programming/Vietnamese-Text-Generator/airflow_env/lib/python3.10/site-packages/airflow/example_dags/example_branch_datetime_operator.py took 0.323 seconds
[2024-05-24T17:47:19.370+0700] {processor.py:161} INFO - Started process (PID=8187) to work on /mnt/d/Programming/Vietnamese-Text-Generator/airflow_env/lib/python3.10/site-packages/airflow/example_dags/example_branch_datetime_operator.py
[2024-05-24T17:47:19.372+0700] {processor.py:830} INFO - Processing file /mnt/d/Programming/Vietnamese-Text-Generator/airflow_env/lib/python3.10/site-packages/airflow/example_dags/example_branch_datetime_operator.py for tasks to queue
[2024-05-24T17:47:19.376+0700] {logging_mixin.py:188} INFO - [2024-05-24T17:47:19.375+0700] {dagbag.py:540} INFO - Filling up the DagBag from /mnt/d/Programming/Vietnamese-Text-Generator/airflow_env/lib/python3.10/site-packages/airflow/example_dags/example_branch_datetime_operator.py
[2024-05-24T17:47:19.415+0700] {processor.py:840} INFO - DAG(s) 'example_branch_datetime_operator_3', 'example_branch_datetime_operator_2', 'example_branch_datetime_operator' retrieved from /mnt/d/Programming/Vietnamese-Text-Generator/airflow_env/lib/python3.10/site-packages/airflow/example_dags/example_branch_datetime_operator.py
[2024-05-24T17:47:19.459+0700] {logging_mixin.py:188} INFO - [2024-05-24T17:47:19.458+0700] {dag.py:3096} INFO - Sync 3 DAGs
[2024-05-24T17:47:19.489+0700] {logging_mixin.py:188} INFO - [2024-05-24T17:47:19.488+0700] {dag.py:3954} INFO - Setting next_dagrun for example_branch_datetime_operator to 2024-05-23 00:00:00+00:00, run_after=2024-05-24 00:00:00+00:00
[2024-05-24T17:47:19.500+0700] {logging_mixin.py:188} INFO - [2024-05-24T17:47:19.498+0700] {dag.py:3954} INFO - Setting next_dagrun for example_branch_datetime_operator_2 to 2024-05-23 00:00:00+00:00, run_after=2024-05-24 00:00:00+00:00
[2024-05-24T17:47:19.507+0700] {logging_mixin.py:188} INFO - [2024-05-24T17:47:19.506+0700] {dag.py:3954} INFO - Setting next_dagrun for example_branch_datetime_operator_3 to 2024-05-23 00:00:00+00:00, run_after=2024-05-24 00:00:00+00:00
[2024-05-24T17:47:19.577+0700] {processor.py:183} INFO - Processing /mnt/d/Programming/Vietnamese-Text-Generator/airflow_env/lib/python3.10/site-packages/airflow/example_dags/example_branch_datetime_operator.py took 0.223 seconds
[2024-05-24T17:48:39.634+0700] {processor.py:161} INFO - Started process (PID=8557) to work on /mnt/d/Programming/Vietnamese-Text-Generator/airflow_env/lib/python3.10/site-packages/airflow/example_dags/example_branch_datetime_operator.py
[2024-05-24T17:48:39.640+0700] {processor.py:830} INFO - Processing file /mnt/d/Programming/Vietnamese-Text-Generator/airflow_env/lib/python3.10/site-packages/airflow/example_dags/example_branch_datetime_operator.py for tasks to queue
[2024-05-24T17:48:39.650+0700] {logging_mixin.py:188} INFO - [2024-05-24T17:48:39.647+0700] {dagbag.py:540} INFO - Filling up the DagBag from /mnt/d/Programming/Vietnamese-Text-Generator/airflow_env/lib/python3.10/site-packages/airflow/example_dags/example_branch_datetime_operator.py
[2024-05-24T17:48:39.794+0700] {processor.py:840} INFO - DAG(s) 'example_branch_datetime_operator_3', 'example_branch_datetime_operator_2', 'example_branch_datetime_operator' retrieved from /mnt/d/Programming/Vietnamese-Text-Generator/airflow_env/lib/python3.10/site-packages/airflow/example_dags/example_branch_datetime_operator.py
[2024-05-24T17:48:39.902+0700] {logging_mixin.py:188} INFO - [2024-05-24T17:48:39.900+0700] {dag.py:3096} INFO - Sync 3 DAGs
[2024-05-24T17:48:39.972+0700] {logging_mixin.py:188} INFO - [2024-05-24T17:48:39.970+0700] {dag.py:3954} INFO - Setting next_dagrun for example_branch_datetime_operator to 2024-05-23 00:00:00+00:00, run_after=2024-05-24 00:00:00+00:00
[2024-05-24T17:48:39.983+0700] {logging_mixin.py:188} INFO - [2024-05-24T17:48:39.982+0700] {dag.py:3954} INFO - Setting next_dagrun for example_branch_datetime_operator_2 to 2024-05-23 00:00:00+00:00, run_after=2024-05-24 00:00:00+00:00
[2024-05-24T17:48:39.990+0700] {logging_mixin.py:188} INFO - [2024-05-24T17:48:39.989+0700] {dag.py:3954} INFO - Setting next_dagrun for example_branch_datetime_operator_3 to 2024-05-23 00:00:00+00:00, run_after=2024-05-24 00:00:00+00:00
[2024-05-24T17:48:40.069+0700] {processor.py:183} INFO - Processing /mnt/d/Programming/Vietnamese-Text-Generator/airflow_env/lib/python3.10/site-packages/airflow/example_dags/example_branch_datetime_operator.py took 0.477 seconds
[2024-05-24T17:50:49.284+0700] {processor.py:161} INFO - Started process (PID=9122) to work on /mnt/d/Programming/Vietnamese-Text-Generator/airflow_env/lib/python3.10/site-packages/airflow/example_dags/example_branch_datetime_operator.py
[2024-05-24T17:50:49.291+0700] {processor.py:830} INFO - Processing file /mnt/d/Programming/Vietnamese-Text-Generator/airflow_env/lib/python3.10/site-packages/airflow/example_dags/example_branch_datetime_operator.py for tasks to queue
[2024-05-24T17:50:49.306+0700] {logging_mixin.py:188} INFO - [2024-05-24T17:50:49.302+0700] {dagbag.py:540} INFO - Filling up the DagBag from /mnt/d/Programming/Vietnamese-Text-Generator/airflow_env/lib/python3.10/site-packages/airflow/example_dags/example_branch_datetime_operator.py
[2024-05-24T17:50:49.455+0700] {processor.py:840} INFO - DAG(s) 'example_branch_datetime_operator_3', 'example_branch_datetime_operator', 'example_branch_datetime_operator_2' retrieved from /mnt/d/Programming/Vietnamese-Text-Generator/airflow_env/lib/python3.10/site-packages/airflow/example_dags/example_branch_datetime_operator.py
[2024-05-24T17:50:49.602+0700] {logging_mixin.py:188} INFO - [2024-05-24T17:50:49.599+0700] {dag.py:3096} INFO - Sync 3 DAGs
[2024-05-24T17:50:49.686+0700] {logging_mixin.py:188} INFO - [2024-05-24T17:50:49.684+0700] {dag.py:3954} INFO - Setting next_dagrun for example_branch_datetime_operator to 2024-05-23 00:00:00+00:00, run_after=2024-05-24 00:00:00+00:00
[2024-05-24T17:50:49.702+0700] {logging_mixin.py:188} INFO - [2024-05-24T17:50:49.700+0700] {dag.py:3954} INFO - Setting next_dagrun for example_branch_datetime_operator_2 to 2024-05-23 00:00:00+00:00, run_after=2024-05-24 00:00:00+00:00
[2024-05-24T17:50:49.712+0700] {logging_mixin.py:188} INFO - [2024-05-24T17:50:49.711+0700] {dag.py:3954} INFO - Setting next_dagrun for example_branch_datetime_operator_3 to 2024-05-23 00:00:00+00:00, run_after=2024-05-24 00:00:00+00:00
[2024-05-24T17:50:49.863+0700] {processor.py:183} INFO - Processing /mnt/d/Programming/Vietnamese-Text-Generator/airflow_env/lib/python3.10/site-packages/airflow/example_dags/example_branch_datetime_operator.py took 0.624 seconds
[2024-05-24T17:53:07.298+0700] {processor.py:161} INFO - Started process (PID=9728) to work on /mnt/d/Programming/Vietnamese-Text-Generator/airflow_env/lib/python3.10/site-packages/airflow/example_dags/example_branch_datetime_operator.py
[2024-05-24T17:53:07.304+0700] {processor.py:830} INFO - Processing file /mnt/d/Programming/Vietnamese-Text-Generator/airflow_env/lib/python3.10/site-packages/airflow/example_dags/example_branch_datetime_operator.py for tasks to queue
[2024-05-24T17:53:07.319+0700] {logging_mixin.py:188} INFO - [2024-05-24T17:53:07.314+0700] {dagbag.py:540} INFO - Filling up the DagBag from /mnt/d/Programming/Vietnamese-Text-Generator/airflow_env/lib/python3.10/site-packages/airflow/example_dags/example_branch_datetime_operator.py
[2024-05-24T17:53:07.497+0700] {processor.py:840} INFO - DAG(s) 'example_branch_datetime_operator', 'example_branch_datetime_operator_2', 'example_branch_datetime_operator_3' retrieved from /mnt/d/Programming/Vietnamese-Text-Generator/airflow_env/lib/python3.10/site-packages/airflow/example_dags/example_branch_datetime_operator.py
[2024-05-24T17:53:07.647+0700] {logging_mixin.py:188} INFO - [2024-05-24T17:53:07.643+0700] {dag.py:3096} INFO - Sync 3 DAGs
[2024-05-24T17:53:07.726+0700] {logging_mixin.py:188} INFO - [2024-05-24T17:53:07.723+0700] {dag.py:3954} INFO - Setting next_dagrun for example_branch_datetime_operator to 2024-05-23 00:00:00+00:00, run_after=2024-05-24 00:00:00+00:00
[2024-05-24T17:53:07.745+0700] {logging_mixin.py:188} INFO - [2024-05-24T17:53:07.743+0700] {dag.py:3954} INFO - Setting next_dagrun for example_branch_datetime_operator_2 to 2024-05-23 00:00:00+00:00, run_after=2024-05-24 00:00:00+00:00
[2024-05-24T17:53:07.760+0700] {logging_mixin.py:188} INFO - [2024-05-24T17:53:07.757+0700] {dag.py:3954} INFO - Setting next_dagrun for example_branch_datetime_operator_3 to 2024-05-23 00:00:00+00:00, run_after=2024-05-24 00:00:00+00:00
[2024-05-24T17:53:07.935+0700] {processor.py:183} INFO - Processing /mnt/d/Programming/Vietnamese-Text-Generator/airflow_env/lib/python3.10/site-packages/airflow/example_dags/example_branch_datetime_operator.py took 0.677 seconds
[2024-05-24T17:55:26.355+0700] {processor.py:161} INFO - Started process (PID=10334) to work on /mnt/d/Programming/Vietnamese-Text-Generator/airflow_env/lib/python3.10/site-packages/airflow/example_dags/example_branch_datetime_operator.py
[2024-05-24T17:55:26.362+0700] {processor.py:830} INFO - Processing file /mnt/d/Programming/Vietnamese-Text-Generator/airflow_env/lib/python3.10/site-packages/airflow/example_dags/example_branch_datetime_operator.py for tasks to queue
[2024-05-24T17:55:26.374+0700] {logging_mixin.py:188} INFO - [2024-05-24T17:55:26.370+0700] {dagbag.py:540} INFO - Filling up the DagBag from /mnt/d/Programming/Vietnamese-Text-Generator/airflow_env/lib/python3.10/site-packages/airflow/example_dags/example_branch_datetime_operator.py
[2024-05-24T17:55:26.548+0700] {processor.py:840} INFO - DAG(s) 'example_branch_datetime_operator_2', 'example_branch_datetime_operator_3', 'example_branch_datetime_operator' retrieved from /mnt/d/Programming/Vietnamese-Text-Generator/airflow_env/lib/python3.10/site-packages/airflow/example_dags/example_branch_datetime_operator.py
[2024-05-24T17:55:26.691+0700] {logging_mixin.py:188} INFO - [2024-05-24T17:55:26.687+0700] {dag.py:3096} INFO - Sync 3 DAGs
[2024-05-24T17:55:26.797+0700] {logging_mixin.py:188} INFO - [2024-05-24T17:55:26.793+0700] {dag.py:3954} INFO - Setting next_dagrun for example_branch_datetime_operator to 2024-05-23 00:00:00+00:00, run_after=2024-05-24 00:00:00+00:00
[2024-05-24T17:55:26.825+0700] {logging_mixin.py:188} INFO - [2024-05-24T17:55:26.821+0700] {dag.py:3954} INFO - Setting next_dagrun for example_branch_datetime_operator_2 to 2024-05-23 00:00:00+00:00, run_after=2024-05-24 00:00:00+00:00
[2024-05-24T17:55:26.843+0700] {logging_mixin.py:188} INFO - [2024-05-24T17:55:26.840+0700] {dag.py:3954} INFO - Setting next_dagrun for example_branch_datetime_operator_3 to 2024-05-23 00:00:00+00:00, run_after=2024-05-24 00:00:00+00:00
[2024-05-24T17:55:27.072+0700] {processor.py:183} INFO - Processing /mnt/d/Programming/Vietnamese-Text-Generator/airflow_env/lib/python3.10/site-packages/airflow/example_dags/example_branch_datetime_operator.py took 0.761 seconds
[2024-05-24T17:57:45.164+0700] {processor.py:161} INFO - Started process (PID=10941) to work on /mnt/d/Programming/Vietnamese-Text-Generator/airflow_env/lib/python3.10/site-packages/airflow/example_dags/example_branch_datetime_operator.py
[2024-05-24T17:57:45.170+0700] {processor.py:830} INFO - Processing file /mnt/d/Programming/Vietnamese-Text-Generator/airflow_env/lib/python3.10/site-packages/airflow/example_dags/example_branch_datetime_operator.py for tasks to queue
[2024-05-24T17:57:45.183+0700] {logging_mixin.py:188} INFO - [2024-05-24T17:57:45.178+0700] {dagbag.py:540} INFO - Filling up the DagBag from /mnt/d/Programming/Vietnamese-Text-Generator/airflow_env/lib/python3.10/site-packages/airflow/example_dags/example_branch_datetime_operator.py
[2024-05-24T17:57:45.362+0700] {processor.py:840} INFO - DAG(s) 'example_branch_datetime_operator_3', 'example_branch_datetime_operator', 'example_branch_datetime_operator_2' retrieved from /mnt/d/Programming/Vietnamese-Text-Generator/airflow_env/lib/python3.10/site-packages/airflow/example_dags/example_branch_datetime_operator.py
[2024-05-24T17:57:45.507+0700] {logging_mixin.py:188} INFO - [2024-05-24T17:57:45.504+0700] {dag.py:3096} INFO - Sync 3 DAGs
[2024-05-24T17:57:45.604+0700] {logging_mixin.py:188} INFO - [2024-05-24T17:57:45.600+0700] {dag.py:3954} INFO - Setting next_dagrun for example_branch_datetime_operator to 2024-05-23 00:00:00+00:00, run_after=2024-05-24 00:00:00+00:00
[2024-05-24T17:57:45.630+0700] {logging_mixin.py:188} INFO - [2024-05-24T17:57:45.626+0700] {dag.py:3954} INFO - Setting next_dagrun for example_branch_datetime_operator_2 to 2024-05-23 00:00:00+00:00, run_after=2024-05-24 00:00:00+00:00
[2024-05-24T17:57:45.648+0700] {logging_mixin.py:188} INFO - [2024-05-24T17:57:45.645+0700] {dag.py:3954} INFO - Setting next_dagrun for example_branch_datetime_operator_3 to 2024-05-23 00:00:00+00:00, run_after=2024-05-24 00:00:00+00:00
[2024-05-24T17:57:45.872+0700] {processor.py:183} INFO - Processing /mnt/d/Programming/Vietnamese-Text-Generator/airflow_env/lib/python3.10/site-packages/airflow/example_dags/example_branch_datetime_operator.py took 0.754 seconds
[2024-05-24T18:00:01.657+0700] {processor.py:161} INFO - Started process (PID=11532) to work on /mnt/d/Programming/Vietnamese-Text-Generator/airflow_env/lib/python3.10/site-packages/airflow/example_dags/example_branch_datetime_operator.py
[2024-05-24T18:00:01.664+0700] {processor.py:830} INFO - Processing file /mnt/d/Programming/Vietnamese-Text-Generator/airflow_env/lib/python3.10/site-packages/airflow/example_dags/example_branch_datetime_operator.py for tasks to queue
[2024-05-24T18:00:01.676+0700] {logging_mixin.py:188} INFO - [2024-05-24T18:00:01.672+0700] {dagbag.py:540} INFO - Filling up the DagBag from /mnt/d/Programming/Vietnamese-Text-Generator/airflow_env/lib/python3.10/site-packages/airflow/example_dags/example_branch_datetime_operator.py
[2024-05-24T18:00:01.870+0700] {processor.py:840} INFO - DAG(s) 'example_branch_datetime_operator_2', 'example_branch_datetime_operator', 'example_branch_datetime_operator_3' retrieved from /mnt/d/Programming/Vietnamese-Text-Generator/airflow_env/lib/python3.10/site-packages/airflow/example_dags/example_branch_datetime_operator.py
[2024-05-24T18:00:02.017+0700] {logging_mixin.py:188} INFO - [2024-05-24T18:00:02.014+0700] {dag.py:3096} INFO - Sync 3 DAGs
[2024-05-24T18:00:02.112+0700] {logging_mixin.py:188} INFO - [2024-05-24T18:00:02.109+0700] {dag.py:3954} INFO - Setting next_dagrun for example_branch_datetime_operator to 2024-05-23 00:00:00+00:00, run_after=2024-05-24 00:00:00+00:00
[2024-05-24T18:00:02.133+0700] {logging_mixin.py:188} INFO - [2024-05-24T18:00:02.131+0700] {dag.py:3954} INFO - Setting next_dagrun for example_branch_datetime_operator_2 to 2024-05-23 00:00:00+00:00, run_after=2024-05-24 00:00:00+00:00
[2024-05-24T18:00:02.149+0700] {logging_mixin.py:188} INFO - [2024-05-24T18:00:02.146+0700] {dag.py:3954} INFO - Setting next_dagrun for example_branch_datetime_operator_3 to 2024-05-23 00:00:00+00:00, run_after=2024-05-24 00:00:00+00:00
[2024-05-24T18:00:02.325+0700] {processor.py:183} INFO - Processing /mnt/d/Programming/Vietnamese-Text-Generator/airflow_env/lib/python3.10/site-packages/airflow/example_dags/example_branch_datetime_operator.py took 0.720 seconds
[2024-05-24T18:02:20.466+0700] {processor.py:161} INFO - Started process (PID=12138) to work on /mnt/d/Programming/Vietnamese-Text-Generator/airflow_env/lib/python3.10/site-packages/airflow/example_dags/example_branch_datetime_operator.py
[2024-05-24T18:02:20.473+0700] {processor.py:830} INFO - Processing file /mnt/d/Programming/Vietnamese-Text-Generator/airflow_env/lib/python3.10/site-packages/airflow/example_dags/example_branch_datetime_operator.py for tasks to queue
[2024-05-24T18:02:20.486+0700] {logging_mixin.py:188} INFO - [2024-05-24T18:02:20.482+0700] {dagbag.py:540} INFO - Filling up the DagBag from /mnt/d/Programming/Vietnamese-Text-Generator/airflow_env/lib/python3.10/site-packages/airflow/example_dags/example_branch_datetime_operator.py
[2024-05-24T18:02:20.635+0700] {processor.py:840} INFO - DAG(s) 'example_branch_datetime_operator_3', 'example_branch_datetime_operator', 'example_branch_datetime_operator_2' retrieved from /mnt/d/Programming/Vietnamese-Text-Generator/airflow_env/lib/python3.10/site-packages/airflow/example_dags/example_branch_datetime_operator.py
[2024-05-24T18:02:20.761+0700] {logging_mixin.py:188} INFO - [2024-05-24T18:02:20.758+0700] {dag.py:3096} INFO - Sync 3 DAGs
[2024-05-24T18:02:20.852+0700] {logging_mixin.py:188} INFO - [2024-05-24T18:02:20.848+0700] {dag.py:3954} INFO - Setting next_dagrun for example_branch_datetime_operator to 2024-05-23 00:00:00+00:00, run_after=2024-05-24 00:00:00+00:00
[2024-05-24T18:02:20.879+0700] {logging_mixin.py:188} INFO - [2024-05-24T18:02:20.875+0700] {dag.py:3954} INFO - Setting next_dagrun for example_branch_datetime_operator_2 to 2024-05-23 00:00:00+00:00, run_after=2024-05-24 00:00:00+00:00
[2024-05-24T18:02:20.898+0700] {logging_mixin.py:188} INFO - [2024-05-24T18:02:20.894+0700] {dag.py:3954} INFO - Setting next_dagrun for example_branch_datetime_operator_3 to 2024-05-23 00:00:00+00:00, run_after=2024-05-24 00:00:00+00:00
[2024-05-24T18:02:21.043+0700] {processor.py:183} INFO - Processing /mnt/d/Programming/Vietnamese-Text-Generator/airflow_env/lib/python3.10/site-packages/airflow/example_dags/example_branch_datetime_operator.py took 0.628 seconds
[2024-05-24T18:04:43.623+0700] {processor.py:161} INFO - Started process (PID=12760) to work on /mnt/d/Programming/Vietnamese-Text-Generator/airflow_env/lib/python3.10/site-packages/airflow/example_dags/example_branch_datetime_operator.py
[2024-05-24T18:04:43.630+0700] {processor.py:830} INFO - Processing file /mnt/d/Programming/Vietnamese-Text-Generator/airflow_env/lib/python3.10/site-packages/airflow/example_dags/example_branch_datetime_operator.py for tasks to queue
[2024-05-24T18:04:43.645+0700] {logging_mixin.py:188} INFO - [2024-05-24T18:04:43.640+0700] {dagbag.py:540} INFO - Filling up the DagBag from /mnt/d/Programming/Vietnamese-Text-Generator/airflow_env/lib/python3.10/site-packages/airflow/example_dags/example_branch_datetime_operator.py
[2024-05-24T18:04:43.819+0700] {processor.py:840} INFO - DAG(s) 'example_branch_datetime_operator_3', 'example_branch_datetime_operator_2', 'example_branch_datetime_operator' retrieved from /mnt/d/Programming/Vietnamese-Text-Generator/airflow_env/lib/python3.10/site-packages/airflow/example_dags/example_branch_datetime_operator.py
[2024-05-24T18:04:43.960+0700] {logging_mixin.py:188} INFO - [2024-05-24T18:04:43.957+0700] {dag.py:3096} INFO - Sync 3 DAGs
[2024-05-24T18:04:44.054+0700] {logging_mixin.py:188} INFO - [2024-05-24T18:04:44.051+0700] {dag.py:3954} INFO - Setting next_dagrun for example_branch_datetime_operator to 2024-05-23 00:00:00+00:00, run_after=2024-05-24 00:00:00+00:00
[2024-05-24T18:04:44.079+0700] {logging_mixin.py:188} INFO - [2024-05-24T18:04:44.076+0700] {dag.py:3954} INFO - Setting next_dagrun for example_branch_datetime_operator_2 to 2024-05-23 00:00:00+00:00, run_after=2024-05-24 00:00:00+00:00
[2024-05-24T18:04:44.098+0700] {logging_mixin.py:188} INFO - [2024-05-24T18:04:44.094+0700] {dag.py:3954} INFO - Setting next_dagrun for example_branch_datetime_operator_3 to 2024-05-23 00:00:00+00:00, run_after=2024-05-24 00:00:00+00:00
[2024-05-24T18:04:44.290+0700] {processor.py:183} INFO - Processing /mnt/d/Programming/Vietnamese-Text-Generator/airflow_env/lib/python3.10/site-packages/airflow/example_dags/example_branch_datetime_operator.py took 0.716 seconds
