[2024-05-24T17:02:11.969+0700] {processor.py:161} INFO - Started process (PID=1933) to work on /mnt/d/Programming/Vietnamese-Text-Generator/airflow_env/lib/python3.10/site-packages/airflow/example_dags/example_params_trigger_ui.py
[2024-05-24T17:02:11.974+0700] {processor.py:830} INFO - Processing file /mnt/d/Programming/Vietnamese-Text-Generator/airflow_env/lib/python3.10/site-packages/airflow/example_dags/example_params_trigger_ui.py for tasks to queue
[2024-05-24T17:02:11.984+0700] {logging_mixin.py:188} INFO - [2024-05-24T17:02:11.981+0700] {dagbag.py:540} INFO - Filling up the DagBag from /mnt/d/Programming/Vietnamese-Text-Generator/airflow_env/lib/python3.10/site-packages/airflow/example_dags/example_params_trigger_ui.py
[2024-05-24T17:02:12.086+0700] {processor.py:840} INFO - DAG(s) 'example_params_trigger_ui' retrieved from /mnt/d/Programming/Vietnamese-Text-Generator/airflow_env/lib/python3.10/site-packages/airflow/example_dags/example_params_trigger_ui.py
[2024-05-24T17:02:12.262+0700] {logging_mixin.py:188} INFO - [2024-05-24T17:02:12.261+0700] {dag.py:3096} INFO - Sync 1 DAGs
[2024-05-24T17:02:12.286+0700] {logging_mixin.py:188} INFO - [2024-05-24T17:02:12.284+0700] {dag.py:3954} INFO - Setting next_dagrun for example_params_trigger_ui to None, run_after=None
[2024-05-24T17:02:12.398+0700] {processor.py:183} INFO - Processing /mnt/d/Programming/Vietnamese-Text-Generator/airflow_env/lib/python3.10/site-packages/airflow/example_dags/example_params_trigger_ui.py took 0.464 seconds
[2024-05-24T17:04:01.695+0700] {processor.py:161} INFO - Started process (PID=2405) to work on /mnt/d/Programming/Vietnamese-Text-Generator/airflow_env/lib/python3.10/site-packages/airflow/example_dags/example_params_trigger_ui.py
[2024-05-24T17:04:01.700+0700] {processor.py:830} INFO - Processing file /mnt/d/Programming/Vietnamese-Text-Generator/airflow_env/lib/python3.10/site-packages/airflow/example_dags/example_params_trigger_ui.py for tasks to queue
[2024-05-24T17:04:01.711+0700] {logging_mixin.py:188} INFO - [2024-05-24T17:04:01.708+0700] {dagbag.py:540} INFO - Filling up the DagBag from /mnt/d/Programming/Vietnamese-Text-Generator/airflow_env/lib/python3.10/site-packages/airflow/example_dags/example_params_trigger_ui.py
[2024-05-24T17:04:01.834+0700] {processor.py:840} INFO - DAG(s) 'example_params_trigger_ui' retrieved from /mnt/d/Programming/Vietnamese-Text-Generator/airflow_env/lib/python3.10/site-packages/airflow/example_dags/example_params_trigger_ui.py
[2024-05-24T17:04:01.993+0700] {logging_mixin.py:188} INFO - [2024-05-24T17:04:01.991+0700] {dag.py:3096} INFO - Sync 1 DAGs
[2024-05-24T17:04:02.035+0700] {logging_mixin.py:188} INFO - [2024-05-24T17:04:02.032+0700] {dag.py:3954} INFO - Setting next_dagrun for example_params_trigger_ui to None, run_after=None
[2024-05-24T17:04:02.219+0700] {processor.py:183} INFO - Processing /mnt/d/Programming/Vietnamese-Text-Generator/airflow_env/lib/python3.10/site-packages/airflow/example_dags/example_params_trigger_ui.py took 0.563 seconds
[2024-05-24T17:06:19.920+0700] {processor.py:161} INFO - Started process (PID=3011) to work on /mnt/d/Programming/Vietnamese-Text-Generator/airflow_env/lib/python3.10/site-packages/airflow/example_dags/example_params_trigger_ui.py
[2024-05-24T17:06:19.927+0700] {processor.py:830} INFO - Processing file /mnt/d/Programming/Vietnamese-Text-Generator/airflow_env/lib/python3.10/site-packages/airflow/example_dags/example_params_trigger_ui.py for tasks to queue
[2024-05-24T17:06:19.940+0700] {logging_mixin.py:188} INFO - [2024-05-24T17:06:19.936+0700] {dagbag.py:540} INFO - Filling up the DagBag from /mnt/d/Programming/Vietnamese-Text-Generator/airflow_env/lib/python3.10/site-packages/airflow/example_dags/example_params_trigger_ui.py
[2024-05-24T17:06:20.087+0700] {processor.py:840} INFO - DAG(s) 'example_params_trigger_ui' retrieved from /mnt/d/Programming/Vietnamese-Text-Generator/airflow_env/lib/python3.10/site-packages/airflow/example_dags/example_params_trigger_ui.py
[2024-05-24T17:06:20.277+0700] {logging_mixin.py:188} INFO - [2024-05-24T17:06:20.274+0700] {dag.py:3096} INFO - Sync 1 DAGs
[2024-05-24T17:06:20.335+0700] {logging_mixin.py:188} INFO - [2024-05-24T17:06:20.332+0700] {dag.py:3954} INFO - Setting next_dagrun for example_params_trigger_ui to None, run_after=None
[2024-05-24T17:06:20.542+0700] {processor.py:183} INFO - Processing /mnt/d/Programming/Vietnamese-Text-Generator/airflow_env/lib/python3.10/site-packages/airflow/example_dags/example_params_trigger_ui.py took 0.672 seconds
[2024-05-24T17:08:28.130+0700] {processor.py:161} INFO - Started process (PID=3650) to work on /mnt/d/Programming/Vietnamese-Text-Generator/airflow_env/lib/python3.10/site-packages/airflow/example_dags/example_params_trigger_ui.py
[2024-05-24T17:08:28.135+0700] {processor.py:830} INFO - Processing file /mnt/d/Programming/Vietnamese-Text-Generator/airflow_env/lib/python3.10/site-packages/airflow/example_dags/example_params_trigger_ui.py for tasks to queue
[2024-05-24T17:08:28.145+0700] {logging_mixin.py:188} INFO - [2024-05-24T17:08:28.142+0700] {dagbag.py:540} INFO - Filling up the DagBag from /mnt/d/Programming/Vietnamese-Text-Generator/airflow_env/lib/python3.10/site-packages/airflow/example_dags/example_params_trigger_ui.py
[2024-05-24T17:08:28.268+0700] {processor.py:840} INFO - DAG(s) 'example_params_trigger_ui' retrieved from /mnt/d/Programming/Vietnamese-Text-Generator/airflow_env/lib/python3.10/site-packages/airflow/example_dags/example_params_trigger_ui.py
[2024-05-24T17:08:28.407+0700] {logging_mixin.py:188} INFO - [2024-05-24T17:08:28.405+0700] {dag.py:3096} INFO - Sync 1 DAGs
[2024-05-24T17:08:28.442+0700] {logging_mixin.py:188} INFO - [2024-05-24T17:08:28.439+0700] {dag.py:3954} INFO - Setting next_dagrun for example_params_trigger_ui to None, run_after=None
[2024-05-24T17:08:28.608+0700] {processor.py:183} INFO - Processing /mnt/d/Programming/Vietnamese-Text-Generator/airflow_env/lib/python3.10/site-packages/airflow/example_dags/example_params_trigger_ui.py took 0.526 seconds
[2024-05-24T17:10:45.568+0700] {processor.py:161} INFO - Started process (PID=4251) to work on /mnt/d/Programming/Vietnamese-Text-Generator/airflow_env/lib/python3.10/site-packages/airflow/example_dags/example_params_trigger_ui.py
[2024-05-24T17:10:45.570+0700] {processor.py:830} INFO - Processing file /mnt/d/Programming/Vietnamese-Text-Generator/airflow_env/lib/python3.10/site-packages/airflow/example_dags/example_params_trigger_ui.py for tasks to queue
[2024-05-24T17:10:45.576+0700] {logging_mixin.py:188} INFO - [2024-05-24T17:10:45.574+0700] {dagbag.py:540} INFO - Filling up the DagBag from /mnt/d/Programming/Vietnamese-Text-Generator/airflow_env/lib/python3.10/site-packages/airflow/example_dags/example_params_trigger_ui.py
[2024-05-24T17:10:45.632+0700] {processor.py:840} INFO - DAG(s) 'example_params_trigger_ui' retrieved from /mnt/d/Programming/Vietnamese-Text-Generator/airflow_env/lib/python3.10/site-packages/airflow/example_dags/example_params_trigger_ui.py
[2024-05-24T17:10:45.696+0700] {logging_mixin.py:188} INFO - [2024-05-24T17:10:45.695+0700] {dag.py:3096} INFO - Sync 1 DAGs
[2024-05-24T17:10:45.716+0700] {logging_mixin.py:188} INFO - [2024-05-24T17:10:45.714+0700] {dag.py:3954} INFO - Setting next_dagrun for example_params_trigger_ui to None, run_after=None
[2024-05-24T17:10:45.872+0700] {processor.py:183} INFO - Processing /mnt/d/Programming/Vietnamese-Text-Generator/airflow_env/lib/python3.10/site-packages/airflow/example_dags/example_params_trigger_ui.py took 0.323 seconds
[2024-05-24T17:13:08.295+0700] {processor.py:161} INFO - Started process (PID=4874) to work on /mnt/d/Programming/Vietnamese-Text-Generator/airflow_env/lib/python3.10/site-packages/airflow/example_dags/example_params_trigger_ui.py
[2024-05-24T17:13:08.300+0700] {processor.py:830} INFO - Processing file /mnt/d/Programming/Vietnamese-Text-Generator/airflow_env/lib/python3.10/site-packages/airflow/example_dags/example_params_trigger_ui.py for tasks to queue
[2024-05-24T17:13:08.311+0700] {logging_mixin.py:188} INFO - [2024-05-24T17:13:08.308+0700] {dagbag.py:540} INFO - Filling up the DagBag from /mnt/d/Programming/Vietnamese-Text-Generator/airflow_env/lib/python3.10/site-packages/airflow/example_dags/example_params_trigger_ui.py
[2024-05-24T17:13:08.427+0700] {processor.py:840} INFO - DAG(s) 'example_params_trigger_ui' retrieved from /mnt/d/Programming/Vietnamese-Text-Generator/airflow_env/lib/python3.10/site-packages/airflow/example_dags/example_params_trigger_ui.py
[2024-05-24T17:13:08.558+0700] {logging_mixin.py:188} INFO - [2024-05-24T17:13:08.556+0700] {dag.py:3096} INFO - Sync 1 DAGs
[2024-05-24T17:13:08.592+0700] {logging_mixin.py:188} INFO - [2024-05-24T17:13:08.589+0700] {dag.py:3954} INFO - Setting next_dagrun for example_params_trigger_ui to None, run_after=None
[2024-05-24T17:13:08.727+0700] {processor.py:183} INFO - Processing /mnt/d/Programming/Vietnamese-Text-Generator/airflow_env/lib/python3.10/site-packages/airflow/example_dags/example_params_trigger_ui.py took 0.473 seconds
[2024-05-24T17:15:23.986+0700] {processor.py:161} INFO - Started process (PID=5470) to work on /mnt/d/Programming/Vietnamese-Text-Generator/airflow_env/lib/python3.10/site-packages/airflow/example_dags/example_params_trigger_ui.py
[2024-05-24T17:15:23.993+0700] {processor.py:830} INFO - Processing file /mnt/d/Programming/Vietnamese-Text-Generator/airflow_env/lib/python3.10/site-packages/airflow/example_dags/example_params_trigger_ui.py for tasks to queue
[2024-05-24T17:15:24.004+0700] {logging_mixin.py:188} INFO - [2024-05-24T17:15:24.000+0700] {dagbag.py:540} INFO - Filling up the DagBag from /mnt/d/Programming/Vietnamese-Text-Generator/airflow_env/lib/python3.10/site-packages/airflow/example_dags/example_params_trigger_ui.py
[2024-05-24T17:15:24.138+0700] {processor.py:840} INFO - DAG(s) 'example_params_trigger_ui' retrieved from /mnt/d/Programming/Vietnamese-Text-Generator/airflow_env/lib/python3.10/site-packages/airflow/example_dags/example_params_trigger_ui.py
[2024-05-24T17:15:24.303+0700] {logging_mixin.py:188} INFO - [2024-05-24T17:15:24.300+0700] {dag.py:3096} INFO - Sync 1 DAGs
[2024-05-24T17:15:24.347+0700] {logging_mixin.py:188} INFO - [2024-05-24T17:15:24.344+0700] {dag.py:3954} INFO - Setting next_dagrun for example_params_trigger_ui to None, run_after=None
[2024-05-24T17:15:24.531+0700] {processor.py:183} INFO - Processing /mnt/d/Programming/Vietnamese-Text-Generator/airflow_env/lib/python3.10/site-packages/airflow/example_dags/example_params_trigger_ui.py took 0.588 seconds
[2024-05-24T17:17:46.667+0700] {processor.py:161} INFO - Started process (PID=6095) to work on /mnt/d/Programming/Vietnamese-Text-Generator/airflow_env/lib/python3.10/site-packages/airflow/example_dags/example_params_trigger_ui.py
[2024-05-24T17:17:46.671+0700] {processor.py:830} INFO - Processing file /mnt/d/Programming/Vietnamese-Text-Generator/airflow_env/lib/python3.10/site-packages/airflow/example_dags/example_params_trigger_ui.py for tasks to queue
[2024-05-24T17:17:46.680+0700] {logging_mixin.py:188} INFO - [2024-05-24T17:17:46.677+0700] {dagbag.py:540} INFO - Filling up the DagBag from /mnt/d/Programming/Vietnamese-Text-Generator/airflow_env/lib/python3.10/site-packages/airflow/example_dags/example_params_trigger_ui.py
[2024-05-24T17:17:46.767+0700] {processor.py:840} INFO - DAG(s) 'example_params_trigger_ui' retrieved from /mnt/d/Programming/Vietnamese-Text-Generator/airflow_env/lib/python3.10/site-packages/airflow/example_dags/example_params_trigger_ui.py
[2024-05-24T17:17:46.918+0700] {logging_mixin.py:188} INFO - [2024-05-24T17:17:46.916+0700] {dag.py:3096} INFO - Sync 1 DAGs
[2024-05-24T17:17:46.962+0700] {logging_mixin.py:188} INFO - [2024-05-24T17:17:46.960+0700] {dag.py:3954} INFO - Setting next_dagrun for example_params_trigger_ui to None, run_after=None
[2024-05-24T17:17:47.165+0700] {processor.py:183} INFO - Processing /mnt/d/Programming/Vietnamese-Text-Generator/airflow_env/lib/python3.10/site-packages/airflow/example_dags/example_params_trigger_ui.py took 0.529 seconds
[2024-05-24T17:20:06.413+0700] {processor.py:161} INFO - Started process (PID=6707) to work on /mnt/d/Programming/Vietnamese-Text-Generator/airflow_env/lib/python3.10/site-packages/airflow/example_dags/example_params_trigger_ui.py
[2024-05-24T17:20:06.419+0700] {processor.py:830} INFO - Processing file /mnt/d/Programming/Vietnamese-Text-Generator/airflow_env/lib/python3.10/site-packages/airflow/example_dags/example_params_trigger_ui.py for tasks to queue
[2024-05-24T17:20:06.431+0700] {logging_mixin.py:188} INFO - [2024-05-24T17:20:06.428+0700] {dagbag.py:540} INFO - Filling up the DagBag from /mnt/d/Programming/Vietnamese-Text-Generator/airflow_env/lib/python3.10/site-packages/airflow/example_dags/example_params_trigger_ui.py
[2024-05-24T17:20:06.538+0700] {processor.py:840} INFO - DAG(s) 'example_params_trigger_ui' retrieved from /mnt/d/Programming/Vietnamese-Text-Generator/airflow_env/lib/python3.10/site-packages/airflow/example_dags/example_params_trigger_ui.py
[2024-05-24T17:20:06.701+0700] {logging_mixin.py:188} INFO - [2024-05-24T17:20:06.699+0700] {dag.py:3096} INFO - Sync 1 DAGs
[2024-05-24T17:20:06.741+0700] {logging_mixin.py:188} INFO - [2024-05-24T17:20:06.738+0700] {dag.py:3954} INFO - Setting next_dagrun for example_params_trigger_ui to None, run_after=None
[2024-05-24T17:20:06.912+0700] {processor.py:183} INFO - Processing /mnt/d/Programming/Vietnamese-Text-Generator/airflow_env/lib/python3.10/site-packages/airflow/example_dags/example_params_trigger_ui.py took 0.540 seconds
[2024-05-24T17:22:19.830+0700] {processor.py:161} INFO - Started process (PID=7288) to work on /mnt/d/Programming/Vietnamese-Text-Generator/airflow_env/lib/python3.10/site-packages/airflow/example_dags/example_params_trigger_ui.py
[2024-05-24T17:22:19.837+0700] {processor.py:830} INFO - Processing file /mnt/d/Programming/Vietnamese-Text-Generator/airflow_env/lib/python3.10/site-packages/airflow/example_dags/example_params_trigger_ui.py for tasks to queue
[2024-05-24T17:22:19.850+0700] {logging_mixin.py:188} INFO - [2024-05-24T17:22:19.846+0700] {dagbag.py:540} INFO - Filling up the DagBag from /mnt/d/Programming/Vietnamese-Text-Generator/airflow_env/lib/python3.10/site-packages/airflow/example_dags/example_params_trigger_ui.py
[2024-05-24T17:22:19.983+0700] {processor.py:840} INFO - DAG(s) 'example_params_trigger_ui' retrieved from /mnt/d/Programming/Vietnamese-Text-Generator/airflow_env/lib/python3.10/site-packages/airflow/example_dags/example_params_trigger_ui.py
[2024-05-24T17:22:20.175+0700] {logging_mixin.py:188} INFO - [2024-05-24T17:22:20.171+0700] {dag.py:3096} INFO - Sync 1 DAGs
[2024-05-24T17:22:20.225+0700] {logging_mixin.py:188} INFO - [2024-05-24T17:22:20.220+0700] {dag.py:3954} INFO - Setting next_dagrun for example_params_trigger_ui to None, run_after=None
[2024-05-24T17:22:20.432+0700] {processor.py:183} INFO - Processing /mnt/d/Programming/Vietnamese-Text-Generator/airflow_env/lib/python3.10/site-packages/airflow/example_dags/example_params_trigger_ui.py took 0.657 seconds
[2024-05-24T17:24:27.042+0700] {processor.py:161} INFO - Started process (PID=7845) to work on /mnt/d/Programming/Vietnamese-Text-Generator/airflow_env/lib/python3.10/site-packages/airflow/example_dags/example_params_trigger_ui.py
[2024-05-24T17:24:27.048+0700] {processor.py:830} INFO - Processing file /mnt/d/Programming/Vietnamese-Text-Generator/airflow_env/lib/python3.10/site-packages/airflow/example_dags/example_params_trigger_ui.py for tasks to queue
[2024-05-24T17:24:27.058+0700] {logging_mixin.py:188} INFO - [2024-05-24T17:24:27.055+0700] {dagbag.py:540} INFO - Filling up the DagBag from /mnt/d/Programming/Vietnamese-Text-Generator/airflow_env/lib/python3.10/site-packages/airflow/example_dags/example_params_trigger_ui.py
[2024-05-24T17:24:27.184+0700] {processor.py:840} INFO - DAG(s) 'example_params_trigger_ui' retrieved from /mnt/d/Programming/Vietnamese-Text-Generator/airflow_env/lib/python3.10/site-packages/airflow/example_dags/example_params_trigger_ui.py
[2024-05-24T17:24:27.360+0700] {logging_mixin.py:188} INFO - [2024-05-24T17:24:27.357+0700] {dag.py:3096} INFO - Sync 1 DAGs
[2024-05-24T17:24:27.405+0700] {logging_mixin.py:188} INFO - [2024-05-24T17:24:27.403+0700] {dag.py:3954} INFO - Setting next_dagrun for example_params_trigger_ui to None, run_after=None
[2024-05-24T17:24:27.556+0700] {processor.py:183} INFO - Processing /mnt/d/Programming/Vietnamese-Text-Generator/airflow_env/lib/python3.10/site-packages/airflow/example_dags/example_params_trigger_ui.py took 0.552 seconds
[2024-05-24T17:47:44.090+0700] {processor.py:161} INFO - Started process (PID=8309) to work on /mnt/d/Programming/Vietnamese-Text-Generator/airflow_env/lib/python3.10/site-packages/airflow/example_dags/example_params_trigger_ui.py
[2024-05-24T17:47:44.092+0700] {processor.py:830} INFO - Processing file /mnt/d/Programming/Vietnamese-Text-Generator/airflow_env/lib/python3.10/site-packages/airflow/example_dags/example_params_trigger_ui.py for tasks to queue
[2024-05-24T17:47:44.097+0700] {logging_mixin.py:188} INFO - [2024-05-24T17:47:44.095+0700] {dagbag.py:540} INFO - Filling up the DagBag from /mnt/d/Programming/Vietnamese-Text-Generator/airflow_env/lib/python3.10/site-packages/airflow/example_dags/example_params_trigger_ui.py
[2024-05-24T17:47:44.130+0700] {processor.py:840} INFO - DAG(s) 'example_params_trigger_ui' retrieved from /mnt/d/Programming/Vietnamese-Text-Generator/airflow_env/lib/python3.10/site-packages/airflow/example_dags/example_params_trigger_ui.py
[2024-05-24T17:47:44.188+0700] {logging_mixin.py:188} INFO - [2024-05-24T17:47:44.186+0700] {dag.py:3096} INFO - Sync 1 DAGs
[2024-05-24T17:47:44.212+0700] {logging_mixin.py:188} INFO - [2024-05-24T17:47:44.211+0700] {dag.py:3954} INFO - Setting next_dagrun for example_params_trigger_ui to None, run_after=None
[2024-05-24T17:47:44.281+0700] {processor.py:183} INFO - Processing /mnt/d/Programming/Vietnamese-Text-Generator/airflow_env/lib/python3.10/site-packages/airflow/example_dags/example_params_trigger_ui.py took 0.205 seconds
[2024-05-24T17:49:29.841+0700] {processor.py:161} INFO - Started process (PID=8777) to work on /mnt/d/Programming/Vietnamese-Text-Generator/airflow_env/lib/python3.10/site-packages/airflow/example_dags/example_params_trigger_ui.py
[2024-05-24T17:49:29.848+0700] {processor.py:830} INFO - Processing file /mnt/d/Programming/Vietnamese-Text-Generator/airflow_env/lib/python3.10/site-packages/airflow/example_dags/example_params_trigger_ui.py for tasks to queue
[2024-05-24T17:49:29.860+0700] {logging_mixin.py:188} INFO - [2024-05-24T17:49:29.856+0700] {dagbag.py:540} INFO - Filling up the DagBag from /mnt/d/Programming/Vietnamese-Text-Generator/airflow_env/lib/python3.10/site-packages/airflow/example_dags/example_params_trigger_ui.py
[2024-05-24T17:49:30.011+0700] {processor.py:840} INFO - DAG(s) 'example_params_trigger_ui' retrieved from /mnt/d/Programming/Vietnamese-Text-Generator/airflow_env/lib/python3.10/site-packages/airflow/example_dags/example_params_trigger_ui.py
[2024-05-24T17:49:30.171+0700] {logging_mixin.py:188} INFO - [2024-05-24T17:49:30.168+0700] {dag.py:3096} INFO - Sync 1 DAGs
[2024-05-24T17:49:30.201+0700] {logging_mixin.py:188} INFO - [2024-05-24T17:49:30.199+0700] {dag.py:3954} INFO - Setting next_dagrun for example_params_trigger_ui to None, run_after=None
[2024-05-24T17:49:30.284+0700] {processor.py:183} INFO - Processing /mnt/d/Programming/Vietnamese-Text-Generator/airflow_env/lib/python3.10/site-packages/airflow/example_dags/example_params_trigger_ui.py took 0.492 seconds
[2024-05-24T17:51:49.554+0700] {processor.py:161} INFO - Started process (PID=9385) to work on /mnt/d/Programming/Vietnamese-Text-Generator/airflow_env/lib/python3.10/site-packages/airflow/example_dags/example_params_trigger_ui.py
[2024-05-24T17:51:49.560+0700] {processor.py:830} INFO - Processing file /mnt/d/Programming/Vietnamese-Text-Generator/airflow_env/lib/python3.10/site-packages/airflow/example_dags/example_params_trigger_ui.py for tasks to queue
[2024-05-24T17:51:49.573+0700] {logging_mixin.py:188} INFO - [2024-05-24T17:51:49.569+0700] {dagbag.py:540} INFO - Filling up the DagBag from /mnt/d/Programming/Vietnamese-Text-Generator/airflow_env/lib/python3.10/site-packages/airflow/example_dags/example_params_trigger_ui.py
[2024-05-24T17:51:49.739+0700] {processor.py:840} INFO - DAG(s) 'example_params_trigger_ui' retrieved from /mnt/d/Programming/Vietnamese-Text-Generator/airflow_env/lib/python3.10/site-packages/airflow/example_dags/example_params_trigger_ui.py
[2024-05-24T17:51:50.014+0700] {logging_mixin.py:188} INFO - [2024-05-24T17:51:50.011+0700] {dag.py:3096} INFO - Sync 1 DAGs
[2024-05-24T17:51:50.054+0700] {logging_mixin.py:188} INFO - [2024-05-24T17:51:50.051+0700] {dag.py:3954} INFO - Setting next_dagrun for example_params_trigger_ui to None, run_after=None
[2024-05-24T17:51:50.219+0700] {processor.py:183} INFO - Processing /mnt/d/Programming/Vietnamese-Text-Generator/airflow_env/lib/python3.10/site-packages/airflow/example_dags/example_params_trigger_ui.py took 0.714 seconds
[2024-05-24T17:54:02.437+0700] {processor.py:161} INFO - Started process (PID=9968) to work on /mnt/d/Programming/Vietnamese-Text-Generator/airflow_env/lib/python3.10/site-packages/airflow/example_dags/example_params_trigger_ui.py
[2024-05-24T17:54:02.443+0700] {processor.py:830} INFO - Processing file /mnt/d/Programming/Vietnamese-Text-Generator/airflow_env/lib/python3.10/site-packages/airflow/example_dags/example_params_trigger_ui.py for tasks to queue
[2024-05-24T17:54:02.455+0700] {logging_mixin.py:188} INFO - [2024-05-24T17:54:02.451+0700] {dagbag.py:540} INFO - Filling up the DagBag from /mnt/d/Programming/Vietnamese-Text-Generator/airflow_env/lib/python3.10/site-packages/airflow/example_dags/example_params_trigger_ui.py
[2024-05-24T17:54:02.589+0700] {processor.py:840} INFO - DAG(s) 'example_params_trigger_ui' retrieved from /mnt/d/Programming/Vietnamese-Text-Generator/airflow_env/lib/python3.10/site-packages/airflow/example_dags/example_params_trigger_ui.py
[2024-05-24T17:54:02.728+0700] {logging_mixin.py:188} INFO - [2024-05-24T17:54:02.726+0700] {dag.py:3096} INFO - Sync 1 DAGs
[2024-05-24T17:54:02.758+0700] {logging_mixin.py:188} INFO - [2024-05-24T17:54:02.756+0700] {dag.py:3954} INFO - Setting next_dagrun for example_params_trigger_ui to None, run_after=None
[2024-05-24T17:54:02.885+0700] {processor.py:183} INFO - Processing /mnt/d/Programming/Vietnamese-Text-Generator/airflow_env/lib/python3.10/site-packages/airflow/example_dags/example_params_trigger_ui.py took 0.492 seconds
[2024-05-24T17:56:19.322+0700] {processor.py:161} INFO - Started process (PID=10567) to work on /mnt/d/Programming/Vietnamese-Text-Generator/airflow_env/lib/python3.10/site-packages/airflow/example_dags/example_params_trigger_ui.py
[2024-05-24T17:56:19.326+0700] {processor.py:830} INFO - Processing file /mnt/d/Programming/Vietnamese-Text-Generator/airflow_env/lib/python3.10/site-packages/airflow/example_dags/example_params_trigger_ui.py for tasks to queue
[2024-05-24T17:56:19.336+0700] {logging_mixin.py:188} INFO - [2024-05-24T17:56:19.333+0700] {dagbag.py:540} INFO - Filling up the DagBag from /mnt/d/Programming/Vietnamese-Text-Generator/airflow_env/lib/python3.10/site-packages/airflow/example_dags/example_params_trigger_ui.py
[2024-05-24T17:56:19.417+0700] {processor.py:840} INFO - DAG(s) 'example_params_trigger_ui' retrieved from /mnt/d/Programming/Vietnamese-Text-Generator/airflow_env/lib/python3.10/site-packages/airflow/example_dags/example_params_trigger_ui.py
[2024-05-24T17:56:19.599+0700] {logging_mixin.py:188} INFO - [2024-05-24T17:56:19.598+0700] {dag.py:3096} INFO - Sync 1 DAGs
[2024-05-24T17:56:19.616+0700] {logging_mixin.py:188} INFO - [2024-05-24T17:56:19.615+0700] {dag.py:3954} INFO - Setting next_dagrun for example_params_trigger_ui to None, run_after=None
[2024-05-24T17:56:19.693+0700] {processor.py:183} INFO - Processing /mnt/d/Programming/Vietnamese-Text-Generator/airflow_env/lib/python3.10/site-packages/airflow/example_dags/example_params_trigger_ui.py took 0.408 seconds
[2024-05-24T17:58:36.794+0700] {processor.py:161} INFO - Started process (PID=11167) to work on /mnt/d/Programming/Vietnamese-Text-Generator/airflow_env/lib/python3.10/site-packages/airflow/example_dags/example_params_trigger_ui.py
[2024-05-24T17:58:36.800+0700] {processor.py:830} INFO - Processing file /mnt/d/Programming/Vietnamese-Text-Generator/airflow_env/lib/python3.10/site-packages/airflow/example_dags/example_params_trigger_ui.py for tasks to queue
[2024-05-24T17:58:36.812+0700] {logging_mixin.py:188} INFO - [2024-05-24T17:58:36.808+0700] {dagbag.py:540} INFO - Filling up the DagBag from /mnt/d/Programming/Vietnamese-Text-Generator/airflow_env/lib/python3.10/site-packages/airflow/example_dags/example_params_trigger_ui.py
[2024-05-24T17:58:36.948+0700] {processor.py:840} INFO - DAG(s) 'example_params_trigger_ui' retrieved from /mnt/d/Programming/Vietnamese-Text-Generator/airflow_env/lib/python3.10/site-packages/airflow/example_dags/example_params_trigger_ui.py
[2024-05-24T17:58:37.139+0700] {logging_mixin.py:188} INFO - [2024-05-24T17:58:37.135+0700] {dag.py:3096} INFO - Sync 1 DAGs
[2024-05-24T17:58:37.195+0700] {logging_mixin.py:188} INFO - [2024-05-24T17:58:37.191+0700] {dag.py:3954} INFO - Setting next_dagrun for example_params_trigger_ui to None, run_after=None
[2024-05-24T17:58:37.432+0700] {processor.py:183} INFO - Processing /mnt/d/Programming/Vietnamese-Text-Generator/airflow_env/lib/python3.10/site-packages/airflow/example_dags/example_params_trigger_ui.py took 0.682 seconds
[2024-05-24T18:00:53.425+0700] {processor.py:161} INFO - Started process (PID=11762) to work on /mnt/d/Programming/Vietnamese-Text-Generator/airflow_env/lib/python3.10/site-packages/airflow/example_dags/example_params_trigger_ui.py
[2024-05-24T18:00:53.431+0700] {processor.py:830} INFO - Processing file /mnt/d/Programming/Vietnamese-Text-Generator/airflow_env/lib/python3.10/site-packages/airflow/example_dags/example_params_trigger_ui.py for tasks to queue
[2024-05-24T18:00:53.440+0700] {logging_mixin.py:188} INFO - [2024-05-24T18:00:53.437+0700] {dagbag.py:540} INFO - Filling up the DagBag from /mnt/d/Programming/Vietnamese-Text-Generator/airflow_env/lib/python3.10/site-packages/airflow/example_dags/example_params_trigger_ui.py
[2024-05-24T18:00:53.552+0700] {processor.py:840} INFO - DAG(s) 'example_params_trigger_ui' retrieved from /mnt/d/Programming/Vietnamese-Text-Generator/airflow_env/lib/python3.10/site-packages/airflow/example_dags/example_params_trigger_ui.py
[2024-05-24T18:00:53.701+0700] {logging_mixin.py:188} INFO - [2024-05-24T18:00:53.699+0700] {dag.py:3096} INFO - Sync 1 DAGs
[2024-05-24T18:00:53.734+0700] {logging_mixin.py:188} INFO - [2024-05-24T18:00:53.732+0700] {dag.py:3954} INFO - Setting next_dagrun for example_params_trigger_ui to None, run_after=None
[2024-05-24T18:00:53.872+0700] {processor.py:183} INFO - Processing /mnt/d/Programming/Vietnamese-Text-Generator/airflow_env/lib/python3.10/site-packages/airflow/example_dags/example_params_trigger_ui.py took 0.484 seconds
[2024-05-24T18:03:16.901+0700] {processor.py:161} INFO - Started process (PID=12387) to work on /mnt/d/Programming/Vietnamese-Text-Generator/airflow_env/lib/python3.10/site-packages/airflow/example_dags/example_params_trigger_ui.py
[2024-05-24T18:03:16.907+0700] {processor.py:830} INFO - Processing file /mnt/d/Programming/Vietnamese-Text-Generator/airflow_env/lib/python3.10/site-packages/airflow/example_dags/example_params_trigger_ui.py for tasks to queue
[2024-05-24T18:03:16.920+0700] {logging_mixin.py:188} INFO - [2024-05-24T18:03:16.916+0700] {dagbag.py:540} INFO - Filling up the DagBag from /mnt/d/Programming/Vietnamese-Text-Generator/airflow_env/lib/python3.10/site-packages/airflow/example_dags/example_params_trigger_ui.py
[2024-05-24T18:03:17.056+0700] {processor.py:840} INFO - DAG(s) 'example_params_trigger_ui' retrieved from /mnt/d/Programming/Vietnamese-Text-Generator/airflow_env/lib/python3.10/site-packages/airflow/example_dags/example_params_trigger_ui.py
[2024-05-24T18:03:17.224+0700] {logging_mixin.py:188} INFO - [2024-05-24T18:03:17.221+0700] {dag.py:3096} INFO - Sync 1 DAGs
[2024-05-24T18:03:17.261+0700] {logging_mixin.py:188} INFO - [2024-05-24T18:03:17.258+0700] {dag.py:3954} INFO - Setting next_dagrun for example_params_trigger_ui to None, run_after=None
[2024-05-24T18:03:17.405+0700] {processor.py:183} INFO - Processing /mnt/d/Programming/Vietnamese-Text-Generator/airflow_env/lib/python3.10/site-packages/airflow/example_dags/example_params_trigger_ui.py took 0.550 seconds
[2024-05-24T18:05:40.200+0700] {processor.py:161} INFO - Started process (PID=13011) to work on /mnt/d/Programming/Vietnamese-Text-Generator/airflow_env/lib/python3.10/site-packages/airflow/example_dags/example_params_trigger_ui.py
[2024-05-24T18:05:40.203+0700] {processor.py:830} INFO - Processing file /mnt/d/Programming/Vietnamese-Text-Generator/airflow_env/lib/python3.10/site-packages/airflow/example_dags/example_params_trigger_ui.py for tasks to queue
[2024-05-24T18:05:40.207+0700] {logging_mixin.py:188} INFO - [2024-05-24T18:05:40.206+0700] {dagbag.py:540} INFO - Filling up the DagBag from /mnt/d/Programming/Vietnamese-Text-Generator/airflow_env/lib/python3.10/site-packages/airflow/example_dags/example_params_trigger_ui.py
[2024-05-24T18:05:40.261+0700] {processor.py:840} INFO - DAG(s) 'example_params_trigger_ui' retrieved from /mnt/d/Programming/Vietnamese-Text-Generator/airflow_env/lib/python3.10/site-packages/airflow/example_dags/example_params_trigger_ui.py
[2024-05-24T18:05:40.347+0700] {logging_mixin.py:188} INFO - [2024-05-24T18:05:40.346+0700] {dag.py:3096} INFO - Sync 1 DAGs
[2024-05-24T18:05:40.370+0700] {logging_mixin.py:188} INFO - [2024-05-24T18:05:40.368+0700] {dag.py:3954} INFO - Setting next_dagrun for example_params_trigger_ui to None, run_after=None
[2024-05-24T18:05:40.460+0700] {processor.py:183} INFO - Processing /mnt/d/Programming/Vietnamese-Text-Generator/airflow_env/lib/python3.10/site-packages/airflow/example_dags/example_params_trigger_ui.py took 0.275 seconds
