[2024-05-24T17:01:57.060+0700] {processor.py:161} INFO - Started process (PID=1873) to work on /mnt/d/Programming/Vietnamese-Text-Generator/airflow_env/lib/python3.10/site-packages/airflow/example_dags/example_python_operator.py
[2024-05-24T17:01:57.066+0700] {processor.py:830} INFO - Processing file /mnt/d/Programming/Vietnamese-Text-Generator/airflow_env/lib/python3.10/site-packages/airflow/example_dags/example_python_operator.py for tasks to queue
[2024-05-24T17:01:57.077+0700] {logging_mixin.py:188} INFO - [2024-05-24T17:01:57.074+0700] {dagbag.py:540} INFO - Filling up the DagBag from /mnt/d/Programming/Vietnamese-Text-Generator/airflow_env/lib/python3.10/site-packages/airflow/example_dags/example_python_operator.py
[2024-05-24T17:01:57.192+0700] {processor.py:840} INFO - DAG(s) 'example_python_operator' retrieved from /mnt/d/Programming/Vietnamese-Text-Generator/airflow_env/lib/python3.10/site-packages/airflow/example_dags/example_python_operator.py
[2024-05-24T17:02:00.921+0700] {logging_mixin.py:188} INFO - [2024-05-24T17:02:00.918+0700] {dag.py:3096} INFO - Sync 1 DAGs
[2024-05-24T17:02:00.955+0700] {logging_mixin.py:188} INFO - [2024-05-24T17:02:00.953+0700] {dag.py:3954} INFO - Setting next_dagrun for example_python_operator to None, run_after=None
[2024-05-24T17:02:01.114+0700] {processor.py:183} INFO - Processing /mnt/d/Programming/Vietnamese-Text-Generator/airflow_env/lib/python3.10/site-packages/airflow/example_dags/example_python_operator.py took 4.092 seconds
[2024-05-24T17:03:55.088+0700] {processor.py:161} INFO - Started process (PID=2376) to work on /mnt/d/Programming/Vietnamese-Text-Generator/airflow_env/lib/python3.10/site-packages/airflow/example_dags/example_python_operator.py
[2024-05-24T17:03:55.094+0700] {processor.py:830} INFO - Processing file /mnt/d/Programming/Vietnamese-Text-Generator/airflow_env/lib/python3.10/site-packages/airflow/example_dags/example_python_operator.py for tasks to queue
[2024-05-24T17:03:55.105+0700] {logging_mixin.py:188} INFO - [2024-05-24T17:03:55.102+0700] {dagbag.py:540} INFO - Filling up the DagBag from /mnt/d/Programming/Vietnamese-Text-Generator/airflow_env/lib/python3.10/site-packages/airflow/example_dags/example_python_operator.py
[2024-05-24T17:03:55.240+0700] {processor.py:840} INFO - DAG(s) 'example_python_operator' retrieved from /mnt/d/Programming/Vietnamese-Text-Generator/airflow_env/lib/python3.10/site-packages/airflow/example_dags/example_python_operator.py
[2024-05-24T17:03:55.344+0700] {logging_mixin.py:188} INFO - [2024-05-24T17:03:55.340+0700] {dag.py:3096} INFO - Sync 1 DAGs
[2024-05-24T17:03:55.393+0700] {logging_mixin.py:188} INFO - [2024-05-24T17:03:55.390+0700] {dag.py:3954} INFO - Setting next_dagrun for example_python_operator to None, run_after=None
[2024-05-24T17:03:55.588+0700] {processor.py:183} INFO - Processing /mnt/d/Programming/Vietnamese-Text-Generator/airflow_env/lib/python3.10/site-packages/airflow/example_dags/example_python_operator.py took 0.547 seconds
[2024-05-24T17:06:12.015+0700] {processor.py:161} INFO - Started process (PID=2976) to work on /mnt/d/Programming/Vietnamese-Text-Generator/airflow_env/lib/python3.10/site-packages/airflow/example_dags/example_python_operator.py
[2024-05-24T17:06:12.020+0700] {processor.py:830} INFO - Processing file /mnt/d/Programming/Vietnamese-Text-Generator/airflow_env/lib/python3.10/site-packages/airflow/example_dags/example_python_operator.py for tasks to queue
[2024-05-24T17:06:12.030+0700] {logging_mixin.py:188} INFO - [2024-05-24T17:06:12.027+0700] {dagbag.py:540} INFO - Filling up the DagBag from /mnt/d/Programming/Vietnamese-Text-Generator/airflow_env/lib/python3.10/site-packages/airflow/example_dags/example_python_operator.py
[2024-05-24T17:06:12.146+0700] {processor.py:840} INFO - DAG(s) 'example_python_operator' retrieved from /mnt/d/Programming/Vietnamese-Text-Generator/airflow_env/lib/python3.10/site-packages/airflow/example_dags/example_python_operator.py
[2024-05-24T17:06:12.239+0700] {logging_mixin.py:188} INFO - [2024-05-24T17:06:12.236+0700] {dag.py:3096} INFO - Sync 1 DAGs
[2024-05-24T17:06:12.284+0700] {logging_mixin.py:188} INFO - [2024-05-24T17:06:12.282+0700] {dag.py:3954} INFO - Setting next_dagrun for example_python_operator to None, run_after=None
[2024-05-24T17:06:12.459+0700] {processor.py:183} INFO - Processing /mnt/d/Programming/Vietnamese-Text-Generator/airflow_env/lib/python3.10/site-packages/airflow/example_dags/example_python_operator.py took 0.481 seconds
[2024-05-24T17:08:20.958+0700] {processor.py:161} INFO - Started process (PID=3620) to work on /mnt/d/Programming/Vietnamese-Text-Generator/airflow_env/lib/python3.10/site-packages/airflow/example_dags/example_python_operator.py
[2024-05-24T17:08:20.961+0700] {processor.py:830} INFO - Processing file /mnt/d/Programming/Vietnamese-Text-Generator/airflow_env/lib/python3.10/site-packages/airflow/example_dags/example_python_operator.py for tasks to queue
[2024-05-24T17:08:20.966+0700] {logging_mixin.py:188} INFO - [2024-05-24T17:08:20.965+0700] {dagbag.py:540} INFO - Filling up the DagBag from /mnt/d/Programming/Vietnamese-Text-Generator/airflow_env/lib/python3.10/site-packages/airflow/example_dags/example_python_operator.py
[2024-05-24T17:08:21.017+0700] {processor.py:840} INFO - DAG(s) 'example_python_operator' retrieved from /mnt/d/Programming/Vietnamese-Text-Generator/airflow_env/lib/python3.10/site-packages/airflow/example_dags/example_python_operator.py
[2024-05-24T17:08:21.064+0700] {logging_mixin.py:188} INFO - [2024-05-24T17:08:21.063+0700] {dag.py:3096} INFO - Sync 1 DAGs
[2024-05-24T17:08:21.091+0700] {logging_mixin.py:188} INFO - [2024-05-24T17:08:21.090+0700] {dag.py:3954} INFO - Setting next_dagrun for example_python_operator to None, run_after=None
[2024-05-24T17:08:21.205+0700] {processor.py:183} INFO - Processing /mnt/d/Programming/Vietnamese-Text-Generator/airflow_env/lib/python3.10/site-packages/airflow/example_dags/example_python_operator.py took 0.265 seconds
[2024-05-24T17:10:38.386+0700] {processor.py:161} INFO - Started process (PID=4220) to work on /mnt/d/Programming/Vietnamese-Text-Generator/airflow_env/lib/python3.10/site-packages/airflow/example_dags/example_python_operator.py
[2024-05-24T17:10:38.393+0700] {processor.py:830} INFO - Processing file /mnt/d/Programming/Vietnamese-Text-Generator/airflow_env/lib/python3.10/site-packages/airflow/example_dags/example_python_operator.py for tasks to queue
[2024-05-24T17:10:38.404+0700] {logging_mixin.py:188} INFO - [2024-05-24T17:10:38.400+0700] {dagbag.py:540} INFO - Filling up the DagBag from /mnt/d/Programming/Vietnamese-Text-Generator/airflow_env/lib/python3.10/site-packages/airflow/example_dags/example_python_operator.py
[2024-05-24T17:10:38.535+0700] {processor.py:840} INFO - DAG(s) 'example_python_operator' retrieved from /mnt/d/Programming/Vietnamese-Text-Generator/airflow_env/lib/python3.10/site-packages/airflow/example_dags/example_python_operator.py
[2024-05-24T17:10:38.637+0700] {logging_mixin.py:188} INFO - [2024-05-24T17:10:38.633+0700] {dag.py:3096} INFO - Sync 1 DAGs
[2024-05-24T17:10:38.685+0700] {logging_mixin.py:188} INFO - [2024-05-24T17:10:38.682+0700] {dag.py:3954} INFO - Setting next_dagrun for example_python_operator to None, run_after=None
[2024-05-24T17:10:38.886+0700] {processor.py:183} INFO - Processing /mnt/d/Programming/Vietnamese-Text-Generator/airflow_env/lib/python3.10/site-packages/airflow/example_dags/example_python_operator.py took 0.547 seconds
[2024-05-24T17:13:01.266+0700] {processor.py:161} INFO - Started process (PID=4844) to work on /mnt/d/Programming/Vietnamese-Text-Generator/airflow_env/lib/python3.10/site-packages/airflow/example_dags/example_python_operator.py
[2024-05-24T17:13:01.272+0700] {processor.py:830} INFO - Processing file /mnt/d/Programming/Vietnamese-Text-Generator/airflow_env/lib/python3.10/site-packages/airflow/example_dags/example_python_operator.py for tasks to queue
[2024-05-24T17:13:01.283+0700] {logging_mixin.py:188} INFO - [2024-05-24T17:13:01.279+0700] {dagbag.py:540} INFO - Filling up the DagBag from /mnt/d/Programming/Vietnamese-Text-Generator/airflow_env/lib/python3.10/site-packages/airflow/example_dags/example_python_operator.py
[2024-05-24T17:13:01.415+0700] {processor.py:840} INFO - DAG(s) 'example_python_operator' retrieved from /mnt/d/Programming/Vietnamese-Text-Generator/airflow_env/lib/python3.10/site-packages/airflow/example_dags/example_python_operator.py
[2024-05-24T17:13:01.516+0700] {logging_mixin.py:188} INFO - [2024-05-24T17:13:01.512+0700] {dag.py:3096} INFO - Sync 1 DAGs
[2024-05-24T17:13:01.565+0700] {logging_mixin.py:188} INFO - [2024-05-24T17:13:01.561+0700] {dag.py:3954} INFO - Setting next_dagrun for example_python_operator to None, run_after=None
[2024-05-24T17:13:01.754+0700] {processor.py:183} INFO - Processing /mnt/d/Programming/Vietnamese-Text-Generator/airflow_env/lib/python3.10/site-packages/airflow/example_dags/example_python_operator.py took 0.536 seconds
[2024-05-24T17:15:16.195+0700] {processor.py:161} INFO - Started process (PID=5436) to work on /mnt/d/Programming/Vietnamese-Text-Generator/airflow_env/lib/python3.10/site-packages/airflow/example_dags/example_python_operator.py
[2024-05-24T17:15:16.201+0700] {processor.py:830} INFO - Processing file /mnt/d/Programming/Vietnamese-Text-Generator/airflow_env/lib/python3.10/site-packages/airflow/example_dags/example_python_operator.py for tasks to queue
[2024-05-24T17:15:16.213+0700] {logging_mixin.py:188} INFO - [2024-05-24T17:15:16.209+0700] {dagbag.py:540} INFO - Filling up the DagBag from /mnt/d/Programming/Vietnamese-Text-Generator/airflow_env/lib/python3.10/site-packages/airflow/example_dags/example_python_operator.py
[2024-05-24T17:15:16.346+0700] {processor.py:840} INFO - DAG(s) 'example_python_operator' retrieved from /mnt/d/Programming/Vietnamese-Text-Generator/airflow_env/lib/python3.10/site-packages/airflow/example_dags/example_python_operator.py
[2024-05-24T17:15:16.449+0700] {logging_mixin.py:188} INFO - [2024-05-24T17:15:16.447+0700] {dag.py:3096} INFO - Sync 1 DAGs
[2024-05-24T17:15:16.495+0700] {logging_mixin.py:188} INFO - [2024-05-24T17:15:16.493+0700] {dag.py:3954} INFO - Setting next_dagrun for example_python_operator to None, run_after=None
[2024-05-24T17:15:16.677+0700] {processor.py:183} INFO - Processing /mnt/d/Programming/Vietnamese-Text-Generator/airflow_env/lib/python3.10/site-packages/airflow/example_dags/example_python_operator.py took 0.527 seconds
[2024-05-24T17:17:40.270+0700] {processor.py:161} INFO - Started process (PID=6067) to work on /mnt/d/Programming/Vietnamese-Text-Generator/airflow_env/lib/python3.10/site-packages/airflow/example_dags/example_python_operator.py
[2024-05-24T17:17:40.273+0700] {processor.py:830} INFO - Processing file /mnt/d/Programming/Vietnamese-Text-Generator/airflow_env/lib/python3.10/site-packages/airflow/example_dags/example_python_operator.py for tasks to queue
[2024-05-24T17:17:40.277+0700] {logging_mixin.py:188} INFO - [2024-05-24T17:17:40.276+0700] {dagbag.py:540} INFO - Filling up the DagBag from /mnt/d/Programming/Vietnamese-Text-Generator/airflow_env/lib/python3.10/site-packages/airflow/example_dags/example_python_operator.py
[2024-05-24T17:17:40.325+0700] {processor.py:840} INFO - DAG(s) 'example_python_operator' retrieved from /mnt/d/Programming/Vietnamese-Text-Generator/airflow_env/lib/python3.10/site-packages/airflow/example_dags/example_python_operator.py
[2024-05-24T17:17:40.362+0700] {logging_mixin.py:188} INFO - [2024-05-24T17:17:40.360+0700] {dag.py:3096} INFO - Sync 1 DAGs
[2024-05-24T17:17:40.381+0700] {logging_mixin.py:188} INFO - [2024-05-24T17:17:40.380+0700] {dag.py:3954} INFO - Setting next_dagrun for example_python_operator to None, run_after=None
[2024-05-24T17:17:40.448+0700] {processor.py:183} INFO - Processing /mnt/d/Programming/Vietnamese-Text-Generator/airflow_env/lib/python3.10/site-packages/airflow/example_dags/example_python_operator.py took 0.196 seconds
[2024-05-24T17:19:59.509+0700] {processor.py:161} INFO - Started process (PID=6677) to work on /mnt/d/Programming/Vietnamese-Text-Generator/airflow_env/lib/python3.10/site-packages/airflow/example_dags/example_python_operator.py
[2024-05-24T17:19:59.511+0700] {processor.py:830} INFO - Processing file /mnt/d/Programming/Vietnamese-Text-Generator/airflow_env/lib/python3.10/site-packages/airflow/example_dags/example_python_operator.py for tasks to queue
[2024-05-24T17:19:59.515+0700] {logging_mixin.py:188} INFO - [2024-05-24T17:19:59.514+0700] {dagbag.py:540} INFO - Filling up the DagBag from /mnt/d/Programming/Vietnamese-Text-Generator/airflow_env/lib/python3.10/site-packages/airflow/example_dags/example_python_operator.py
[2024-05-24T17:19:59.551+0700] {processor.py:840} INFO - DAG(s) 'example_python_operator' retrieved from /mnt/d/Programming/Vietnamese-Text-Generator/airflow_env/lib/python3.10/site-packages/airflow/example_dags/example_python_operator.py
[2024-05-24T17:19:59.604+0700] {logging_mixin.py:188} INFO - [2024-05-24T17:19:59.602+0700] {dag.py:3096} INFO - Sync 1 DAGs
[2024-05-24T17:19:59.644+0700] {logging_mixin.py:188} INFO - [2024-05-24T17:19:59.642+0700] {dag.py:3954} INFO - Setting next_dagrun for example_python_operator to None, run_after=None
[2024-05-24T17:19:59.807+0700] {processor.py:183} INFO - Processing /mnt/d/Programming/Vietnamese-Text-Generator/airflow_env/lib/python3.10/site-packages/airflow/example_dags/example_python_operator.py took 0.311 seconds
[2024-05-24T17:22:11.669+0700] {processor.py:161} INFO - Started process (PID=7251) to work on /mnt/d/Programming/Vietnamese-Text-Generator/airflow_env/lib/python3.10/site-packages/airflow/example_dags/example_python_operator.py
[2024-05-24T17:22:11.675+0700] {processor.py:830} INFO - Processing file /mnt/d/Programming/Vietnamese-Text-Generator/airflow_env/lib/python3.10/site-packages/airflow/example_dags/example_python_operator.py for tasks to queue
[2024-05-24T17:22:11.688+0700] {logging_mixin.py:188} INFO - [2024-05-24T17:22:11.684+0700] {dagbag.py:540} INFO - Filling up the DagBag from /mnt/d/Programming/Vietnamese-Text-Generator/airflow_env/lib/python3.10/site-packages/airflow/example_dags/example_python_operator.py
[2024-05-24T17:22:11.866+0700] {processor.py:840} INFO - DAG(s) 'example_python_operator' retrieved from /mnt/d/Programming/Vietnamese-Text-Generator/airflow_env/lib/python3.10/site-packages/airflow/example_dags/example_python_operator.py
[2024-05-24T17:22:12.099+0700] {logging_mixin.py:188} INFO - [2024-05-24T17:22:12.098+0700] {dag.py:3096} INFO - Sync 1 DAGs
[2024-05-24T17:22:12.117+0700] {logging_mixin.py:188} INFO - [2024-05-24T17:22:12.116+0700] {dag.py:3954} INFO - Setting next_dagrun for example_python_operator to None, run_after=None
[2024-05-24T17:22:12.229+0700] {processor.py:183} INFO - Processing /mnt/d/Programming/Vietnamese-Text-Generator/airflow_env/lib/python3.10/site-packages/airflow/example_dags/example_python_operator.py took 0.603 seconds
[2024-05-24T17:24:20.668+0700] {processor.py:161} INFO - Started process (PID=7817) to work on /mnt/d/Programming/Vietnamese-Text-Generator/airflow_env/lib/python3.10/site-packages/airflow/example_dags/example_python_operator.py
[2024-05-24T17:24:20.672+0700] {processor.py:830} INFO - Processing file /mnt/d/Programming/Vietnamese-Text-Generator/airflow_env/lib/python3.10/site-packages/airflow/example_dags/example_python_operator.py for tasks to queue
[2024-05-24T17:24:20.678+0700] {logging_mixin.py:188} INFO - [2024-05-24T17:24:20.676+0700] {dagbag.py:540} INFO - Filling up the DagBag from /mnt/d/Programming/Vietnamese-Text-Generator/airflow_env/lib/python3.10/site-packages/airflow/example_dags/example_python_operator.py
[2024-05-24T17:24:20.726+0700] {processor.py:840} INFO - DAG(s) 'example_python_operator' retrieved from /mnt/d/Programming/Vietnamese-Text-Generator/airflow_env/lib/python3.10/site-packages/airflow/example_dags/example_python_operator.py
[2024-05-24T17:24:20.758+0700] {logging_mixin.py:188} INFO - [2024-05-24T17:24:20.757+0700] {dag.py:3096} INFO - Sync 1 DAGs
[2024-05-24T17:24:20.776+0700] {logging_mixin.py:188} INFO - [2024-05-24T17:24:20.775+0700] {dag.py:3954} INFO - Setting next_dagrun for example_python_operator to None, run_after=None
[2024-05-24T17:24:20.913+0700] {processor.py:183} INFO - Processing /mnt/d/Programming/Vietnamese-Text-Generator/airflow_env/lib/python3.10/site-packages/airflow/example_dags/example_python_operator.py took 0.272 seconds
[2024-05-24T17:47:39.886+0700] {processor.py:161} INFO - Started process (PID=8286) to work on /mnt/d/Programming/Vietnamese-Text-Generator/airflow_env/lib/python3.10/site-packages/airflow/example_dags/example_python_operator.py
[2024-05-24T17:47:39.887+0700] {processor.py:830} INFO - Processing file /mnt/d/Programming/Vietnamese-Text-Generator/airflow_env/lib/python3.10/site-packages/airflow/example_dags/example_python_operator.py for tasks to queue
[2024-05-24T17:47:39.891+0700] {logging_mixin.py:188} INFO - [2024-05-24T17:47:39.890+0700] {dagbag.py:540} INFO - Filling up the DagBag from /mnt/d/Programming/Vietnamese-Text-Generator/airflow_env/lib/python3.10/site-packages/airflow/example_dags/example_python_operator.py
[2024-05-24T17:47:39.926+0700] {processor.py:840} INFO - DAG(s) 'example_python_operator' retrieved from /mnt/d/Programming/Vietnamese-Text-Generator/airflow_env/lib/python3.10/site-packages/airflow/example_dags/example_python_operator.py
[2024-05-24T17:47:39.966+0700] {logging_mixin.py:188} INFO - [2024-05-24T17:47:39.965+0700] {dag.py:3096} INFO - Sync 1 DAGs
[2024-05-24T17:47:39.983+0700] {logging_mixin.py:188} INFO - [2024-05-24T17:47:39.981+0700] {dag.py:3954} INFO - Setting next_dagrun for example_python_operator to None, run_after=None
[2024-05-24T17:47:40.049+0700] {processor.py:183} INFO - Processing /mnt/d/Programming/Vietnamese-Text-Generator/airflow_env/lib/python3.10/site-packages/airflow/example_dags/example_python_operator.py took 0.178 seconds
[2024-05-24T17:49:23.248+0700] {processor.py:161} INFO - Started process (PID=8747) to work on /mnt/d/Programming/Vietnamese-Text-Generator/airflow_env/lib/python3.10/site-packages/airflow/example_dags/example_python_operator.py
[2024-05-24T17:49:23.254+0700] {processor.py:830} INFO - Processing file /mnt/d/Programming/Vietnamese-Text-Generator/airflow_env/lib/python3.10/site-packages/airflow/example_dags/example_python_operator.py for tasks to queue
[2024-05-24T17:49:23.265+0700] {logging_mixin.py:188} INFO - [2024-05-24T17:49:23.262+0700] {dagbag.py:540} INFO - Filling up the DagBag from /mnt/d/Programming/Vietnamese-Text-Generator/airflow_env/lib/python3.10/site-packages/airflow/example_dags/example_python_operator.py
[2024-05-24T17:49:23.392+0700] {processor.py:840} INFO - DAG(s) 'example_python_operator' retrieved from /mnt/d/Programming/Vietnamese-Text-Generator/airflow_env/lib/python3.10/site-packages/airflow/example_dags/example_python_operator.py
[2024-05-24T17:49:23.479+0700] {logging_mixin.py:188} INFO - [2024-05-24T17:49:23.477+0700] {dag.py:3096} INFO - Sync 1 DAGs
[2024-05-24T17:49:23.524+0700] {logging_mixin.py:188} INFO - [2024-05-24T17:49:23.521+0700] {dag.py:3954} INFO - Setting next_dagrun for example_python_operator to None, run_after=None
[2024-05-24T17:49:23.733+0700] {processor.py:183} INFO - Processing /mnt/d/Programming/Vietnamese-Text-Generator/airflow_env/lib/python3.10/site-packages/airflow/example_dags/example_python_operator.py took 0.529 seconds
[2024-05-24T17:51:41.291+0700] {processor.py:161} INFO - Started process (PID=9350) to work on /mnt/d/Programming/Vietnamese-Text-Generator/airflow_env/lib/python3.10/site-packages/airflow/example_dags/example_python_operator.py
[2024-05-24T17:51:41.298+0700] {processor.py:830} INFO - Processing file /mnt/d/Programming/Vietnamese-Text-Generator/airflow_env/lib/python3.10/site-packages/airflow/example_dags/example_python_operator.py for tasks to queue
[2024-05-24T17:51:41.313+0700] {logging_mixin.py:188} INFO - [2024-05-24T17:51:41.307+0700] {dagbag.py:540} INFO - Filling up the DagBag from /mnt/d/Programming/Vietnamese-Text-Generator/airflow_env/lib/python3.10/site-packages/airflow/example_dags/example_python_operator.py
[2024-05-24T17:51:41.466+0700] {processor.py:840} INFO - DAG(s) 'example_python_operator' retrieved from /mnt/d/Programming/Vietnamese-Text-Generator/airflow_env/lib/python3.10/site-packages/airflow/example_dags/example_python_operator.py
[2024-05-24T17:51:41.580+0700] {logging_mixin.py:188} INFO - [2024-05-24T17:51:41.576+0700] {dag.py:3096} INFO - Sync 1 DAGs
[2024-05-24T17:51:41.633+0700] {logging_mixin.py:188} INFO - [2024-05-24T17:51:41.630+0700] {dag.py:3954} INFO - Setting next_dagrun for example_python_operator to None, run_after=None
[2024-05-24T17:51:41.858+0700] {processor.py:183} INFO - Processing /mnt/d/Programming/Vietnamese-Text-Generator/airflow_env/lib/python3.10/site-packages/airflow/example_dags/example_python_operator.py took 0.617 seconds
[2024-05-24T17:53:55.134+0700] {processor.py:161} INFO - Started process (PID=9937) to work on /mnt/d/Programming/Vietnamese-Text-Generator/airflow_env/lib/python3.10/site-packages/airflow/example_dags/example_python_operator.py
[2024-05-24T17:53:55.137+0700] {processor.py:830} INFO - Processing file /mnt/d/Programming/Vietnamese-Text-Generator/airflow_env/lib/python3.10/site-packages/airflow/example_dags/example_python_operator.py for tasks to queue
[2024-05-24T17:53:55.144+0700] {logging_mixin.py:188} INFO - [2024-05-24T17:53:55.141+0700] {dagbag.py:540} INFO - Filling up the DagBag from /mnt/d/Programming/Vietnamese-Text-Generator/airflow_env/lib/python3.10/site-packages/airflow/example_dags/example_python_operator.py
[2024-05-24T17:53:55.208+0700] {processor.py:840} INFO - DAG(s) 'example_python_operator' retrieved from /mnt/d/Programming/Vietnamese-Text-Generator/airflow_env/lib/python3.10/site-packages/airflow/example_dags/example_python_operator.py
[2024-05-24T17:53:55.246+0700] {logging_mixin.py:188} INFO - [2024-05-24T17:53:55.246+0700] {dag.py:3096} INFO - Sync 1 DAGs
[2024-05-24T17:53:55.267+0700] {logging_mixin.py:188} INFO - [2024-05-24T17:53:55.265+0700] {dag.py:3954} INFO - Setting next_dagrun for example_python_operator to None, run_after=None
[2024-05-24T17:53:55.422+0700] {processor.py:183} INFO - Processing /mnt/d/Programming/Vietnamese-Text-Generator/airflow_env/lib/python3.10/site-packages/airflow/example_dags/example_python_operator.py took 0.313 seconds
[2024-05-24T17:56:13.476+0700] {processor.py:161} INFO - Started process (PID=10541) to work on /mnt/d/Programming/Vietnamese-Text-Generator/airflow_env/lib/python3.10/site-packages/airflow/example_dags/example_python_operator.py
[2024-05-24T17:56:13.480+0700] {processor.py:830} INFO - Processing file /mnt/d/Programming/Vietnamese-Text-Generator/airflow_env/lib/python3.10/site-packages/airflow/example_dags/example_python_operator.py for tasks to queue
[2024-05-24T17:56:13.487+0700] {logging_mixin.py:188} INFO - [2024-05-24T17:56:13.485+0700] {dagbag.py:540} INFO - Filling up the DagBag from /mnt/d/Programming/Vietnamese-Text-Generator/airflow_env/lib/python3.10/site-packages/airflow/example_dags/example_python_operator.py
[2024-05-24T17:56:13.542+0700] {processor.py:840} INFO - DAG(s) 'example_python_operator' retrieved from /mnt/d/Programming/Vietnamese-Text-Generator/airflow_env/lib/python3.10/site-packages/airflow/example_dags/example_python_operator.py
[2024-05-24T17:56:13.582+0700] {logging_mixin.py:188} INFO - [2024-05-24T17:56:13.581+0700] {dag.py:3096} INFO - Sync 1 DAGs
[2024-05-24T17:56:13.597+0700] {logging_mixin.py:188} INFO - [2024-05-24T17:56:13.596+0700] {dag.py:3954} INFO - Setting next_dagrun for example_python_operator to None, run_after=None
[2024-05-24T17:56:13.737+0700] {processor.py:183} INFO - Processing /mnt/d/Programming/Vietnamese-Text-Generator/airflow_env/lib/python3.10/site-packages/airflow/example_dags/example_python_operator.py took 0.286 seconds
[2024-05-24T17:58:30.024+0700] {processor.py:161} INFO - Started process (PID=11135) to work on /mnt/d/Programming/Vietnamese-Text-Generator/airflow_env/lib/python3.10/site-packages/airflow/example_dags/example_python_operator.py
[2024-05-24T17:58:30.031+0700] {processor.py:830} INFO - Processing file /mnt/d/Programming/Vietnamese-Text-Generator/airflow_env/lib/python3.10/site-packages/airflow/example_dags/example_python_operator.py for tasks to queue
[2024-05-24T17:58:30.041+0700] {logging_mixin.py:188} INFO - [2024-05-24T17:58:30.038+0700] {dagbag.py:540} INFO - Filling up the DagBag from /mnt/d/Programming/Vietnamese-Text-Generator/airflow_env/lib/python3.10/site-packages/airflow/example_dags/example_python_operator.py
[2024-05-24T17:58:30.168+0700] {processor.py:840} INFO - DAG(s) 'example_python_operator' retrieved from /mnt/d/Programming/Vietnamese-Text-Generator/airflow_env/lib/python3.10/site-packages/airflow/example_dags/example_python_operator.py
[2024-05-24T17:58:30.312+0700] {logging_mixin.py:188} INFO - [2024-05-24T17:58:30.310+0700] {dag.py:3096} INFO - Sync 1 DAGs
[2024-05-24T17:58:30.360+0700] {logging_mixin.py:188} INFO - [2024-05-24T17:58:30.358+0700] {dag.py:3954} INFO - Setting next_dagrun for example_python_operator to None, run_after=None
[2024-05-24T17:58:30.545+0700] {processor.py:183} INFO - Processing /mnt/d/Programming/Vietnamese-Text-Generator/airflow_env/lib/python3.10/site-packages/airflow/example_dags/example_python_operator.py took 0.572 seconds
[2024-05-24T18:00:47.803+0700] {processor.py:161} INFO - Started process (PID=11736) to work on /mnt/d/Programming/Vietnamese-Text-Generator/airflow_env/lib/python3.10/site-packages/airflow/example_dags/example_python_operator.py
[2024-05-24T18:00:47.811+0700] {processor.py:830} INFO - Processing file /mnt/d/Programming/Vietnamese-Text-Generator/airflow_env/lib/python3.10/site-packages/airflow/example_dags/example_python_operator.py for tasks to queue
[2024-05-24T18:00:47.826+0700] {logging_mixin.py:188} INFO - [2024-05-24T18:00:47.821+0700] {dagbag.py:540} INFO - Filling up the DagBag from /mnt/d/Programming/Vietnamese-Text-Generator/airflow_env/lib/python3.10/site-packages/airflow/example_dags/example_python_operator.py
[2024-05-24T18:00:47.955+0700] {processor.py:840} INFO - DAG(s) 'example_python_operator' retrieved from /mnt/d/Programming/Vietnamese-Text-Generator/airflow_env/lib/python3.10/site-packages/airflow/example_dags/example_python_operator.py
[2024-05-24T18:00:48.062+0700] {logging_mixin.py:188} INFO - [2024-05-24T18:00:48.060+0700] {dag.py:3096} INFO - Sync 1 DAGs
[2024-05-24T18:00:48.118+0700] {logging_mixin.py:188} INFO - [2024-05-24T18:00:48.114+0700] {dag.py:3954} INFO - Setting next_dagrun for example_python_operator to None, run_after=None
[2024-05-24T18:00:48.334+0700] {processor.py:183} INFO - Processing /mnt/d/Programming/Vietnamese-Text-Generator/airflow_env/lib/python3.10/site-packages/airflow/example_dags/example_python_operator.py took 0.586 seconds
[2024-05-24T18:03:09.575+0700] {processor.py:161} INFO - Started process (PID=12355) to work on /mnt/d/Programming/Vietnamese-Text-Generator/airflow_env/lib/python3.10/site-packages/airflow/example_dags/example_python_operator.py
[2024-05-24T18:03:09.582+0700] {processor.py:830} INFO - Processing file /mnt/d/Programming/Vietnamese-Text-Generator/airflow_env/lib/python3.10/site-packages/airflow/example_dags/example_python_operator.py for tasks to queue
[2024-05-24T18:03:09.594+0700] {logging_mixin.py:188} INFO - [2024-05-24T18:03:09.590+0700] {dagbag.py:540} INFO - Filling up the DagBag from /mnt/d/Programming/Vietnamese-Text-Generator/airflow_env/lib/python3.10/site-packages/airflow/example_dags/example_python_operator.py
[2024-05-24T18:03:09.737+0700] {processor.py:840} INFO - DAG(s) 'example_python_operator' retrieved from /mnt/d/Programming/Vietnamese-Text-Generator/airflow_env/lib/python3.10/site-packages/airflow/example_dags/example_python_operator.py
[2024-05-24T18:03:09.846+0700] {logging_mixin.py:188} INFO - [2024-05-24T18:03:09.843+0700] {dag.py:3096} INFO - Sync 1 DAGs
[2024-05-24T18:03:09.898+0700] {logging_mixin.py:188} INFO - [2024-05-24T18:03:09.895+0700] {dag.py:3954} INFO - Setting next_dagrun for example_python_operator to None, run_after=None
[2024-05-24T18:03:10.067+0700] {processor.py:183} INFO - Processing /mnt/d/Programming/Vietnamese-Text-Generator/airflow_env/lib/python3.10/site-packages/airflow/example_dags/example_python_operator.py took 0.535 seconds
[2024-05-24T18:05:31.941+0700] {processor.py:161} INFO - Started process (PID=12975) to work on /mnt/d/Programming/Vietnamese-Text-Generator/airflow_env/lib/python3.10/site-packages/airflow/example_dags/example_python_operator.py
[2024-05-24T18:05:31.946+0700] {processor.py:830} INFO - Processing file /mnt/d/Programming/Vietnamese-Text-Generator/airflow_env/lib/python3.10/site-packages/airflow/example_dags/example_python_operator.py for tasks to queue
[2024-05-24T18:05:31.956+0700] {logging_mixin.py:188} INFO - [2024-05-24T18:05:31.953+0700] {dagbag.py:540} INFO - Filling up the DagBag from /mnt/d/Programming/Vietnamese-Text-Generator/airflow_env/lib/python3.10/site-packages/airflow/example_dags/example_python_operator.py
[2024-05-24T18:05:32.076+0700] {processor.py:840} INFO - DAG(s) 'example_python_operator' retrieved from /mnt/d/Programming/Vietnamese-Text-Generator/airflow_env/lib/python3.10/site-packages/airflow/example_dags/example_python_operator.py
[2024-05-24T18:05:32.177+0700] {logging_mixin.py:188} INFO - [2024-05-24T18:05:32.174+0700] {dag.py:3096} INFO - Sync 1 DAGs
[2024-05-24T18:05:32.227+0700] {logging_mixin.py:188} INFO - [2024-05-24T18:05:32.224+0700] {dag.py:3954} INFO - Setting next_dagrun for example_python_operator to None, run_after=None
[2024-05-24T18:05:32.443+0700] {processor.py:183} INFO - Processing /mnt/d/Programming/Vietnamese-Text-Generator/airflow_env/lib/python3.10/site-packages/airflow/example_dags/example_python_operator.py took 0.545 seconds
