[2024-05-24T17:01:23.788+0700] {processor.py:161} INFO - Started process (PID=1727) to work on /mnt/d/Programming/Vietnamese-Text-Generator/airflow_env/lib/python3.10/site-packages/airflow/example_dags/tutorial.py
[2024-05-24T17:01:23.796+0700] {processor.py:830} INFO - Processing file /mnt/d/Programming/Vietnamese-Text-Generator/airflow_env/lib/python3.10/site-packages/airflow/example_dags/tutorial.py for tasks to queue
[2024-05-24T17:01:23.810+0700] {logging_mixin.py:188} INFO - [2024-05-24T17:01:23.806+0700] {dagbag.py:540} INFO - Filling up the DagBag from /mnt/d/Programming/Vietnamese-Text-Generator/airflow_env/lib/python3.10/site-packages/airflow/example_dags/tutorial.py
[2024-05-24T17:01:24.127+0700] {processor.py:840} INFO - DAG(s) 'tutorial' retrieved from /mnt/d/Programming/Vietnamese-Text-Generator/airflow_env/lib/python3.10/site-packages/airflow/example_dags/tutorial.py
[2024-05-24T17:01:24.441+0700] {logging_mixin.py:188} INFO - [2024-05-24T17:01:24.439+0700] {dag.py:3096} INFO - Sync 1 DAGs
[2024-05-24T17:01:24.570+0700] {logging_mixin.py:188} INFO - [2024-05-24T17:01:24.567+0700] {dag.py:3954} INFO - Setting next_dagrun for tutorial to 2024-05-23 00:00:00+00:00, run_after=2024-05-24 00:00:00+00:00
[2024-05-24T17:01:24.740+0700] {processor.py:183} INFO - Processing /mnt/d/Programming/Vietnamese-Text-Generator/airflow_env/lib/python3.10/site-packages/airflow/example_dags/tutorial.py took 1.001 seconds
[2024-05-24T17:03:23.614+0700] {processor.py:161} INFO - Started process (PID=2239) to work on /mnt/d/Programming/Vietnamese-Text-Generator/airflow_env/lib/python3.10/site-packages/airflow/example_dags/tutorial.py
[2024-05-24T17:03:23.617+0700] {processor.py:830} INFO - Processing file /mnt/d/Programming/Vietnamese-Text-Generator/airflow_env/lib/python3.10/site-packages/airflow/example_dags/tutorial.py for tasks to queue
[2024-05-24T17:03:23.622+0700] {logging_mixin.py:188} INFO - [2024-05-24T17:03:23.621+0700] {dagbag.py:540} INFO - Filling up the DagBag from /mnt/d/Programming/Vietnamese-Text-Generator/airflow_env/lib/python3.10/site-packages/airflow/example_dags/tutorial.py
[2024-05-24T17:03:23.651+0700] {processor.py:840} INFO - DAG(s) 'tutorial' retrieved from /mnt/d/Programming/Vietnamese-Text-Generator/airflow_env/lib/python3.10/site-packages/airflow/example_dags/tutorial.py
[2024-05-24T17:03:23.686+0700] {logging_mixin.py:188} INFO - [2024-05-24T17:03:23.685+0700] {dag.py:3096} INFO - Sync 1 DAGs
[2024-05-24T17:03:23.729+0700] {logging_mixin.py:188} INFO - [2024-05-24T17:03:23.728+0700] {dag.py:3954} INFO - Setting next_dagrun for tutorial to 2024-05-23 00:00:00+00:00, run_after=2024-05-24 00:00:00+00:00
[2024-05-24T17:03:23.810+0700] {processor.py:183} INFO - Processing /mnt/d/Programming/Vietnamese-Text-Generator/airflow_env/lib/python3.10/site-packages/airflow/example_dags/tutorial.py took 0.227 seconds
[2024-05-24T17:04:38.187+0700] {processor.py:161} INFO - Started process (PID=2566) to work on /mnt/d/Programming/Vietnamese-Text-Generator/airflow_env/lib/python3.10/site-packages/airflow/example_dags/tutorial.py
[2024-05-24T17:04:38.200+0700] {processor.py:830} INFO - Processing file /mnt/d/Programming/Vietnamese-Text-Generator/airflow_env/lib/python3.10/site-packages/airflow/example_dags/tutorial.py for tasks to queue
[2024-05-24T17:04:38.227+0700] {logging_mixin.py:188} INFO - [2024-05-24T17:04:38.220+0700] {dagbag.py:540} INFO - Filling up the DagBag from /mnt/d/Programming/Vietnamese-Text-Generator/airflow_env/lib/python3.10/site-packages/airflow/example_dags/tutorial.py
[2024-05-24T17:04:38.292+0700] {processor.py:840} INFO - DAG(s) 'tutorial' retrieved from /mnt/d/Programming/Vietnamese-Text-Generator/airflow_env/lib/python3.10/site-packages/airflow/example_dags/tutorial.py
[2024-05-24T17:04:38.330+0700] {logging_mixin.py:188} INFO - [2024-05-24T17:04:38.329+0700] {dag.py:3096} INFO - Sync 1 DAGs
[2024-05-24T17:04:38.362+0700] {logging_mixin.py:188} INFO - [2024-05-24T17:04:38.361+0700] {dag.py:3954} INFO - Setting next_dagrun for tutorial to 2024-05-23 00:00:00+00:00, run_after=2024-05-24 00:00:00+00:00
[2024-05-24T17:04:38.442+0700] {processor.py:183} INFO - Processing /mnt/d/Programming/Vietnamese-Text-Generator/airflow_env/lib/python3.10/site-packages/airflow/example_dags/tutorial.py took 0.326 seconds
[2024-05-24T17:05:45.171+0700] {processor.py:161} INFO - Started process (PID=2861) to work on /mnt/d/Programming/Vietnamese-Text-Generator/airflow_env/lib/python3.10/site-packages/airflow/example_dags/tutorial.py
[2024-05-24T17:05:45.177+0700] {processor.py:830} INFO - Processing file /mnt/d/Programming/Vietnamese-Text-Generator/airflow_env/lib/python3.10/site-packages/airflow/example_dags/tutorial.py for tasks to queue
[2024-05-24T17:05:45.189+0700] {logging_mixin.py:188} INFO - [2024-05-24T17:05:45.185+0700] {dagbag.py:540} INFO - Filling up the DagBag from /mnt/d/Programming/Vietnamese-Text-Generator/airflow_env/lib/python3.10/site-packages/airflow/example_dags/tutorial.py
[2024-05-24T17:05:45.275+0700] {processor.py:840} INFO - DAG(s) 'tutorial' retrieved from /mnt/d/Programming/Vietnamese-Text-Generator/airflow_env/lib/python3.10/site-packages/airflow/example_dags/tutorial.py
[2024-05-24T17:05:45.403+0700] {logging_mixin.py:188} INFO - [2024-05-24T17:05:45.399+0700] {dag.py:3096} INFO - Sync 1 DAGs
[2024-05-24T17:05:45.539+0700] {logging_mixin.py:188} INFO - [2024-05-24T17:05:45.537+0700] {dag.py:3954} INFO - Setting next_dagrun for tutorial to 2024-05-23 00:00:00+00:00, run_after=2024-05-24 00:00:00+00:00
[2024-05-24T17:05:45.738+0700] {processor.py:183} INFO - Processing /mnt/d/Programming/Vietnamese-Text-Generator/airflow_env/lib/python3.10/site-packages/airflow/example_dags/tutorial.py took 0.610 seconds
[2024-05-24T17:06:55.202+0700] {processor.py:161} INFO - Started process (PID=3243) to work on /mnt/d/Programming/Vietnamese-Text-Generator/airflow_env/lib/python3.10/site-packages/airflow/example_dags/tutorial.py
[2024-05-24T17:06:55.209+0700] {processor.py:830} INFO - Processing file /mnt/d/Programming/Vietnamese-Text-Generator/airflow_env/lib/python3.10/site-packages/airflow/example_dags/tutorial.py for tasks to queue
[2024-05-24T17:06:55.219+0700] {logging_mixin.py:188} INFO - [2024-05-24T17:06:55.216+0700] {dagbag.py:540} INFO - Filling up the DagBag from /mnt/d/Programming/Vietnamese-Text-Generator/airflow_env/lib/python3.10/site-packages/airflow/example_dags/tutorial.py
[2024-05-24T17:06:55.300+0700] {processor.py:840} INFO - DAG(s) 'tutorial' retrieved from /mnt/d/Programming/Vietnamese-Text-Generator/airflow_env/lib/python3.10/site-packages/airflow/example_dags/tutorial.py
[2024-05-24T17:06:55.457+0700] {logging_mixin.py:188} INFO - [2024-05-24T17:06:55.456+0700] {dag.py:3096} INFO - Sync 1 DAGs
[2024-05-24T17:06:55.507+0700] {logging_mixin.py:188} INFO - [2024-05-24T17:06:55.506+0700] {dag.py:3954} INFO - Setting next_dagrun for tutorial to 2024-05-23 00:00:00+00:00, run_after=2024-05-24 00:00:00+00:00
[2024-05-24T17:06:55.593+0700] {processor.py:183} INFO - Processing /mnt/d/Programming/Vietnamese-Text-Generator/airflow_env/lib/python3.10/site-packages/airflow/example_dags/tutorial.py took 0.437 seconds
[2024-05-24T17:07:57.062+0700] {processor.py:161} INFO - Started process (PID=3515) to work on /mnt/d/Programming/Vietnamese-Text-Generator/airflow_env/lib/python3.10/site-packages/airflow/example_dags/tutorial.py
[2024-05-24T17:07:57.068+0700] {processor.py:830} INFO - Processing file /mnt/d/Programming/Vietnamese-Text-Generator/airflow_env/lib/python3.10/site-packages/airflow/example_dags/tutorial.py for tasks to queue
[2024-05-24T17:07:57.081+0700] {logging_mixin.py:188} INFO - [2024-05-24T17:07:57.077+0700] {dagbag.py:540} INFO - Filling up the DagBag from /mnt/d/Programming/Vietnamese-Text-Generator/airflow_env/lib/python3.10/site-packages/airflow/example_dags/tutorial.py
[2024-05-24T17:07:57.156+0700] {processor.py:840} INFO - DAG(s) 'tutorial' retrieved from /mnt/d/Programming/Vietnamese-Text-Generator/airflow_env/lib/python3.10/site-packages/airflow/example_dags/tutorial.py
[2024-05-24T17:07:57.255+0700] {logging_mixin.py:188} INFO - [2024-05-24T17:07:57.252+0700] {dag.py:3096} INFO - Sync 1 DAGs
[2024-05-24T17:07:57.360+0700] {logging_mixin.py:188} INFO - [2024-05-24T17:07:57.358+0700] {dag.py:3954} INFO - Setting next_dagrun for tutorial to 2024-05-23 00:00:00+00:00, run_after=2024-05-24 00:00:00+00:00
[2024-05-24T17:07:57.566+0700] {processor.py:183} INFO - Processing /mnt/d/Programming/Vietnamese-Text-Generator/airflow_env/lib/python3.10/site-packages/airflow/example_dags/tutorial.py took 0.562 seconds
[2024-05-24T17:09:04.606+0700] {processor.py:161} INFO - Started process (PID=3810) to work on /mnt/d/Programming/Vietnamese-Text-Generator/airflow_env/lib/python3.10/site-packages/airflow/example_dags/tutorial.py
[2024-05-24T17:09:04.613+0700] {processor.py:830} INFO - Processing file /mnt/d/Programming/Vietnamese-Text-Generator/airflow_env/lib/python3.10/site-packages/airflow/example_dags/tutorial.py for tasks to queue
[2024-05-24T17:09:04.627+0700] {logging_mixin.py:188} INFO - [2024-05-24T17:09:04.622+0700] {dagbag.py:540} INFO - Filling up the DagBag from /mnt/d/Programming/Vietnamese-Text-Generator/airflow_env/lib/python3.10/site-packages/airflow/example_dags/tutorial.py
[2024-05-24T17:09:04.725+0700] {processor.py:840} INFO - DAG(s) 'tutorial' retrieved from /mnt/d/Programming/Vietnamese-Text-Generator/airflow_env/lib/python3.10/site-packages/airflow/example_dags/tutorial.py
[2024-05-24T17:09:04.835+0700] {logging_mixin.py:188} INFO - [2024-05-24T17:09:04.830+0700] {dag.py:3096} INFO - Sync 1 DAGs
[2024-05-24T17:09:04.954+0700] {logging_mixin.py:188} INFO - [2024-05-24T17:09:04.951+0700] {dag.py:3954} INFO - Setting next_dagrun for tutorial to 2024-05-23 00:00:00+00:00, run_after=2024-05-24 00:00:00+00:00
[2024-05-24T17:09:05.187+0700] {processor.py:183} INFO - Processing /mnt/d/Programming/Vietnamese-Text-Generator/airflow_env/lib/python3.10/site-packages/airflow/example_dags/tutorial.py took 0.631 seconds
[2024-05-24T17:10:13.498+0700] {processor.py:161} INFO - Started process (PID=4110) to work on /mnt/d/Programming/Vietnamese-Text-Generator/airflow_env/lib/python3.10/site-packages/airflow/example_dags/tutorial.py
[2024-05-24T17:10:13.501+0700] {processor.py:830} INFO - Processing file /mnt/d/Programming/Vietnamese-Text-Generator/airflow_env/lib/python3.10/site-packages/airflow/example_dags/tutorial.py for tasks to queue
[2024-05-24T17:10:13.506+0700] {logging_mixin.py:188} INFO - [2024-05-24T17:10:13.505+0700] {dagbag.py:540} INFO - Filling up the DagBag from /mnt/d/Programming/Vietnamese-Text-Generator/airflow_env/lib/python3.10/site-packages/airflow/example_dags/tutorial.py
[2024-05-24T17:10:13.541+0700] {processor.py:840} INFO - DAG(s) 'tutorial' retrieved from /mnt/d/Programming/Vietnamese-Text-Generator/airflow_env/lib/python3.10/site-packages/airflow/example_dags/tutorial.py
[2024-05-24T17:10:13.593+0700] {logging_mixin.py:188} INFO - [2024-05-24T17:10:13.591+0700] {dag.py:3096} INFO - Sync 1 DAGs
[2024-05-24T17:10:13.667+0700] {logging_mixin.py:188} INFO - [2024-05-24T17:10:13.664+0700] {dag.py:3954} INFO - Setting next_dagrun for tutorial to 2024-05-23 00:00:00+00:00, run_after=2024-05-24 00:00:00+00:00
[2024-05-24T17:10:13.820+0700] {processor.py:183} INFO - Processing /mnt/d/Programming/Vietnamese-Text-Generator/airflow_env/lib/python3.10/site-packages/airflow/example_dags/tutorial.py took 0.341 seconds
[2024-05-24T17:11:24.152+0700] {processor.py:161} INFO - Started process (PID=4423) to work on /mnt/d/Programming/Vietnamese-Text-Generator/airflow_env/lib/python3.10/site-packages/airflow/example_dags/tutorial.py
[2024-05-24T17:11:24.158+0700] {processor.py:830} INFO - Processing file /mnt/d/Programming/Vietnamese-Text-Generator/airflow_env/lib/python3.10/site-packages/airflow/example_dags/tutorial.py for tasks to queue
[2024-05-24T17:11:24.170+0700] {logging_mixin.py:188} INFO - [2024-05-24T17:11:24.166+0700] {dagbag.py:540} INFO - Filling up the DagBag from /mnt/d/Programming/Vietnamese-Text-Generator/airflow_env/lib/python3.10/site-packages/airflow/example_dags/tutorial.py
[2024-05-24T17:11:24.260+0700] {processor.py:840} INFO - DAG(s) 'tutorial' retrieved from /mnt/d/Programming/Vietnamese-Text-Generator/airflow_env/lib/python3.10/site-packages/airflow/example_dags/tutorial.py
[2024-05-24T17:11:24.355+0700] {logging_mixin.py:188} INFO - [2024-05-24T17:11:24.351+0700] {dag.py:3096} INFO - Sync 1 DAGs
[2024-05-24T17:11:24.451+0700] {logging_mixin.py:188} INFO - [2024-05-24T17:11:24.448+0700] {dag.py:3954} INFO - Setting next_dagrun for tutorial to 2024-05-23 00:00:00+00:00, run_after=2024-05-24 00:00:00+00:00
[2024-05-24T17:11:24.649+0700] {processor.py:183} INFO - Processing /mnt/d/Programming/Vietnamese-Text-Generator/airflow_env/lib/python3.10/site-packages/airflow/example_dags/tutorial.py took 0.541 seconds
[2024-05-24T17:12:35.267+0700] {processor.py:161} INFO - Started process (PID=4732) to work on /mnt/d/Programming/Vietnamese-Text-Generator/airflow_env/lib/python3.10/site-packages/airflow/example_dags/tutorial.py
[2024-05-24T17:12:35.273+0700] {processor.py:830} INFO - Processing file /mnt/d/Programming/Vietnamese-Text-Generator/airflow_env/lib/python3.10/site-packages/airflow/example_dags/tutorial.py for tasks to queue
[2024-05-24T17:12:35.285+0700] {logging_mixin.py:188} INFO - [2024-05-24T17:12:35.281+0700] {dagbag.py:540} INFO - Filling up the DagBag from /mnt/d/Programming/Vietnamese-Text-Generator/airflow_env/lib/python3.10/site-packages/airflow/example_dags/tutorial.py
[2024-05-24T17:12:35.373+0700] {processor.py:840} INFO - DAG(s) 'tutorial' retrieved from /mnt/d/Programming/Vietnamese-Text-Generator/airflow_env/lib/python3.10/site-packages/airflow/example_dags/tutorial.py
[2024-05-24T17:12:35.461+0700] {logging_mixin.py:188} INFO - [2024-05-24T17:12:35.458+0700] {dag.py:3096} INFO - Sync 1 DAGs
[2024-05-24T17:12:35.568+0700] {logging_mixin.py:188} INFO - [2024-05-24T17:12:35.564+0700] {dag.py:3954} INFO - Setting next_dagrun for tutorial to 2024-05-23 00:00:00+00:00, run_after=2024-05-24 00:00:00+00:00
[2024-05-24T17:12:35.769+0700] {processor.py:183} INFO - Processing /mnt/d/Programming/Vietnamese-Text-Generator/airflow_env/lib/python3.10/site-packages/airflow/example_dags/tutorial.py took 0.555 seconds
[2024-05-24T17:13:44.818+0700] {processor.py:161} INFO - Started process (PID=5036) to work on /mnt/d/Programming/Vietnamese-Text-Generator/airflow_env/lib/python3.10/site-packages/airflow/example_dags/tutorial.py
[2024-05-24T17:13:44.824+0700] {processor.py:830} INFO - Processing file /mnt/d/Programming/Vietnamese-Text-Generator/airflow_env/lib/python3.10/site-packages/airflow/example_dags/tutorial.py for tasks to queue
[2024-05-24T17:13:44.836+0700] {logging_mixin.py:188} INFO - [2024-05-24T17:13:44.832+0700] {dagbag.py:540} INFO - Filling up the DagBag from /mnt/d/Programming/Vietnamese-Text-Generator/airflow_env/lib/python3.10/site-packages/airflow/example_dags/tutorial.py
[2024-05-24T17:13:44.923+0700] {processor.py:840} INFO - DAG(s) 'tutorial' retrieved from /mnt/d/Programming/Vietnamese-Text-Generator/airflow_env/lib/python3.10/site-packages/airflow/example_dags/tutorial.py
[2024-05-24T17:13:45.017+0700] {logging_mixin.py:188} INFO - [2024-05-24T17:13:45.013+0700] {dag.py:3096} INFO - Sync 1 DAGs
[2024-05-24T17:13:45.095+0700] {logging_mixin.py:188} INFO - [2024-05-24T17:13:45.093+0700] {dag.py:3954} INFO - Setting next_dagrun for tutorial to 2024-05-23 00:00:00+00:00, run_after=2024-05-24 00:00:00+00:00
[2024-05-24T17:13:45.251+0700] {processor.py:183} INFO - Processing /mnt/d/Programming/Vietnamese-Text-Generator/airflow_env/lib/python3.10/site-packages/airflow/example_dags/tutorial.py took 0.476 seconds
[2024-05-24T17:14:51.011+0700] {processor.py:161} INFO - Started process (PID=5323) to work on /mnt/d/Programming/Vietnamese-Text-Generator/airflow_env/lib/python3.10/site-packages/airflow/example_dags/tutorial.py
[2024-05-24T17:14:51.017+0700] {processor.py:830} INFO - Processing file /mnt/d/Programming/Vietnamese-Text-Generator/airflow_env/lib/python3.10/site-packages/airflow/example_dags/tutorial.py for tasks to queue
[2024-05-24T17:14:51.030+0700] {logging_mixin.py:188} INFO - [2024-05-24T17:14:51.026+0700] {dagbag.py:540} INFO - Filling up the DagBag from /mnt/d/Programming/Vietnamese-Text-Generator/airflow_env/lib/python3.10/site-packages/airflow/example_dags/tutorial.py
[2024-05-24T17:14:51.127+0700] {processor.py:840} INFO - DAG(s) 'tutorial' retrieved from /mnt/d/Programming/Vietnamese-Text-Generator/airflow_env/lib/python3.10/site-packages/airflow/example_dags/tutorial.py
[2024-05-24T17:14:51.235+0700] {logging_mixin.py:188} INFO - [2024-05-24T17:14:51.231+0700] {dag.py:3096} INFO - Sync 1 DAGs
[2024-05-24T17:14:51.356+0700] {logging_mixin.py:188} INFO - [2024-05-24T17:14:51.352+0700] {dag.py:3954} INFO - Setting next_dagrun for tutorial to 2024-05-23 00:00:00+00:00, run_after=2024-05-24 00:00:00+00:00
[2024-05-24T17:14:51.572+0700] {processor.py:183} INFO - Processing /mnt/d/Programming/Vietnamese-Text-Generator/airflow_env/lib/python3.10/site-packages/airflow/example_dags/tutorial.py took 0.611 seconds
[2024-05-24T17:16:01.137+0700] {processor.py:161} INFO - Started process (PID=5632) to work on /mnt/d/Programming/Vietnamese-Text-Generator/airflow_env/lib/python3.10/site-packages/airflow/example_dags/tutorial.py
[2024-05-24T17:16:01.144+0700] {processor.py:830} INFO - Processing file /mnt/d/Programming/Vietnamese-Text-Generator/airflow_env/lib/python3.10/site-packages/airflow/example_dags/tutorial.py for tasks to queue
[2024-05-24T17:16:01.157+0700] {logging_mixin.py:188} INFO - [2024-05-24T17:16:01.153+0700] {dagbag.py:540} INFO - Filling up the DagBag from /mnt/d/Programming/Vietnamese-Text-Generator/airflow_env/lib/python3.10/site-packages/airflow/example_dags/tutorial.py
[2024-05-24T17:16:01.250+0700] {processor.py:840} INFO - DAG(s) 'tutorial' retrieved from /mnt/d/Programming/Vietnamese-Text-Generator/airflow_env/lib/python3.10/site-packages/airflow/example_dags/tutorial.py
[2024-05-24T17:16:01.363+0700] {logging_mixin.py:188} INFO - [2024-05-24T17:16:01.358+0700] {dag.py:3096} INFO - Sync 1 DAGs
[2024-05-24T17:16:01.472+0700] {logging_mixin.py:188} INFO - [2024-05-24T17:16:01.469+0700] {dag.py:3954} INFO - Setting next_dagrun for tutorial to 2024-05-23 00:00:00+00:00, run_after=2024-05-24 00:00:00+00:00
[2024-05-24T17:16:01.692+0700] {processor.py:183} INFO - Processing /mnt/d/Programming/Vietnamese-Text-Generator/airflow_env/lib/python3.10/site-packages/airflow/example_dags/tutorial.py took 0.605 seconds
[2024-05-24T17:17:15.008+0700] {processor.py:161} INFO - Started process (PID=5951) to work on /mnt/d/Programming/Vietnamese-Text-Generator/airflow_env/lib/python3.10/site-packages/airflow/example_dags/tutorial.py
[2024-05-24T17:17:15.014+0700] {processor.py:830} INFO - Processing file /mnt/d/Programming/Vietnamese-Text-Generator/airflow_env/lib/python3.10/site-packages/airflow/example_dags/tutorial.py for tasks to queue
[2024-05-24T17:17:15.024+0700] {logging_mixin.py:188} INFO - [2024-05-24T17:17:15.021+0700] {dagbag.py:540} INFO - Filling up the DagBag from /mnt/d/Programming/Vietnamese-Text-Generator/airflow_env/lib/python3.10/site-packages/airflow/example_dags/tutorial.py
[2024-05-24T17:17:15.098+0700] {processor.py:840} INFO - DAG(s) 'tutorial' retrieved from /mnt/d/Programming/Vietnamese-Text-Generator/airflow_env/lib/python3.10/site-packages/airflow/example_dags/tutorial.py
[2024-05-24T17:17:15.199+0700] {logging_mixin.py:188} INFO - [2024-05-24T17:17:15.195+0700] {dag.py:3096} INFO - Sync 1 DAGs
[2024-05-24T17:17:15.311+0700] {logging_mixin.py:188} INFO - [2024-05-24T17:17:15.308+0700] {dag.py:3954} INFO - Setting next_dagrun for tutorial to 2024-05-23 00:00:00+00:00, run_after=2024-05-24 00:00:00+00:00
[2024-05-24T17:17:15.531+0700] {processor.py:183} INFO - Processing /mnt/d/Programming/Vietnamese-Text-Generator/airflow_env/lib/python3.10/site-packages/airflow/example_dags/tutorial.py took 0.568 seconds
[2024-05-24T17:18:26.673+0700] {processor.py:161} INFO - Started process (PID=6269) to work on /mnt/d/Programming/Vietnamese-Text-Generator/airflow_env/lib/python3.10/site-packages/airflow/example_dags/tutorial.py
[2024-05-24T17:18:26.676+0700] {processor.py:830} INFO - Processing file /mnt/d/Programming/Vietnamese-Text-Generator/airflow_env/lib/python3.10/site-packages/airflow/example_dags/tutorial.py for tasks to queue
[2024-05-24T17:18:26.682+0700] {logging_mixin.py:188} INFO - [2024-05-24T17:18:26.681+0700] {dagbag.py:540} INFO - Filling up the DagBag from /mnt/d/Programming/Vietnamese-Text-Generator/airflow_env/lib/python3.10/site-packages/airflow/example_dags/tutorial.py
[2024-05-24T17:18:26.792+0700] {processor.py:840} INFO - DAG(s) 'tutorial' retrieved from /mnt/d/Programming/Vietnamese-Text-Generator/airflow_env/lib/python3.10/site-packages/airflow/example_dags/tutorial.py
[2024-05-24T17:18:26.998+0700] {logging_mixin.py:188} INFO - [2024-05-24T17:18:26.959+0700] {dag.py:3096} INFO - Sync 1 DAGs
[2024-05-24T17:18:27.071+0700] {logging_mixin.py:188} INFO - [2024-05-24T17:18:27.070+0700] {dag.py:3954} INFO - Setting next_dagrun for tutorial to 2024-05-23 00:00:00+00:00, run_after=2024-05-24 00:00:00+00:00
[2024-05-24T17:18:27.159+0700] {processor.py:183} INFO - Processing /mnt/d/Programming/Vietnamese-Text-Generator/airflow_env/lib/python3.10/site-packages/airflow/example_dags/tutorial.py took 0.536 seconds
[2024-05-24T17:19:36.138+0700] {processor.py:161} INFO - Started process (PID=6573) to work on /mnt/d/Programming/Vietnamese-Text-Generator/airflow_env/lib/python3.10/site-packages/airflow/example_dags/tutorial.py
[2024-05-24T17:19:36.145+0700] {processor.py:830} INFO - Processing file /mnt/d/Programming/Vietnamese-Text-Generator/airflow_env/lib/python3.10/site-packages/airflow/example_dags/tutorial.py for tasks to queue
[2024-05-24T17:19:36.156+0700] {logging_mixin.py:188} INFO - [2024-05-24T17:19:36.152+0700] {dagbag.py:540} INFO - Filling up the DagBag from /mnt/d/Programming/Vietnamese-Text-Generator/airflow_env/lib/python3.10/site-packages/airflow/example_dags/tutorial.py
[2024-05-24T17:19:36.248+0700] {processor.py:840} INFO - DAG(s) 'tutorial' retrieved from /mnt/d/Programming/Vietnamese-Text-Generator/airflow_env/lib/python3.10/site-packages/airflow/example_dags/tutorial.py
[2024-05-24T17:19:36.332+0700] {logging_mixin.py:188} INFO - [2024-05-24T17:19:36.329+0700] {dag.py:3096} INFO - Sync 1 DAGs
[2024-05-24T17:19:36.424+0700] {logging_mixin.py:188} INFO - [2024-05-24T17:19:36.422+0700] {dag.py:3954} INFO - Setting next_dagrun for tutorial to 2024-05-23 00:00:00+00:00, run_after=2024-05-24 00:00:00+00:00
[2024-05-24T17:19:36.593+0700] {processor.py:183} INFO - Processing /mnt/d/Programming/Vietnamese-Text-Generator/airflow_env/lib/python3.10/site-packages/airflow/example_dags/tutorial.py took 0.501 seconds
[2024-05-24T17:20:42.012+0700] {processor.py:161} INFO - Started process (PID=6863) to work on /mnt/d/Programming/Vietnamese-Text-Generator/airflow_env/lib/python3.10/site-packages/airflow/example_dags/tutorial.py
[2024-05-24T17:20:42.014+0700] {processor.py:830} INFO - Processing file /mnt/d/Programming/Vietnamese-Text-Generator/airflow_env/lib/python3.10/site-packages/airflow/example_dags/tutorial.py for tasks to queue
[2024-05-24T17:20:42.019+0700] {logging_mixin.py:188} INFO - [2024-05-24T17:20:42.018+0700] {dagbag.py:540} INFO - Filling up the DagBag from /mnt/d/Programming/Vietnamese-Text-Generator/airflow_env/lib/python3.10/site-packages/airflow/example_dags/tutorial.py
[2024-05-24T17:20:42.057+0700] {processor.py:840} INFO - DAG(s) 'tutorial' retrieved from /mnt/d/Programming/Vietnamese-Text-Generator/airflow_env/lib/python3.10/site-packages/airflow/example_dags/tutorial.py
[2024-05-24T17:20:42.096+0700] {logging_mixin.py:188} INFO - [2024-05-24T17:20:42.095+0700] {dag.py:3096} INFO - Sync 1 DAGs
[2024-05-24T17:20:42.146+0700] {logging_mixin.py:188} INFO - [2024-05-24T17:20:42.145+0700] {dag.py:3954} INFO - Setting next_dagrun for tutorial to 2024-05-23 00:00:00+00:00, run_after=2024-05-24 00:00:00+00:00
[2024-05-24T17:20:42.216+0700] {processor.py:183} INFO - Processing /mnt/d/Programming/Vietnamese-Text-Generator/airflow_env/lib/python3.10/site-packages/airflow/example_dags/tutorial.py took 0.250 seconds
[2024-05-24T17:21:49.459+0700] {processor.py:161} INFO - Started process (PID=7155) to work on /mnt/d/Programming/Vietnamese-Text-Generator/airflow_env/lib/python3.10/site-packages/airflow/example_dags/tutorial.py
[2024-05-24T17:21:49.465+0700] {processor.py:830} INFO - Processing file /mnt/d/Programming/Vietnamese-Text-Generator/airflow_env/lib/python3.10/site-packages/airflow/example_dags/tutorial.py for tasks to queue
[2024-05-24T17:21:49.478+0700] {logging_mixin.py:188} INFO - [2024-05-24T17:21:49.474+0700] {dagbag.py:540} INFO - Filling up the DagBag from /mnt/d/Programming/Vietnamese-Text-Generator/airflow_env/lib/python3.10/site-packages/airflow/example_dags/tutorial.py
[2024-05-24T17:21:49.548+0700] {processor.py:840} INFO - DAG(s) 'tutorial' retrieved from /mnt/d/Programming/Vietnamese-Text-Generator/airflow_env/lib/python3.10/site-packages/airflow/example_dags/tutorial.py
[2024-05-24T17:21:49.630+0700] {logging_mixin.py:188} INFO - [2024-05-24T17:21:49.627+0700] {dag.py:3096} INFO - Sync 1 DAGs
[2024-05-24T17:21:49.738+0700] {logging_mixin.py:188} INFO - [2024-05-24T17:21:49.735+0700] {dag.py:3954} INFO - Setting next_dagrun for tutorial to 2024-05-23 00:00:00+00:00, run_after=2024-05-24 00:00:00+00:00
[2024-05-24T17:21:49.943+0700] {processor.py:183} INFO - Processing /mnt/d/Programming/Vietnamese-Text-Generator/airflow_env/lib/python3.10/site-packages/airflow/example_dags/tutorial.py took 0.563 seconds
[2024-05-24T17:22:55.829+0700] {processor.py:161} INFO - Started process (PID=7445) to work on /mnt/d/Programming/Vietnamese-Text-Generator/airflow_env/lib/python3.10/site-packages/airflow/example_dags/tutorial.py
[2024-05-24T17:22:55.834+0700] {processor.py:830} INFO - Processing file /mnt/d/Programming/Vietnamese-Text-Generator/airflow_env/lib/python3.10/site-packages/airflow/example_dags/tutorial.py for tasks to queue
[2024-05-24T17:22:55.839+0700] {logging_mixin.py:188} INFO - [2024-05-24T17:22:55.837+0700] {dagbag.py:540} INFO - Filling up the DagBag from /mnt/d/Programming/Vietnamese-Text-Generator/airflow_env/lib/python3.10/site-packages/airflow/example_dags/tutorial.py
[2024-05-24T17:22:55.860+0700] {processor.py:840} INFO - DAG(s) 'tutorial' retrieved from /mnt/d/Programming/Vietnamese-Text-Generator/airflow_env/lib/python3.10/site-packages/airflow/example_dags/tutorial.py
[2024-05-24T17:22:55.912+0700] {logging_mixin.py:188} INFO - [2024-05-24T17:22:55.910+0700] {dag.py:3096} INFO - Sync 1 DAGs
[2024-05-24T17:22:55.998+0700] {logging_mixin.py:188} INFO - [2024-05-24T17:22:55.995+0700] {dag.py:3954} INFO - Setting next_dagrun for tutorial to 2024-05-23 00:00:00+00:00, run_after=2024-05-24 00:00:00+00:00
[2024-05-24T17:22:56.168+0700] {processor.py:183} INFO - Processing /mnt/d/Programming/Vietnamese-Text-Generator/airflow_env/lib/python3.10/site-packages/airflow/example_dags/tutorial.py took 0.354 seconds
[2024-05-24T17:24:00.431+0700] {processor.py:161} INFO - Started process (PID=7728) to work on /mnt/d/Programming/Vietnamese-Text-Generator/airflow_env/lib/python3.10/site-packages/airflow/example_dags/tutorial.py
[2024-05-24T17:24:00.437+0700] {processor.py:830} INFO - Processing file /mnt/d/Programming/Vietnamese-Text-Generator/airflow_env/lib/python3.10/site-packages/airflow/example_dags/tutorial.py for tasks to queue
[2024-05-24T17:24:00.450+0700] {logging_mixin.py:188} INFO - [2024-05-24T17:24:00.446+0700] {dagbag.py:540} INFO - Filling up the DagBag from /mnt/d/Programming/Vietnamese-Text-Generator/airflow_env/lib/python3.10/site-packages/airflow/example_dags/tutorial.py
[2024-05-24T17:24:00.529+0700] {processor.py:840} INFO - DAG(s) 'tutorial' retrieved from /mnt/d/Programming/Vietnamese-Text-Generator/airflow_env/lib/python3.10/site-packages/airflow/example_dags/tutorial.py
[2024-05-24T17:24:00.628+0700] {logging_mixin.py:188} INFO - [2024-05-24T17:24:00.625+0700] {dag.py:3096} INFO - Sync 1 DAGs
[2024-05-24T17:24:00.812+0700] {logging_mixin.py:188} INFO - [2024-05-24T17:24:00.809+0700] {dag.py:3954} INFO - Setting next_dagrun for tutorial to 2024-05-23 00:00:00+00:00, run_after=2024-05-24 00:00:00+00:00
[2024-05-24T17:24:00.939+0700] {processor.py:183} INFO - Processing /mnt/d/Programming/Vietnamese-Text-Generator/airflow_env/lib/python3.10/site-packages/airflow/example_dags/tutorial.py took 0.554 seconds
[2024-05-24T17:46:51.233+0700] {processor.py:161} INFO - Started process (PID=8051) to work on /mnt/d/Programming/Vietnamese-Text-Generator/airflow_env/lib/python3.10/site-packages/airflow/example_dags/tutorial.py
[2024-05-24T17:46:51.246+0700] {processor.py:830} INFO - Processing file /mnt/d/Programming/Vietnamese-Text-Generator/airflow_env/lib/python3.10/site-packages/airflow/example_dags/tutorial.py for tasks to queue
[2024-05-24T17:46:51.249+0700] {logging_mixin.py:188} INFO - [2024-05-24T17:46:51.248+0700] {dagbag.py:540} INFO - Filling up the DagBag from /mnt/d/Programming/Vietnamese-Text-Generator/airflow_env/lib/python3.10/site-packages/airflow/example_dags/tutorial.py
[2024-05-24T17:46:51.336+0700] {processor.py:840} INFO - DAG(s) 'tutorial' retrieved from /mnt/d/Programming/Vietnamese-Text-Generator/airflow_env/lib/python3.10/site-packages/airflow/example_dags/tutorial.py
[2024-05-24T17:46:51.370+0700] {logging_mixin.py:188} INFO - [2024-05-24T17:46:51.367+0700] {dag.py:3096} INFO - Sync 1 DAGs
[2024-05-24T17:46:51.419+0700] {logging_mixin.py:188} INFO - [2024-05-24T17:46:51.418+0700] {dag.py:3954} INFO - Setting next_dagrun for tutorial to 2024-05-23 00:00:00+00:00, run_after=2024-05-24 00:00:00+00:00
[2024-05-24T17:46:51.510+0700] {processor.py:183} INFO - Processing /mnt/d/Programming/Vietnamese-Text-Generator/airflow_env/lib/python3.10/site-packages/airflow/example_dags/tutorial.py took 0.299 seconds
[2024-05-24T17:47:34.920+0700] {processor.py:161} INFO - Started process (PID=8261) to work on /mnt/d/Programming/Vietnamese-Text-Generator/airflow_env/lib/python3.10/site-packages/airflow/example_dags/tutorial.py
[2024-05-24T17:47:34.922+0700] {processor.py:830} INFO - Processing file /mnt/d/Programming/Vietnamese-Text-Generator/airflow_env/lib/python3.10/site-packages/airflow/example_dags/tutorial.py for tasks to queue
[2024-05-24T17:47:34.925+0700] {logging_mixin.py:188} INFO - [2024-05-24T17:47:34.924+0700] {dagbag.py:540} INFO - Filling up the DagBag from /mnt/d/Programming/Vietnamese-Text-Generator/airflow_env/lib/python3.10/site-packages/airflow/example_dags/tutorial.py
[2024-05-24T17:47:34.941+0700] {processor.py:840} INFO - DAG(s) 'tutorial' retrieved from /mnt/d/Programming/Vietnamese-Text-Generator/airflow_env/lib/python3.10/site-packages/airflow/example_dags/tutorial.py
[2024-05-24T17:47:34.972+0700] {logging_mixin.py:188} INFO - [2024-05-24T17:47:34.971+0700] {dag.py:3096} INFO - Sync 1 DAGs
[2024-05-24T17:47:35.005+0700] {logging_mixin.py:188} INFO - [2024-05-24T17:47:35.004+0700] {dag.py:3954} INFO - Setting next_dagrun for tutorial to 2024-05-23 00:00:00+00:00, run_after=2024-05-24 00:00:00+00:00
[2024-05-24T17:47:35.075+0700] {processor.py:183} INFO - Processing /mnt/d/Programming/Vietnamese-Text-Generator/airflow_env/lib/python3.10/site-packages/airflow/example_dags/tutorial.py took 0.165 seconds
[2024-05-24T17:49:00.387+0700] {processor.py:161} INFO - Started process (PID=8649) to work on /mnt/d/Programming/Vietnamese-Text-Generator/airflow_env/lib/python3.10/site-packages/airflow/example_dags/tutorial.py
[2024-05-24T17:49:00.392+0700] {processor.py:830} INFO - Processing file /mnt/d/Programming/Vietnamese-Text-Generator/airflow_env/lib/python3.10/site-packages/airflow/example_dags/tutorial.py for tasks to queue
[2024-05-24T17:49:00.402+0700] {logging_mixin.py:188} INFO - [2024-05-24T17:49:00.399+0700] {dagbag.py:540} INFO - Filling up the DagBag from /mnt/d/Programming/Vietnamese-Text-Generator/airflow_env/lib/python3.10/site-packages/airflow/example_dags/tutorial.py
[2024-05-24T17:49:00.476+0700] {processor.py:840} INFO - DAG(s) 'tutorial' retrieved from /mnt/d/Programming/Vietnamese-Text-Generator/airflow_env/lib/python3.10/site-packages/airflow/example_dags/tutorial.py
[2024-05-24T17:49:00.579+0700] {logging_mixin.py:188} INFO - [2024-05-24T17:49:00.576+0700] {dag.py:3096} INFO - Sync 1 DAGs
[2024-05-24T17:49:00.683+0700] {logging_mixin.py:188} INFO - [2024-05-24T17:49:00.679+0700] {dag.py:3954} INFO - Setting next_dagrun for tutorial to 2024-05-23 00:00:00+00:00, run_after=2024-05-24 00:00:00+00:00
[2024-05-24T17:49:00.893+0700] {processor.py:183} INFO - Processing /mnt/d/Programming/Vietnamese-Text-Generator/airflow_env/lib/python3.10/site-packages/airflow/example_dags/tutorial.py took 0.544 seconds
[2024-05-24T17:50:04.324+0700] {processor.py:161} INFO - Started process (PID=8930) to work on /mnt/d/Programming/Vietnamese-Text-Generator/airflow_env/lib/python3.10/site-packages/airflow/example_dags/tutorial.py
[2024-05-24T17:50:04.327+0700] {processor.py:830} INFO - Processing file /mnt/d/Programming/Vietnamese-Text-Generator/airflow_env/lib/python3.10/site-packages/airflow/example_dags/tutorial.py for tasks to queue
[2024-05-24T17:50:04.334+0700] {logging_mixin.py:188} INFO - [2024-05-24T17:50:04.332+0700] {dagbag.py:540} INFO - Filling up the DagBag from /mnt/d/Programming/Vietnamese-Text-Generator/airflow_env/lib/python3.10/site-packages/airflow/example_dags/tutorial.py
[2024-05-24T17:50:04.368+0700] {processor.py:840} INFO - DAG(s) 'tutorial' retrieved from /mnt/d/Programming/Vietnamese-Text-Generator/airflow_env/lib/python3.10/site-packages/airflow/example_dags/tutorial.py
[2024-05-24T17:50:04.410+0700] {logging_mixin.py:188} INFO - [2024-05-24T17:50:04.409+0700] {dag.py:3096} INFO - Sync 1 DAGs
[2024-05-24T17:50:04.453+0700] {logging_mixin.py:188} INFO - [2024-05-24T17:50:04.452+0700] {dag.py:3954} INFO - Setting next_dagrun for tutorial to 2024-05-23 00:00:00+00:00, run_after=2024-05-24 00:00:00+00:00
[2024-05-24T17:50:04.525+0700] {processor.py:183} INFO - Processing /mnt/d/Programming/Vietnamese-Text-Generator/airflow_env/lib/python3.10/site-packages/airflow/example_dags/tutorial.py took 0.218 seconds
[2024-05-24T17:51:10.046+0700] {processor.py:161} INFO - Started process (PID=9214) to work on /mnt/d/Programming/Vietnamese-Text-Generator/airflow_env/lib/python3.10/site-packages/airflow/example_dags/tutorial.py
[2024-05-24T17:51:10.051+0700] {processor.py:830} INFO - Processing file /mnt/d/Programming/Vietnamese-Text-Generator/airflow_env/lib/python3.10/site-packages/airflow/example_dags/tutorial.py for tasks to queue
[2024-05-24T17:51:10.062+0700] {logging_mixin.py:188} INFO - [2024-05-24T17:51:10.059+0700] {dagbag.py:540} INFO - Filling up the DagBag from /mnt/d/Programming/Vietnamese-Text-Generator/airflow_env/lib/python3.10/site-packages/airflow/example_dags/tutorial.py
[2024-05-24T17:51:10.138+0700] {processor.py:840} INFO - DAG(s) 'tutorial' retrieved from /mnt/d/Programming/Vietnamese-Text-Generator/airflow_env/lib/python3.10/site-packages/airflow/example_dags/tutorial.py
[2024-05-24T17:51:10.218+0700] {logging_mixin.py:188} INFO - [2024-05-24T17:51:10.216+0700] {dag.py:3096} INFO - Sync 1 DAGs
[2024-05-24T17:51:10.305+0700] {logging_mixin.py:188} INFO - [2024-05-24T17:51:10.303+0700] {dag.py:3954} INFO - Setting next_dagrun for tutorial to 2024-05-23 00:00:00+00:00, run_after=2024-05-24 00:00:00+00:00
[2024-05-24T17:51:10.482+0700] {processor.py:183} INFO - Processing /mnt/d/Programming/Vietnamese-Text-Generator/airflow_env/lib/python3.10/site-packages/airflow/example_dags/tutorial.py took 0.473 seconds
[2024-05-24T17:52:22.012+0700] {processor.py:161} INFO - Started process (PID=9533) to work on /mnt/d/Programming/Vietnamese-Text-Generator/airflow_env/lib/python3.10/site-packages/airflow/example_dags/tutorial.py
[2024-05-24T17:52:22.019+0700] {processor.py:830} INFO - Processing file /mnt/d/Programming/Vietnamese-Text-Generator/airflow_env/lib/python3.10/site-packages/airflow/example_dags/tutorial.py for tasks to queue
[2024-05-24T17:52:22.032+0700] {logging_mixin.py:188} INFO - [2024-05-24T17:52:22.028+0700] {dagbag.py:540} INFO - Filling up the DagBag from /mnt/d/Programming/Vietnamese-Text-Generator/airflow_env/lib/python3.10/site-packages/airflow/example_dags/tutorial.py
[2024-05-24T17:52:22.113+0700] {processor.py:840} INFO - DAG(s) 'tutorial' retrieved from /mnt/d/Programming/Vietnamese-Text-Generator/airflow_env/lib/python3.10/site-packages/airflow/example_dags/tutorial.py
[2024-05-24T17:52:22.203+0700] {logging_mixin.py:188} INFO - [2024-05-24T17:52:22.200+0700] {dag.py:3096} INFO - Sync 1 DAGs
[2024-05-24T17:52:22.306+0700] {logging_mixin.py:188} INFO - [2024-05-24T17:52:22.303+0700] {dag.py:3954} INFO - Setting next_dagrun for tutorial to 2024-05-23 00:00:00+00:00, run_after=2024-05-24 00:00:00+00:00
[2024-05-24T17:52:22.501+0700] {processor.py:183} INFO - Processing /mnt/d/Programming/Vietnamese-Text-Generator/airflow_env/lib/python3.10/site-packages/airflow/example_dags/tutorial.py took 0.538 seconds
[2024-05-24T17:53:29.527+0700] {processor.py:161} INFO - Started process (PID=9827) to work on /mnt/d/Programming/Vietnamese-Text-Generator/airflow_env/lib/python3.10/site-packages/airflow/example_dags/tutorial.py
[2024-05-24T17:53:29.534+0700] {processor.py:830} INFO - Processing file /mnt/d/Programming/Vietnamese-Text-Generator/airflow_env/lib/python3.10/site-packages/airflow/example_dags/tutorial.py for tasks to queue
[2024-05-24T17:53:29.549+0700] {logging_mixin.py:188} INFO - [2024-05-24T17:53:29.544+0700] {dagbag.py:540} INFO - Filling up the DagBag from /mnt/d/Programming/Vietnamese-Text-Generator/airflow_env/lib/python3.10/site-packages/airflow/example_dags/tutorial.py
[2024-05-24T17:53:29.652+0700] {processor.py:840} INFO - DAG(s) 'tutorial' retrieved from /mnt/d/Programming/Vietnamese-Text-Generator/airflow_env/lib/python3.10/site-packages/airflow/example_dags/tutorial.py
[2024-05-24T17:53:29.751+0700] {logging_mixin.py:188} INFO - [2024-05-24T17:53:29.748+0700] {dag.py:3096} INFO - Sync 1 DAGs
[2024-05-24T17:53:29.846+0700] {logging_mixin.py:188} INFO - [2024-05-24T17:53:29.843+0700] {dag.py:3954} INFO - Setting next_dagrun for tutorial to 2024-05-23 00:00:00+00:00, run_after=2024-05-24 00:00:00+00:00
[2024-05-24T17:53:30.028+0700] {processor.py:183} INFO - Processing /mnt/d/Programming/Vietnamese-Text-Generator/airflow_env/lib/python3.10/site-packages/airflow/example_dags/tutorial.py took 0.555 seconds
[2024-05-24T17:54:39.821+0700] {processor.py:161} INFO - Started process (PID=10132) to work on /mnt/d/Programming/Vietnamese-Text-Generator/airflow_env/lib/python3.10/site-packages/airflow/example_dags/tutorial.py
[2024-05-24T17:54:39.826+0700] {processor.py:830} INFO - Processing file /mnt/d/Programming/Vietnamese-Text-Generator/airflow_env/lib/python3.10/site-packages/airflow/example_dags/tutorial.py for tasks to queue
[2024-05-24T17:54:39.836+0700] {logging_mixin.py:188} INFO - [2024-05-24T17:54:39.833+0700] {dagbag.py:540} INFO - Filling up the DagBag from /mnt/d/Programming/Vietnamese-Text-Generator/airflow_env/lib/python3.10/site-packages/airflow/example_dags/tutorial.py
[2024-05-24T17:54:39.910+0700] {processor.py:840} INFO - DAG(s) 'tutorial' retrieved from /mnt/d/Programming/Vietnamese-Text-Generator/airflow_env/lib/python3.10/site-packages/airflow/example_dags/tutorial.py
[2024-05-24T17:54:39.992+0700] {logging_mixin.py:188} INFO - [2024-05-24T17:54:39.989+0700] {dag.py:3096} INFO - Sync 1 DAGs
[2024-05-24T17:54:40.084+0700] {logging_mixin.py:188} INFO - [2024-05-24T17:54:40.081+0700] {dag.py:3954} INFO - Setting next_dagrun for tutorial to 2024-05-23 00:00:00+00:00, run_after=2024-05-24 00:00:00+00:00
[2024-05-24T17:54:40.265+0700] {processor.py:183} INFO - Processing /mnt/d/Programming/Vietnamese-Text-Generator/airflow_env/lib/python3.10/site-packages/airflow/example_dags/tutorial.py took 0.484 seconds
[2024-05-24T17:55:49.376+0700] {processor.py:161} INFO - Started process (PID=10436) to work on /mnt/d/Programming/Vietnamese-Text-Generator/airflow_env/lib/python3.10/site-packages/airflow/example_dags/tutorial.py
[2024-05-24T17:55:49.384+0700] {processor.py:830} INFO - Processing file /mnt/d/Programming/Vietnamese-Text-Generator/airflow_env/lib/python3.10/site-packages/airflow/example_dags/tutorial.py for tasks to queue
[2024-05-24T17:55:49.397+0700] {logging_mixin.py:188} INFO - [2024-05-24T17:55:49.394+0700] {dagbag.py:540} INFO - Filling up the DagBag from /mnt/d/Programming/Vietnamese-Text-Generator/airflow_env/lib/python3.10/site-packages/airflow/example_dags/tutorial.py
[2024-05-24T17:55:49.439+0700] {processor.py:840} INFO - DAG(s) 'tutorial' retrieved from /mnt/d/Programming/Vietnamese-Text-Generator/airflow_env/lib/python3.10/site-packages/airflow/example_dags/tutorial.py
[2024-05-24T17:55:49.478+0700] {logging_mixin.py:188} INFO - [2024-05-24T17:55:49.477+0700] {dag.py:3096} INFO - Sync 1 DAGs
[2024-05-24T17:55:49.523+0700] {logging_mixin.py:188} INFO - [2024-05-24T17:55:49.522+0700] {dag.py:3954} INFO - Setting next_dagrun for tutorial to 2024-05-23 00:00:00+00:00, run_after=2024-05-24 00:00:00+00:00
[2024-05-24T17:55:49.662+0700] {processor.py:183} INFO - Processing /mnt/d/Programming/Vietnamese-Text-Generator/airflow_env/lib/python3.10/site-packages/airflow/example_dags/tutorial.py took 0.337 seconds
[2024-05-24T17:56:59.495+0700] {processor.py:161} INFO - Started process (PID=10743) to work on /mnt/d/Programming/Vietnamese-Text-Generator/airflow_env/lib/python3.10/site-packages/airflow/example_dags/tutorial.py
[2024-05-24T17:56:59.502+0700] {processor.py:830} INFO - Processing file /mnt/d/Programming/Vietnamese-Text-Generator/airflow_env/lib/python3.10/site-packages/airflow/example_dags/tutorial.py for tasks to queue
[2024-05-24T17:56:59.513+0700] {logging_mixin.py:188} INFO - [2024-05-24T17:56:59.509+0700] {dagbag.py:540} INFO - Filling up the DagBag from /mnt/d/Programming/Vietnamese-Text-Generator/airflow_env/lib/python3.10/site-packages/airflow/example_dags/tutorial.py
[2024-05-24T17:56:59.596+0700] {processor.py:840} INFO - DAG(s) 'tutorial' retrieved from /mnt/d/Programming/Vietnamese-Text-Generator/airflow_env/lib/python3.10/site-packages/airflow/example_dags/tutorial.py
[2024-05-24T17:56:59.685+0700] {logging_mixin.py:188} INFO - [2024-05-24T17:56:59.682+0700] {dag.py:3096} INFO - Sync 1 DAGs
[2024-05-24T17:56:59.780+0700] {logging_mixin.py:188} INFO - [2024-05-24T17:56:59.777+0700] {dag.py:3954} INFO - Setting next_dagrun for tutorial to 2024-05-23 00:00:00+00:00, run_after=2024-05-24 00:00:00+00:00
[2024-05-24T17:56:59.967+0700] {processor.py:183} INFO - Processing /mnt/d/Programming/Vietnamese-Text-Generator/airflow_env/lib/python3.10/site-packages/airflow/example_dags/tutorial.py took 0.517 seconds
[2024-05-24T17:58:09.020+0700] {processor.py:161} INFO - Started process (PID=11044) to work on /mnt/d/Programming/Vietnamese-Text-Generator/airflow_env/lib/python3.10/site-packages/airflow/example_dags/tutorial.py
[2024-05-24T17:58:09.026+0700] {processor.py:830} INFO - Processing file /mnt/d/Programming/Vietnamese-Text-Generator/airflow_env/lib/python3.10/site-packages/airflow/example_dags/tutorial.py for tasks to queue
[2024-05-24T17:58:09.037+0700] {logging_mixin.py:188} INFO - [2024-05-24T17:58:09.034+0700] {dagbag.py:540} INFO - Filling up the DagBag from /mnt/d/Programming/Vietnamese-Text-Generator/airflow_env/lib/python3.10/site-packages/airflow/example_dags/tutorial.py
[2024-05-24T17:58:09.106+0700] {processor.py:840} INFO - DAG(s) 'tutorial' retrieved from /mnt/d/Programming/Vietnamese-Text-Generator/airflow_env/lib/python3.10/site-packages/airflow/example_dags/tutorial.py
[2024-05-24T17:58:09.190+0700] {logging_mixin.py:188} INFO - [2024-05-24T17:58:09.187+0700] {dag.py:3096} INFO - Sync 1 DAGs
[2024-05-24T17:58:09.287+0700] {logging_mixin.py:188} INFO - [2024-05-24T17:58:09.284+0700] {dag.py:3954} INFO - Setting next_dagrun for tutorial to 2024-05-23 00:00:00+00:00, run_after=2024-05-24 00:00:00+00:00
[2024-05-24T17:58:09.465+0700] {processor.py:183} INFO - Processing /mnt/d/Programming/Vietnamese-Text-Generator/airflow_env/lib/python3.10/site-packages/airflow/example_dags/tutorial.py took 0.483 seconds
[2024-05-24T17:59:14.948+0700] {processor.py:161} INFO - Started process (PID=11332) to work on /mnt/d/Programming/Vietnamese-Text-Generator/airflow_env/lib/python3.10/site-packages/airflow/example_dags/tutorial.py
[2024-05-24T17:59:14.954+0700] {processor.py:830} INFO - Processing file /mnt/d/Programming/Vietnamese-Text-Generator/airflow_env/lib/python3.10/site-packages/airflow/example_dags/tutorial.py for tasks to queue
[2024-05-24T17:59:14.969+0700] {logging_mixin.py:188} INFO - [2024-05-24T17:59:14.963+0700] {dagbag.py:540} INFO - Filling up the DagBag from /mnt/d/Programming/Vietnamese-Text-Generator/airflow_env/lib/python3.10/site-packages/airflow/example_dags/tutorial.py
[2024-05-24T17:59:15.057+0700] {processor.py:840} INFO - DAG(s) 'tutorial' retrieved from /mnt/d/Programming/Vietnamese-Text-Generator/airflow_env/lib/python3.10/site-packages/airflow/example_dags/tutorial.py
[2024-05-24T17:59:15.149+0700] {logging_mixin.py:188} INFO - [2024-05-24T17:59:15.145+0700] {dag.py:3096} INFO - Sync 1 DAGs
[2024-05-24T17:59:15.248+0700] {logging_mixin.py:188} INFO - [2024-05-24T17:59:15.245+0700] {dag.py:3954} INFO - Setting next_dagrun for tutorial to 2024-05-23 00:00:00+00:00, run_after=2024-05-24 00:00:00+00:00
[2024-05-24T17:59:15.462+0700] {processor.py:183} INFO - Processing /mnt/d/Programming/Vietnamese-Text-Generator/airflow_env/lib/python3.10/site-packages/airflow/example_dags/tutorial.py took 0.558 seconds
[2024-05-24T18:00:22.635+0700] {processor.py:161} INFO - Started process (PID=11625) to work on /mnt/d/Programming/Vietnamese-Text-Generator/airflow_env/lib/python3.10/site-packages/airflow/example_dags/tutorial.py
[2024-05-24T18:00:22.642+0700] {processor.py:830} INFO - Processing file /mnt/d/Programming/Vietnamese-Text-Generator/airflow_env/lib/python3.10/site-packages/airflow/example_dags/tutorial.py for tasks to queue
[2024-05-24T18:00:22.655+0700] {logging_mixin.py:188} INFO - [2024-05-24T18:00:22.651+0700] {dagbag.py:540} INFO - Filling up the DagBag from /mnt/d/Programming/Vietnamese-Text-Generator/airflow_env/lib/python3.10/site-packages/airflow/example_dags/tutorial.py
[2024-05-24T18:00:22.746+0700] {processor.py:840} INFO - DAG(s) 'tutorial' retrieved from /mnt/d/Programming/Vietnamese-Text-Generator/airflow_env/lib/python3.10/site-packages/airflow/example_dags/tutorial.py
[2024-05-24T18:00:22.850+0700] {logging_mixin.py:188} INFO - [2024-05-24T18:00:22.846+0700] {dag.py:3096} INFO - Sync 1 DAGs
[2024-05-24T18:00:22.970+0700] {logging_mixin.py:188} INFO - [2024-05-24T18:00:22.967+0700] {dag.py:3954} INFO - Setting next_dagrun for tutorial to 2024-05-23 00:00:00+00:00, run_after=2024-05-24 00:00:00+00:00
[2024-05-24T18:00:23.186+0700] {processor.py:183} INFO - Processing /mnt/d/Programming/Vietnamese-Text-Generator/airflow_env/lib/python3.10/site-packages/airflow/example_dags/tutorial.py took 0.599 seconds
[2024-05-24T18:01:30.929+0700] {processor.py:161} INFO - Started process (PID=11924) to work on /mnt/d/Programming/Vietnamese-Text-Generator/airflow_env/lib/python3.10/site-packages/airflow/example_dags/tutorial.py
[2024-05-24T18:01:30.938+0700] {processor.py:830} INFO - Processing file /mnt/d/Programming/Vietnamese-Text-Generator/airflow_env/lib/python3.10/site-packages/airflow/example_dags/tutorial.py for tasks to queue
[2024-05-24T18:01:30.954+0700] {logging_mixin.py:188} INFO - [2024-05-24T18:01:30.952+0700] {dagbag.py:540} INFO - Filling up the DagBag from /mnt/d/Programming/Vietnamese-Text-Generator/airflow_env/lib/python3.10/site-packages/airflow/example_dags/tutorial.py
[2024-05-24T18:01:31.022+0700] {processor.py:840} INFO - DAG(s) 'tutorial' retrieved from /mnt/d/Programming/Vietnamese-Text-Generator/airflow_env/lib/python3.10/site-packages/airflow/example_dags/tutorial.py
[2024-05-24T18:01:31.106+0700] {logging_mixin.py:188} INFO - [2024-05-24T18:01:31.103+0700] {dag.py:3096} INFO - Sync 1 DAGs
[2024-05-24T18:01:31.199+0700] {logging_mixin.py:188} INFO - [2024-05-24T18:01:31.196+0700] {dag.py:3954} INFO - Setting next_dagrun for tutorial to 2024-05-23 00:00:00+00:00, run_after=2024-05-24 00:00:00+00:00
[2024-05-24T18:01:31.388+0700] {processor.py:183} INFO - Processing /mnt/d/Programming/Vietnamese-Text-Generator/airflow_env/lib/python3.10/site-packages/airflow/example_dags/tutorial.py took 0.504 seconds
[2024-05-24T18:02:42.150+0700] {processor.py:161} INFO - Started process (PID=12234) to work on /mnt/d/Programming/Vietnamese-Text-Generator/airflow_env/lib/python3.10/site-packages/airflow/example_dags/tutorial.py
[2024-05-24T18:02:42.156+0700] {processor.py:830} INFO - Processing file /mnt/d/Programming/Vietnamese-Text-Generator/airflow_env/lib/python3.10/site-packages/airflow/example_dags/tutorial.py for tasks to queue
[2024-05-24T18:02:42.168+0700] {logging_mixin.py:188} INFO - [2024-05-24T18:02:42.164+0700] {dagbag.py:540} INFO - Filling up the DagBag from /mnt/d/Programming/Vietnamese-Text-Generator/airflow_env/lib/python3.10/site-packages/airflow/example_dags/tutorial.py
[2024-05-24T18:02:42.258+0700] {processor.py:840} INFO - DAG(s) 'tutorial' retrieved from /mnt/d/Programming/Vietnamese-Text-Generator/airflow_env/lib/python3.10/site-packages/airflow/example_dags/tutorial.py
[2024-05-24T18:02:42.353+0700] {logging_mixin.py:188} INFO - [2024-05-24T18:02:42.350+0700] {dag.py:3096} INFO - Sync 1 DAGs
[2024-05-24T18:02:42.454+0700] {logging_mixin.py:188} INFO - [2024-05-24T18:02:42.451+0700] {dag.py:3954} INFO - Setting next_dagrun for tutorial to 2024-05-23 00:00:00+00:00, run_after=2024-05-24 00:00:00+00:00
[2024-05-24T18:02:42.620+0700] {processor.py:183} INFO - Processing /mnt/d/Programming/Vietnamese-Text-Generator/airflow_env/lib/python3.10/site-packages/airflow/example_dags/tutorial.py took 0.516 seconds
[2024-05-24T18:03:56.054+0700] {processor.py:161} INFO - Started process (PID=12558) to work on /mnt/d/Programming/Vietnamese-Text-Generator/airflow_env/lib/python3.10/site-packages/airflow/example_dags/tutorial.py
[2024-05-24T18:03:56.060+0700] {processor.py:830} INFO - Processing file /mnt/d/Programming/Vietnamese-Text-Generator/airflow_env/lib/python3.10/site-packages/airflow/example_dags/tutorial.py for tasks to queue
[2024-05-24T18:03:56.072+0700] {logging_mixin.py:188} INFO - [2024-05-24T18:03:56.068+0700] {dagbag.py:540} INFO - Filling up the DagBag from /mnt/d/Programming/Vietnamese-Text-Generator/airflow_env/lib/python3.10/site-packages/airflow/example_dags/tutorial.py
[2024-05-24T18:03:56.167+0700] {processor.py:840} INFO - DAG(s) 'tutorial' retrieved from /mnt/d/Programming/Vietnamese-Text-Generator/airflow_env/lib/python3.10/site-packages/airflow/example_dags/tutorial.py
[2024-05-24T18:03:56.274+0700] {logging_mixin.py:188} INFO - [2024-05-24T18:03:56.270+0700] {dag.py:3096} INFO - Sync 1 DAGs
[2024-05-24T18:03:56.379+0700] {logging_mixin.py:188} INFO - [2024-05-24T18:03:56.376+0700] {dag.py:3954} INFO - Setting next_dagrun for tutorial to 2024-05-23 00:00:00+00:00, run_after=2024-05-24 00:00:00+00:00
[2024-05-24T18:03:56.600+0700] {processor.py:183} INFO - Processing /mnt/d/Programming/Vietnamese-Text-Generator/airflow_env/lib/python3.10/site-packages/airflow/example_dags/tutorial.py took 0.592 seconds
[2024-05-24T18:05:05.322+0700] {processor.py:161} INFO - Started process (PID=12861) to work on /mnt/d/Programming/Vietnamese-Text-Generator/airflow_env/lib/python3.10/site-packages/airflow/example_dags/tutorial.py
[2024-05-24T18:05:05.326+0700] {processor.py:830} INFO - Processing file /mnt/d/Programming/Vietnamese-Text-Generator/airflow_env/lib/python3.10/site-packages/airflow/example_dags/tutorial.py for tasks to queue
[2024-05-24T18:05:05.335+0700] {logging_mixin.py:188} INFO - [2024-05-24T18:05:05.333+0700] {dagbag.py:540} INFO - Filling up the DagBag from /mnt/d/Programming/Vietnamese-Text-Generator/airflow_env/lib/python3.10/site-packages/airflow/example_dags/tutorial.py
[2024-05-24T18:05:05.401+0700] {processor.py:840} INFO - DAG(s) 'tutorial' retrieved from /mnt/d/Programming/Vietnamese-Text-Generator/airflow_env/lib/python3.10/site-packages/airflow/example_dags/tutorial.py
[2024-05-24T18:05:05.465+0700] {logging_mixin.py:188} INFO - [2024-05-24T18:05:05.464+0700] {dag.py:3096} INFO - Sync 1 DAGs
[2024-05-24T18:05:05.509+0700] {logging_mixin.py:188} INFO - [2024-05-24T18:05:05.508+0700] {dag.py:3954} INFO - Setting next_dagrun for tutorial to 2024-05-23 00:00:00+00:00, run_after=2024-05-24 00:00:00+00:00
[2024-05-24T18:05:05.602+0700] {processor.py:183} INFO - Processing /mnt/d/Programming/Vietnamese-Text-Generator/airflow_env/lib/python3.10/site-packages/airflow/example_dags/tutorial.py took 0.312 seconds
