[2024-05-24T17:01:15.861+0700] {processor.py:161} INFO - Started process (PID=1692) to work on /mnt/d/Programming/Vietnamese-Text-Generator/airflow_env/lib/python3.10/site-packages/airflow/example_dags/tutorial_taskflow_api.py
[2024-05-24T17:01:15.865+0700] {processor.py:830} INFO - Processing file /mnt/d/Programming/Vietnamese-Text-Generator/airflow_env/lib/python3.10/site-packages/airflow/example_dags/tutorial_taskflow_api.py for tasks to queue
[2024-05-24T17:01:15.874+0700] {logging_mixin.py:188} INFO - [2024-05-24T17:01:15.872+0700] {dagbag.py:540} INFO - Filling up the DagBag from /mnt/d/Programming/Vietnamese-Text-Generator/airflow_env/lib/python3.10/site-packages/airflow/example_dags/tutorial_taskflow_api.py
[2024-05-24T17:01:16.112+0700] {processor.py:840} INFO - DAG(s) 'tutorial_taskflow_api' retrieved from /mnt/d/Programming/Vietnamese-Text-Generator/airflow_env/lib/python3.10/site-packages/airflow/example_dags/tutorial_taskflow_api.py
[2024-05-24T17:01:16.387+0700] {logging_mixin.py:188} INFO - [2024-05-24T17:01:16.384+0700] {dag.py:3096} INFO - Sync 1 DAGs
[2024-05-24T17:01:16.448+0700] {logging_mixin.py:188} INFO - [2024-05-24T17:01:16.440+0700] {dag.py:3954} INFO - Setting next_dagrun for tutorial_taskflow_api to None, run_after=None
[2024-05-24T17:01:16.624+0700] {processor.py:183} INFO - Processing /mnt/d/Programming/Vietnamese-Text-Generator/airflow_env/lib/python3.10/site-packages/airflow/example_dags/tutorial_taskflow_api.py took 0.792 seconds
[2024-05-24T17:03:17.794+0700] {processor.py:161} INFO - Started process (PID=2214) to work on /mnt/d/Programming/Vietnamese-Text-Generator/airflow_env/lib/python3.10/site-packages/airflow/example_dags/tutorial_taskflow_api.py
[2024-05-24T17:03:17.810+0700] {processor.py:830} INFO - Processing file /mnt/d/Programming/Vietnamese-Text-Generator/airflow_env/lib/python3.10/site-packages/airflow/example_dags/tutorial_taskflow_api.py for tasks to queue
[2024-05-24T17:03:17.831+0700] {logging_mixin.py:188} INFO - [2024-05-24T17:03:17.826+0700] {dagbag.py:540} INFO - Filling up the DagBag from /mnt/d/Programming/Vietnamese-Text-Generator/airflow_env/lib/python3.10/site-packages/airflow/example_dags/tutorial_taskflow_api.py
[2024-05-24T17:03:17.969+0700] {processor.py:840} INFO - DAG(s) 'tutorial_taskflow_api' retrieved from /mnt/d/Programming/Vietnamese-Text-Generator/airflow_env/lib/python3.10/site-packages/airflow/example_dags/tutorial_taskflow_api.py
[2024-05-24T17:03:18.116+0700] {logging_mixin.py:188} INFO - [2024-05-24T17:03:18.113+0700] {dag.py:3096} INFO - Sync 1 DAGs
[2024-05-24T17:03:18.179+0700] {logging_mixin.py:188} INFO - [2024-05-24T17:03:18.175+0700] {dag.py:3954} INFO - Setting next_dagrun for tutorial_taskflow_api to None, run_after=None
[2024-05-24T17:03:18.416+0700] {processor.py:183} INFO - Processing /mnt/d/Programming/Vietnamese-Text-Generator/airflow_env/lib/python3.10/site-packages/airflow/example_dags/tutorial_taskflow_api.py took 0.693 seconds
[2024-05-24T17:04:33.591+0700] {processor.py:161} INFO - Started process (PID=2546) to work on /mnt/d/Programming/Vietnamese-Text-Generator/airflow_env/lib/python3.10/site-packages/airflow/example_dags/tutorial_taskflow_api.py
[2024-05-24T17:04:33.597+0700] {processor.py:830} INFO - Processing file /mnt/d/Programming/Vietnamese-Text-Generator/airflow_env/lib/python3.10/site-packages/airflow/example_dags/tutorial_taskflow_api.py for tasks to queue
[2024-05-24T17:04:33.609+0700] {logging_mixin.py:188} INFO - [2024-05-24T17:04:33.605+0700] {dagbag.py:540} INFO - Filling up the DagBag from /mnt/d/Programming/Vietnamese-Text-Generator/airflow_env/lib/python3.10/site-packages/airflow/example_dags/tutorial_taskflow_api.py
[2024-05-24T17:04:33.701+0700] {processor.py:840} INFO - DAG(s) 'tutorial_taskflow_api' retrieved from /mnt/d/Programming/Vietnamese-Text-Generator/airflow_env/lib/python3.10/site-packages/airflow/example_dags/tutorial_taskflow_api.py
[2024-05-24T17:04:33.806+0700] {logging_mixin.py:188} INFO - [2024-05-24T17:04:33.802+0700] {dag.py:3096} INFO - Sync 1 DAGs
[2024-05-24T17:04:33.866+0700] {logging_mixin.py:188} INFO - [2024-05-24T17:04:33.862+0700] {dag.py:3954} INFO - Setting next_dagrun for tutorial_taskflow_api to None, run_after=None
[2024-05-24T17:04:34.009+0700] {processor.py:183} INFO - Processing /mnt/d/Programming/Vietnamese-Text-Generator/airflow_env/lib/python3.10/site-packages/airflow/example_dags/tutorial_taskflow_api.py took 0.462 seconds
[2024-05-24T17:05:40.928+0700] {processor.py:161} INFO - Started process (PID=2842) to work on /mnt/d/Programming/Vietnamese-Text-Generator/airflow_env/lib/python3.10/site-packages/airflow/example_dags/tutorial_taskflow_api.py
[2024-05-24T17:05:40.930+0700] {processor.py:830} INFO - Processing file /mnt/d/Programming/Vietnamese-Text-Generator/airflow_env/lib/python3.10/site-packages/airflow/example_dags/tutorial_taskflow_api.py for tasks to queue
[2024-05-24T17:05:40.935+0700] {logging_mixin.py:188} INFO - [2024-05-24T17:05:40.934+0700] {dagbag.py:540} INFO - Filling up the DagBag from /mnt/d/Programming/Vietnamese-Text-Generator/airflow_env/lib/python3.10/site-packages/airflow/example_dags/tutorial_taskflow_api.py
[2024-05-24T17:05:40.972+0700] {processor.py:840} INFO - DAG(s) 'tutorial_taskflow_api' retrieved from /mnt/d/Programming/Vietnamese-Text-Generator/airflow_env/lib/python3.10/site-packages/airflow/example_dags/tutorial_taskflow_api.py
[2024-05-24T17:05:41.018+0700] {logging_mixin.py:188} INFO - [2024-05-24T17:05:41.017+0700] {dag.py:3096} INFO - Sync 1 DAGs
[2024-05-24T17:05:41.058+0700] {logging_mixin.py:188} INFO - [2024-05-24T17:05:41.057+0700] {dag.py:3954} INFO - Setting next_dagrun for tutorial_taskflow_api to None, run_after=None
[2024-05-24T17:05:41.160+0700] {processor.py:183} INFO - Processing /mnt/d/Programming/Vietnamese-Text-Generator/airflow_env/lib/python3.10/site-packages/airflow/example_dags/tutorial_taskflow_api.py took 0.255 seconds
[2024-05-24T17:06:50.259+0700] {processor.py:161} INFO - Started process (PID=3221) to work on /mnt/d/Programming/Vietnamese-Text-Generator/airflow_env/lib/python3.10/site-packages/airflow/example_dags/tutorial_taskflow_api.py
[2024-05-24T17:06:50.261+0700] {processor.py:830} INFO - Processing file /mnt/d/Programming/Vietnamese-Text-Generator/airflow_env/lib/python3.10/site-packages/airflow/example_dags/tutorial_taskflow_api.py for tasks to queue
[2024-05-24T17:06:50.266+0700] {logging_mixin.py:188} INFO - [2024-05-24T17:06:50.264+0700] {dagbag.py:540} INFO - Filling up the DagBag from /mnt/d/Programming/Vietnamese-Text-Generator/airflow_env/lib/python3.10/site-packages/airflow/example_dags/tutorial_taskflow_api.py
[2024-05-24T17:06:50.298+0700] {processor.py:840} INFO - DAG(s) 'tutorial_taskflow_api' retrieved from /mnt/d/Programming/Vietnamese-Text-Generator/airflow_env/lib/python3.10/site-packages/airflow/example_dags/tutorial_taskflow_api.py
[2024-05-24T17:06:50.328+0700] {logging_mixin.py:188} INFO - [2024-05-24T17:06:50.327+0700] {dag.py:3096} INFO - Sync 1 DAGs
[2024-05-24T17:06:50.345+0700] {logging_mixin.py:188} INFO - [2024-05-24T17:06:50.344+0700] {dag.py:3954} INFO - Setting next_dagrun for tutorial_taskflow_api to None, run_after=None
[2024-05-24T17:06:50.436+0700] {processor.py:183} INFO - Processing /mnt/d/Programming/Vietnamese-Text-Generator/airflow_env/lib/python3.10/site-packages/airflow/example_dags/tutorial_taskflow_api.py took 0.203 seconds
[2024-05-24T17:07:53.086+0700] {processor.py:161} INFO - Started process (PID=3498) to work on /mnt/d/Programming/Vietnamese-Text-Generator/airflow_env/lib/python3.10/site-packages/airflow/example_dags/tutorial_taskflow_api.py
[2024-05-24T17:07:53.089+0700] {processor.py:830} INFO - Processing file /mnt/d/Programming/Vietnamese-Text-Generator/airflow_env/lib/python3.10/site-packages/airflow/example_dags/tutorial_taskflow_api.py for tasks to queue
[2024-05-24T17:07:53.094+0700] {logging_mixin.py:188} INFO - [2024-05-24T17:07:53.093+0700] {dagbag.py:540} INFO - Filling up the DagBag from /mnt/d/Programming/Vietnamese-Text-Generator/airflow_env/lib/python3.10/site-packages/airflow/example_dags/tutorial_taskflow_api.py
[2024-05-24T17:07:53.136+0700] {processor.py:840} INFO - DAG(s) 'tutorial_taskflow_api' retrieved from /mnt/d/Programming/Vietnamese-Text-Generator/airflow_env/lib/python3.10/site-packages/airflow/example_dags/tutorial_taskflow_api.py
[2024-05-24T17:07:53.208+0700] {logging_mixin.py:188} INFO - [2024-05-24T17:07:53.206+0700] {dag.py:3096} INFO - Sync 1 DAGs
[2024-05-24T17:07:53.293+0700] {logging_mixin.py:188} INFO - [2024-05-24T17:07:53.290+0700] {dag.py:3954} INFO - Setting next_dagrun for tutorial_taskflow_api to None, run_after=None
[2024-05-24T17:07:53.387+0700] {processor.py:183} INFO - Processing /mnt/d/Programming/Vietnamese-Text-Generator/airflow_env/lib/python3.10/site-packages/airflow/example_dags/tutorial_taskflow_api.py took 0.318 seconds
[2024-05-24T17:08:59.727+0700] {processor.py:161} INFO - Started process (PID=3789) to work on /mnt/d/Programming/Vietnamese-Text-Generator/airflow_env/lib/python3.10/site-packages/airflow/example_dags/tutorial_taskflow_api.py
[2024-05-24T17:08:59.731+0700] {processor.py:830} INFO - Processing file /mnt/d/Programming/Vietnamese-Text-Generator/airflow_env/lib/python3.10/site-packages/airflow/example_dags/tutorial_taskflow_api.py for tasks to queue
[2024-05-24T17:08:59.735+0700] {logging_mixin.py:188} INFO - [2024-05-24T17:08:59.734+0700] {dagbag.py:540} INFO - Filling up the DagBag from /mnt/d/Programming/Vietnamese-Text-Generator/airflow_env/lib/python3.10/site-packages/airflow/example_dags/tutorial_taskflow_api.py
[2024-05-24T17:08:59.767+0700] {processor.py:840} INFO - DAG(s) 'tutorial_taskflow_api' retrieved from /mnt/d/Programming/Vietnamese-Text-Generator/airflow_env/lib/python3.10/site-packages/airflow/example_dags/tutorial_taskflow_api.py
[2024-05-24T17:08:59.801+0700] {logging_mixin.py:188} INFO - [2024-05-24T17:08:59.800+0700] {dag.py:3096} INFO - Sync 1 DAGs
[2024-05-24T17:08:59.821+0700] {logging_mixin.py:188} INFO - [2024-05-24T17:08:59.820+0700] {dag.py:3954} INFO - Setting next_dagrun for tutorial_taskflow_api to None, run_after=None
[2024-05-24T17:08:59.902+0700] {processor.py:183} INFO - Processing /mnt/d/Programming/Vietnamese-Text-Generator/airflow_env/lib/python3.10/site-packages/airflow/example_dags/tutorial_taskflow_api.py took 0.226 seconds
[2024-05-24T17:10:08.265+0700] {processor.py:161} INFO - Started process (PID=4088) to work on /mnt/d/Programming/Vietnamese-Text-Generator/airflow_env/lib/python3.10/site-packages/airflow/example_dags/tutorial_taskflow_api.py
[2024-05-24T17:10:08.273+0700] {processor.py:830} INFO - Processing file /mnt/d/Programming/Vietnamese-Text-Generator/airflow_env/lib/python3.10/site-packages/airflow/example_dags/tutorial_taskflow_api.py for tasks to queue
[2024-05-24T17:10:08.290+0700] {logging_mixin.py:188} INFO - [2024-05-24T17:10:08.283+0700] {dagbag.py:540} INFO - Filling up the DagBag from /mnt/d/Programming/Vietnamese-Text-Generator/airflow_env/lib/python3.10/site-packages/airflow/example_dags/tutorial_taskflow_api.py
[2024-05-24T17:10:08.363+0700] {processor.py:840} INFO - DAG(s) 'tutorial_taskflow_api' retrieved from /mnt/d/Programming/Vietnamese-Text-Generator/airflow_env/lib/python3.10/site-packages/airflow/example_dags/tutorial_taskflow_api.py
[2024-05-24T17:10:08.397+0700] {logging_mixin.py:188} INFO - [2024-05-24T17:10:08.396+0700] {dag.py:3096} INFO - Sync 1 DAGs
[2024-05-24T17:10:08.416+0700] {logging_mixin.py:188} INFO - [2024-05-24T17:10:08.415+0700] {dag.py:3954} INFO - Setting next_dagrun for tutorial_taskflow_api to None, run_after=None
[2024-05-24T17:10:08.500+0700] {processor.py:183} INFO - Processing /mnt/d/Programming/Vietnamese-Text-Generator/airflow_env/lib/python3.10/site-packages/airflow/example_dags/tutorial_taskflow_api.py took 0.289 seconds
[2024-05-24T17:11:18.310+0700] {processor.py:161} INFO - Started process (PID=4398) to work on /mnt/d/Programming/Vietnamese-Text-Generator/airflow_env/lib/python3.10/site-packages/airflow/example_dags/tutorial_taskflow_api.py
[2024-05-24T17:11:18.317+0700] {processor.py:830} INFO - Processing file /mnt/d/Programming/Vietnamese-Text-Generator/airflow_env/lib/python3.10/site-packages/airflow/example_dags/tutorial_taskflow_api.py for tasks to queue
[2024-05-24T17:11:18.330+0700] {logging_mixin.py:188} INFO - [2024-05-24T17:11:18.326+0700] {dagbag.py:540} INFO - Filling up the DagBag from /mnt/d/Programming/Vietnamese-Text-Generator/airflow_env/lib/python3.10/site-packages/airflow/example_dags/tutorial_taskflow_api.py
[2024-05-24T17:11:18.428+0700] {processor.py:840} INFO - DAG(s) 'tutorial_taskflow_api' retrieved from /mnt/d/Programming/Vietnamese-Text-Generator/airflow_env/lib/python3.10/site-packages/airflow/example_dags/tutorial_taskflow_api.py
[2024-05-24T17:11:18.524+0700] {logging_mixin.py:188} INFO - [2024-05-24T17:11:18.521+0700] {dag.py:3096} INFO - Sync 1 DAGs
[2024-05-24T17:11:18.576+0700] {logging_mixin.py:188} INFO - [2024-05-24T17:11:18.573+0700] {dag.py:3954} INFO - Setting next_dagrun for tutorial_taskflow_api to None, run_after=None
[2024-05-24T17:11:18.799+0700] {processor.py:183} INFO - Processing /mnt/d/Programming/Vietnamese-Text-Generator/airflow_env/lib/python3.10/site-packages/airflow/example_dags/tutorial_taskflow_api.py took 0.538 seconds
[2024-05-24T17:12:30.154+0700] {processor.py:161} INFO - Started process (PID=4710) to work on /mnt/d/Programming/Vietnamese-Text-Generator/airflow_env/lib/python3.10/site-packages/airflow/example_dags/tutorial_taskflow_api.py
[2024-05-24T17:12:30.160+0700] {processor.py:830} INFO - Processing file /mnt/d/Programming/Vietnamese-Text-Generator/airflow_env/lib/python3.10/site-packages/airflow/example_dags/tutorial_taskflow_api.py for tasks to queue
[2024-05-24T17:12:30.172+0700] {logging_mixin.py:188} INFO - [2024-05-24T17:12:30.168+0700] {dagbag.py:540} INFO - Filling up the DagBag from /mnt/d/Programming/Vietnamese-Text-Generator/airflow_env/lib/python3.10/site-packages/airflow/example_dags/tutorial_taskflow_api.py
[2024-05-24T17:12:30.259+0700] {processor.py:840} INFO - DAG(s) 'tutorial_taskflow_api' retrieved from /mnt/d/Programming/Vietnamese-Text-Generator/airflow_env/lib/python3.10/site-packages/airflow/example_dags/tutorial_taskflow_api.py
[2024-05-24T17:12:30.349+0700] {logging_mixin.py:188} INFO - [2024-05-24T17:12:30.346+0700] {dag.py:3096} INFO - Sync 1 DAGs
[2024-05-24T17:12:30.396+0700] {logging_mixin.py:188} INFO - [2024-05-24T17:12:30.393+0700] {dag.py:3954} INFO - Setting next_dagrun for tutorial_taskflow_api to None, run_after=None
[2024-05-24T17:12:30.570+0700] {processor.py:183} INFO - Processing /mnt/d/Programming/Vietnamese-Text-Generator/airflow_env/lib/python3.10/site-packages/airflow/example_dags/tutorial_taskflow_api.py took 0.461 seconds
[2024-05-24T17:13:38.958+0700] {processor.py:161} INFO - Started process (PID=5011) to work on /mnt/d/Programming/Vietnamese-Text-Generator/airflow_env/lib/python3.10/site-packages/airflow/example_dags/tutorial_taskflow_api.py
[2024-05-24T17:13:38.964+0700] {processor.py:830} INFO - Processing file /mnt/d/Programming/Vietnamese-Text-Generator/airflow_env/lib/python3.10/site-packages/airflow/example_dags/tutorial_taskflow_api.py for tasks to queue
[2024-05-24T17:13:38.978+0700] {logging_mixin.py:188} INFO - [2024-05-24T17:13:38.974+0700] {dagbag.py:540} INFO - Filling up the DagBag from /mnt/d/Programming/Vietnamese-Text-Generator/airflow_env/lib/python3.10/site-packages/airflow/example_dags/tutorial_taskflow_api.py
[2024-05-24T17:13:39.067+0700] {processor.py:840} INFO - DAG(s) 'tutorial_taskflow_api' retrieved from /mnt/d/Programming/Vietnamese-Text-Generator/airflow_env/lib/python3.10/site-packages/airflow/example_dags/tutorial_taskflow_api.py
[2024-05-24T17:13:39.165+0700] {logging_mixin.py:188} INFO - [2024-05-24T17:13:39.162+0700] {dag.py:3096} INFO - Sync 1 DAGs
[2024-05-24T17:13:39.214+0700] {logging_mixin.py:188} INFO - [2024-05-24T17:13:39.210+0700] {dag.py:3954} INFO - Setting next_dagrun for tutorial_taskflow_api to None, run_after=None
[2024-05-24T17:13:39.428+0700] {processor.py:183} INFO - Processing /mnt/d/Programming/Vietnamese-Text-Generator/airflow_env/lib/python3.10/site-packages/airflow/example_dags/tutorial_taskflow_api.py took 0.519 seconds
[2024-05-24T17:14:45.150+0700] {processor.py:161} INFO - Started process (PID=5298) to work on /mnt/d/Programming/Vietnamese-Text-Generator/airflow_env/lib/python3.10/site-packages/airflow/example_dags/tutorial_taskflow_api.py
[2024-05-24T17:14:45.155+0700] {processor.py:830} INFO - Processing file /mnt/d/Programming/Vietnamese-Text-Generator/airflow_env/lib/python3.10/site-packages/airflow/example_dags/tutorial_taskflow_api.py for tasks to queue
[2024-05-24T17:14:45.166+0700] {logging_mixin.py:188} INFO - [2024-05-24T17:14:45.162+0700] {dagbag.py:540} INFO - Filling up the DagBag from /mnt/d/Programming/Vietnamese-Text-Generator/airflow_env/lib/python3.10/site-packages/airflow/example_dags/tutorial_taskflow_api.py
[2024-05-24T17:14:45.240+0700] {processor.py:840} INFO - DAG(s) 'tutorial_taskflow_api' retrieved from /mnt/d/Programming/Vietnamese-Text-Generator/airflow_env/lib/python3.10/site-packages/airflow/example_dags/tutorial_taskflow_api.py
[2024-05-24T17:14:45.328+0700] {logging_mixin.py:188} INFO - [2024-05-24T17:14:45.325+0700] {dag.py:3096} INFO - Sync 1 DAGs
[2024-05-24T17:14:45.375+0700] {logging_mixin.py:188} INFO - [2024-05-24T17:14:45.372+0700] {dag.py:3954} INFO - Setting next_dagrun for tutorial_taskflow_api to None, run_after=None
[2024-05-24T17:14:45.559+0700] {processor.py:183} INFO - Processing /mnt/d/Programming/Vietnamese-Text-Generator/airflow_env/lib/python3.10/site-packages/airflow/example_dags/tutorial_taskflow_api.py took 0.449 seconds
[2024-05-24T17:15:56.777+0700] {processor.py:161} INFO - Started process (PID=5613) to work on /mnt/d/Programming/Vietnamese-Text-Generator/airflow_env/lib/python3.10/site-packages/airflow/example_dags/tutorial_taskflow_api.py
[2024-05-24T17:15:56.783+0700] {processor.py:830} INFO - Processing file /mnt/d/Programming/Vietnamese-Text-Generator/airflow_env/lib/python3.10/site-packages/airflow/example_dags/tutorial_taskflow_api.py for tasks to queue
[2024-05-24T17:15:56.795+0700] {logging_mixin.py:188} INFO - [2024-05-24T17:15:56.791+0700] {dagbag.py:540} INFO - Filling up the DagBag from /mnt/d/Programming/Vietnamese-Text-Generator/airflow_env/lib/python3.10/site-packages/airflow/example_dags/tutorial_taskflow_api.py
[2024-05-24T17:15:56.882+0700] {processor.py:840} INFO - DAG(s) 'tutorial_taskflow_api' retrieved from /mnt/d/Programming/Vietnamese-Text-Generator/airflow_env/lib/python3.10/site-packages/airflow/example_dags/tutorial_taskflow_api.py
[2024-05-24T17:15:56.970+0700] {logging_mixin.py:188} INFO - [2024-05-24T17:15:56.966+0700] {dag.py:3096} INFO - Sync 1 DAGs
[2024-05-24T17:15:57.015+0700] {logging_mixin.py:188} INFO - [2024-05-24T17:15:57.011+0700] {dag.py:3954} INFO - Setting next_dagrun for tutorial_taskflow_api to None, run_after=None
[2024-05-24T17:15:57.224+0700] {processor.py:183} INFO - Processing /mnt/d/Programming/Vietnamese-Text-Generator/airflow_env/lib/python3.10/site-packages/airflow/example_dags/tutorial_taskflow_api.py took 0.490 seconds
[2024-05-24T17:17:09.341+0700] {processor.py:161} INFO - Started process (PID=5927) to work on /mnt/d/Programming/Vietnamese-Text-Generator/airflow_env/lib/python3.10/site-packages/airflow/example_dags/tutorial_taskflow_api.py
[2024-05-24T17:17:09.347+0700] {processor.py:830} INFO - Processing file /mnt/d/Programming/Vietnamese-Text-Generator/airflow_env/lib/python3.10/site-packages/airflow/example_dags/tutorial_taskflow_api.py for tasks to queue
[2024-05-24T17:17:09.358+0700] {logging_mixin.py:188} INFO - [2024-05-24T17:17:09.355+0700] {dagbag.py:540} INFO - Filling up the DagBag from /mnt/d/Programming/Vietnamese-Text-Generator/airflow_env/lib/python3.10/site-packages/airflow/example_dags/tutorial_taskflow_api.py
[2024-05-24T17:17:09.453+0700] {processor.py:840} INFO - DAG(s) 'tutorial_taskflow_api' retrieved from /mnt/d/Programming/Vietnamese-Text-Generator/airflow_env/lib/python3.10/site-packages/airflow/example_dags/tutorial_taskflow_api.py
[2024-05-24T17:17:09.543+0700] {logging_mixin.py:188} INFO - [2024-05-24T17:17:09.541+0700] {dag.py:3096} INFO - Sync 1 DAGs
[2024-05-24T17:17:09.577+0700] {logging_mixin.py:188} INFO - [2024-05-24T17:17:09.575+0700] {dag.py:3954} INFO - Setting next_dagrun for tutorial_taskflow_api to None, run_after=None
[2024-05-24T17:17:09.730+0700] {processor.py:183} INFO - Processing /mnt/d/Programming/Vietnamese-Text-Generator/airflow_env/lib/python3.10/site-packages/airflow/example_dags/tutorial_taskflow_api.py took 0.435 seconds
[2024-05-24T17:18:21.982+0700] {processor.py:161} INFO - Started process (PID=6247) to work on /mnt/d/Programming/Vietnamese-Text-Generator/airflow_env/lib/python3.10/site-packages/airflow/example_dags/tutorial_taskflow_api.py
[2024-05-24T17:18:21.988+0700] {processor.py:830} INFO - Processing file /mnt/d/Programming/Vietnamese-Text-Generator/airflow_env/lib/python3.10/site-packages/airflow/example_dags/tutorial_taskflow_api.py for tasks to queue
[2024-05-24T17:18:22.001+0700] {logging_mixin.py:188} INFO - [2024-05-24T17:18:21.997+0700] {dagbag.py:540} INFO - Filling up the DagBag from /mnt/d/Programming/Vietnamese-Text-Generator/airflow_env/lib/python3.10/site-packages/airflow/example_dags/tutorial_taskflow_api.py
[2024-05-24T17:18:22.105+0700] {processor.py:840} INFO - DAG(s) 'tutorial_taskflow_api' retrieved from /mnt/d/Programming/Vietnamese-Text-Generator/airflow_env/lib/python3.10/site-packages/airflow/example_dags/tutorial_taskflow_api.py
[2024-05-24T17:18:22.228+0700] {logging_mixin.py:188} INFO - [2024-05-24T17:18:22.223+0700] {dag.py:3096} INFO - Sync 1 DAGs
[2024-05-24T17:18:22.296+0700] {logging_mixin.py:188} INFO - [2024-05-24T17:18:22.290+0700] {dag.py:3954} INFO - Setting next_dagrun for tutorial_taskflow_api to None, run_after=None
[2024-05-24T17:18:22.592+0700] {processor.py:183} INFO - Processing /mnt/d/Programming/Vietnamese-Text-Generator/airflow_env/lib/python3.10/site-packages/airflow/example_dags/tutorial_taskflow_api.py took 0.653 seconds
[2024-05-24T17:19:30.398+0700] {processor.py:161} INFO - Started process (PID=6548) to work on /mnt/d/Programming/Vietnamese-Text-Generator/airflow_env/lib/python3.10/site-packages/airflow/example_dags/tutorial_taskflow_api.py
[2024-05-24T17:19:30.404+0700] {processor.py:830} INFO - Processing file /mnt/d/Programming/Vietnamese-Text-Generator/airflow_env/lib/python3.10/site-packages/airflow/example_dags/tutorial_taskflow_api.py for tasks to queue
[2024-05-24T17:19:30.417+0700] {logging_mixin.py:188} INFO - [2024-05-24T17:19:30.414+0700] {dagbag.py:540} INFO - Filling up the DagBag from /mnt/d/Programming/Vietnamese-Text-Generator/airflow_env/lib/python3.10/site-packages/airflow/example_dags/tutorial_taskflow_api.py
[2024-05-24T17:19:30.499+0700] {processor.py:840} INFO - DAG(s) 'tutorial_taskflow_api' retrieved from /mnt/d/Programming/Vietnamese-Text-Generator/airflow_env/lib/python3.10/site-packages/airflow/example_dags/tutorial_taskflow_api.py
[2024-05-24T17:19:30.582+0700] {logging_mixin.py:188} INFO - [2024-05-24T17:19:30.579+0700] {dag.py:3096} INFO - Sync 1 DAGs
[2024-05-24T17:19:30.628+0700] {logging_mixin.py:188} INFO - [2024-05-24T17:19:30.625+0700] {dag.py:3954} INFO - Setting next_dagrun for tutorial_taskflow_api to None, run_after=None
[2024-05-24T17:19:30.815+0700] {processor.py:183} INFO - Processing /mnt/d/Programming/Vietnamese-Text-Generator/airflow_env/lib/python3.10/site-packages/airflow/example_dags/tutorial_taskflow_api.py took 0.469 seconds
[2024-05-24T17:20:36.294+0700] {processor.py:161} INFO - Started process (PID=6839) to work on /mnt/d/Programming/Vietnamese-Text-Generator/airflow_env/lib/python3.10/site-packages/airflow/example_dags/tutorial_taskflow_api.py
[2024-05-24T17:20:36.300+0700] {processor.py:830} INFO - Processing file /mnt/d/Programming/Vietnamese-Text-Generator/airflow_env/lib/python3.10/site-packages/airflow/example_dags/tutorial_taskflow_api.py for tasks to queue
[2024-05-24T17:20:36.310+0700] {logging_mixin.py:188} INFO - [2024-05-24T17:20:36.307+0700] {dagbag.py:540} INFO - Filling up the DagBag from /mnt/d/Programming/Vietnamese-Text-Generator/airflow_env/lib/python3.10/site-packages/airflow/example_dags/tutorial_taskflow_api.py
[2024-05-24T17:20:36.389+0700] {processor.py:840} INFO - DAG(s) 'tutorial_taskflow_api' retrieved from /mnt/d/Programming/Vietnamese-Text-Generator/airflow_env/lib/python3.10/site-packages/airflow/example_dags/tutorial_taskflow_api.py
[2024-05-24T17:20:36.479+0700] {logging_mixin.py:188} INFO - [2024-05-24T17:20:36.477+0700] {dag.py:3096} INFO - Sync 1 DAGs
[2024-05-24T17:20:36.526+0700] {logging_mixin.py:188} INFO - [2024-05-24T17:20:36.523+0700] {dag.py:3954} INFO - Setting next_dagrun for tutorial_taskflow_api to None, run_after=None
[2024-05-24T17:20:36.691+0700] {processor.py:183} INFO - Processing /mnt/d/Programming/Vietnamese-Text-Generator/airflow_env/lib/python3.10/site-packages/airflow/example_dags/tutorial_taskflow_api.py took 0.437 seconds
[2024-05-24T17:21:43.462+0700] {processor.py:161} INFO - Started process (PID=7130) to work on /mnt/d/Programming/Vietnamese-Text-Generator/airflow_env/lib/python3.10/site-packages/airflow/example_dags/tutorial_taskflow_api.py
[2024-05-24T17:21:43.469+0700] {processor.py:830} INFO - Processing file /mnt/d/Programming/Vietnamese-Text-Generator/airflow_env/lib/python3.10/site-packages/airflow/example_dags/tutorial_taskflow_api.py for tasks to queue
[2024-05-24T17:21:43.482+0700] {logging_mixin.py:188} INFO - [2024-05-24T17:21:43.478+0700] {dagbag.py:540} INFO - Filling up the DagBag from /mnt/d/Programming/Vietnamese-Text-Generator/airflow_env/lib/python3.10/site-packages/airflow/example_dags/tutorial_taskflow_api.py
[2024-05-24T17:21:43.579+0700] {processor.py:840} INFO - DAG(s) 'tutorial_taskflow_api' retrieved from /mnt/d/Programming/Vietnamese-Text-Generator/airflow_env/lib/python3.10/site-packages/airflow/example_dags/tutorial_taskflow_api.py
[2024-05-24T17:21:43.685+0700] {logging_mixin.py:188} INFO - [2024-05-24T17:21:43.682+0700] {dag.py:3096} INFO - Sync 1 DAGs
[2024-05-24T17:21:43.742+0700] {logging_mixin.py:188} INFO - [2024-05-24T17:21:43.738+0700] {dag.py:3954} INFO - Setting next_dagrun for tutorial_taskflow_api to None, run_after=None
[2024-05-24T17:21:43.950+0700] {processor.py:183} INFO - Processing /mnt/d/Programming/Vietnamese-Text-Generator/airflow_env/lib/python3.10/site-packages/airflow/example_dags/tutorial_taskflow_api.py took 0.538 seconds
[2024-05-24T17:22:50.803+0700] {processor.py:161} INFO - Started process (PID=7422) to work on /mnt/d/Programming/Vietnamese-Text-Generator/airflow_env/lib/python3.10/site-packages/airflow/example_dags/tutorial_taskflow_api.py
[2024-05-24T17:22:50.811+0700] {processor.py:830} INFO - Processing file /mnt/d/Programming/Vietnamese-Text-Generator/airflow_env/lib/python3.10/site-packages/airflow/example_dags/tutorial_taskflow_api.py for tasks to queue
[2024-05-24T17:22:50.826+0700] {logging_mixin.py:188} INFO - [2024-05-24T17:22:50.821+0700] {dagbag.py:540} INFO - Filling up the DagBag from /mnt/d/Programming/Vietnamese-Text-Generator/airflow_env/lib/python3.10/site-packages/airflow/example_dags/tutorial_taskflow_api.py
[2024-05-24T17:22:50.916+0700] {processor.py:840} INFO - DAG(s) 'tutorial_taskflow_api' retrieved from /mnt/d/Programming/Vietnamese-Text-Generator/airflow_env/lib/python3.10/site-packages/airflow/example_dags/tutorial_taskflow_api.py
[2024-05-24T17:22:51.011+0700] {logging_mixin.py:188} INFO - [2024-05-24T17:22:51.008+0700] {dag.py:3096} INFO - Sync 1 DAGs
[2024-05-24T17:22:51.066+0700] {logging_mixin.py:188} INFO - [2024-05-24T17:22:51.062+0700] {dag.py:3954} INFO - Setting next_dagrun for tutorial_taskflow_api to None, run_after=None
[2024-05-24T17:22:51.310+0700] {processor.py:183} INFO - Processing /mnt/d/Programming/Vietnamese-Text-Generator/airflow_env/lib/python3.10/site-packages/airflow/example_dags/tutorial_taskflow_api.py took 0.561 seconds
[2024-05-24T17:23:56.465+0700] {processor.py:161} INFO - Started process (PID=7710) to work on /mnt/d/Programming/Vietnamese-Text-Generator/airflow_env/lib/python3.10/site-packages/airflow/example_dags/tutorial_taskflow_api.py
[2024-05-24T17:23:56.472+0700] {processor.py:830} INFO - Processing file /mnt/d/Programming/Vietnamese-Text-Generator/airflow_env/lib/python3.10/site-packages/airflow/example_dags/tutorial_taskflow_api.py for tasks to queue
[2024-05-24T17:23:56.485+0700] {logging_mixin.py:188} INFO - [2024-05-24T17:23:56.481+0700] {dagbag.py:540} INFO - Filling up the DagBag from /mnt/d/Programming/Vietnamese-Text-Generator/airflow_env/lib/python3.10/site-packages/airflow/example_dags/tutorial_taskflow_api.py
[2024-05-24T17:23:56.590+0700] {processor.py:840} INFO - DAG(s) 'tutorial_taskflow_api' retrieved from /mnt/d/Programming/Vietnamese-Text-Generator/airflow_env/lib/python3.10/site-packages/airflow/example_dags/tutorial_taskflow_api.py
[2024-05-24T17:23:56.708+0700] {logging_mixin.py:188} INFO - [2024-05-24T17:23:56.704+0700] {dag.py:3096} INFO - Sync 1 DAGs
[2024-05-24T17:23:56.762+0700] {logging_mixin.py:188} INFO - [2024-05-24T17:23:56.759+0700] {dag.py:3954} INFO - Setting next_dagrun for tutorial_taskflow_api to None, run_after=None
[2024-05-24T17:23:56.985+0700] {processor.py:183} INFO - Processing /mnt/d/Programming/Vietnamese-Text-Generator/airflow_env/lib/python3.10/site-packages/airflow/example_dags/tutorial_taskflow_api.py took 0.568 seconds
[2024-05-24T17:46:46.676+0700] {processor.py:161} INFO - Started process (PID=8025) to work on /mnt/d/Programming/Vietnamese-Text-Generator/airflow_env/lib/python3.10/site-packages/airflow/example_dags/tutorial_taskflow_api.py
[2024-05-24T17:46:46.678+0700] {processor.py:830} INFO - Processing file /mnt/d/Programming/Vietnamese-Text-Generator/airflow_env/lib/python3.10/site-packages/airflow/example_dags/tutorial_taskflow_api.py for tasks to queue
[2024-05-24T17:46:46.691+0700] {logging_mixin.py:188} INFO - [2024-05-24T17:46:46.687+0700] {dagbag.py:540} INFO - Filling up the DagBag from /mnt/d/Programming/Vietnamese-Text-Generator/airflow_env/lib/python3.10/site-packages/airflow/example_dags/tutorial_taskflow_api.py
[2024-05-24T17:46:46.883+0700] {processor.py:840} INFO - DAG(s) 'tutorial_taskflow_api' retrieved from /mnt/d/Programming/Vietnamese-Text-Generator/airflow_env/lib/python3.10/site-packages/airflow/example_dags/tutorial_taskflow_api.py
[2024-05-24T17:46:46.928+0700] {logging_mixin.py:188} INFO - [2024-05-24T17:46:46.927+0700] {dag.py:3096} INFO - Sync 1 DAGs
[2024-05-24T17:46:46.952+0700] {logging_mixin.py:188} INFO - [2024-05-24T17:46:46.951+0700] {dag.py:3954} INFO - Setting next_dagrun for tutorial_taskflow_api to None, run_after=None
[2024-05-24T17:46:47.010+0700] {processor.py:183} INFO - Processing /mnt/d/Programming/Vietnamese-Text-Generator/airflow_env/lib/python3.10/site-packages/airflow/example_dags/tutorial_taskflow_api.py took 0.360 seconds
[2024-05-24T17:47:30.870+0700] {processor.py:161} INFO - Started process (PID=8242) to work on /mnt/d/Programming/Vietnamese-Text-Generator/airflow_env/lib/python3.10/site-packages/airflow/example_dags/tutorial_taskflow_api.py
[2024-05-24T17:47:30.873+0700] {processor.py:830} INFO - Processing file /mnt/d/Programming/Vietnamese-Text-Generator/airflow_env/lib/python3.10/site-packages/airflow/example_dags/tutorial_taskflow_api.py for tasks to queue
[2024-05-24T17:47:30.877+0700] {logging_mixin.py:188} INFO - [2024-05-24T17:47:30.875+0700] {dagbag.py:540} INFO - Filling up the DagBag from /mnt/d/Programming/Vietnamese-Text-Generator/airflow_env/lib/python3.10/site-packages/airflow/example_dags/tutorial_taskflow_api.py
[2024-05-24T17:47:30.901+0700] {processor.py:840} INFO - DAG(s) 'tutorial_taskflow_api' retrieved from /mnt/d/Programming/Vietnamese-Text-Generator/airflow_env/lib/python3.10/site-packages/airflow/example_dags/tutorial_taskflow_api.py
[2024-05-24T17:47:30.930+0700] {logging_mixin.py:188} INFO - [2024-05-24T17:47:30.929+0700] {dag.py:3096} INFO - Sync 1 DAGs
[2024-05-24T17:47:30.947+0700] {logging_mixin.py:188} INFO - [2024-05-24T17:47:30.946+0700] {dag.py:3954} INFO - Setting next_dagrun for tutorial_taskflow_api to None, run_after=None
[2024-05-24T17:47:31.014+0700] {processor.py:183} INFO - Processing /mnt/d/Programming/Vietnamese-Text-Generator/airflow_env/lib/python3.10/site-packages/airflow/example_dags/tutorial_taskflow_api.py took 0.157 seconds
[2024-05-24T17:48:55.310+0700] {processor.py:161} INFO - Started process (PID=8627) to work on /mnt/d/Programming/Vietnamese-Text-Generator/airflow_env/lib/python3.10/site-packages/airflow/example_dags/tutorial_taskflow_api.py
[2024-05-24T17:48:55.317+0700] {processor.py:830} INFO - Processing file /mnt/d/Programming/Vietnamese-Text-Generator/airflow_env/lib/python3.10/site-packages/airflow/example_dags/tutorial_taskflow_api.py for tasks to queue
[2024-05-24T17:48:55.330+0700] {logging_mixin.py:188} INFO - [2024-05-24T17:48:55.326+0700] {dagbag.py:540} INFO - Filling up the DagBag from /mnt/d/Programming/Vietnamese-Text-Generator/airflow_env/lib/python3.10/site-packages/airflow/example_dags/tutorial_taskflow_api.py
[2024-05-24T17:48:55.423+0700] {processor.py:840} INFO - DAG(s) 'tutorial_taskflow_api' retrieved from /mnt/d/Programming/Vietnamese-Text-Generator/airflow_env/lib/python3.10/site-packages/airflow/example_dags/tutorial_taskflow_api.py
[2024-05-24T17:48:55.515+0700] {logging_mixin.py:188} INFO - [2024-05-24T17:48:55.513+0700] {dag.py:3096} INFO - Sync 1 DAGs
[2024-05-24T17:48:55.562+0700] {logging_mixin.py:188} INFO - [2024-05-24T17:48:55.559+0700] {dag.py:3954} INFO - Setting next_dagrun for tutorial_taskflow_api to None, run_after=None
[2024-05-24T17:48:55.748+0700] {processor.py:183} INFO - Processing /mnt/d/Programming/Vietnamese-Text-Generator/airflow_env/lib/python3.10/site-packages/airflow/example_dags/tutorial_taskflow_api.py took 0.486 seconds
[2024-05-24T17:49:58.865+0700] {processor.py:161} INFO - Started process (PID=8906) to work on /mnt/d/Programming/Vietnamese-Text-Generator/airflow_env/lib/python3.10/site-packages/airflow/example_dags/tutorial_taskflow_api.py
[2024-05-24T17:49:58.871+0700] {processor.py:830} INFO - Processing file /mnt/d/Programming/Vietnamese-Text-Generator/airflow_env/lib/python3.10/site-packages/airflow/example_dags/tutorial_taskflow_api.py for tasks to queue
[2024-05-24T17:49:58.882+0700] {logging_mixin.py:188} INFO - [2024-05-24T17:49:58.878+0700] {dagbag.py:540} INFO - Filling up the DagBag from /mnt/d/Programming/Vietnamese-Text-Generator/airflow_env/lib/python3.10/site-packages/airflow/example_dags/tutorial_taskflow_api.py
[2024-05-24T17:49:58.959+0700] {processor.py:840} INFO - DAG(s) 'tutorial_taskflow_api' retrieved from /mnt/d/Programming/Vietnamese-Text-Generator/airflow_env/lib/python3.10/site-packages/airflow/example_dags/tutorial_taskflow_api.py
[2024-05-24T17:49:59.043+0700] {logging_mixin.py:188} INFO - [2024-05-24T17:49:59.040+0700] {dag.py:3096} INFO - Sync 1 DAGs
[2024-05-24T17:49:59.089+0700] {logging_mixin.py:188} INFO - [2024-05-24T17:49:59.086+0700] {dag.py:3954} INFO - Setting next_dagrun for tutorial_taskflow_api to None, run_after=None
[2024-05-24T17:49:59.280+0700] {processor.py:183} INFO - Processing /mnt/d/Programming/Vietnamese-Text-Generator/airflow_env/lib/python3.10/site-packages/airflow/example_dags/tutorial_taskflow_api.py took 0.458 seconds
[2024-05-24T17:51:06.062+0700] {processor.py:161} INFO - Started process (PID=9196) to work on /mnt/d/Programming/Vietnamese-Text-Generator/airflow_env/lib/python3.10/site-packages/airflow/example_dags/tutorial_taskflow_api.py
[2024-05-24T17:51:06.068+0700] {processor.py:830} INFO - Processing file /mnt/d/Programming/Vietnamese-Text-Generator/airflow_env/lib/python3.10/site-packages/airflow/example_dags/tutorial_taskflow_api.py for tasks to queue
[2024-05-24T17:51:06.079+0700] {logging_mixin.py:188} INFO - [2024-05-24T17:51:06.076+0700] {dagbag.py:540} INFO - Filling up the DagBag from /mnt/d/Programming/Vietnamese-Text-Generator/airflow_env/lib/python3.10/site-packages/airflow/example_dags/tutorial_taskflow_api.py
[2024-05-24T17:51:06.172+0700] {processor.py:840} INFO - DAG(s) 'tutorial_taskflow_api' retrieved from /mnt/d/Programming/Vietnamese-Text-Generator/airflow_env/lib/python3.10/site-packages/airflow/example_dags/tutorial_taskflow_api.py
[2024-05-24T17:51:06.275+0700] {logging_mixin.py:188} INFO - [2024-05-24T17:51:06.271+0700] {dag.py:3096} INFO - Sync 1 DAGs
[2024-05-24T17:51:06.328+0700] {logging_mixin.py:188} INFO - [2024-05-24T17:51:06.324+0700] {dag.py:3954} INFO - Setting next_dagrun for tutorial_taskflow_api to None, run_after=None
[2024-05-24T17:51:06.561+0700] {processor.py:183} INFO - Processing /mnt/d/Programming/Vietnamese-Text-Generator/airflow_env/lib/python3.10/site-packages/airflow/example_dags/tutorial_taskflow_api.py took 0.541 seconds
[2024-05-24T17:52:17.877+0700] {processor.py:161} INFO - Started process (PID=9514) to work on /mnt/d/Programming/Vietnamese-Text-Generator/airflow_env/lib/python3.10/site-packages/airflow/example_dags/tutorial_taskflow_api.py
[2024-05-24T17:52:17.879+0700] {processor.py:830} INFO - Processing file /mnt/d/Programming/Vietnamese-Text-Generator/airflow_env/lib/python3.10/site-packages/airflow/example_dags/tutorial_taskflow_api.py for tasks to queue
[2024-05-24T17:52:17.883+0700] {logging_mixin.py:188} INFO - [2024-05-24T17:52:17.882+0700] {dagbag.py:540} INFO - Filling up the DagBag from /mnt/d/Programming/Vietnamese-Text-Generator/airflow_env/lib/python3.10/site-packages/airflow/example_dags/tutorial_taskflow_api.py
[2024-05-24T17:52:17.916+0700] {processor.py:840} INFO - DAG(s) 'tutorial_taskflow_api' retrieved from /mnt/d/Programming/Vietnamese-Text-Generator/airflow_env/lib/python3.10/site-packages/airflow/example_dags/tutorial_taskflow_api.py
[2024-05-24T17:52:17.951+0700] {logging_mixin.py:188} INFO - [2024-05-24T17:52:17.950+0700] {dag.py:3096} INFO - Sync 1 DAGs
[2024-05-24T17:52:17.970+0700] {logging_mixin.py:188} INFO - [2024-05-24T17:52:17.968+0700] {dag.py:3954} INFO - Setting next_dagrun for tutorial_taskflow_api to None, run_after=None
[2024-05-24T17:52:18.045+0700] {processor.py:183} INFO - Processing /mnt/d/Programming/Vietnamese-Text-Generator/airflow_env/lib/python3.10/site-packages/airflow/example_dags/tutorial_taskflow_api.py took 0.184 seconds
[2024-05-24T17:53:24.466+0700] {processor.py:161} INFO - Started process (PID=9803) to work on /mnt/d/Programming/Vietnamese-Text-Generator/airflow_env/lib/python3.10/site-packages/airflow/example_dags/tutorial_taskflow_api.py
[2024-05-24T17:53:24.472+0700] {processor.py:830} INFO - Processing file /mnt/d/Programming/Vietnamese-Text-Generator/airflow_env/lib/python3.10/site-packages/airflow/example_dags/tutorial_taskflow_api.py for tasks to queue
[2024-05-24T17:53:24.482+0700] {logging_mixin.py:188} INFO - [2024-05-24T17:53:24.478+0700] {dagbag.py:540} INFO - Filling up the DagBag from /mnt/d/Programming/Vietnamese-Text-Generator/airflow_env/lib/python3.10/site-packages/airflow/example_dags/tutorial_taskflow_api.py
[2024-05-24T17:53:24.558+0700] {processor.py:840} INFO - DAG(s) 'tutorial_taskflow_api' retrieved from /mnt/d/Programming/Vietnamese-Text-Generator/airflow_env/lib/python3.10/site-packages/airflow/example_dags/tutorial_taskflow_api.py
[2024-05-24T17:53:24.651+0700] {logging_mixin.py:188} INFO - [2024-05-24T17:53:24.648+0700] {dag.py:3096} INFO - Sync 1 DAGs
[2024-05-24T17:53:24.699+0700] {logging_mixin.py:188} INFO - [2024-05-24T17:53:24.695+0700] {dag.py:3954} INFO - Setting next_dagrun for tutorial_taskflow_api to None, run_after=None
[2024-05-24T17:53:24.913+0700] {processor.py:183} INFO - Processing /mnt/d/Programming/Vietnamese-Text-Generator/airflow_env/lib/python3.10/site-packages/airflow/example_dags/tutorial_taskflow_api.py took 0.482 seconds
[2024-05-24T17:54:34.172+0700] {processor.py:161} INFO - Started process (PID=10108) to work on /mnt/d/Programming/Vietnamese-Text-Generator/airflow_env/lib/python3.10/site-packages/airflow/example_dags/tutorial_taskflow_api.py
[2024-05-24T17:54:34.178+0700] {processor.py:830} INFO - Processing file /mnt/d/Programming/Vietnamese-Text-Generator/airflow_env/lib/python3.10/site-packages/airflow/example_dags/tutorial_taskflow_api.py for tasks to queue
[2024-05-24T17:54:34.191+0700] {logging_mixin.py:188} INFO - [2024-05-24T17:54:34.188+0700] {dagbag.py:540} INFO - Filling up the DagBag from /mnt/d/Programming/Vietnamese-Text-Generator/airflow_env/lib/python3.10/site-packages/airflow/example_dags/tutorial_taskflow_api.py
[2024-05-24T17:54:34.286+0700] {processor.py:840} INFO - DAG(s) 'tutorial_taskflow_api' retrieved from /mnt/d/Programming/Vietnamese-Text-Generator/airflow_env/lib/python3.10/site-packages/airflow/example_dags/tutorial_taskflow_api.py
[2024-05-24T17:54:34.372+0700] {logging_mixin.py:188} INFO - [2024-05-24T17:54:34.369+0700] {dag.py:3096} INFO - Sync 1 DAGs
[2024-05-24T17:54:34.418+0700] {logging_mixin.py:188} INFO - [2024-05-24T17:54:34.415+0700] {dag.py:3954} INFO - Setting next_dagrun for tutorial_taskflow_api to None, run_after=None
[2024-05-24T17:54:34.621+0700] {processor.py:183} INFO - Processing /mnt/d/Programming/Vietnamese-Text-Generator/airflow_env/lib/python3.10/site-packages/airflow/example_dags/tutorial_taskflow_api.py took 0.497 seconds
[2024-05-24T17:55:45.371+0700] {processor.py:161} INFO - Started process (PID=10418) to work on /mnt/d/Programming/Vietnamese-Text-Generator/airflow_env/lib/python3.10/site-packages/airflow/example_dags/tutorial_taskflow_api.py
[2024-05-24T17:55:45.377+0700] {processor.py:830} INFO - Processing file /mnt/d/Programming/Vietnamese-Text-Generator/airflow_env/lib/python3.10/site-packages/airflow/example_dags/tutorial_taskflow_api.py for tasks to queue
[2024-05-24T17:55:45.391+0700] {logging_mixin.py:188} INFO - [2024-05-24T17:55:45.387+0700] {dagbag.py:540} INFO - Filling up the DagBag from /mnt/d/Programming/Vietnamese-Text-Generator/airflow_env/lib/python3.10/site-packages/airflow/example_dags/tutorial_taskflow_api.py
[2024-05-24T17:55:45.483+0700] {processor.py:840} INFO - DAG(s) 'tutorial_taskflow_api' retrieved from /mnt/d/Programming/Vietnamese-Text-Generator/airflow_env/lib/python3.10/site-packages/airflow/example_dags/tutorial_taskflow_api.py
[2024-05-24T17:55:45.573+0700] {logging_mixin.py:188} INFO - [2024-05-24T17:55:45.570+0700] {dag.py:3096} INFO - Sync 1 DAGs
[2024-05-24T17:55:45.621+0700] {logging_mixin.py:188} INFO - [2024-05-24T17:55:45.619+0700] {dag.py:3954} INFO - Setting next_dagrun for tutorial_taskflow_api to None, run_after=None
[2024-05-24T17:55:45.810+0700] {processor.py:183} INFO - Processing /mnt/d/Programming/Vietnamese-Text-Generator/airflow_env/lib/python3.10/site-packages/airflow/example_dags/tutorial_taskflow_api.py took 0.487 seconds
[2024-05-24T17:56:53.750+0700] {processor.py:161} INFO - Started process (PID=10718) to work on /mnt/d/Programming/Vietnamese-Text-Generator/airflow_env/lib/python3.10/site-packages/airflow/example_dags/tutorial_taskflow_api.py
[2024-05-24T17:56:53.755+0700] {processor.py:830} INFO - Processing file /mnt/d/Programming/Vietnamese-Text-Generator/airflow_env/lib/python3.10/site-packages/airflow/example_dags/tutorial_taskflow_api.py for tasks to queue
[2024-05-24T17:56:53.765+0700] {logging_mixin.py:188} INFO - [2024-05-24T17:56:53.763+0700] {dagbag.py:540} INFO - Filling up the DagBag from /mnt/d/Programming/Vietnamese-Text-Generator/airflow_env/lib/python3.10/site-packages/airflow/example_dags/tutorial_taskflow_api.py
[2024-05-24T17:56:53.837+0700] {processor.py:840} INFO - DAG(s) 'tutorial_taskflow_api' retrieved from /mnt/d/Programming/Vietnamese-Text-Generator/airflow_env/lib/python3.10/site-packages/airflow/example_dags/tutorial_taskflow_api.py
[2024-05-24T17:56:53.925+0700] {logging_mixin.py:188} INFO - [2024-05-24T17:56:53.922+0700] {dag.py:3096} INFO - Sync 1 DAGs
[2024-05-24T17:56:53.984+0700] {logging_mixin.py:188} INFO - [2024-05-24T17:56:53.982+0700] {dag.py:3954} INFO - Setting next_dagrun for tutorial_taskflow_api to None, run_after=None
[2024-05-24T17:56:54.186+0700] {processor.py:183} INFO - Processing /mnt/d/Programming/Vietnamese-Text-Generator/airflow_env/lib/python3.10/site-packages/airflow/example_dags/tutorial_taskflow_api.py took 0.474 seconds
[2024-05-24T17:58:03.206+0700] {processor.py:161} INFO - Started process (PID=11020) to work on /mnt/d/Programming/Vietnamese-Text-Generator/airflow_env/lib/python3.10/site-packages/airflow/example_dags/tutorial_taskflow_api.py
[2024-05-24T17:58:03.213+0700] {processor.py:830} INFO - Processing file /mnt/d/Programming/Vietnamese-Text-Generator/airflow_env/lib/python3.10/site-packages/airflow/example_dags/tutorial_taskflow_api.py for tasks to queue
[2024-05-24T17:58:03.227+0700] {logging_mixin.py:188} INFO - [2024-05-24T17:58:03.223+0700] {dagbag.py:540} INFO - Filling up the DagBag from /mnt/d/Programming/Vietnamese-Text-Generator/airflow_env/lib/python3.10/site-packages/airflow/example_dags/tutorial_taskflow_api.py
[2024-05-24T17:58:03.322+0700] {processor.py:840} INFO - DAG(s) 'tutorial_taskflow_api' retrieved from /mnt/d/Programming/Vietnamese-Text-Generator/airflow_env/lib/python3.10/site-packages/airflow/example_dags/tutorial_taskflow_api.py
[2024-05-24T17:58:03.425+0700] {logging_mixin.py:188} INFO - [2024-05-24T17:58:03.422+0700] {dag.py:3096} INFO - Sync 1 DAGs
[2024-05-24T17:58:03.477+0700] {logging_mixin.py:188} INFO - [2024-05-24T17:58:03.474+0700] {dag.py:3954} INFO - Setting next_dagrun for tutorial_taskflow_api to None, run_after=None
[2024-05-24T17:58:03.695+0700] {processor.py:183} INFO - Processing /mnt/d/Programming/Vietnamese-Text-Generator/airflow_env/lib/python3.10/site-packages/airflow/example_dags/tutorial_taskflow_api.py took 0.534 seconds
[2024-05-24T17:59:09.875+0700] {processor.py:161} INFO - Started process (PID=11310) to work on /mnt/d/Programming/Vietnamese-Text-Generator/airflow_env/lib/python3.10/site-packages/airflow/example_dags/tutorial_taskflow_api.py
[2024-05-24T17:59:09.882+0700] {processor.py:830} INFO - Processing file /mnt/d/Programming/Vietnamese-Text-Generator/airflow_env/lib/python3.10/site-packages/airflow/example_dags/tutorial_taskflow_api.py for tasks to queue
[2024-05-24T17:59:09.893+0700] {logging_mixin.py:188} INFO - [2024-05-24T17:59:09.890+0700] {dagbag.py:540} INFO - Filling up the DagBag from /mnt/d/Programming/Vietnamese-Text-Generator/airflow_env/lib/python3.10/site-packages/airflow/example_dags/tutorial_taskflow_api.py
[2024-05-24T17:59:09.992+0700] {processor.py:840} INFO - DAG(s) 'tutorial_taskflow_api' retrieved from /mnt/d/Programming/Vietnamese-Text-Generator/airflow_env/lib/python3.10/site-packages/airflow/example_dags/tutorial_taskflow_api.py
[2024-05-24T17:59:10.096+0700] {logging_mixin.py:188} INFO - [2024-05-24T17:59:10.092+0700] {dag.py:3096} INFO - Sync 1 DAGs
[2024-05-24T17:59:10.150+0700] {logging_mixin.py:188} INFO - [2024-05-24T17:59:10.147+0700] {dag.py:3954} INFO - Setting next_dagrun for tutorial_taskflow_api to None, run_after=None
[2024-05-24T17:59:10.369+0700] {processor.py:183} INFO - Processing /mnt/d/Programming/Vietnamese-Text-Generator/airflow_env/lib/python3.10/site-packages/airflow/example_dags/tutorial_taskflow_api.py took 0.537 seconds
[2024-05-24T18:00:18.627+0700] {processor.py:161} INFO - Started process (PID=11607) to work on /mnt/d/Programming/Vietnamese-Text-Generator/airflow_env/lib/python3.10/site-packages/airflow/example_dags/tutorial_taskflow_api.py
[2024-05-24T18:00:18.634+0700] {processor.py:830} INFO - Processing file /mnt/d/Programming/Vietnamese-Text-Generator/airflow_env/lib/python3.10/site-packages/airflow/example_dags/tutorial_taskflow_api.py for tasks to queue
[2024-05-24T18:00:18.648+0700] {logging_mixin.py:188} INFO - [2024-05-24T18:00:18.644+0700] {dagbag.py:540} INFO - Filling up the DagBag from /mnt/d/Programming/Vietnamese-Text-Generator/airflow_env/lib/python3.10/site-packages/airflow/example_dags/tutorial_taskflow_api.py
[2024-05-24T18:00:18.754+0700] {processor.py:840} INFO - DAG(s) 'tutorial_taskflow_api' retrieved from /mnt/d/Programming/Vietnamese-Text-Generator/airflow_env/lib/python3.10/site-packages/airflow/example_dags/tutorial_taskflow_api.py
[2024-05-24T18:00:18.864+0700] {logging_mixin.py:188} INFO - [2024-05-24T18:00:18.860+0700] {dag.py:3096} INFO - Sync 1 DAGs
[2024-05-24T18:00:18.918+0700] {logging_mixin.py:188} INFO - [2024-05-24T18:00:18.914+0700] {dag.py:3954} INFO - Setting next_dagrun for tutorial_taskflow_api to None, run_after=None
[2024-05-24T18:00:19.161+0700] {processor.py:183} INFO - Processing /mnt/d/Programming/Vietnamese-Text-Generator/airflow_env/lib/python3.10/site-packages/airflow/example_dags/tutorial_taskflow_api.py took 0.584 seconds
[2024-05-24T18:01:25.343+0700] {processor.py:161} INFO - Started process (PID=11900) to work on /mnt/d/Programming/Vietnamese-Text-Generator/airflow_env/lib/python3.10/site-packages/airflow/example_dags/tutorial_taskflow_api.py
[2024-05-24T18:01:25.350+0700] {processor.py:830} INFO - Processing file /mnt/d/Programming/Vietnamese-Text-Generator/airflow_env/lib/python3.10/site-packages/airflow/example_dags/tutorial_taskflow_api.py for tasks to queue
[2024-05-24T18:01:25.362+0700] {logging_mixin.py:188} INFO - [2024-05-24T18:01:25.358+0700] {dagbag.py:540} INFO - Filling up the DagBag from /mnt/d/Programming/Vietnamese-Text-Generator/airflow_env/lib/python3.10/site-packages/airflow/example_dags/tutorial_taskflow_api.py
[2024-05-24T18:01:25.437+0700] {processor.py:840} INFO - DAG(s) 'tutorial_taskflow_api' retrieved from /mnt/d/Programming/Vietnamese-Text-Generator/airflow_env/lib/python3.10/site-packages/airflow/example_dags/tutorial_taskflow_api.py
[2024-05-24T18:01:25.519+0700] {logging_mixin.py:188} INFO - [2024-05-24T18:01:25.516+0700] {dag.py:3096} INFO - Sync 1 DAGs
[2024-05-24T18:01:25.560+0700] {logging_mixin.py:188} INFO - [2024-05-24T18:01:25.558+0700] {dag.py:3954} INFO - Setting next_dagrun for tutorial_taskflow_api to None, run_after=None
[2024-05-24T18:01:25.707+0700] {processor.py:183} INFO - Processing /mnt/d/Programming/Vietnamese-Text-Generator/airflow_env/lib/python3.10/site-packages/airflow/example_dags/tutorial_taskflow_api.py took 0.406 seconds
[2024-05-24T18:02:37.567+0700] {processor.py:161} INFO - Started process (PID=12214) to work on /mnt/d/Programming/Vietnamese-Text-Generator/airflow_env/lib/python3.10/site-packages/airflow/example_dags/tutorial_taskflow_api.py
[2024-05-24T18:02:37.573+0700] {processor.py:830} INFO - Processing file /mnt/d/Programming/Vietnamese-Text-Generator/airflow_env/lib/python3.10/site-packages/airflow/example_dags/tutorial_taskflow_api.py for tasks to queue
[2024-05-24T18:02:37.588+0700] {logging_mixin.py:188} INFO - [2024-05-24T18:02:37.583+0700] {dagbag.py:540} INFO - Filling up the DagBag from /mnt/d/Programming/Vietnamese-Text-Generator/airflow_env/lib/python3.10/site-packages/airflow/example_dags/tutorial_taskflow_api.py
[2024-05-24T18:02:37.678+0700] {processor.py:840} INFO - DAG(s) 'tutorial_taskflow_api' retrieved from /mnt/d/Programming/Vietnamese-Text-Generator/airflow_env/lib/python3.10/site-packages/airflow/example_dags/tutorial_taskflow_api.py
[2024-05-24T18:02:37.771+0700] {logging_mixin.py:188} INFO - [2024-05-24T18:02:37.768+0700] {dag.py:3096} INFO - Sync 1 DAGs
[2024-05-24T18:02:37.820+0700] {logging_mixin.py:188} INFO - [2024-05-24T18:02:37.816+0700] {dag.py:3954} INFO - Setting next_dagrun for tutorial_taskflow_api to None, run_after=None
[2024-05-24T18:02:38.004+0700] {processor.py:183} INFO - Processing /mnt/d/Programming/Vietnamese-Text-Generator/airflow_env/lib/python3.10/site-packages/airflow/example_dags/tutorial_taskflow_api.py took 0.485 seconds
[2024-05-24T18:03:50.191+0700] {processor.py:161} INFO - Started process (PID=12530) to work on /mnt/d/Programming/Vietnamese-Text-Generator/airflow_env/lib/python3.10/site-packages/airflow/example_dags/tutorial_taskflow_api.py
[2024-05-24T18:03:50.197+0700] {processor.py:830} INFO - Processing file /mnt/d/Programming/Vietnamese-Text-Generator/airflow_env/lib/python3.10/site-packages/airflow/example_dags/tutorial_taskflow_api.py for tasks to queue
[2024-05-24T18:03:50.208+0700] {logging_mixin.py:188} INFO - [2024-05-24T18:03:50.205+0700] {dagbag.py:540} INFO - Filling up the DagBag from /mnt/d/Programming/Vietnamese-Text-Generator/airflow_env/lib/python3.10/site-packages/airflow/example_dags/tutorial_taskflow_api.py
[2024-05-24T18:03:50.277+0700] {processor.py:840} INFO - DAG(s) 'tutorial_taskflow_api' retrieved from /mnt/d/Programming/Vietnamese-Text-Generator/airflow_env/lib/python3.10/site-packages/airflow/example_dags/tutorial_taskflow_api.py
[2024-05-24T18:03:50.359+0700] {logging_mixin.py:188} INFO - [2024-05-24T18:03:50.357+0700] {dag.py:3096} INFO - Sync 1 DAGs
[2024-05-24T18:03:50.403+0700] {logging_mixin.py:188} INFO - [2024-05-24T18:03:50.400+0700] {dag.py:3954} INFO - Setting next_dagrun for tutorial_taskflow_api to None, run_after=None
[2024-05-24T18:03:50.581+0700] {processor.py:183} INFO - Processing /mnt/d/Programming/Vietnamese-Text-Generator/airflow_env/lib/python3.10/site-packages/airflow/example_dags/tutorial_taskflow_api.py took 0.438 seconds
[2024-05-24T18:05:00.248+0700] {processor.py:161} INFO - Started process (PID=12836) to work on /mnt/d/Programming/Vietnamese-Text-Generator/airflow_env/lib/python3.10/site-packages/airflow/example_dags/tutorial_taskflow_api.py
[2024-05-24T18:05:00.253+0700] {processor.py:830} INFO - Processing file /mnt/d/Programming/Vietnamese-Text-Generator/airflow_env/lib/python3.10/site-packages/airflow/example_dags/tutorial_taskflow_api.py for tasks to queue
[2024-05-24T18:05:00.264+0700] {logging_mixin.py:188} INFO - [2024-05-24T18:05:00.261+0700] {dagbag.py:540} INFO - Filling up the DagBag from /mnt/d/Programming/Vietnamese-Text-Generator/airflow_env/lib/python3.10/site-packages/airflow/example_dags/tutorial_taskflow_api.py
[2024-05-24T18:05:00.344+0700] {processor.py:840} INFO - DAG(s) 'tutorial_taskflow_api' retrieved from /mnt/d/Programming/Vietnamese-Text-Generator/airflow_env/lib/python3.10/site-packages/airflow/example_dags/tutorial_taskflow_api.py
[2024-05-24T18:05:00.433+0700] {logging_mixin.py:188} INFO - [2024-05-24T18:05:00.430+0700] {dag.py:3096} INFO - Sync 1 DAGs
[2024-05-24T18:05:00.483+0700] {logging_mixin.py:188} INFO - [2024-05-24T18:05:00.480+0700] {dag.py:3954} INFO - Setting next_dagrun for tutorial_taskflow_api to None, run_after=None
[2024-05-24T18:05:00.681+0700] {processor.py:183} INFO - Processing /mnt/d/Programming/Vietnamese-Text-Generator/airflow_env/lib/python3.10/site-packages/airflow/example_dags/tutorial_taskflow_api.py took 0.469 seconds
