[2024-05-24T17:01:12.060+0700] {processor.py:161} INFO - Started process (PID=1674) to work on /mnt/d/Programming/Vietnamese-Text-Generator/airflow_env/lib/python3.10/site-packages/airflow/example_dags/tutorial_taskflow_api_virtualenv.py
[2024-05-24T17:01:12.064+0700] {processor.py:830} INFO - Processing file /mnt/d/Programming/Vietnamese-Text-Generator/airflow_env/lib/python3.10/site-packages/airflow/example_dags/tutorial_taskflow_api_virtualenv.py for tasks to queue
[2024-05-24T17:01:12.073+0700] {logging_mixin.py:188} INFO - [2024-05-24T17:01:12.070+0700] {dagbag.py:540} INFO - Filling up the DagBag from /mnt/d/Programming/Vietnamese-Text-Generator/airflow_env/lib/python3.10/site-packages/airflow/example_dags/tutorial_taskflow_api_virtualenv.py
[2024-05-24T17:01:12.392+0700] {processor.py:840} INFO - DAG(s) 'tutorial_taskflow_api_virtualenv' retrieved from /mnt/d/Programming/Vietnamese-Text-Generator/airflow_env/lib/python3.10/site-packages/airflow/example_dags/tutorial_taskflow_api_virtualenv.py
[2024-05-24T17:01:13.998+0700] {logging_mixin.py:188} INFO - [2024-05-24T17:01:13.997+0700] {dag.py:3096} INFO - Sync 1 DAGs
[2024-05-24T17:01:14.017+0700] {logging_mixin.py:188} INFO - [2024-05-24T17:01:14.016+0700] {dag.py:3954} INFO - Setting next_dagrun for tutorial_taskflow_api_virtualenv to None, run_after=None
[2024-05-24T17:01:14.115+0700] {processor.py:183} INFO - Processing /mnt/d/Programming/Vietnamese-Text-Generator/airflow_env/lib/python3.10/site-packages/airflow/example_dags/tutorial_taskflow_api_virtualenv.py took 2.086 seconds
[2024-05-24T17:03:15.381+0700] {processor.py:161} INFO - Started process (PID=2204) to work on /mnt/d/Programming/Vietnamese-Text-Generator/airflow_env/lib/python3.10/site-packages/airflow/example_dags/tutorial_taskflow_api_virtualenv.py
[2024-05-24T17:03:15.388+0700] {processor.py:830} INFO - Processing file /mnt/d/Programming/Vietnamese-Text-Generator/airflow_env/lib/python3.10/site-packages/airflow/example_dags/tutorial_taskflow_api_virtualenv.py for tasks to queue
[2024-05-24T17:03:15.402+0700] {logging_mixin.py:188} INFO - [2024-05-24T17:03:15.397+0700] {dagbag.py:540} INFO - Filling up the DagBag from /mnt/d/Programming/Vietnamese-Text-Generator/airflow_env/lib/python3.10/site-packages/airflow/example_dags/tutorial_taskflow_api_virtualenv.py
[2024-05-24T17:03:15.572+0700] {processor.py:840} INFO - DAG(s) 'tutorial_taskflow_api_virtualenv' retrieved from /mnt/d/Programming/Vietnamese-Text-Generator/airflow_env/lib/python3.10/site-packages/airflow/example_dags/tutorial_taskflow_api_virtualenv.py
[2024-05-24T17:03:15.724+0700] {logging_mixin.py:188} INFO - [2024-05-24T17:03:15.721+0700] {dag.py:3096} INFO - Sync 1 DAGs
[2024-05-24T17:03:15.798+0700] {logging_mixin.py:188} INFO - [2024-05-24T17:03:15.794+0700] {dag.py:3954} INFO - Setting next_dagrun for tutorial_taskflow_api_virtualenv to None, run_after=None
[2024-05-24T17:03:16.089+0700] {processor.py:183} INFO - Processing /mnt/d/Programming/Vietnamese-Text-Generator/airflow_env/lib/python3.10/site-packages/airflow/example_dags/tutorial_taskflow_api_virtualenv.py took 0.763 seconds
[2024-05-24T17:04:32.614+0700] {processor.py:161} INFO - Started process (PID=2541) to work on /mnt/d/Programming/Vietnamese-Text-Generator/airflow_env/lib/python3.10/site-packages/airflow/example_dags/tutorial_taskflow_api_virtualenv.py
[2024-05-24T17:04:32.621+0700] {processor.py:830} INFO - Processing file /mnt/d/Programming/Vietnamese-Text-Generator/airflow_env/lib/python3.10/site-packages/airflow/example_dags/tutorial_taskflow_api_virtualenv.py for tasks to queue
[2024-05-24T17:04:32.632+0700] {logging_mixin.py:188} INFO - [2024-05-24T17:04:32.629+0700] {dagbag.py:540} INFO - Filling up the DagBag from /mnt/d/Programming/Vietnamese-Text-Generator/airflow_env/lib/python3.10/site-packages/airflow/example_dags/tutorial_taskflow_api_virtualenv.py
[2024-05-24T17:04:32.756+0700] {processor.py:840} INFO - DAG(s) 'tutorial_taskflow_api_virtualenv' retrieved from /mnt/d/Programming/Vietnamese-Text-Generator/airflow_env/lib/python3.10/site-packages/airflow/example_dags/tutorial_taskflow_api_virtualenv.py
[2024-05-24T17:04:32.794+0700] {logging_mixin.py:188} INFO - [2024-05-24T17:04:32.793+0700] {dag.py:3096} INFO - Sync 1 DAGs
[2024-05-24T17:04:32.813+0700] {logging_mixin.py:188} INFO - [2024-05-24T17:04:32.811+0700] {dag.py:3954} INFO - Setting next_dagrun for tutorial_taskflow_api_virtualenv to None, run_after=None
[2024-05-24T17:04:32.914+0700] {processor.py:183} INFO - Processing /mnt/d/Programming/Vietnamese-Text-Generator/airflow_env/lib/python3.10/site-packages/airflow/example_dags/tutorial_taskflow_api_virtualenv.py took 0.344 seconds
[2024-05-24T17:05:39.634+0700] {processor.py:161} INFO - Started process (PID=2834) to work on /mnt/d/Programming/Vietnamese-Text-Generator/airflow_env/lib/python3.10/site-packages/airflow/example_dags/tutorial_taskflow_api_virtualenv.py
[2024-05-24T17:05:39.639+0700] {processor.py:830} INFO - Processing file /mnt/d/Programming/Vietnamese-Text-Generator/airflow_env/lib/python3.10/site-packages/airflow/example_dags/tutorial_taskflow_api_virtualenv.py for tasks to queue
[2024-05-24T17:05:39.650+0700] {logging_mixin.py:188} INFO - [2024-05-24T17:05:39.646+0700] {dagbag.py:540} INFO - Filling up the DagBag from /mnt/d/Programming/Vietnamese-Text-Generator/airflow_env/lib/python3.10/site-packages/airflow/example_dags/tutorial_taskflow_api_virtualenv.py
[2024-05-24T17:05:39.810+0700] {processor.py:840} INFO - DAG(s) 'tutorial_taskflow_api_virtualenv' retrieved from /mnt/d/Programming/Vietnamese-Text-Generator/airflow_env/lib/python3.10/site-packages/airflow/example_dags/tutorial_taskflow_api_virtualenv.py
[2024-05-24T17:05:39.858+0700] {logging_mixin.py:188} INFO - [2024-05-24T17:05:39.857+0700] {dag.py:3096} INFO - Sync 1 DAGs
[2024-05-24T17:05:39.881+0700] {logging_mixin.py:188} INFO - [2024-05-24T17:05:39.880+0700] {dag.py:3954} INFO - Setting next_dagrun for tutorial_taskflow_api_virtualenv to None, run_after=None
[2024-05-24T17:05:40.009+0700] {processor.py:183} INFO - Processing /mnt/d/Programming/Vietnamese-Text-Generator/airflow_env/lib/python3.10/site-packages/airflow/example_dags/tutorial_taskflow_api_virtualenv.py took 0.421 seconds
[2024-05-24T17:06:48.734+0700] {processor.py:161} INFO - Started process (PID=3215) to work on /mnt/d/Programming/Vietnamese-Text-Generator/airflow_env/lib/python3.10/site-packages/airflow/example_dags/tutorial_taskflow_api_virtualenv.py
[2024-05-24T17:06:48.739+0700] {processor.py:830} INFO - Processing file /mnt/d/Programming/Vietnamese-Text-Generator/airflow_env/lib/python3.10/site-packages/airflow/example_dags/tutorial_taskflow_api_virtualenv.py for tasks to queue
[2024-05-24T17:06:48.753+0700] {logging_mixin.py:188} INFO - [2024-05-24T17:06:48.750+0700] {dagbag.py:540} INFO - Filling up the DagBag from /mnt/d/Programming/Vietnamese-Text-Generator/airflow_env/lib/python3.10/site-packages/airflow/example_dags/tutorial_taskflow_api_virtualenv.py
[2024-05-24T17:06:48.827+0700] {processor.py:840} INFO - DAG(s) 'tutorial_taskflow_api_virtualenv' retrieved from /mnt/d/Programming/Vietnamese-Text-Generator/airflow_env/lib/python3.10/site-packages/airflow/example_dags/tutorial_taskflow_api_virtualenv.py
[2024-05-24T17:06:48.866+0700] {logging_mixin.py:188} INFO - [2024-05-24T17:06:48.865+0700] {dag.py:3096} INFO - Sync 1 DAGs
[2024-05-24T17:06:48.890+0700] {logging_mixin.py:188} INFO - [2024-05-24T17:06:48.889+0700] {dag.py:3954} INFO - Setting next_dagrun for tutorial_taskflow_api_virtualenv to None, run_after=None
[2024-05-24T17:06:49.026+0700] {processor.py:183} INFO - Processing /mnt/d/Programming/Vietnamese-Text-Generator/airflow_env/lib/python3.10/site-packages/airflow/example_dags/tutorial_taskflow_api_virtualenv.py took 0.326 seconds
[2024-05-24T17:07:52.377+0700] {processor.py:161} INFO - Started process (PID=3494) to work on /mnt/d/Programming/Vietnamese-Text-Generator/airflow_env/lib/python3.10/site-packages/airflow/example_dags/tutorial_taskflow_api_virtualenv.py
[2024-05-24T17:07:52.380+0700] {processor.py:830} INFO - Processing file /mnt/d/Programming/Vietnamese-Text-Generator/airflow_env/lib/python3.10/site-packages/airflow/example_dags/tutorial_taskflow_api_virtualenv.py for tasks to queue
[2024-05-24T17:07:52.386+0700] {logging_mixin.py:188} INFO - [2024-05-24T17:07:52.384+0700] {dagbag.py:540} INFO - Filling up the DagBag from /mnt/d/Programming/Vietnamese-Text-Generator/airflow_env/lib/python3.10/site-packages/airflow/example_dags/tutorial_taskflow_api_virtualenv.py
[2024-05-24T17:07:52.431+0700] {processor.py:840} INFO - DAG(s) 'tutorial_taskflow_api_virtualenv' retrieved from /mnt/d/Programming/Vietnamese-Text-Generator/airflow_env/lib/python3.10/site-packages/airflow/example_dags/tutorial_taskflow_api_virtualenv.py
[2024-05-24T17:07:52.467+0700] {logging_mixin.py:188} INFO - [2024-05-24T17:07:52.466+0700] {dag.py:3096} INFO - Sync 1 DAGs
[2024-05-24T17:07:52.488+0700] {logging_mixin.py:188} INFO - [2024-05-24T17:07:52.487+0700] {dag.py:3954} INFO - Setting next_dagrun for tutorial_taskflow_api_virtualenv to None, run_after=None
[2024-05-24T17:07:52.569+0700] {processor.py:183} INFO - Processing /mnt/d/Programming/Vietnamese-Text-Generator/airflow_env/lib/python3.10/site-packages/airflow/example_dags/tutorial_taskflow_api_virtualenv.py took 0.210 seconds
[2024-05-24T17:08:57.888+0700] {processor.py:161} INFO - Started process (PID=3781) to work on /mnt/d/Programming/Vietnamese-Text-Generator/airflow_env/lib/python3.10/site-packages/airflow/example_dags/tutorial_taskflow_api_virtualenv.py
[2024-05-24T17:08:57.896+0700] {processor.py:830} INFO - Processing file /mnt/d/Programming/Vietnamese-Text-Generator/airflow_env/lib/python3.10/site-packages/airflow/example_dags/tutorial_taskflow_api_virtualenv.py for tasks to queue
[2024-05-24T17:08:57.909+0700] {logging_mixin.py:188} INFO - [2024-05-24T17:08:57.905+0700] {dagbag.py:540} INFO - Filling up the DagBag from /mnt/d/Programming/Vietnamese-Text-Generator/airflow_env/lib/python3.10/site-packages/airflow/example_dags/tutorial_taskflow_api_virtualenv.py
[2024-05-24T17:08:58.050+0700] {processor.py:840} INFO - DAG(s) 'tutorial_taskflow_api_virtualenv' retrieved from /mnt/d/Programming/Vietnamese-Text-Generator/airflow_env/lib/python3.10/site-packages/airflow/example_dags/tutorial_taskflow_api_virtualenv.py
[2024-05-24T17:08:58.126+0700] {logging_mixin.py:188} INFO - [2024-05-24T17:08:58.123+0700] {dag.py:3096} INFO - Sync 1 DAGs
[2024-05-24T17:08:58.157+0700] {logging_mixin.py:188} INFO - [2024-05-24T17:08:58.156+0700] {dag.py:3954} INFO - Setting next_dagrun for tutorial_taskflow_api_virtualenv to None, run_after=None
[2024-05-24T17:08:58.283+0700] {processor.py:183} INFO - Processing /mnt/d/Programming/Vietnamese-Text-Generator/airflow_env/lib/python3.10/site-packages/airflow/example_dags/tutorial_taskflow_api_virtualenv.py took 0.443 seconds
[2024-05-24T17:10:06.263+0700] {processor.py:161} INFO - Started process (PID=4079) to work on /mnt/d/Programming/Vietnamese-Text-Generator/airflow_env/lib/python3.10/site-packages/airflow/example_dags/tutorial_taskflow_api_virtualenv.py
[2024-05-24T17:10:06.269+0700] {processor.py:830} INFO - Processing file /mnt/d/Programming/Vietnamese-Text-Generator/airflow_env/lib/python3.10/site-packages/airflow/example_dags/tutorial_taskflow_api_virtualenv.py for tasks to queue
[2024-05-24T17:10:06.281+0700] {logging_mixin.py:188} INFO - [2024-05-24T17:10:06.278+0700] {dagbag.py:540} INFO - Filling up the DagBag from /mnt/d/Programming/Vietnamese-Text-Generator/airflow_env/lib/python3.10/site-packages/airflow/example_dags/tutorial_taskflow_api_virtualenv.py
[2024-05-24T17:10:06.439+0700] {processor.py:840} INFO - DAG(s) 'tutorial_taskflow_api_virtualenv' retrieved from /mnt/d/Programming/Vietnamese-Text-Generator/airflow_env/lib/python3.10/site-packages/airflow/example_dags/tutorial_taskflow_api_virtualenv.py
[2024-05-24T17:10:06.526+0700] {logging_mixin.py:188} INFO - [2024-05-24T17:10:06.525+0700] {dag.py:3096} INFO - Sync 1 DAGs
[2024-05-24T17:10:06.555+0700] {logging_mixin.py:188} INFO - [2024-05-24T17:10:06.554+0700] {dag.py:3954} INFO - Setting next_dagrun for tutorial_taskflow_api_virtualenv to None, run_after=None
[2024-05-24T17:10:06.620+0700] {processor.py:183} INFO - Processing /mnt/d/Programming/Vietnamese-Text-Generator/airflow_env/lib/python3.10/site-packages/airflow/example_dags/tutorial_taskflow_api_virtualenv.py took 0.404 seconds
[2024-05-24T17:11:16.264+0700] {processor.py:161} INFO - Started process (PID=4389) to work on /mnt/d/Programming/Vietnamese-Text-Generator/airflow_env/lib/python3.10/site-packages/airflow/example_dags/tutorial_taskflow_api_virtualenv.py
[2024-05-24T17:11:16.271+0700] {processor.py:830} INFO - Processing file /mnt/d/Programming/Vietnamese-Text-Generator/airflow_env/lib/python3.10/site-packages/airflow/example_dags/tutorial_taskflow_api_virtualenv.py for tasks to queue
[2024-05-24T17:11:16.288+0700] {logging_mixin.py:188} INFO - [2024-05-24T17:11:16.283+0700] {dagbag.py:540} INFO - Filling up the DagBag from /mnt/d/Programming/Vietnamese-Text-Generator/airflow_env/lib/python3.10/site-packages/airflow/example_dags/tutorial_taskflow_api_virtualenv.py
[2024-05-24T17:11:16.431+0700] {processor.py:840} INFO - DAG(s) 'tutorial_taskflow_api_virtualenv' retrieved from /mnt/d/Programming/Vietnamese-Text-Generator/airflow_env/lib/python3.10/site-packages/airflow/example_dags/tutorial_taskflow_api_virtualenv.py
[2024-05-24T17:11:16.538+0700] {logging_mixin.py:188} INFO - [2024-05-24T17:11:16.534+0700] {dag.py:3096} INFO - Sync 1 DAGs
[2024-05-24T17:11:16.606+0700] {logging_mixin.py:188} INFO - [2024-05-24T17:11:16.603+0700] {dag.py:3954} INFO - Setting next_dagrun for tutorial_taskflow_api_virtualenv to None, run_after=None
[2024-05-24T17:11:16.834+0700] {processor.py:183} INFO - Processing /mnt/d/Programming/Vietnamese-Text-Generator/airflow_env/lib/python3.10/site-packages/airflow/example_dags/tutorial_taskflow_api_virtualenv.py took 0.625 seconds
[2024-05-24T17:12:28.170+0700] {processor.py:161} INFO - Started process (PID=4702) to work on /mnt/d/Programming/Vietnamese-Text-Generator/airflow_env/lib/python3.10/site-packages/airflow/example_dags/tutorial_taskflow_api_virtualenv.py
[2024-05-24T17:12:28.175+0700] {processor.py:830} INFO - Processing file /mnt/d/Programming/Vietnamese-Text-Generator/airflow_env/lib/python3.10/site-packages/airflow/example_dags/tutorial_taskflow_api_virtualenv.py for tasks to queue
[2024-05-24T17:12:28.185+0700] {logging_mixin.py:188} INFO - [2024-05-24T17:12:28.182+0700] {dagbag.py:540} INFO - Filling up the DagBag from /mnt/d/Programming/Vietnamese-Text-Generator/airflow_env/lib/python3.10/site-packages/airflow/example_dags/tutorial_taskflow_api_virtualenv.py
[2024-05-24T17:12:28.294+0700] {processor.py:840} INFO - DAG(s) 'tutorial_taskflow_api_virtualenv' retrieved from /mnt/d/Programming/Vietnamese-Text-Generator/airflow_env/lib/python3.10/site-packages/airflow/example_dags/tutorial_taskflow_api_virtualenv.py
[2024-05-24T17:12:28.386+0700] {logging_mixin.py:188} INFO - [2024-05-24T17:12:28.383+0700] {dag.py:3096} INFO - Sync 1 DAGs
[2024-05-24T17:12:28.432+0700] {logging_mixin.py:188} INFO - [2024-05-24T17:12:28.428+0700] {dag.py:3954} INFO - Setting next_dagrun for tutorial_taskflow_api_virtualenv to None, run_after=None
[2024-05-24T17:12:28.628+0700] {processor.py:183} INFO - Processing /mnt/d/Programming/Vietnamese-Text-Generator/airflow_env/lib/python3.10/site-packages/airflow/example_dags/tutorial_taskflow_api_virtualenv.py took 0.495 seconds
[2024-05-24T17:13:36.829+0700] {processor.py:161} INFO - Started process (PID=5002) to work on /mnt/d/Programming/Vietnamese-Text-Generator/airflow_env/lib/python3.10/site-packages/airflow/example_dags/tutorial_taskflow_api_virtualenv.py
[2024-05-24T17:13:36.835+0700] {processor.py:830} INFO - Processing file /mnt/d/Programming/Vietnamese-Text-Generator/airflow_env/lib/python3.10/site-packages/airflow/example_dags/tutorial_taskflow_api_virtualenv.py for tasks to queue
[2024-05-24T17:13:36.846+0700] {logging_mixin.py:188} INFO - [2024-05-24T17:13:36.842+0700] {dagbag.py:540} INFO - Filling up the DagBag from /mnt/d/Programming/Vietnamese-Text-Generator/airflow_env/lib/python3.10/site-packages/airflow/example_dags/tutorial_taskflow_api_virtualenv.py
[2024-05-24T17:13:36.954+0700] {processor.py:840} INFO - DAG(s) 'tutorial_taskflow_api_virtualenv' retrieved from /mnt/d/Programming/Vietnamese-Text-Generator/airflow_env/lib/python3.10/site-packages/airflow/example_dags/tutorial_taskflow_api_virtualenv.py
[2024-05-24T17:13:37.041+0700] {logging_mixin.py:188} INFO - [2024-05-24T17:13:37.038+0700] {dag.py:3096} INFO - Sync 1 DAGs
[2024-05-24T17:13:37.087+0700] {logging_mixin.py:188} INFO - [2024-05-24T17:13:37.084+0700] {dag.py:3954} INFO - Setting next_dagrun for tutorial_taskflow_api_virtualenv to None, run_after=None
[2024-05-24T17:13:37.273+0700] {processor.py:183} INFO - Processing /mnt/d/Programming/Vietnamese-Text-Generator/airflow_env/lib/python3.10/site-packages/airflow/example_dags/tutorial_taskflow_api_virtualenv.py took 0.483 seconds
[2024-05-24T17:14:42.951+0700] {processor.py:161} INFO - Started process (PID=5288) to work on /mnt/d/Programming/Vietnamese-Text-Generator/airflow_env/lib/python3.10/site-packages/airflow/example_dags/tutorial_taskflow_api_virtualenv.py
[2024-05-24T17:14:42.958+0700] {processor.py:830} INFO - Processing file /mnt/d/Programming/Vietnamese-Text-Generator/airflow_env/lib/python3.10/site-packages/airflow/example_dags/tutorial_taskflow_api_virtualenv.py for tasks to queue
[2024-05-24T17:14:42.970+0700] {logging_mixin.py:188} INFO - [2024-05-24T17:14:42.966+0700] {dagbag.py:540} INFO - Filling up the DagBag from /mnt/d/Programming/Vietnamese-Text-Generator/airflow_env/lib/python3.10/site-packages/airflow/example_dags/tutorial_taskflow_api_virtualenv.py
[2024-05-24T17:14:43.102+0700] {processor.py:840} INFO - DAG(s) 'tutorial_taskflow_api_virtualenv' retrieved from /mnt/d/Programming/Vietnamese-Text-Generator/airflow_env/lib/python3.10/site-packages/airflow/example_dags/tutorial_taskflow_api_virtualenv.py
[2024-05-24T17:14:43.202+0700] {logging_mixin.py:188} INFO - [2024-05-24T17:14:43.198+0700] {dag.py:3096} INFO - Sync 1 DAGs
[2024-05-24T17:14:43.253+0700] {logging_mixin.py:188} INFO - [2024-05-24T17:14:43.249+0700] {dag.py:3954} INFO - Setting next_dagrun for tutorial_taskflow_api_virtualenv to None, run_after=None
[2024-05-24T17:14:43.467+0700] {processor.py:183} INFO - Processing /mnt/d/Programming/Vietnamese-Text-Generator/airflow_env/lib/python3.10/site-packages/airflow/example_dags/tutorial_taskflow_api_virtualenv.py took 0.560 seconds
[2024-05-24T17:15:51.056+0700] {processor.py:161} INFO - Started process (PID=5590) to work on /mnt/d/Programming/Vietnamese-Text-Generator/airflow_env/lib/python3.10/site-packages/airflow/example_dags/tutorial_taskflow_api_virtualenv.py
[2024-05-24T17:15:51.062+0700] {processor.py:830} INFO - Processing file /mnt/d/Programming/Vietnamese-Text-Generator/airflow_env/lib/python3.10/site-packages/airflow/example_dags/tutorial_taskflow_api_virtualenv.py for tasks to queue
[2024-05-24T17:15:51.073+0700] {logging_mixin.py:188} INFO - [2024-05-24T17:15:51.069+0700] {dagbag.py:540} INFO - Filling up the DagBag from /mnt/d/Programming/Vietnamese-Text-Generator/airflow_env/lib/python3.10/site-packages/airflow/example_dags/tutorial_taskflow_api_virtualenv.py
[2024-05-24T17:15:51.200+0700] {processor.py:840} INFO - DAG(s) 'tutorial_taskflow_api_virtualenv' retrieved from /mnt/d/Programming/Vietnamese-Text-Generator/airflow_env/lib/python3.10/site-packages/airflow/example_dags/tutorial_taskflow_api_virtualenv.py
[2024-05-24T17:15:51.291+0700] {logging_mixin.py:188} INFO - [2024-05-24T17:15:51.288+0700] {dag.py:3096} INFO - Sync 1 DAGs
[2024-05-24T17:15:51.336+0700] {logging_mixin.py:188} INFO - [2024-05-24T17:15:51.334+0700] {dag.py:3954} INFO - Setting next_dagrun for tutorial_taskflow_api_virtualenv to None, run_after=None
[2024-05-24T17:15:51.515+0700] {processor.py:183} INFO - Processing /mnt/d/Programming/Vietnamese-Text-Generator/airflow_env/lib/python3.10/site-packages/airflow/example_dags/tutorial_taskflow_api_virtualenv.py took 0.505 seconds
[2024-05-24T17:17:07.366+0700] {processor.py:161} INFO - Started process (PID=5919) to work on /mnt/d/Programming/Vietnamese-Text-Generator/airflow_env/lib/python3.10/site-packages/airflow/example_dags/tutorial_taskflow_api_virtualenv.py
[2024-05-24T17:17:07.371+0700] {processor.py:830} INFO - Processing file /mnt/d/Programming/Vietnamese-Text-Generator/airflow_env/lib/python3.10/site-packages/airflow/example_dags/tutorial_taskflow_api_virtualenv.py for tasks to queue
[2024-05-24T17:17:07.382+0700] {logging_mixin.py:188} INFO - [2024-05-24T17:17:07.378+0700] {dagbag.py:540} INFO - Filling up the DagBag from /mnt/d/Programming/Vietnamese-Text-Generator/airflow_env/lib/python3.10/site-packages/airflow/example_dags/tutorial_taskflow_api_virtualenv.py
[2024-05-24T17:17:07.490+0700] {processor.py:840} INFO - DAG(s) 'tutorial_taskflow_api_virtualenv' retrieved from /mnt/d/Programming/Vietnamese-Text-Generator/airflow_env/lib/python3.10/site-packages/airflow/example_dags/tutorial_taskflow_api_virtualenv.py
[2024-05-24T17:17:07.574+0700] {logging_mixin.py:188} INFO - [2024-05-24T17:17:07.571+0700] {dag.py:3096} INFO - Sync 1 DAGs
[2024-05-24T17:17:07.621+0700] {logging_mixin.py:188} INFO - [2024-05-24T17:17:07.619+0700] {dag.py:3954} INFO - Setting next_dagrun for tutorial_taskflow_api_virtualenv to None, run_after=None
[2024-05-24T17:17:07.822+0700] {processor.py:183} INFO - Processing /mnt/d/Programming/Vietnamese-Text-Generator/airflow_env/lib/python3.10/site-packages/airflow/example_dags/tutorial_taskflow_api_virtualenv.py took 0.495 seconds
[2024-05-24T17:18:20.297+0700] {processor.py:161} INFO - Started process (PID=6240) to work on /mnt/d/Programming/Vietnamese-Text-Generator/airflow_env/lib/python3.10/site-packages/airflow/example_dags/tutorial_taskflow_api_virtualenv.py
[2024-05-24T17:18:20.305+0700] {processor.py:830} INFO - Processing file /mnt/d/Programming/Vietnamese-Text-Generator/airflow_env/lib/python3.10/site-packages/airflow/example_dags/tutorial_taskflow_api_virtualenv.py for tasks to queue
[2024-05-24T17:18:20.318+0700] {logging_mixin.py:188} INFO - [2024-05-24T17:18:20.314+0700] {dagbag.py:540} INFO - Filling up the DagBag from /mnt/d/Programming/Vietnamese-Text-Generator/airflow_env/lib/python3.10/site-packages/airflow/example_dags/tutorial_taskflow_api_virtualenv.py
[2024-05-24T17:18:20.463+0700] {processor.py:840} INFO - DAG(s) 'tutorial_taskflow_api_virtualenv' retrieved from /mnt/d/Programming/Vietnamese-Text-Generator/airflow_env/lib/python3.10/site-packages/airflow/example_dags/tutorial_taskflow_api_virtualenv.py
[2024-05-24T17:18:20.591+0700] {logging_mixin.py:188} INFO - [2024-05-24T17:18:20.586+0700] {dag.py:3096} INFO - Sync 1 DAGs
[2024-05-24T17:18:20.654+0700] {logging_mixin.py:188} INFO - [2024-05-24T17:18:20.650+0700] {dag.py:3954} INFO - Setting next_dagrun for tutorial_taskflow_api_virtualenv to None, run_after=None
[2024-05-24T17:18:20.903+0700] {processor.py:183} INFO - Processing /mnt/d/Programming/Vietnamese-Text-Generator/airflow_env/lib/python3.10/site-packages/airflow/example_dags/tutorial_taskflow_api_virtualenv.py took 0.655 seconds
[2024-05-24T17:19:28.470+0700] {processor.py:161} INFO - Started process (PID=6540) to work on /mnt/d/Programming/Vietnamese-Text-Generator/airflow_env/lib/python3.10/site-packages/airflow/example_dags/tutorial_taskflow_api_virtualenv.py
[2024-05-24T17:19:28.476+0700] {processor.py:830} INFO - Processing file /mnt/d/Programming/Vietnamese-Text-Generator/airflow_env/lib/python3.10/site-packages/airflow/example_dags/tutorial_taskflow_api_virtualenv.py for tasks to queue
[2024-05-24T17:19:28.486+0700] {logging_mixin.py:188} INFO - [2024-05-24T17:19:28.483+0700] {dagbag.py:540} INFO - Filling up the DagBag from /mnt/d/Programming/Vietnamese-Text-Generator/airflow_env/lib/python3.10/site-packages/airflow/example_dags/tutorial_taskflow_api_virtualenv.py
[2024-05-24T17:19:28.601+0700] {processor.py:840} INFO - DAG(s) 'tutorial_taskflow_api_virtualenv' retrieved from /mnt/d/Programming/Vietnamese-Text-Generator/airflow_env/lib/python3.10/site-packages/airflow/example_dags/tutorial_taskflow_api_virtualenv.py
[2024-05-24T17:19:28.688+0700] {logging_mixin.py:188} INFO - [2024-05-24T17:19:28.685+0700] {dag.py:3096} INFO - Sync 1 DAGs
[2024-05-24T17:19:28.736+0700] {logging_mixin.py:188} INFO - [2024-05-24T17:19:28.732+0700] {dag.py:3954} INFO - Setting next_dagrun for tutorial_taskflow_api_virtualenv to None, run_after=None
[2024-05-24T17:19:28.941+0700] {processor.py:183} INFO - Processing /mnt/d/Programming/Vietnamese-Text-Generator/airflow_env/lib/python3.10/site-packages/airflow/example_dags/tutorial_taskflow_api_virtualenv.py took 0.511 seconds
[2024-05-24T17:20:34.571+0700] {processor.py:161} INFO - Started process (PID=6831) to work on /mnt/d/Programming/Vietnamese-Text-Generator/airflow_env/lib/python3.10/site-packages/airflow/example_dags/tutorial_taskflow_api_virtualenv.py
[2024-05-24T17:20:34.577+0700] {processor.py:830} INFO - Processing file /mnt/d/Programming/Vietnamese-Text-Generator/airflow_env/lib/python3.10/site-packages/airflow/example_dags/tutorial_taskflow_api_virtualenv.py for tasks to queue
[2024-05-24T17:20:34.587+0700] {logging_mixin.py:188} INFO - [2024-05-24T17:20:34.584+0700] {dagbag.py:540} INFO - Filling up the DagBag from /mnt/d/Programming/Vietnamese-Text-Generator/airflow_env/lib/python3.10/site-packages/airflow/example_dags/tutorial_taskflow_api_virtualenv.py
[2024-05-24T17:20:34.704+0700] {processor.py:840} INFO - DAG(s) 'tutorial_taskflow_api_virtualenv' retrieved from /mnt/d/Programming/Vietnamese-Text-Generator/airflow_env/lib/python3.10/site-packages/airflow/example_dags/tutorial_taskflow_api_virtualenv.py
[2024-05-24T17:20:34.782+0700] {logging_mixin.py:188} INFO - [2024-05-24T17:20:34.780+0700] {dag.py:3096} INFO - Sync 1 DAGs
[2024-05-24T17:20:34.824+0700] {logging_mixin.py:188} INFO - [2024-05-24T17:20:34.822+0700] {dag.py:3954} INFO - Setting next_dagrun for tutorial_taskflow_api_virtualenv to None, run_after=None
[2024-05-24T17:20:35.007+0700] {processor.py:183} INFO - Processing /mnt/d/Programming/Vietnamese-Text-Generator/airflow_env/lib/python3.10/site-packages/airflow/example_dags/tutorial_taskflow_api_virtualenv.py took 0.480 seconds
[2024-05-24T17:21:41.325+0700] {processor.py:161} INFO - Started process (PID=7121) to work on /mnt/d/Programming/Vietnamese-Text-Generator/airflow_env/lib/python3.10/site-packages/airflow/example_dags/tutorial_taskflow_api_virtualenv.py
[2024-05-24T17:21:41.331+0700] {processor.py:830} INFO - Processing file /mnt/d/Programming/Vietnamese-Text-Generator/airflow_env/lib/python3.10/site-packages/airflow/example_dags/tutorial_taskflow_api_virtualenv.py for tasks to queue
[2024-05-24T17:21:41.344+0700] {logging_mixin.py:188} INFO - [2024-05-24T17:21:41.340+0700] {dagbag.py:540} INFO - Filling up the DagBag from /mnt/d/Programming/Vietnamese-Text-Generator/airflow_env/lib/python3.10/site-packages/airflow/example_dags/tutorial_taskflow_api_virtualenv.py
[2024-05-24T17:21:41.488+0700] {processor.py:840} INFO - DAG(s) 'tutorial_taskflow_api_virtualenv' retrieved from /mnt/d/Programming/Vietnamese-Text-Generator/airflow_env/lib/python3.10/site-packages/airflow/example_dags/tutorial_taskflow_api_virtualenv.py
[2024-05-24T17:21:41.589+0700] {logging_mixin.py:188} INFO - [2024-05-24T17:21:41.587+0700] {dag.py:3096} INFO - Sync 1 DAGs
[2024-05-24T17:21:41.651+0700] {logging_mixin.py:188} INFO - [2024-05-24T17:21:41.647+0700] {dag.py:3954} INFO - Setting next_dagrun for tutorial_taskflow_api_virtualenv to None, run_after=None
[2024-05-24T17:21:41.859+0700] {processor.py:183} INFO - Processing /mnt/d/Programming/Vietnamese-Text-Generator/airflow_env/lib/python3.10/site-packages/airflow/example_dags/tutorial_taskflow_api_virtualenv.py took 0.588 seconds
[2024-05-24T17:22:49.404+0700] {processor.py:161} INFO - Started process (PID=7416) to work on /mnt/d/Programming/Vietnamese-Text-Generator/airflow_env/lib/python3.10/site-packages/airflow/example_dags/tutorial_taskflow_api_virtualenv.py
[2024-05-24T17:22:49.424+0700] {processor.py:830} INFO - Processing file /mnt/d/Programming/Vietnamese-Text-Generator/airflow_env/lib/python3.10/site-packages/airflow/example_dags/tutorial_taskflow_api_virtualenv.py for tasks to queue
[2024-05-24T17:22:49.439+0700] {logging_mixin.py:188} INFO - [2024-05-24T17:22:49.435+0700] {dagbag.py:540} INFO - Filling up the DagBag from /mnt/d/Programming/Vietnamese-Text-Generator/airflow_env/lib/python3.10/site-packages/airflow/example_dags/tutorial_taskflow_api_virtualenv.py
[2024-05-24T17:22:49.550+0700] {processor.py:840} INFO - DAG(s) 'tutorial_taskflow_api_virtualenv' retrieved from /mnt/d/Programming/Vietnamese-Text-Generator/airflow_env/lib/python3.10/site-packages/airflow/example_dags/tutorial_taskflow_api_virtualenv.py
[2024-05-24T17:22:49.634+0700] {logging_mixin.py:188} INFO - [2024-05-24T17:22:49.632+0700] {dag.py:3096} INFO - Sync 1 DAGs
[2024-05-24T17:22:49.681+0700] {logging_mixin.py:188} INFO - [2024-05-24T17:22:49.678+0700] {dag.py:3954} INFO - Setting next_dagrun for tutorial_taskflow_api_virtualenv to None, run_after=None
[2024-05-24T17:22:49.849+0700] {processor.py:183} INFO - Processing /mnt/d/Programming/Vietnamese-Text-Generator/airflow_env/lib/python3.10/site-packages/airflow/example_dags/tutorial_taskflow_api_virtualenv.py took 0.492 seconds
[2024-05-24T17:23:54.375+0700] {processor.py:161} INFO - Started process (PID=7701) to work on /mnt/d/Programming/Vietnamese-Text-Generator/airflow_env/lib/python3.10/site-packages/airflow/example_dags/tutorial_taskflow_api_virtualenv.py
[2024-05-24T17:23:54.382+0700] {processor.py:830} INFO - Processing file /mnt/d/Programming/Vietnamese-Text-Generator/airflow_env/lib/python3.10/site-packages/airflow/example_dags/tutorial_taskflow_api_virtualenv.py for tasks to queue
[2024-05-24T17:23:54.393+0700] {logging_mixin.py:188} INFO - [2024-05-24T17:23:54.389+0700] {dagbag.py:540} INFO - Filling up the DagBag from /mnt/d/Programming/Vietnamese-Text-Generator/airflow_env/lib/python3.10/site-packages/airflow/example_dags/tutorial_taskflow_api_virtualenv.py
[2024-05-24T17:23:54.523+0700] {processor.py:840} INFO - DAG(s) 'tutorial_taskflow_api_virtualenv' retrieved from /mnt/d/Programming/Vietnamese-Text-Generator/airflow_env/lib/python3.10/site-packages/airflow/example_dags/tutorial_taskflow_api_virtualenv.py
[2024-05-24T17:23:54.622+0700] {logging_mixin.py:188} INFO - [2024-05-24T17:23:54.618+0700] {dag.py:3096} INFO - Sync 1 DAGs
[2024-05-24T17:23:54.672+0700] {logging_mixin.py:188} INFO - [2024-05-24T17:23:54.668+0700] {dag.py:3954} INFO - Setting next_dagrun for tutorial_taskflow_api_virtualenv to None, run_after=None
[2024-05-24T17:23:54.864+0700] {processor.py:183} INFO - Processing /mnt/d/Programming/Vietnamese-Text-Generator/airflow_env/lib/python3.10/site-packages/airflow/example_dags/tutorial_taskflow_api_virtualenv.py took 0.534 seconds
[2024-05-24T17:46:45.062+0700] {processor.py:161} INFO - Started process (PID=8017) to work on /mnt/d/Programming/Vietnamese-Text-Generator/airflow_env/lib/python3.10/site-packages/airflow/example_dags/tutorial_taskflow_api_virtualenv.py
[2024-05-24T17:46:45.064+0700] {processor.py:830} INFO - Processing file /mnt/d/Programming/Vietnamese-Text-Generator/airflow_env/lib/python3.10/site-packages/airflow/example_dags/tutorial_taskflow_api_virtualenv.py for tasks to queue
[2024-05-24T17:46:45.079+0700] {logging_mixin.py:188} INFO - [2024-05-24T17:46:45.068+0700] {dagbag.py:540} INFO - Filling up the DagBag from /mnt/d/Programming/Vietnamese-Text-Generator/airflow_env/lib/python3.10/site-packages/airflow/example_dags/tutorial_taskflow_api_virtualenv.py
[2024-05-24T17:46:45.130+0700] {processor.py:840} INFO - DAG(s) 'tutorial_taskflow_api_virtualenv' retrieved from /mnt/d/Programming/Vietnamese-Text-Generator/airflow_env/lib/python3.10/site-packages/airflow/example_dags/tutorial_taskflow_api_virtualenv.py
[2024-05-24T17:46:45.202+0700] {logging_mixin.py:188} INFO - [2024-05-24T17:46:45.201+0700] {dag.py:3096} INFO - Sync 1 DAGs
[2024-05-24T17:46:45.224+0700] {logging_mixin.py:188} INFO - [2024-05-24T17:46:45.223+0700] {dag.py:3954} INFO - Setting next_dagrun for tutorial_taskflow_api_virtualenv to None, run_after=None
[2024-05-24T17:46:45.304+0700] {processor.py:183} INFO - Processing /mnt/d/Programming/Vietnamese-Text-Generator/airflow_env/lib/python3.10/site-packages/airflow/example_dags/tutorial_taskflow_api_virtualenv.py took 0.271 seconds
[2024-05-24T17:47:29.573+0700] {processor.py:161} INFO - Started process (PID=8236) to work on /mnt/d/Programming/Vietnamese-Text-Generator/airflow_env/lib/python3.10/site-packages/airflow/example_dags/tutorial_taskflow_api_virtualenv.py
[2024-05-24T17:47:29.575+0700] {processor.py:830} INFO - Processing file /mnt/d/Programming/Vietnamese-Text-Generator/airflow_env/lib/python3.10/site-packages/airflow/example_dags/tutorial_taskflow_api_virtualenv.py for tasks to queue
[2024-05-24T17:47:29.580+0700] {logging_mixin.py:188} INFO - [2024-05-24T17:47:29.578+0700] {dagbag.py:540} INFO - Filling up the DagBag from /mnt/d/Programming/Vietnamese-Text-Generator/airflow_env/lib/python3.10/site-packages/airflow/example_dags/tutorial_taskflow_api_virtualenv.py
[2024-05-24T17:47:29.614+0700] {processor.py:840} INFO - DAG(s) 'tutorial_taskflow_api_virtualenv' retrieved from /mnt/d/Programming/Vietnamese-Text-Generator/airflow_env/lib/python3.10/site-packages/airflow/example_dags/tutorial_taskflow_api_virtualenv.py
[2024-05-24T17:47:29.647+0700] {logging_mixin.py:188} INFO - [2024-05-24T17:47:29.645+0700] {dag.py:3096} INFO - Sync 1 DAGs
[2024-05-24T17:47:29.664+0700] {logging_mixin.py:188} INFO - [2024-05-24T17:47:29.662+0700] {dag.py:3954} INFO - Setting next_dagrun for tutorial_taskflow_api_virtualenv to None, run_after=None
[2024-05-24T17:47:29.732+0700] {processor.py:183} INFO - Processing /mnt/d/Programming/Vietnamese-Text-Generator/airflow_env/lib/python3.10/site-packages/airflow/example_dags/tutorial_taskflow_api_virtualenv.py took 0.172 seconds
[2024-05-24T17:48:53.362+0700] {processor.py:161} INFO - Started process (PID=8618) to work on /mnt/d/Programming/Vietnamese-Text-Generator/airflow_env/lib/python3.10/site-packages/airflow/example_dags/tutorial_taskflow_api_virtualenv.py
[2024-05-24T17:48:53.369+0700] {processor.py:830} INFO - Processing file /mnt/d/Programming/Vietnamese-Text-Generator/airflow_env/lib/python3.10/site-packages/airflow/example_dags/tutorial_taskflow_api_virtualenv.py for tasks to queue
[2024-05-24T17:48:53.379+0700] {logging_mixin.py:188} INFO - [2024-05-24T17:48:53.376+0700] {dagbag.py:540} INFO - Filling up the DagBag from /mnt/d/Programming/Vietnamese-Text-Generator/airflow_env/lib/python3.10/site-packages/airflow/example_dags/tutorial_taskflow_api_virtualenv.py
[2024-05-24T17:48:53.482+0700] {processor.py:840} INFO - DAG(s) 'tutorial_taskflow_api_virtualenv' retrieved from /mnt/d/Programming/Vietnamese-Text-Generator/airflow_env/lib/python3.10/site-packages/airflow/example_dags/tutorial_taskflow_api_virtualenv.py
[2024-05-24T17:48:53.567+0700] {logging_mixin.py:188} INFO - [2024-05-24T17:48:53.564+0700] {dag.py:3096} INFO - Sync 1 DAGs
[2024-05-24T17:48:53.620+0700] {logging_mixin.py:188} INFO - [2024-05-24T17:48:53.617+0700] {dag.py:3954} INFO - Setting next_dagrun for tutorial_taskflow_api_virtualenv to None, run_after=None
[2024-05-24T17:48:53.809+0700] {processor.py:183} INFO - Processing /mnt/d/Programming/Vietnamese-Text-Generator/airflow_env/lib/python3.10/site-packages/airflow/example_dags/tutorial_taskflow_api_virtualenv.py took 0.491 seconds
[2024-05-24T17:49:56.968+0700] {processor.py:161} INFO - Started process (PID=8898) to work on /mnt/d/Programming/Vietnamese-Text-Generator/airflow_env/lib/python3.10/site-packages/airflow/example_dags/tutorial_taskflow_api_virtualenv.py
[2024-05-24T17:49:56.974+0700] {processor.py:830} INFO - Processing file /mnt/d/Programming/Vietnamese-Text-Generator/airflow_env/lib/python3.10/site-packages/airflow/example_dags/tutorial_taskflow_api_virtualenv.py for tasks to queue
[2024-05-24T17:49:56.986+0700] {logging_mixin.py:188} INFO - [2024-05-24T17:49:56.982+0700] {dagbag.py:540} INFO - Filling up the DagBag from /mnt/d/Programming/Vietnamese-Text-Generator/airflow_env/lib/python3.10/site-packages/airflow/example_dags/tutorial_taskflow_api_virtualenv.py
[2024-05-24T17:49:57.118+0700] {processor.py:840} INFO - DAG(s) 'tutorial_taskflow_api_virtualenv' retrieved from /mnt/d/Programming/Vietnamese-Text-Generator/airflow_env/lib/python3.10/site-packages/airflow/example_dags/tutorial_taskflow_api_virtualenv.py
[2024-05-24T17:49:57.213+0700] {logging_mixin.py:188} INFO - [2024-05-24T17:49:57.210+0700] {dag.py:3096} INFO - Sync 1 DAGs
[2024-05-24T17:49:57.264+0700] {logging_mixin.py:188} INFO - [2024-05-24T17:49:57.260+0700] {dag.py:3954} INFO - Setting next_dagrun for tutorial_taskflow_api_virtualenv to None, run_after=None
[2024-05-24T17:49:57.464+0700] {processor.py:183} INFO - Processing /mnt/d/Programming/Vietnamese-Text-Generator/airflow_env/lib/python3.10/site-packages/airflow/example_dags/tutorial_taskflow_api_virtualenv.py took 0.539 seconds
[2024-05-24T17:51:03.923+0700] {processor.py:161} INFO - Started process (PID=9187) to work on /mnt/d/Programming/Vietnamese-Text-Generator/airflow_env/lib/python3.10/site-packages/airflow/example_dags/tutorial_taskflow_api_virtualenv.py
[2024-05-24T17:51:03.930+0700] {processor.py:830} INFO - Processing file /mnt/d/Programming/Vietnamese-Text-Generator/airflow_env/lib/python3.10/site-packages/airflow/example_dags/tutorial_taskflow_api_virtualenv.py for tasks to queue
[2024-05-24T17:51:03.941+0700] {logging_mixin.py:188} INFO - [2024-05-24T17:51:03.937+0700] {dagbag.py:540} INFO - Filling up the DagBag from /mnt/d/Programming/Vietnamese-Text-Generator/airflow_env/lib/python3.10/site-packages/airflow/example_dags/tutorial_taskflow_api_virtualenv.py
[2024-05-24T17:51:04.074+0700] {processor.py:840} INFO - DAG(s) 'tutorial_taskflow_api_virtualenv' retrieved from /mnt/d/Programming/Vietnamese-Text-Generator/airflow_env/lib/python3.10/site-packages/airflow/example_dags/tutorial_taskflow_api_virtualenv.py
[2024-05-24T17:51:04.199+0700] {logging_mixin.py:188} INFO - [2024-05-24T17:51:04.196+0700] {dag.py:3096} INFO - Sync 1 DAGs
[2024-05-24T17:51:04.259+0700] {logging_mixin.py:188} INFO - [2024-05-24T17:51:04.257+0700] {dag.py:3954} INFO - Setting next_dagrun for tutorial_taskflow_api_virtualenv to None, run_after=None
[2024-05-24T17:51:04.439+0700] {processor.py:183} INFO - Processing /mnt/d/Programming/Vietnamese-Text-Generator/airflow_env/lib/python3.10/site-packages/airflow/example_dags/tutorial_taskflow_api_virtualenv.py took 0.566 seconds
[2024-05-24T17:52:16.232+0700] {processor.py:161} INFO - Started process (PID=9507) to work on /mnt/d/Programming/Vietnamese-Text-Generator/airflow_env/lib/python3.10/site-packages/airflow/example_dags/tutorial_taskflow_api_virtualenv.py
[2024-05-24T17:52:16.235+0700] {processor.py:830} INFO - Processing file /mnt/d/Programming/Vietnamese-Text-Generator/airflow_env/lib/python3.10/site-packages/airflow/example_dags/tutorial_taskflow_api_virtualenv.py for tasks to queue
[2024-05-24T17:52:16.242+0700] {logging_mixin.py:188} INFO - [2024-05-24T17:52:16.240+0700] {dagbag.py:540} INFO - Filling up the DagBag from /mnt/d/Programming/Vietnamese-Text-Generator/airflow_env/lib/python3.10/site-packages/airflow/example_dags/tutorial_taskflow_api_virtualenv.py
[2024-05-24T17:52:16.332+0700] {processor.py:840} INFO - DAG(s) 'tutorial_taskflow_api_virtualenv' retrieved from /mnt/d/Programming/Vietnamese-Text-Generator/airflow_env/lib/python3.10/site-packages/airflow/example_dags/tutorial_taskflow_api_virtualenv.py
[2024-05-24T17:52:16.386+0700] {logging_mixin.py:188} INFO - [2024-05-24T17:52:16.385+0700] {dag.py:3096} INFO - Sync 1 DAGs
[2024-05-24T17:52:16.415+0700] {logging_mixin.py:188} INFO - [2024-05-24T17:52:16.414+0700] {dag.py:3954} INFO - Setting next_dagrun for tutorial_taskflow_api_virtualenv to None, run_after=None
[2024-05-24T17:52:16.548+0700] {processor.py:183} INFO - Processing /mnt/d/Programming/Vietnamese-Text-Generator/airflow_env/lib/python3.10/site-packages/airflow/example_dags/tutorial_taskflow_api_virtualenv.py took 0.340 seconds
[2024-05-24T17:53:22.408+0700] {processor.py:161} INFO - Started process (PID=9794) to work on /mnt/d/Programming/Vietnamese-Text-Generator/airflow_env/lib/python3.10/site-packages/airflow/example_dags/tutorial_taskflow_api_virtualenv.py
[2024-05-24T17:53:22.414+0700] {processor.py:830} INFO - Processing file /mnt/d/Programming/Vietnamese-Text-Generator/airflow_env/lib/python3.10/site-packages/airflow/example_dags/tutorial_taskflow_api_virtualenv.py for tasks to queue
[2024-05-24T17:53:22.424+0700] {logging_mixin.py:188} INFO - [2024-05-24T17:53:22.421+0700] {dagbag.py:540} INFO - Filling up the DagBag from /mnt/d/Programming/Vietnamese-Text-Generator/airflow_env/lib/python3.10/site-packages/airflow/example_dags/tutorial_taskflow_api_virtualenv.py
[2024-05-24T17:53:22.533+0700] {processor.py:840} INFO - DAG(s) 'tutorial_taskflow_api_virtualenv' retrieved from /mnt/d/Programming/Vietnamese-Text-Generator/airflow_env/lib/python3.10/site-packages/airflow/example_dags/tutorial_taskflow_api_virtualenv.py
[2024-05-24T17:53:22.617+0700] {logging_mixin.py:188} INFO - [2024-05-24T17:53:22.615+0700] {dag.py:3096} INFO - Sync 1 DAGs
[2024-05-24T17:53:22.661+0700] {logging_mixin.py:188} INFO - [2024-05-24T17:53:22.658+0700] {dag.py:3954} INFO - Setting next_dagrun for tutorial_taskflow_api_virtualenv to None, run_after=None
[2024-05-24T17:53:22.832+0700] {processor.py:183} INFO - Processing /mnt/d/Programming/Vietnamese-Text-Generator/airflow_env/lib/python3.10/site-packages/airflow/example_dags/tutorial_taskflow_api_virtualenv.py took 0.462 seconds
[2024-05-24T17:54:32.106+0700] {processor.py:161} INFO - Started process (PID=10099) to work on /mnt/d/Programming/Vietnamese-Text-Generator/airflow_env/lib/python3.10/site-packages/airflow/example_dags/tutorial_taskflow_api_virtualenv.py
[2024-05-24T17:54:32.111+0700] {processor.py:830} INFO - Processing file /mnt/d/Programming/Vietnamese-Text-Generator/airflow_env/lib/python3.10/site-packages/airflow/example_dags/tutorial_taskflow_api_virtualenv.py for tasks to queue
[2024-05-24T17:54:32.122+0700] {logging_mixin.py:188} INFO - [2024-05-24T17:54:32.119+0700] {dagbag.py:540} INFO - Filling up the DagBag from /mnt/d/Programming/Vietnamese-Text-Generator/airflow_env/lib/python3.10/site-packages/airflow/example_dags/tutorial_taskflow_api_virtualenv.py
[2024-05-24T17:54:32.245+0700] {processor.py:840} INFO - DAG(s) 'tutorial_taskflow_api_virtualenv' retrieved from /mnt/d/Programming/Vietnamese-Text-Generator/airflow_env/lib/python3.10/site-packages/airflow/example_dags/tutorial_taskflow_api_virtualenv.py
[2024-05-24T17:54:32.341+0700] {logging_mixin.py:188} INFO - [2024-05-24T17:54:32.337+0700] {dag.py:3096} INFO - Sync 1 DAGs
[2024-05-24T17:54:32.393+0700] {logging_mixin.py:188} INFO - [2024-05-24T17:54:32.389+0700] {dag.py:3954} INFO - Setting next_dagrun for tutorial_taskflow_api_virtualenv to None, run_after=None
[2024-05-24T17:54:32.612+0700] {processor.py:183} INFO - Processing /mnt/d/Programming/Vietnamese-Text-Generator/airflow_env/lib/python3.10/site-packages/airflow/example_dags/tutorial_taskflow_api_virtualenv.py took 0.544 seconds
[2024-05-24T17:55:43.364+0700] {processor.py:161} INFO - Started process (PID=10409) to work on /mnt/d/Programming/Vietnamese-Text-Generator/airflow_env/lib/python3.10/site-packages/airflow/example_dags/tutorial_taskflow_api_virtualenv.py
[2024-05-24T17:55:43.370+0700] {processor.py:830} INFO - Processing file /mnt/d/Programming/Vietnamese-Text-Generator/airflow_env/lib/python3.10/site-packages/airflow/example_dags/tutorial_taskflow_api_virtualenv.py for tasks to queue
[2024-05-24T17:55:43.382+0700] {logging_mixin.py:188} INFO - [2024-05-24T17:55:43.377+0700] {dagbag.py:540} INFO - Filling up the DagBag from /mnt/d/Programming/Vietnamese-Text-Generator/airflow_env/lib/python3.10/site-packages/airflow/example_dags/tutorial_taskflow_api_virtualenv.py
[2024-05-24T17:55:43.508+0700] {processor.py:840} INFO - DAG(s) 'tutorial_taskflow_api_virtualenv' retrieved from /mnt/d/Programming/Vietnamese-Text-Generator/airflow_env/lib/python3.10/site-packages/airflow/example_dags/tutorial_taskflow_api_virtualenv.py
[2024-05-24T17:55:43.595+0700] {logging_mixin.py:188} INFO - [2024-05-24T17:55:43.592+0700] {dag.py:3096} INFO - Sync 1 DAGs
[2024-05-24T17:55:43.640+0700] {logging_mixin.py:188} INFO - [2024-05-24T17:55:43.637+0700] {dag.py:3954} INFO - Setting next_dagrun for tutorial_taskflow_api_virtualenv to None, run_after=None
[2024-05-24T17:55:43.818+0700] {processor.py:183} INFO - Processing /mnt/d/Programming/Vietnamese-Text-Generator/airflow_env/lib/python3.10/site-packages/airflow/example_dags/tutorial_taskflow_api_virtualenv.py took 0.499 seconds
[2024-05-24T17:56:52.795+0700] {processor.py:161} INFO - Started process (PID=10714) to work on /mnt/d/Programming/Vietnamese-Text-Generator/airflow_env/lib/python3.10/site-packages/airflow/example_dags/tutorial_taskflow_api_virtualenv.py
[2024-05-24T17:56:52.801+0700] {processor.py:830} INFO - Processing file /mnt/d/Programming/Vietnamese-Text-Generator/airflow_env/lib/python3.10/site-packages/airflow/example_dags/tutorial_taskflow_api_virtualenv.py for tasks to queue
[2024-05-24T17:56:52.812+0700] {logging_mixin.py:188} INFO - [2024-05-24T17:56:52.807+0700] {dagbag.py:540} INFO - Filling up the DagBag from /mnt/d/Programming/Vietnamese-Text-Generator/airflow_env/lib/python3.10/site-packages/airflow/example_dags/tutorial_taskflow_api_virtualenv.py
[2024-05-24T17:56:52.941+0700] {processor.py:840} INFO - DAG(s) 'tutorial_taskflow_api_virtualenv' retrieved from /mnt/d/Programming/Vietnamese-Text-Generator/airflow_env/lib/python3.10/site-packages/airflow/example_dags/tutorial_taskflow_api_virtualenv.py
[2024-05-24T17:56:53.048+0700] {logging_mixin.py:188} INFO - [2024-05-24T17:56:53.045+0700] {dag.py:3096} INFO - Sync 1 DAGs
[2024-05-24T17:56:53.097+0700] {logging_mixin.py:188} INFO - [2024-05-24T17:56:53.094+0700] {dag.py:3954} INFO - Setting next_dagrun for tutorial_taskflow_api_virtualenv to None, run_after=None
[2024-05-24T17:56:53.287+0700] {processor.py:183} INFO - Processing /mnt/d/Programming/Vietnamese-Text-Generator/airflow_env/lib/python3.10/site-packages/airflow/example_dags/tutorial_taskflow_api_virtualenv.py took 0.532 seconds
[2024-05-24T17:58:01.324+0700] {processor.py:161} INFO - Started process (PID=11011) to work on /mnt/d/Programming/Vietnamese-Text-Generator/airflow_env/lib/python3.10/site-packages/airflow/example_dags/tutorial_taskflow_api_virtualenv.py
[2024-05-24T17:58:01.330+0700] {processor.py:830} INFO - Processing file /mnt/d/Programming/Vietnamese-Text-Generator/airflow_env/lib/python3.10/site-packages/airflow/example_dags/tutorial_taskflow_api_virtualenv.py for tasks to queue
[2024-05-24T17:58:01.341+0700] {logging_mixin.py:188} INFO - [2024-05-24T17:58:01.337+0700] {dagbag.py:540} INFO - Filling up the DagBag from /mnt/d/Programming/Vietnamese-Text-Generator/airflow_env/lib/python3.10/site-packages/airflow/example_dags/tutorial_taskflow_api_virtualenv.py
[2024-05-24T17:58:01.454+0700] {processor.py:840} INFO - DAG(s) 'tutorial_taskflow_api_virtualenv' retrieved from /mnt/d/Programming/Vietnamese-Text-Generator/airflow_env/lib/python3.10/site-packages/airflow/example_dags/tutorial_taskflow_api_virtualenv.py
[2024-05-24T17:58:01.542+0700] {logging_mixin.py:188} INFO - [2024-05-24T17:58:01.539+0700] {dag.py:3096} INFO - Sync 1 DAGs
[2024-05-24T17:58:01.590+0700] {logging_mixin.py:188} INFO - [2024-05-24T17:58:01.587+0700] {dag.py:3954} INFO - Setting next_dagrun for tutorial_taskflow_api_virtualenv to None, run_after=None
[2024-05-24T17:58:01.793+0700] {processor.py:183} INFO - Processing /mnt/d/Programming/Vietnamese-Text-Generator/airflow_env/lib/python3.10/site-packages/airflow/example_dags/tutorial_taskflow_api_virtualenv.py took 0.512 seconds
[2024-05-24T17:59:07.963+0700] {processor.py:161} INFO - Started process (PID=11302) to work on /mnt/d/Programming/Vietnamese-Text-Generator/airflow_env/lib/python3.10/site-packages/airflow/example_dags/tutorial_taskflow_api_virtualenv.py
[2024-05-24T17:59:07.969+0700] {processor.py:830} INFO - Processing file /mnt/d/Programming/Vietnamese-Text-Generator/airflow_env/lib/python3.10/site-packages/airflow/example_dags/tutorial_taskflow_api_virtualenv.py for tasks to queue
[2024-05-24T17:59:07.981+0700] {logging_mixin.py:188} INFO - [2024-05-24T17:59:07.977+0700] {dagbag.py:540} INFO - Filling up the DagBag from /mnt/d/Programming/Vietnamese-Text-Generator/airflow_env/lib/python3.10/site-packages/airflow/example_dags/tutorial_taskflow_api_virtualenv.py
[2024-05-24T17:59:08.121+0700] {processor.py:840} INFO - DAG(s) 'tutorial_taskflow_api_virtualenv' retrieved from /mnt/d/Programming/Vietnamese-Text-Generator/airflow_env/lib/python3.10/site-packages/airflow/example_dags/tutorial_taskflow_api_virtualenv.py
[2024-05-24T17:59:08.220+0700] {logging_mixin.py:188} INFO - [2024-05-24T17:59:08.216+0700] {dag.py:3096} INFO - Sync 1 DAGs
[2024-05-24T17:59:08.267+0700] {logging_mixin.py:188} INFO - [2024-05-24T17:59:08.264+0700] {dag.py:3954} INFO - Setting next_dagrun for tutorial_taskflow_api_virtualenv to None, run_after=None
[2024-05-24T17:59:08.405+0700] {processor.py:183} INFO - Processing /mnt/d/Programming/Vietnamese-Text-Generator/airflow_env/lib/python3.10/site-packages/airflow/example_dags/tutorial_taskflow_api_virtualenv.py took 0.487 seconds
[2024-05-24T18:00:16.527+0700] {processor.py:161} INFO - Started process (PID=11599) to work on /mnt/d/Programming/Vietnamese-Text-Generator/airflow_env/lib/python3.10/site-packages/airflow/example_dags/tutorial_taskflow_api_virtualenv.py
[2024-05-24T18:00:16.533+0700] {processor.py:830} INFO - Processing file /mnt/d/Programming/Vietnamese-Text-Generator/airflow_env/lib/python3.10/site-packages/airflow/example_dags/tutorial_taskflow_api_virtualenv.py for tasks to queue
[2024-05-24T18:00:16.543+0700] {logging_mixin.py:188} INFO - [2024-05-24T18:00:16.540+0700] {dagbag.py:540} INFO - Filling up the DagBag from /mnt/d/Programming/Vietnamese-Text-Generator/airflow_env/lib/python3.10/site-packages/airflow/example_dags/tutorial_taskflow_api_virtualenv.py
[2024-05-24T18:00:16.655+0700] {processor.py:840} INFO - DAG(s) 'tutorial_taskflow_api_virtualenv' retrieved from /mnt/d/Programming/Vietnamese-Text-Generator/airflow_env/lib/python3.10/site-packages/airflow/example_dags/tutorial_taskflow_api_virtualenv.py
[2024-05-24T18:00:16.741+0700] {logging_mixin.py:188} INFO - [2024-05-24T18:00:16.738+0700] {dag.py:3096} INFO - Sync 1 DAGs
[2024-05-24T18:00:16.787+0700] {logging_mixin.py:188} INFO - [2024-05-24T18:00:16.784+0700] {dag.py:3954} INFO - Setting next_dagrun for tutorial_taskflow_api_virtualenv to None, run_after=None
[2024-05-24T18:00:16.967+0700] {processor.py:183} INFO - Processing /mnt/d/Programming/Vietnamese-Text-Generator/airflow_env/lib/python3.10/site-packages/airflow/example_dags/tutorial_taskflow_api_virtualenv.py took 0.479 seconds
[2024-05-24T18:01:23.392+0700] {processor.py:161} INFO - Started process (PID=11892) to work on /mnt/d/Programming/Vietnamese-Text-Generator/airflow_env/lib/python3.10/site-packages/airflow/example_dags/tutorial_taskflow_api_virtualenv.py
[2024-05-24T18:01:23.399+0700] {processor.py:830} INFO - Processing file /mnt/d/Programming/Vietnamese-Text-Generator/airflow_env/lib/python3.10/site-packages/airflow/example_dags/tutorial_taskflow_api_virtualenv.py for tasks to queue
[2024-05-24T18:01:23.410+0700] {logging_mixin.py:188} INFO - [2024-05-24T18:01:23.406+0700] {dagbag.py:540} INFO - Filling up the DagBag from /mnt/d/Programming/Vietnamese-Text-Generator/airflow_env/lib/python3.10/site-packages/airflow/example_dags/tutorial_taskflow_api_virtualenv.py
[2024-05-24T18:01:23.538+0700] {processor.py:840} INFO - DAG(s) 'tutorial_taskflow_api_virtualenv' retrieved from /mnt/d/Programming/Vietnamese-Text-Generator/airflow_env/lib/python3.10/site-packages/airflow/example_dags/tutorial_taskflow_api_virtualenv.py
[2024-05-24T18:01:23.631+0700] {logging_mixin.py:188} INFO - [2024-05-24T18:01:23.628+0700] {dag.py:3096} INFO - Sync 1 DAGs
[2024-05-24T18:01:23.680+0700] {logging_mixin.py:188} INFO - [2024-05-24T18:01:23.676+0700] {dag.py:3954} INFO - Setting next_dagrun for tutorial_taskflow_api_virtualenv to None, run_after=None
[2024-05-24T18:01:23.866+0700] {processor.py:183} INFO - Processing /mnt/d/Programming/Vietnamese-Text-Generator/airflow_env/lib/python3.10/site-packages/airflow/example_dags/tutorial_taskflow_api_virtualenv.py took 0.516 seconds
[2024-05-24T18:02:35.553+0700] {processor.py:161} INFO - Started process (PID=12205) to work on /mnt/d/Programming/Vietnamese-Text-Generator/airflow_env/lib/python3.10/site-packages/airflow/example_dags/tutorial_taskflow_api_virtualenv.py
[2024-05-24T18:02:35.560+0700] {processor.py:830} INFO - Processing file /mnt/d/Programming/Vietnamese-Text-Generator/airflow_env/lib/python3.10/site-packages/airflow/example_dags/tutorial_taskflow_api_virtualenv.py for tasks to queue
[2024-05-24T18:02:35.571+0700] {logging_mixin.py:188} INFO - [2024-05-24T18:02:35.567+0700] {dagbag.py:540} INFO - Filling up the DagBag from /mnt/d/Programming/Vietnamese-Text-Generator/airflow_env/lib/python3.10/site-packages/airflow/example_dags/tutorial_taskflow_api_virtualenv.py
[2024-05-24T18:02:35.707+0700] {processor.py:840} INFO - DAG(s) 'tutorial_taskflow_api_virtualenv' retrieved from /mnt/d/Programming/Vietnamese-Text-Generator/airflow_env/lib/python3.10/site-packages/airflow/example_dags/tutorial_taskflow_api_virtualenv.py
[2024-05-24T18:02:35.804+0700] {logging_mixin.py:188} INFO - [2024-05-24T18:02:35.802+0700] {dag.py:3096} INFO - Sync 1 DAGs
[2024-05-24T18:02:35.857+0700] {logging_mixin.py:188} INFO - [2024-05-24T18:02:35.853+0700] {dag.py:3954} INFO - Setting next_dagrun for tutorial_taskflow_api_virtualenv to None, run_after=None
[2024-05-24T18:02:36.038+0700] {processor.py:183} INFO - Processing /mnt/d/Programming/Vietnamese-Text-Generator/airflow_env/lib/python3.10/site-packages/airflow/example_dags/tutorial_taskflow_api_virtualenv.py took 0.529 seconds
[2024-05-24T18:03:48.334+0700] {processor.py:161} INFO - Started process (PID=12522) to work on /mnt/d/Programming/Vietnamese-Text-Generator/airflow_env/lib/python3.10/site-packages/airflow/example_dags/tutorial_taskflow_api_virtualenv.py
[2024-05-24T18:03:48.341+0700] {processor.py:830} INFO - Processing file /mnt/d/Programming/Vietnamese-Text-Generator/airflow_env/lib/python3.10/site-packages/airflow/example_dags/tutorial_taskflow_api_virtualenv.py for tasks to queue
[2024-05-24T18:03:48.353+0700] {logging_mixin.py:188} INFO - [2024-05-24T18:03:48.350+0700] {dagbag.py:540} INFO - Filling up the DagBag from /mnt/d/Programming/Vietnamese-Text-Generator/airflow_env/lib/python3.10/site-packages/airflow/example_dags/tutorial_taskflow_api_virtualenv.py
[2024-05-24T18:03:48.436+0700] {processor.py:840} INFO - DAG(s) 'tutorial_taskflow_api_virtualenv' retrieved from /mnt/d/Programming/Vietnamese-Text-Generator/airflow_env/lib/python3.10/site-packages/airflow/example_dags/tutorial_taskflow_api_virtualenv.py
[2024-05-24T18:03:48.506+0700] {logging_mixin.py:188} INFO - [2024-05-24T18:03:48.503+0700] {dag.py:3096} INFO - Sync 1 DAGs
[2024-05-24T18:03:48.545+0700] {logging_mixin.py:188} INFO - [2024-05-24T18:03:48.543+0700] {dag.py:3954} INFO - Setting next_dagrun for tutorial_taskflow_api_virtualenv to None, run_after=None
[2024-05-24T18:03:48.698+0700] {processor.py:183} INFO - Processing /mnt/d/Programming/Vietnamese-Text-Generator/airflow_env/lib/python3.10/site-packages/airflow/example_dags/tutorial_taskflow_api_virtualenv.py took 0.415 seconds
[2024-05-24T18:04:58.193+0700] {processor.py:161} INFO - Started process (PID=12827) to work on /mnt/d/Programming/Vietnamese-Text-Generator/airflow_env/lib/python3.10/site-packages/airflow/example_dags/tutorial_taskflow_api_virtualenv.py
[2024-05-24T18:04:58.200+0700] {processor.py:830} INFO - Processing file /mnt/d/Programming/Vietnamese-Text-Generator/airflow_env/lib/python3.10/site-packages/airflow/example_dags/tutorial_taskflow_api_virtualenv.py for tasks to queue
[2024-05-24T18:04:58.212+0700] {logging_mixin.py:188} INFO - [2024-05-24T18:04:58.208+0700] {dagbag.py:540} INFO - Filling up the DagBag from /mnt/d/Programming/Vietnamese-Text-Generator/airflow_env/lib/python3.10/site-packages/airflow/example_dags/tutorial_taskflow_api_virtualenv.py
[2024-05-24T18:04:58.324+0700] {processor.py:840} INFO - DAG(s) 'tutorial_taskflow_api_virtualenv' retrieved from /mnt/d/Programming/Vietnamese-Text-Generator/airflow_env/lib/python3.10/site-packages/airflow/example_dags/tutorial_taskflow_api_virtualenv.py
[2024-05-24T18:04:58.417+0700] {logging_mixin.py:188} INFO - [2024-05-24T18:04:58.415+0700] {dag.py:3096} INFO - Sync 1 DAGs
[2024-05-24T18:04:58.471+0700] {logging_mixin.py:188} INFO - [2024-05-24T18:04:58.469+0700] {dag.py:3954} INFO - Setting next_dagrun for tutorial_taskflow_api_virtualenv to None, run_after=None
[2024-05-24T18:04:58.653+0700] {processor.py:183} INFO - Processing /mnt/d/Programming/Vietnamese-Text-Generator/airflow_env/lib/python3.10/site-packages/airflow/example_dags/tutorial_taskflow_api_virtualenv.py took 0.500 seconds
