[2024-05-24T17:01:19.620+0700] {processor.py:161} INFO - Started process (PID=1710) to work on /mnt/d/Programming/Vietnamese-Text-Generator/airflow_env/lib/python3.10/site-packages/airflow/example_dags/tutorial_objectstorage.py
[2024-05-24T17:01:19.624+0700] {processor.py:830} INFO - Processing file /mnt/d/Programming/Vietnamese-Text-Generator/airflow_env/lib/python3.10/site-packages/airflow/example_dags/tutorial_objectstorage.py for tasks to queue
[2024-05-24T17:01:19.629+0700] {logging_mixin.py:188} INFO - [2024-05-24T17:01:19.628+0700] {dagbag.py:540} INFO - Filling up the DagBag from /mnt/d/Programming/Vietnamese-Text-Generator/airflow_env/lib/python3.10/site-packages/airflow/example_dags/tutorial_objectstorage.py
[2024-05-24T17:01:19.806+0700] {processor.py:840} INFO - DAG(s) 'tutorial_objectstorage' retrieved from /mnt/d/Programming/Vietnamese-Text-Generator/airflow_env/lib/python3.10/site-packages/airflow/example_dags/tutorial_objectstorage.py
[2024-05-24T17:01:19.978+0700] {logging_mixin.py:188} INFO - [2024-05-24T17:01:19.977+0700] {dag.py:3096} INFO - Sync 1 DAGs
[2024-05-24T17:01:20.008+0700] {logging_mixin.py:188} INFO - [2024-05-24T17:01:20.006+0700] {dag.py:3954} INFO - Setting next_dagrun for tutorial_objectstorage to None, run_after=None
[2024-05-24T17:01:20.099+0700] {processor.py:183} INFO - Processing /mnt/d/Programming/Vietnamese-Text-Generator/airflow_env/lib/python3.10/site-packages/airflow/example_dags/tutorial_objectstorage.py took 0.503 seconds
[2024-05-24T17:03:20.013+0700] {processor.py:161} INFO - Started process (PID=2223) to work on /mnt/d/Programming/Vietnamese-Text-Generator/airflow_env/lib/python3.10/site-packages/airflow/example_dags/tutorial_objectstorage.py
[2024-05-24T17:03:20.019+0700] {processor.py:830} INFO - Processing file /mnt/d/Programming/Vietnamese-Text-Generator/airflow_env/lib/python3.10/site-packages/airflow/example_dags/tutorial_objectstorage.py for tasks to queue
[2024-05-24T17:03:20.031+0700] {logging_mixin.py:188} INFO - [2024-05-24T17:03:20.027+0700] {dagbag.py:540} INFO - Filling up the DagBag from /mnt/d/Programming/Vietnamese-Text-Generator/airflow_env/lib/python3.10/site-packages/airflow/example_dags/tutorial_objectstorage.py
[2024-05-24T17:03:20.115+0700] {processor.py:840} INFO - DAG(s) 'tutorial_objectstorage' retrieved from /mnt/d/Programming/Vietnamese-Text-Generator/airflow_env/lib/python3.10/site-packages/airflow/example_dags/tutorial_objectstorage.py
[2024-05-24T17:03:20.205+0700] {logging_mixin.py:188} INFO - [2024-05-24T17:03:20.202+0700] {dag.py:3096} INFO - Sync 1 DAGs
[2024-05-24T17:03:20.262+0700] {logging_mixin.py:188} INFO - [2024-05-24T17:03:20.258+0700] {dag.py:3954} INFO - Setting next_dagrun for tutorial_objectstorage to None, run_after=None
[2024-05-24T17:03:20.491+0700] {processor.py:183} INFO - Processing /mnt/d/Programming/Vietnamese-Text-Generator/airflow_env/lib/python3.10/site-packages/airflow/example_dags/tutorial_objectstorage.py took 0.521 seconds
[2024-05-24T17:04:35.518+0700] {processor.py:161} INFO - Started process (PID=2554) to work on /mnt/d/Programming/Vietnamese-Text-Generator/airflow_env/lib/python3.10/site-packages/airflow/example_dags/tutorial_objectstorage.py
[2024-05-24T17:04:35.527+0700] {processor.py:830} INFO - Processing file /mnt/d/Programming/Vietnamese-Text-Generator/airflow_env/lib/python3.10/site-packages/airflow/example_dags/tutorial_objectstorage.py for tasks to queue
[2024-05-24T17:04:35.536+0700] {logging_mixin.py:188} INFO - [2024-05-24T17:04:35.534+0700] {dagbag.py:540} INFO - Filling up the DagBag from /mnt/d/Programming/Vietnamese-Text-Generator/airflow_env/lib/python3.10/site-packages/airflow/example_dags/tutorial_objectstorage.py
[2024-05-24T17:04:35.578+0700] {processor.py:840} INFO - DAG(s) 'tutorial_objectstorage' retrieved from /mnt/d/Programming/Vietnamese-Text-Generator/airflow_env/lib/python3.10/site-packages/airflow/example_dags/tutorial_objectstorage.py
[2024-05-24T17:04:35.625+0700] {logging_mixin.py:188} INFO - [2024-05-24T17:04:35.624+0700] {dag.py:3096} INFO - Sync 1 DAGs
[2024-05-24T17:04:35.655+0700] {logging_mixin.py:188} INFO - [2024-05-24T17:04:35.654+0700] {dag.py:3954} INFO - Setting next_dagrun for tutorial_objectstorage to None, run_after=None
[2024-05-24T17:04:35.755+0700] {processor.py:183} INFO - Processing /mnt/d/Programming/Vietnamese-Text-Generator/airflow_env/lib/python3.10/site-packages/airflow/example_dags/tutorial_objectstorage.py took 0.322 seconds
[2024-05-24T17:05:42.695+0700] {processor.py:161} INFO - Started process (PID=2849) to work on /mnt/d/Programming/Vietnamese-Text-Generator/airflow_env/lib/python3.10/site-packages/airflow/example_dags/tutorial_objectstorage.py
[2024-05-24T17:05:42.698+0700] {processor.py:830} INFO - Processing file /mnt/d/Programming/Vietnamese-Text-Generator/airflow_env/lib/python3.10/site-packages/airflow/example_dags/tutorial_objectstorage.py for tasks to queue
[2024-05-24T17:05:42.703+0700] {logging_mixin.py:188} INFO - [2024-05-24T17:05:42.701+0700] {dagbag.py:540} INFO - Filling up the DagBag from /mnt/d/Programming/Vietnamese-Text-Generator/airflow_env/lib/python3.10/site-packages/airflow/example_dags/tutorial_objectstorage.py
[2024-05-24T17:05:42.737+0700] {processor.py:840} INFO - DAG(s) 'tutorial_objectstorage' retrieved from /mnt/d/Programming/Vietnamese-Text-Generator/airflow_env/lib/python3.10/site-packages/airflow/example_dags/tutorial_objectstorage.py
[2024-05-24T17:05:42.790+0700] {logging_mixin.py:188} INFO - [2024-05-24T17:05:42.787+0700] {dag.py:3096} INFO - Sync 1 DAGs
[2024-05-24T17:05:42.820+0700] {logging_mixin.py:188} INFO - [2024-05-24T17:05:42.818+0700] {dag.py:3954} INFO - Setting next_dagrun for tutorial_objectstorage to None, run_after=None
[2024-05-24T17:05:42.957+0700] {processor.py:183} INFO - Processing /mnt/d/Programming/Vietnamese-Text-Generator/airflow_env/lib/python3.10/site-packages/airflow/example_dags/tutorial_objectstorage.py took 0.281 seconds
[2024-05-24T17:06:51.979+0700] {processor.py:161} INFO - Started process (PID=3229) to work on /mnt/d/Programming/Vietnamese-Text-Generator/airflow_env/lib/python3.10/site-packages/airflow/example_dags/tutorial_objectstorage.py
[2024-05-24T17:06:51.987+0700] {processor.py:830} INFO - Processing file /mnt/d/Programming/Vietnamese-Text-Generator/airflow_env/lib/python3.10/site-packages/airflow/example_dags/tutorial_objectstorage.py for tasks to queue
[2024-05-24T17:06:51.999+0700] {logging_mixin.py:188} INFO - [2024-05-24T17:06:51.995+0700] {dagbag.py:540} INFO - Filling up the DagBag from /mnt/d/Programming/Vietnamese-Text-Generator/airflow_env/lib/python3.10/site-packages/airflow/example_dags/tutorial_objectstorage.py
[2024-05-24T17:06:52.087+0700] {processor.py:840} INFO - DAG(s) 'tutorial_objectstorage' retrieved from /mnt/d/Programming/Vietnamese-Text-Generator/airflow_env/lib/python3.10/site-packages/airflow/example_dags/tutorial_objectstorage.py
[2024-05-24T17:06:52.191+0700] {logging_mixin.py:188} INFO - [2024-05-24T17:06:52.187+0700] {dag.py:3096} INFO - Sync 1 DAGs
[2024-05-24T17:06:52.241+0700] {logging_mixin.py:188} INFO - [2024-05-24T17:06:52.239+0700] {dag.py:3954} INFO - Setting next_dagrun for tutorial_objectstorage to None, run_after=None
[2024-05-24T17:06:52.403+0700] {processor.py:183} INFO - Processing /mnt/d/Programming/Vietnamese-Text-Generator/airflow_env/lib/python3.10/site-packages/airflow/example_dags/tutorial_objectstorage.py took 0.466 seconds
[2024-05-24T17:07:55.017+0700] {processor.py:161} INFO - Started process (PID=3506) to work on /mnt/d/Programming/Vietnamese-Text-Generator/airflow_env/lib/python3.10/site-packages/airflow/example_dags/tutorial_objectstorage.py
[2024-05-24T17:07:55.020+0700] {processor.py:830} INFO - Processing file /mnt/d/Programming/Vietnamese-Text-Generator/airflow_env/lib/python3.10/site-packages/airflow/example_dags/tutorial_objectstorage.py for tasks to queue
[2024-05-24T17:07:55.024+0700] {logging_mixin.py:188} INFO - [2024-05-24T17:07:55.023+0700] {dagbag.py:540} INFO - Filling up the DagBag from /mnt/d/Programming/Vietnamese-Text-Generator/airflow_env/lib/python3.10/site-packages/airflow/example_dags/tutorial_objectstorage.py
[2024-05-24T17:07:55.051+0700] {processor.py:840} INFO - DAG(s) 'tutorial_objectstorage' retrieved from /mnt/d/Programming/Vietnamese-Text-Generator/airflow_env/lib/python3.10/site-packages/airflow/example_dags/tutorial_objectstorage.py
[2024-05-24T17:07:55.085+0700] {logging_mixin.py:188} INFO - [2024-05-24T17:07:55.084+0700] {dag.py:3096} INFO - Sync 1 DAGs
[2024-05-24T17:07:55.105+0700] {logging_mixin.py:188} INFO - [2024-05-24T17:07:55.104+0700] {dag.py:3954} INFO - Setting next_dagrun for tutorial_objectstorage to None, run_after=None
[2024-05-24T17:07:55.283+0700] {processor.py:183} INFO - Processing /mnt/d/Programming/Vietnamese-Text-Generator/airflow_env/lib/python3.10/site-packages/airflow/example_dags/tutorial_objectstorage.py took 0.286 seconds
[2024-05-24T17:09:01.415+0700] {processor.py:161} INFO - Started process (PID=3797) to work on /mnt/d/Programming/Vietnamese-Text-Generator/airflow_env/lib/python3.10/site-packages/airflow/example_dags/tutorial_objectstorage.py
[2024-05-24T17:09:01.419+0700] {processor.py:830} INFO - Processing file /mnt/d/Programming/Vietnamese-Text-Generator/airflow_env/lib/python3.10/site-packages/airflow/example_dags/tutorial_objectstorage.py for tasks to queue
[2024-05-24T17:09:01.426+0700] {logging_mixin.py:188} INFO - [2024-05-24T17:09:01.424+0700] {dagbag.py:540} INFO - Filling up the DagBag from /mnt/d/Programming/Vietnamese-Text-Generator/airflow_env/lib/python3.10/site-packages/airflow/example_dags/tutorial_objectstorage.py
[2024-05-24T17:09:01.479+0700] {processor.py:840} INFO - DAG(s) 'tutorial_objectstorage' retrieved from /mnt/d/Programming/Vietnamese-Text-Generator/airflow_env/lib/python3.10/site-packages/airflow/example_dags/tutorial_objectstorage.py
[2024-05-24T17:09:01.552+0700] {logging_mixin.py:188} INFO - [2024-05-24T17:09:01.549+0700] {dag.py:3096} INFO - Sync 1 DAGs
[2024-05-24T17:09:01.598+0700] {logging_mixin.py:188} INFO - [2024-05-24T17:09:01.596+0700] {dag.py:3954} INFO - Setting next_dagrun for tutorial_objectstorage to None, run_after=None
[2024-05-24T17:09:01.725+0700] {processor.py:183} INFO - Processing /mnt/d/Programming/Vietnamese-Text-Generator/airflow_env/lib/python3.10/site-packages/airflow/example_dags/tutorial_objectstorage.py took 0.336 seconds
[2024-05-24T17:10:09.550+0700] {processor.py:161} INFO - Started process (PID=4094) to work on /mnt/d/Programming/Vietnamese-Text-Generator/airflow_env/lib/python3.10/site-packages/airflow/example_dags/tutorial_objectstorage.py
[2024-05-24T17:10:09.557+0700] {processor.py:830} INFO - Processing file /mnt/d/Programming/Vietnamese-Text-Generator/airflow_env/lib/python3.10/site-packages/airflow/example_dags/tutorial_objectstorage.py for tasks to queue
[2024-05-24T17:10:09.568+0700] {logging_mixin.py:188} INFO - [2024-05-24T17:10:09.565+0700] {dagbag.py:540} INFO - Filling up the DagBag from /mnt/d/Programming/Vietnamese-Text-Generator/airflow_env/lib/python3.10/site-packages/airflow/example_dags/tutorial_objectstorage.py
[2024-05-24T17:10:09.650+0700] {processor.py:840} INFO - DAG(s) 'tutorial_objectstorage' retrieved from /mnt/d/Programming/Vietnamese-Text-Generator/airflow_env/lib/python3.10/site-packages/airflow/example_dags/tutorial_objectstorage.py
[2024-05-24T17:10:09.740+0700] {logging_mixin.py:188} INFO - [2024-05-24T17:10:09.737+0700] {dag.py:3096} INFO - Sync 1 DAGs
[2024-05-24T17:10:09.795+0700] {logging_mixin.py:188} INFO - [2024-05-24T17:10:09.792+0700] {dag.py:3954} INFO - Setting next_dagrun for tutorial_objectstorage to None, run_after=None
[2024-05-24T17:10:10.003+0700] {processor.py:183} INFO - Processing /mnt/d/Programming/Vietnamese-Text-Generator/airflow_env/lib/python3.10/site-packages/airflow/example_dags/tutorial_objectstorage.py took 0.498 seconds
[2024-05-24T17:11:20.376+0700] {processor.py:161} INFO - Started process (PID=4406) to work on /mnt/d/Programming/Vietnamese-Text-Generator/airflow_env/lib/python3.10/site-packages/airflow/example_dags/tutorial_objectstorage.py
[2024-05-24T17:11:20.383+0700] {processor.py:830} INFO - Processing file /mnt/d/Programming/Vietnamese-Text-Generator/airflow_env/lib/python3.10/site-packages/airflow/example_dags/tutorial_objectstorage.py for tasks to queue
[2024-05-24T17:11:20.395+0700] {logging_mixin.py:188} INFO - [2024-05-24T17:11:20.391+0700] {dagbag.py:540} INFO - Filling up the DagBag from /mnt/d/Programming/Vietnamese-Text-Generator/airflow_env/lib/python3.10/site-packages/airflow/example_dags/tutorial_objectstorage.py
[2024-05-24T17:11:20.489+0700] {processor.py:840} INFO - DAG(s) 'tutorial_objectstorage' retrieved from /mnt/d/Programming/Vietnamese-Text-Generator/airflow_env/lib/python3.10/site-packages/airflow/example_dags/tutorial_objectstorage.py
[2024-05-24T17:11:20.579+0700] {logging_mixin.py:188} INFO - [2024-05-24T17:11:20.576+0700] {dag.py:3096} INFO - Sync 1 DAGs
[2024-05-24T17:11:20.616+0700] {logging_mixin.py:188} INFO - [2024-05-24T17:11:20.613+0700] {dag.py:3954} INFO - Setting next_dagrun for tutorial_objectstorage to None, run_after=None
[2024-05-24T17:11:20.780+0700] {processor.py:183} INFO - Processing /mnt/d/Programming/Vietnamese-Text-Generator/airflow_env/lib/python3.10/site-packages/airflow/example_dags/tutorial_objectstorage.py took 0.449 seconds
[2024-05-24T17:12:31.420+0700] {processor.py:161} INFO - Started process (PID=4716) to work on /mnt/d/Programming/Vietnamese-Text-Generator/airflow_env/lib/python3.10/site-packages/airflow/example_dags/tutorial_objectstorage.py
[2024-05-24T17:12:31.428+0700] {processor.py:830} INFO - Processing file /mnt/d/Programming/Vietnamese-Text-Generator/airflow_env/lib/python3.10/site-packages/airflow/example_dags/tutorial_objectstorage.py for tasks to queue
[2024-05-24T17:12:31.441+0700] {logging_mixin.py:188} INFO - [2024-05-24T17:12:31.437+0700] {dagbag.py:540} INFO - Filling up the DagBag from /mnt/d/Programming/Vietnamese-Text-Generator/airflow_env/lib/python3.10/site-packages/airflow/example_dags/tutorial_objectstorage.py
[2024-05-24T17:12:31.548+0700] {processor.py:840} INFO - DAG(s) 'tutorial_objectstorage' retrieved from /mnt/d/Programming/Vietnamese-Text-Generator/airflow_env/lib/python3.10/site-packages/airflow/example_dags/tutorial_objectstorage.py
[2024-05-24T17:12:31.661+0700] {logging_mixin.py:188} INFO - [2024-05-24T17:12:31.657+0700] {dag.py:3096} INFO - Sync 1 DAGs
[2024-05-24T17:12:31.697+0700] {logging_mixin.py:188} INFO - [2024-05-24T17:12:31.695+0700] {dag.py:3954} INFO - Setting next_dagrun for tutorial_objectstorage to None, run_after=None
[2024-05-24T17:12:31.807+0700] {processor.py:183} INFO - Processing /mnt/d/Programming/Vietnamese-Text-Generator/airflow_env/lib/python3.10/site-packages/airflow/example_dags/tutorial_objectstorage.py took 0.436 seconds
[2024-05-24T17:13:40.876+0700] {processor.py:161} INFO - Started process (PID=5019) to work on /mnt/d/Programming/Vietnamese-Text-Generator/airflow_env/lib/python3.10/site-packages/airflow/example_dags/tutorial_objectstorage.py
[2024-05-24T17:13:40.881+0700] {processor.py:830} INFO - Processing file /mnt/d/Programming/Vietnamese-Text-Generator/airflow_env/lib/python3.10/site-packages/airflow/example_dags/tutorial_objectstorage.py for tasks to queue
[2024-05-24T17:13:40.891+0700] {logging_mixin.py:188} INFO - [2024-05-24T17:13:40.888+0700] {dagbag.py:540} INFO - Filling up the DagBag from /mnt/d/Programming/Vietnamese-Text-Generator/airflow_env/lib/python3.10/site-packages/airflow/example_dags/tutorial_objectstorage.py
[2024-05-24T17:13:40.970+0700] {processor.py:840} INFO - DAG(s) 'tutorial_objectstorage' retrieved from /mnt/d/Programming/Vietnamese-Text-Generator/airflow_env/lib/python3.10/site-packages/airflow/example_dags/tutorial_objectstorage.py
[2024-05-24T17:13:41.053+0700] {logging_mixin.py:188} INFO - [2024-05-24T17:13:41.050+0700] {dag.py:3096} INFO - Sync 1 DAGs
[2024-05-24T17:13:41.099+0700] {logging_mixin.py:188} INFO - [2024-05-24T17:13:41.096+0700] {dag.py:3954} INFO - Setting next_dagrun for tutorial_objectstorage to None, run_after=None
[2024-05-24T17:13:41.282+0700] {processor.py:183} INFO - Processing /mnt/d/Programming/Vietnamese-Text-Generator/airflow_env/lib/python3.10/site-packages/airflow/example_dags/tutorial_objectstorage.py took 0.445 seconds
[2024-05-24T17:14:47.011+0700] {processor.py:161} INFO - Started process (PID=5306) to work on /mnt/d/Programming/Vietnamese-Text-Generator/airflow_env/lib/python3.10/site-packages/airflow/example_dags/tutorial_objectstorage.py
[2024-05-24T17:14:47.017+0700] {processor.py:830} INFO - Processing file /mnt/d/Programming/Vietnamese-Text-Generator/airflow_env/lib/python3.10/site-packages/airflow/example_dags/tutorial_objectstorage.py for tasks to queue
[2024-05-24T17:14:47.029+0700] {logging_mixin.py:188} INFO - [2024-05-24T17:14:47.025+0700] {dagbag.py:540} INFO - Filling up the DagBag from /mnt/d/Programming/Vietnamese-Text-Generator/airflow_env/lib/python3.10/site-packages/airflow/example_dags/tutorial_objectstorage.py
[2024-05-24T17:14:47.122+0700] {processor.py:840} INFO - DAG(s) 'tutorial_objectstorage' retrieved from /mnt/d/Programming/Vietnamese-Text-Generator/airflow_env/lib/python3.10/site-packages/airflow/example_dags/tutorial_objectstorage.py
[2024-05-24T17:14:47.216+0700] {logging_mixin.py:188} INFO - [2024-05-24T17:14:47.212+0700] {dag.py:3096} INFO - Sync 1 DAGs
[2024-05-24T17:14:47.265+0700] {logging_mixin.py:188} INFO - [2024-05-24T17:14:47.262+0700] {dag.py:3954} INFO - Setting next_dagrun for tutorial_objectstorage to None, run_after=None
[2024-05-24T17:14:47.466+0700] {processor.py:183} INFO - Processing /mnt/d/Programming/Vietnamese-Text-Generator/airflow_env/lib/python3.10/site-packages/airflow/example_dags/tutorial_objectstorage.py took 0.499 seconds
[2024-05-24T17:15:58.084+0700] {processor.py:161} INFO - Started process (PID=5619) to work on /mnt/d/Programming/Vietnamese-Text-Generator/airflow_env/lib/python3.10/site-packages/airflow/example_dags/tutorial_objectstorage.py
[2024-05-24T17:15:58.090+0700] {processor.py:830} INFO - Processing file /mnt/d/Programming/Vietnamese-Text-Generator/airflow_env/lib/python3.10/site-packages/airflow/example_dags/tutorial_objectstorage.py for tasks to queue
[2024-05-24T17:15:58.102+0700] {logging_mixin.py:188} INFO - [2024-05-24T17:15:58.098+0700] {dagbag.py:540} INFO - Filling up the DagBag from /mnt/d/Programming/Vietnamese-Text-Generator/airflow_env/lib/python3.10/site-packages/airflow/example_dags/tutorial_objectstorage.py
[2024-05-24T17:15:58.207+0700] {processor.py:840} INFO - DAG(s) 'tutorial_objectstorage' retrieved from /mnt/d/Programming/Vietnamese-Text-Generator/airflow_env/lib/python3.10/site-packages/airflow/example_dags/tutorial_objectstorage.py
[2024-05-24T17:15:58.296+0700] {logging_mixin.py:188} INFO - [2024-05-24T17:15:58.293+0700] {dag.py:3096} INFO - Sync 1 DAGs
[2024-05-24T17:15:58.344+0700] {logging_mixin.py:188} INFO - [2024-05-24T17:15:58.340+0700] {dag.py:3954} INFO - Setting next_dagrun for tutorial_objectstorage to None, run_after=None
[2024-05-24T17:15:58.526+0700] {processor.py:183} INFO - Processing /mnt/d/Programming/Vietnamese-Text-Generator/airflow_env/lib/python3.10/site-packages/airflow/example_dags/tutorial_objectstorage.py took 0.488 seconds
[2024-05-24T17:17:11.107+0700] {processor.py:161} INFO - Started process (PID=5935) to work on /mnt/d/Programming/Vietnamese-Text-Generator/airflow_env/lib/python3.10/site-packages/airflow/example_dags/tutorial_objectstorage.py
[2024-05-24T17:17:11.113+0700] {processor.py:830} INFO - Processing file /mnt/d/Programming/Vietnamese-Text-Generator/airflow_env/lib/python3.10/site-packages/airflow/example_dags/tutorial_objectstorage.py for tasks to queue
[2024-05-24T17:17:11.124+0700] {logging_mixin.py:188} INFO - [2024-05-24T17:17:11.121+0700] {dagbag.py:540} INFO - Filling up the DagBag from /mnt/d/Programming/Vietnamese-Text-Generator/airflow_env/lib/python3.10/site-packages/airflow/example_dags/tutorial_objectstorage.py
[2024-05-24T17:17:11.205+0700] {processor.py:840} INFO - DAG(s) 'tutorial_objectstorage' retrieved from /mnt/d/Programming/Vietnamese-Text-Generator/airflow_env/lib/python3.10/site-packages/airflow/example_dags/tutorial_objectstorage.py
[2024-05-24T17:17:11.292+0700] {logging_mixin.py:188} INFO - [2024-05-24T17:17:11.289+0700] {dag.py:3096} INFO - Sync 1 DAGs
[2024-05-24T17:17:11.336+0700] {logging_mixin.py:188} INFO - [2024-05-24T17:17:11.334+0700] {dag.py:3954} INFO - Setting next_dagrun for tutorial_objectstorage to None, run_after=None
[2024-05-24T17:17:11.496+0700] {processor.py:183} INFO - Processing /mnt/d/Programming/Vietnamese-Text-Generator/airflow_env/lib/python3.10/site-packages/airflow/example_dags/tutorial_objectstorage.py took 0.432 seconds
[2024-05-24T17:18:24.381+0700] {processor.py:161} INFO - Started process (PID=6256) to work on /mnt/d/Programming/Vietnamese-Text-Generator/airflow_env/lib/python3.10/site-packages/airflow/example_dags/tutorial_objectstorage.py
[2024-05-24T17:18:24.384+0700] {processor.py:830} INFO - Processing file /mnt/d/Programming/Vietnamese-Text-Generator/airflow_env/lib/python3.10/site-packages/airflow/example_dags/tutorial_objectstorage.py for tasks to queue
[2024-05-24T17:18:24.390+0700] {logging_mixin.py:188} INFO - [2024-05-24T17:18:24.388+0700] {dagbag.py:540} INFO - Filling up the DagBag from /mnt/d/Programming/Vietnamese-Text-Generator/airflow_env/lib/python3.10/site-packages/airflow/example_dags/tutorial_objectstorage.py
[2024-05-24T17:18:24.427+0700] {processor.py:840} INFO - DAG(s) 'tutorial_objectstorage' retrieved from /mnt/d/Programming/Vietnamese-Text-Generator/airflow_env/lib/python3.10/site-packages/airflow/example_dags/tutorial_objectstorage.py
[2024-05-24T17:18:24.473+0700] {logging_mixin.py:188} INFO - [2024-05-24T17:18:24.472+0700] {dag.py:3096} INFO - Sync 1 DAGs
[2024-05-24T17:18:24.494+0700] {logging_mixin.py:188} INFO - [2024-05-24T17:18:24.493+0700] {dag.py:3954} INFO - Setting next_dagrun for tutorial_objectstorage to None, run_after=None
[2024-05-24T17:18:24.570+0700] {processor.py:183} INFO - Processing /mnt/d/Programming/Vietnamese-Text-Generator/airflow_env/lib/python3.10/site-packages/airflow/example_dags/tutorial_objectstorage.py took 0.210 seconds
[2024-05-24T17:19:32.440+0700] {processor.py:161} INFO - Started process (PID=6557) to work on /mnt/d/Programming/Vietnamese-Text-Generator/airflow_env/lib/python3.10/site-packages/airflow/example_dags/tutorial_objectstorage.py
[2024-05-24T17:19:32.447+0700] {processor.py:830} INFO - Processing file /mnt/d/Programming/Vietnamese-Text-Generator/airflow_env/lib/python3.10/site-packages/airflow/example_dags/tutorial_objectstorage.py for tasks to queue
[2024-05-24T17:19:32.476+0700] {logging_mixin.py:188} INFO - [2024-05-24T17:19:32.456+0700] {dagbag.py:540} INFO - Filling up the DagBag from /mnt/d/Programming/Vietnamese-Text-Generator/airflow_env/lib/python3.10/site-packages/airflow/example_dags/tutorial_objectstorage.py
[2024-05-24T17:19:32.513+0700] {processor.py:840} INFO - DAG(s) 'tutorial_objectstorage' retrieved from /mnt/d/Programming/Vietnamese-Text-Generator/airflow_env/lib/python3.10/site-packages/airflow/example_dags/tutorial_objectstorage.py
[2024-05-24T17:19:32.555+0700] {logging_mixin.py:188} INFO - [2024-05-24T17:19:32.554+0700] {dag.py:3096} INFO - Sync 1 DAGs
[2024-05-24T17:19:32.584+0700] {logging_mixin.py:188} INFO - [2024-05-24T17:19:32.582+0700] {dag.py:3954} INFO - Setting next_dagrun for tutorial_objectstorage to None, run_after=None
[2024-05-24T17:19:32.666+0700] {processor.py:183} INFO - Processing /mnt/d/Programming/Vietnamese-Text-Generator/airflow_env/lib/python3.10/site-packages/airflow/example_dags/tutorial_objectstorage.py took 0.345 seconds
[2024-05-24T17:20:38.051+0700] {processor.py:161} INFO - Started process (PID=6846) to work on /mnt/d/Programming/Vietnamese-Text-Generator/airflow_env/lib/python3.10/site-packages/airflow/example_dags/tutorial_objectstorage.py
[2024-05-24T17:20:38.057+0700] {processor.py:830} INFO - Processing file /mnt/d/Programming/Vietnamese-Text-Generator/airflow_env/lib/python3.10/site-packages/airflow/example_dags/tutorial_objectstorage.py for tasks to queue
[2024-05-24T17:20:38.068+0700] {logging_mixin.py:188} INFO - [2024-05-24T17:20:38.064+0700] {dagbag.py:540} INFO - Filling up the DagBag from /mnt/d/Programming/Vietnamese-Text-Generator/airflow_env/lib/python3.10/site-packages/airflow/example_dags/tutorial_objectstorage.py
[2024-05-24T17:20:38.145+0700] {processor.py:840} INFO - DAG(s) 'tutorial_objectstorage' retrieved from /mnt/d/Programming/Vietnamese-Text-Generator/airflow_env/lib/python3.10/site-packages/airflow/example_dags/tutorial_objectstorage.py
[2024-05-24T17:20:38.249+0700] {logging_mixin.py:188} INFO - [2024-05-24T17:20:38.246+0700] {dag.py:3096} INFO - Sync 1 DAGs
[2024-05-24T17:20:38.300+0700] {logging_mixin.py:188} INFO - [2024-05-24T17:20:38.296+0700] {dag.py:3954} INFO - Setting next_dagrun for tutorial_objectstorage to None, run_after=None
[2024-05-24T17:20:38.493+0700] {processor.py:183} INFO - Processing /mnt/d/Programming/Vietnamese-Text-Generator/airflow_env/lib/python3.10/site-packages/airflow/example_dags/tutorial_objectstorage.py took 0.485 seconds
[2024-05-24T17:21:45.088+0700] {processor.py:161} INFO - Started process (PID=7137) to work on /mnt/d/Programming/Vietnamese-Text-Generator/airflow_env/lib/python3.10/site-packages/airflow/example_dags/tutorial_objectstorage.py
[2024-05-24T17:21:45.095+0700] {processor.py:830} INFO - Processing file /mnt/d/Programming/Vietnamese-Text-Generator/airflow_env/lib/python3.10/site-packages/airflow/example_dags/tutorial_objectstorage.py for tasks to queue
[2024-05-24T17:21:45.110+0700] {logging_mixin.py:188} INFO - [2024-05-24T17:21:45.105+0700] {dagbag.py:540} INFO - Filling up the DagBag from /mnt/d/Programming/Vietnamese-Text-Generator/airflow_env/lib/python3.10/site-packages/airflow/example_dags/tutorial_objectstorage.py
[2024-05-24T17:21:45.216+0700] {processor.py:840} INFO - DAG(s) 'tutorial_objectstorage' retrieved from /mnt/d/Programming/Vietnamese-Text-Generator/airflow_env/lib/python3.10/site-packages/airflow/example_dags/tutorial_objectstorage.py
[2024-05-24T17:21:45.333+0700] {logging_mixin.py:188} INFO - [2024-05-24T17:21:45.329+0700] {dag.py:3096} INFO - Sync 1 DAGs
[2024-05-24T17:21:45.396+0700] {logging_mixin.py:188} INFO - [2024-05-24T17:21:45.392+0700] {dag.py:3954} INFO - Setting next_dagrun for tutorial_objectstorage to None, run_after=None
[2024-05-24T17:21:45.625+0700] {processor.py:183} INFO - Processing /mnt/d/Programming/Vietnamese-Text-Generator/airflow_env/lib/python3.10/site-packages/airflow/example_dags/tutorial_objectstorage.py took 0.592 seconds
[2024-05-24T17:22:53.005+0700] {processor.py:161} INFO - Started process (PID=7432) to work on /mnt/d/Programming/Vietnamese-Text-Generator/airflow_env/lib/python3.10/site-packages/airflow/example_dags/tutorial_objectstorage.py
[2024-05-24T17:22:53.011+0700] {processor.py:830} INFO - Processing file /mnt/d/Programming/Vietnamese-Text-Generator/airflow_env/lib/python3.10/site-packages/airflow/example_dags/tutorial_objectstorage.py for tasks to queue
[2024-05-24T17:22:53.023+0700] {logging_mixin.py:188} INFO - [2024-05-24T17:22:53.019+0700] {dagbag.py:540} INFO - Filling up the DagBag from /mnt/d/Programming/Vietnamese-Text-Generator/airflow_env/lib/python3.10/site-packages/airflow/example_dags/tutorial_objectstorage.py
[2024-05-24T17:22:53.119+0700] {processor.py:840} INFO - DAG(s) 'tutorial_objectstorage' retrieved from /mnt/d/Programming/Vietnamese-Text-Generator/airflow_env/lib/python3.10/site-packages/airflow/example_dags/tutorial_objectstorage.py
[2024-05-24T17:22:53.212+0700] {logging_mixin.py:188} INFO - [2024-05-24T17:22:53.209+0700] {dag.py:3096} INFO - Sync 1 DAGs
[2024-05-24T17:22:53.257+0700] {logging_mixin.py:188} INFO - [2024-05-24T17:22:53.255+0700] {dag.py:3954} INFO - Setting next_dagrun for tutorial_objectstorage to None, run_after=None
[2024-05-24T17:22:53.405+0700] {processor.py:183} INFO - Processing /mnt/d/Programming/Vietnamese-Text-Generator/airflow_env/lib/python3.10/site-packages/airflow/example_dags/tutorial_objectstorage.py took 0.445 seconds
[2024-05-24T17:23:58.489+0700] {processor.py:161} INFO - Started process (PID=7719) to work on /mnt/d/Programming/Vietnamese-Text-Generator/airflow_env/lib/python3.10/site-packages/airflow/example_dags/tutorial_objectstorage.py
[2024-05-24T17:23:58.495+0700] {processor.py:830} INFO - Processing file /mnt/d/Programming/Vietnamese-Text-Generator/airflow_env/lib/python3.10/site-packages/airflow/example_dags/tutorial_objectstorage.py for tasks to queue
[2024-05-24T17:23:58.507+0700] {logging_mixin.py:188} INFO - [2024-05-24T17:23:58.504+0700] {dagbag.py:540} INFO - Filling up the DagBag from /mnt/d/Programming/Vietnamese-Text-Generator/airflow_env/lib/python3.10/site-packages/airflow/example_dags/tutorial_objectstorage.py
[2024-05-24T17:23:58.579+0700] {processor.py:840} INFO - DAG(s) 'tutorial_objectstorage' retrieved from /mnt/d/Programming/Vietnamese-Text-Generator/airflow_env/lib/python3.10/site-packages/airflow/example_dags/tutorial_objectstorage.py
[2024-05-24T17:23:58.654+0700] {logging_mixin.py:188} INFO - [2024-05-24T17:23:58.652+0700] {dag.py:3096} INFO - Sync 1 DAGs
[2024-05-24T17:23:58.698+0700] {logging_mixin.py:188} INFO - [2024-05-24T17:23:58.696+0700] {dag.py:3954} INFO - Setting next_dagrun for tutorial_objectstorage to None, run_after=None
[2024-05-24T17:23:58.873+0700] {processor.py:183} INFO - Processing /mnt/d/Programming/Vietnamese-Text-Generator/airflow_env/lib/python3.10/site-packages/airflow/example_dags/tutorial_objectstorage.py took 0.426 seconds
[2024-05-24T17:46:48.236+0700] {processor.py:161} INFO - Started process (PID=8036) to work on /mnt/d/Programming/Vietnamese-Text-Generator/airflow_env/lib/python3.10/site-packages/airflow/example_dags/tutorial_objectstorage.py
[2024-05-24T17:46:48.239+0700] {processor.py:830} INFO - Processing file /mnt/d/Programming/Vietnamese-Text-Generator/airflow_env/lib/python3.10/site-packages/airflow/example_dags/tutorial_objectstorage.py for tasks to queue
[2024-05-24T17:46:48.244+0700] {logging_mixin.py:188} INFO - [2024-05-24T17:46:48.242+0700] {dagbag.py:540} INFO - Filling up the DagBag from /mnt/d/Programming/Vietnamese-Text-Generator/airflow_env/lib/python3.10/site-packages/airflow/example_dags/tutorial_objectstorage.py
[2024-05-24T17:46:48.276+0700] {processor.py:840} INFO - DAG(s) 'tutorial_objectstorage' retrieved from /mnt/d/Programming/Vietnamese-Text-Generator/airflow_env/lib/python3.10/site-packages/airflow/example_dags/tutorial_objectstorage.py
[2024-05-24T17:46:48.320+0700] {logging_mixin.py:188} INFO - [2024-05-24T17:46:48.318+0700] {dag.py:3096} INFO - Sync 1 DAGs
[2024-05-24T17:46:48.339+0700] {logging_mixin.py:188} INFO - [2024-05-24T17:46:48.338+0700] {dag.py:3954} INFO - Setting next_dagrun for tutorial_objectstorage to None, run_after=None
[2024-05-24T17:46:48.422+0700] {processor.py:183} INFO - Processing /mnt/d/Programming/Vietnamese-Text-Generator/airflow_env/lib/python3.10/site-packages/airflow/example_dags/tutorial_objectstorage.py took 0.205 seconds
[2024-05-24T17:47:32.214+0700] {processor.py:161} INFO - Started process (PID=8248) to work on /mnt/d/Programming/Vietnamese-Text-Generator/airflow_env/lib/python3.10/site-packages/airflow/example_dags/tutorial_objectstorage.py
[2024-05-24T17:47:32.217+0700] {processor.py:830} INFO - Processing file /mnt/d/Programming/Vietnamese-Text-Generator/airflow_env/lib/python3.10/site-packages/airflow/example_dags/tutorial_objectstorage.py for tasks to queue
[2024-05-24T17:47:32.222+0700] {logging_mixin.py:188} INFO - [2024-05-24T17:47:32.220+0700] {dagbag.py:540} INFO - Filling up the DagBag from /mnt/d/Programming/Vietnamese-Text-Generator/airflow_env/lib/python3.10/site-packages/airflow/example_dags/tutorial_objectstorage.py
[2024-05-24T17:47:32.255+0700] {processor.py:840} INFO - DAG(s) 'tutorial_objectstorage' retrieved from /mnt/d/Programming/Vietnamese-Text-Generator/airflow_env/lib/python3.10/site-packages/airflow/example_dags/tutorial_objectstorage.py
[2024-05-24T17:47:32.287+0700] {logging_mixin.py:188} INFO - [2024-05-24T17:47:32.286+0700] {dag.py:3096} INFO - Sync 1 DAGs
[2024-05-24T17:47:32.302+0700] {logging_mixin.py:188} INFO - [2024-05-24T17:47:32.301+0700] {dag.py:3954} INFO - Setting next_dagrun for tutorial_objectstorage to None, run_after=None
[2024-05-24T17:47:32.370+0700] {processor.py:183} INFO - Processing /mnt/d/Programming/Vietnamese-Text-Generator/airflow_env/lib/python3.10/site-packages/airflow/example_dags/tutorial_objectstorage.py took 0.172 seconds
[2024-05-24T17:48:56.500+0700] {processor.py:161} INFO - Started process (PID=8632) to work on /mnt/d/Programming/Vietnamese-Text-Generator/airflow_env/lib/python3.10/site-packages/airflow/example_dags/tutorial_objectstorage.py
[2024-05-24T17:48:56.506+0700] {processor.py:830} INFO - Processing file /mnt/d/Programming/Vietnamese-Text-Generator/airflow_env/lib/python3.10/site-packages/airflow/example_dags/tutorial_objectstorage.py for tasks to queue
[2024-05-24T17:48:56.522+0700] {logging_mixin.py:188} INFO - [2024-05-24T17:48:56.519+0700] {dagbag.py:540} INFO - Filling up the DagBag from /mnt/d/Programming/Vietnamese-Text-Generator/airflow_env/lib/python3.10/site-packages/airflow/example_dags/tutorial_objectstorage.py
[2024-05-24T17:48:56.601+0700] {processor.py:840} INFO - DAG(s) 'tutorial_objectstorage' retrieved from /mnt/d/Programming/Vietnamese-Text-Generator/airflow_env/lib/python3.10/site-packages/airflow/example_dags/tutorial_objectstorage.py
[2024-05-24T17:48:56.682+0700] {logging_mixin.py:188} INFO - [2024-05-24T17:48:56.680+0700] {dag.py:3096} INFO - Sync 1 DAGs
[2024-05-24T17:48:56.728+0700] {logging_mixin.py:188} INFO - [2024-05-24T17:48:56.725+0700] {dag.py:3954} INFO - Setting next_dagrun for tutorial_objectstorage to None, run_after=None
[2024-05-24T17:48:56.913+0700] {processor.py:183} INFO - Processing /mnt/d/Programming/Vietnamese-Text-Generator/airflow_env/lib/python3.10/site-packages/airflow/example_dags/tutorial_objectstorage.py took 0.450 seconds
[2024-05-24T17:50:00.940+0700] {processor.py:161} INFO - Started process (PID=8915) to work on /mnt/d/Programming/Vietnamese-Text-Generator/airflow_env/lib/python3.10/site-packages/airflow/example_dags/tutorial_objectstorage.py
[2024-05-24T17:50:00.946+0700] {processor.py:830} INFO - Processing file /mnt/d/Programming/Vietnamese-Text-Generator/airflow_env/lib/python3.10/site-packages/airflow/example_dags/tutorial_objectstorage.py for tasks to queue
[2024-05-24T17:50:00.957+0700] {logging_mixin.py:188} INFO - [2024-05-24T17:50:00.954+0700] {dagbag.py:540} INFO - Filling up the DagBag from /mnt/d/Programming/Vietnamese-Text-Generator/airflow_env/lib/python3.10/site-packages/airflow/example_dags/tutorial_objectstorage.py
[2024-05-24T17:50:01.050+0700] {processor.py:840} INFO - DAG(s) 'tutorial_objectstorage' retrieved from /mnt/d/Programming/Vietnamese-Text-Generator/airflow_env/lib/python3.10/site-packages/airflow/example_dags/tutorial_objectstorage.py
[2024-05-24T17:50:01.126+0700] {logging_mixin.py:188} INFO - [2024-05-24T17:50:01.124+0700] {dag.py:3096} INFO - Sync 1 DAGs
[2024-05-24T17:50:01.163+0700] {logging_mixin.py:188} INFO - [2024-05-24T17:50:01.161+0700] {dag.py:3954} INFO - Setting next_dagrun for tutorial_objectstorage to None, run_after=None
[2024-05-24T17:50:01.332+0700] {processor.py:183} INFO - Processing /mnt/d/Programming/Vietnamese-Text-Generator/airflow_env/lib/python3.10/site-packages/airflow/example_dags/tutorial_objectstorage.py took 0.436 seconds
[2024-05-24T17:51:07.125+0700] {processor.py:161} INFO - Started process (PID=9201) to work on /mnt/d/Programming/Vietnamese-Text-Generator/airflow_env/lib/python3.10/site-packages/airflow/example_dags/tutorial_objectstorage.py
[2024-05-24T17:51:07.130+0700] {processor.py:830} INFO - Processing file /mnt/d/Programming/Vietnamese-Text-Generator/airflow_env/lib/python3.10/site-packages/airflow/example_dags/tutorial_objectstorage.py for tasks to queue
[2024-05-24T17:51:07.140+0700] {logging_mixin.py:188} INFO - [2024-05-24T17:51:07.137+0700] {dagbag.py:540} INFO - Filling up the DagBag from /mnt/d/Programming/Vietnamese-Text-Generator/airflow_env/lib/python3.10/site-packages/airflow/example_dags/tutorial_objectstorage.py
[2024-05-24T17:51:07.235+0700] {processor.py:840} INFO - DAG(s) 'tutorial_objectstorage' retrieved from /mnt/d/Programming/Vietnamese-Text-Generator/airflow_env/lib/python3.10/site-packages/airflow/example_dags/tutorial_objectstorage.py
[2024-05-24T17:51:07.328+0700] {logging_mixin.py:188} INFO - [2024-05-24T17:51:07.325+0700] {dag.py:3096} INFO - Sync 1 DAGs
[2024-05-24T17:51:07.366+0700] {logging_mixin.py:188} INFO - [2024-05-24T17:51:07.364+0700] {dag.py:3954} INFO - Setting next_dagrun for tutorial_objectstorage to None, run_after=None
[2024-05-24T17:51:07.494+0700] {processor.py:183} INFO - Processing /mnt/d/Programming/Vietnamese-Text-Generator/airflow_env/lib/python3.10/site-packages/airflow/example_dags/tutorial_objectstorage.py took 0.408 seconds
[2024-05-24T17:52:19.392+0700] {processor.py:161} INFO - Started process (PID=9521) to work on /mnt/d/Programming/Vietnamese-Text-Generator/airflow_env/lib/python3.10/site-packages/airflow/example_dags/tutorial_objectstorage.py
[2024-05-24T17:52:19.396+0700] {processor.py:830} INFO - Processing file /mnt/d/Programming/Vietnamese-Text-Generator/airflow_env/lib/python3.10/site-packages/airflow/example_dags/tutorial_objectstorage.py for tasks to queue
[2024-05-24T17:52:19.404+0700] {logging_mixin.py:188} INFO - [2024-05-24T17:52:19.401+0700] {dagbag.py:540} INFO - Filling up the DagBag from /mnt/d/Programming/Vietnamese-Text-Generator/airflow_env/lib/python3.10/site-packages/airflow/example_dags/tutorial_objectstorage.py
[2024-05-24T17:52:19.454+0700] {processor.py:840} INFO - DAG(s) 'tutorial_objectstorage' retrieved from /mnt/d/Programming/Vietnamese-Text-Generator/airflow_env/lib/python3.10/site-packages/airflow/example_dags/tutorial_objectstorage.py
[2024-05-24T17:52:19.504+0700] {logging_mixin.py:188} INFO - [2024-05-24T17:52:19.502+0700] {dag.py:3096} INFO - Sync 1 DAGs
[2024-05-24T17:52:19.533+0700] {logging_mixin.py:188} INFO - [2024-05-24T17:52:19.531+0700] {dag.py:3954} INFO - Setting next_dagrun for tutorial_objectstorage to None, run_after=None
[2024-05-24T17:52:19.667+0700] {processor.py:183} INFO - Processing /mnt/d/Programming/Vietnamese-Text-Generator/airflow_env/lib/python3.10/site-packages/airflow/example_dags/tutorial_objectstorage.py took 0.301 seconds
[2024-05-24T17:53:26.396+0700] {processor.py:161} INFO - Started process (PID=9811) to work on /mnt/d/Programming/Vietnamese-Text-Generator/airflow_env/lib/python3.10/site-packages/airflow/example_dags/tutorial_objectstorage.py
[2024-05-24T17:53:26.401+0700] {processor.py:830} INFO - Processing file /mnt/d/Programming/Vietnamese-Text-Generator/airflow_env/lib/python3.10/site-packages/airflow/example_dags/tutorial_objectstorage.py for tasks to queue
[2024-05-24T17:53:26.412+0700] {logging_mixin.py:188} INFO - [2024-05-24T17:53:26.408+0700] {dagbag.py:540} INFO - Filling up the DagBag from /mnt/d/Programming/Vietnamese-Text-Generator/airflow_env/lib/python3.10/site-packages/airflow/example_dags/tutorial_objectstorage.py
[2024-05-24T17:53:26.492+0700] {processor.py:840} INFO - DAG(s) 'tutorial_objectstorage' retrieved from /mnt/d/Programming/Vietnamese-Text-Generator/airflow_env/lib/python3.10/site-packages/airflow/example_dags/tutorial_objectstorage.py
[2024-05-24T17:53:26.587+0700] {logging_mixin.py:188} INFO - [2024-05-24T17:53:26.583+0700] {dag.py:3096} INFO - Sync 1 DAGs
[2024-05-24T17:53:26.638+0700] {logging_mixin.py:188} INFO - [2024-05-24T17:53:26.635+0700] {dag.py:3954} INFO - Setting next_dagrun for tutorial_objectstorage to None, run_after=None
[2024-05-24T17:53:26.849+0700] {processor.py:183} INFO - Processing /mnt/d/Programming/Vietnamese-Text-Generator/airflow_env/lib/python3.10/site-packages/airflow/example_dags/tutorial_objectstorage.py took 0.491 seconds
[2024-05-24T17:54:36.060+0700] {processor.py:161} INFO - Started process (PID=10116) to work on /mnt/d/Programming/Vietnamese-Text-Generator/airflow_env/lib/python3.10/site-packages/airflow/example_dags/tutorial_objectstorage.py
[2024-05-24T17:54:36.066+0700] {processor.py:830} INFO - Processing file /mnt/d/Programming/Vietnamese-Text-Generator/airflow_env/lib/python3.10/site-packages/airflow/example_dags/tutorial_objectstorage.py for tasks to queue
[2024-05-24T17:54:36.077+0700] {logging_mixin.py:188} INFO - [2024-05-24T17:54:36.073+0700] {dagbag.py:540} INFO - Filling up the DagBag from /mnt/d/Programming/Vietnamese-Text-Generator/airflow_env/lib/python3.10/site-packages/airflow/example_dags/tutorial_objectstorage.py
[2024-05-24T17:54:36.169+0700] {processor.py:840} INFO - DAG(s) 'tutorial_objectstorage' retrieved from /mnt/d/Programming/Vietnamese-Text-Generator/airflow_env/lib/python3.10/site-packages/airflow/example_dags/tutorial_objectstorage.py
[2024-05-24T17:54:36.260+0700] {logging_mixin.py:188} INFO - [2024-05-24T17:54:36.257+0700] {dag.py:3096} INFO - Sync 1 DAGs
[2024-05-24T17:54:36.312+0700] {logging_mixin.py:188} INFO - [2024-05-24T17:54:36.309+0700] {dag.py:3954} INFO - Setting next_dagrun for tutorial_objectstorage to None, run_after=None
[2024-05-24T17:54:36.522+0700] {processor.py:183} INFO - Processing /mnt/d/Programming/Vietnamese-Text-Generator/airflow_env/lib/python3.10/site-packages/airflow/example_dags/tutorial_objectstorage.py took 0.506 seconds
[2024-05-24T17:55:46.332+0700] {processor.py:161} INFO - Started process (PID=10423) to work on /mnt/d/Programming/Vietnamese-Text-Generator/airflow_env/lib/python3.10/site-packages/airflow/example_dags/tutorial_objectstorage.py
[2024-05-24T17:55:46.337+0700] {processor.py:830} INFO - Processing file /mnt/d/Programming/Vietnamese-Text-Generator/airflow_env/lib/python3.10/site-packages/airflow/example_dags/tutorial_objectstorage.py for tasks to queue
[2024-05-24T17:55:46.348+0700] {logging_mixin.py:188} INFO - [2024-05-24T17:55:46.345+0700] {dagbag.py:540} INFO - Filling up the DagBag from /mnt/d/Programming/Vietnamese-Text-Generator/airflow_env/lib/python3.10/site-packages/airflow/example_dags/tutorial_objectstorage.py
[2024-05-24T17:55:46.425+0700] {processor.py:840} INFO - DAG(s) 'tutorial_objectstorage' retrieved from /mnt/d/Programming/Vietnamese-Text-Generator/airflow_env/lib/python3.10/site-packages/airflow/example_dags/tutorial_objectstorage.py
[2024-05-24T17:55:46.506+0700] {logging_mixin.py:188} INFO - [2024-05-24T17:55:46.503+0700] {dag.py:3096} INFO - Sync 1 DAGs
[2024-05-24T17:55:46.552+0700] {logging_mixin.py:188} INFO - [2024-05-24T17:55:46.550+0700] {dag.py:3954} INFO - Setting next_dagrun for tutorial_objectstorage to None, run_after=None
[2024-05-24T17:55:46.734+0700] {processor.py:183} INFO - Processing /mnt/d/Programming/Vietnamese-Text-Generator/airflow_env/lib/python3.10/site-packages/airflow/example_dags/tutorial_objectstorage.py took 0.440 seconds
[2024-05-24T17:56:55.898+0700] {processor.py:161} INFO - Started process (PID=10727) to work on /mnt/d/Programming/Vietnamese-Text-Generator/airflow_env/lib/python3.10/site-packages/airflow/example_dags/tutorial_objectstorage.py
[2024-05-24T17:56:55.905+0700] {processor.py:830} INFO - Processing file /mnt/d/Programming/Vietnamese-Text-Generator/airflow_env/lib/python3.10/site-packages/airflow/example_dags/tutorial_objectstorage.py for tasks to queue
[2024-05-24T17:56:55.922+0700] {logging_mixin.py:188} INFO - [2024-05-24T17:56:55.917+0700] {dagbag.py:540} INFO - Filling up the DagBag from /mnt/d/Programming/Vietnamese-Text-Generator/airflow_env/lib/python3.10/site-packages/airflow/example_dags/tutorial_objectstorage.py
[2024-05-24T17:56:56.023+0700] {processor.py:840} INFO - DAG(s) 'tutorial_objectstorage' retrieved from /mnt/d/Programming/Vietnamese-Text-Generator/airflow_env/lib/python3.10/site-packages/airflow/example_dags/tutorial_objectstorage.py
[2024-05-24T17:56:56.166+0700] {logging_mixin.py:188} INFO - [2024-05-24T17:56:56.162+0700] {dag.py:3096} INFO - Sync 1 DAGs
[2024-05-24T17:56:56.234+0700] {logging_mixin.py:188} INFO - [2024-05-24T17:56:56.231+0700] {dag.py:3954} INFO - Setting next_dagrun for tutorial_objectstorage to None, run_after=None
[2024-05-24T17:56:56.474+0700] {processor.py:183} INFO - Processing /mnt/d/Programming/Vietnamese-Text-Generator/airflow_env/lib/python3.10/site-packages/airflow/example_dags/tutorial_objectstorage.py took 0.623 seconds
[2024-05-24T17:58:05.238+0700] {processor.py:161} INFO - Started process (PID=11028) to work on /mnt/d/Programming/Vietnamese-Text-Generator/airflow_env/lib/python3.10/site-packages/airflow/example_dags/tutorial_objectstorage.py
[2024-05-24T17:58:05.245+0700] {processor.py:830} INFO - Processing file /mnt/d/Programming/Vietnamese-Text-Generator/airflow_env/lib/python3.10/site-packages/airflow/example_dags/tutorial_objectstorage.py for tasks to queue
[2024-05-24T17:58:05.256+0700] {logging_mixin.py:188} INFO - [2024-05-24T17:58:05.252+0700] {dagbag.py:540} INFO - Filling up the DagBag from /mnt/d/Programming/Vietnamese-Text-Generator/airflow_env/lib/python3.10/site-packages/airflow/example_dags/tutorial_objectstorage.py
[2024-05-24T17:58:05.354+0700] {processor.py:840} INFO - DAG(s) 'tutorial_objectstorage' retrieved from /mnt/d/Programming/Vietnamese-Text-Generator/airflow_env/lib/python3.10/site-packages/airflow/example_dags/tutorial_objectstorage.py
[2024-05-24T17:58:05.442+0700] {logging_mixin.py:188} INFO - [2024-05-24T17:58:05.439+0700] {dag.py:3096} INFO - Sync 1 DAGs
[2024-05-24T17:58:05.491+0700] {logging_mixin.py:188} INFO - [2024-05-24T17:58:05.487+0700] {dag.py:3954} INFO - Setting next_dagrun for tutorial_objectstorage to None, run_after=None
[2024-05-24T17:58:05.680+0700] {processor.py:183} INFO - Processing /mnt/d/Programming/Vietnamese-Text-Generator/airflow_env/lib/python3.10/site-packages/airflow/example_dags/tutorial_objectstorage.py took 0.490 seconds
[2024-05-24T17:59:11.765+0700] {processor.py:161} INFO - Started process (PID=11318) to work on /mnt/d/Programming/Vietnamese-Text-Generator/airflow_env/lib/python3.10/site-packages/airflow/example_dags/tutorial_objectstorage.py
[2024-05-24T17:59:11.771+0700] {processor.py:830} INFO - Processing file /mnt/d/Programming/Vietnamese-Text-Generator/airflow_env/lib/python3.10/site-packages/airflow/example_dags/tutorial_objectstorage.py for tasks to queue
[2024-05-24T17:59:11.783+0700] {logging_mixin.py:188} INFO - [2024-05-24T17:59:11.779+0700] {dagbag.py:540} INFO - Filling up the DagBag from /mnt/d/Programming/Vietnamese-Text-Generator/airflow_env/lib/python3.10/site-packages/airflow/example_dags/tutorial_objectstorage.py
[2024-05-24T17:59:11.862+0700] {processor.py:840} INFO - DAG(s) 'tutorial_objectstorage' retrieved from /mnt/d/Programming/Vietnamese-Text-Generator/airflow_env/lib/python3.10/site-packages/airflow/example_dags/tutorial_objectstorage.py
[2024-05-24T17:59:11.941+0700] {logging_mixin.py:188} INFO - [2024-05-24T17:59:11.938+0700] {dag.py:3096} INFO - Sync 1 DAGs
[2024-05-24T17:59:11.986+0700] {logging_mixin.py:188} INFO - [2024-05-24T17:59:11.983+0700] {dag.py:3954} INFO - Setting next_dagrun for tutorial_objectstorage to None, run_after=None
[2024-05-24T17:59:12.164+0700] {processor.py:183} INFO - Processing /mnt/d/Programming/Vietnamese-Text-Generator/airflow_env/lib/python3.10/site-packages/airflow/example_dags/tutorial_objectstorage.py took 0.436 seconds
[2024-05-24T18:00:19.734+0700] {processor.py:161} INFO - Started process (PID=11613) to work on /mnt/d/Programming/Vietnamese-Text-Generator/airflow_env/lib/python3.10/site-packages/airflow/example_dags/tutorial_objectstorage.py
[2024-05-24T18:00:19.741+0700] {processor.py:830} INFO - Processing file /mnt/d/Programming/Vietnamese-Text-Generator/airflow_env/lib/python3.10/site-packages/airflow/example_dags/tutorial_objectstorage.py for tasks to queue
[2024-05-24T18:00:19.755+0700] {logging_mixin.py:188} INFO - [2024-05-24T18:00:19.751+0700] {dagbag.py:540} INFO - Filling up the DagBag from /mnt/d/Programming/Vietnamese-Text-Generator/airflow_env/lib/python3.10/site-packages/airflow/example_dags/tutorial_objectstorage.py
[2024-05-24T18:00:19.865+0700] {processor.py:840} INFO - DAG(s) 'tutorial_objectstorage' retrieved from /mnt/d/Programming/Vietnamese-Text-Generator/airflow_env/lib/python3.10/site-packages/airflow/example_dags/tutorial_objectstorage.py
[2024-05-24T18:00:19.944+0700] {logging_mixin.py:188} INFO - [2024-05-24T18:00:19.941+0700] {dag.py:3096} INFO - Sync 1 DAGs
[2024-05-24T18:00:19.983+0700] {logging_mixin.py:188} INFO - [2024-05-24T18:00:19.980+0700] {dag.py:3954} INFO - Setting next_dagrun for tutorial_objectstorage to None, run_after=None
[2024-05-24T18:00:20.163+0700] {processor.py:183} INFO - Processing /mnt/d/Programming/Vietnamese-Text-Generator/airflow_env/lib/python3.10/site-packages/airflow/example_dags/tutorial_objectstorage.py took 0.482 seconds
[2024-05-24T18:01:27.366+0700] {processor.py:161} INFO - Started process (PID=11909) to work on /mnt/d/Programming/Vietnamese-Text-Generator/airflow_env/lib/python3.10/site-packages/airflow/example_dags/tutorial_objectstorage.py
[2024-05-24T18:01:27.368+0700] {processor.py:830} INFO - Processing file /mnt/d/Programming/Vietnamese-Text-Generator/airflow_env/lib/python3.10/site-packages/airflow/example_dags/tutorial_objectstorage.py for tasks to queue
[2024-05-24T18:01:27.372+0700] {logging_mixin.py:188} INFO - [2024-05-24T18:01:27.371+0700] {dagbag.py:540} INFO - Filling up the DagBag from /mnt/d/Programming/Vietnamese-Text-Generator/airflow_env/lib/python3.10/site-packages/airflow/example_dags/tutorial_objectstorage.py
[2024-05-24T18:01:27.394+0700] {processor.py:840} INFO - DAG(s) 'tutorial_objectstorage' retrieved from /mnt/d/Programming/Vietnamese-Text-Generator/airflow_env/lib/python3.10/site-packages/airflow/example_dags/tutorial_objectstorage.py
[2024-05-24T18:01:27.424+0700] {logging_mixin.py:188} INFO - [2024-05-24T18:01:27.423+0700] {dag.py:3096} INFO - Sync 1 DAGs
[2024-05-24T18:01:27.442+0700] {logging_mixin.py:188} INFO - [2024-05-24T18:01:27.440+0700] {dag.py:3954} INFO - Setting next_dagrun for tutorial_objectstorage to None, run_after=None
[2024-05-24T18:01:27.525+0700] {processor.py:183} INFO - Processing /mnt/d/Programming/Vietnamese-Text-Generator/airflow_env/lib/python3.10/site-packages/airflow/example_dags/tutorial_objectstorage.py took 0.172 seconds
[2024-05-24T18:02:39.476+0700] {processor.py:161} INFO - Started process (PID=12222) to work on /mnt/d/Programming/Vietnamese-Text-Generator/airflow_env/lib/python3.10/site-packages/airflow/example_dags/tutorial_objectstorage.py
[2024-05-24T18:02:39.483+0700] {processor.py:830} INFO - Processing file /mnt/d/Programming/Vietnamese-Text-Generator/airflow_env/lib/python3.10/site-packages/airflow/example_dags/tutorial_objectstorage.py for tasks to queue
[2024-05-24T18:02:39.494+0700] {logging_mixin.py:188} INFO - [2024-05-24T18:02:39.491+0700] {dagbag.py:540} INFO - Filling up the DagBag from /mnt/d/Programming/Vietnamese-Text-Generator/airflow_env/lib/python3.10/site-packages/airflow/example_dags/tutorial_objectstorage.py
[2024-05-24T18:02:39.589+0700] {processor.py:840} INFO - DAG(s) 'tutorial_objectstorage' retrieved from /mnt/d/Programming/Vietnamese-Text-Generator/airflow_env/lib/python3.10/site-packages/airflow/example_dags/tutorial_objectstorage.py
[2024-05-24T18:02:39.682+0700] {logging_mixin.py:188} INFO - [2024-05-24T18:02:39.678+0700] {dag.py:3096} INFO - Sync 1 DAGs
[2024-05-24T18:02:39.733+0700] {logging_mixin.py:188} INFO - [2024-05-24T18:02:39.730+0700] {dag.py:3954} INFO - Setting next_dagrun for tutorial_objectstorage to None, run_after=None
[2024-05-24T18:02:39.938+0700] {processor.py:183} INFO - Processing /mnt/d/Programming/Vietnamese-Text-Generator/airflow_env/lib/python3.10/site-packages/airflow/example_dags/tutorial_objectstorage.py took 0.509 seconds
[2024-05-24T18:03:52.048+0700] {processor.py:161} INFO - Started process (PID=12539) to work on /mnt/d/Programming/Vietnamese-Text-Generator/airflow_env/lib/python3.10/site-packages/airflow/example_dags/tutorial_objectstorage.py
[2024-05-24T18:03:52.054+0700] {processor.py:830} INFO - Processing file /mnt/d/Programming/Vietnamese-Text-Generator/airflow_env/lib/python3.10/site-packages/airflow/example_dags/tutorial_objectstorage.py for tasks to queue
[2024-05-24T18:03:52.066+0700] {logging_mixin.py:188} INFO - [2024-05-24T18:03:52.062+0700] {dagbag.py:540} INFO - Filling up the DagBag from /mnt/d/Programming/Vietnamese-Text-Generator/airflow_env/lib/python3.10/site-packages/airflow/example_dags/tutorial_objectstorage.py
[2024-05-24T18:03:52.158+0700] {processor.py:840} INFO - DAG(s) 'tutorial_objectstorage' retrieved from /mnt/d/Programming/Vietnamese-Text-Generator/airflow_env/lib/python3.10/site-packages/airflow/example_dags/tutorial_objectstorage.py
[2024-05-24T18:03:52.250+0700] {logging_mixin.py:188} INFO - [2024-05-24T18:03:52.246+0700] {dag.py:3096} INFO - Sync 1 DAGs
[2024-05-24T18:03:52.304+0700] {logging_mixin.py:188} INFO - [2024-05-24T18:03:52.300+0700] {dag.py:3954} INFO - Setting next_dagrun for tutorial_objectstorage to None, run_after=None
[2024-05-24T18:03:52.516+0700] {processor.py:183} INFO - Processing /mnt/d/Programming/Vietnamese-Text-Generator/airflow_env/lib/python3.10/site-packages/airflow/example_dags/tutorial_objectstorage.py took 0.514 seconds
[2024-05-24T18:05:02.223+0700] {processor.py:161} INFO - Started process (PID=12847) to work on /mnt/d/Programming/Vietnamese-Text-Generator/airflow_env/lib/python3.10/site-packages/airflow/example_dags/tutorial_objectstorage.py
[2024-05-24T18:05:02.228+0700] {processor.py:830} INFO - Processing file /mnt/d/Programming/Vietnamese-Text-Generator/airflow_env/lib/python3.10/site-packages/airflow/example_dags/tutorial_objectstorage.py for tasks to queue
[2024-05-24T18:05:02.239+0700] {logging_mixin.py:188} INFO - [2024-05-24T18:05:02.235+0700] {dagbag.py:540} INFO - Filling up the DagBag from /mnt/d/Programming/Vietnamese-Text-Generator/airflow_env/lib/python3.10/site-packages/airflow/example_dags/tutorial_objectstorage.py
[2024-05-24T18:05:02.316+0700] {processor.py:840} INFO - DAG(s) 'tutorial_objectstorage' retrieved from /mnt/d/Programming/Vietnamese-Text-Generator/airflow_env/lib/python3.10/site-packages/airflow/example_dags/tutorial_objectstorage.py
[2024-05-24T18:05:02.398+0700] {logging_mixin.py:188} INFO - [2024-05-24T18:05:02.395+0700] {dag.py:3096} INFO - Sync 1 DAGs
[2024-05-24T18:05:02.443+0700] {logging_mixin.py:188} INFO - [2024-05-24T18:05:02.440+0700] {dag.py:3954} INFO - Setting next_dagrun for tutorial_objectstorage to None, run_after=None
[2024-05-24T18:05:02.650+0700] {processor.py:183} INFO - Processing /mnt/d/Programming/Vietnamese-Text-Generator/airflow_env/lib/python3.10/site-packages/airflow/example_dags/tutorial_objectstorage.py took 0.467 seconds
