[2024-04-29T17:03:26.071+0700] {local_task_job_runner.py:120} INFO - ::group::Pre task execution logs
[2024-04-29T17:03:26.173+0700] {taskinstance.py:2073} INFO - Dependencies all met for dep_context=non-requeueable deps ti=<TaskInstance: ETL-VNExpress.transform_load manual__2024-04-29T10:02:49.270385+00:00 [queued]>
[2024-04-29T17:03:26.190+0700] {taskinstance.py:2073} INFO - Dependencies all met for dep_context=requeueable deps ti=<TaskInstance: ETL-VNExpress.transform_load manual__2024-04-29T10:02:49.270385+00:00 [queued]>
[2024-04-29T17:03:26.191+0700] {taskinstance.py:2303} INFO - Starting attempt 1 of 1
[2024-04-29T17:03:26.235+0700] {taskinstance.py:2327} INFO - Executing <Task(PythonOperator): transform_load> on 2024-04-29 10:02:49.270385+00:00
[2024-04-29T17:03:26.241+0700] {standard_task_runner.py:63} INFO - Started process 62879 to run task
[2024-04-29T17:03:26.248+0700] {standard_task_runner.py:90} INFO - Running: ['airflow', 'tasks', 'run', 'ETL-VNExpress', 'transform_load', 'manual__2024-04-29T10:02:49.270385+00:00', '--job-id', '15', '--raw', '--subdir', 'DAGS_FOLDER/scape_news.py', '--cfg-path', '/tmp/tmp8qtlgc72']
[2024-04-29T17:03:26.250+0700] {standard_task_runner.py:91} INFO - Job 15: Subtask transform_load
[2024-04-29T17:03:26.353+0700] {task_command.py:426} INFO - Running <TaskInstance: ETL-VNExpress.transform_load manual__2024-04-29T10:02:49.270385+00:00 [running]> on host DESKTOP-BEALJ3H.
[2024-04-29T17:03:26.479+0700] {taskinstance.py:2644} INFO - Exporting env vars: AIRFLOW_CTX_DAG_OWNER='airflow' AIRFLOW_CTX_DAG_ID='ETL-VNExpress' AIRFLOW_CTX_TASK_ID='transform_load' AIRFLOW_CTX_EXECUTION_DATE='2024-04-29T10:02:49.270385+00:00' AIRFLOW_CTX_TRY_NUMBER='1' AIRFLOW_CTX_DAG_RUN_ID='manual__2024-04-29T10:02:49.270385+00:00'
[2024-04-29T17:03:26.481+0700] {taskinstance.py:430} INFO - ::endgroup::
[2024-04-29T17:03:26.986+0700] {logging_mixin.py:188} WARNING - /mnt/d/Programming/Vietnamese-Text-Generator/airflow/plugins/clean_data.py:48 SettingWithCopyWarning: 
A value is trying to be set on a copy of a slice from a DataFrame.
Try using .loc[row_indexer,col_indexer] = value instead

See the caveats in the documentation: https://pandas.pydata.org/pandas-docs/stable/user_guide/indexing.html#returning-a-view-versus-a-copy
[2024-04-29T17:03:26.993+0700] {logging_mixin.py:188} WARNING - /mnt/d/Programming/Vietnamese-Text-Generator/airflow/plugins/clean_data.py:51 SettingWithCopyWarning: 
A value is trying to be set on a copy of a slice from a DataFrame

See the caveats in the documentation: https://pandas.pydata.org/pandas-docs/stable/user_guide/indexing.html#returning-a-view-versus-a-copy
[2024-04-29T17:03:27.003+0700] {logging_mixin.py:188} WARNING - /mnt/d/Programming/Vietnamese-Text-Generator/airflow/plugins/clean_data.py:53 SettingWithCopyWarning: 
A value is trying to be set on a copy of a slice from a DataFrame.
Try using .loc[row_indexer,col_indexer] = value instead

See the caveats in the documentation: https://pandas.pydata.org/pandas-docs/stable/user_guide/indexing.html#returning-a-view-versus-a-copy
[2024-04-29T17:03:31.136+0700] {logging_mixin.py:188} WARNING -   0%|          | 0/2 [00:00<?, ?it/s]
[2024-04-29T17:03:33.244+0700] {logging_mixin.py:188} WARNING - 100%|##########| 2/2 [00:02<00:00,  1.05s/it]
[2024-04-29T17:03:33.246+0700] {logging_mixin.py:188} WARNING - 100%|##########| 2/2 [00:02<00:00,  1.05s/it]
[2024-04-29T17:03:33.248+0700] {python.py:237} INFO - Done. Returned value was: None
[2024-04-29T17:03:33.250+0700] {taskinstance.py:441} INFO - ::group::Post task execution logs
[2024-04-29T17:03:33.274+0700] {taskinstance.py:1205} INFO - Marking task as SUCCESS. dag_id=ETL-VNExpress, task_id=transform_load, execution_date=20240429T100249, start_date=20240429T100326, end_date=20240429T100333
[2024-04-29T17:03:33.367+0700] {local_task_job_runner.py:240} INFO - Task exited with return code 0
[2024-04-29T17:03:33.425+0700] {taskinstance.py:3482} INFO - 1 downstream tasks scheduled from follow-on schedule check
[2024-04-29T17:03:33.442+0700] {local_task_job_runner.py:222} INFO - ::endgroup::
