[2024-05-23T16:45:30.681+0700] {local_task_job_runner.py:120} INFO - ::group::Pre task execution logs
[2024-05-23T16:45:30.888+0700] {taskinstance.py:2073} INFO - Dependencies all met for dep_context=non-requeueable deps ti=<TaskInstance: ETL-VNExpress.transform_load manual__2024-05-23T09:38:35.816585+00:00 [queued]>
[2024-05-23T16:45:30.907+0700] {taskinstance.py:2073} INFO - Dependencies all met for dep_context=requeueable deps ti=<TaskInstance: ETL-VNExpress.transform_load manual__2024-05-23T09:38:35.816585+00:00 [queued]>
[2024-05-23T16:45:30.909+0700] {taskinstance.py:2303} INFO - Starting attempt 1 of 1
[2024-05-23T16:45:30.952+0700] {taskinstance.py:2327} INFO - Executing <Task(PythonOperator): transform_load> on 2024-05-23 09:38:35.816585+00:00
[2024-05-23T16:45:30.959+0700] {standard_task_runner.py:63} INFO - Started process 19769 to run task
[2024-05-23T16:45:30.970+0700] {standard_task_runner.py:90} INFO - Running: ['airflow', 'tasks', 'run', 'ETL-VNExpress', 'transform_load', 'manual__2024-05-23T09:38:35.816585+00:00', '--job-id', '29', '--raw', '--subdir', 'DAGS_FOLDER/scape_news.py', '--cfg-path', '/tmp/tmp1ho48n5f']
[2024-05-23T16:45:30.972+0700] {standard_task_runner.py:91} INFO - Job 29: Subtask transform_load
[2024-05-23T16:45:31.083+0700] {task_command.py:426} INFO - Running <TaskInstance: ETL-VNExpress.transform_load manual__2024-05-23T09:38:35.816585+00:00 [running]> on host DESKTOP-BEALJ3H.
[2024-05-23T16:45:31.274+0700] {taskinstance.py:2644} INFO - Exporting env vars: AIRFLOW_CTX_DAG_OWNER='airflow' AIRFLOW_CTX_DAG_ID='ETL-VNExpress' AIRFLOW_CTX_TASK_ID='transform_load' AIRFLOW_CTX_EXECUTION_DATE='2024-05-23T09:38:35.816585+00:00' AIRFLOW_CTX_TRY_NUMBER='1' AIRFLOW_CTX_DAG_RUN_ID='manual__2024-05-23T09:38:35.816585+00:00'
[2024-05-23T16:45:31.277+0700] {taskinstance.py:430} INFO - ::endgroup::
[2024-05-23T16:45:48.260+0700] {logging_mixin.py:188} WARNING - /mnt/d/Programming/Vietnamese-Text-Generator/airflow/plugins/clean_data.py:68 SettingWithCopyWarning: 
A value is trying to be set on a copy of a slice from a DataFrame

See the caveats in the documentation: https://pandas.pydata.org/pandas-docs/stable/user_guide/indexing.html#returning-a-view-versus-a-copy
[2024-05-23T16:45:48.308+0700] {logging_mixin.py:188} WARNING - /mnt/d/Programming/Vietnamese-Text-Generator/airflow/plugins/clean_data.py:70 SettingWithCopyWarning: 
A value is trying to be set on a copy of a slice from a DataFrame.
Try using .loc[row_indexer,col_indexer] = value instead

See the caveats in the documentation: https://pandas.pydata.org/pandas-docs/stable/user_guide/indexing.html#returning-a-view-versus-a-copy
[2024-05-23T16:46:30.861+0700] {logging_mixin.py:188} WARNING -   0%|          | 0/6 [00:00<?, ?it/s]
[2024-05-23T16:46:32.833+0700] {logging_mixin.py:188} WARNING -  17%|#6        | 1/6 [00:01<00:09,  1.97s/it]
[2024-05-23T16:46:33.756+0700] {logging_mixin.py:188} WARNING -  33%|###3      | 2/6 [00:02<00:05,  1.35s/it]
[2024-05-23T16:46:33.943+0700] {logging_mixin.py:188} WARNING -  50%|#####     | 3/6 [00:03<00:02,  1.22it/s]
[2024-05-23T16:46:35.485+0700] {logging_mixin.py:188} WARNING -  67%|######6   | 4/6 [00:04<00:02,  1.11s/it]
[2024-05-23T16:46:38.773+0700] {logging_mixin.py:188} WARNING -  83%|########3 | 5/6 [00:07<00:01,  1.89s/it]
[2024-05-23T16:46:41.448+0700] {logging_mixin.py:188} WARNING - 100%|##########| 6/6 [00:10<00:00,  2.16s/it]
[2024-05-23T16:46:41.450+0700] {logging_mixin.py:188} WARNING - 100%|##########| 6/6 [00:10<00:00,  1.76s/it]
[2024-05-23T16:46:41.454+0700] {python.py:237} INFO - Done. Returned value was: None
[2024-05-23T16:46:41.456+0700] {taskinstance.py:441} INFO - ::group::Post task execution logs
[2024-05-23T16:46:41.485+0700] {taskinstance.py:1205} INFO - Marking task as SUCCESS. dag_id=ETL-VNExpress, task_id=transform_load, execution_date=20240523T093835, start_date=20240523T094530, end_date=20240523T094641
[2024-05-23T16:46:41.598+0700] {local_task_job_runner.py:240} INFO - Task exited with return code 0
[2024-05-23T16:46:41.674+0700] {taskinstance.py:3482} INFO - 1 downstream tasks scheduled from follow-on schedule check
[2024-05-23T16:46:41.692+0700] {local_task_job_runner.py:222} INFO - ::endgroup::
