[2024-05-24T17:01:02.720+0700] {processor.py:161} INFO - Started process (PID=1634) to work on /mnt/d/Programming/Vietnamese-Text-Generator/airflow_env/lib/python3.10/site-packages/airflow/example_dags/subdags/subdag.py
[2024-05-24T17:01:02.726+0700] {processor.py:830} INFO - Processing file /mnt/d/Programming/Vietnamese-Text-Generator/airflow_env/lib/python3.10/site-packages/airflow/example_dags/subdags/subdag.py for tasks to queue
[2024-05-24T17:01:02.735+0700] {logging_mixin.py:188} INFO - [2024-05-24T17:01:02.732+0700] {dagbag.py:540} INFO - Filling up the DagBag from /mnt/d/Programming/Vietnamese-Text-Generator/airflow_env/lib/python3.10/site-packages/airflow/example_dags/subdags/subdag.py
[2024-05-24T17:01:02.811+0700] {processor.py:842} WARNING - No viable dags retrieved from /mnt/d/Programming/Vietnamese-Text-Generator/airflow_env/lib/python3.10/site-packages/airflow/example_dags/subdags/subdag.py
[2024-05-24T17:01:02.864+0700] {processor.py:183} INFO - Processing /mnt/d/Programming/Vietnamese-Text-Generator/airflow_env/lib/python3.10/site-packages/airflow/example_dags/subdags/subdag.py took 0.181 seconds
[2024-05-24T17:03:08.512+0700] {processor.py:161} INFO - Started process (PID=2173) to work on /mnt/d/Programming/Vietnamese-Text-Generator/airflow_env/lib/python3.10/site-packages/airflow/example_dags/subdags/subdag.py
[2024-05-24T17:03:08.514+0700] {processor.py:830} INFO - Processing file /mnt/d/Programming/Vietnamese-Text-Generator/airflow_env/lib/python3.10/site-packages/airflow/example_dags/subdags/subdag.py for tasks to queue
[2024-05-24T17:03:08.519+0700] {logging_mixin.py:188} INFO - [2024-05-24T17:03:08.518+0700] {dagbag.py:540} INFO - Filling up the DagBag from /mnt/d/Programming/Vietnamese-Text-Generator/airflow_env/lib/python3.10/site-packages/airflow/example_dags/subdags/subdag.py
[2024-05-24T17:03:08.549+0700] {processor.py:842} WARNING - No viable dags retrieved from /mnt/d/Programming/Vietnamese-Text-Generator/airflow_env/lib/python3.10/site-packages/airflow/example_dags/subdags/subdag.py
[2024-05-24T17:03:08.587+0700] {processor.py:183} INFO - Processing /mnt/d/Programming/Vietnamese-Text-Generator/airflow_env/lib/python3.10/site-packages/airflow/example_dags/subdags/subdag.py took 0.100 seconds
[2024-05-24T17:04:24.132+0700] {processor.py:161} INFO - Started process (PID=2504) to work on /mnt/d/Programming/Vietnamese-Text-Generator/airflow_env/lib/python3.10/site-packages/airflow/example_dags/subdags/subdag.py
[2024-05-24T17:04:24.141+0700] {processor.py:830} INFO - Processing file /mnt/d/Programming/Vietnamese-Text-Generator/airflow_env/lib/python3.10/site-packages/airflow/example_dags/subdags/subdag.py for tasks to queue
[2024-05-24T17:04:24.153+0700] {logging_mixin.py:188} INFO - [2024-05-24T17:04:24.149+0700] {dagbag.py:540} INFO - Filling up the DagBag from /mnt/d/Programming/Vietnamese-Text-Generator/airflow_env/lib/python3.10/site-packages/airflow/example_dags/subdags/subdag.py
[2024-05-24T17:04:24.242+0700] {processor.py:842} WARNING - No viable dags retrieved from /mnt/d/Programming/Vietnamese-Text-Generator/airflow_env/lib/python3.10/site-packages/airflow/example_dags/subdags/subdag.py
[2024-05-24T17:04:24.312+0700] {processor.py:183} INFO - Processing /mnt/d/Programming/Vietnamese-Text-Generator/airflow_env/lib/python3.10/site-packages/airflow/example_dags/subdags/subdag.py took 0.225 seconds
[2024-05-24T17:05:31.088+0700] {processor.py:161} INFO - Started process (PID=2797) to work on /mnt/d/Programming/Vietnamese-Text-Generator/airflow_env/lib/python3.10/site-packages/airflow/example_dags/subdags/subdag.py
[2024-05-24T17:05:31.094+0700] {processor.py:830} INFO - Processing file /mnt/d/Programming/Vietnamese-Text-Generator/airflow_env/lib/python3.10/site-packages/airflow/example_dags/subdags/subdag.py for tasks to queue
[2024-05-24T17:05:31.108+0700] {logging_mixin.py:188} INFO - [2024-05-24T17:05:31.103+0700] {dagbag.py:540} INFO - Filling up the DagBag from /mnt/d/Programming/Vietnamese-Text-Generator/airflow_env/lib/python3.10/site-packages/airflow/example_dags/subdags/subdag.py
[2024-05-24T17:05:31.189+0700] {processor.py:842} WARNING - No viable dags retrieved from /mnt/d/Programming/Vietnamese-Text-Generator/airflow_env/lib/python3.10/site-packages/airflow/example_dags/subdags/subdag.py
[2024-05-24T17:05:31.263+0700] {processor.py:183} INFO - Processing /mnt/d/Programming/Vietnamese-Text-Generator/airflow_env/lib/python3.10/site-packages/airflow/example_dags/subdags/subdag.py took 0.223 seconds
[2024-05-24T17:06:41.376+0700] {processor.py:161} INFO - Started process (PID=3182) to work on /mnt/d/Programming/Vietnamese-Text-Generator/airflow_env/lib/python3.10/site-packages/airflow/example_dags/subdags/subdag.py
[2024-05-24T17:06:41.382+0700] {processor.py:830} INFO - Processing file /mnt/d/Programming/Vietnamese-Text-Generator/airflow_env/lib/python3.10/site-packages/airflow/example_dags/subdags/subdag.py for tasks to queue
[2024-05-24T17:06:41.395+0700] {logging_mixin.py:188} INFO - [2024-05-24T17:06:41.392+0700] {dagbag.py:540} INFO - Filling up the DagBag from /mnt/d/Programming/Vietnamese-Text-Generator/airflow_env/lib/python3.10/site-packages/airflow/example_dags/subdags/subdag.py
[2024-05-24T17:06:41.467+0700] {processor.py:842} WARNING - No viable dags retrieved from /mnt/d/Programming/Vietnamese-Text-Generator/airflow_env/lib/python3.10/site-packages/airflow/example_dags/subdags/subdag.py
[2024-05-24T17:06:41.538+0700] {processor.py:183} INFO - Processing /mnt/d/Programming/Vietnamese-Text-Generator/airflow_env/lib/python3.10/site-packages/airflow/example_dags/subdags/subdag.py took 0.204 seconds
[2024-05-24T17:07:45.284+0700] {processor.py:161} INFO - Started process (PID=3461) to work on /mnt/d/Programming/Vietnamese-Text-Generator/airflow_env/lib/python3.10/site-packages/airflow/example_dags/subdags/subdag.py
[2024-05-24T17:07:45.290+0700] {processor.py:830} INFO - Processing file /mnt/d/Programming/Vietnamese-Text-Generator/airflow_env/lib/python3.10/site-packages/airflow/example_dags/subdags/subdag.py for tasks to queue
[2024-05-24T17:07:45.304+0700] {logging_mixin.py:188} INFO - [2024-05-24T17:07:45.299+0700] {dagbag.py:540} INFO - Filling up the DagBag from /mnt/d/Programming/Vietnamese-Text-Generator/airflow_env/lib/python3.10/site-packages/airflow/example_dags/subdags/subdag.py
[2024-05-24T17:07:45.395+0700] {processor.py:842} WARNING - No viable dags retrieved from /mnt/d/Programming/Vietnamese-Text-Generator/airflow_env/lib/python3.10/site-packages/airflow/example_dags/subdags/subdag.py
[2024-05-24T17:07:45.463+0700] {processor.py:183} INFO - Processing /mnt/d/Programming/Vietnamese-Text-Generator/airflow_env/lib/python3.10/site-packages/airflow/example_dags/subdags/subdag.py took 0.223 seconds
[2024-05-24T17:08:50.851+0700] {processor.py:161} INFO - Started process (PID=3750) to work on /mnt/d/Programming/Vietnamese-Text-Generator/airflow_env/lib/python3.10/site-packages/airflow/example_dags/subdags/subdag.py
[2024-05-24T17:08:50.858+0700] {processor.py:830} INFO - Processing file /mnt/d/Programming/Vietnamese-Text-Generator/airflow_env/lib/python3.10/site-packages/airflow/example_dags/subdags/subdag.py for tasks to queue
[2024-05-24T17:08:50.871+0700] {logging_mixin.py:188} INFO - [2024-05-24T17:08:50.867+0700] {dagbag.py:540} INFO - Filling up the DagBag from /mnt/d/Programming/Vietnamese-Text-Generator/airflow_env/lib/python3.10/site-packages/airflow/example_dags/subdags/subdag.py
[2024-05-24T17:08:50.958+0700] {processor.py:842} WARNING - No viable dags retrieved from /mnt/d/Programming/Vietnamese-Text-Generator/airflow_env/lib/python3.10/site-packages/airflow/example_dags/subdags/subdag.py
[2024-05-24T17:08:51.024+0700] {processor.py:183} INFO - Processing /mnt/d/Programming/Vietnamese-Text-Generator/airflow_env/lib/python3.10/site-packages/airflow/example_dags/subdags/subdag.py took 0.222 seconds
[2024-05-24T17:09:58.104+0700] {processor.py:161} INFO - Started process (PID=4042) to work on /mnt/d/Programming/Vietnamese-Text-Generator/airflow_env/lib/python3.10/site-packages/airflow/example_dags/subdags/subdag.py
[2024-05-24T17:09:58.110+0700] {processor.py:830} INFO - Processing file /mnt/d/Programming/Vietnamese-Text-Generator/airflow_env/lib/python3.10/site-packages/airflow/example_dags/subdags/subdag.py for tasks to queue
[2024-05-24T17:09:58.122+0700] {logging_mixin.py:188} INFO - [2024-05-24T17:09:58.118+0700] {dagbag.py:540} INFO - Filling up the DagBag from /mnt/d/Programming/Vietnamese-Text-Generator/airflow_env/lib/python3.10/site-packages/airflow/example_dags/subdags/subdag.py
[2024-05-24T17:09:58.200+0700] {processor.py:842} WARNING - No viable dags retrieved from /mnt/d/Programming/Vietnamese-Text-Generator/airflow_env/lib/python3.10/site-packages/airflow/example_dags/subdags/subdag.py
[2024-05-24T17:09:58.277+0700] {processor.py:183} INFO - Processing /mnt/d/Programming/Vietnamese-Text-Generator/airflow_env/lib/python3.10/site-packages/airflow/example_dags/subdags/subdag.py took 0.216 seconds
[2024-05-24T17:11:08.724+0700] {processor.py:161} INFO - Started process (PID=4354) to work on /mnt/d/Programming/Vietnamese-Text-Generator/airflow_env/lib/python3.10/site-packages/airflow/example_dags/subdags/subdag.py
[2024-05-24T17:11:08.731+0700] {processor.py:830} INFO - Processing file /mnt/d/Programming/Vietnamese-Text-Generator/airflow_env/lib/python3.10/site-packages/airflow/example_dags/subdags/subdag.py for tasks to queue
[2024-05-24T17:11:08.749+0700] {logging_mixin.py:188} INFO - [2024-05-24T17:11:08.744+0700] {dagbag.py:540} INFO - Filling up the DagBag from /mnt/d/Programming/Vietnamese-Text-Generator/airflow_env/lib/python3.10/site-packages/airflow/example_dags/subdags/subdag.py
[2024-05-24T17:11:08.832+0700] {processor.py:842} WARNING - No viable dags retrieved from /mnt/d/Programming/Vietnamese-Text-Generator/airflow_env/lib/python3.10/site-packages/airflow/example_dags/subdags/subdag.py
[2024-05-24T17:11:08.876+0700] {processor.py:183} INFO - Processing /mnt/d/Programming/Vietnamese-Text-Generator/airflow_env/lib/python3.10/site-packages/airflow/example_dags/subdags/subdag.py took 0.205 seconds
[2024-05-24T17:12:20.627+0700] {processor.py:161} INFO - Started process (PID=4666) to work on /mnt/d/Programming/Vietnamese-Text-Generator/airflow_env/lib/python3.10/site-packages/airflow/example_dags/subdags/subdag.py
[2024-05-24T17:12:20.635+0700] {processor.py:830} INFO - Processing file /mnt/d/Programming/Vietnamese-Text-Generator/airflow_env/lib/python3.10/site-packages/airflow/example_dags/subdags/subdag.py for tasks to queue
[2024-05-24T17:12:20.651+0700] {logging_mixin.py:188} INFO - [2024-05-24T17:12:20.647+0700] {dagbag.py:540} INFO - Filling up the DagBag from /mnt/d/Programming/Vietnamese-Text-Generator/airflow_env/lib/python3.10/site-packages/airflow/example_dags/subdags/subdag.py
[2024-05-24T17:12:20.748+0700] {processor.py:842} WARNING - No viable dags retrieved from /mnt/d/Programming/Vietnamese-Text-Generator/airflow_env/lib/python3.10/site-packages/airflow/example_dags/subdags/subdag.py
[2024-05-24T17:12:20.824+0700] {processor.py:183} INFO - Processing /mnt/d/Programming/Vietnamese-Text-Generator/airflow_env/lib/python3.10/site-packages/airflow/example_dags/subdags/subdag.py took 0.248 seconds
[2024-05-24T17:13:30.060+0700] {processor.py:161} INFO - Started process (PID=4971) to work on /mnt/d/Programming/Vietnamese-Text-Generator/airflow_env/lib/python3.10/site-packages/airflow/example_dags/subdags/subdag.py
[2024-05-24T17:13:30.066+0700] {processor.py:830} INFO - Processing file /mnt/d/Programming/Vietnamese-Text-Generator/airflow_env/lib/python3.10/site-packages/airflow/example_dags/subdags/subdag.py for tasks to queue
[2024-05-24T17:13:30.079+0700] {logging_mixin.py:188} INFO - [2024-05-24T17:13:30.076+0700] {dagbag.py:540} INFO - Filling up the DagBag from /mnt/d/Programming/Vietnamese-Text-Generator/airflow_env/lib/python3.10/site-packages/airflow/example_dags/subdags/subdag.py
[2024-05-24T17:13:30.167+0700] {processor.py:842} WARNING - No viable dags retrieved from /mnt/d/Programming/Vietnamese-Text-Generator/airflow_env/lib/python3.10/site-packages/airflow/example_dags/subdags/subdag.py
[2024-05-24T17:13:30.237+0700] {processor.py:183} INFO - Processing /mnt/d/Programming/Vietnamese-Text-Generator/airflow_env/lib/python3.10/site-packages/airflow/example_dags/subdags/subdag.py took 0.221 seconds
[2024-05-24T17:14:35.481+0700] {processor.py:161} INFO - Started process (PID=5255) to work on /mnt/d/Programming/Vietnamese-Text-Generator/airflow_env/lib/python3.10/site-packages/airflow/example_dags/subdags/subdag.py
[2024-05-24T17:14:35.487+0700] {processor.py:830} INFO - Processing file /mnt/d/Programming/Vietnamese-Text-Generator/airflow_env/lib/python3.10/site-packages/airflow/example_dags/subdags/subdag.py for tasks to queue
[2024-05-24T17:14:35.498+0700] {logging_mixin.py:188} INFO - [2024-05-24T17:14:35.495+0700] {dagbag.py:540} INFO - Filling up the DagBag from /mnt/d/Programming/Vietnamese-Text-Generator/airflow_env/lib/python3.10/site-packages/airflow/example_dags/subdags/subdag.py
[2024-05-24T17:14:35.569+0700] {processor.py:842} WARNING - No viable dags retrieved from /mnt/d/Programming/Vietnamese-Text-Generator/airflow_env/lib/python3.10/site-packages/airflow/example_dags/subdags/subdag.py
[2024-05-24T17:14:35.630+0700] {processor.py:183} INFO - Processing /mnt/d/Programming/Vietnamese-Text-Generator/airflow_env/lib/python3.10/site-packages/airflow/example_dags/subdags/subdag.py took 0.188 seconds
[2024-05-24T17:15:44.508+0700] {processor.py:161} INFO - Started process (PID=5559) to work on /mnt/d/Programming/Vietnamese-Text-Generator/airflow_env/lib/python3.10/site-packages/airflow/example_dags/subdags/subdag.py
[2024-05-24T17:15:44.513+0700] {processor.py:830} INFO - Processing file /mnt/d/Programming/Vietnamese-Text-Generator/airflow_env/lib/python3.10/site-packages/airflow/example_dags/subdags/subdag.py for tasks to queue
[2024-05-24T17:15:44.523+0700] {logging_mixin.py:188} INFO - [2024-05-24T17:15:44.520+0700] {dagbag.py:540} INFO - Filling up the DagBag from /mnt/d/Programming/Vietnamese-Text-Generator/airflow_env/lib/python3.10/site-packages/airflow/example_dags/subdags/subdag.py
[2024-05-24T17:15:44.596+0700] {processor.py:842} WARNING - No viable dags retrieved from /mnt/d/Programming/Vietnamese-Text-Generator/airflow_env/lib/python3.10/site-packages/airflow/example_dags/subdags/subdag.py
[2024-05-24T17:15:44.660+0700] {processor.py:183} INFO - Processing /mnt/d/Programming/Vietnamese-Text-Generator/airflow_env/lib/python3.10/site-packages/airflow/example_dags/subdags/subdag.py took 0.191 seconds
[2024-05-24T17:16:58.816+0700] {processor.py:161} INFO - Started process (PID=5878) to work on /mnt/d/Programming/Vietnamese-Text-Generator/airflow_env/lib/python3.10/site-packages/airflow/example_dags/subdags/subdag.py
[2024-05-24T17:16:58.823+0700] {processor.py:830} INFO - Processing file /mnt/d/Programming/Vietnamese-Text-Generator/airflow_env/lib/python3.10/site-packages/airflow/example_dags/subdags/subdag.py for tasks to queue
[2024-05-24T17:16:58.835+0700] {logging_mixin.py:188} INFO - [2024-05-24T17:16:58.831+0700] {dagbag.py:540} INFO - Filling up the DagBag from /mnt/d/Programming/Vietnamese-Text-Generator/airflow_env/lib/python3.10/site-packages/airflow/example_dags/subdags/subdag.py
[2024-05-24T17:16:58.923+0700] {processor.py:842} WARNING - No viable dags retrieved from /mnt/d/Programming/Vietnamese-Text-Generator/airflow_env/lib/python3.10/site-packages/airflow/example_dags/subdags/subdag.py
[2024-05-24T17:16:58.993+0700] {processor.py:183} INFO - Processing /mnt/d/Programming/Vietnamese-Text-Generator/airflow_env/lib/python3.10/site-packages/airflow/example_dags/subdags/subdag.py took 0.221 seconds
[2024-05-24T17:18:11.173+0700] {processor.py:161} INFO - Started process (PID=6200) to work on /mnt/d/Programming/Vietnamese-Text-Generator/airflow_env/lib/python3.10/site-packages/airflow/example_dags/subdags/subdag.py
[2024-05-24T17:18:11.182+0700] {processor.py:830} INFO - Processing file /mnt/d/Programming/Vietnamese-Text-Generator/airflow_env/lib/python3.10/site-packages/airflow/example_dags/subdags/subdag.py for tasks to queue
[2024-05-24T17:18:11.198+0700] {logging_mixin.py:188} INFO - [2024-05-24T17:18:11.192+0700] {dagbag.py:540} INFO - Filling up the DagBag from /mnt/d/Programming/Vietnamese-Text-Generator/airflow_env/lib/python3.10/site-packages/airflow/example_dags/subdags/subdag.py
[2024-05-24T17:18:11.292+0700] {processor.py:842} WARNING - No viable dags retrieved from /mnt/d/Programming/Vietnamese-Text-Generator/airflow_env/lib/python3.10/site-packages/airflow/example_dags/subdags/subdag.py
[2024-05-24T17:18:11.367+0700] {processor.py:183} INFO - Processing /mnt/d/Programming/Vietnamese-Text-Generator/airflow_env/lib/python3.10/site-packages/airflow/example_dags/subdags/subdag.py took 0.253 seconds
[2024-05-24T17:19:20.084+0700] {processor.py:161} INFO - Started process (PID=6503) to work on /mnt/d/Programming/Vietnamese-Text-Generator/airflow_env/lib/python3.10/site-packages/airflow/example_dags/subdags/subdag.py
[2024-05-24T17:19:20.090+0700] {processor.py:830} INFO - Processing file /mnt/d/Programming/Vietnamese-Text-Generator/airflow_env/lib/python3.10/site-packages/airflow/example_dags/subdags/subdag.py for tasks to queue
[2024-05-24T17:19:20.102+0700] {logging_mixin.py:188} INFO - [2024-05-24T17:19:20.098+0700] {dagbag.py:540} INFO - Filling up the DagBag from /mnt/d/Programming/Vietnamese-Text-Generator/airflow_env/lib/python3.10/site-packages/airflow/example_dags/subdags/subdag.py
[2024-05-24T17:19:20.191+0700] {processor.py:842} WARNING - No viable dags retrieved from /mnt/d/Programming/Vietnamese-Text-Generator/airflow_env/lib/python3.10/site-packages/airflow/example_dags/subdags/subdag.py
[2024-05-24T17:19:20.272+0700] {processor.py:183} INFO - Processing /mnt/d/Programming/Vietnamese-Text-Generator/airflow_env/lib/python3.10/site-packages/airflow/example_dags/subdags/subdag.py took 0.233 seconds
[2024-05-24T17:20:26.797+0700] {processor.py:161} INFO - Started process (PID=6797) to work on /mnt/d/Programming/Vietnamese-Text-Generator/airflow_env/lib/python3.10/site-packages/airflow/example_dags/subdags/subdag.py
[2024-05-24T17:20:26.802+0700] {processor.py:830} INFO - Processing file /mnt/d/Programming/Vietnamese-Text-Generator/airflow_env/lib/python3.10/site-packages/airflow/example_dags/subdags/subdag.py for tasks to queue
[2024-05-24T17:20:26.813+0700] {logging_mixin.py:188} INFO - [2024-05-24T17:20:26.810+0700] {dagbag.py:540} INFO - Filling up the DagBag from /mnt/d/Programming/Vietnamese-Text-Generator/airflow_env/lib/python3.10/site-packages/airflow/example_dags/subdags/subdag.py
[2024-05-24T17:20:26.887+0700] {processor.py:842} WARNING - No viable dags retrieved from /mnt/d/Programming/Vietnamese-Text-Generator/airflow_env/lib/python3.10/site-packages/airflow/example_dags/subdags/subdag.py
[2024-05-24T17:20:26.963+0700] {processor.py:183} INFO - Processing /mnt/d/Programming/Vietnamese-Text-Generator/airflow_env/lib/python3.10/site-packages/airflow/example_dags/subdags/subdag.py took 0.205 seconds
[2024-05-24T17:21:34.115+0700] {processor.py:161} INFO - Started process (PID=7089) to work on /mnt/d/Programming/Vietnamese-Text-Generator/airflow_env/lib/python3.10/site-packages/airflow/example_dags/subdags/subdag.py
[2024-05-24T17:21:34.120+0700] {processor.py:830} INFO - Processing file /mnt/d/Programming/Vietnamese-Text-Generator/airflow_env/lib/python3.10/site-packages/airflow/example_dags/subdags/subdag.py for tasks to queue
[2024-05-24T17:21:34.131+0700] {logging_mixin.py:188} INFO - [2024-05-24T17:21:34.127+0700] {dagbag.py:540} INFO - Filling up the DagBag from /mnt/d/Programming/Vietnamese-Text-Generator/airflow_env/lib/python3.10/site-packages/airflow/example_dags/subdags/subdag.py
[2024-05-24T17:21:34.203+0700] {processor.py:842} WARNING - No viable dags retrieved from /mnt/d/Programming/Vietnamese-Text-Generator/airflow_env/lib/python3.10/site-packages/airflow/example_dags/subdags/subdag.py
[2024-05-24T17:21:34.273+0700] {processor.py:183} INFO - Processing /mnt/d/Programming/Vietnamese-Text-Generator/airflow_env/lib/python3.10/site-packages/airflow/example_dags/subdags/subdag.py took 0.197 seconds
[2024-05-24T17:22:41.656+0700] {processor.py:161} INFO - Started process (PID=7382) to work on /mnt/d/Programming/Vietnamese-Text-Generator/airflow_env/lib/python3.10/site-packages/airflow/example_dags/subdags/subdag.py
[2024-05-24T17:22:41.664+0700] {processor.py:830} INFO - Processing file /mnt/d/Programming/Vietnamese-Text-Generator/airflow_env/lib/python3.10/site-packages/airflow/example_dags/subdags/subdag.py for tasks to queue
[2024-05-24T17:22:41.677+0700] {logging_mixin.py:188} INFO - [2024-05-24T17:22:41.672+0700] {dagbag.py:540} INFO - Filling up the DagBag from /mnt/d/Programming/Vietnamese-Text-Generator/airflow_env/lib/python3.10/site-packages/airflow/example_dags/subdags/subdag.py
[2024-05-24T17:22:41.775+0700] {processor.py:842} WARNING - No viable dags retrieved from /mnt/d/Programming/Vietnamese-Text-Generator/airflow_env/lib/python3.10/site-packages/airflow/example_dags/subdags/subdag.py
[2024-05-24T17:22:41.855+0700] {processor.py:183} INFO - Processing /mnt/d/Programming/Vietnamese-Text-Generator/airflow_env/lib/python3.10/site-packages/airflow/example_dags/subdags/subdag.py took 0.252 seconds
[2024-05-24T17:23:47.036+0700] {processor.py:161} INFO - Started process (PID=7667) to work on /mnt/d/Programming/Vietnamese-Text-Generator/airflow_env/lib/python3.10/site-packages/airflow/example_dags/subdags/subdag.py
[2024-05-24T17:23:47.043+0700] {processor.py:830} INFO - Processing file /mnt/d/Programming/Vietnamese-Text-Generator/airflow_env/lib/python3.10/site-packages/airflow/example_dags/subdags/subdag.py for tasks to queue
[2024-05-24T17:23:47.056+0700] {logging_mixin.py:188} INFO - [2024-05-24T17:23:47.052+0700] {dagbag.py:540} INFO - Filling up the DagBag from /mnt/d/Programming/Vietnamese-Text-Generator/airflow_env/lib/python3.10/site-packages/airflow/example_dags/subdags/subdag.py
[2024-05-24T17:23:47.147+0700] {processor.py:842} WARNING - No viable dags retrieved from /mnt/d/Programming/Vietnamese-Text-Generator/airflow_env/lib/python3.10/site-packages/airflow/example_dags/subdags/subdag.py
[2024-05-24T17:23:47.217+0700] {processor.py:183} INFO - Processing /mnt/d/Programming/Vietnamese-Text-Generator/airflow_env/lib/python3.10/site-packages/airflow/example_dags/subdags/subdag.py took 0.230 seconds
[2024-05-24T17:46:35.796+0700] {processor.py:161} INFO - Started process (PID=7977) to work on /mnt/d/Programming/Vietnamese-Text-Generator/airflow_env/lib/python3.10/site-packages/airflow/example_dags/subdags/subdag.py
[2024-05-24T17:46:35.799+0700] {processor.py:830} INFO - Processing file /mnt/d/Programming/Vietnamese-Text-Generator/airflow_env/lib/python3.10/site-packages/airflow/example_dags/subdags/subdag.py for tasks to queue
[2024-05-24T17:46:35.811+0700] {logging_mixin.py:188} INFO - [2024-05-24T17:46:35.809+0700] {dagbag.py:540} INFO - Filling up the DagBag from /mnt/d/Programming/Vietnamese-Text-Generator/airflow_env/lib/python3.10/site-packages/airflow/example_dags/subdags/subdag.py
[2024-05-24T17:46:35.854+0700] {processor.py:842} WARNING - No viable dags retrieved from /mnt/d/Programming/Vietnamese-Text-Generator/airflow_env/lib/python3.10/site-packages/airflow/example_dags/subdags/subdag.py
[2024-05-24T17:46:35.898+0700] {processor.py:183} INFO - Processing /mnt/d/Programming/Vietnamese-Text-Generator/airflow_env/lib/python3.10/site-packages/airflow/example_dags/subdags/subdag.py took 0.129 seconds
[2024-05-24T17:47:24.699+0700] {processor.py:161} INFO - Started process (PID=8212) to work on /mnt/d/Programming/Vietnamese-Text-Generator/airflow_env/lib/python3.10/site-packages/airflow/example_dags/subdags/subdag.py
[2024-05-24T17:47:24.701+0700] {processor.py:830} INFO - Processing file /mnt/d/Programming/Vietnamese-Text-Generator/airflow_env/lib/python3.10/site-packages/airflow/example_dags/subdags/subdag.py for tasks to queue
[2024-05-24T17:47:24.705+0700] {logging_mixin.py:188} INFO - [2024-05-24T17:47:24.704+0700] {dagbag.py:540} INFO - Filling up the DagBag from /mnt/d/Programming/Vietnamese-Text-Generator/airflow_env/lib/python3.10/site-packages/airflow/example_dags/subdags/subdag.py
[2024-05-24T17:47:24.720+0700] {processor.py:842} WARNING - No viable dags retrieved from /mnt/d/Programming/Vietnamese-Text-Generator/airflow_env/lib/python3.10/site-packages/airflow/example_dags/subdags/subdag.py
[2024-05-24T17:47:24.742+0700] {processor.py:183} INFO - Processing /mnt/d/Programming/Vietnamese-Text-Generator/airflow_env/lib/python3.10/site-packages/airflow/example_dags/subdags/subdag.py took 0.055 seconds
[2024-05-24T17:47:57.903+0700] {processor.py:161} INFO - Started process (PID=8376) to work on /mnt/d/Programming/Vietnamese-Text-Generator/airflow_env/lib/python3.10/site-packages/airflow/example_dags/subdags/subdag.py
[2024-05-24T17:47:57.913+0700] {processor.py:830} INFO - Processing file /mnt/d/Programming/Vietnamese-Text-Generator/airflow_env/lib/python3.10/site-packages/airflow/example_dags/subdags/subdag.py for tasks to queue
[2024-05-24T17:47:57.920+0700] {logging_mixin.py:188} INFO - [2024-05-24T17:47:57.918+0700] {dagbag.py:540} INFO - Filling up the DagBag from /mnt/d/Programming/Vietnamese-Text-Generator/airflow_env/lib/python3.10/site-packages/airflow/example_dags/subdags/subdag.py
[2024-05-24T17:47:57.945+0700] {processor.py:842} WARNING - No viable dags retrieved from /mnt/d/Programming/Vietnamese-Text-Generator/airflow_env/lib/python3.10/site-packages/airflow/example_dags/subdags/subdag.py
[2024-05-24T17:47:57.970+0700] {processor.py:183} INFO - Processing /mnt/d/Programming/Vietnamese-Text-Generator/airflow_env/lib/python3.10/site-packages/airflow/example_dags/subdags/subdag.py took 0.093 seconds
[2024-05-24T17:48:45.526+0700] {processor.py:161} INFO - Started process (PID=8583) to work on /mnt/d/Programming/Vietnamese-Text-Generator/airflow_env/lib/python3.10/site-packages/airflow/example_dags/subdags/subdag.py
[2024-05-24T17:48:45.532+0700] {processor.py:830} INFO - Processing file /mnt/d/Programming/Vietnamese-Text-Generator/airflow_env/lib/python3.10/site-packages/airflow/example_dags/subdags/subdag.py for tasks to queue
[2024-05-24T17:48:45.543+0700] {logging_mixin.py:188} INFO - [2024-05-24T17:48:45.540+0700] {dagbag.py:540} INFO - Filling up the DagBag from /mnt/d/Programming/Vietnamese-Text-Generator/airflow_env/lib/python3.10/site-packages/airflow/example_dags/subdags/subdag.py
[2024-05-24T17:48:45.622+0700] {processor.py:842} WARNING - No viable dags retrieved from /mnt/d/Programming/Vietnamese-Text-Generator/airflow_env/lib/python3.10/site-packages/airflow/example_dags/subdags/subdag.py
[2024-05-24T17:48:45.693+0700] {processor.py:183} INFO - Processing /mnt/d/Programming/Vietnamese-Text-Generator/airflow_env/lib/python3.10/site-packages/airflow/example_dags/subdags/subdag.py took 0.205 seconds
[2024-05-24T17:49:48.236+0700] {processor.py:161} INFO - Started process (PID=8859) to work on /mnt/d/Programming/Vietnamese-Text-Generator/airflow_env/lib/python3.10/site-packages/airflow/example_dags/subdags/subdag.py
[2024-05-24T17:49:48.238+0700] {processor.py:830} INFO - Processing file /mnt/d/Programming/Vietnamese-Text-Generator/airflow_env/lib/python3.10/site-packages/airflow/example_dags/subdags/subdag.py for tasks to queue
[2024-05-24T17:49:48.243+0700] {logging_mixin.py:188} INFO - [2024-05-24T17:49:48.242+0700] {dagbag.py:540} INFO - Filling up the DagBag from /mnt/d/Programming/Vietnamese-Text-Generator/airflow_env/lib/python3.10/site-packages/airflow/example_dags/subdags/subdag.py
[2024-05-24T17:49:48.265+0700] {processor.py:842} WARNING - No viable dags retrieved from /mnt/d/Programming/Vietnamese-Text-Generator/airflow_env/lib/python3.10/site-packages/airflow/example_dags/subdags/subdag.py
[2024-05-24T17:49:48.298+0700] {processor.py:183} INFO - Processing /mnt/d/Programming/Vietnamese-Text-Generator/airflow_env/lib/python3.10/site-packages/airflow/example_dags/subdags/subdag.py took 0.086 seconds
[2024-05-24T17:50:56.399+0700] {processor.py:161} INFO - Started process (PID=9154) to work on /mnt/d/Programming/Vietnamese-Text-Generator/airflow_env/lib/python3.10/site-packages/airflow/example_dags/subdags/subdag.py
[2024-05-24T17:50:56.405+0700] {processor.py:830} INFO - Processing file /mnt/d/Programming/Vietnamese-Text-Generator/airflow_env/lib/python3.10/site-packages/airflow/example_dags/subdags/subdag.py for tasks to queue
[2024-05-24T17:50:56.419+0700] {logging_mixin.py:188} INFO - [2024-05-24T17:50:56.415+0700] {dagbag.py:540} INFO - Filling up the DagBag from /mnt/d/Programming/Vietnamese-Text-Generator/airflow_env/lib/python3.10/site-packages/airflow/example_dags/subdags/subdag.py
[2024-05-24T17:50:56.518+0700] {processor.py:842} WARNING - No viable dags retrieved from /mnt/d/Programming/Vietnamese-Text-Generator/airflow_env/lib/python3.10/site-packages/airflow/example_dags/subdags/subdag.py
[2024-05-24T17:50:56.597+0700] {processor.py:183} INFO - Processing /mnt/d/Programming/Vietnamese-Text-Generator/airflow_env/lib/python3.10/site-packages/airflow/example_dags/subdags/subdag.py took 0.247 seconds
[2024-05-24T17:52:08.665+0700] {processor.py:161} INFO - Started process (PID=9473) to work on /mnt/d/Programming/Vietnamese-Text-Generator/airflow_env/lib/python3.10/site-packages/airflow/example_dags/subdags/subdag.py
[2024-05-24T17:52:08.668+0700] {processor.py:830} INFO - Processing file /mnt/d/Programming/Vietnamese-Text-Generator/airflow_env/lib/python3.10/site-packages/airflow/example_dags/subdags/subdag.py for tasks to queue
[2024-05-24T17:52:08.674+0700] {logging_mixin.py:188} INFO - [2024-05-24T17:52:08.672+0700] {dagbag.py:540} INFO - Filling up the DagBag from /mnt/d/Programming/Vietnamese-Text-Generator/airflow_env/lib/python3.10/site-packages/airflow/example_dags/subdags/subdag.py
[2024-05-24T17:52:08.704+0700] {processor.py:842} WARNING - No viable dags retrieved from /mnt/d/Programming/Vietnamese-Text-Generator/airflow_env/lib/python3.10/site-packages/airflow/example_dags/subdags/subdag.py
[2024-05-24T17:52:08.735+0700] {processor.py:183} INFO - Processing /mnt/d/Programming/Vietnamese-Text-Generator/airflow_env/lib/python3.10/site-packages/airflow/example_dags/subdags/subdag.py took 0.091 seconds
[2024-05-24T17:53:15.644+0700] {processor.py:161} INFO - Started process (PID=9763) to work on /mnt/d/Programming/Vietnamese-Text-Generator/airflow_env/lib/python3.10/site-packages/airflow/example_dags/subdags/subdag.py
[2024-05-24T17:53:15.651+0700] {processor.py:830} INFO - Processing file /mnt/d/Programming/Vietnamese-Text-Generator/airflow_env/lib/python3.10/site-packages/airflow/example_dags/subdags/subdag.py for tasks to queue
[2024-05-24T17:53:15.667+0700] {logging_mixin.py:188} INFO - [2024-05-24T17:53:15.662+0700] {dagbag.py:540} INFO - Filling up the DagBag from /mnt/d/Programming/Vietnamese-Text-Generator/airflow_env/lib/python3.10/site-packages/airflow/example_dags/subdags/subdag.py
[2024-05-24T17:53:15.750+0700] {processor.py:842} WARNING - No viable dags retrieved from /mnt/d/Programming/Vietnamese-Text-Generator/airflow_env/lib/python3.10/site-packages/airflow/example_dags/subdags/subdag.py
[2024-05-24T17:53:15.813+0700] {processor.py:183} INFO - Processing /mnt/d/Programming/Vietnamese-Text-Generator/airflow_env/lib/python3.10/site-packages/airflow/example_dags/subdags/subdag.py took 0.213 seconds
[2024-05-24T17:54:24.671+0700] {processor.py:161} INFO - Started process (PID=10064) to work on /mnt/d/Programming/Vietnamese-Text-Generator/airflow_env/lib/python3.10/site-packages/airflow/example_dags/subdags/subdag.py
[2024-05-24T17:54:24.677+0700] {processor.py:830} INFO - Processing file /mnt/d/Programming/Vietnamese-Text-Generator/airflow_env/lib/python3.10/site-packages/airflow/example_dags/subdags/subdag.py for tasks to queue
[2024-05-24T17:54:24.689+0700] {logging_mixin.py:188} INFO - [2024-05-24T17:54:24.685+0700] {dagbag.py:540} INFO - Filling up the DagBag from /mnt/d/Programming/Vietnamese-Text-Generator/airflow_env/lib/python3.10/site-packages/airflow/example_dags/subdags/subdag.py
[2024-05-24T17:54:24.777+0700] {processor.py:842} WARNING - No viable dags retrieved from /mnt/d/Programming/Vietnamese-Text-Generator/airflow_env/lib/python3.10/site-packages/airflow/example_dags/subdags/subdag.py
[2024-05-24T17:54:24.849+0700] {processor.py:183} INFO - Processing /mnt/d/Programming/Vietnamese-Text-Generator/airflow_env/lib/python3.10/site-packages/airflow/example_dags/subdags/subdag.py took 0.221 seconds
[2024-05-24T17:55:34.848+0700] {processor.py:161} INFO - Started process (PID=10372) to work on /mnt/d/Programming/Vietnamese-Text-Generator/airflow_env/lib/python3.10/site-packages/airflow/example_dags/subdags/subdag.py
[2024-05-24T17:55:34.854+0700] {processor.py:830} INFO - Processing file /mnt/d/Programming/Vietnamese-Text-Generator/airflow_env/lib/python3.10/site-packages/airflow/example_dags/subdags/subdag.py for tasks to queue
[2024-05-24T17:55:34.865+0700] {logging_mixin.py:188} INFO - [2024-05-24T17:55:34.862+0700] {dagbag.py:540} INFO - Filling up the DagBag from /mnt/d/Programming/Vietnamese-Text-Generator/airflow_env/lib/python3.10/site-packages/airflow/example_dags/subdags/subdag.py
[2024-05-24T17:55:34.937+0700] {processor.py:842} WARNING - No viable dags retrieved from /mnt/d/Programming/Vietnamese-Text-Generator/airflow_env/lib/python3.10/site-packages/airflow/example_dags/subdags/subdag.py
[2024-05-24T17:55:34.998+0700] {processor.py:183} INFO - Processing /mnt/d/Programming/Vietnamese-Text-Generator/airflow_env/lib/python3.10/site-packages/airflow/example_dags/subdags/subdag.py took 0.193 seconds
[2024-05-24T17:56:45.218+0700] {processor.py:161} INFO - Started process (PID=10679) to work on /mnt/d/Programming/Vietnamese-Text-Generator/airflow_env/lib/python3.10/site-packages/airflow/example_dags/subdags/subdag.py
[2024-05-24T17:56:45.229+0700] {processor.py:830} INFO - Processing file /mnt/d/Programming/Vietnamese-Text-Generator/airflow_env/lib/python3.10/site-packages/airflow/example_dags/subdags/subdag.py for tasks to queue
[2024-05-24T17:56:45.241+0700] {logging_mixin.py:188} INFO - [2024-05-24T17:56:45.237+0700] {dagbag.py:540} INFO - Filling up the DagBag from /mnt/d/Programming/Vietnamese-Text-Generator/airflow_env/lib/python3.10/site-packages/airflow/example_dags/subdags/subdag.py
[2024-05-24T17:56:45.331+0700] {processor.py:842} WARNING - No viable dags retrieved from /mnt/d/Programming/Vietnamese-Text-Generator/airflow_env/lib/python3.10/site-packages/airflow/example_dags/subdags/subdag.py
[2024-05-24T17:56:45.408+0700] {processor.py:183} INFO - Processing /mnt/d/Programming/Vietnamese-Text-Generator/airflow_env/lib/python3.10/site-packages/airflow/example_dags/subdags/subdag.py took 0.233 seconds
[2024-05-24T17:57:53.915+0700] {processor.py:161} INFO - Started process (PID=10979) to work on /mnt/d/Programming/Vietnamese-Text-Generator/airflow_env/lib/python3.10/site-packages/airflow/example_dags/subdags/subdag.py
[2024-05-24T17:57:53.922+0700] {processor.py:830} INFO - Processing file /mnt/d/Programming/Vietnamese-Text-Generator/airflow_env/lib/python3.10/site-packages/airflow/example_dags/subdags/subdag.py for tasks to queue
[2024-05-24T17:57:53.934+0700] {logging_mixin.py:188} INFO - [2024-05-24T17:57:53.930+0700] {dagbag.py:540} INFO - Filling up the DagBag from /mnt/d/Programming/Vietnamese-Text-Generator/airflow_env/lib/python3.10/site-packages/airflow/example_dags/subdags/subdag.py
[2024-05-24T17:57:54.012+0700] {processor.py:842} WARNING - No viable dags retrieved from /mnt/d/Programming/Vietnamese-Text-Generator/airflow_env/lib/python3.10/site-packages/airflow/example_dags/subdags/subdag.py
[2024-05-24T17:57:54.080+0700] {processor.py:183} INFO - Processing /mnt/d/Programming/Vietnamese-Text-Generator/airflow_env/lib/python3.10/site-packages/airflow/example_dags/subdags/subdag.py took 0.208 seconds
[2024-05-24T17:58:59.276+0700] {processor.py:161} INFO - Started process (PID=11264) to work on /mnt/d/Programming/Vietnamese-Text-Generator/airflow_env/lib/python3.10/site-packages/airflow/example_dags/subdags/subdag.py
[2024-05-24T17:58:59.282+0700] {processor.py:830} INFO - Processing file /mnt/d/Programming/Vietnamese-Text-Generator/airflow_env/lib/python3.10/site-packages/airflow/example_dags/subdags/subdag.py for tasks to queue
[2024-05-24T17:58:59.293+0700] {logging_mixin.py:188} INFO - [2024-05-24T17:58:59.290+0700] {dagbag.py:540} INFO - Filling up the DagBag from /mnt/d/Programming/Vietnamese-Text-Generator/airflow_env/lib/python3.10/site-packages/airflow/example_dags/subdags/subdag.py
[2024-05-24T17:58:59.381+0700] {processor.py:842} WARNING - No viable dags retrieved from /mnt/d/Programming/Vietnamese-Text-Generator/airflow_env/lib/python3.10/site-packages/airflow/example_dags/subdags/subdag.py
[2024-05-24T17:58:59.451+0700] {processor.py:183} INFO - Processing /mnt/d/Programming/Vietnamese-Text-Generator/airflow_env/lib/python3.10/site-packages/airflow/example_dags/subdags/subdag.py took 0.217 seconds
[2024-05-24T18:00:09.502+0700] {processor.py:161} INFO - Started process (PID=11567) to work on /mnt/d/Programming/Vietnamese-Text-Generator/airflow_env/lib/python3.10/site-packages/airflow/example_dags/subdags/subdag.py
[2024-05-24T18:00:09.508+0700] {processor.py:830} INFO - Processing file /mnt/d/Programming/Vietnamese-Text-Generator/airflow_env/lib/python3.10/site-packages/airflow/example_dags/subdags/subdag.py for tasks to queue
[2024-05-24T18:00:09.520+0700] {logging_mixin.py:188} INFO - [2024-05-24T18:00:09.516+0700] {dagbag.py:540} INFO - Filling up the DagBag from /mnt/d/Programming/Vietnamese-Text-Generator/airflow_env/lib/python3.10/site-packages/airflow/example_dags/subdags/subdag.py
[2024-05-24T18:00:09.605+0700] {processor.py:842} WARNING - No viable dags retrieved from /mnt/d/Programming/Vietnamese-Text-Generator/airflow_env/lib/python3.10/site-packages/airflow/example_dags/subdags/subdag.py
[2024-05-24T18:00:09.675+0700] {processor.py:183} INFO - Processing /mnt/d/Programming/Vietnamese-Text-Generator/airflow_env/lib/python3.10/site-packages/airflow/example_dags/subdags/subdag.py took 0.215 seconds
[2024-05-24T18:01:15.266+0700] {processor.py:161} INFO - Started process (PID=11856) to work on /mnt/d/Programming/Vietnamese-Text-Generator/airflow_env/lib/python3.10/site-packages/airflow/example_dags/subdags/subdag.py
[2024-05-24T18:01:15.274+0700] {processor.py:830} INFO - Processing file /mnt/d/Programming/Vietnamese-Text-Generator/airflow_env/lib/python3.10/site-packages/airflow/example_dags/subdags/subdag.py for tasks to queue
[2024-05-24T18:01:15.287+0700] {logging_mixin.py:188} INFO - [2024-05-24T18:01:15.283+0700] {dagbag.py:540} INFO - Filling up the DagBag from /mnt/d/Programming/Vietnamese-Text-Generator/airflow_env/lib/python3.10/site-packages/airflow/example_dags/subdags/subdag.py
[2024-05-24T18:01:15.384+0700] {processor.py:842} WARNING - No viable dags retrieved from /mnt/d/Programming/Vietnamese-Text-Generator/airflow_env/lib/python3.10/site-packages/airflow/example_dags/subdags/subdag.py
[2024-05-24T18:01:15.462+0700] {processor.py:183} INFO - Processing /mnt/d/Programming/Vietnamese-Text-Generator/airflow_env/lib/python3.10/site-packages/airflow/example_dags/subdags/subdag.py took 0.246 seconds
[2024-05-24T18:02:28.813+0700] {processor.py:161} INFO - Started process (PID=12175) to work on /mnt/d/Programming/Vietnamese-Text-Generator/airflow_env/lib/python3.10/site-packages/airflow/example_dags/subdags/subdag.py
[2024-05-24T18:02:28.819+0700] {processor.py:830} INFO - Processing file /mnt/d/Programming/Vietnamese-Text-Generator/airflow_env/lib/python3.10/site-packages/airflow/example_dags/subdags/subdag.py for tasks to queue
[2024-05-24T18:02:28.831+0700] {logging_mixin.py:188} INFO - [2024-05-24T18:02:28.827+0700] {dagbag.py:540} INFO - Filling up the DagBag from /mnt/d/Programming/Vietnamese-Text-Generator/airflow_env/lib/python3.10/site-packages/airflow/example_dags/subdags/subdag.py
[2024-05-24T18:02:28.917+0700] {processor.py:842} WARNING - No viable dags retrieved from /mnt/d/Programming/Vietnamese-Text-Generator/airflow_env/lib/python3.10/site-packages/airflow/example_dags/subdags/subdag.py
[2024-05-24T18:02:28.986+0700] {processor.py:183} INFO - Processing /mnt/d/Programming/Vietnamese-Text-Generator/airflow_env/lib/python3.10/site-packages/airflow/example_dags/subdags/subdag.py took 0.218 seconds
[2024-05-24T18:03:39.638+0700] {processor.py:161} INFO - Started process (PID=12485) to work on /mnt/d/Programming/Vietnamese-Text-Generator/airflow_env/lib/python3.10/site-packages/airflow/example_dags/subdags/subdag.py
[2024-05-24T18:03:39.647+0700] {processor.py:830} INFO - Processing file /mnt/d/Programming/Vietnamese-Text-Generator/airflow_env/lib/python3.10/site-packages/airflow/example_dags/subdags/subdag.py for tasks to queue
[2024-05-24T18:03:39.660+0700] {logging_mixin.py:188} INFO - [2024-05-24T18:03:39.656+0700] {dagbag.py:540} INFO - Filling up the DagBag from /mnt/d/Programming/Vietnamese-Text-Generator/airflow_env/lib/python3.10/site-packages/airflow/example_dags/subdags/subdag.py
[2024-05-24T18:03:39.740+0700] {processor.py:842} WARNING - No viable dags retrieved from /mnt/d/Programming/Vietnamese-Text-Generator/airflow_env/lib/python3.10/site-packages/airflow/example_dags/subdags/subdag.py
[2024-05-24T18:03:39.814+0700] {processor.py:183} INFO - Processing /mnt/d/Programming/Vietnamese-Text-Generator/airflow_env/lib/python3.10/site-packages/airflow/example_dags/subdags/subdag.py took 0.221 seconds
[2024-05-24T18:04:50.404+0700] {processor.py:161} INFO - Started process (PID=12790) to work on /mnt/d/Programming/Vietnamese-Text-Generator/airflow_env/lib/python3.10/site-packages/airflow/example_dags/subdags/subdag.py
[2024-05-24T18:04:50.409+0700] {processor.py:830} INFO - Processing file /mnt/d/Programming/Vietnamese-Text-Generator/airflow_env/lib/python3.10/site-packages/airflow/example_dags/subdags/subdag.py for tasks to queue
[2024-05-24T18:04:50.417+0700] {logging_mixin.py:188} INFO - [2024-05-24T18:04:50.415+0700] {dagbag.py:540} INFO - Filling up the DagBag from /mnt/d/Programming/Vietnamese-Text-Generator/airflow_env/lib/python3.10/site-packages/airflow/example_dags/subdags/subdag.py
[2024-05-24T18:04:50.458+0700] {processor.py:842} WARNING - No viable dags retrieved from /mnt/d/Programming/Vietnamese-Text-Generator/airflow_env/lib/python3.10/site-packages/airflow/example_dags/subdags/subdag.py
[2024-05-24T18:04:50.509+0700] {processor.py:183} INFO - Processing /mnt/d/Programming/Vietnamese-Text-Generator/airflow_env/lib/python3.10/site-packages/airflow/example_dags/subdags/subdag.py took 0.134 seconds
