[2024-05-23T16:38:40.607+0700] {local_task_job_runner.py:120} INFO - ::group::Pre task execution logs
[2024-05-23T16:38:40.686+0700] {taskinstance.py:2073} INFO - Dependencies all met for dep_context=non-requeueable deps ti=<TaskInstance: ETL-VNExpress.transform_load manual__2024-05-23T09:38:10.719499+00:00 [queued]>
[2024-05-23T16:38:40.698+0700] {taskinstance.py:2073} INFO - Dependencies all met for dep_context=requeueable deps ti=<TaskInstance: ETL-VNExpress.transform_load manual__2024-05-23T09:38:10.719499+00:00 [queued]>
[2024-05-23T16:38:40.699+0700] {taskinstance.py:2303} INFO - Starting attempt 1 of 1
[2024-05-23T16:38:40.736+0700] {taskinstance.py:2327} INFO - Executing <Task(PythonOperator): transform_load> on 2024-05-23 09:38:10.719499+00:00
[2024-05-23T16:38:40.743+0700] {standard_task_runner.py:63} INFO - Started process 18064 to run task
[2024-05-23T16:38:40.748+0700] {standard_task_runner.py:90} INFO - Running: ['airflow', 'tasks', 'run', 'ETL-VNExpress', 'transform_load', 'manual__2024-05-23T09:38:10.719499+00:00', '--job-id', '25', '--raw', '--subdir', 'DAGS_FOLDER/scape_news.py', '--cfg-path', '/tmp/tmpl7r9acc6']
[2024-05-23T16:38:40.750+0700] {standard_task_runner.py:91} INFO - Job 25: Subtask transform_load
[2024-05-23T16:38:40.848+0700] {task_command.py:426} INFO - Running <TaskInstance: ETL-VNExpress.transform_load manual__2024-05-23T09:38:10.719499+00:00 [running]> on host DESKTOP-BEALJ3H.
[2024-05-23T16:38:41.009+0700] {taskinstance.py:2644} INFO - Exporting env vars: AIRFLOW_CTX_DAG_OWNER='airflow' AIRFLOW_CTX_DAG_ID='ETL-VNExpress' AIRFLOW_CTX_TASK_ID='transform_load' AIRFLOW_CTX_EXECUTION_DATE='2024-05-23T09:38:10.719499+00:00' AIRFLOW_CTX_TRY_NUMBER='1' AIRFLOW_CTX_DAG_RUN_ID='manual__2024-05-23T09:38:10.719499+00:00'
[2024-05-23T16:38:41.010+0700] {taskinstance.py:430} INFO - ::endgroup::
[2024-05-23T16:38:43.840+0700] {logging_mixin.py:188} WARNING - /mnt/d/Programming/Vietnamese-Text-Generator/airflow/plugins/clean_data.py:68 SettingWithCopyWarning: 
A value is trying to be set on a copy of a slice from a DataFrame

See the caveats in the documentation: https://pandas.pydata.org/pandas-docs/stable/user_guide/indexing.html#returning-a-view-versus-a-copy
[2024-05-23T16:38:43.857+0700] {logging_mixin.py:188} WARNING - /mnt/d/Programming/Vietnamese-Text-Generator/airflow/plugins/clean_data.py:70 SettingWithCopyWarning: 
A value is trying to be set on a copy of a slice from a DataFrame.
Try using .loc[row_indexer,col_indexer] = value instead

See the caveats in the documentation: https://pandas.pydata.org/pandas-docs/stable/user_guide/indexing.html#returning-a-view-versus-a-copy
[2024-05-23T16:39:06.872+0700] {logging_mixin.py:188} WARNING -   0%|          | 0/6 [00:00<?, ?it/s]
[2024-05-23T16:39:08.165+0700] {logging_mixin.py:188} WARNING -  17%|#6        | 1/6 [00:01<00:06,  1.29s/it]
[2024-05-23T16:39:08.714+0700] {logging_mixin.py:188} WARNING -  33%|###3      | 2/6 [00:01<00:03,  1.17it/s]
[2024-05-23T16:39:11.182+0700] {logging_mixin.py:188} WARNING -  50%|#####     | 3/6 [00:04<00:04,  1.59s/it]
[2024-05-23T16:39:12.892+0700] {logging_mixin.py:188} WARNING -  67%|######6   | 4/6 [00:06<00:03,  1.64s/it]
[2024-05-23T16:39:16.333+0700] {logging_mixin.py:188} WARNING -  83%|########3 | 5/6 [00:09<00:02,  2.29s/it]
[2024-05-23T16:39:19.089+0700] {logging_mixin.py:188} WARNING - 100%|##########| 6/6 [00:12<00:00,  2.45s/it]
[2024-05-23T16:39:19.091+0700] {logging_mixin.py:188} WARNING - 100%|##########| 6/6 [00:12<00:00,  2.04s/it]
[2024-05-23T16:39:19.095+0700] {python.py:237} INFO - Done. Returned value was: None
[2024-05-23T16:39:19.097+0700] {taskinstance.py:441} INFO - ::group::Post task execution logs
[2024-05-23T16:39:19.119+0700] {taskinstance.py:1205} INFO - Marking task as SUCCESS. dag_id=ETL-VNExpress, task_id=transform_load, execution_date=20240523T093810, start_date=20240523T093840, end_date=20240523T093919
[2024-05-23T16:39:19.202+0700] {local_task_job_runner.py:240} INFO - Task exited with return code 0
[2024-05-23T16:39:19.261+0700] {taskinstance.py:3482} INFO - 1 downstream tasks scheduled from follow-on schedule check
[2024-05-23T16:39:19.275+0700] {local_task_job_runner.py:222} INFO - ::endgroup::
