[2024-04-29T16:47:32.126+0700] {local_task_job_runner.py:120} INFO - ::group::Pre task execution logs
[2024-04-29T16:47:32.255+0700] {taskinstance.py:2073} INFO - Dependencies all met for dep_context=non-requeueable deps ti=<TaskInstance: ETL-VNExpress.transform_load manual__2024-04-29T09:46:51.860294+00:00 [queued]>
[2024-04-29T16:47:32.278+0700] {taskinstance.py:2073} INFO - Dependencies all met for dep_context=requeueable deps ti=<TaskInstance: ETL-VNExpress.transform_load manual__2024-04-29T09:46:51.860294+00:00 [queued]>
[2024-04-29T16:47:32.280+0700] {taskinstance.py:2303} INFO - Starting attempt 1 of 1
[2024-04-29T16:47:32.336+0700] {taskinstance.py:2327} INFO - Executing <Task(PythonOperator): transform_load> on 2024-04-29 09:46:51.860294+00:00
[2024-04-29T16:47:32.341+0700] {standard_task_runner.py:63} INFO - Started process 58491 to run task
[2024-04-29T16:47:32.346+0700] {standard_task_runner.py:90} INFO - Running: ['airflow', 'tasks', 'run', 'ETL-VNExpress', 'transform_load', 'manual__2024-04-29T09:46:51.860294+00:00', '--job-id', '11', '--raw', '--subdir', 'DAGS_FOLDER/scape_news.py', '--cfg-path', '/tmp/tmpyx5za1u2']
[2024-04-29T16:47:32.348+0700] {standard_task_runner.py:91} INFO - Job 11: Subtask transform_load
[2024-04-29T16:47:32.438+0700] {task_command.py:426} INFO - Running <TaskInstance: ETL-VNExpress.transform_load manual__2024-04-29T09:46:51.860294+00:00 [running]> on host DESKTOP-BEALJ3H.
[2024-04-29T16:47:32.598+0700] {taskinstance.py:2644} INFO - Exporting env vars: AIRFLOW_CTX_DAG_OWNER='airflow' AIRFLOW_CTX_DAG_ID='ETL-VNExpress' AIRFLOW_CTX_TASK_ID='transform_load' AIRFLOW_CTX_EXECUTION_DATE='2024-04-29T09:46:51.860294+00:00' AIRFLOW_CTX_TRY_NUMBER='1' AIRFLOW_CTX_DAG_RUN_ID='manual__2024-04-29T09:46:51.860294+00:00'
[2024-04-29T16:47:32.600+0700] {taskinstance.py:430} INFO - ::endgroup::
[2024-04-29T16:47:33.049+0700] {logging_mixin.py:188} WARNING - /mnt/d/Programming/Vietnamese-Text-Generator/airflow/plugins/clean_data.py:48 SettingWithCopyWarning: 
A value is trying to be set on a copy of a slice from a DataFrame.
Try using .loc[row_indexer,col_indexer] = value instead

See the caveats in the documentation: https://pandas.pydata.org/pandas-docs/stable/user_guide/indexing.html#returning-a-view-versus-a-copy
[2024-04-29T16:47:33.054+0700] {logging_mixin.py:188} WARNING - /mnt/d/Programming/Vietnamese-Text-Generator/airflow/plugins/clean_data.py:51 SettingWithCopyWarning: 
A value is trying to be set on a copy of a slice from a DataFrame

See the caveats in the documentation: https://pandas.pydata.org/pandas-docs/stable/user_guide/indexing.html#returning-a-view-versus-a-copy
[2024-04-29T16:47:33.062+0700] {logging_mixin.py:188} WARNING - /mnt/d/Programming/Vietnamese-Text-Generator/airflow/plugins/clean_data.py:53 SettingWithCopyWarning: 
A value is trying to be set on a copy of a slice from a DataFrame.
Try using .loc[row_indexer,col_indexer] = value instead

See the caveats in the documentation: https://pandas.pydata.org/pandas-docs/stable/user_guide/indexing.html#returning-a-view-versus-a-copy
[2024-04-29T16:47:36.603+0700] {logging_mixin.py:188} WARNING - 0it [00:00, ?it/s]
[2024-04-29T16:47:36.605+0700] {logging_mixin.py:188} WARNING - 0it [00:00, ?it/s]
[2024-04-29T16:47:36.606+0700] {python.py:237} INFO - Done. Returned value was: None
[2024-04-29T16:47:36.608+0700] {taskinstance.py:441} INFO - ::group::Post task execution logs
[2024-04-29T16:47:36.622+0700] {taskinstance.py:1205} INFO - Marking task as SUCCESS. dag_id=ETL-VNExpress, task_id=transform_load, execution_date=20240429T094651, start_date=20240429T094732, end_date=20240429T094736
[2024-04-29T16:47:36.695+0700] {local_task_job_runner.py:240} INFO - Task exited with return code 0
[2024-04-29T16:47:36.732+0700] {taskinstance.py:3482} INFO - 1 downstream tasks scheduled from follow-on schedule check
[2024-04-29T16:47:36.743+0700] {local_task_job_runner.py:222} INFO - ::endgroup::
