[2024-05-23T15:42:26.773+0700] {processor.py:161} INFO - Started process (PID=1000) to work on /mnt/d/Programming/Vietnamese-Text-Generator/airflow_env/lib/python3.10/site-packages/airflow/example_dags/plugins/event_listener.py
[2024-05-23T15:42:26.775+0700] {processor.py:830} INFO - Processing file /mnt/d/Programming/Vietnamese-Text-Generator/airflow_env/lib/python3.10/site-packages/airflow/example_dags/plugins/event_listener.py for tasks to queue
[2024-05-23T15:42:26.779+0700] {logging_mixin.py:188} INFO - [2024-05-23T15:42:26.778+0700] {dagbag.py:540} INFO - Filling up the DagBag from /mnt/d/Programming/Vietnamese-Text-Generator/airflow_env/lib/python3.10/site-packages/airflow/example_dags/plugins/event_listener.py
[2024-05-23T15:42:26.798+0700] {processor.py:842} WARNING - No viable dags retrieved from /mnt/d/Programming/Vietnamese-Text-Generator/airflow_env/lib/python3.10/site-packages/airflow/example_dags/plugins/event_listener.py
[2024-05-23T15:42:26.822+0700] {processor.py:183} INFO - Processing /mnt/d/Programming/Vietnamese-Text-Generator/airflow_env/lib/python3.10/site-packages/airflow/example_dags/plugins/event_listener.py took 0.062 seconds
[2024-05-23T15:43:44.078+0700] {processor.py:161} INFO - Started process (PID=1377) to work on /mnt/d/Programming/Vietnamese-Text-Generator/airflow_env/lib/python3.10/site-packages/airflow/example_dags/plugins/event_listener.py
[2024-05-23T15:43:44.081+0700] {processor.py:830} INFO - Processing file /mnt/d/Programming/Vietnamese-Text-Generator/airflow_env/lib/python3.10/site-packages/airflow/example_dags/plugins/event_listener.py for tasks to queue
[2024-05-23T15:43:44.085+0700] {logging_mixin.py:188} INFO - [2024-05-23T15:43:44.084+0700] {dagbag.py:540} INFO - Filling up the DagBag from /mnt/d/Programming/Vietnamese-Text-Generator/airflow_env/lib/python3.10/site-packages/airflow/example_dags/plugins/event_listener.py
[2024-05-23T15:43:44.113+0700] {processor.py:842} WARNING - No viable dags retrieved from /mnt/d/Programming/Vietnamese-Text-Generator/airflow_env/lib/python3.10/site-packages/airflow/example_dags/plugins/event_listener.py
[2024-05-23T15:43:44.138+0700] {processor.py:183} INFO - Processing /mnt/d/Programming/Vietnamese-Text-Generator/airflow_env/lib/python3.10/site-packages/airflow/example_dags/plugins/event_listener.py took 0.077 seconds
[2024-05-23T15:44:28.322+0700] {processor.py:161} INFO - Started process (PID=1592) to work on /mnt/d/Programming/Vietnamese-Text-Generator/airflow_env/lib/python3.10/site-packages/airflow/example_dags/plugins/event_listener.py
[2024-05-23T15:44:28.324+0700] {processor.py:830} INFO - Processing file /mnt/d/Programming/Vietnamese-Text-Generator/airflow_env/lib/python3.10/site-packages/airflow/example_dags/plugins/event_listener.py for tasks to queue
[2024-05-23T15:44:28.329+0700] {logging_mixin.py:188} INFO - [2024-05-23T15:44:28.327+0700] {dagbag.py:540} INFO - Filling up the DagBag from /mnt/d/Programming/Vietnamese-Text-Generator/airflow_env/lib/python3.10/site-packages/airflow/example_dags/plugins/event_listener.py
[2024-05-23T15:44:28.349+0700] {processor.py:842} WARNING - No viable dags retrieved from /mnt/d/Programming/Vietnamese-Text-Generator/airflow_env/lib/python3.10/site-packages/airflow/example_dags/plugins/event_listener.py
[2024-05-23T15:44:28.370+0700] {processor.py:183} INFO - Processing /mnt/d/Programming/Vietnamese-Text-Generator/airflow_env/lib/python3.10/site-packages/airflow/example_dags/plugins/event_listener.py took 0.065 seconds
[2024-05-23T15:45:05.238+0700] {processor.py:161} INFO - Started process (PID=1775) to work on /mnt/d/Programming/Vietnamese-Text-Generator/airflow_env/lib/python3.10/site-packages/airflow/example_dags/plugins/event_listener.py
[2024-05-23T15:45:05.240+0700] {processor.py:830} INFO - Processing file /mnt/d/Programming/Vietnamese-Text-Generator/airflow_env/lib/python3.10/site-packages/airflow/example_dags/plugins/event_listener.py for tasks to queue
[2024-05-23T15:45:05.244+0700] {logging_mixin.py:188} INFO - [2024-05-23T15:45:05.243+0700] {dagbag.py:540} INFO - Filling up the DagBag from /mnt/d/Programming/Vietnamese-Text-Generator/airflow_env/lib/python3.10/site-packages/airflow/example_dags/plugins/event_listener.py
[2024-05-23T15:45:05.264+0700] {processor.py:842} WARNING - No viable dags retrieved from /mnt/d/Programming/Vietnamese-Text-Generator/airflow_env/lib/python3.10/site-packages/airflow/example_dags/plugins/event_listener.py
[2024-05-23T15:45:05.288+0700] {processor.py:183} INFO - Processing /mnt/d/Programming/Vietnamese-Text-Generator/airflow_env/lib/python3.10/site-packages/airflow/example_dags/plugins/event_listener.py took 0.066 seconds
[2024-05-23T15:46:17.028+0700] {processor.py:161} INFO - Started process (PID=2465) to work on /mnt/d/Programming/Vietnamese-Text-Generator/airflow_env/lib/python3.10/site-packages/airflow/example_dags/plugins/event_listener.py
[2024-05-23T15:46:17.030+0700] {processor.py:830} INFO - Processing file /mnt/d/Programming/Vietnamese-Text-Generator/airflow_env/lib/python3.10/site-packages/airflow/example_dags/plugins/event_listener.py for tasks to queue
[2024-05-23T15:46:17.033+0700] {logging_mixin.py:188} INFO - [2024-05-23T15:46:17.032+0700] {dagbag.py:540} INFO - Filling up the DagBag from /mnt/d/Programming/Vietnamese-Text-Generator/airflow_env/lib/python3.10/site-packages/airflow/example_dags/plugins/event_listener.py
[2024-05-23T15:46:17.050+0700] {processor.py:842} WARNING - No viable dags retrieved from /mnt/d/Programming/Vietnamese-Text-Generator/airflow_env/lib/python3.10/site-packages/airflow/example_dags/plugins/event_listener.py
[2024-05-23T15:46:17.082+0700] {processor.py:183} INFO - Processing /mnt/d/Programming/Vietnamese-Text-Generator/airflow_env/lib/python3.10/site-packages/airflow/example_dags/plugins/event_listener.py took 0.065 seconds
[2024-05-23T15:46:53.239+0700] {processor.py:161} INFO - Started process (PID=2643) to work on /mnt/d/Programming/Vietnamese-Text-Generator/airflow_env/lib/python3.10/site-packages/airflow/example_dags/plugins/event_listener.py
[2024-05-23T15:46:53.241+0700] {processor.py:830} INFO - Processing file /mnt/d/Programming/Vietnamese-Text-Generator/airflow_env/lib/python3.10/site-packages/airflow/example_dags/plugins/event_listener.py for tasks to queue
[2024-05-23T15:46:53.246+0700] {logging_mixin.py:188} INFO - [2024-05-23T15:46:53.244+0700] {dagbag.py:540} INFO - Filling up the DagBag from /mnt/d/Programming/Vietnamese-Text-Generator/airflow_env/lib/python3.10/site-packages/airflow/example_dags/plugins/event_listener.py
[2024-05-23T15:46:53.269+0700] {processor.py:842} WARNING - No viable dags retrieved from /mnt/d/Programming/Vietnamese-Text-Generator/airflow_env/lib/python3.10/site-packages/airflow/example_dags/plugins/event_listener.py
[2024-05-23T15:46:53.290+0700] {processor.py:183} INFO - Processing /mnt/d/Programming/Vietnamese-Text-Generator/airflow_env/lib/python3.10/site-packages/airflow/example_dags/plugins/event_listener.py took 0.063 seconds
[2024-05-23T15:47:56.668+0700] {processor.py:161} INFO - Started process (PID=2946) to work on /mnt/d/Programming/Vietnamese-Text-Generator/airflow_env/lib/python3.10/site-packages/airflow/example_dags/plugins/event_listener.py
[2024-05-23T15:47:56.670+0700] {processor.py:830} INFO - Processing file /mnt/d/Programming/Vietnamese-Text-Generator/airflow_env/lib/python3.10/site-packages/airflow/example_dags/plugins/event_listener.py for tasks to queue
[2024-05-23T15:47:56.673+0700] {logging_mixin.py:188} INFO - [2024-05-23T15:47:56.672+0700] {dagbag.py:540} INFO - Filling up the DagBag from /mnt/d/Programming/Vietnamese-Text-Generator/airflow_env/lib/python3.10/site-packages/airflow/example_dags/plugins/event_listener.py
[2024-05-23T15:47:56.690+0700] {processor.py:842} WARNING - No viable dags retrieved from /mnt/d/Programming/Vietnamese-Text-Generator/airflow_env/lib/python3.10/site-packages/airflow/example_dags/plugins/event_listener.py
[2024-05-23T15:47:56.707+0700] {processor.py:183} INFO - Processing /mnt/d/Programming/Vietnamese-Text-Generator/airflow_env/lib/python3.10/site-packages/airflow/example_dags/plugins/event_listener.py took 0.051 seconds
[2024-05-23T15:54:28.712+0700] {processor.py:161} INFO - Started process (PID=4594) to work on /mnt/d/Programming/Vietnamese-Text-Generator/airflow_env/lib/python3.10/site-packages/airflow/example_dags/plugins/event_listener.py
[2024-05-23T15:54:28.714+0700] {processor.py:830} INFO - Processing file /mnt/d/Programming/Vietnamese-Text-Generator/airflow_env/lib/python3.10/site-packages/airflow/example_dags/plugins/event_listener.py for tasks to queue
[2024-05-23T15:54:28.716+0700] {logging_mixin.py:188} INFO - [2024-05-23T15:54:28.715+0700] {dagbag.py:540} INFO - Filling up the DagBag from /mnt/d/Programming/Vietnamese-Text-Generator/airflow_env/lib/python3.10/site-packages/airflow/example_dags/plugins/event_listener.py
[2024-05-23T15:54:28.731+0700] {processor.py:842} WARNING - No viable dags retrieved from /mnt/d/Programming/Vietnamese-Text-Generator/airflow_env/lib/python3.10/site-packages/airflow/example_dags/plugins/event_listener.py
[2024-05-23T15:54:28.749+0700] {processor.py:183} INFO - Processing /mnt/d/Programming/Vietnamese-Text-Generator/airflow_env/lib/python3.10/site-packages/airflow/example_dags/plugins/event_listener.py took 0.047 seconds
[2024-05-23T15:55:37.975+0700] {processor.py:161} INFO - Started process (PID=4921) to work on /mnt/d/Programming/Vietnamese-Text-Generator/airflow_env/lib/python3.10/site-packages/airflow/example_dags/plugins/event_listener.py
[2024-05-23T15:55:37.977+0700] {processor.py:830} INFO - Processing file /mnt/d/Programming/Vietnamese-Text-Generator/airflow_env/lib/python3.10/site-packages/airflow/example_dags/plugins/event_listener.py for tasks to queue
[2024-05-23T15:55:37.979+0700] {logging_mixin.py:188} INFO - [2024-05-23T15:55:37.978+0700] {dagbag.py:540} INFO - Filling up the DagBag from /mnt/d/Programming/Vietnamese-Text-Generator/airflow_env/lib/python3.10/site-packages/airflow/example_dags/plugins/event_listener.py
[2024-05-23T15:55:37.996+0700] {processor.py:842} WARNING - No viable dags retrieved from /mnt/d/Programming/Vietnamese-Text-Generator/airflow_env/lib/python3.10/site-packages/airflow/example_dags/plugins/event_listener.py
[2024-05-23T15:55:38.015+0700] {processor.py:183} INFO - Processing /mnt/d/Programming/Vietnamese-Text-Generator/airflow_env/lib/python3.10/site-packages/airflow/example_dags/plugins/event_listener.py took 0.051 seconds
[2024-05-23T15:56:14.845+0700] {processor.py:161} INFO - Started process (PID=5095) to work on /mnt/d/Programming/Vietnamese-Text-Generator/airflow_env/lib/python3.10/site-packages/airflow/example_dags/plugins/event_listener.py
[2024-05-23T15:56:14.847+0700] {processor.py:830} INFO - Processing file /mnt/d/Programming/Vietnamese-Text-Generator/airflow_env/lib/python3.10/site-packages/airflow/example_dags/plugins/event_listener.py for tasks to queue
[2024-05-23T15:56:14.848+0700] {logging_mixin.py:188} INFO - [2024-05-23T15:56:14.848+0700] {dagbag.py:540} INFO - Filling up the DagBag from /mnt/d/Programming/Vietnamese-Text-Generator/airflow_env/lib/python3.10/site-packages/airflow/example_dags/plugins/event_listener.py
[2024-05-23T15:56:14.862+0700] {processor.py:842} WARNING - No viable dags retrieved from /mnt/d/Programming/Vietnamese-Text-Generator/airflow_env/lib/python3.10/site-packages/airflow/example_dags/plugins/event_listener.py
[2024-05-23T15:56:14.879+0700] {processor.py:183} INFO - Processing /mnt/d/Programming/Vietnamese-Text-Generator/airflow_env/lib/python3.10/site-packages/airflow/example_dags/plugins/event_listener.py took 0.046 seconds
[2024-05-23T15:57:23.762+0700] {processor.py:161} INFO - Started process (PID=5422) to work on /mnt/d/Programming/Vietnamese-Text-Generator/airflow_env/lib/python3.10/site-packages/airflow/example_dags/plugins/event_listener.py
[2024-05-23T15:57:23.764+0700] {processor.py:830} INFO - Processing file /mnt/d/Programming/Vietnamese-Text-Generator/airflow_env/lib/python3.10/site-packages/airflow/example_dags/plugins/event_listener.py for tasks to queue
[2024-05-23T15:57:23.768+0700] {logging_mixin.py:188} INFO - [2024-05-23T15:57:23.767+0700] {dagbag.py:540} INFO - Filling up the DagBag from /mnt/d/Programming/Vietnamese-Text-Generator/airflow_env/lib/python3.10/site-packages/airflow/example_dags/plugins/event_listener.py
[2024-05-23T15:57:23.796+0700] {processor.py:842} WARNING - No viable dags retrieved from /mnt/d/Programming/Vietnamese-Text-Generator/airflow_env/lib/python3.10/site-packages/airflow/example_dags/plugins/event_listener.py
[2024-05-23T15:57:23.821+0700] {processor.py:183} INFO - Processing /mnt/d/Programming/Vietnamese-Text-Generator/airflow_env/lib/python3.10/site-packages/airflow/example_dags/plugins/event_listener.py took 0.077 seconds
[2024-05-23T15:58:31.900+0700] {processor.py:161} INFO - Started process (PID=5742) to work on /mnt/d/Programming/Vietnamese-Text-Generator/airflow_env/lib/python3.10/site-packages/airflow/example_dags/plugins/event_listener.py
[2024-05-23T15:58:31.901+0700] {processor.py:830} INFO - Processing file /mnt/d/Programming/Vietnamese-Text-Generator/airflow_env/lib/python3.10/site-packages/airflow/example_dags/plugins/event_listener.py for tasks to queue
[2024-05-23T15:58:31.903+0700] {logging_mixin.py:188} INFO - [2024-05-23T15:58:31.902+0700] {dagbag.py:540} INFO - Filling up the DagBag from /mnt/d/Programming/Vietnamese-Text-Generator/airflow_env/lib/python3.10/site-packages/airflow/example_dags/plugins/event_listener.py
[2024-05-23T15:58:31.917+0700] {processor.py:842} WARNING - No viable dags retrieved from /mnt/d/Programming/Vietnamese-Text-Generator/airflow_env/lib/python3.10/site-packages/airflow/example_dags/plugins/event_listener.py
[2024-05-23T15:58:31.942+0700] {processor.py:183} INFO - Processing /mnt/d/Programming/Vietnamese-Text-Generator/airflow_env/lib/python3.10/site-packages/airflow/example_dags/plugins/event_listener.py took 0.052 seconds
[2024-05-23T15:59:08.211+0700] {processor.py:161} INFO - Started process (PID=5911) to work on /mnt/d/Programming/Vietnamese-Text-Generator/airflow_env/lib/python3.10/site-packages/airflow/example_dags/plugins/event_listener.py
[2024-05-23T15:59:08.213+0700] {processor.py:830} INFO - Processing file /mnt/d/Programming/Vietnamese-Text-Generator/airflow_env/lib/python3.10/site-packages/airflow/example_dags/plugins/event_listener.py for tasks to queue
[2024-05-23T15:59:08.217+0700] {logging_mixin.py:188} INFO - [2024-05-23T15:59:08.216+0700] {dagbag.py:540} INFO - Filling up the DagBag from /mnt/d/Programming/Vietnamese-Text-Generator/airflow_env/lib/python3.10/site-packages/airflow/example_dags/plugins/event_listener.py
[2024-05-23T15:59:08.245+0700] {processor.py:842} WARNING - No viable dags retrieved from /mnt/d/Programming/Vietnamese-Text-Generator/airflow_env/lib/python3.10/site-packages/airflow/example_dags/plugins/event_listener.py
[2024-05-23T15:59:08.270+0700] {processor.py:183} INFO - Processing /mnt/d/Programming/Vietnamese-Text-Generator/airflow_env/lib/python3.10/site-packages/airflow/example_dags/plugins/event_listener.py took 0.076 seconds
[2024-05-23T15:59:45.236+0700] {processor.py:161} INFO - Started process (PID=6083) to work on /mnt/d/Programming/Vietnamese-Text-Generator/airflow_env/lib/python3.10/site-packages/airflow/example_dags/plugins/event_listener.py
[2024-05-23T15:59:45.239+0700] {processor.py:830} INFO - Processing file /mnt/d/Programming/Vietnamese-Text-Generator/airflow_env/lib/python3.10/site-packages/airflow/example_dags/plugins/event_listener.py for tasks to queue
[2024-05-23T15:59:45.242+0700] {logging_mixin.py:188} INFO - [2024-05-23T15:59:45.241+0700] {dagbag.py:540} INFO - Filling up the DagBag from /mnt/d/Programming/Vietnamese-Text-Generator/airflow_env/lib/python3.10/site-packages/airflow/example_dags/plugins/event_listener.py
[2024-05-23T15:59:45.261+0700] {processor.py:842} WARNING - No viable dags retrieved from /mnt/d/Programming/Vietnamese-Text-Generator/airflow_env/lib/python3.10/site-packages/airflow/example_dags/plugins/event_listener.py
[2024-05-23T15:59:45.431+0700] {processor.py:183} INFO - Processing /mnt/d/Programming/Vietnamese-Text-Generator/airflow_env/lib/python3.10/site-packages/airflow/example_dags/plugins/event_listener.py took 0.208 seconds
[2024-05-23T16:00:52.556+0700] {processor.py:161} INFO - Started process (PID=6406) to work on /mnt/d/Programming/Vietnamese-Text-Generator/airflow_env/lib/python3.10/site-packages/airflow/example_dags/plugins/event_listener.py
[2024-05-23T16:00:52.558+0700] {processor.py:830} INFO - Processing file /mnt/d/Programming/Vietnamese-Text-Generator/airflow_env/lib/python3.10/site-packages/airflow/example_dags/plugins/event_listener.py for tasks to queue
[2024-05-23T16:00:52.561+0700] {logging_mixin.py:188} INFO - [2024-05-23T16:00:52.560+0700] {dagbag.py:540} INFO - Filling up the DagBag from /mnt/d/Programming/Vietnamese-Text-Generator/airflow_env/lib/python3.10/site-packages/airflow/example_dags/plugins/event_listener.py
[2024-05-23T16:00:52.580+0700] {processor.py:842} WARNING - No viable dags retrieved from /mnt/d/Programming/Vietnamese-Text-Generator/airflow_env/lib/python3.10/site-packages/airflow/example_dags/plugins/event_listener.py
[2024-05-23T16:00:52.598+0700] {processor.py:183} INFO - Processing /mnt/d/Programming/Vietnamese-Text-Generator/airflow_env/lib/python3.10/site-packages/airflow/example_dags/plugins/event_listener.py took 0.053 seconds
[2024-05-23T16:01:57.210+0700] {processor.py:161} INFO - Started process (PID=6709) to work on /mnt/d/Programming/Vietnamese-Text-Generator/airflow_env/lib/python3.10/site-packages/airflow/example_dags/plugins/event_listener.py
[2024-05-23T16:01:57.212+0700] {processor.py:830} INFO - Processing file /mnt/d/Programming/Vietnamese-Text-Generator/airflow_env/lib/python3.10/site-packages/airflow/example_dags/plugins/event_listener.py for tasks to queue
[2024-05-23T16:01:57.215+0700] {logging_mixin.py:188} INFO - [2024-05-23T16:01:57.214+0700] {dagbag.py:540} INFO - Filling up the DagBag from /mnt/d/Programming/Vietnamese-Text-Generator/airflow_env/lib/python3.10/site-packages/airflow/example_dags/plugins/event_listener.py
[2024-05-23T16:01:57.266+0700] {processor.py:842} WARNING - No viable dags retrieved from /mnt/d/Programming/Vietnamese-Text-Generator/airflow_env/lib/python3.10/site-packages/airflow/example_dags/plugins/event_listener.py
[2024-05-23T16:01:57.296+0700] {processor.py:183} INFO - Processing /mnt/d/Programming/Vietnamese-Text-Generator/airflow_env/lib/python3.10/site-packages/airflow/example_dags/plugins/event_listener.py took 0.097 seconds
[2024-05-23T16:02:31.799+0700] {processor.py:161} INFO - Started process (PID=6874) to work on /mnt/d/Programming/Vietnamese-Text-Generator/airflow_env/lib/python3.10/site-packages/airflow/example_dags/plugins/event_listener.py
[2024-05-23T16:02:31.801+0700] {processor.py:830} INFO - Processing file /mnt/d/Programming/Vietnamese-Text-Generator/airflow_env/lib/python3.10/site-packages/airflow/example_dags/plugins/event_listener.py for tasks to queue
[2024-05-23T16:02:31.804+0700] {logging_mixin.py:188} INFO - [2024-05-23T16:02:31.803+0700] {dagbag.py:540} INFO - Filling up the DagBag from /mnt/d/Programming/Vietnamese-Text-Generator/airflow_env/lib/python3.10/site-packages/airflow/example_dags/plugins/event_listener.py
[2024-05-23T16:02:31.825+0700] {processor.py:842} WARNING - No viable dags retrieved from /mnt/d/Programming/Vietnamese-Text-Generator/airflow_env/lib/python3.10/site-packages/airflow/example_dags/plugins/event_listener.py
[2024-05-23T16:02:31.851+0700] {processor.py:183} INFO - Processing /mnt/d/Programming/Vietnamese-Text-Generator/airflow_env/lib/python3.10/site-packages/airflow/example_dags/plugins/event_listener.py took 0.066 seconds
[2024-05-23T16:03:08.036+0700] {processor.py:161} INFO - Started process (PID=7044) to work on /mnt/d/Programming/Vietnamese-Text-Generator/airflow_env/lib/python3.10/site-packages/airflow/example_dags/plugins/event_listener.py
[2024-05-23T16:03:08.038+0700] {processor.py:830} INFO - Processing file /mnt/d/Programming/Vietnamese-Text-Generator/airflow_env/lib/python3.10/site-packages/airflow/example_dags/plugins/event_listener.py for tasks to queue
[2024-05-23T16:03:08.041+0700] {logging_mixin.py:188} INFO - [2024-05-23T16:03:08.040+0700] {dagbag.py:540} INFO - Filling up the DagBag from /mnt/d/Programming/Vietnamese-Text-Generator/airflow_env/lib/python3.10/site-packages/airflow/example_dags/plugins/event_listener.py
[2024-05-23T16:03:08.071+0700] {processor.py:842} WARNING - No viable dags retrieved from /mnt/d/Programming/Vietnamese-Text-Generator/airflow_env/lib/python3.10/site-packages/airflow/example_dags/plugins/event_listener.py
[2024-05-23T16:03:08.100+0700] {processor.py:183} INFO - Processing /mnt/d/Programming/Vietnamese-Text-Generator/airflow_env/lib/python3.10/site-packages/airflow/example_dags/plugins/event_listener.py took 0.081 seconds
[2024-05-23T16:03:43.897+0700] {processor.py:161} INFO - Started process (PID=7211) to work on /mnt/d/Programming/Vietnamese-Text-Generator/airflow_env/lib/python3.10/site-packages/airflow/example_dags/plugins/event_listener.py
[2024-05-23T16:03:43.899+0700] {processor.py:830} INFO - Processing file /mnt/d/Programming/Vietnamese-Text-Generator/airflow_env/lib/python3.10/site-packages/airflow/example_dags/plugins/event_listener.py for tasks to queue
[2024-05-23T16:03:43.901+0700] {logging_mixin.py:188} INFO - [2024-05-23T16:03:43.900+0700] {dagbag.py:540} INFO - Filling up the DagBag from /mnt/d/Programming/Vietnamese-Text-Generator/airflow_env/lib/python3.10/site-packages/airflow/example_dags/plugins/event_listener.py
[2024-05-23T16:03:43.916+0700] {processor.py:842} WARNING - No viable dags retrieved from /mnt/d/Programming/Vietnamese-Text-Generator/airflow_env/lib/python3.10/site-packages/airflow/example_dags/plugins/event_listener.py
[2024-05-23T16:03:43.934+0700] {processor.py:183} INFO - Processing /mnt/d/Programming/Vietnamese-Text-Generator/airflow_env/lib/python3.10/site-packages/airflow/example_dags/plugins/event_listener.py took 0.049 seconds
[2024-05-23T16:04:22.982+0700] {processor.py:161} INFO - Started process (PID=7400) to work on /mnt/d/Programming/Vietnamese-Text-Generator/airflow_env/lib/python3.10/site-packages/airflow/example_dags/plugins/event_listener.py
[2024-05-23T16:04:22.984+0700] {processor.py:830} INFO - Processing file /mnt/d/Programming/Vietnamese-Text-Generator/airflow_env/lib/python3.10/site-packages/airflow/example_dags/plugins/event_listener.py for tasks to queue
[2024-05-23T16:04:22.988+0700] {logging_mixin.py:188} INFO - [2024-05-23T16:04:22.987+0700] {dagbag.py:540} INFO - Filling up the DagBag from /mnt/d/Programming/Vietnamese-Text-Generator/airflow_env/lib/python3.10/site-packages/airflow/example_dags/plugins/event_listener.py
[2024-05-23T16:04:23.010+0700] {processor.py:842} WARNING - No viable dags retrieved from /mnt/d/Programming/Vietnamese-Text-Generator/airflow_env/lib/python3.10/site-packages/airflow/example_dags/plugins/event_listener.py
[2024-05-23T16:04:23.042+0700] {processor.py:183} INFO - Processing /mnt/d/Programming/Vietnamese-Text-Generator/airflow_env/lib/python3.10/site-packages/airflow/example_dags/plugins/event_listener.py took 0.073 seconds
[2024-05-23T16:34:46.081+0700] {processor.py:161} INFO - Started process (PID=16970) to work on /mnt/d/Programming/Vietnamese-Text-Generator/airflow_env/lib/python3.10/site-packages/airflow/example_dags/plugins/event_listener.py
[2024-05-23T16:34:46.083+0700] {processor.py:830} INFO - Processing file /mnt/d/Programming/Vietnamese-Text-Generator/airflow_env/lib/python3.10/site-packages/airflow/example_dags/plugins/event_listener.py for tasks to queue
[2024-05-23T16:34:46.085+0700] {logging_mixin.py:188} INFO - [2024-05-23T16:34:46.084+0700] {dagbag.py:540} INFO - Filling up the DagBag from /mnt/d/Programming/Vietnamese-Text-Generator/airflow_env/lib/python3.10/site-packages/airflow/example_dags/plugins/event_listener.py
[2024-05-23T16:34:46.103+0700] {processor.py:842} WARNING - No viable dags retrieved from /mnt/d/Programming/Vietnamese-Text-Generator/airflow_env/lib/python3.10/site-packages/airflow/example_dags/plugins/event_listener.py
[2024-05-23T16:34:46.125+0700] {processor.py:183} INFO - Processing /mnt/d/Programming/Vietnamese-Text-Generator/airflow_env/lib/python3.10/site-packages/airflow/example_dags/plugins/event_listener.py took 0.055 seconds
[2024-05-23T16:35:55.587+0700] {processor.py:161} INFO - Started process (PID=17298) to work on /mnt/d/Programming/Vietnamese-Text-Generator/airflow_env/lib/python3.10/site-packages/airflow/example_dags/plugins/event_listener.py
[2024-05-23T16:35:55.589+0700] {processor.py:830} INFO - Processing file /mnt/d/Programming/Vietnamese-Text-Generator/airflow_env/lib/python3.10/site-packages/airflow/example_dags/plugins/event_listener.py for tasks to queue
[2024-05-23T16:35:55.591+0700] {logging_mixin.py:188} INFO - [2024-05-23T16:35:55.591+0700] {dagbag.py:540} INFO - Filling up the DagBag from /mnt/d/Programming/Vietnamese-Text-Generator/airflow_env/lib/python3.10/site-packages/airflow/example_dags/plugins/event_listener.py
[2024-05-23T16:35:55.605+0700] {processor.py:842} WARNING - No viable dags retrieved from /mnt/d/Programming/Vietnamese-Text-Generator/airflow_env/lib/python3.10/site-packages/airflow/example_dags/plugins/event_listener.py
[2024-05-23T16:35:55.623+0700] {processor.py:183} INFO - Processing /mnt/d/Programming/Vietnamese-Text-Generator/airflow_env/lib/python3.10/site-packages/airflow/example_dags/plugins/event_listener.py took 0.047 seconds
[2024-05-23T16:36:33.381+0700] {processor.py:161} INFO - Started process (PID=17475) to work on /mnt/d/Programming/Vietnamese-Text-Generator/airflow_env/lib/python3.10/site-packages/airflow/example_dags/plugins/event_listener.py
[2024-05-23T16:36:33.382+0700] {processor.py:830} INFO - Processing file /mnt/d/Programming/Vietnamese-Text-Generator/airflow_env/lib/python3.10/site-packages/airflow/example_dags/plugins/event_listener.py for tasks to queue
[2024-05-23T16:36:33.385+0700] {logging_mixin.py:188} INFO - [2024-05-23T16:36:33.384+0700] {dagbag.py:540} INFO - Filling up the DagBag from /mnt/d/Programming/Vietnamese-Text-Generator/airflow_env/lib/python3.10/site-packages/airflow/example_dags/plugins/event_listener.py
[2024-05-23T16:36:33.400+0700] {processor.py:842} WARNING - No viable dags retrieved from /mnt/d/Programming/Vietnamese-Text-Generator/airflow_env/lib/python3.10/site-packages/airflow/example_dags/plugins/event_listener.py
[2024-05-23T16:36:33.421+0700] {processor.py:183} INFO - Processing /mnt/d/Programming/Vietnamese-Text-Generator/airflow_env/lib/python3.10/site-packages/airflow/example_dags/plugins/event_listener.py took 0.051 seconds
[2024-05-23T16:37:11.929+0700] {processor.py:161} INFO - Started process (PID=17653) to work on /mnt/d/Programming/Vietnamese-Text-Generator/airflow_env/lib/python3.10/site-packages/airflow/example_dags/plugins/event_listener.py
[2024-05-23T16:37:11.931+0700] {processor.py:830} INFO - Processing file /mnt/d/Programming/Vietnamese-Text-Generator/airflow_env/lib/python3.10/site-packages/airflow/example_dags/plugins/event_listener.py for tasks to queue
[2024-05-23T16:37:11.932+0700] {logging_mixin.py:188} INFO - [2024-05-23T16:37:11.932+0700] {dagbag.py:540} INFO - Filling up the DagBag from /mnt/d/Programming/Vietnamese-Text-Generator/airflow_env/lib/python3.10/site-packages/airflow/example_dags/plugins/event_listener.py
[2024-05-23T16:37:11.949+0700] {processor.py:842} WARNING - No viable dags retrieved from /mnt/d/Programming/Vietnamese-Text-Generator/airflow_env/lib/python3.10/site-packages/airflow/example_dags/plugins/event_listener.py
[2024-05-23T16:37:11.967+0700] {processor.py:183} INFO - Processing /mnt/d/Programming/Vietnamese-Text-Generator/airflow_env/lib/python3.10/site-packages/airflow/example_dags/plugins/event_listener.py took 0.049 seconds
[2024-05-23T16:37:52.911+0700] {processor.py:161} INFO - Started process (PID=17845) to work on /mnt/d/Programming/Vietnamese-Text-Generator/airflow_env/lib/python3.10/site-packages/airflow/example_dags/plugins/event_listener.py
[2024-05-23T16:37:52.913+0700] {processor.py:830} INFO - Processing file /mnt/d/Programming/Vietnamese-Text-Generator/airflow_env/lib/python3.10/site-packages/airflow/example_dags/plugins/event_listener.py for tasks to queue
[2024-05-23T16:37:52.916+0700] {logging_mixin.py:188} INFO - [2024-05-23T16:37:52.914+0700] {dagbag.py:540} INFO - Filling up the DagBag from /mnt/d/Programming/Vietnamese-Text-Generator/airflow_env/lib/python3.10/site-packages/airflow/example_dags/plugins/event_listener.py
[2024-05-23T16:37:52.930+0700] {processor.py:842} WARNING - No viable dags retrieved from /mnt/d/Programming/Vietnamese-Text-Generator/airflow_env/lib/python3.10/site-packages/airflow/example_dags/plugins/event_listener.py
[2024-05-23T16:37:52.951+0700] {processor.py:183} INFO - Processing /mnt/d/Programming/Vietnamese-Text-Generator/airflow_env/lib/python3.10/site-packages/airflow/example_dags/plugins/event_listener.py took 0.053 seconds
[2024-05-23T16:49:34.551+0700] {processor.py:161} INFO - Started process (PID=20796) to work on /mnt/d/Programming/Vietnamese-Text-Generator/airflow_env/lib/python3.10/site-packages/airflow/example_dags/plugins/event_listener.py
[2024-05-23T16:49:34.553+0700] {processor.py:830} INFO - Processing file /mnt/d/Programming/Vietnamese-Text-Generator/airflow_env/lib/python3.10/site-packages/airflow/example_dags/plugins/event_listener.py for tasks to queue
[2024-05-23T16:49:34.556+0700] {logging_mixin.py:188} INFO - [2024-05-23T16:49:34.555+0700] {dagbag.py:540} INFO - Filling up the DagBag from /mnt/d/Programming/Vietnamese-Text-Generator/airflow_env/lib/python3.10/site-packages/airflow/example_dags/plugins/event_listener.py
[2024-05-23T16:49:34.578+0700] {processor.py:842} WARNING - No viable dags retrieved from /mnt/d/Programming/Vietnamese-Text-Generator/airflow_env/lib/python3.10/site-packages/airflow/example_dags/plugins/event_listener.py
[2024-05-23T16:49:34.606+0700] {processor.py:183} INFO - Processing /mnt/d/Programming/Vietnamese-Text-Generator/airflow_env/lib/python3.10/site-packages/airflow/example_dags/plugins/event_listener.py took 0.070 seconds
[2024-05-23T16:50:51.605+0700] {processor.py:161} INFO - Started process (PID=21156) to work on /mnt/d/Programming/Vietnamese-Text-Generator/airflow_env/lib/python3.10/site-packages/airflow/example_dags/plugins/event_listener.py
[2024-05-23T16:50:51.607+0700] {processor.py:830} INFO - Processing file /mnt/d/Programming/Vietnamese-Text-Generator/airflow_env/lib/python3.10/site-packages/airflow/example_dags/plugins/event_listener.py for tasks to queue
[2024-05-23T16:50:51.610+0700] {logging_mixin.py:188} INFO - [2024-05-23T16:50:51.609+0700] {dagbag.py:540} INFO - Filling up the DagBag from /mnt/d/Programming/Vietnamese-Text-Generator/airflow_env/lib/python3.10/site-packages/airflow/example_dags/plugins/event_listener.py
[2024-05-23T16:50:51.624+0700] {processor.py:842} WARNING - No viable dags retrieved from /mnt/d/Programming/Vietnamese-Text-Generator/airflow_env/lib/python3.10/site-packages/airflow/example_dags/plugins/event_listener.py
[2024-05-23T16:50:51.645+0700] {processor.py:183} INFO - Processing /mnt/d/Programming/Vietnamese-Text-Generator/airflow_env/lib/python3.10/site-packages/airflow/example_dags/plugins/event_listener.py took 0.052 seconds
[2024-05-23T16:51:32.316+0700] {processor.py:161} INFO - Started process (PID=21347) to work on /mnt/d/Programming/Vietnamese-Text-Generator/airflow_env/lib/python3.10/site-packages/airflow/example_dags/plugins/event_listener.py
[2024-05-23T16:51:32.319+0700] {processor.py:830} INFO - Processing file /mnt/d/Programming/Vietnamese-Text-Generator/airflow_env/lib/python3.10/site-packages/airflow/example_dags/plugins/event_listener.py for tasks to queue
[2024-05-23T16:51:32.323+0700] {logging_mixin.py:188} INFO - [2024-05-23T16:51:32.321+0700] {dagbag.py:540} INFO - Filling up the DagBag from /mnt/d/Programming/Vietnamese-Text-Generator/airflow_env/lib/python3.10/site-packages/airflow/example_dags/plugins/event_listener.py
[2024-05-23T16:51:32.346+0700] {processor.py:842} WARNING - No viable dags retrieved from /mnt/d/Programming/Vietnamese-Text-Generator/airflow_env/lib/python3.10/site-packages/airflow/example_dags/plugins/event_listener.py
[2024-05-23T16:51:32.372+0700] {processor.py:183} INFO - Processing /mnt/d/Programming/Vietnamese-Text-Generator/airflow_env/lib/python3.10/site-packages/airflow/example_dags/plugins/event_listener.py took 0.070 seconds
[2024-05-23T16:52:08.865+0700] {processor.py:161} INFO - Started process (PID=21516) to work on /mnt/d/Programming/Vietnamese-Text-Generator/airflow_env/lib/python3.10/site-packages/airflow/example_dags/plugins/event_listener.py
[2024-05-23T16:52:08.867+0700] {processor.py:830} INFO - Processing file /mnt/d/Programming/Vietnamese-Text-Generator/airflow_env/lib/python3.10/site-packages/airflow/example_dags/plugins/event_listener.py for tasks to queue
[2024-05-23T16:52:08.870+0700] {logging_mixin.py:188} INFO - [2024-05-23T16:52:08.869+0700] {dagbag.py:540} INFO - Filling up the DagBag from /mnt/d/Programming/Vietnamese-Text-Generator/airflow_env/lib/python3.10/site-packages/airflow/example_dags/plugins/event_listener.py
[2024-05-23T16:52:08.887+0700] {processor.py:842} WARNING - No viable dags retrieved from /mnt/d/Programming/Vietnamese-Text-Generator/airflow_env/lib/python3.10/site-packages/airflow/example_dags/plugins/event_listener.py
[2024-05-23T16:52:08.906+0700] {processor.py:183} INFO - Processing /mnt/d/Programming/Vietnamese-Text-Generator/airflow_env/lib/python3.10/site-packages/airflow/example_dags/plugins/event_listener.py took 0.052 seconds
[2024-05-23T16:52:47.082+0700] {processor.py:161} INFO - Started process (PID=21693) to work on /mnt/d/Programming/Vietnamese-Text-Generator/airflow_env/lib/python3.10/site-packages/airflow/example_dags/plugins/event_listener.py
[2024-05-23T16:52:47.085+0700] {processor.py:830} INFO - Processing file /mnt/d/Programming/Vietnamese-Text-Generator/airflow_env/lib/python3.10/site-packages/airflow/example_dags/plugins/event_listener.py for tasks to queue
[2024-05-23T16:52:47.088+0700] {logging_mixin.py:188} INFO - [2024-05-23T16:52:47.087+0700] {dagbag.py:540} INFO - Filling up the DagBag from /mnt/d/Programming/Vietnamese-Text-Generator/airflow_env/lib/python3.10/site-packages/airflow/example_dags/plugins/event_listener.py
[2024-05-23T16:52:47.109+0700] {processor.py:842} WARNING - No viable dags retrieved from /mnt/d/Programming/Vietnamese-Text-Generator/airflow_env/lib/python3.10/site-packages/airflow/example_dags/plugins/event_listener.py
[2024-05-23T16:52:47.133+0700] {processor.py:183} INFO - Processing /mnt/d/Programming/Vietnamese-Text-Generator/airflow_env/lib/python3.10/site-packages/airflow/example_dags/plugins/event_listener.py took 0.063 seconds
[2024-05-23T16:53:23.670+0700] {processor.py:161} INFO - Started process (PID=21863) to work on /mnt/d/Programming/Vietnamese-Text-Generator/airflow_env/lib/python3.10/site-packages/airflow/example_dags/plugins/event_listener.py
[2024-05-23T16:53:23.672+0700] {processor.py:830} INFO - Processing file /mnt/d/Programming/Vietnamese-Text-Generator/airflow_env/lib/python3.10/site-packages/airflow/example_dags/plugins/event_listener.py for tasks to queue
[2024-05-23T16:53:23.674+0700] {logging_mixin.py:188} INFO - [2024-05-23T16:53:23.673+0700] {dagbag.py:540} INFO - Filling up the DagBag from /mnt/d/Programming/Vietnamese-Text-Generator/airflow_env/lib/python3.10/site-packages/airflow/example_dags/plugins/event_listener.py
[2024-05-23T16:53:23.691+0700] {processor.py:842} WARNING - No viable dags retrieved from /mnt/d/Programming/Vietnamese-Text-Generator/airflow_env/lib/python3.10/site-packages/airflow/example_dags/plugins/event_listener.py
[2024-05-23T16:53:23.711+0700] {processor.py:183} INFO - Processing /mnt/d/Programming/Vietnamese-Text-Generator/airflow_env/lib/python3.10/site-packages/airflow/example_dags/plugins/event_listener.py took 0.057 seconds
[2024-05-23T16:53:59.890+0700] {processor.py:161} INFO - Started process (PID=22032) to work on /mnt/d/Programming/Vietnamese-Text-Generator/airflow_env/lib/python3.10/site-packages/airflow/example_dags/plugins/event_listener.py
[2024-05-23T16:53:59.892+0700] {processor.py:830} INFO - Processing file /mnt/d/Programming/Vietnamese-Text-Generator/airflow_env/lib/python3.10/site-packages/airflow/example_dags/plugins/event_listener.py for tasks to queue
[2024-05-23T16:53:59.894+0700] {logging_mixin.py:188} INFO - [2024-05-23T16:53:59.893+0700] {dagbag.py:540} INFO - Filling up the DagBag from /mnt/d/Programming/Vietnamese-Text-Generator/airflow_env/lib/python3.10/site-packages/airflow/example_dags/plugins/event_listener.py
[2024-05-23T16:53:59.912+0700] {processor.py:842} WARNING - No viable dags retrieved from /mnt/d/Programming/Vietnamese-Text-Generator/airflow_env/lib/python3.10/site-packages/airflow/example_dags/plugins/event_listener.py
[2024-05-23T16:53:59.932+0700] {processor.py:183} INFO - Processing /mnt/d/Programming/Vietnamese-Text-Generator/airflow_env/lib/python3.10/site-packages/airflow/example_dags/plugins/event_listener.py took 0.052 seconds
[2024-05-23T16:54:34.808+0700] {processor.py:161} INFO - Started process (PID=22194) to work on /mnt/d/Programming/Vietnamese-Text-Generator/airflow_env/lib/python3.10/site-packages/airflow/example_dags/plugins/event_listener.py
[2024-05-23T16:54:34.809+0700] {processor.py:830} INFO - Processing file /mnt/d/Programming/Vietnamese-Text-Generator/airflow_env/lib/python3.10/site-packages/airflow/example_dags/plugins/event_listener.py for tasks to queue
[2024-05-23T16:54:34.812+0700] {logging_mixin.py:188} INFO - [2024-05-23T16:54:34.811+0700] {dagbag.py:540} INFO - Filling up the DagBag from /mnt/d/Programming/Vietnamese-Text-Generator/airflow_env/lib/python3.10/site-packages/airflow/example_dags/plugins/event_listener.py
[2024-05-23T16:54:34.829+0700] {processor.py:842} WARNING - No viable dags retrieved from /mnt/d/Programming/Vietnamese-Text-Generator/airflow_env/lib/python3.10/site-packages/airflow/example_dags/plugins/event_listener.py
[2024-05-23T16:54:34.849+0700] {processor.py:183} INFO - Processing /mnt/d/Programming/Vietnamese-Text-Generator/airflow_env/lib/python3.10/site-packages/airflow/example_dags/plugins/event_listener.py took 0.057 seconds
[2024-05-23T16:55:10.242+0700] {processor.py:161} INFO - Started process (PID=22362) to work on /mnt/d/Programming/Vietnamese-Text-Generator/airflow_env/lib/python3.10/site-packages/airflow/example_dags/plugins/event_listener.py
[2024-05-23T16:55:10.244+0700] {processor.py:830} INFO - Processing file /mnt/d/Programming/Vietnamese-Text-Generator/airflow_env/lib/python3.10/site-packages/airflow/example_dags/plugins/event_listener.py for tasks to queue
[2024-05-23T16:55:10.246+0700] {logging_mixin.py:188} INFO - [2024-05-23T16:55:10.245+0700] {dagbag.py:540} INFO - Filling up the DagBag from /mnt/d/Programming/Vietnamese-Text-Generator/airflow_env/lib/python3.10/site-packages/airflow/example_dags/plugins/event_listener.py
[2024-05-23T16:55:10.263+0700] {processor.py:842} WARNING - No viable dags retrieved from /mnt/d/Programming/Vietnamese-Text-Generator/airflow_env/lib/python3.10/site-packages/airflow/example_dags/plugins/event_listener.py
[2024-05-23T16:55:10.287+0700] {processor.py:183} INFO - Processing /mnt/d/Programming/Vietnamese-Text-Generator/airflow_env/lib/python3.10/site-packages/airflow/example_dags/plugins/event_listener.py took 0.058 seconds
[2024-05-23T16:56:12.865+0700] {processor.py:161} INFO - Started process (PID=22657) to work on /mnt/d/Programming/Vietnamese-Text-Generator/airflow_env/lib/python3.10/site-packages/airflow/example_dags/plugins/event_listener.py
[2024-05-23T16:56:12.866+0700] {processor.py:830} INFO - Processing file /mnt/d/Programming/Vietnamese-Text-Generator/airflow_env/lib/python3.10/site-packages/airflow/example_dags/plugins/event_listener.py for tasks to queue
[2024-05-23T16:56:12.868+0700] {logging_mixin.py:188} INFO - [2024-05-23T16:56:12.867+0700] {dagbag.py:540} INFO - Filling up the DagBag from /mnt/d/Programming/Vietnamese-Text-Generator/airflow_env/lib/python3.10/site-packages/airflow/example_dags/plugins/event_listener.py
[2024-05-23T16:56:12.884+0700] {processor.py:842} WARNING - No viable dags retrieved from /mnt/d/Programming/Vietnamese-Text-Generator/airflow_env/lib/python3.10/site-packages/airflow/example_dags/plugins/event_listener.py
[2024-05-23T16:56:12.901+0700] {processor.py:183} INFO - Processing /mnt/d/Programming/Vietnamese-Text-Generator/airflow_env/lib/python3.10/site-packages/airflow/example_dags/plugins/event_listener.py took 0.049 seconds
[2024-05-23T16:56:49.878+0700] {processor.py:161} INFO - Started process (PID=22828) to work on /mnt/d/Programming/Vietnamese-Text-Generator/airflow_env/lib/python3.10/site-packages/airflow/example_dags/plugins/event_listener.py
[2024-05-23T16:56:49.881+0700] {processor.py:830} INFO - Processing file /mnt/d/Programming/Vietnamese-Text-Generator/airflow_env/lib/python3.10/site-packages/airflow/example_dags/plugins/event_listener.py for tasks to queue
[2024-05-23T16:56:49.885+0700] {logging_mixin.py:188} INFO - [2024-05-23T16:56:49.883+0700] {dagbag.py:540} INFO - Filling up the DagBag from /mnt/d/Programming/Vietnamese-Text-Generator/airflow_env/lib/python3.10/site-packages/airflow/example_dags/plugins/event_listener.py
[2024-05-23T16:56:49.917+0700] {processor.py:842} WARNING - No viable dags retrieved from /mnt/d/Programming/Vietnamese-Text-Generator/airflow_env/lib/python3.10/site-packages/airflow/example_dags/plugins/event_listener.py
[2024-05-23T16:56:49.952+0700] {processor.py:183} INFO - Processing /mnt/d/Programming/Vietnamese-Text-Generator/airflow_env/lib/python3.10/site-packages/airflow/example_dags/plugins/event_listener.py took 0.091 seconds
[2024-05-23T16:57:26.468+0700] {processor.py:161} INFO - Started process (PID=22999) to work on /mnt/d/Programming/Vietnamese-Text-Generator/airflow_env/lib/python3.10/site-packages/airflow/example_dags/plugins/event_listener.py
[2024-05-23T16:57:26.470+0700] {processor.py:830} INFO - Processing file /mnt/d/Programming/Vietnamese-Text-Generator/airflow_env/lib/python3.10/site-packages/airflow/example_dags/plugins/event_listener.py for tasks to queue
[2024-05-23T16:57:26.472+0700] {logging_mixin.py:188} INFO - [2024-05-23T16:57:26.472+0700] {dagbag.py:540} INFO - Filling up the DagBag from /mnt/d/Programming/Vietnamese-Text-Generator/airflow_env/lib/python3.10/site-packages/airflow/example_dags/plugins/event_listener.py
[2024-05-23T16:57:26.486+0700] {processor.py:842} WARNING - No viable dags retrieved from /mnt/d/Programming/Vietnamese-Text-Generator/airflow_env/lib/python3.10/site-packages/airflow/example_dags/plugins/event_listener.py
[2024-05-23T16:57:26.505+0700] {processor.py:183} INFO - Processing /mnt/d/Programming/Vietnamese-Text-Generator/airflow_env/lib/python3.10/site-packages/airflow/example_dags/plugins/event_listener.py took 0.048 seconds
[2024-05-23T16:58:33.339+0700] {processor.py:161} INFO - Started process (PID=23314) to work on /mnt/d/Programming/Vietnamese-Text-Generator/airflow_env/lib/python3.10/site-packages/airflow/example_dags/plugins/event_listener.py
[2024-05-23T16:58:33.341+0700] {processor.py:830} INFO - Processing file /mnt/d/Programming/Vietnamese-Text-Generator/airflow_env/lib/python3.10/site-packages/airflow/example_dags/plugins/event_listener.py for tasks to queue
[2024-05-23T16:58:33.344+0700] {logging_mixin.py:188} INFO - [2024-05-23T16:58:33.343+0700] {dagbag.py:540} INFO - Filling up the DagBag from /mnt/d/Programming/Vietnamese-Text-Generator/airflow_env/lib/python3.10/site-packages/airflow/example_dags/plugins/event_listener.py
[2024-05-23T16:58:33.362+0700] {processor.py:842} WARNING - No viable dags retrieved from /mnt/d/Programming/Vietnamese-Text-Generator/airflow_env/lib/python3.10/site-packages/airflow/example_dags/plugins/event_listener.py
[2024-05-23T16:58:33.382+0700] {processor.py:183} INFO - Processing /mnt/d/Programming/Vietnamese-Text-Generator/airflow_env/lib/python3.10/site-packages/airflow/example_dags/plugins/event_listener.py took 0.054 seconds
[2024-05-23T16:59:08.620+0700] {processor.py:161} INFO - Started process (PID=23478) to work on /mnt/d/Programming/Vietnamese-Text-Generator/airflow_env/lib/python3.10/site-packages/airflow/example_dags/plugins/event_listener.py
[2024-05-23T16:59:08.622+0700] {processor.py:830} INFO - Processing file /mnt/d/Programming/Vietnamese-Text-Generator/airflow_env/lib/python3.10/site-packages/airflow/example_dags/plugins/event_listener.py for tasks to queue
[2024-05-23T16:59:08.625+0700] {logging_mixin.py:188} INFO - [2024-05-23T16:59:08.624+0700] {dagbag.py:540} INFO - Filling up the DagBag from /mnt/d/Programming/Vietnamese-Text-Generator/airflow_env/lib/python3.10/site-packages/airflow/example_dags/plugins/event_listener.py
[2024-05-23T16:59:08.644+0700] {processor.py:842} WARNING - No viable dags retrieved from /mnt/d/Programming/Vietnamese-Text-Generator/airflow_env/lib/python3.10/site-packages/airflow/example_dags/plugins/event_listener.py
[2024-05-23T16:59:08.666+0700] {processor.py:183} INFO - Processing /mnt/d/Programming/Vietnamese-Text-Generator/airflow_env/lib/python3.10/site-packages/airflow/example_dags/plugins/event_listener.py took 0.057 seconds
[2024-05-23T16:59:45.322+0700] {processor.py:161} INFO - Started process (PID=23648) to work on /mnt/d/Programming/Vietnamese-Text-Generator/airflow_env/lib/python3.10/site-packages/airflow/example_dags/plugins/event_listener.py
[2024-05-23T16:59:45.324+0700] {processor.py:830} INFO - Processing file /mnt/d/Programming/Vietnamese-Text-Generator/airflow_env/lib/python3.10/site-packages/airflow/example_dags/plugins/event_listener.py for tasks to queue
[2024-05-23T16:59:45.327+0700] {logging_mixin.py:188} INFO - [2024-05-23T16:59:45.326+0700] {dagbag.py:540} INFO - Filling up the DagBag from /mnt/d/Programming/Vietnamese-Text-Generator/airflow_env/lib/python3.10/site-packages/airflow/example_dags/plugins/event_listener.py
[2024-05-23T16:59:45.343+0700] {processor.py:842} WARNING - No viable dags retrieved from /mnt/d/Programming/Vietnamese-Text-Generator/airflow_env/lib/python3.10/site-packages/airflow/example_dags/plugins/event_listener.py
[2024-05-23T16:59:45.363+0700] {processor.py:183} INFO - Processing /mnt/d/Programming/Vietnamese-Text-Generator/airflow_env/lib/python3.10/site-packages/airflow/example_dags/plugins/event_listener.py took 0.052 seconds
[2024-05-23T17:00:20.532+0700] {processor.py:161} INFO - Started process (PID=23813) to work on /mnt/d/Programming/Vietnamese-Text-Generator/airflow_env/lib/python3.10/site-packages/airflow/example_dags/plugins/event_listener.py
[2024-05-23T17:00:20.533+0700] {processor.py:830} INFO - Processing file /mnt/d/Programming/Vietnamese-Text-Generator/airflow_env/lib/python3.10/site-packages/airflow/example_dags/plugins/event_listener.py for tasks to queue
[2024-05-23T17:00:20.536+0700] {logging_mixin.py:188} INFO - [2024-05-23T17:00:20.535+0700] {dagbag.py:540} INFO - Filling up the DagBag from /mnt/d/Programming/Vietnamese-Text-Generator/airflow_env/lib/python3.10/site-packages/airflow/example_dags/plugins/event_listener.py
[2024-05-23T17:00:20.553+0700] {processor.py:842} WARNING - No viable dags retrieved from /mnt/d/Programming/Vietnamese-Text-Generator/airflow_env/lib/python3.10/site-packages/airflow/example_dags/plugins/event_listener.py
[2024-05-23T17:00:20.572+0700] {processor.py:183} INFO - Processing /mnt/d/Programming/Vietnamese-Text-Generator/airflow_env/lib/python3.10/site-packages/airflow/example_dags/plugins/event_listener.py took 0.053 seconds
[2024-05-23T17:01:26.758+0700] {processor.py:161} INFO - Started process (PID=24121) to work on /mnt/d/Programming/Vietnamese-Text-Generator/airflow_env/lib/python3.10/site-packages/airflow/example_dags/plugins/event_listener.py
[2024-05-23T17:01:26.761+0700] {processor.py:830} INFO - Processing file /mnt/d/Programming/Vietnamese-Text-Generator/airflow_env/lib/python3.10/site-packages/airflow/example_dags/plugins/event_listener.py for tasks to queue
[2024-05-23T17:01:26.764+0700] {logging_mixin.py:188} INFO - [2024-05-23T17:01:26.763+0700] {dagbag.py:540} INFO - Filling up the DagBag from /mnt/d/Programming/Vietnamese-Text-Generator/airflow_env/lib/python3.10/site-packages/airflow/example_dags/plugins/event_listener.py
[2024-05-23T17:01:26.783+0700] {processor.py:842} WARNING - No viable dags retrieved from /mnt/d/Programming/Vietnamese-Text-Generator/airflow_env/lib/python3.10/site-packages/airflow/example_dags/plugins/event_listener.py
[2024-05-23T17:01:26.802+0700] {processor.py:183} INFO - Processing /mnt/d/Programming/Vietnamese-Text-Generator/airflow_env/lib/python3.10/site-packages/airflow/example_dags/plugins/event_listener.py took 0.059 seconds
[2024-05-23T17:02:37.125+0700] {processor.py:161} INFO - Started process (PID=24448) to work on /mnt/d/Programming/Vietnamese-Text-Generator/airflow_env/lib/python3.10/site-packages/airflow/example_dags/plugins/event_listener.py
[2024-05-23T17:02:37.127+0700] {processor.py:830} INFO - Processing file /mnt/d/Programming/Vietnamese-Text-Generator/airflow_env/lib/python3.10/site-packages/airflow/example_dags/plugins/event_listener.py for tasks to queue
[2024-05-23T17:02:37.130+0700] {logging_mixin.py:188} INFO - [2024-05-23T17:02:37.129+0700] {dagbag.py:540} INFO - Filling up the DagBag from /mnt/d/Programming/Vietnamese-Text-Generator/airflow_env/lib/python3.10/site-packages/airflow/example_dags/plugins/event_listener.py
[2024-05-23T17:02:37.146+0700] {processor.py:842} WARNING - No viable dags retrieved from /mnt/d/Programming/Vietnamese-Text-Generator/airflow_env/lib/python3.10/site-packages/airflow/example_dags/plugins/event_listener.py
[2024-05-23T17:02:37.167+0700] {processor.py:183} INFO - Processing /mnt/d/Programming/Vietnamese-Text-Generator/airflow_env/lib/python3.10/site-packages/airflow/example_dags/plugins/event_listener.py took 0.053 seconds
[2024-05-23T17:03:12.603+0700] {processor.py:161} INFO - Started process (PID=24613) to work on /mnt/d/Programming/Vietnamese-Text-Generator/airflow_env/lib/python3.10/site-packages/airflow/example_dags/plugins/event_listener.py
[2024-05-23T17:03:12.605+0700] {processor.py:830} INFO - Processing file /mnt/d/Programming/Vietnamese-Text-Generator/airflow_env/lib/python3.10/site-packages/airflow/example_dags/plugins/event_listener.py for tasks to queue
[2024-05-23T17:03:12.607+0700] {logging_mixin.py:188} INFO - [2024-05-23T17:03:12.606+0700] {dagbag.py:540} INFO - Filling up the DagBag from /mnt/d/Programming/Vietnamese-Text-Generator/airflow_env/lib/python3.10/site-packages/airflow/example_dags/plugins/event_listener.py
[2024-05-23T17:03:12.624+0700] {processor.py:842} WARNING - No viable dags retrieved from /mnt/d/Programming/Vietnamese-Text-Generator/airflow_env/lib/python3.10/site-packages/airflow/example_dags/plugins/event_listener.py
[2024-05-23T17:03:12.649+0700] {processor.py:183} INFO - Processing /mnt/d/Programming/Vietnamese-Text-Generator/airflow_env/lib/python3.10/site-packages/airflow/example_dags/plugins/event_listener.py took 0.058 seconds
[2024-05-23T17:04:20.927+0700] {processor.py:161} INFO - Started process (PID=24931) to work on /mnt/d/Programming/Vietnamese-Text-Generator/airflow_env/lib/python3.10/site-packages/airflow/example_dags/plugins/event_listener.py
[2024-05-23T17:04:20.929+0700] {processor.py:830} INFO - Processing file /mnt/d/Programming/Vietnamese-Text-Generator/airflow_env/lib/python3.10/site-packages/airflow/example_dags/plugins/event_listener.py for tasks to queue
[2024-05-23T17:04:20.931+0700] {logging_mixin.py:188} INFO - [2024-05-23T17:04:20.930+0700] {dagbag.py:540} INFO - Filling up the DagBag from /mnt/d/Programming/Vietnamese-Text-Generator/airflow_env/lib/python3.10/site-packages/airflow/example_dags/plugins/event_listener.py
[2024-05-23T17:04:20.949+0700] {processor.py:842} WARNING - No viable dags retrieved from /mnt/d/Programming/Vietnamese-Text-Generator/airflow_env/lib/python3.10/site-packages/airflow/example_dags/plugins/event_listener.py
[2024-05-23T17:04:20.970+0700] {processor.py:183} INFO - Processing /mnt/d/Programming/Vietnamese-Text-Generator/airflow_env/lib/python3.10/site-packages/airflow/example_dags/plugins/event_listener.py took 0.056 seconds
[2024-05-23T17:04:56.159+0700] {processor.py:161} INFO - Started process (PID=25095) to work on /mnt/d/Programming/Vietnamese-Text-Generator/airflow_env/lib/python3.10/site-packages/airflow/example_dags/plugins/event_listener.py
[2024-05-23T17:04:56.161+0700] {processor.py:830} INFO - Processing file /mnt/d/Programming/Vietnamese-Text-Generator/airflow_env/lib/python3.10/site-packages/airflow/example_dags/plugins/event_listener.py for tasks to queue
[2024-05-23T17:04:56.162+0700] {logging_mixin.py:188} INFO - [2024-05-23T17:04:56.162+0700] {dagbag.py:540} INFO - Filling up the DagBag from /mnt/d/Programming/Vietnamese-Text-Generator/airflow_env/lib/python3.10/site-packages/airflow/example_dags/plugins/event_listener.py
[2024-05-23T17:04:56.177+0700] {processor.py:842} WARNING - No viable dags retrieved from /mnt/d/Programming/Vietnamese-Text-Generator/airflow_env/lib/python3.10/site-packages/airflow/example_dags/plugins/event_listener.py
[2024-05-23T17:04:56.195+0700] {processor.py:183} INFO - Processing /mnt/d/Programming/Vietnamese-Text-Generator/airflow_env/lib/python3.10/site-packages/airflow/example_dags/plugins/event_listener.py took 0.048 seconds
