[2024-05-23T15:42:24.556+0700] {processor.py:161} INFO - Started process (PID=990) to work on /mnt/d/Programming/Vietnamese-Text-Generator/airflow_env/lib/python3.10/site-packages/airflow/example_dags/plugins/workday.py
[2024-05-23T15:42:24.558+0700] {processor.py:830} INFO - Processing file /mnt/d/Programming/Vietnamese-Text-Generator/airflow_env/lib/python3.10/site-packages/airflow/example_dags/plugins/workday.py for tasks to queue
[2024-05-23T15:42:24.560+0700] {logging_mixin.py:188} INFO - [2024-05-23T15:42:24.560+0700] {dagbag.py:540} INFO - Filling up the DagBag from /mnt/d/Programming/Vietnamese-Text-Generator/airflow_env/lib/python3.10/site-packages/airflow/example_dags/plugins/workday.py
[2024-05-23T15:42:24.603+0700] {processor.py:842} WARNING - No viable dags retrieved from /mnt/d/Programming/Vietnamese-Text-Generator/airflow_env/lib/python3.10/site-packages/airflow/example_dags/plugins/workday.py
[2024-05-23T15:42:24.620+0700] {processor.py:183} INFO - Processing /mnt/d/Programming/Vietnamese-Text-Generator/airflow_env/lib/python3.10/site-packages/airflow/example_dags/plugins/workday.py took 0.073 seconds
[2024-05-23T15:43:41.388+0700] {processor.py:161} INFO - Started process (PID=1362) to work on /mnt/d/Programming/Vietnamese-Text-Generator/airflow_env/lib/python3.10/site-packages/airflow/example_dags/plugins/workday.py
[2024-05-23T15:43:41.390+0700] {processor.py:830} INFO - Processing file /mnt/d/Programming/Vietnamese-Text-Generator/airflow_env/lib/python3.10/site-packages/airflow/example_dags/plugins/workday.py for tasks to queue
[2024-05-23T15:43:41.395+0700] {logging_mixin.py:188} INFO - [2024-05-23T15:43:41.394+0700] {dagbag.py:540} INFO - Filling up the DagBag from /mnt/d/Programming/Vietnamese-Text-Generator/airflow_env/lib/python3.10/site-packages/airflow/example_dags/plugins/workday.py
[2024-05-23T15:43:41.433+0700] {processor.py:842} WARNING - No viable dags retrieved from /mnt/d/Programming/Vietnamese-Text-Generator/airflow_env/lib/python3.10/site-packages/airflow/example_dags/plugins/workday.py
[2024-05-23T15:43:41.460+0700] {processor.py:183} INFO - Processing /mnt/d/Programming/Vietnamese-Text-Generator/airflow_env/lib/python3.10/site-packages/airflow/example_dags/plugins/workday.py took 0.090 seconds
[2024-05-23T15:44:26.810+0700] {processor.py:161} INFO - Started process (PID=1584) to work on /mnt/d/Programming/Vietnamese-Text-Generator/airflow_env/lib/python3.10/site-packages/airflow/example_dags/plugins/workday.py
[2024-05-23T15:44:26.811+0700] {processor.py:830} INFO - Processing file /mnt/d/Programming/Vietnamese-Text-Generator/airflow_env/lib/python3.10/site-packages/airflow/example_dags/plugins/workday.py for tasks to queue
[2024-05-23T15:44:26.814+0700] {logging_mixin.py:188} INFO - [2024-05-23T15:44:26.813+0700] {dagbag.py:540} INFO - Filling up the DagBag from /mnt/d/Programming/Vietnamese-Text-Generator/airflow_env/lib/python3.10/site-packages/airflow/example_dags/plugins/workday.py
[2024-05-23T15:44:26.838+0700] {processor.py:842} WARNING - No viable dags retrieved from /mnt/d/Programming/Vietnamese-Text-Generator/airflow_env/lib/python3.10/site-packages/airflow/example_dags/plugins/workday.py
[2024-05-23T15:44:26.855+0700] {processor.py:183} INFO - Processing /mnt/d/Programming/Vietnamese-Text-Generator/airflow_env/lib/python3.10/site-packages/airflow/example_dags/plugins/workday.py took 0.056 seconds
[2024-05-23T15:45:02.831+0700] {processor.py:161} INFO - Started process (PID=1764) to work on /mnt/d/Programming/Vietnamese-Text-Generator/airflow_env/lib/python3.10/site-packages/airflow/example_dags/plugins/workday.py
[2024-05-23T15:45:02.833+0700] {processor.py:830} INFO - Processing file /mnt/d/Programming/Vietnamese-Text-Generator/airflow_env/lib/python3.10/site-packages/airflow/example_dags/plugins/workday.py for tasks to queue
[2024-05-23T15:45:02.837+0700] {logging_mixin.py:188} INFO - [2024-05-23T15:45:02.836+0700] {dagbag.py:540} INFO - Filling up the DagBag from /mnt/d/Programming/Vietnamese-Text-Generator/airflow_env/lib/python3.10/site-packages/airflow/example_dags/plugins/workday.py
[2024-05-23T15:45:02.858+0700] {processor.py:842} WARNING - No viable dags retrieved from /mnt/d/Programming/Vietnamese-Text-Generator/airflow_env/lib/python3.10/site-packages/airflow/example_dags/plugins/workday.py
[2024-05-23T15:45:02.877+0700] {processor.py:183} INFO - Processing /mnt/d/Programming/Vietnamese-Text-Generator/airflow_env/lib/python3.10/site-packages/airflow/example_dags/plugins/workday.py took 0.058 seconds
[2024-05-23T15:45:37.227+0700] {processor.py:161} INFO - Started process (PID=1930) to work on /mnt/d/Programming/Vietnamese-Text-Generator/airflow_env/lib/python3.10/site-packages/airflow/example_dags/plugins/workday.py
[2024-05-23T15:45:37.229+0700] {processor.py:830} INFO - Processing file /mnt/d/Programming/Vietnamese-Text-Generator/airflow_env/lib/python3.10/site-packages/airflow/example_dags/plugins/workday.py for tasks to queue
[2024-05-23T15:45:37.232+0700] {logging_mixin.py:188} INFO - [2024-05-23T15:45:37.231+0700] {dagbag.py:540} INFO - Filling up the DagBag from /mnt/d/Programming/Vietnamese-Text-Generator/airflow_env/lib/python3.10/site-packages/airflow/example_dags/plugins/workday.py
[2024-05-23T15:45:37.253+0700] {processor.py:842} WARNING - No viable dags retrieved from /mnt/d/Programming/Vietnamese-Text-Generator/airflow_env/lib/python3.10/site-packages/airflow/example_dags/plugins/workday.py
[2024-05-23T15:45:37.272+0700] {processor.py:183} INFO - Processing /mnt/d/Programming/Vietnamese-Text-Generator/airflow_env/lib/python3.10/site-packages/airflow/example_dags/plugins/workday.py took 0.056 seconds
[2024-05-23T15:46:14.995+0700] {processor.py:161} INFO - Started process (PID=2455) to work on /mnt/d/Programming/Vietnamese-Text-Generator/airflow_env/lib/python3.10/site-packages/airflow/example_dags/plugins/workday.py
[2024-05-23T15:46:14.998+0700] {processor.py:830} INFO - Processing file /mnt/d/Programming/Vietnamese-Text-Generator/airflow_env/lib/python3.10/site-packages/airflow/example_dags/plugins/workday.py for tasks to queue
[2024-05-23T15:46:15.002+0700] {logging_mixin.py:188} INFO - [2024-05-23T15:46:15.001+0700] {dagbag.py:540} INFO - Filling up the DagBag from /mnt/d/Programming/Vietnamese-Text-Generator/airflow_env/lib/python3.10/site-packages/airflow/example_dags/plugins/workday.py
[2024-05-23T15:46:15.029+0700] {processor.py:842} WARNING - No viable dags retrieved from /mnt/d/Programming/Vietnamese-Text-Generator/airflow_env/lib/python3.10/site-packages/airflow/example_dags/plugins/workday.py
[2024-05-23T15:46:15.054+0700] {processor.py:183} INFO - Processing /mnt/d/Programming/Vietnamese-Text-Generator/airflow_env/lib/python3.10/site-packages/airflow/example_dags/plugins/workday.py took 0.071 seconds
[2024-05-23T15:46:50.694+0700] {processor.py:161} INFO - Started process (PID=2632) to work on /mnt/d/Programming/Vietnamese-Text-Generator/airflow_env/lib/python3.10/site-packages/airflow/example_dags/plugins/workday.py
[2024-05-23T15:46:50.697+0700] {processor.py:830} INFO - Processing file /mnt/d/Programming/Vietnamese-Text-Generator/airflow_env/lib/python3.10/site-packages/airflow/example_dags/plugins/workday.py for tasks to queue
[2024-05-23T15:46:50.702+0700] {logging_mixin.py:188} INFO - [2024-05-23T15:46:50.700+0700] {dagbag.py:540} INFO - Filling up the DagBag from /mnt/d/Programming/Vietnamese-Text-Generator/airflow_env/lib/python3.10/site-packages/airflow/example_dags/plugins/workday.py
[2024-05-23T15:46:50.727+0700] {processor.py:842} WARNING - No viable dags retrieved from /mnt/d/Programming/Vietnamese-Text-Generator/airflow_env/lib/python3.10/site-packages/airflow/example_dags/plugins/workday.py
[2024-05-23T15:46:50.747+0700] {processor.py:183} INFO - Processing /mnt/d/Programming/Vietnamese-Text-Generator/airflow_env/lib/python3.10/site-packages/airflow/example_dags/plugins/workday.py took 0.067 seconds
[2024-05-23T15:47:23.514+0700] {processor.py:161} INFO - Started process (PID=2790) to work on /mnt/d/Programming/Vietnamese-Text-Generator/airflow_env/lib/python3.10/site-packages/airflow/example_dags/plugins/workday.py
[2024-05-23T15:47:23.515+0700] {processor.py:830} INFO - Processing file /mnt/d/Programming/Vietnamese-Text-Generator/airflow_env/lib/python3.10/site-packages/airflow/example_dags/plugins/workday.py for tasks to queue
[2024-05-23T15:47:23.518+0700] {logging_mixin.py:188} INFO - [2024-05-23T15:47:23.517+0700] {dagbag.py:540} INFO - Filling up the DagBag from /mnt/d/Programming/Vietnamese-Text-Generator/airflow_env/lib/python3.10/site-packages/airflow/example_dags/plugins/workday.py
[2024-05-23T15:47:23.542+0700] {processor.py:842} WARNING - No viable dags retrieved from /mnt/d/Programming/Vietnamese-Text-Generator/airflow_env/lib/python3.10/site-packages/airflow/example_dags/plugins/workday.py
[2024-05-23T15:47:23.564+0700] {processor.py:183} INFO - Processing /mnt/d/Programming/Vietnamese-Text-Generator/airflow_env/lib/python3.10/site-packages/airflow/example_dags/plugins/workday.py took 0.062 seconds
[2024-05-23T15:54:26.256+0700] {processor.py:161} INFO - Started process (PID=4582) to work on /mnt/d/Programming/Vietnamese-Text-Generator/airflow_env/lib/python3.10/site-packages/airflow/example_dags/plugins/workday.py
[2024-05-23T15:54:26.258+0700] {processor.py:830} INFO - Processing file /mnt/d/Programming/Vietnamese-Text-Generator/airflow_env/lib/python3.10/site-packages/airflow/example_dags/plugins/workday.py for tasks to queue
[2024-05-23T15:54:26.260+0700] {logging_mixin.py:188} INFO - [2024-05-23T15:54:26.259+0700] {dagbag.py:540} INFO - Filling up the DagBag from /mnt/d/Programming/Vietnamese-Text-Generator/airflow_env/lib/python3.10/site-packages/airflow/example_dags/plugins/workday.py
[2024-05-23T15:54:26.285+0700] {processor.py:842} WARNING - No viable dags retrieved from /mnt/d/Programming/Vietnamese-Text-Generator/airflow_env/lib/python3.10/site-packages/airflow/example_dags/plugins/workday.py
[2024-05-23T15:54:26.304+0700] {processor.py:183} INFO - Processing /mnt/d/Programming/Vietnamese-Text-Generator/airflow_env/lib/python3.10/site-packages/airflow/example_dags/plugins/workday.py took 0.060 seconds
[2024-05-23T15:55:36.227+0700] {processor.py:161} INFO - Started process (PID=4912) to work on /mnt/d/Programming/Vietnamese-Text-Generator/airflow_env/lib/python3.10/site-packages/airflow/example_dags/plugins/workday.py
[2024-05-23T15:55:36.229+0700] {processor.py:830} INFO - Processing file /mnt/d/Programming/Vietnamese-Text-Generator/airflow_env/lib/python3.10/site-packages/airflow/example_dags/plugins/workday.py for tasks to queue
[2024-05-23T15:55:36.232+0700] {logging_mixin.py:188} INFO - [2024-05-23T15:55:36.231+0700] {dagbag.py:540} INFO - Filling up the DagBag from /mnt/d/Programming/Vietnamese-Text-Generator/airflow_env/lib/python3.10/site-packages/airflow/example_dags/plugins/workday.py
[2024-05-23T15:55:36.254+0700] {processor.py:842} WARNING - No viable dags retrieved from /mnt/d/Programming/Vietnamese-Text-Generator/airflow_env/lib/python3.10/site-packages/airflow/example_dags/plugins/workday.py
[2024-05-23T15:55:36.275+0700] {processor.py:183} INFO - Processing /mnt/d/Programming/Vietnamese-Text-Generator/airflow_env/lib/python3.10/site-packages/airflow/example_dags/plugins/workday.py took 0.060 seconds
[2024-05-23T15:56:13.125+0700] {processor.py:161} INFO - Started process (PID=5087) to work on /mnt/d/Programming/Vietnamese-Text-Generator/airflow_env/lib/python3.10/site-packages/airflow/example_dags/plugins/workday.py
[2024-05-23T15:56:13.127+0700] {processor.py:830} INFO - Processing file /mnt/d/Programming/Vietnamese-Text-Generator/airflow_env/lib/python3.10/site-packages/airflow/example_dags/plugins/workday.py for tasks to queue
[2024-05-23T15:56:13.129+0700] {logging_mixin.py:188} INFO - [2024-05-23T15:56:13.128+0700] {dagbag.py:540} INFO - Filling up the DagBag from /mnt/d/Programming/Vietnamese-Text-Generator/airflow_env/lib/python3.10/site-packages/airflow/example_dags/plugins/workday.py
[2024-05-23T15:56:13.151+0700] {processor.py:842} WARNING - No viable dags retrieved from /mnt/d/Programming/Vietnamese-Text-Generator/airflow_env/lib/python3.10/site-packages/airflow/example_dags/plugins/workday.py
[2024-05-23T15:56:13.171+0700] {processor.py:183} INFO - Processing /mnt/d/Programming/Vietnamese-Text-Generator/airflow_env/lib/python3.10/site-packages/airflow/example_dags/plugins/workday.py took 0.057 seconds
[2024-05-23T15:56:47.324+0700] {processor.py:161} INFO - Started process (PID=5247) to work on /mnt/d/Programming/Vietnamese-Text-Generator/airflow_env/lib/python3.10/site-packages/airflow/example_dags/plugins/workday.py
[2024-05-23T15:56:47.326+0700] {processor.py:830} INFO - Processing file /mnt/d/Programming/Vietnamese-Text-Generator/airflow_env/lib/python3.10/site-packages/airflow/example_dags/plugins/workday.py for tasks to queue
[2024-05-23T15:56:47.330+0700] {logging_mixin.py:188} INFO - [2024-05-23T15:56:47.328+0700] {dagbag.py:540} INFO - Filling up the DagBag from /mnt/d/Programming/Vietnamese-Text-Generator/airflow_env/lib/python3.10/site-packages/airflow/example_dags/plugins/workday.py
[2024-05-23T15:56:47.360+0700] {processor.py:842} WARNING - No viable dags retrieved from /mnt/d/Programming/Vietnamese-Text-Generator/airflow_env/lib/python3.10/site-packages/airflow/example_dags/plugins/workday.py
[2024-05-23T15:56:47.385+0700] {processor.py:183} INFO - Processing /mnt/d/Programming/Vietnamese-Text-Generator/airflow_env/lib/python3.10/site-packages/airflow/example_dags/plugins/workday.py took 0.078 seconds
[2024-05-23T15:57:22.191+0700] {processor.py:161} INFO - Started process (PID=5413) to work on /mnt/d/Programming/Vietnamese-Text-Generator/airflow_env/lib/python3.10/site-packages/airflow/example_dags/plugins/workday.py
[2024-05-23T15:57:22.193+0700] {processor.py:830} INFO - Processing file /mnt/d/Programming/Vietnamese-Text-Generator/airflow_env/lib/python3.10/site-packages/airflow/example_dags/plugins/workday.py for tasks to queue
[2024-05-23T15:57:22.195+0700] {logging_mixin.py:188} INFO - [2024-05-23T15:57:22.194+0700] {dagbag.py:540} INFO - Filling up the DagBag from /mnt/d/Programming/Vietnamese-Text-Generator/airflow_env/lib/python3.10/site-packages/airflow/example_dags/plugins/workday.py
[2024-05-23T15:57:22.222+0700] {processor.py:842} WARNING - No viable dags retrieved from /mnt/d/Programming/Vietnamese-Text-Generator/airflow_env/lib/python3.10/site-packages/airflow/example_dags/plugins/workday.py
[2024-05-23T15:57:22.244+0700] {processor.py:183} INFO - Processing /mnt/d/Programming/Vietnamese-Text-Generator/airflow_env/lib/python3.10/site-packages/airflow/example_dags/plugins/workday.py took 0.064 seconds
[2024-05-23T15:57:55.788+0700] {processor.py:161} INFO - Started process (PID=5572) to work on /mnt/d/Programming/Vietnamese-Text-Generator/airflow_env/lib/python3.10/site-packages/airflow/example_dags/plugins/workday.py
[2024-05-23T15:57:55.790+0700] {processor.py:830} INFO - Processing file /mnt/d/Programming/Vietnamese-Text-Generator/airflow_env/lib/python3.10/site-packages/airflow/example_dags/plugins/workday.py for tasks to queue
[2024-05-23T15:57:55.793+0700] {logging_mixin.py:188} INFO - [2024-05-23T15:57:55.792+0700] {dagbag.py:540} INFO - Filling up the DagBag from /mnt/d/Programming/Vietnamese-Text-Generator/airflow_env/lib/python3.10/site-packages/airflow/example_dags/plugins/workday.py
[2024-05-23T15:57:55.819+0700] {processor.py:842} WARNING - No viable dags retrieved from /mnt/d/Programming/Vietnamese-Text-Generator/airflow_env/lib/python3.10/site-packages/airflow/example_dags/plugins/workday.py
[2024-05-23T15:57:55.848+0700] {processor.py:183} INFO - Processing /mnt/d/Programming/Vietnamese-Text-Generator/airflow_env/lib/python3.10/site-packages/airflow/example_dags/plugins/workday.py took 0.072 seconds
[2024-05-23T15:58:29.918+0700] {processor.py:161} INFO - Started process (PID=5732) to work on /mnt/d/Programming/Vietnamese-Text-Generator/airflow_env/lib/python3.10/site-packages/airflow/example_dags/plugins/workday.py
[2024-05-23T15:58:29.920+0700] {processor.py:830} INFO - Processing file /mnt/d/Programming/Vietnamese-Text-Generator/airflow_env/lib/python3.10/site-packages/airflow/example_dags/plugins/workday.py for tasks to queue
[2024-05-23T15:58:29.923+0700] {logging_mixin.py:188} INFO - [2024-05-23T15:58:29.922+0700] {dagbag.py:540} INFO - Filling up the DagBag from /mnt/d/Programming/Vietnamese-Text-Generator/airflow_env/lib/python3.10/site-packages/airflow/example_dags/plugins/workday.py
[2024-05-23T15:58:29.945+0700] {processor.py:842} WARNING - No viable dags retrieved from /mnt/d/Programming/Vietnamese-Text-Generator/airflow_env/lib/python3.10/site-packages/airflow/example_dags/plugins/workday.py
[2024-05-23T15:58:29.963+0700] {processor.py:183} INFO - Processing /mnt/d/Programming/Vietnamese-Text-Generator/airflow_env/lib/python3.10/site-packages/airflow/example_dags/plugins/workday.py took 0.055 seconds
[2024-05-23T15:59:05.658+0700] {processor.py:161} INFO - Started process (PID=5899) to work on /mnt/d/Programming/Vietnamese-Text-Generator/airflow_env/lib/python3.10/site-packages/airflow/example_dags/plugins/workday.py
[2024-05-23T15:59:05.660+0700] {processor.py:830} INFO - Processing file /mnt/d/Programming/Vietnamese-Text-Generator/airflow_env/lib/python3.10/site-packages/airflow/example_dags/plugins/workday.py for tasks to queue
[2024-05-23T15:59:05.662+0700] {logging_mixin.py:188} INFO - [2024-05-23T15:59:05.661+0700] {dagbag.py:540} INFO - Filling up the DagBag from /mnt/d/Programming/Vietnamese-Text-Generator/airflow_env/lib/python3.10/site-packages/airflow/example_dags/plugins/workday.py
[2024-05-23T15:59:05.687+0700] {processor.py:842} WARNING - No viable dags retrieved from /mnt/d/Programming/Vietnamese-Text-Generator/airflow_env/lib/python3.10/site-packages/airflow/example_dags/plugins/workday.py
[2024-05-23T15:59:05.707+0700] {processor.py:183} INFO - Processing /mnt/d/Programming/Vietnamese-Text-Generator/airflow_env/lib/python3.10/site-packages/airflow/example_dags/plugins/workday.py took 0.061 seconds
[2024-05-23T15:59:42.631+0700] {processor.py:161} INFO - Started process (PID=6071) to work on /mnt/d/Programming/Vietnamese-Text-Generator/airflow_env/lib/python3.10/site-packages/airflow/example_dags/plugins/workday.py
[2024-05-23T15:59:42.633+0700] {processor.py:830} INFO - Processing file /mnt/d/Programming/Vietnamese-Text-Generator/airflow_env/lib/python3.10/site-packages/airflow/example_dags/plugins/workday.py for tasks to queue
[2024-05-23T15:59:42.636+0700] {logging_mixin.py:188} INFO - [2024-05-23T15:59:42.635+0700] {dagbag.py:540} INFO - Filling up the DagBag from /mnt/d/Programming/Vietnamese-Text-Generator/airflow_env/lib/python3.10/site-packages/airflow/example_dags/plugins/workday.py
[2024-05-23T15:59:42.671+0700] {processor.py:842} WARNING - No viable dags retrieved from /mnt/d/Programming/Vietnamese-Text-Generator/airflow_env/lib/python3.10/site-packages/airflow/example_dags/plugins/workday.py
[2024-05-23T15:59:42.726+0700] {processor.py:183} INFO - Processing /mnt/d/Programming/Vietnamese-Text-Generator/airflow_env/lib/python3.10/site-packages/airflow/example_dags/plugins/workday.py took 0.113 seconds
[2024-05-23T16:00:16.744+0700] {processor.py:161} INFO - Started process (PID=6236) to work on /mnt/d/Programming/Vietnamese-Text-Generator/airflow_env/lib/python3.10/site-packages/airflow/example_dags/plugins/workday.py
[2024-05-23T16:00:16.746+0700] {processor.py:830} INFO - Processing file /mnt/d/Programming/Vietnamese-Text-Generator/airflow_env/lib/python3.10/site-packages/airflow/example_dags/plugins/workday.py for tasks to queue
[2024-05-23T16:00:16.748+0700] {logging_mixin.py:188} INFO - [2024-05-23T16:00:16.747+0700] {dagbag.py:540} INFO - Filling up the DagBag from /mnt/d/Programming/Vietnamese-Text-Generator/airflow_env/lib/python3.10/site-packages/airflow/example_dags/plugins/workday.py
[2024-05-23T16:00:16.770+0700] {processor.py:842} WARNING - No viable dags retrieved from /mnt/d/Programming/Vietnamese-Text-Generator/airflow_env/lib/python3.10/site-packages/airflow/example_dags/plugins/workday.py
[2024-05-23T16:00:16.792+0700] {processor.py:183} INFO - Processing /mnt/d/Programming/Vietnamese-Text-Generator/airflow_env/lib/python3.10/site-packages/airflow/example_dags/plugins/workday.py took 0.059 seconds
[2024-05-23T16:00:50.724+0700] {processor.py:161} INFO - Started process (PID=6397) to work on /mnt/d/Programming/Vietnamese-Text-Generator/airflow_env/lib/python3.10/site-packages/airflow/example_dags/plugins/workday.py
[2024-05-23T16:00:50.728+0700] {processor.py:830} INFO - Processing file /mnt/d/Programming/Vietnamese-Text-Generator/airflow_env/lib/python3.10/site-packages/airflow/example_dags/plugins/workday.py for tasks to queue
[2024-05-23T16:00:50.732+0700] {logging_mixin.py:188} INFO - [2024-05-23T16:00:50.730+0700] {dagbag.py:540} INFO - Filling up the DagBag from /mnt/d/Programming/Vietnamese-Text-Generator/airflow_env/lib/python3.10/site-packages/airflow/example_dags/plugins/workday.py
[2024-05-23T16:00:50.767+0700] {processor.py:842} WARNING - No viable dags retrieved from /mnt/d/Programming/Vietnamese-Text-Generator/airflow_env/lib/python3.10/site-packages/airflow/example_dags/plugins/workday.py
[2024-05-23T16:00:50.790+0700] {processor.py:183} INFO - Processing /mnt/d/Programming/Vietnamese-Text-Generator/airflow_env/lib/python3.10/site-packages/airflow/example_dags/plugins/workday.py took 0.083 seconds
[2024-05-23T16:01:24.245+0700] {processor.py:161} INFO - Started process (PID=6555) to work on /mnt/d/Programming/Vietnamese-Text-Generator/airflow_env/lib/python3.10/site-packages/airflow/example_dags/plugins/workday.py
[2024-05-23T16:01:24.247+0700] {processor.py:830} INFO - Processing file /mnt/d/Programming/Vietnamese-Text-Generator/airflow_env/lib/python3.10/site-packages/airflow/example_dags/plugins/workday.py for tasks to queue
[2024-05-23T16:01:24.250+0700] {logging_mixin.py:188} INFO - [2024-05-23T16:01:24.248+0700] {dagbag.py:540} INFO - Filling up the DagBag from /mnt/d/Programming/Vietnamese-Text-Generator/airflow_env/lib/python3.10/site-packages/airflow/example_dags/plugins/workday.py
[2024-05-23T16:01:24.283+0700] {processor.py:842} WARNING - No viable dags retrieved from /mnt/d/Programming/Vietnamese-Text-Generator/airflow_env/lib/python3.10/site-packages/airflow/example_dags/plugins/workday.py
[2024-05-23T16:01:24.303+0700] {processor.py:183} INFO - Processing /mnt/d/Programming/Vietnamese-Text-Generator/airflow_env/lib/python3.10/site-packages/airflow/example_dags/plugins/workday.py took 0.075 seconds
[2024-05-23T16:02:30.169+0700] {processor.py:161} INFO - Started process (PID=6866) to work on /mnt/d/Programming/Vietnamese-Text-Generator/airflow_env/lib/python3.10/site-packages/airflow/example_dags/plugins/workday.py
[2024-05-23T16:02:30.171+0700] {processor.py:830} INFO - Processing file /mnt/d/Programming/Vietnamese-Text-Generator/airflow_env/lib/python3.10/site-packages/airflow/example_dags/plugins/workday.py for tasks to queue
[2024-05-23T16:02:30.173+0700] {logging_mixin.py:188} INFO - [2024-05-23T16:02:30.172+0700] {dagbag.py:540} INFO - Filling up the DagBag from /mnt/d/Programming/Vietnamese-Text-Generator/airflow_env/lib/python3.10/site-packages/airflow/example_dags/plugins/workday.py
[2024-05-23T16:02:30.194+0700] {processor.py:842} WARNING - No viable dags retrieved from /mnt/d/Programming/Vietnamese-Text-Generator/airflow_env/lib/python3.10/site-packages/airflow/example_dags/plugins/workday.py
[2024-05-23T16:02:30.214+0700] {processor.py:183} INFO - Processing /mnt/d/Programming/Vietnamese-Text-Generator/airflow_env/lib/python3.10/site-packages/airflow/example_dags/plugins/workday.py took 0.056 seconds
[2024-05-23T16:03:05.597+0700] {processor.py:161} INFO - Started process (PID=7033) to work on /mnt/d/Programming/Vietnamese-Text-Generator/airflow_env/lib/python3.10/site-packages/airflow/example_dags/plugins/workday.py
[2024-05-23T16:03:05.599+0700] {processor.py:830} INFO - Processing file /mnt/d/Programming/Vietnamese-Text-Generator/airflow_env/lib/python3.10/site-packages/airflow/example_dags/plugins/workday.py for tasks to queue
[2024-05-23T16:03:05.602+0700] {logging_mixin.py:188} INFO - [2024-05-23T16:03:05.601+0700] {dagbag.py:540} INFO - Filling up the DagBag from /mnt/d/Programming/Vietnamese-Text-Generator/airflow_env/lib/python3.10/site-packages/airflow/example_dags/plugins/workday.py
[2024-05-23T16:03:05.626+0700] {processor.py:842} WARNING - No viable dags retrieved from /mnt/d/Programming/Vietnamese-Text-Generator/airflow_env/lib/python3.10/site-packages/airflow/example_dags/plugins/workday.py
[2024-05-23T16:03:05.650+0700] {processor.py:183} INFO - Processing /mnt/d/Programming/Vietnamese-Text-Generator/airflow_env/lib/python3.10/site-packages/airflow/example_dags/plugins/workday.py took 0.067 seconds
[2024-05-23T16:03:41.455+0700] {processor.py:161} INFO - Started process (PID=7199) to work on /mnt/d/Programming/Vietnamese-Text-Generator/airflow_env/lib/python3.10/site-packages/airflow/example_dags/plugins/workday.py
[2024-05-23T16:03:41.457+0700] {processor.py:830} INFO - Processing file /mnt/d/Programming/Vietnamese-Text-Generator/airflow_env/lib/python3.10/site-packages/airflow/example_dags/plugins/workday.py for tasks to queue
[2024-05-23T16:03:41.460+0700] {logging_mixin.py:188} INFO - [2024-05-23T16:03:41.459+0700] {dagbag.py:540} INFO - Filling up the DagBag from /mnt/d/Programming/Vietnamese-Text-Generator/airflow_env/lib/python3.10/site-packages/airflow/example_dags/plugins/workday.py
[2024-05-23T16:03:41.492+0700] {processor.py:842} WARNING - No viable dags retrieved from /mnt/d/Programming/Vietnamese-Text-Generator/airflow_env/lib/python3.10/site-packages/airflow/example_dags/plugins/workday.py
[2024-05-23T16:03:41.513+0700] {processor.py:183} INFO - Processing /mnt/d/Programming/Vietnamese-Text-Generator/airflow_env/lib/python3.10/site-packages/airflow/example_dags/plugins/workday.py took 0.082 seconds
[2024-05-23T16:04:20.453+0700] {processor.py:161} INFO - Started process (PID=7388) to work on /mnt/d/Programming/Vietnamese-Text-Generator/airflow_env/lib/python3.10/site-packages/airflow/example_dags/plugins/workday.py
[2024-05-23T16:04:20.455+0700] {processor.py:830} INFO - Processing file /mnt/d/Programming/Vietnamese-Text-Generator/airflow_env/lib/python3.10/site-packages/airflow/example_dags/plugins/workday.py for tasks to queue
[2024-05-23T16:04:20.457+0700] {logging_mixin.py:188} INFO - [2024-05-23T16:04:20.456+0700] {dagbag.py:540} INFO - Filling up the DagBag from /mnt/d/Programming/Vietnamese-Text-Generator/airflow_env/lib/python3.10/site-packages/airflow/example_dags/plugins/workday.py
[2024-05-23T16:04:20.478+0700] {processor.py:842} WARNING - No viable dags retrieved from /mnt/d/Programming/Vietnamese-Text-Generator/airflow_env/lib/python3.10/site-packages/airflow/example_dags/plugins/workday.py
[2024-05-23T16:04:20.499+0700] {processor.py:183} INFO - Processing /mnt/d/Programming/Vietnamese-Text-Generator/airflow_env/lib/python3.10/site-packages/airflow/example_dags/plugins/workday.py took 0.058 seconds
[2024-05-23T16:34:43.697+0700] {processor.py:161} INFO - Started process (PID=16959) to work on /mnt/d/Programming/Vietnamese-Text-Generator/airflow_env/lib/python3.10/site-packages/airflow/example_dags/plugins/workday.py
[2024-05-23T16:34:43.699+0700] {processor.py:830} INFO - Processing file /mnt/d/Programming/Vietnamese-Text-Generator/airflow_env/lib/python3.10/site-packages/airflow/example_dags/plugins/workday.py for tasks to queue
[2024-05-23T16:34:43.701+0700] {logging_mixin.py:188} INFO - [2024-05-23T16:34:43.700+0700] {dagbag.py:540} INFO - Filling up the DagBag from /mnt/d/Programming/Vietnamese-Text-Generator/airflow_env/lib/python3.10/site-packages/airflow/example_dags/plugins/workday.py
[2024-05-23T16:34:43.726+0700] {processor.py:842} WARNING - No viable dags retrieved from /mnt/d/Programming/Vietnamese-Text-Generator/airflow_env/lib/python3.10/site-packages/airflow/example_dags/plugins/workday.py
[2024-05-23T16:34:43.747+0700] {processor.py:183} INFO - Processing /mnt/d/Programming/Vietnamese-Text-Generator/airflow_env/lib/python3.10/site-packages/airflow/example_dags/plugins/workday.py took 0.062 seconds
[2024-05-23T16:35:53.233+0700] {processor.py:161} INFO - Started process (PID=17287) to work on /mnt/d/Programming/Vietnamese-Text-Generator/airflow_env/lib/python3.10/site-packages/airflow/example_dags/plugins/workday.py
[2024-05-23T16:35:53.235+0700] {processor.py:830} INFO - Processing file /mnt/d/Programming/Vietnamese-Text-Generator/airflow_env/lib/python3.10/site-packages/airflow/example_dags/plugins/workday.py for tasks to queue
[2024-05-23T16:35:53.237+0700] {logging_mixin.py:188} INFO - [2024-05-23T16:35:53.236+0700] {dagbag.py:540} INFO - Filling up the DagBag from /mnt/d/Programming/Vietnamese-Text-Generator/airflow_env/lib/python3.10/site-packages/airflow/example_dags/plugins/workday.py
[2024-05-23T16:35:53.258+0700] {processor.py:842} WARNING - No viable dags retrieved from /mnt/d/Programming/Vietnamese-Text-Generator/airflow_env/lib/python3.10/site-packages/airflow/example_dags/plugins/workday.py
[2024-05-23T16:35:53.276+0700] {processor.py:183} INFO - Processing /mnt/d/Programming/Vietnamese-Text-Generator/airflow_env/lib/python3.10/site-packages/airflow/example_dags/plugins/workday.py took 0.054 seconds
[2024-05-23T16:36:31.900+0700] {processor.py:161} INFO - Started process (PID=17467) to work on /mnt/d/Programming/Vietnamese-Text-Generator/airflow_env/lib/python3.10/site-packages/airflow/example_dags/plugins/workday.py
[2024-05-23T16:36:31.901+0700] {processor.py:830} INFO - Processing file /mnt/d/Programming/Vietnamese-Text-Generator/airflow_env/lib/python3.10/site-packages/airflow/example_dags/plugins/workday.py for tasks to queue
[2024-05-23T16:36:31.904+0700] {logging_mixin.py:188} INFO - [2024-05-23T16:36:31.903+0700] {dagbag.py:540} INFO - Filling up the DagBag from /mnt/d/Programming/Vietnamese-Text-Generator/airflow_env/lib/python3.10/site-packages/airflow/example_dags/plugins/workday.py
[2024-05-23T16:36:31.928+0700] {processor.py:842} WARNING - No viable dags retrieved from /mnt/d/Programming/Vietnamese-Text-Generator/airflow_env/lib/python3.10/site-packages/airflow/example_dags/plugins/workday.py
[2024-05-23T16:36:31.949+0700] {processor.py:183} INFO - Processing /mnt/d/Programming/Vietnamese-Text-Generator/airflow_env/lib/python3.10/site-packages/airflow/example_dags/plugins/workday.py took 0.060 seconds
[2024-05-23T16:37:09.327+0700] {processor.py:161} INFO - Started process (PID=17641) to work on /mnt/d/Programming/Vietnamese-Text-Generator/airflow_env/lib/python3.10/site-packages/airflow/example_dags/plugins/workday.py
[2024-05-23T16:37:09.329+0700] {processor.py:830} INFO - Processing file /mnt/d/Programming/Vietnamese-Text-Generator/airflow_env/lib/python3.10/site-packages/airflow/example_dags/plugins/workday.py for tasks to queue
[2024-05-23T16:37:09.331+0700] {logging_mixin.py:188} INFO - [2024-05-23T16:37:09.330+0700] {dagbag.py:540} INFO - Filling up the DagBag from /mnt/d/Programming/Vietnamese-Text-Generator/airflow_env/lib/python3.10/site-packages/airflow/example_dags/plugins/workday.py
[2024-05-23T16:37:09.355+0700] {processor.py:842} WARNING - No viable dags retrieved from /mnt/d/Programming/Vietnamese-Text-Generator/airflow_env/lib/python3.10/site-packages/airflow/example_dags/plugins/workday.py
[2024-05-23T16:37:09.377+0700] {processor.py:183} INFO - Processing /mnt/d/Programming/Vietnamese-Text-Generator/airflow_env/lib/python3.10/site-packages/airflow/example_dags/plugins/workday.py took 0.065 seconds
[2024-05-23T16:37:50.459+0700] {processor.py:161} INFO - Started process (PID=17834) to work on /mnt/d/Programming/Vietnamese-Text-Generator/airflow_env/lib/python3.10/site-packages/airflow/example_dags/plugins/workday.py
[2024-05-23T16:37:50.461+0700] {processor.py:830} INFO - Processing file /mnt/d/Programming/Vietnamese-Text-Generator/airflow_env/lib/python3.10/site-packages/airflow/example_dags/plugins/workday.py for tasks to queue
[2024-05-23T16:37:50.463+0700] {logging_mixin.py:188} INFO - [2024-05-23T16:37:50.462+0700] {dagbag.py:540} INFO - Filling up the DagBag from /mnt/d/Programming/Vietnamese-Text-Generator/airflow_env/lib/python3.10/site-packages/airflow/example_dags/plugins/workday.py
[2024-05-23T16:37:50.484+0700] {processor.py:842} WARNING - No viable dags retrieved from /mnt/d/Programming/Vietnamese-Text-Generator/airflow_env/lib/python3.10/site-packages/airflow/example_dags/plugins/workday.py
[2024-05-23T16:37:50.503+0700] {processor.py:183} INFO - Processing /mnt/d/Programming/Vietnamese-Text-Generator/airflow_env/lib/python3.10/site-packages/airflow/example_dags/plugins/workday.py took 0.055 seconds
[2024-05-23T16:49:32.767+0700] {processor.py:161} INFO - Started process (PID=20785) to work on /mnt/d/Programming/Vietnamese-Text-Generator/airflow_env/lib/python3.10/site-packages/airflow/example_dags/plugins/workday.py
[2024-05-23T16:49:32.773+0700] {processor.py:830} INFO - Processing file /mnt/d/Programming/Vietnamese-Text-Generator/airflow_env/lib/python3.10/site-packages/airflow/example_dags/plugins/workday.py for tasks to queue
[2024-05-23T16:49:32.777+0700] {logging_mixin.py:188} INFO - [2024-05-23T16:49:32.775+0700] {dagbag.py:540} INFO - Filling up the DagBag from /mnt/d/Programming/Vietnamese-Text-Generator/airflow_env/lib/python3.10/site-packages/airflow/example_dags/plugins/workday.py
[2024-05-23T16:49:32.808+0700] {processor.py:842} WARNING - No viable dags retrieved from /mnt/d/Programming/Vietnamese-Text-Generator/airflow_env/lib/python3.10/site-packages/airflow/example_dags/plugins/workday.py
[2024-05-23T16:49:32.840+0700] {processor.py:183} INFO - Processing /mnt/d/Programming/Vietnamese-Text-Generator/airflow_env/lib/python3.10/site-packages/airflow/example_dags/plugins/workday.py took 0.096 seconds
[2024-05-23T16:50:49.005+0700] {processor.py:161} INFO - Started process (PID=21144) to work on /mnt/d/Programming/Vietnamese-Text-Generator/airflow_env/lib/python3.10/site-packages/airflow/example_dags/plugins/workday.py
[2024-05-23T16:50:49.007+0700] {processor.py:830} INFO - Processing file /mnt/d/Programming/Vietnamese-Text-Generator/airflow_env/lib/python3.10/site-packages/airflow/example_dags/plugins/workday.py for tasks to queue
[2024-05-23T16:50:49.011+0700] {logging_mixin.py:188} INFO - [2024-05-23T16:50:49.009+0700] {dagbag.py:540} INFO - Filling up the DagBag from /mnt/d/Programming/Vietnamese-Text-Generator/airflow_env/lib/python3.10/site-packages/airflow/example_dags/plugins/workday.py
[2024-05-23T16:50:49.057+0700] {processor.py:842} WARNING - No viable dags retrieved from /mnt/d/Programming/Vietnamese-Text-Generator/airflow_env/lib/python3.10/site-packages/airflow/example_dags/plugins/workday.py
[2024-05-23T16:50:49.115+0700] {processor.py:183} INFO - Processing /mnt/d/Programming/Vietnamese-Text-Generator/airflow_env/lib/python3.10/site-packages/airflow/example_dags/plugins/workday.py took 0.128 seconds
[2024-05-23T16:51:30.595+0700] {processor.py:161} INFO - Started process (PID=21339) to work on /mnt/d/Programming/Vietnamese-Text-Generator/airflow_env/lib/python3.10/site-packages/airflow/example_dags/plugins/workday.py
[2024-05-23T16:51:30.596+0700] {processor.py:830} INFO - Processing file /mnt/d/Programming/Vietnamese-Text-Generator/airflow_env/lib/python3.10/site-packages/airflow/example_dags/plugins/workday.py for tasks to queue
[2024-05-23T16:51:30.599+0700] {logging_mixin.py:188} INFO - [2024-05-23T16:51:30.598+0700] {dagbag.py:540} INFO - Filling up the DagBag from /mnt/d/Programming/Vietnamese-Text-Generator/airflow_env/lib/python3.10/site-packages/airflow/example_dags/plugins/workday.py
[2024-05-23T16:51:30.620+0700] {processor.py:842} WARNING - No viable dags retrieved from /mnt/d/Programming/Vietnamese-Text-Generator/airflow_env/lib/python3.10/site-packages/airflow/example_dags/plugins/workday.py
[2024-05-23T16:51:30.638+0700] {processor.py:183} INFO - Processing /mnt/d/Programming/Vietnamese-Text-Generator/airflow_env/lib/python3.10/site-packages/airflow/example_dags/plugins/workday.py took 0.053 seconds
[2024-05-23T16:52:06.912+0700] {processor.py:161} INFO - Started process (PID=21507) to work on /mnt/d/Programming/Vietnamese-Text-Generator/airflow_env/lib/python3.10/site-packages/airflow/example_dags/plugins/workday.py
[2024-05-23T16:52:06.914+0700] {processor.py:830} INFO - Processing file /mnt/d/Programming/Vietnamese-Text-Generator/airflow_env/lib/python3.10/site-packages/airflow/example_dags/plugins/workday.py for tasks to queue
[2024-05-23T16:52:06.917+0700] {logging_mixin.py:188} INFO - [2024-05-23T16:52:06.916+0700] {dagbag.py:540} INFO - Filling up the DagBag from /mnt/d/Programming/Vietnamese-Text-Generator/airflow_env/lib/python3.10/site-packages/airflow/example_dags/plugins/workday.py
[2024-05-23T16:52:06.940+0700] {processor.py:842} WARNING - No viable dags retrieved from /mnt/d/Programming/Vietnamese-Text-Generator/airflow_env/lib/python3.10/site-packages/airflow/example_dags/plugins/workday.py
[2024-05-23T16:52:06.959+0700] {processor.py:183} INFO - Processing /mnt/d/Programming/Vietnamese-Text-Generator/airflow_env/lib/python3.10/site-packages/airflow/example_dags/plugins/workday.py took 0.059 seconds
[2024-05-23T16:52:44.575+0700] {processor.py:161} INFO - Started process (PID=21682) to work on /mnt/d/Programming/Vietnamese-Text-Generator/airflow_env/lib/python3.10/site-packages/airflow/example_dags/plugins/workday.py
[2024-05-23T16:52:44.577+0700] {processor.py:830} INFO - Processing file /mnt/d/Programming/Vietnamese-Text-Generator/airflow_env/lib/python3.10/site-packages/airflow/example_dags/plugins/workday.py for tasks to queue
[2024-05-23T16:52:44.581+0700] {logging_mixin.py:188} INFO - [2024-05-23T16:52:44.579+0700] {dagbag.py:540} INFO - Filling up the DagBag from /mnt/d/Programming/Vietnamese-Text-Generator/airflow_env/lib/python3.10/site-packages/airflow/example_dags/plugins/workday.py
[2024-05-23T16:52:44.612+0700] {processor.py:842} WARNING - No viable dags retrieved from /mnt/d/Programming/Vietnamese-Text-Generator/airflow_env/lib/python3.10/site-packages/airflow/example_dags/plugins/workday.py
[2024-05-23T16:52:44.630+0700] {processor.py:183} INFO - Processing /mnt/d/Programming/Vietnamese-Text-Generator/airflow_env/lib/python3.10/site-packages/airflow/example_dags/plugins/workday.py took 0.072 seconds
[2024-05-23T16:53:21.809+0700] {processor.py:161} INFO - Started process (PID=21854) to work on /mnt/d/Programming/Vietnamese-Text-Generator/airflow_env/lib/python3.10/site-packages/airflow/example_dags/plugins/workday.py
[2024-05-23T16:53:21.812+0700] {processor.py:830} INFO - Processing file /mnt/d/Programming/Vietnamese-Text-Generator/airflow_env/lib/python3.10/site-packages/airflow/example_dags/plugins/workday.py for tasks to queue
[2024-05-23T16:53:21.816+0700] {logging_mixin.py:188} INFO - [2024-05-23T16:53:21.815+0700] {dagbag.py:540} INFO - Filling up the DagBag from /mnt/d/Programming/Vietnamese-Text-Generator/airflow_env/lib/python3.10/site-packages/airflow/example_dags/plugins/workday.py
[2024-05-23T16:53:21.848+0700] {processor.py:842} WARNING - No viable dags retrieved from /mnt/d/Programming/Vietnamese-Text-Generator/airflow_env/lib/python3.10/site-packages/airflow/example_dags/plugins/workday.py
[2024-05-23T16:53:21.870+0700] {processor.py:183} INFO - Processing /mnt/d/Programming/Vietnamese-Text-Generator/airflow_env/lib/python3.10/site-packages/airflow/example_dags/plugins/workday.py took 0.076 seconds
[2024-05-23T16:53:57.421+0700] {processor.py:161} INFO - Started process (PID=22020) to work on /mnt/d/Programming/Vietnamese-Text-Generator/airflow_env/lib/python3.10/site-packages/airflow/example_dags/plugins/workday.py
[2024-05-23T16:53:57.423+0700] {processor.py:830} INFO - Processing file /mnt/d/Programming/Vietnamese-Text-Generator/airflow_env/lib/python3.10/site-packages/airflow/example_dags/plugins/workday.py for tasks to queue
[2024-05-23T16:53:57.425+0700] {logging_mixin.py:188} INFO - [2024-05-23T16:53:57.424+0700] {dagbag.py:540} INFO - Filling up the DagBag from /mnt/d/Programming/Vietnamese-Text-Generator/airflow_env/lib/python3.10/site-packages/airflow/example_dags/plugins/workday.py
[2024-05-23T16:53:57.451+0700] {processor.py:842} WARNING - No viable dags retrieved from /mnt/d/Programming/Vietnamese-Text-Generator/airflow_env/lib/python3.10/site-packages/airflow/example_dags/plugins/workday.py
[2024-05-23T16:53:57.469+0700] {processor.py:183} INFO - Processing /mnt/d/Programming/Vietnamese-Text-Generator/airflow_env/lib/python3.10/site-packages/airflow/example_dags/plugins/workday.py took 0.060 seconds
[2024-05-23T16:54:32.986+0700] {processor.py:161} INFO - Started process (PID=22185) to work on /mnt/d/Programming/Vietnamese-Text-Generator/airflow_env/lib/python3.10/site-packages/airflow/example_dags/plugins/workday.py
[2024-05-23T16:54:32.988+0700] {processor.py:830} INFO - Processing file /mnt/d/Programming/Vietnamese-Text-Generator/airflow_env/lib/python3.10/site-packages/airflow/example_dags/plugins/workday.py for tasks to queue
[2024-05-23T16:54:32.990+0700] {logging_mixin.py:188} INFO - [2024-05-23T16:54:32.989+0700] {dagbag.py:540} INFO - Filling up the DagBag from /mnt/d/Programming/Vietnamese-Text-Generator/airflow_env/lib/python3.10/site-packages/airflow/example_dags/plugins/workday.py
[2024-05-23T16:54:33.013+0700] {processor.py:842} WARNING - No viable dags retrieved from /mnt/d/Programming/Vietnamese-Text-Generator/airflow_env/lib/python3.10/site-packages/airflow/example_dags/plugins/workday.py
[2024-05-23T16:54:33.035+0700] {processor.py:183} INFO - Processing /mnt/d/Programming/Vietnamese-Text-Generator/airflow_env/lib/python3.10/site-packages/airflow/example_dags/plugins/workday.py took 0.062 seconds
[2024-05-23T16:55:08.171+0700] {processor.py:161} INFO - Started process (PID=22352) to work on /mnt/d/Programming/Vietnamese-Text-Generator/airflow_env/lib/python3.10/site-packages/airflow/example_dags/plugins/workday.py
[2024-05-23T16:55:08.173+0700] {processor.py:830} INFO - Processing file /mnt/d/Programming/Vietnamese-Text-Generator/airflow_env/lib/python3.10/site-packages/airflow/example_dags/plugins/workday.py for tasks to queue
[2024-05-23T16:55:08.175+0700] {logging_mixin.py:188} INFO - [2024-05-23T16:55:08.174+0700] {dagbag.py:540} INFO - Filling up the DagBag from /mnt/d/Programming/Vietnamese-Text-Generator/airflow_env/lib/python3.10/site-packages/airflow/example_dags/plugins/workday.py
[2024-05-23T16:55:08.200+0700] {processor.py:842} WARNING - No viable dags retrieved from /mnt/d/Programming/Vietnamese-Text-Generator/airflow_env/lib/python3.10/site-packages/airflow/example_dags/plugins/workday.py
[2024-05-23T16:55:08.224+0700] {processor.py:183} INFO - Processing /mnt/d/Programming/Vietnamese-Text-Generator/airflow_env/lib/python3.10/site-packages/airflow/example_dags/plugins/workday.py took 0.066 seconds
[2024-05-23T16:55:40.902+0700] {processor.py:161} INFO - Started process (PID=22506) to work on /mnt/d/Programming/Vietnamese-Text-Generator/airflow_env/lib/python3.10/site-packages/airflow/example_dags/plugins/workday.py
[2024-05-23T16:55:40.904+0700] {processor.py:830} INFO - Processing file /mnt/d/Programming/Vietnamese-Text-Generator/airflow_env/lib/python3.10/site-packages/airflow/example_dags/plugins/workday.py for tasks to queue
[2024-05-23T16:55:40.906+0700] {logging_mixin.py:188} INFO - [2024-05-23T16:55:40.905+0700] {dagbag.py:540} INFO - Filling up the DagBag from /mnt/d/Programming/Vietnamese-Text-Generator/airflow_env/lib/python3.10/site-packages/airflow/example_dags/plugins/workday.py
[2024-05-23T16:55:40.926+0700] {processor.py:842} WARNING - No viable dags retrieved from /mnt/d/Programming/Vietnamese-Text-Generator/airflow_env/lib/python3.10/site-packages/airflow/example_dags/plugins/workday.py
[2024-05-23T16:55:40.947+0700] {processor.py:183} INFO - Processing /mnt/d/Programming/Vietnamese-Text-Generator/airflow_env/lib/python3.10/site-packages/airflow/example_dags/plugins/workday.py took 0.057 seconds
[2024-05-23T16:56:47.352+0700] {processor.py:161} INFO - Started process (PID=22817) to work on /mnt/d/Programming/Vietnamese-Text-Generator/airflow_env/lib/python3.10/site-packages/airflow/example_dags/plugins/workday.py
[2024-05-23T16:56:47.355+0700] {processor.py:830} INFO - Processing file /mnt/d/Programming/Vietnamese-Text-Generator/airflow_env/lib/python3.10/site-packages/airflow/example_dags/plugins/workday.py for tasks to queue
[2024-05-23T16:56:47.358+0700] {logging_mixin.py:188} INFO - [2024-05-23T16:56:47.357+0700] {dagbag.py:540} INFO - Filling up the DagBag from /mnt/d/Programming/Vietnamese-Text-Generator/airflow_env/lib/python3.10/site-packages/airflow/example_dags/plugins/workday.py
[2024-05-23T16:56:47.379+0700] {processor.py:842} WARNING - No viable dags retrieved from /mnt/d/Programming/Vietnamese-Text-Generator/airflow_env/lib/python3.10/site-packages/airflow/example_dags/plugins/workday.py
[2024-05-23T16:56:47.399+0700] {processor.py:183} INFO - Processing /mnt/d/Programming/Vietnamese-Text-Generator/airflow_env/lib/python3.10/site-packages/airflow/example_dags/plugins/workday.py took 0.058 seconds
[2024-05-23T16:57:24.477+0700] {processor.py:161} INFO - Started process (PID=22989) to work on /mnt/d/Programming/Vietnamese-Text-Generator/airflow_env/lib/python3.10/site-packages/airflow/example_dags/plugins/workday.py
[2024-05-23T16:57:24.479+0700] {processor.py:830} INFO - Processing file /mnt/d/Programming/Vietnamese-Text-Generator/airflow_env/lib/python3.10/site-packages/airflow/example_dags/plugins/workday.py for tasks to queue
[2024-05-23T16:57:24.482+0700] {logging_mixin.py:188} INFO - [2024-05-23T16:57:24.480+0700] {dagbag.py:540} INFO - Filling up the DagBag from /mnt/d/Programming/Vietnamese-Text-Generator/airflow_env/lib/python3.10/site-packages/airflow/example_dags/plugins/workday.py
[2024-05-23T16:57:24.501+0700] {processor.py:842} WARNING - No viable dags retrieved from /mnt/d/Programming/Vietnamese-Text-Generator/airflow_env/lib/python3.10/site-packages/airflow/example_dags/plugins/workday.py
[2024-05-23T16:57:24.525+0700] {processor.py:183} INFO - Processing /mnt/d/Programming/Vietnamese-Text-Generator/airflow_env/lib/python3.10/site-packages/airflow/example_dags/plugins/workday.py took 0.059 seconds
[2024-05-23T16:57:57.902+0700] {processor.py:161} INFO - Started process (PID=23147) to work on /mnt/d/Programming/Vietnamese-Text-Generator/airflow_env/lib/python3.10/site-packages/airflow/example_dags/plugins/workday.py
[2024-05-23T16:57:57.904+0700] {processor.py:830} INFO - Processing file /mnt/d/Programming/Vietnamese-Text-Generator/airflow_env/lib/python3.10/site-packages/airflow/example_dags/plugins/workday.py for tasks to queue
[2024-05-23T16:57:57.907+0700] {logging_mixin.py:188} INFO - [2024-05-23T16:57:57.906+0700] {dagbag.py:540} INFO - Filling up the DagBag from /mnt/d/Programming/Vietnamese-Text-Generator/airflow_env/lib/python3.10/site-packages/airflow/example_dags/plugins/workday.py
[2024-05-23T16:57:57.935+0700] {processor.py:842} WARNING - No viable dags retrieved from /mnt/d/Programming/Vietnamese-Text-Generator/airflow_env/lib/python3.10/site-packages/airflow/example_dags/plugins/workday.py
[2024-05-23T16:57:57.954+0700] {processor.py:183} INFO - Processing /mnt/d/Programming/Vietnamese-Text-Generator/airflow_env/lib/python3.10/site-packages/airflow/example_dags/plugins/workday.py took 0.068 seconds
[2024-05-23T16:58:30.900+0700] {processor.py:161} INFO - Started process (PID=23303) to work on /mnt/d/Programming/Vietnamese-Text-Generator/airflow_env/lib/python3.10/site-packages/airflow/example_dags/plugins/workday.py
[2024-05-23T16:58:30.902+0700] {processor.py:830} INFO - Processing file /mnt/d/Programming/Vietnamese-Text-Generator/airflow_env/lib/python3.10/site-packages/airflow/example_dags/plugins/workday.py for tasks to queue
[2024-05-23T16:58:30.905+0700] {logging_mixin.py:188} INFO - [2024-05-23T16:58:30.904+0700] {dagbag.py:540} INFO - Filling up the DagBag from /mnt/d/Programming/Vietnamese-Text-Generator/airflow_env/lib/python3.10/site-packages/airflow/example_dags/plugins/workday.py
[2024-05-23T16:58:30.928+0700] {processor.py:842} WARNING - No viable dags retrieved from /mnt/d/Programming/Vietnamese-Text-Generator/airflow_env/lib/python3.10/site-packages/airflow/example_dags/plugins/workday.py
[2024-05-23T16:58:30.948+0700] {processor.py:183} INFO - Processing /mnt/d/Programming/Vietnamese-Text-Generator/airflow_env/lib/python3.10/site-packages/airflow/example_dags/plugins/workday.py took 0.061 seconds
[2024-05-23T16:59:06.170+0700] {processor.py:161} INFO - Started process (PID=23466) to work on /mnt/d/Programming/Vietnamese-Text-Generator/airflow_env/lib/python3.10/site-packages/airflow/example_dags/plugins/workday.py
[2024-05-23T16:59:06.172+0700] {processor.py:830} INFO - Processing file /mnt/d/Programming/Vietnamese-Text-Generator/airflow_env/lib/python3.10/site-packages/airflow/example_dags/plugins/workday.py for tasks to queue
[2024-05-23T16:59:06.174+0700] {logging_mixin.py:188} INFO - [2024-05-23T16:59:06.173+0700] {dagbag.py:540} INFO - Filling up the DagBag from /mnt/d/Programming/Vietnamese-Text-Generator/airflow_env/lib/python3.10/site-packages/airflow/example_dags/plugins/workday.py
[2024-05-23T16:59:06.199+0700] {processor.py:842} WARNING - No viable dags retrieved from /mnt/d/Programming/Vietnamese-Text-Generator/airflow_env/lib/python3.10/site-packages/airflow/example_dags/plugins/workday.py
[2024-05-23T16:59:06.216+0700] {processor.py:183} INFO - Processing /mnt/d/Programming/Vietnamese-Text-Generator/airflow_env/lib/python3.10/site-packages/airflow/example_dags/plugins/workday.py took 0.056 seconds
[2024-05-23T16:59:42.785+0700] {processor.py:161} INFO - Started process (PID=23636) to work on /mnt/d/Programming/Vietnamese-Text-Generator/airflow_env/lib/python3.10/site-packages/airflow/example_dags/plugins/workday.py
[2024-05-23T16:59:42.787+0700] {processor.py:830} INFO - Processing file /mnt/d/Programming/Vietnamese-Text-Generator/airflow_env/lib/python3.10/site-packages/airflow/example_dags/plugins/workday.py for tasks to queue
[2024-05-23T16:59:42.789+0700] {logging_mixin.py:188} INFO - [2024-05-23T16:59:42.788+0700] {dagbag.py:540} INFO - Filling up the DagBag from /mnt/d/Programming/Vietnamese-Text-Generator/airflow_env/lib/python3.10/site-packages/airflow/example_dags/plugins/workday.py
[2024-05-23T16:59:42.810+0700] {processor.py:842} WARNING - No viable dags retrieved from /mnt/d/Programming/Vietnamese-Text-Generator/airflow_env/lib/python3.10/site-packages/airflow/example_dags/plugins/workday.py
[2024-05-23T16:59:42.832+0700] {processor.py:183} INFO - Processing /mnt/d/Programming/Vietnamese-Text-Generator/airflow_env/lib/python3.10/site-packages/airflow/example_dags/plugins/workday.py took 0.058 seconds
[2024-05-23T17:00:18.035+0700] {processor.py:161} INFO - Started process (PID=23802) to work on /mnt/d/Programming/Vietnamese-Text-Generator/airflow_env/lib/python3.10/site-packages/airflow/example_dags/plugins/workday.py
[2024-05-23T17:00:18.037+0700] {processor.py:830} INFO - Processing file /mnt/d/Programming/Vietnamese-Text-Generator/airflow_env/lib/python3.10/site-packages/airflow/example_dags/plugins/workday.py for tasks to queue
[2024-05-23T17:00:18.040+0700] {logging_mixin.py:188} INFO - [2024-05-23T17:00:18.039+0700] {dagbag.py:540} INFO - Filling up the DagBag from /mnt/d/Programming/Vietnamese-Text-Generator/airflow_env/lib/python3.10/site-packages/airflow/example_dags/plugins/workday.py
[2024-05-23T17:00:18.062+0700] {processor.py:842} WARNING - No viable dags retrieved from /mnt/d/Programming/Vietnamese-Text-Generator/airflow_env/lib/python3.10/site-packages/airflow/example_dags/plugins/workday.py
[2024-05-23T17:00:18.082+0700] {processor.py:183} INFO - Processing /mnt/d/Programming/Vietnamese-Text-Generator/airflow_env/lib/python3.10/site-packages/airflow/example_dags/plugins/workday.py took 0.059 seconds
[2024-05-23T17:01:24.260+0700] {processor.py:161} INFO - Started process (PID=24110) to work on /mnt/d/Programming/Vietnamese-Text-Generator/airflow_env/lib/python3.10/site-packages/airflow/example_dags/plugins/workday.py
[2024-05-23T17:01:24.262+0700] {processor.py:830} INFO - Processing file /mnt/d/Programming/Vietnamese-Text-Generator/airflow_env/lib/python3.10/site-packages/airflow/example_dags/plugins/workday.py for tasks to queue
[2024-05-23T17:01:24.264+0700] {logging_mixin.py:188} INFO - [2024-05-23T17:01:24.263+0700] {dagbag.py:540} INFO - Filling up the DagBag from /mnt/d/Programming/Vietnamese-Text-Generator/airflow_env/lib/python3.10/site-packages/airflow/example_dags/plugins/workday.py
[2024-05-23T17:01:24.282+0700] {processor.py:842} WARNING - No viable dags retrieved from /mnt/d/Programming/Vietnamese-Text-Generator/airflow_env/lib/python3.10/site-packages/airflow/example_dags/plugins/workday.py
[2024-05-23T17:01:24.300+0700] {processor.py:183} INFO - Processing /mnt/d/Programming/Vietnamese-Text-Generator/airflow_env/lib/python3.10/site-packages/airflow/example_dags/plugins/workday.py took 0.051 seconds
[2024-05-23T17:01:58.823+0700] {processor.py:161} INFO - Started process (PID=24272) to work on /mnt/d/Programming/Vietnamese-Text-Generator/airflow_env/lib/python3.10/site-packages/airflow/example_dags/plugins/workday.py
[2024-05-23T17:01:58.825+0700] {processor.py:830} INFO - Processing file /mnt/d/Programming/Vietnamese-Text-Generator/airflow_env/lib/python3.10/site-packages/airflow/example_dags/plugins/workday.py for tasks to queue
[2024-05-23T17:01:58.828+0700] {logging_mixin.py:188} INFO - [2024-05-23T17:01:58.827+0700] {dagbag.py:540} INFO - Filling up the DagBag from /mnt/d/Programming/Vietnamese-Text-Generator/airflow_env/lib/python3.10/site-packages/airflow/example_dags/plugins/workday.py
[2024-05-23T17:01:58.857+0700] {processor.py:842} WARNING - No viable dags retrieved from /mnt/d/Programming/Vietnamese-Text-Generator/airflow_env/lib/python3.10/site-packages/airflow/example_dags/plugins/workday.py
[2024-05-23T17:01:58.878+0700] {processor.py:183} INFO - Processing /mnt/d/Programming/Vietnamese-Text-Generator/airflow_env/lib/python3.10/site-packages/airflow/example_dags/plugins/workday.py took 0.068 seconds
[2024-05-23T17:02:34.604+0700] {processor.py:161} INFO - Started process (PID=24437) to work on /mnt/d/Programming/Vietnamese-Text-Generator/airflow_env/lib/python3.10/site-packages/airflow/example_dags/plugins/workday.py
[2024-05-23T17:02:34.606+0700] {processor.py:830} INFO - Processing file /mnt/d/Programming/Vietnamese-Text-Generator/airflow_env/lib/python3.10/site-packages/airflow/example_dags/plugins/workday.py for tasks to queue
[2024-05-23T17:02:34.608+0700] {logging_mixin.py:188} INFO - [2024-05-23T17:02:34.607+0700] {dagbag.py:540} INFO - Filling up the DagBag from /mnt/d/Programming/Vietnamese-Text-Generator/airflow_env/lib/python3.10/site-packages/airflow/example_dags/plugins/workday.py
[2024-05-23T17:02:34.630+0700] {processor.py:842} WARNING - No viable dags retrieved from /mnt/d/Programming/Vietnamese-Text-Generator/airflow_env/lib/python3.10/site-packages/airflow/example_dags/plugins/workday.py
[2024-05-23T17:02:34.650+0700] {processor.py:183} INFO - Processing /mnt/d/Programming/Vietnamese-Text-Generator/airflow_env/lib/python3.10/site-packages/airflow/example_dags/plugins/workday.py took 0.058 seconds
[2024-05-23T17:03:10.361+0700] {processor.py:161} INFO - Started process (PID=24603) to work on /mnt/d/Programming/Vietnamese-Text-Generator/airflow_env/lib/python3.10/site-packages/airflow/example_dags/plugins/workday.py
[2024-05-23T17:03:10.363+0700] {processor.py:830} INFO - Processing file /mnt/d/Programming/Vietnamese-Text-Generator/airflow_env/lib/python3.10/site-packages/airflow/example_dags/plugins/workday.py for tasks to queue
[2024-05-23T17:03:10.366+0700] {logging_mixin.py:188} INFO - [2024-05-23T17:03:10.365+0700] {dagbag.py:540} INFO - Filling up the DagBag from /mnt/d/Programming/Vietnamese-Text-Generator/airflow_env/lib/python3.10/site-packages/airflow/example_dags/plugins/workday.py
[2024-05-23T17:03:10.390+0700] {processor.py:842} WARNING - No viable dags retrieved from /mnt/d/Programming/Vietnamese-Text-Generator/airflow_env/lib/python3.10/site-packages/airflow/example_dags/plugins/workday.py
[2024-05-23T17:03:10.410+0700] {processor.py:183} INFO - Processing /mnt/d/Programming/Vietnamese-Text-Generator/airflow_env/lib/python3.10/site-packages/airflow/example_dags/plugins/workday.py took 0.060 seconds
[2024-05-23T17:03:44.542+0700] {processor.py:161} INFO - Started process (PID=24762) to work on /mnt/d/Programming/Vietnamese-Text-Generator/airflow_env/lib/python3.10/site-packages/airflow/example_dags/plugins/workday.py
[2024-05-23T17:03:44.543+0700] {processor.py:830} INFO - Processing file /mnt/d/Programming/Vietnamese-Text-Generator/airflow_env/lib/python3.10/site-packages/airflow/example_dags/plugins/workday.py for tasks to queue
[2024-05-23T17:03:44.545+0700] {logging_mixin.py:188} INFO - [2024-05-23T17:03:44.544+0700] {dagbag.py:540} INFO - Filling up the DagBag from /mnt/d/Programming/Vietnamese-Text-Generator/airflow_env/lib/python3.10/site-packages/airflow/example_dags/plugins/workday.py
[2024-05-23T17:03:44.575+0700] {processor.py:842} WARNING - No viable dags retrieved from /mnt/d/Programming/Vietnamese-Text-Generator/airflow_env/lib/python3.10/site-packages/airflow/example_dags/plugins/workday.py
[2024-05-23T17:03:44.597+0700] {processor.py:183} INFO - Processing /mnt/d/Programming/Vietnamese-Text-Generator/airflow_env/lib/python3.10/site-packages/airflow/example_dags/plugins/workday.py took 0.068 seconds
[2024-05-23T17:04:19.191+0700] {processor.py:161} INFO - Started process (PID=24922) to work on /mnt/d/Programming/Vietnamese-Text-Generator/airflow_env/lib/python3.10/site-packages/airflow/example_dags/plugins/workday.py
[2024-05-23T17:04:19.192+0700] {processor.py:830} INFO - Processing file /mnt/d/Programming/Vietnamese-Text-Generator/airflow_env/lib/python3.10/site-packages/airflow/example_dags/plugins/workday.py for tasks to queue
[2024-05-23T17:04:19.194+0700] {logging_mixin.py:188} INFO - [2024-05-23T17:04:19.193+0700] {dagbag.py:540} INFO - Filling up the DagBag from /mnt/d/Programming/Vietnamese-Text-Generator/airflow_env/lib/python3.10/site-packages/airflow/example_dags/plugins/workday.py
[2024-05-23T17:04:19.217+0700] {processor.py:842} WARNING - No viable dags retrieved from /mnt/d/Programming/Vietnamese-Text-Generator/airflow_env/lib/python3.10/site-packages/airflow/example_dags/plugins/workday.py
[2024-05-23T17:04:19.242+0700] {processor.py:183} INFO - Processing /mnt/d/Programming/Vietnamese-Text-Generator/airflow_env/lib/python3.10/site-packages/airflow/example_dags/plugins/workday.py took 0.064 seconds
[2024-05-23T17:04:54.326+0700] {processor.py:161} INFO - Started process (PID=25086) to work on /mnt/d/Programming/Vietnamese-Text-Generator/airflow_env/lib/python3.10/site-packages/airflow/example_dags/plugins/workday.py
[2024-05-23T17:04:54.328+0700] {processor.py:830} INFO - Processing file /mnt/d/Programming/Vietnamese-Text-Generator/airflow_env/lib/python3.10/site-packages/airflow/example_dags/plugins/workday.py for tasks to queue
[2024-05-23T17:04:54.331+0700] {logging_mixin.py:188} INFO - [2024-05-23T17:04:54.330+0700] {dagbag.py:540} INFO - Filling up the DagBag from /mnt/d/Programming/Vietnamese-Text-Generator/airflow_env/lib/python3.10/site-packages/airflow/example_dags/plugins/workday.py
[2024-05-23T17:04:54.354+0700] {processor.py:842} WARNING - No viable dags retrieved from /mnt/d/Programming/Vietnamese-Text-Generator/airflow_env/lib/python3.10/site-packages/airflow/example_dags/plugins/workday.py
[2024-05-23T17:04:54.373+0700] {processor.py:183} INFO - Processing /mnt/d/Programming/Vietnamese-Text-Generator/airflow_env/lib/python3.10/site-packages/airflow/example_dags/plugins/workday.py took 0.059 seconds
